<?xml version="1.0" encoding="UTF-8"?>
<testsuite errors="0" failures="0" hostname="ubuntu-pc" name="org.ros.rosjava_geometry.Vector3Test" tests="5" time="0.087" timestamp="2013-04-04T10:33:39">
  <properties />
  <testcase classname="org.ros.rosjava_geometry.Vector3Test" name="testAdd" time="0.004" />
  <testcase classname="org.ros.rosjava_geometry.Vector3Test" name="testSubtract" time="0.0" />
  <testcase classname="org.ros.rosjava_geometry.Vector3Test" name="testInvert" time="0.0" />
  <testcase classname="org.ros.rosjava_geometry.Vector3Test" name="testDotProduct" time="0.0" />
  <testcase classname="org.ros.rosjava_geometry.Vector3Test" name="testLength" time="0.0" />
  <system-out><![CDATA[]]></system-out>
  <system-err><![CDATA[]]></system-err>
</testsuite>
