<?xml version="1.0" encoding="UTF-8"?>
<testsuite errors="0" failures="0" hostname="ubuntu-pc" name="org.ros.rosjava_geometry.FrameTransformTreeTest" tests="9" time="0.183" timestamp="2013-04-04T10:33:39">
  <properties />
  <testcase classname="org.ros.rosjava_geometry.FrameTransformTreeTest" name="testUpdateAndGet" time="0.029" />
  <testcase classname="org.ros.rosjava_geometry.FrameTransformTreeTest" name="testUpdateAndGetWithTransformStampedMessage" time="0.068" />
  <testcase classname="org.ros.rosjava_geometry.FrameTransformTreeTest" name="testIdentityTransforms" time="0.008" />
  <testcase classname="org.ros.rosjava_geometry.FrameTransformTreeTest" name="testTransformBazToRoot" time="0.008" />
  <testcase classname="org.ros.rosjava_geometry.FrameTransformTreeTest" name="testTransformBazToFoo" time="0.006" />
  <testcase classname="org.ros.rosjava_geometry.FrameTransformTreeTest" name="testTransformFuzToRoot" time="0.009" />
  <testcase classname="org.ros.rosjava_geometry.FrameTransformTreeTest" name="testTransformFuzToFoo" time="0.009" />
  <testcase classname="org.ros.rosjava_geometry.FrameTransformTreeTest" name="testTransformBazToFuz" time="0.01" />
  <testcase classname="org.ros.rosjava_geometry.FrameTransformTreeTest" name="testTimeTravel" time="0.005" />
  <system-out><![CDATA[]]></system-out>
  <system-err><![CDATA[]]></system-err>
</testsuite>
