<?xml version="1.0" encoding="UTF-8"?>
<testsuite errors="0" failures="0" hostname="ubuntu-pc" name="org.ros.address.AddressTest" tests="3" time="0.004" timestamp="2013-04-04T10:33:22">
  <properties />
  <testcase classname="org.ros.address.AddressTest" name="testPublicIpv4" time="0.0" />
  <testcase classname="org.ros.address.AddressTest" name="testLocalhost" time="0.0" />
  <testcase classname="org.ros.address.AddressTest" name="testLoopback" time="0.0" />
  <system-out><![CDATA[]]></system-out>
  <system-err><![CDATA[]]></system-err>
</testsuite>
