<?xml version="1.0" encoding="UTF-8"?>
<testsuite errors="0" failures="0" hostname="ubuntu-pc" name="org.ros.internal.transport.MessageQueueIntegrationTest" tests="5" time="0.207" timestamp="2013-04-04T10:33:28">
  <properties />
  <testcase classname="org.ros.internal.transport.MessageQueueIntegrationTest" name="testSendAfterOutgoingQueueShutdown" time="0.026" />
  <testcase classname="org.ros.internal.transport.MessageQueueIntegrationTest" name="testSendAndReceiveMessage" time="0.107" />
  <testcase classname="org.ros.internal.transport.MessageQueueIntegrationTest" name="testSendAndReceiveLatchedMessage" time="0.039" />
  <testcase classname="org.ros.internal.transport.MessageQueueIntegrationTest" name="testSendAfterIncomingQueueShutdown" time="0.016" />
  <testcase classname="org.ros.internal.transport.MessageQueueIntegrationTest" name="testSendAfterServerChannelClosed" time="0.01" />
  <system-out><![CDATA[]]></system-out>
  <system-err><![CDATA[abr 04, 2013 12:33:28 PM org.jboss.netty.channel.socket.nio.NioServerSocketPipelineSink
WARNING: Failed to initialize an accepted socket.
java.util.concurrent.RejectedExecutionException: Task org.jboss.netty.util.internal.DeadLockProofWorker$1@1053e8f rejected from java.util.concurrent.ThreadPoolExecutor@14e280a[Shutting down, pool size = 7, active threads = 7, queued tasks = 0, completed tasks = 0]
	at java.util.concurrent.ThreadPoolExecutor$AbortPolicy.rejectedExecution(ThreadPoolExecutor.java:2048)
	at java.util.concurrent.ThreadPoolExecutor.reject(ThreadPoolExecutor.java:821)
	at java.util.concurrent.ThreadPoolExecutor.execute(ThreadPoolExecutor.java:1372)
	at org.jboss.netty.channel.socket.nio.AbstractNioWorker.start(AbstractNioWorker.java:169)
	at org.jboss.netty.channel.socket.nio.AbstractNioWorker.register(AbstractNioWorker.java:139)
	at org.jboss.netty.channel.socket.nio.NioServerSocketPipelineSink$Boss.registerAcceptedChannel(NioServerSocketPipelineSink.java:277)
	at org.jboss.netty.channel.socket.nio.NioServerSocketPipelineSink$Boss.run(NioServerSocketPipelineSink.java:239)
	at java.util.concurrent.ThreadPoolExecutor.runWorker(ThreadPoolExecutor.java:1145)
	at java.util.concurrent.ThreadPoolExecutor$Worker.run(ThreadPoolExecutor.java:615)
	at java.lang.Thread.run(Thread.java:722)

abr 04, 2013 12:33:28 PM org.ros.internal.transport.queue.OutgoingMessageQueue addChannel
WARNING: Failed to add channel. Cannot add channels after shutdown.
]]></system-err>
</testsuite>
