<?xml version="1.0" encoding="UTF-8"?>
<testsuite errors="0" failures="0" hostname="ubuntu-pc" name="org.ros.internal.node.MasterSlaveIntegrationTest" tests="2" time="0.03" timestamp="2013-04-04T10:33:28">
  <properties />
  <testcase classname="org.ros.internal.node.MasterSlaveIntegrationTest" name="testGetMasterUri" time="0.009" />
  <testcase classname="org.ros.internal.node.MasterSlaveIntegrationTest" name="testGetPid" time="0.019" />
  <system-out><![CDATA[]]></system-out>
  <system-err><![CDATA[]]></system-err>
</testsuite>
