<?xml version="1.0" encoding="UTF-8"?>
<testsuite errors="0" failures="0" hostname="ubuntu-pc" name="org.ros.internal.message.MessageSerializationTest" tests="17" time="0.274" timestamp="2013-04-04T10:33:29">
  <properties />
  <testcase classname="org.ros.internal.message.MessageSerializationTest" name="testInt32" time="0.003" />
  <testcase classname="org.ros.internal.message.MessageSerializationTest" name="testUInt64" time="0.003" />
  <testcase classname="org.ros.internal.message.MessageSerializationTest" name="testFloat32" time="0.007" />
  <testcase classname="org.ros.internal.message.MessageSerializationTest" name="testFloat64" time="0.015" />
  <testcase classname="org.ros.internal.message.MessageSerializationTest" name="testString" time="0.002" />
  <testcase classname="org.ros.internal.message.MessageSerializationTest" name="testTime" time="0.005" />
  <testcase classname="org.ros.internal.message.MessageSerializationTest" name="testDuration" time="0.004" />
  <testcase classname="org.ros.internal.message.MessageSerializationTest" name="testNestedMessage" time="0.013" />
  <testcase classname="org.ros.internal.message.MessageSerializationTest" name="testNestedMessageList" time="0.007" />
  <testcase classname="org.ros.internal.message.MessageSerializationTest" name="testOdometry" time="0.143" />
  <testcase classname="org.ros.internal.message.MessageSerializationTest" name="testInt64" time="0.003" />
  <testcase classname="org.ros.internal.message.MessageSerializationTest" name="testBool" time="0.006" />
  <testcase classname="org.ros.internal.message.MessageSerializationTest" name="testInt8" time="0.006" />
  <testcase classname="org.ros.internal.message.MessageSerializationTest" name="testUint8" time="0.009" />
  <testcase classname="org.ros.internal.message.MessageSerializationTest" name="testInt16" time="0.009" />
  <testcase classname="org.ros.internal.message.MessageSerializationTest" name="testUInt16" time="0.011" />
  <testcase classname="org.ros.internal.message.MessageSerializationTest" name="testUInt32" time="0.006" />
  <system-out><![CDATA[Dumping 4 readable bytes:
0x2a 0x00 0x00 0x00 

Dumping 8 readable bytes:
0x2a 0x00 0x00 0x00 0x00 0x00 0x00 0x00    

Dumping 4 readable bytes:
0x00 0x00 0x28 0x42 

Dumping 8 readable bytes:
0x00 0x00 0x00 0x00 0x00 0x00 0x45 0x40    

Dumping 15 readable bytes:
0x0b 0x00 0x00 0x00 0x48 0x65 0x6c 0x6c    0x6f 0x2c 0x20 0x52 0x4f 0x53 0x21 

Dumping 8 readable bytes:
0x00 0x00 0x00 0x00 0x00 0x00 0x00 0x00    

Dumping 8 readable bytes:
0x00 0x00 0x00 0x00 0x00 0x00 0x00 0x00    

Dumping 15 readable bytes:
0x0b 0x00 0x00 0x00 0x48 0x65 0x6c 0x6c    0x6f 0x2c 0x20 0x52 0x4f 0x53 0x21 

Dumping 34 readable bytes:
0x02 0x00 0x00 0x00 0x0b 0x00 0x00 0x00    0x48 0x65 0x6c 0x6c 0x6f 0x2c 0x20 0x52    
0x4f 0x53 0x21 0x0b 0x00 0x00 0x00 0x48    0x65 0x6c 0x6c 0x6f 0x2c 0x20 0x52 0x4f    
0x53 0x21 

Dumping 700 readable bytes:
0x29 0x00 0x00 0x00 0x00 0x00 0x00 0x00    0x00 0x00 0x00 0x00 0x00 0x00 0x00 0x00    
0x00 0x00 0x00 0x00 0x00 0x00 0x00 0x00    0x00 0x00 0x00 0x00 0x00 0x00 0x00 0x00    
0x00 0x00 0x00 0x00 0x00 0x00 0x00 0x00    0x00 0x00 0x00 0x00 0x00 0x00 0x00 0x00    
0x00 0x00 0x00 0x00 0x00 0x00 0x00 0x00    0x00 0x00 0x00 0x00 0x00 0x00 0x00 0x00    
0x00 0x00 0x00 0x00 0x00 0x00 0x00 0x00    0x00 0x00 0x00 0x00 0x00 0x00 0x00 0x00    
0x00 0x00 0x00 0x00 0x00 0x00 0x00 0x00    0x00 0x00 0x00 0x00 0x00 0x00 0x00 0x00    
0x00 0x00 0x00 0x00 0x00 0x00 0x00 0x00    0x00 0x00 0x00 0x00 0x00 0x00 0x00 0x00    
0x00 0x00 0x00 0x00 0x00 0x00 0x00 0x00    0x00 0x00 0x00 0x00 0x00 0x00 0x00 0x00    
0x00 0x00 0x00 0x00 0x00 0x00 0x00 0x00    0x00 0x00 0x00 0x00 0x00 0x00 0x00 0x00    
0x00 0x00 0x00 0x00 0x00 0x00 0x00 0x00    0x00 0x00 0x00 0x00 0x00 0x00 0x00 0x00    
0x00 0x00 0x00 0x00 0x00 0x00 0x00 0x00    0x00 0x00 0x00 0x00 0x00 0x00 0x00 0x00    
0x00 0x00 0x00 0x00 0x00 0x00 0x00 0x00    0x00 0x00 0x00 0x00 0x00 0x00 0x00 0x00    
0x00 0x00 0x00 0x00 0x00 0x00 0x00 0x00    0x00 0x00 0x00 0x00 0x00 0x00 0x00 0x00    
0x00 0x00 0x00 0x00 0x00 0x00 0x00 0x00    0x00 0x00 0x00 0x00 0x00 0x00 0x00 0x00    
0x00 0x00 0x00 0x00 0x00 0x00 0x00 0x00    0x00 0x00 0x00 0x00 0x00 0x00 0x00 0x00    
0x00 0x00 0x00 0x00 0x00 0x00 0x00 0x00    0x00 0x00 0x00 0x00 0x00 0x00 0x00 0x00    
0x00 0x00 0x00 0x00 0x00 0x00 0x00 0x00    0x00 0x00 0x00 0x00 0x00 0x00 0x00 0x00    
0x00 0x00 0x00 0x00 0x00 0x00 0x00 0x00    0x00 0x00 0x00 0x00 0x00 0x00 0x00 0x00    
0x00 0x00 0x00 0x00 0x00 0x00 0x00 0x00    0x00 0x00 0x00 0x00 0x00 0x00 0x00 0x00    
0x00 0x00 0x00 0x00 0x00 0x00 0x00 0x00    0x00 0x00 0x00 0x00 0x00 0x00 0x00 0x00    
0x00 0x00 0x00 0x00 0x00 0x00 0x00 0x00    0x00 0x00 0x00 0x00 0x00 0x00 0x00 0x00    
0x00 0x00 0x00 0x00 0x00 0x00 0x00 0x00    0x00 0x00 0x00 0x00 0x00 0x00 0x00 0x00    
0x00 0x00 0x00 0x00 0x00 0x00 0x00 0x00    0x00 0x00 0x00 0x00 0x00 0x00 0x00 0x00    
0x00 0x00 0x00 0x00 0x00 0x00 0x00 0x00    0x00 0x00 0x00 0x00 0x00 0x00 0x00 0x00    
0x00 0x00 0x00 0x00 0x00 0x00 0x00 0x00    0x00 0x00 0x00 0x00 0x00 0x00 0x00 0x00    
0x00 0x00 0x00 0x00 0x00 0x00 0x00 0x00    0x00 0x00 0x00 0x00 0x00 0x00 0x00 0x00    
0x00 0x00 0x00 0x00 0x00 0x00 0x00 0x00    0x00 0x00 0x00 0x00 0x00 0x00 0x00 0x00    
0x00 0x00 0x00 0x00 0x00 0x00 0x00 0x00    0x00 0x00 0x00 0x00 0x00 0x00 0x00 0x00    
0x00 0x00 0x00 0x00 0x00 0x00 0x00 0x00    0x00 0x00 0x00 0x00 0x00 0x00 0x00 0x00    
0x00 0x00 0x00 0x00 0x00 0x00 0x00 0x00    0x00 0x00 0x00 0x00 0x00 0x00 0x00 0x00    
0x00 0x00 0x00 0x00 0x00 0x00 0x00 0x00    0x00 0x00 0x00 0x00 0x00 0x00 0x00 0x00    
0x00 0x00 0x00 0x00 0x00 0x00 0x00 0x00    0x00 0x00 0x00 0x00 0x00 0x00 0x00 0x00    
0x00 0x00 0x00 0x00 0x00 0x00 0x00 0x00    0x00 0x00 0x00 0x00 0x00 0x00 0x00 0x00    
0x00 0x00 0x00 0x00 0x00 0x00 0x00 0x00    0x00 0x00 0x00 0x00 0x00 0x00 0x00 0x00    
0x00 0x00 0x00 0x00 0x00 0x00 0x00 0x00    0x00 0x00 0x00 0x00 0x00 0x00 0x00 0x00    
0x00 0x00 0x00 0x00 0x00 0x00 0x00 0x00    0x00 0x00 0x00 0x00 0x00 0x00 0x00 0x00    
0x00 0x00 0x00 0x00 0x00 0x00 0x00 0x00    0x00 0x00 0x00 0x00 0x00 0x00 0x00 0x00    
0x00 0x00 0x00 0x00 0x00 0x00 0x00 0x00    0x00 0x00 0x00 0x00 0x00 0x00 0x00 0x00    
0x00 0x00 0x00 0x00 0x00 0x00 0x00 0x00    0x00 0x00 0x00 0x00 0x00 0x00 0x00 0x00    
0x00 0x00 0x00 0x00 0x00 0x00 0x00 0x00    0x00 0x00 0x00 0x00 0x00 0x00 0x00 0x00    
0x00 0x00 0x00 0x00 0x00 0x00 0x00 0x00    0x00 0x00 0x00 0x00 0x00 0x00 0x00 0x00    
0x00 0x00 0x00 0x00 0x00 0x00 0x00 0x00    0x00 0x00 0x00 0x00 0x00 0x00 0x00 0x00    
0x00 0x00 0x00 0x00 0x00 0x00 0x00 0x00    0x00 0x00 0x00 0x00 0x00 0x00 0x00 0x00    
0x00 0x00 0x00 0x00 0x00 0x00 0x00 0x00    0x00 0x00 0x00 0x00 

Dumping 700 readable bytes:
0x29 0x00 0x00 0x00 0x00 0x00 0x00 0x00    0x00 0x00 0x00 0x00 0x00 0x00 0x00 0x00    
0x00 0x00 0x00 0x00 0x00 0x00 0x00 0x00    0x00 0x00 0x00 0x00 0x00 0x00 0x00 0x00    
0x00 0x00 0x00 0x00 0x00 0x00 0x00 0x00    0x00 0x00 0x00 0x00 0x00 0x00 0x00 0x00    
0x00 0x00 0x00 0x00 0x00 0x00 0x00 0x00    0x00 0x00 0x00 0x00 0x00 0x00 0x00 0x00    
0x00 0x00 0x00 0x00 0x00 0x00 0x00 0x00    0x00 0x00 0x00 0x00 0x00 0x00 0x00 0x00    
0x00 0x00 0x00 0x00 0x00 0x00 0x00 0x00    0x00 0x00 0x00 0x00 0x00 0x00 0x00 0x00    
0x00 0x00 0x00 0x00 0x00 0x00 0x00 0x00    0x00 0x00 0x00 0x00 0x00 0x00 0x00 0x00    
0x00 0x00 0x00 0x00 0x00 0x00 0x00 0x00    0x00 0x00 0x00 0x00 0x00 0x00 0x00 0x00    
0x00 0x00 0x00 0x00 0x00 0x00 0x00 0x00    0x00 0x00 0x00 0x00 0x00 0x00 0x00 0x00    
0x00 0x00 0x00 0x00 0x00 0x00 0x00 0x00    0x00 0x00 0x00 0x00 0x00 0x00 0x00 0x00    
0x00 0x00 0x00 0x00 0x00 0x00 0x00 0x00    0x00 0x00 0x00 0x00 0x00 0x00 0x00 0x00    
0x00 0x00 0x00 0x00 0x00 0x00 0x00 0x00    0x00 0x00 0x00 0x00 0x00 0x00 0x00 0x00    
0x00 0x00 0x00 0x00 0x00 0x00 0x00 0x00    0x00 0x00 0x00 0x00 0x00 0x00 0x00 0x00    
0x00 0x00 0x00 0x00 0x00 0x00 0x00 0x00    0x00 0x00 0x00 0x00 0x00 0x00 0x00 0x00    
0x00 0x00 0x00 0x00 0x00 0x00 0x00 0x00    0x00 0x00 0x00 0x00 0x00 0x00 0x00 0x00    
0x00 0x00 0x00 0x00 0x00 0x00 0x00 0x00    0x00 0x00 0x00 0x00 0x00 0x00 0x00 0x00    
0x00 0x00 0x00 0x00 0x00 0x00 0x00 0x00    0x00 0x00 0x00 0x00 0x00 0x00 0x00 0x00    
0x00 0x00 0x00 0x00 0x00 0x00 0x00 0x00    0x00 0x00 0x00 0x00 0x00 0x00 0x00 0x00    
0x00 0x00 0x00 0x00 0x00 0x00 0x00 0x00    0x00 0x00 0x00 0x00 0x00 0x00 0x00 0x00    
0x00 0x00 0x00 0x00 0x00 0x00 0x00 0x00    0x00 0x00 0x00 0x00 0x00 0x00 0x00 0x00    
0x00 0x00 0x00 0x00 0x00 0x00 0x00 0x00    0x00 0x00 0x00 0x00 0x00 0x00 0x00 0x00    
0x00 0x00 0x00 0x00 0x00 0x00 0x00 0x00    0x00 0x00 0x00 0x00 0x00 0x00 0x00 0x00    
0x00 0x00 0x00 0x00 0x00 0x00 0x00 0x00    0x00 0x00 0x00 0x00 0x00 0x00 0x00 0x00    
0x00 0x00 0x00 0x00 0x00 0x00 0x00 0x00    0x00 0x00 0x00 0x00 0x00 0x00 0x00 0x00    
0x00 0x00 0x00 0x00 0x00 0x00 0x00 0x00    0x00 0x00 0x00 0x00 0x00 0x00 0x00 0x00    
0x00 0x00 0x00 0x00 0x00 0x00 0x00 0x00    0x00 0x00 0x00 0x00 0x00 0x00 0x00 0x00    
0x00 0x00 0x00 0x00 0x00 0x00 0x00 0x00    0x00 0x00 0x00 0x00 0x00 0x00 0x00 0x00    
0x00 0x00 0x00 0x00 0x00 0x00 0x00 0x00    0x00 0x00 0x00 0x00 0x00 0x00 0x00 0x00    
0x00 0x00 0x00 0x00 0x00 0x00 0x00 0x00    0x00 0x00 0x00 0x00 0x00 0x00 0x00 0x00    
0x00 0x00 0x00 0x00 0x00 0x00 0x00 0x00    0x00 0x00 0x00 0x00 0x00 0x00 0x00 0x00    
0x00 0x00 0x00 0x00 0x00 0x00 0x00 0x00    0x00 0x00 0x00 0x00 0x00 0x00 0x00 0x00    
0x00 0x00 0x00 0x00 0x00 0x00 0x00 0x00    0x00 0x00 0x00 0x00 0x00 0x00 0x00 0x00    
0x00 0x00 0x00 0x00 0x00 0x00 0x00 0x00    0x00 0x00 0x00 0x00 0x00 0x00 0x00 0x00    
0x00 0x00 0x00 0x00 0x00 0x00 0x00 0x00    0x00 0x00 0x00 0x00 0x00 0x00 0x00 0x00    
0x00 0x00 0x00 0x00 0x00 0x00 0x00 0x00    0x00 0x00 0x00 0x00 0x00 0x00 0x00 0x00    
0x00 0x00 0x00 0x00 0x00 0x00 0x00 0x00    0x00 0x00 0x00 0x00 0x00 0x00 0x00 0x00    
0x00 0x00 0x00 0x00 0x00 0x00 0x00 0x00    0x00 0x00 0x00 0x00 0x00 0x00 0x00 0x00    
0x00 0x00 0x00 0x00 0x00 0x00 0x00 0x00    0x00 0x00 0x00 0x00 0x00 0x00 0x00 0x00    
0x00 0x00 0x00 0x00 0x00 0x00 0x00 0x00    0x00 0x00 0x00 0x00 0x00 0x00 0x00 0x00    
0x00 0x00 0x00 0x00 0x00 0x00 0x00 0x00    0x00 0x00 0x00 0x00 0x00 0x00 0x00 0x00    
0x00 0x00 0x00 0x00 0x00 0x00 0x00 0x00    0x00 0x00 0x00 0x00 0x00 0x00 0x00 0x00    
0x00 0x00 0x00 0x00 0x00 0x00 0x00 0x00    0x00 0x00 0x00 0x00 0x00 0x00 0x00 0x00    
0x00 0x00 0x00 0x00 0x00 0x00 0x00 0x00    0x00 0x00 0x00 0x00 0x00 0x00 0x00 0x00    
0x00 0x00 0x00 0x00 0x00 0x00 0x00 0x00    0x00 0x00 0x00 0x00 

Dumping 8 readable bytes:
0x2a 0x00 0x00 0x00 0x00 0x00 0x00 0x00    

Dumping 1 readable bytes:
0x01 

Dumping 1 readable bytes:
0x00 

Dumping 1 readable bytes:
0x2a 

Dumping 1 readable bytes:
0x2a 

Dumping 2 readable bytes:
0x2a 0x00 

Dumping 2 readable bytes:
0x2a 0x00 

Dumping 4 readable bytes:
0x2a 0x00 0x00 0x00 

]]></system-out>
  <system-err><![CDATA[]]></system-err>
</testsuite>
