<?xml version="1.0" encoding="UTF-8"?>
<testsuite errors="0" failures="0" hostname="ubuntu-pc" name="org.ros.time.RemoteUptimeClockTest" tests="4" time="20.864" timestamp="2013-04-04T10:32:59">
  <properties />
  <testcase classname="org.ros.time.RemoteUptimeClockTest" name="testUnityDrift" time="11.458" />
  <testcase classname="org.ros.time.RemoteUptimeClockTest" name="testDrift" time="9.369" />
  <testcase classname="org.ros.time.RemoteUptimeClockTest" name="testConvergence" time="0.02" />
  <testcase classname="org.ros.time.RemoteUptimeClockTest" name="testConvergenceSensitivity" time="0.012" />
  <system-out><![CDATA[]]></system-out>
  <system-err><![CDATA[abr 04, 2013 12:32:59 PM org.ros.time.RemoteUptimeClock calibrate
INFO: Starting calibration...
abr 04, 2013 12:32:59 PM org.ros.time.RemoteUptimeClock calibrate
INFO: Calibration complete. Drift: 1,000, Offset: -3,5000 s
abr 04, 2013 12:32:59 PM org.ros.time.RemoteUptimeClock update
INFO: Latency: 7,0000 s, Delta ratio: 1,0000, Drift: 1,000, Error reduction coefficient: 0,000, Error: 0,0000 s
abr 04, 2013 12:32:59 PM org.ros.time.RemoteUptimeClock update
INFO: Latency: 7,0000 s, Delta ratio: 1,0000, Drift: 1,000, Error reduction coefficient: 0,000, Error: 0,0000 s
abr 04, 2013 12:32:59 PM org.ros.time.RemoteUptimeClock update
INFO: Latency: 7,0000 s, Delta ratio: 1,0000, Drift: 1,000, Error reduction coefficient: 0,000, Error: 0,0000 s
abr 04, 2013 12:32:59 PM org.ros.time.RemoteUptimeClock update
INFO: Latency: 7,0000 s, Delta ratio: 1,0000, Drift: 1,000, Error reduction coefficient: 0,000, Error: 0,0000 s
abr 04, 2013 12:32:59 PM org.ros.time.RemoteUptimeClock update
INFO: Latency: 7,0000 s, Delta ratio: 1,0000, Drift: 1,000, Error reduction coefficient: 0,000, Error: 0,0000 s
abr 04, 2013 12:32:59 PM org.ros.time.RemoteUptimeClock update
INFO: Latency: 7,0000 s, Delta ratio: 1,0000, Drift: 1,000, Error reduction coefficient: 0,000, Error: 0,0000 s
abr 04, 2013 12:32:59 PM org.ros.time.RemoteUptimeClock update
INFO: Latency: 7,0000 s, Delta ratio: 1,0000, Drift: 1,000, Error reduction coefficient: 0,000, Error: 0,0000 s
abr 04, 2013 12:32:59 PM org.ros.time.RemoteUptimeClock update
INFO: Latency: 7,0000 s, Delta ratio: 1,0000, Drift: 1,000, Error reduction coefficient: 0,000, Error: 0,0000 s
abr 04, 2013 12:32:59 PM org.ros.time.RemoteUptimeClock update
INFO: Latency: 7,0000 s, Delta ratio: 1,0000, Drift: 1,000, Error reduction coefficient: 0,000, Error: 0,0000 s
abr 04, 2013 12:32:59 PM org.ros.time.RemoteUptimeClock update
INFO: Latency: 7,0000 s, Delta ratio: 1,0000, Drift: 1,000, Error reduction coefficient: 0,000, Error: 0,0000 s
abr 04, 2013 12:32:59 PM org.ros.time.RemoteUptimeClock update
INFO: Latency: 7,0000 s, Delta ratio: 1,0000, Drift: 1,000, Error reduction coefficient: 0,000, Error: 0,0000 s
abr 04, 2013 12:32:59 PM org.ros.time.RemoteUptimeClock update
INFO: Latency: 7,0000 s, Delta ratio: 1,0000, Drift: 1,000, Error reduction coefficient: 0,000, Error: 0,0000 s
abr 04, 2013 12:32:59 PM org.ros.time.RemoteUptimeClock update
INFO: Latency: 7,0000 s, Delta ratio: 1,0000, Drift: 1,000, Error reduction coefficient: 0,000, Error: 0,0000 s
abr 04, 2013 12:32:59 PM org.ros.time.RemoteUptimeClock update
INFO: Latency: 7,0000 s, Delta ratio: 1,0000, Drift: 1,000, Error reduction coefficient: 0,000, Error: 0,0000 s
abr 04, 2013 12:32:59 PM org.ros.time.RemoteUptimeClock update
INFO: Latency: 7,0000 s, Delta ratio: 1,0000, Drift: 1,000, Error reduction coefficient: 0,000, Error: 0,0000 s
abr 04, 2013 12:32:59 PM org.ros.time.RemoteUptimeClock update
INFO: Latency: 7,0000 s, Delta ratio: 1,0000, Drift: 1,000, Error reduction coefficient: 0,000, Error: 0,0000 s
abr 04, 2013 12:32:59 PM org.ros.time.RemoteUptimeClock update
INFO: Latency: 7,0000 s, Delta ratio: 1,0000, Drift: 1,000, Error reduction coefficient: 0,000, Error: 0,0000 s
abr 04, 2013 12:32:59 PM org.ros.time.RemoteUptimeClock update
INFO: Latency: 7,0000 s, Delta ratio: 1,0000, Drift: 1,000, Error reduction coefficient: 0,000, Error: 0,0000 s
abr 04, 2013 12:32:59 PM org.ros.time.RemoteUptimeClock update
INFO: Latency: 7,0000 s, Delta ratio: 1,0000, Drift: 1,000, Error reduction coefficient: 0,000, Error: 0,0000 s
abr 04, 2013 12:32:59 PM org.ros.time.RemoteUptimeClock update
INFO: Latency: 7,0000 s, Delta ratio: 1,0000, Drift: 1,000, Error reduction coefficient: 0,000, Error: 0,0000 s
abr 04, 2013 12:32:59 PM org.ros.time.RemoteUptimeClock update
INFO: Latency: 7,0000 s, Delta ratio: 1,0000, Drift: 1,000, Error reduction coefficient: 0,000, Error: 0,0000 s
abr 04, 2013 12:32:59 PM org.ros.time.RemoteUptimeClock update
INFO: Latency: 7,0000 s, Delta ratio: 1,0000, Drift: 1,000, Error reduction coefficient: 0,000, Error: 0,0000 s
abr 04, 2013 12:32:59 PM org.ros.time.RemoteUptimeClock update
INFO: Latency: 7,0000 s, Delta ratio: 1,0000, Drift: 1,000, Error reduction coefficient: 0,000, Error: 0,0000 s
abr 04, 2013 12:32:59 PM org.ros.time.RemoteUptimeClock update
INFO: Latency: 7,0000 s, Delta ratio: 1,0000, Drift: 1,000, Error reduction coefficient: 0,000, Error: 0,0000 s
abr 04, 2013 12:32:59 PM org.ros.time.RemoteUptimeClock update
INFO: Latency: 7,0000 s, Delta ratio: 1,0000, Drift: 1,000, Error reduction coefficient: 0,000, Error: 0,0000 s
abr 04, 2013 12:32:59 PM org.ros.time.RemoteUptimeClock update
INFO: Latency: 7,0000 s, Delta ratio: 1,0000, Drift: 1,000, Error reduction coefficient: 0,000, Error: 0,0000 s
abr 04, 2013 12:32:59 PM org.ros.time.RemoteUptimeClock update
INFO: Latency: 7,0000 s, Delta ratio: 1,0000, Drift: 1,000, Error reduction coefficient: 0,000, Error: 0,0000 s
abr 04, 2013 12:32:59 PM org.ros.time.RemoteUptimeClock update
INFO: Latency: 7,0000 s, Delta ratio: 1,0000, Drift: 1,000, Error reduction coefficient: 0,000, Error: 0,0000 s
abr 04, 2013 12:32:59 PM org.ros.time.RemoteUptimeClock update
INFO: Latency: 7,0000 s, Delta ratio: 1,0000, Drift: 1,000, Error reduction coefficient: 0,000, Error: 0,0000 s
abr 04, 2013 12:32:59 PM org.ros.time.RemoteUptimeClock update
INFO: Latency: 7,0000 s, Delta ratio: 1,0000, Drift: 1,000, Error reduction coefficient: 0,000, Error: 0,0000 s
abr 04, 2013 12:32:59 PM org.ros.time.RemoteUptimeClock update
INFO: Latency: 7,0000 s, Delta ratio: 1,0000, Drift: 1,000, Error reduction coefficient: 0,000, Error: 0,0000 s
abr 04, 2013 12:32:59 PM org.ros.time.RemoteUptimeClock update
INFO: Latency: 7,0000 s, Delta ratio: 1,0000, Drift: 1,000, Error reduction coefficient: 0,000, Error: 0,0000 s
abr 04, 2013 12:32:59 PM org.ros.time.RemoteUptimeClock update
INFO: Latency: 7,0000 s, Delta ratio: 1,0000, Drift: 1,000, Error reduction coefficient: 0,000, Error: 0,0000 s
abr 04, 2013 12:32:59 PM org.ros.time.RemoteUptimeClock update
INFO: Latency: 7,0000 s, Delta ratio: 1,0000, Drift: 1,000, Error reduction coefficient: 0,000, Error: 0,0000 s
abr 04, 2013 12:32:59 PM org.ros.time.RemoteUptimeClock update
INFO: Latency: 7,0000 s, Delta ratio: 1,0000, Drift: 1,000, Error reduction coefficient: 0,000, Error: 0,0000 s
abr 04, 2013 12:32:59 PM org.ros.time.RemoteUptimeClock update
INFO: Latency: 7,0000 s, Delta ratio: 1,0000, Drift: 1,000, Error reduction coefficient: 0,000, Error: 0,0000 s
abr 04, 2013 12:32:59 PM org.ros.time.RemoteUptimeClock update
INFO: Latency: 7,0000 s, Delta ratio: 1,0000, Drift: 1,000, Error reduction coefficient: 0,000, Error: 0,0000 s
abr 04, 2013 12:32:59 PM org.ros.time.RemoteUptimeClock update
INFO: Latency: 7,0000 s, Delta ratio: 1,0000, Drift: 1,000, Error reduction coefficient: 0,000, Error: 0,0000 s
abr 04, 2013 12:32:59 PM org.ros.time.RemoteUptimeClock update
INFO: Latency: 7,0000 s, Delta ratio: 1,0000, Drift: 1,000, Error reduction coefficient: 0,000, Error: 0,0000 s
abr 04, 2013 12:32:59 PM org.ros.time.RemoteUptimeClock update
INFO: Latency: 7,0000 s, Delta ratio: 1,0000, Drift: 1,000, Error reduction coefficient: 0,000, Error: 0,0000 s
abr 04, 2013 12:32:59 PM org.ros.time.RemoteUptimeClock update
INFO: Latency: 7,0000 s, Delta ratio: 1,0000, Drift: 1,000, Error reduction coefficient: 0,000, Error: 0,0000 s
abr 04, 2013 12:32:59 PM org.ros.time.RemoteUptimeClock update
INFO: Latency: 7,0000 s, Delta ratio: 1,0000, Drift: 1,000, Error reduction coefficient: 0,000, Error: 0,0000 s
abr 04, 2013 12:32:59 PM org.ros.time.RemoteUptimeClock update
INFO: Latency: 7,0000 s, Delta ratio: 1,0000, Drift: 1,000, Error reduction coefficient: 0,000, Error: 0,0000 s
abr 04, 2013 12:32:59 PM org.ros.time.RemoteUptimeClock update
INFO: Latency: 7,0000 s, Delta ratio: 1,0000, Drift: 1,000, Error reduction coefficient: 0,000, Error: 0,0000 s
abr 04, 2013 12:32:59 PM org.ros.time.RemoteUptimeClock update
INFO: Latency: 7,0000 s, Delta ratio: 1,0000, Drift: 1,000, Error reduction coefficient: 0,000, Error: 0,0000 s
abr 04, 2013 12:32:59 PM org.ros.time.RemoteUptimeClock update
INFO: Latency: 7,0000 s, Delta ratio: 1,0000, Drift: 1,000, Error reduction coefficient: 0,000, Error: 0,0000 s
abr 04, 2013 12:32:59 PM org.ros.time.RemoteUptimeClock update
INFO: Latency: 7,0000 s, Delta ratio: 1,0000, Drift: 1,000, Error reduction coefficient: 0,000, Error: 0,0000 s
abr 04, 2013 12:32:59 PM org.ros.time.RemoteUptimeClock update
INFO: Latency: 7,0000 s, Delta ratio: 1,0000, Drift: 1,000, Error reduction coefficient: 0,000, Error: 0,0000 s
abr 04, 2013 12:32:59 PM org.ros.time.RemoteUptimeClock update
INFO: Latency: 7,0000 s, Delta ratio: 1,0000, Drift: 1,000, Error reduction coefficient: 0,000, Error: 0,0000 s
abr 04, 2013 12:32:59 PM org.ros.time.RemoteUptimeClock update
INFO: Latency: 7,0000 s, Delta ratio: 1,0000, Drift: 1,000, Error reduction coefficient: 0,000, Error: 0,0000 s
abr 04, 2013 12:32:59 PM org.ros.time.RemoteUptimeClock update
INFO: Latency: 7,0000 s, Delta ratio: 1,0000, Drift: 1,000, Error reduction coefficient: 0,000, Error: 0,0000 s
abr 04, 2013 12:32:59 PM org.ros.time.RemoteUptimeClock update
INFO: Latency: 7,0000 s, Delta ratio: 1,0000, Drift: 1,000, Error reduction coefficient: 0,000, Error: 0,0000 s
abr 04, 2013 12:32:59 PM org.ros.time.RemoteUptimeClock update
INFO: Latency: 7,0000 s, Delta ratio: 1,0000, Drift: 1,000, Error reduction coefficient: 0,000, Error: 0,0000 s
abr 04, 2013 12:32:59 PM org.ros.time.RemoteUptimeClock update
INFO: Latency: 7,0000 s, Delta ratio: 1,0000, Drift: 1,000, Error reduction coefficient: 0,000, Error: 0,0000 s
abr 04, 2013 12:32:59 PM org.ros.time.RemoteUptimeClock update
INFO: Latency: 7,0000 s, Delta ratio: 1,0000, Drift: 1,000, Error reduction coefficient: 0,000, Error: 0,0000 s
abr 04, 2013 12:32:59 PM org.ros.time.RemoteUptimeClock update
INFO: Latency: 7,0000 s, Delta ratio: 1,0000, Drift: 1,000, Error reduction coefficient: 0,000, Error: 0,0000 s
abr 04, 2013 12:32:59 PM org.ros.time.RemoteUptimeClock update
INFO: Latency: 7,0000 s, Delta ratio: 1,0000, Drift: 1,000, Error reduction coefficient: 0,000, Error: 0,0000 s
abr 04, 2013 12:32:59 PM org.ros.time.RemoteUptimeClock update
INFO: Latency: 7,0000 s, Delta ratio: 1,0000, Drift: 1,000, Error reduction coefficient: 0,000, Error: 0,0000 s
abr 04, 2013 12:32:59 PM org.ros.time.RemoteUptimeClock update
INFO: Latency: 7,0000 s, Delta ratio: 1,0000, Drift: 1,000, Error reduction coefficient: 0,000, Error: 0,0000 s
abr 04, 2013 12:32:59 PM org.ros.time.RemoteUptimeClock update
INFO: Latency: 7,0000 s, Delta ratio: 1,0000, Drift: 1,000, Error reduction coefficient: 0,000, Error: 0,0000 s
abr 04, 2013 12:32:59 PM org.ros.time.RemoteUptimeClock update
INFO: Latency: 7,0000 s, Delta ratio: 1,0000, Drift: 1,000, Error reduction coefficient: 0,000, Error: 0,0000 s
abr 04, 2013 12:32:59 PM org.ros.time.RemoteUptimeClock update
INFO: Latency: 7,0000 s, Delta ratio: 1,0000, Drift: 1,000, Error reduction coefficient: 0,000, Error: 0,0000 s
abr 04, 2013 12:32:59 PM org.ros.time.RemoteUptimeClock update
INFO: Latency: 7,0000 s, Delta ratio: 1,0000, Drift: 1,000, Error reduction coefficient: 0,000, Error: 0,0000 s
abr 04, 2013 12:32:59 PM org.ros.time.RemoteUptimeClock update
INFO: Latency: 7,0000 s, Delta ratio: 1,0000, Drift: 1,000, Error reduction coefficient: 0,000, Error: 0,0000 s
abr 04, 2013 12:32:59 PM org.ros.time.RemoteUptimeClock update
INFO: Latency: 7,0000 s, Delta ratio: 1,0000, Drift: 1,000, Error reduction coefficient: 0,000, Error: 0,0000 s
abr 04, 2013 12:32:59 PM org.ros.time.RemoteUptimeClock update
INFO: Latency: 7,0000 s, Delta ratio: 1,0000, Drift: 1,000, Error reduction coefficient: 0,000, Error: 0,0000 s
abr 04, 2013 12:32:59 PM org.ros.time.RemoteUptimeClock update
INFO: Latency: 7,0000 s, Delta ratio: 1,0000, Drift: 1,000, Error reduction coefficient: 0,000, Error: 0,0000 s
abr 04, 2013 12:32:59 PM org.ros.time.RemoteUptimeClock update
INFO: Latency: 7,0000 s, Delta ratio: 1,0000, Drift: 1,000, Error reduction coefficient: 0,000, Error: 0,0000 s
abr 04, 2013 12:32:59 PM org.ros.time.RemoteUptimeClock update
INFO: Latency: 7,0000 s, Delta ratio: 1,0000, Drift: 1,000, Error reduction coefficient: 0,000, Error: 0,0000 s
abr 04, 2013 12:32:59 PM org.ros.time.RemoteUptimeClock update
INFO: Latency: 7,0000 s, Delta ratio: 1,0000, Drift: 1,000, Error reduction coefficient: 0,000, Error: 0,0000 s
abr 04, 2013 12:32:59 PM org.ros.time.RemoteUptimeClock update
INFO: Latency: 7,0000 s, Delta ratio: 1,0000, Drift: 1,000, Error reduction coefficient: 0,000, Error: 0,0000 s
abr 04, 2013 12:32:59 PM org.ros.time.RemoteUptimeClock update
INFO: Latency: 7,0000 s, Delta ratio: 1,0000, Drift: 1,000, Error reduction coefficient: 0,000, Error: 0,0000 s
abr 04, 2013 12:32:59 PM org.ros.time.RemoteUptimeClock update
INFO: Latency: 7,0000 s, Delta ratio: 1,0000, Drift: 1,000, Error reduction coefficient: 0,000, Error: 0,0000 s
abr 04, 2013 12:32:59 PM org.ros.time.RemoteUptimeClock update
INFO: Latency: 7,0000 s, Delta ratio: 1,0000, Drift: 1,000, Error reduction coefficient: 0,000, Error: 0,0000 s
abr 04, 2013 12:32:59 PM org.ros.time.RemoteUptimeClock update
INFO: Latency: 7,0000 s, Delta ratio: 1,0000, Drift: 1,000, Error reduction coefficient: 0,000, Error: 0,0000 s
abr 04, 2013 12:32:59 PM org.ros.time.RemoteUptimeClock update
INFO: Latency: 7,0000 s, Delta ratio: 1,0000, Drift: 1,000, Error reduction coefficient: 0,000, Error: 0,0000 s
abr 04, 2013 12:32:59 PM org.ros.time.RemoteUptimeClock update
INFO: Latency: 7,0000 s, Delta ratio: 1,0000, Drift: 1,000, Error reduction coefficient: 0,000, Error: 0,0000 s
abr 04, 2013 12:32:59 PM org.ros.time.RemoteUptimeClock update
INFO: Latency: 7,0000 s, Delta ratio: 1,0000, Drift: 1,000, Error reduction coefficient: 0,000, Error: 0,0000 s
abr 04, 2013 12:32:59 PM org.ros.time.RemoteUptimeClock update
INFO: Latency: 7,0000 s, Delta ratio: 1,0000, Drift: 1,000, Error reduction coefficient: 0,000, Error: 0,0000 s
abr 04, 2013 12:32:59 PM org.ros.time.RemoteUptimeClock update
INFO: Latency: 7,0000 s, Delta ratio: 1,0000, Drift: 1,000, Error reduction coefficient: 0,000, Error: 0,0000 s
abr 04, 2013 12:32:59 PM org.ros.time.RemoteUptimeClock update
INFO: Latency: 7,0000 s, Delta ratio: 1,0000, Drift: 1,000, Error reduction coefficient: 0,000, Error: 0,0000 s
abr 04, 2013 12:32:59 PM org.ros.time.RemoteUptimeClock update
INFO: Latency: 7,0000 s, Delta ratio: 1,0000, Drift: 1,000, Error reduction coefficient: 0,000, Error: 0,0000 s
abr 04, 2013 12:32:59 PM org.ros.time.RemoteUptimeClock update
INFO: Latency: 7,0000 s, Delta ratio: 1,0000, Drift: 1,000, Error reduction coefficient: 0,000, Error: 0,0000 s
abr 04, 2013 12:32:59 PM org.ros.time.RemoteUptimeClock update
INFO: Latency: 7,0000 s, Delta ratio: 1,0000, Drift: 1,000, Error reduction coefficient: 0,000, Error: 0,0000 s
abr 04, 2013 12:32:59 PM org.ros.time.RemoteUptimeClock update
INFO: Latency: 7,0000 s, Delta ratio: 1,0000, Drift: 1,000, Error reduction coefficient: 0,000, Error: 0,0000 s
abr 04, 2013 12:32:59 PM org.ros.time.RemoteUptimeClock update
INFO: Latency: 7,0000 s, Delta ratio: 1,0000, Drift: 1,000, Error reduction coefficient: 0,000, Error: 0,0000 s
abr 04, 2013 12:32:59 PM org.ros.time.RemoteUptimeClock update
INFO: Latency: 7,0000 s, Delta ratio: 1,0000, Drift: 1,000, Error reduction coefficient: 0,000, Error: 0,0000 s
abr 04, 2013 12:32:59 PM org.ros.time.RemoteUptimeClock update
INFO: Latency: 7,0000 s, Delta ratio: 1,0000, Drift: 1,000, Error reduction coefficient: 0,000, Error: 0,0000 s
abr 04, 2013 12:32:59 PM org.ros.time.RemoteUptimeClock update
INFO: Latency: 7,0000 s, Delta ratio: 1,0000, Drift: 1,000, Error reduction coefficient: 0,000, Error: 0,0000 s
abr 04, 2013 12:32:59 PM org.ros.time.RemoteUptimeClock update
INFO: Latency: 7,0000 s, Delta ratio: 1,0000, Drift: 1,000, Error reduction coefficient: 0,000, Error: 0,0000 s
abr 04, 2013 12:32:59 PM org.ros.time.RemoteUptimeClock update
INFO: Latency: 7,0000 s, Delta ratio: 1,0000, Drift: 1,000, Error reduction coefficient: 0,000, Error: 0,0000 s
abr 04, 2013 12:32:59 PM org.ros.time.RemoteUptimeClock update
INFO: Latency: 7,0000 s, Delta ratio: 1,0000, Drift: 1,000, Error reduction coefficient: 0,000, Error: 0,0000 s
abr 04, 2013 12:32:59 PM org.ros.time.RemoteUptimeClock update
INFO: Latency: 7,0000 s, Delta ratio: 1,0000, Drift: 1,000, Error reduction coefficient: 0,000, Error: 0,0000 s
abr 04, 2013 12:32:59 PM org.ros.time.RemoteUptimeClock update
INFO: Latency: 7,0000 s, Delta ratio: 1,0000, Drift: 1,000, Error reduction coefficient: 0,000, Error: 0,0000 s
abr 04, 2013 12:32:59 PM org.ros.time.RemoteUptimeClock update
INFO: Latency: 7,0000 s, Delta ratio: 1,0000, Drift: 1,000, Error reduction coefficient: 0,000, Error: 0,0000 s
abr 04, 2013 12:32:59 PM org.ros.time.RemoteUptimeClock update
INFO: Latency: 7,0000 s, Delta ratio: 1,0000, Drift: 1,000, Error reduction coefficient: 0,000, Error: 0,0000 s
abr 04, 2013 12:32:59 PM org.ros.time.RemoteUptimeClock update
INFO: Latency: 7,0000 s, Delta ratio: 1,0000, Drift: 1,000, Error reduction coefficient: 0,000, Error: 0,0000 s
abr 04, 2013 12:32:59 PM org.ros.time.RemoteUptimeClock update
INFO: Latency: 7,0000 s, Delta ratio: 1,0000, Drift: 1,000, Error reduction coefficient: 0,000, Error: 0,0000 s
abr 04, 2013 12:32:59 PM org.ros.time.RemoteUptimeClock update
INFO: Latency: 7,0000 s, Delta ratio: 1,0000, Drift: 1,000, Error reduction coefficient: 0,000, Error: 0,0000 s
abr 04, 2013 12:32:59 PM org.ros.time.RemoteUptimeClock update
INFO: Latency: 7,0000 s, Delta ratio: 1,0000, Drift: 1,000, Error reduction coefficient: 0,000, Error: 0,0000 s
abr 04, 2013 12:32:59 PM org.ros.time.RemoteUptimeClock update
INFO: Latency: 7,0000 s, Delta ratio: 1,0000, Drift: 1,000, Error reduction coefficient: 0,000, Error: 0,0000 s
abr 04, 2013 12:32:59 PM org.ros.time.RemoteUptimeClock update
INFO: Latency: 7,0000 s, Delta ratio: 1,0000, Drift: 1,000, Error reduction coefficient: 0,000, Error: 0,0000 s
abr 04, 2013 12:32:59 PM org.ros.time.RemoteUptimeClock update
INFO: Latency: 7,0000 s, Delta ratio: 1,0000, Drift: 1,000, Error reduction coefficient: 0,000, Error: 0,0000 s
abr 04, 2013 12:32:59 PM org.ros.time.RemoteUptimeClock update
INFO: Latency: 7,0000 s, Delta ratio: 1,0000, Drift: 1,000, Error reduction coefficient: 0,000, Error: 0,0000 s
abr 04, 2013 12:32:59 PM org.ros.time.RemoteUptimeClock update
INFO: Latency: 7,0000 s, Delta ratio: 1,0000, Drift: 1,000, Error reduction coefficient: 0,000, Error: 0,0000 s
abr 04, 2013 12:32:59 PM org.ros.time.RemoteUptimeClock update
INFO: Latency: 7,0000 s, Delta ratio: 1,0000, Drift: 1,000, Error reduction coefficient: 0,000, Error: 0,0000 s
abr 04, 2013 12:32:59 PM org.ros.time.RemoteUptimeClock update
INFO: Latency: 7,0000 s, Delta ratio: 1,0000, Drift: 1,000, Error reduction coefficient: 0,000, Error: 0,0000 s
abr 04, 2013 12:32:59 PM org.ros.time.RemoteUptimeClock update
INFO: Latency: 7,0000 s, Delta ratio: 1,0000, Drift: 1,000, Error reduction coefficient: 0,000, Error: 0,0000 s
abr 04, 2013 12:32:59 PM org.ros.time.RemoteUptimeClock update
INFO: Latency: 7,0000 s, Delta ratio: 1,0000, Drift: 1,000, Error reduction coefficient: 0,000, Error: 0,0000 s
abr 04, 2013 12:32:59 PM org.ros.time.RemoteUptimeClock update
INFO: Latency: 7,0000 s, Delta ratio: 1,0000, Drift: 1,000, Error reduction coefficient: 0,000, Error: 0,0000 s
abr 04, 2013 12:32:59 PM org.ros.time.RemoteUptimeClock update
INFO: Latency: 7,0000 s, Delta ratio: 1,0000, Drift: 1,000, Error reduction coefficient: 0,000, Error: 0,0000 s
abr 04, 2013 12:32:59 PM org.ros.time.RemoteUptimeClock update
INFO: Latency: 7,0000 s, Delta ratio: 1,0000, Drift: 1,000, Error reduction coefficient: 0,000, Error: 0,0000 s
abr 04, 2013 12:32:59 PM org.ros.time.RemoteUptimeClock update
INFO: Latency: 7,0000 s, Delta ratio: 1,0000, Drift: 1,000, Error reduction coefficient: 0,000, Error: 0,0000 s
abr 04, 2013 12:32:59 PM org.ros.time.RemoteUptimeClock update
INFO: Latency: 7,0000 s, Delta ratio: 1,0000, Drift: 1,000, Error reduction coefficient: 0,000, Error: 0,0000 s
abr 04, 2013 12:32:59 PM org.ros.time.RemoteUptimeClock update
INFO: Latency: 7,0000 s, Delta ratio: 1,0000, Drift: 1,000, Error reduction coefficient: 0,000, Error: 0,0000 s
abr 04, 2013 12:32:59 PM org.ros.time.RemoteUptimeClock update
INFO: Latency: 7,0000 s, Delta ratio: 1,0000, Drift: 1,000, Error reduction coefficient: 0,000, Error: 0,0000 s
abr 04, 2013 12:32:59 PM org.ros.time.RemoteUptimeClock update
INFO: Latency: 7,0000 s, Delta ratio: 1,0000, Drift: 1,000, Error reduction coefficient: 0,000, Error: 0,0000 s
abr 04, 2013 12:32:59 PM org.ros.time.RemoteUptimeClock update
INFO: Latency: 7,0000 s, Delta ratio: 1,0000, Drift: 1,000, Error reduction coefficient: 0,000, Error: 0,0000 s
abr 04, 2013 12:32:59 PM org.ros.time.RemoteUptimeClock update
INFO: Latency: 7,0000 s, Delta ratio: 1,0000, Drift: 1,000, Error reduction coefficient: 0,000, Error: 0,0000 s
abr 04, 2013 12:32:59 PM org.ros.time.RemoteUptimeClock update
INFO: Latency: 7,0000 s, Delta ratio: 1,0000, Drift: 1,000, Error reduction coefficient: 0,000, Error: 0,0000 s
abr 04, 2013 12:32:59 PM org.ros.time.RemoteUptimeClock update
INFO: Latency: 7,0000 s, Delta ratio: 1,0000, Drift: 1,000, Error reduction coefficient: 0,000, Error: 0,0000 s
abr 04, 2013 12:32:59 PM org.ros.time.RemoteUptimeClock update
INFO: Latency: 7,0000 s, Delta ratio: 1,0000, Drift: 1,000, Error reduction coefficient: 0,000, Error: 0,0000 s
abr 04, 2013 12:32:59 PM org.ros.time.RemoteUptimeClock update
INFO: Latency: 7,0000 s, Delta ratio: 1,0000, Drift: 1,000, Error reduction coefficient: 0,000, Error: 0,0000 s
abr 04, 2013 12:32:59 PM org.ros.time.RemoteUptimeClock update
INFO: Latency: 7,0000 s, Delta ratio: 1,0000, Drift: 1,000, Error reduction coefficient: 0,000, Error: 0,0000 s
abr 04, 2013 12:32:59 PM org.ros.time.RemoteUptimeClock update
INFO: Latency: 7,0000 s, Delta ratio: 1,0000, Drift: 1,000, Error reduction coefficient: 0,000, Error: 0,0000 s
abr 04, 2013 12:32:59 PM org.ros.time.RemoteUptimeClock update
INFO: Latency: 7,0000 s, Delta ratio: 1,0000, Drift: 1,000, Error reduction coefficient: 0,000, Error: 0,0000 s
abr 04, 2013 12:32:59 PM org.ros.time.RemoteUptimeClock update
INFO: Latency: 7,0000 s, Delta ratio: 1,0000, Drift: 1,000, Error reduction coefficient: 0,000, Error: 0,0000 s
abr 04, 2013 12:32:59 PM org.ros.time.RemoteUptimeClock update
INFO: Latency: 7,0000 s, Delta ratio: 1,0000, Drift: 1,000, Error reduction coefficient: 0,000, Error: 0,0000 s
abr 04, 2013 12:32:59 PM org.ros.time.RemoteUptimeClock update
INFO: Latency: 7,0000 s, Delta ratio: 1,0000, Drift: 1,000, Error reduction coefficient: 0,000, Error: 0,0000 s
abr 04, 2013 12:32:59 PM org.ros.time.RemoteUptimeClock update
INFO: Latency: 7,0000 s, Delta ratio: 1,0000, Drift: 1,000, Error reduction coefficient: 0,000, Error: 0,0000 s
abr 04, 2013 12:32:59 PM org.ros.time.RemoteUptimeClock update
INFO: Latency: 7,0000 s, Delta ratio: 1,0000, Drift: 1,000, Error reduction coefficient: 0,000, Error: 0,0000 s
abr 04, 2013 12:32:59 PM org.ros.time.RemoteUptimeClock update
INFO: Latency: 7,0000 s, Delta ratio: 1,0000, Drift: 1,000, Error reduction coefficient: 0,000, Error: 0,0000 s
abr 04, 2013 12:32:59 PM org.ros.time.RemoteUptimeClock update
INFO: Latency: 7,0000 s, Delta ratio: 1,0000, Drift: 1,000, Error reduction coefficient: 0,000, Error: 0,0000 s
abr 04, 2013 12:32:59 PM org.ros.time.RemoteUptimeClock update
INFO: Latency: 7,0000 s, Delta ratio: 1,0000, Drift: 1,000, Error reduction coefficient: 0,000, Error: 0,0000 s
abr 04, 2013 12:32:59 PM org.ros.time.RemoteUptimeClock update
INFO: Latency: 7,0000 s, Delta ratio: 1,0000, Drift: 1,000, Error reduction coefficient: 0,000, Error: 0,0000 s
abr 04, 2013 12:32:59 PM org.ros.time.RemoteUptimeClock update
INFO: Latency: 7,0000 s, Delta ratio: 1,0000, Drift: 1,000, Error reduction coefficient: 0,000, Error: 0,0000 s
abr 04, 2013 12:32:59 PM org.ros.time.RemoteUptimeClock update
INFO: Latency: 7,0000 s, Delta ratio: 1,0000, Drift: 1,000, Error reduction coefficient: 0,000, Error: 0,0000 s
abr 04, 2013 12:32:59 PM org.ros.time.RemoteUptimeClock update
INFO: Latency: 7,0000 s, Delta ratio: 1,0000, Drift: 1,000, Error reduction coefficient: 0,000, Error: 0,0000 s
abr 04, 2013 12:32:59 PM org.ros.time.RemoteUptimeClock update
INFO: Latency: 7,0000 s, Delta ratio: 1,0000, Drift: 1,000, Error reduction coefficient: 0,000, Error: 0,0000 s
abr 04, 2013 12:32:59 PM org.ros.time.RemoteUptimeClock update
INFO: Latency: 7,0000 s, Delta ratio: 1,0000, Drift: 1,000, Error reduction coefficient: 0,000, Error: 0,0000 s
abr 04, 2013 12:32:59 PM org.ros.time.RemoteUptimeClock update
INFO: Latency: 7,0000 s, Delta ratio: 1,0000, Drift: 1,000, Error reduction coefficient: 0,000, Error: 0,0000 s
abr 04, 2013 12:32:59 PM org.ros.time.RemoteUptimeClock update
INFO: Latency: 7,0000 s, Delta ratio: 1,0000, Drift: 1,000, Error reduction coefficient: 0,000, Error: 0,0000 s
abr 04, 2013 12:32:59 PM org.ros.time.RemoteUptimeClock update
INFO: Latency: 7,0000 s, Delta ratio: 1,0000, Drift: 1,000, Error reduction coefficient: 0,000, Error: 0,0000 s
abr 04, 2013 12:32:59 PM org.ros.time.RemoteUptimeClock update
INFO: Latency: 7,0000 s, Delta ratio: 1,0000, Drift: 1,000, Error reduction coefficient: 0,000, Error: 0,0000 s
abr 04, 2013 12:32:59 PM org.ros.time.RemoteUptimeClock update
INFO: Latency: 7,0000 s, Delta ratio: 1,0000, Drift: 1,000, Error reduction coefficient: 0,000, Error: 0,0000 s
abr 04, 2013 12:32:59 PM org.ros.time.RemoteUptimeClock update
INFO: Latency: 7,0000 s, Delta ratio: 1,0000, Drift: 1,000, Error reduction coefficient: 0,000, Error: 0,0000 s
abr 04, 2013 12:32:59 PM org.ros.time.RemoteUptimeClock update
INFO: Latency: 7,0000 s, Delta ratio: 1,0000, Drift: 1,000, Error reduction coefficient: 0,000, Error: 0,0000 s
abr 04, 2013 12:32:59 PM org.ros.time.RemoteUptimeClock update
INFO: Latency: 7,0000 s, Delta ratio: 1,0000, Drift: 1,000, Error reduction coefficient: 0,000, Error: 0,0000 s
abr 04, 2013 12:32:59 PM org.ros.time.RemoteUptimeClock update
INFO: Latency: 7,0000 s, Delta ratio: 1,0000, Drift: 1,000, Error reduction coefficient: 0,000, Error: 0,0000 s
abr 04, 2013 12:32:59 PM org.ros.time.RemoteUptimeClock update
INFO: Latency: 7,0000 s, Delta ratio: 1,0000, Drift: 1,000, Error reduction coefficient: 0,000, Error: 0,0000 s
abr 04, 2013 12:32:59 PM org.ros.time.RemoteUptimeClock update
INFO: Latency: 7,0000 s, Delta ratio: 1,0000, Drift: 1,000, Error reduction coefficient: 0,000, Error: 0,0000 s
abr 04, 2013 12:32:59 PM org.ros.time.RemoteUptimeClock update
INFO: Latency: 7,0000 s, Delta ratio: 1,0000, Drift: 1,000, Error reduction coefficient: 0,000, Error: 0,0000 s
abr 04, 2013 12:32:59 PM org.ros.time.RemoteUptimeClock update
INFO: Latency: 7,0000 s, Delta ratio: 1,0000, Drift: 1,000, Error reduction coefficient: 0,000, Error: 0,0000 s
abr 04, 2013 12:32:59 PM org.ros.time.RemoteUptimeClock update
INFO: Latency: 7,0000 s, Delta ratio: 1,0000, Drift: 1,000, Error reduction coefficient: 0,000, Error: 0,0000 s
abr 04, 2013 12:32:59 PM org.ros.time.RemoteUptimeClock update
INFO: Latency: 7,0000 s, Delta ratio: 1,0000, Drift: 1,000, Error reduction coefficient: 0,000, Error: 0,0000 s
abr 04, 2013 12:32:59 PM org.ros.time.RemoteUptimeClock update
INFO: Latency: 7,0000 s, Delta ratio: 1,0000, Drift: 1,000, Error reduction coefficient: 0,000, Error: 0,0000 s
abr 04, 2013 12:32:59 PM org.ros.time.RemoteUptimeClock update
INFO: Latency: 7,0000 s, Delta ratio: 1,0000, Drift: 1,000, Error reduction coefficient: 0,000, Error: 0,0000 s
abr 04, 2013 12:32:59 PM org.ros.time.RemoteUptimeClock update
INFO: Latency: 7,0000 s, Delta ratio: 1,0000, Drift: 1,000, Error reduction coefficient: 0,000, Error: 0,0000 s
abr 04, 2013 12:32:59 PM org.ros.time.RemoteUptimeClock update
INFO: Latency: 7,0000 s, Delta ratio: 1,0000, Drift: 1,000, Error reduction coefficient: 0,000, Error: 0,0000 s
abr 04, 2013 12:32:59 PM org.ros.time.RemoteUptimeClock update
INFO: Latency: 7,0000 s, Delta ratio: 1,0000, Drift: 1,000, Error reduction coefficient: 0,000, Error: 0,0000 s
abr 04, 2013 12:32:59 PM org.ros.time.RemoteUptimeClock update
INFO: Latency: 7,0000 s, Delta ratio: 1,0000, Drift: 1,000, Error reduction coefficient: 0,000, Error: 0,0000 s
abr 04, 2013 12:32:59 PM org.ros.time.RemoteUptimeClock update
INFO: Latency: 7,0000 s, Delta ratio: 1,0000, Drift: 1,000, Error reduction coefficient: 0,000, Error: 0,0000 s
abr 04, 2013 12:32:59 PM org.ros.time.RemoteUptimeClock update
INFO: Latency: 7,0000 s, Delta ratio: 1,0000, Drift: 1,000, Error reduction coefficient: 0,000, Error: 0,0000 s
abr 04, 2013 12:32:59 PM org.ros.time.RemoteUptimeClock update
INFO: Latency: 7,0000 s, Delta ratio: 1,0000, Drift: 1,000, Error reduction coefficient: 0,000, Error: 0,0000 s
abr 04, 2013 12:32:59 PM org.ros.time.RemoteUptimeClock update
INFO: Latency: 7,0000 s, Delta ratio: 1,0000, Drift: 1,000, Error reduction coefficient: 0,000, Error: 0,0000 s
abr 04, 2013 12:32:59 PM org.ros.time.RemoteUptimeClock update
INFO: Latency: 7,0000 s, Delta ratio: 1,0000, Drift: 1,000, Error reduction coefficient: 0,000, Error: 0,0000 s
abr 04, 2013 12:32:59 PM org.ros.time.RemoteUptimeClock update
INFO: Latency: 7,0000 s, Delta ratio: 1,0000, Drift: 1,000, Error reduction coefficient: 0,000, Error: 0,0000 s
abr 04, 2013 12:32:59 PM org.ros.time.RemoteUptimeClock update
INFO: Latency: 7,0000 s, Delta ratio: 1,0000, Drift: 1,000, Error reduction coefficient: 0,000, Error: 0,0000 s
abr 04, 2013 12:32:59 PM org.ros.time.RemoteUptimeClock update
INFO: Latency: 7,0000 s, Delta ratio: 1,0000, Drift: 1,000, Error reduction coefficient: 0,000, Error: 0,0000 s
abr 04, 2013 12:32:59 PM org.ros.time.RemoteUptimeClock update
INFO: Latency: 7,0000 s, Delta ratio: 1,0000, Drift: 1,000, Error reduction coefficient: 0,000, Error: 0,0000 s
abr 04, 2013 12:32:59 PM org.ros.time.RemoteUptimeClock update
INFO: Latency: 7,0000 s, Delta ratio: 1,0000, Drift: 1,000, Error reduction coefficient: 0,000, Error: 0,0000 s
abr 04, 2013 12:32:59 PM org.ros.time.RemoteUptimeClock update
INFO: Latency: 7,0000 s, Delta ratio: 1,0000, Drift: 1,000, Error reduction coefficient: 0,000, Error: 0,0000 s
abr 04, 2013 12:32:59 PM org.ros.time.RemoteUptimeClock update
INFO: Latency: 7,0000 s, Delta ratio: 1,0000, Drift: 1,000, Error reduction coefficient: 0,000, Error: 0,0000 s
abr 04, 2013 12:32:59 PM org.ros.time.RemoteUptimeClock update
INFO: Latency: 7,0000 s, Delta ratio: 1,0000, Drift: 1,000, Error reduction coefficient: 0,000, Error: 0,0000 s
abr 04, 2013 12:32:59 PM org.ros.time.RemoteUptimeClock update
INFO: Latency: 7,0000 s, Delta ratio: 1,0000, Drift: 1,000, Error reduction coefficient: 0,000, Error: 0,0000 s
abr 04, 2013 12:32:59 PM org.ros.time.RemoteUptimeClock update
INFO: Latency: 7,0000 s, Delta ratio: 1,0000, Drift: 1,000, Error reduction coefficient: 0,000, Error: 0,0000 s
abr 04, 2013 12:32:59 PM org.ros.time.RemoteUptimeClock update
INFO: Latency: 7,0000 s, Delta ratio: 1,0000, Drift: 1,000, Error reduction coefficient: 0,000, Error: 0,0000 s
abr 04, 2013 12:32:59 PM org.ros.time.RemoteUptimeClock update
INFO: Latency: 7,0000 s, Delta ratio: 1,0000, Drift: 1,000, Error reduction coefficient: 0,000, Error: 0,0000 s
abr 04, 2013 12:32:59 PM org.ros.time.RemoteUptimeClock update
INFO: Latency: 7,0000 s, Delta ratio: 1,0000, Drift: 1,000, Error reduction coefficient: 0,000, Error: 0,0000 s
abr 04, 2013 12:32:59 PM org.ros.time.RemoteUptimeClock update
INFO: Latency: 7,0000 s, Delta ratio: 1,0000, Drift: 1,000, Error reduction coefficient: 0,000, Error: 0,0000 s
abr 04, 2013 12:32:59 PM org.ros.time.RemoteUptimeClock update
INFO: Latency: 7,0000 s, Delta ratio: 1,0000, Drift: 1,000, Error reduction coefficient: 0,000, Error: 0,0000 s
abr 04, 2013 12:32:59 PM org.ros.time.RemoteUptimeClock update
INFO: Latency: 7,0000 s, Delta ratio: 1,0000, Drift: 1,000, Error reduction coefficient: 0,000, Error: 0,0000 s
abr 04, 2013 12:32:59 PM org.ros.time.RemoteUptimeClock update
INFO: Latency: 7,0000 s, Delta ratio: 1,0000, Drift: 1,000, Error reduction coefficient: 0,000, Error: 0,0000 s
abr 04, 2013 12:32:59 PM org.ros.time.RemoteUptimeClock update
INFO: Latency: 7,0000 s, Delta ratio: 1,0000, Drift: 1,000, Error reduction coefficient: 0,000, Error: 0,0000 s
abr 04, 2013 12:32:59 PM org.ros.time.RemoteUptimeClock update
INFO: Latency: 7,0000 s, Delta ratio: 1,0000, Drift: 1,000, Error reduction coefficient: 0,000, Error: 0,0000 s
abr 04, 2013 12:32:59 PM org.ros.time.RemoteUptimeClock update
INFO: Latency: 7,0000 s, Delta ratio: 1,0000, Drift: 1,000, Error reduction coefficient: 0,000, Error: 0,0000 s
abr 04, 2013 12:32:59 PM org.ros.time.RemoteUptimeClock update
INFO: Latency: 7,0000 s, Delta ratio: 1,0000, Drift: 1,000, Error reduction coefficient: 0,000, Error: 0,0000 s
abr 04, 2013 12:32:59 PM org.ros.time.RemoteUptimeClock update
INFO: Latency: 7,0000 s, Delta ratio: 1,0000, Drift: 1,000, Error reduction coefficient: 0,000, Error: 0,0000 s
abr 04, 2013 12:32:59 PM org.ros.time.RemoteUptimeClock update
INFO: Latency: 7,0000 s, Delta ratio: 1,0000, Drift: 1,000, Error reduction coefficient: 0,000, Error: 0,0000 s
abr 04, 2013 12:32:59 PM org.ros.time.RemoteUptimeClock update
INFO: Latency: 7,0000 s, Delta ratio: 1,0000, Drift: 1,000, Error reduction coefficient: 0,000, Error: 0,0000 s
abr 04, 2013 12:32:59 PM org.ros.time.RemoteUptimeClock update
INFO: Latency: 7,0000 s, Delta ratio: 1,0000, Drift: 1,000, Error reduction coefficient: 0,000, Error: 0,0000 s
abr 04, 2013 12:32:59 PM org.ros.time.RemoteUptimeClock update
INFO: Latency: 7,0000 s, Delta ratio: 1,0000, Drift: 1,000, Error reduction coefficient: 0,000, Error: 0,0000 s
abr 04, 2013 12:32:59 PM org.ros.time.RemoteUptimeClock update
INFO: Latency: 7,0000 s, Delta ratio: 1,0000, Drift: 1,000, Error reduction coefficient: 0,000, Error: 0,0000 s
abr 04, 2013 12:32:59 PM org.ros.time.RemoteUptimeClock update
INFO: Latency: 7,0000 s, Delta ratio: 1,0000, Drift: 1,000, Error reduction coefficient: 0,000, Error: 0,0000 s
abr 04, 2013 12:32:59 PM org.ros.time.RemoteUptimeClock update
INFO: Latency: 7,0000 s, Delta ratio: 1,0000, Drift: 1,000, Error reduction coefficient: 0,000, Error: 0,0000 s
abr 04, 2013 12:32:59 PM org.ros.time.RemoteUptimeClock update
INFO: Latency: 7,0000 s, Delta ratio: 1,0000, Drift: 1,000, Error reduction coefficient: 0,000, Error: 0,0000 s
abr 04, 2013 12:32:59 PM org.ros.time.RemoteUptimeClock update
INFO: Latency: 7,0000 s, Delta ratio: 1,0000, Drift: 1,000, Error reduction coefficient: 0,000, Error: 0,0000 s
abr 04, 2013 12:32:59 PM org.ros.time.RemoteUptimeClock update
INFO: Latency: 7,0000 s, Delta ratio: 1,0000, Drift: 1,000, Error reduction coefficient: 0,000, Error: 0,0000 s
abr 04, 2013 12:32:59 PM org.ros.time.RemoteUptimeClock update
INFO: Latency: 7,0000 s, Delta ratio: 1,0000, Drift: 1,000, Error reduction coefficient: 0,000, Error: 0,0000 s
abr 04, 2013 12:32:59 PM org.ros.time.RemoteUptimeClock update
INFO: Latency: 7,0000 s, Delta ratio: 1,0000, Drift: 1,000, Error reduction coefficient: 0,000, Error: 0,0000 s
abr 04, 2013 12:32:59 PM org.ros.time.RemoteUptimeClock update
INFO: Latency: 7,0000 s, Delta ratio: 1,0000, Drift: 1,000, Error reduction coefficient: 0,000, Error: 0,0000 s
abr 04, 2013 12:32:59 PM org.ros.time.RemoteUptimeClock update
INFO: Latency: 7,0000 s, Delta ratio: 1,0000, Drift: 1,000, Error reduction coefficient: 0,000, Error: 0,0000 s
abr 04, 2013 12:32:59 PM org.ros.time.RemoteUptimeClock update
INFO: Latency: 7,0000 s, Delta ratio: 1,0000, Drift: 1,000, Error reduction coefficient: 0,000, Error: 0,0000 s
abr 04, 2013 12:32:59 PM org.ros.time.RemoteUptimeClock update
INFO: Latency: 7,0000 s, Delta ratio: 1,0000, Drift: 1,000, Error reduction coefficient: 0,000, Error: 0,0000 s
abr 04, 2013 12:32:59 PM org.ros.time.RemoteUptimeClock update
INFO: Latency: 7,0000 s, Delta ratio: 1,0000, Drift: 1,000, Error reduction coefficient: 0,000, Error: 0,0000 s
abr 04, 2013 12:32:59 PM org.ros.time.RemoteUptimeClock update
INFO: Latency: 7,0000 s, Delta ratio: 1,0000, Drift: 1,000, Error reduction coefficient: 0,000, Error: 0,0000 s
abr 04, 2013 12:32:59 PM org.ros.time.RemoteUptimeClock update
INFO: Latency: 7,0000 s, Delta ratio: 1,0000, Drift: 1,000, Error reduction coefficient: 0,000, Error: 0,0000 s
abr 04, 2013 12:32:59 PM org.ros.time.RemoteUptimeClock update
INFO: Latency: 7,0000 s, Delta ratio: 1,0000, Drift: 1,000, Error reduction coefficient: 0,000, Error: 0,0000 s
abr 04, 2013 12:32:59 PM org.ros.time.RemoteUptimeClock update
INFO: Latency: 7,0000 s, Delta ratio: 1,0000, Drift: 1,000, Error reduction coefficient: 0,000, Error: 0,0000 s
abr 04, 2013 12:32:59 PM org.ros.time.RemoteUptimeClock update
INFO: Latency: 7,0000 s, Delta ratio: 1,0000, Drift: 1,000, Error reduction coefficient: 0,000, Error: 0,0000 s
abr 04, 2013 12:32:59 PM org.ros.time.RemoteUptimeClock update
INFO: Latency: 7,0000 s, Delta ratio: 1,0000, Drift: 1,000, Error reduction coefficient: 0,000, Error: 0,0000 s
abr 04, 2013 12:32:59 PM org.ros.time.RemoteUptimeClock update
INFO: Latency: 7,0000 s, Delta ratio: 1,0000, Drift: 1,000, Error reduction coefficient: 0,000, Error: 0,0000 s
abr 04, 2013 12:32:59 PM org.ros.time.RemoteUptimeClock update
INFO: Latency: 7,0000 s, Delta ratio: 1,0000, Drift: 1,000, Error reduction coefficient: 0,000, Error: 0,0000 s
abr 04, 2013 12:32:59 PM org.ros.time.RemoteUptimeClock update
INFO: Latency: 7,0000 s, Delta ratio: 1,0000, Drift: 1,000, Error reduction coefficient: 0,000, Error: 0,0000 s
abr 04, 2013 12:32:59 PM org.ros.time.RemoteUptimeClock update
INFO: Latency: 7,0000 s, Delta ratio: 1,0000, Drift: 1,000, Error reduction coefficient: 0,000, Error: 0,0000 s
abr 04, 2013 12:32:59 PM org.ros.time.RemoteUptimeClock update
INFO: Latency: 7,0000 s, Delta ratio: 1,0000, Drift: 1,000, Error reduction coefficient: 0,000, Error: 0,0000 s
abr 04, 2013 12:32:59 PM org.ros.time.RemoteUptimeClock update
INFO: Latency: 7,0000 s, Delta ratio: 1,0000, Drift: 1,000, Error reduction coefficient: 0,000, Error: 0,0000 s
abr 04, 2013 12:32:59 PM org.ros.time.RemoteUptimeClock update
INFO: Latency: 7,0000 s, Delta ratio: 1,0000, Drift: 1,000, Error reduction coefficient: 0,000, Error: 0,0000 s
abr 04, 2013 12:32:59 PM org.ros.time.RemoteUptimeClock update
INFO: Latency: 7,0000 s, Delta ratio: 1,0000, Drift: 1,000, Error reduction coefficient: 0,000, Error: 0,0000 s
abr 04, 2013 12:32:59 PM org.ros.time.RemoteUptimeClock update
INFO: Latency: 7,0000 s, Delta ratio: 1,0000, Drift: 1,000, Error reduction coefficient: 0,000, Error: 0,0000 s
abr 04, 2013 12:32:59 PM org.ros.time.RemoteUptimeClock update
INFO: Latency: 7,0000 s, Delta ratio: 1,0000, Drift: 1,000, Error reduction coefficient: 0,000, Error: 0,0000 s
abr 04, 2013 12:32:59 PM org.ros.time.RemoteUptimeClock update
INFO: Latency: 7,0000 s, Delta ratio: 1,0000, Drift: 1,000, Error reduction coefficient: 0,000, Error: 0,0000 s
abr 04, 2013 12:32:59 PM org.ros.time.RemoteUptimeClock update
INFO: Latency: 7,0000 s, Delta ratio: 1,0000, Drift: 1,000, Error reduction coefficient: 0,000, Error: 0,0000 s
abr 04, 2013 12:32:59 PM org.ros.time.RemoteUptimeClock update
INFO: Latency: 7,0000 s, Delta ratio: 1,0000, Drift: 1,000, Error reduction coefficient: 0,000, Error: 0,0000 s
abr 04, 2013 12:32:59 PM org.ros.time.RemoteUptimeClock update
INFO: Latency: 7,0000 s, Delta ratio: 1,0000, Drift: 1,000, Error reduction coefficient: 0,000, Error: 0,0000 s
abr 04, 2013 12:32:59 PM org.ros.time.RemoteUptimeClock update
INFO: Latency: 7,0000 s, Delta ratio: 1,0000, Drift: 1,000, Error reduction coefficient: 0,000, Error: 0,0000 s
abr 04, 2013 12:32:59 PM org.ros.time.RemoteUptimeClock update
INFO: Latency: 7,0000 s, Delta ratio: 1,0000, Drift: 1,000, Error reduction coefficient: 0,000, Error: 0,0000 s
abr 04, 2013 12:32:59 PM org.ros.time.RemoteUptimeClock update
INFO: Latency: 7,0000 s, Delta ratio: 1,0000, Drift: 1,000, Error reduction coefficient: 0,000, Error: 0,0000 s
abr 04, 2013 12:32:59 PM org.ros.time.RemoteUptimeClock update
INFO: Latency: 7,0000 s, Delta ratio: 1,0000, Drift: 1,000, Error reduction coefficient: 0,000, Error: 0,0000 s
abr 04, 2013 12:32:59 PM org.ros.time.RemoteUptimeClock update
INFO: Latency: 7,0000 s, Delta ratio: 1,0000, Drift: 1,000, Error reduction coefficient: 0,000, Error: 0,0000 s
abr 04, 2013 12:32:59 PM org.ros.time.RemoteUptimeClock update
INFO: Latency: 7,0000 s, Delta ratio: 1,0000, Drift: 1,000, Error reduction coefficient: 0,000, Error: 0,0000 s
abr 04, 2013 12:32:59 PM org.ros.time.RemoteUptimeClock update
INFO: Latency: 7,0000 s, Delta ratio: 1,0000, Drift: 1,000, Error reduction coefficient: 0,000, Error: 0,0000 s
abr 04, 2013 12:32:59 PM org.ros.time.RemoteUptimeClock update
INFO: Latency: 7,0000 s, Delta ratio: 1,0000, Drift: 1,000, Error reduction coefficient: 0,000, Error: 0,0000 s
abr 04, 2013 12:32:59 PM org.ros.time.RemoteUptimeClock update
INFO: Latency: 7,0000 s, Delta ratio: 1,0000, Drift: 1,000, Error reduction coefficient: 0,000, Error: 0,0000 s
abr 04, 2013 12:32:59 PM org.ros.time.RemoteUptimeClock update
INFO: Latency: 7,0000 s, Delta ratio: 1,0000, Drift: 1,000, Error reduction coefficient: 0,000, Error: 0,0000 s
abr 04, 2013 12:32:59 PM org.ros.time.RemoteUptimeClock update
INFO: Latency: 7,0000 s, Delta ratio: 1,0000, Drift: 1,000, Error reduction coefficient: 0,000, Error: 0,0000 s
abr 04, 2013 12:32:59 PM org.ros.time.RemoteUptimeClock update
INFO: Latency: 7,0000 s, Delta ratio: 1,0000, Drift: 1,000, Error reduction coefficient: 0,000, Error: 0,0000 s
abr 04, 2013 12:33:00 PM org.ros.time.RemoteUptimeClock update
INFO: Latency: 7,0000 s, Delta ratio: 1,0000, Drift: 1,000, Error reduction coefficient: 0,000, Error: 0,0000 s
abr 04, 2013 12:33:00 PM org.ros.time.RemoteUptimeClock update
INFO: Latency: 7,0000 s, Delta ratio: 1,0000, Drift: 1,000, Error reduction coefficient: 0,000, Error: 0,0000 s
abr 04, 2013 12:33:00 PM org.ros.time.RemoteUptimeClock update
INFO: Latency: 7,0000 s, Delta ratio: 1,0000, Drift: 1,000, Error reduction coefficient: 0,000, Error: 0,0000 s
abr 04, 2013 12:33:00 PM org.ros.time.RemoteUptimeClock update
INFO: Latency: 7,0000 s, Delta ratio: 1,0000, Drift: 1,000, Error reduction coefficient: 0,000, Error: 0,0000 s
abr 04, 2013 12:33:00 PM org.ros.time.RemoteUptimeClock update
INFO: Latency: 7,0000 s, Delta ratio: 1,0000, Drift: 1,000, Error reduction coefficient: 0,000, Error: 0,0000 s
abr 04, 2013 12:33:00 PM org.ros.time.RemoteUptimeClock update
INFO: Latency: 7,0000 s, Delta ratio: 1,0000, Drift: 1,000, Error reduction coefficient: 0,000, Error: 0,0000 s
abr 04, 2013 12:33:00 PM org.ros.time.RemoteUptimeClock update
INFO: Latency: 7,0000 s, Delta ratio: 1,0000, Drift: 1,000, Error reduction coefficient: 0,000, Error: 0,0000 s
abr 04, 2013 12:33:00 PM org.ros.time.RemoteUptimeClock update
INFO: Latency: 7,0000 s, Delta ratio: 1,0000, Drift: 1,000, Error reduction coefficient: 0,000, Error: 0,0000 s
abr 04, 2013 12:33:00 PM org.ros.time.RemoteUptimeClock update
INFO: Latency: 7,0000 s, Delta ratio: 1,0000, Drift: 1,000, Error reduction coefficient: 0,000, Error: 0,0000 s
abr 04, 2013 12:33:00 PM org.ros.time.RemoteUptimeClock update
INFO: Latency: 7,0000 s, Delta ratio: 1,0000, Drift: 1,000, Error reduction coefficient: 0,000, Error: 0,0000 s
abr 04, 2013 12:33:00 PM org.ros.time.RemoteUptimeClock update
INFO: Latency: 7,0000 s, Delta ratio: 1,0000, Drift: 1,000, Error reduction coefficient: 0,000, Error: 0,0000 s
abr 04, 2013 12:33:00 PM org.ros.time.RemoteUptimeClock update
INFO: Latency: 7,0000 s, Delta ratio: 1,0000, Drift: 1,000, Error reduction coefficient: 0,000, Error: 0,0000 s
abr 04, 2013 12:33:00 PM org.ros.time.RemoteUptimeClock update
INFO: Latency: 7,0000 s, Delta ratio: 1,0000, Drift: 1,000, Error reduction coefficient: 0,000, Error: 0,0000 s
abr 04, 2013 12:33:00 PM org.ros.time.RemoteUptimeClock update
INFO: Latency: 7,0000 s, Delta ratio: 1,0000, Drift: 1,000, Error reduction coefficient: 0,000, Error: 0,0000 s
abr 04, 2013 12:33:00 PM org.ros.time.RemoteUptimeClock update
INFO: Latency: 7,0000 s, Delta ratio: 1,0000, Drift: 1,000, Error reduction coefficient: 0,000, Error: 0,0000 s
abr 04, 2013 12:33:00 PM org.ros.time.RemoteUptimeClock update
INFO: Latency: 7,0000 s, Delta ratio: 1,0000, Drift: 1,000, Error reduction coefficient: 0,000, Error: 0,0000 s
abr 04, 2013 12:33:00 PM org.ros.time.RemoteUptimeClock update
INFO: Latency: 7,0000 s, Delta ratio: 1,0000, Drift: 1,000, Error reduction coefficient: 0,000, Error: 0,0000 s
abr 04, 2013 12:33:00 PM org.ros.time.RemoteUptimeClock update
INFO: Latency: 7,0000 s, Delta ratio: 1,0000, Drift: 1,000, Error reduction coefficient: 0,000, Error: 0,0000 s
abr 04, 2013 12:33:00 PM org.ros.time.RemoteUptimeClock update
INFO: Latency: 7,0000 s, Delta ratio: 1,0000, Drift: 1,000, Error reduction coefficient: 0,000, Error: 0,0000 s
abr 04, 2013 12:33:00 PM org.ros.time.RemoteUptimeClock update
INFO: Latency: 7,0000 s, Delta ratio: 1,0000, Drift: 1,000, Error reduction coefficient: 0,000, Error: 0,0000 s
abr 04, 2013 12:33:00 PM org.ros.time.RemoteUptimeClock update
INFO: Latency: 7,0000 s, Delta ratio: 1,0000, Drift: 1,000, Error reduction coefficient: 0,000, Error: 0,0000 s
abr 04, 2013 12:33:00 PM org.ros.time.RemoteUptimeClock update
INFO: Latency: 7,0000 s, Delta ratio: 1,0000, Drift: 1,000, Error reduction coefficient: 0,000, Error: 0,0000 s
abr 04, 2013 12:33:00 PM org.ros.time.RemoteUptimeClock update
INFO: Latency: 7,0000 s, Delta ratio: 1,0000, Drift: 1,000, Error reduction coefficient: 0,000, Error: 0,0000 s
abr 04, 2013 12:33:00 PM org.ros.time.RemoteUptimeClock update
INFO: Latency: 7,0000 s, Delta ratio: 1,0000, Drift: 1,000, Error reduction coefficient: 0,000, Error: 0,0000 s
abr 04, 2013 12:33:00 PM org.ros.time.RemoteUptimeClock update
INFO: Latency: 7,0000 s, Delta ratio: 1,0000, Drift: 1,000, Error reduction coefficient: 0,000, Error: 0,0000 s
abr 04, 2013 12:33:00 PM org.ros.time.RemoteUptimeClock update
INFO: Latency: 7,0000 s, Delta ratio: 1,0000, Drift: 1,000, Error reduction coefficient: 0,000, Error: 0,0000 s
abr 04, 2013 12:33:00 PM org.ros.time.RemoteUptimeClock update
INFO: Latency: 7,0000 s, Delta ratio: 1,0000, Drift: 1,000, Error reduction coefficient: 0,000, Error: 0,0000 s
abr 04, 2013 12:33:00 PM org.ros.time.RemoteUptimeClock update
INFO: Latency: 7,0000 s, Delta ratio: 1,0000, Drift: 1,000, Error reduction coefficient: 0,000, Error: 0,0000 s
abr 04, 2013 12:33:00 PM org.ros.time.RemoteUptimeClock update
INFO: Latency: 7,0000 s, Delta ratio: 1,0000, Drift: 1,000, Error reduction coefficient: 0,000, Error: 0,0000 s
abr 04, 2013 12:33:00 PM org.ros.time.RemoteUptimeClock update
INFO: Latency: 7,0000 s, Delta ratio: 1,0000, Drift: 1,000, Error reduction coefficient: 0,000, Error: 0,0000 s
abr 04, 2013 12:33:00 PM org.ros.time.RemoteUptimeClock update
INFO: Latency: 7,0000 s, Delta ratio: 1,0000, Drift: 1,000, Error reduction coefficient: 0,000, Error: 0,0000 s
abr 04, 2013 12:33:00 PM org.ros.time.RemoteUptimeClock update
INFO: Latency: 7,0000 s, Delta ratio: 1,0000, Drift: 1,000, Error reduction coefficient: 0,000, Error: 0,0000 s
abr 04, 2013 12:33:00 PM org.ros.time.RemoteUptimeClock update
INFO: Latency: 7,0000 s, Delta ratio: 1,0000, Drift: 1,000, Error reduction coefficient: 0,000, Error: 0,0000 s
abr 04, 2013 12:33:00 PM org.ros.time.RemoteUptimeClock update
INFO: Latency: 7,0000 s, Delta ratio: 1,0000, Drift: 1,000, Error reduction coefficient: 0,000, Error: 0,0000 s
abr 04, 2013 12:33:00 PM org.ros.time.RemoteUptimeClock update
INFO: Latency: 7,0000 s, Delta ratio: 1,0000, Drift: 1,000, Error reduction coefficient: 0,000, Error: 0,0000 s
abr 04, 2013 12:33:00 PM org.ros.time.RemoteUptimeClock update
INFO: Latency: 7,0000 s, Delta ratio: 1,0000, Drift: 1,000, Error reduction coefficient: 0,000, Error: 0,0000 s
abr 04, 2013 12:33:00 PM org.ros.time.RemoteUptimeClock update
INFO: Latency: 7,0000 s, Delta ratio: 1,0000, Drift: 1,000, Error reduction coefficient: 0,000, Error: 0,0000 s
abr 04, 2013 12:33:00 PM org.ros.time.RemoteUptimeClock update
INFO: Latency: 7,0000 s, Delta ratio: 1,0000, Drift: 1,000, Error reduction coefficient: 0,000, Error: 0,0000 s
abr 04, 2013 12:33:00 PM org.ros.time.RemoteUptimeClock update
INFO: Latency: 7,0000 s, Delta ratio: 1,0000, Drift: 1,000, Error reduction coefficient: 0,000, Error: 0,0000 s
abr 04, 2013 12:33:00 PM org.ros.time.RemoteUptimeClock update
INFO: Latency: 7,0000 s, Delta ratio: 1,0000, Drift: 1,000, Error reduction coefficient: 0,000, Error: 0,0000 s
abr 04, 2013 12:33:00 PM org.ros.time.RemoteUptimeClock update
INFO: Latency: 7,0000 s, Delta ratio: 1,0000, Drift: 1,000, Error reduction coefficient: 0,000, Error: 0,0000 s
abr 04, 2013 12:33:00 PM org.ros.time.RemoteUptimeClock update
INFO: Latency: 7,0000 s, Delta ratio: 1,0000, Drift: 1,000, Error reduction coefficient: 0,000, Error: 0,0000 s
abr 04, 2013 12:33:00 PM org.ros.time.RemoteUptimeClock update
INFO: Latency: 7,0000 s, Delta ratio: 1,0000, Drift: 1,000, Error reduction coefficient: 0,000, Error: 0,0000 s
abr 04, 2013 12:33:00 PM org.ros.time.RemoteUptimeClock update
INFO: Latency: 7,0000 s, Delta ratio: 1,0000, Drift: 1,000, Error reduction coefficient: 0,000, Error: 0,0000 s
abr 04, 2013 12:33:00 PM org.ros.time.RemoteUptimeClock update
INFO: Latency: 7,0000 s, Delta ratio: 1,0000, Drift: 1,000, Error reduction coefficient: 0,000, Error: 0,0000 s
abr 04, 2013 12:33:00 PM org.ros.time.RemoteUptimeClock update
INFO: Latency: 7,0000 s, Delta ratio: 1,0000, Drift: 1,000, Error reduction coefficient: 0,000, Error: 0,0000 s
abr 04, 2013 12:33:00 PM org.ros.time.RemoteUptimeClock update
INFO: Latency: 7,0000 s, Delta ratio: 1,0000, Drift: 1,000, Error reduction coefficient: 0,000, Error: 0,0000 s
abr 04, 2013 12:33:00 PM org.ros.time.RemoteUptimeClock update
INFO: Latency: 7,0000 s, Delta ratio: 1,0000, Drift: 1,000, Error reduction coefficient: 0,000, Error: 0,0000 s
abr 04, 2013 12:33:00 PM org.ros.time.RemoteUptimeClock update
INFO: Latency: 7,0000 s, Delta ratio: 1,0000, Drift: 1,000, Error reduction coefficient: 0,000, Error: 0,0000 s
abr 04, 2013 12:33:00 PM org.ros.time.RemoteUptimeClock update
INFO: Latency: 7,0000 s, Delta ratio: 1,0000, Drift: 1,000, Error reduction coefficient: 0,000, Error: 0,0000 s
abr 04, 2013 12:33:00 PM org.ros.time.RemoteUptimeClock update
INFO: Latency: 7,0000 s, Delta ratio: 1,0000, Drift: 1,000, Error reduction coefficient: 0,000, Error: 0,0000 s
abr 04, 2013 12:33:00 PM org.ros.time.RemoteUptimeClock update
INFO: Latency: 7,0000 s, Delta ratio: 1,0000, Drift: 1,000, Error reduction coefficient: 0,000, Error: 0,0000 s
abr 04, 2013 12:33:00 PM org.ros.time.RemoteUptimeClock update
INFO: Latency: 7,0000 s, Delta ratio: 1,0000, Drift: 1,000, Error reduction coefficient: 0,000, Error: 0,0000 s
abr 04, 2013 12:33:00 PM org.ros.time.RemoteUptimeClock update
INFO: Latency: 7,0000 s, Delta ratio: 1,0000, Drift: 1,000, Error reduction coefficient: 0,000, Error: 0,0000 s
abr 04, 2013 12:33:00 PM org.ros.time.RemoteUptimeClock update
INFO: Latency: 7,0000 s, Delta ratio: 1,0000, Drift: 1,000, Error reduction coefficient: 0,000, Error: 0,0000 s
abr 04, 2013 12:33:00 PM org.ros.time.RemoteUptimeClock update
INFO: Latency: 7,0000 s, Delta ratio: 1,0000, Drift: 1,000, Error reduction coefficient: 0,000, Error: 0,0000 s
abr 04, 2013 12:33:00 PM org.ros.time.RemoteUptimeClock update
INFO: Latency: 7,0000 s, Delta ratio: 1,0000, Drift: 1,000, Error reduction coefficient: 0,000, Error: 0,0000 s
abr 04, 2013 12:33:00 PM org.ros.time.RemoteUptimeClock update
INFO: Latency: 7,0000 s, Delta ratio: 1,0000, Drift: 1,000, Error reduction coefficient: 0,000, Error: 0,0000 s
abr 04, 2013 12:33:00 PM org.ros.time.RemoteUptimeClock update
INFO: Latency: 7,0000 s, Delta ratio: 1,0000, Drift: 1,000, Error reduction coefficient: 0,000, Error: 0,0000 s
abr 04, 2013 12:33:00 PM org.ros.time.RemoteUptimeClock update
INFO: Latency: 7,0000 s, Delta ratio: 1,0000, Drift: 1,000, Error reduction coefficient: 0,000, Error: 0,0000 s
abr 04, 2013 12:33:00 PM org.ros.time.RemoteUptimeClock update
INFO: Latency: 7,0000 s, Delta ratio: 1,0000, Drift: 1,000, Error reduction coefficient: 0,000, Error: 0,0000 s
abr 04, 2013 12:33:00 PM org.ros.time.RemoteUptimeClock update
INFO: Latency: 7,0000 s, Delta ratio: 1,0000, Drift: 1,000, Error reduction coefficient: 0,000, Error: 0,0000 s
abr 04, 2013 12:33:00 PM org.ros.time.RemoteUptimeClock update
INFO: Latency: 7,0000 s, Delta ratio: 1,0000, Drift: 1,000, Error reduction coefficient: 0,000, Error: 0,0000 s
abr 04, 2013 12:33:00 PM org.ros.time.RemoteUptimeClock update
INFO: Latency: 7,0000 s, Delta ratio: 1,0000, Drift: 1,000, Error reduction coefficient: 0,000, Error: 0,0000 s
abr 04, 2013 12:33:00 PM org.ros.time.RemoteUptimeClock update
INFO: Latency: 7,0000 s, Delta ratio: 1,0000, Drift: 1,000, Error reduction coefficient: 0,000, Error: 0,0000 s
abr 04, 2013 12:33:00 PM org.ros.time.RemoteUptimeClock update
INFO: Latency: 7,0000 s, Delta ratio: 1,0000, Drift: 1,000, Error reduction coefficient: 0,000, Error: 0,0000 s
abr 04, 2013 12:33:00 PM org.ros.time.RemoteUptimeClock update
INFO: Latency: 7,0000 s, Delta ratio: 1,0000, Drift: 1,000, Error reduction coefficient: 0,000, Error: 0,0000 s
abr 04, 2013 12:33:00 PM org.ros.time.RemoteUptimeClock update
INFO: Latency: 7,0000 s, Delta ratio: 1,0000, Drift: 1,000, Error reduction coefficient: 0,000, Error: 0,0000 s
abr 04, 2013 12:33:00 PM org.ros.time.RemoteUptimeClock update
INFO: Latency: 7,0000 s, Delta ratio: 1,0000, Drift: 1,000, Error reduction coefficient: 0,000, Error: 0,0000 s
abr 04, 2013 12:33:00 PM org.ros.time.RemoteUptimeClock update
INFO: Latency: 7,0000 s, Delta ratio: 1,0000, Drift: 1,000, Error reduction coefficient: 0,000, Error: 0,0000 s
abr 04, 2013 12:33:00 PM org.ros.time.RemoteUptimeClock update
INFO: Latency: 7,0000 s, Delta ratio: 1,0000, Drift: 1,000, Error reduction coefficient: 0,000, Error: 0,0000 s
abr 04, 2013 12:33:00 PM org.ros.time.RemoteUptimeClock update
INFO: Latency: 7,0000 s, Delta ratio: 1,0000, Drift: 1,000, Error reduction coefficient: 0,000, Error: 0,0000 s
abr 04, 2013 12:33:00 PM org.ros.time.RemoteUptimeClock update
INFO: Latency: 7,0000 s, Delta ratio: 1,0000, Drift: 1,000, Error reduction coefficient: 0,000, Error: 0,0000 s
abr 04, 2013 12:33:00 PM org.ros.time.RemoteUptimeClock update
INFO: Latency: 7,0000 s, Delta ratio: 1,0000, Drift: 1,000, Error reduction coefficient: 0,000, Error: 0,0000 s
abr 04, 2013 12:33:00 PM org.ros.time.RemoteUptimeClock update
INFO: Latency: 7,0000 s, Delta ratio: 1,0000, Drift: 1,000, Error reduction coefficient: 0,000, Error: 0,0000 s
abr 04, 2013 12:33:00 PM org.ros.time.RemoteUptimeClock update
INFO: Latency: 7,0000 s, Delta ratio: 1,0000, Drift: 1,000, Error reduction coefficient: 0,000, Error: 0,0000 s
abr 04, 2013 12:33:00 PM org.ros.time.RemoteUptimeClock update
INFO: Latency: 7,0000 s, Delta ratio: 1,0000, Drift: 1,000, Error reduction coefficient: 0,000, Error: 0,0000 s
abr 04, 2013 12:33:00 PM org.ros.time.RemoteUptimeClock update
INFO: Latency: 7,0000 s, Delta ratio: 1,0000, Drift: 1,000, Error reduction coefficient: 0,000, Error: 0,0000 s
abr 04, 2013 12:33:00 PM org.ros.time.RemoteUptimeClock update
INFO: Latency: 7,0000 s, Delta ratio: 1,0000, Drift: 1,000, Error reduction coefficient: 0,000, Error: 0,0000 s
abr 04, 2013 12:33:00 PM org.ros.time.RemoteUptimeClock update
INFO: Latency: 7,0000 s, Delta ratio: 1,0000, Drift: 1,000, Error reduction coefficient: 0,000, Error: 0,0000 s
abr 04, 2013 12:33:00 PM org.ros.time.RemoteUptimeClock update
INFO: Latency: 7,0000 s, Delta ratio: 1,0000, Drift: 1,000, Error reduction coefficient: 0,000, Error: 0,0000 s
abr 04, 2013 12:33:00 PM org.ros.time.RemoteUptimeClock update
INFO: Latency: 7,0000 s, Delta ratio: 1,0000, Drift: 1,000, Error reduction coefficient: 0,000, Error: 0,0000 s
abr 04, 2013 12:33:00 PM org.ros.time.RemoteUptimeClock update
INFO: Latency: 7,0000 s, Delta ratio: 1,0000, Drift: 1,000, Error reduction coefficient: 0,000, Error: 0,0000 s
abr 04, 2013 12:33:00 PM org.ros.time.RemoteUptimeClock update
INFO: Latency: 7,0000 s, Delta ratio: 1,0000, Drift: 1,000, Error reduction coefficient: 0,000, Error: 0,0000 s
abr 04, 2013 12:33:00 PM org.ros.time.RemoteUptimeClock update
INFO: Latency: 7,0000 s, Delta ratio: 1,0000, Drift: 1,000, Error reduction coefficient: 0,000, Error: 0,0000 s
abr 04, 2013 12:33:00 PM org.ros.time.RemoteUptimeClock update
INFO: Latency: 7,0000 s, Delta ratio: 1,0000, Drift: 1,000, Error reduction coefficient: 0,000, Error: 0,0000 s
abr 04, 2013 12:33:00 PM org.ros.time.RemoteUptimeClock update
INFO: Latency: 7,0000 s, Delta ratio: 1,0000, Drift: 1,000, Error reduction coefficient: 0,000, Error: 0,0000 s
abr 04, 2013 12:33:00 PM org.ros.time.RemoteUptimeClock update
INFO: Latency: 7,0000 s, Delta ratio: 1,0000, Drift: 1,000, Error reduction coefficient: 0,000, Error: 0,0000 s
abr 04, 2013 12:33:00 PM org.ros.time.RemoteUptimeClock update
INFO: Latency: 7,0000 s, Delta ratio: 1,0000, Drift: 1,000, Error reduction coefficient: 0,000, Error: 0,0000 s
abr 04, 2013 12:33:00 PM org.ros.time.RemoteUptimeClock update
INFO: Latency: 7,0000 s, Delta ratio: 1,0000, Drift: 1,000, Error reduction coefficient: 0,000, Error: 0,0000 s
abr 04, 2013 12:33:00 PM org.ros.time.RemoteUptimeClock update
INFO: Latency: 7,0000 s, Delta ratio: 1,0000, Drift: 1,000, Error reduction coefficient: 0,000, Error: 0,0000 s
abr 04, 2013 12:33:00 PM org.ros.time.RemoteUptimeClock update
INFO: Latency: 7,0000 s, Delta ratio: 1,0000, Drift: 1,000, Error reduction coefficient: 0,000, Error: 0,0000 s
abr 04, 2013 12:33:00 PM org.ros.time.RemoteUptimeClock update
INFO: Latency: 7,0000 s, Delta ratio: 1,0000, Drift: 1,000, Error reduction coefficient: 0,000, Error: 0,0000 s
abr 04, 2013 12:33:00 PM org.ros.time.RemoteUptimeClock update
INFO: Latency: 7,0000 s, Delta ratio: 1,0000, Drift: 1,000, Error reduction coefficient: 0,000, Error: 0,0000 s
abr 04, 2013 12:33:00 PM org.ros.time.RemoteUptimeClock update
INFO: Latency: 7,0000 s, Delta ratio: 1,0000, Drift: 1,000, Error reduction coefficient: 0,000, Error: 0,0000 s
abr 04, 2013 12:33:00 PM org.ros.time.RemoteUptimeClock update
INFO: Latency: 7,0000 s, Delta ratio: 1,0000, Drift: 1,000, Error reduction coefficient: 0,000, Error: 0,0000 s
abr 04, 2013 12:33:00 PM org.ros.time.RemoteUptimeClock update
INFO: Latency: 7,0000 s, Delta ratio: 1,0000, Drift: 1,000, Error reduction coefficient: 0,000, Error: 0,0000 s
abr 04, 2013 12:33:00 PM org.ros.time.RemoteUptimeClock update
INFO: Latency: 7,0000 s, Delta ratio: 1,0000, Drift: 1,000, Error reduction coefficient: 0,000, Error: 0,0000 s
abr 04, 2013 12:33:00 PM org.ros.time.RemoteUptimeClock update
INFO: Latency: 7,0000 s, Delta ratio: 1,0000, Drift: 1,000, Error reduction coefficient: 0,000, Error: 0,0000 s
abr 04, 2013 12:33:00 PM org.ros.time.RemoteUptimeClock update
INFO: Latency: 7,0000 s, Delta ratio: 1,0000, Drift: 1,000, Error reduction coefficient: 0,000, Error: 0,0000 s
abr 04, 2013 12:33:00 PM org.ros.time.RemoteUptimeClock update
INFO: Latency: 7,0000 s, Delta ratio: 1,0000, Drift: 1,000, Error reduction coefficient: 0,000, Error: 0,0000 s
abr 04, 2013 12:33:00 PM org.ros.time.RemoteUptimeClock update
INFO: Latency: 7,0000 s, Delta ratio: 1,0000, Drift: 1,000, Error reduction coefficient: 0,000, Error: 0,0000 s
abr 04, 2013 12:33:00 PM org.ros.time.RemoteUptimeClock update
INFO: Latency: 7,0000 s, Delta ratio: 1,0000, Drift: 1,000, Error reduction coefficient: 0,000, Error: 0,0000 s
abr 04, 2013 12:33:00 PM org.ros.time.RemoteUptimeClock update
INFO: Latency: 7,0000 s, Delta ratio: 1,0000, Drift: 1,000, Error reduction coefficient: 0,000, Error: 0,0000 s
abr 04, 2013 12:33:00 PM org.ros.time.RemoteUptimeClock update
INFO: Latency: 7,0000 s, Delta ratio: 1,0000, Drift: 1,000, Error reduction coefficient: 0,000, Error: 0,0000 s
abr 04, 2013 12:33:00 PM org.ros.time.RemoteUptimeClock update
INFO: Latency: 7,0000 s, Delta ratio: 1,0000, Drift: 1,000, Error reduction coefficient: 0,000, Error: 0,0000 s
abr 04, 2013 12:33:00 PM org.ros.time.RemoteUptimeClock update
INFO: Latency: 7,0000 s, Delta ratio: 1,0000, Drift: 1,000, Error reduction coefficient: 0,000, Error: 0,0000 s
abr 04, 2013 12:33:00 PM org.ros.time.RemoteUptimeClock update
INFO: Latency: 7,0000 s, Delta ratio: 1,0000, Drift: 1,000, Error reduction coefficient: 0,000, Error: 0,0000 s
abr 04, 2013 12:33:00 PM org.ros.time.RemoteUptimeClock update
INFO: Latency: 7,0000 s, Delta ratio: 1,0000, Drift: 1,000, Error reduction coefficient: 0,000, Error: 0,0000 s
abr 04, 2013 12:33:00 PM org.ros.time.RemoteUptimeClock update
INFO: Latency: 7,0000 s, Delta ratio: 1,0000, Drift: 1,000, Error reduction coefficient: 0,000, Error: 0,0000 s
abr 04, 2013 12:33:00 PM org.ros.time.RemoteUptimeClock update
INFO: Latency: 7,0000 s, Delta ratio: 1,0000, Drift: 1,000, Error reduction coefficient: 0,000, Error: 0,0000 s
abr 04, 2013 12:33:00 PM org.ros.time.RemoteUptimeClock update
INFO: Latency: 7,0000 s, Delta ratio: 1,0000, Drift: 1,000, Error reduction coefficient: 0,000, Error: 0,0000 s
abr 04, 2013 12:33:00 PM org.ros.time.RemoteUptimeClock update
INFO: Latency: 7,0000 s, Delta ratio: 1,0000, Drift: 1,000, Error reduction coefficient: 0,000, Error: 0,0000 s
abr 04, 2013 12:33:00 PM org.ros.time.RemoteUptimeClock update
INFO: Latency: 7,0000 s, Delta ratio: 1,0000, Drift: 1,000, Error reduction coefficient: 0,000, Error: 0,0000 s
abr 04, 2013 12:33:00 PM org.ros.time.RemoteUptimeClock update
INFO: Latency: 7,0000 s, Delta ratio: 1,0000, Drift: 1,000, Error reduction coefficient: 0,000, Error: 0,0000 s
abr 04, 2013 12:33:00 PM org.ros.time.RemoteUptimeClock update
INFO: Latency: 7,0000 s, Delta ratio: 1,0000, Drift: 1,000, Error reduction coefficient: 0,000, Error: 0,0000 s
abr 04, 2013 12:33:00 PM org.ros.time.RemoteUptimeClock update
INFO: Latency: 7,0000 s, Delta ratio: 1,0000, Drift: 1,000, Error reduction coefficient: 0,000, Error: 0,0000 s
abr 04, 2013 12:33:00 PM org.ros.time.RemoteUptimeClock update
INFO: Latency: 7,0000 s, Delta ratio: 1,0000, Drift: 1,000, Error reduction coefficient: 0,000, Error: 0,0000 s
abr 04, 2013 12:33:00 PM org.ros.time.RemoteUptimeClock update
INFO: Latency: 7,0000 s, Delta ratio: 1,0000, Drift: 1,000, Error reduction coefficient: 0,000, Error: 0,0000 s
abr 04, 2013 12:33:00 PM org.ros.time.RemoteUptimeClock update
INFO: Latency: 7,0000 s, Delta ratio: 1,0000, Drift: 1,000, Error reduction coefficient: 0,000, Error: 0,0000 s
abr 04, 2013 12:33:00 PM org.ros.time.RemoteUptimeClock update
INFO: Latency: 7,0000 s, Delta ratio: 1,0000, Drift: 1,000, Error reduction coefficient: 0,000, Error: 0,0000 s
abr 04, 2013 12:33:00 PM org.ros.time.RemoteUptimeClock update
INFO: Latency: 7,0000 s, Delta ratio: 1,0000, Drift: 1,000, Error reduction coefficient: 0,000, Error: 0,0000 s
abr 04, 2013 12:33:00 PM org.ros.time.RemoteUptimeClock update
INFO: Latency: 7,0000 s, Delta ratio: 1,0000, Drift: 1,000, Error reduction coefficient: 0,000, Error: 0,0000 s
abr 04, 2013 12:33:00 PM org.ros.time.RemoteUptimeClock update
INFO: Latency: 7,0000 s, Delta ratio: 1,0000, Drift: 1,000, Error reduction coefficient: 0,000, Error: 0,0000 s
abr 04, 2013 12:33:00 PM org.ros.time.RemoteUptimeClock update
INFO: Latency: 7,0000 s, Delta ratio: 1,0000, Drift: 1,000, Error reduction coefficient: 0,000, Error: 0,0000 s
abr 04, 2013 12:33:00 PM org.ros.time.RemoteUptimeClock update
INFO: Latency: 7,0000 s, Delta ratio: 1,0000, Drift: 1,000, Error reduction coefficient: 0,000, Error: 0,0000 s
abr 04, 2013 12:33:00 PM org.ros.time.RemoteUptimeClock update
INFO: Latency: 7,0000 s, Delta ratio: 1,0000, Drift: 1,000, Error reduction coefficient: 0,000, Error: 0,0000 s
abr 04, 2013 12:33:00 PM org.ros.time.RemoteUptimeClock update
INFO: Latency: 7,0000 s, Delta ratio: 1,0000, Drift: 1,000, Error reduction coefficient: 0,000, Error: 0,0000 s
abr 04, 2013 12:33:00 PM org.ros.time.RemoteUptimeClock update
INFO: Latency: 7,0000 s, Delta ratio: 1,0000, Drift: 1,000, Error reduction coefficient: 0,000, Error: 0,0000 s
abr 04, 2013 12:33:00 PM org.ros.time.RemoteUptimeClock update
INFO: Latency: 7,0000 s, Delta ratio: 1,0000, Drift: 1,000, Error reduction coefficient: 0,000, Error: 0,0000 s
abr 04, 2013 12:33:00 PM org.ros.time.RemoteUptimeClock update
INFO: Latency: 7,0000 s, Delta ratio: 1,0000, Drift: 1,000, Error reduction coefficient: 0,000, Error: 0,0000 s
abr 04, 2013 12:33:00 PM org.ros.time.RemoteUptimeClock update
INFO: Latency: 7,0000 s, Delta ratio: 1,0000, Drift: 1,000, Error reduction coefficient: 0,000, Error: 0,0000 s
abr 04, 2013 12:33:00 PM org.ros.time.RemoteUptimeClock update
INFO: Latency: 7,0000 s, Delta ratio: 1,0000, Drift: 1,000, Error reduction coefficient: 0,000, Error: 0,0000 s
abr 04, 2013 12:33:00 PM org.ros.time.RemoteUptimeClock update
INFO: Latency: 7,0000 s, Delta ratio: 1,0000, Drift: 1,000, Error reduction coefficient: 0,000, Error: 0,0000 s
abr 04, 2013 12:33:00 PM org.ros.time.RemoteUptimeClock update
INFO: Latency: 7,0000 s, Delta ratio: 1,0000, Drift: 1,000, Error reduction coefficient: 0,000, Error: 0,0000 s
abr 04, 2013 12:33:00 PM org.ros.time.RemoteUptimeClock update
INFO: Latency: 7,0000 s, Delta ratio: 1,0000, Drift: 1,000, Error reduction coefficient: 0,000, Error: 0,0000 s
abr 04, 2013 12:33:00 PM org.ros.time.RemoteUptimeClock update
INFO: Latency: 7,0000 s, Delta ratio: 1,0000, Drift: 1,000, Error reduction coefficient: 0,000, Error: 0,0000 s
abr 04, 2013 12:33:00 PM org.ros.time.RemoteUptimeClock update
INFO: Latency: 7,0000 s, Delta ratio: 1,0000, Drift: 1,000, Error reduction coefficient: 0,000, Error: 0,0000 s
abr 04, 2013 12:33:00 PM org.ros.time.RemoteUptimeClock update
INFO: Latency: 7,0000 s, Delta ratio: 1,0000, Drift: 1,000, Error reduction coefficient: 0,000, Error: 0,0000 s
abr 04, 2013 12:33:00 PM org.ros.time.RemoteUptimeClock update
INFO: Latency: 7,0000 s, Delta ratio: 1,0000, Drift: 1,000, Error reduction coefficient: 0,000, Error: 0,0000 s
abr 04, 2013 12:33:00 PM org.ros.time.RemoteUptimeClock update
INFO: Latency: 7,0000 s, Delta ratio: 1,0000, Drift: 1,000, Error reduction coefficient: 0,000, Error: 0,0000 s
abr 04, 2013 12:33:00 PM org.ros.time.RemoteUptimeClock update
INFO: Latency: 7,0000 s, Delta ratio: 1,0000, Drift: 1,000, Error reduction coefficient: 0,000, Error: 0,0000 s
abr 04, 2013 12:33:00 PM org.ros.time.RemoteUptimeClock update
INFO: Latency: 7,0000 s, Delta ratio: 1,0000, Drift: 1,000, Error reduction coefficient: 0,000, Error: 0,0000 s
abr 04, 2013 12:33:00 PM org.ros.time.RemoteUptimeClock update
INFO: Latency: 7,0000 s, Delta ratio: 1,0000, Drift: 1,000, Error reduction coefficient: 0,000, Error: 0,0000 s
abr 04, 2013 12:33:00 PM org.ros.time.RemoteUptimeClock update
INFO: Latency: 7,0000 s, Delta ratio: 1,0000, Drift: 1,000, Error reduction coefficient: 0,000, Error: 0,0000 s
abr 04, 2013 12:33:00 PM org.ros.time.RemoteUptimeClock update
INFO: Latency: 7,0000 s, Delta ratio: 1,0000, Drift: 1,000, Error reduction coefficient: 0,000, Error: 0,0000 s
abr 04, 2013 12:33:00 PM org.ros.time.RemoteUptimeClock update
INFO: Latency: 7,0000 s, Delta ratio: 1,0000, Drift: 1,000, Error reduction coefficient: 0,000, Error: 0,0000 s
abr 04, 2013 12:33:00 PM org.ros.time.RemoteUptimeClock update
INFO: Latency: 7,0000 s, Delta ratio: 1,0000, Drift: 1,000, Error reduction coefficient: 0,000, Error: 0,0000 s
abr 04, 2013 12:33:00 PM org.ros.time.RemoteUptimeClock update
INFO: Latency: 7,0000 s, Delta ratio: 1,0000, Drift: 1,000, Error reduction coefficient: 0,000, Error: 0,0000 s
abr 04, 2013 12:33:00 PM org.ros.time.RemoteUptimeClock update
INFO: Latency: 7,0000 s, Delta ratio: 1,0000, Drift: 1,000, Error reduction coefficient: 0,000, Error: 0,0000 s
abr 04, 2013 12:33:00 PM org.ros.time.RemoteUptimeClock update
INFO: Latency: 7,0000 s, Delta ratio: 1,0000, Drift: 1,000, Error reduction coefficient: 0,000, Error: 0,0000 s
abr 04, 2013 12:33:00 PM org.ros.time.RemoteUptimeClock update
INFO: Latency: 7,0000 s, Delta ratio: 1,0000, Drift: 1,000, Error reduction coefficient: 0,000, Error: 0,0000 s
abr 04, 2013 12:33:00 PM org.ros.time.RemoteUptimeClock update
INFO: Latency: 7,0000 s, Delta ratio: 1,0000, Drift: 1,000, Error reduction coefficient: 0,000, Error: 0,0000 s
abr 04, 2013 12:33:00 PM org.ros.time.RemoteUptimeClock update
INFO: Latency: 7,0000 s, Delta ratio: 1,0000, Drift: 1,000, Error reduction coefficient: 0,000, Error: 0,0000 s
abr 04, 2013 12:33:00 PM org.ros.time.RemoteUptimeClock update
INFO: Latency: 7,0000 s, Delta ratio: 1,0000, Drift: 1,000, Error reduction coefficient: 0,000, Error: 0,0000 s
abr 04, 2013 12:33:00 PM org.ros.time.RemoteUptimeClock update
INFO: Latency: 7,0000 s, Delta ratio: 1,0000, Drift: 1,000, Error reduction coefficient: 0,000, Error: 0,0000 s
abr 04, 2013 12:33:00 PM org.ros.time.RemoteUptimeClock update
INFO: Latency: 7,0000 s, Delta ratio: 1,0000, Drift: 1,000, Error reduction coefficient: 0,000, Error: 0,0000 s
abr 04, 2013 12:33:00 PM org.ros.time.RemoteUptimeClock update
INFO: Latency: 7,0000 s, Delta ratio: 1,0000, Drift: 1,000, Error reduction coefficient: 0,000, Error: 0,0000 s
abr 04, 2013 12:33:00 PM org.ros.time.RemoteUptimeClock update
INFO: Latency: 7,0000 s, Delta ratio: 1,0000, Drift: 1,000, Error reduction coefficient: 0,000, Error: 0,0000 s
abr 04, 2013 12:33:00 PM org.ros.time.RemoteUptimeClock update
INFO: Latency: 7,0000 s, Delta ratio: 1,0000, Drift: 1,000, Error reduction coefficient: 0,000, Error: 0,0000 s
abr 04, 2013 12:33:00 PM org.ros.time.RemoteUptimeClock update
INFO: Latency: 7,0000 s, Delta ratio: 1,0000, Drift: 1,000, Error reduction coefficient: 0,000, Error: 0,0000 s
abr 04, 2013 12:33:00 PM org.ros.time.RemoteUptimeClock update
INFO: Latency: 7,0000 s, Delta ratio: 1,0000, Drift: 1,000, Error reduction coefficient: 0,000, Error: 0,0000 s
abr 04, 2013 12:33:00 PM org.ros.time.RemoteUptimeClock update
INFO: Latency: 7,0000 s, Delta ratio: 1,0000, Drift: 1,000, Error reduction coefficient: 0,000, Error: 0,0000 s
abr 04, 2013 12:33:00 PM org.ros.time.RemoteUptimeClock update
INFO: Latency: 7,0000 s, Delta ratio: 1,0000, Drift: 1,000, Error reduction coefficient: 0,000, Error: 0,0000 s
abr 04, 2013 12:33:00 PM org.ros.time.RemoteUptimeClock update
INFO: Latency: 7,0000 s, Delta ratio: 1,0000, Drift: 1,000, Error reduction coefficient: 0,000, Error: 0,0000 s
abr 04, 2013 12:33:00 PM org.ros.time.RemoteUptimeClock update
INFO: Latency: 7,0000 s, Delta ratio: 1,0000, Drift: 1,000, Error reduction coefficient: 0,000, Error: 0,0000 s
abr 04, 2013 12:33:00 PM org.ros.time.RemoteUptimeClock update
INFO: Latency: 7,0000 s, Delta ratio: 1,0000, Drift: 1,000, Error reduction coefficient: 0,000, Error: 0,0000 s
abr 04, 2013 12:33:00 PM org.ros.time.RemoteUptimeClock update
INFO: Latency: 7,0000 s, Delta ratio: 1,0000, Drift: 1,000, Error reduction coefficient: 0,000, Error: 0,0000 s
abr 04, 2013 12:33:00 PM org.ros.time.RemoteUptimeClock update
INFO: Latency: 7,0000 s, Delta ratio: 1,0000, Drift: 1,000, Error reduction coefficient: 0,000, Error: 0,0000 s
abr 04, 2013 12:33:00 PM org.ros.time.RemoteUptimeClock update
INFO: Latency: 7,0000 s, Delta ratio: 1,0000, Drift: 1,000, Error reduction coefficient: 0,000, Error: 0,0000 s
abr 04, 2013 12:33:00 PM org.ros.time.RemoteUptimeClock update
INFO: Latency: 7,0000 s, Delta ratio: 1,0000, Drift: 1,000, Error reduction coefficient: 0,000, Error: 0,0000 s
abr 04, 2013 12:33:00 PM org.ros.time.RemoteUptimeClock update
INFO: Latency: 7,0000 s, Delta ratio: 1,0000, Drift: 1,000, Error reduction coefficient: 0,000, Error: 0,0000 s
abr 04, 2013 12:33:00 PM org.ros.time.RemoteUptimeClock update
INFO: Latency: 7,0000 s, Delta ratio: 1,0000, Drift: 1,000, Error reduction coefficient: 0,000, Error: 0,0000 s
abr 04, 2013 12:33:00 PM org.ros.time.RemoteUptimeClock update
INFO: Latency: 7,0000 s, Delta ratio: 1,0000, Drift: 1,000, Error reduction coefficient: 0,000, Error: 0,0000 s
abr 04, 2013 12:33:00 PM org.ros.time.RemoteUptimeClock update
INFO: Latency: 7,0000 s, Delta ratio: 1,0000, Drift: 1,000, Error reduction coefficient: 0,000, Error: 0,0000 s
abr 04, 2013 12:33:00 PM org.ros.time.RemoteUptimeClock update
INFO: Latency: 7,0000 s, Delta ratio: 1,0000, Drift: 1,000, Error reduction coefficient: 0,000, Error: 0,0000 s
abr 04, 2013 12:33:00 PM org.ros.time.RemoteUptimeClock update
INFO: Latency: 7,0000 s, Delta ratio: 1,0000, Drift: 1,000, Error reduction coefficient: 0,000, Error: 0,0000 s
abr 04, 2013 12:33:00 PM org.ros.time.RemoteUptimeClock update
INFO: Latency: 7,0000 s, Delta ratio: 1,0000, Drift: 1,000, Error reduction coefficient: 0,000, Error: 0,0000 s
abr 04, 2013 12:33:00 PM org.ros.time.RemoteUptimeClock update
INFO: Latency: 7,0000 s, Delta ratio: 1,0000, Drift: 1,000, Error reduction coefficient: 0,000, Error: 0,0000 s
abr 04, 2013 12:33:00 PM org.ros.time.RemoteUptimeClock update
INFO: Latency: 7,0000 s, Delta ratio: 1,0000, Drift: 1,000, Error reduction coefficient: 0,000, Error: 0,0000 s
abr 04, 2013 12:33:00 PM org.ros.time.RemoteUptimeClock update
INFO: Latency: 7,0000 s, Delta ratio: 1,0000, Drift: 1,000, Error reduction coefficient: 0,000, Error: 0,0000 s
abr 04, 2013 12:33:00 PM org.ros.time.RemoteUptimeClock update
INFO: Latency: 7,0000 s, Delta ratio: 1,0000, Drift: 1,000, Error reduction coefficient: 0,000, Error: 0,0000 s
abr 04, 2013 12:33:00 PM org.ros.time.RemoteUptimeClock update
INFO: Latency: 7,0000 s, Delta ratio: 1,0000, Drift: 1,000, Error reduction coefficient: 0,000, Error: 0,0000 s
abr 04, 2013 12:33:00 PM org.ros.time.RemoteUptimeClock update
INFO: Latency: 7,0000 s, Delta ratio: 1,0000, Drift: 1,000, Error reduction coefficient: 0,000, Error: 0,0000 s
abr 04, 2013 12:33:00 PM org.ros.time.RemoteUptimeClock update
INFO: Latency: 7,0000 s, Delta ratio: 1,0000, Drift: 1,000, Error reduction coefficient: 0,000, Error: 0,0000 s
abr 04, 2013 12:33:00 PM org.ros.time.RemoteUptimeClock update
INFO: Latency: 7,0000 s, Delta ratio: 1,0000, Drift: 1,000, Error reduction coefficient: 0,000, Error: 0,0000 s
abr 04, 2013 12:33:00 PM org.ros.time.RemoteUptimeClock update
INFO: Latency: 7,0000 s, Delta ratio: 1,0000, Drift: 1,000, Error reduction coefficient: 0,000, Error: 0,0000 s
abr 04, 2013 12:33:00 PM org.ros.time.RemoteUptimeClock update
INFO: Latency: 7,0000 s, Delta ratio: 1,0000, Drift: 1,000, Error reduction coefficient: 0,000, Error: 0,0000 s
abr 04, 2013 12:33:00 PM org.ros.time.RemoteUptimeClock update
INFO: Latency: 7,0000 s, Delta ratio: 1,0000, Drift: 1,000, Error reduction coefficient: 0,000, Error: 0,0000 s
abr 04, 2013 12:33:00 PM org.ros.time.RemoteUptimeClock update
INFO: Latency: 7,0000 s, Delta ratio: 1,0000, Drift: 1,000, Error reduction coefficient: 0,000, Error: 0,0000 s
abr 04, 2013 12:33:00 PM org.ros.time.RemoteUptimeClock update
INFO: Latency: 7,0000 s, Delta ratio: 1,0000, Drift: 1,000, Error reduction coefficient: 0,000, Error: 0,0000 s
abr 04, 2013 12:33:00 PM org.ros.time.RemoteUptimeClock update
INFO: Latency: 7,0000 s, Delta ratio: 1,0000, Drift: 1,000, Error reduction coefficient: 0,000, Error: 0,0000 s
abr 04, 2013 12:33:00 PM org.ros.time.RemoteUptimeClock update
INFO: Latency: 7,0000 s, Delta ratio: 1,0000, Drift: 1,000, Error reduction coefficient: 0,000, Error: 0,0000 s
abr 04, 2013 12:33:00 PM org.ros.time.RemoteUptimeClock update
INFO: Latency: 7,0000 s, Delta ratio: 1,0000, Drift: 1,000, Error reduction coefficient: 0,000, Error: 0,0000 s
abr 04, 2013 12:33:00 PM org.ros.time.RemoteUptimeClock update
INFO: Latency: 7,0000 s, Delta ratio: 1,0000, Drift: 1,000, Error reduction coefficient: 0,000, Error: 0,0000 s
abr 04, 2013 12:33:00 PM org.ros.time.RemoteUptimeClock update
INFO: Latency: 7,0000 s, Delta ratio: 1,0000, Drift: 1,000, Error reduction coefficient: 0,000, Error: 0,0000 s
abr 04, 2013 12:33:00 PM org.ros.time.RemoteUptimeClock update
INFO: Latency: 7,0000 s, Delta ratio: 1,0000, Drift: 1,000, Error reduction coefficient: 0,000, Error: 0,0000 s
abr 04, 2013 12:33:00 PM org.ros.time.RemoteUptimeClock update
INFO: Latency: 7,0000 s, Delta ratio: 1,0000, Drift: 1,000, Error reduction coefficient: 0,000, Error: 0,0000 s
abr 04, 2013 12:33:00 PM org.ros.time.RemoteUptimeClock update
INFO: Latency: 7,0000 s, Delta ratio: 1,0000, Drift: 1,000, Error reduction coefficient: 0,000, Error: 0,0000 s
abr 04, 2013 12:33:00 PM org.ros.time.RemoteUptimeClock update
INFO: Latency: 7,0000 s, Delta ratio: 1,0000, Drift: 1,000, Error reduction coefficient: 0,000, Error: 0,0000 s
abr 04, 2013 12:33:00 PM org.ros.time.RemoteUptimeClock update
INFO: Latency: 7,0000 s, Delta ratio: 1,0000, Drift: 1,000, Error reduction coefficient: 0,000, Error: 0,0000 s
abr 04, 2013 12:33:00 PM org.ros.time.RemoteUptimeClock update
INFO: Latency: 7,0000 s, Delta ratio: 1,0000, Drift: 1,000, Error reduction coefficient: 0,000, Error: 0,0000 s
abr 04, 2013 12:33:00 PM org.ros.time.RemoteUptimeClock update
INFO: Latency: 7,0000 s, Delta ratio: 1,0000, Drift: 1,000, Error reduction coefficient: 0,000, Error: 0,0000 s
abr 04, 2013 12:33:00 PM org.ros.time.RemoteUptimeClock update
INFO: Latency: 7,0000 s, Delta ratio: 1,0000, Drift: 1,000, Error reduction coefficient: 0,000, Error: 0,0000 s
abr 04, 2013 12:33:00 PM org.ros.time.RemoteUptimeClock update
INFO: Latency: 7,0000 s, Delta ratio: 1,0000, Drift: 1,000, Error reduction coefficient: 0,000, Error: 0,0000 s
abr 04, 2013 12:33:00 PM org.ros.time.RemoteUptimeClock update
INFO: Latency: 7,0000 s, Delta ratio: 1,0000, Drift: 1,000, Error reduction coefficient: 0,000, Error: 0,0000 s
abr 04, 2013 12:33:00 PM org.ros.time.RemoteUptimeClock update
INFO: Latency: 7,0000 s, Delta ratio: 1,0000, Drift: 1,000, Error reduction coefficient: 0,000, Error: 0,0000 s
abr 04, 2013 12:33:00 PM org.ros.time.RemoteUptimeClock update
INFO: Latency: 7,0000 s, Delta ratio: 1,0000, Drift: 1,000, Error reduction coefficient: 0,000, Error: 0,0000 s
abr 04, 2013 12:33:00 PM org.ros.time.RemoteUptimeClock update
INFO: Latency: 7,0000 s, Delta ratio: 1,0000, Drift: 1,000, Error reduction coefficient: 0,000, Error: 0,0000 s
abr 04, 2013 12:33:00 PM org.ros.time.RemoteUptimeClock update
INFO: Latency: 7,0000 s, Delta ratio: 1,0000, Drift: 1,000, Error reduction coefficient: 0,000, Error: 0,0000 s
abr 04, 2013 12:33:00 PM org.ros.time.RemoteUptimeClock update
INFO: Latency: 7,0000 s, Delta ratio: 1,0000, Drift: 1,000, Error reduction coefficient: 0,000, Error: 0,0000 s
abr 04, 2013 12:33:00 PM org.ros.time.RemoteUptimeClock update
INFO: Latency: 7,0000 s, Delta ratio: 1,0000, Drift: 1,000, Error reduction coefficient: 0,000, Error: 0,0000 s
abr 04, 2013 12:33:00 PM org.ros.time.RemoteUptimeClock update
INFO: Latency: 7,0000 s, Delta ratio: 1,0000, Drift: 1,000, Error reduction coefficient: 0,000, Error: 0,0000 s
abr 04, 2013 12:33:00 PM org.ros.time.RemoteUptimeClock update
INFO: Latency: 7,0000 s, Delta ratio: 1,0000, Drift: 1,000, Error reduction coefficient: 0,000, Error: 0,0000 s
abr 04, 2013 12:33:00 PM org.ros.time.RemoteUptimeClock update
INFO: Latency: 7,0000 s, Delta ratio: 1,0000, Drift: 1,000, Error reduction coefficient: 0,000, Error: 0,0000 s
abr 04, 2013 12:33:00 PM org.ros.time.RemoteUptimeClock update
INFO: Latency: 7,0000 s, Delta ratio: 1,0000, Drift: 1,000, Error reduction coefficient: 0,000, Error: 0,0000 s
abr 04, 2013 12:33:00 PM org.ros.time.RemoteUptimeClock update
INFO: Latency: 7,0000 s, Delta ratio: 1,0000, Drift: 1,000, Error reduction coefficient: 0,000, Error: 0,0000 s
abr 04, 2013 12:33:00 PM org.ros.time.RemoteUptimeClock update
INFO: Latency: 7,0000 s, Delta ratio: 1,0000, Drift: 1,000, Error reduction coefficient: 0,000, Error: 0,0000 s
abr 04, 2013 12:33:00 PM org.ros.time.RemoteUptimeClock update
INFO: Latency: 7,0000 s, Delta ratio: 1,0000, Drift: 1,000, Error reduction coefficient: 0,000, Error: 0,0000 s
abr 04, 2013 12:33:00 PM org.ros.time.RemoteUptimeClock update
INFO: Latency: 7,0000 s, Delta ratio: 1,0000, Drift: 1,000, Error reduction coefficient: 0,000, Error: 0,0000 s
abr 04, 2013 12:33:00 PM org.ros.time.RemoteUptimeClock update
INFO: Latency: 7,0000 s, Delta ratio: 1,0000, Drift: 1,000, Error reduction coefficient: 0,000, Error: 0,0000 s
abr 04, 2013 12:33:00 PM org.ros.time.RemoteUptimeClock update
INFO: Latency: 7,0000 s, Delta ratio: 1,0000, Drift: 1,000, Error reduction coefficient: 0,000, Error: 0,0000 s
abr 04, 2013 12:33:00 PM org.ros.time.RemoteUptimeClock update
INFO: Latency: 7,0000 s, Delta ratio: 1,0000, Drift: 1,000, Error reduction coefficient: 0,000, Error: 0,0000 s
abr 04, 2013 12:33:00 PM org.ros.time.RemoteUptimeClock update
INFO: Latency: 7,0000 s, Delta ratio: 1,0000, Drift: 1,000, Error reduction coefficient: 0,000, Error: 0,0000 s
abr 04, 2013 12:33:00 PM org.ros.time.RemoteUptimeClock update
INFO: Latency: 7,0000 s, Delta ratio: 1,0000, Drift: 1,000, Error reduction coefficient: 0,000, Error: 0,0000 s
abr 04, 2013 12:33:00 PM org.ros.time.RemoteUptimeClock update
INFO: Latency: 7,0000 s, Delta ratio: 1,0000, Drift: 1,000, Error reduction coefficient: 0,000, Error: 0,0000 s
abr 04, 2013 12:33:00 PM org.ros.time.RemoteUptimeClock update
INFO: Latency: 7,0000 s, Delta ratio: 1,0000, Drift: 1,000, Error reduction coefficient: 0,000, Error: 0,0000 s
abr 04, 2013 12:33:00 PM org.ros.time.RemoteUptimeClock update
INFO: Latency: 7,0000 s, Delta ratio: 1,0000, Drift: 1,000, Error reduction coefficient: 0,000, Error: 0,0000 s
abr 04, 2013 12:33:00 PM org.ros.time.RemoteUptimeClock update
INFO: Latency: 7,0000 s, Delta ratio: 1,0000, Drift: 1,000, Error reduction coefficient: 0,000, Error: 0,0000 s
abr 04, 2013 12:33:00 PM org.ros.time.RemoteUptimeClock update
INFO: Latency: 7,0000 s, Delta ratio: 1,0000, Drift: 1,000, Error reduction coefficient: 0,000, Error: 0,0000 s
abr 04, 2013 12:33:00 PM org.ros.time.RemoteUptimeClock update
INFO: Latency: 7,0000 s, Delta ratio: 1,0000, Drift: 1,000, Error reduction coefficient: 0,000, Error: 0,0000 s
abr 04, 2013 12:33:00 PM org.ros.time.RemoteUptimeClock update
INFO: Latency: 7,0000 s, Delta ratio: 1,0000, Drift: 1,000, Error reduction coefficient: 0,000, Error: 0,0000 s
abr 04, 2013 12:33:00 PM org.ros.time.RemoteUptimeClock update
INFO: Latency: 7,0000 s, Delta ratio: 1,0000, Drift: 1,000, Error reduction coefficient: 0,000, Error: 0,0000 s
abr 04, 2013 12:33:00 PM org.ros.time.RemoteUptimeClock update
INFO: Latency: 7,0000 s, Delta ratio: 1,0000, Drift: 1,000, Error reduction coefficient: 0,000, Error: 0,0000 s
abr 04, 2013 12:33:00 PM org.ros.time.RemoteUptimeClock update
INFO: Latency: 7,0000 s, Delta ratio: 1,0000, Drift: 1,000, Error reduction coefficient: 0,000, Error: 0,0000 s
abr 04, 2013 12:33:00 PM org.ros.time.RemoteUptimeClock update
INFO: Latency: 7,0000 s, Delta ratio: 1,0000, Drift: 1,000, Error reduction coefficient: 0,000, Error: 0,0000 s
abr 04, 2013 12:33:00 PM org.ros.time.RemoteUptimeClock update
INFO: Latency: 7,0000 s, Delta ratio: 1,0000, Drift: 1,000, Error reduction coefficient: 0,000, Error: 0,0000 s
abr 04, 2013 12:33:00 PM org.ros.time.RemoteUptimeClock update
INFO: Latency: 7,0000 s, Delta ratio: 1,0000, Drift: 1,000, Error reduction coefficient: 0,000, Error: 0,0000 s
abr 04, 2013 12:33:00 PM org.ros.time.RemoteUptimeClock update
INFO: Latency: 7,0000 s, Delta ratio: 1,0000, Drift: 1,000, Error reduction coefficient: 0,000, Error: 0,0000 s
abr 04, 2013 12:33:00 PM org.ros.time.RemoteUptimeClock update
INFO: Latency: 7,0000 s, Delta ratio: 1,0000, Drift: 1,000, Error reduction coefficient: 0,000, Error: 0,0000 s
abr 04, 2013 12:33:00 PM org.ros.time.RemoteUptimeClock update
INFO: Latency: 7,0000 s, Delta ratio: 1,0000, Drift: 1,000, Error reduction coefficient: 0,000, Error: 0,0000 s
abr 04, 2013 12:33:00 PM org.ros.time.RemoteUptimeClock update
INFO: Latency: 7,0000 s, Delta ratio: 1,0000, Drift: 1,000, Error reduction coefficient: 0,000, Error: 0,0000 s
abr 04, 2013 12:33:00 PM org.ros.time.RemoteUptimeClock update
INFO: Latency: 7,0000 s, Delta ratio: 1,0000, Drift: 1,000, Error reduction coefficient: 0,000, Error: 0,0000 s
abr 04, 2013 12:33:00 PM org.ros.time.RemoteUptimeClock update
INFO: Latency: 7,0000 s, Delta ratio: 1,0000, Drift: 1,000, Error reduction coefficient: 0,000, Error: 0,0000 s
abr 04, 2013 12:33:00 PM org.ros.time.RemoteUptimeClock update
INFO: Latency: 7,0000 s, Delta ratio: 1,0000, Drift: 1,000, Error reduction coefficient: 0,000, Error: 0,0000 s
abr 04, 2013 12:33:00 PM org.ros.time.RemoteUptimeClock update
INFO: Latency: 7,0000 s, Delta ratio: 1,0000, Drift: 1,000, Error reduction coefficient: 0,000, Error: 0,0000 s
abr 04, 2013 12:33:00 PM org.ros.time.RemoteUptimeClock update
INFO: Latency: 7,0000 s, Delta ratio: 1,0000, Drift: 1,000, Error reduction coefficient: 0,000, Error: 0,0000 s
abr 04, 2013 12:33:00 PM org.ros.time.RemoteUptimeClock update
INFO: Latency: 7,0000 s, Delta ratio: 1,0000, Drift: 1,000, Error reduction coefficient: 0,000, Error: 0,0000 s
abr 04, 2013 12:33:00 PM org.ros.time.RemoteUptimeClock update
INFO: Latency: 7,0000 s, Delta ratio: 1,0000, Drift: 1,000, Error reduction coefficient: 0,000, Error: 0,0000 s
abr 04, 2013 12:33:00 PM org.ros.time.RemoteUptimeClock update
INFO: Latency: 7,0000 s, Delta ratio: 1,0000, Drift: 1,000, Error reduction coefficient: 0,000, Error: 0,0000 s
abr 04, 2013 12:33:00 PM org.ros.time.RemoteUptimeClock update
INFO: Latency: 7,0000 s, Delta ratio: 1,0000, Drift: 1,000, Error reduction coefficient: 0,000, Error: 0,0000 s
abr 04, 2013 12:33:00 PM org.ros.time.RemoteUptimeClock update
INFO: Latency: 7,0000 s, Delta ratio: 1,0000, Drift: 1,000, Error reduction coefficient: 0,000, Error: 0,0000 s
abr 04, 2013 12:33:00 PM org.ros.time.RemoteUptimeClock update
INFO: Latency: 7,0000 s, Delta ratio: 1,0000, Drift: 1,000, Error reduction coefficient: 0,000, Error: 0,0000 s
abr 04, 2013 12:33:00 PM org.ros.time.RemoteUptimeClock update
INFO: Latency: 7,0000 s, Delta ratio: 1,0000, Drift: 1,000, Error reduction coefficient: 0,000, Error: 0,0000 s
abr 04, 2013 12:33:00 PM org.ros.time.RemoteUptimeClock update
INFO: Latency: 7,0000 s, Delta ratio: 1,0000, Drift: 1,000, Error reduction coefficient: 0,000, Error: 0,0000 s
abr 04, 2013 12:33:00 PM org.ros.time.RemoteUptimeClock update
INFO: Latency: 7,0000 s, Delta ratio: 1,0000, Drift: 1,000, Error reduction coefficient: 0,000, Error: 0,0000 s
abr 04, 2013 12:33:00 PM org.ros.time.RemoteUptimeClock update
INFO: Latency: 7,0000 s, Delta ratio: 1,0000, Drift: 1,000, Error reduction coefficient: 0,000, Error: 0,0000 s
abr 04, 2013 12:33:00 PM org.ros.time.RemoteUptimeClock update
INFO: Latency: 7,0000 s, Delta ratio: 1,0000, Drift: 1,000, Error reduction coefficient: 0,000, Error: 0,0000 s
abr 04, 2013 12:33:00 PM org.ros.time.RemoteUptimeClock update
INFO: Latency: 7,0000 s, Delta ratio: 1,0000, Drift: 1,000, Error reduction coefficient: 0,000, Error: 0,0000 s
abr 04, 2013 12:33:00 PM org.ros.time.RemoteUptimeClock update
INFO: Latency: 7,0000 s, Delta ratio: 1,0000, Drift: 1,000, Error reduction coefficient: 0,000, Error: 0,0000 s
abr 04, 2013 12:33:00 PM org.ros.time.RemoteUptimeClock update
INFO: Latency: 7,0000 s, Delta ratio: 1,0000, Drift: 1,000, Error reduction coefficient: 0,000, Error: 0,0000 s
abr 04, 2013 12:33:00 PM org.ros.time.RemoteUptimeClock update
INFO: Latency: 7,0000 s, Delta ratio: 1,0000, Drift: 1,000, Error reduction coefficient: 0,000, Error: 0,0000 s
abr 04, 2013 12:33:00 PM org.ros.time.RemoteUptimeClock update
INFO: Latency: 7,0000 s, Delta ratio: 1,0000, Drift: 1,000, Error reduction coefficient: 0,000, Error: 0,0000 s
abr 04, 2013 12:33:00 PM org.ros.time.RemoteUptimeClock update
INFO: Latency: 7,0000 s, Delta ratio: 1,0000, Drift: 1,000, Error reduction coefficient: 0,000, Error: 0,0000 s
abr 04, 2013 12:33:00 PM org.ros.time.RemoteUptimeClock update
INFO: Latency: 7,0000 s, Delta ratio: 1,0000, Drift: 1,000, Error reduction coefficient: 0,000, Error: 0,0000 s
abr 04, 2013 12:33:00 PM org.ros.time.RemoteUptimeClock update
INFO: Latency: 7,0000 s, Delta ratio: 1,0000, Drift: 1,000, Error reduction coefficient: 0,000, Error: 0,0000 s
abr 04, 2013 12:33:00 PM org.ros.time.RemoteUptimeClock update
INFO: Latency: 7,0000 s, Delta ratio: 1,0000, Drift: 1,000, Error reduction coefficient: 0,000, Error: 0,0000 s
abr 04, 2013 12:33:00 PM org.ros.time.RemoteUptimeClock update
INFO: Latency: 7,0000 s, Delta ratio: 1,0000, Drift: 1,000, Error reduction coefficient: 0,000, Error: 0,0000 s
abr 04, 2013 12:33:00 PM org.ros.time.RemoteUptimeClock update
INFO: Latency: 7,0000 s, Delta ratio: 1,0000, Drift: 1,000, Error reduction coefficient: 0,000, Error: 0,0000 s
abr 04, 2013 12:33:00 PM org.ros.time.RemoteUptimeClock update
INFO: Latency: 7,0000 s, Delta ratio: 1,0000, Drift: 1,000, Error reduction coefficient: 0,000, Error: 0,0000 s
abr 04, 2013 12:33:00 PM org.ros.time.RemoteUptimeClock update
INFO: Latency: 7,0000 s, Delta ratio: 1,0000, Drift: 1,000, Error reduction coefficient: 0,000, Error: 0,0000 s
abr 04, 2013 12:33:00 PM org.ros.time.RemoteUptimeClock update
INFO: Latency: 7,0000 s, Delta ratio: 1,0000, Drift: 1,000, Error reduction coefficient: 0,000, Error: 0,0000 s
abr 04, 2013 12:33:00 PM org.ros.time.RemoteUptimeClock update
INFO: Latency: 7,0000 s, Delta ratio: 1,0000, Drift: 1,000, Error reduction coefficient: 0,000, Error: 0,0000 s
abr 04, 2013 12:33:00 PM org.ros.time.RemoteUptimeClock update
INFO: Latency: 7,0000 s, Delta ratio: 1,0000, Drift: 1,000, Error reduction coefficient: 0,000, Error: 0,0000 s
abr 04, 2013 12:33:00 PM org.ros.time.RemoteUptimeClock update
INFO: Latency: 7,0000 s, Delta ratio: 1,0000, Drift: 1,000, Error reduction coefficient: 0,000, Error: 0,0000 s
abr 04, 2013 12:33:00 PM org.ros.time.RemoteUptimeClock update
INFO: Latency: 7,0000 s, Delta ratio: 1,0000, Drift: 1,000, Error reduction coefficient: 0,000, Error: 0,0000 s
abr 04, 2013 12:33:00 PM org.ros.time.RemoteUptimeClock update
INFO: Latency: 7,0000 s, Delta ratio: 1,0000, Drift: 1,000, Error reduction coefficient: 0,000, Error: 0,0000 s
abr 04, 2013 12:33:00 PM org.ros.time.RemoteUptimeClock update
INFO: Latency: 7,0000 s, Delta ratio: 1,0000, Drift: 1,000, Error reduction coefficient: 0,000, Error: 0,0000 s
abr 04, 2013 12:33:00 PM org.ros.time.RemoteUptimeClock update
INFO: Latency: 7,0000 s, Delta ratio: 1,0000, Drift: 1,000, Error reduction coefficient: 0,000, Error: 0,0000 s
abr 04, 2013 12:33:00 PM org.ros.time.RemoteUptimeClock update
INFO: Latency: 7,0000 s, Delta ratio: 1,0000, Drift: 1,000, Error reduction coefficient: 0,000, Error: 0,0000 s
abr 04, 2013 12:33:00 PM org.ros.time.RemoteUptimeClock update
INFO: Latency: 7,0000 s, Delta ratio: 1,0000, Drift: 1,000, Error reduction coefficient: 0,000, Error: 0,0000 s
abr 04, 2013 12:33:00 PM org.ros.time.RemoteUptimeClock update
INFO: Latency: 7,0000 s, Delta ratio: 1,0000, Drift: 1,000, Error reduction coefficient: 0,000, Error: 0,0000 s
abr 04, 2013 12:33:00 PM org.ros.time.RemoteUptimeClock update
INFO: Latency: 7,0000 s, Delta ratio: 1,0000, Drift: 1,000, Error reduction coefficient: 0,000, Error: 0,0000 s
abr 04, 2013 12:33:00 PM org.ros.time.RemoteUptimeClock update
INFO: Latency: 7,0000 s, Delta ratio: 1,0000, Drift: 1,000, Error reduction coefficient: 0,000, Error: 0,0000 s
abr 04, 2013 12:33:00 PM org.ros.time.RemoteUptimeClock update
INFO: Latency: 7,0000 s, Delta ratio: 1,0000, Drift: 1,000, Error reduction coefficient: 0,000, Error: 0,0000 s
abr 04, 2013 12:33:00 PM org.ros.time.RemoteUptimeClock update
INFO: Latency: 7,0000 s, Delta ratio: 1,0000, Drift: 1,000, Error reduction coefficient: 0,000, Error: 0,0000 s
abr 04, 2013 12:33:00 PM org.ros.time.RemoteUptimeClock update
INFO: Latency: 7,0000 s, Delta ratio: 1,0000, Drift: 1,000, Error reduction coefficient: 0,000, Error: 0,0000 s
abr 04, 2013 12:33:00 PM org.ros.time.RemoteUptimeClock update
INFO: Latency: 7,0000 s, Delta ratio: 1,0000, Drift: 1,000, Error reduction coefficient: 0,000, Error: 0,0000 s
abr 04, 2013 12:33:00 PM org.ros.time.RemoteUptimeClock update
INFO: Latency: 7,0000 s, Delta ratio: 1,0000, Drift: 1,000, Error reduction coefficient: 0,000, Error: 0,0000 s
abr 04, 2013 12:33:00 PM org.ros.time.RemoteUptimeClock update
INFO: Latency: 7,0000 s, Delta ratio: 1,0000, Drift: 1,000, Error reduction coefficient: 0,000, Error: 0,0000 s
abr 04, 2013 12:33:00 PM org.ros.time.RemoteUptimeClock update
INFO: Latency: 7,0000 s, Delta ratio: 1,0000, Drift: 1,000, Error reduction coefficient: 0,000, Error: 0,0000 s
abr 04, 2013 12:33:00 PM org.ros.time.RemoteUptimeClock update
INFO: Latency: 7,0000 s, Delta ratio: 1,0000, Drift: 1,000, Error reduction coefficient: 0,000, Error: 0,0000 s
abr 04, 2013 12:33:00 PM org.ros.time.RemoteUptimeClock update
INFO: Latency: 7,0000 s, Delta ratio: 1,0000, Drift: 1,000, Error reduction coefficient: 0,000, Error: 0,0000 s
abr 04, 2013 12:33:00 PM org.ros.time.RemoteUptimeClock update
INFO: Latency: 7,0000 s, Delta ratio: 1,0000, Drift: 1,000, Error reduction coefficient: 0,000, Error: 0,0000 s
abr 04, 2013 12:33:00 PM org.ros.time.RemoteUptimeClock update
INFO: Latency: 7,0000 s, Delta ratio: 1,0000, Drift: 1,000, Error reduction coefficient: 0,000, Error: 0,0000 s
abr 04, 2013 12:33:00 PM org.ros.time.RemoteUptimeClock update
INFO: Latency: 7,0000 s, Delta ratio: 1,0000, Drift: 1,000, Error reduction coefficient: 0,000, Error: 0,0000 s
abr 04, 2013 12:33:00 PM org.ros.time.RemoteUptimeClock update
INFO: Latency: 7,0000 s, Delta ratio: 1,0000, Drift: 1,000, Error reduction coefficient: 0,000, Error: 0,0000 s
abr 04, 2013 12:33:00 PM org.ros.time.RemoteUptimeClock update
INFO: Latency: 7,0000 s, Delta ratio: 1,0000, Drift: 1,000, Error reduction coefficient: 0,000, Error: 0,0000 s
abr 04, 2013 12:33:00 PM org.ros.time.RemoteUptimeClock update
INFO: Latency: 7,0000 s, Delta ratio: 1,0000, Drift: 1,000, Error reduction coefficient: 0,000, Error: 0,0000 s
abr 04, 2013 12:33:00 PM org.ros.time.RemoteUptimeClock update
INFO: Latency: 7,0000 s, Delta ratio: 1,0000, Drift: 1,000, Error reduction coefficient: 0,000, Error: 0,0000 s
abr 04, 2013 12:33:00 PM org.ros.time.RemoteUptimeClock update
INFO: Latency: 7,0000 s, Delta ratio: 1,0000, Drift: 1,000, Error reduction coefficient: 0,000, Error: 0,0000 s
abr 04, 2013 12:33:00 PM org.ros.time.RemoteUptimeClock update
INFO: Latency: 7,0000 s, Delta ratio: 1,0000, Drift: 1,000, Error reduction coefficient: 0,000, Error: 0,0000 s
abr 04, 2013 12:33:00 PM org.ros.time.RemoteUptimeClock update
INFO: Latency: 7,0000 s, Delta ratio: 1,0000, Drift: 1,000, Error reduction coefficient: 0,000, Error: 0,0000 s
abr 04, 2013 12:33:00 PM org.ros.time.RemoteUptimeClock update
INFO: Latency: 7,0000 s, Delta ratio: 1,0000, Drift: 1,000, Error reduction coefficient: 0,000, Error: 0,0000 s
abr 04, 2013 12:33:00 PM org.ros.time.RemoteUptimeClock update
INFO: Latency: 7,0000 s, Delta ratio: 1,0000, Drift: 1,000, Error reduction coefficient: 0,000, Error: 0,0000 s
abr 04, 2013 12:33:00 PM org.ros.time.RemoteUptimeClock update
INFO: Latency: 7,0000 s, Delta ratio: 1,0000, Drift: 1,000, Error reduction coefficient: 0,000, Error: 0,0000 s
abr 04, 2013 12:33:00 PM org.ros.time.RemoteUptimeClock update
INFO: Latency: 7,0000 s, Delta ratio: 1,0000, Drift: 1,000, Error reduction coefficient: 0,000, Error: 0,0000 s
abr 04, 2013 12:33:00 PM org.ros.time.RemoteUptimeClock update
INFO: Latency: 7,0000 s, Delta ratio: 1,0000, Drift: 1,000, Error reduction coefficient: 0,000, Error: 0,0000 s
abr 04, 2013 12:33:00 PM org.ros.time.RemoteUptimeClock update
INFO: Latency: 7,0000 s, Delta ratio: 1,0000, Drift: 1,000, Error reduction coefficient: 0,000, Error: 0,0000 s
abr 04, 2013 12:33:00 PM org.ros.time.RemoteUptimeClock update
INFO: Latency: 7,0000 s, Delta ratio: 1,0000, Drift: 1,000, Error reduction coefficient: 0,000, Error: 0,0000 s
abr 04, 2013 12:33:00 PM org.ros.time.RemoteUptimeClock update
INFO: Latency: 7,0000 s, Delta ratio: 1,0000, Drift: 1,000, Error reduction coefficient: 0,000, Error: 0,0000 s
abr 04, 2013 12:33:00 PM org.ros.time.RemoteUptimeClock update
INFO: Latency: 7,0000 s, Delta ratio: 1,0000, Drift: 1,000, Error reduction coefficient: 0,000, Error: 0,0000 s
abr 04, 2013 12:33:00 PM org.ros.time.RemoteUptimeClock update
INFO: Latency: 7,0000 s, Delta ratio: 1,0000, Drift: 1,000, Error reduction coefficient: 0,000, Error: 0,0000 s
abr 04, 2013 12:33:00 PM org.ros.time.RemoteUptimeClock update
INFO: Latency: 7,0000 s, Delta ratio: 1,0000, Drift: 1,000, Error reduction coefficient: 0,000, Error: 0,0000 s
abr 04, 2013 12:33:00 PM org.ros.time.RemoteUptimeClock update
INFO: Latency: 7,0000 s, Delta ratio: 1,0000, Drift: 1,000, Error reduction coefficient: 0,000, Error: 0,0000 s
abr 04, 2013 12:33:00 PM org.ros.time.RemoteUptimeClock update
INFO: Latency: 7,0000 s, Delta ratio: 1,0000, Drift: 1,000, Error reduction coefficient: 0,000, Error: 0,0000 s
abr 04, 2013 12:33:00 PM org.ros.time.RemoteUptimeClock update
INFO: Latency: 7,0000 s, Delta ratio: 1,0000, Drift: 1,000, Error reduction coefficient: 0,000, Error: 0,0000 s
abr 04, 2013 12:33:00 PM org.ros.time.RemoteUptimeClock update
INFO: Latency: 7,0000 s, Delta ratio: 1,0000, Drift: 1,000, Error reduction coefficient: 0,000, Error: 0,0000 s
abr 04, 2013 12:33:00 PM org.ros.time.RemoteUptimeClock update
INFO: Latency: 7,0000 s, Delta ratio: 1,0000, Drift: 1,000, Error reduction coefficient: 0,000, Error: 0,0000 s
abr 04, 2013 12:33:00 PM org.ros.time.RemoteUptimeClock update
INFO: Latency: 7,0000 s, Delta ratio: 1,0000, Drift: 1,000, Error reduction coefficient: 0,000, Error: 0,0000 s
abr 04, 2013 12:33:00 PM org.ros.time.RemoteUptimeClock update
INFO: Latency: 7,0000 s, Delta ratio: 1,0000, Drift: 1,000, Error reduction coefficient: 0,000, Error: 0,0000 s
abr 04, 2013 12:33:00 PM org.ros.time.RemoteUptimeClock update
INFO: Latency: 7,0000 s, Delta ratio: 1,0000, Drift: 1,000, Error reduction coefficient: 0,000, Error: 0,0000 s
abr 04, 2013 12:33:00 PM org.ros.time.RemoteUptimeClock update
INFO: Latency: 7,0000 s, Delta ratio: 1,0000, Drift: 1,000, Error reduction coefficient: 0,000, Error: 0,0000 s
abr 04, 2013 12:33:00 PM org.ros.time.RemoteUptimeClock update
INFO: Latency: 7,0000 s, Delta ratio: 1,0000, Drift: 1,000, Error reduction coefficient: 0,000, Error: 0,0000 s
abr 04, 2013 12:33:00 PM org.ros.time.RemoteUptimeClock update
INFO: Latency: 7,0000 s, Delta ratio: 1,0000, Drift: 1,000, Error reduction coefficient: 0,000, Error: 0,0000 s
abr 04, 2013 12:33:00 PM org.ros.time.RemoteUptimeClock update
INFO: Latency: 7,0000 s, Delta ratio: 1,0000, Drift: 1,000, Error reduction coefficient: 0,000, Error: 0,0000 s
abr 04, 2013 12:33:00 PM org.ros.time.RemoteUptimeClock update
INFO: Latency: 7,0000 s, Delta ratio: 1,0000, Drift: 1,000, Error reduction coefficient: 0,000, Error: 0,0000 s
abr 04, 2013 12:33:00 PM org.ros.time.RemoteUptimeClock update
INFO: Latency: 7,0000 s, Delta ratio: 1,0000, Drift: 1,000, Error reduction coefficient: 0,000, Error: 0,0000 s
abr 04, 2013 12:33:00 PM org.ros.time.RemoteUptimeClock update
INFO: Latency: 7,0000 s, Delta ratio: 1,0000, Drift: 1,000, Error reduction coefficient: 0,000, Error: 0,0000 s
abr 04, 2013 12:33:00 PM org.ros.time.RemoteUptimeClock update
INFO: Latency: 7,0000 s, Delta ratio: 1,0000, Drift: 1,000, Error reduction coefficient: 0,000, Error: 0,0000 s
abr 04, 2013 12:33:00 PM org.ros.time.RemoteUptimeClock update
INFO: Latency: 7,0000 s, Delta ratio: 1,0000, Drift: 1,000, Error reduction coefficient: 0,000, Error: 0,0000 s
abr 04, 2013 12:33:00 PM org.ros.time.RemoteUptimeClock update
INFO: Latency: 7,0000 s, Delta ratio: 1,0000, Drift: 1,000, Error reduction coefficient: 0,000, Error: 0,0000 s
abr 04, 2013 12:33:00 PM org.ros.time.RemoteUptimeClock update
INFO: Latency: 7,0000 s, Delta ratio: 1,0000, Drift: 1,000, Error reduction coefficient: 0,000, Error: 0,0000 s
abr 04, 2013 12:33:00 PM org.ros.time.RemoteUptimeClock update
INFO: Latency: 7,0000 s, Delta ratio: 1,0000, Drift: 1,000, Error reduction coefficient: 0,000, Error: 0,0000 s
abr 04, 2013 12:33:00 PM org.ros.time.RemoteUptimeClock update
INFO: Latency: 7,0000 s, Delta ratio: 1,0000, Drift: 1,000, Error reduction coefficient: 0,000, Error: 0,0000 s
abr 04, 2013 12:33:00 PM org.ros.time.RemoteUptimeClock update
INFO: Latency: 7,0000 s, Delta ratio: 1,0000, Drift: 1,000, Error reduction coefficient: 0,000, Error: 0,0000 s
abr 04, 2013 12:33:00 PM org.ros.time.RemoteUptimeClock update
INFO: Latency: 7,0000 s, Delta ratio: 1,0000, Drift: 1,000, Error reduction coefficient: 0,000, Error: 0,0000 s
abr 04, 2013 12:33:00 PM org.ros.time.RemoteUptimeClock update
INFO: Latency: 7,0000 s, Delta ratio: 1,0000, Drift: 1,000, Error reduction coefficient: 0,000, Error: 0,0000 s
abr 04, 2013 12:33:00 PM org.ros.time.RemoteUptimeClock update
INFO: Latency: 7,0000 s, Delta ratio: 1,0000, Drift: 1,000, Error reduction coefficient: 0,000, Error: 0,0000 s
abr 04, 2013 12:33:00 PM org.ros.time.RemoteUptimeClock update
INFO: Latency: 7,0000 s, Delta ratio: 1,0000, Drift: 1,000, Error reduction coefficient: 0,000, Error: 0,0000 s
abr 04, 2013 12:33:00 PM org.ros.time.RemoteUptimeClock update
INFO: Latency: 7,0000 s, Delta ratio: 1,0000, Drift: 1,000, Error reduction coefficient: 0,000, Error: 0,0000 s
abr 04, 2013 12:33:00 PM org.ros.time.RemoteUptimeClock update
INFO: Latency: 7,0000 s, Delta ratio: 1,0000, Drift: 1,000, Error reduction coefficient: 0,000, Error: 0,0000 s
abr 04, 2013 12:33:00 PM org.ros.time.RemoteUptimeClock update
INFO: Latency: 7,0000 s, Delta ratio: 1,0000, Drift: 1,000, Error reduction coefficient: 0,000, Error: 0,0000 s
abr 04, 2013 12:33:00 PM org.ros.time.RemoteUptimeClock update
INFO: Latency: 7,0000 s, Delta ratio: 1,0000, Drift: 1,000, Error reduction coefficient: 0,000, Error: 0,0000 s
abr 04, 2013 12:33:00 PM org.ros.time.RemoteUptimeClock update
INFO: Latency: 7,0000 s, Delta ratio: 1,0000, Drift: 1,000, Error reduction coefficient: 0,000, Error: 0,0000 s
abr 04, 2013 12:33:00 PM org.ros.time.RemoteUptimeClock update
INFO: Latency: 7,0000 s, Delta ratio: 1,0000, Drift: 1,000, Error reduction coefficient: 0,000, Error: 0,0000 s
abr 04, 2013 12:33:00 PM org.ros.time.RemoteUptimeClock update
INFO: Latency: 7,0000 s, Delta ratio: 1,0000, Drift: 1,000, Error reduction coefficient: 0,000, Error: 0,0000 s
abr 04, 2013 12:33:00 PM org.ros.time.RemoteUptimeClock update
INFO: Latency: 7,0000 s, Delta ratio: 1,0000, Drift: 1,000, Error reduction coefficient: 0,000, Error: 0,0000 s
abr 04, 2013 12:33:00 PM org.ros.time.RemoteUptimeClock update
INFO: Latency: 7,0000 s, Delta ratio: 1,0000, Drift: 1,000, Error reduction coefficient: 0,000, Error: 0,0000 s
abr 04, 2013 12:33:00 PM org.ros.time.RemoteUptimeClock update
INFO: Latency: 7,0000 s, Delta ratio: 1,0000, Drift: 1,000, Error reduction coefficient: 0,000, Error: 0,0000 s
abr 04, 2013 12:33:00 PM org.ros.time.RemoteUptimeClock update
INFO: Latency: 7,0000 s, Delta ratio: 1,0000, Drift: 1,000, Error reduction coefficient: 0,000, Error: 0,0000 s
abr 04, 2013 12:33:00 PM org.ros.time.RemoteUptimeClock update
INFO: Latency: 7,0000 s, Delta ratio: 1,0000, Drift: 1,000, Error reduction coefficient: 0,000, Error: 0,0000 s
abr 04, 2013 12:33:00 PM org.ros.time.RemoteUptimeClock update
INFO: Latency: 7,0000 s, Delta ratio: 1,0000, Drift: 1,000, Error reduction coefficient: 0,000, Error: 0,0000 s
abr 04, 2013 12:33:00 PM org.ros.time.RemoteUptimeClock update
INFO: Latency: 7,0000 s, Delta ratio: 1,0000, Drift: 1,000, Error reduction coefficient: 0,000, Error: 0,0000 s
abr 04, 2013 12:33:00 PM org.ros.time.RemoteUptimeClock update
INFO: Latency: 7,0000 s, Delta ratio: 1,0000, Drift: 1,000, Error reduction coefficient: 0,000, Error: 0,0000 s
abr 04, 2013 12:33:00 PM org.ros.time.RemoteUptimeClock update
INFO: Latency: 7,0000 s, Delta ratio: 1,0000, Drift: 1,000, Error reduction coefficient: 0,000, Error: 0,0000 s
abr 04, 2013 12:33:00 PM org.ros.time.RemoteUptimeClock update
INFO: Latency: 7,0000 s, Delta ratio: 1,0000, Drift: 1,000, Error reduction coefficient: 0,000, Error: 0,0000 s
abr 04, 2013 12:33:00 PM org.ros.time.RemoteUptimeClock update
INFO: Latency: 7,0000 s, Delta ratio: 1,0000, Drift: 1,000, Error reduction coefficient: 0,000, Error: 0,0000 s
abr 04, 2013 12:33:00 PM org.ros.time.RemoteUptimeClock update
INFO: Latency: 7,0000 s, Delta ratio: 1,0000, Drift: 1,000, Error reduction coefficient: 0,000, Error: 0,0000 s
abr 04, 2013 12:33:00 PM org.ros.time.RemoteUptimeClock update
INFO: Latency: 7,0000 s, Delta ratio: 1,0000, Drift: 1,000, Error reduction coefficient: 0,000, Error: 0,0000 s
abr 04, 2013 12:33:00 PM org.ros.time.RemoteUptimeClock update
INFO: Latency: 7,0000 s, Delta ratio: 1,0000, Drift: 1,000, Error reduction coefficient: 0,000, Error: 0,0000 s
abr 04, 2013 12:33:00 PM org.ros.time.RemoteUptimeClock update
INFO: Latency: 7,0000 s, Delta ratio: 1,0000, Drift: 1,000, Error reduction coefficient: 0,000, Error: 0,0000 s
abr 04, 2013 12:33:00 PM org.ros.time.RemoteUptimeClock update
INFO: Latency: 7,0000 s, Delta ratio: 1,0000, Drift: 1,000, Error reduction coefficient: 0,000, Error: 0,0000 s
abr 04, 2013 12:33:00 PM org.ros.time.RemoteUptimeClock update
INFO: Latency: 7,0000 s, Delta ratio: 1,0000, Drift: 1,000, Error reduction coefficient: 0,000, Error: 0,0000 s
abr 04, 2013 12:33:00 PM org.ros.time.RemoteUptimeClock update
INFO: Latency: 7,0000 s, Delta ratio: 1,0000, Drift: 1,000, Error reduction coefficient: 0,000, Error: 0,0000 s
abr 04, 2013 12:33:00 PM org.ros.time.RemoteUptimeClock update
INFO: Latency: 7,0000 s, Delta ratio: 1,0000, Drift: 1,000, Error reduction coefficient: 0,000, Error: 0,0000 s
abr 04, 2013 12:33:00 PM org.ros.time.RemoteUptimeClock update
INFO: Latency: 7,0000 s, Delta ratio: 1,0000, Drift: 1,000, Error reduction coefficient: 0,000, Error: 0,0000 s
abr 04, 2013 12:33:00 PM org.ros.time.RemoteUptimeClock update
INFO: Latency: 7,0000 s, Delta ratio: 1,0000, Drift: 1,000, Error reduction coefficient: 0,000, Error: 0,0000 s
abr 04, 2013 12:33:00 PM org.ros.time.RemoteUptimeClock update
INFO: Latency: 7,0000 s, Delta ratio: 1,0000, Drift: 1,000, Error reduction coefficient: 0,000, Error: 0,0000 s
abr 04, 2013 12:33:00 PM org.ros.time.RemoteUptimeClock update
INFO: Latency: 7,0000 s, Delta ratio: 1,0000, Drift: 1,000, Error reduction coefficient: 0,000, Error: 0,0000 s
abr 04, 2013 12:33:00 PM org.ros.time.RemoteUptimeClock update
INFO: Latency: 7,0000 s, Delta ratio: 1,0000, Drift: 1,000, Error reduction coefficient: 0,000, Error: 0,0000 s
abr 04, 2013 12:33:00 PM org.ros.time.RemoteUptimeClock update
INFO: Latency: 7,0000 s, Delta ratio: 1,0000, Drift: 1,000, Error reduction coefficient: 0,000, Error: 0,0000 s
abr 04, 2013 12:33:00 PM org.ros.time.RemoteUptimeClock update
INFO: Latency: 7,0000 s, Delta ratio: 1,0000, Drift: 1,000, Error reduction coefficient: 0,000, Error: 0,0000 s
abr 04, 2013 12:33:00 PM org.ros.time.RemoteUptimeClock update
INFO: Latency: 7,0000 s, Delta ratio: 1,0000, Drift: 1,000, Error reduction coefficient: 0,000, Error: 0,0000 s
abr 04, 2013 12:33:00 PM org.ros.time.RemoteUptimeClock update
INFO: Latency: 7,0000 s, Delta ratio: 1,0000, Drift: 1,000, Error reduction coefficient: 0,000, Error: 0,0000 s
abr 04, 2013 12:33:00 PM org.ros.time.RemoteUptimeClock update
INFO: Latency: 7,0000 s, Delta ratio: 1,0000, Drift: 1,000, Error reduction coefficient: 0,000, Error: 0,0000 s
abr 04, 2013 12:33:00 PM org.ros.time.RemoteUptimeClock update
INFO: Latency: 7,0000 s, Delta ratio: 1,0000, Drift: 1,000, Error reduction coefficient: 0,000, Error: 0,0000 s
abr 04, 2013 12:33:00 PM org.ros.time.RemoteUptimeClock update
INFO: Latency: 7,0000 s, Delta ratio: 1,0000, Drift: 1,000, Error reduction coefficient: 0,000, Error: 0,0000 s
abr 04, 2013 12:33:00 PM org.ros.time.RemoteUptimeClock update
INFO: Latency: 7,0000 s, Delta ratio: 1,0000, Drift: 1,000, Error reduction coefficient: 0,000, Error: 0,0000 s
abr 04, 2013 12:33:00 PM org.ros.time.RemoteUptimeClock update
INFO: Latency: 7,0000 s, Delta ratio: 1,0000, Drift: 1,000, Error reduction coefficient: 0,000, Error: 0,0000 s
abr 04, 2013 12:33:00 PM org.ros.time.RemoteUptimeClock update
INFO: Latency: 7,0000 s, Delta ratio: 1,0000, Drift: 1,000, Error reduction coefficient: 0,000, Error: 0,0000 s
abr 04, 2013 12:33:00 PM org.ros.time.RemoteUptimeClock update
INFO: Latency: 7,0000 s, Delta ratio: 1,0000, Drift: 1,000, Error reduction coefficient: 0,000, Error: 0,0000 s
abr 04, 2013 12:33:00 PM org.ros.time.RemoteUptimeClock update
INFO: Latency: 7,0000 s, Delta ratio: 1,0000, Drift: 1,000, Error reduction coefficient: 0,000, Error: 0,0000 s
abr 04, 2013 12:33:00 PM org.ros.time.RemoteUptimeClock update
INFO: Latency: 7,0000 s, Delta ratio: 1,0000, Drift: 1,000, Error reduction coefficient: 0,000, Error: 0,0000 s
abr 04, 2013 12:33:00 PM org.ros.time.RemoteUptimeClock update
INFO: Latency: 7,0000 s, Delta ratio: 1,0000, Drift: 1,000, Error reduction coefficient: 0,000, Error: 0,0000 s
abr 04, 2013 12:33:00 PM org.ros.time.RemoteUptimeClock update
INFO: Latency: 7,0000 s, Delta ratio: 1,0000, Drift: 1,000, Error reduction coefficient: 0,000, Error: 0,0000 s
abr 04, 2013 12:33:00 PM org.ros.time.RemoteUptimeClock update
INFO: Latency: 7,0000 s, Delta ratio: 1,0000, Drift: 1,000, Error reduction coefficient: 0,000, Error: 0,0000 s
abr 04, 2013 12:33:00 PM org.ros.time.RemoteUptimeClock update
INFO: Latency: 7,0000 s, Delta ratio: 1,0000, Drift: 1,000, Error reduction coefficient: 0,000, Error: 0,0000 s
abr 04, 2013 12:33:00 PM org.ros.time.RemoteUptimeClock update
INFO: Latency: 7,0000 s, Delta ratio: 1,0000, Drift: 1,000, Error reduction coefficient: 0,000, Error: 0,0000 s
abr 04, 2013 12:33:00 PM org.ros.time.RemoteUptimeClock update
INFO: Latency: 7,0000 s, Delta ratio: 1,0000, Drift: 1,000, Error reduction coefficient: 0,000, Error: 0,0000 s
abr 04, 2013 12:33:00 PM org.ros.time.RemoteUptimeClock update
INFO: Latency: 7,0000 s, Delta ratio: 1,0000, Drift: 1,000, Error reduction coefficient: 0,000, Error: 0,0000 s
abr 04, 2013 12:33:00 PM org.ros.time.RemoteUptimeClock update
INFO: Latency: 7,0000 s, Delta ratio: 1,0000, Drift: 1,000, Error reduction coefficient: 0,000, Error: 0,0000 s
abr 04, 2013 12:33:00 PM org.ros.time.RemoteUptimeClock update
INFO: Latency: 7,0000 s, Delta ratio: 1,0000, Drift: 1,000, Error reduction coefficient: 0,000, Error: 0,0000 s
abr 04, 2013 12:33:00 PM org.ros.time.RemoteUptimeClock update
INFO: Latency: 7,0000 s, Delta ratio: 1,0000, Drift: 1,000, Error reduction coefficient: 0,000, Error: 0,0000 s
abr 04, 2013 12:33:00 PM org.ros.time.RemoteUptimeClock update
INFO: Latency: 7,0000 s, Delta ratio: 1,0000, Drift: 1,000, Error reduction coefficient: 0,000, Error: 0,0000 s
abr 04, 2013 12:33:00 PM org.ros.time.RemoteUptimeClock update
INFO: Latency: 7,0000 s, Delta ratio: 1,0000, Drift: 1,000, Error reduction coefficient: 0,000, Error: 0,0000 s
abr 04, 2013 12:33:00 PM org.ros.time.RemoteUptimeClock update
INFO: Latency: 7,0000 s, Delta ratio: 1,0000, Drift: 1,000, Error reduction coefficient: 0,000, Error: 0,0000 s
abr 04, 2013 12:33:00 PM org.ros.time.RemoteUptimeClock update
INFO: Latency: 7,0000 s, Delta ratio: 1,0000, Drift: 1,000, Error reduction coefficient: 0,000, Error: 0,0000 s
abr 04, 2013 12:33:00 PM org.ros.time.RemoteUptimeClock update
INFO: Latency: 7,0000 s, Delta ratio: 1,0000, Drift: 1,000, Error reduction coefficient: 0,000, Error: 0,0000 s
abr 04, 2013 12:33:00 PM org.ros.time.RemoteUptimeClock update
INFO: Latency: 7,0000 s, Delta ratio: 1,0000, Drift: 1,000, Error reduction coefficient: 0,000, Error: 0,0000 s
abr 04, 2013 12:33:00 PM org.ros.time.RemoteUptimeClock update
INFO: Latency: 7,0000 s, Delta ratio: 1,0000, Drift: 1,000, Error reduction coefficient: 0,000, Error: 0,0000 s
abr 04, 2013 12:33:00 PM org.ros.time.RemoteUptimeClock update
INFO: Latency: 7,0000 s, Delta ratio: 1,0000, Drift: 1,000, Error reduction coefficient: 0,000, Error: 0,0000 s
abr 04, 2013 12:33:00 PM org.ros.time.RemoteUptimeClock update
INFO: Latency: 7,0000 s, Delta ratio: 1,0000, Drift: 1,000, Error reduction coefficient: 0,000, Error: 0,0000 s
abr 04, 2013 12:33:00 PM org.ros.time.RemoteUptimeClock update
INFO: Latency: 7,0000 s, Delta ratio: 1,0000, Drift: 1,000, Error reduction coefficient: 0,000, Error: 0,0000 s
abr 04, 2013 12:33:00 PM org.ros.time.RemoteUptimeClock update
INFO: Latency: 7,0000 s, Delta ratio: 1,0000, Drift: 1,000, Error reduction coefficient: 0,000, Error: 0,0000 s
abr 04, 2013 12:33:00 PM org.ros.time.RemoteUptimeClock update
INFO: Latency: 7,0000 s, Delta ratio: 1,0000, Drift: 1,000, Error reduction coefficient: 0,000, Error: 0,0000 s
abr 04, 2013 12:33:00 PM org.ros.time.RemoteUptimeClock update
INFO: Latency: 7,0000 s, Delta ratio: 1,0000, Drift: 1,000, Error reduction coefficient: 0,000, Error: 0,0000 s
abr 04, 2013 12:33:00 PM org.ros.time.RemoteUptimeClock update
INFO: Latency: 7,0000 s, Delta ratio: 1,0000, Drift: 1,000, Error reduction coefficient: 0,000, Error: 0,0000 s
abr 04, 2013 12:33:00 PM org.ros.time.RemoteUptimeClock update
INFO: Latency: 7,0000 s, Delta ratio: 1,0000, Drift: 1,000, Error reduction coefficient: 0,000, Error: 0,0000 s
abr 04, 2013 12:33:00 PM org.ros.time.RemoteUptimeClock update
INFO: Latency: 7,0000 s, Delta ratio: 1,0000, Drift: 1,000, Error reduction coefficient: 0,000, Error: 0,0000 s
abr 04, 2013 12:33:00 PM org.ros.time.RemoteUptimeClock update
INFO: Latency: 7,0000 s, Delta ratio: 1,0000, Drift: 1,000, Error reduction coefficient: 0,000, Error: 0,0000 s
abr 04, 2013 12:33:00 PM org.ros.time.RemoteUptimeClock update
INFO: Latency: 7,0000 s, Delta ratio: 1,0000, Drift: 1,000, Error reduction coefficient: 0,000, Error: 0,0000 s
abr 04, 2013 12:33:00 PM org.ros.time.RemoteUptimeClock update
INFO: Latency: 7,0000 s, Delta ratio: 1,0000, Drift: 1,000, Error reduction coefficient: 0,000, Error: 0,0000 s
abr 04, 2013 12:33:00 PM org.ros.time.RemoteUptimeClock update
INFO: Latency: 7,0000 s, Delta ratio: 1,0000, Drift: 1,000, Error reduction coefficient: 0,000, Error: 0,0000 s
abr 04, 2013 12:33:00 PM org.ros.time.RemoteUptimeClock update
INFO: Latency: 7,0000 s, Delta ratio: 1,0000, Drift: 1,000, Error reduction coefficient: 0,000, Error: 0,0000 s
abr 04, 2013 12:33:00 PM org.ros.time.RemoteUptimeClock update
INFO: Latency: 7,0000 s, Delta ratio: 1,0000, Drift: 1,000, Error reduction coefficient: 0,000, Error: 0,0000 s
abr 04, 2013 12:33:00 PM org.ros.time.RemoteUptimeClock update
INFO: Latency: 7,0000 s, Delta ratio: 1,0000, Drift: 1,000, Error reduction coefficient: 0,000, Error: 0,0000 s
abr 04, 2013 12:33:00 PM org.ros.time.RemoteUptimeClock update
INFO: Latency: 7,0000 s, Delta ratio: 1,0000, Drift: 1,000, Error reduction coefficient: 0,000, Error: 0,0000 s
abr 04, 2013 12:33:00 PM org.ros.time.RemoteUptimeClock update
INFO: Latency: 7,0000 s, Delta ratio: 1,0000, Drift: 1,000, Error reduction coefficient: 0,000, Error: 0,0000 s
abr 04, 2013 12:33:00 PM org.ros.time.RemoteUptimeClock update
INFO: Latency: 7,0000 s, Delta ratio: 1,0000, Drift: 1,000, Error reduction coefficient: 0,000, Error: 0,0000 s
abr 04, 2013 12:33:00 PM org.ros.time.RemoteUptimeClock update
INFO: Latency: 7,0000 s, Delta ratio: 1,0000, Drift: 1,000, Error reduction coefficient: 0,000, Error: 0,0000 s
abr 04, 2013 12:33:00 PM org.ros.time.RemoteUptimeClock update
INFO: Latency: 7,0000 s, Delta ratio: 1,0000, Drift: 1,000, Error reduction coefficient: 0,000, Error: 0,0000 s
abr 04, 2013 12:33:00 PM org.ros.time.RemoteUptimeClock update
INFO: Latency: 7,0000 s, Delta ratio: 1,0000, Drift: 1,000, Error reduction coefficient: 0,000, Error: 0,0000 s
abr 04, 2013 12:33:00 PM org.ros.time.RemoteUptimeClock update
INFO: Latency: 7,0000 s, Delta ratio: 1,0000, Drift: 1,000, Error reduction coefficient: 0,000, Error: 0,0000 s
abr 04, 2013 12:33:00 PM org.ros.time.RemoteUptimeClock update
INFO: Latency: 7,0000 s, Delta ratio: 1,0000, Drift: 1,000, Error reduction coefficient: 0,000, Error: 0,0000 s
abr 04, 2013 12:33:00 PM org.ros.time.RemoteUptimeClock update
INFO: Latency: 7,0000 s, Delta ratio: 1,0000, Drift: 1,000, Error reduction coefficient: 0,000, Error: 0,0000 s
abr 04, 2013 12:33:00 PM org.ros.time.RemoteUptimeClock update
INFO: Latency: 7,0000 s, Delta ratio: 1,0000, Drift: 1,000, Error reduction coefficient: 0,000, Error: 0,0000 s
abr 04, 2013 12:33:00 PM org.ros.time.RemoteUptimeClock update
INFO: Latency: 7,0000 s, Delta ratio: 1,0000, Drift: 1,000, Error reduction coefficient: 0,000, Error: 0,0000 s
abr 04, 2013 12:33:00 PM org.ros.time.RemoteUptimeClock update
INFO: Latency: 7,0000 s, Delta ratio: 1,0000, Drift: 1,000, Error reduction coefficient: 0,000, Error: 0,0000 s
abr 04, 2013 12:33:00 PM org.ros.time.RemoteUptimeClock update
INFO: Latency: 7,0000 s, Delta ratio: 1,0000, Drift: 1,000, Error reduction coefficient: 0,000, Error: 0,0000 s
abr 04, 2013 12:33:00 PM org.ros.time.RemoteUptimeClock update
INFO: Latency: 7,0000 s, Delta ratio: 1,0000, Drift: 1,000, Error reduction coefficient: 0,000, Error: 0,0000 s
abr 04, 2013 12:33:00 PM org.ros.time.RemoteUptimeClock update
INFO: Latency: 7,0000 s, Delta ratio: 1,0000, Drift: 1,000, Error reduction coefficient: 0,000, Error: 0,0000 s
abr 04, 2013 12:33:00 PM org.ros.time.RemoteUptimeClock update
INFO: Latency: 7,0000 s, Delta ratio: 1,0000, Drift: 1,000, Error reduction coefficient: 0,000, Error: 0,0000 s
abr 04, 2013 12:33:00 PM org.ros.time.RemoteUptimeClock update
INFO: Latency: 7,0000 s, Delta ratio: 1,0000, Drift: 1,000, Error reduction coefficient: 0,000, Error: 0,0000 s
abr 04, 2013 12:33:00 PM org.ros.time.RemoteUptimeClock update
INFO: Latency: 7,0000 s, Delta ratio: 1,0000, Drift: 1,000, Error reduction coefficient: 0,000, Error: 0,0000 s
abr 04, 2013 12:33:00 PM org.ros.time.RemoteUptimeClock update
INFO: Latency: 7,0000 s, Delta ratio: 1,0000, Drift: 1,000, Error reduction coefficient: 0,000, Error: 0,0000 s
abr 04, 2013 12:33:00 PM org.ros.time.RemoteUptimeClock update
INFO: Latency: 7,0000 s, Delta ratio: 1,0000, Drift: 1,000, Error reduction coefficient: 0,000, Error: 0,0000 s
abr 04, 2013 12:33:00 PM org.ros.time.RemoteUptimeClock update
INFO: Latency: 7,0000 s, Delta ratio: 1,0000, Drift: 1,000, Error reduction coefficient: 0,000, Error: 0,0000 s
abr 04, 2013 12:33:00 PM org.ros.time.RemoteUptimeClock update
INFO: Latency: 7,0000 s, Delta ratio: 1,0000, Drift: 1,000, Error reduction coefficient: 0,000, Error: 0,0000 s
abr 04, 2013 12:33:00 PM org.ros.time.RemoteUptimeClock update
INFO: Latency: 7,0000 s, Delta ratio: 1,0000, Drift: 1,000, Error reduction coefficient: 0,000, Error: 0,0000 s
abr 04, 2013 12:33:00 PM org.ros.time.RemoteUptimeClock update
INFO: Latency: 7,0000 s, Delta ratio: 1,0000, Drift: 1,000, Error reduction coefficient: 0,000, Error: 0,0000 s
abr 04, 2013 12:33:00 PM org.ros.time.RemoteUptimeClock update
INFO: Latency: 7,0000 s, Delta ratio: 1,0000, Drift: 1,000, Error reduction coefficient: 0,000, Error: 0,0000 s
abr 04, 2013 12:33:00 PM org.ros.time.RemoteUptimeClock update
INFO: Latency: 7,0000 s, Delta ratio: 1,0000, Drift: 1,000, Error reduction coefficient: 0,000, Error: 0,0000 s
abr 04, 2013 12:33:00 PM org.ros.time.RemoteUptimeClock update
INFO: Latency: 7,0000 s, Delta ratio: 1,0000, Drift: 1,000, Error reduction coefficient: 0,000, Error: 0,0000 s
abr 04, 2013 12:33:00 PM org.ros.time.RemoteUptimeClock update
INFO: Latency: 7,0000 s, Delta ratio: 1,0000, Drift: 1,000, Error reduction coefficient: 0,000, Error: 0,0000 s
abr 04, 2013 12:33:00 PM org.ros.time.RemoteUptimeClock update
INFO: Latency: 7,0000 s, Delta ratio: 1,0000, Drift: 1,000, Error reduction coefficient: 0,000, Error: 0,0000 s
abr 04, 2013 12:33:00 PM org.ros.time.RemoteUptimeClock update
INFO: Latency: 7,0000 s, Delta ratio: 1,0000, Drift: 1,000, Error reduction coefficient: 0,000, Error: 0,0000 s
abr 04, 2013 12:33:00 PM org.ros.time.RemoteUptimeClock update
INFO: Latency: 7,0000 s, Delta ratio: 1,0000, Drift: 1,000, Error reduction coefficient: 0,000, Error: 0,0000 s
abr 04, 2013 12:33:00 PM org.ros.time.RemoteUptimeClock update
INFO: Latency: 7,0000 s, Delta ratio: 1,0000, Drift: 1,000, Error reduction coefficient: 0,000, Error: 0,0000 s
abr 04, 2013 12:33:00 PM org.ros.time.RemoteUptimeClock update
INFO: Latency: 7,0000 s, Delta ratio: 1,0000, Drift: 1,000, Error reduction coefficient: 0,000, Error: 0,0000 s
abr 04, 2013 12:33:00 PM org.ros.time.RemoteUptimeClock update
INFO: Latency: 7,0000 s, Delta ratio: 1,0000, Drift: 1,000, Error reduction coefficient: 0,000, Error: 0,0000 s
abr 04, 2013 12:33:00 PM org.ros.time.RemoteUptimeClock update
INFO: Latency: 7,0000 s, Delta ratio: 1,0000, Drift: 1,000, Error reduction coefficient: 0,000, Error: 0,0000 s
abr 04, 2013 12:33:00 PM org.ros.time.RemoteUptimeClock update
INFO: Latency: 7,0000 s, Delta ratio: 1,0000, Drift: 1,000, Error reduction coefficient: 0,000, Error: 0,0000 s
abr 04, 2013 12:33:00 PM org.ros.time.RemoteUptimeClock update
INFO: Latency: 7,0000 s, Delta ratio: 1,0000, Drift: 1,000, Error reduction coefficient: 0,000, Error: 0,0000 s
abr 04, 2013 12:33:00 PM org.ros.time.RemoteUptimeClock update
INFO: Latency: 7,0000 s, Delta ratio: 1,0000, Drift: 1,000, Error reduction coefficient: 0,000, Error: 0,0000 s
abr 04, 2013 12:33:00 PM org.ros.time.RemoteUptimeClock update
INFO: Latency: 7,0000 s, Delta ratio: 1,0000, Drift: 1,000, Error reduction coefficient: 0,000, Error: 0,0000 s
abr 04, 2013 12:33:00 PM org.ros.time.RemoteUptimeClock update
INFO: Latency: 7,0000 s, Delta ratio: 1,0000, Drift: 1,000, Error reduction coefficient: 0,000, Error: 0,0000 s
abr 04, 2013 12:33:00 PM org.ros.time.RemoteUptimeClock update
INFO: Latency: 7,0000 s, Delta ratio: 1,0000, Drift: 1,000, Error reduction coefficient: 0,000, Error: 0,0000 s
abr 04, 2013 12:33:00 PM org.ros.time.RemoteUptimeClock update
INFO: Latency: 7,0000 s, Delta ratio: 1,0000, Drift: 1,000, Error reduction coefficient: 0,000, Error: 0,0000 s
abr 04, 2013 12:33:00 PM org.ros.time.RemoteUptimeClock update
INFO: Latency: 7,0000 s, Delta ratio: 1,0000, Drift: 1,000, Error reduction coefficient: 0,000, Error: 0,0000 s
abr 04, 2013 12:33:00 PM org.ros.time.RemoteUptimeClock update
INFO: Latency: 7,0000 s, Delta ratio: 1,0000, Drift: 1,000, Error reduction coefficient: 0,000, Error: 0,0000 s
abr 04, 2013 12:33:00 PM org.ros.time.RemoteUptimeClock update
INFO: Latency: 7,0000 s, Delta ratio: 1,0000, Drift: 1,000, Error reduction coefficient: 0,000, Error: 0,0000 s
abr 04, 2013 12:33:00 PM org.ros.time.RemoteUptimeClock update
INFO: Latency: 7,0000 s, Delta ratio: 1,0000, Drift: 1,000, Error reduction coefficient: 0,000, Error: 0,0000 s
abr 04, 2013 12:33:00 PM org.ros.time.RemoteUptimeClock update
INFO: Latency: 7,0000 s, Delta ratio: 1,0000, Drift: 1,000, Error reduction coefficient: 0,000, Error: 0,0000 s
abr 04, 2013 12:33:00 PM org.ros.time.RemoteUptimeClock update
INFO: Latency: 7,0000 s, Delta ratio: 1,0000, Drift: 1,000, Error reduction coefficient: 0,000, Error: 0,0000 s
abr 04, 2013 12:33:00 PM org.ros.time.RemoteUptimeClock update
INFO: Latency: 7,0000 s, Delta ratio: 1,0000, Drift: 1,000, Error reduction coefficient: 0,000, Error: 0,0000 s
abr 04, 2013 12:33:00 PM org.ros.time.RemoteUptimeClock update
INFO: Latency: 7,0000 s, Delta ratio: 1,0000, Drift: 1,000, Error reduction coefficient: 0,000, Error: 0,0000 s
abr 04, 2013 12:33:00 PM org.ros.time.RemoteUptimeClock update
INFO: Latency: 7,0000 s, Delta ratio: 1,0000, Drift: 1,000, Error reduction coefficient: 0,000, Error: 0,0000 s
abr 04, 2013 12:33:00 PM org.ros.time.RemoteUptimeClock update
INFO: Latency: 7,0000 s, Delta ratio: 1,0000, Drift: 1,000, Error reduction coefficient: 0,000, Error: 0,0000 s
abr 04, 2013 12:33:00 PM org.ros.time.RemoteUptimeClock update
INFO: Latency: 7,0000 s, Delta ratio: 1,0000, Drift: 1,000, Error reduction coefficient: 0,000, Error: 0,0000 s
abr 04, 2013 12:33:00 PM org.ros.time.RemoteUptimeClock update
INFO: Latency: 7,0000 s, Delta ratio: 1,0000, Drift: 1,000, Error reduction coefficient: 0,000, Error: 0,0000 s
abr 04, 2013 12:33:00 PM org.ros.time.RemoteUptimeClock update
INFO: Latency: 7,0000 s, Delta ratio: 1,0000, Drift: 1,000, Error reduction coefficient: 0,000, Error: 0,0000 s
abr 04, 2013 12:33:00 PM org.ros.time.RemoteUptimeClock update
INFO: Latency: 7,0000 s, Delta ratio: 1,0000, Drift: 1,000, Error reduction coefficient: 0,000, Error: 0,0000 s
abr 04, 2013 12:33:00 PM org.ros.time.RemoteUptimeClock update
INFO: Latency: 7,0000 s, Delta ratio: 1,0000, Drift: 1,000, Error reduction coefficient: 0,000, Error: 0,0000 s
abr 04, 2013 12:33:00 PM org.ros.time.RemoteUptimeClock update
INFO: Latency: 7,0000 s, Delta ratio: 1,0000, Drift: 1,000, Error reduction coefficient: 0,000, Error: 0,0000 s
abr 04, 2013 12:33:00 PM org.ros.time.RemoteUptimeClock update
INFO: Latency: 7,0000 s, Delta ratio: 1,0000, Drift: 1,000, Error reduction coefficient: 0,000, Error: 0,0000 s
abr 04, 2013 12:33:00 PM org.ros.time.RemoteUptimeClock update
INFO: Latency: 7,0000 s, Delta ratio: 1,0000, Drift: 1,000, Error reduction coefficient: 0,000, Error: 0,0000 s
abr 04, 2013 12:33:00 PM org.ros.time.RemoteUptimeClock update
INFO: Latency: 7,0000 s, Delta ratio: 1,0000, Drift: 1,000, Error reduction coefficient: 0,000, Error: 0,0000 s
abr 04, 2013 12:33:00 PM org.ros.time.RemoteUptimeClock update
INFO: Latency: 7,0000 s, Delta ratio: 1,0000, Drift: 1,000, Error reduction coefficient: 0,000, Error: 0,0000 s
abr 04, 2013 12:33:00 PM org.ros.time.RemoteUptimeClock update
INFO: Latency: 7,0000 s, Delta ratio: 1,0000, Drift: 1,000, Error reduction coefficient: 0,000, Error: 0,0000 s
abr 04, 2013 12:33:00 PM org.ros.time.RemoteUptimeClock update
INFO: Latency: 7,0000 s, Delta ratio: 1,0000, Drift: 1,000, Error reduction coefficient: 0,000, Error: 0,0000 s
abr 04, 2013 12:33:00 PM org.ros.time.RemoteUptimeClock update
INFO: Latency: 7,0000 s, Delta ratio: 1,0000, Drift: 1,000, Error reduction coefficient: 0,000, Error: 0,0000 s
abr 04, 2013 12:33:00 PM org.ros.time.RemoteUptimeClock update
INFO: Latency: 7,0000 s, Delta ratio: 1,0000, Drift: 1,000, Error reduction coefficient: 0,000, Error: 0,0000 s
abr 04, 2013 12:33:00 PM org.ros.time.RemoteUptimeClock update
INFO: Latency: 7,0000 s, Delta ratio: 1,0000, Drift: 1,000, Error reduction coefficient: 0,000, Error: 0,0000 s
abr 04, 2013 12:33:00 PM org.ros.time.RemoteUptimeClock update
INFO: Latency: 7,0000 s, Delta ratio: 1,0000, Drift: 1,000, Error reduction coefficient: 0,000, Error: 0,0000 s
abr 04, 2013 12:33:00 PM org.ros.time.RemoteUptimeClock update
INFO: Latency: 7,0000 s, Delta ratio: 1,0000, Drift: 1,000, Error reduction coefficient: 0,000, Error: 0,0000 s
abr 04, 2013 12:33:00 PM org.ros.time.RemoteUptimeClock update
INFO: Latency: 7,0000 s, Delta ratio: 1,0000, Drift: 1,000, Error reduction coefficient: 0,000, Error: 0,0000 s
abr 04, 2013 12:33:00 PM org.ros.time.RemoteUptimeClock update
INFO: Latency: 7,0000 s, Delta ratio: 1,0000, Drift: 1,000, Error reduction coefficient: 0,000, Error: 0,0000 s
abr 04, 2013 12:33:00 PM org.ros.time.RemoteUptimeClock update
INFO: Latency: 7,0000 s, Delta ratio: 1,0000, Drift: 1,000, Error reduction coefficient: 0,000, Error: 0,0000 s
abr 04, 2013 12:33:00 PM org.ros.time.RemoteUptimeClock update
INFO: Latency: 7,0000 s, Delta ratio: 1,0000, Drift: 1,000, Error reduction coefficient: 0,000, Error: 0,0000 s
abr 04, 2013 12:33:00 PM org.ros.time.RemoteUptimeClock update
INFO: Latency: 7,0000 s, Delta ratio: 1,0000, Drift: 1,000, Error reduction coefficient: 0,000, Error: 0,0000 s
abr 04, 2013 12:33:00 PM org.ros.time.RemoteUptimeClock update
INFO: Latency: 7,0000 s, Delta ratio: 1,0000, Drift: 1,000, Error reduction coefficient: 0,000, Error: 0,0000 s
abr 04, 2013 12:33:00 PM org.ros.time.RemoteUptimeClock update
INFO: Latency: 7,0000 s, Delta ratio: 1,0000, Drift: 1,000, Error reduction coefficient: 0,000, Error: 0,0000 s
abr 04, 2013 12:33:00 PM org.ros.time.RemoteUptimeClock update
INFO: Latency: 7,0000 s, Delta ratio: 1,0000, Drift: 1,000, Error reduction coefficient: 0,000, Error: 0,0000 s
abr 04, 2013 12:33:00 PM org.ros.time.RemoteUptimeClock update
INFO: Latency: 7,0000 s, Delta ratio: 1,0000, Drift: 1,000, Error reduction coefficient: 0,000, Error: 0,0000 s
abr 04, 2013 12:33:00 PM org.ros.time.RemoteUptimeClock update
INFO: Latency: 7,0000 s, Delta ratio: 1,0000, Drift: 1,000, Error reduction coefficient: 0,000, Error: 0,0000 s
abr 04, 2013 12:33:00 PM org.ros.time.RemoteUptimeClock update
INFO: Latency: 7,0000 s, Delta ratio: 1,0000, Drift: 1,000, Error reduction coefficient: 0,000, Error: 0,0000 s
abr 04, 2013 12:33:00 PM org.ros.time.RemoteUptimeClock update
INFO: Latency: 7,0000 s, Delta ratio: 1,0000, Drift: 1,000, Error reduction coefficient: 0,000, Error: 0,0000 s
abr 04, 2013 12:33:00 PM org.ros.time.RemoteUptimeClock update
INFO: Latency: 7,0000 s, Delta ratio: 1,0000, Drift: 1,000, Error reduction coefficient: 0,000, Error: 0,0000 s
abr 04, 2013 12:33:00 PM org.ros.time.RemoteUptimeClock update
INFO: Latency: 7,0000 s, Delta ratio: 1,0000, Drift: 1,000, Error reduction coefficient: 0,000, Error: 0,0000 s
abr 04, 2013 12:33:00 PM org.ros.time.RemoteUptimeClock update
INFO: Latency: 7,0000 s, Delta ratio: 1,0000, Drift: 1,000, Error reduction coefficient: 0,000, Error: 0,0000 s
abr 04, 2013 12:33:00 PM org.ros.time.RemoteUptimeClock update
INFO: Latency: 7,0000 s, Delta ratio: 1,0000, Drift: 1,000, Error reduction coefficient: 0,000, Error: 0,0000 s
abr 04, 2013 12:33:00 PM org.ros.time.RemoteUptimeClock update
INFO: Latency: 7,0000 s, Delta ratio: 1,0000, Drift: 1,000, Error reduction coefficient: 0,000, Error: 0,0000 s
abr 04, 2013 12:33:00 PM org.ros.time.RemoteUptimeClock update
INFO: Latency: 7,0000 s, Delta ratio: 1,0000, Drift: 1,000, Error reduction coefficient: 0,000, Error: 0,0000 s
abr 04, 2013 12:33:00 PM org.ros.time.RemoteUptimeClock update
INFO: Latency: 7,0000 s, Delta ratio: 1,0000, Drift: 1,000, Error reduction coefficient: 0,000, Error: 0,0000 s
abr 04, 2013 12:33:00 PM org.ros.time.RemoteUptimeClock update
INFO: Latency: 7,0000 s, Delta ratio: 1,0000, Drift: 1,000, Error reduction coefficient: 0,000, Error: 0,0000 s
abr 04, 2013 12:33:01 PM org.ros.time.RemoteUptimeClock update
INFO: Latency: 7,0000 s, Delta ratio: 1,0000, Drift: 1,000, Error reduction coefficient: 0,000, Error: 0,0000 s
abr 04, 2013 12:33:01 PM org.ros.time.RemoteUptimeClock update
INFO: Latency: 7,0000 s, Delta ratio: 1,0000, Drift: 1,000, Error reduction coefficient: 0,000, Error: 0,0000 s
abr 04, 2013 12:33:01 PM org.ros.time.RemoteUptimeClock update
INFO: Latency: 7,0000 s, Delta ratio: 1,0000, Drift: 1,000, Error reduction coefficient: 0,000, Error: 0,0000 s
abr 04, 2013 12:33:01 PM org.ros.time.RemoteUptimeClock update
INFO: Latency: 7,0000 s, Delta ratio: 1,0000, Drift: 1,000, Error reduction coefficient: 0,000, Error: 0,0000 s
abr 04, 2013 12:33:01 PM org.ros.time.RemoteUptimeClock update
INFO: Latency: 7,0000 s, Delta ratio: 1,0000, Drift: 1,000, Error reduction coefficient: 0,000, Error: 0,0000 s
abr 04, 2013 12:33:01 PM org.ros.time.RemoteUptimeClock update
INFO: Latency: 7,0000 s, Delta ratio: 1,0000, Drift: 1,000, Error reduction coefficient: 0,000, Error: 0,0000 s
abr 04, 2013 12:33:01 PM org.ros.time.RemoteUptimeClock update
INFO: Latency: 7,0000 s, Delta ratio: 1,0000, Drift: 1,000, Error reduction coefficient: 0,000, Error: 0,0000 s
abr 04, 2013 12:33:01 PM org.ros.time.RemoteUptimeClock update
INFO: Latency: 7,0000 s, Delta ratio: 1,0000, Drift: 1,000, Error reduction coefficient: 0,000, Error: 0,0000 s
abr 04, 2013 12:33:01 PM org.ros.time.RemoteUptimeClock update
INFO: Latency: 7,0000 s, Delta ratio: 1,0000, Drift: 1,000, Error reduction coefficient: 0,000, Error: 0,0000 s
abr 04, 2013 12:33:01 PM org.ros.time.RemoteUptimeClock update
INFO: Latency: 7,0000 s, Delta ratio: 1,0000, Drift: 1,000, Error reduction coefficient: 0,000, Error: 0,0000 s
abr 04, 2013 12:33:01 PM org.ros.time.RemoteUptimeClock update
INFO: Latency: 7,0000 s, Delta ratio: 1,0000, Drift: 1,000, Error reduction coefficient: 0,000, Error: 0,0000 s
abr 04, 2013 12:33:01 PM org.ros.time.RemoteUptimeClock update
INFO: Latency: 7,0000 s, Delta ratio: 1,0000, Drift: 1,000, Error reduction coefficient: 0,000, Error: 0,0000 s
abr 04, 2013 12:33:01 PM org.ros.time.RemoteUptimeClock update
INFO: Latency: 7,0000 s, Delta ratio: 1,0000, Drift: 1,000, Error reduction coefficient: 0,000, Error: 0,0000 s
abr 04, 2013 12:33:01 PM org.ros.time.RemoteUptimeClock update
INFO: Latency: 7,0000 s, Delta ratio: 1,0000, Drift: 1,000, Error reduction coefficient: 0,000, Error: 0,0000 s
abr 04, 2013 12:33:01 PM org.ros.time.RemoteUptimeClock update
INFO: Latency: 7,0000 s, Delta ratio: 1,0000, Drift: 1,000, Error reduction coefficient: 0,000, Error: 0,0000 s
abr 04, 2013 12:33:01 PM org.ros.time.RemoteUptimeClock update
INFO: Latency: 7,0000 s, Delta ratio: 1,0000, Drift: 1,000, Error reduction coefficient: 0,000, Error: 0,0000 s
abr 04, 2013 12:33:01 PM org.ros.time.RemoteUptimeClock update
INFO: Latency: 7,0000 s, Delta ratio: 1,0000, Drift: 1,000, Error reduction coefficient: 0,000, Error: 0,0000 s
abr 04, 2013 12:33:01 PM org.ros.time.RemoteUptimeClock update
INFO: Latency: 7,0000 s, Delta ratio: 1,0000, Drift: 1,000, Error reduction coefficient: 0,000, Error: 0,0000 s
abr 04, 2013 12:33:01 PM org.ros.time.RemoteUptimeClock update
INFO: Latency: 7,0000 s, Delta ratio: 1,0000, Drift: 1,000, Error reduction coefficient: 0,000, Error: 0,0000 s
abr 04, 2013 12:33:01 PM org.ros.time.RemoteUptimeClock update
INFO: Latency: 7,0000 s, Delta ratio: 1,0000, Drift: 1,000, Error reduction coefficient: 0,000, Error: 0,0000 s
abr 04, 2013 12:33:01 PM org.ros.time.RemoteUptimeClock update
INFO: Latency: 7,0000 s, Delta ratio: 1,0000, Drift: 1,000, Error reduction coefficient: 0,000, Error: 0,0000 s
abr 04, 2013 12:33:01 PM org.ros.time.RemoteUptimeClock update
INFO: Latency: 7,0000 s, Delta ratio: 1,0000, Drift: 1,000, Error reduction coefficient: 0,000, Error: 0,0000 s
abr 04, 2013 12:33:01 PM org.ros.time.RemoteUptimeClock update
INFO: Latency: 7,0000 s, Delta ratio: 1,0000, Drift: 1,000, Error reduction coefficient: 0,000, Error: 0,0000 s
abr 04, 2013 12:33:01 PM org.ros.time.RemoteUptimeClock update
INFO: Latency: 7,0000 s, Delta ratio: 1,0000, Drift: 1,000, Error reduction coefficient: 0,000, Error: 0,0000 s
abr 04, 2013 12:33:01 PM org.ros.time.RemoteUptimeClock update
INFO: Latency: 7,0000 s, Delta ratio: 1,0000, Drift: 1,000, Error reduction coefficient: 0,000, Error: 0,0000 s
abr 04, 2013 12:33:01 PM org.ros.time.RemoteUptimeClock update
INFO: Latency: 7,0000 s, Delta ratio: 1,0000, Drift: 1,000, Error reduction coefficient: 0,000, Error: 0,0000 s
abr 04, 2013 12:33:01 PM org.ros.time.RemoteUptimeClock update
INFO: Latency: 7,0000 s, Delta ratio: 1,0000, Drift: 1,000, Error reduction coefficient: 0,000, Error: 0,0000 s
abr 04, 2013 12:33:01 PM org.ros.time.RemoteUptimeClock update
INFO: Latency: 7,0000 s, Delta ratio: 1,0000, Drift: 1,000, Error reduction coefficient: 0,000, Error: 0,0000 s
abr 04, 2013 12:33:01 PM org.ros.time.RemoteUptimeClock update
INFO: Latency: 7,0000 s, Delta ratio: 1,0000, Drift: 1,000, Error reduction coefficient: 0,000, Error: 0,0000 s
abr 04, 2013 12:33:01 PM org.ros.time.RemoteUptimeClock update
INFO: Latency: 7,0000 s, Delta ratio: 1,0000, Drift: 1,000, Error reduction coefficient: 0,000, Error: 0,0000 s
abr 04, 2013 12:33:01 PM org.ros.time.RemoteUptimeClock update
INFO: Latency: 7,0000 s, Delta ratio: 1,0000, Drift: 1,000, Error reduction coefficient: 0,000, Error: 0,0000 s
abr 04, 2013 12:33:01 PM org.ros.time.RemoteUptimeClock update
INFO: Latency: 7,0000 s, Delta ratio: 1,0000, Drift: 1,000, Error reduction coefficient: 0,000, Error: 0,0000 s
abr 04, 2013 12:33:01 PM org.ros.time.RemoteUptimeClock update
INFO: Latency: 7,0000 s, Delta ratio: 1,0000, Drift: 1,000, Error reduction coefficient: 0,000, Error: 0,0000 s
abr 04, 2013 12:33:01 PM org.ros.time.RemoteUptimeClock update
INFO: Latency: 7,0000 s, Delta ratio: 1,0000, Drift: 1,000, Error reduction coefficient: 0,000, Error: 0,0000 s
abr 04, 2013 12:33:01 PM org.ros.time.RemoteUptimeClock update
INFO: Latency: 7,0000 s, Delta ratio: 1,0000, Drift: 1,000, Error reduction coefficient: 0,000, Error: 0,0000 s
abr 04, 2013 12:33:01 PM org.ros.time.RemoteUptimeClock update
INFO: Latency: 7,0000 s, Delta ratio: 1,0000, Drift: 1,000, Error reduction coefficient: 0,000, Error: 0,0000 s
abr 04, 2013 12:33:01 PM org.ros.time.RemoteUptimeClock update
INFO: Latency: 7,0000 s, Delta ratio: 1,0000, Drift: 1,000, Error reduction coefficient: 0,000, Error: 0,0000 s
abr 04, 2013 12:33:01 PM org.ros.time.RemoteUptimeClock update
INFO: Latency: 7,0000 s, Delta ratio: 1,0000, Drift: 1,000, Error reduction coefficient: 0,000, Error: 0,0000 s
abr 04, 2013 12:33:01 PM org.ros.time.RemoteUptimeClock update
INFO: Latency: 7,0000 s, Delta ratio: 1,0000, Drift: 1,000, Error reduction coefficient: 0,000, Error: 0,0000 s
abr 04, 2013 12:33:01 PM org.ros.time.RemoteUptimeClock update
INFO: Latency: 7,0000 s, Delta ratio: 1,0000, Drift: 1,000, Error reduction coefficient: 0,000, Error: 0,0000 s
abr 04, 2013 12:33:01 PM org.ros.time.RemoteUptimeClock update
INFO: Latency: 7,0000 s, Delta ratio: 1,0000, Drift: 1,000, Error reduction coefficient: 0,000, Error: 0,0000 s
abr 04, 2013 12:33:01 PM org.ros.time.RemoteUptimeClock update
INFO: Latency: 7,0000 s, Delta ratio: 1,0000, Drift: 1,000, Error reduction coefficient: 0,000, Error: 0,0000 s
abr 04, 2013 12:33:01 PM org.ros.time.RemoteUptimeClock update
INFO: Latency: 7,0000 s, Delta ratio: 1,0000, Drift: 1,000, Error reduction coefficient: 0,000, Error: 0,0000 s
abr 04, 2013 12:33:01 PM org.ros.time.RemoteUptimeClock update
INFO: Latency: 7,0000 s, Delta ratio: 1,0000, Drift: 1,000, Error reduction coefficient: 0,000, Error: 0,0000 s
abr 04, 2013 12:33:01 PM org.ros.time.RemoteUptimeClock update
INFO: Latency: 7,0000 s, Delta ratio: 1,0000, Drift: 1,000, Error reduction coefficient: 0,000, Error: 0,0000 s
abr 04, 2013 12:33:01 PM org.ros.time.RemoteUptimeClock update
INFO: Latency: 7,0000 s, Delta ratio: 1,0000, Drift: 1,000, Error reduction coefficient: 0,000, Error: 0,0000 s
abr 04, 2013 12:33:01 PM org.ros.time.RemoteUptimeClock update
INFO: Latency: 7,0000 s, Delta ratio: 1,0000, Drift: 1,000, Error reduction coefficient: 0,000, Error: 0,0000 s
abr 04, 2013 12:33:01 PM org.ros.time.RemoteUptimeClock update
INFO: Latency: 7,0000 s, Delta ratio: 1,0000, Drift: 1,000, Error reduction coefficient: 0,000, Error: 0,0000 s
abr 04, 2013 12:33:01 PM org.ros.time.RemoteUptimeClock update
INFO: Latency: 7,0000 s, Delta ratio: 1,0000, Drift: 1,000, Error reduction coefficient: 0,000, Error: 0,0000 s
abr 04, 2013 12:33:01 PM org.ros.time.RemoteUptimeClock update
INFO: Latency: 7,0000 s, Delta ratio: 1,0000, Drift: 1,000, Error reduction coefficient: 0,000, Error: 0,0000 s
abr 04, 2013 12:33:01 PM org.ros.time.RemoteUptimeClock update
INFO: Latency: 7,0000 s, Delta ratio: 1,0000, Drift: 1,000, Error reduction coefficient: 0,000, Error: 0,0000 s
abr 04, 2013 12:33:01 PM org.ros.time.RemoteUptimeClock update
INFO: Latency: 7,0000 s, Delta ratio: 1,0000, Drift: 1,000, Error reduction coefficient: 0,000, Error: 0,0000 s
abr 04, 2013 12:33:01 PM org.ros.time.RemoteUptimeClock update
INFO: Latency: 7,0000 s, Delta ratio: 1,0000, Drift: 1,000, Error reduction coefficient: 0,000, Error: 0,0000 s
abr 04, 2013 12:33:01 PM org.ros.time.RemoteUptimeClock update
INFO: Latency: 7,0000 s, Delta ratio: 1,0000, Drift: 1,000, Error reduction coefficient: 0,000, Error: 0,0000 s
abr 04, 2013 12:33:01 PM org.ros.time.RemoteUptimeClock update
INFO: Latency: 7,0000 s, Delta ratio: 1,0000, Drift: 1,000, Error reduction coefficient: 0,000, Error: 0,0000 s
abr 04, 2013 12:33:01 PM org.ros.time.RemoteUptimeClock update
INFO: Latency: 7,0000 s, Delta ratio: 1,0000, Drift: 1,000, Error reduction coefficient: 0,000, Error: 0,0000 s
abr 04, 2013 12:33:01 PM org.ros.time.RemoteUptimeClock update
INFO: Latency: 7,0000 s, Delta ratio: 1,0000, Drift: 1,000, Error reduction coefficient: 0,000, Error: 0,0000 s
abr 04, 2013 12:33:01 PM org.ros.time.RemoteUptimeClock update
INFO: Latency: 7,0000 s, Delta ratio: 1,0000, Drift: 1,000, Error reduction coefficient: 0,000, Error: 0,0000 s
abr 04, 2013 12:33:01 PM org.ros.time.RemoteUptimeClock update
INFO: Latency: 7,0000 s, Delta ratio: 1,0000, Drift: 1,000, Error reduction coefficient: 0,000, Error: 0,0000 s
abr 04, 2013 12:33:01 PM org.ros.time.RemoteUptimeClock update
INFO: Latency: 7,0000 s, Delta ratio: 1,0000, Drift: 1,000, Error reduction coefficient: 0,000, Error: 0,0000 s
abr 04, 2013 12:33:01 PM org.ros.time.RemoteUptimeClock update
INFO: Latency: 7,0000 s, Delta ratio: 1,0000, Drift: 1,000, Error reduction coefficient: 0,000, Error: 0,0000 s
abr 04, 2013 12:33:01 PM org.ros.time.RemoteUptimeClock update
INFO: Latency: 7,0000 s, Delta ratio: 1,0000, Drift: 1,000, Error reduction coefficient: 0,000, Error: 0,0000 s
abr 04, 2013 12:33:01 PM org.ros.time.RemoteUptimeClock update
INFO: Latency: 7,0000 s, Delta ratio: 1,0000, Drift: 1,000, Error reduction coefficient: 0,000, Error: 0,0000 s
abr 04, 2013 12:33:01 PM org.ros.time.RemoteUptimeClock update
INFO: Latency: 7,0000 s, Delta ratio: 1,0000, Drift: 1,000, Error reduction coefficient: 0,000, Error: 0,0000 s
abr 04, 2013 12:33:01 PM org.ros.time.RemoteUptimeClock update
INFO: Latency: 7,0000 s, Delta ratio: 1,0000, Drift: 1,000, Error reduction coefficient: 0,000, Error: 0,0000 s
abr 04, 2013 12:33:01 PM org.ros.time.RemoteUptimeClock update
INFO: Latency: 7,0000 s, Delta ratio: 1,0000, Drift: 1,000, Error reduction coefficient: 0,000, Error: 0,0000 s
abr 04, 2013 12:33:01 PM org.ros.time.RemoteUptimeClock update
INFO: Latency: 7,0000 s, Delta ratio: 1,0000, Drift: 1,000, Error reduction coefficient: 0,000, Error: 0,0000 s
abr 04, 2013 12:33:01 PM org.ros.time.RemoteUptimeClock update
INFO: Latency: 7,0000 s, Delta ratio: 1,0000, Drift: 1,000, Error reduction coefficient: 0,000, Error: 0,0000 s
abr 04, 2013 12:33:01 PM org.ros.time.RemoteUptimeClock update
INFO: Latency: 7,0000 s, Delta ratio: 1,0000, Drift: 1,000, Error reduction coefficient: 0,000, Error: 0,0000 s
abr 04, 2013 12:33:01 PM org.ros.time.RemoteUptimeClock update
INFO: Latency: 7,0000 s, Delta ratio: 1,0000, Drift: 1,000, Error reduction coefficient: 0,000, Error: 0,0000 s
abr 04, 2013 12:33:01 PM org.ros.time.RemoteUptimeClock update
INFO: Latency: 7,0000 s, Delta ratio: 1,0000, Drift: 1,000, Error reduction coefficient: 0,000, Error: 0,0000 s
abr 04, 2013 12:33:01 PM org.ros.time.RemoteUptimeClock update
INFO: Latency: 7,0000 s, Delta ratio: 1,0000, Drift: 1,000, Error reduction coefficient: 0,000, Error: 0,0000 s
abr 04, 2013 12:33:01 PM org.ros.time.RemoteUptimeClock update
INFO: Latency: 7,0000 s, Delta ratio: 1,0000, Drift: 1,000, Error reduction coefficient: 0,000, Error: 0,0000 s
abr 04, 2013 12:33:01 PM org.ros.time.RemoteUptimeClock update
INFO: Latency: 7,0000 s, Delta ratio: 1,0000, Drift: 1,000, Error reduction coefficient: 0,000, Error: 0,0000 s
abr 04, 2013 12:33:01 PM org.ros.time.RemoteUptimeClock update
INFO: Latency: 7,0000 s, Delta ratio: 1,0000, Drift: 1,000, Error reduction coefficient: 0,000, Error: 0,0000 s
abr 04, 2013 12:33:01 PM org.ros.time.RemoteUptimeClock update
INFO: Latency: 7,0000 s, Delta ratio: 1,0000, Drift: 1,000, Error reduction coefficient: 0,000, Error: 0,0000 s
abr 04, 2013 12:33:01 PM org.ros.time.RemoteUptimeClock update
INFO: Latency: 7,0000 s, Delta ratio: 1,0000, Drift: 1,000, Error reduction coefficient: 0,000, Error: 0,0000 s
abr 04, 2013 12:33:01 PM org.ros.time.RemoteUptimeClock update
INFO: Latency: 7,0000 s, Delta ratio: 1,0000, Drift: 1,000, Error reduction coefficient: 0,000, Error: 0,0000 s
abr 04, 2013 12:33:01 PM org.ros.time.RemoteUptimeClock update
INFO: Latency: 7,0000 s, Delta ratio: 1,0000, Drift: 1,000, Error reduction coefficient: 0,000, Error: 0,0000 s
abr 04, 2013 12:33:01 PM org.ros.time.RemoteUptimeClock update
INFO: Latency: 7,0000 s, Delta ratio: 1,0000, Drift: 1,000, Error reduction coefficient: 0,000, Error: 0,0000 s
abr 04, 2013 12:33:01 PM org.ros.time.RemoteUptimeClock update
INFO: Latency: 7,0000 s, Delta ratio: 1,0000, Drift: 1,000, Error reduction coefficient: 0,000, Error: 0,0000 s
abr 04, 2013 12:33:01 PM org.ros.time.RemoteUptimeClock update
INFO: Latency: 7,0000 s, Delta ratio: 1,0000, Drift: 1,000, Error reduction coefficient: 0,000, Error: 0,0000 s
abr 04, 2013 12:33:01 PM org.ros.time.RemoteUptimeClock update
INFO: Latency: 7,0000 s, Delta ratio: 1,0000, Drift: 1,000, Error reduction coefficient: 0,000, Error: 0,0000 s
abr 04, 2013 12:33:01 PM org.ros.time.RemoteUptimeClock update
INFO: Latency: 7,0000 s, Delta ratio: 1,0000, Drift: 1,000, Error reduction coefficient: 0,000, Error: 0,0000 s
abr 04, 2013 12:33:01 PM org.ros.time.RemoteUptimeClock update
INFO: Latency: 7,0000 s, Delta ratio: 1,0000, Drift: 1,000, Error reduction coefficient: 0,000, Error: 0,0000 s
abr 04, 2013 12:33:01 PM org.ros.time.RemoteUptimeClock update
INFO: Latency: 7,0000 s, Delta ratio: 1,0000, Drift: 1,000, Error reduction coefficient: 0,000, Error: 0,0000 s
abr 04, 2013 12:33:01 PM org.ros.time.RemoteUptimeClock update
INFO: Latency: 7,0000 s, Delta ratio: 1,0000, Drift: 1,000, Error reduction coefficient: 0,000, Error: 0,0000 s
abr 04, 2013 12:33:01 PM org.ros.time.RemoteUptimeClock update
INFO: Latency: 7,0000 s, Delta ratio: 1,0000, Drift: 1,000, Error reduction coefficient: 0,000, Error: 0,0000 s
abr 04, 2013 12:33:01 PM org.ros.time.RemoteUptimeClock update
INFO: Latency: 7,0000 s, Delta ratio: 1,0000, Drift: 1,000, Error reduction coefficient: 0,000, Error: 0,0000 s
abr 04, 2013 12:33:01 PM org.ros.time.RemoteUptimeClock update
INFO: Latency: 7,0000 s, Delta ratio: 1,0000, Drift: 1,000, Error reduction coefficient: 0,000, Error: 0,0000 s
abr 04, 2013 12:33:01 PM org.ros.time.RemoteUptimeClock update
INFO: Latency: 7,0000 s, Delta ratio: 1,0000, Drift: 1,000, Error reduction coefficient: 0,000, Error: 0,0000 s
abr 04, 2013 12:33:01 PM org.ros.time.RemoteUptimeClock update
INFO: Latency: 7,0000 s, Delta ratio: 1,0000, Drift: 1,000, Error reduction coefficient: 0,000, Error: 0,0000 s
abr 04, 2013 12:33:01 PM org.ros.time.RemoteUptimeClock update
INFO: Latency: 7,0000 s, Delta ratio: 1,0000, Drift: 1,000, Error reduction coefficient: 0,000, Error: 0,0000 s
abr 04, 2013 12:33:01 PM org.ros.time.RemoteUptimeClock update
INFO: Latency: 7,0000 s, Delta ratio: 1,0000, Drift: 1,000, Error reduction coefficient: 0,000, Error: 0,0000 s
abr 04, 2013 12:33:01 PM org.ros.time.RemoteUptimeClock update
INFO: Latency: 7,0000 s, Delta ratio: 1,0000, Drift: 1,000, Error reduction coefficient: 0,000, Error: 0,0000 s
abr 04, 2013 12:33:01 PM org.ros.time.RemoteUptimeClock update
INFO: Latency: 7,0000 s, Delta ratio: 1,0000, Drift: 1,000, Error reduction coefficient: 0,000, Error: 0,0000 s
abr 04, 2013 12:33:01 PM org.ros.time.RemoteUptimeClock update
INFO: Latency: 7,0000 s, Delta ratio: 1,0000, Drift: 1,000, Error reduction coefficient: 0,000, Error: 0,0000 s
abr 04, 2013 12:33:01 PM org.ros.time.RemoteUptimeClock update
INFO: Latency: 7,0000 s, Delta ratio: 1,0000, Drift: 1,000, Error reduction coefficient: 0,000, Error: 0,0000 s
abr 04, 2013 12:33:01 PM org.ros.time.RemoteUptimeClock update
INFO: Latency: 7,0000 s, Delta ratio: 1,0000, Drift: 1,000, Error reduction coefficient: 0,000, Error: 0,0000 s
abr 04, 2013 12:33:01 PM org.ros.time.RemoteUptimeClock update
INFO: Latency: 7,0000 s, Delta ratio: 1,0000, Drift: 1,000, Error reduction coefficient: 0,000, Error: 0,0000 s
abr 04, 2013 12:33:01 PM org.ros.time.RemoteUptimeClock update
INFO: Latency: 7,0000 s, Delta ratio: 1,0000, Drift: 1,000, Error reduction coefficient: 0,000, Error: 0,0000 s
abr 04, 2013 12:33:01 PM org.ros.time.RemoteUptimeClock update
INFO: Latency: 7,0000 s, Delta ratio: 1,0000, Drift: 1,000, Error reduction coefficient: 0,000, Error: 0,0000 s
abr 04, 2013 12:33:01 PM org.ros.time.RemoteUptimeClock update
INFO: Latency: 7,0000 s, Delta ratio: 1,0000, Drift: 1,000, Error reduction coefficient: 0,000, Error: 0,0000 s
abr 04, 2013 12:33:01 PM org.ros.time.RemoteUptimeClock update
INFO: Latency: 7,0000 s, Delta ratio: 1,0000, Drift: 1,000, Error reduction coefficient: 0,000, Error: 0,0000 s
abr 04, 2013 12:33:01 PM org.ros.time.RemoteUptimeClock update
INFO: Latency: 7,0000 s, Delta ratio: 1,0000, Drift: 1,000, Error reduction coefficient: 0,000, Error: 0,0000 s
abr 04, 2013 12:33:01 PM org.ros.time.RemoteUptimeClock update
INFO: Latency: 7,0000 s, Delta ratio: 1,0000, Drift: 1,000, Error reduction coefficient: 0,000, Error: 0,0000 s
abr 04, 2013 12:33:01 PM org.ros.time.RemoteUptimeClock update
INFO: Latency: 7,0000 s, Delta ratio: 1,0000, Drift: 1,000, Error reduction coefficient: 0,000, Error: 0,0000 s
abr 04, 2013 12:33:01 PM org.ros.time.RemoteUptimeClock update
INFO: Latency: 7,0000 s, Delta ratio: 1,0000, Drift: 1,000, Error reduction coefficient: 0,000, Error: 0,0000 s
abr 04, 2013 12:33:01 PM org.ros.time.RemoteUptimeClock update
INFO: Latency: 7,0000 s, Delta ratio: 1,0000, Drift: 1,000, Error reduction coefficient: 0,000, Error: 0,0000 s
abr 04, 2013 12:33:01 PM org.ros.time.RemoteUptimeClock update
INFO: Latency: 7,0000 s, Delta ratio: 1,0000, Drift: 1,000, Error reduction coefficient: 0,000, Error: 0,0000 s
abr 04, 2013 12:33:01 PM org.ros.time.RemoteUptimeClock update
INFO: Latency: 7,0000 s, Delta ratio: 1,0000, Drift: 1,000, Error reduction coefficient: 0,000, Error: 0,0000 s
abr 04, 2013 12:33:01 PM org.ros.time.RemoteUptimeClock update
INFO: Latency: 7,0000 s, Delta ratio: 1,0000, Drift: 1,000, Error reduction coefficient: 0,000, Error: 0,0000 s
abr 04, 2013 12:33:01 PM org.ros.time.RemoteUptimeClock update
INFO: Latency: 7,0000 s, Delta ratio: 1,0000, Drift: 1,000, Error reduction coefficient: 0,000, Error: 0,0000 s
abr 04, 2013 12:33:01 PM org.ros.time.RemoteUptimeClock update
INFO: Latency: 7,0000 s, Delta ratio: 1,0000, Drift: 1,000, Error reduction coefficient: 0,000, Error: 0,0000 s
abr 04, 2013 12:33:01 PM org.ros.time.RemoteUptimeClock update
INFO: Latency: 7,0000 s, Delta ratio: 1,0000, Drift: 1,000, Error reduction coefficient: 0,000, Error: 0,0000 s
abr 04, 2013 12:33:01 PM org.ros.time.RemoteUptimeClock update
INFO: Latency: 7,0000 s, Delta ratio: 1,0000, Drift: 1,000, Error reduction coefficient: 0,000, Error: 0,0000 s
abr 04, 2013 12:33:01 PM org.ros.time.RemoteUptimeClock update
INFO: Latency: 7,0000 s, Delta ratio: 1,0000, Drift: 1,000, Error reduction coefficient: 0,000, Error: 0,0000 s
abr 04, 2013 12:33:01 PM org.ros.time.RemoteUptimeClock update
INFO: Latency: 7,0000 s, Delta ratio: 1,0000, Drift: 1,000, Error reduction coefficient: 0,000, Error: 0,0000 s
abr 04, 2013 12:33:01 PM org.ros.time.RemoteUptimeClock update
INFO: Latency: 7,0000 s, Delta ratio: 1,0000, Drift: 1,000, Error reduction coefficient: 0,000, Error: 0,0000 s
abr 04, 2013 12:33:01 PM org.ros.time.RemoteUptimeClock update
INFO: Latency: 7,0000 s, Delta ratio: 1,0000, Drift: 1,000, Error reduction coefficient: 0,000, Error: 0,0000 s
abr 04, 2013 12:33:01 PM org.ros.time.RemoteUptimeClock update
INFO: Latency: 7,0000 s, Delta ratio: 1,0000, Drift: 1,000, Error reduction coefficient: 0,000, Error: 0,0000 s
abr 04, 2013 12:33:01 PM org.ros.time.RemoteUptimeClock update
INFO: Latency: 7,0000 s, Delta ratio: 1,0000, Drift: 1,000, Error reduction coefficient: 0,000, Error: 0,0000 s
abr 04, 2013 12:33:01 PM org.ros.time.RemoteUptimeClock update
INFO: Latency: 7,0000 s, Delta ratio: 1,0000, Drift: 1,000, Error reduction coefficient: 0,000, Error: 0,0000 s
abr 04, 2013 12:33:01 PM org.ros.time.RemoteUptimeClock update
INFO: Latency: 7,0000 s, Delta ratio: 1,0000, Drift: 1,000, Error reduction coefficient: 0,000, Error: 0,0000 s
abr 04, 2013 12:33:01 PM org.ros.time.RemoteUptimeClock update
INFO: Latency: 7,0000 s, Delta ratio: 1,0000, Drift: 1,000, Error reduction coefficient: 0,000, Error: 0,0000 s
abr 04, 2013 12:33:01 PM org.ros.time.RemoteUptimeClock update
INFO: Latency: 7,0000 s, Delta ratio: 1,0000, Drift: 1,000, Error reduction coefficient: 0,000, Error: 0,0000 s
abr 04, 2013 12:33:01 PM org.ros.time.RemoteUptimeClock update
INFO: Latency: 7,0000 s, Delta ratio: 1,0000, Drift: 1,000, Error reduction coefficient: 0,000, Error: 0,0000 s
abr 04, 2013 12:33:01 PM org.ros.time.RemoteUptimeClock update
INFO: Latency: 7,0000 s, Delta ratio: 1,0000, Drift: 1,000, Error reduction coefficient: 0,000, Error: 0,0000 s
abr 04, 2013 12:33:01 PM org.ros.time.RemoteUptimeClock update
INFO: Latency: 7,0000 s, Delta ratio: 1,0000, Drift: 1,000, Error reduction coefficient: 0,000, Error: 0,0000 s
abr 04, 2013 12:33:01 PM org.ros.time.RemoteUptimeClock update
INFO: Latency: 7,0000 s, Delta ratio: 1,0000, Drift: 1,000, Error reduction coefficient: 0,000, Error: 0,0000 s
abr 04, 2013 12:33:01 PM org.ros.time.RemoteUptimeClock update
INFO: Latency: 7,0000 s, Delta ratio: 1,0000, Drift: 1,000, Error reduction coefficient: 0,000, Error: 0,0000 s
abr 04, 2013 12:33:01 PM org.ros.time.RemoteUptimeClock update
INFO: Latency: 7,0000 s, Delta ratio: 1,0000, Drift: 1,000, Error reduction coefficient: 0,000, Error: 0,0000 s
abr 04, 2013 12:33:01 PM org.ros.time.RemoteUptimeClock update
INFO: Latency: 7,0000 s, Delta ratio: 1,0000, Drift: 1,000, Error reduction coefficient: 0,000, Error: 0,0000 s
abr 04, 2013 12:33:01 PM org.ros.time.RemoteUptimeClock update
INFO: Latency: 7,0000 s, Delta ratio: 1,0000, Drift: 1,000, Error reduction coefficient: 0,000, Error: 0,0000 s
abr 04, 2013 12:33:01 PM org.ros.time.RemoteUptimeClock update
INFO: Latency: 7,0000 s, Delta ratio: 1,0000, Drift: 1,000, Error reduction coefficient: 0,000, Error: 0,0000 s
abr 04, 2013 12:33:01 PM org.ros.time.RemoteUptimeClock update
INFO: Latency: 7,0000 s, Delta ratio: 1,0000, Drift: 1,000, Error reduction coefficient: 0,000, Error: 0,0000 s
abr 04, 2013 12:33:01 PM org.ros.time.RemoteUptimeClock update
INFO: Latency: 7,0000 s, Delta ratio: 1,0000, Drift: 1,000, Error reduction coefficient: 0,000, Error: 0,0000 s
abr 04, 2013 12:33:01 PM org.ros.time.RemoteUptimeClock update
INFO: Latency: 7,0000 s, Delta ratio: 1,0000, Drift: 1,000, Error reduction coefficient: 0,000, Error: 0,0000 s
abr 04, 2013 12:33:01 PM org.ros.time.RemoteUptimeClock update
INFO: Latency: 7,0000 s, Delta ratio: 1,0000, Drift: 1,000, Error reduction coefficient: 0,000, Error: 0,0000 s
abr 04, 2013 12:33:01 PM org.ros.time.RemoteUptimeClock update
INFO: Latency: 7,0000 s, Delta ratio: 1,0000, Drift: 1,000, Error reduction coefficient: 0,000, Error: 0,0000 s
abr 04, 2013 12:33:01 PM org.ros.time.RemoteUptimeClock update
INFO: Latency: 7,0000 s, Delta ratio: 1,0000, Drift: 1,000, Error reduction coefficient: 0,000, Error: 0,0000 s
abr 04, 2013 12:33:01 PM org.ros.time.RemoteUptimeClock update
INFO: Latency: 7,0000 s, Delta ratio: 1,0000, Drift: 1,000, Error reduction coefficient: 0,000, Error: 0,0000 s
abr 04, 2013 12:33:01 PM org.ros.time.RemoteUptimeClock update
INFO: Latency: 7,0000 s, Delta ratio: 1,0000, Drift: 1,000, Error reduction coefficient: 0,000, Error: 0,0000 s
abr 04, 2013 12:33:01 PM org.ros.time.RemoteUptimeClock update
INFO: Latency: 7,0000 s, Delta ratio: 1,0000, Drift: 1,000, Error reduction coefficient: 0,000, Error: 0,0000 s
abr 04, 2013 12:33:01 PM org.ros.time.RemoteUptimeClock update
INFO: Latency: 7,0000 s, Delta ratio: 1,0000, Drift: 1,000, Error reduction coefficient: 0,000, Error: 0,0000 s
abr 04, 2013 12:33:01 PM org.ros.time.RemoteUptimeClock update
INFO: Latency: 7,0000 s, Delta ratio: 1,0000, Drift: 1,000, Error reduction coefficient: 0,000, Error: 0,0000 s
abr 04, 2013 12:33:01 PM org.ros.time.RemoteUptimeClock update
INFO: Latency: 7,0000 s, Delta ratio: 1,0000, Drift: 1,000, Error reduction coefficient: 0,000, Error: 0,0000 s
abr 04, 2013 12:33:01 PM org.ros.time.RemoteUptimeClock update
INFO: Latency: 7,0000 s, Delta ratio: 1,0000, Drift: 1,000, Error reduction coefficient: 0,000, Error: 0,0000 s
abr 04, 2013 12:33:01 PM org.ros.time.RemoteUptimeClock update
INFO: Latency: 7,0000 s, Delta ratio: 1,0000, Drift: 1,000, Error reduction coefficient: 0,000, Error: 0,0000 s
abr 04, 2013 12:33:01 PM org.ros.time.RemoteUptimeClock update
INFO: Latency: 7,0000 s, Delta ratio: 1,0000, Drift: 1,000, Error reduction coefficient: 0,000, Error: 0,0000 s
abr 04, 2013 12:33:01 PM org.ros.time.RemoteUptimeClock update
INFO: Latency: 7,0000 s, Delta ratio: 1,0000, Drift: 1,000, Error reduction coefficient: 0,000, Error: 0,0000 s
abr 04, 2013 12:33:01 PM org.ros.time.RemoteUptimeClock update
INFO: Latency: 7,0000 s, Delta ratio: 1,0000, Drift: 1,000, Error reduction coefficient: 0,000, Error: 0,0000 s
abr 04, 2013 12:33:01 PM org.ros.time.RemoteUptimeClock update
INFO: Latency: 7,0000 s, Delta ratio: 1,0000, Drift: 1,000, Error reduction coefficient: 0,000, Error: 0,0000 s
abr 04, 2013 12:33:01 PM org.ros.time.RemoteUptimeClock update
INFO: Latency: 7,0000 s, Delta ratio: 1,0000, Drift: 1,000, Error reduction coefficient: 0,000, Error: 0,0000 s
abr 04, 2013 12:33:01 PM org.ros.time.RemoteUptimeClock update
INFO: Latency: 7,0000 s, Delta ratio: 1,0000, Drift: 1,000, Error reduction coefficient: 0,000, Error: 0,0000 s
abr 04, 2013 12:33:01 PM org.ros.time.RemoteUptimeClock update
INFO: Latency: 7,0000 s, Delta ratio: 1,0000, Drift: 1,000, Error reduction coefficient: 0,000, Error: 0,0000 s
abr 04, 2013 12:33:01 PM org.ros.time.RemoteUptimeClock update
INFO: Latency: 7,0000 s, Delta ratio: 1,0000, Drift: 1,000, Error reduction coefficient: 0,000, Error: 0,0000 s
abr 04, 2013 12:33:01 PM org.ros.time.RemoteUptimeClock update
INFO: Latency: 7,0000 s, Delta ratio: 1,0000, Drift: 1,000, Error reduction coefficient: 0,000, Error: 0,0000 s
abr 04, 2013 12:33:01 PM org.ros.time.RemoteUptimeClock update
INFO: Latency: 7,0000 s, Delta ratio: 1,0000, Drift: 1,000, Error reduction coefficient: 0,000, Error: 0,0000 s
abr 04, 2013 12:33:01 PM org.ros.time.RemoteUptimeClock update
INFO: Latency: 7,0000 s, Delta ratio: 1,0000, Drift: 1,000, Error reduction coefficient: 0,000, Error: 0,0000 s
abr 04, 2013 12:33:01 PM org.ros.time.RemoteUptimeClock update
INFO: Latency: 7,0000 s, Delta ratio: 1,0000, Drift: 1,000, Error reduction coefficient: 0,000, Error: 0,0000 s
abr 04, 2013 12:33:01 PM org.ros.time.RemoteUptimeClock update
INFO: Latency: 7,0000 s, Delta ratio: 1,0000, Drift: 1,000, Error reduction coefficient: 0,000, Error: 0,0000 s
abr 04, 2013 12:33:01 PM org.ros.time.RemoteUptimeClock update
INFO: Latency: 7,0000 s, Delta ratio: 1,0000, Drift: 1,000, Error reduction coefficient: 0,000, Error: 0,0000 s
abr 04, 2013 12:33:01 PM org.ros.time.RemoteUptimeClock update
INFO: Latency: 7,0000 s, Delta ratio: 1,0000, Drift: 1,000, Error reduction coefficient: 0,000, Error: 0,0000 s
abr 04, 2013 12:33:01 PM org.ros.time.RemoteUptimeClock update
INFO: Latency: 7,0000 s, Delta ratio: 1,0000, Drift: 1,000, Error reduction coefficient: 0,000, Error: 0,0000 s
abr 04, 2013 12:33:01 PM org.ros.time.RemoteUptimeClock update
INFO: Latency: 7,0000 s, Delta ratio: 1,0000, Drift: 1,000, Error reduction coefficient: 0,000, Error: 0,0000 s
abr 04, 2013 12:33:01 PM org.ros.time.RemoteUptimeClock update
INFO: Latency: 7,0000 s, Delta ratio: 1,0000, Drift: 1,000, Error reduction coefficient: 0,000, Error: 0,0000 s
abr 04, 2013 12:33:01 PM org.ros.time.RemoteUptimeClock update
INFO: Latency: 7,0000 s, Delta ratio: 1,0000, Drift: 1,000, Error reduction coefficient: 0,000, Error: 0,0000 s
abr 04, 2013 12:33:01 PM org.ros.time.RemoteUptimeClock update
INFO: Latency: 7,0000 s, Delta ratio: 1,0000, Drift: 1,000, Error reduction coefficient: 0,000, Error: 0,0000 s
abr 04, 2013 12:33:01 PM org.ros.time.RemoteUptimeClock update
INFO: Latency: 7,0000 s, Delta ratio: 1,0000, Drift: 1,000, Error reduction coefficient: 0,000, Error: 0,0000 s
abr 04, 2013 12:33:01 PM org.ros.time.RemoteUptimeClock update
INFO: Latency: 7,0000 s, Delta ratio: 1,0000, Drift: 1,000, Error reduction coefficient: 0,000, Error: 0,0000 s
abr 04, 2013 12:33:01 PM org.ros.time.RemoteUptimeClock update
INFO: Latency: 7,0000 s, Delta ratio: 1,0000, Drift: 1,000, Error reduction coefficient: 0,000, Error: 0,0000 s
abr 04, 2013 12:33:01 PM org.ros.time.RemoteUptimeClock update
INFO: Latency: 7,0000 s, Delta ratio: 1,0000, Drift: 1,000, Error reduction coefficient: 0,000, Error: 0,0000 s
abr 04, 2013 12:33:01 PM org.ros.time.RemoteUptimeClock update
INFO: Latency: 7,0000 s, Delta ratio: 1,0000, Drift: 1,000, Error reduction coefficient: 0,000, Error: 0,0000 s
abr 04, 2013 12:33:01 PM org.ros.time.RemoteUptimeClock update
INFO: Latency: 7,0000 s, Delta ratio: 1,0000, Drift: 1,000, Error reduction coefficient: 0,000, Error: 0,0000 s
abr 04, 2013 12:33:01 PM org.ros.time.RemoteUptimeClock update
INFO: Latency: 7,0000 s, Delta ratio: 1,0000, Drift: 1,000, Error reduction coefficient: 0,000, Error: 0,0000 s
abr 04, 2013 12:33:01 PM org.ros.time.RemoteUptimeClock update
INFO: Latency: 7,0000 s, Delta ratio: 1,0000, Drift: 1,000, Error reduction coefficient: 0,000, Error: 0,0000 s
abr 04, 2013 12:33:01 PM org.ros.time.RemoteUptimeClock update
INFO: Latency: 7,0000 s, Delta ratio: 1,0000, Drift: 1,000, Error reduction coefficient: 0,000, Error: 0,0000 s
abr 04, 2013 12:33:01 PM org.ros.time.RemoteUptimeClock update
INFO: Latency: 7,0000 s, Delta ratio: 1,0000, Drift: 1,000, Error reduction coefficient: 0,000, Error: 0,0000 s
abr 04, 2013 12:33:01 PM org.ros.time.RemoteUptimeClock update
INFO: Latency: 7,0000 s, Delta ratio: 1,0000, Drift: 1,000, Error reduction coefficient: 0,000, Error: 0,0000 s
abr 04, 2013 12:33:01 PM org.ros.time.RemoteUptimeClock update
INFO: Latency: 7,0000 s, Delta ratio: 1,0000, Drift: 1,000, Error reduction coefficient: 0,000, Error: 0,0000 s
abr 04, 2013 12:33:01 PM org.ros.time.RemoteUptimeClock update
INFO: Latency: 7,0000 s, Delta ratio: 1,0000, Drift: 1,000, Error reduction coefficient: 0,000, Error: 0,0000 s
abr 04, 2013 12:33:01 PM org.ros.time.RemoteUptimeClock update
INFO: Latency: 7,0000 s, Delta ratio: 1,0000, Drift: 1,000, Error reduction coefficient: 0,000, Error: 0,0000 s
abr 04, 2013 12:33:01 PM org.ros.time.RemoteUptimeClock update
INFO: Latency: 7,0000 s, Delta ratio: 1,0000, Drift: 1,000, Error reduction coefficient: 0,000, Error: 0,0000 s
abr 04, 2013 12:33:01 PM org.ros.time.RemoteUptimeClock update
INFO: Latency: 7,0000 s, Delta ratio: 1,0000, Drift: 1,000, Error reduction coefficient: 0,000, Error: 0,0000 s
abr 04, 2013 12:33:01 PM org.ros.time.RemoteUptimeClock update
INFO: Latency: 7,0000 s, Delta ratio: 1,0000, Drift: 1,000, Error reduction coefficient: 0,000, Error: 0,0000 s
abr 04, 2013 12:33:01 PM org.ros.time.RemoteUptimeClock update
INFO: Latency: 7,0000 s, Delta ratio: 1,0000, Drift: 1,000, Error reduction coefficient: 0,000, Error: 0,0000 s
abr 04, 2013 12:33:01 PM org.ros.time.RemoteUptimeClock update
INFO: Latency: 7,0000 s, Delta ratio: 1,0000, Drift: 1,000, Error reduction coefficient: 0,000, Error: 0,0000 s
abr 04, 2013 12:33:01 PM org.ros.time.RemoteUptimeClock update
INFO: Latency: 7,0000 s, Delta ratio: 1,0000, Drift: 1,000, Error reduction coefficient: 0,000, Error: 0,0000 s
abr 04, 2013 12:33:01 PM org.ros.time.RemoteUptimeClock update
INFO: Latency: 7,0000 s, Delta ratio: 1,0000, Drift: 1,000, Error reduction coefficient: 0,000, Error: 0,0000 s
abr 04, 2013 12:33:01 PM org.ros.time.RemoteUptimeClock update
INFO: Latency: 7,0000 s, Delta ratio: 1,0000, Drift: 1,000, Error reduction coefficient: 0,000, Error: 0,0000 s
abr 04, 2013 12:33:01 PM org.ros.time.RemoteUptimeClock update
INFO: Latency: 7,0000 s, Delta ratio: 1,0000, Drift: 1,000, Error reduction coefficient: 0,000, Error: 0,0000 s
abr 04, 2013 12:33:01 PM org.ros.time.RemoteUptimeClock update
INFO: Latency: 7,0000 s, Delta ratio: 1,0000, Drift: 1,000, Error reduction coefficient: 0,000, Error: 0,0000 s
abr 04, 2013 12:33:01 PM org.ros.time.RemoteUptimeClock update
INFO: Latency: 7,0000 s, Delta ratio: 1,0000, Drift: 1,000, Error reduction coefficient: 0,000, Error: 0,0000 s
abr 04, 2013 12:33:01 PM org.ros.time.RemoteUptimeClock update
INFO: Latency: 7,0000 s, Delta ratio: 1,0000, Drift: 1,000, Error reduction coefficient: 0,000, Error: 0,0000 s
abr 04, 2013 12:33:01 PM org.ros.time.RemoteUptimeClock update
INFO: Latency: 7,0000 s, Delta ratio: 1,0000, Drift: 1,000, Error reduction coefficient: 0,000, Error: 0,0000 s
abr 04, 2013 12:33:01 PM org.ros.time.RemoteUptimeClock update
INFO: Latency: 7,0000 s, Delta ratio: 1,0000, Drift: 1,000, Error reduction coefficient: 0,000, Error: 0,0000 s
abr 04, 2013 12:33:01 PM org.ros.time.RemoteUptimeClock update
INFO: Latency: 7,0000 s, Delta ratio: 1,0000, Drift: 1,000, Error reduction coefficient: 0,000, Error: 0,0000 s
abr 04, 2013 12:33:01 PM org.ros.time.RemoteUptimeClock update
INFO: Latency: 7,0000 s, Delta ratio: 1,0000, Drift: 1,000, Error reduction coefficient: 0,000, Error: 0,0000 s
abr 04, 2013 12:33:01 PM org.ros.time.RemoteUptimeClock update
INFO: Latency: 7,0000 s, Delta ratio: 1,0000, Drift: 1,000, Error reduction coefficient: 0,000, Error: 0,0000 s
abr 04, 2013 12:33:01 PM org.ros.time.RemoteUptimeClock update
INFO: Latency: 7,0000 s, Delta ratio: 1,0000, Drift: 1,000, Error reduction coefficient: 0,000, Error: 0,0000 s
abr 04, 2013 12:33:01 PM org.ros.time.RemoteUptimeClock update
INFO: Latency: 7,0000 s, Delta ratio: 1,0000, Drift: 1,000, Error reduction coefficient: 0,000, Error: 0,0000 s
abr 04, 2013 12:33:01 PM org.ros.time.RemoteUptimeClock update
INFO: Latency: 7,0000 s, Delta ratio: 1,0000, Drift: 1,000, Error reduction coefficient: 0,000, Error: 0,0000 s
abr 04, 2013 12:33:01 PM org.ros.time.RemoteUptimeClock update
INFO: Latency: 7,0000 s, Delta ratio: 1,0000, Drift: 1,000, Error reduction coefficient: 0,000, Error: 0,0000 s
abr 04, 2013 12:33:01 PM org.ros.time.RemoteUptimeClock update
INFO: Latency: 7,0000 s, Delta ratio: 1,0000, Drift: 1,000, Error reduction coefficient: 0,000, Error: 0,0000 s
abr 04, 2013 12:33:01 PM org.ros.time.RemoteUptimeClock update
INFO: Latency: 7,0000 s, Delta ratio: 1,0000, Drift: 1,000, Error reduction coefficient: 0,000, Error: 0,0000 s
abr 04, 2013 12:33:01 PM org.ros.time.RemoteUptimeClock update
INFO: Latency: 7,0000 s, Delta ratio: 1,0000, Drift: 1,000, Error reduction coefficient: 0,000, Error: 0,0000 s
abr 04, 2013 12:33:01 PM org.ros.time.RemoteUptimeClock update
INFO: Latency: 7,0000 s, Delta ratio: 1,0000, Drift: 1,000, Error reduction coefficient: 0,000, Error: 0,0000 s
abr 04, 2013 12:33:01 PM org.ros.time.RemoteUptimeClock update
INFO: Latency: 7,0000 s, Delta ratio: 1,0000, Drift: 1,000, Error reduction coefficient: 0,000, Error: 0,0000 s
abr 04, 2013 12:33:01 PM org.ros.time.RemoteUptimeClock update
INFO: Latency: 7,0000 s, Delta ratio: 1,0000, Drift: 1,000, Error reduction coefficient: 0,000, Error: 0,0000 s
abr 04, 2013 12:33:01 PM org.ros.time.RemoteUptimeClock update
INFO: Latency: 7,0000 s, Delta ratio: 1,0000, Drift: 1,000, Error reduction coefficient: 0,000, Error: 0,0000 s
abr 04, 2013 12:33:01 PM org.ros.time.RemoteUptimeClock update
INFO: Latency: 7,0000 s, Delta ratio: 1,0000, Drift: 1,000, Error reduction coefficient: 0,000, Error: 0,0000 s
abr 04, 2013 12:33:01 PM org.ros.time.RemoteUptimeClock update
INFO: Latency: 7,0000 s, Delta ratio: 1,0000, Drift: 1,000, Error reduction coefficient: 0,000, Error: 0,0000 s
abr 04, 2013 12:33:01 PM org.ros.time.RemoteUptimeClock update
INFO: Latency: 7,0000 s, Delta ratio: 1,0000, Drift: 1,000, Error reduction coefficient: 0,000, Error: 0,0000 s
abr 04, 2013 12:33:01 PM org.ros.time.RemoteUptimeClock update
INFO: Latency: 7,0000 s, Delta ratio: 1,0000, Drift: 1,000, Error reduction coefficient: 0,000, Error: 0,0000 s
abr 04, 2013 12:33:01 PM org.ros.time.RemoteUptimeClock update
INFO: Latency: 7,0000 s, Delta ratio: 1,0000, Drift: 1,000, Error reduction coefficient: 0,000, Error: 0,0000 s
abr 04, 2013 12:33:01 PM org.ros.time.RemoteUptimeClock update
INFO: Latency: 7,0000 s, Delta ratio: 1,0000, Drift: 1,000, Error reduction coefficient: 0,000, Error: 0,0000 s
abr 04, 2013 12:33:01 PM org.ros.time.RemoteUptimeClock update
INFO: Latency: 7,0000 s, Delta ratio: 1,0000, Drift: 1,000, Error reduction coefficient: 0,000, Error: 0,0000 s
abr 04, 2013 12:33:01 PM org.ros.time.RemoteUptimeClock update
INFO: Latency: 7,0000 s, Delta ratio: 1,0000, Drift: 1,000, Error reduction coefficient: 0,000, Error: 0,0000 s
abr 04, 2013 12:33:01 PM org.ros.time.RemoteUptimeClock update
INFO: Latency: 7,0000 s, Delta ratio: 1,0000, Drift: 1,000, Error reduction coefficient: 0,000, Error: 0,0000 s
abr 04, 2013 12:33:01 PM org.ros.time.RemoteUptimeClock update
INFO: Latency: 7,0000 s, Delta ratio: 1,0000, Drift: 1,000, Error reduction coefficient: 0,000, Error: 0,0000 s
abr 04, 2013 12:33:01 PM org.ros.time.RemoteUptimeClock update
INFO: Latency: 7,0000 s, Delta ratio: 1,0000, Drift: 1,000, Error reduction coefficient: 0,000, Error: 0,0000 s
abr 04, 2013 12:33:01 PM org.ros.time.RemoteUptimeClock update
INFO: Latency: 7,0000 s, Delta ratio: 1,0000, Drift: 1,000, Error reduction coefficient: 0,000, Error: 0,0000 s
abr 04, 2013 12:33:01 PM org.ros.time.RemoteUptimeClock update
INFO: Latency: 7,0000 s, Delta ratio: 1,0000, Drift: 1,000, Error reduction coefficient: 0,000, Error: 0,0000 s
abr 04, 2013 12:33:01 PM org.ros.time.RemoteUptimeClock update
INFO: Latency: 7,0000 s, Delta ratio: 1,0000, Drift: 1,000, Error reduction coefficient: 0,000, Error: 0,0000 s
abr 04, 2013 12:33:01 PM org.ros.time.RemoteUptimeClock update
INFO: Latency: 7,0000 s, Delta ratio: 1,0000, Drift: 1,000, Error reduction coefficient: 0,000, Error: 0,0000 s
abr 04, 2013 12:33:01 PM org.ros.time.RemoteUptimeClock update
INFO: Latency: 7,0000 s, Delta ratio: 1,0000, Drift: 1,000, Error reduction coefficient: 0,000, Error: 0,0000 s
abr 04, 2013 12:33:01 PM org.ros.time.RemoteUptimeClock update
INFO: Latency: 7,0000 s, Delta ratio: 1,0000, Drift: 1,000, Error reduction coefficient: 0,000, Error: 0,0000 s
abr 04, 2013 12:33:01 PM org.ros.time.RemoteUptimeClock update
INFO: Latency: 7,0000 s, Delta ratio: 1,0000, Drift: 1,000, Error reduction coefficient: 0,000, Error: 0,0000 s
abr 04, 2013 12:33:01 PM org.ros.time.RemoteUptimeClock update
INFO: Latency: 7,0000 s, Delta ratio: 1,0000, Drift: 1,000, Error reduction coefficient: 0,000, Error: 0,0000 s
abr 04, 2013 12:33:01 PM org.ros.time.RemoteUptimeClock update
INFO: Latency: 7,0000 s, Delta ratio: 1,0000, Drift: 1,000, Error reduction coefficient: 0,000, Error: 0,0000 s
abr 04, 2013 12:33:01 PM org.ros.time.RemoteUptimeClock update
INFO: Latency: 7,0000 s, Delta ratio: 1,0000, Drift: 1,000, Error reduction coefficient: 0,000, Error: 0,0000 s
abr 04, 2013 12:33:01 PM org.ros.time.RemoteUptimeClock update
INFO: Latency: 7,0000 s, Delta ratio: 1,0000, Drift: 1,000, Error reduction coefficient: 0,000, Error: 0,0000 s
abr 04, 2013 12:33:01 PM org.ros.time.RemoteUptimeClock update
INFO: Latency: 7,0000 s, Delta ratio: 1,0000, Drift: 1,000, Error reduction coefficient: 0,000, Error: 0,0000 s
abr 04, 2013 12:33:01 PM org.ros.time.RemoteUptimeClock update
INFO: Latency: 7,0000 s, Delta ratio: 1,0000, Drift: 1,000, Error reduction coefficient: 0,000, Error: 0,0000 s
abr 04, 2013 12:33:01 PM org.ros.time.RemoteUptimeClock update
INFO: Latency: 7,0000 s, Delta ratio: 1,0000, Drift: 1,000, Error reduction coefficient: 0,000, Error: 0,0000 s
abr 04, 2013 12:33:01 PM org.ros.time.RemoteUptimeClock update
INFO: Latency: 7,0000 s, Delta ratio: 1,0000, Drift: 1,000, Error reduction coefficient: 0,000, Error: 0,0000 s
abr 04, 2013 12:33:01 PM org.ros.time.RemoteUptimeClock update
INFO: Latency: 7,0000 s, Delta ratio: 1,0000, Drift: 1,000, Error reduction coefficient: 0,000, Error: 0,0000 s
abr 04, 2013 12:33:01 PM org.ros.time.RemoteUptimeClock update
INFO: Latency: 7,0000 s, Delta ratio: 1,0000, Drift: 1,000, Error reduction coefficient: 0,000, Error: 0,0000 s
abr 04, 2013 12:33:01 PM org.ros.time.RemoteUptimeClock update
INFO: Latency: 7,0000 s, Delta ratio: 1,0000, Drift: 1,000, Error reduction coefficient: 0,000, Error: 0,0000 s
abr 04, 2013 12:33:01 PM org.ros.time.RemoteUptimeClock update
INFO: Latency: 7,0000 s, Delta ratio: 1,0000, Drift: 1,000, Error reduction coefficient: 0,000, Error: 0,0000 s
abr 04, 2013 12:33:01 PM org.ros.time.RemoteUptimeClock update
INFO: Latency: 7,0000 s, Delta ratio: 1,0000, Drift: 1,000, Error reduction coefficient: 0,000, Error: 0,0000 s
abr 04, 2013 12:33:01 PM org.ros.time.RemoteUptimeClock update
INFO: Latency: 7,0000 s, Delta ratio: 1,0000, Drift: 1,000, Error reduction coefficient: 0,000, Error: 0,0000 s
abr 04, 2013 12:33:01 PM org.ros.time.RemoteUptimeClock update
INFO: Latency: 7,0000 s, Delta ratio: 1,0000, Drift: 1,000, Error reduction coefficient: 0,000, Error: 0,0000 s
abr 04, 2013 12:33:01 PM org.ros.time.RemoteUptimeClock update
INFO: Latency: 7,0000 s, Delta ratio: 1,0000, Drift: 1,000, Error reduction coefficient: 0,000, Error: 0,0000 s
abr 04, 2013 12:33:01 PM org.ros.time.RemoteUptimeClock update
INFO: Latency: 7,0000 s, Delta ratio: 1,0000, Drift: 1,000, Error reduction coefficient: 0,000, Error: 0,0000 s
abr 04, 2013 12:33:01 PM org.ros.time.RemoteUptimeClock update
INFO: Latency: 7,0000 s, Delta ratio: 1,0000, Drift: 1,000, Error reduction coefficient: 0,000, Error: 0,0000 s
abr 04, 2013 12:33:01 PM org.ros.time.RemoteUptimeClock update
INFO: Latency: 7,0000 s, Delta ratio: 1,0000, Drift: 1,000, Error reduction coefficient: 0,000, Error: 0,0000 s
abr 04, 2013 12:33:01 PM org.ros.time.RemoteUptimeClock update
INFO: Latency: 7,0000 s, Delta ratio: 1,0000, Drift: 1,000, Error reduction coefficient: 0,000, Error: 0,0000 s
abr 04, 2013 12:33:01 PM org.ros.time.RemoteUptimeClock update
INFO: Latency: 7,0000 s, Delta ratio: 1,0000, Drift: 1,000, Error reduction coefficient: 0,000, Error: 0,0000 s
abr 04, 2013 12:33:01 PM org.ros.time.RemoteUptimeClock update
INFO: Latency: 7,0000 s, Delta ratio: 1,0000, Drift: 1,000, Error reduction coefficient: 0,000, Error: 0,0000 s
abr 04, 2013 12:33:01 PM org.ros.time.RemoteUptimeClock update
INFO: Latency: 7,0000 s, Delta ratio: 1,0000, Drift: 1,000, Error reduction coefficient: 0,000, Error: 0,0000 s
abr 04, 2013 12:33:01 PM org.ros.time.RemoteUptimeClock update
INFO: Latency: 7,0000 s, Delta ratio: 1,0000, Drift: 1,000, Error reduction coefficient: 0,000, Error: 0,0000 s
abr 04, 2013 12:33:01 PM org.ros.time.RemoteUptimeClock update
INFO: Latency: 7,0000 s, Delta ratio: 1,0000, Drift: 1,000, Error reduction coefficient: 0,000, Error: 0,0000 s
abr 04, 2013 12:33:01 PM org.ros.time.RemoteUptimeClock update
INFO: Latency: 7,0000 s, Delta ratio: 1,0000, Drift: 1,000, Error reduction coefficient: 0,000, Error: 0,0000 s
abr 04, 2013 12:33:01 PM org.ros.time.RemoteUptimeClock update
INFO: Latency: 7,0000 s, Delta ratio: 1,0000, Drift: 1,000, Error reduction coefficient: 0,000, Error: 0,0000 s
abr 04, 2013 12:33:01 PM org.ros.time.RemoteUptimeClock update
INFO: Latency: 7,0000 s, Delta ratio: 1,0000, Drift: 1,000, Error reduction coefficient: 0,000, Error: 0,0000 s
abr 04, 2013 12:33:01 PM org.ros.time.RemoteUptimeClock update
INFO: Latency: 7,0000 s, Delta ratio: 1,0000, Drift: 1,000, Error reduction coefficient: 0,000, Error: 0,0000 s
abr 04, 2013 12:33:01 PM org.ros.time.RemoteUptimeClock update
INFO: Latency: 7,0000 s, Delta ratio: 1,0000, Drift: 1,000, Error reduction coefficient: 0,000, Error: 0,0000 s
abr 04, 2013 12:33:01 PM org.ros.time.RemoteUptimeClock update
INFO: Latency: 7,0000 s, Delta ratio: 1,0000, Drift: 1,000, Error reduction coefficient: 0,000, Error: 0,0000 s
abr 04, 2013 12:33:01 PM org.ros.time.RemoteUptimeClock update
INFO: Latency: 7,0000 s, Delta ratio: 1,0000, Drift: 1,000, Error reduction coefficient: 0,000, Error: 0,0000 s
abr 04, 2013 12:33:01 PM org.ros.time.RemoteUptimeClock update
INFO: Latency: 7,0000 s, Delta ratio: 1,0000, Drift: 1,000, Error reduction coefficient: 0,000, Error: 0,0000 s
abr 04, 2013 12:33:01 PM org.ros.time.RemoteUptimeClock update
INFO: Latency: 7,0000 s, Delta ratio: 1,0000, Drift: 1,000, Error reduction coefficient: 0,000, Error: 0,0000 s
abr 04, 2013 12:33:01 PM org.ros.time.RemoteUptimeClock update
INFO: Latency: 7,0000 s, Delta ratio: 1,0000, Drift: 1,000, Error reduction coefficient: 0,000, Error: 0,0000 s
abr 04, 2013 12:33:01 PM org.ros.time.RemoteUptimeClock update
INFO: Latency: 7,0000 s, Delta ratio: 1,0000, Drift: 1,000, Error reduction coefficient: 0,000, Error: 0,0000 s
abr 04, 2013 12:33:01 PM org.ros.time.RemoteUptimeClock update
INFO: Latency: 7,0000 s, Delta ratio: 1,0000, Drift: 1,000, Error reduction coefficient: 0,000, Error: 0,0000 s
abr 04, 2013 12:33:01 PM org.ros.time.RemoteUptimeClock update
INFO: Latency: 7,0000 s, Delta ratio: 1,0000, Drift: 1,000, Error reduction coefficient: 0,000, Error: 0,0000 s
abr 04, 2013 12:33:01 PM org.ros.time.RemoteUptimeClock update
INFO: Latency: 7,0000 s, Delta ratio: 1,0000, Drift: 1,000, Error reduction coefficient: 0,000, Error: 0,0000 s
abr 04, 2013 12:33:01 PM org.ros.time.RemoteUptimeClock update
INFO: Latency: 7,0000 s, Delta ratio: 1,0000, Drift: 1,000, Error reduction coefficient: 0,000, Error: 0,0000 s
abr 04, 2013 12:33:01 PM org.ros.time.RemoteUptimeClock update
INFO: Latency: 7,0000 s, Delta ratio: 1,0000, Drift: 1,000, Error reduction coefficient: 0,000, Error: 0,0000 s
abr 04, 2013 12:33:01 PM org.ros.time.RemoteUptimeClock update
INFO: Latency: 7,0000 s, Delta ratio: 1,0000, Drift: 1,000, Error reduction coefficient: 0,000, Error: 0,0000 s
abr 04, 2013 12:33:01 PM org.ros.time.RemoteUptimeClock update
INFO: Latency: 7,0000 s, Delta ratio: 1,0000, Drift: 1,000, Error reduction coefficient: 0,000, Error: 0,0000 s
abr 04, 2013 12:33:01 PM org.ros.time.RemoteUptimeClock update
INFO: Latency: 7,0000 s, Delta ratio: 1,0000, Drift: 1,000, Error reduction coefficient: 0,000, Error: 0,0000 s
abr 04, 2013 12:33:01 PM org.ros.time.RemoteUptimeClock update
INFO: Latency: 7,0000 s, Delta ratio: 1,0000, Drift: 1,000, Error reduction coefficient: 0,000, Error: 0,0000 s
abr 04, 2013 12:33:01 PM org.ros.time.RemoteUptimeClock update
INFO: Latency: 7,0000 s, Delta ratio: 1,0000, Drift: 1,000, Error reduction coefficient: 0,000, Error: 0,0000 s
abr 04, 2013 12:33:01 PM org.ros.time.RemoteUptimeClock update
INFO: Latency: 7,0000 s, Delta ratio: 1,0000, Drift: 1,000, Error reduction coefficient: 0,000, Error: 0,0000 s
abr 04, 2013 12:33:01 PM org.ros.time.RemoteUptimeClock update
INFO: Latency: 7,0000 s, Delta ratio: 1,0000, Drift: 1,000, Error reduction coefficient: 0,000, Error: 0,0000 s
abr 04, 2013 12:33:01 PM org.ros.time.RemoteUptimeClock update
INFO: Latency: 7,0000 s, Delta ratio: 1,0000, Drift: 1,000, Error reduction coefficient: 0,000, Error: 0,0000 s
abr 04, 2013 12:33:01 PM org.ros.time.RemoteUptimeClock update
INFO: Latency: 7,0000 s, Delta ratio: 1,0000, Drift: 1,000, Error reduction coefficient: 0,000, Error: 0,0000 s
abr 04, 2013 12:33:01 PM org.ros.time.RemoteUptimeClock update
INFO: Latency: 7,0000 s, Delta ratio: 1,0000, Drift: 1,000, Error reduction coefficient: 0,000, Error: 0,0000 s
abr 04, 2013 12:33:01 PM org.ros.time.RemoteUptimeClock update
INFO: Latency: 7,0000 s, Delta ratio: 1,0000, Drift: 1,000, Error reduction coefficient: 0,000, Error: 0,0000 s
abr 04, 2013 12:33:01 PM org.ros.time.RemoteUptimeClock update
INFO: Latency: 7,0000 s, Delta ratio: 1,0000, Drift: 1,000, Error reduction coefficient: 0,000, Error: 0,0000 s
abr 04, 2013 12:33:01 PM org.ros.time.RemoteUptimeClock update
INFO: Latency: 7,0000 s, Delta ratio: 1,0000, Drift: 1,000, Error reduction coefficient: 0,000, Error: 0,0000 s
abr 04, 2013 12:33:01 PM org.ros.time.RemoteUptimeClock update
INFO: Latency: 7,0000 s, Delta ratio: 1,0000, Drift: 1,000, Error reduction coefficient: 0,000, Error: 0,0000 s
abr 04, 2013 12:33:01 PM org.ros.time.RemoteUptimeClock update
INFO: Latency: 7,0000 s, Delta ratio: 1,0000, Drift: 1,000, Error reduction coefficient: 0,000, Error: 0,0000 s
abr 04, 2013 12:33:01 PM org.ros.time.RemoteUptimeClock update
INFO: Latency: 7,0000 s, Delta ratio: 1,0000, Drift: 1,000, Error reduction coefficient: 0,000, Error: 0,0000 s
abr 04, 2013 12:33:01 PM org.ros.time.RemoteUptimeClock update
INFO: Latency: 7,0000 s, Delta ratio: 1,0000, Drift: 1,000, Error reduction coefficient: 0,000, Error: 0,0000 s
abr 04, 2013 12:33:01 PM org.ros.time.RemoteUptimeClock update
INFO: Latency: 7,0000 s, Delta ratio: 1,0000, Drift: 1,000, Error reduction coefficient: 0,000, Error: 0,0000 s
abr 04, 2013 12:33:01 PM org.ros.time.RemoteUptimeClock update
INFO: Latency: 7,0000 s, Delta ratio: 1,0000, Drift: 1,000, Error reduction coefficient: 0,000, Error: 0,0000 s
abr 04, 2013 12:33:01 PM org.ros.time.RemoteUptimeClock update
INFO: Latency: 7,0000 s, Delta ratio: 1,0000, Drift: 1,000, Error reduction coefficient: 0,000, Error: 0,0000 s
abr 04, 2013 12:33:01 PM org.ros.time.RemoteUptimeClock update
INFO: Latency: 7,0000 s, Delta ratio: 1,0000, Drift: 1,000, Error reduction coefficient: 0,000, Error: 0,0000 s
abr 04, 2013 12:33:01 PM org.ros.time.RemoteUptimeClock update
INFO: Latency: 7,0000 s, Delta ratio: 1,0000, Drift: 1,000, Error reduction coefficient: 0,000, Error: 0,0000 s
abr 04, 2013 12:33:01 PM org.ros.time.RemoteUptimeClock update
INFO: Latency: 7,0000 s, Delta ratio: 1,0000, Drift: 1,000, Error reduction coefficient: 0,000, Error: 0,0000 s
abr 04, 2013 12:33:01 PM org.ros.time.RemoteUptimeClock update
INFO: Latency: 7,0000 s, Delta ratio: 1,0000, Drift: 1,000, Error reduction coefficient: 0,000, Error: 0,0000 s
abr 04, 2013 12:33:01 PM org.ros.time.RemoteUptimeClock update
INFO: Latency: 7,0000 s, Delta ratio: 1,0000, Drift: 1,000, Error reduction coefficient: 0,000, Error: 0,0000 s
abr 04, 2013 12:33:01 PM org.ros.time.RemoteUptimeClock update
INFO: Latency: 7,0000 s, Delta ratio: 1,0000, Drift: 1,000, Error reduction coefficient: 0,000, Error: 0,0000 s
abr 04, 2013 12:33:01 PM org.ros.time.RemoteUptimeClock update
INFO: Latency: 7,0000 s, Delta ratio: 1,0000, Drift: 1,000, Error reduction coefficient: 0,000, Error: 0,0000 s
abr 04, 2013 12:33:01 PM org.ros.time.RemoteUptimeClock update
INFO: Latency: 7,0000 s, Delta ratio: 1,0000, Drift: 1,000, Error reduction coefficient: 0,000, Error: 0,0000 s
abr 04, 2013 12:33:01 PM org.ros.time.RemoteUptimeClock update
INFO: Latency: 7,0000 s, Delta ratio: 1,0000, Drift: 1,000, Error reduction coefficient: 0,000, Error: 0,0000 s
abr 04, 2013 12:33:01 PM org.ros.time.RemoteUptimeClock update
INFO: Latency: 7,0000 s, Delta ratio: 1,0000, Drift: 1,000, Error reduction coefficient: 0,000, Error: 0,0000 s
abr 04, 2013 12:33:01 PM org.ros.time.RemoteUptimeClock update
INFO: Latency: 7,0000 s, Delta ratio: 1,0000, Drift: 1,000, Error reduction coefficient: 0,000, Error: 0,0000 s
abr 04, 2013 12:33:01 PM org.ros.time.RemoteUptimeClock update
INFO: Latency: 7,0000 s, Delta ratio: 1,0000, Drift: 1,000, Error reduction coefficient: 0,000, Error: 0,0000 s
abr 04, 2013 12:33:01 PM org.ros.time.RemoteUptimeClock update
INFO: Latency: 7,0000 s, Delta ratio: 1,0000, Drift: 1,000, Error reduction coefficient: 0,000, Error: 0,0000 s
abr 04, 2013 12:33:01 PM org.ros.time.RemoteUptimeClock update
INFO: Latency: 7,0000 s, Delta ratio: 1,0000, Drift: 1,000, Error reduction coefficient: 0,000, Error: 0,0000 s
abr 04, 2013 12:33:01 PM org.ros.time.RemoteUptimeClock update
INFO: Latency: 7,0000 s, Delta ratio: 1,0000, Drift: 1,000, Error reduction coefficient: 0,000, Error: 0,0000 s
abr 04, 2013 12:33:01 PM org.ros.time.RemoteUptimeClock update
INFO: Latency: 7,0000 s, Delta ratio: 1,0000, Drift: 1,000, Error reduction coefficient: 0,000, Error: 0,0000 s
abr 04, 2013 12:33:01 PM org.ros.time.RemoteUptimeClock update
INFO: Latency: 7,0000 s, Delta ratio: 1,0000, Drift: 1,000, Error reduction coefficient: 0,000, Error: 0,0000 s
abr 04, 2013 12:33:01 PM org.ros.time.RemoteUptimeClock update
INFO: Latency: 7,0000 s, Delta ratio: 1,0000, Drift: 1,000, Error reduction coefficient: 0,000, Error: 0,0000 s
abr 04, 2013 12:33:01 PM org.ros.time.RemoteUptimeClock update
INFO: Latency: 7,0000 s, Delta ratio: 1,0000, Drift: 1,000, Error reduction coefficient: 0,000, Error: 0,0000 s
abr 04, 2013 12:33:01 PM org.ros.time.RemoteUptimeClock update
INFO: Latency: 7,0000 s, Delta ratio: 1,0000, Drift: 1,000, Error reduction coefficient: 0,000, Error: 0,0000 s
abr 04, 2013 12:33:01 PM org.ros.time.RemoteUptimeClock update
INFO: Latency: 7,0000 s, Delta ratio: 1,0000, Drift: 1,000, Error reduction coefficient: 0,000, Error: 0,0000 s
abr 04, 2013 12:33:01 PM org.ros.time.RemoteUptimeClock update
INFO: Latency: 7,0000 s, Delta ratio: 1,0000, Drift: 1,000, Error reduction coefficient: 0,000, Error: 0,0000 s
abr 04, 2013 12:33:01 PM org.ros.time.RemoteUptimeClock update
INFO: Latency: 7,0000 s, Delta ratio: 1,0000, Drift: 1,000, Error reduction coefficient: 0,000, Error: 0,0000 s
abr 04, 2013 12:33:01 PM org.ros.time.RemoteUptimeClock update
INFO: Latency: 7,0000 s, Delta ratio: 1,0000, Drift: 1,000, Error reduction coefficient: 0,000, Error: 0,0000 s
abr 04, 2013 12:33:01 PM org.ros.time.RemoteUptimeClock update
INFO: Latency: 7,0000 s, Delta ratio: 1,0000, Drift: 1,000, Error reduction coefficient: 0,000, Error: 0,0000 s
abr 04, 2013 12:33:01 PM org.ros.time.RemoteUptimeClock update
INFO: Latency: 7,0000 s, Delta ratio: 1,0000, Drift: 1,000, Error reduction coefficient: 0,000, Error: 0,0000 s
abr 04, 2013 12:33:01 PM org.ros.time.RemoteUptimeClock update
INFO: Latency: 7,0000 s, Delta ratio: 1,0000, Drift: 1,000, Error reduction coefficient: 0,000, Error: 0,0000 s
abr 04, 2013 12:33:01 PM org.ros.time.RemoteUptimeClock update
INFO: Latency: 7,0000 s, Delta ratio: 1,0000, Drift: 1,000, Error reduction coefficient: 0,000, Error: 0,0000 s
abr 04, 2013 12:33:01 PM org.ros.time.RemoteUptimeClock update
INFO: Latency: 7,0000 s, Delta ratio: 1,0000, Drift: 1,000, Error reduction coefficient: 0,000, Error: 0,0000 s
abr 04, 2013 12:33:01 PM org.ros.time.RemoteUptimeClock update
INFO: Latency: 7,0000 s, Delta ratio: 1,0000, Drift: 1,000, Error reduction coefficient: 0,000, Error: 0,0000 s
abr 04, 2013 12:33:01 PM org.ros.time.RemoteUptimeClock update
INFO: Latency: 7,0000 s, Delta ratio: 1,0000, Drift: 1,000, Error reduction coefficient: 0,000, Error: 0,0000 s
abr 04, 2013 12:33:01 PM org.ros.time.RemoteUptimeClock update
INFO: Latency: 7,0000 s, Delta ratio: 1,0000, Drift: 1,000, Error reduction coefficient: 0,000, Error: 0,0000 s
abr 04, 2013 12:33:01 PM org.ros.time.RemoteUptimeClock update
INFO: Latency: 7,0000 s, Delta ratio: 1,0000, Drift: 1,000, Error reduction coefficient: 0,000, Error: 0,0000 s
abr 04, 2013 12:33:01 PM org.ros.time.RemoteUptimeClock update
INFO: Latency: 7,0000 s, Delta ratio: 1,0000, Drift: 1,000, Error reduction coefficient: 0,000, Error: 0,0000 s
abr 04, 2013 12:33:01 PM org.ros.time.RemoteUptimeClock update
INFO: Latency: 7,0000 s, Delta ratio: 1,0000, Drift: 1,000, Error reduction coefficient: 0,000, Error: 0,0000 s
abr 04, 2013 12:33:01 PM org.ros.time.RemoteUptimeClock update
INFO: Latency: 7,0000 s, Delta ratio: 1,0000, Drift: 1,000, Error reduction coefficient: 0,000, Error: 0,0000 s
abr 04, 2013 12:33:01 PM org.ros.time.RemoteUptimeClock update
INFO: Latency: 7,0000 s, Delta ratio: 1,0000, Drift: 1,000, Error reduction coefficient: 0,000, Error: 0,0000 s
abr 04, 2013 12:33:01 PM org.ros.time.RemoteUptimeClock update
INFO: Latency: 7,0000 s, Delta ratio: 1,0000, Drift: 1,000, Error reduction coefficient: 0,000, Error: 0,0000 s
abr 04, 2013 12:33:01 PM org.ros.time.RemoteUptimeClock update
INFO: Latency: 7,0000 s, Delta ratio: 1,0000, Drift: 1,000, Error reduction coefficient: 0,000, Error: 0,0000 s
abr 04, 2013 12:33:01 PM org.ros.time.RemoteUptimeClock update
INFO: Latency: 7,0000 s, Delta ratio: 1,0000, Drift: 1,000, Error reduction coefficient: 0,000, Error: 0,0000 s
abr 04, 2013 12:33:01 PM org.ros.time.RemoteUptimeClock update
INFO: Latency: 7,0000 s, Delta ratio: 1,0000, Drift: 1,000, Error reduction coefficient: 0,000, Error: 0,0000 s
abr 04, 2013 12:33:01 PM org.ros.time.RemoteUptimeClock update
INFO: Latency: 7,0000 s, Delta ratio: 1,0000, Drift: 1,000, Error reduction coefficient: 0,000, Error: 0,0000 s
abr 04, 2013 12:33:01 PM org.ros.time.RemoteUptimeClock update
INFO: Latency: 7,0000 s, Delta ratio: 1,0000, Drift: 1,000, Error reduction coefficient: 0,000, Error: 0,0000 s
abr 04, 2013 12:33:01 PM org.ros.time.RemoteUptimeClock update
INFO: Latency: 7,0000 s, Delta ratio: 1,0000, Drift: 1,000, Error reduction coefficient: 0,000, Error: 0,0000 s
abr 04, 2013 12:33:01 PM org.ros.time.RemoteUptimeClock update
INFO: Latency: 7,0000 s, Delta ratio: 1,0000, Drift: 1,000, Error reduction coefficient: 0,000, Error: 0,0000 s
abr 04, 2013 12:33:01 PM org.ros.time.RemoteUptimeClock update
INFO: Latency: 7,0000 s, Delta ratio: 1,0000, Drift: 1,000, Error reduction coefficient: 0,000, Error: 0,0000 s
abr 04, 2013 12:33:01 PM org.ros.time.RemoteUptimeClock update
INFO: Latency: 7,0000 s, Delta ratio: 1,0000, Drift: 1,000, Error reduction coefficient: 0,000, Error: 0,0000 s
abr 04, 2013 12:33:01 PM org.ros.time.RemoteUptimeClock update
INFO: Latency: 7,0000 s, Delta ratio: 1,0000, Drift: 1,000, Error reduction coefficient: 0,000, Error: 0,0000 s
abr 04, 2013 12:33:01 PM org.ros.time.RemoteUptimeClock update
INFO: Latency: 7,0000 s, Delta ratio: 1,0000, Drift: 1,000, Error reduction coefficient: 0,000, Error: 0,0000 s
abr 04, 2013 12:33:01 PM org.ros.time.RemoteUptimeClock update
INFO: Latency: 7,0000 s, Delta ratio: 1,0000, Drift: 1,000, Error reduction coefficient: 0,000, Error: 0,0000 s
abr 04, 2013 12:33:01 PM org.ros.time.RemoteUptimeClock update
INFO: Latency: 7,0000 s, Delta ratio: 1,0000, Drift: 1,000, Error reduction coefficient: 0,000, Error: 0,0000 s
abr 04, 2013 12:33:01 PM org.ros.time.RemoteUptimeClock update
INFO: Latency: 7,0000 s, Delta ratio: 1,0000, Drift: 1,000, Error reduction coefficient: 0,000, Error: 0,0000 s
abr 04, 2013 12:33:01 PM org.ros.time.RemoteUptimeClock update
INFO: Latency: 7,0000 s, Delta ratio: 1,0000, Drift: 1,000, Error reduction coefficient: 0,000, Error: 0,0000 s
abr 04, 2013 12:33:01 PM org.ros.time.RemoteUptimeClock update
INFO: Latency: 7,0000 s, Delta ratio: 1,0000, Drift: 1,000, Error reduction coefficient: 0,000, Error: 0,0000 s
abr 04, 2013 12:33:01 PM org.ros.time.RemoteUptimeClock update
INFO: Latency: 7,0000 s, Delta ratio: 1,0000, Drift: 1,000, Error reduction coefficient: 0,000, Error: 0,0000 s
abr 04, 2013 12:33:01 PM org.ros.time.RemoteUptimeClock update
INFO: Latency: 7,0000 s, Delta ratio: 1,0000, Drift: 1,000, Error reduction coefficient: 0,000, Error: 0,0000 s
abr 04, 2013 12:33:01 PM org.ros.time.RemoteUptimeClock update
INFO: Latency: 7,0000 s, Delta ratio: 1,0000, Drift: 1,000, Error reduction coefficient: 0,000, Error: 0,0000 s
abr 04, 2013 12:33:01 PM org.ros.time.RemoteUptimeClock update
INFO: Latency: 7,0000 s, Delta ratio: 1,0000, Drift: 1,000, Error reduction coefficient: 0,000, Error: 0,0000 s
abr 04, 2013 12:33:01 PM org.ros.time.RemoteUptimeClock update
INFO: Latency: 7,0000 s, Delta ratio: 1,0000, Drift: 1,000, Error reduction coefficient: 0,000, Error: 0,0000 s
abr 04, 2013 12:33:01 PM org.ros.time.RemoteUptimeClock update
INFO: Latency: 7,0000 s, Delta ratio: 1,0000, Drift: 1,000, Error reduction coefficient: 0,000, Error: 0,0000 s
abr 04, 2013 12:33:01 PM org.ros.time.RemoteUptimeClock update
INFO: Latency: 7,0000 s, Delta ratio: 1,0000, Drift: 1,000, Error reduction coefficient: 0,000, Error: 0,0000 s
abr 04, 2013 12:33:01 PM org.ros.time.RemoteUptimeClock update
INFO: Latency: 7,0000 s, Delta ratio: 1,0000, Drift: 1,000, Error reduction coefficient: 0,000, Error: 0,0000 s
abr 04, 2013 12:33:01 PM org.ros.time.RemoteUptimeClock update
INFO: Latency: 7,0000 s, Delta ratio: 1,0000, Drift: 1,000, Error reduction coefficient: 0,000, Error: 0,0000 s
abr 04, 2013 12:33:01 PM org.ros.time.RemoteUptimeClock update
INFO: Latency: 7,0000 s, Delta ratio: 1,0000, Drift: 1,000, Error reduction coefficient: 0,000, Error: 0,0000 s
abr 04, 2013 12:33:01 PM org.ros.time.RemoteUptimeClock update
INFO: Latency: 7,0000 s, Delta ratio: 1,0000, Drift: 1,000, Error reduction coefficient: 0,000, Error: 0,0000 s
abr 04, 2013 12:33:01 PM org.ros.time.RemoteUptimeClock update
INFO: Latency: 7,0000 s, Delta ratio: 1,0000, Drift: 1,000, Error reduction coefficient: 0,000, Error: 0,0000 s
abr 04, 2013 12:33:01 PM org.ros.time.RemoteUptimeClock update
INFO: Latency: 7,0000 s, Delta ratio: 1,0000, Drift: 1,000, Error reduction coefficient: 0,000, Error: 0,0000 s
abr 04, 2013 12:33:01 PM org.ros.time.RemoteUptimeClock update
INFO: Latency: 7,0000 s, Delta ratio: 1,0000, Drift: 1,000, Error reduction coefficient: 0,000, Error: 0,0000 s
abr 04, 2013 12:33:01 PM org.ros.time.RemoteUptimeClock update
INFO: Latency: 7,0000 s, Delta ratio: 1,0000, Drift: 1,000, Error reduction coefficient: 0,000, Error: 0,0000 s
abr 04, 2013 12:33:01 PM org.ros.time.RemoteUptimeClock update
INFO: Latency: 7,0000 s, Delta ratio: 1,0000, Drift: 1,000, Error reduction coefficient: 0,000, Error: 0,0000 s
abr 04, 2013 12:33:01 PM org.ros.time.RemoteUptimeClock update
INFO: Latency: 7,0000 s, Delta ratio: 1,0000, Drift: 1,000, Error reduction coefficient: 0,000, Error: 0,0000 s
abr 04, 2013 12:33:01 PM org.ros.time.RemoteUptimeClock update
INFO: Latency: 7,0000 s, Delta ratio: 1,0000, Drift: 1,000, Error reduction coefficient: 0,000, Error: 0,0000 s
abr 04, 2013 12:33:01 PM org.ros.time.RemoteUptimeClock update
INFO: Latency: 7,0000 s, Delta ratio: 1,0000, Drift: 1,000, Error reduction coefficient: 0,000, Error: 0,0000 s
abr 04, 2013 12:33:01 PM org.ros.time.RemoteUptimeClock update
INFO: Latency: 7,0000 s, Delta ratio: 1,0000, Drift: 1,000, Error reduction coefficient: 0,000, Error: 0,0000 s
abr 04, 2013 12:33:01 PM org.ros.time.RemoteUptimeClock update
INFO: Latency: 7,0000 s, Delta ratio: 1,0000, Drift: 1,000, Error reduction coefficient: 0,000, Error: 0,0000 s
abr 04, 2013 12:33:01 PM org.ros.time.RemoteUptimeClock update
INFO: Latency: 7,0000 s, Delta ratio: 1,0000, Drift: 1,000, Error reduction coefficient: 0,000, Error: 0,0000 s
abr 04, 2013 12:33:01 PM org.ros.time.RemoteUptimeClock update
INFO: Latency: 7,0000 s, Delta ratio: 1,0000, Drift: 1,000, Error reduction coefficient: 0,000, Error: 0,0000 s
abr 04, 2013 12:33:01 PM org.ros.time.RemoteUptimeClock update
INFO: Latency: 7,0000 s, Delta ratio: 1,0000, Drift: 1,000, Error reduction coefficient: 0,000, Error: 0,0000 s
abr 04, 2013 12:33:01 PM org.ros.time.RemoteUptimeClock update
INFO: Latency: 7,0000 s, Delta ratio: 1,0000, Drift: 1,000, Error reduction coefficient: 0,000, Error: 0,0000 s
abr 04, 2013 12:33:01 PM org.ros.time.RemoteUptimeClock update
INFO: Latency: 7,0000 s, Delta ratio: 1,0000, Drift: 1,000, Error reduction coefficient: 0,000, Error: 0,0000 s
abr 04, 2013 12:33:01 PM org.ros.time.RemoteUptimeClock update
INFO: Latency: 7,0000 s, Delta ratio: 1,0000, Drift: 1,000, Error reduction coefficient: 0,000, Error: 0,0000 s
abr 04, 2013 12:33:01 PM org.ros.time.RemoteUptimeClock update
INFO: Latency: 7,0000 s, Delta ratio: 1,0000, Drift: 1,000, Error reduction coefficient: 0,000, Error: 0,0000 s
abr 04, 2013 12:33:01 PM org.ros.time.RemoteUptimeClock update
INFO: Latency: 7,0000 s, Delta ratio: 1,0000, Drift: 1,000, Error reduction coefficient: 0,000, Error: 0,0000 s
abr 04, 2013 12:33:01 PM org.ros.time.RemoteUptimeClock update
INFO: Latency: 7,0000 s, Delta ratio: 1,0000, Drift: 1,000, Error reduction coefficient: 0,000, Error: 0,0000 s
abr 04, 2013 12:33:01 PM org.ros.time.RemoteUptimeClock update
INFO: Latency: 7,0000 s, Delta ratio: 1,0000, Drift: 1,000, Error reduction coefficient: 0,000, Error: 0,0000 s
abr 04, 2013 12:33:01 PM org.ros.time.RemoteUptimeClock update
INFO: Latency: 7,0000 s, Delta ratio: 1,0000, Drift: 1,000, Error reduction coefficient: 0,000, Error: 0,0000 s
abr 04, 2013 12:33:01 PM org.ros.time.RemoteUptimeClock update
INFO: Latency: 7,0000 s, Delta ratio: 1,0000, Drift: 1,000, Error reduction coefficient: 0,000, Error: 0,0000 s
abr 04, 2013 12:33:01 PM org.ros.time.RemoteUptimeClock update
INFO: Latency: 7,0000 s, Delta ratio: 1,0000, Drift: 1,000, Error reduction coefficient: 0,000, Error: 0,0000 s
abr 04, 2013 12:33:01 PM org.ros.time.RemoteUptimeClock update
INFO: Latency: 7,0000 s, Delta ratio: 1,0000, Drift: 1,000, Error reduction coefficient: 0,000, Error: 0,0000 s
abr 04, 2013 12:33:01 PM org.ros.time.RemoteUptimeClock update
INFO: Latency: 7,0000 s, Delta ratio: 1,0000, Drift: 1,000, Error reduction coefficient: 0,000, Error: 0,0000 s
abr 04, 2013 12:33:01 PM org.ros.time.RemoteUptimeClock update
INFO: Latency: 7,0000 s, Delta ratio: 1,0000, Drift: 1,000, Error reduction coefficient: 0,000, Error: 0,0000 s
abr 04, 2013 12:33:01 PM org.ros.time.RemoteUptimeClock update
INFO: Latency: 7,0000 s, Delta ratio: 1,0000, Drift: 1,000, Error reduction coefficient: 0,000, Error: 0,0000 s
abr 04, 2013 12:33:01 PM org.ros.time.RemoteUptimeClock update
INFO: Latency: 7,0000 s, Delta ratio: 1,0000, Drift: 1,000, Error reduction coefficient: 0,000, Error: 0,0000 s
abr 04, 2013 12:33:01 PM org.ros.time.RemoteUptimeClock update
INFO: Latency: 7,0000 s, Delta ratio: 1,0000, Drift: 1,000, Error reduction coefficient: 0,000, Error: 0,0000 s
abr 04, 2013 12:33:01 PM org.ros.time.RemoteUptimeClock update
INFO: Latency: 7,0000 s, Delta ratio: 1,0000, Drift: 1,000, Error reduction coefficient: 0,000, Error: 0,0000 s
abr 04, 2013 12:33:01 PM org.ros.time.RemoteUptimeClock update
INFO: Latency: 7,0000 s, Delta ratio: 1,0000, Drift: 1,000, Error reduction coefficient: 0,000, Error: 0,0000 s
abr 04, 2013 12:33:01 PM org.ros.time.RemoteUptimeClock update
INFO: Latency: 7,0000 s, Delta ratio: 1,0000, Drift: 1,000, Error reduction coefficient: 0,000, Error: 0,0000 s
abr 04, 2013 12:33:01 PM org.ros.time.RemoteUptimeClock update
INFO: Latency: 7,0000 s, Delta ratio: 1,0000, Drift: 1,000, Error reduction coefficient: 0,000, Error: 0,0000 s
abr 04, 2013 12:33:01 PM org.ros.time.RemoteUptimeClock update
INFO: Latency: 7,0000 s, Delta ratio: 1,0000, Drift: 1,000, Error reduction coefficient: 0,000, Error: 0,0000 s
abr 04, 2013 12:33:01 PM org.ros.time.RemoteUptimeClock update
INFO: Latency: 7,0000 s, Delta ratio: 1,0000, Drift: 1,000, Error reduction coefficient: 0,000, Error: 0,0000 s
abr 04, 2013 12:33:01 PM org.ros.time.RemoteUptimeClock update
INFO: Latency: 7,0000 s, Delta ratio: 1,0000, Drift: 1,000, Error reduction coefficient: 0,000, Error: 0,0000 s
abr 04, 2013 12:33:01 PM org.ros.time.RemoteUptimeClock update
INFO: Latency: 7,0000 s, Delta ratio: 1,0000, Drift: 1,000, Error reduction coefficient: 0,000, Error: 0,0000 s
abr 04, 2013 12:33:01 PM org.ros.time.RemoteUptimeClock update
INFO: Latency: 7,0000 s, Delta ratio: 1,0000, Drift: 1,000, Error reduction coefficient: 0,000, Error: 0,0000 s
abr 04, 2013 12:33:01 PM org.ros.time.RemoteUptimeClock update
INFO: Latency: 7,0000 s, Delta ratio: 1,0000, Drift: 1,000, Error reduction coefficient: 0,000, Error: 0,0000 s
abr 04, 2013 12:33:01 PM org.ros.time.RemoteUptimeClock update
INFO: Latency: 7,0000 s, Delta ratio: 1,0000, Drift: 1,000, Error reduction coefficient: 0,000, Error: 0,0000 s
abr 04, 2013 12:33:01 PM org.ros.time.RemoteUptimeClock update
INFO: Latency: 7,0000 s, Delta ratio: 1,0000, Drift: 1,000, Error reduction coefficient: 0,000, Error: 0,0000 s
abr 04, 2013 12:33:01 PM org.ros.time.RemoteUptimeClock update
INFO: Latency: 7,0000 s, Delta ratio: 1,0000, Drift: 1,000, Error reduction coefficient: 0,000, Error: 0,0000 s
abr 04, 2013 12:33:01 PM org.ros.time.RemoteUptimeClock update
INFO: Latency: 7,0000 s, Delta ratio: 1,0000, Drift: 1,000, Error reduction coefficient: 0,000, Error: 0,0000 s
abr 04, 2013 12:33:01 PM org.ros.time.RemoteUptimeClock update
INFO: Latency: 7,0000 s, Delta ratio: 1,0000, Drift: 1,000, Error reduction coefficient: 0,000, Error: 0,0000 s
abr 04, 2013 12:33:01 PM org.ros.time.RemoteUptimeClock update
INFO: Latency: 7,0000 s, Delta ratio: 1,0000, Drift: 1,000, Error reduction coefficient: 0,000, Error: 0,0000 s
abr 04, 2013 12:33:01 PM org.ros.time.RemoteUptimeClock update
INFO: Latency: 7,0000 s, Delta ratio: 1,0000, Drift: 1,000, Error reduction coefficient: 0,000, Error: 0,0000 s
abr 04, 2013 12:33:01 PM org.ros.time.RemoteUptimeClock update
INFO: Latency: 7,0000 s, Delta ratio: 1,0000, Drift: 1,000, Error reduction coefficient: 0,000, Error: 0,0000 s
abr 04, 2013 12:33:01 PM org.ros.time.RemoteUptimeClock update
INFO: Latency: 7,0000 s, Delta ratio: 1,0000, Drift: 1,000, Error reduction coefficient: 0,000, Error: 0,0000 s
abr 04, 2013 12:33:01 PM org.ros.time.RemoteUptimeClock update
INFO: Latency: 7,0000 s, Delta ratio: 1,0000, Drift: 1,000, Error reduction coefficient: 0,000, Error: 0,0000 s
abr 04, 2013 12:33:01 PM org.ros.time.RemoteUptimeClock update
INFO: Latency: 7,0000 s, Delta ratio: 1,0000, Drift: 1,000, Error reduction coefficient: 0,000, Error: 0,0000 s
abr 04, 2013 12:33:01 PM org.ros.time.RemoteUptimeClock update
INFO: Latency: 7,0000 s, Delta ratio: 1,0000, Drift: 1,000, Error reduction coefficient: 0,000, Error: 0,0000 s
abr 04, 2013 12:33:01 PM org.ros.time.RemoteUptimeClock update
INFO: Latency: 7,0000 s, Delta ratio: 1,0000, Drift: 1,000, Error reduction coefficient: 0,000, Error: 0,0000 s
abr 04, 2013 12:33:01 PM org.ros.time.RemoteUptimeClock update
INFO: Latency: 7,0000 s, Delta ratio: 1,0000, Drift: 1,000, Error reduction coefficient: 0,000, Error: 0,0000 s
abr 04, 2013 12:33:01 PM org.ros.time.RemoteUptimeClock update
INFO: Latency: 7,0000 s, Delta ratio: 1,0000, Drift: 1,000, Error reduction coefficient: 0,000, Error: 0,0000 s
abr 04, 2013 12:33:01 PM org.ros.time.RemoteUptimeClock update
INFO: Latency: 7,0000 s, Delta ratio: 1,0000, Drift: 1,000, Error reduction coefficient: 0,000, Error: 0,0000 s
abr 04, 2013 12:33:01 PM org.ros.time.RemoteUptimeClock update
INFO: Latency: 7,0000 s, Delta ratio: 1,0000, Drift: 1,000, Error reduction coefficient: 0,000, Error: 0,0000 s
abr 04, 2013 12:33:01 PM org.ros.time.RemoteUptimeClock update
INFO: Latency: 7,0000 s, Delta ratio: 1,0000, Drift: 1,000, Error reduction coefficient: 0,000, Error: 0,0000 s
abr 04, 2013 12:33:01 PM org.ros.time.RemoteUptimeClock update
INFO: Latency: 7,0000 s, Delta ratio: 1,0000, Drift: 1,000, Error reduction coefficient: 0,000, Error: 0,0000 s
abr 04, 2013 12:33:01 PM org.ros.time.RemoteUptimeClock update
INFO: Latency: 7,0000 s, Delta ratio: 1,0000, Drift: 1,000, Error reduction coefficient: 0,000, Error: 0,0000 s
abr 04, 2013 12:33:01 PM org.ros.time.RemoteUptimeClock update
INFO: Latency: 7,0000 s, Delta ratio: 1,0000, Drift: 1,000, Error reduction coefficient: 0,000, Error: 0,0000 s
abr 04, 2013 12:33:01 PM org.ros.time.RemoteUptimeClock update
INFO: Latency: 7,0000 s, Delta ratio: 1,0000, Drift: 1,000, Error reduction coefficient: 0,000, Error: 0,0000 s
abr 04, 2013 12:33:01 PM org.ros.time.RemoteUptimeClock update
INFO: Latency: 7,0000 s, Delta ratio: 1,0000, Drift: 1,000, Error reduction coefficient: 0,000, Error: 0,0000 s
abr 04, 2013 12:33:01 PM org.ros.time.RemoteUptimeClock update
INFO: Latency: 7,0000 s, Delta ratio: 1,0000, Drift: 1,000, Error reduction coefficient: 0,000, Error: 0,0000 s
abr 04, 2013 12:33:01 PM org.ros.time.RemoteUptimeClock update
INFO: Latency: 7,0000 s, Delta ratio: 1,0000, Drift: 1,000, Error reduction coefficient: 0,000, Error: 0,0000 s
abr 04, 2013 12:33:01 PM org.ros.time.RemoteUptimeClock update
INFO: Latency: 7,0000 s, Delta ratio: 1,0000, Drift: 1,000, Error reduction coefficient: 0,000, Error: 0,0000 s
abr 04, 2013 12:33:01 PM org.ros.time.RemoteUptimeClock update
INFO: Latency: 7,0000 s, Delta ratio: 1,0000, Drift: 1,000, Error reduction coefficient: 0,000, Error: 0,0000 s
abr 04, 2013 12:33:01 PM org.ros.time.RemoteUptimeClock update
INFO: Latency: 7,0000 s, Delta ratio: 1,0000, Drift: 1,000, Error reduction coefficient: 0,000, Error: 0,0000 s
abr 04, 2013 12:33:01 PM org.ros.time.RemoteUptimeClock update
INFO: Latency: 7,0000 s, Delta ratio: 1,0000, Drift: 1,000, Error reduction coefficient: 0,000, Error: 0,0000 s
abr 04, 2013 12:33:01 PM org.ros.time.RemoteUptimeClock update
INFO: Latency: 7,0000 s, Delta ratio: 1,0000, Drift: 1,000, Error reduction coefficient: 0,000, Error: 0,0000 s
abr 04, 2013 12:33:01 PM org.ros.time.RemoteUptimeClock update
INFO: Latency: 7,0000 s, Delta ratio: 1,0000, Drift: 1,000, Error reduction coefficient: 0,000, Error: 0,0000 s
abr 04, 2013 12:33:01 PM org.ros.time.RemoteUptimeClock update
INFO: Latency: 7,0000 s, Delta ratio: 1,0000, Drift: 1,000, Error reduction coefficient: 0,000, Error: 0,0000 s
abr 04, 2013 12:33:01 PM org.ros.time.RemoteUptimeClock update
INFO: Latency: 7,0000 s, Delta ratio: 1,0000, Drift: 1,000, Error reduction coefficient: 0,000, Error: 0,0000 s
abr 04, 2013 12:33:01 PM org.ros.time.RemoteUptimeClock update
INFO: Latency: 7,0000 s, Delta ratio: 1,0000, Drift: 1,000, Error reduction coefficient: 0,000, Error: 0,0000 s
abr 04, 2013 12:33:01 PM org.ros.time.RemoteUptimeClock update
INFO: Latency: 7,0000 s, Delta ratio: 1,0000, Drift: 1,000, Error reduction coefficient: 0,000, Error: 0,0000 s
abr 04, 2013 12:33:01 PM org.ros.time.RemoteUptimeClock update
INFO: Latency: 7,0000 s, Delta ratio: 1,0000, Drift: 1,000, Error reduction coefficient: 0,000, Error: 0,0000 s
abr 04, 2013 12:33:01 PM org.ros.time.RemoteUptimeClock update
INFO: Latency: 7,0000 s, Delta ratio: 1,0000, Drift: 1,000, Error reduction coefficient: 0,000, Error: 0,0000 s
abr 04, 2013 12:33:01 PM org.ros.time.RemoteUptimeClock update
INFO: Latency: 7,0000 s, Delta ratio: 1,0000, Drift: 1,000, Error reduction coefficient: 0,000, Error: 0,0000 s
abr 04, 2013 12:33:01 PM org.ros.time.RemoteUptimeClock update
INFO: Latency: 7,0000 s, Delta ratio: 1,0000, Drift: 1,000, Error reduction coefficient: 0,000, Error: 0,0000 s
abr 04, 2013 12:33:01 PM org.ros.time.RemoteUptimeClock update
INFO: Latency: 7,0000 s, Delta ratio: 1,0000, Drift: 1,000, Error reduction coefficient: 0,000, Error: 0,0000 s
abr 04, 2013 12:33:01 PM org.ros.time.RemoteUptimeClock update
INFO: Latency: 7,0000 s, Delta ratio: 1,0000, Drift: 1,000, Error reduction coefficient: 0,000, Error: 0,0000 s
abr 04, 2013 12:33:01 PM org.ros.time.RemoteUptimeClock update
INFO: Latency: 7,0000 s, Delta ratio: 1,0000, Drift: 1,000, Error reduction coefficient: 0,000, Error: 0,0000 s
abr 04, 2013 12:33:01 PM org.ros.time.RemoteUptimeClock update
INFO: Latency: 7,0000 s, Delta ratio: 1,0000, Drift: 1,000, Error reduction coefficient: 0,000, Error: 0,0000 s
abr 04, 2013 12:33:01 PM org.ros.time.RemoteUptimeClock update
INFO: Latency: 7,0000 s, Delta ratio: 1,0000, Drift: 1,000, Error reduction coefficient: 0,000, Error: 0,0000 s
abr 04, 2013 12:33:01 PM org.ros.time.RemoteUptimeClock update
INFO: Latency: 7,0000 s, Delta ratio: 1,0000, Drift: 1,000, Error reduction coefficient: 0,000, Error: 0,0000 s
abr 04, 2013 12:33:01 PM org.ros.time.RemoteUptimeClock update
INFO: Latency: 7,0000 s, Delta ratio: 1,0000, Drift: 1,000, Error reduction coefficient: 0,000, Error: 0,0000 s
abr 04, 2013 12:33:01 PM org.ros.time.RemoteUptimeClock update
INFO: Latency: 7,0000 s, Delta ratio: 1,0000, Drift: 1,000, Error reduction coefficient: 0,000, Error: 0,0000 s
abr 04, 2013 12:33:01 PM org.ros.time.RemoteUptimeClock update
INFO: Latency: 7,0000 s, Delta ratio: 1,0000, Drift: 1,000, Error reduction coefficient: 0,000, Error: 0,0000 s
abr 04, 2013 12:33:01 PM org.ros.time.RemoteUptimeClock update
INFO: Latency: 7,0000 s, Delta ratio: 1,0000, Drift: 1,000, Error reduction coefficient: 0,000, Error: 0,0000 s
abr 04, 2013 12:33:01 PM org.ros.time.RemoteUptimeClock update
INFO: Latency: 7,0000 s, Delta ratio: 1,0000, Drift: 1,000, Error reduction coefficient: 0,000, Error: 0,0000 s
abr 04, 2013 12:33:01 PM org.ros.time.RemoteUptimeClock update
INFO: Latency: 7,0000 s, Delta ratio: 1,0000, Drift: 1,000, Error reduction coefficient: 0,000, Error: 0,0000 s
abr 04, 2013 12:33:01 PM org.ros.time.RemoteUptimeClock update
INFO: Latency: 7,0000 s, Delta ratio: 1,0000, Drift: 1,000, Error reduction coefficient: 0,000, Error: 0,0000 s
abr 04, 2013 12:33:01 PM org.ros.time.RemoteUptimeClock update
INFO: Latency: 7,0000 s, Delta ratio: 1,0000, Drift: 1,000, Error reduction coefficient: 0,000, Error: 0,0000 s
abr 04, 2013 12:33:01 PM org.ros.time.RemoteUptimeClock update
INFO: Latency: 7,0000 s, Delta ratio: 1,0000, Drift: 1,000, Error reduction coefficient: 0,000, Error: 0,0000 s
abr 04, 2013 12:33:01 PM org.ros.time.RemoteUptimeClock update
INFO: Latency: 7,0000 s, Delta ratio: 1,0000, Drift: 1,000, Error reduction coefficient: 0,000, Error: 0,0000 s
abr 04, 2013 12:33:01 PM org.ros.time.RemoteUptimeClock update
INFO: Latency: 7,0000 s, Delta ratio: 1,0000, Drift: 1,000, Error reduction coefficient: 0,000, Error: 0,0000 s
abr 04, 2013 12:33:01 PM org.ros.time.RemoteUptimeClock update
INFO: Latency: 7,0000 s, Delta ratio: 1,0000, Drift: 1,000, Error reduction coefficient: 0,000, Error: 0,0000 s
abr 04, 2013 12:33:01 PM org.ros.time.RemoteUptimeClock update
INFO: Latency: 7,0000 s, Delta ratio: 1,0000, Drift: 1,000, Error reduction coefficient: 0,000, Error: 0,0000 s
abr 04, 2013 12:33:01 PM org.ros.time.RemoteUptimeClock update
INFO: Latency: 7,0000 s, Delta ratio: 1,0000, Drift: 1,000, Error reduction coefficient: 0,000, Error: 0,0000 s
abr 04, 2013 12:33:01 PM org.ros.time.RemoteUptimeClock update
INFO: Latency: 7,0000 s, Delta ratio: 1,0000, Drift: 1,000, Error reduction coefficient: 0,000, Error: 0,0000 s
abr 04, 2013 12:33:01 PM org.ros.time.RemoteUptimeClock update
INFO: Latency: 7,0000 s, Delta ratio: 1,0000, Drift: 1,000, Error reduction coefficient: 0,000, Error: 0,0000 s
abr 04, 2013 12:33:01 PM org.ros.time.RemoteUptimeClock update
INFO: Latency: 7,0000 s, Delta ratio: 1,0000, Drift: 1,000, Error reduction coefficient: 0,000, Error: 0,0000 s
abr 04, 2013 12:33:01 PM org.ros.time.RemoteUptimeClock update
INFO: Latency: 7,0000 s, Delta ratio: 1,0000, Drift: 1,000, Error reduction coefficient: 0,000, Error: 0,0000 s
abr 04, 2013 12:33:01 PM org.ros.time.RemoteUptimeClock update
INFO: Latency: 7,0000 s, Delta ratio: 1,0000, Drift: 1,000, Error reduction coefficient: 0,000, Error: 0,0000 s
abr 04, 2013 12:33:01 PM org.ros.time.RemoteUptimeClock update
INFO: Latency: 7,0000 s, Delta ratio: 1,0000, Drift: 1,000, Error reduction coefficient: 0,000, Error: 0,0000 s
abr 04, 2013 12:33:01 PM org.ros.time.RemoteUptimeClock update
INFO: Latency: 7,0000 s, Delta ratio: 1,0000, Drift: 1,000, Error reduction coefficient: 0,000, Error: 0,0000 s
abr 04, 2013 12:33:01 PM org.ros.time.RemoteUptimeClock update
INFO: Latency: 7,0000 s, Delta ratio: 1,0000, Drift: 1,000, Error reduction coefficient: 0,000, Error: 0,0000 s
abr 04, 2013 12:33:01 PM org.ros.time.RemoteUptimeClock update
INFO: Latency: 7,0000 s, Delta ratio: 1,0000, Drift: 1,000, Error reduction coefficient: 0,000, Error: 0,0000 s
abr 04, 2013 12:33:01 PM org.ros.time.RemoteUptimeClock update
INFO: Latency: 7,0000 s, Delta ratio: 1,0000, Drift: 1,000, Error reduction coefficient: 0,000, Error: 0,0000 s
abr 04, 2013 12:33:01 PM org.ros.time.RemoteUptimeClock update
INFO: Latency: 7,0000 s, Delta ratio: 1,0000, Drift: 1,000, Error reduction coefficient: 0,000, Error: 0,0000 s
abr 04, 2013 12:33:01 PM org.ros.time.RemoteUptimeClock update
INFO: Latency: 7,0000 s, Delta ratio: 1,0000, Drift: 1,000, Error reduction coefficient: 0,000, Error: 0,0000 s
abr 04, 2013 12:33:01 PM org.ros.time.RemoteUptimeClock update
INFO: Latency: 7,0000 s, Delta ratio: 1,0000, Drift: 1,000, Error reduction coefficient: 0,000, Error: 0,0000 s
abr 04, 2013 12:33:01 PM org.ros.time.RemoteUptimeClock update
INFO: Latency: 7,0000 s, Delta ratio: 1,0000, Drift: 1,000, Error reduction coefficient: 0,000, Error: 0,0000 s
abr 04, 2013 12:33:01 PM org.ros.time.RemoteUptimeClock update
INFO: Latency: 7,0000 s, Delta ratio: 1,0000, Drift: 1,000, Error reduction coefficient: 0,000, Error: 0,0000 s
abr 04, 2013 12:33:01 PM org.ros.time.RemoteUptimeClock update
INFO: Latency: 7,0000 s, Delta ratio: 1,0000, Drift: 1,000, Error reduction coefficient: 0,000, Error: 0,0000 s
abr 04, 2013 12:33:01 PM org.ros.time.RemoteUptimeClock update
INFO: Latency: 7,0000 s, Delta ratio: 1,0000, Drift: 1,000, Error reduction coefficient: 0,000, Error: 0,0000 s
abr 04, 2013 12:33:01 PM org.ros.time.RemoteUptimeClock update
INFO: Latency: 7,0000 s, Delta ratio: 1,0000, Drift: 1,000, Error reduction coefficient: 0,000, Error: 0,0000 s
abr 04, 2013 12:33:01 PM org.ros.time.RemoteUptimeClock update
INFO: Latency: 7,0000 s, Delta ratio: 1,0000, Drift: 1,000, Error reduction coefficient: 0,000, Error: 0,0000 s
abr 04, 2013 12:33:01 PM org.ros.time.RemoteUptimeClock update
INFO: Latency: 7,0000 s, Delta ratio: 1,0000, Drift: 1,000, Error reduction coefficient: 0,000, Error: 0,0000 s
abr 04, 2013 12:33:01 PM org.ros.time.RemoteUptimeClock update
INFO: Latency: 7,0000 s, Delta ratio: 1,0000, Drift: 1,000, Error reduction coefficient: 0,000, Error: 0,0000 s
abr 04, 2013 12:33:01 PM org.ros.time.RemoteUptimeClock update
INFO: Latency: 7,0000 s, Delta ratio: 1,0000, Drift: 1,000, Error reduction coefficient: 0,000, Error: 0,0000 s
abr 04, 2013 12:33:01 PM org.ros.time.RemoteUptimeClock update
INFO: Latency: 7,0000 s, Delta ratio: 1,0000, Drift: 1,000, Error reduction coefficient: 0,000, Error: 0,0000 s
abr 04, 2013 12:33:01 PM org.ros.time.RemoteUptimeClock update
INFO: Latency: 7,0000 s, Delta ratio: 1,0000, Drift: 1,000, Error reduction coefficient: 0,000, Error: 0,0000 s
abr 04, 2013 12:33:01 PM org.ros.time.RemoteUptimeClock update
INFO: Latency: 7,0000 s, Delta ratio: 1,0000, Drift: 1,000, Error reduction coefficient: 0,000, Error: 0,0000 s
abr 04, 2013 12:33:01 PM org.ros.time.RemoteUptimeClock update
INFO: Latency: 7,0000 s, Delta ratio: 1,0000, Drift: 1,000, Error reduction coefficient: 0,000, Error: 0,0000 s
abr 04, 2013 12:33:01 PM org.ros.time.RemoteUptimeClock update
INFO: Latency: 7,0000 s, Delta ratio: 1,0000, Drift: 1,000, Error reduction coefficient: 0,000, Error: 0,0000 s
abr 04, 2013 12:33:01 PM org.ros.time.RemoteUptimeClock update
INFO: Latency: 7,0000 s, Delta ratio: 1,0000, Drift: 1,000, Error reduction coefficient: 0,000, Error: 0,0000 s
abr 04, 2013 12:33:01 PM org.ros.time.RemoteUptimeClock update
INFO: Latency: 7,0000 s, Delta ratio: 1,0000, Drift: 1,000, Error reduction coefficient: 0,000, Error: 0,0000 s
abr 04, 2013 12:33:01 PM org.ros.time.RemoteUptimeClock update
INFO: Latency: 7,0000 s, Delta ratio: 1,0000, Drift: 1,000, Error reduction coefficient: 0,000, Error: 0,0000 s
abr 04, 2013 12:33:01 PM org.ros.time.RemoteUptimeClock update
INFO: Latency: 7,0000 s, Delta ratio: 1,0000, Drift: 1,000, Error reduction coefficient: 0,000, Error: 0,0000 s
abr 04, 2013 12:33:01 PM org.ros.time.RemoteUptimeClock update
INFO: Latency: 7,0000 s, Delta ratio: 1,0000, Drift: 1,000, Error reduction coefficient: 0,000, Error: 0,0000 s
abr 04, 2013 12:33:01 PM org.ros.time.RemoteUptimeClock update
INFO: Latency: 7,0000 s, Delta ratio: 1,0000, Drift: 1,000, Error reduction coefficient: 0,000, Error: 0,0000 s
abr 04, 2013 12:33:01 PM org.ros.time.RemoteUptimeClock update
INFO: Latency: 7,0000 s, Delta ratio: 1,0000, Drift: 1,000, Error reduction coefficient: 0,000, Error: 0,0000 s
abr 04, 2013 12:33:01 PM org.ros.time.RemoteUptimeClock update
INFO: Latency: 7,0000 s, Delta ratio: 1,0000, Drift: 1,000, Error reduction coefficient: 0,000, Error: 0,0000 s
abr 04, 2013 12:33:01 PM org.ros.time.RemoteUptimeClock update
INFO: Latency: 7,0000 s, Delta ratio: 1,0000, Drift: 1,000, Error reduction coefficient: 0,000, Error: 0,0000 s
abr 04, 2013 12:33:01 PM org.ros.time.RemoteUptimeClock update
INFO: Latency: 7,0000 s, Delta ratio: 1,0000, Drift: 1,000, Error reduction coefficient: 0,000, Error: 0,0000 s
abr 04, 2013 12:33:01 PM org.ros.time.RemoteUptimeClock update
INFO: Latency: 7,0000 s, Delta ratio: 1,0000, Drift: 1,000, Error reduction coefficient: 0,000, Error: 0,0000 s
abr 04, 2013 12:33:01 PM org.ros.time.RemoteUptimeClock update
INFO: Latency: 7,0000 s, Delta ratio: 1,0000, Drift: 1,000, Error reduction coefficient: 0,000, Error: 0,0000 s
abr 04, 2013 12:33:01 PM org.ros.time.RemoteUptimeClock update
INFO: Latency: 7,0000 s, Delta ratio: 1,0000, Drift: 1,000, Error reduction coefficient: 0,000, Error: 0,0000 s
abr 04, 2013 12:33:01 PM org.ros.time.RemoteUptimeClock update
INFO: Latency: 7,0000 s, Delta ratio: 1,0000, Drift: 1,000, Error reduction coefficient: 0,000, Error: 0,0000 s
abr 04, 2013 12:33:01 PM org.ros.time.RemoteUptimeClock update
INFO: Latency: 7,0000 s, Delta ratio: 1,0000, Drift: 1,000, Error reduction coefficient: 0,000, Error: 0,0000 s
abr 04, 2013 12:33:01 PM org.ros.time.RemoteUptimeClock update
INFO: Latency: 7,0000 s, Delta ratio: 1,0000, Drift: 1,000, Error reduction coefficient: 0,000, Error: 0,0000 s
abr 04, 2013 12:33:01 PM org.ros.time.RemoteUptimeClock update
INFO: Latency: 7,0000 s, Delta ratio: 1,0000, Drift: 1,000, Error reduction coefficient: 0,000, Error: 0,0000 s
abr 04, 2013 12:33:01 PM org.ros.time.RemoteUptimeClock update
INFO: Latency: 7,0000 s, Delta ratio: 1,0000, Drift: 1,000, Error reduction coefficient: 0,000, Error: 0,0000 s
abr 04, 2013 12:33:01 PM org.ros.time.RemoteUptimeClock update
INFO: Latency: 7,0000 s, Delta ratio: 1,0000, Drift: 1,000, Error reduction coefficient: 0,000, Error: 0,0000 s
abr 04, 2013 12:33:01 PM org.ros.time.RemoteUptimeClock update
INFO: Latency: 7,0000 s, Delta ratio: 1,0000, Drift: 1,000, Error reduction coefficient: 0,000, Error: 0,0000 s
abr 04, 2013 12:33:01 PM org.ros.time.RemoteUptimeClock update
INFO: Latency: 7,0000 s, Delta ratio: 1,0000, Drift: 1,000, Error reduction coefficient: 0,000, Error: 0,0000 s
abr 04, 2013 12:33:01 PM org.ros.time.RemoteUptimeClock update
INFO: Latency: 7,0000 s, Delta ratio: 1,0000, Drift: 1,000, Error reduction coefficient: 0,000, Error: 0,0000 s
abr 04, 2013 12:33:01 PM org.ros.time.RemoteUptimeClock update
INFO: Latency: 7,0000 s, Delta ratio: 1,0000, Drift: 1,000, Error reduction coefficient: 0,000, Error: 0,0000 s
abr 04, 2013 12:33:01 PM org.ros.time.RemoteUptimeClock update
INFO: Latency: 7,0000 s, Delta ratio: 1,0000, Drift: 1,000, Error reduction coefficient: 0,000, Error: 0,0000 s
abr 04, 2013 12:33:01 PM org.ros.time.RemoteUptimeClock update
INFO: Latency: 7,0000 s, Delta ratio: 1,0000, Drift: 1,000, Error reduction coefficient: 0,000, Error: 0,0000 s
abr 04, 2013 12:33:01 PM org.ros.time.RemoteUptimeClock update
INFO: Latency: 7,0000 s, Delta ratio: 1,0000, Drift: 1,000, Error reduction coefficient: 0,000, Error: 0,0000 s
abr 04, 2013 12:33:01 PM org.ros.time.RemoteUptimeClock update
INFO: Latency: 7,0000 s, Delta ratio: 1,0000, Drift: 1,000, Error reduction coefficient: 0,000, Error: 0,0000 s
abr 04, 2013 12:33:01 PM org.ros.time.RemoteUptimeClock update
INFO: Latency: 7,0000 s, Delta ratio: 1,0000, Drift: 1,000, Error reduction coefficient: 0,000, Error: 0,0000 s
abr 04, 2013 12:33:01 PM org.ros.time.RemoteUptimeClock update
INFO: Latency: 7,0000 s, Delta ratio: 1,0000, Drift: 1,000, Error reduction coefficient: 0,000, Error: 0,0000 s
abr 04, 2013 12:33:01 PM org.ros.time.RemoteUptimeClock update
INFO: Latency: 7,0000 s, Delta ratio: 1,0000, Drift: 1,000, Error reduction coefficient: 0,000, Error: 0,0000 s
abr 04, 2013 12:33:01 PM org.ros.time.RemoteUptimeClock update
INFO: Latency: 7,0000 s, Delta ratio: 1,0000, Drift: 1,000, Error reduction coefficient: 0,000, Error: 0,0000 s
abr 04, 2013 12:33:01 PM org.ros.time.RemoteUptimeClock update
INFO: Latency: 7,0000 s, Delta ratio: 1,0000, Drift: 1,000, Error reduction coefficient: 0,000, Error: 0,0000 s
abr 04, 2013 12:33:01 PM org.ros.time.RemoteUptimeClock update
INFO: Latency: 7,0000 s, Delta ratio: 1,0000, Drift: 1,000, Error reduction coefficient: 0,000, Error: 0,0000 s
abr 04, 2013 12:33:01 PM org.ros.time.RemoteUptimeClock update
INFO: Latency: 7,0000 s, Delta ratio: 1,0000, Drift: 1,000, Error reduction coefficient: 0,000, Error: 0,0000 s
abr 04, 2013 12:33:01 PM org.ros.time.RemoteUptimeClock update
INFO: Latency: 7,0000 s, Delta ratio: 1,0000, Drift: 1,000, Error reduction coefficient: 0,000, Error: 0,0000 s
abr 04, 2013 12:33:01 PM org.ros.time.RemoteUptimeClock update
INFO: Latency: 7,0000 s, Delta ratio: 1,0000, Drift: 1,000, Error reduction coefficient: 0,000, Error: 0,0000 s
abr 04, 2013 12:33:01 PM org.ros.time.RemoteUptimeClock update
INFO: Latency: 7,0000 s, Delta ratio: 1,0000, Drift: 1,000, Error reduction coefficient: 0,000, Error: 0,0000 s
abr 04, 2013 12:33:01 PM org.ros.time.RemoteUptimeClock update
INFO: Latency: 7,0000 s, Delta ratio: 1,0000, Drift: 1,000, Error reduction coefficient: 0,000, Error: 0,0000 s
abr 04, 2013 12:33:01 PM org.ros.time.RemoteUptimeClock update
INFO: Latency: 7,0000 s, Delta ratio: 1,0000, Drift: 1,000, Error reduction coefficient: 0,000, Error: 0,0000 s
abr 04, 2013 12:33:01 PM org.ros.time.RemoteUptimeClock update
INFO: Latency: 7,0000 s, Delta ratio: 1,0000, Drift: 1,000, Error reduction coefficient: 0,000, Error: 0,0000 s
abr 04, 2013 12:33:01 PM org.ros.time.RemoteUptimeClock update
INFO: Latency: 7,0000 s, Delta ratio: 1,0000, Drift: 1,000, Error reduction coefficient: 0,000, Error: 0,0000 s
abr 04, 2013 12:33:01 PM org.ros.time.RemoteUptimeClock update
INFO: Latency: 7,0000 s, Delta ratio: 1,0000, Drift: 1,000, Error reduction coefficient: 0,000, Error: 0,0000 s
abr 04, 2013 12:33:01 PM org.ros.time.RemoteUptimeClock update
INFO: Latency: 7,0000 s, Delta ratio: 1,0000, Drift: 1,000, Error reduction coefficient: 0,000, Error: 0,0000 s
abr 04, 2013 12:33:01 PM org.ros.time.RemoteUptimeClock update
INFO: Latency: 7,0000 s, Delta ratio: 1,0000, Drift: 1,000, Error reduction coefficient: 0,000, Error: 0,0000 s
abr 04, 2013 12:33:01 PM org.ros.time.RemoteUptimeClock update
INFO: Latency: 7,0000 s, Delta ratio: 1,0000, Drift: 1,000, Error reduction coefficient: 0,000, Error: 0,0000 s
abr 04, 2013 12:33:01 PM org.ros.time.RemoteUptimeClock update
INFO: Latency: 7,0000 s, Delta ratio: 1,0000, Drift: 1,000, Error reduction coefficient: 0,000, Error: 0,0000 s
abr 04, 2013 12:33:01 PM org.ros.time.RemoteUptimeClock update
INFO: Latency: 7,0000 s, Delta ratio: 1,0000, Drift: 1,000, Error reduction coefficient: 0,000, Error: 0,0000 s
abr 04, 2013 12:33:01 PM org.ros.time.RemoteUptimeClock update
INFO: Latency: 7,0000 s, Delta ratio: 1,0000, Drift: 1,000, Error reduction coefficient: 0,000, Error: 0,0000 s
abr 04, 2013 12:33:01 PM org.ros.time.RemoteUptimeClock update
INFO: Latency: 7,0000 s, Delta ratio: 1,0000, Drift: 1,000, Error reduction coefficient: 0,000, Error: 0,0000 s
abr 04, 2013 12:33:01 PM org.ros.time.RemoteUptimeClock update
INFO: Latency: 7,0000 s, Delta ratio: 1,0000, Drift: 1,000, Error reduction coefficient: 0,000, Error: 0,0000 s
abr 04, 2013 12:33:01 PM org.ros.time.RemoteUptimeClock update
INFO: Latency: 7,0000 s, Delta ratio: 1,0000, Drift: 1,000, Error reduction coefficient: 0,000, Error: 0,0000 s
abr 04, 2013 12:33:01 PM org.ros.time.RemoteUptimeClock update
INFO: Latency: 7,0000 s, Delta ratio: 1,0000, Drift: 1,000, Error reduction coefficient: 0,000, Error: 0,0000 s
abr 04, 2013 12:33:01 PM org.ros.time.RemoteUptimeClock update
INFO: Latency: 7,0000 s, Delta ratio: 1,0000, Drift: 1,000, Error reduction coefficient: 0,000, Error: 0,0000 s
abr 04, 2013 12:33:01 PM org.ros.time.RemoteUptimeClock update
INFO: Latency: 7,0000 s, Delta ratio: 1,0000, Drift: 1,000, Error reduction coefficient: 0,000, Error: 0,0000 s
abr 04, 2013 12:33:01 PM org.ros.time.RemoteUptimeClock update
INFO: Latency: 7,0000 s, Delta ratio: 1,0000, Drift: 1,000, Error reduction coefficient: 0,000, Error: 0,0000 s
abr 04, 2013 12:33:01 PM org.ros.time.RemoteUptimeClock update
INFO: Latency: 7,0000 s, Delta ratio: 1,0000, Drift: 1,000, Error reduction coefficient: 0,000, Error: 0,0000 s
abr 04, 2013 12:33:01 PM org.ros.time.RemoteUptimeClock update
INFO: Latency: 7,0000 s, Delta ratio: 1,0000, Drift: 1,000, Error reduction coefficient: 0,000, Error: 0,0000 s
abr 04, 2013 12:33:01 PM org.ros.time.RemoteUptimeClock update
INFO: Latency: 7,0000 s, Delta ratio: 1,0000, Drift: 1,000, Error reduction coefficient: 0,000, Error: 0,0000 s
abr 04, 2013 12:33:01 PM org.ros.time.RemoteUptimeClock update
INFO: Latency: 7,0000 s, Delta ratio: 1,0000, Drift: 1,000, Error reduction coefficient: 0,000, Error: 0,0000 s
abr 04, 2013 12:33:01 PM org.ros.time.RemoteUptimeClock update
INFO: Latency: 7,0000 s, Delta ratio: 1,0000, Drift: 1,000, Error reduction coefficient: 0,000, Error: 0,0000 s
abr 04, 2013 12:33:01 PM org.ros.time.RemoteUptimeClock update
INFO: Latency: 7,0000 s, Delta ratio: 1,0000, Drift: 1,000, Error reduction coefficient: 0,000, Error: 0,0000 s
abr 04, 2013 12:33:01 PM org.ros.time.RemoteUptimeClock update
INFO: Latency: 7,0000 s, Delta ratio: 1,0000, Drift: 1,000, Error reduction coefficient: 0,000, Error: 0,0000 s
abr 04, 2013 12:33:01 PM org.ros.time.RemoteUptimeClock update
INFO: Latency: 7,0000 s, Delta ratio: 1,0000, Drift: 1,000, Error reduction coefficient: 0,000, Error: 0,0000 s
abr 04, 2013 12:33:01 PM org.ros.time.RemoteUptimeClock update
INFO: Latency: 7,0000 s, Delta ratio: 1,0000, Drift: 1,000, Error reduction coefficient: 0,000, Error: 0,0000 s
abr 04, 2013 12:33:01 PM org.ros.time.RemoteUptimeClock update
INFO: Latency: 7,0000 s, Delta ratio: 1,0000, Drift: 1,000, Error reduction coefficient: 0,000, Error: 0,0000 s
abr 04, 2013 12:33:01 PM org.ros.time.RemoteUptimeClock update
INFO: Latency: 7,0000 s, Delta ratio: 1,0000, Drift: 1,000, Error reduction coefficient: 0,000, Error: 0,0000 s
abr 04, 2013 12:33:01 PM org.ros.time.RemoteUptimeClock update
INFO: Latency: 7,0000 s, Delta ratio: 1,0000, Drift: 1,000, Error reduction coefficient: 0,000, Error: 0,0000 s
abr 04, 2013 12:33:01 PM org.ros.time.RemoteUptimeClock update
INFO: Latency: 7,0000 s, Delta ratio: 1,0000, Drift: 1,000, Error reduction coefficient: 0,000, Error: 0,0000 s
abr 04, 2013 12:33:01 PM org.ros.time.RemoteUptimeClock update
INFO: Latency: 7,0000 s, Delta ratio: 1,0000, Drift: 1,000, Error reduction coefficient: 0,000, Error: 0,0000 s
abr 04, 2013 12:33:01 PM org.ros.time.RemoteUptimeClock update
INFO: Latency: 7,0000 s, Delta ratio: 1,0000, Drift: 1,000, Error reduction coefficient: 0,000, Error: 0,0000 s
abr 04, 2013 12:33:01 PM org.ros.time.RemoteUptimeClock update
INFO: Latency: 7,0000 s, Delta ratio: 1,0000, Drift: 1,000, Error reduction coefficient: 0,000, Error: 0,0000 s
abr 04, 2013 12:33:01 PM org.ros.time.RemoteUptimeClock update
INFO: Latency: 7,0000 s, Delta ratio: 1,0000, Drift: 1,000, Error reduction coefficient: 0,000, Error: 0,0000 s
abr 04, 2013 12:33:01 PM org.ros.time.RemoteUptimeClock update
INFO: Latency: 7,0000 s, Delta ratio: 1,0000, Drift: 1,000, Error reduction coefficient: 0,000, Error: 0,0000 s
abr 04, 2013 12:33:01 PM org.ros.time.RemoteUptimeClock update
INFO: Latency: 7,0000 s, Delta ratio: 1,0000, Drift: 1,000, Error reduction coefficient: 0,000, Error: 0,0000 s
abr 04, 2013 12:33:01 PM org.ros.time.RemoteUptimeClock update
INFO: Latency: 7,0000 s, Delta ratio: 1,0000, Drift: 1,000, Error reduction coefficient: 0,000, Error: 0,0000 s
abr 04, 2013 12:33:01 PM org.ros.time.RemoteUptimeClock update
INFO: Latency: 7,0000 s, Delta ratio: 1,0000, Drift: 1,000, Error reduction coefficient: 0,000, Error: 0,0000 s
abr 04, 2013 12:33:01 PM org.ros.time.RemoteUptimeClock update
INFO: Latency: 7,0000 s, Delta ratio: 1,0000, Drift: 1,000, Error reduction coefficient: 0,000, Error: 0,0000 s
abr 04, 2013 12:33:01 PM org.ros.time.RemoteUptimeClock update
INFO: Latency: 7,0000 s, Delta ratio: 1,0000, Drift: 1,000, Error reduction coefficient: 0,000, Error: 0,0000 s
abr 04, 2013 12:33:01 PM org.ros.time.RemoteUptimeClock update
INFO: Latency: 7,0000 s, Delta ratio: 1,0000, Drift: 1,000, Error reduction coefficient: 0,000, Error: 0,0000 s
abr 04, 2013 12:33:01 PM org.ros.time.RemoteUptimeClock update
INFO: Latency: 7,0000 s, Delta ratio: 1,0000, Drift: 1,000, Error reduction coefficient: 0,000, Error: 0,0000 s
abr 04, 2013 12:33:01 PM org.ros.time.RemoteUptimeClock update
INFO: Latency: 7,0000 s, Delta ratio: 1,0000, Drift: 1,000, Error reduction coefficient: 0,000, Error: 0,0000 s
abr 04, 2013 12:33:01 PM org.ros.time.RemoteUptimeClock update
INFO: Latency: 7,0000 s, Delta ratio: 1,0000, Drift: 1,000, Error reduction coefficient: 0,000, Error: 0,0000 s
abr 04, 2013 12:33:01 PM org.ros.time.RemoteUptimeClock update
INFO: Latency: 7,0000 s, Delta ratio: 1,0000, Drift: 1,000, Error reduction coefficient: 0,000, Error: 0,0000 s
abr 04, 2013 12:33:01 PM org.ros.time.RemoteUptimeClock update
INFO: Latency: 7,0000 s, Delta ratio: 1,0000, Drift: 1,000, Error reduction coefficient: 0,000, Error: 0,0000 s
abr 04, 2013 12:33:01 PM org.ros.time.RemoteUptimeClock update
INFO: Latency: 7,0000 s, Delta ratio: 1,0000, Drift: 1,000, Error reduction coefficient: 0,000, Error: 0,0000 s
abr 04, 2013 12:33:01 PM org.ros.time.RemoteUptimeClock update
INFO: Latency: 7,0000 s, Delta ratio: 1,0000, Drift: 1,000, Error reduction coefficient: 0,000, Error: 0,0000 s
abr 04, 2013 12:33:01 PM org.ros.time.RemoteUptimeClock update
INFO: Latency: 7,0000 s, Delta ratio: 1,0000, Drift: 1,000, Error reduction coefficient: 0,000, Error: 0,0000 s
abr 04, 2013 12:33:01 PM org.ros.time.RemoteUptimeClock update
INFO: Latency: 7,0000 s, Delta ratio: 1,0000, Drift: 1,000, Error reduction coefficient: 0,000, Error: 0,0000 s
abr 04, 2013 12:33:01 PM org.ros.time.RemoteUptimeClock update
INFO: Latency: 7,0000 s, Delta ratio: 1,0000, Drift: 1,000, Error reduction coefficient: 0,000, Error: 0,0000 s
abr 04, 2013 12:33:01 PM org.ros.time.RemoteUptimeClock update
INFO: Latency: 7,0000 s, Delta ratio: 1,0000, Drift: 1,000, Error reduction coefficient: 0,000, Error: 0,0000 s
abr 04, 2013 12:33:01 PM org.ros.time.RemoteUptimeClock update
INFO: Latency: 7,0000 s, Delta ratio: 1,0000, Drift: 1,000, Error reduction coefficient: 0,000, Error: 0,0000 s
abr 04, 2013 12:33:01 PM org.ros.time.RemoteUptimeClock update
INFO: Latency: 7,0000 s, Delta ratio: 1,0000, Drift: 1,000, Error reduction coefficient: 0,000, Error: 0,0000 s
abr 04, 2013 12:33:01 PM org.ros.time.RemoteUptimeClock update
INFO: Latency: 7,0000 s, Delta ratio: 1,0000, Drift: 1,000, Error reduction coefficient: 0,000, Error: 0,0000 s
abr 04, 2013 12:33:01 PM org.ros.time.RemoteUptimeClock update
INFO: Latency: 7,0000 s, Delta ratio: 1,0000, Drift: 1,000, Error reduction coefficient: 0,000, Error: 0,0000 s
abr 04, 2013 12:33:01 PM org.ros.time.RemoteUptimeClock update
INFO: Latency: 7,0000 s, Delta ratio: 1,0000, Drift: 1,000, Error reduction coefficient: 0,000, Error: 0,0000 s
abr 04, 2013 12:33:01 PM org.ros.time.RemoteUptimeClock update
INFO: Latency: 7,0000 s, Delta ratio: 1,0000, Drift: 1,000, Error reduction coefficient: 0,000, Error: 0,0000 s
abr 04, 2013 12:33:01 PM org.ros.time.RemoteUptimeClock update
INFO: Latency: 7,0000 s, Delta ratio: 1,0000, Drift: 1,000, Error reduction coefficient: 0,000, Error: 0,0000 s
abr 04, 2013 12:33:01 PM org.ros.time.RemoteUptimeClock update
INFO: Latency: 7,0000 s, Delta ratio: 1,0000, Drift: 1,000, Error reduction coefficient: 0,000, Error: 0,0000 s
abr 04, 2013 12:33:01 PM org.ros.time.RemoteUptimeClock update
INFO: Latency: 7,0000 s, Delta ratio: 1,0000, Drift: 1,000, Error reduction coefficient: 0,000, Error: 0,0000 s
abr 04, 2013 12:33:01 PM org.ros.time.RemoteUptimeClock update
INFO: Latency: 7,0000 s, Delta ratio: 1,0000, Drift: 1,000, Error reduction coefficient: 0,000, Error: 0,0000 s
abr 04, 2013 12:33:01 PM org.ros.time.RemoteUptimeClock update
INFO: Latency: 7,0000 s, Delta ratio: 1,0000, Drift: 1,000, Error reduction coefficient: 0,000, Error: 0,0000 s
abr 04, 2013 12:33:01 PM org.ros.time.RemoteUptimeClock update
INFO: Latency: 7,0000 s, Delta ratio: 1,0000, Drift: 1,000, Error reduction coefficient: 0,000, Error: 0,0000 s
abr 04, 2013 12:33:01 PM org.ros.time.RemoteUptimeClock update
INFO: Latency: 7,0000 s, Delta ratio: 1,0000, Drift: 1,000, Error reduction coefficient: 0,000, Error: 0,0000 s
abr 04, 2013 12:33:01 PM org.ros.time.RemoteUptimeClock update
INFO: Latency: 7,0000 s, Delta ratio: 1,0000, Drift: 1,000, Error reduction coefficient: 0,000, Error: 0,0000 s
abr 04, 2013 12:33:01 PM org.ros.time.RemoteUptimeClock update
INFO: Latency: 7,0000 s, Delta ratio: 1,0000, Drift: 1,000, Error reduction coefficient: 0,000, Error: 0,0000 s
abr 04, 2013 12:33:01 PM org.ros.time.RemoteUptimeClock update
INFO: Latency: 7,0000 s, Delta ratio: 1,0000, Drift: 1,000, Error reduction coefficient: 0,000, Error: 0,0000 s
abr 04, 2013 12:33:01 PM org.ros.time.RemoteUptimeClock update
INFO: Latency: 7,0000 s, Delta ratio: 1,0000, Drift: 1,000, Error reduction coefficient: 0,000, Error: 0,0000 s
abr 04, 2013 12:33:01 PM org.ros.time.RemoteUptimeClock update
INFO: Latency: 7,0000 s, Delta ratio: 1,0000, Drift: 1,000, Error reduction coefficient: 0,000, Error: 0,0000 s
abr 04, 2013 12:33:01 PM org.ros.time.RemoteUptimeClock update
INFO: Latency: 7,0000 s, Delta ratio: 1,0000, Drift: 1,000, Error reduction coefficient: 0,000, Error: 0,0000 s
abr 04, 2013 12:33:01 PM org.ros.time.RemoteUptimeClock update
INFO: Latency: 7,0000 s, Delta ratio: 1,0000, Drift: 1,000, Error reduction coefficient: 0,000, Error: 0,0000 s
abr 04, 2013 12:33:01 PM org.ros.time.RemoteUptimeClock update
INFO: Latency: 7,0000 s, Delta ratio: 1,0000, Drift: 1,000, Error reduction coefficient: 0,000, Error: 0,0000 s
abr 04, 2013 12:33:01 PM org.ros.time.RemoteUptimeClock update
INFO: Latency: 7,0000 s, Delta ratio: 1,0000, Drift: 1,000, Error reduction coefficient: 0,000, Error: 0,0000 s
abr 04, 2013 12:33:01 PM org.ros.time.RemoteUptimeClock update
INFO: Latency: 7,0000 s, Delta ratio: 1,0000, Drift: 1,000, Error reduction coefficient: 0,000, Error: 0,0000 s
abr 04, 2013 12:33:01 PM org.ros.time.RemoteUptimeClock update
INFO: Latency: 7,0000 s, Delta ratio: 1,0000, Drift: 1,000, Error reduction coefficient: 0,000, Error: 0,0000 s
abr 04, 2013 12:33:01 PM org.ros.time.RemoteUptimeClock update
INFO: Latency: 7,0000 s, Delta ratio: 1,0000, Drift: 1,000, Error reduction coefficient: 0,000, Error: 0,0000 s
abr 04, 2013 12:33:01 PM org.ros.time.RemoteUptimeClock update
INFO: Latency: 7,0000 s, Delta ratio: 1,0000, Drift: 1,000, Error reduction coefficient: 0,000, Error: 0,0000 s
abr 04, 2013 12:33:01 PM org.ros.time.RemoteUptimeClock update
INFO: Latency: 7,0000 s, Delta ratio: 1,0000, Drift: 1,000, Error reduction coefficient: 0,000, Error: 0,0000 s
abr 04, 2013 12:33:01 PM org.ros.time.RemoteUptimeClock update
INFO: Latency: 7,0000 s, Delta ratio: 1,0000, Drift: 1,000, Error reduction coefficient: 0,000, Error: 0,0000 s
abr 04, 2013 12:33:01 PM org.ros.time.RemoteUptimeClock update
INFO: Latency: 7,0000 s, Delta ratio: 1,0000, Drift: 1,000, Error reduction coefficient: 0,000, Error: 0,0000 s
abr 04, 2013 12:33:01 PM org.ros.time.RemoteUptimeClock update
INFO: Latency: 7,0000 s, Delta ratio: 1,0000, Drift: 1,000, Error reduction coefficient: 0,000, Error: 0,0000 s
abr 04, 2013 12:33:01 PM org.ros.time.RemoteUptimeClock update
INFO: Latency: 7,0000 s, Delta ratio: 1,0000, Drift: 1,000, Error reduction coefficient: 0,000, Error: 0,0000 s
abr 04, 2013 12:33:01 PM org.ros.time.RemoteUptimeClock update
INFO: Latency: 7,0000 s, Delta ratio: 1,0000, Drift: 1,000, Error reduction coefficient: 0,000, Error: 0,0000 s
abr 04, 2013 12:33:01 PM org.ros.time.RemoteUptimeClock update
INFO: Latency: 7,0000 s, Delta ratio: 1,0000, Drift: 1,000, Error reduction coefficient: 0,000, Error: 0,0000 s
abr 04, 2013 12:33:01 PM org.ros.time.RemoteUptimeClock update
INFO: Latency: 7,0000 s, Delta ratio: 1,0000, Drift: 1,000, Error reduction coefficient: 0,000, Error: 0,0000 s
abr 04, 2013 12:33:01 PM org.ros.time.RemoteUptimeClock update
INFO: Latency: 7,0000 s, Delta ratio: 1,0000, Drift: 1,000, Error reduction coefficient: 0,000, Error: 0,0000 s
abr 04, 2013 12:33:01 PM org.ros.time.RemoteUptimeClock update
INFO: Latency: 7,0000 s, Delta ratio: 1,0000, Drift: 1,000, Error reduction coefficient: 0,000, Error: 0,0000 s
abr 04, 2013 12:33:01 PM org.ros.time.RemoteUptimeClock update
INFO: Latency: 7,0000 s, Delta ratio: 1,0000, Drift: 1,000, Error reduction coefficient: 0,000, Error: 0,0000 s
abr 04, 2013 12:33:01 PM org.ros.time.RemoteUptimeClock update
INFO: Latency: 7,0000 s, Delta ratio: 1,0000, Drift: 1,000, Error reduction coefficient: 0,000, Error: 0,0000 s
abr 04, 2013 12:33:01 PM org.ros.time.RemoteUptimeClock update
INFO: Latency: 7,0000 s, Delta ratio: 1,0000, Drift: 1,000, Error reduction coefficient: 0,000, Error: 0,0000 s
abr 04, 2013 12:33:01 PM org.ros.time.RemoteUptimeClock update
INFO: Latency: 7,0000 s, Delta ratio: 1,0000, Drift: 1,000, Error reduction coefficient: 0,000, Error: 0,0000 s
abr 04, 2013 12:33:01 PM org.ros.time.RemoteUptimeClock update
INFO: Latency: 7,0000 s, Delta ratio: 1,0000, Drift: 1,000, Error reduction coefficient: 0,000, Error: 0,0000 s
abr 04, 2013 12:33:01 PM org.ros.time.RemoteUptimeClock update
INFO: Latency: 7,0000 s, Delta ratio: 1,0000, Drift: 1,000, Error reduction coefficient: 0,000, Error: 0,0000 s
abr 04, 2013 12:33:01 PM org.ros.time.RemoteUptimeClock update
INFO: Latency: 7,0000 s, Delta ratio: 1,0000, Drift: 1,000, Error reduction coefficient: 0,000, Error: 0,0000 s
abr 04, 2013 12:33:01 PM org.ros.time.RemoteUptimeClock update
INFO: Latency: 7,0000 s, Delta ratio: 1,0000, Drift: 1,000, Error reduction coefficient: 0,000, Error: 0,0000 s
abr 04, 2013 12:33:01 PM org.ros.time.RemoteUptimeClock update
INFO: Latency: 7,0000 s, Delta ratio: 1,0000, Drift: 1,000, Error reduction coefficient: 0,000, Error: 0,0000 s
abr 04, 2013 12:33:01 PM org.ros.time.RemoteUptimeClock update
INFO: Latency: 7,0000 s, Delta ratio: 1,0000, Drift: 1,000, Error reduction coefficient: 0,000, Error: 0,0000 s
abr 04, 2013 12:33:01 PM org.ros.time.RemoteUptimeClock update
INFO: Latency: 7,0000 s, Delta ratio: 1,0000, Drift: 1,000, Error reduction coefficient: 0,000, Error: 0,0000 s
abr 04, 2013 12:33:01 PM org.ros.time.RemoteUptimeClock update
INFO: Latency: 7,0000 s, Delta ratio: 1,0000, Drift: 1,000, Error reduction coefficient: 0,000, Error: 0,0000 s
abr 04, 2013 12:33:01 PM org.ros.time.RemoteUptimeClock update
INFO: Latency: 7,0000 s, Delta ratio: 1,0000, Drift: 1,000, Error reduction coefficient: 0,000, Error: 0,0000 s
abr 04, 2013 12:33:01 PM org.ros.time.RemoteUptimeClock update
INFO: Latency: 7,0000 s, Delta ratio: 1,0000, Drift: 1,000, Error reduction coefficient: 0,000, Error: 0,0000 s
abr 04, 2013 12:33:01 PM org.ros.time.RemoteUptimeClock update
INFO: Latency: 7,0000 s, Delta ratio: 1,0000, Drift: 1,000, Error reduction coefficient: 0,000, Error: 0,0000 s
abr 04, 2013 12:33:01 PM org.ros.time.RemoteUptimeClock update
INFO: Latency: 7,0000 s, Delta ratio: 1,0000, Drift: 1,000, Error reduction coefficient: 0,000, Error: 0,0000 s
abr 04, 2013 12:33:01 PM org.ros.time.RemoteUptimeClock update
INFO: Latency: 7,0000 s, Delta ratio: 1,0000, Drift: 1,000, Error reduction coefficient: 0,000, Error: 0,0000 s
abr 04, 2013 12:33:01 PM org.ros.time.RemoteUptimeClock update
INFO: Latency: 7,0000 s, Delta ratio: 1,0000, Drift: 1,000, Error reduction coefficient: 0,000, Error: 0,0000 s
abr 04, 2013 12:33:01 PM org.ros.time.RemoteUptimeClock update
INFO: Latency: 7,0000 s, Delta ratio: 1,0000, Drift: 1,000, Error reduction coefficient: 0,000, Error: 0,0000 s
abr 04, 2013 12:33:01 PM org.ros.time.RemoteUptimeClock update
INFO: Latency: 7,0000 s, Delta ratio: 1,0000, Drift: 1,000, Error reduction coefficient: 0,000, Error: 0,0000 s
abr 04, 2013 12:33:01 PM org.ros.time.RemoteUptimeClock update
INFO: Latency: 7,0000 s, Delta ratio: 1,0000, Drift: 1,000, Error reduction coefficient: 0,000, Error: 0,0000 s
abr 04, 2013 12:33:01 PM org.ros.time.RemoteUptimeClock update
INFO: Latency: 7,0000 s, Delta ratio: 1,0000, Drift: 1,000, Error reduction coefficient: 0,000, Error: 0,0000 s
abr 04, 2013 12:33:01 PM org.ros.time.RemoteUptimeClock update
INFO: Latency: 7,0000 s, Delta ratio: 1,0000, Drift: 1,000, Error reduction coefficient: 0,000, Error: 0,0000 s
abr 04, 2013 12:33:01 PM org.ros.time.RemoteUptimeClock update
INFO: Latency: 7,0000 s, Delta ratio: 1,0000, Drift: 1,000, Error reduction coefficient: 0,000, Error: 0,0000 s
abr 04, 2013 12:33:01 PM org.ros.time.RemoteUptimeClock update
INFO: Latency: 7,0000 s, Delta ratio: 1,0000, Drift: 1,000, Error reduction coefficient: 0,000, Error: 0,0000 s
abr 04, 2013 12:33:01 PM org.ros.time.RemoteUptimeClock update
INFO: Latency: 7,0000 s, Delta ratio: 1,0000, Drift: 1,000, Error reduction coefficient: 0,000, Error: 0,0000 s
abr 04, 2013 12:33:01 PM org.ros.time.RemoteUptimeClock update
INFO: Latency: 7,0000 s, Delta ratio: 1,0000, Drift: 1,000, Error reduction coefficient: 0,000, Error: 0,0000 s
abr 04, 2013 12:33:01 PM org.ros.time.RemoteUptimeClock update
INFO: Latency: 7,0000 s, Delta ratio: 1,0000, Drift: 1,000, Error reduction coefficient: 0,000, Error: 0,0000 s
abr 04, 2013 12:33:01 PM org.ros.time.RemoteUptimeClock update
INFO: Latency: 7,0000 s, Delta ratio: 1,0000, Drift: 1,000, Error reduction coefficient: 0,000, Error: 0,0000 s
abr 04, 2013 12:33:01 PM org.ros.time.RemoteUptimeClock update
INFO: Latency: 7,0000 s, Delta ratio: 1,0000, Drift: 1,000, Error reduction coefficient: 0,000, Error: 0,0000 s
abr 04, 2013 12:33:01 PM org.ros.time.RemoteUptimeClock update
INFO: Latency: 7,0000 s, Delta ratio: 1,0000, Drift: 1,000, Error reduction coefficient: 0,000, Error: 0,0000 s
abr 04, 2013 12:33:01 PM org.ros.time.RemoteUptimeClock update
INFO: Latency: 7,0000 s, Delta ratio: 1,0000, Drift: 1,000, Error reduction coefficient: 0,000, Error: 0,0000 s
abr 04, 2013 12:33:01 PM org.ros.time.RemoteUptimeClock update
INFO: Latency: 7,0000 s, Delta ratio: 1,0000, Drift: 1,000, Error reduction coefficient: 0,000, Error: 0,0000 s
abr 04, 2013 12:33:01 PM org.ros.time.RemoteUptimeClock update
INFO: Latency: 7,0000 s, Delta ratio: 1,0000, Drift: 1,000, Error reduction coefficient: 0,000, Error: 0,0000 s
abr 04, 2013 12:33:01 PM org.ros.time.RemoteUptimeClock update
INFO: Latency: 7,0000 s, Delta ratio: 1,0000, Drift: 1,000, Error reduction coefficient: 0,000, Error: 0,0000 s
abr 04, 2013 12:33:01 PM org.ros.time.RemoteUptimeClock update
INFO: Latency: 7,0000 s, Delta ratio: 1,0000, Drift: 1,000, Error reduction coefficient: 0,000, Error: 0,0000 s
abr 04, 2013 12:33:01 PM org.ros.time.RemoteUptimeClock update
INFO: Latency: 7,0000 s, Delta ratio: 1,0000, Drift: 1,000, Error reduction coefficient: 0,000, Error: 0,0000 s
abr 04, 2013 12:33:01 PM org.ros.time.RemoteUptimeClock update
INFO: Latency: 7,0000 s, Delta ratio: 1,0000, Drift: 1,000, Error reduction coefficient: 0,000, Error: 0,0000 s
abr 04, 2013 12:33:01 PM org.ros.time.RemoteUptimeClock update
INFO: Latency: 7,0000 s, Delta ratio: 1,0000, Drift: 1,000, Error reduction coefficient: 0,000, Error: 0,0000 s
abr 04, 2013 12:33:01 PM org.ros.time.RemoteUptimeClock update
INFO: Latency: 7,0000 s, Delta ratio: 1,0000, Drift: 1,000, Error reduction coefficient: 0,000, Error: 0,0000 s
abr 04, 2013 12:33:01 PM org.ros.time.RemoteUptimeClock update
INFO: Latency: 7,0000 s, Delta ratio: 1,0000, Drift: 1,000, Error reduction coefficient: 0,000, Error: 0,0000 s
abr 04, 2013 12:33:01 PM org.ros.time.RemoteUptimeClock update
INFO: Latency: 7,0000 s, Delta ratio: 1,0000, Drift: 1,000, Error reduction coefficient: 0,000, Error: 0,0000 s
abr 04, 2013 12:33:01 PM org.ros.time.RemoteUptimeClock update
INFO: Latency: 7,0000 s, Delta ratio: 1,0000, Drift: 1,000, Error reduction coefficient: 0,000, Error: 0,0000 s
abr 04, 2013 12:33:01 PM org.ros.time.RemoteUptimeClock update
INFO: Latency: 7,0000 s, Delta ratio: 1,0000, Drift: 1,000, Error reduction coefficient: 0,000, Error: 0,0000 s
abr 04, 2013 12:33:01 PM org.ros.time.RemoteUptimeClock update
INFO: Latency: 7,0000 s, Delta ratio: 1,0000, Drift: 1,000, Error reduction coefficient: 0,000, Error: 0,0000 s
abr 04, 2013 12:33:01 PM org.ros.time.RemoteUptimeClock update
INFO: Latency: 7,0000 s, Delta ratio: 1,0000, Drift: 1,000, Error reduction coefficient: 0,000, Error: 0,0000 s
abr 04, 2013 12:33:01 PM org.ros.time.RemoteUptimeClock update
INFO: Latency: 7,0000 s, Delta ratio: 1,0000, Drift: 1,000, Error reduction coefficient: 0,000, Error: 0,0000 s
abr 04, 2013 12:33:01 PM org.ros.time.RemoteUptimeClock update
INFO: Latency: 7,0000 s, Delta ratio: 1,0000, Drift: 1,000, Error reduction coefficient: 0,000, Error: 0,0000 s
abr 04, 2013 12:33:01 PM org.ros.time.RemoteUptimeClock update
INFO: Latency: 7,0000 s, Delta ratio: 1,0000, Drift: 1,000, Error reduction coefficient: 0,000, Error: 0,0000 s
abr 04, 2013 12:33:01 PM org.ros.time.RemoteUptimeClock update
INFO: Latency: 7,0000 s, Delta ratio: 1,0000, Drift: 1,000, Error reduction coefficient: 0,000, Error: 0,0000 s
abr 04, 2013 12:33:01 PM org.ros.time.RemoteUptimeClock update
INFO: Latency: 7,0000 s, Delta ratio: 1,0000, Drift: 1,000, Error reduction coefficient: 0,000, Error: 0,0000 s
abr 04, 2013 12:33:01 PM org.ros.time.RemoteUptimeClock update
INFO: Latency: 7,0000 s, Delta ratio: 1,0000, Drift: 1,000, Error reduction coefficient: 0,000, Error: 0,0000 s
abr 04, 2013 12:33:01 PM org.ros.time.RemoteUptimeClock update
INFO: Latency: 7,0000 s, Delta ratio: 1,0000, Drift: 1,000, Error reduction coefficient: 0,000, Error: 0,0000 s
abr 04, 2013 12:33:01 PM org.ros.time.RemoteUptimeClock update
INFO: Latency: 7,0000 s, Delta ratio: 1,0000, Drift: 1,000, Error reduction coefficient: 0,000, Error: 0,0000 s
abr 04, 2013 12:33:01 PM org.ros.time.RemoteUptimeClock update
INFO: Latency: 7,0000 s, Delta ratio: 1,0000, Drift: 1,000, Error reduction coefficient: 0,000, Error: 0,0000 s
abr 04, 2013 12:33:01 PM org.ros.time.RemoteUptimeClock update
INFO: Latency: 7,0000 s, Delta ratio: 1,0000, Drift: 1,000, Error reduction coefficient: 0,000, Error: 0,0000 s
abr 04, 2013 12:33:01 PM org.ros.time.RemoteUptimeClock update
INFO: Latency: 7,0000 s, Delta ratio: 1,0000, Drift: 1,000, Error reduction coefficient: 0,000, Error: 0,0000 s
abr 04, 2013 12:33:01 PM org.ros.time.RemoteUptimeClock update
INFO: Latency: 7,0000 s, Delta ratio: 1,0000, Drift: 1,000, Error reduction coefficient: 0,000, Error: 0,0000 s
abr 04, 2013 12:33:01 PM org.ros.time.RemoteUptimeClock update
INFO: Latency: 7,0000 s, Delta ratio: 1,0000, Drift: 1,000, Error reduction coefficient: 0,000, Error: 0,0000 s
abr 04, 2013 12:33:01 PM org.ros.time.RemoteUptimeClock update
INFO: Latency: 7,0000 s, Delta ratio: 1,0000, Drift: 1,000, Error reduction coefficient: 0,000, Error: 0,0000 s
abr 04, 2013 12:33:01 PM org.ros.time.RemoteUptimeClock update
INFO: Latency: 7,0000 s, Delta ratio: 1,0000, Drift: 1,000, Error reduction coefficient: 0,000, Error: 0,0000 s
abr 04, 2013 12:33:01 PM org.ros.time.RemoteUptimeClock update
INFO: Latency: 7,0000 s, Delta ratio: 1,0000, Drift: 1,000, Error reduction coefficient: 0,000, Error: 0,0000 s
abr 04, 2013 12:33:01 PM org.ros.time.RemoteUptimeClock update
INFO: Latency: 7,0000 s, Delta ratio: 1,0000, Drift: 1,000, Error reduction coefficient: 0,000, Error: 0,0000 s
abr 04, 2013 12:33:01 PM org.ros.time.RemoteUptimeClock update
INFO: Latency: 7,0000 s, Delta ratio: 1,0000, Drift: 1,000, Error reduction coefficient: 0,000, Error: 0,0000 s
abr 04, 2013 12:33:01 PM org.ros.time.RemoteUptimeClock update
INFO: Latency: 7,0000 s, Delta ratio: 1,0000, Drift: 1,000, Error reduction coefficient: 0,000, Error: 0,0000 s
abr 04, 2013 12:33:01 PM org.ros.time.RemoteUptimeClock update
INFO: Latency: 7,0000 s, Delta ratio: 1,0000, Drift: 1,000, Error reduction coefficient: 0,000, Error: 0,0000 s
abr 04, 2013 12:33:01 PM org.ros.time.RemoteUptimeClock update
INFO: Latency: 7,0000 s, Delta ratio: 1,0000, Drift: 1,000, Error reduction coefficient: 0,000, Error: 0,0000 s
abr 04, 2013 12:33:01 PM org.ros.time.RemoteUptimeClock update
INFO: Latency: 7,0000 s, Delta ratio: 1,0000, Drift: 1,000, Error reduction coefficient: 0,000, Error: 0,0000 s
abr 04, 2013 12:33:01 PM org.ros.time.RemoteUptimeClock update
INFO: Latency: 7,0000 s, Delta ratio: 1,0000, Drift: 1,000, Error reduction coefficient: 0,000, Error: 0,0000 s
abr 04, 2013 12:33:01 PM org.ros.time.RemoteUptimeClock update
INFO: Latency: 7,0000 s, Delta ratio: 1,0000, Drift: 1,000, Error reduction coefficient: 0,000, Error: 0,0000 s
abr 04, 2013 12:33:01 PM org.ros.time.RemoteUptimeClock update
INFO: Latency: 7,0000 s, Delta ratio: 1,0000, Drift: 1,000, Error reduction coefficient: 0,000, Error: 0,0000 s
abr 04, 2013 12:33:01 PM org.ros.time.RemoteUptimeClock update
INFO: Latency: 7,0000 s, Delta ratio: 1,0000, Drift: 1,000, Error reduction coefficient: 0,000, Error: 0,0000 s
abr 04, 2013 12:33:01 PM org.ros.time.RemoteUptimeClock update
INFO: Latency: 7,0000 s, Delta ratio: 1,0000, Drift: 1,000, Error reduction coefficient: 0,000, Error: 0,0000 s
abr 04, 2013 12:33:01 PM org.ros.time.RemoteUptimeClock update
INFO: Latency: 7,0000 s, Delta ratio: 1,0000, Drift: 1,000, Error reduction coefficient: 0,000, Error: 0,0000 s
abr 04, 2013 12:33:01 PM org.ros.time.RemoteUptimeClock update
INFO: Latency: 7,0000 s, Delta ratio: 1,0000, Drift: 1,000, Error reduction coefficient: 0,000, Error: 0,0000 s
abr 04, 2013 12:33:01 PM org.ros.time.RemoteUptimeClock update
INFO: Latency: 7,0000 s, Delta ratio: 1,0000, Drift: 1,000, Error reduction coefficient: 0,000, Error: 0,0000 s
abr 04, 2013 12:33:01 PM org.ros.time.RemoteUptimeClock update
INFO: Latency: 7,0000 s, Delta ratio: 1,0000, Drift: 1,000, Error reduction coefficient: 0,000, Error: 0,0000 s
abr 04, 2013 12:33:01 PM org.ros.time.RemoteUptimeClock update
INFO: Latency: 7,0000 s, Delta ratio: 1,0000, Drift: 1,000, Error reduction coefficient: 0,000, Error: 0,0000 s
abr 04, 2013 12:33:01 PM org.ros.time.RemoteUptimeClock update
INFO: Latency: 7,0000 s, Delta ratio: 1,0000, Drift: 1,000, Error reduction coefficient: 0,000, Error: 0,0000 s
abr 04, 2013 12:33:01 PM org.ros.time.RemoteUptimeClock update
INFO: Latency: 7,0000 s, Delta ratio: 1,0000, Drift: 1,000, Error reduction coefficient: 0,000, Error: 0,0000 s
abr 04, 2013 12:33:01 PM org.ros.time.RemoteUptimeClock update
INFO: Latency: 7,0000 s, Delta ratio: 1,0000, Drift: 1,000, Error reduction coefficient: 0,000, Error: 0,0000 s
abr 04, 2013 12:33:01 PM org.ros.time.RemoteUptimeClock update
INFO: Latency: 7,0000 s, Delta ratio: 1,0000, Drift: 1,000, Error reduction coefficient: 0,000, Error: 0,0000 s
abr 04, 2013 12:33:01 PM org.ros.time.RemoteUptimeClock update
INFO: Latency: 7,0000 s, Delta ratio: 1,0000, Drift: 1,000, Error reduction coefficient: 0,000, Error: 0,0000 s
abr 04, 2013 12:33:01 PM org.ros.time.RemoteUptimeClock update
INFO: Latency: 7,0000 s, Delta ratio: 1,0000, Drift: 1,000, Error reduction coefficient: 0,000, Error: 0,0000 s
abr 04, 2013 12:33:01 PM org.ros.time.RemoteUptimeClock update
INFO: Latency: 7,0000 s, Delta ratio: 1,0000, Drift: 1,000, Error reduction coefficient: 0,000, Error: 0,0000 s
abr 04, 2013 12:33:01 PM org.ros.time.RemoteUptimeClock update
INFO: Latency: 7,0000 s, Delta ratio: 1,0000, Drift: 1,000, Error reduction coefficient: 0,000, Error: 0,0000 s
abr 04, 2013 12:33:01 PM org.ros.time.RemoteUptimeClock update
INFO: Latency: 7,0000 s, Delta ratio: 1,0000, Drift: 1,000, Error reduction coefficient: 0,000, Error: 0,0000 s
abr 04, 2013 12:33:01 PM org.ros.time.RemoteUptimeClock update
INFO: Latency: 7,0000 s, Delta ratio: 1,0000, Drift: 1,000, Error reduction coefficient: 0,000, Error: 0,0000 s
abr 04, 2013 12:33:01 PM org.ros.time.RemoteUptimeClock update
INFO: Latency: 7,0000 s, Delta ratio: 1,0000, Drift: 1,000, Error reduction coefficient: 0,000, Error: 0,0000 s
abr 04, 2013 12:33:01 PM org.ros.time.RemoteUptimeClock update
INFO: Latency: 7,0000 s, Delta ratio: 1,0000, Drift: 1,000, Error reduction coefficient: 0,000, Error: 0,0000 s
abr 04, 2013 12:33:01 PM org.ros.time.RemoteUptimeClock update
INFO: Latency: 7,0000 s, Delta ratio: 1,0000, Drift: 1,000, Error reduction coefficient: 0,000, Error: 0,0000 s
abr 04, 2013 12:33:01 PM org.ros.time.RemoteUptimeClock update
INFO: Latency: 7,0000 s, Delta ratio: 1,0000, Drift: 1,000, Error reduction coefficient: 0,000, Error: 0,0000 s
abr 04, 2013 12:33:01 PM org.ros.time.RemoteUptimeClock update
INFO: Latency: 7,0000 s, Delta ratio: 1,0000, Drift: 1,000, Error reduction coefficient: 0,000, Error: 0,0000 s
abr 04, 2013 12:33:01 PM org.ros.time.RemoteUptimeClock update
INFO: Latency: 7,0000 s, Delta ratio: 1,0000, Drift: 1,000, Error reduction coefficient: 0,000, Error: 0,0000 s
abr 04, 2013 12:33:01 PM org.ros.time.RemoteUptimeClock update
INFO: Latency: 7,0000 s, Delta ratio: 1,0000, Drift: 1,000, Error reduction coefficient: 0,000, Error: 0,0000 s
abr 04, 2013 12:33:01 PM org.ros.time.RemoteUptimeClock update
INFO: Latency: 7,0000 s, Delta ratio: 1,0000, Drift: 1,000, Error reduction coefficient: 0,000, Error: 0,0000 s
abr 04, 2013 12:33:01 PM org.ros.time.RemoteUptimeClock update
INFO: Latency: 7,0000 s, Delta ratio: 1,0000, Drift: 1,000, Error reduction coefficient: 0,000, Error: 0,0000 s
abr 04, 2013 12:33:01 PM org.ros.time.RemoteUptimeClock update
INFO: Latency: 7,0000 s, Delta ratio: 1,0000, Drift: 1,000, Error reduction coefficient: 0,000, Error: 0,0000 s
abr 04, 2013 12:33:01 PM org.ros.time.RemoteUptimeClock update
INFO: Latency: 7,0000 s, Delta ratio: 1,0000, Drift: 1,000, Error reduction coefficient: 0,000, Error: 0,0000 s
abr 04, 2013 12:33:01 PM org.ros.time.RemoteUptimeClock update
INFO: Latency: 7,0000 s, Delta ratio: 1,0000, Drift: 1,000, Error reduction coefficient: 0,000, Error: 0,0000 s
abr 04, 2013 12:33:01 PM org.ros.time.RemoteUptimeClock update
INFO: Latency: 7,0000 s, Delta ratio: 1,0000, Drift: 1,000, Error reduction coefficient: 0,000, Error: 0,0000 s
abr 04, 2013 12:33:01 PM org.ros.time.RemoteUptimeClock update
INFO: Latency: 7,0000 s, Delta ratio: 1,0000, Drift: 1,000, Error reduction coefficient: 0,000, Error: 0,0000 s
abr 04, 2013 12:33:01 PM org.ros.time.RemoteUptimeClock update
INFO: Latency: 7,0000 s, Delta ratio: 1,0000, Drift: 1,000, Error reduction coefficient: 0,000, Error: 0,0000 s
abr 04, 2013 12:33:01 PM org.ros.time.RemoteUptimeClock update
INFO: Latency: 7,0000 s, Delta ratio: 1,0000, Drift: 1,000, Error reduction coefficient: 0,000, Error: 0,0000 s
abr 04, 2013 12:33:01 PM org.ros.time.RemoteUptimeClock update
INFO: Latency: 7,0000 s, Delta ratio: 1,0000, Drift: 1,000, Error reduction coefficient: 0,000, Error: 0,0000 s
abr 04, 2013 12:33:01 PM org.ros.time.RemoteUptimeClock update
INFO: Latency: 7,0000 s, Delta ratio: 1,0000, Drift: 1,000, Error reduction coefficient: 0,000, Error: 0,0000 s
abr 04, 2013 12:33:01 PM org.ros.time.RemoteUptimeClock update
INFO: Latency: 7,0000 s, Delta ratio: 1,0000, Drift: 1,000, Error reduction coefficient: 0,000, Error: 0,0000 s
abr 04, 2013 12:33:01 PM org.ros.time.RemoteUptimeClock update
INFO: Latency: 7,0000 s, Delta ratio: 1,0000, Drift: 1,000, Error reduction coefficient: 0,000, Error: 0,0000 s
abr 04, 2013 12:33:01 PM org.ros.time.RemoteUptimeClock update
INFO: Latency: 7,0000 s, Delta ratio: 1,0000, Drift: 1,000, Error reduction coefficient: 0,000, Error: 0,0000 s
abr 04, 2013 12:33:01 PM org.ros.time.RemoteUptimeClock update
INFO: Latency: 7,0000 s, Delta ratio: 1,0000, Drift: 1,000, Error reduction coefficient: 0,000, Error: 0,0000 s
abr 04, 2013 12:33:01 PM org.ros.time.RemoteUptimeClock update
INFO: Latency: 7,0000 s, Delta ratio: 1,0000, Drift: 1,000, Error reduction coefficient: 0,000, Error: 0,0000 s
abr 04, 2013 12:33:01 PM org.ros.time.RemoteUptimeClock update
INFO: Latency: 7,0000 s, Delta ratio: 1,0000, Drift: 1,000, Error reduction coefficient: 0,000, Error: 0,0000 s
abr 04, 2013 12:33:01 PM org.ros.time.RemoteUptimeClock update
INFO: Latency: 7,0000 s, Delta ratio: 1,0000, Drift: 1,000, Error reduction coefficient: 0,000, Error: 0,0000 s
abr 04, 2013 12:33:01 PM org.ros.time.RemoteUptimeClock update
INFO: Latency: 7,0000 s, Delta ratio: 1,0000, Drift: 1,000, Error reduction coefficient: 0,000, Error: 0,0000 s
abr 04, 2013 12:33:01 PM org.ros.time.RemoteUptimeClock update
INFO: Latency: 7,0000 s, Delta ratio: 1,0000, Drift: 1,000, Error reduction coefficient: 0,000, Error: 0,0000 s
abr 04, 2013 12:33:01 PM org.ros.time.RemoteUptimeClock update
INFO: Latency: 7,0000 s, Delta ratio: 1,0000, Drift: 1,000, Error reduction coefficient: 0,000, Error: 0,0000 s
abr 04, 2013 12:33:01 PM org.ros.time.RemoteUptimeClock update
INFO: Latency: 7,0000 s, Delta ratio: 1,0000, Drift: 1,000, Error reduction coefficient: 0,000, Error: 0,0000 s
abr 04, 2013 12:33:01 PM org.ros.time.RemoteUptimeClock update
INFO: Latency: 7,0000 s, Delta ratio: 1,0000, Drift: 1,000, Error reduction coefficient: 0,000, Error: 0,0000 s
abr 04, 2013 12:33:01 PM org.ros.time.RemoteUptimeClock update
INFO: Latency: 7,0000 s, Delta ratio: 1,0000, Drift: 1,000, Error reduction coefficient: 0,000, Error: 0,0000 s
abr 04, 2013 12:33:01 PM org.ros.time.RemoteUptimeClock update
INFO: Latency: 7,0000 s, Delta ratio: 1,0000, Drift: 1,000, Error reduction coefficient: 0,000, Error: 0,0000 s
abr 04, 2013 12:33:01 PM org.ros.time.RemoteUptimeClock update
INFO: Latency: 7,0000 s, Delta ratio: 1,0000, Drift: 1,000, Error reduction coefficient: 0,000, Error: 0,0000 s
abr 04, 2013 12:33:01 PM org.ros.time.RemoteUptimeClock update
INFO: Latency: 7,0000 s, Delta ratio: 1,0000, Drift: 1,000, Error reduction coefficient: 0,000, Error: 0,0000 s
abr 04, 2013 12:33:01 PM org.ros.time.RemoteUptimeClock update
INFO: Latency: 7,0000 s, Delta ratio: 1,0000, Drift: 1,000, Error reduction coefficient: 0,000, Error: 0,0000 s
abr 04, 2013 12:33:01 PM org.ros.time.RemoteUptimeClock update
INFO: Latency: 7,0000 s, Delta ratio: 1,0000, Drift: 1,000, Error reduction coefficient: 0,000, Error: 0,0000 s
abr 04, 2013 12:33:01 PM org.ros.time.RemoteUptimeClock update
INFO: Latency: 7,0000 s, Delta ratio: 1,0000, Drift: 1,000, Error reduction coefficient: 0,000, Error: 0,0000 s
abr 04, 2013 12:33:01 PM org.ros.time.RemoteUptimeClock update
INFO: Latency: 7,0000 s, Delta ratio: 1,0000, Drift: 1,000, Error reduction coefficient: 0,000, Error: 0,0000 s
abr 04, 2013 12:33:01 PM org.ros.time.RemoteUptimeClock update
INFO: Latency: 7,0000 s, Delta ratio: 1,0000, Drift: 1,000, Error reduction coefficient: 0,000, Error: 0,0000 s
abr 04, 2013 12:33:01 PM org.ros.time.RemoteUptimeClock update
INFO: Latency: 7,0000 s, Delta ratio: 1,0000, Drift: 1,000, Error reduction coefficient: 0,000, Error: 0,0000 s
abr 04, 2013 12:33:01 PM org.ros.time.RemoteUptimeClock update
INFO: Latency: 7,0000 s, Delta ratio: 1,0000, Drift: 1,000, Error reduction coefficient: 0,000, Error: 0,0000 s
abr 04, 2013 12:33:01 PM org.ros.time.RemoteUptimeClock update
INFO: Latency: 7,0000 s, Delta ratio: 1,0000, Drift: 1,000, Error reduction coefficient: 0,000, Error: 0,0000 s
abr 04, 2013 12:33:01 PM org.ros.time.RemoteUptimeClock update
INFO: Latency: 7,0000 s, Delta ratio: 1,0000, Drift: 1,000, Error reduction coefficient: 0,000, Error: 0,0000 s
abr 04, 2013 12:33:01 PM org.ros.time.RemoteUptimeClock update
INFO: Latency: 7,0000 s, Delta ratio: 1,0000, Drift: 1,000, Error reduction coefficient: 0,000, Error: 0,0000 s
abr 04, 2013 12:33:01 PM org.ros.time.RemoteUptimeClock update
INFO: Latency: 7,0000 s, Delta ratio: 1,0000, Drift: 1,000, Error reduction coefficient: 0,000, Error: 0,0000 s
abr 04, 2013 12:33:01 PM org.ros.time.RemoteUptimeClock update
INFO: Latency: 7,0000 s, Delta ratio: 1,0000, Drift: 1,000, Error reduction coefficient: 0,000, Error: 0,0000 s
abr 04, 2013 12:33:01 PM org.ros.time.RemoteUptimeClock update
INFO: Latency: 7,0000 s, Delta ratio: 1,0000, Drift: 1,000, Error reduction coefficient: 0,000, Error: 0,0000 s
abr 04, 2013 12:33:01 PM org.ros.time.RemoteUptimeClock update
INFO: Latency: 7,0000 s, Delta ratio: 1,0000, Drift: 1,000, Error reduction coefficient: 0,000, Error: 0,0000 s
abr 04, 2013 12:33:01 PM org.ros.time.RemoteUptimeClock update
INFO: Latency: 7,0000 s, Delta ratio: 1,0000, Drift: 1,000, Error reduction coefficient: 0,000, Error: 0,0000 s
abr 04, 2013 12:33:01 PM org.ros.time.RemoteUptimeClock update
INFO: Latency: 7,0000 s, Delta ratio: 1,0000, Drift: 1,000, Error reduction coefficient: 0,000, Error: 0,0000 s
abr 04, 2013 12:33:01 PM org.ros.time.RemoteUptimeClock update
INFO: Latency: 7,0000 s, Delta ratio: 1,0000, Drift: 1,000, Error reduction coefficient: 0,000, Error: 0,0000 s
abr 04, 2013 12:33:01 PM org.ros.time.RemoteUptimeClock update
INFO: Latency: 7,0000 s, Delta ratio: 1,0000, Drift: 1,000, Error reduction coefficient: 0,000, Error: 0,0000 s
abr 04, 2013 12:33:01 PM org.ros.time.RemoteUptimeClock update
INFO: Latency: 7,0000 s, Delta ratio: 1,0000, Drift: 1,000, Error reduction coefficient: 0,000, Error: 0,0000 s
abr 04, 2013 12:33:01 PM org.ros.time.RemoteUptimeClock update
INFO: Latency: 7,0000 s, Delta ratio: 1,0000, Drift: 1,000, Error reduction coefficient: 0,000, Error: 0,0000 s
abr 04, 2013 12:33:01 PM org.ros.time.RemoteUptimeClock update
INFO: Latency: 7,0000 s, Delta ratio: 1,0000, Drift: 1,000, Error reduction coefficient: 0,000, Error: 0,0000 s
abr 04, 2013 12:33:01 PM org.ros.time.RemoteUptimeClock update
INFO: Latency: 7,0000 s, Delta ratio: 1,0000, Drift: 1,000, Error reduction coefficient: 0,000, Error: 0,0000 s
abr 04, 2013 12:33:01 PM org.ros.time.RemoteUptimeClock update
INFO: Latency: 7,0000 s, Delta ratio: 1,0000, Drift: 1,000, Error reduction coefficient: 0,000, Error: 0,0000 s
abr 04, 2013 12:33:02 PM org.ros.time.RemoteUptimeClock update
INFO: Latency: 7,0000 s, Delta ratio: 1,0000, Drift: 1,000, Error reduction coefficient: 0,000, Error: 0,0000 s
abr 04, 2013 12:33:02 PM org.ros.time.RemoteUptimeClock update
INFO: Latency: 7,0000 s, Delta ratio: 1,0000, Drift: 1,000, Error reduction coefficient: 0,000, Error: 0,0000 s
abr 04, 2013 12:33:02 PM org.ros.time.RemoteUptimeClock update
INFO: Latency: 7,0000 s, Delta ratio: 1,0000, Drift: 1,000, Error reduction coefficient: 0,000, Error: 0,0000 s
abr 04, 2013 12:33:02 PM org.ros.time.RemoteUptimeClock update
INFO: Latency: 7,0000 s, Delta ratio: 1,0000, Drift: 1,000, Error reduction coefficient: 0,000, Error: 0,0000 s
abr 04, 2013 12:33:02 PM org.ros.time.RemoteUptimeClock update
INFO: Latency: 7,0000 s, Delta ratio: 1,0000, Drift: 1,000, Error reduction coefficient: 0,000, Error: 0,0000 s
abr 04, 2013 12:33:02 PM org.ros.time.RemoteUptimeClock update
INFO: Latency: 7,0000 s, Delta ratio: 1,0000, Drift: 1,000, Error reduction coefficient: 0,000, Error: 0,0000 s
abr 04, 2013 12:33:02 PM org.ros.time.RemoteUptimeClock update
INFO: Latency: 7,0000 s, Delta ratio: 1,0000, Drift: 1,000, Error reduction coefficient: 0,000, Error: 0,0000 s
abr 04, 2013 12:33:02 PM org.ros.time.RemoteUptimeClock update
INFO: Latency: 7,0000 s, Delta ratio: 1,0000, Drift: 1,000, Error reduction coefficient: 0,000, Error: 0,0000 s
abr 04, 2013 12:33:02 PM org.ros.time.RemoteUptimeClock update
INFO: Latency: 7,0000 s, Delta ratio: 1,0000, Drift: 1,000, Error reduction coefficient: 0,000, Error: 0,0000 s
abr 04, 2013 12:33:02 PM org.ros.time.RemoteUptimeClock update
INFO: Latency: 7,0000 s, Delta ratio: 1,0000, Drift: 1,000, Error reduction coefficient: 0,000, Error: 0,0000 s
abr 04, 2013 12:33:02 PM org.ros.time.RemoteUptimeClock update
INFO: Latency: 7,0000 s, Delta ratio: 1,0000, Drift: 1,000, Error reduction coefficient: 0,000, Error: 0,0000 s
abr 04, 2013 12:33:02 PM org.ros.time.RemoteUptimeClock update
INFO: Latency: 7,0000 s, Delta ratio: 1,0000, Drift: 1,000, Error reduction coefficient: 0,000, Error: 0,0000 s
abr 04, 2013 12:33:02 PM org.ros.time.RemoteUptimeClock update
INFO: Latency: 7,0000 s, Delta ratio: 1,0000, Drift: 1,000, Error reduction coefficient: 0,000, Error: 0,0000 s
abr 04, 2013 12:33:02 PM org.ros.time.RemoteUptimeClock update
INFO: Latency: 7,0000 s, Delta ratio: 1,0000, Drift: 1,000, Error reduction coefficient: 0,000, Error: 0,0000 s
abr 04, 2013 12:33:02 PM org.ros.time.RemoteUptimeClock update
INFO: Latency: 7,0000 s, Delta ratio: 1,0000, Drift: 1,000, Error reduction coefficient: 0,000, Error: 0,0000 s
abr 04, 2013 12:33:02 PM org.ros.time.RemoteUptimeClock update
INFO: Latency: 7,0000 s, Delta ratio: 1,0000, Drift: 1,000, Error reduction coefficient: 0,000, Error: 0,0000 s
abr 04, 2013 12:33:02 PM org.ros.time.RemoteUptimeClock update
INFO: Latency: 7,0000 s, Delta ratio: 1,0000, Drift: 1,000, Error reduction coefficient: 0,000, Error: 0,0000 s
abr 04, 2013 12:33:02 PM org.ros.time.RemoteUptimeClock update
INFO: Latency: 7,0000 s, Delta ratio: 1,0000, Drift: 1,000, Error reduction coefficient: 0,000, Error: 0,0000 s
abr 04, 2013 12:33:02 PM org.ros.time.RemoteUptimeClock update
INFO: Latency: 7,0000 s, Delta ratio: 1,0000, Drift: 1,000, Error reduction coefficient: 0,000, Error: 0,0000 s
abr 04, 2013 12:33:02 PM org.ros.time.RemoteUptimeClock update
INFO: Latency: 7,0000 s, Delta ratio: 1,0000, Drift: 1,000, Error reduction coefficient: 0,000, Error: 0,0000 s
abr 04, 2013 12:33:02 PM org.ros.time.RemoteUptimeClock update
INFO: Latency: 7,0000 s, Delta ratio: 1,0000, Drift: 1,000, Error reduction coefficient: 0,000, Error: 0,0000 s
abr 04, 2013 12:33:02 PM org.ros.time.RemoteUptimeClock update
INFO: Latency: 7,0000 s, Delta ratio: 1,0000, Drift: 1,000, Error reduction coefficient: 0,000, Error: 0,0000 s
abr 04, 2013 12:33:02 PM org.ros.time.RemoteUptimeClock update
INFO: Latency: 7,0000 s, Delta ratio: 1,0000, Drift: 1,000, Error reduction coefficient: 0,000, Error: 0,0000 s
abr 04, 2013 12:33:02 PM org.ros.time.RemoteUptimeClock update
INFO: Latency: 7,0000 s, Delta ratio: 1,0000, Drift: 1,000, Error reduction coefficient: 0,000, Error: 0,0000 s
abr 04, 2013 12:33:02 PM org.ros.time.RemoteUptimeClock update
INFO: Latency: 7,0000 s, Delta ratio: 1,0000, Drift: 1,000, Error reduction coefficient: 0,000, Error: 0,0000 s
abr 04, 2013 12:33:02 PM org.ros.time.RemoteUptimeClock update
INFO: Latency: 7,0000 s, Delta ratio: 1,0000, Drift: 1,000, Error reduction coefficient: 0,000, Error: 0,0000 s
abr 04, 2013 12:33:02 PM org.ros.time.RemoteUptimeClock update
INFO: Latency: 7,0000 s, Delta ratio: 1,0000, Drift: 1,000, Error reduction coefficient: 0,000, Error: 0,0000 s
abr 04, 2013 12:33:02 PM org.ros.time.RemoteUptimeClock update
INFO: Latency: 7,0000 s, Delta ratio: 1,0000, Drift: 1,000, Error reduction coefficient: 0,000, Error: 0,0000 s
abr 04, 2013 12:33:02 PM org.ros.time.RemoteUptimeClock update
INFO: Latency: 7,0000 s, Delta ratio: 1,0000, Drift: 1,000, Error reduction coefficient: 0,000, Error: 0,0000 s
abr 04, 2013 12:33:02 PM org.ros.time.RemoteUptimeClock update
INFO: Latency: 7,0000 s, Delta ratio: 1,0000, Drift: 1,000, Error reduction coefficient: 0,000, Error: 0,0000 s
abr 04, 2013 12:33:02 PM org.ros.time.RemoteUptimeClock update
INFO: Latency: 7,0000 s, Delta ratio: 1,0000, Drift: 1,000, Error reduction coefficient: 0,000, Error: 0,0000 s
abr 04, 2013 12:33:02 PM org.ros.time.RemoteUptimeClock update
INFO: Latency: 7,0000 s, Delta ratio: 1,0000, Drift: 1,000, Error reduction coefficient: 0,000, Error: 0,0000 s
abr 04, 2013 12:33:02 PM org.ros.time.RemoteUptimeClock update
INFO: Latency: 7,0000 s, Delta ratio: 1,0000, Drift: 1,000, Error reduction coefficient: 0,000, Error: 0,0000 s
abr 04, 2013 12:33:02 PM org.ros.time.RemoteUptimeClock update
INFO: Latency: 7,0000 s, Delta ratio: 1,0000, Drift: 1,000, Error reduction coefficient: 0,000, Error: 0,0000 s
abr 04, 2013 12:33:02 PM org.ros.time.RemoteUptimeClock update
INFO: Latency: 7,0000 s, Delta ratio: 1,0000, Drift: 1,000, Error reduction coefficient: 0,000, Error: 0,0000 s
abr 04, 2013 12:33:02 PM org.ros.time.RemoteUptimeClock update
INFO: Latency: 7,0000 s, Delta ratio: 1,0000, Drift: 1,000, Error reduction coefficient: 0,000, Error: 0,0000 s
abr 04, 2013 12:33:02 PM org.ros.time.RemoteUptimeClock update
INFO: Latency: 7,0000 s, Delta ratio: 1,0000, Drift: 1,000, Error reduction coefficient: 0,000, Error: 0,0000 s
abr 04, 2013 12:33:02 PM org.ros.time.RemoteUptimeClock update
INFO: Latency: 7,0000 s, Delta ratio: 1,0000, Drift: 1,000, Error reduction coefficient: 0,000, Error: 0,0000 s
abr 04, 2013 12:33:02 PM org.ros.time.RemoteUptimeClock update
INFO: Latency: 7,0000 s, Delta ratio: 1,0000, Drift: 1,000, Error reduction coefficient: 0,000, Error: 0,0000 s
abr 04, 2013 12:33:02 PM org.ros.time.RemoteUptimeClock update
INFO: Latency: 7,0000 s, Delta ratio: 1,0000, Drift: 1,000, Error reduction coefficient: 0,000, Error: 0,0000 s
abr 04, 2013 12:33:02 PM org.ros.time.RemoteUptimeClock update
INFO: Latency: 7,0000 s, Delta ratio: 1,0000, Drift: 1,000, Error reduction coefficient: 0,000, Error: 0,0000 s
abr 04, 2013 12:33:02 PM org.ros.time.RemoteUptimeClock update
INFO: Latency: 7,0000 s, Delta ratio: 1,0000, Drift: 1,000, Error reduction coefficient: 0,000, Error: 0,0000 s
abr 04, 2013 12:33:02 PM org.ros.time.RemoteUptimeClock update
INFO: Latency: 7,0000 s, Delta ratio: 1,0000, Drift: 1,000, Error reduction coefficient: 0,000, Error: 0,0000 s
abr 04, 2013 12:33:02 PM org.ros.time.RemoteUptimeClock update
INFO: Latency: 7,0000 s, Delta ratio: 1,0000, Drift: 1,000, Error reduction coefficient: 0,000, Error: 0,0000 s
abr 04, 2013 12:33:02 PM org.ros.time.RemoteUptimeClock update
INFO: Latency: 7,0000 s, Delta ratio: 1,0000, Drift: 1,000, Error reduction coefficient: 0,000, Error: 0,0000 s
abr 04, 2013 12:33:02 PM org.ros.time.RemoteUptimeClock update
INFO: Latency: 7,0000 s, Delta ratio: 1,0000, Drift: 1,000, Error reduction coefficient: 0,000, Error: 0,0000 s
abr 04, 2013 12:33:02 PM org.ros.time.RemoteUptimeClock update
INFO: Latency: 7,0000 s, Delta ratio: 1,0000, Drift: 1,000, Error reduction coefficient: 0,000, Error: 0,0000 s
abr 04, 2013 12:33:02 PM org.ros.time.RemoteUptimeClock update
INFO: Latency: 7,0000 s, Delta ratio: 1,0000, Drift: 1,000, Error reduction coefficient: 0,000, Error: 0,0000 s
abr 04, 2013 12:33:02 PM org.ros.time.RemoteUptimeClock update
INFO: Latency: 7,0000 s, Delta ratio: 1,0000, Drift: 1,000, Error reduction coefficient: 0,000, Error: 0,0000 s
abr 04, 2013 12:33:02 PM org.ros.time.RemoteUptimeClock update
INFO: Latency: 7,0000 s, Delta ratio: 1,0000, Drift: 1,000, Error reduction coefficient: 0,000, Error: 0,0000 s
abr 04, 2013 12:33:02 PM org.ros.time.RemoteUptimeClock update
INFO: Latency: 7,0000 s, Delta ratio: 1,0000, Drift: 1,000, Error reduction coefficient: 0,000, Error: 0,0000 s
abr 04, 2013 12:33:02 PM org.ros.time.RemoteUptimeClock update
INFO: Latency: 7,0000 s, Delta ratio: 1,0000, Drift: 1,000, Error reduction coefficient: 0,000, Error: 0,0000 s
abr 04, 2013 12:33:02 PM org.ros.time.RemoteUptimeClock update
INFO: Latency: 7,0000 s, Delta ratio: 1,0000, Drift: 1,000, Error reduction coefficient: 0,000, Error: 0,0000 s
abr 04, 2013 12:33:02 PM org.ros.time.RemoteUptimeClock update
INFO: Latency: 7,0000 s, Delta ratio: 1,0000, Drift: 1,000, Error reduction coefficient: 0,000, Error: 0,0000 s
abr 04, 2013 12:33:02 PM org.ros.time.RemoteUptimeClock update
INFO: Latency: 7,0000 s, Delta ratio: 1,0000, Drift: 1,000, Error reduction coefficient: 0,000, Error: 0,0000 s
abr 04, 2013 12:33:02 PM org.ros.time.RemoteUptimeClock update
INFO: Latency: 7,0000 s, Delta ratio: 1,0000, Drift: 1,000, Error reduction coefficient: 0,000, Error: 0,0000 s
abr 04, 2013 12:33:02 PM org.ros.time.RemoteUptimeClock update
INFO: Latency: 7,0000 s, Delta ratio: 1,0000, Drift: 1,000, Error reduction coefficient: 0,000, Error: 0,0000 s
abr 04, 2013 12:33:02 PM org.ros.time.RemoteUptimeClock update
INFO: Latency: 7,0000 s, Delta ratio: 1,0000, Drift: 1,000, Error reduction coefficient: 0,000, Error: 0,0000 s
abr 04, 2013 12:33:02 PM org.ros.time.RemoteUptimeClock update
INFO: Latency: 7,0000 s, Delta ratio: 1,0000, Drift: 1,000, Error reduction coefficient: 0,000, Error: 0,0000 s
abr 04, 2013 12:33:02 PM org.ros.time.RemoteUptimeClock update
INFO: Latency: 7,0000 s, Delta ratio: 1,0000, Drift: 1,000, Error reduction coefficient: 0,000, Error: 0,0000 s
abr 04, 2013 12:33:02 PM org.ros.time.RemoteUptimeClock update
INFO: Latency: 7,0000 s, Delta ratio: 1,0000, Drift: 1,000, Error reduction coefficient: 0,000, Error: 0,0000 s
abr 04, 2013 12:33:02 PM org.ros.time.RemoteUptimeClock update
INFO: Latency: 7,0000 s, Delta ratio: 1,0000, Drift: 1,000, Error reduction coefficient: 0,000, Error: 0,0000 s
abr 04, 2013 12:33:02 PM org.ros.time.RemoteUptimeClock update
INFO: Latency: 7,0000 s, Delta ratio: 1,0000, Drift: 1,000, Error reduction coefficient: 0,000, Error: 0,0000 s
abr 04, 2013 12:33:02 PM org.ros.time.RemoteUptimeClock update
INFO: Latency: 7,0000 s, Delta ratio: 1,0000, Drift: 1,000, Error reduction coefficient: 0,000, Error: 0,0000 s
abr 04, 2013 12:33:02 PM org.ros.time.RemoteUptimeClock update
INFO: Latency: 7,0000 s, Delta ratio: 1,0000, Drift: 1,000, Error reduction coefficient: 0,000, Error: 0,0000 s
abr 04, 2013 12:33:02 PM org.ros.time.RemoteUptimeClock update
INFO: Latency: 7,0000 s, Delta ratio: 1,0000, Drift: 1,000, Error reduction coefficient: 0,000, Error: 0,0000 s
abr 04, 2013 12:33:02 PM org.ros.time.RemoteUptimeClock update
INFO: Latency: 7,0000 s, Delta ratio: 1,0000, Drift: 1,000, Error reduction coefficient: 0,000, Error: 0,0000 s
abr 04, 2013 12:33:02 PM org.ros.time.RemoteUptimeClock update
INFO: Latency: 7,0000 s, Delta ratio: 1,0000, Drift: 1,000, Error reduction coefficient: 0,000, Error: 0,0000 s
abr 04, 2013 12:33:02 PM org.ros.time.RemoteUptimeClock update
INFO: Latency: 7,0000 s, Delta ratio: 1,0000, Drift: 1,000, Error reduction coefficient: 0,000, Error: 0,0000 s
abr 04, 2013 12:33:02 PM org.ros.time.RemoteUptimeClock update
INFO: Latency: 7,0000 s, Delta ratio: 1,0000, Drift: 1,000, Error reduction coefficient: 0,000, Error: 0,0000 s
abr 04, 2013 12:33:02 PM org.ros.time.RemoteUptimeClock update
INFO: Latency: 7,0000 s, Delta ratio: 1,0000, Drift: 1,000, Error reduction coefficient: 0,000, Error: 0,0000 s
abr 04, 2013 12:33:02 PM org.ros.time.RemoteUptimeClock update
INFO: Latency: 7,0000 s, Delta ratio: 1,0000, Drift: 1,000, Error reduction coefficient: 0,000, Error: 0,0000 s
abr 04, 2013 12:33:02 PM org.ros.time.RemoteUptimeClock update
INFO: Latency: 7,0000 s, Delta ratio: 1,0000, Drift: 1,000, Error reduction coefficient: 0,000, Error: 0,0000 s
abr 04, 2013 12:33:02 PM org.ros.time.RemoteUptimeClock update
INFO: Latency: 7,0000 s, Delta ratio: 1,0000, Drift: 1,000, Error reduction coefficient: 0,000, Error: 0,0000 s
abr 04, 2013 12:33:02 PM org.ros.time.RemoteUptimeClock update
INFO: Latency: 7,0000 s, Delta ratio: 1,0000, Drift: 1,000, Error reduction coefficient: 0,000, Error: 0,0000 s
abr 04, 2013 12:33:02 PM org.ros.time.RemoteUptimeClock update
INFO: Latency: 7,0000 s, Delta ratio: 1,0000, Drift: 1,000, Error reduction coefficient: 0,000, Error: 0,0000 s
abr 04, 2013 12:33:02 PM org.ros.time.RemoteUptimeClock update
INFO: Latency: 7,0000 s, Delta ratio: 1,0000, Drift: 1,000, Error reduction coefficient: 0,000, Error: 0,0000 s
abr 04, 2013 12:33:02 PM org.ros.time.RemoteUptimeClock update
INFO: Latency: 7,0000 s, Delta ratio: 1,0000, Drift: 1,000, Error reduction coefficient: 0,000, Error: 0,0000 s
abr 04, 2013 12:33:02 PM org.ros.time.RemoteUptimeClock update
INFO: Latency: 7,0000 s, Delta ratio: 1,0000, Drift: 1,000, Error reduction coefficient: 0,000, Error: 0,0000 s
abr 04, 2013 12:33:02 PM org.ros.time.RemoteUptimeClock update
INFO: Latency: 7,0000 s, Delta ratio: 1,0000, Drift: 1,000, Error reduction coefficient: 0,000, Error: 0,0000 s
abr 04, 2013 12:33:02 PM org.ros.time.RemoteUptimeClock update
INFO: Latency: 7,0000 s, Delta ratio: 1,0000, Drift: 1,000, Error reduction coefficient: 0,000, Error: 0,0000 s
abr 04, 2013 12:33:02 PM org.ros.time.RemoteUptimeClock update
INFO: Latency: 7,0000 s, Delta ratio: 1,0000, Drift: 1,000, Error reduction coefficient: 0,000, Error: 0,0000 s
abr 04, 2013 12:33:02 PM org.ros.time.RemoteUptimeClock update
INFO: Latency: 7,0000 s, Delta ratio: 1,0000, Drift: 1,000, Error reduction coefficient: 0,000, Error: 0,0000 s
abr 04, 2013 12:33:02 PM org.ros.time.RemoteUptimeClock update
INFO: Latency: 7,0000 s, Delta ratio: 1,0000, Drift: 1,000, Error reduction coefficient: 0,000, Error: 0,0000 s
abr 04, 2013 12:33:02 PM org.ros.time.RemoteUptimeClock update
INFO: Latency: 7,0000 s, Delta ratio: 1,0000, Drift: 1,000, Error reduction coefficient: 0,000, Error: 0,0000 s
abr 04, 2013 12:33:02 PM org.ros.time.RemoteUptimeClock update
INFO: Latency: 7,0000 s, Delta ratio: 1,0000, Drift: 1,000, Error reduction coefficient: 0,000, Error: 0,0000 s
abr 04, 2013 12:33:02 PM org.ros.time.RemoteUptimeClock update
INFO: Latency: 7,0000 s, Delta ratio: 1,0000, Drift: 1,000, Error reduction coefficient: 0,000, Error: 0,0000 s
abr 04, 2013 12:33:02 PM org.ros.time.RemoteUptimeClock update
INFO: Latency: 7,0000 s, Delta ratio: 1,0000, Drift: 1,000, Error reduction coefficient: 0,000, Error: 0,0000 s
abr 04, 2013 12:33:02 PM org.ros.time.RemoteUptimeClock update
INFO: Latency: 7,0000 s, Delta ratio: 1,0000, Drift: 1,000, Error reduction coefficient: 0,000, Error: 0,0000 s
abr 04, 2013 12:33:02 PM org.ros.time.RemoteUptimeClock update
INFO: Latency: 7,0000 s, Delta ratio: 1,0000, Drift: 1,000, Error reduction coefficient: 0,000, Error: 0,0000 s
abr 04, 2013 12:33:02 PM org.ros.time.RemoteUptimeClock update
INFO: Latency: 7,0000 s, Delta ratio: 1,0000, Drift: 1,000, Error reduction coefficient: 0,000, Error: 0,0000 s
abr 04, 2013 12:33:02 PM org.ros.time.RemoteUptimeClock update
INFO: Latency: 7,0000 s, Delta ratio: 1,0000, Drift: 1,000, Error reduction coefficient: 0,000, Error: 0,0000 s
abr 04, 2013 12:33:02 PM org.ros.time.RemoteUptimeClock update
INFO: Latency: 7,0000 s, Delta ratio: 1,0000, Drift: 1,000, Error reduction coefficient: 0,000, Error: 0,0000 s
abr 04, 2013 12:33:02 PM org.ros.time.RemoteUptimeClock update
INFO: Latency: 7,0000 s, Delta ratio: 1,0000, Drift: 1,000, Error reduction coefficient: 0,000, Error: 0,0000 s
abr 04, 2013 12:33:02 PM org.ros.time.RemoteUptimeClock update
INFO: Latency: 7,0000 s, Delta ratio: 1,0000, Drift: 1,000, Error reduction coefficient: 0,000, Error: 0,0000 s
abr 04, 2013 12:33:02 PM org.ros.time.RemoteUptimeClock update
INFO: Latency: 7,0000 s, Delta ratio: 1,0000, Drift: 1,000, Error reduction coefficient: 0,000, Error: 0,0000 s
abr 04, 2013 12:33:02 PM org.ros.time.RemoteUptimeClock update
INFO: Latency: 7,0000 s, Delta ratio: 1,0000, Drift: 1,000, Error reduction coefficient: 0,000, Error: 0,0000 s
abr 04, 2013 12:33:02 PM org.ros.time.RemoteUptimeClock update
INFO: Latency: 7,0000 s, Delta ratio: 1,0000, Drift: 1,000, Error reduction coefficient: 0,000, Error: 0,0000 s
abr 04, 2013 12:33:02 PM org.ros.time.RemoteUptimeClock update
INFO: Latency: 7,0000 s, Delta ratio: 1,0000, Drift: 1,000, Error reduction coefficient: 0,000, Error: 0,0000 s
abr 04, 2013 12:33:02 PM org.ros.time.RemoteUptimeClock update
INFO: Latency: 7,0000 s, Delta ratio: 1,0000, Drift: 1,000, Error reduction coefficient: 0,000, Error: 0,0000 s
abr 04, 2013 12:33:02 PM org.ros.time.RemoteUptimeClock update
INFO: Latency: 7,0000 s, Delta ratio: 1,0000, Drift: 1,000, Error reduction coefficient: 0,000, Error: 0,0000 s
abr 04, 2013 12:33:02 PM org.ros.time.RemoteUptimeClock update
INFO: Latency: 7,0000 s, Delta ratio: 1,0000, Drift: 1,000, Error reduction coefficient: 0,000, Error: 0,0000 s
abr 04, 2013 12:33:02 PM org.ros.time.RemoteUptimeClock update
INFO: Latency: 7,0000 s, Delta ratio: 1,0000, Drift: 1,000, Error reduction coefficient: 0,000, Error: 0,0000 s
abr 04, 2013 12:33:02 PM org.ros.time.RemoteUptimeClock update
INFO: Latency: 7,0000 s, Delta ratio: 1,0000, Drift: 1,000, Error reduction coefficient: 0,000, Error: 0,0000 s
abr 04, 2013 12:33:02 PM org.ros.time.RemoteUptimeClock update
INFO: Latency: 7,0000 s, Delta ratio: 1,0000, Drift: 1,000, Error reduction coefficient: 0,000, Error: 0,0000 s
abr 04, 2013 12:33:02 PM org.ros.time.RemoteUptimeClock update
INFO: Latency: 7,0000 s, Delta ratio: 1,0000, Drift: 1,000, Error reduction coefficient: 0,000, Error: 0,0000 s
abr 04, 2013 12:33:02 PM org.ros.time.RemoteUptimeClock update
INFO: Latency: 7,0000 s, Delta ratio: 1,0000, Drift: 1,000, Error reduction coefficient: 0,000, Error: 0,0000 s
abr 04, 2013 12:33:02 PM org.ros.time.RemoteUptimeClock update
INFO: Latency: 7,0000 s, Delta ratio: 1,0000, Drift: 1,000, Error reduction coefficient: 0,000, Error: 0,0000 s
abr 04, 2013 12:33:02 PM org.ros.time.RemoteUptimeClock update
INFO: Latency: 7,0000 s, Delta ratio: 1,0000, Drift: 1,000, Error reduction coefficient: 0,000, Error: 0,0000 s
abr 04, 2013 12:33:02 PM org.ros.time.RemoteUptimeClock update
INFO: Latency: 7,0000 s, Delta ratio: 1,0000, Drift: 1,000, Error reduction coefficient: 0,000, Error: 0,0000 s
abr 04, 2013 12:33:02 PM org.ros.time.RemoteUptimeClock update
INFO: Latency: 7,0000 s, Delta ratio: 1,0000, Drift: 1,000, Error reduction coefficient: 0,000, Error: 0,0000 s
abr 04, 2013 12:33:02 PM org.ros.time.RemoteUptimeClock update
INFO: Latency: 7,0000 s, Delta ratio: 1,0000, Drift: 1,000, Error reduction coefficient: 0,000, Error: 0,0000 s
abr 04, 2013 12:33:02 PM org.ros.time.RemoteUptimeClock update
INFO: Latency: 7,0000 s, Delta ratio: 1,0000, Drift: 1,000, Error reduction coefficient: 0,000, Error: 0,0000 s
abr 04, 2013 12:33:02 PM org.ros.time.RemoteUptimeClock update
INFO: Latency: 7,0000 s, Delta ratio: 1,0000, Drift: 1,000, Error reduction coefficient: 0,000, Error: 0,0000 s
abr 04, 2013 12:33:02 PM org.ros.time.RemoteUptimeClock update
INFO: Latency: 7,0000 s, Delta ratio: 1,0000, Drift: 1,000, Error reduction coefficient: 0,000, Error: 0,0000 s
abr 04, 2013 12:33:02 PM org.ros.time.RemoteUptimeClock update
INFO: Latency: 7,0000 s, Delta ratio: 1,0000, Drift: 1,000, Error reduction coefficient: 0,000, Error: 0,0000 s
abr 04, 2013 12:33:02 PM org.ros.time.RemoteUptimeClock update
INFO: Latency: 7,0000 s, Delta ratio: 1,0000, Drift: 1,000, Error reduction coefficient: 0,000, Error: 0,0000 s
abr 04, 2013 12:33:02 PM org.ros.time.RemoteUptimeClock update
INFO: Latency: 7,0000 s, Delta ratio: 1,0000, Drift: 1,000, Error reduction coefficient: 0,000, Error: 0,0000 s
abr 04, 2013 12:33:02 PM org.ros.time.RemoteUptimeClock update
INFO: Latency: 7,0000 s, Delta ratio: 1,0000, Drift: 1,000, Error reduction coefficient: 0,000, Error: 0,0000 s
abr 04, 2013 12:33:02 PM org.ros.time.RemoteUptimeClock update
INFO: Latency: 7,0000 s, Delta ratio: 1,0000, Drift: 1,000, Error reduction coefficient: 0,000, Error: 0,0000 s
abr 04, 2013 12:33:02 PM org.ros.time.RemoteUptimeClock update
INFO: Latency: 7,0000 s, Delta ratio: 1,0000, Drift: 1,000, Error reduction coefficient: 0,000, Error: 0,0000 s
abr 04, 2013 12:33:02 PM org.ros.time.RemoteUptimeClock update
INFO: Latency: 7,0000 s, Delta ratio: 1,0000, Drift: 1,000, Error reduction coefficient: 0,000, Error: 0,0000 s
abr 04, 2013 12:33:02 PM org.ros.time.RemoteUptimeClock update
INFO: Latency: 7,0000 s, Delta ratio: 1,0000, Drift: 1,000, Error reduction coefficient: 0,000, Error: 0,0000 s
abr 04, 2013 12:33:02 PM org.ros.time.RemoteUptimeClock update
INFO: Latency: 7,0000 s, Delta ratio: 1,0000, Drift: 1,000, Error reduction coefficient: 0,000, Error: 0,0000 s
abr 04, 2013 12:33:02 PM org.ros.time.RemoteUptimeClock update
INFO: Latency: 7,0000 s, Delta ratio: 1,0000, Drift: 1,000, Error reduction coefficient: 0,000, Error: 0,0000 s
abr 04, 2013 12:33:02 PM org.ros.time.RemoteUptimeClock update
INFO: Latency: 7,0000 s, Delta ratio: 1,0000, Drift: 1,000, Error reduction coefficient: 0,000, Error: 0,0000 s
abr 04, 2013 12:33:02 PM org.ros.time.RemoteUptimeClock update
INFO: Latency: 7,0000 s, Delta ratio: 1,0000, Drift: 1,000, Error reduction coefficient: 0,000, Error: 0,0000 s
abr 04, 2013 12:33:02 PM org.ros.time.RemoteUptimeClock update
INFO: Latency: 7,0000 s, Delta ratio: 1,0000, Drift: 1,000, Error reduction coefficient: 0,000, Error: 0,0000 s
abr 04, 2013 12:33:02 PM org.ros.time.RemoteUptimeClock update
INFO: Latency: 7,0000 s, Delta ratio: 1,0000, Drift: 1,000, Error reduction coefficient: 0,000, Error: 0,0000 s
abr 04, 2013 12:33:02 PM org.ros.time.RemoteUptimeClock update
INFO: Latency: 7,0000 s, Delta ratio: 1,0000, Drift: 1,000, Error reduction coefficient: 0,000, Error: 0,0000 s
abr 04, 2013 12:33:02 PM org.ros.time.RemoteUptimeClock update
INFO: Latency: 7,0000 s, Delta ratio: 1,0000, Drift: 1,000, Error reduction coefficient: 0,000, Error: 0,0000 s
abr 04, 2013 12:33:02 PM org.ros.time.RemoteUptimeClock update
INFO: Latency: 7,0000 s, Delta ratio: 1,0000, Drift: 1,000, Error reduction coefficient: 0,000, Error: 0,0000 s
abr 04, 2013 12:33:02 PM org.ros.time.RemoteUptimeClock update
INFO: Latency: 7,0000 s, Delta ratio: 1,0000, Drift: 1,000, Error reduction coefficient: 0,000, Error: 0,0000 s
abr 04, 2013 12:33:02 PM org.ros.time.RemoteUptimeClock update
INFO: Latency: 7,0000 s, Delta ratio: 1,0000, Drift: 1,000, Error reduction coefficient: 0,000, Error: 0,0000 s
abr 04, 2013 12:33:02 PM org.ros.time.RemoteUptimeClock update
INFO: Latency: 7,0000 s, Delta ratio: 1,0000, Drift: 1,000, Error reduction coefficient: 0,000, Error: 0,0000 s
abr 04, 2013 12:33:02 PM org.ros.time.RemoteUptimeClock update
INFO: Latency: 7,0000 s, Delta ratio: 1,0000, Drift: 1,000, Error reduction coefficient: 0,000, Error: 0,0000 s
abr 04, 2013 12:33:02 PM org.ros.time.RemoteUptimeClock update
INFO: Latency: 7,0000 s, Delta ratio: 1,0000, Drift: 1,000, Error reduction coefficient: 0,000, Error: 0,0000 s
abr 04, 2013 12:33:02 PM org.ros.time.RemoteUptimeClock update
INFO: Latency: 7,0000 s, Delta ratio: 1,0000, Drift: 1,000, Error reduction coefficient: 0,000, Error: 0,0000 s
abr 04, 2013 12:33:02 PM org.ros.time.RemoteUptimeClock update
INFO: Latency: 7,0000 s, Delta ratio: 1,0000, Drift: 1,000, Error reduction coefficient: 0,000, Error: 0,0000 s
abr 04, 2013 12:33:02 PM org.ros.time.RemoteUptimeClock update
INFO: Latency: 7,0000 s, Delta ratio: 1,0000, Drift: 1,000, Error reduction coefficient: 0,000, Error: 0,0000 s
abr 04, 2013 12:33:02 PM org.ros.time.RemoteUptimeClock update
INFO: Latency: 7,0000 s, Delta ratio: 1,0000, Drift: 1,000, Error reduction coefficient: 0,000, Error: 0,0000 s
abr 04, 2013 12:33:02 PM org.ros.time.RemoteUptimeClock update
INFO: Latency: 7,0000 s, Delta ratio: 1,0000, Drift: 1,000, Error reduction coefficient: 0,000, Error: 0,0000 s
abr 04, 2013 12:33:02 PM org.ros.time.RemoteUptimeClock update
INFO: Latency: 7,0000 s, Delta ratio: 1,0000, Drift: 1,000, Error reduction coefficient: 0,000, Error: 0,0000 s
abr 04, 2013 12:33:02 PM org.ros.time.RemoteUptimeClock update
INFO: Latency: 7,0000 s, Delta ratio: 1,0000, Drift: 1,000, Error reduction coefficient: 0,000, Error: 0,0000 s
abr 04, 2013 12:33:02 PM org.ros.time.RemoteUptimeClock update
INFO: Latency: 7,0000 s, Delta ratio: 1,0000, Drift: 1,000, Error reduction coefficient: 0,000, Error: 0,0000 s
abr 04, 2013 12:33:02 PM org.ros.time.RemoteUptimeClock update
INFO: Latency: 7,0000 s, Delta ratio: 1,0000, Drift: 1,000, Error reduction coefficient: 0,000, Error: 0,0000 s
abr 04, 2013 12:33:02 PM org.ros.time.RemoteUptimeClock update
INFO: Latency: 7,0000 s, Delta ratio: 1,0000, Drift: 1,000, Error reduction coefficient: 0,000, Error: 0,0000 s
abr 04, 2013 12:33:02 PM org.ros.time.RemoteUptimeClock update
INFO: Latency: 7,0000 s, Delta ratio: 1,0000, Drift: 1,000, Error reduction coefficient: 0,000, Error: 0,0000 s
abr 04, 2013 12:33:02 PM org.ros.time.RemoteUptimeClock update
INFO: Latency: 7,0000 s, Delta ratio: 1,0000, Drift: 1,000, Error reduction coefficient: 0,000, Error: 0,0000 s
abr 04, 2013 12:33:02 PM org.ros.time.RemoteUptimeClock update
INFO: Latency: 7,0000 s, Delta ratio: 1,0000, Drift: 1,000, Error reduction coefficient: 0,000, Error: 0,0000 s
abr 04, 2013 12:33:02 PM org.ros.time.RemoteUptimeClock update
INFO: Latency: 7,0000 s, Delta ratio: 1,0000, Drift: 1,000, Error reduction coefficient: 0,000, Error: 0,0000 s
abr 04, 2013 12:33:02 PM org.ros.time.RemoteUptimeClock update
INFO: Latency: 7,0000 s, Delta ratio: 1,0000, Drift: 1,000, Error reduction coefficient: 0,000, Error: 0,0000 s
abr 04, 2013 12:33:02 PM org.ros.time.RemoteUptimeClock update
INFO: Latency: 7,0000 s, Delta ratio: 1,0000, Drift: 1,000, Error reduction coefficient: 0,000, Error: 0,0000 s
abr 04, 2013 12:33:02 PM org.ros.time.RemoteUptimeClock update
INFO: Latency: 7,0000 s, Delta ratio: 1,0000, Drift: 1,000, Error reduction coefficient: 0,000, Error: 0,0000 s
abr 04, 2013 12:33:02 PM org.ros.time.RemoteUptimeClock update
INFO: Latency: 7,0000 s, Delta ratio: 1,0000, Drift: 1,000, Error reduction coefficient: 0,000, Error: 0,0000 s
abr 04, 2013 12:33:02 PM org.ros.time.RemoteUptimeClock update
INFO: Latency: 7,0000 s, Delta ratio: 1,0000, Drift: 1,000, Error reduction coefficient: 0,000, Error: 0,0000 s
abr 04, 2013 12:33:02 PM org.ros.time.RemoteUptimeClock update
INFO: Latency: 7,0000 s, Delta ratio: 1,0000, Drift: 1,000, Error reduction coefficient: 0,000, Error: 0,0000 s
abr 04, 2013 12:33:02 PM org.ros.time.RemoteUptimeClock update
INFO: Latency: 7,0000 s, Delta ratio: 1,0000, Drift: 1,000, Error reduction coefficient: 0,000, Error: 0,0000 s
abr 04, 2013 12:33:02 PM org.ros.time.RemoteUptimeClock update
INFO: Latency: 7,0000 s, Delta ratio: 1,0000, Drift: 1,000, Error reduction coefficient: 0,000, Error: 0,0000 s
abr 04, 2013 12:33:02 PM org.ros.time.RemoteUptimeClock update
INFO: Latency: 7,0000 s, Delta ratio: 1,0000, Drift: 1,000, Error reduction coefficient: 0,000, Error: 0,0000 s
abr 04, 2013 12:33:02 PM org.ros.time.RemoteUptimeClock update
INFO: Latency: 7,0000 s, Delta ratio: 1,0000, Drift: 1,000, Error reduction coefficient: 0,000, Error: 0,0000 s
abr 04, 2013 12:33:02 PM org.ros.time.RemoteUptimeClock update
INFO: Latency: 7,0000 s, Delta ratio: 1,0000, Drift: 1,000, Error reduction coefficient: 0,000, Error: 0,0000 s
abr 04, 2013 12:33:02 PM org.ros.time.RemoteUptimeClock update
INFO: Latency: 7,0000 s, Delta ratio: 1,0000, Drift: 1,000, Error reduction coefficient: 0,000, Error: 0,0000 s
abr 04, 2013 12:33:02 PM org.ros.time.RemoteUptimeClock update
INFO: Latency: 7,0000 s, Delta ratio: 1,0000, Drift: 1,000, Error reduction coefficient: 0,000, Error: 0,0000 s
abr 04, 2013 12:33:02 PM org.ros.time.RemoteUptimeClock update
INFO: Latency: 7,0000 s, Delta ratio: 1,0000, Drift: 1,000, Error reduction coefficient: 0,000, Error: 0,0000 s
abr 04, 2013 12:33:02 PM org.ros.time.RemoteUptimeClock update
INFO: Latency: 7,0000 s, Delta ratio: 1,0000, Drift: 1,000, Error reduction coefficient: 0,000, Error: 0,0000 s
abr 04, 2013 12:33:02 PM org.ros.time.RemoteUptimeClock update
INFO: Latency: 7,0000 s, Delta ratio: 1,0000, Drift: 1,000, Error reduction coefficient: 0,000, Error: 0,0000 s
abr 04, 2013 12:33:02 PM org.ros.time.RemoteUptimeClock update
INFO: Latency: 7,0000 s, Delta ratio: 1,0000, Drift: 1,000, Error reduction coefficient: 0,000, Error: 0,0000 s
abr 04, 2013 12:33:02 PM org.ros.time.RemoteUptimeClock update
INFO: Latency: 7,0000 s, Delta ratio: 1,0000, Drift: 1,000, Error reduction coefficient: 0,000, Error: 0,0000 s
abr 04, 2013 12:33:02 PM org.ros.time.RemoteUptimeClock update
INFO: Latency: 7,0000 s, Delta ratio: 1,0000, Drift: 1,000, Error reduction coefficient: 0,000, Error: 0,0000 s
abr 04, 2013 12:33:02 PM org.ros.time.RemoteUptimeClock update
INFO: Latency: 7,0000 s, Delta ratio: 1,0000, Drift: 1,000, Error reduction coefficient: 0,000, Error: 0,0000 s
abr 04, 2013 12:33:02 PM org.ros.time.RemoteUptimeClock update
INFO: Latency: 7,0000 s, Delta ratio: 1,0000, Drift: 1,000, Error reduction coefficient: 0,000, Error: 0,0000 s
abr 04, 2013 12:33:02 PM org.ros.time.RemoteUptimeClock update
INFO: Latency: 7,0000 s, Delta ratio: 1,0000, Drift: 1,000, Error reduction coefficient: 0,000, Error: 0,0000 s
abr 04, 2013 12:33:02 PM org.ros.time.RemoteUptimeClock update
INFO: Latency: 7,0000 s, Delta ratio: 1,0000, Drift: 1,000, Error reduction coefficient: 0,000, Error: 0,0000 s
abr 04, 2013 12:33:02 PM org.ros.time.RemoteUptimeClock update
INFO: Latency: 7,0000 s, Delta ratio: 1,0000, Drift: 1,000, Error reduction coefficient: 0,000, Error: 0,0000 s
abr 04, 2013 12:33:02 PM org.ros.time.RemoteUptimeClock update
INFO: Latency: 7,0000 s, Delta ratio: 1,0000, Drift: 1,000, Error reduction coefficient: 0,000, Error: 0,0000 s
abr 04, 2013 12:33:02 PM org.ros.time.RemoteUptimeClock update
INFO: Latency: 7,0000 s, Delta ratio: 1,0000, Drift: 1,000, Error reduction coefficient: 0,000, Error: 0,0000 s
abr 04, 2013 12:33:02 PM org.ros.time.RemoteUptimeClock update
INFO: Latency: 7,0000 s, Delta ratio: 1,0000, Drift: 1,000, Error reduction coefficient: 0,000, Error: 0,0000 s
abr 04, 2013 12:33:02 PM org.ros.time.RemoteUptimeClock update
INFO: Latency: 7,0000 s, Delta ratio: 1,0000, Drift: 1,000, Error reduction coefficient: 0,000, Error: 0,0000 s
abr 04, 2013 12:33:02 PM org.ros.time.RemoteUptimeClock update
INFO: Latency: 7,0000 s, Delta ratio: 1,0000, Drift: 1,000, Error reduction coefficient: 0,000, Error: 0,0000 s
abr 04, 2013 12:33:02 PM org.ros.time.RemoteUptimeClock update
INFO: Latency: 7,0000 s, Delta ratio: 1,0000, Drift: 1,000, Error reduction coefficient: 0,000, Error: 0,0000 s
abr 04, 2013 12:33:02 PM org.ros.time.RemoteUptimeClock update
INFO: Latency: 7,0000 s, Delta ratio: 1,0000, Drift: 1,000, Error reduction coefficient: 0,000, Error: 0,0000 s
abr 04, 2013 12:33:02 PM org.ros.time.RemoteUptimeClock update
INFO: Latency: 7,0000 s, Delta ratio: 1,0000, Drift: 1,000, Error reduction coefficient: 0,000, Error: 0,0000 s
abr 04, 2013 12:33:02 PM org.ros.time.RemoteUptimeClock update
INFO: Latency: 7,0000 s, Delta ratio: 1,0000, Drift: 1,000, Error reduction coefficient: 0,000, Error: 0,0000 s
abr 04, 2013 12:33:02 PM org.ros.time.RemoteUptimeClock update
INFO: Latency: 7,0000 s, Delta ratio: 1,0000, Drift: 1,000, Error reduction coefficient: 0,000, Error: 0,0000 s
abr 04, 2013 12:33:02 PM org.ros.time.RemoteUptimeClock update
INFO: Latency: 7,0000 s, Delta ratio: 1,0000, Drift: 1,000, Error reduction coefficient: 0,000, Error: 0,0000 s
abr 04, 2013 12:33:02 PM org.ros.time.RemoteUptimeClock update
INFO: Latency: 7,0000 s, Delta ratio: 1,0000, Drift: 1,000, Error reduction coefficient: 0,000, Error: 0,0000 s
abr 04, 2013 12:33:02 PM org.ros.time.RemoteUptimeClock update
INFO: Latency: 7,0000 s, Delta ratio: 1,0000, Drift: 1,000, Error reduction coefficient: 0,000, Error: 0,0000 s
abr 04, 2013 12:33:02 PM org.ros.time.RemoteUptimeClock update
INFO: Latency: 7,0000 s, Delta ratio: 1,0000, Drift: 1,000, Error reduction coefficient: 0,000, Error: 0,0000 s
abr 04, 2013 12:33:02 PM org.ros.time.RemoteUptimeClock update
INFO: Latency: 7,0000 s, Delta ratio: 1,0000, Drift: 1,000, Error reduction coefficient: 0,000, Error: 0,0000 s
abr 04, 2013 12:33:02 PM org.ros.time.RemoteUptimeClock update
INFO: Latency: 7,0000 s, Delta ratio: 1,0000, Drift: 1,000, Error reduction coefficient: 0,000, Error: 0,0000 s
abr 04, 2013 12:33:02 PM org.ros.time.RemoteUptimeClock update
INFO: Latency: 7,0000 s, Delta ratio: 1,0000, Drift: 1,000, Error reduction coefficient: 0,000, Error: 0,0000 s
abr 04, 2013 12:33:02 PM org.ros.time.RemoteUptimeClock update
INFO: Latency: 7,0000 s, Delta ratio: 1,0000, Drift: 1,000, Error reduction coefficient: 0,000, Error: 0,0000 s
abr 04, 2013 12:33:02 PM org.ros.time.RemoteUptimeClock update
INFO: Latency: 7,0000 s, Delta ratio: 1,0000, Drift: 1,000, Error reduction coefficient: 0,000, Error: 0,0000 s
abr 04, 2013 12:33:02 PM org.ros.time.RemoteUptimeClock update
INFO: Latency: 7,0000 s, Delta ratio: 1,0000, Drift: 1,000, Error reduction coefficient: 0,000, Error: 0,0000 s
abr 04, 2013 12:33:02 PM org.ros.time.RemoteUptimeClock update
INFO: Latency: 7,0000 s, Delta ratio: 1,0000, Drift: 1,000, Error reduction coefficient: 0,000, Error: 0,0000 s
abr 04, 2013 12:33:02 PM org.ros.time.RemoteUptimeClock update
INFO: Latency: 7,0000 s, Delta ratio: 1,0000, Drift: 1,000, Error reduction coefficient: 0,000, Error: 0,0000 s
abr 04, 2013 12:33:02 PM org.ros.time.RemoteUptimeClock update
INFO: Latency: 7,0000 s, Delta ratio: 1,0000, Drift: 1,000, Error reduction coefficient: 0,000, Error: 0,0000 s
abr 04, 2013 12:33:02 PM org.ros.time.RemoteUptimeClock update
INFO: Latency: 7,0000 s, Delta ratio: 1,0000, Drift: 1,000, Error reduction coefficient: 0,000, Error: 0,0000 s
abr 04, 2013 12:33:02 PM org.ros.time.RemoteUptimeClock update
INFO: Latency: 7,0000 s, Delta ratio: 1,0000, Drift: 1,000, Error reduction coefficient: 0,000, Error: 0,0000 s
abr 04, 2013 12:33:02 PM org.ros.time.RemoteUptimeClock update
INFO: Latency: 7,0000 s, Delta ratio: 1,0000, Drift: 1,000, Error reduction coefficient: 0,000, Error: 0,0000 s
abr 04, 2013 12:33:02 PM org.ros.time.RemoteUptimeClock update
INFO: Latency: 7,0000 s, Delta ratio: 1,0000, Drift: 1,000, Error reduction coefficient: 0,000, Error: 0,0000 s
abr 04, 2013 12:33:02 PM org.ros.time.RemoteUptimeClock update
INFO: Latency: 7,0000 s, Delta ratio: 1,0000, Drift: 1,000, Error reduction coefficient: 0,000, Error: 0,0000 s
abr 04, 2013 12:33:02 PM org.ros.time.RemoteUptimeClock update
INFO: Latency: 7,0000 s, Delta ratio: 1,0000, Drift: 1,000, Error reduction coefficient: 0,000, Error: 0,0000 s
abr 04, 2013 12:33:02 PM org.ros.time.RemoteUptimeClock update
INFO: Latency: 7,0000 s, Delta ratio: 1,0000, Drift: 1,000, Error reduction coefficient: 0,000, Error: 0,0000 s
abr 04, 2013 12:33:02 PM org.ros.time.RemoteUptimeClock update
INFO: Latency: 7,0000 s, Delta ratio: 1,0000, Drift: 1,000, Error reduction coefficient: 0,000, Error: 0,0000 s
abr 04, 2013 12:33:02 PM org.ros.time.RemoteUptimeClock update
INFO: Latency: 7,0000 s, Delta ratio: 1,0000, Drift: 1,000, Error reduction coefficient: 0,000, Error: 0,0000 s
abr 04, 2013 12:33:02 PM org.ros.time.RemoteUptimeClock update
INFO: Latency: 7,0000 s, Delta ratio: 1,0000, Drift: 1,000, Error reduction coefficient: 0,000, Error: 0,0000 s
abr 04, 2013 12:33:02 PM org.ros.time.RemoteUptimeClock update
INFO: Latency: 7,0000 s, Delta ratio: 1,0000, Drift: 1,000, Error reduction coefficient: 0,000, Error: 0,0000 s
abr 04, 2013 12:33:02 PM org.ros.time.RemoteUptimeClock update
INFO: Latency: 7,0000 s, Delta ratio: 1,0000, Drift: 1,000, Error reduction coefficient: 0,000, Error: 0,0000 s
abr 04, 2013 12:33:02 PM org.ros.time.RemoteUptimeClock update
INFO: Latency: 7,0000 s, Delta ratio: 1,0000, Drift: 1,000, Error reduction coefficient: 0,000, Error: 0,0000 s
abr 04, 2013 12:33:02 PM org.ros.time.RemoteUptimeClock update
INFO: Latency: 7,0000 s, Delta ratio: 1,0000, Drift: 1,000, Error reduction coefficient: 0,000, Error: 0,0000 s
abr 04, 2013 12:33:02 PM org.ros.time.RemoteUptimeClock update
INFO: Latency: 7,0000 s, Delta ratio: 1,0000, Drift: 1,000, Error reduction coefficient: 0,000, Error: 0,0000 s
abr 04, 2013 12:33:02 PM org.ros.time.RemoteUptimeClock update
INFO: Latency: 7,0000 s, Delta ratio: 1,0000, Drift: 1,000, Error reduction coefficient: 0,000, Error: 0,0000 s
abr 04, 2013 12:33:02 PM org.ros.time.RemoteUptimeClock update
INFO: Latency: 7,0000 s, Delta ratio: 1,0000, Drift: 1,000, Error reduction coefficient: 0,000, Error: 0,0000 s
abr 04, 2013 12:33:02 PM org.ros.time.RemoteUptimeClock update
INFO: Latency: 7,0000 s, Delta ratio: 1,0000, Drift: 1,000, Error reduction coefficient: 0,000, Error: 0,0000 s
abr 04, 2013 12:33:02 PM org.ros.time.RemoteUptimeClock update
INFO: Latency: 7,0000 s, Delta ratio: 1,0000, Drift: 1,000, Error reduction coefficient: 0,000, Error: 0,0000 s
abr 04, 2013 12:33:02 PM org.ros.time.RemoteUptimeClock update
INFO: Latency: 7,0000 s, Delta ratio: 1,0000, Drift: 1,000, Error reduction coefficient: 0,000, Error: 0,0000 s
abr 04, 2013 12:33:02 PM org.ros.time.RemoteUptimeClock update
INFO: Latency: 7,0000 s, Delta ratio: 1,0000, Drift: 1,000, Error reduction coefficient: 0,000, Error: 0,0000 s
abr 04, 2013 12:33:02 PM org.ros.time.RemoteUptimeClock update
INFO: Latency: 7,0000 s, Delta ratio: 1,0000, Drift: 1,000, Error reduction coefficient: 0,000, Error: 0,0000 s
abr 04, 2013 12:33:02 PM org.ros.time.RemoteUptimeClock update
INFO: Latency: 7,0000 s, Delta ratio: 1,0000, Drift: 1,000, Error reduction coefficient: 0,000, Error: 0,0000 s
abr 04, 2013 12:33:02 PM org.ros.time.RemoteUptimeClock update
INFO: Latency: 7,0000 s, Delta ratio: 1,0000, Drift: 1,000, Error reduction coefficient: 0,000, Error: 0,0000 s
abr 04, 2013 12:33:02 PM org.ros.time.RemoteUptimeClock update
INFO: Latency: 7,0000 s, Delta ratio: 1,0000, Drift: 1,000, Error reduction coefficient: 0,000, Error: 0,0000 s
abr 04, 2013 12:33:02 PM org.ros.time.RemoteUptimeClock update
INFO: Latency: 7,0000 s, Delta ratio: 1,0000, Drift: 1,000, Error reduction coefficient: 0,000, Error: 0,0000 s
abr 04, 2013 12:33:02 PM org.ros.time.RemoteUptimeClock update
INFO: Latency: 7,0000 s, Delta ratio: 1,0000, Drift: 1,000, Error reduction coefficient: 0,000, Error: 0,0000 s
abr 04, 2013 12:33:02 PM org.ros.time.RemoteUptimeClock update
INFO: Latency: 7,0000 s, Delta ratio: 1,0000, Drift: 1,000, Error reduction coefficient: 0,000, Error: 0,0000 s
abr 04, 2013 12:33:02 PM org.ros.time.RemoteUptimeClock update
INFO: Latency: 7,0000 s, Delta ratio: 1,0000, Drift: 1,000, Error reduction coefficient: 0,000, Error: 0,0000 s
abr 04, 2013 12:33:02 PM org.ros.time.RemoteUptimeClock update
INFO: Latency: 7,0000 s, Delta ratio: 1,0000, Drift: 1,000, Error reduction coefficient: 0,000, Error: 0,0000 s
abr 04, 2013 12:33:02 PM org.ros.time.RemoteUptimeClock update
INFO: Latency: 7,0000 s, Delta ratio: 1,0000, Drift: 1,000, Error reduction coefficient: 0,000, Error: 0,0000 s
abr 04, 2013 12:33:02 PM org.ros.time.RemoteUptimeClock update
INFO: Latency: 7,0000 s, Delta ratio: 1,0000, Drift: 1,000, Error reduction coefficient: 0,000, Error: 0,0000 s
abr 04, 2013 12:33:02 PM org.ros.time.RemoteUptimeClock update
INFO: Latency: 7,0000 s, Delta ratio: 1,0000, Drift: 1,000, Error reduction coefficient: 0,000, Error: 0,0000 s
abr 04, 2013 12:33:02 PM org.ros.time.RemoteUptimeClock update
INFO: Latency: 7,0000 s, Delta ratio: 1,0000, Drift: 1,000, Error reduction coefficient: 0,000, Error: 0,0000 s
abr 04, 2013 12:33:02 PM org.ros.time.RemoteUptimeClock update
INFO: Latency: 7,0000 s, Delta ratio: 1,0000, Drift: 1,000, Error reduction coefficient: 0,000, Error: 0,0000 s
abr 04, 2013 12:33:02 PM org.ros.time.RemoteUptimeClock update
INFO: Latency: 7,0000 s, Delta ratio: 1,0000, Drift: 1,000, Error reduction coefficient: 0,000, Error: 0,0000 s
abr 04, 2013 12:33:02 PM org.ros.time.RemoteUptimeClock update
INFO: Latency: 7,0000 s, Delta ratio: 1,0000, Drift: 1,000, Error reduction coefficient: 0,000, Error: 0,0000 s
abr 04, 2013 12:33:02 PM org.ros.time.RemoteUptimeClock update
INFO: Latency: 7,0000 s, Delta ratio: 1,0000, Drift: 1,000, Error reduction coefficient: 0,000, Error: 0,0000 s
abr 04, 2013 12:33:02 PM org.ros.time.RemoteUptimeClock update
INFO: Latency: 7,0000 s, Delta ratio: 1,0000, Drift: 1,000, Error reduction coefficient: 0,000, Error: 0,0000 s
abr 04, 2013 12:33:02 PM org.ros.time.RemoteUptimeClock update
INFO: Latency: 7,0000 s, Delta ratio: 1,0000, Drift: 1,000, Error reduction coefficient: 0,000, Error: 0,0000 s
abr 04, 2013 12:33:02 PM org.ros.time.RemoteUptimeClock update
INFO: Latency: 7,0000 s, Delta ratio: 1,0000, Drift: 1,000, Error reduction coefficient: 0,000, Error: 0,0000 s
abr 04, 2013 12:33:02 PM org.ros.time.RemoteUptimeClock update
INFO: Latency: 7,0000 s, Delta ratio: 1,0000, Drift: 1,000, Error reduction coefficient: 0,000, Error: 0,0000 s
abr 04, 2013 12:33:02 PM org.ros.time.RemoteUptimeClock update
INFO: Latency: 7,0000 s, Delta ratio: 1,0000, Drift: 1,000, Error reduction coefficient: 0,000, Error: 0,0000 s
abr 04, 2013 12:33:02 PM org.ros.time.RemoteUptimeClock update
INFO: Latency: 7,0000 s, Delta ratio: 1,0000, Drift: 1,000, Error reduction coefficient: 0,000, Error: 0,0000 s
abr 04, 2013 12:33:02 PM org.ros.time.RemoteUptimeClock update
INFO: Latency: 7,0000 s, Delta ratio: 1,0000, Drift: 1,000, Error reduction coefficient: 0,000, Error: 0,0000 s
abr 04, 2013 12:33:02 PM org.ros.time.RemoteUptimeClock update
INFO: Latency: 7,0000 s, Delta ratio: 1,0000, Drift: 1,000, Error reduction coefficient: 0,000, Error: 0,0000 s
abr 04, 2013 12:33:02 PM org.ros.time.RemoteUptimeClock update
INFO: Latency: 7,0000 s, Delta ratio: 1,0000, Drift: 1,000, Error reduction coefficient: 0,000, Error: 0,0000 s
abr 04, 2013 12:33:02 PM org.ros.time.RemoteUptimeClock update
INFO: Latency: 7,0000 s, Delta ratio: 1,0000, Drift: 1,000, Error reduction coefficient: 0,000, Error: 0,0000 s
abr 04, 2013 12:33:02 PM org.ros.time.RemoteUptimeClock update
INFO: Latency: 7,0000 s, Delta ratio: 1,0000, Drift: 1,000, Error reduction coefficient: 0,000, Error: 0,0000 s
abr 04, 2013 12:33:02 PM org.ros.time.RemoteUptimeClock update
INFO: Latency: 7,0000 s, Delta ratio: 1,0000, Drift: 1,000, Error reduction coefficient: 0,000, Error: 0,0000 s
abr 04, 2013 12:33:02 PM org.ros.time.RemoteUptimeClock update
INFO: Latency: 7,0000 s, Delta ratio: 1,0000, Drift: 1,000, Error reduction coefficient: 0,000, Error: 0,0000 s
abr 04, 2013 12:33:02 PM org.ros.time.RemoteUptimeClock update
INFO: Latency: 7,0000 s, Delta ratio: 1,0000, Drift: 1,000, Error reduction coefficient: 0,000, Error: 0,0000 s
abr 04, 2013 12:33:02 PM org.ros.time.RemoteUptimeClock update
INFO: Latency: 7,0000 s, Delta ratio: 1,0000, Drift: 1,000, Error reduction coefficient: 0,000, Error: 0,0000 s
abr 04, 2013 12:33:02 PM org.ros.time.RemoteUptimeClock update
INFO: Latency: 7,0000 s, Delta ratio: 1,0000, Drift: 1,000, Error reduction coefficient: 0,000, Error: 0,0000 s
abr 04, 2013 12:33:02 PM org.ros.time.RemoteUptimeClock update
INFO: Latency: 7,0000 s, Delta ratio: 1,0000, Drift: 1,000, Error reduction coefficient: 0,000, Error: 0,0000 s
abr 04, 2013 12:33:02 PM org.ros.time.RemoteUptimeClock update
INFO: Latency: 7,0000 s, Delta ratio: 1,0000, Drift: 1,000, Error reduction coefficient: 0,000, Error: 0,0000 s
abr 04, 2013 12:33:02 PM org.ros.time.RemoteUptimeClock update
INFO: Latency: 7,0000 s, Delta ratio: 1,0000, Drift: 1,000, Error reduction coefficient: 0,000, Error: 0,0000 s
abr 04, 2013 12:33:02 PM org.ros.time.RemoteUptimeClock update
INFO: Latency: 7,0000 s, Delta ratio: 1,0000, Drift: 1,000, Error reduction coefficient: 0,000, Error: 0,0000 s
abr 04, 2013 12:33:02 PM org.ros.time.RemoteUptimeClock update
INFO: Latency: 7,0000 s, Delta ratio: 1,0000, Drift: 1,000, Error reduction coefficient: 0,000, Error: 0,0000 s
abr 04, 2013 12:33:02 PM org.ros.time.RemoteUptimeClock update
INFO: Latency: 7,0000 s, Delta ratio: 1,0000, Drift: 1,000, Error reduction coefficient: 0,000, Error: 0,0000 s
abr 04, 2013 12:33:02 PM org.ros.time.RemoteUptimeClock update
INFO: Latency: 7,0000 s, Delta ratio: 1,0000, Drift: 1,000, Error reduction coefficient: 0,000, Error: 0,0000 s
abr 04, 2013 12:33:02 PM org.ros.time.RemoteUptimeClock update
INFO: Latency: 7,0000 s, Delta ratio: 1,0000, Drift: 1,000, Error reduction coefficient: 0,000, Error: 0,0000 s
abr 04, 2013 12:33:02 PM org.ros.time.RemoteUptimeClock update
INFO: Latency: 7,0000 s, Delta ratio: 1,0000, Drift: 1,000, Error reduction coefficient: 0,000, Error: 0,0000 s
abr 04, 2013 12:33:02 PM org.ros.time.RemoteUptimeClock update
INFO: Latency: 7,0000 s, Delta ratio: 1,0000, Drift: 1,000, Error reduction coefficient: 0,000, Error: 0,0000 s
abr 04, 2013 12:33:02 PM org.ros.time.RemoteUptimeClock update
INFO: Latency: 7,0000 s, Delta ratio: 1,0000, Drift: 1,000, Error reduction coefficient: 0,000, Error: 0,0000 s
abr 04, 2013 12:33:02 PM org.ros.time.RemoteUptimeClock update
INFO: Latency: 7,0000 s, Delta ratio: 1,0000, Drift: 1,000, Error reduction coefficient: 0,000, Error: 0,0000 s
abr 04, 2013 12:33:02 PM org.ros.time.RemoteUptimeClock update
INFO: Latency: 7,0000 s, Delta ratio: 1,0000, Drift: 1,000, Error reduction coefficient: 0,000, Error: 0,0000 s
abr 04, 2013 12:33:02 PM org.ros.time.RemoteUptimeClock update
INFO: Latency: 7,0000 s, Delta ratio: 1,0000, Drift: 1,000, Error reduction coefficient: 0,000, Error: 0,0000 s
abr 04, 2013 12:33:02 PM org.ros.time.RemoteUptimeClock update
INFO: Latency: 7,0000 s, Delta ratio: 1,0000, Drift: 1,000, Error reduction coefficient: 0,000, Error: 0,0000 s
abr 04, 2013 12:33:02 PM org.ros.time.RemoteUptimeClock update
INFO: Latency: 7,0000 s, Delta ratio: 1,0000, Drift: 1,000, Error reduction coefficient: 0,000, Error: 0,0000 s
abr 04, 2013 12:33:02 PM org.ros.time.RemoteUptimeClock update
INFO: Latency: 7,0000 s, Delta ratio: 1,0000, Drift: 1,000, Error reduction coefficient: 0,000, Error: 0,0000 s
abr 04, 2013 12:33:02 PM org.ros.time.RemoteUptimeClock update
INFO: Latency: 7,0000 s, Delta ratio: 1,0000, Drift: 1,000, Error reduction coefficient: 0,000, Error: 0,0000 s
abr 04, 2013 12:33:02 PM org.ros.time.RemoteUptimeClock update
INFO: Latency: 7,0000 s, Delta ratio: 1,0000, Drift: 1,000, Error reduction coefficient: 0,000, Error: 0,0000 s
abr 04, 2013 12:33:02 PM org.ros.time.RemoteUptimeClock update
INFO: Latency: 7,0000 s, Delta ratio: 1,0000, Drift: 1,000, Error reduction coefficient: 0,000, Error: 0,0000 s
abr 04, 2013 12:33:02 PM org.ros.time.RemoteUptimeClock update
INFO: Latency: 7,0000 s, Delta ratio: 1,0000, Drift: 1,000, Error reduction coefficient: 0,000, Error: 0,0000 s
abr 04, 2013 12:33:02 PM org.ros.time.RemoteUptimeClock update
INFO: Latency: 7,0000 s, Delta ratio: 1,0000, Drift: 1,000, Error reduction coefficient: 0,000, Error: 0,0000 s
abr 04, 2013 12:33:02 PM org.ros.time.RemoteUptimeClock update
INFO: Latency: 7,0000 s, Delta ratio: 1,0000, Drift: 1,000, Error reduction coefficient: 0,000, Error: 0,0000 s
abr 04, 2013 12:33:02 PM org.ros.time.RemoteUptimeClock update
INFO: Latency: 7,0000 s, Delta ratio: 1,0000, Drift: 1,000, Error reduction coefficient: 0,000, Error: 0,0000 s
abr 04, 2013 12:33:02 PM org.ros.time.RemoteUptimeClock update
INFO: Latency: 7,0000 s, Delta ratio: 1,0000, Drift: 1,000, Error reduction coefficient: 0,000, Error: 0,0000 s
abr 04, 2013 12:33:02 PM org.ros.time.RemoteUptimeClock update
INFO: Latency: 7,0000 s, Delta ratio: 1,0000, Drift: 1,000, Error reduction coefficient: 0,000, Error: 0,0000 s
abr 04, 2013 12:33:02 PM org.ros.time.RemoteUptimeClock update
INFO: Latency: 7,0000 s, Delta ratio: 1,0000, Drift: 1,000, Error reduction coefficient: 0,000, Error: 0,0000 s
abr 04, 2013 12:33:02 PM org.ros.time.RemoteUptimeClock update
INFO: Latency: 7,0000 s, Delta ratio: 1,0000, Drift: 1,000, Error reduction coefficient: 0,000, Error: 0,0000 s
abr 04, 2013 12:33:02 PM org.ros.time.RemoteUptimeClock update
INFO: Latency: 7,0000 s, Delta ratio: 1,0000, Drift: 1,000, Error reduction coefficient: 0,000, Error: 0,0000 s
abr 04, 2013 12:33:02 PM org.ros.time.RemoteUptimeClock update
INFO: Latency: 7,0000 s, Delta ratio: 1,0000, Drift: 1,000, Error reduction coefficient: 0,000, Error: 0,0000 s
abr 04, 2013 12:33:02 PM org.ros.time.RemoteUptimeClock update
INFO: Latency: 7,0000 s, Delta ratio: 1,0000, Drift: 1,000, Error reduction coefficient: 0,000, Error: 0,0000 s
abr 04, 2013 12:33:02 PM org.ros.time.RemoteUptimeClock update
INFO: Latency: 7,0000 s, Delta ratio: 1,0000, Drift: 1,000, Error reduction coefficient: 0,000, Error: 0,0000 s
abr 04, 2013 12:33:02 PM org.ros.time.RemoteUptimeClock update
INFO: Latency: 7,0000 s, Delta ratio: 1,0000, Drift: 1,000, Error reduction coefficient: 0,000, Error: 0,0000 s
abr 04, 2013 12:33:02 PM org.ros.time.RemoteUptimeClock update
INFO: Latency: 7,0000 s, Delta ratio: 1,0000, Drift: 1,000, Error reduction coefficient: 0,000, Error: 0,0000 s
abr 04, 2013 12:33:02 PM org.ros.time.RemoteUptimeClock update
INFO: Latency: 7,0000 s, Delta ratio: 1,0000, Drift: 1,000, Error reduction coefficient: 0,000, Error: 0,0000 s
abr 04, 2013 12:33:02 PM org.ros.time.RemoteUptimeClock update
INFO: Latency: 7,0000 s, Delta ratio: 1,0000, Drift: 1,000, Error reduction coefficient: 0,000, Error: 0,0000 s
abr 04, 2013 12:33:02 PM org.ros.time.RemoteUptimeClock update
INFO: Latency: 7,0000 s, Delta ratio: 1,0000, Drift: 1,000, Error reduction coefficient: 0,000, Error: 0,0000 s
abr 04, 2013 12:33:02 PM org.ros.time.RemoteUptimeClock update
INFO: Latency: 7,0000 s, Delta ratio: 1,0000, Drift: 1,000, Error reduction coefficient: 0,000, Error: 0,0000 s
abr 04, 2013 12:33:02 PM org.ros.time.RemoteUptimeClock update
INFO: Latency: 7,0000 s, Delta ratio: 1,0000, Drift: 1,000, Error reduction coefficient: 0,000, Error: 0,0000 s
abr 04, 2013 12:33:02 PM org.ros.time.RemoteUptimeClock update
INFO: Latency: 7,0000 s, Delta ratio: 1,0000, Drift: 1,000, Error reduction coefficient: 0,000, Error: 0,0000 s
abr 04, 2013 12:33:02 PM org.ros.time.RemoteUptimeClock update
INFO: Latency: 7,0000 s, Delta ratio: 1,0000, Drift: 1,000, Error reduction coefficient: 0,000, Error: 0,0000 s
abr 04, 2013 12:33:02 PM org.ros.time.RemoteUptimeClock update
INFO: Latency: 7,0000 s, Delta ratio: 1,0000, Drift: 1,000, Error reduction coefficient: 0,000, Error: 0,0000 s
abr 04, 2013 12:33:02 PM org.ros.time.RemoteUptimeClock update
INFO: Latency: 7,0000 s, Delta ratio: 1,0000, Drift: 1,000, Error reduction coefficient: 0,000, Error: 0,0000 s
abr 04, 2013 12:33:02 PM org.ros.time.RemoteUptimeClock update
INFO: Latency: 7,0000 s, Delta ratio: 1,0000, Drift: 1,000, Error reduction coefficient: 0,000, Error: 0,0000 s
abr 04, 2013 12:33:02 PM org.ros.time.RemoteUptimeClock update
INFO: Latency: 7,0000 s, Delta ratio: 1,0000, Drift: 1,000, Error reduction coefficient: 0,000, Error: 0,0000 s
abr 04, 2013 12:33:02 PM org.ros.time.RemoteUptimeClock update
INFO: Latency: 7,0000 s, Delta ratio: 1,0000, Drift: 1,000, Error reduction coefficient: 0,000, Error: 0,0000 s
abr 04, 2013 12:33:02 PM org.ros.time.RemoteUptimeClock update
INFO: Latency: 7,0000 s, Delta ratio: 1,0000, Drift: 1,000, Error reduction coefficient: 0,000, Error: 0,0000 s
abr 04, 2013 12:33:02 PM org.ros.time.RemoteUptimeClock update
INFO: Latency: 7,0000 s, Delta ratio: 1,0000, Drift: 1,000, Error reduction coefficient: 0,000, Error: 0,0000 s
abr 04, 2013 12:33:02 PM org.ros.time.RemoteUptimeClock update
INFO: Latency: 7,0000 s, Delta ratio: 1,0000, Drift: 1,000, Error reduction coefficient: 0,000, Error: 0,0000 s
abr 04, 2013 12:33:02 PM org.ros.time.RemoteUptimeClock update
INFO: Latency: 7,0000 s, Delta ratio: 1,0000, Drift: 1,000, Error reduction coefficient: 0,000, Error: 0,0000 s
abr 04, 2013 12:33:02 PM org.ros.time.RemoteUptimeClock update
INFO: Latency: 7,0000 s, Delta ratio: 1,0000, Drift: 1,000, Error reduction coefficient: 0,000, Error: 0,0000 s
abr 04, 2013 12:33:02 PM org.ros.time.RemoteUptimeClock update
INFO: Latency: 7,0000 s, Delta ratio: 1,0000, Drift: 1,000, Error reduction coefficient: 0,000, Error: 0,0000 s
abr 04, 2013 12:33:02 PM org.ros.time.RemoteUptimeClock update
INFO: Latency: 7,0000 s, Delta ratio: 1,0000, Drift: 1,000, Error reduction coefficient: 0,000, Error: 0,0000 s
abr 04, 2013 12:33:02 PM org.ros.time.RemoteUptimeClock update
INFO: Latency: 7,0000 s, Delta ratio: 1,0000, Drift: 1,000, Error reduction coefficient: 0,000, Error: 0,0000 s
abr 04, 2013 12:33:02 PM org.ros.time.RemoteUptimeClock update
INFO: Latency: 7,0000 s, Delta ratio: 1,0000, Drift: 1,000, Error reduction coefficient: 0,000, Error: 0,0000 s
abr 04, 2013 12:33:02 PM org.ros.time.RemoteUptimeClock update
INFO: Latency: 7,0000 s, Delta ratio: 1,0000, Drift: 1,000, Error reduction coefficient: 0,000, Error: 0,0000 s
abr 04, 2013 12:33:02 PM org.ros.time.RemoteUptimeClock update
INFO: Latency: 7,0000 s, Delta ratio: 1,0000, Drift: 1,000, Error reduction coefficient: 0,000, Error: 0,0000 s
abr 04, 2013 12:33:02 PM org.ros.time.RemoteUptimeClock update
INFO: Latency: 7,0000 s, Delta ratio: 1,0000, Drift: 1,000, Error reduction coefficient: 0,000, Error: 0,0000 s
abr 04, 2013 12:33:02 PM org.ros.time.RemoteUptimeClock update
INFO: Latency: 7,0000 s, Delta ratio: 1,0000, Drift: 1,000, Error reduction coefficient: 0,000, Error: 0,0000 s
abr 04, 2013 12:33:02 PM org.ros.time.RemoteUptimeClock update
INFO: Latency: 7,0000 s, Delta ratio: 1,0000, Drift: 1,000, Error reduction coefficient: 0,000, Error: 0,0000 s
abr 04, 2013 12:33:02 PM org.ros.time.RemoteUptimeClock update
INFO: Latency: 7,0000 s, Delta ratio: 1,0000, Drift: 1,000, Error reduction coefficient: 0,000, Error: 0,0000 s
abr 04, 2013 12:33:02 PM org.ros.time.RemoteUptimeClock update
INFO: Latency: 7,0000 s, Delta ratio: 1,0000, Drift: 1,000, Error reduction coefficient: 0,000, Error: 0,0000 s
abr 04, 2013 12:33:02 PM org.ros.time.RemoteUptimeClock update
INFO: Latency: 7,0000 s, Delta ratio: 1,0000, Drift: 1,000, Error reduction coefficient: 0,000, Error: 0,0000 s
abr 04, 2013 12:33:02 PM org.ros.time.RemoteUptimeClock update
INFO: Latency: 7,0000 s, Delta ratio: 1,0000, Drift: 1,000, Error reduction coefficient: 0,000, Error: 0,0000 s
abr 04, 2013 12:33:02 PM org.ros.time.RemoteUptimeClock update
INFO: Latency: 7,0000 s, Delta ratio: 1,0000, Drift: 1,000, Error reduction coefficient: 0,000, Error: 0,0000 s
abr 04, 2013 12:33:02 PM org.ros.time.RemoteUptimeClock update
INFO: Latency: 7,0000 s, Delta ratio: 1,0000, Drift: 1,000, Error reduction coefficient: 0,000, Error: 0,0000 s
abr 04, 2013 12:33:02 PM org.ros.time.RemoteUptimeClock update
INFO: Latency: 7,0000 s, Delta ratio: 1,0000, Drift: 1,000, Error reduction coefficient: 0,000, Error: 0,0000 s
abr 04, 2013 12:33:02 PM org.ros.time.RemoteUptimeClock update
INFO: Latency: 7,0000 s, Delta ratio: 1,0000, Drift: 1,000, Error reduction coefficient: 0,000, Error: 0,0000 s
abr 04, 2013 12:33:02 PM org.ros.time.RemoteUptimeClock update
INFO: Latency: 7,0000 s, Delta ratio: 1,0000, Drift: 1,000, Error reduction coefficient: 0,000, Error: 0,0000 s
abr 04, 2013 12:33:02 PM org.ros.time.RemoteUptimeClock update
INFO: Latency: 7,0000 s, Delta ratio: 1,0000, Drift: 1,000, Error reduction coefficient: 0,000, Error: 0,0000 s
abr 04, 2013 12:33:02 PM org.ros.time.RemoteUptimeClock update
INFO: Latency: 7,0000 s, Delta ratio: 1,0000, Drift: 1,000, Error reduction coefficient: 0,000, Error: 0,0000 s
abr 04, 2013 12:33:02 PM org.ros.time.RemoteUptimeClock update
INFO: Latency: 7,0000 s, Delta ratio: 1,0000, Drift: 1,000, Error reduction coefficient: 0,000, Error: 0,0000 s
abr 04, 2013 12:33:02 PM org.ros.time.RemoteUptimeClock update
INFO: Latency: 7,0000 s, Delta ratio: 1,0000, Drift: 1,000, Error reduction coefficient: 0,000, Error: 0,0000 s
abr 04, 2013 12:33:02 PM org.ros.time.RemoteUptimeClock update
INFO: Latency: 7,0000 s, Delta ratio: 1,0000, Drift: 1,000, Error reduction coefficient: 0,000, Error: 0,0000 s
abr 04, 2013 12:33:02 PM org.ros.time.RemoteUptimeClock update
INFO: Latency: 7,0000 s, Delta ratio: 1,0000, Drift: 1,000, Error reduction coefficient: 0,000, Error: 0,0000 s
abr 04, 2013 12:33:02 PM org.ros.time.RemoteUptimeClock update
INFO: Latency: 7,0000 s, Delta ratio: 1,0000, Drift: 1,000, Error reduction coefficient: 0,000, Error: 0,0000 s
abr 04, 2013 12:33:02 PM org.ros.time.RemoteUptimeClock update
INFO: Latency: 7,0000 s, Delta ratio: 1,0000, Drift: 1,000, Error reduction coefficient: 0,000, Error: 0,0000 s
abr 04, 2013 12:33:02 PM org.ros.time.RemoteUptimeClock update
INFO: Latency: 7,0000 s, Delta ratio: 1,0000, Drift: 1,000, Error reduction coefficient: 0,000, Error: 0,0000 s
abr 04, 2013 12:33:02 PM org.ros.time.RemoteUptimeClock update
INFO: Latency: 7,0000 s, Delta ratio: 1,0000, Drift: 1,000, Error reduction coefficient: 0,000, Error: 0,0000 s
abr 04, 2013 12:33:02 PM org.ros.time.RemoteUptimeClock update
INFO: Latency: 7,0000 s, Delta ratio: 1,0000, Drift: 1,000, Error reduction coefficient: 0,000, Error: 0,0000 s
abr 04, 2013 12:33:02 PM org.ros.time.RemoteUptimeClock update
INFO: Latency: 7,0000 s, Delta ratio: 1,0000, Drift: 1,000, Error reduction coefficient: 0,000, Error: 0,0000 s
abr 04, 2013 12:33:02 PM org.ros.time.RemoteUptimeClock update
INFO: Latency: 7,0000 s, Delta ratio: 1,0000, Drift: 1,000, Error reduction coefficient: 0,000, Error: 0,0000 s
abr 04, 2013 12:33:02 PM org.ros.time.RemoteUptimeClock update
INFO: Latency: 7,0000 s, Delta ratio: 1,0000, Drift: 1,000, Error reduction coefficient: 0,000, Error: 0,0000 s
abr 04, 2013 12:33:02 PM org.ros.time.RemoteUptimeClock update
INFO: Latency: 7,0000 s, Delta ratio: 1,0000, Drift: 1,000, Error reduction coefficient: 0,000, Error: 0,0000 s
abr 04, 2013 12:33:02 PM org.ros.time.RemoteUptimeClock update
INFO: Latency: 7,0000 s, Delta ratio: 1,0000, Drift: 1,000, Error reduction coefficient: 0,000, Error: 0,0000 s
abr 04, 2013 12:33:02 PM org.ros.time.RemoteUptimeClock update
INFO: Latency: 7,0000 s, Delta ratio: 1,0000, Drift: 1,000, Error reduction coefficient: 0,000, Error: 0,0000 s
abr 04, 2013 12:33:02 PM org.ros.time.RemoteUptimeClock update
INFO: Latency: 7,0000 s, Delta ratio: 1,0000, Drift: 1,000, Error reduction coefficient: 0,000, Error: 0,0000 s
abr 04, 2013 12:33:02 PM org.ros.time.RemoteUptimeClock update
INFO: Latency: 7,0000 s, Delta ratio: 1,0000, Drift: 1,000, Error reduction coefficient: 0,000, Error: 0,0000 s
abr 04, 2013 12:33:02 PM org.ros.time.RemoteUptimeClock update
INFO: Latency: 7,0000 s, Delta ratio: 1,0000, Drift: 1,000, Error reduction coefficient: 0,000, Error: 0,0000 s
abr 04, 2013 12:33:02 PM org.ros.time.RemoteUptimeClock update
INFO: Latency: 7,0000 s, Delta ratio: 1,0000, Drift: 1,000, Error reduction coefficient: 0,000, Error: 0,0000 s
abr 04, 2013 12:33:02 PM org.ros.time.RemoteUptimeClock update
INFO: Latency: 7,0000 s, Delta ratio: 1,0000, Drift: 1,000, Error reduction coefficient: 0,000, Error: 0,0000 s
abr 04, 2013 12:33:02 PM org.ros.time.RemoteUptimeClock update
INFO: Latency: 7,0000 s, Delta ratio: 1,0000, Drift: 1,000, Error reduction coefficient: 0,000, Error: 0,0000 s
abr 04, 2013 12:33:02 PM org.ros.time.RemoteUptimeClock update
INFO: Latency: 7,0000 s, Delta ratio: 1,0000, Drift: 1,000, Error reduction coefficient: 0,000, Error: 0,0000 s
abr 04, 2013 12:33:02 PM org.ros.time.RemoteUptimeClock update
INFO: Latency: 7,0000 s, Delta ratio: 1,0000, Drift: 1,000, Error reduction coefficient: 0,000, Error: 0,0000 s
abr 04, 2013 12:33:02 PM org.ros.time.RemoteUptimeClock update
INFO: Latency: 7,0000 s, Delta ratio: 1,0000, Drift: 1,000, Error reduction coefficient: 0,000, Error: 0,0000 s
abr 04, 2013 12:33:02 PM org.ros.time.RemoteUptimeClock update
INFO: Latency: 7,0000 s, Delta ratio: 1,0000, Drift: 1,000, Error reduction coefficient: 0,000, Error: 0,0000 s
abr 04, 2013 12:33:02 PM org.ros.time.RemoteUptimeClock update
INFO: Latency: 7,0000 s, Delta ratio: 1,0000, Drift: 1,000, Error reduction coefficient: 0,000, Error: 0,0000 s
abr 04, 2013 12:33:02 PM org.ros.time.RemoteUptimeClock update
INFO: Latency: 7,0000 s, Delta ratio: 1,0000, Drift: 1,000, Error reduction coefficient: 0,000, Error: 0,0000 s
abr 04, 2013 12:33:02 PM org.ros.time.RemoteUptimeClock update
INFO: Latency: 7,0000 s, Delta ratio: 1,0000, Drift: 1,000, Error reduction coefficient: 0,000, Error: 0,0000 s
abr 04, 2013 12:33:02 PM org.ros.time.RemoteUptimeClock update
INFO: Latency: 7,0000 s, Delta ratio: 1,0000, Drift: 1,000, Error reduction coefficient: 0,000, Error: 0,0000 s
abr 04, 2013 12:33:02 PM org.ros.time.RemoteUptimeClock update
INFO: Latency: 7,0000 s, Delta ratio: 1,0000, Drift: 1,000, Error reduction coefficient: 0,000, Error: 0,0000 s
abr 04, 2013 12:33:02 PM org.ros.time.RemoteUptimeClock update
INFO: Latency: 7,0000 s, Delta ratio: 1,0000, Drift: 1,000, Error reduction coefficient: 0,000, Error: 0,0000 s
abr 04, 2013 12:33:02 PM org.ros.time.RemoteUptimeClock update
INFO: Latency: 7,0000 s, Delta ratio: 1,0000, Drift: 1,000, Error reduction coefficient: 0,000, Error: 0,0000 s
abr 04, 2013 12:33:02 PM org.ros.time.RemoteUptimeClock update
INFO: Latency: 7,0000 s, Delta ratio: 1,0000, Drift: 1,000, Error reduction coefficient: 0,000, Error: 0,0000 s
abr 04, 2013 12:33:02 PM org.ros.time.RemoteUptimeClock update
INFO: Latency: 7,0000 s, Delta ratio: 1,0000, Drift: 1,000, Error reduction coefficient: 0,000, Error: 0,0000 s
abr 04, 2013 12:33:02 PM org.ros.time.RemoteUptimeClock update
INFO: Latency: 7,0000 s, Delta ratio: 1,0000, Drift: 1,000, Error reduction coefficient: 0,000, Error: 0,0000 s
abr 04, 2013 12:33:02 PM org.ros.time.RemoteUptimeClock update
INFO: Latency: 7,0000 s, Delta ratio: 1,0000, Drift: 1,000, Error reduction coefficient: 0,000, Error: 0,0000 s
abr 04, 2013 12:33:02 PM org.ros.time.RemoteUptimeClock update
INFO: Latency: 7,0000 s, Delta ratio: 1,0000, Drift: 1,000, Error reduction coefficient: 0,000, Error: 0,0000 s
abr 04, 2013 12:33:02 PM org.ros.time.RemoteUptimeClock update
INFO: Latency: 7,0000 s, Delta ratio: 1,0000, Drift: 1,000, Error reduction coefficient: 0,000, Error: 0,0000 s
abr 04, 2013 12:33:02 PM org.ros.time.RemoteUptimeClock update
INFO: Latency: 7,0000 s, Delta ratio: 1,0000, Drift: 1,000, Error reduction coefficient: 0,000, Error: 0,0000 s
abr 04, 2013 12:33:02 PM org.ros.time.RemoteUptimeClock update
INFO: Latency: 7,0000 s, Delta ratio: 1,0000, Drift: 1,000, Error reduction coefficient: 0,000, Error: 0,0000 s
abr 04, 2013 12:33:02 PM org.ros.time.RemoteUptimeClock update
INFO: Latency: 7,0000 s, Delta ratio: 1,0000, Drift: 1,000, Error reduction coefficient: 0,000, Error: 0,0000 s
abr 04, 2013 12:33:02 PM org.ros.time.RemoteUptimeClock update
INFO: Latency: 7,0000 s, Delta ratio: 1,0000, Drift: 1,000, Error reduction coefficient: 0,000, Error: 0,0000 s
abr 04, 2013 12:33:02 PM org.ros.time.RemoteUptimeClock update
INFO: Latency: 7,0000 s, Delta ratio: 1,0000, Drift: 1,000, Error reduction coefficient: 0,000, Error: 0,0000 s
abr 04, 2013 12:33:02 PM org.ros.time.RemoteUptimeClock update
INFO: Latency: 7,0000 s, Delta ratio: 1,0000, Drift: 1,000, Error reduction coefficient: 0,000, Error: 0,0000 s
abr 04, 2013 12:33:02 PM org.ros.time.RemoteUptimeClock update
INFO: Latency: 7,0000 s, Delta ratio: 1,0000, Drift: 1,000, Error reduction coefficient: 0,000, Error: 0,0000 s
abr 04, 2013 12:33:02 PM org.ros.time.RemoteUptimeClock update
INFO: Latency: 7,0000 s, Delta ratio: 1,0000, Drift: 1,000, Error reduction coefficient: 0,000, Error: 0,0000 s
abr 04, 2013 12:33:02 PM org.ros.time.RemoteUptimeClock update
INFO: Latency: 7,0000 s, Delta ratio: 1,0000, Drift: 1,000, Error reduction coefficient: 0,000, Error: 0,0000 s
abr 04, 2013 12:33:02 PM org.ros.time.RemoteUptimeClock update
INFO: Latency: 7,0000 s, Delta ratio: 1,0000, Drift: 1,000, Error reduction coefficient: 0,000, Error: 0,0000 s
abr 04, 2013 12:33:02 PM org.ros.time.RemoteUptimeClock update
INFO: Latency: 7,0000 s, Delta ratio: 1,0000, Drift: 1,000, Error reduction coefficient: 0,000, Error: 0,0000 s
abr 04, 2013 12:33:02 PM org.ros.time.RemoteUptimeClock update
INFO: Latency: 7,0000 s, Delta ratio: 1,0000, Drift: 1,000, Error reduction coefficient: 0,000, Error: 0,0000 s
abr 04, 2013 12:33:02 PM org.ros.time.RemoteUptimeClock update
INFO: Latency: 7,0000 s, Delta ratio: 1,0000, Drift: 1,000, Error reduction coefficient: 0,000, Error: 0,0000 s
abr 04, 2013 12:33:02 PM org.ros.time.RemoteUptimeClock update
INFO: Latency: 7,0000 s, Delta ratio: 1,0000, Drift: 1,000, Error reduction coefficient: 0,000, Error: 0,0000 s
abr 04, 2013 12:33:02 PM org.ros.time.RemoteUptimeClock update
INFO: Latency: 7,0000 s, Delta ratio: 1,0000, Drift: 1,000, Error reduction coefficient: 0,000, Error: 0,0000 s
abr 04, 2013 12:33:02 PM org.ros.time.RemoteUptimeClock update
INFO: Latency: 7,0000 s, Delta ratio: 1,0000, Drift: 1,000, Error reduction coefficient: 0,000, Error: 0,0000 s
abr 04, 2013 12:33:02 PM org.ros.time.RemoteUptimeClock update
INFO: Latency: 7,0000 s, Delta ratio: 1,0000, Drift: 1,000, Error reduction coefficient: 0,000, Error: 0,0000 s
abr 04, 2013 12:33:02 PM org.ros.time.RemoteUptimeClock update
INFO: Latency: 7,0000 s, Delta ratio: 1,0000, Drift: 1,000, Error reduction coefficient: 0,000, Error: 0,0000 s
abr 04, 2013 12:33:02 PM org.ros.time.RemoteUptimeClock update
INFO: Latency: 7,0000 s, Delta ratio: 1,0000, Drift: 1,000, Error reduction coefficient: 0,000, Error: 0,0000 s
abr 04, 2013 12:33:02 PM org.ros.time.RemoteUptimeClock update
INFO: Latency: 7,0000 s, Delta ratio: 1,0000, Drift: 1,000, Error reduction coefficient: 0,000, Error: 0,0000 s
abr 04, 2013 12:33:02 PM org.ros.time.RemoteUptimeClock update
INFO: Latency: 7,0000 s, Delta ratio: 1,0000, Drift: 1,000, Error reduction coefficient: 0,000, Error: 0,0000 s
abr 04, 2013 12:33:02 PM org.ros.time.RemoteUptimeClock update
INFO: Latency: 7,0000 s, Delta ratio: 1,0000, Drift: 1,000, Error reduction coefficient: 0,000, Error: 0,0000 s
abr 04, 2013 12:33:02 PM org.ros.time.RemoteUptimeClock update
INFO: Latency: 7,0000 s, Delta ratio: 1,0000, Drift: 1,000, Error reduction coefficient: 0,000, Error: 0,0000 s
abr 04, 2013 12:33:02 PM org.ros.time.RemoteUptimeClock update
INFO: Latency: 7,0000 s, Delta ratio: 1,0000, Drift: 1,000, Error reduction coefficient: 0,000, Error: 0,0000 s
abr 04, 2013 12:33:02 PM org.ros.time.RemoteUptimeClock update
INFO: Latency: 7,0000 s, Delta ratio: 1,0000, Drift: 1,000, Error reduction coefficient: 0,000, Error: 0,0000 s
abr 04, 2013 12:33:02 PM org.ros.time.RemoteUptimeClock update
INFO: Latency: 7,0000 s, Delta ratio: 1,0000, Drift: 1,000, Error reduction coefficient: 0,000, Error: 0,0000 s
abr 04, 2013 12:33:02 PM org.ros.time.RemoteUptimeClock update
INFO: Latency: 7,0000 s, Delta ratio: 1,0000, Drift: 1,000, Error reduction coefficient: 0,000, Error: 0,0000 s
abr 04, 2013 12:33:02 PM org.ros.time.RemoteUptimeClock update
INFO: Latency: 7,0000 s, Delta ratio: 1,0000, Drift: 1,000, Error reduction coefficient: 0,000, Error: 0,0000 s
abr 04, 2013 12:33:02 PM org.ros.time.RemoteUptimeClock update
INFO: Latency: 7,0000 s, Delta ratio: 1,0000, Drift: 1,000, Error reduction coefficient: 0,000, Error: 0,0000 s
abr 04, 2013 12:33:02 PM org.ros.time.RemoteUptimeClock update
INFO: Latency: 7,0000 s, Delta ratio: 1,0000, Drift: 1,000, Error reduction coefficient: 0,000, Error: 0,0000 s
abr 04, 2013 12:33:02 PM org.ros.time.RemoteUptimeClock update
INFO: Latency: 7,0000 s, Delta ratio: 1,0000, Drift: 1,000, Error reduction coefficient: 0,000, Error: 0,0000 s
abr 04, 2013 12:33:02 PM org.ros.time.RemoteUptimeClock update
INFO: Latency: 7,0000 s, Delta ratio: 1,0000, Drift: 1,000, Error reduction coefficient: 0,000, Error: 0,0000 s
abr 04, 2013 12:33:02 PM org.ros.time.RemoteUptimeClock update
INFO: Latency: 7,0000 s, Delta ratio: 1,0000, Drift: 1,000, Error reduction coefficient: 0,000, Error: 0,0000 s
abr 04, 2013 12:33:02 PM org.ros.time.RemoteUptimeClock update
INFO: Latency: 7,0000 s, Delta ratio: 1,0000, Drift: 1,000, Error reduction coefficient: 0,000, Error: 0,0000 s
abr 04, 2013 12:33:02 PM org.ros.time.RemoteUptimeClock update
INFO: Latency: 7,0000 s, Delta ratio: 1,0000, Drift: 1,000, Error reduction coefficient: 0,000, Error: 0,0000 s
abr 04, 2013 12:33:02 PM org.ros.time.RemoteUptimeClock update
INFO: Latency: 7,0000 s, Delta ratio: 1,0000, Drift: 1,000, Error reduction coefficient: 0,000, Error: 0,0000 s
abr 04, 2013 12:33:02 PM org.ros.time.RemoteUptimeClock update
INFO: Latency: 7,0000 s, Delta ratio: 1,0000, Drift: 1,000, Error reduction coefficient: 0,000, Error: 0,0000 s
abr 04, 2013 12:33:02 PM org.ros.time.RemoteUptimeClock update
INFO: Latency: 7,0000 s, Delta ratio: 1,0000, Drift: 1,000, Error reduction coefficient: 0,000, Error: 0,0000 s
abr 04, 2013 12:33:02 PM org.ros.time.RemoteUptimeClock update
INFO: Latency: 7,0000 s, Delta ratio: 1,0000, Drift: 1,000, Error reduction coefficient: 0,000, Error: 0,0000 s
abr 04, 2013 12:33:02 PM org.ros.time.RemoteUptimeClock update
INFO: Latency: 7,0000 s, Delta ratio: 1,0000, Drift: 1,000, Error reduction coefficient: 0,000, Error: 0,0000 s
abr 04, 2013 12:33:02 PM org.ros.time.RemoteUptimeClock update
INFO: Latency: 7,0000 s, Delta ratio: 1,0000, Drift: 1,000, Error reduction coefficient: 0,000, Error: 0,0000 s
abr 04, 2013 12:33:02 PM org.ros.time.RemoteUptimeClock update
INFO: Latency: 7,0000 s, Delta ratio: 1,0000, Drift: 1,000, Error reduction coefficient: 0,000, Error: 0,0000 s
abr 04, 2013 12:33:02 PM org.ros.time.RemoteUptimeClock update
INFO: Latency: 7,0000 s, Delta ratio: 1,0000, Drift: 1,000, Error reduction coefficient: 0,000, Error: 0,0000 s
abr 04, 2013 12:33:02 PM org.ros.time.RemoteUptimeClock update
INFO: Latency: 7,0000 s, Delta ratio: 1,0000, Drift: 1,000, Error reduction coefficient: 0,000, Error: 0,0000 s
abr 04, 2013 12:33:02 PM org.ros.time.RemoteUptimeClock update
INFO: Latency: 7,0000 s, Delta ratio: 1,0000, Drift: 1,000, Error reduction coefficient: 0,000, Error: 0,0000 s
abr 04, 2013 12:33:02 PM org.ros.time.RemoteUptimeClock update
INFO: Latency: 7,0000 s, Delta ratio: 1,0000, Drift: 1,000, Error reduction coefficient: 0,000, Error: 0,0000 s
abr 04, 2013 12:33:02 PM org.ros.time.RemoteUptimeClock update
INFO: Latency: 7,0000 s, Delta ratio: 1,0000, Drift: 1,000, Error reduction coefficient: 0,000, Error: 0,0000 s
abr 04, 2013 12:33:02 PM org.ros.time.RemoteUptimeClock update
INFO: Latency: 7,0000 s, Delta ratio: 1,0000, Drift: 1,000, Error reduction coefficient: 0,000, Error: 0,0000 s
abr 04, 2013 12:33:02 PM org.ros.time.RemoteUptimeClock update
INFO: Latency: 7,0000 s, Delta ratio: 1,0000, Drift: 1,000, Error reduction coefficient: 0,000, Error: 0,0000 s
abr 04, 2013 12:33:02 PM org.ros.time.RemoteUptimeClock update
INFO: Latency: 7,0000 s, Delta ratio: 1,0000, Drift: 1,000, Error reduction coefficient: 0,000, Error: 0,0000 s
abr 04, 2013 12:33:02 PM org.ros.time.RemoteUptimeClock update
INFO: Latency: 7,0000 s, Delta ratio: 1,0000, Drift: 1,000, Error reduction coefficient: 0,000, Error: 0,0000 s
abr 04, 2013 12:33:02 PM org.ros.time.RemoteUptimeClock update
INFO: Latency: 7,0000 s, Delta ratio: 1,0000, Drift: 1,000, Error reduction coefficient: 0,000, Error: 0,0000 s
abr 04, 2013 12:33:02 PM org.ros.time.RemoteUptimeClock update
INFO: Latency: 7,0000 s, Delta ratio: 1,0000, Drift: 1,000, Error reduction coefficient: 0,000, Error: 0,0000 s
abr 04, 2013 12:33:02 PM org.ros.time.RemoteUptimeClock update
INFO: Latency: 7,0000 s, Delta ratio: 1,0000, Drift: 1,000, Error reduction coefficient: 0,000, Error: 0,0000 s
abr 04, 2013 12:33:02 PM org.ros.time.RemoteUptimeClock update
INFO: Latency: 7,0000 s, Delta ratio: 1,0000, Drift: 1,000, Error reduction coefficient: 0,000, Error: 0,0000 s
abr 04, 2013 12:33:02 PM org.ros.time.RemoteUptimeClock update
INFO: Latency: 7,0000 s, Delta ratio: 1,0000, Drift: 1,000, Error reduction coefficient: 0,000, Error: 0,0000 s
abr 04, 2013 12:33:02 PM org.ros.time.RemoteUptimeClock update
INFO: Latency: 7,0000 s, Delta ratio: 1,0000, Drift: 1,000, Error reduction coefficient: 0,000, Error: 0,0000 s
abr 04, 2013 12:33:02 PM org.ros.time.RemoteUptimeClock update
INFO: Latency: 7,0000 s, Delta ratio: 1,0000, Drift: 1,000, Error reduction coefficient: 0,000, Error: 0,0000 s
abr 04, 2013 12:33:02 PM org.ros.time.RemoteUptimeClock update
INFO: Latency: 7,0000 s, Delta ratio: 1,0000, Drift: 1,000, Error reduction coefficient: 0,000, Error: 0,0000 s
abr 04, 2013 12:33:02 PM org.ros.time.RemoteUptimeClock update
INFO: Latency: 7,0000 s, Delta ratio: 1,0000, Drift: 1,000, Error reduction coefficient: 0,000, Error: 0,0000 s
abr 04, 2013 12:33:02 PM org.ros.time.RemoteUptimeClock update
INFO: Latency: 7,0000 s, Delta ratio: 1,0000, Drift: 1,000, Error reduction coefficient: 0,000, Error: 0,0000 s
abr 04, 2013 12:33:02 PM org.ros.time.RemoteUptimeClock update
INFO: Latency: 7,0000 s, Delta ratio: 1,0000, Drift: 1,000, Error reduction coefficient: 0,000, Error: 0,0000 s
abr 04, 2013 12:33:02 PM org.ros.time.RemoteUptimeClock update
INFO: Latency: 7,0000 s, Delta ratio: 1,0000, Drift: 1,000, Error reduction coefficient: 0,000, Error: 0,0000 s
abr 04, 2013 12:33:02 PM org.ros.time.RemoteUptimeClock update
INFO: Latency: 7,0000 s, Delta ratio: 1,0000, Drift: 1,000, Error reduction coefficient: 0,000, Error: 0,0000 s
abr 04, 2013 12:33:02 PM org.ros.time.RemoteUptimeClock update
INFO: Latency: 7,0000 s, Delta ratio: 1,0000, Drift: 1,000, Error reduction coefficient: 0,000, Error: 0,0000 s
abr 04, 2013 12:33:02 PM org.ros.time.RemoteUptimeClock update
INFO: Latency: 7,0000 s, Delta ratio: 1,0000, Drift: 1,000, Error reduction coefficient: 0,000, Error: 0,0000 s
abr 04, 2013 12:33:02 PM org.ros.time.RemoteUptimeClock update
INFO: Latency: 7,0000 s, Delta ratio: 1,0000, Drift: 1,000, Error reduction coefficient: 0,000, Error: 0,0000 s
abr 04, 2013 12:33:02 PM org.ros.time.RemoteUptimeClock update
INFO: Latency: 7,0000 s, Delta ratio: 1,0000, Drift: 1,000, Error reduction coefficient: 0,000, Error: 0,0000 s
abr 04, 2013 12:33:02 PM org.ros.time.RemoteUptimeClock update
INFO: Latency: 7,0000 s, Delta ratio: 1,0000, Drift: 1,000, Error reduction coefficient: 0,000, Error: 0,0000 s
abr 04, 2013 12:33:02 PM org.ros.time.RemoteUptimeClock update
INFO: Latency: 7,0000 s, Delta ratio: 1,0000, Drift: 1,000, Error reduction coefficient: 0,000, Error: 0,0000 s
abr 04, 2013 12:33:02 PM org.ros.time.RemoteUptimeClock update
INFO: Latency: 7,0000 s, Delta ratio: 1,0000, Drift: 1,000, Error reduction coefficient: 0,000, Error: 0,0000 s
abr 04, 2013 12:33:02 PM org.ros.time.RemoteUptimeClock update
INFO: Latency: 7,0000 s, Delta ratio: 1,0000, Drift: 1,000, Error reduction coefficient: 0,000, Error: 0,0000 s
abr 04, 2013 12:33:02 PM org.ros.time.RemoteUptimeClock update
INFO: Latency: 7,0000 s, Delta ratio: 1,0000, Drift: 1,000, Error reduction coefficient: 0,000, Error: 0,0000 s
abr 04, 2013 12:33:02 PM org.ros.time.RemoteUptimeClock update
INFO: Latency: 7,0000 s, Delta ratio: 1,0000, Drift: 1,000, Error reduction coefficient: 0,000, Error: 0,0000 s
abr 04, 2013 12:33:02 PM org.ros.time.RemoteUptimeClock update
INFO: Latency: 7,0000 s, Delta ratio: 1,0000, Drift: 1,000, Error reduction coefficient: 0,000, Error: 0,0000 s
abr 04, 2013 12:33:02 PM org.ros.time.RemoteUptimeClock update
INFO: Latency: 7,0000 s, Delta ratio: 1,0000, Drift: 1,000, Error reduction coefficient: 0,000, Error: 0,0000 s
abr 04, 2013 12:33:02 PM org.ros.time.RemoteUptimeClock update
INFO: Latency: 7,0000 s, Delta ratio: 1,0000, Drift: 1,000, Error reduction coefficient: 0,000, Error: 0,0000 s
abr 04, 2013 12:33:02 PM org.ros.time.RemoteUptimeClock update
INFO: Latency: 7,0000 s, Delta ratio: 1,0000, Drift: 1,000, Error reduction coefficient: 0,000, Error: 0,0000 s
abr 04, 2013 12:33:02 PM org.ros.time.RemoteUptimeClock update
INFO: Latency: 7,0000 s, Delta ratio: 1,0000, Drift: 1,000, Error reduction coefficient: 0,000, Error: 0,0000 s
abr 04, 2013 12:33:02 PM org.ros.time.RemoteUptimeClock update
INFO: Latency: 7,0000 s, Delta ratio: 1,0000, Drift: 1,000, Error reduction coefficient: 0,000, Error: 0,0000 s
abr 04, 2013 12:33:02 PM org.ros.time.RemoteUptimeClock update
INFO: Latency: 7,0000 s, Delta ratio: 1,0000, Drift: 1,000, Error reduction coefficient: 0,000, Error: 0,0000 s
abr 04, 2013 12:33:02 PM org.ros.time.RemoteUptimeClock update
INFO: Latency: 7,0000 s, Delta ratio: 1,0000, Drift: 1,000, Error reduction coefficient: 0,000, Error: 0,0000 s
abr 04, 2013 12:33:02 PM org.ros.time.RemoteUptimeClock update
INFO: Latency: 7,0000 s, Delta ratio: 1,0000, Drift: 1,000, Error reduction coefficient: 0,000, Error: 0,0000 s
abr 04, 2013 12:33:02 PM org.ros.time.RemoteUptimeClock update
INFO: Latency: 7,0000 s, Delta ratio: 1,0000, Drift: 1,000, Error reduction coefficient: 0,000, Error: 0,0000 s
abr 04, 2013 12:33:02 PM org.ros.time.RemoteUptimeClock update
INFO: Latency: 7,0000 s, Delta ratio: 1,0000, Drift: 1,000, Error reduction coefficient: 0,000, Error: 0,0000 s
abr 04, 2013 12:33:02 PM org.ros.time.RemoteUptimeClock update
INFO: Latency: 7,0000 s, Delta ratio: 1,0000, Drift: 1,000, Error reduction coefficient: 0,000, Error: 0,0000 s
abr 04, 2013 12:33:02 PM org.ros.time.RemoteUptimeClock update
INFO: Latency: 7,0000 s, Delta ratio: 1,0000, Drift: 1,000, Error reduction coefficient: 0,000, Error: 0,0000 s
abr 04, 2013 12:33:02 PM org.ros.time.RemoteUptimeClock update
INFO: Latency: 7,0000 s, Delta ratio: 1,0000, Drift: 1,000, Error reduction coefficient: 0,000, Error: 0,0000 s
abr 04, 2013 12:33:02 PM org.ros.time.RemoteUptimeClock update
INFO: Latency: 7,0000 s, Delta ratio: 1,0000, Drift: 1,000, Error reduction coefficient: 0,000, Error: 0,0000 s
abr 04, 2013 12:33:02 PM org.ros.time.RemoteUptimeClock update
INFO: Latency: 7,0000 s, Delta ratio: 1,0000, Drift: 1,000, Error reduction coefficient: 0,000, Error: 0,0000 s
abr 04, 2013 12:33:02 PM org.ros.time.RemoteUptimeClock update
INFO: Latency: 7,0000 s, Delta ratio: 1,0000, Drift: 1,000, Error reduction coefficient: 0,000, Error: 0,0000 s
abr 04, 2013 12:33:02 PM org.ros.time.RemoteUptimeClock update
INFO: Latency: 7,0000 s, Delta ratio: 1,0000, Drift: 1,000, Error reduction coefficient: 0,000, Error: 0,0000 s
abr 04, 2013 12:33:02 PM org.ros.time.RemoteUptimeClock update
INFO: Latency: 7,0000 s, Delta ratio: 1,0000, Drift: 1,000, Error reduction coefficient: 0,000, Error: 0,0000 s
abr 04, 2013 12:33:02 PM org.ros.time.RemoteUptimeClock update
INFO: Latency: 7,0000 s, Delta ratio: 1,0000, Drift: 1,000, Error reduction coefficient: 0,000, Error: 0,0000 s
abr 04, 2013 12:33:02 PM org.ros.time.RemoteUptimeClock update
INFO: Latency: 7,0000 s, Delta ratio: 1,0000, Drift: 1,000, Error reduction coefficient: 0,000, Error: 0,0000 s
abr 04, 2013 12:33:02 PM org.ros.time.RemoteUptimeClock update
INFO: Latency: 7,0000 s, Delta ratio: 1,0000, Drift: 1,000, Error reduction coefficient: 0,000, Error: 0,0000 s
abr 04, 2013 12:33:02 PM org.ros.time.RemoteUptimeClock update
INFO: Latency: 7,0000 s, Delta ratio: 1,0000, Drift: 1,000, Error reduction coefficient: 0,000, Error: 0,0000 s
abr 04, 2013 12:33:02 PM org.ros.time.RemoteUptimeClock update
INFO: Latency: 7,0000 s, Delta ratio: 1,0000, Drift: 1,000, Error reduction coefficient: 0,000, Error: 0,0000 s
abr 04, 2013 12:33:02 PM org.ros.time.RemoteUptimeClock update
INFO: Latency: 7,0000 s, Delta ratio: 1,0000, Drift: 1,000, Error reduction coefficient: 0,000, Error: 0,0000 s
abr 04, 2013 12:33:02 PM org.ros.time.RemoteUptimeClock update
INFO: Latency: 7,0000 s, Delta ratio: 1,0000, Drift: 1,000, Error reduction coefficient: 0,000, Error: 0,0000 s
abr 04, 2013 12:33:02 PM org.ros.time.RemoteUptimeClock update
INFO: Latency: 7,0000 s, Delta ratio: 1,0000, Drift: 1,000, Error reduction coefficient: 0,000, Error: 0,0000 s
abr 04, 2013 12:33:02 PM org.ros.time.RemoteUptimeClock update
INFO: Latency: 7,0000 s, Delta ratio: 1,0000, Drift: 1,000, Error reduction coefficient: 0,000, Error: 0,0000 s
abr 04, 2013 12:33:02 PM org.ros.time.RemoteUptimeClock update
INFO: Latency: 7,0000 s, Delta ratio: 1,0000, Drift: 1,000, Error reduction coefficient: 0,000, Error: 0,0000 s
abr 04, 2013 12:33:02 PM org.ros.time.RemoteUptimeClock update
INFO: Latency: 7,0000 s, Delta ratio: 1,0000, Drift: 1,000, Error reduction coefficient: 0,000, Error: 0,0000 s
abr 04, 2013 12:33:02 PM org.ros.time.RemoteUptimeClock update
INFO: Latency: 7,0000 s, Delta ratio: 1,0000, Drift: 1,000, Error reduction coefficient: 0,000, Error: 0,0000 s
abr 04, 2013 12:33:02 PM org.ros.time.RemoteUptimeClock update
INFO: Latency: 7,0000 s, Delta ratio: 1,0000, Drift: 1,000, Error reduction coefficient: 0,000, Error: 0,0000 s
abr 04, 2013 12:33:02 PM org.ros.time.RemoteUptimeClock update
INFO: Latency: 7,0000 s, Delta ratio: 1,0000, Drift: 1,000, Error reduction coefficient: 0,000, Error: 0,0000 s
abr 04, 2013 12:33:02 PM org.ros.time.RemoteUptimeClock update
INFO: Latency: 7,0000 s, Delta ratio: 1,0000, Drift: 1,000, Error reduction coefficient: 0,000, Error: 0,0000 s
abr 04, 2013 12:33:02 PM org.ros.time.RemoteUptimeClock update
INFO: Latency: 7,0000 s, Delta ratio: 1,0000, Drift: 1,000, Error reduction coefficient: 0,000, Error: 0,0000 s
abr 04, 2013 12:33:02 PM org.ros.time.RemoteUptimeClock update
INFO: Latency: 7,0000 s, Delta ratio: 1,0000, Drift: 1,000, Error reduction coefficient: 0,000, Error: 0,0000 s
abr 04, 2013 12:33:02 PM org.ros.time.RemoteUptimeClock update
INFO: Latency: 7,0000 s, Delta ratio: 1,0000, Drift: 1,000, Error reduction coefficient: 0,000, Error: 0,0000 s
abr 04, 2013 12:33:02 PM org.ros.time.RemoteUptimeClock update
INFO: Latency: 7,0000 s, Delta ratio: 1,0000, Drift: 1,000, Error reduction coefficient: 0,000, Error: 0,0000 s
abr 04, 2013 12:33:02 PM org.ros.time.RemoteUptimeClock update
INFO: Latency: 7,0000 s, Delta ratio: 1,0000, Drift: 1,000, Error reduction coefficient: 0,000, Error: 0,0000 s
abr 04, 2013 12:33:02 PM org.ros.time.RemoteUptimeClock update
INFO: Latency: 7,0000 s, Delta ratio: 1,0000, Drift: 1,000, Error reduction coefficient: 0,000, Error: 0,0000 s
abr 04, 2013 12:33:02 PM org.ros.time.RemoteUptimeClock update
INFO: Latency: 7,0000 s, Delta ratio: 1,0000, Drift: 1,000, Error reduction coefficient: 0,000, Error: 0,0000 s
abr 04, 2013 12:33:02 PM org.ros.time.RemoteUptimeClock update
INFO: Latency: 7,0000 s, Delta ratio: 1,0000, Drift: 1,000, Error reduction coefficient: 0,000, Error: 0,0000 s
abr 04, 2013 12:33:02 PM org.ros.time.RemoteUptimeClock update
INFO: Latency: 7,0000 s, Delta ratio: 1,0000, Drift: 1,000, Error reduction coefficient: 0,000, Error: 0,0000 s
abr 04, 2013 12:33:02 PM org.ros.time.RemoteUptimeClock update
INFO: Latency: 7,0000 s, Delta ratio: 1,0000, Drift: 1,000, Error reduction coefficient: 0,000, Error: 0,0000 s
abr 04, 2013 12:33:02 PM org.ros.time.RemoteUptimeClock update
INFO: Latency: 7,0000 s, Delta ratio: 1,0000, Drift: 1,000, Error reduction coefficient: 0,000, Error: 0,0000 s
abr 04, 2013 12:33:02 PM org.ros.time.RemoteUptimeClock update
INFO: Latency: 7,0000 s, Delta ratio: 1,0000, Drift: 1,000, Error reduction coefficient: 0,000, Error: 0,0000 s
abr 04, 2013 12:33:02 PM org.ros.time.RemoteUptimeClock update
INFO: Latency: 7,0000 s, Delta ratio: 1,0000, Drift: 1,000, Error reduction coefficient: 0,000, Error: 0,0000 s
abr 04, 2013 12:33:02 PM org.ros.time.RemoteUptimeClock update
INFO: Latency: 7,0000 s, Delta ratio: 1,0000, Drift: 1,000, Error reduction coefficient: 0,000, Error: 0,0000 s
abr 04, 2013 12:33:02 PM org.ros.time.RemoteUptimeClock update
INFO: Latency: 7,0000 s, Delta ratio: 1,0000, Drift: 1,000, Error reduction coefficient: 0,000, Error: 0,0000 s
abr 04, 2013 12:33:02 PM org.ros.time.RemoteUptimeClock update
INFO: Latency: 7,0000 s, Delta ratio: 1,0000, Drift: 1,000, Error reduction coefficient: 0,000, Error: 0,0000 s
abr 04, 2013 12:33:02 PM org.ros.time.RemoteUptimeClock update
INFO: Latency: 7,0000 s, Delta ratio: 1,0000, Drift: 1,000, Error reduction coefficient: 0,000, Error: 0,0000 s
abr 04, 2013 12:33:02 PM org.ros.time.RemoteUptimeClock update
INFO: Latency: 7,0000 s, Delta ratio: 1,0000, Drift: 1,000, Error reduction coefficient: 0,000, Error: 0,0000 s
abr 04, 2013 12:33:02 PM org.ros.time.RemoteUptimeClock update
INFO: Latency: 7,0000 s, Delta ratio: 1,0000, Drift: 1,000, Error reduction coefficient: 0,000, Error: 0,0000 s
abr 04, 2013 12:33:02 PM org.ros.time.RemoteUptimeClock update
INFO: Latency: 7,0000 s, Delta ratio: 1,0000, Drift: 1,000, Error reduction coefficient: 0,000, Error: 0,0000 s
abr 04, 2013 12:33:02 PM org.ros.time.RemoteUptimeClock update
INFO: Latency: 7,0000 s, Delta ratio: 1,0000, Drift: 1,000, Error reduction coefficient: 0,000, Error: 0,0000 s
abr 04, 2013 12:33:02 PM org.ros.time.RemoteUptimeClock update
INFO: Latency: 7,0000 s, Delta ratio: 1,0000, Drift: 1,000, Error reduction coefficient: 0,000, Error: 0,0000 s
abr 04, 2013 12:33:02 PM org.ros.time.RemoteUptimeClock update
INFO: Latency: 7,0000 s, Delta ratio: 1,0000, Drift: 1,000, Error reduction coefficient: 0,000, Error: 0,0000 s
abr 04, 2013 12:33:02 PM org.ros.time.RemoteUptimeClock update
INFO: Latency: 7,0000 s, Delta ratio: 1,0000, Drift: 1,000, Error reduction coefficient: 0,000, Error: 0,0000 s
abr 04, 2013 12:33:02 PM org.ros.time.RemoteUptimeClock update
INFO: Latency: 7,0000 s, Delta ratio: 1,0000, Drift: 1,000, Error reduction coefficient: 0,000, Error: 0,0000 s
abr 04, 2013 12:33:02 PM org.ros.time.RemoteUptimeClock update
INFO: Latency: 7,0000 s, Delta ratio: 1,0000, Drift: 1,000, Error reduction coefficient: 0,000, Error: 0,0000 s
abr 04, 2013 12:33:02 PM org.ros.time.RemoteUptimeClock update
INFO: Latency: 7,0000 s, Delta ratio: 1,0000, Drift: 1,000, Error reduction coefficient: 0,000, Error: 0,0000 s
abr 04, 2013 12:33:02 PM org.ros.time.RemoteUptimeClock update
INFO: Latency: 7,0000 s, Delta ratio: 1,0000, Drift: 1,000, Error reduction coefficient: 0,000, Error: 0,0000 s
abr 04, 2013 12:33:02 PM org.ros.time.RemoteUptimeClock update
INFO: Latency: 7,0000 s, Delta ratio: 1,0000, Drift: 1,000, Error reduction coefficient: 0,000, Error: 0,0000 s
abr 04, 2013 12:33:02 PM org.ros.time.RemoteUptimeClock update
INFO: Latency: 7,0000 s, Delta ratio: 1,0000, Drift: 1,000, Error reduction coefficient: 0,000, Error: 0,0000 s
abr 04, 2013 12:33:02 PM org.ros.time.RemoteUptimeClock update
INFO: Latency: 7,0000 s, Delta ratio: 1,0000, Drift: 1,000, Error reduction coefficient: 0,000, Error: 0,0000 s
abr 04, 2013 12:33:02 PM org.ros.time.RemoteUptimeClock update
INFO: Latency: 7,0000 s, Delta ratio: 1,0000, Drift: 1,000, Error reduction coefficient: 0,000, Error: 0,0000 s
abr 04, 2013 12:33:02 PM org.ros.time.RemoteUptimeClock update
INFO: Latency: 7,0000 s, Delta ratio: 1,0000, Drift: 1,000, Error reduction coefficient: 0,000, Error: 0,0000 s
abr 04, 2013 12:33:02 PM org.ros.time.RemoteUptimeClock update
INFO: Latency: 7,0000 s, Delta ratio: 1,0000, Drift: 1,000, Error reduction coefficient: 0,000, Error: 0,0000 s
abr 04, 2013 12:33:02 PM org.ros.time.RemoteUptimeClock update
INFO: Latency: 7,0000 s, Delta ratio: 1,0000, Drift: 1,000, Error reduction coefficient: 0,000, Error: 0,0000 s
abr 04, 2013 12:33:02 PM org.ros.time.RemoteUptimeClock update
INFO: Latency: 7,0000 s, Delta ratio: 1,0000, Drift: 1,000, Error reduction coefficient: 0,000, Error: 0,0000 s
abr 04, 2013 12:33:02 PM org.ros.time.RemoteUptimeClock update
INFO: Latency: 7,0000 s, Delta ratio: 1,0000, Drift: 1,000, Error reduction coefficient: 0,000, Error: 0,0000 s
abr 04, 2013 12:33:02 PM org.ros.time.RemoteUptimeClock update
INFO: Latency: 7,0000 s, Delta ratio: 1,0000, Drift: 1,000, Error reduction coefficient: 0,000, Error: 0,0000 s
abr 04, 2013 12:33:02 PM org.ros.time.RemoteUptimeClock update
INFO: Latency: 7,0000 s, Delta ratio: 1,0000, Drift: 1,000, Error reduction coefficient: 0,000, Error: 0,0000 s
abr 04, 2013 12:33:02 PM org.ros.time.RemoteUptimeClock update
INFO: Latency: 7,0000 s, Delta ratio: 1,0000, Drift: 1,000, Error reduction coefficient: 0,000, Error: 0,0000 s
abr 04, 2013 12:33:02 PM org.ros.time.RemoteUptimeClock update
INFO: Latency: 7,0000 s, Delta ratio: 1,0000, Drift: 1,000, Error reduction coefficient: 0,000, Error: 0,0000 s
abr 04, 2013 12:33:02 PM org.ros.time.RemoteUptimeClock update
INFO: Latency: 7,0000 s, Delta ratio: 1,0000, Drift: 1,000, Error reduction coefficient: 0,000, Error: 0,0000 s
abr 04, 2013 12:33:02 PM org.ros.time.RemoteUptimeClock update
INFO: Latency: 7,0000 s, Delta ratio: 1,0000, Drift: 1,000, Error reduction coefficient: 0,000, Error: 0,0000 s
abr 04, 2013 12:33:02 PM org.ros.time.RemoteUptimeClock update
INFO: Latency: 7,0000 s, Delta ratio: 1,0000, Drift: 1,000, Error reduction coefficient: 0,000, Error: 0,0000 s
abr 04, 2013 12:33:02 PM org.ros.time.RemoteUptimeClock update
INFO: Latency: 7,0000 s, Delta ratio: 1,0000, Drift: 1,000, Error reduction coefficient: 0,000, Error: 0,0000 s
abr 04, 2013 12:33:02 PM org.ros.time.RemoteUptimeClock update
INFO: Latency: 7,0000 s, Delta ratio: 1,0000, Drift: 1,000, Error reduction coefficient: 0,000, Error: 0,0000 s
abr 04, 2013 12:33:02 PM org.ros.time.RemoteUptimeClock update
INFO: Latency: 7,0000 s, Delta ratio: 1,0000, Drift: 1,000, Error reduction coefficient: 0,000, Error: 0,0000 s
abr 04, 2013 12:33:02 PM org.ros.time.RemoteUptimeClock update
INFO: Latency: 7,0000 s, Delta ratio: 1,0000, Drift: 1,000, Error reduction coefficient: 0,000, Error: 0,0000 s
abr 04, 2013 12:33:02 PM org.ros.time.RemoteUptimeClock update
INFO: Latency: 7,0000 s, Delta ratio: 1,0000, Drift: 1,000, Error reduction coefficient: 0,000, Error: 0,0000 s
abr 04, 2013 12:33:02 PM org.ros.time.RemoteUptimeClock update
INFO: Latency: 7,0000 s, Delta ratio: 1,0000, Drift: 1,000, Error reduction coefficient: 0,000, Error: 0,0000 s
abr 04, 2013 12:33:02 PM org.ros.time.RemoteUptimeClock update
INFO: Latency: 7,0000 s, Delta ratio: 1,0000, Drift: 1,000, Error reduction coefficient: 0,000, Error: 0,0000 s
abr 04, 2013 12:33:02 PM org.ros.time.RemoteUptimeClock update
INFO: Latency: 7,0000 s, Delta ratio: 1,0000, Drift: 1,000, Error reduction coefficient: 0,000, Error: 0,0000 s
abr 04, 2013 12:33:02 PM org.ros.time.RemoteUptimeClock update
INFO: Latency: 7,0000 s, Delta ratio: 1,0000, Drift: 1,000, Error reduction coefficient: 0,000, Error: 0,0000 s
abr 04, 2013 12:33:02 PM org.ros.time.RemoteUptimeClock update
INFO: Latency: 7,0000 s, Delta ratio: 1,0000, Drift: 1,000, Error reduction coefficient: 0,000, Error: 0,0000 s
abr 04, 2013 12:33:02 PM org.ros.time.RemoteUptimeClock update
INFO: Latency: 7,0000 s, Delta ratio: 1,0000, Drift: 1,000, Error reduction coefficient: 0,000, Error: 0,0000 s
abr 04, 2013 12:33:02 PM org.ros.time.RemoteUptimeClock update
INFO: Latency: 7,0000 s, Delta ratio: 1,0000, Drift: 1,000, Error reduction coefficient: 0,000, Error: 0,0000 s
abr 04, 2013 12:33:02 PM org.ros.time.RemoteUptimeClock update
INFO: Latency: 7,0000 s, Delta ratio: 1,0000, Drift: 1,000, Error reduction coefficient: 0,000, Error: 0,0000 s
abr 04, 2013 12:33:02 PM org.ros.time.RemoteUptimeClock update
INFO: Latency: 7,0000 s, Delta ratio: 1,0000, Drift: 1,000, Error reduction coefficient: 0,000, Error: 0,0000 s
abr 04, 2013 12:33:02 PM org.ros.time.RemoteUptimeClock update
INFO: Latency: 7,0000 s, Delta ratio: 1,0000, Drift: 1,000, Error reduction coefficient: 0,000, Error: 0,0000 s
abr 04, 2013 12:33:02 PM org.ros.time.RemoteUptimeClock update
INFO: Latency: 7,0000 s, Delta ratio: 1,0000, Drift: 1,000, Error reduction coefficient: 0,000, Error: 0,0000 s
abr 04, 2013 12:33:02 PM org.ros.time.RemoteUptimeClock update
INFO: Latency: 7,0000 s, Delta ratio: 1,0000, Drift: 1,000, Error reduction coefficient: 0,000, Error: 0,0000 s
abr 04, 2013 12:33:02 PM org.ros.time.RemoteUptimeClock update
INFO: Latency: 7,0000 s, Delta ratio: 1,0000, Drift: 1,000, Error reduction coefficient: 0,000, Error: 0,0000 s
abr 04, 2013 12:33:02 PM org.ros.time.RemoteUptimeClock update
INFO: Latency: 7,0000 s, Delta ratio: 1,0000, Drift: 1,000, Error reduction coefficient: 0,000, Error: 0,0000 s
abr 04, 2013 12:33:02 PM org.ros.time.RemoteUptimeClock update
INFO: Latency: 7,0000 s, Delta ratio: 1,0000, Drift: 1,000, Error reduction coefficient: 0,000, Error: 0,0000 s
abr 04, 2013 12:33:02 PM org.ros.time.RemoteUptimeClock update
INFO: Latency: 7,0000 s, Delta ratio: 1,0000, Drift: 1,000, Error reduction coefficient: 0,000, Error: 0,0000 s
abr 04, 2013 12:33:02 PM org.ros.time.RemoteUptimeClock update
INFO: Latency: 7,0000 s, Delta ratio: 1,0000, Drift: 1,000, Error reduction coefficient: 0,000, Error: 0,0000 s
abr 04, 2013 12:33:02 PM org.ros.time.RemoteUptimeClock update
INFO: Latency: 7,0000 s, Delta ratio: 1,0000, Drift: 1,000, Error reduction coefficient: 0,000, Error: 0,0000 s
abr 04, 2013 12:33:02 PM org.ros.time.RemoteUptimeClock update
INFO: Latency: 7,0000 s, Delta ratio: 1,0000, Drift: 1,000, Error reduction coefficient: 0,000, Error: 0,0000 s
abr 04, 2013 12:33:02 PM org.ros.time.RemoteUptimeClock update
INFO: Latency: 7,0000 s, Delta ratio: 1,0000, Drift: 1,000, Error reduction coefficient: 0,000, Error: 0,0000 s
abr 04, 2013 12:33:02 PM org.ros.time.RemoteUptimeClock update
INFO: Latency: 7,0000 s, Delta ratio: 1,0000, Drift: 1,000, Error reduction coefficient: 0,000, Error: 0,0000 s
abr 04, 2013 12:33:02 PM org.ros.time.RemoteUptimeClock update
INFO: Latency: 7,0000 s, Delta ratio: 1,0000, Drift: 1,000, Error reduction coefficient: 0,000, Error: 0,0000 s
abr 04, 2013 12:33:02 PM org.ros.time.RemoteUptimeClock update
INFO: Latency: 7,0000 s, Delta ratio: 1,0000, Drift: 1,000, Error reduction coefficient: 0,000, Error: 0,0000 s
abr 04, 2013 12:33:02 PM org.ros.time.RemoteUptimeClock update
INFO: Latency: 7,0000 s, Delta ratio: 1,0000, Drift: 1,000, Error reduction coefficient: 0,000, Error: 0,0000 s
abr 04, 2013 12:33:02 PM org.ros.time.RemoteUptimeClock update
INFO: Latency: 7,0000 s, Delta ratio: 1,0000, Drift: 1,000, Error reduction coefficient: 0,000, Error: 0,0000 s
abr 04, 2013 12:33:02 PM org.ros.time.RemoteUptimeClock update
INFO: Latency: 7,0000 s, Delta ratio: 1,0000, Drift: 1,000, Error reduction coefficient: 0,000, Error: 0,0000 s
abr 04, 2013 12:33:02 PM org.ros.time.RemoteUptimeClock update
INFO: Latency: 7,0000 s, Delta ratio: 1,0000, Drift: 1,000, Error reduction coefficient: 0,000, Error: 0,0000 s
abr 04, 2013 12:33:02 PM org.ros.time.RemoteUptimeClock update
INFO: Latency: 7,0000 s, Delta ratio: 1,0000, Drift: 1,000, Error reduction coefficient: 0,000, Error: 0,0000 s
abr 04, 2013 12:33:02 PM org.ros.time.RemoteUptimeClock update
INFO: Latency: 7,0000 s, Delta ratio: 1,0000, Drift: 1,000, Error reduction coefficient: 0,000, Error: 0,0000 s
abr 04, 2013 12:33:02 PM org.ros.time.RemoteUptimeClock update
INFO: Latency: 7,0000 s, Delta ratio: 1,0000, Drift: 1,000, Error reduction coefficient: 0,000, Error: 0,0000 s
abr 04, 2013 12:33:02 PM org.ros.time.RemoteUptimeClock update
INFO: Latency: 7,0000 s, Delta ratio: 1,0000, Drift: 1,000, Error reduction coefficient: 0,000, Error: 0,0000 s
abr 04, 2013 12:33:02 PM org.ros.time.RemoteUptimeClock update
INFO: Latency: 7,0000 s, Delta ratio: 1,0000, Drift: 1,000, Error reduction coefficient: 0,000, Error: 0,0000 s
abr 04, 2013 12:33:02 PM org.ros.time.RemoteUptimeClock update
INFO: Latency: 7,0000 s, Delta ratio: 1,0000, Drift: 1,000, Error reduction coefficient: 0,000, Error: 0,0000 s
abr 04, 2013 12:33:02 PM org.ros.time.RemoteUptimeClock update
INFO: Latency: 7,0000 s, Delta ratio: 1,0000, Drift: 1,000, Error reduction coefficient: 0,000, Error: 0,0000 s
abr 04, 2013 12:33:02 PM org.ros.time.RemoteUptimeClock update
INFO: Latency: 7,0000 s, Delta ratio: 1,0000, Drift: 1,000, Error reduction coefficient: 0,000, Error: 0,0000 s
abr 04, 2013 12:33:02 PM org.ros.time.RemoteUptimeClock update
INFO: Latency: 7,0000 s, Delta ratio: 1,0000, Drift: 1,000, Error reduction coefficient: 0,000, Error: 0,0000 s
abr 04, 2013 12:33:02 PM org.ros.time.RemoteUptimeClock update
INFO: Latency: 7,0000 s, Delta ratio: 1,0000, Drift: 1,000, Error reduction coefficient: 0,000, Error: 0,0000 s
abr 04, 2013 12:33:02 PM org.ros.time.RemoteUptimeClock update
INFO: Latency: 7,0000 s, Delta ratio: 1,0000, Drift: 1,000, Error reduction coefficient: 0,000, Error: 0,0000 s
abr 04, 2013 12:33:02 PM org.ros.time.RemoteUptimeClock update
INFO: Latency: 7,0000 s, Delta ratio: 1,0000, Drift: 1,000, Error reduction coefficient: 0,000, Error: 0,0000 s
abr 04, 2013 12:33:02 PM org.ros.time.RemoteUptimeClock update
INFO: Latency: 7,0000 s, Delta ratio: 1,0000, Drift: 1,000, Error reduction coefficient: 0,000, Error: 0,0000 s
abr 04, 2013 12:33:02 PM org.ros.time.RemoteUptimeClock update
INFO: Latency: 7,0000 s, Delta ratio: 1,0000, Drift: 1,000, Error reduction coefficient: 0,000, Error: 0,0000 s
abr 04, 2013 12:33:02 PM org.ros.time.RemoteUptimeClock update
INFO: Latency: 7,0000 s, Delta ratio: 1,0000, Drift: 1,000, Error reduction coefficient: 0,000, Error: 0,0000 s
abr 04, 2013 12:33:02 PM org.ros.time.RemoteUptimeClock update
INFO: Latency: 7,0000 s, Delta ratio: 1,0000, Drift: 1,000, Error reduction coefficient: 0,000, Error: 0,0000 s
abr 04, 2013 12:33:02 PM org.ros.time.RemoteUptimeClock update
INFO: Latency: 7,0000 s, Delta ratio: 1,0000, Drift: 1,000, Error reduction coefficient: 0,000, Error: 0,0000 s
abr 04, 2013 12:33:02 PM org.ros.time.RemoteUptimeClock update
INFO: Latency: 7,0000 s, Delta ratio: 1,0000, Drift: 1,000, Error reduction coefficient: 0,000, Error: 0,0000 s
abr 04, 2013 12:33:02 PM org.ros.time.RemoteUptimeClock update
INFO: Latency: 7,0000 s, Delta ratio: 1,0000, Drift: 1,000, Error reduction coefficient: 0,000, Error: 0,0000 s
abr 04, 2013 12:33:02 PM org.ros.time.RemoteUptimeClock update
INFO: Latency: 7,0000 s, Delta ratio: 1,0000, Drift: 1,000, Error reduction coefficient: 0,000, Error: 0,0000 s
abr 04, 2013 12:33:02 PM org.ros.time.RemoteUptimeClock update
INFO: Latency: 7,0000 s, Delta ratio: 1,0000, Drift: 1,000, Error reduction coefficient: 0,000, Error: 0,0000 s
abr 04, 2013 12:33:02 PM org.ros.time.RemoteUptimeClock update
INFO: Latency: 7,0000 s, Delta ratio: 1,0000, Drift: 1,000, Error reduction coefficient: 0,000, Error: 0,0000 s
abr 04, 2013 12:33:02 PM org.ros.time.RemoteUptimeClock update
INFO: Latency: 7,0000 s, Delta ratio: 1,0000, Drift: 1,000, Error reduction coefficient: 0,000, Error: 0,0000 s
abr 04, 2013 12:33:02 PM org.ros.time.RemoteUptimeClock update
INFO: Latency: 7,0000 s, Delta ratio: 1,0000, Drift: 1,000, Error reduction coefficient: 0,000, Error: 0,0000 s
abr 04, 2013 12:33:02 PM org.ros.time.RemoteUptimeClock update
INFO: Latency: 7,0000 s, Delta ratio: 1,0000, Drift: 1,000, Error reduction coefficient: 0,000, Error: 0,0000 s
abr 04, 2013 12:33:02 PM org.ros.time.RemoteUptimeClock update
INFO: Latency: 7,0000 s, Delta ratio: 1,0000, Drift: 1,000, Error reduction coefficient: 0,000, Error: 0,0000 s
abr 04, 2013 12:33:02 PM org.ros.time.RemoteUptimeClock update
INFO: Latency: 7,0000 s, Delta ratio: 1,0000, Drift: 1,000, Error reduction coefficient: 0,000, Error: 0,0000 s
abr 04, 2013 12:33:02 PM org.ros.time.RemoteUptimeClock update
INFO: Latency: 7,0000 s, Delta ratio: 1,0000, Drift: 1,000, Error reduction coefficient: 0,000, Error: 0,0000 s
abr 04, 2013 12:33:02 PM org.ros.time.RemoteUptimeClock update
INFO: Latency: 7,0000 s, Delta ratio: 1,0000, Drift: 1,000, Error reduction coefficient: 0,000, Error: 0,0000 s
abr 04, 2013 12:33:02 PM org.ros.time.RemoteUptimeClock update
INFO: Latency: 7,0000 s, Delta ratio: 1,0000, Drift: 1,000, Error reduction coefficient: 0,000, Error: 0,0000 s
abr 04, 2013 12:33:02 PM org.ros.time.RemoteUptimeClock update
INFO: Latency: 7,0000 s, Delta ratio: 1,0000, Drift: 1,000, Error reduction coefficient: 0,000, Error: 0,0000 s
abr 04, 2013 12:33:02 PM org.ros.time.RemoteUptimeClock update
INFO: Latency: 7,0000 s, Delta ratio: 1,0000, Drift: 1,000, Error reduction coefficient: 0,000, Error: 0,0000 s
abr 04, 2013 12:33:02 PM org.ros.time.RemoteUptimeClock update
INFO: Latency: 7,0000 s, Delta ratio: 1,0000, Drift: 1,000, Error reduction coefficient: 0,000, Error: 0,0000 s
abr 04, 2013 12:33:02 PM org.ros.time.RemoteUptimeClock update
INFO: Latency: 7,0000 s, Delta ratio: 1,0000, Drift: 1,000, Error reduction coefficient: 0,000, Error: 0,0000 s
abr 04, 2013 12:33:02 PM org.ros.time.RemoteUptimeClock update
INFO: Latency: 7,0000 s, Delta ratio: 1,0000, Drift: 1,000, Error reduction coefficient: 0,000, Error: 0,0000 s
abr 04, 2013 12:33:02 PM org.ros.time.RemoteUptimeClock update
INFO: Latency: 7,0000 s, Delta ratio: 1,0000, Drift: 1,000, Error reduction coefficient: 0,000, Error: 0,0000 s
abr 04, 2013 12:33:02 PM org.ros.time.RemoteUptimeClock update
INFO: Latency: 7,0000 s, Delta ratio: 1,0000, Drift: 1,000, Error reduction coefficient: 0,000, Error: 0,0000 s
abr 04, 2013 12:33:02 PM org.ros.time.RemoteUptimeClock update
INFO: Latency: 7,0000 s, Delta ratio: 1,0000, Drift: 1,000, Error reduction coefficient: 0,000, Error: 0,0000 s
abr 04, 2013 12:33:02 PM org.ros.time.RemoteUptimeClock update
INFO: Latency: 7,0000 s, Delta ratio: 1,0000, Drift: 1,000, Error reduction coefficient: 0,000, Error: 0,0000 s
abr 04, 2013 12:33:02 PM org.ros.time.RemoteUptimeClock update
INFO: Latency: 7,0000 s, Delta ratio: 1,0000, Drift: 1,000, Error reduction coefficient: 0,000, Error: 0,0000 s
abr 04, 2013 12:33:02 PM org.ros.time.RemoteUptimeClock update
INFO: Latency: 7,0000 s, Delta ratio: 1,0000, Drift: 1,000, Error reduction coefficient: 0,000, Error: 0,0000 s
abr 04, 2013 12:33:02 PM org.ros.time.RemoteUptimeClock update
INFO: Latency: 7,0000 s, Delta ratio: 1,0000, Drift: 1,000, Error reduction coefficient: 0,000, Error: 0,0000 s
abr 04, 2013 12:33:02 PM org.ros.time.RemoteUptimeClock update
INFO: Latency: 7,0000 s, Delta ratio: 1,0000, Drift: 1,000, Error reduction coefficient: 0,000, Error: 0,0000 s
abr 04, 2013 12:33:02 PM org.ros.time.RemoteUptimeClock update
INFO: Latency: 7,0000 s, Delta ratio: 1,0000, Drift: 1,000, Error reduction coefficient: 0,000, Error: 0,0000 s
abr 04, 2013 12:33:02 PM org.ros.time.RemoteUptimeClock update
INFO: Latency: 7,0000 s, Delta ratio: 1,0000, Drift: 1,000, Error reduction coefficient: 0,000, Error: 0,0000 s
abr 04, 2013 12:33:02 PM org.ros.time.RemoteUptimeClock update
INFO: Latency: 7,0000 s, Delta ratio: 1,0000, Drift: 1,000, Error reduction coefficient: 0,000, Error: 0,0000 s
abr 04, 2013 12:33:02 PM org.ros.time.RemoteUptimeClock update
INFO: Latency: 7,0000 s, Delta ratio: 1,0000, Drift: 1,000, Error reduction coefficient: 0,000, Error: 0,0000 s
abr 04, 2013 12:33:02 PM org.ros.time.RemoteUptimeClock update
INFO: Latency: 7,0000 s, Delta ratio: 1,0000, Drift: 1,000, Error reduction coefficient: 0,000, Error: 0,0000 s
abr 04, 2013 12:33:02 PM org.ros.time.RemoteUptimeClock update
INFO: Latency: 7,0000 s, Delta ratio: 1,0000, Drift: 1,000, Error reduction coefficient: 0,000, Error: 0,0000 s
abr 04, 2013 12:33:02 PM org.ros.time.RemoteUptimeClock update
INFO: Latency: 7,0000 s, Delta ratio: 1,0000, Drift: 1,000, Error reduction coefficient: 0,000, Error: 0,0000 s
abr 04, 2013 12:33:02 PM org.ros.time.RemoteUptimeClock update
INFO: Latency: 7,0000 s, Delta ratio: 1,0000, Drift: 1,000, Error reduction coefficient: 0,000, Error: 0,0000 s
abr 04, 2013 12:33:02 PM org.ros.time.RemoteUptimeClock update
INFO: Latency: 7,0000 s, Delta ratio: 1,0000, Drift: 1,000, Error reduction coefficient: 0,000, Error: 0,0000 s
abr 04, 2013 12:33:02 PM org.ros.time.RemoteUptimeClock update
INFO: Latency: 7,0000 s, Delta ratio: 1,0000, Drift: 1,000, Error reduction coefficient: 0,000, Error: 0,0000 s
abr 04, 2013 12:33:02 PM org.ros.time.RemoteUptimeClock update
INFO: Latency: 7,0000 s, Delta ratio: 1,0000, Drift: 1,000, Error reduction coefficient: 0,000, Error: 0,0000 s
abr 04, 2013 12:33:02 PM org.ros.time.RemoteUptimeClock update
INFO: Latency: 7,0000 s, Delta ratio: 1,0000, Drift: 1,000, Error reduction coefficient: 0,000, Error: 0,0000 s
abr 04, 2013 12:33:02 PM org.ros.time.RemoteUptimeClock update
INFO: Latency: 7,0000 s, Delta ratio: 1,0000, Drift: 1,000, Error reduction coefficient: 0,000, Error: 0,0000 s
abr 04, 2013 12:33:02 PM org.ros.time.RemoteUptimeClock update
INFO: Latency: 7,0000 s, Delta ratio: 1,0000, Drift: 1,000, Error reduction coefficient: 0,000, Error: 0,0000 s
abr 04, 2013 12:33:02 PM org.ros.time.RemoteUptimeClock update
INFO: Latency: 7,0000 s, Delta ratio: 1,0000, Drift: 1,000, Error reduction coefficient: 0,000, Error: 0,0000 s
abr 04, 2013 12:33:02 PM org.ros.time.RemoteUptimeClock update
INFO: Latency: 7,0000 s, Delta ratio: 1,0000, Drift: 1,000, Error reduction coefficient: 0,000, Error: 0,0000 s
abr 04, 2013 12:33:02 PM org.ros.time.RemoteUptimeClock update
INFO: Latency: 7,0000 s, Delta ratio: 1,0000, Drift: 1,000, Error reduction coefficient: 0,000, Error: 0,0000 s
abr 04, 2013 12:33:02 PM org.ros.time.RemoteUptimeClock update
INFO: Latency: 7,0000 s, Delta ratio: 1,0000, Drift: 1,000, Error reduction coefficient: 0,000, Error: 0,0000 s
abr 04, 2013 12:33:02 PM org.ros.time.RemoteUptimeClock update
INFO: Latency: 7,0000 s, Delta ratio: 1,0000, Drift: 1,000, Error reduction coefficient: 0,000, Error: 0,0000 s
abr 04, 2013 12:33:02 PM org.ros.time.RemoteUptimeClock update
INFO: Latency: 7,0000 s, Delta ratio: 1,0000, Drift: 1,000, Error reduction coefficient: 0,000, Error: 0,0000 s
abr 04, 2013 12:33:02 PM org.ros.time.RemoteUptimeClock update
INFO: Latency: 7,0000 s, Delta ratio: 1,0000, Drift: 1,000, Error reduction coefficient: 0,000, Error: 0,0000 s
abr 04, 2013 12:33:02 PM org.ros.time.RemoteUptimeClock update
INFO: Latency: 7,0000 s, Delta ratio: 1,0000, Drift: 1,000, Error reduction coefficient: 0,000, Error: 0,0000 s
abr 04, 2013 12:33:02 PM org.ros.time.RemoteUptimeClock update
INFO: Latency: 7,0000 s, Delta ratio: 1,0000, Drift: 1,000, Error reduction coefficient: 0,000, Error: 0,0000 s
abr 04, 2013 12:33:02 PM org.ros.time.RemoteUptimeClock update
INFO: Latency: 7,0000 s, Delta ratio: 1,0000, Drift: 1,000, Error reduction coefficient: 0,000, Error: 0,0000 s
abr 04, 2013 12:33:02 PM org.ros.time.RemoteUptimeClock update
INFO: Latency: 7,0000 s, Delta ratio: 1,0000, Drift: 1,000, Error reduction coefficient: 0,000, Error: 0,0000 s
abr 04, 2013 12:33:02 PM org.ros.time.RemoteUptimeClock update
INFO: Latency: 7,0000 s, Delta ratio: 1,0000, Drift: 1,000, Error reduction coefficient: 0,000, Error: 0,0000 s
abr 04, 2013 12:33:02 PM org.ros.time.RemoteUptimeClock update
INFO: Latency: 7,0000 s, Delta ratio: 1,0000, Drift: 1,000, Error reduction coefficient: 0,000, Error: 0,0000 s
abr 04, 2013 12:33:02 PM org.ros.time.RemoteUptimeClock update
INFO: Latency: 7,0000 s, Delta ratio: 1,0000, Drift: 1,000, Error reduction coefficient: 0,000, Error: 0,0000 s
abr 04, 2013 12:33:02 PM org.ros.time.RemoteUptimeClock update
INFO: Latency: 7,0000 s, Delta ratio: 1,0000, Drift: 1,000, Error reduction coefficient: 0,000, Error: 0,0000 s
abr 04, 2013 12:33:02 PM org.ros.time.RemoteUptimeClock update
INFO: Latency: 7,0000 s, Delta ratio: 1,0000, Drift: 1,000, Error reduction coefficient: 0,000, Error: 0,0000 s
abr 04, 2013 12:33:02 PM org.ros.time.RemoteUptimeClock update
INFO: Latency: 7,0000 s, Delta ratio: 1,0000, Drift: 1,000, Error reduction coefficient: 0,000, Error: 0,0000 s
abr 04, 2013 12:33:02 PM org.ros.time.RemoteUptimeClock update
INFO: Latency: 7,0000 s, Delta ratio: 1,0000, Drift: 1,000, Error reduction coefficient: 0,000, Error: 0,0000 s
abr 04, 2013 12:33:02 PM org.ros.time.RemoteUptimeClock update
INFO: Latency: 7,0000 s, Delta ratio: 1,0000, Drift: 1,000, Error reduction coefficient: 0,000, Error: 0,0000 s
abr 04, 2013 12:33:02 PM org.ros.time.RemoteUptimeClock update
INFO: Latency: 7,0000 s, Delta ratio: 1,0000, Drift: 1,000, Error reduction coefficient: 0,000, Error: 0,0000 s
abr 04, 2013 12:33:02 PM org.ros.time.RemoteUptimeClock update
INFO: Latency: 7,0000 s, Delta ratio: 1,0000, Drift: 1,000, Error reduction coefficient: 0,000, Error: 0,0000 s
abr 04, 2013 12:33:02 PM org.ros.time.RemoteUptimeClock update
INFO: Latency: 7,0000 s, Delta ratio: 1,0000, Drift: 1,000, Error reduction coefficient: 0,000, Error: 0,0000 s
abr 04, 2013 12:33:02 PM org.ros.time.RemoteUptimeClock update
INFO: Latency: 7,0000 s, Delta ratio: 1,0000, Drift: 1,000, Error reduction coefficient: 0,000, Error: 0,0000 s
abr 04, 2013 12:33:02 PM org.ros.time.RemoteUptimeClock update
INFO: Latency: 7,0000 s, Delta ratio: 1,0000, Drift: 1,000, Error reduction coefficient: 0,000, Error: 0,0000 s
abr 04, 2013 12:33:02 PM org.ros.time.RemoteUptimeClock update
INFO: Latency: 7,0000 s, Delta ratio: 1,0000, Drift: 1,000, Error reduction coefficient: 0,000, Error: 0,0000 s
abr 04, 2013 12:33:02 PM org.ros.time.RemoteUptimeClock update
INFO: Latency: 7,0000 s, Delta ratio: 1,0000, Drift: 1,000, Error reduction coefficient: 0,000, Error: 0,0000 s
abr 04, 2013 12:33:02 PM org.ros.time.RemoteUptimeClock update
INFO: Latency: 7,0000 s, Delta ratio: 1,0000, Drift: 1,000, Error reduction coefficient: 0,000, Error: 0,0000 s
abr 04, 2013 12:33:02 PM org.ros.time.RemoteUptimeClock update
INFO: Latency: 7,0000 s, Delta ratio: 1,0000, Drift: 1,000, Error reduction coefficient: 0,000, Error: 0,0000 s
abr 04, 2013 12:33:02 PM org.ros.time.RemoteUptimeClock update
INFO: Latency: 7,0000 s, Delta ratio: 1,0000, Drift: 1,000, Error reduction coefficient: 0,000, Error: 0,0000 s
abr 04, 2013 12:33:02 PM org.ros.time.RemoteUptimeClock update
INFO: Latency: 7,0000 s, Delta ratio: 1,0000, Drift: 1,000, Error reduction coefficient: 0,000, Error: 0,0000 s
abr 04, 2013 12:33:02 PM org.ros.time.RemoteUptimeClock update
INFO: Latency: 7,0000 s, Delta ratio: 1,0000, Drift: 1,000, Error reduction coefficient: 0,000, Error: 0,0000 s
abr 04, 2013 12:33:02 PM org.ros.time.RemoteUptimeClock update
INFO: Latency: 7,0000 s, Delta ratio: 1,0000, Drift: 1,000, Error reduction coefficient: 0,000, Error: 0,0000 s
abr 04, 2013 12:33:02 PM org.ros.time.RemoteUptimeClock update
INFO: Latency: 7,0000 s, Delta ratio: 1,0000, Drift: 1,000, Error reduction coefficient: 0,000, Error: 0,0000 s
abr 04, 2013 12:33:02 PM org.ros.time.RemoteUptimeClock update
INFO: Latency: 7,0000 s, Delta ratio: 1,0000, Drift: 1,000, Error reduction coefficient: 0,000, Error: 0,0000 s
abr 04, 2013 12:33:02 PM org.ros.time.RemoteUptimeClock update
INFO: Latency: 7,0000 s, Delta ratio: 1,0000, Drift: 1,000, Error reduction coefficient: 0,000, Error: 0,0000 s
abr 04, 2013 12:33:02 PM org.ros.time.RemoteUptimeClock update
INFO: Latency: 7,0000 s, Delta ratio: 1,0000, Drift: 1,000, Error reduction coefficient: 0,000, Error: 0,0000 s
abr 04, 2013 12:33:02 PM org.ros.time.RemoteUptimeClock update
INFO: Latency: 7,0000 s, Delta ratio: 1,0000, Drift: 1,000, Error reduction coefficient: 0,000, Error: 0,0000 s
abr 04, 2013 12:33:02 PM org.ros.time.RemoteUptimeClock update
INFO: Latency: 7,0000 s, Delta ratio: 1,0000, Drift: 1,000, Error reduction coefficient: 0,000, Error: 0,0000 s
abr 04, 2013 12:33:02 PM org.ros.time.RemoteUptimeClock update
INFO: Latency: 7,0000 s, Delta ratio: 1,0000, Drift: 1,000, Error reduction coefficient: 0,000, Error: 0,0000 s
abr 04, 2013 12:33:02 PM org.ros.time.RemoteUptimeClock update
INFO: Latency: 7,0000 s, Delta ratio: 1,0000, Drift: 1,000, Error reduction coefficient: 0,000, Error: 0,0000 s
abr 04, 2013 12:33:02 PM org.ros.time.RemoteUptimeClock update
INFO: Latency: 7,0000 s, Delta ratio: 1,0000, Drift: 1,000, Error reduction coefficient: 0,000, Error: 0,0000 s
abr 04, 2013 12:33:02 PM org.ros.time.RemoteUptimeClock update
INFO: Latency: 7,0000 s, Delta ratio: 1,0000, Drift: 1,000, Error reduction coefficient: 0,000, Error: 0,0000 s
abr 04, 2013 12:33:02 PM org.ros.time.RemoteUptimeClock update
INFO: Latency: 7,0000 s, Delta ratio: 1,0000, Drift: 1,000, Error reduction coefficient: 0,000, Error: 0,0000 s
abr 04, 2013 12:33:02 PM org.ros.time.RemoteUptimeClock update
INFO: Latency: 7,0000 s, Delta ratio: 1,0000, Drift: 1,000, Error reduction coefficient: 0,000, Error: 0,0000 s
abr 04, 2013 12:33:02 PM org.ros.time.RemoteUptimeClock update
INFO: Latency: 7,0000 s, Delta ratio: 1,0000, Drift: 1,000, Error reduction coefficient: 0,000, Error: 0,0000 s
abr 04, 2013 12:33:02 PM org.ros.time.RemoteUptimeClock update
INFO: Latency: 7,0000 s, Delta ratio: 1,0000, Drift: 1,000, Error reduction coefficient: 0,000, Error: 0,0000 s
abr 04, 2013 12:33:02 PM org.ros.time.RemoteUptimeClock update
INFO: Latency: 7,0000 s, Delta ratio: 1,0000, Drift: 1,000, Error reduction coefficient: 0,000, Error: 0,0000 s
abr 04, 2013 12:33:02 PM org.ros.time.RemoteUptimeClock update
INFO: Latency: 7,0000 s, Delta ratio: 1,0000, Drift: 1,000, Error reduction coefficient: 0,000, Error: 0,0000 s
abr 04, 2013 12:33:02 PM org.ros.time.RemoteUptimeClock update
INFO: Latency: 7,0000 s, Delta ratio: 1,0000, Drift: 1,000, Error reduction coefficient: 0,000, Error: 0,0000 s
abr 04, 2013 12:33:02 PM org.ros.time.RemoteUptimeClock update
INFO: Latency: 7,0000 s, Delta ratio: 1,0000, Drift: 1,000, Error reduction coefficient: 0,000, Error: 0,0000 s
abr 04, 2013 12:33:02 PM org.ros.time.RemoteUptimeClock update
INFO: Latency: 7,0000 s, Delta ratio: 1,0000, Drift: 1,000, Error reduction coefficient: 0,000, Error: 0,0000 s
abr 04, 2013 12:33:02 PM org.ros.time.RemoteUptimeClock update
INFO: Latency: 7,0000 s, Delta ratio: 1,0000, Drift: 1,000, Error reduction coefficient: 0,000, Error: 0,0000 s
abr 04, 2013 12:33:02 PM org.ros.time.RemoteUptimeClock update
INFO: Latency: 7,0000 s, Delta ratio: 1,0000, Drift: 1,000, Error reduction coefficient: 0,000, Error: 0,0000 s
abr 04, 2013 12:33:02 PM org.ros.time.RemoteUptimeClock update
INFO: Latency: 7,0000 s, Delta ratio: 1,0000, Drift: 1,000, Error reduction coefficient: 0,000, Error: 0,0000 s
abr 04, 2013 12:33:02 PM org.ros.time.RemoteUptimeClock update
INFO: Latency: 7,0000 s, Delta ratio: 1,0000, Drift: 1,000, Error reduction coefficient: 0,000, Error: 0,0000 s
abr 04, 2013 12:33:02 PM org.ros.time.RemoteUptimeClock update
INFO: Latency: 7,0000 s, Delta ratio: 1,0000, Drift: 1,000, Error reduction coefficient: 0,000, Error: 0,0000 s
abr 04, 2013 12:33:02 PM org.ros.time.RemoteUptimeClock update
INFO: Latency: 7,0000 s, Delta ratio: 1,0000, Drift: 1,000, Error reduction coefficient: 0,000, Error: 0,0000 s
abr 04, 2013 12:33:02 PM org.ros.time.RemoteUptimeClock update
INFO: Latency: 7,0000 s, Delta ratio: 1,0000, Drift: 1,000, Error reduction coefficient: 0,000, Error: 0,0000 s
abr 04, 2013 12:33:02 PM org.ros.time.RemoteUptimeClock update
INFO: Latency: 7,0000 s, Delta ratio: 1,0000, Drift: 1,000, Error reduction coefficient: 0,000, Error: 0,0000 s
abr 04, 2013 12:33:02 PM org.ros.time.RemoteUptimeClock update
INFO: Latency: 7,0000 s, Delta ratio: 1,0000, Drift: 1,000, Error reduction coefficient: 0,000, Error: 0,0000 s
abr 04, 2013 12:33:02 PM org.ros.time.RemoteUptimeClock update
INFO: Latency: 7,0000 s, Delta ratio: 1,0000, Drift: 1,000, Error reduction coefficient: 0,000, Error: 0,0000 s
abr 04, 2013 12:33:02 PM org.ros.time.RemoteUptimeClock update
INFO: Latency: 7,0000 s, Delta ratio: 1,0000, Drift: 1,000, Error reduction coefficient: 0,000, Error: 0,0000 s
abr 04, 2013 12:33:02 PM org.ros.time.RemoteUptimeClock update
INFO: Latency: 7,0000 s, Delta ratio: 1,0000, Drift: 1,000, Error reduction coefficient: 0,000, Error: 0,0000 s
abr 04, 2013 12:33:02 PM org.ros.time.RemoteUptimeClock update
INFO: Latency: 7,0000 s, Delta ratio: 1,0000, Drift: 1,000, Error reduction coefficient: 0,000, Error: 0,0000 s
abr 04, 2013 12:33:02 PM org.ros.time.RemoteUptimeClock update
INFO: Latency: 7,0000 s, Delta ratio: 1,0000, Drift: 1,000, Error reduction coefficient: 0,000, Error: 0,0000 s
abr 04, 2013 12:33:02 PM org.ros.time.RemoteUptimeClock update
INFO: Latency: 7,0000 s, Delta ratio: 1,0000, Drift: 1,000, Error reduction coefficient: 0,000, Error: 0,0000 s
abr 04, 2013 12:33:02 PM org.ros.time.RemoteUptimeClock update
INFO: Latency: 7,0000 s, Delta ratio: 1,0000, Drift: 1,000, Error reduction coefficient: 0,000, Error: 0,0000 s
abr 04, 2013 12:33:02 PM org.ros.time.RemoteUptimeClock update
INFO: Latency: 7,0000 s, Delta ratio: 1,0000, Drift: 1,000, Error reduction coefficient: 0,000, Error: 0,0000 s
abr 04, 2013 12:33:02 PM org.ros.time.RemoteUptimeClock update
INFO: Latency: 7,0000 s, Delta ratio: 1,0000, Drift: 1,000, Error reduction coefficient: 0,000, Error: 0,0000 s
abr 04, 2013 12:33:02 PM org.ros.time.RemoteUptimeClock update
INFO: Latency: 7,0000 s, Delta ratio: 1,0000, Drift: 1,000, Error reduction coefficient: 0,000, Error: 0,0000 s
abr 04, 2013 12:33:02 PM org.ros.time.RemoteUptimeClock update
INFO: Latency: 7,0000 s, Delta ratio: 1,0000, Drift: 1,000, Error reduction coefficient: 0,000, Error: 0,0000 s
abr 04, 2013 12:33:02 PM org.ros.time.RemoteUptimeClock update
INFO: Latency: 7,0000 s, Delta ratio: 1,0000, Drift: 1,000, Error reduction coefficient: 0,000, Error: 0,0000 s
abr 04, 2013 12:33:02 PM org.ros.time.RemoteUptimeClock update
INFO: Latency: 7,0000 s, Delta ratio: 1,0000, Drift: 1,000, Error reduction coefficient: 0,000, Error: 0,0000 s
abr 04, 2013 12:33:02 PM org.ros.time.RemoteUptimeClock update
INFO: Latency: 7,0000 s, Delta ratio: 1,0000, Drift: 1,000, Error reduction coefficient: 0,000, Error: 0,0000 s
abr 04, 2013 12:33:02 PM org.ros.time.RemoteUptimeClock update
INFO: Latency: 7,0000 s, Delta ratio: 1,0000, Drift: 1,000, Error reduction coefficient: 0,000, Error: 0,0000 s
abr 04, 2013 12:33:02 PM org.ros.time.RemoteUptimeClock update
INFO: Latency: 7,0000 s, Delta ratio: 1,0000, Drift: 1,000, Error reduction coefficient: 0,000, Error: 0,0000 s
abr 04, 2013 12:33:02 PM org.ros.time.RemoteUptimeClock update
INFO: Latency: 7,0000 s, Delta ratio: 1,0000, Drift: 1,000, Error reduction coefficient: 0,000, Error: 0,0000 s
abr 04, 2013 12:33:02 PM org.ros.time.RemoteUptimeClock update
INFO: Latency: 7,0000 s, Delta ratio: 1,0000, Drift: 1,000, Error reduction coefficient: 0,000, Error: 0,0000 s
abr 04, 2013 12:33:02 PM org.ros.time.RemoteUptimeClock update
INFO: Latency: 7,0000 s, Delta ratio: 1,0000, Drift: 1,000, Error reduction coefficient: 0,000, Error: 0,0000 s
abr 04, 2013 12:33:02 PM org.ros.time.RemoteUptimeClock update
INFO: Latency: 7,0000 s, Delta ratio: 1,0000, Drift: 1,000, Error reduction coefficient: 0,000, Error: 0,0000 s
abr 04, 2013 12:33:02 PM org.ros.time.RemoteUptimeClock update
INFO: Latency: 7,0000 s, Delta ratio: 1,0000, Drift: 1,000, Error reduction coefficient: 0,000, Error: 0,0000 s
abr 04, 2013 12:33:02 PM org.ros.time.RemoteUptimeClock update
INFO: Latency: 7,0000 s, Delta ratio: 1,0000, Drift: 1,000, Error reduction coefficient: 0,000, Error: 0,0000 s
abr 04, 2013 12:33:02 PM org.ros.time.RemoteUptimeClock update
INFO: Latency: 7,0000 s, Delta ratio: 1,0000, Drift: 1,000, Error reduction coefficient: 0,000, Error: 0,0000 s
abr 04, 2013 12:33:02 PM org.ros.time.RemoteUptimeClock update
INFO: Latency: 7,0000 s, Delta ratio: 1,0000, Drift: 1,000, Error reduction coefficient: 0,000, Error: 0,0000 s
abr 04, 2013 12:33:02 PM org.ros.time.RemoteUptimeClock update
INFO: Latency: 7,0000 s, Delta ratio: 1,0000, Drift: 1,000, Error reduction coefficient: 0,000, Error: 0,0000 s
abr 04, 2013 12:33:02 PM org.ros.time.RemoteUptimeClock update
INFO: Latency: 7,0000 s, Delta ratio: 1,0000, Drift: 1,000, Error reduction coefficient: 0,000, Error: 0,0000 s
abr 04, 2013 12:33:02 PM org.ros.time.RemoteUptimeClock update
INFO: Latency: 7,0000 s, Delta ratio: 1,0000, Drift: 1,000, Error reduction coefficient: 0,000, Error: 0,0000 s
abr 04, 2013 12:33:02 PM org.ros.time.RemoteUptimeClock update
INFO: Latency: 7,0000 s, Delta ratio: 1,0000, Drift: 1,000, Error reduction coefficient: 0,000, Error: 0,0000 s
abr 04, 2013 12:33:02 PM org.ros.time.RemoteUptimeClock update
INFO: Latency: 7,0000 s, Delta ratio: 1,0000, Drift: 1,000, Error reduction coefficient: 0,000, Error: 0,0000 s
abr 04, 2013 12:33:02 PM org.ros.time.RemoteUptimeClock update
INFO: Latency: 7,0000 s, Delta ratio: 1,0000, Drift: 1,000, Error reduction coefficient: 0,000, Error: 0,0000 s
abr 04, 2013 12:33:02 PM org.ros.time.RemoteUptimeClock update
INFO: Latency: 7,0000 s, Delta ratio: 1,0000, Drift: 1,000, Error reduction coefficient: 0,000, Error: 0,0000 s
abr 04, 2013 12:33:02 PM org.ros.time.RemoteUptimeClock update
INFO: Latency: 7,0000 s, Delta ratio: 1,0000, Drift: 1,000, Error reduction coefficient: 0,000, Error: 0,0000 s
abr 04, 2013 12:33:02 PM org.ros.time.RemoteUptimeClock update
INFO: Latency: 7,0000 s, Delta ratio: 1,0000, Drift: 1,000, Error reduction coefficient: 0,000, Error: 0,0000 s
abr 04, 2013 12:33:02 PM org.ros.time.RemoteUptimeClock update
INFO: Latency: 7,0000 s, Delta ratio: 1,0000, Drift: 1,000, Error reduction coefficient: 0,000, Error: 0,0000 s
abr 04, 2013 12:33:02 PM org.ros.time.RemoteUptimeClock update
INFO: Latency: 7,0000 s, Delta ratio: 1,0000, Drift: 1,000, Error reduction coefficient: 0,000, Error: 0,0000 s
abr 04, 2013 12:33:02 PM org.ros.time.RemoteUptimeClock update
INFO: Latency: 7,0000 s, Delta ratio: 1,0000, Drift: 1,000, Error reduction coefficient: 0,000, Error: 0,0000 s
abr 04, 2013 12:33:02 PM org.ros.time.RemoteUptimeClock update
INFO: Latency: 7,0000 s, Delta ratio: 1,0000, Drift: 1,000, Error reduction coefficient: 0,000, Error: 0,0000 s
abr 04, 2013 12:33:02 PM org.ros.time.RemoteUptimeClock update
INFO: Latency: 7,0000 s, Delta ratio: 1,0000, Drift: 1,000, Error reduction coefficient: 0,000, Error: 0,0000 s
abr 04, 2013 12:33:02 PM org.ros.time.RemoteUptimeClock update
INFO: Latency: 7,0000 s, Delta ratio: 1,0000, Drift: 1,000, Error reduction coefficient: 0,000, Error: 0,0000 s
abr 04, 2013 12:33:02 PM org.ros.time.RemoteUptimeClock update
INFO: Latency: 7,0000 s, Delta ratio: 1,0000, Drift: 1,000, Error reduction coefficient: 0,000, Error: 0,0000 s
abr 04, 2013 12:33:02 PM org.ros.time.RemoteUptimeClock update
INFO: Latency: 7,0000 s, Delta ratio: 1,0000, Drift: 1,000, Error reduction coefficient: 0,000, Error: 0,0000 s
abr 04, 2013 12:33:02 PM org.ros.time.RemoteUptimeClock update
INFO: Latency: 7,0000 s, Delta ratio: 1,0000, Drift: 1,000, Error reduction coefficient: 0,000, Error: 0,0000 s
abr 04, 2013 12:33:02 PM org.ros.time.RemoteUptimeClock update
INFO: Latency: 7,0000 s, Delta ratio: 1,0000, Drift: 1,000, Error reduction coefficient: 0,000, Error: 0,0000 s
abr 04, 2013 12:33:02 PM org.ros.time.RemoteUptimeClock update
INFO: Latency: 7,0000 s, Delta ratio: 1,0000, Drift: 1,000, Error reduction coefficient: 0,000, Error: 0,0000 s
abr 04, 2013 12:33:02 PM org.ros.time.RemoteUptimeClock update
INFO: Latency: 7,0000 s, Delta ratio: 1,0000, Drift: 1,000, Error reduction coefficient: 0,000, Error: 0,0000 s
abr 04, 2013 12:33:02 PM org.ros.time.RemoteUptimeClock update
INFO: Latency: 7,0000 s, Delta ratio: 1,0000, Drift: 1,000, Error reduction coefficient: 0,000, Error: 0,0000 s
abr 04, 2013 12:33:02 PM org.ros.time.RemoteUptimeClock update
INFO: Latency: 7,0000 s, Delta ratio: 1,0000, Drift: 1,000, Error reduction coefficient: 0,000, Error: 0,0000 s
abr 04, 2013 12:33:02 PM org.ros.time.RemoteUptimeClock update
INFO: Latency: 7,0000 s, Delta ratio: 1,0000, Drift: 1,000, Error reduction coefficient: 0,000, Error: 0,0000 s
abr 04, 2013 12:33:02 PM org.ros.time.RemoteUptimeClock update
INFO: Latency: 7,0000 s, Delta ratio: 1,0000, Drift: 1,000, Error reduction coefficient: 0,000, Error: 0,0000 s
abr 04, 2013 12:33:02 PM org.ros.time.RemoteUptimeClock update
INFO: Latency: 7,0000 s, Delta ratio: 1,0000, Drift: 1,000, Error reduction coefficient: 0,000, Error: 0,0000 s
abr 04, 2013 12:33:02 PM org.ros.time.RemoteUptimeClock update
INFO: Latency: 7,0000 s, Delta ratio: 1,0000, Drift: 1,000, Error reduction coefficient: 0,000, Error: 0,0000 s
abr 04, 2013 12:33:02 PM org.ros.time.RemoteUptimeClock update
INFO: Latency: 7,0000 s, Delta ratio: 1,0000, Drift: 1,000, Error reduction coefficient: 0,000, Error: 0,0000 s
abr 04, 2013 12:33:02 PM org.ros.time.RemoteUptimeClock update
INFO: Latency: 7,0000 s, Delta ratio: 1,0000, Drift: 1,000, Error reduction coefficient: 0,000, Error: 0,0000 s
abr 04, 2013 12:33:02 PM org.ros.time.RemoteUptimeClock update
INFO: Latency: 7,0000 s, Delta ratio: 1,0000, Drift: 1,000, Error reduction coefficient: 0,000, Error: 0,0000 s
abr 04, 2013 12:33:02 PM org.ros.time.RemoteUptimeClock update
INFO: Latency: 7,0000 s, Delta ratio: 1,0000, Drift: 1,000, Error reduction coefficient: 0,000, Error: 0,0000 s
abr 04, 2013 12:33:02 PM org.ros.time.RemoteUptimeClock update
INFO: Latency: 7,0000 s, Delta ratio: 1,0000, Drift: 1,000, Error reduction coefficient: 0,000, Error: 0,0000 s
abr 04, 2013 12:33:02 PM org.ros.time.RemoteUptimeClock update
INFO: Latency: 7,0000 s, Delta ratio: 1,0000, Drift: 1,000, Error reduction coefficient: 0,000, Error: 0,0000 s
abr 04, 2013 12:33:02 PM org.ros.time.RemoteUptimeClock update
INFO: Latency: 7,0000 s, Delta ratio: 1,0000, Drift: 1,000, Error reduction coefficient: 0,000, Error: 0,0000 s
abr 04, 2013 12:33:02 PM org.ros.time.RemoteUptimeClock update
INFO: Latency: 7,0000 s, Delta ratio: 1,0000, Drift: 1,000, Error reduction coefficient: 0,000, Error: 0,0000 s
abr 04, 2013 12:33:02 PM org.ros.time.RemoteUptimeClock update
INFO: Latency: 7,0000 s, Delta ratio: 1,0000, Drift: 1,000, Error reduction coefficient: 0,000, Error: 0,0000 s
abr 04, 2013 12:33:02 PM org.ros.time.RemoteUptimeClock update
INFO: Latency: 7,0000 s, Delta ratio: 1,0000, Drift: 1,000, Error reduction coefficient: 0,000, Error: 0,0000 s
abr 04, 2013 12:33:02 PM org.ros.time.RemoteUptimeClock update
INFO: Latency: 7,0000 s, Delta ratio: 1,0000, Drift: 1,000, Error reduction coefficient: 0,000, Error: 0,0000 s
abr 04, 2013 12:33:02 PM org.ros.time.RemoteUptimeClock update
INFO: Latency: 7,0000 s, Delta ratio: 1,0000, Drift: 1,000, Error reduction coefficient: 0,000, Error: 0,0000 s
abr 04, 2013 12:33:02 PM org.ros.time.RemoteUptimeClock update
INFO: Latency: 7,0000 s, Delta ratio: 1,0000, Drift: 1,000, Error reduction coefficient: 0,000, Error: 0,0000 s
abr 04, 2013 12:33:02 PM org.ros.time.RemoteUptimeClock update
INFO: Latency: 7,0000 s, Delta ratio: 1,0000, Drift: 1,000, Error reduction coefficient: 0,000, Error: 0,0000 s
abr 04, 2013 12:33:02 PM org.ros.time.RemoteUptimeClock update
INFO: Latency: 7,0000 s, Delta ratio: 1,0000, Drift: 1,000, Error reduction coefficient: 0,000, Error: 0,0000 s
abr 04, 2013 12:33:02 PM org.ros.time.RemoteUptimeClock update
INFO: Latency: 7,0000 s, Delta ratio: 1,0000, Drift: 1,000, Error reduction coefficient: 0,000, Error: 0,0000 s
abr 04, 2013 12:33:02 PM org.ros.time.RemoteUptimeClock update
INFO: Latency: 7,0000 s, Delta ratio: 1,0000, Drift: 1,000, Error reduction coefficient: 0,000, Error: 0,0000 s
abr 04, 2013 12:33:02 PM org.ros.time.RemoteUptimeClock update
INFO: Latency: 7,0000 s, Delta ratio: 1,0000, Drift: 1,000, Error reduction coefficient: 0,000, Error: 0,0000 s
abr 04, 2013 12:33:02 PM org.ros.time.RemoteUptimeClock update
INFO: Latency: 7,0000 s, Delta ratio: 1,0000, Drift: 1,000, Error reduction coefficient: 0,000, Error: 0,0000 s
abr 04, 2013 12:33:02 PM org.ros.time.RemoteUptimeClock update
INFO: Latency: 7,0000 s, Delta ratio: 1,0000, Drift: 1,000, Error reduction coefficient: 0,000, Error: 0,0000 s
abr 04, 2013 12:33:02 PM org.ros.time.RemoteUptimeClock update
INFO: Latency: 7,0000 s, Delta ratio: 1,0000, Drift: 1,000, Error reduction coefficient: 0,000, Error: 0,0000 s
abr 04, 2013 12:33:02 PM org.ros.time.RemoteUptimeClock update
INFO: Latency: 7,0000 s, Delta ratio: 1,0000, Drift: 1,000, Error reduction coefficient: 0,000, Error: 0,0000 s
abr 04, 2013 12:33:02 PM org.ros.time.RemoteUptimeClock update
INFO: Latency: 7,0000 s, Delta ratio: 1,0000, Drift: 1,000, Error reduction coefficient: 0,000, Error: 0,0000 s
abr 04, 2013 12:33:02 PM org.ros.time.RemoteUptimeClock update
INFO: Latency: 7,0000 s, Delta ratio: 1,0000, Drift: 1,000, Error reduction coefficient: 0,000, Error: 0,0000 s
abr 04, 2013 12:33:02 PM org.ros.time.RemoteUptimeClock update
INFO: Latency: 7,0000 s, Delta ratio: 1,0000, Drift: 1,000, Error reduction coefficient: 0,000, Error: 0,0000 s
abr 04, 2013 12:33:03 PM org.ros.time.RemoteUptimeClock update
INFO: Latency: 7,0000 s, Delta ratio: 1,0000, Drift: 1,000, Error reduction coefficient: 0,000, Error: 0,0000 s
abr 04, 2013 12:33:03 PM org.ros.time.RemoteUptimeClock update
INFO: Latency: 7,0000 s, Delta ratio: 1,0000, Drift: 1,000, Error reduction coefficient: 0,000, Error: 0,0000 s
abr 04, 2013 12:33:03 PM org.ros.time.RemoteUptimeClock update
INFO: Latency: 7,0000 s, Delta ratio: 1,0000, Drift: 1,000, Error reduction coefficient: 0,000, Error: 0,0000 s
abr 04, 2013 12:33:03 PM org.ros.time.RemoteUptimeClock update
INFO: Latency: 7,0000 s, Delta ratio: 1,0000, Drift: 1,000, Error reduction coefficient: 0,000, Error: 0,0000 s
abr 04, 2013 12:33:03 PM org.ros.time.RemoteUptimeClock update
INFO: Latency: 7,0000 s, Delta ratio: 1,0000, Drift: 1,000, Error reduction coefficient: 0,000, Error: 0,0000 s
abr 04, 2013 12:33:03 PM org.ros.time.RemoteUptimeClock update
INFO: Latency: 7,0000 s, Delta ratio: 1,0000, Drift: 1,000, Error reduction coefficient: 0,000, Error: 0,0000 s
abr 04, 2013 12:33:03 PM org.ros.time.RemoteUptimeClock update
INFO: Latency: 7,0000 s, Delta ratio: 1,0000, Drift: 1,000, Error reduction coefficient: 0,000, Error: 0,0000 s
abr 04, 2013 12:33:03 PM org.ros.time.RemoteUptimeClock update
INFO: Latency: 7,0000 s, Delta ratio: 1,0000, Drift: 1,000, Error reduction coefficient: 0,000, Error: 0,0000 s
abr 04, 2013 12:33:03 PM org.ros.time.RemoteUptimeClock update
INFO: Latency: 7,0000 s, Delta ratio: 1,0000, Drift: 1,000, Error reduction coefficient: 0,000, Error: 0,0000 s
abr 04, 2013 12:33:03 PM org.ros.time.RemoteUptimeClock update
INFO: Latency: 7,0000 s, Delta ratio: 1,0000, Drift: 1,000, Error reduction coefficient: 0,000, Error: 0,0000 s
abr 04, 2013 12:33:03 PM org.ros.time.RemoteUptimeClock update
INFO: Latency: 7,0000 s, Delta ratio: 1,0000, Drift: 1,000, Error reduction coefficient: 0,000, Error: 0,0000 s
abr 04, 2013 12:33:03 PM org.ros.time.RemoteUptimeClock update
INFO: Latency: 7,0000 s, Delta ratio: 1,0000, Drift: 1,000, Error reduction coefficient: 0,000, Error: 0,0000 s
abr 04, 2013 12:33:03 PM org.ros.time.RemoteUptimeClock update
INFO: Latency: 7,0000 s, Delta ratio: 1,0000, Drift: 1,000, Error reduction coefficient: 0,000, Error: 0,0000 s
abr 04, 2013 12:33:03 PM org.ros.time.RemoteUptimeClock update
INFO: Latency: 7,0000 s, Delta ratio: 1,0000, Drift: 1,000, Error reduction coefficient: 0,000, Error: 0,0000 s
abr 04, 2013 12:33:03 PM org.ros.time.RemoteUptimeClock update
INFO: Latency: 7,0000 s, Delta ratio: 1,0000, Drift: 1,000, Error reduction coefficient: 0,000, Error: 0,0000 s
abr 04, 2013 12:33:03 PM org.ros.time.RemoteUptimeClock update
INFO: Latency: 7,0000 s, Delta ratio: 1,0000, Drift: 1,000, Error reduction coefficient: 0,000, Error: 0,0000 s
abr 04, 2013 12:33:03 PM org.ros.time.RemoteUptimeClock update
INFO: Latency: 7,0000 s, Delta ratio: 1,0000, Drift: 1,000, Error reduction coefficient: 0,000, Error: 0,0000 s
abr 04, 2013 12:33:03 PM org.ros.time.RemoteUptimeClock update
INFO: Latency: 7,0000 s, Delta ratio: 1,0000, Drift: 1,000, Error reduction coefficient: 0,000, Error: 0,0000 s
abr 04, 2013 12:33:03 PM org.ros.time.RemoteUptimeClock update
INFO: Latency: 7,0000 s, Delta ratio: 1,0000, Drift: 1,000, Error reduction coefficient: 0,000, Error: 0,0000 s
abr 04, 2013 12:33:03 PM org.ros.time.RemoteUptimeClock update
INFO: Latency: 7,0000 s, Delta ratio: 1,0000, Drift: 1,000, Error reduction coefficient: 0,000, Error: 0,0000 s
abr 04, 2013 12:33:03 PM org.ros.time.RemoteUptimeClock update
INFO: Latency: 7,0000 s, Delta ratio: 1,0000, Drift: 1,000, Error reduction coefficient: 0,000, Error: 0,0000 s
abr 04, 2013 12:33:03 PM org.ros.time.RemoteUptimeClock update
INFO: Latency: 7,0000 s, Delta ratio: 1,0000, Drift: 1,000, Error reduction coefficient: 0,000, Error: 0,0000 s
abr 04, 2013 12:33:03 PM org.ros.time.RemoteUptimeClock update
INFO: Latency: 7,0000 s, Delta ratio: 1,0000, Drift: 1,000, Error reduction coefficient: 0,000, Error: 0,0000 s
abr 04, 2013 12:33:03 PM org.ros.time.RemoteUptimeClock update
INFO: Latency: 7,0000 s, Delta ratio: 1,0000, Drift: 1,000, Error reduction coefficient: 0,000, Error: 0,0000 s
abr 04, 2013 12:33:03 PM org.ros.time.RemoteUptimeClock update
INFO: Latency: 7,0000 s, Delta ratio: 1,0000, Drift: 1,000, Error reduction coefficient: 0,000, Error: 0,0000 s
abr 04, 2013 12:33:03 PM org.ros.time.RemoteUptimeClock update
INFO: Latency: 7,0000 s, Delta ratio: 1,0000, Drift: 1,000, Error reduction coefficient: 0,000, Error: 0,0000 s
abr 04, 2013 12:33:03 PM org.ros.time.RemoteUptimeClock update
INFO: Latency: 7,0000 s, Delta ratio: 1,0000, Drift: 1,000, Error reduction coefficient: 0,000, Error: 0,0000 s
abr 04, 2013 12:33:03 PM org.ros.time.RemoteUptimeClock update
INFO: Latency: 7,0000 s, Delta ratio: 1,0000, Drift: 1,000, Error reduction coefficient: 0,000, Error: 0,0000 s
abr 04, 2013 12:33:03 PM org.ros.time.RemoteUptimeClock update
INFO: Latency: 7,0000 s, Delta ratio: 1,0000, Drift: 1,000, Error reduction coefficient: 0,000, Error: 0,0000 s
abr 04, 2013 12:33:03 PM org.ros.time.RemoteUptimeClock update
INFO: Latency: 7,0000 s, Delta ratio: 1,0000, Drift: 1,000, Error reduction coefficient: 0,000, Error: 0,0000 s
abr 04, 2013 12:33:03 PM org.ros.time.RemoteUptimeClock update
INFO: Latency: 7,0000 s, Delta ratio: 1,0000, Drift: 1,000, Error reduction coefficient: 0,000, Error: 0,0000 s
abr 04, 2013 12:33:03 PM org.ros.time.RemoteUptimeClock update
INFO: Latency: 7,0000 s, Delta ratio: 1,0000, Drift: 1,000, Error reduction coefficient: 0,000, Error: 0,0000 s
abr 04, 2013 12:33:03 PM org.ros.time.RemoteUptimeClock update
INFO: Latency: 7,0000 s, Delta ratio: 1,0000, Drift: 1,000, Error reduction coefficient: 0,000, Error: 0,0000 s
abr 04, 2013 12:33:03 PM org.ros.time.RemoteUptimeClock update
INFO: Latency: 7,0000 s, Delta ratio: 1,0000, Drift: 1,000, Error reduction coefficient: 0,000, Error: 0,0000 s
abr 04, 2013 12:33:03 PM org.ros.time.RemoteUptimeClock update
INFO: Latency: 7,0000 s, Delta ratio: 1,0000, Drift: 1,000, Error reduction coefficient: 0,000, Error: 0,0000 s
abr 04, 2013 12:33:03 PM org.ros.time.RemoteUptimeClock update
INFO: Latency: 7,0000 s, Delta ratio: 1,0000, Drift: 1,000, Error reduction coefficient: 0,000, Error: 0,0000 s
abr 04, 2013 12:33:03 PM org.ros.time.RemoteUptimeClock update
INFO: Latency: 7,0000 s, Delta ratio: 1,0000, Drift: 1,000, Error reduction coefficient: 0,000, Error: 0,0000 s
abr 04, 2013 12:33:03 PM org.ros.time.RemoteUptimeClock update
INFO: Latency: 7,0000 s, Delta ratio: 1,0000, Drift: 1,000, Error reduction coefficient: 0,000, Error: 0,0000 s
abr 04, 2013 12:33:03 PM org.ros.time.RemoteUptimeClock update
INFO: Latency: 7,0000 s, Delta ratio: 1,0000, Drift: 1,000, Error reduction coefficient: 0,000, Error: 0,0000 s
abr 04, 2013 12:33:03 PM org.ros.time.RemoteUptimeClock update
INFO: Latency: 7,0000 s, Delta ratio: 1,0000, Drift: 1,000, Error reduction coefficient: 0,000, Error: 0,0000 s
abr 04, 2013 12:33:03 PM org.ros.time.RemoteUptimeClock update
INFO: Latency: 7,0000 s, Delta ratio: 1,0000, Drift: 1,000, Error reduction coefficient: 0,000, Error: 0,0000 s
abr 04, 2013 12:33:03 PM org.ros.time.RemoteUptimeClock update
INFO: Latency: 7,0000 s, Delta ratio: 1,0000, Drift: 1,000, Error reduction coefficient: 0,000, Error: 0,0000 s
abr 04, 2013 12:33:03 PM org.ros.time.RemoteUptimeClock update
INFO: Latency: 7,0000 s, Delta ratio: 1,0000, Drift: 1,000, Error reduction coefficient: 0,000, Error: 0,0000 s
abr 04, 2013 12:33:03 PM org.ros.time.RemoteUptimeClock update
INFO: Latency: 7,0000 s, Delta ratio: 1,0000, Drift: 1,000, Error reduction coefficient: 0,000, Error: 0,0000 s
abr 04, 2013 12:33:03 PM org.ros.time.RemoteUptimeClock update
INFO: Latency: 7,0000 s, Delta ratio: 1,0000, Drift: 1,000, Error reduction coefficient: 0,000, Error: 0,0000 s
abr 04, 2013 12:33:03 PM org.ros.time.RemoteUptimeClock update
INFO: Latency: 7,0000 s, Delta ratio: 1,0000, Drift: 1,000, Error reduction coefficient: 0,000, Error: 0,0000 s
abr 04, 2013 12:33:03 PM org.ros.time.RemoteUptimeClock update
INFO: Latency: 7,0000 s, Delta ratio: 1,0000, Drift: 1,000, Error reduction coefficient: 0,000, Error: 0,0000 s
abr 04, 2013 12:33:03 PM org.ros.time.RemoteUptimeClock update
INFO: Latency: 7,0000 s, Delta ratio: 1,0000, Drift: 1,000, Error reduction coefficient: 0,000, Error: 0,0000 s
abr 04, 2013 12:33:03 PM org.ros.time.RemoteUptimeClock update
INFO: Latency: 7,0000 s, Delta ratio: 1,0000, Drift: 1,000, Error reduction coefficient: 0,000, Error: 0,0000 s
abr 04, 2013 12:33:03 PM org.ros.time.RemoteUptimeClock update
INFO: Latency: 7,0000 s, Delta ratio: 1,0000, Drift: 1,000, Error reduction coefficient: 0,000, Error: 0,0000 s
abr 04, 2013 12:33:03 PM org.ros.time.RemoteUptimeClock update
INFO: Latency: 7,0000 s, Delta ratio: 1,0000, Drift: 1,000, Error reduction coefficient: 0,000, Error: 0,0000 s
abr 04, 2013 12:33:03 PM org.ros.time.RemoteUptimeClock update
INFO: Latency: 7,0000 s, Delta ratio: 1,0000, Drift: 1,000, Error reduction coefficient: 0,000, Error: 0,0000 s
abr 04, 2013 12:33:03 PM org.ros.time.RemoteUptimeClock update
INFO: Latency: 7,0000 s, Delta ratio: 1,0000, Drift: 1,000, Error reduction coefficient: 0,000, Error: 0,0000 s
abr 04, 2013 12:33:03 PM org.ros.time.RemoteUptimeClock update
INFO: Latency: 7,0000 s, Delta ratio: 1,0000, Drift: 1,000, Error reduction coefficient: 0,000, Error: 0,0000 s
abr 04, 2013 12:33:03 PM org.ros.time.RemoteUptimeClock update
INFO: Latency: 7,0000 s, Delta ratio: 1,0000, Drift: 1,000, Error reduction coefficient: 0,000, Error: 0,0000 s
abr 04, 2013 12:33:03 PM org.ros.time.RemoteUptimeClock update
INFO: Latency: 7,0000 s, Delta ratio: 1,0000, Drift: 1,000, Error reduction coefficient: 0,000, Error: 0,0000 s
abr 04, 2013 12:33:03 PM org.ros.time.RemoteUptimeClock update
INFO: Latency: 7,0000 s, Delta ratio: 1,0000, Drift: 1,000, Error reduction coefficient: 0,000, Error: 0,0000 s
abr 04, 2013 12:33:03 PM org.ros.time.RemoteUptimeClock update
INFO: Latency: 7,0000 s, Delta ratio: 1,0000, Drift: 1,000, Error reduction coefficient: 0,000, Error: 0,0000 s
abr 04, 2013 12:33:03 PM org.ros.time.RemoteUptimeClock update
INFO: Latency: 7,0000 s, Delta ratio: 1,0000, Drift: 1,000, Error reduction coefficient: 0,000, Error: 0,0000 s
abr 04, 2013 12:33:03 PM org.ros.time.RemoteUptimeClock update
INFO: Latency: 7,0000 s, Delta ratio: 1,0000, Drift: 1,000, Error reduction coefficient: 0,000, Error: 0,0000 s
abr 04, 2013 12:33:03 PM org.ros.time.RemoteUptimeClock update
INFO: Latency: 7,0000 s, Delta ratio: 1,0000, Drift: 1,000, Error reduction coefficient: 0,000, Error: 0,0000 s
abr 04, 2013 12:33:03 PM org.ros.time.RemoteUptimeClock update
INFO: Latency: 7,0000 s, Delta ratio: 1,0000, Drift: 1,000, Error reduction coefficient: 0,000, Error: 0,0000 s
abr 04, 2013 12:33:03 PM org.ros.time.RemoteUptimeClock update
INFO: Latency: 7,0000 s, Delta ratio: 1,0000, Drift: 1,000, Error reduction coefficient: 0,000, Error: 0,0000 s
abr 04, 2013 12:33:03 PM org.ros.time.RemoteUptimeClock update
INFO: Latency: 7,0000 s, Delta ratio: 1,0000, Drift: 1,000, Error reduction coefficient: 0,000, Error: 0,0000 s
abr 04, 2013 12:33:03 PM org.ros.time.RemoteUptimeClock update
INFO: Latency: 7,0000 s, Delta ratio: 1,0000, Drift: 1,000, Error reduction coefficient: 0,000, Error: 0,0000 s
abr 04, 2013 12:33:03 PM org.ros.time.RemoteUptimeClock update
INFO: Latency: 7,0000 s, Delta ratio: 1,0000, Drift: 1,000, Error reduction coefficient: 0,000, Error: 0,0000 s
abr 04, 2013 12:33:03 PM org.ros.time.RemoteUptimeClock update
INFO: Latency: 7,0000 s, Delta ratio: 1,0000, Drift: 1,000, Error reduction coefficient: 0,000, Error: 0,0000 s
abr 04, 2013 12:33:03 PM org.ros.time.RemoteUptimeClock update
INFO: Latency: 7,0000 s, Delta ratio: 1,0000, Drift: 1,000, Error reduction coefficient: 0,000, Error: 0,0000 s
abr 04, 2013 12:33:03 PM org.ros.time.RemoteUptimeClock update
INFO: Latency: 7,0000 s, Delta ratio: 1,0000, Drift: 1,000, Error reduction coefficient: 0,000, Error: 0,0000 s
abr 04, 2013 12:33:03 PM org.ros.time.RemoteUptimeClock update
INFO: Latency: 7,0000 s, Delta ratio: 1,0000, Drift: 1,000, Error reduction coefficient: 0,000, Error: 0,0000 s
abr 04, 2013 12:33:03 PM org.ros.time.RemoteUptimeClock update
INFO: Latency: 7,0000 s, Delta ratio: 1,0000, Drift: 1,000, Error reduction coefficient: 0,000, Error: 0,0000 s
abr 04, 2013 12:33:03 PM org.ros.time.RemoteUptimeClock update
INFO: Latency: 7,0000 s, Delta ratio: 1,0000, Drift: 1,000, Error reduction coefficient: 0,000, Error: 0,0000 s
abr 04, 2013 12:33:03 PM org.ros.time.RemoteUptimeClock update
INFO: Latency: 7,0000 s, Delta ratio: 1,0000, Drift: 1,000, Error reduction coefficient: 0,000, Error: 0,0000 s
abr 04, 2013 12:33:03 PM org.ros.time.RemoteUptimeClock update
INFO: Latency: 7,0000 s, Delta ratio: 1,0000, Drift: 1,000, Error reduction coefficient: 0,000, Error: 0,0000 s
abr 04, 2013 12:33:03 PM org.ros.time.RemoteUptimeClock update
INFO: Latency: 7,0000 s, Delta ratio: 1,0000, Drift: 1,000, Error reduction coefficient: 0,000, Error: 0,0000 s
abr 04, 2013 12:33:03 PM org.ros.time.RemoteUptimeClock update
INFO: Latency: 7,0000 s, Delta ratio: 1,0000, Drift: 1,000, Error reduction coefficient: 0,000, Error: 0,0000 s
abr 04, 2013 12:33:03 PM org.ros.time.RemoteUptimeClock update
INFO: Latency: 7,0000 s, Delta ratio: 1,0000, Drift: 1,000, Error reduction coefficient: 0,000, Error: 0,0000 s
abr 04, 2013 12:33:03 PM org.ros.time.RemoteUptimeClock update
INFO: Latency: 7,0000 s, Delta ratio: 1,0000, Drift: 1,000, Error reduction coefficient: 0,000, Error: 0,0000 s
abr 04, 2013 12:33:03 PM org.ros.time.RemoteUptimeClock update
INFO: Latency: 7,0000 s, Delta ratio: 1,0000, Drift: 1,000, Error reduction coefficient: 0,000, Error: 0,0000 s
abr 04, 2013 12:33:03 PM org.ros.time.RemoteUptimeClock update
INFO: Latency: 7,0000 s, Delta ratio: 1,0000, Drift: 1,000, Error reduction coefficient: 0,000, Error: 0,0000 s
abr 04, 2013 12:33:03 PM org.ros.time.RemoteUptimeClock update
INFO: Latency: 7,0000 s, Delta ratio: 1,0000, Drift: 1,000, Error reduction coefficient: 0,000, Error: 0,0000 s
abr 04, 2013 12:33:03 PM org.ros.time.RemoteUptimeClock update
INFO: Latency: 7,0000 s, Delta ratio: 1,0000, Drift: 1,000, Error reduction coefficient: 0,000, Error: 0,0000 s
abr 04, 2013 12:33:03 PM org.ros.time.RemoteUptimeClock update
INFO: Latency: 7,0000 s, Delta ratio: 1,0000, Drift: 1,000, Error reduction coefficient: 0,000, Error: 0,0000 s
abr 04, 2013 12:33:03 PM org.ros.time.RemoteUptimeClock update
INFO: Latency: 7,0000 s, Delta ratio: 1,0000, Drift: 1,000, Error reduction coefficient: 0,000, Error: 0,0000 s
abr 04, 2013 12:33:03 PM org.ros.time.RemoteUptimeClock update
INFO: Latency: 7,0000 s, Delta ratio: 1,0000, Drift: 1,000, Error reduction coefficient: 0,000, Error: 0,0000 s
abr 04, 2013 12:33:03 PM org.ros.time.RemoteUptimeClock update
INFO: Latency: 7,0000 s, Delta ratio: 1,0000, Drift: 1,000, Error reduction coefficient: 0,000, Error: 0,0000 s
abr 04, 2013 12:33:03 PM org.ros.time.RemoteUptimeClock update
INFO: Latency: 7,0000 s, Delta ratio: 1,0000, Drift: 1,000, Error reduction coefficient: 0,000, Error: 0,0000 s
abr 04, 2013 12:33:03 PM org.ros.time.RemoteUptimeClock update
INFO: Latency: 7,0000 s, Delta ratio: 1,0000, Drift: 1,000, Error reduction coefficient: 0,000, Error: 0,0000 s
abr 04, 2013 12:33:03 PM org.ros.time.RemoteUptimeClock update
INFO: Latency: 7,0000 s, Delta ratio: 1,0000, Drift: 1,000, Error reduction coefficient: 0,000, Error: 0,0000 s
abr 04, 2013 12:33:03 PM org.ros.time.RemoteUptimeClock update
INFO: Latency: 7,0000 s, Delta ratio: 1,0000, Drift: 1,000, Error reduction coefficient: 0,000, Error: 0,0000 s
abr 04, 2013 12:33:03 PM org.ros.time.RemoteUptimeClock update
INFO: Latency: 7,0000 s, Delta ratio: 1,0000, Drift: 1,000, Error reduction coefficient: 0,000, Error: 0,0000 s
abr 04, 2013 12:33:03 PM org.ros.time.RemoteUptimeClock update
INFO: Latency: 7,0000 s, Delta ratio: 1,0000, Drift: 1,000, Error reduction coefficient: 0,000, Error: 0,0000 s
abr 04, 2013 12:33:03 PM org.ros.time.RemoteUptimeClock update
INFO: Latency: 7,0000 s, Delta ratio: 1,0000, Drift: 1,000, Error reduction coefficient: 0,000, Error: 0,0000 s
abr 04, 2013 12:33:03 PM org.ros.time.RemoteUptimeClock update
INFO: Latency: 7,0000 s, Delta ratio: 1,0000, Drift: 1,000, Error reduction coefficient: 0,000, Error: 0,0000 s
abr 04, 2013 12:33:03 PM org.ros.time.RemoteUptimeClock update
INFO: Latency: 7,0000 s, Delta ratio: 1,0000, Drift: 1,000, Error reduction coefficient: 0,000, Error: 0,0000 s
abr 04, 2013 12:33:03 PM org.ros.time.RemoteUptimeClock update
INFO: Latency: 7,0000 s, Delta ratio: 1,0000, Drift: 1,000, Error reduction coefficient: 0,000, Error: 0,0000 s
abr 04, 2013 12:33:03 PM org.ros.time.RemoteUptimeClock update
INFO: Latency: 7,0000 s, Delta ratio: 1,0000, Drift: 1,000, Error reduction coefficient: 0,000, Error: 0,0000 s
abr 04, 2013 12:33:03 PM org.ros.time.RemoteUptimeClock update
INFO: Latency: 7,0000 s, Delta ratio: 1,0000, Drift: 1,000, Error reduction coefficient: 0,000, Error: 0,0000 s
abr 04, 2013 12:33:03 PM org.ros.time.RemoteUptimeClock update
INFO: Latency: 7,0000 s, Delta ratio: 1,0000, Drift: 1,000, Error reduction coefficient: 0,000, Error: 0,0000 s
abr 04, 2013 12:33:03 PM org.ros.time.RemoteUptimeClock update
INFO: Latency: 7,0000 s, Delta ratio: 1,0000, Drift: 1,000, Error reduction coefficient: 0,000, Error: 0,0000 s
abr 04, 2013 12:33:03 PM org.ros.time.RemoteUptimeClock update
INFO: Latency: 7,0000 s, Delta ratio: 1,0000, Drift: 1,000, Error reduction coefficient: 0,000, Error: 0,0000 s
abr 04, 2013 12:33:03 PM org.ros.time.RemoteUptimeClock update
INFO: Latency: 7,0000 s, Delta ratio: 1,0000, Drift: 1,000, Error reduction coefficient: 0,000, Error: 0,0000 s
abr 04, 2013 12:33:03 PM org.ros.time.RemoteUptimeClock update
INFO: Latency: 7,0000 s, Delta ratio: 1,0000, Drift: 1,000, Error reduction coefficient: 0,000, Error: 0,0000 s
abr 04, 2013 12:33:03 PM org.ros.time.RemoteUptimeClock update
INFO: Latency: 7,0000 s, Delta ratio: 1,0000, Drift: 1,000, Error reduction coefficient: 0,000, Error: 0,0000 s
abr 04, 2013 12:33:03 PM org.ros.time.RemoteUptimeClock update
INFO: Latency: 7,0000 s, Delta ratio: 1,0000, Drift: 1,000, Error reduction coefficient: 0,000, Error: 0,0000 s
abr 04, 2013 12:33:03 PM org.ros.time.RemoteUptimeClock update
INFO: Latency: 7,0000 s, Delta ratio: 1,0000, Drift: 1,000, Error reduction coefficient: 0,000, Error: 0,0000 s
abr 04, 2013 12:33:03 PM org.ros.time.RemoteUptimeClock update
INFO: Latency: 7,0000 s, Delta ratio: 1,0000, Drift: 1,000, Error reduction coefficient: 0,000, Error: 0,0000 s
abr 04, 2013 12:33:03 PM org.ros.time.RemoteUptimeClock update
INFO: Latency: 7,0000 s, Delta ratio: 1,0000, Drift: 1,000, Error reduction coefficient: 0,000, Error: 0,0000 s
abr 04, 2013 12:33:03 PM org.ros.time.RemoteUptimeClock update
INFO: Latency: 7,0000 s, Delta ratio: 1,0000, Drift: 1,000, Error reduction coefficient: 0,000, Error: 0,0000 s
abr 04, 2013 12:33:03 PM org.ros.time.RemoteUptimeClock update
INFO: Latency: 7,0000 s, Delta ratio: 1,0000, Drift: 1,000, Error reduction coefficient: 0,000, Error: 0,0000 s
abr 04, 2013 12:33:03 PM org.ros.time.RemoteUptimeClock update
INFO: Latency: 7,0000 s, Delta ratio: 1,0000, Drift: 1,000, Error reduction coefficient: 0,000, Error: 0,0000 s
abr 04, 2013 12:33:03 PM org.ros.time.RemoteUptimeClock update
INFO: Latency: 7,0000 s, Delta ratio: 1,0000, Drift: 1,000, Error reduction coefficient: 0,000, Error: 0,0000 s
abr 04, 2013 12:33:03 PM org.ros.time.RemoteUptimeClock update
INFO: Latency: 7,0000 s, Delta ratio: 1,0000, Drift: 1,000, Error reduction coefficient: 0,000, Error: 0,0000 s
abr 04, 2013 12:33:03 PM org.ros.time.RemoteUptimeClock update
INFO: Latency: 7,0000 s, Delta ratio: 1,0000, Drift: 1,000, Error reduction coefficient: 0,000, Error: 0,0000 s
abr 04, 2013 12:33:03 PM org.ros.time.RemoteUptimeClock update
INFO: Latency: 7,0000 s, Delta ratio: 1,0000, Drift: 1,000, Error reduction coefficient: 0,000, Error: 0,0000 s
abr 04, 2013 12:33:03 PM org.ros.time.RemoteUptimeClock update
INFO: Latency: 7,0000 s, Delta ratio: 1,0000, Drift: 1,000, Error reduction coefficient: 0,000, Error: 0,0000 s
abr 04, 2013 12:33:03 PM org.ros.time.RemoteUptimeClock update
INFO: Latency: 7,0000 s, Delta ratio: 1,0000, Drift: 1,000, Error reduction coefficient: 0,000, Error: 0,0000 s
abr 04, 2013 12:33:03 PM org.ros.time.RemoteUptimeClock update
INFO: Latency: 7,0000 s, Delta ratio: 1,0000, Drift: 1,000, Error reduction coefficient: 0,000, Error: 0,0000 s
abr 04, 2013 12:33:03 PM org.ros.time.RemoteUptimeClock update
INFO: Latency: 7,0000 s, Delta ratio: 1,0000, Drift: 1,000, Error reduction coefficient: 0,000, Error: 0,0000 s
abr 04, 2013 12:33:03 PM org.ros.time.RemoteUptimeClock update
INFO: Latency: 7,0000 s, Delta ratio: 1,0000, Drift: 1,000, Error reduction coefficient: 0,000, Error: 0,0000 s
abr 04, 2013 12:33:03 PM org.ros.time.RemoteUptimeClock update
INFO: Latency: 7,0000 s, Delta ratio: 1,0000, Drift: 1,000, Error reduction coefficient: 0,000, Error: 0,0000 s
abr 04, 2013 12:33:03 PM org.ros.time.RemoteUptimeClock update
INFO: Latency: 7,0000 s, Delta ratio: 1,0000, Drift: 1,000, Error reduction coefficient: 0,000, Error: 0,0000 s
abr 04, 2013 12:33:03 PM org.ros.time.RemoteUptimeClock update
INFO: Latency: 7,0000 s, Delta ratio: 1,0000, Drift: 1,000, Error reduction coefficient: 0,000, Error: 0,0000 s
abr 04, 2013 12:33:03 PM org.ros.time.RemoteUptimeClock update
INFO: Latency: 7,0000 s, Delta ratio: 1,0000, Drift: 1,000, Error reduction coefficient: 0,000, Error: 0,0000 s
abr 04, 2013 12:33:03 PM org.ros.time.RemoteUptimeClock update
INFO: Latency: 7,0000 s, Delta ratio: 1,0000, Drift: 1,000, Error reduction coefficient: 0,000, Error: 0,0000 s
abr 04, 2013 12:33:03 PM org.ros.time.RemoteUptimeClock update
INFO: Latency: 7,0000 s, Delta ratio: 1,0000, Drift: 1,000, Error reduction coefficient: 0,000, Error: 0,0000 s
abr 04, 2013 12:33:03 PM org.ros.time.RemoteUptimeClock update
INFO: Latency: 7,0000 s, Delta ratio: 1,0000, Drift: 1,000, Error reduction coefficient: 0,000, Error: 0,0000 s
abr 04, 2013 12:33:03 PM org.ros.time.RemoteUptimeClock update
INFO: Latency: 7,0000 s, Delta ratio: 1,0000, Drift: 1,000, Error reduction coefficient: 0,000, Error: 0,0000 s
abr 04, 2013 12:33:03 PM org.ros.time.RemoteUptimeClock update
INFO: Latency: 7,0000 s, Delta ratio: 1,0000, Drift: 1,000, Error reduction coefficient: 0,000, Error: 0,0000 s
abr 04, 2013 12:33:03 PM org.ros.time.RemoteUptimeClock update
INFO: Latency: 7,0000 s, Delta ratio: 1,0000, Drift: 1,000, Error reduction coefficient: 0,000, Error: 0,0000 s
abr 04, 2013 12:33:03 PM org.ros.time.RemoteUptimeClock update
INFO: Latency: 7,0000 s, Delta ratio: 1,0000, Drift: 1,000, Error reduction coefficient: 0,000, Error: 0,0000 s
abr 04, 2013 12:33:03 PM org.ros.time.RemoteUptimeClock update
INFO: Latency: 7,0000 s, Delta ratio: 1,0000, Drift: 1,000, Error reduction coefficient: 0,000, Error: 0,0000 s
abr 04, 2013 12:33:03 PM org.ros.time.RemoteUptimeClock update
INFO: Latency: 7,0000 s, Delta ratio: 1,0000, Drift: 1,000, Error reduction coefficient: 0,000, Error: 0,0000 s
abr 04, 2013 12:33:03 PM org.ros.time.RemoteUptimeClock update
INFO: Latency: 7,0000 s, Delta ratio: 1,0000, Drift: 1,000, Error reduction coefficient: 0,000, Error: 0,0000 s
abr 04, 2013 12:33:03 PM org.ros.time.RemoteUptimeClock update
INFO: Latency: 7,0000 s, Delta ratio: 1,0000, Drift: 1,000, Error reduction coefficient: 0,000, Error: 0,0000 s
abr 04, 2013 12:33:03 PM org.ros.time.RemoteUptimeClock update
INFO: Latency: 7,0000 s, Delta ratio: 1,0000, Drift: 1,000, Error reduction coefficient: 0,000, Error: 0,0000 s
abr 04, 2013 12:33:03 PM org.ros.time.RemoteUptimeClock update
INFO: Latency: 7,0000 s, Delta ratio: 1,0000, Drift: 1,000, Error reduction coefficient: 0,000, Error: 0,0000 s
abr 04, 2013 12:33:03 PM org.ros.time.RemoteUptimeClock update
INFO: Latency: 7,0000 s, Delta ratio: 1,0000, Drift: 1,000, Error reduction coefficient: 0,000, Error: 0,0000 s
abr 04, 2013 12:33:03 PM org.ros.time.RemoteUptimeClock update
INFO: Latency: 7,0000 s, Delta ratio: 1,0000, Drift: 1,000, Error reduction coefficient: 0,000, Error: 0,0000 s
abr 04, 2013 12:33:03 PM org.ros.time.RemoteUptimeClock update
INFO: Latency: 7,0000 s, Delta ratio: 1,0000, Drift: 1,000, Error reduction coefficient: 0,000, Error: 0,0000 s
abr 04, 2013 12:33:03 PM org.ros.time.RemoteUptimeClock update
INFO: Latency: 7,0000 s, Delta ratio: 1,0000, Drift: 1,000, Error reduction coefficient: 0,000, Error: 0,0000 s
abr 04, 2013 12:33:03 PM org.ros.time.RemoteUptimeClock update
INFO: Latency: 7,0000 s, Delta ratio: 1,0000, Drift: 1,000, Error reduction coefficient: 0,000, Error: 0,0000 s
abr 04, 2013 12:33:03 PM org.ros.time.RemoteUptimeClock update
INFO: Latency: 7,0000 s, Delta ratio: 1,0000, Drift: 1,000, Error reduction coefficient: 0,000, Error: 0,0000 s
abr 04, 2013 12:33:03 PM org.ros.time.RemoteUptimeClock update
INFO: Latency: 7,0000 s, Delta ratio: 1,0000, Drift: 1,000, Error reduction coefficient: 0,000, Error: 0,0000 s
abr 04, 2013 12:33:03 PM org.ros.time.RemoteUptimeClock update
INFO: Latency: 7,0000 s, Delta ratio: 1,0000, Drift: 1,000, Error reduction coefficient: 0,000, Error: 0,0000 s
abr 04, 2013 12:33:03 PM org.ros.time.RemoteUptimeClock update
INFO: Latency: 7,0000 s, Delta ratio: 1,0000, Drift: 1,000, Error reduction coefficient: 0,000, Error: 0,0000 s
abr 04, 2013 12:33:03 PM org.ros.time.RemoteUptimeClock update
INFO: Latency: 7,0000 s, Delta ratio: 1,0000, Drift: 1,000, Error reduction coefficient: 0,000, Error: 0,0000 s
abr 04, 2013 12:33:03 PM org.ros.time.RemoteUptimeClock update
INFO: Latency: 7,0000 s, Delta ratio: 1,0000, Drift: 1,000, Error reduction coefficient: 0,000, Error: 0,0000 s
abr 04, 2013 12:33:03 PM org.ros.time.RemoteUptimeClock update
INFO: Latency: 7,0000 s, Delta ratio: 1,0000, Drift: 1,000, Error reduction coefficient: 0,000, Error: 0,0000 s
abr 04, 2013 12:33:03 PM org.ros.time.RemoteUptimeClock update
INFO: Latency: 7,0000 s, Delta ratio: 1,0000, Drift: 1,000, Error reduction coefficient: 0,000, Error: 0,0000 s
abr 04, 2013 12:33:03 PM org.ros.time.RemoteUptimeClock update
INFO: Latency: 7,0000 s, Delta ratio: 1,0000, Drift: 1,000, Error reduction coefficient: 0,000, Error: 0,0000 s
abr 04, 2013 12:33:03 PM org.ros.time.RemoteUptimeClock update
INFO: Latency: 7,0000 s, Delta ratio: 1,0000, Drift: 1,000, Error reduction coefficient: 0,000, Error: 0,0000 s
abr 04, 2013 12:33:03 PM org.ros.time.RemoteUptimeClock update
INFO: Latency: 7,0000 s, Delta ratio: 1,0000, Drift: 1,000, Error reduction coefficient: 0,000, Error: 0,0000 s
abr 04, 2013 12:33:03 PM org.ros.time.RemoteUptimeClock update
INFO: Latency: 7,0000 s, Delta ratio: 1,0000, Drift: 1,000, Error reduction coefficient: 0,000, Error: 0,0000 s
abr 04, 2013 12:33:03 PM org.ros.time.RemoteUptimeClock update
INFO: Latency: 7,0000 s, Delta ratio: 1,0000, Drift: 1,000, Error reduction coefficient: 0,000, Error: 0,0000 s
abr 04, 2013 12:33:03 PM org.ros.time.RemoteUptimeClock update
INFO: Latency: 7,0000 s, Delta ratio: 1,0000, Drift: 1,000, Error reduction coefficient: 0,000, Error: 0,0000 s
abr 04, 2013 12:33:03 PM org.ros.time.RemoteUptimeClock update
INFO: Latency: 7,0000 s, Delta ratio: 1,0000, Drift: 1,000, Error reduction coefficient: 0,000, Error: 0,0000 s
abr 04, 2013 12:33:03 PM org.ros.time.RemoteUptimeClock update
INFO: Latency: 7,0000 s, Delta ratio: 1,0000, Drift: 1,000, Error reduction coefficient: 0,000, Error: 0,0000 s
abr 04, 2013 12:33:03 PM org.ros.time.RemoteUptimeClock update
INFO: Latency: 7,0000 s, Delta ratio: 1,0000, Drift: 1,000, Error reduction coefficient: 0,000, Error: 0,0000 s
abr 04, 2013 12:33:03 PM org.ros.time.RemoteUptimeClock update
INFO: Latency: 7,0000 s, Delta ratio: 1,0000, Drift: 1,000, Error reduction coefficient: 0,000, Error: 0,0000 s
abr 04, 2013 12:33:03 PM org.ros.time.RemoteUptimeClock update
INFO: Latency: 7,0000 s, Delta ratio: 1,0000, Drift: 1,000, Error reduction coefficient: 0,000, Error: 0,0000 s
abr 04, 2013 12:33:03 PM org.ros.time.RemoteUptimeClock update
INFO: Latency: 7,0000 s, Delta ratio: 1,0000, Drift: 1,000, Error reduction coefficient: 0,000, Error: 0,0000 s
abr 04, 2013 12:33:03 PM org.ros.time.RemoteUptimeClock update
INFO: Latency: 7,0000 s, Delta ratio: 1,0000, Drift: 1,000, Error reduction coefficient: 0,000, Error: 0,0000 s
abr 04, 2013 12:33:03 PM org.ros.time.RemoteUptimeClock update
INFO: Latency: 7,0000 s, Delta ratio: 1,0000, Drift: 1,000, Error reduction coefficient: 0,000, Error: 0,0000 s
abr 04, 2013 12:33:03 PM org.ros.time.RemoteUptimeClock update
INFO: Latency: 7,0000 s, Delta ratio: 1,0000, Drift: 1,000, Error reduction coefficient: 0,000, Error: 0,0000 s
abr 04, 2013 12:33:03 PM org.ros.time.RemoteUptimeClock update
INFO: Latency: 7,0000 s, Delta ratio: 1,0000, Drift: 1,000, Error reduction coefficient: 0,000, Error: 0,0000 s
abr 04, 2013 12:33:03 PM org.ros.time.RemoteUptimeClock update
INFO: Latency: 7,0000 s, Delta ratio: 1,0000, Drift: 1,000, Error reduction coefficient: 0,000, Error: 0,0000 s
abr 04, 2013 12:33:03 PM org.ros.time.RemoteUptimeClock update
INFO: Latency: 7,0000 s, Delta ratio: 1,0000, Drift: 1,000, Error reduction coefficient: 0,000, Error: 0,0000 s
abr 04, 2013 12:33:03 PM org.ros.time.RemoteUptimeClock update
INFO: Latency: 7,0000 s, Delta ratio: 1,0000, Drift: 1,000, Error reduction coefficient: 0,000, Error: 0,0000 s
abr 04, 2013 12:33:03 PM org.ros.time.RemoteUptimeClock update
INFO: Latency: 7,0000 s, Delta ratio: 1,0000, Drift: 1,000, Error reduction coefficient: 0,000, Error: 0,0000 s
abr 04, 2013 12:33:03 PM org.ros.time.RemoteUptimeClock update
INFO: Latency: 7,0000 s, Delta ratio: 1,0000, Drift: 1,000, Error reduction coefficient: 0,000, Error: 0,0000 s
abr 04, 2013 12:33:03 PM org.ros.time.RemoteUptimeClock update
INFO: Latency: 7,0000 s, Delta ratio: 1,0000, Drift: 1,000, Error reduction coefficient: 0,000, Error: 0,0000 s
abr 04, 2013 12:33:03 PM org.ros.time.RemoteUptimeClock update
INFO: Latency: 7,0000 s, Delta ratio: 1,0000, Drift: 1,000, Error reduction coefficient: 0,000, Error: 0,0000 s
abr 04, 2013 12:33:03 PM org.ros.time.RemoteUptimeClock update
INFO: Latency: 7,0000 s, Delta ratio: 1,0000, Drift: 1,000, Error reduction coefficient: 0,000, Error: 0,0000 s
abr 04, 2013 12:33:03 PM org.ros.time.RemoteUptimeClock update
INFO: Latency: 7,0000 s, Delta ratio: 1,0000, Drift: 1,000, Error reduction coefficient: 0,000, Error: 0,0000 s
abr 04, 2013 12:33:03 PM org.ros.time.RemoteUptimeClock update
INFO: Latency: 7,0000 s, Delta ratio: 1,0000, Drift: 1,000, Error reduction coefficient: 0,000, Error: 0,0000 s
abr 04, 2013 12:33:03 PM org.ros.time.RemoteUptimeClock update
INFO: Latency: 7,0000 s, Delta ratio: 1,0000, Drift: 1,000, Error reduction coefficient: 0,000, Error: 0,0000 s
abr 04, 2013 12:33:03 PM org.ros.time.RemoteUptimeClock update
INFO: Latency: 7,0000 s, Delta ratio: 1,0000, Drift: 1,000, Error reduction coefficient: 0,000, Error: 0,0000 s
abr 04, 2013 12:33:03 PM org.ros.time.RemoteUptimeClock update
INFO: Latency: 7,0000 s, Delta ratio: 1,0000, Drift: 1,000, Error reduction coefficient: 0,000, Error: 0,0000 s
abr 04, 2013 12:33:03 PM org.ros.time.RemoteUptimeClock update
INFO: Latency: 7,0000 s, Delta ratio: 1,0000, Drift: 1,000, Error reduction coefficient: 0,000, Error: 0,0000 s
abr 04, 2013 12:33:03 PM org.ros.time.RemoteUptimeClock update
INFO: Latency: 7,0000 s, Delta ratio: 1,0000, Drift: 1,000, Error reduction coefficient: 0,000, Error: 0,0000 s
abr 04, 2013 12:33:03 PM org.ros.time.RemoteUptimeClock update
INFO: Latency: 7,0000 s, Delta ratio: 1,0000, Drift: 1,000, Error reduction coefficient: 0,000, Error: 0,0000 s
abr 04, 2013 12:33:03 PM org.ros.time.RemoteUptimeClock update
INFO: Latency: 7,0000 s, Delta ratio: 1,0000, Drift: 1,000, Error reduction coefficient: 0,000, Error: 0,0000 s
abr 04, 2013 12:33:03 PM org.ros.time.RemoteUptimeClock update
INFO: Latency: 7,0000 s, Delta ratio: 1,0000, Drift: 1,000, Error reduction coefficient: 0,000, Error: 0,0000 s
abr 04, 2013 12:33:03 PM org.ros.time.RemoteUptimeClock update
INFO: Latency: 7,0000 s, Delta ratio: 1,0000, Drift: 1,000, Error reduction coefficient: 0,000, Error: 0,0000 s
abr 04, 2013 12:33:03 PM org.ros.time.RemoteUptimeClock update
INFO: Latency: 7,0000 s, Delta ratio: 1,0000, Drift: 1,000, Error reduction coefficient: 0,000, Error: 0,0000 s
abr 04, 2013 12:33:03 PM org.ros.time.RemoteUptimeClock update
INFO: Latency: 7,0000 s, Delta ratio: 1,0000, Drift: 1,000, Error reduction coefficient: 0,000, Error: 0,0000 s
abr 04, 2013 12:33:03 PM org.ros.time.RemoteUptimeClock update
INFO: Latency: 7,0000 s, Delta ratio: 1,0000, Drift: 1,000, Error reduction coefficient: 0,000, Error: 0,0000 s
abr 04, 2013 12:33:03 PM org.ros.time.RemoteUptimeClock update
INFO: Latency: 7,0000 s, Delta ratio: 1,0000, Drift: 1,000, Error reduction coefficient: 0,000, Error: 0,0000 s
abr 04, 2013 12:33:03 PM org.ros.time.RemoteUptimeClock update
INFO: Latency: 7,0000 s, Delta ratio: 1,0000, Drift: 1,000, Error reduction coefficient: 0,000, Error: 0,0000 s
abr 04, 2013 12:33:03 PM org.ros.time.RemoteUptimeClock update
INFO: Latency: 7,0000 s, Delta ratio: 1,0000, Drift: 1,000, Error reduction coefficient: 0,000, Error: 0,0000 s
abr 04, 2013 12:33:03 PM org.ros.time.RemoteUptimeClock update
INFO: Latency: 7,0000 s, Delta ratio: 1,0000, Drift: 1,000, Error reduction coefficient: 0,000, Error: 0,0000 s
abr 04, 2013 12:33:03 PM org.ros.time.RemoteUptimeClock update
INFO: Latency: 7,0000 s, Delta ratio: 1,0000, Drift: 1,000, Error reduction coefficient: 0,000, Error: 0,0000 s
abr 04, 2013 12:33:03 PM org.ros.time.RemoteUptimeClock update
INFO: Latency: 7,0000 s, Delta ratio: 1,0000, Drift: 1,000, Error reduction coefficient: 0,000, Error: 0,0000 s
abr 04, 2013 12:33:03 PM org.ros.time.RemoteUptimeClock update
INFO: Latency: 7,0000 s, Delta ratio: 1,0000, Drift: 1,000, Error reduction coefficient: 0,000, Error: 0,0000 s
abr 04, 2013 12:33:03 PM org.ros.time.RemoteUptimeClock update
INFO: Latency: 7,0000 s, Delta ratio: 1,0000, Drift: 1,000, Error reduction coefficient: 0,000, Error: 0,0000 s
abr 04, 2013 12:33:03 PM org.ros.time.RemoteUptimeClock update
INFO: Latency: 7,0000 s, Delta ratio: 1,0000, Drift: 1,000, Error reduction coefficient: 0,000, Error: 0,0000 s
abr 04, 2013 12:33:03 PM org.ros.time.RemoteUptimeClock update
INFO: Latency: 7,0000 s, Delta ratio: 1,0000, Drift: 1,000, Error reduction coefficient: 0,000, Error: 0,0000 s
abr 04, 2013 12:33:03 PM org.ros.time.RemoteUptimeClock update
INFO: Latency: 7,0000 s, Delta ratio: 1,0000, Drift: 1,000, Error reduction coefficient: 0,000, Error: 0,0000 s
abr 04, 2013 12:33:03 PM org.ros.time.RemoteUptimeClock update
INFO: Latency: 7,0000 s, Delta ratio: 1,0000, Drift: 1,000, Error reduction coefficient: 0,000, Error: 0,0000 s
abr 04, 2013 12:33:03 PM org.ros.time.RemoteUptimeClock update
INFO: Latency: 7,0000 s, Delta ratio: 1,0000, Drift: 1,000, Error reduction coefficient: 0,000, Error: 0,0000 s
abr 04, 2013 12:33:03 PM org.ros.time.RemoteUptimeClock update
INFO: Latency: 7,0000 s, Delta ratio: 1,0000, Drift: 1,000, Error reduction coefficient: 0,000, Error: 0,0000 s
abr 04, 2013 12:33:03 PM org.ros.time.RemoteUptimeClock update
INFO: Latency: 7,0000 s, Delta ratio: 1,0000, Drift: 1,000, Error reduction coefficient: 0,000, Error: 0,0000 s
abr 04, 2013 12:33:03 PM org.ros.time.RemoteUptimeClock update
INFO: Latency: 7,0000 s, Delta ratio: 1,0000, Drift: 1,000, Error reduction coefficient: 0,000, Error: 0,0000 s
abr 04, 2013 12:33:03 PM org.ros.time.RemoteUptimeClock update
INFO: Latency: 7,0000 s, Delta ratio: 1,0000, Drift: 1,000, Error reduction coefficient: 0,000, Error: 0,0000 s
abr 04, 2013 12:33:03 PM org.ros.time.RemoteUptimeClock update
INFO: Latency: 7,0000 s, Delta ratio: 1,0000, Drift: 1,000, Error reduction coefficient: 0,000, Error: 0,0000 s
abr 04, 2013 12:33:03 PM org.ros.time.RemoteUptimeClock update
INFO: Latency: 7,0000 s, Delta ratio: 1,0000, Drift: 1,000, Error reduction coefficient: 0,000, Error: 0,0000 s
abr 04, 2013 12:33:03 PM org.ros.time.RemoteUptimeClock update
INFO: Latency: 7,0000 s, Delta ratio: 1,0000, Drift: 1,000, Error reduction coefficient: 0,000, Error: 0,0000 s
abr 04, 2013 12:33:03 PM org.ros.time.RemoteUptimeClock update
INFO: Latency: 7,0000 s, Delta ratio: 1,0000, Drift: 1,000, Error reduction coefficient: 0,000, Error: 0,0000 s
abr 04, 2013 12:33:03 PM org.ros.time.RemoteUptimeClock update
INFO: Latency: 7,0000 s, Delta ratio: 1,0000, Drift: 1,000, Error reduction coefficient: 0,000, Error: 0,0000 s
abr 04, 2013 12:33:03 PM org.ros.time.RemoteUptimeClock update
INFO: Latency: 7,0000 s, Delta ratio: 1,0000, Drift: 1,000, Error reduction coefficient: 0,000, Error: 0,0000 s
abr 04, 2013 12:33:03 PM org.ros.time.RemoteUptimeClock update
INFO: Latency: 7,0000 s, Delta ratio: 1,0000, Drift: 1,000, Error reduction coefficient: 0,000, Error: 0,0000 s
abr 04, 2013 12:33:03 PM org.ros.time.RemoteUptimeClock update
INFO: Latency: 7,0000 s, Delta ratio: 1,0000, Drift: 1,000, Error reduction coefficient: 0,000, Error: 0,0000 s
abr 04, 2013 12:33:03 PM org.ros.time.RemoteUptimeClock update
INFO: Latency: 7,0000 s, Delta ratio: 1,0000, Drift: 1,000, Error reduction coefficient: 0,000, Error: 0,0000 s
abr 04, 2013 12:33:03 PM org.ros.time.RemoteUptimeClock update
INFO: Latency: 7,0000 s, Delta ratio: 1,0000, Drift: 1,000, Error reduction coefficient: 0,000, Error: 0,0000 s
abr 04, 2013 12:33:03 PM org.ros.time.RemoteUptimeClock update
INFO: Latency: 7,0000 s, Delta ratio: 1,0000, Drift: 1,000, Error reduction coefficient: 0,000, Error: 0,0000 s
abr 04, 2013 12:33:03 PM org.ros.time.RemoteUptimeClock update
INFO: Latency: 7,0000 s, Delta ratio: 1,0000, Drift: 1,000, Error reduction coefficient: 0,000, Error: 0,0000 s
abr 04, 2013 12:33:03 PM org.ros.time.RemoteUptimeClock update
INFO: Latency: 7,0000 s, Delta ratio: 1,0000, Drift: 1,000, Error reduction coefficient: 0,000, Error: 0,0000 s
abr 04, 2013 12:33:03 PM org.ros.time.RemoteUptimeClock update
INFO: Latency: 7,0000 s, Delta ratio: 1,0000, Drift: 1,000, Error reduction coefficient: 0,000, Error: 0,0000 s
abr 04, 2013 12:33:03 PM org.ros.time.RemoteUptimeClock update
INFO: Latency: 7,0000 s, Delta ratio: 1,0000, Drift: 1,000, Error reduction coefficient: 0,000, Error: 0,0000 s
abr 04, 2013 12:33:03 PM org.ros.time.RemoteUptimeClock update
INFO: Latency: 7,0000 s, Delta ratio: 1,0000, Drift: 1,000, Error reduction coefficient: 0,000, Error: 0,0000 s
abr 04, 2013 12:33:03 PM org.ros.time.RemoteUptimeClock update
INFO: Latency: 7,0000 s, Delta ratio: 1,0000, Drift: 1,000, Error reduction coefficient: 0,000, Error: 0,0000 s
abr 04, 2013 12:33:03 PM org.ros.time.RemoteUptimeClock update
INFO: Latency: 7,0000 s, Delta ratio: 1,0000, Drift: 1,000, Error reduction coefficient: 0,000, Error: 0,0000 s
abr 04, 2013 12:33:03 PM org.ros.time.RemoteUptimeClock update
INFO: Latency: 7,0000 s, Delta ratio: 1,0000, Drift: 1,000, Error reduction coefficient: 0,000, Error: 0,0000 s
abr 04, 2013 12:33:03 PM org.ros.time.RemoteUptimeClock update
INFO: Latency: 7,0000 s, Delta ratio: 1,0000, Drift: 1,000, Error reduction coefficient: 0,000, Error: 0,0000 s
abr 04, 2013 12:33:03 PM org.ros.time.RemoteUptimeClock update
INFO: Latency: 7,0000 s, Delta ratio: 1,0000, Drift: 1,000, Error reduction coefficient: 0,000, Error: 0,0000 s
abr 04, 2013 12:33:03 PM org.ros.time.RemoteUptimeClock update
INFO: Latency: 7,0000 s, Delta ratio: 1,0000, Drift: 1,000, Error reduction coefficient: 0,000, Error: 0,0000 s
abr 04, 2013 12:33:03 PM org.ros.time.RemoteUptimeClock update
INFO: Latency: 7,0000 s, Delta ratio: 1,0000, Drift: 1,000, Error reduction coefficient: 0,000, Error: 0,0000 s
abr 04, 2013 12:33:03 PM org.ros.time.RemoteUptimeClock update
INFO: Latency: 7,0000 s, Delta ratio: 1,0000, Drift: 1,000, Error reduction coefficient: 0,000, Error: 0,0000 s
abr 04, 2013 12:33:03 PM org.ros.time.RemoteUptimeClock update
INFO: Latency: 7,0000 s, Delta ratio: 1,0000, Drift: 1,000, Error reduction coefficient: 0,000, Error: 0,0000 s
abr 04, 2013 12:33:03 PM org.ros.time.RemoteUptimeClock update
INFO: Latency: 7,0000 s, Delta ratio: 1,0000, Drift: 1,000, Error reduction coefficient: 0,000, Error: 0,0000 s
abr 04, 2013 12:33:03 PM org.ros.time.RemoteUptimeClock update
INFO: Latency: 7,0000 s, Delta ratio: 1,0000, Drift: 1,000, Error reduction coefficient: 0,000, Error: 0,0000 s
abr 04, 2013 12:33:03 PM org.ros.time.RemoteUptimeClock update
INFO: Latency: 7,0000 s, Delta ratio: 1,0000, Drift: 1,000, Error reduction coefficient: 0,000, Error: 0,0000 s
abr 04, 2013 12:33:03 PM org.ros.time.RemoteUptimeClock update
INFO: Latency: 7,0000 s, Delta ratio: 1,0000, Drift: 1,000, Error reduction coefficient: 0,000, Error: 0,0000 s
abr 04, 2013 12:33:03 PM org.ros.time.RemoteUptimeClock update
INFO: Latency: 7,0000 s, Delta ratio: 1,0000, Drift: 1,000, Error reduction coefficient: 0,000, Error: 0,0000 s
abr 04, 2013 12:33:03 PM org.ros.time.RemoteUptimeClock update
INFO: Latency: 7,0000 s, Delta ratio: 1,0000, Drift: 1,000, Error reduction coefficient: 0,000, Error: 0,0000 s
abr 04, 2013 12:33:03 PM org.ros.time.RemoteUptimeClock update
INFO: Latency: 7,0000 s, Delta ratio: 1,0000, Drift: 1,000, Error reduction coefficient: 0,000, Error: 0,0000 s
abr 04, 2013 12:33:03 PM org.ros.time.RemoteUptimeClock update
INFO: Latency: 7,0000 s, Delta ratio: 1,0000, Drift: 1,000, Error reduction coefficient: 0,000, Error: 0,0000 s
abr 04, 2013 12:33:03 PM org.ros.time.RemoteUptimeClock update
INFO: Latency: 7,0000 s, Delta ratio: 1,0000, Drift: 1,000, Error reduction coefficient: 0,000, Error: 0,0000 s
abr 04, 2013 12:33:03 PM org.ros.time.RemoteUptimeClock update
INFO: Latency: 7,0000 s, Delta ratio: 1,0000, Drift: 1,000, Error reduction coefficient: 0,000, Error: 0,0000 s
abr 04, 2013 12:33:03 PM org.ros.time.RemoteUptimeClock update
INFO: Latency: 7,0000 s, Delta ratio: 1,0000, Drift: 1,000, Error reduction coefficient: 0,000, Error: 0,0000 s
abr 04, 2013 12:33:03 PM org.ros.time.RemoteUptimeClock update
INFO: Latency: 7,0000 s, Delta ratio: 1,0000, Drift: 1,000, Error reduction coefficient: 0,000, Error: 0,0000 s
abr 04, 2013 12:33:03 PM org.ros.time.RemoteUptimeClock update
INFO: Latency: 7,0000 s, Delta ratio: 1,0000, Drift: 1,000, Error reduction coefficient: 0,000, Error: 0,0000 s
abr 04, 2013 12:33:03 PM org.ros.time.RemoteUptimeClock update
INFO: Latency: 7,0000 s, Delta ratio: 1,0000, Drift: 1,000, Error reduction coefficient: 0,000, Error: 0,0000 s
abr 04, 2013 12:33:03 PM org.ros.time.RemoteUptimeClock update
INFO: Latency: 7,0000 s, Delta ratio: 1,0000, Drift: 1,000, Error reduction coefficient: 0,000, Error: 0,0000 s
abr 04, 2013 12:33:03 PM org.ros.time.RemoteUptimeClock update
INFO: Latency: 7,0000 s, Delta ratio: 1,0000, Drift: 1,000, Error reduction coefficient: 0,000, Error: 0,0000 s
abr 04, 2013 12:33:03 PM org.ros.time.RemoteUptimeClock update
INFO: Latency: 7,0000 s, Delta ratio: 1,0000, Drift: 1,000, Error reduction coefficient: 0,000, Error: 0,0000 s
abr 04, 2013 12:33:03 PM org.ros.time.RemoteUptimeClock update
INFO: Latency: 7,0000 s, Delta ratio: 1,0000, Drift: 1,000, Error reduction coefficient: 0,000, Error: 0,0000 s
abr 04, 2013 12:33:03 PM org.ros.time.RemoteUptimeClock update
INFO: Latency: 7,0000 s, Delta ratio: 1,0000, Drift: 1,000, Error reduction coefficient: 0,000, Error: 0,0000 s
abr 04, 2013 12:33:03 PM org.ros.time.RemoteUptimeClock update
INFO: Latency: 7,0000 s, Delta ratio: 1,0000, Drift: 1,000, Error reduction coefficient: 0,000, Error: 0,0000 s
abr 04, 2013 12:33:03 PM org.ros.time.RemoteUptimeClock update
INFO: Latency: 7,0000 s, Delta ratio: 1,0000, Drift: 1,000, Error reduction coefficient: 0,000, Error: 0,0000 s
abr 04, 2013 12:33:03 PM org.ros.time.RemoteUptimeClock update
INFO: Latency: 7,0000 s, Delta ratio: 1,0000, Drift: 1,000, Error reduction coefficient: 0,000, Error: 0,0000 s
abr 04, 2013 12:33:03 PM org.ros.time.RemoteUptimeClock update
INFO: Latency: 7,0000 s, Delta ratio: 1,0000, Drift: 1,000, Error reduction coefficient: 0,000, Error: 0,0000 s
abr 04, 2013 12:33:03 PM org.ros.time.RemoteUptimeClock update
INFO: Latency: 7,0000 s, Delta ratio: 1,0000, Drift: 1,000, Error reduction coefficient: 0,000, Error: 0,0000 s
abr 04, 2013 12:33:03 PM org.ros.time.RemoteUptimeClock update
INFO: Latency: 7,0000 s, Delta ratio: 1,0000, Drift: 1,000, Error reduction coefficient: 0,000, Error: 0,0000 s
abr 04, 2013 12:33:03 PM org.ros.time.RemoteUptimeClock update
INFO: Latency: 7,0000 s, Delta ratio: 1,0000, Drift: 1,000, Error reduction coefficient: 0,000, Error: 0,0000 s
abr 04, 2013 12:33:03 PM org.ros.time.RemoteUptimeClock update
INFO: Latency: 7,0000 s, Delta ratio: 1,0000, Drift: 1,000, Error reduction coefficient: 0,000, Error: 0,0000 s
abr 04, 2013 12:33:03 PM org.ros.time.RemoteUptimeClock update
INFO: Latency: 7,0000 s, Delta ratio: 1,0000, Drift: 1,000, Error reduction coefficient: 0,000, Error: 0,0000 s
abr 04, 2013 12:33:03 PM org.ros.time.RemoteUptimeClock update
INFO: Latency: 7,0000 s, Delta ratio: 1,0000, Drift: 1,000, Error reduction coefficient: 0,000, Error: 0,0000 s
abr 04, 2013 12:33:03 PM org.ros.time.RemoteUptimeClock update
INFO: Latency: 7,0000 s, Delta ratio: 1,0000, Drift: 1,000, Error reduction coefficient: 0,000, Error: 0,0000 s
abr 04, 2013 12:33:03 PM org.ros.time.RemoteUptimeClock update
INFO: Latency: 7,0000 s, Delta ratio: 1,0000, Drift: 1,000, Error reduction coefficient: 0,000, Error: 0,0000 s
abr 04, 2013 12:33:03 PM org.ros.time.RemoteUptimeClock update
INFO: Latency: 7,0000 s, Delta ratio: 1,0000, Drift: 1,000, Error reduction coefficient: 0,000, Error: 0,0000 s
abr 04, 2013 12:33:03 PM org.ros.time.RemoteUptimeClock update
INFO: Latency: 7,0000 s, Delta ratio: 1,0000, Drift: 1,000, Error reduction coefficient: 0,000, Error: 0,0000 s
abr 04, 2013 12:33:03 PM org.ros.time.RemoteUptimeClock update
INFO: Latency: 7,0000 s, Delta ratio: 1,0000, Drift: 1,000, Error reduction coefficient: 0,000, Error: 0,0000 s
abr 04, 2013 12:33:03 PM org.ros.time.RemoteUptimeClock update
INFO: Latency: 7,0000 s, Delta ratio: 1,0000, Drift: 1,000, Error reduction coefficient: 0,000, Error: 0,0000 s
abr 04, 2013 12:33:03 PM org.ros.time.RemoteUptimeClock update
INFO: Latency: 7,0000 s, Delta ratio: 1,0000, Drift: 1,000, Error reduction coefficient: 0,000, Error: 0,0000 s
abr 04, 2013 12:33:03 PM org.ros.time.RemoteUptimeClock update
INFO: Latency: 7,0000 s, Delta ratio: 1,0000, Drift: 1,000, Error reduction coefficient: 0,000, Error: 0,0000 s
abr 04, 2013 12:33:03 PM org.ros.time.RemoteUptimeClock update
INFO: Latency: 7,0000 s, Delta ratio: 1,0000, Drift: 1,000, Error reduction coefficient: 0,000, Error: 0,0000 s
abr 04, 2013 12:33:03 PM org.ros.time.RemoteUptimeClock update
INFO: Latency: 7,0000 s, Delta ratio: 1,0000, Drift: 1,000, Error reduction coefficient: 0,000, Error: 0,0000 s
abr 04, 2013 12:33:03 PM org.ros.time.RemoteUptimeClock update
INFO: Latency: 7,0000 s, Delta ratio: 1,0000, Drift: 1,000, Error reduction coefficient: 0,000, Error: 0,0000 s
abr 04, 2013 12:33:03 PM org.ros.time.RemoteUptimeClock update
INFO: Latency: 7,0000 s, Delta ratio: 1,0000, Drift: 1,000, Error reduction coefficient: 0,000, Error: 0,0000 s
abr 04, 2013 12:33:03 PM org.ros.time.RemoteUptimeClock update
INFO: Latency: 7,0000 s, Delta ratio: 1,0000, Drift: 1,000, Error reduction coefficient: 0,000, Error: 0,0000 s
abr 04, 2013 12:33:03 PM org.ros.time.RemoteUptimeClock update
INFO: Latency: 7,0000 s, Delta ratio: 1,0000, Drift: 1,000, Error reduction coefficient: 0,000, Error: 0,0000 s
abr 04, 2013 12:33:03 PM org.ros.time.RemoteUptimeClock update
INFO: Latency: 7,0000 s, Delta ratio: 1,0000, Drift: 1,000, Error reduction coefficient: 0,000, Error: 0,0000 s
abr 04, 2013 12:33:03 PM org.ros.time.RemoteUptimeClock update
INFO: Latency: 7,0000 s, Delta ratio: 1,0000, Drift: 1,000, Error reduction coefficient: 0,000, Error: 0,0000 s
abr 04, 2013 12:33:03 PM org.ros.time.RemoteUptimeClock update
INFO: Latency: 7,0000 s, Delta ratio: 1,0000, Drift: 1,000, Error reduction coefficient: 0,000, Error: 0,0000 s
abr 04, 2013 12:33:03 PM org.ros.time.RemoteUptimeClock update
INFO: Latency: 7,0000 s, Delta ratio: 1,0000, Drift: 1,000, Error reduction coefficient: 0,000, Error: 0,0000 s
abr 04, 2013 12:33:03 PM org.ros.time.RemoteUptimeClock update
INFO: Latency: 7,0000 s, Delta ratio: 1,0000, Drift: 1,000, Error reduction coefficient: 0,000, Error: 0,0000 s
abr 04, 2013 12:33:03 PM org.ros.time.RemoteUptimeClock update
INFO: Latency: 7,0000 s, Delta ratio: 1,0000, Drift: 1,000, Error reduction coefficient: 0,000, Error: 0,0000 s
abr 04, 2013 12:33:03 PM org.ros.time.RemoteUptimeClock update
INFO: Latency: 7,0000 s, Delta ratio: 1,0000, Drift: 1,000, Error reduction coefficient: 0,000, Error: 0,0000 s
abr 04, 2013 12:33:03 PM org.ros.time.RemoteUptimeClock update
INFO: Latency: 7,0000 s, Delta ratio: 1,0000, Drift: 1,000, Error reduction coefficient: 0,000, Error: 0,0000 s
abr 04, 2013 12:33:03 PM org.ros.time.RemoteUptimeClock update
INFO: Latency: 7,0000 s, Delta ratio: 1,0000, Drift: 1,000, Error reduction coefficient: 0,000, Error: 0,0000 s
abr 04, 2013 12:33:03 PM org.ros.time.RemoteUptimeClock update
INFO: Latency: 7,0000 s, Delta ratio: 1,0000, Drift: 1,000, Error reduction coefficient: 0,000, Error: 0,0000 s
abr 04, 2013 12:33:03 PM org.ros.time.RemoteUptimeClock update
INFO: Latency: 7,0000 s, Delta ratio: 1,0000, Drift: 1,000, Error reduction coefficient: 0,000, Error: 0,0000 s
abr 04, 2013 12:33:03 PM org.ros.time.RemoteUptimeClock update
INFO: Latency: 7,0000 s, Delta ratio: 1,0000, Drift: 1,000, Error reduction coefficient: 0,000, Error: 0,0000 s
abr 04, 2013 12:33:03 PM org.ros.time.RemoteUptimeClock update
INFO: Latency: 7,0000 s, Delta ratio: 1,0000, Drift: 1,000, Error reduction coefficient: 0,000, Error: 0,0000 s
abr 04, 2013 12:33:03 PM org.ros.time.RemoteUptimeClock update
INFO: Latency: 7,0000 s, Delta ratio: 1,0000, Drift: 1,000, Error reduction coefficient: 0,000, Error: 0,0000 s
abr 04, 2013 12:33:03 PM org.ros.time.RemoteUptimeClock update
INFO: Latency: 7,0000 s, Delta ratio: 1,0000, Drift: 1,000, Error reduction coefficient: 0,000, Error: 0,0000 s
abr 04, 2013 12:33:03 PM org.ros.time.RemoteUptimeClock update
INFO: Latency: 7,0000 s, Delta ratio: 1,0000, Drift: 1,000, Error reduction coefficient: 0,000, Error: 0,0000 s
abr 04, 2013 12:33:03 PM org.ros.time.RemoteUptimeClock update
INFO: Latency: 7,0000 s, Delta ratio: 1,0000, Drift: 1,000, Error reduction coefficient: 0,000, Error: 0,0000 s
abr 04, 2013 12:33:03 PM org.ros.time.RemoteUptimeClock update
INFO: Latency: 7,0000 s, Delta ratio: 1,0000, Drift: 1,000, Error reduction coefficient: 0,000, Error: 0,0000 s
abr 04, 2013 12:33:03 PM org.ros.time.RemoteUptimeClock update
INFO: Latency: 7,0000 s, Delta ratio: 1,0000, Drift: 1,000, Error reduction coefficient: 0,000, Error: 0,0000 s
abr 04, 2013 12:33:03 PM org.ros.time.RemoteUptimeClock update
INFO: Latency: 7,0000 s, Delta ratio: 1,0000, Drift: 1,000, Error reduction coefficient: 0,000, Error: 0,0000 s
abr 04, 2013 12:33:03 PM org.ros.time.RemoteUptimeClock update
INFO: Latency: 7,0000 s, Delta ratio: 1,0000, Drift: 1,000, Error reduction coefficient: 0,000, Error: 0,0000 s
abr 04, 2013 12:33:03 PM org.ros.time.RemoteUptimeClock update
INFO: Latency: 7,0000 s, Delta ratio: 1,0000, Drift: 1,000, Error reduction coefficient: 0,000, Error: 0,0000 s
abr 04, 2013 12:33:03 PM org.ros.time.RemoteUptimeClock update
INFO: Latency: 7,0000 s, Delta ratio: 1,0000, Drift: 1,000, Error reduction coefficient: 0,000, Error: 0,0000 s
abr 04, 2013 12:33:03 PM org.ros.time.RemoteUptimeClock update
INFO: Latency: 7,0000 s, Delta ratio: 1,0000, Drift: 1,000, Error reduction coefficient: 0,000, Error: 0,0000 s
abr 04, 2013 12:33:03 PM org.ros.time.RemoteUptimeClock update
INFO: Latency: 7,0000 s, Delta ratio: 1,0000, Drift: 1,000, Error reduction coefficient: 0,000, Error: 0,0000 s
abr 04, 2013 12:33:03 PM org.ros.time.RemoteUptimeClock update
INFO: Latency: 7,0000 s, Delta ratio: 1,0000, Drift: 1,000, Error reduction coefficient: 0,000, Error: 0,0000 s
abr 04, 2013 12:33:03 PM org.ros.time.RemoteUptimeClock update
INFO: Latency: 7,0000 s, Delta ratio: 1,0000, Drift: 1,000, Error reduction coefficient: 0,000, Error: 0,0000 s
abr 04, 2013 12:33:03 PM org.ros.time.RemoteUptimeClock update
INFO: Latency: 7,0000 s, Delta ratio: 1,0000, Drift: 1,000, Error reduction coefficient: 0,000, Error: 0,0000 s
abr 04, 2013 12:33:03 PM org.ros.time.RemoteUptimeClock update
INFO: Latency: 7,0000 s, Delta ratio: 1,0000, Drift: 1,000, Error reduction coefficient: 0,000, Error: 0,0000 s
abr 04, 2013 12:33:03 PM org.ros.time.RemoteUptimeClock update
INFO: Latency: 7,0000 s, Delta ratio: 1,0000, Drift: 1,000, Error reduction coefficient: 0,000, Error: 0,0000 s
abr 04, 2013 12:33:03 PM org.ros.time.RemoteUptimeClock update
INFO: Latency: 7,0000 s, Delta ratio: 1,0000, Drift: 1,000, Error reduction coefficient: 0,000, Error: 0,0000 s
abr 04, 2013 12:33:03 PM org.ros.time.RemoteUptimeClock update
INFO: Latency: 7,0000 s, Delta ratio: 1,0000, Drift: 1,000, Error reduction coefficient: 0,000, Error: 0,0000 s
abr 04, 2013 12:33:03 PM org.ros.time.RemoteUptimeClock update
INFO: Latency: 7,0000 s, Delta ratio: 1,0000, Drift: 1,000, Error reduction coefficient: 0,000, Error: 0,0000 s
abr 04, 2013 12:33:03 PM org.ros.time.RemoteUptimeClock update
INFO: Latency: 7,0000 s, Delta ratio: 1,0000, Drift: 1,000, Error reduction coefficient: 0,000, Error: 0,0000 s
abr 04, 2013 12:33:03 PM org.ros.time.RemoteUptimeClock update
INFO: Latency: 7,0000 s, Delta ratio: 1,0000, Drift: 1,000, Error reduction coefficient: 0,000, Error: 0,0000 s
abr 04, 2013 12:33:03 PM org.ros.time.RemoteUptimeClock update
INFO: Latency: 7,0000 s, Delta ratio: 1,0000, Drift: 1,000, Error reduction coefficient: 0,000, Error: 0,0000 s
abr 04, 2013 12:33:03 PM org.ros.time.RemoteUptimeClock update
INFO: Latency: 7,0000 s, Delta ratio: 1,0000, Drift: 1,000, Error reduction coefficient: 0,000, Error: 0,0000 s
abr 04, 2013 12:33:03 PM org.ros.time.RemoteUptimeClock update
INFO: Latency: 7,0000 s, Delta ratio: 1,0000, Drift: 1,000, Error reduction coefficient: 0,000, Error: 0,0000 s
abr 04, 2013 12:33:03 PM org.ros.time.RemoteUptimeClock update
INFO: Latency: 7,0000 s, Delta ratio: 1,0000, Drift: 1,000, Error reduction coefficient: 0,000, Error: 0,0000 s
abr 04, 2013 12:33:03 PM org.ros.time.RemoteUptimeClock update
INFO: Latency: 7,0000 s, Delta ratio: 1,0000, Drift: 1,000, Error reduction coefficient: 0,000, Error: 0,0000 s
abr 04, 2013 12:33:03 PM org.ros.time.RemoteUptimeClock update
INFO: Latency: 7,0000 s, Delta ratio: 1,0000, Drift: 1,000, Error reduction coefficient: 0,000, Error: 0,0000 s
abr 04, 2013 12:33:03 PM org.ros.time.RemoteUptimeClock update
INFO: Latency: 7,0000 s, Delta ratio: 1,0000, Drift: 1,000, Error reduction coefficient: 0,000, Error: 0,0000 s
abr 04, 2013 12:33:03 PM org.ros.time.RemoteUptimeClock update
INFO: Latency: 7,0000 s, Delta ratio: 1,0000, Drift: 1,000, Error reduction coefficient: 0,000, Error: 0,0000 s
abr 04, 2013 12:33:03 PM org.ros.time.RemoteUptimeClock update
INFO: Latency: 7,0000 s, Delta ratio: 1,0000, Drift: 1,000, Error reduction coefficient: 0,000, Error: 0,0000 s
abr 04, 2013 12:33:03 PM org.ros.time.RemoteUptimeClock update
INFO: Latency: 7,0000 s, Delta ratio: 1,0000, Drift: 1,000, Error reduction coefficient: 0,000, Error: 0,0000 s
abr 04, 2013 12:33:03 PM org.ros.time.RemoteUptimeClock update
INFO: Latency: 7,0000 s, Delta ratio: 1,0000, Drift: 1,000, Error reduction coefficient: 0,000, Error: 0,0000 s
abr 04, 2013 12:33:03 PM org.ros.time.RemoteUptimeClock update
INFO: Latency: 7,0000 s, Delta ratio: 1,0000, Drift: 1,000, Error reduction coefficient: 0,000, Error: 0,0000 s
abr 04, 2013 12:33:03 PM org.ros.time.RemoteUptimeClock update
INFO: Latency: 7,0000 s, Delta ratio: 1,0000, Drift: 1,000, Error reduction coefficient: 0,000, Error: 0,0000 s
abr 04, 2013 12:33:03 PM org.ros.time.RemoteUptimeClock update
INFO: Latency: 7,0000 s, Delta ratio: 1,0000, Drift: 1,000, Error reduction coefficient: 0,000, Error: 0,0000 s
abr 04, 2013 12:33:03 PM org.ros.time.RemoteUptimeClock update
INFO: Latency: 7,0000 s, Delta ratio: 1,0000, Drift: 1,000, Error reduction coefficient: 0,000, Error: 0,0000 s
abr 04, 2013 12:33:03 PM org.ros.time.RemoteUptimeClock update
INFO: Latency: 7,0000 s, Delta ratio: 1,0000, Drift: 1,000, Error reduction coefficient: 0,000, Error: 0,0000 s
abr 04, 2013 12:33:03 PM org.ros.time.RemoteUptimeClock update
INFO: Latency: 7,0000 s, Delta ratio: 1,0000, Drift: 1,000, Error reduction coefficient: 0,000, Error: 0,0000 s
abr 04, 2013 12:33:03 PM org.ros.time.RemoteUptimeClock update
INFO: Latency: 7,0000 s, Delta ratio: 1,0000, Drift: 1,000, Error reduction coefficient: 0,000, Error: 0,0000 s
abr 04, 2013 12:33:03 PM org.ros.time.RemoteUptimeClock update
INFO: Latency: 7,0000 s, Delta ratio: 1,0000, Drift: 1,000, Error reduction coefficient: 0,000, Error: 0,0000 s
abr 04, 2013 12:33:03 PM org.ros.time.RemoteUptimeClock update
INFO: Latency: 7,0000 s, Delta ratio: 1,0000, Drift: 1,000, Error reduction coefficient: 0,000, Error: 0,0000 s
abr 04, 2013 12:33:03 PM org.ros.time.RemoteUptimeClock update
INFO: Latency: 7,0000 s, Delta ratio: 1,0000, Drift: 1,000, Error reduction coefficient: 0,000, Error: 0,0000 s
abr 04, 2013 12:33:03 PM org.ros.time.RemoteUptimeClock update
INFO: Latency: 7,0000 s, Delta ratio: 1,0000, Drift: 1,000, Error reduction coefficient: 0,000, Error: 0,0000 s
abr 04, 2013 12:33:03 PM org.ros.time.RemoteUptimeClock update
INFO: Latency: 7,0000 s, Delta ratio: 1,0000, Drift: 1,000, Error reduction coefficient: 0,000, Error: 0,0000 s
abr 04, 2013 12:33:03 PM org.ros.time.RemoteUptimeClock update
INFO: Latency: 7,0000 s, Delta ratio: 1,0000, Drift: 1,000, Error reduction coefficient: 0,000, Error: 0,0000 s
abr 04, 2013 12:33:03 PM org.ros.time.RemoteUptimeClock update
INFO: Latency: 7,0000 s, Delta ratio: 1,0000, Drift: 1,000, Error reduction coefficient: 0,000, Error: 0,0000 s
abr 04, 2013 12:33:03 PM org.ros.time.RemoteUptimeClock update
INFO: Latency: 7,0000 s, Delta ratio: 1,0000, Drift: 1,000, Error reduction coefficient: 0,000, Error: 0,0000 s
abr 04, 2013 12:33:03 PM org.ros.time.RemoteUptimeClock update
INFO: Latency: 7,0000 s, Delta ratio: 1,0000, Drift: 1,000, Error reduction coefficient: 0,000, Error: 0,0000 s
abr 04, 2013 12:33:03 PM org.ros.time.RemoteUptimeClock update
INFO: Latency: 7,0000 s, Delta ratio: 1,0000, Drift: 1,000, Error reduction coefficient: 0,000, Error: 0,0000 s
abr 04, 2013 12:33:03 PM org.ros.time.RemoteUptimeClock update
INFO: Latency: 7,0000 s, Delta ratio: 1,0000, Drift: 1,000, Error reduction coefficient: 0,000, Error: 0,0000 s
abr 04, 2013 12:33:03 PM org.ros.time.RemoteUptimeClock update
INFO: Latency: 7,0000 s, Delta ratio: 1,0000, Drift: 1,000, Error reduction coefficient: 0,000, Error: 0,0000 s
abr 04, 2013 12:33:03 PM org.ros.time.RemoteUptimeClock update
INFO: Latency: 7,0000 s, Delta ratio: 1,0000, Drift: 1,000, Error reduction coefficient: 0,000, Error: 0,0000 s
abr 04, 2013 12:33:03 PM org.ros.time.RemoteUptimeClock update
INFO: Latency: 7,0000 s, Delta ratio: 1,0000, Drift: 1,000, Error reduction coefficient: 0,000, Error: 0,0000 s
abr 04, 2013 12:33:03 PM org.ros.time.RemoteUptimeClock update
INFO: Latency: 7,0000 s, Delta ratio: 1,0000, Drift: 1,000, Error reduction coefficient: 0,000, Error: 0,0000 s
abr 04, 2013 12:33:03 PM org.ros.time.RemoteUptimeClock update
INFO: Latency: 7,0000 s, Delta ratio: 1,0000, Drift: 1,000, Error reduction coefficient: 0,000, Error: 0,0000 s
abr 04, 2013 12:33:03 PM org.ros.time.RemoteUptimeClock update
INFO: Latency: 7,0000 s, Delta ratio: 1,0000, Drift: 1,000, Error reduction coefficient: 0,000, Error: 0,0000 s
abr 04, 2013 12:33:03 PM org.ros.time.RemoteUptimeClock update
INFO: Latency: 7,0000 s, Delta ratio: 1,0000, Drift: 1,000, Error reduction coefficient: 0,000, Error: 0,0000 s
abr 04, 2013 12:33:03 PM org.ros.time.RemoteUptimeClock update
INFO: Latency: 7,0000 s, Delta ratio: 1,0000, Drift: 1,000, Error reduction coefficient: 0,000, Error: 0,0000 s
abr 04, 2013 12:33:03 PM org.ros.time.RemoteUptimeClock update
INFO: Latency: 7,0000 s, Delta ratio: 1,0000, Drift: 1,000, Error reduction coefficient: 0,000, Error: 0,0000 s
abr 04, 2013 12:33:03 PM org.ros.time.RemoteUptimeClock update
INFO: Latency: 7,0000 s, Delta ratio: 1,0000, Drift: 1,000, Error reduction coefficient: 0,000, Error: 0,0000 s
abr 04, 2013 12:33:03 PM org.ros.time.RemoteUptimeClock update
INFO: Latency: 7,0000 s, Delta ratio: 1,0000, Drift: 1,000, Error reduction coefficient: 0,000, Error: 0,0000 s
abr 04, 2013 12:33:03 PM org.ros.time.RemoteUptimeClock update
INFO: Latency: 7,0000 s, Delta ratio: 1,0000, Drift: 1,000, Error reduction coefficient: 0,000, Error: 0,0000 s
abr 04, 2013 12:33:03 PM org.ros.time.RemoteUptimeClock update
INFO: Latency: 7,0000 s, Delta ratio: 1,0000, Drift: 1,000, Error reduction coefficient: 0,000, Error: 0,0000 s
abr 04, 2013 12:33:03 PM org.ros.time.RemoteUptimeClock update
INFO: Latency: 7,0000 s, Delta ratio: 1,0000, Drift: 1,000, Error reduction coefficient: 0,000, Error: 0,0000 s
abr 04, 2013 12:33:03 PM org.ros.time.RemoteUptimeClock update
INFO: Latency: 7,0000 s, Delta ratio: 1,0000, Drift: 1,000, Error reduction coefficient: 0,000, Error: 0,0000 s
abr 04, 2013 12:33:03 PM org.ros.time.RemoteUptimeClock update
INFO: Latency: 7,0000 s, Delta ratio: 1,0000, Drift: 1,000, Error reduction coefficient: 0,000, Error: 0,0000 s
abr 04, 2013 12:33:03 PM org.ros.time.RemoteUptimeClock update
INFO: Latency: 7,0000 s, Delta ratio: 1,0000, Drift: 1,000, Error reduction coefficient: 0,000, Error: 0,0000 s
abr 04, 2013 12:33:03 PM org.ros.time.RemoteUptimeClock update
INFO: Latency: 7,0000 s, Delta ratio: 1,0000, Drift: 1,000, Error reduction coefficient: 0,000, Error: 0,0000 s
abr 04, 2013 12:33:03 PM org.ros.time.RemoteUptimeClock update
INFO: Latency: 7,0000 s, Delta ratio: 1,0000, Drift: 1,000, Error reduction coefficient: 0,000, Error: 0,0000 s
abr 04, 2013 12:33:03 PM org.ros.time.RemoteUptimeClock update
INFO: Latency: 7,0000 s, Delta ratio: 1,0000, Drift: 1,000, Error reduction coefficient: 0,000, Error: 0,0000 s
abr 04, 2013 12:33:03 PM org.ros.time.RemoteUptimeClock update
INFO: Latency: 7,0000 s, Delta ratio: 1,0000, Drift: 1,000, Error reduction coefficient: 0,000, Error: 0,0000 s
abr 04, 2013 12:33:03 PM org.ros.time.RemoteUptimeClock update
INFO: Latency: 7,0000 s, Delta ratio: 1,0000, Drift: 1,000, Error reduction coefficient: 0,000, Error: 0,0000 s
abr 04, 2013 12:33:03 PM org.ros.time.RemoteUptimeClock update
INFO: Latency: 7,0000 s, Delta ratio: 1,0000, Drift: 1,000, Error reduction coefficient: 0,000, Error: 0,0000 s
abr 04, 2013 12:33:03 PM org.ros.time.RemoteUptimeClock update
INFO: Latency: 7,0000 s, Delta ratio: 1,0000, Drift: 1,000, Error reduction coefficient: 0,000, Error: 0,0000 s
abr 04, 2013 12:33:03 PM org.ros.time.RemoteUptimeClock update
INFO: Latency: 7,0000 s, Delta ratio: 1,0000, Drift: 1,000, Error reduction coefficient: 0,000, Error: 0,0000 s
abr 04, 2013 12:33:03 PM org.ros.time.RemoteUptimeClock update
INFO: Latency: 7,0000 s, Delta ratio: 1,0000, Drift: 1,000, Error reduction coefficient: 0,000, Error: 0,0000 s
abr 04, 2013 12:33:03 PM org.ros.time.RemoteUptimeClock update
INFO: Latency: 7,0000 s, Delta ratio: 1,0000, Drift: 1,000, Error reduction coefficient: 0,000, Error: 0,0000 s
abr 04, 2013 12:33:03 PM org.ros.time.RemoteUptimeClock update
INFO: Latency: 7,0000 s, Delta ratio: 1,0000, Drift: 1,000, Error reduction coefficient: 0,000, Error: 0,0000 s
abr 04, 2013 12:33:03 PM org.ros.time.RemoteUptimeClock update
INFO: Latency: 7,0000 s, Delta ratio: 1,0000, Drift: 1,000, Error reduction coefficient: 0,000, Error: 0,0000 s
abr 04, 2013 12:33:03 PM org.ros.time.RemoteUptimeClock update
INFO: Latency: 7,0000 s, Delta ratio: 1,0000, Drift: 1,000, Error reduction coefficient: 0,000, Error: 0,0000 s
abr 04, 2013 12:33:03 PM org.ros.time.RemoteUptimeClock update
INFO: Latency: 7,0000 s, Delta ratio: 1,0000, Drift: 1,000, Error reduction coefficient: 0,000, Error: 0,0000 s
abr 04, 2013 12:33:03 PM org.ros.time.RemoteUptimeClock update
INFO: Latency: 7,0000 s, Delta ratio: 1,0000, Drift: 1,000, Error reduction coefficient: 0,000, Error: 0,0000 s
abr 04, 2013 12:33:03 PM org.ros.time.RemoteUptimeClock update
INFO: Latency: 7,0000 s, Delta ratio: 1,0000, Drift: 1,000, Error reduction coefficient: 0,000, Error: 0,0000 s
abr 04, 2013 12:33:03 PM org.ros.time.RemoteUptimeClock update
INFO: Latency: 7,0000 s, Delta ratio: 1,0000, Drift: 1,000, Error reduction coefficient: 0,000, Error: 0,0000 s
abr 04, 2013 12:33:03 PM org.ros.time.RemoteUptimeClock update
INFO: Latency: 7,0000 s, Delta ratio: 1,0000, Drift: 1,000, Error reduction coefficient: 0,000, Error: 0,0000 s
abr 04, 2013 12:33:03 PM org.ros.time.RemoteUptimeClock update
INFO: Latency: 7,0000 s, Delta ratio: 1,0000, Drift: 1,000, Error reduction coefficient: 0,000, Error: 0,0000 s
abr 04, 2013 12:33:03 PM org.ros.time.RemoteUptimeClock update
INFO: Latency: 7,0000 s, Delta ratio: 1,0000, Drift: 1,000, Error reduction coefficient: 0,000, Error: 0,0000 s
abr 04, 2013 12:33:03 PM org.ros.time.RemoteUptimeClock update
INFO: Latency: 7,0000 s, Delta ratio: 1,0000, Drift: 1,000, Error reduction coefficient: 0,000, Error: 0,0000 s
abr 04, 2013 12:33:03 PM org.ros.time.RemoteUptimeClock update
INFO: Latency: 7,0000 s, Delta ratio: 1,0000, Drift: 1,000, Error reduction coefficient: 0,000, Error: 0,0000 s
abr 04, 2013 12:33:03 PM org.ros.time.RemoteUptimeClock update
INFO: Latency: 7,0000 s, Delta ratio: 1,0000, Drift: 1,000, Error reduction coefficient: 0,000, Error: 0,0000 s
abr 04, 2013 12:33:03 PM org.ros.time.RemoteUptimeClock update
INFO: Latency: 7,0000 s, Delta ratio: 1,0000, Drift: 1,000, Error reduction coefficient: 0,000, Error: 0,0000 s
abr 04, 2013 12:33:03 PM org.ros.time.RemoteUptimeClock update
INFO: Latency: 7,0000 s, Delta ratio: 1,0000, Drift: 1,000, Error reduction coefficient: 0,000, Error: 0,0000 s
abr 04, 2013 12:33:03 PM org.ros.time.RemoteUptimeClock update
INFO: Latency: 7,0000 s, Delta ratio: 1,0000, Drift: 1,000, Error reduction coefficient: 0,000, Error: 0,0000 s
abr 04, 2013 12:33:03 PM org.ros.time.RemoteUptimeClock update
INFO: Latency: 7,0000 s, Delta ratio: 1,0000, Drift: 1,000, Error reduction coefficient: 0,000, Error: 0,0000 s
abr 04, 2013 12:33:03 PM org.ros.time.RemoteUptimeClock update
INFO: Latency: 7,0000 s, Delta ratio: 1,0000, Drift: 1,000, Error reduction coefficient: 0,000, Error: 0,0000 s
abr 04, 2013 12:33:03 PM org.ros.time.RemoteUptimeClock update
INFO: Latency: 7,0000 s, Delta ratio: 1,0000, Drift: 1,000, Error reduction coefficient: 0,000, Error: 0,0000 s
abr 04, 2013 12:33:03 PM org.ros.time.RemoteUptimeClock update
INFO: Latency: 7,0000 s, Delta ratio: 1,0000, Drift: 1,000, Error reduction coefficient: 0,000, Error: 0,0000 s
abr 04, 2013 12:33:03 PM org.ros.time.RemoteUptimeClock update
INFO: Latency: 7,0000 s, Delta ratio: 1,0000, Drift: 1,000, Error reduction coefficient: 0,000, Error: 0,0000 s
abr 04, 2013 12:33:03 PM org.ros.time.RemoteUptimeClock update
INFO: Latency: 7,0000 s, Delta ratio: 1,0000, Drift: 1,000, Error reduction coefficient: 0,000, Error: 0,0000 s
abr 04, 2013 12:33:03 PM org.ros.time.RemoteUptimeClock update
INFO: Latency: 7,0000 s, Delta ratio: 1,0000, Drift: 1,000, Error reduction coefficient: 0,000, Error: 0,0000 s
abr 04, 2013 12:33:03 PM org.ros.time.RemoteUptimeClock update
INFO: Latency: 7,0000 s, Delta ratio: 1,0000, Drift: 1,000, Error reduction coefficient: 0,000, Error: 0,0000 s
abr 04, 2013 12:33:03 PM org.ros.time.RemoteUptimeClock update
INFO: Latency: 7,0000 s, Delta ratio: 1,0000, Drift: 1,000, Error reduction coefficient: 0,000, Error: 0,0000 s
abr 04, 2013 12:33:03 PM org.ros.time.RemoteUptimeClock update
INFO: Latency: 7,0000 s, Delta ratio: 1,0000, Drift: 1,000, Error reduction coefficient: 0,000, Error: 0,0000 s
abr 04, 2013 12:33:03 PM org.ros.time.RemoteUptimeClock update
INFO: Latency: 7,0000 s, Delta ratio: 1,0000, Drift: 1,000, Error reduction coefficient: 0,000, Error: 0,0000 s
abr 04, 2013 12:33:03 PM org.ros.time.RemoteUptimeClock update
INFO: Latency: 7,0000 s, Delta ratio: 1,0000, Drift: 1,000, Error reduction coefficient: 0,000, Error: 0,0000 s
abr 04, 2013 12:33:03 PM org.ros.time.RemoteUptimeClock update
INFO: Latency: 7,0000 s, Delta ratio: 1,0000, Drift: 1,000, Error reduction coefficient: 0,000, Error: 0,0000 s
abr 04, 2013 12:33:03 PM org.ros.time.RemoteUptimeClock update
INFO: Latency: 7,0000 s, Delta ratio: 1,0000, Drift: 1,000, Error reduction coefficient: 0,000, Error: 0,0000 s
abr 04, 2013 12:33:03 PM org.ros.time.RemoteUptimeClock update
INFO: Latency: 7,0000 s, Delta ratio: 1,0000, Drift: 1,000, Error reduction coefficient: 0,000, Error: 0,0000 s
abr 04, 2013 12:33:03 PM org.ros.time.RemoteUptimeClock update
INFO: Latency: 7,0000 s, Delta ratio: 1,0000, Drift: 1,000, Error reduction coefficient: 0,000, Error: 0,0000 s
abr 04, 2013 12:33:03 PM org.ros.time.RemoteUptimeClock update
INFO: Latency: 7,0000 s, Delta ratio: 1,0000, Drift: 1,000, Error reduction coefficient: 0,000, Error: 0,0000 s
abr 04, 2013 12:33:03 PM org.ros.time.RemoteUptimeClock update
INFO: Latency: 7,0000 s, Delta ratio: 1,0000, Drift: 1,000, Error reduction coefficient: 0,000, Error: 0,0000 s
abr 04, 2013 12:33:03 PM org.ros.time.RemoteUptimeClock update
INFO: Latency: 7,0000 s, Delta ratio: 1,0000, Drift: 1,000, Error reduction coefficient: 0,000, Error: 0,0000 s
abr 04, 2013 12:33:03 PM org.ros.time.RemoteUptimeClock update
INFO: Latency: 7,0000 s, Delta ratio: 1,0000, Drift: 1,000, Error reduction coefficient: 0,000, Error: 0,0000 s
abr 04, 2013 12:33:03 PM org.ros.time.RemoteUptimeClock update
INFO: Latency: 7,0000 s, Delta ratio: 1,0000, Drift: 1,000, Error reduction coefficient: 0,000, Error: 0,0000 s
abr 04, 2013 12:33:03 PM org.ros.time.RemoteUptimeClock update
INFO: Latency: 7,0000 s, Delta ratio: 1,0000, Drift: 1,000, Error reduction coefficient: 0,000, Error: 0,0000 s
abr 04, 2013 12:33:03 PM org.ros.time.RemoteUptimeClock update
INFO: Latency: 7,0000 s, Delta ratio: 1,0000, Drift: 1,000, Error reduction coefficient: 0,000, Error: 0,0000 s
abr 04, 2013 12:33:03 PM org.ros.time.RemoteUptimeClock update
INFO: Latency: 7,0000 s, Delta ratio: 1,0000, Drift: 1,000, Error reduction coefficient: 0,000, Error: 0,0000 s
abr 04, 2013 12:33:03 PM org.ros.time.RemoteUptimeClock update
INFO: Latency: 7,0000 s, Delta ratio: 1,0000, Drift: 1,000, Error reduction coefficient: 0,000, Error: 0,0000 s
abr 04, 2013 12:33:03 PM org.ros.time.RemoteUptimeClock update
INFO: Latency: 7,0000 s, Delta ratio: 1,0000, Drift: 1,000, Error reduction coefficient: 0,000, Error: 0,0000 s
abr 04, 2013 12:33:03 PM org.ros.time.RemoteUptimeClock update
INFO: Latency: 7,0000 s, Delta ratio: 1,0000, Drift: 1,000, Error reduction coefficient: 0,000, Error: 0,0000 s
abr 04, 2013 12:33:03 PM org.ros.time.RemoteUptimeClock update
INFO: Latency: 7,0000 s, Delta ratio: 1,0000, Drift: 1,000, Error reduction coefficient: 0,000, Error: 0,0000 s
abr 04, 2013 12:33:03 PM org.ros.time.RemoteUptimeClock update
INFO: Latency: 7,0000 s, Delta ratio: 1,0000, Drift: 1,000, Error reduction coefficient: 0,000, Error: 0,0000 s
abr 04, 2013 12:33:03 PM org.ros.time.RemoteUptimeClock update
INFO: Latency: 7,0000 s, Delta ratio: 1,0000, Drift: 1,000, Error reduction coefficient: 0,000, Error: 0,0000 s
abr 04, 2013 12:33:03 PM org.ros.time.RemoteUptimeClock update
INFO: Latency: 7,0000 s, Delta ratio: 1,0000, Drift: 1,000, Error reduction coefficient: 0,000, Error: 0,0000 s
abr 04, 2013 12:33:03 PM org.ros.time.RemoteUptimeClock update
INFO: Latency: 7,0000 s, Delta ratio: 1,0000, Drift: 1,000, Error reduction coefficient: 0,000, Error: 0,0000 s
abr 04, 2013 12:33:03 PM org.ros.time.RemoteUptimeClock update
INFO: Latency: 7,0000 s, Delta ratio: 1,0000, Drift: 1,000, Error reduction coefficient: 0,000, Error: 0,0000 s
abr 04, 2013 12:33:03 PM org.ros.time.RemoteUptimeClock update
INFO: Latency: 7,0000 s, Delta ratio: 1,0000, Drift: 1,000, Error reduction coefficient: 0,000, Error: 0,0000 s
abr 04, 2013 12:33:03 PM org.ros.time.RemoteUptimeClock update
INFO: Latency: 7,0000 s, Delta ratio: 1,0000, Drift: 1,000, Error reduction coefficient: 0,000, Error: 0,0000 s
abr 04, 2013 12:33:03 PM org.ros.time.RemoteUptimeClock update
INFO: Latency: 7,0000 s, Delta ratio: 1,0000, Drift: 1,000, Error reduction coefficient: 0,000, Error: 0,0000 s
abr 04, 2013 12:33:03 PM org.ros.time.RemoteUptimeClock update
INFO: Latency: 7,0000 s, Delta ratio: 1,0000, Drift: 1,000, Error reduction coefficient: 0,000, Error: 0,0000 s
abr 04, 2013 12:33:03 PM org.ros.time.RemoteUptimeClock update
INFO: Latency: 7,0000 s, Delta ratio: 1,0000, Drift: 1,000, Error reduction coefficient: 0,000, Error: 0,0000 s
abr 04, 2013 12:33:03 PM org.ros.time.RemoteUptimeClock update
INFO: Latency: 7,0000 s, Delta ratio: 1,0000, Drift: 1,000, Error reduction coefficient: 0,000, Error: 0,0000 s
abr 04, 2013 12:33:03 PM org.ros.time.RemoteUptimeClock update
INFO: Latency: 7,0000 s, Delta ratio: 1,0000, Drift: 1,000, Error reduction coefficient: 0,000, Error: 0,0000 s
abr 04, 2013 12:33:03 PM org.ros.time.RemoteUptimeClock update
INFO: Latency: 7,0000 s, Delta ratio: 1,0000, Drift: 1,000, Error reduction coefficient: 0,000, Error: 0,0000 s
abr 04, 2013 12:33:03 PM org.ros.time.RemoteUptimeClock update
INFO: Latency: 7,0000 s, Delta ratio: 1,0000, Drift: 1,000, Error reduction coefficient: 0,000, Error: 0,0000 s
abr 04, 2013 12:33:03 PM org.ros.time.RemoteUptimeClock update
INFO: Latency: 7,0000 s, Delta ratio: 1,0000, Drift: 1,000, Error reduction coefficient: 0,000, Error: 0,0000 s
abr 04, 2013 12:33:03 PM org.ros.time.RemoteUptimeClock update
INFO: Latency: 7,0000 s, Delta ratio: 1,0000, Drift: 1,000, Error reduction coefficient: 0,000, Error: 0,0000 s
abr 04, 2013 12:33:03 PM org.ros.time.RemoteUptimeClock update
INFO: Latency: 7,0000 s, Delta ratio: 1,0000, Drift: 1,000, Error reduction coefficient: 0,000, Error: 0,0000 s
abr 04, 2013 12:33:03 PM org.ros.time.RemoteUptimeClock update
INFO: Latency: 7,0000 s, Delta ratio: 1,0000, Drift: 1,000, Error reduction coefficient: 0,000, Error: 0,0000 s
abr 04, 2013 12:33:03 PM org.ros.time.RemoteUptimeClock update
INFO: Latency: 7,0000 s, Delta ratio: 1,0000, Drift: 1,000, Error reduction coefficient: 0,000, Error: 0,0000 s
abr 04, 2013 12:33:03 PM org.ros.time.RemoteUptimeClock update
INFO: Latency: 7,0000 s, Delta ratio: 1,0000, Drift: 1,000, Error reduction coefficient: 0,000, Error: 0,0000 s
abr 04, 2013 12:33:03 PM org.ros.time.RemoteUptimeClock update
INFO: Latency: 7,0000 s, Delta ratio: 1,0000, Drift: 1,000, Error reduction coefficient: 0,000, Error: 0,0000 s
abr 04, 2013 12:33:03 PM org.ros.time.RemoteUptimeClock update
INFO: Latency: 7,0000 s, Delta ratio: 1,0000, Drift: 1,000, Error reduction coefficient: 0,000, Error: 0,0000 s
abr 04, 2013 12:33:03 PM org.ros.time.RemoteUptimeClock update
INFO: Latency: 7,0000 s, Delta ratio: 1,0000, Drift: 1,000, Error reduction coefficient: 0,000, Error: 0,0000 s
abr 04, 2013 12:33:03 PM org.ros.time.RemoteUptimeClock update
INFO: Latency: 7,0000 s, Delta ratio: 1,0000, Drift: 1,000, Error reduction coefficient: 0,000, Error: 0,0000 s
abr 04, 2013 12:33:03 PM org.ros.time.RemoteUptimeClock update
INFO: Latency: 7,0000 s, Delta ratio: 1,0000, Drift: 1,000, Error reduction coefficient: 0,000, Error: 0,0000 s
abr 04, 2013 12:33:03 PM org.ros.time.RemoteUptimeClock update
INFO: Latency: 7,0000 s, Delta ratio: 1,0000, Drift: 1,000, Error reduction coefficient: 0,000, Error: 0,0000 s
abr 04, 2013 12:33:03 PM org.ros.time.RemoteUptimeClock update
INFO: Latency: 7,0000 s, Delta ratio: 1,0000, Drift: 1,000, Error reduction coefficient: 0,000, Error: 0,0000 s
abr 04, 2013 12:33:03 PM org.ros.time.RemoteUptimeClock update
INFO: Latency: 7,0000 s, Delta ratio: 1,0000, Drift: 1,000, Error reduction coefficient: 0,000, Error: 0,0000 s
abr 04, 2013 12:33:03 PM org.ros.time.RemoteUptimeClock update
INFO: Latency: 7,0000 s, Delta ratio: 1,0000, Drift: 1,000, Error reduction coefficient: 0,000, Error: 0,0000 s
abr 04, 2013 12:33:03 PM org.ros.time.RemoteUptimeClock update
INFO: Latency: 7,0000 s, Delta ratio: 1,0000, Drift: 1,000, Error reduction coefficient: 0,000, Error: 0,0000 s
abr 04, 2013 12:33:03 PM org.ros.time.RemoteUptimeClock update
INFO: Latency: 7,0000 s, Delta ratio: 1,0000, Drift: 1,000, Error reduction coefficient: 0,000, Error: 0,0000 s
abr 04, 2013 12:33:03 PM org.ros.time.RemoteUptimeClock update
INFO: Latency: 7,0000 s, Delta ratio: 1,0000, Drift: 1,000, Error reduction coefficient: 0,000, Error: 0,0000 s
abr 04, 2013 12:33:03 PM org.ros.time.RemoteUptimeClock update
INFO: Latency: 7,0000 s, Delta ratio: 1,0000, Drift: 1,000, Error reduction coefficient: 0,000, Error: 0,0000 s
abr 04, 2013 12:33:03 PM org.ros.time.RemoteUptimeClock update
INFO: Latency: 7,0000 s, Delta ratio: 1,0000, Drift: 1,000, Error reduction coefficient: 0,000, Error: 0,0000 s
abr 04, 2013 12:33:03 PM org.ros.time.RemoteUptimeClock update
INFO: Latency: 7,0000 s, Delta ratio: 1,0000, Drift: 1,000, Error reduction coefficient: 0,000, Error: 0,0000 s
abr 04, 2013 12:33:03 PM org.ros.time.RemoteUptimeClock update
INFO: Latency: 7,0000 s, Delta ratio: 1,0000, Drift: 1,000, Error reduction coefficient: 0,000, Error: 0,0000 s
abr 04, 2013 12:33:03 PM org.ros.time.RemoteUptimeClock update
INFO: Latency: 7,0000 s, Delta ratio: 1,0000, Drift: 1,000, Error reduction coefficient: 0,000, Error: 0,0000 s
abr 04, 2013 12:33:03 PM org.ros.time.RemoteUptimeClock update
INFO: Latency: 7,0000 s, Delta ratio: 1,0000, Drift: 1,000, Error reduction coefficient: 0,000, Error: 0,0000 s
abr 04, 2013 12:33:03 PM org.ros.time.RemoteUptimeClock update
INFO: Latency: 7,0000 s, Delta ratio: 1,0000, Drift: 1,000, Error reduction coefficient: 0,000, Error: 0,0000 s
abr 04, 2013 12:33:03 PM org.ros.time.RemoteUptimeClock update
INFO: Latency: 7,0000 s, Delta ratio: 1,0000, Drift: 1,000, Error reduction coefficient: 0,000, Error: 0,0000 s
abr 04, 2013 12:33:03 PM org.ros.time.RemoteUptimeClock update
INFO: Latency: 7,0000 s, Delta ratio: 1,0000, Drift: 1,000, Error reduction coefficient: 0,000, Error: 0,0000 s
abr 04, 2013 12:33:03 PM org.ros.time.RemoteUptimeClock update
INFO: Latency: 7,0000 s, Delta ratio: 1,0000, Drift: 1,000, Error reduction coefficient: 0,000, Error: 0,0000 s
abr 04, 2013 12:33:03 PM org.ros.time.RemoteUptimeClock update
INFO: Latency: 7,0000 s, Delta ratio: 1,0000, Drift: 1,000, Error reduction coefficient: 0,000, Error: 0,0000 s
abr 04, 2013 12:33:03 PM org.ros.time.RemoteUptimeClock update
INFO: Latency: 7,0000 s, Delta ratio: 1,0000, Drift: 1,000, Error reduction coefficient: 0,000, Error: 0,0000 s
abr 04, 2013 12:33:03 PM org.ros.time.RemoteUptimeClock update
INFO: Latency: 7,0000 s, Delta ratio: 1,0000, Drift: 1,000, Error reduction coefficient: 0,000, Error: 0,0000 s
abr 04, 2013 12:33:03 PM org.ros.time.RemoteUptimeClock update
INFO: Latency: 7,0000 s, Delta ratio: 1,0000, Drift: 1,000, Error reduction coefficient: 0,000, Error: 0,0000 s
abr 04, 2013 12:33:03 PM org.ros.time.RemoteUptimeClock update
INFO: Latency: 7,0000 s, Delta ratio: 1,0000, Drift: 1,000, Error reduction coefficient: 0,000, Error: 0,0000 s
abr 04, 2013 12:33:03 PM org.ros.time.RemoteUptimeClock update
INFO: Latency: 7,0000 s, Delta ratio: 1,0000, Drift: 1,000, Error reduction coefficient: 0,000, Error: 0,0000 s
abr 04, 2013 12:33:03 PM org.ros.time.RemoteUptimeClock update
INFO: Latency: 7,0000 s, Delta ratio: 1,0000, Drift: 1,000, Error reduction coefficient: 0,000, Error: 0,0000 s
abr 04, 2013 12:33:03 PM org.ros.time.RemoteUptimeClock update
INFO: Latency: 7,0000 s, Delta ratio: 1,0000, Drift: 1,000, Error reduction coefficient: 0,000, Error: 0,0000 s
abr 04, 2013 12:33:03 PM org.ros.time.RemoteUptimeClock update
INFO: Latency: 7,0000 s, Delta ratio: 1,0000, Drift: 1,000, Error reduction coefficient: 0,000, Error: 0,0000 s
abr 04, 2013 12:33:03 PM org.ros.time.RemoteUptimeClock update
INFO: Latency: 7,0000 s, Delta ratio: 1,0000, Drift: 1,000, Error reduction coefficient: 0,000, Error: 0,0000 s
abr 04, 2013 12:33:03 PM org.ros.time.RemoteUptimeClock update
INFO: Latency: 7,0000 s, Delta ratio: 1,0000, Drift: 1,000, Error reduction coefficient: 0,000, Error: 0,0000 s
abr 04, 2013 12:33:03 PM org.ros.time.RemoteUptimeClock update
INFO: Latency: 7,0000 s, Delta ratio: 1,0000, Drift: 1,000, Error reduction coefficient: 0,000, Error: 0,0000 s
abr 04, 2013 12:33:03 PM org.ros.time.RemoteUptimeClock update
INFO: Latency: 7,0000 s, Delta ratio: 1,0000, Drift: 1,000, Error reduction coefficient: 0,000, Error: 0,0000 s
abr 04, 2013 12:33:03 PM org.ros.time.RemoteUptimeClock update
INFO: Latency: 7,0000 s, Delta ratio: 1,0000, Drift: 1,000, Error reduction coefficient: 0,000, Error: 0,0000 s
abr 04, 2013 12:33:03 PM org.ros.time.RemoteUptimeClock update
INFO: Latency: 7,0000 s, Delta ratio: 1,0000, Drift: 1,000, Error reduction coefficient: 0,000, Error: 0,0000 s
abr 04, 2013 12:33:03 PM org.ros.time.RemoteUptimeClock update
INFO: Latency: 7,0000 s, Delta ratio: 1,0000, Drift: 1,000, Error reduction coefficient: 0,000, Error: 0,0000 s
abr 04, 2013 12:33:03 PM org.ros.time.RemoteUptimeClock update
INFO: Latency: 7,0000 s, Delta ratio: 1,0000, Drift: 1,000, Error reduction coefficient: 0,000, Error: 0,0000 s
abr 04, 2013 12:33:03 PM org.ros.time.RemoteUptimeClock update
INFO: Latency: 7,0000 s, Delta ratio: 1,0000, Drift: 1,000, Error reduction coefficient: 0,000, Error: 0,0000 s
abr 04, 2013 12:33:03 PM org.ros.time.RemoteUptimeClock update
INFO: Latency: 7,0000 s, Delta ratio: 1,0000, Drift: 1,000, Error reduction coefficient: 0,000, Error: 0,0000 s
abr 04, 2013 12:33:03 PM org.ros.time.RemoteUptimeClock update
INFO: Latency: 7,0000 s, Delta ratio: 1,0000, Drift: 1,000, Error reduction coefficient: 0,000, Error: 0,0000 s
abr 04, 2013 12:33:03 PM org.ros.time.RemoteUptimeClock update
INFO: Latency: 7,0000 s, Delta ratio: 1,0000, Drift: 1,000, Error reduction coefficient: 0,000, Error: 0,0000 s
abr 04, 2013 12:33:03 PM org.ros.time.RemoteUptimeClock update
INFO: Latency: 7,0000 s, Delta ratio: 1,0000, Drift: 1,000, Error reduction coefficient: 0,000, Error: 0,0000 s
abr 04, 2013 12:33:03 PM org.ros.time.RemoteUptimeClock update
INFO: Latency: 7,0000 s, Delta ratio: 1,0000, Drift: 1,000, Error reduction coefficient: 0,000, Error: 0,0000 s
abr 04, 2013 12:33:03 PM org.ros.time.RemoteUptimeClock update
INFO: Latency: 7,0000 s, Delta ratio: 1,0000, Drift: 1,000, Error reduction coefficient: 0,000, Error: 0,0000 s
abr 04, 2013 12:33:03 PM org.ros.time.RemoteUptimeClock update
INFO: Latency: 7,0000 s, Delta ratio: 1,0000, Drift: 1,000, Error reduction coefficient: 0,000, Error: 0,0000 s
abr 04, 2013 12:33:03 PM org.ros.time.RemoteUptimeClock update
INFO: Latency: 7,0000 s, Delta ratio: 1,0000, Drift: 1,000, Error reduction coefficient: 0,000, Error: 0,0000 s
abr 04, 2013 12:33:03 PM org.ros.time.RemoteUptimeClock update
INFO: Latency: 7,0000 s, Delta ratio: 1,0000, Drift: 1,000, Error reduction coefficient: 0,000, Error: 0,0000 s
abr 04, 2013 12:33:03 PM org.ros.time.RemoteUptimeClock update
INFO: Latency: 7,0000 s, Delta ratio: 1,0000, Drift: 1,000, Error reduction coefficient: 0,000, Error: 0,0000 s
abr 04, 2013 12:33:03 PM org.ros.time.RemoteUptimeClock update
INFO: Latency: 7,0000 s, Delta ratio: 1,0000, Drift: 1,000, Error reduction coefficient: 0,000, Error: 0,0000 s
abr 04, 2013 12:33:03 PM org.ros.time.RemoteUptimeClock update
INFO: Latency: 7,0000 s, Delta ratio: 1,0000, Drift: 1,000, Error reduction coefficient: 0,000, Error: 0,0000 s
abr 04, 2013 12:33:03 PM org.ros.time.RemoteUptimeClock update
INFO: Latency: 7,0000 s, Delta ratio: 1,0000, Drift: 1,000, Error reduction coefficient: 0,000, Error: 0,0000 s
abr 04, 2013 12:33:03 PM org.ros.time.RemoteUptimeClock update
INFO: Latency: 7,0000 s, Delta ratio: 1,0000, Drift: 1,000, Error reduction coefficient: 0,000, Error: 0,0000 s
abr 04, 2013 12:33:03 PM org.ros.time.RemoteUptimeClock update
INFO: Latency: 7,0000 s, Delta ratio: 1,0000, Drift: 1,000, Error reduction coefficient: 0,000, Error: 0,0000 s
abr 04, 2013 12:33:03 PM org.ros.time.RemoteUptimeClock update
INFO: Latency: 7,0000 s, Delta ratio: 1,0000, Drift: 1,000, Error reduction coefficient: 0,000, Error: 0,0000 s
abr 04, 2013 12:33:03 PM org.ros.time.RemoteUptimeClock update
INFO: Latency: 7,0000 s, Delta ratio: 1,0000, Drift: 1,000, Error reduction coefficient: 0,000, Error: 0,0000 s
abr 04, 2013 12:33:03 PM org.ros.time.RemoteUptimeClock update
INFO: Latency: 7,0000 s, Delta ratio: 1,0000, Drift: 1,000, Error reduction coefficient: 0,000, Error: 0,0000 s
abr 04, 2013 12:33:03 PM org.ros.time.RemoteUptimeClock update
INFO: Latency: 7,0000 s, Delta ratio: 1,0000, Drift: 1,000, Error reduction coefficient: 0,000, Error: 0,0000 s
abr 04, 2013 12:33:03 PM org.ros.time.RemoteUptimeClock update
INFO: Latency: 7,0000 s, Delta ratio: 1,0000, Drift: 1,000, Error reduction coefficient: 0,000, Error: 0,0000 s
abr 04, 2013 12:33:03 PM org.ros.time.RemoteUptimeClock update
INFO: Latency: 7,0000 s, Delta ratio: 1,0000, Drift: 1,000, Error reduction coefficient: 0,000, Error: 0,0000 s
abr 04, 2013 12:33:03 PM org.ros.time.RemoteUptimeClock update
INFO: Latency: 7,0000 s, Delta ratio: 1,0000, Drift: 1,000, Error reduction coefficient: 0,000, Error: 0,0000 s
abr 04, 2013 12:33:03 PM org.ros.time.RemoteUptimeClock update
INFO: Latency: 7,0000 s, Delta ratio: 1,0000, Drift: 1,000, Error reduction coefficient: 0,000, Error: 0,0000 s
abr 04, 2013 12:33:03 PM org.ros.time.RemoteUptimeClock update
INFO: Latency: 7,0000 s, Delta ratio: 1,0000, Drift: 1,000, Error reduction coefficient: 0,000, Error: 0,0000 s
abr 04, 2013 12:33:03 PM org.ros.time.RemoteUptimeClock update
INFO: Latency: 7,0000 s, Delta ratio: 1,0000, Drift: 1,000, Error reduction coefficient: 0,000, Error: 0,0000 s
abr 04, 2013 12:33:03 PM org.ros.time.RemoteUptimeClock update
INFO: Latency: 7,0000 s, Delta ratio: 1,0000, Drift: 1,000, Error reduction coefficient: 0,000, Error: 0,0000 s
abr 04, 2013 12:33:03 PM org.ros.time.RemoteUptimeClock update
INFO: Latency: 7,0000 s, Delta ratio: 1,0000, Drift: 1,000, Error reduction coefficient: 0,000, Error: 0,0000 s
abr 04, 2013 12:33:03 PM org.ros.time.RemoteUptimeClock update
INFO: Latency: 7,0000 s, Delta ratio: 1,0000, Drift: 1,000, Error reduction coefficient: 0,000, Error: 0,0000 s
abr 04, 2013 12:33:03 PM org.ros.time.RemoteUptimeClock update
INFO: Latency: 7,0000 s, Delta ratio: 1,0000, Drift: 1,000, Error reduction coefficient: 0,000, Error: 0,0000 s
abr 04, 2013 12:33:03 PM org.ros.time.RemoteUptimeClock update
INFO: Latency: 7,0000 s, Delta ratio: 1,0000, Drift: 1,000, Error reduction coefficient: 0,000, Error: 0,0000 s
abr 04, 2013 12:33:03 PM org.ros.time.RemoteUptimeClock update
INFO: Latency: 7,0000 s, Delta ratio: 1,0000, Drift: 1,000, Error reduction coefficient: 0,000, Error: 0,0000 s
abr 04, 2013 12:33:03 PM org.ros.time.RemoteUptimeClock update
INFO: Latency: 7,0000 s, Delta ratio: 1,0000, Drift: 1,000, Error reduction coefficient: 0,000, Error: 0,0000 s
abr 04, 2013 12:33:03 PM org.ros.time.RemoteUptimeClock update
INFO: Latency: 7,0000 s, Delta ratio: 1,0000, Drift: 1,000, Error reduction coefficient: 0,000, Error: 0,0000 s
abr 04, 2013 12:33:03 PM org.ros.time.RemoteUptimeClock update
INFO: Latency: 7,0000 s, Delta ratio: 1,0000, Drift: 1,000, Error reduction coefficient: 0,000, Error: 0,0000 s
abr 04, 2013 12:33:03 PM org.ros.time.RemoteUptimeClock update
INFO: Latency: 7,0000 s, Delta ratio: 1,0000, Drift: 1,000, Error reduction coefficient: 0,000, Error: 0,0000 s
abr 04, 2013 12:33:03 PM org.ros.time.RemoteUptimeClock update
INFO: Latency: 7,0000 s, Delta ratio: 1,0000, Drift: 1,000, Error reduction coefficient: 0,000, Error: 0,0000 s
abr 04, 2013 12:33:03 PM org.ros.time.RemoteUptimeClock update
INFO: Latency: 7,0000 s, Delta ratio: 1,0000, Drift: 1,000, Error reduction coefficient: 0,000, Error: 0,0000 s
abr 04, 2013 12:33:03 PM org.ros.time.RemoteUptimeClock update
INFO: Latency: 7,0000 s, Delta ratio: 1,0000, Drift: 1,000, Error reduction coefficient: 0,000, Error: 0,0000 s
abr 04, 2013 12:33:03 PM org.ros.time.RemoteUptimeClock update
INFO: Latency: 7,0000 s, Delta ratio: 1,0000, Drift: 1,000, Error reduction coefficient: 0,000, Error: 0,0000 s
abr 04, 2013 12:33:03 PM org.ros.time.RemoteUptimeClock update
INFO: Latency: 7,0000 s, Delta ratio: 1,0000, Drift: 1,000, Error reduction coefficient: 0,000, Error: 0,0000 s
abr 04, 2013 12:33:03 PM org.ros.time.RemoteUptimeClock update
INFO: Latency: 7,0000 s, Delta ratio: 1,0000, Drift: 1,000, Error reduction coefficient: 0,000, Error: 0,0000 s
abr 04, 2013 12:33:03 PM org.ros.time.RemoteUptimeClock update
INFO: Latency: 7,0000 s, Delta ratio: 1,0000, Drift: 1,000, Error reduction coefficient: 0,000, Error: 0,0000 s
abr 04, 2013 12:33:03 PM org.ros.time.RemoteUptimeClock update
INFO: Latency: 7,0000 s, Delta ratio: 1,0000, Drift: 1,000, Error reduction coefficient: 0,000, Error: 0,0000 s
abr 04, 2013 12:33:03 PM org.ros.time.RemoteUptimeClock update
INFO: Latency: 7,0000 s, Delta ratio: 1,0000, Drift: 1,000, Error reduction coefficient: 0,000, Error: 0,0000 s
abr 04, 2013 12:33:03 PM org.ros.time.RemoteUptimeClock update
INFO: Latency: 7,0000 s, Delta ratio: 1,0000, Drift: 1,000, Error reduction coefficient: 0,000, Error: 0,0000 s
abr 04, 2013 12:33:03 PM org.ros.time.RemoteUptimeClock update
INFO: Latency: 7,0000 s, Delta ratio: 1,0000, Drift: 1,000, Error reduction coefficient: 0,000, Error: 0,0000 s
abr 04, 2013 12:33:03 PM org.ros.time.RemoteUptimeClock update
INFO: Latency: 7,0000 s, Delta ratio: 1,0000, Drift: 1,000, Error reduction coefficient: 0,000, Error: 0,0000 s
abr 04, 2013 12:33:03 PM org.ros.time.RemoteUptimeClock update
INFO: Latency: 7,0000 s, Delta ratio: 1,0000, Drift: 1,000, Error reduction coefficient: 0,000, Error: 0,0000 s
abr 04, 2013 12:33:03 PM org.ros.time.RemoteUptimeClock update
INFO: Latency: 7,0000 s, Delta ratio: 1,0000, Drift: 1,000, Error reduction coefficient: 0,000, Error: 0,0000 s
abr 04, 2013 12:33:03 PM org.ros.time.RemoteUptimeClock update
INFO: Latency: 7,0000 s, Delta ratio: 1,0000, Drift: 1,000, Error reduction coefficient: 0,000, Error: 0,0000 s
abr 04, 2013 12:33:03 PM org.ros.time.RemoteUptimeClock update
INFO: Latency: 7,0000 s, Delta ratio: 1,0000, Drift: 1,000, Error reduction coefficient: 0,000, Error: 0,0000 s
abr 04, 2013 12:33:03 PM org.ros.time.RemoteUptimeClock update
INFO: Latency: 7,0000 s, Delta ratio: 1,0000, Drift: 1,000, Error reduction coefficient: 0,000, Error: 0,0000 s
abr 04, 2013 12:33:03 PM org.ros.time.RemoteUptimeClock update
INFO: Latency: 7,0000 s, Delta ratio: 1,0000, Drift: 1,000, Error reduction coefficient: 0,000, Error: 0,0000 s
abr 04, 2013 12:33:03 PM org.ros.time.RemoteUptimeClock update
INFO: Latency: 7,0000 s, Delta ratio: 1,0000, Drift: 1,000, Error reduction coefficient: 0,000, Error: 0,0000 s
abr 04, 2013 12:33:03 PM org.ros.time.RemoteUptimeClock update
INFO: Latency: 7,0000 s, Delta ratio: 1,0000, Drift: 1,000, Error reduction coefficient: 0,000, Error: 0,0000 s
abr 04, 2013 12:33:03 PM org.ros.time.RemoteUptimeClock update
INFO: Latency: 7,0000 s, Delta ratio: 1,0000, Drift: 1,000, Error reduction coefficient: 0,000, Error: 0,0000 s
abr 04, 2013 12:33:03 PM org.ros.time.RemoteUptimeClock update
INFO: Latency: 7,0000 s, Delta ratio: 1,0000, Drift: 1,000, Error reduction coefficient: 0,000, Error: 0,0000 s
abr 04, 2013 12:33:03 PM org.ros.time.RemoteUptimeClock update
INFO: Latency: 7,0000 s, Delta ratio: 1,0000, Drift: 1,000, Error reduction coefficient: 0,000, Error: 0,0000 s
abr 04, 2013 12:33:03 PM org.ros.time.RemoteUptimeClock update
INFO: Latency: 7,0000 s, Delta ratio: 1,0000, Drift: 1,000, Error reduction coefficient: 0,000, Error: 0,0000 s
abr 04, 2013 12:33:03 PM org.ros.time.RemoteUptimeClock update
INFO: Latency: 7,0000 s, Delta ratio: 1,0000, Drift: 1,000, Error reduction coefficient: 0,000, Error: 0,0000 s
abr 04, 2013 12:33:03 PM org.ros.time.RemoteUptimeClock update
INFO: Latency: 7,0000 s, Delta ratio: 1,0000, Drift: 1,000, Error reduction coefficient: 0,000, Error: 0,0000 s
abr 04, 2013 12:33:03 PM org.ros.time.RemoteUptimeClock update
INFO: Latency: 7,0000 s, Delta ratio: 1,0000, Drift: 1,000, Error reduction coefficient: 0,000, Error: 0,0000 s
abr 04, 2013 12:33:03 PM org.ros.time.RemoteUptimeClock update
INFO: Latency: 7,0000 s, Delta ratio: 1,0000, Drift: 1,000, Error reduction coefficient: 0,000, Error: 0,0000 s
abr 04, 2013 12:33:03 PM org.ros.time.RemoteUptimeClock update
INFO: Latency: 7,0000 s, Delta ratio: 1,0000, Drift: 1,000, Error reduction coefficient: 0,000, Error: 0,0000 s
abr 04, 2013 12:33:03 PM org.ros.time.RemoteUptimeClock update
INFO: Latency: 7,0000 s, Delta ratio: 1,0000, Drift: 1,000, Error reduction coefficient: 0,000, Error: 0,0000 s
abr 04, 2013 12:33:03 PM org.ros.time.RemoteUptimeClock update
INFO: Latency: 7,0000 s, Delta ratio: 1,0000, Drift: 1,000, Error reduction coefficient: 0,000, Error: 0,0000 s
abr 04, 2013 12:33:03 PM org.ros.time.RemoteUptimeClock update
INFO: Latency: 7,0000 s, Delta ratio: 1,0000, Drift: 1,000, Error reduction coefficient: 0,000, Error: 0,0000 s
abr 04, 2013 12:33:03 PM org.ros.time.RemoteUptimeClock update
INFO: Latency: 7,0000 s, Delta ratio: 1,0000, Drift: 1,000, Error reduction coefficient: 0,000, Error: 0,0000 s
abr 04, 2013 12:33:03 PM org.ros.time.RemoteUptimeClock update
INFO: Latency: 7,0000 s, Delta ratio: 1,0000, Drift: 1,000, Error reduction coefficient: 0,000, Error: 0,0000 s
abr 04, 2013 12:33:03 PM org.ros.time.RemoteUptimeClock update
INFO: Latency: 7,0000 s, Delta ratio: 1,0000, Drift: 1,000, Error reduction coefficient: 0,000, Error: 0,0000 s
abr 04, 2013 12:33:03 PM org.ros.time.RemoteUptimeClock update
INFO: Latency: 7,0000 s, Delta ratio: 1,0000, Drift: 1,000, Error reduction coefficient: 0,000, Error: 0,0000 s
abr 04, 2013 12:33:03 PM org.ros.time.RemoteUptimeClock update
INFO: Latency: 7,0000 s, Delta ratio: 1,0000, Drift: 1,000, Error reduction coefficient: 0,000, Error: 0,0000 s
abr 04, 2013 12:33:03 PM org.ros.time.RemoteUptimeClock update
INFO: Latency: 7,0000 s, Delta ratio: 1,0000, Drift: 1,000, Error reduction coefficient: 0,000, Error: 0,0000 s
abr 04, 2013 12:33:03 PM org.ros.time.RemoteUptimeClock update
INFO: Latency: 7,0000 s, Delta ratio: 1,0000, Drift: 1,000, Error reduction coefficient: 0,000, Error: 0,0000 s
abr 04, 2013 12:33:03 PM org.ros.time.RemoteUptimeClock update
INFO: Latency: 7,0000 s, Delta ratio: 1,0000, Drift: 1,000, Error reduction coefficient: 0,000, Error: 0,0000 s
abr 04, 2013 12:33:03 PM org.ros.time.RemoteUptimeClock update
INFO: Latency: 7,0000 s, Delta ratio: 1,0000, Drift: 1,000, Error reduction coefficient: 0,000, Error: 0,0000 s
abr 04, 2013 12:33:03 PM org.ros.time.RemoteUptimeClock update
INFO: Latency: 7,0000 s, Delta ratio: 1,0000, Drift: 1,000, Error reduction coefficient: 0,000, Error: 0,0000 s
abr 04, 2013 12:33:03 PM org.ros.time.RemoteUptimeClock update
INFO: Latency: 7,0000 s, Delta ratio: 1,0000, Drift: 1,000, Error reduction coefficient: 0,000, Error: 0,0000 s
abr 04, 2013 12:33:03 PM org.ros.time.RemoteUptimeClock update
INFO: Latency: 7,0000 s, Delta ratio: 1,0000, Drift: 1,000, Error reduction coefficient: 0,000, Error: 0,0000 s
abr 04, 2013 12:33:03 PM org.ros.time.RemoteUptimeClock update
INFO: Latency: 7,0000 s, Delta ratio: 1,0000, Drift: 1,000, Error reduction coefficient: 0,000, Error: 0,0000 s
abr 04, 2013 12:33:03 PM org.ros.time.RemoteUptimeClock update
INFO: Latency: 7,0000 s, Delta ratio: 1,0000, Drift: 1,000, Error reduction coefficient: 0,000, Error: 0,0000 s
abr 04, 2013 12:33:03 PM org.ros.time.RemoteUptimeClock update
INFO: Latency: 7,0000 s, Delta ratio: 1,0000, Drift: 1,000, Error reduction coefficient: 0,000, Error: 0,0000 s
abr 04, 2013 12:33:03 PM org.ros.time.RemoteUptimeClock update
INFO: Latency: 7,0000 s, Delta ratio: 1,0000, Drift: 1,000, Error reduction coefficient: 0,000, Error: 0,0000 s
abr 04, 2013 12:33:03 PM org.ros.time.RemoteUptimeClock update
INFO: Latency: 7,0000 s, Delta ratio: 1,0000, Drift: 1,000, Error reduction coefficient: 0,000, Error: 0,0000 s
abr 04, 2013 12:33:03 PM org.ros.time.RemoteUptimeClock update
INFO: Latency: 7,0000 s, Delta ratio: 1,0000, Drift: 1,000, Error reduction coefficient: 0,000, Error: 0,0000 s
abr 04, 2013 12:33:03 PM org.ros.time.RemoteUptimeClock update
INFO: Latency: 7,0000 s, Delta ratio: 1,0000, Drift: 1,000, Error reduction coefficient: 0,000, Error: 0,0000 s
abr 04, 2013 12:33:03 PM org.ros.time.RemoteUptimeClock update
INFO: Latency: 7,0000 s, Delta ratio: 1,0000, Drift: 1,000, Error reduction coefficient: 0,000, Error: 0,0000 s
abr 04, 2013 12:33:03 PM org.ros.time.RemoteUptimeClock update
INFO: Latency: 7,0000 s, Delta ratio: 1,0000, Drift: 1,000, Error reduction coefficient: 0,000, Error: 0,0000 s
abr 04, 2013 12:33:03 PM org.ros.time.RemoteUptimeClock update
INFO: Latency: 7,0000 s, Delta ratio: 1,0000, Drift: 1,000, Error reduction coefficient: 0,000, Error: 0,0000 s
abr 04, 2013 12:33:03 PM org.ros.time.RemoteUptimeClock update
INFO: Latency: 7,0000 s, Delta ratio: 1,0000, Drift: 1,000, Error reduction coefficient: 0,000, Error: 0,0000 s
abr 04, 2013 12:33:03 PM org.ros.time.RemoteUptimeClock update
INFO: Latency: 7,0000 s, Delta ratio: 1,0000, Drift: 1,000, Error reduction coefficient: 0,000, Error: 0,0000 s
abr 04, 2013 12:33:03 PM org.ros.time.RemoteUptimeClock update
INFO: Latency: 7,0000 s, Delta ratio: 1,0000, Drift: 1,000, Error reduction coefficient: 0,000, Error: 0,0000 s
abr 04, 2013 12:33:03 PM org.ros.time.RemoteUptimeClock update
INFO: Latency: 7,0000 s, Delta ratio: 1,0000, Drift: 1,000, Error reduction coefficient: 0,000, Error: 0,0000 s
abr 04, 2013 12:33:03 PM org.ros.time.RemoteUptimeClock update
INFO: Latency: 7,0000 s, Delta ratio: 1,0000, Drift: 1,000, Error reduction coefficient: 0,000, Error: 0,0000 s
abr 04, 2013 12:33:03 PM org.ros.time.RemoteUptimeClock update
INFO: Latency: 7,0000 s, Delta ratio: 1,0000, Drift: 1,000, Error reduction coefficient: 0,000, Error: 0,0000 s
abr 04, 2013 12:33:03 PM org.ros.time.RemoteUptimeClock update
INFO: Latency: 7,0000 s, Delta ratio: 1,0000, Drift: 1,000, Error reduction coefficient: 0,000, Error: 0,0000 s
abr 04, 2013 12:33:03 PM org.ros.time.RemoteUptimeClock update
INFO: Latency: 7,0000 s, Delta ratio: 1,0000, Drift: 1,000, Error reduction coefficient: 0,000, Error: 0,0000 s
abr 04, 2013 12:33:03 PM org.ros.time.RemoteUptimeClock update
INFO: Latency: 7,0000 s, Delta ratio: 1,0000, Drift: 1,000, Error reduction coefficient: 0,000, Error: 0,0000 s
abr 04, 2013 12:33:03 PM org.ros.time.RemoteUptimeClock update
INFO: Latency: 7,0000 s, Delta ratio: 1,0000, Drift: 1,000, Error reduction coefficient: 0,000, Error: 0,0000 s
abr 04, 2013 12:33:03 PM org.ros.time.RemoteUptimeClock update
INFO: Latency: 7,0000 s, Delta ratio: 1,0000, Drift: 1,000, Error reduction coefficient: 0,000, Error: 0,0000 s
abr 04, 2013 12:33:03 PM org.ros.time.RemoteUptimeClock update
INFO: Latency: 7,0000 s, Delta ratio: 1,0000, Drift: 1,000, Error reduction coefficient: 0,000, Error: 0,0000 s
abr 04, 2013 12:33:03 PM org.ros.time.RemoteUptimeClock update
INFO: Latency: 7,0000 s, Delta ratio: 1,0000, Drift: 1,000, Error reduction coefficient: 0,000, Error: 0,0000 s
abr 04, 2013 12:33:03 PM org.ros.time.RemoteUptimeClock update
INFO: Latency: 7,0000 s, Delta ratio: 1,0000, Drift: 1,000, Error reduction coefficient: 0,000, Error: 0,0000 s
abr 04, 2013 12:33:03 PM org.ros.time.RemoteUptimeClock update
INFO: Latency: 7,0000 s, Delta ratio: 1,0000, Drift: 1,000, Error reduction coefficient: 0,000, Error: 0,0000 s
abr 04, 2013 12:33:03 PM org.ros.time.RemoteUptimeClock update
INFO: Latency: 7,0000 s, Delta ratio: 1,0000, Drift: 1,000, Error reduction coefficient: 0,000, Error: 0,0000 s
abr 04, 2013 12:33:03 PM org.ros.time.RemoteUptimeClock update
INFO: Latency: 7,0000 s, Delta ratio: 1,0000, Drift: 1,000, Error reduction coefficient: 0,000, Error: 0,0000 s
abr 04, 2013 12:33:03 PM org.ros.time.RemoteUptimeClock update
INFO: Latency: 7,0000 s, Delta ratio: 1,0000, Drift: 1,000, Error reduction coefficient: 0,000, Error: 0,0000 s
abr 04, 2013 12:33:03 PM org.ros.time.RemoteUptimeClock update
INFO: Latency: 7,0000 s, Delta ratio: 1,0000, Drift: 1,000, Error reduction coefficient: 0,000, Error: 0,0000 s
abr 04, 2013 12:33:03 PM org.ros.time.RemoteUptimeClock update
INFO: Latency: 7,0000 s, Delta ratio: 1,0000, Drift: 1,000, Error reduction coefficient: 0,000, Error: 0,0000 s
abr 04, 2013 12:33:03 PM org.ros.time.RemoteUptimeClock update
INFO: Latency: 7,0000 s, Delta ratio: 1,0000, Drift: 1,000, Error reduction coefficient: 0,000, Error: 0,0000 s
abr 04, 2013 12:33:03 PM org.ros.time.RemoteUptimeClock update
INFO: Latency: 7,0000 s, Delta ratio: 1,0000, Drift: 1,000, Error reduction coefficient: 0,000, Error: 0,0000 s
abr 04, 2013 12:33:03 PM org.ros.time.RemoteUptimeClock update
INFO: Latency: 7,0000 s, Delta ratio: 1,0000, Drift: 1,000, Error reduction coefficient: 0,000, Error: 0,0000 s
abr 04, 2013 12:33:03 PM org.ros.time.RemoteUptimeClock update
INFO: Latency: 7,0000 s, Delta ratio: 1,0000, Drift: 1,000, Error reduction coefficient: 0,000, Error: 0,0000 s
abr 04, 2013 12:33:03 PM org.ros.time.RemoteUptimeClock update
INFO: Latency: 7,0000 s, Delta ratio: 1,0000, Drift: 1,000, Error reduction coefficient: 0,000, Error: 0,0000 s
abr 04, 2013 12:33:03 PM org.ros.time.RemoteUptimeClock update
INFO: Latency: 7,0000 s, Delta ratio: 1,0000, Drift: 1,000, Error reduction coefficient: 0,000, Error: 0,0000 s
abr 04, 2013 12:33:03 PM org.ros.time.RemoteUptimeClock update
INFO: Latency: 7,0000 s, Delta ratio: 1,0000, Drift: 1,000, Error reduction coefficient: 0,000, Error: 0,0000 s
abr 04, 2013 12:33:03 PM org.ros.time.RemoteUptimeClock update
INFO: Latency: 7,0000 s, Delta ratio: 1,0000, Drift: 1,000, Error reduction coefficient: 0,000, Error: 0,0000 s
abr 04, 2013 12:33:03 PM org.ros.time.RemoteUptimeClock update
INFO: Latency: 7,0000 s, Delta ratio: 1,0000, Drift: 1,000, Error reduction coefficient: 0,000, Error: 0,0000 s
abr 04, 2013 12:33:03 PM org.ros.time.RemoteUptimeClock update
INFO: Latency: 7,0000 s, Delta ratio: 1,0000, Drift: 1,000, Error reduction coefficient: 0,000, Error: 0,0000 s
abr 04, 2013 12:33:03 PM org.ros.time.RemoteUptimeClock update
INFO: Latency: 7,0000 s, Delta ratio: 1,0000, Drift: 1,000, Error reduction coefficient: 0,000, Error: 0,0000 s
abr 04, 2013 12:33:03 PM org.ros.time.RemoteUptimeClock update
INFO: Latency: 7,0000 s, Delta ratio: 1,0000, Drift: 1,000, Error reduction coefficient: 0,000, Error: 0,0000 s
abr 04, 2013 12:33:03 PM org.ros.time.RemoteUptimeClock update
INFO: Latency: 7,0000 s, Delta ratio: 1,0000, Drift: 1,000, Error reduction coefficient: 0,000, Error: 0,0000 s
abr 04, 2013 12:33:03 PM org.ros.time.RemoteUptimeClock update
INFO: Latency: 7,0000 s, Delta ratio: 1,0000, Drift: 1,000, Error reduction coefficient: 0,000, Error: 0,0000 s
abr 04, 2013 12:33:03 PM org.ros.time.RemoteUptimeClock update
INFO: Latency: 7,0000 s, Delta ratio: 1,0000, Drift: 1,000, Error reduction coefficient: 0,000, Error: 0,0000 s
abr 04, 2013 12:33:03 PM org.ros.time.RemoteUptimeClock update
INFO: Latency: 7,0000 s, Delta ratio: 1,0000, Drift: 1,000, Error reduction coefficient: 0,000, Error: 0,0000 s
abr 04, 2013 12:33:03 PM org.ros.time.RemoteUptimeClock update
INFO: Latency: 7,0000 s, Delta ratio: 1,0000, Drift: 1,000, Error reduction coefficient: 0,000, Error: 0,0000 s
abr 04, 2013 12:33:03 PM org.ros.time.RemoteUptimeClock update
INFO: Latency: 7,0000 s, Delta ratio: 1,0000, Drift: 1,000, Error reduction coefficient: 0,000, Error: 0,0000 s
abr 04, 2013 12:33:03 PM org.ros.time.RemoteUptimeClock update
INFO: Latency: 7,0000 s, Delta ratio: 1,0000, Drift: 1,000, Error reduction coefficient: 0,000, Error: 0,0000 s
abr 04, 2013 12:33:03 PM org.ros.time.RemoteUptimeClock update
INFO: Latency: 7,0000 s, Delta ratio: 1,0000, Drift: 1,000, Error reduction coefficient: 0,000, Error: 0,0000 s
abr 04, 2013 12:33:03 PM org.ros.time.RemoteUptimeClock update
INFO: Latency: 7,0000 s, Delta ratio: 1,0000, Drift: 1,000, Error reduction coefficient: 0,000, Error: 0,0000 s
abr 04, 2013 12:33:03 PM org.ros.time.RemoteUptimeClock update
INFO: Latency: 7,0000 s, Delta ratio: 1,0000, Drift: 1,000, Error reduction coefficient: 0,000, Error: 0,0000 s
abr 04, 2013 12:33:03 PM org.ros.time.RemoteUptimeClock update
INFO: Latency: 7,0000 s, Delta ratio: 1,0000, Drift: 1,000, Error reduction coefficient: 0,000, Error: 0,0000 s
abr 04, 2013 12:33:03 PM org.ros.time.RemoteUptimeClock update
INFO: Latency: 7,0000 s, Delta ratio: 1,0000, Drift: 1,000, Error reduction coefficient: 0,000, Error: 0,0000 s
abr 04, 2013 12:33:03 PM org.ros.time.RemoteUptimeClock update
INFO: Latency: 7,0000 s, Delta ratio: 1,0000, Drift: 1,000, Error reduction coefficient: 0,000, Error: 0,0000 s
abr 04, 2013 12:33:03 PM org.ros.time.RemoteUptimeClock update
INFO: Latency: 7,0000 s, Delta ratio: 1,0000, Drift: 1,000, Error reduction coefficient: 0,000, Error: 0,0000 s
abr 04, 2013 12:33:03 PM org.ros.time.RemoteUptimeClock update
INFO: Latency: 7,0000 s, Delta ratio: 1,0000, Drift: 1,000, Error reduction coefficient: 0,000, Error: 0,0000 s
abr 04, 2013 12:33:03 PM org.ros.time.RemoteUptimeClock update
INFO: Latency: 7,0000 s, Delta ratio: 1,0000, Drift: 1,000, Error reduction coefficient: 0,000, Error: 0,0000 s
abr 04, 2013 12:33:03 PM org.ros.time.RemoteUptimeClock update
INFO: Latency: 7,0000 s, Delta ratio: 1,0000, Drift: 1,000, Error reduction coefficient: 0,000, Error: 0,0000 s
abr 04, 2013 12:33:03 PM org.ros.time.RemoteUptimeClock update
INFO: Latency: 7,0000 s, Delta ratio: 1,0000, Drift: 1,000, Error reduction coefficient: 0,000, Error: 0,0000 s
abr 04, 2013 12:33:03 PM org.ros.time.RemoteUptimeClock update
INFO: Latency: 7,0000 s, Delta ratio: 1,0000, Drift: 1,000, Error reduction coefficient: 0,000, Error: 0,0000 s
abr 04, 2013 12:33:03 PM org.ros.time.RemoteUptimeClock update
INFO: Latency: 7,0000 s, Delta ratio: 1,0000, Drift: 1,000, Error reduction coefficient: 0,000, Error: 0,0000 s
abr 04, 2013 12:33:03 PM org.ros.time.RemoteUptimeClock update
INFO: Latency: 7,0000 s, Delta ratio: 1,0000, Drift: 1,000, Error reduction coefficient: 0,000, Error: 0,0000 s
abr 04, 2013 12:33:03 PM org.ros.time.RemoteUptimeClock update
INFO: Latency: 7,0000 s, Delta ratio: 1,0000, Drift: 1,000, Error reduction coefficient: 0,000, Error: 0,0000 s
abr 04, 2013 12:33:03 PM org.ros.time.RemoteUptimeClock update
INFO: Latency: 7,0000 s, Delta ratio: 1,0000, Drift: 1,000, Error reduction coefficient: 0,000, Error: 0,0000 s
abr 04, 2013 12:33:03 PM org.ros.time.RemoteUptimeClock update
INFO: Latency: 7,0000 s, Delta ratio: 1,0000, Drift: 1,000, Error reduction coefficient: 0,000, Error: 0,0000 s
abr 04, 2013 12:33:03 PM org.ros.time.RemoteUptimeClock update
INFO: Latency: 7,0000 s, Delta ratio: 1,0000, Drift: 1,000, Error reduction coefficient: 0,000, Error: 0,0000 s
abr 04, 2013 12:33:03 PM org.ros.time.RemoteUptimeClock update
INFO: Latency: 7,0000 s, Delta ratio: 1,0000, Drift: 1,000, Error reduction coefficient: 0,000, Error: 0,0000 s
abr 04, 2013 12:33:03 PM org.ros.time.RemoteUptimeClock update
INFO: Latency: 7,0000 s, Delta ratio: 1,0000, Drift: 1,000, Error reduction coefficient: 0,000, Error: 0,0000 s
abr 04, 2013 12:33:03 PM org.ros.time.RemoteUptimeClock update
INFO: Latency: 7,0000 s, Delta ratio: 1,0000, Drift: 1,000, Error reduction coefficient: 0,000, Error: 0,0000 s
abr 04, 2013 12:33:03 PM org.ros.time.RemoteUptimeClock update
INFO: Latency: 7,0000 s, Delta ratio: 1,0000, Drift: 1,000, Error reduction coefficient: 0,000, Error: 0,0000 s
abr 04, 2013 12:33:03 PM org.ros.time.RemoteUptimeClock update
INFO: Latency: 7,0000 s, Delta ratio: 1,0000, Drift: 1,000, Error reduction coefficient: 0,000, Error: 0,0000 s
abr 04, 2013 12:33:03 PM org.ros.time.RemoteUptimeClock update
INFO: Latency: 7,0000 s, Delta ratio: 1,0000, Drift: 1,000, Error reduction coefficient: 0,000, Error: 0,0000 s
abr 04, 2013 12:33:03 PM org.ros.time.RemoteUptimeClock update
INFO: Latency: 7,0000 s, Delta ratio: 1,0000, Drift: 1,000, Error reduction coefficient: 0,000, Error: 0,0000 s
abr 04, 2013 12:33:03 PM org.ros.time.RemoteUptimeClock update
INFO: Latency: 7,0000 s, Delta ratio: 1,0000, Drift: 1,000, Error reduction coefficient: 0,000, Error: 0,0000 s
abr 04, 2013 12:33:03 PM org.ros.time.RemoteUptimeClock update
INFO: Latency: 7,0000 s, Delta ratio: 1,0000, Drift: 1,000, Error reduction coefficient: 0,000, Error: 0,0000 s
abr 04, 2013 12:33:03 PM org.ros.time.RemoteUptimeClock update
INFO: Latency: 7,0000 s, Delta ratio: 1,0000, Drift: 1,000, Error reduction coefficient: 0,000, Error: 0,0000 s
abr 04, 2013 12:33:03 PM org.ros.time.RemoteUptimeClock update
INFO: Latency: 7,0000 s, Delta ratio: 1,0000, Drift: 1,000, Error reduction coefficient: 0,000, Error: 0,0000 s
abr 04, 2013 12:33:03 PM org.ros.time.RemoteUptimeClock update
INFO: Latency: 7,0000 s, Delta ratio: 1,0000, Drift: 1,000, Error reduction coefficient: 0,000, Error: 0,0000 s
abr 04, 2013 12:33:03 PM org.ros.time.RemoteUptimeClock update
INFO: Latency: 7,0000 s, Delta ratio: 1,0000, Drift: 1,000, Error reduction coefficient: 0,000, Error: 0,0000 s
abr 04, 2013 12:33:03 PM org.ros.time.RemoteUptimeClock update
INFO: Latency: 7,0000 s, Delta ratio: 1,0000, Drift: 1,000, Error reduction coefficient: 0,000, Error: 0,0000 s
abr 04, 2013 12:33:03 PM org.ros.time.RemoteUptimeClock update
INFO: Latency: 7,0000 s, Delta ratio: 1,0000, Drift: 1,000, Error reduction coefficient: 0,000, Error: 0,0000 s
abr 04, 2013 12:33:03 PM org.ros.time.RemoteUptimeClock update
INFO: Latency: 7,0000 s, Delta ratio: 1,0000, Drift: 1,000, Error reduction coefficient: 0,000, Error: 0,0000 s
abr 04, 2013 12:33:03 PM org.ros.time.RemoteUptimeClock update
INFO: Latency: 7,0000 s, Delta ratio: 1,0000, Drift: 1,000, Error reduction coefficient: 0,000, Error: 0,0000 s
abr 04, 2013 12:33:03 PM org.ros.time.RemoteUptimeClock update
INFO: Latency: 7,0000 s, Delta ratio: 1,0000, Drift: 1,000, Error reduction coefficient: 0,000, Error: 0,0000 s
abr 04, 2013 12:33:03 PM org.ros.time.RemoteUptimeClock update
INFO: Latency: 7,0000 s, Delta ratio: 1,0000, Drift: 1,000, Error reduction coefficient: 0,000, Error: 0,0000 s
abr 04, 2013 12:33:03 PM org.ros.time.RemoteUptimeClock update
INFO: Latency: 7,0000 s, Delta ratio: 1,0000, Drift: 1,000, Error reduction coefficient: 0,000, Error: 0,0000 s
abr 04, 2013 12:33:03 PM org.ros.time.RemoteUptimeClock update
INFO: Latency: 7,0000 s, Delta ratio: 1,0000, Drift: 1,000, Error reduction coefficient: 0,000, Error: 0,0000 s
abr 04, 2013 12:33:03 PM org.ros.time.RemoteUptimeClock update
INFO: Latency: 7,0000 s, Delta ratio: 1,0000, Drift: 1,000, Error reduction coefficient: 0,000, Error: 0,0000 s
abr 04, 2013 12:33:03 PM org.ros.time.RemoteUptimeClock update
INFO: Latency: 7,0000 s, Delta ratio: 1,0000, Drift: 1,000, Error reduction coefficient: 0,000, Error: 0,0000 s
abr 04, 2013 12:33:03 PM org.ros.time.RemoteUptimeClock update
INFO: Latency: 7,0000 s, Delta ratio: 1,0000, Drift: 1,000, Error reduction coefficient: 0,000, Error: 0,0000 s
abr 04, 2013 12:33:03 PM org.ros.time.RemoteUptimeClock update
INFO: Latency: 7,0000 s, Delta ratio: 1,0000, Drift: 1,000, Error reduction coefficient: 0,000, Error: 0,0000 s
abr 04, 2013 12:33:03 PM org.ros.time.RemoteUptimeClock update
INFO: Latency: 7,0000 s, Delta ratio: 1,0000, Drift: 1,000, Error reduction coefficient: 0,000, Error: 0,0000 s
abr 04, 2013 12:33:03 PM org.ros.time.RemoteUptimeClock update
INFO: Latency: 7,0000 s, Delta ratio: 1,0000, Drift: 1,000, Error reduction coefficient: 0,000, Error: 0,0000 s
abr 04, 2013 12:33:03 PM org.ros.time.RemoteUptimeClock update
INFO: Latency: 7,0000 s, Delta ratio: 1,0000, Drift: 1,000, Error reduction coefficient: 0,000, Error: 0,0000 s
abr 04, 2013 12:33:03 PM org.ros.time.RemoteUptimeClock update
INFO: Latency: 7,0000 s, Delta ratio: 1,0000, Drift: 1,000, Error reduction coefficient: 0,000, Error: 0,0000 s
abr 04, 2013 12:33:03 PM org.ros.time.RemoteUptimeClock update
INFO: Latency: 7,0000 s, Delta ratio: 1,0000, Drift: 1,000, Error reduction coefficient: 0,000, Error: 0,0000 s
abr 04, 2013 12:33:03 PM org.ros.time.RemoteUptimeClock update
INFO: Latency: 7,0000 s, Delta ratio: 1,0000, Drift: 1,000, Error reduction coefficient: 0,000, Error: 0,0000 s
abr 04, 2013 12:33:03 PM org.ros.time.RemoteUptimeClock update
INFO: Latency: 7,0000 s, Delta ratio: 1,0000, Drift: 1,000, Error reduction coefficient: 0,000, Error: 0,0000 s
abr 04, 2013 12:33:03 PM org.ros.time.RemoteUptimeClock update
INFO: Latency: 7,0000 s, Delta ratio: 1,0000, Drift: 1,000, Error reduction coefficient: 0,000, Error: 0,0000 s
abr 04, 2013 12:33:03 PM org.ros.time.RemoteUptimeClock update
INFO: Latency: 7,0000 s, Delta ratio: 1,0000, Drift: 1,000, Error reduction coefficient: 0,000, Error: 0,0000 s
abr 04, 2013 12:33:03 PM org.ros.time.RemoteUptimeClock update
INFO: Latency: 7,0000 s, Delta ratio: 1,0000, Drift: 1,000, Error reduction coefficient: 0,000, Error: 0,0000 s
abr 04, 2013 12:33:03 PM org.ros.time.RemoteUptimeClock update
INFO: Latency: 7,0000 s, Delta ratio: 1,0000, Drift: 1,000, Error reduction coefficient: 0,000, Error: 0,0000 s
abr 04, 2013 12:33:03 PM org.ros.time.RemoteUptimeClock update
INFO: Latency: 7,0000 s, Delta ratio: 1,0000, Drift: 1,000, Error reduction coefficient: 0,000, Error: 0,0000 s
abr 04, 2013 12:33:03 PM org.ros.time.RemoteUptimeClock update
INFO: Latency: 7,0000 s, Delta ratio: 1,0000, Drift: 1,000, Error reduction coefficient: 0,000, Error: 0,0000 s
abr 04, 2013 12:33:03 PM org.ros.time.RemoteUptimeClock update
INFO: Latency: 7,0000 s, Delta ratio: 1,0000, Drift: 1,000, Error reduction coefficient: 0,000, Error: 0,0000 s
abr 04, 2013 12:33:03 PM org.ros.time.RemoteUptimeClock update
INFO: Latency: 7,0000 s, Delta ratio: 1,0000, Drift: 1,000, Error reduction coefficient: 0,000, Error: 0,0000 s
abr 04, 2013 12:33:03 PM org.ros.time.RemoteUptimeClock update
INFO: Latency: 7,0000 s, Delta ratio: 1,0000, Drift: 1,000, Error reduction coefficient: 0,000, Error: 0,0000 s
abr 04, 2013 12:33:03 PM org.ros.time.RemoteUptimeClock update
INFO: Latency: 7,0000 s, Delta ratio: 1,0000, Drift: 1,000, Error reduction coefficient: 0,000, Error: 0,0000 s
abr 04, 2013 12:33:03 PM org.ros.time.RemoteUptimeClock update
INFO: Latency: 7,0000 s, Delta ratio: 1,0000, Drift: 1,000, Error reduction coefficient: 0,000, Error: 0,0000 s
abr 04, 2013 12:33:03 PM org.ros.time.RemoteUptimeClock update
INFO: Latency: 7,0000 s, Delta ratio: 1,0000, Drift: 1,000, Error reduction coefficient: 0,000, Error: 0,0000 s
abr 04, 2013 12:33:03 PM org.ros.time.RemoteUptimeClock update
INFO: Latency: 7,0000 s, Delta ratio: 1,0000, Drift: 1,000, Error reduction coefficient: 0,000, Error: 0,0000 s
abr 04, 2013 12:33:03 PM org.ros.time.RemoteUptimeClock update
INFO: Latency: 7,0000 s, Delta ratio: 1,0000, Drift: 1,000, Error reduction coefficient: 0,000, Error: 0,0000 s
abr 04, 2013 12:33:03 PM org.ros.time.RemoteUptimeClock update
INFO: Latency: 7,0000 s, Delta ratio: 1,0000, Drift: 1,000, Error reduction coefficient: 0,000, Error: 0,0000 s
abr 04, 2013 12:33:03 PM org.ros.time.RemoteUptimeClock update
INFO: Latency: 7,0000 s, Delta ratio: 1,0000, Drift: 1,000, Error reduction coefficient: 0,000, Error: 0,0000 s
abr 04, 2013 12:33:03 PM org.ros.time.RemoteUptimeClock update
INFO: Latency: 7,0000 s, Delta ratio: 1,0000, Drift: 1,000, Error reduction coefficient: 0,000, Error: 0,0000 s
abr 04, 2013 12:33:03 PM org.ros.time.RemoteUptimeClock update
INFO: Latency: 7,0000 s, Delta ratio: 1,0000, Drift: 1,000, Error reduction coefficient: 0,000, Error: 0,0000 s
abr 04, 2013 12:33:03 PM org.ros.time.RemoteUptimeClock update
INFO: Latency: 7,0000 s, Delta ratio: 1,0000, Drift: 1,000, Error reduction coefficient: 0,000, Error: 0,0000 s
abr 04, 2013 12:33:03 PM org.ros.time.RemoteUptimeClock update
INFO: Latency: 7,0000 s, Delta ratio: 1,0000, Drift: 1,000, Error reduction coefficient: 0,000, Error: 0,0000 s
abr 04, 2013 12:33:03 PM org.ros.time.RemoteUptimeClock update
INFO: Latency: 7,0000 s, Delta ratio: 1,0000, Drift: 1,000, Error reduction coefficient: 0,000, Error: 0,0000 s
abr 04, 2013 12:33:03 PM org.ros.time.RemoteUptimeClock update
INFO: Latency: 7,0000 s, Delta ratio: 1,0000, Drift: 1,000, Error reduction coefficient: 0,000, Error: 0,0000 s
abr 04, 2013 12:33:03 PM org.ros.time.RemoteUptimeClock update
INFO: Latency: 7,0000 s, Delta ratio: 1,0000, Drift: 1,000, Error reduction coefficient: 0,000, Error: 0,0000 s
abr 04, 2013 12:33:03 PM org.ros.time.RemoteUptimeClock update
INFO: Latency: 7,0000 s, Delta ratio: 1,0000, Drift: 1,000, Error reduction coefficient: 0,000, Error: 0,0000 s
abr 04, 2013 12:33:03 PM org.ros.time.RemoteUptimeClock update
INFO: Latency: 7,0000 s, Delta ratio: 1,0000, Drift: 1,000, Error reduction coefficient: 0,000, Error: 0,0000 s
abr 04, 2013 12:33:03 PM org.ros.time.RemoteUptimeClock update
INFO: Latency: 7,0000 s, Delta ratio: 1,0000, Drift: 1,000, Error reduction coefficient: 0,000, Error: 0,0000 s
abr 04, 2013 12:33:03 PM org.ros.time.RemoteUptimeClock update
INFO: Latency: 7,0000 s, Delta ratio: 1,0000, Drift: 1,000, Error reduction coefficient: 0,000, Error: 0,0000 s
abr 04, 2013 12:33:03 PM org.ros.time.RemoteUptimeClock update
INFO: Latency: 7,0000 s, Delta ratio: 1,0000, Drift: 1,000, Error reduction coefficient: 0,000, Error: 0,0000 s
abr 04, 2013 12:33:03 PM org.ros.time.RemoteUptimeClock update
INFO: Latency: 7,0000 s, Delta ratio: 1,0000, Drift: 1,000, Error reduction coefficient: 0,000, Error: 0,0000 s
abr 04, 2013 12:33:03 PM org.ros.time.RemoteUptimeClock update
INFO: Latency: 7,0000 s, Delta ratio: 1,0000, Drift: 1,000, Error reduction coefficient: 0,000, Error: 0,0000 s
abr 04, 2013 12:33:03 PM org.ros.time.RemoteUptimeClock update
INFO: Latency: 7,0000 s, Delta ratio: 1,0000, Drift: 1,000, Error reduction coefficient: 0,000, Error: 0,0000 s
abr 04, 2013 12:33:03 PM org.ros.time.RemoteUptimeClock update
INFO: Latency: 7,0000 s, Delta ratio: 1,0000, Drift: 1,000, Error reduction coefficient: 0,000, Error: 0,0000 s
abr 04, 2013 12:33:03 PM org.ros.time.RemoteUptimeClock update
INFO: Latency: 7,0000 s, Delta ratio: 1,0000, Drift: 1,000, Error reduction coefficient: 0,000, Error: 0,0000 s
abr 04, 2013 12:33:03 PM org.ros.time.RemoteUptimeClock update
INFO: Latency: 7,0000 s, Delta ratio: 1,0000, Drift: 1,000, Error reduction coefficient: 0,000, Error: 0,0000 s
abr 04, 2013 12:33:03 PM org.ros.time.RemoteUptimeClock update
INFO: Latency: 7,0000 s, Delta ratio: 1,0000, Drift: 1,000, Error reduction coefficient: 0,000, Error: 0,0000 s
abr 04, 2013 12:33:03 PM org.ros.time.RemoteUptimeClock update
INFO: Latency: 7,0000 s, Delta ratio: 1,0000, Drift: 1,000, Error reduction coefficient: 0,000, Error: 0,0000 s
abr 04, 2013 12:33:03 PM org.ros.time.RemoteUptimeClock update
INFO: Latency: 7,0000 s, Delta ratio: 1,0000, Drift: 1,000, Error reduction coefficient: 0,000, Error: 0,0000 s
abr 04, 2013 12:33:03 PM org.ros.time.RemoteUptimeClock update
INFO: Latency: 7,0000 s, Delta ratio: 1,0000, Drift: 1,000, Error reduction coefficient: 0,000, Error: 0,0000 s
abr 04, 2013 12:33:03 PM org.ros.time.RemoteUptimeClock update
INFO: Latency: 7,0000 s, Delta ratio: 1,0000, Drift: 1,000, Error reduction coefficient: 0,000, Error: 0,0000 s
abr 04, 2013 12:33:03 PM org.ros.time.RemoteUptimeClock update
INFO: Latency: 7,0000 s, Delta ratio: 1,0000, Drift: 1,000, Error reduction coefficient: 0,000, Error: 0,0000 s
abr 04, 2013 12:33:03 PM org.ros.time.RemoteUptimeClock update
INFO: Latency: 7,0000 s, Delta ratio: 1,0000, Drift: 1,000, Error reduction coefficient: 0,000, Error: 0,0000 s
abr 04, 2013 12:33:03 PM org.ros.time.RemoteUptimeClock update
INFO: Latency: 7,0000 s, Delta ratio: 1,0000, Drift: 1,000, Error reduction coefficient: 0,000, Error: 0,0000 s
abr 04, 2013 12:33:03 PM org.ros.time.RemoteUptimeClock update
INFO: Latency: 7,0000 s, Delta ratio: 1,0000, Drift: 1,000, Error reduction coefficient: 0,000, Error: 0,0000 s
abr 04, 2013 12:33:03 PM org.ros.time.RemoteUptimeClock update
INFO: Latency: 7,0000 s, Delta ratio: 1,0000, Drift: 1,000, Error reduction coefficient: 0,000, Error: 0,0000 s
abr 04, 2013 12:33:03 PM org.ros.time.RemoteUptimeClock update
INFO: Latency: 7,0000 s, Delta ratio: 1,0000, Drift: 1,000, Error reduction coefficient: 0,000, Error: 0,0000 s
abr 04, 2013 12:33:03 PM org.ros.time.RemoteUptimeClock update
INFO: Latency: 7,0000 s, Delta ratio: 1,0000, Drift: 1,000, Error reduction coefficient: 0,000, Error: 0,0000 s
abr 04, 2013 12:33:03 PM org.ros.time.RemoteUptimeClock update
INFO: Latency: 7,0000 s, Delta ratio: 1,0000, Drift: 1,000, Error reduction coefficient: 0,000, Error: 0,0000 s
abr 04, 2013 12:33:03 PM org.ros.time.RemoteUptimeClock update
INFO: Latency: 7,0000 s, Delta ratio: 1,0000, Drift: 1,000, Error reduction coefficient: 0,000, Error: 0,0000 s
abr 04, 2013 12:33:03 PM org.ros.time.RemoteUptimeClock update
INFO: Latency: 7,0000 s, Delta ratio: 1,0000, Drift: 1,000, Error reduction coefficient: 0,000, Error: 0,0000 s
abr 04, 2013 12:33:03 PM org.ros.time.RemoteUptimeClock update
INFO: Latency: 7,0000 s, Delta ratio: 1,0000, Drift: 1,000, Error reduction coefficient: 0,000, Error: 0,0000 s
abr 04, 2013 12:33:03 PM org.ros.time.RemoteUptimeClock update
INFO: Latency: 7,0000 s, Delta ratio: 1,0000, Drift: 1,000, Error reduction coefficient: 0,000, Error: 0,0000 s
abr 04, 2013 12:33:03 PM org.ros.time.RemoteUptimeClock update
INFO: Latency: 7,0000 s, Delta ratio: 1,0000, Drift: 1,000, Error reduction coefficient: 0,000, Error: 0,0000 s
abr 04, 2013 12:33:03 PM org.ros.time.RemoteUptimeClock update
INFO: Latency: 7,0000 s, Delta ratio: 1,0000, Drift: 1,000, Error reduction coefficient: 0,000, Error: 0,0000 s
abr 04, 2013 12:33:03 PM org.ros.time.RemoteUptimeClock update
INFO: Latency: 7,0000 s, Delta ratio: 1,0000, Drift: 1,000, Error reduction coefficient: 0,000, Error: 0,0000 s
abr 04, 2013 12:33:03 PM org.ros.time.RemoteUptimeClock update
INFO: Latency: 7,0000 s, Delta ratio: 1,0000, Drift: 1,000, Error reduction coefficient: 0,000, Error: 0,0000 s
abr 04, 2013 12:33:03 PM org.ros.time.RemoteUptimeClock update
INFO: Latency: 7,0000 s, Delta ratio: 1,0000, Drift: 1,000, Error reduction coefficient: 0,000, Error: 0,0000 s
abr 04, 2013 12:33:03 PM org.ros.time.RemoteUptimeClock update
INFO: Latency: 7,0000 s, Delta ratio: 1,0000, Drift: 1,000, Error reduction coefficient: 0,000, Error: 0,0000 s
abr 04, 2013 12:33:03 PM org.ros.time.RemoteUptimeClock update
INFO: Latency: 7,0000 s, Delta ratio: 1,0000, Drift: 1,000, Error reduction coefficient: 0,000, Error: 0,0000 s
abr 04, 2013 12:33:03 PM org.ros.time.RemoteUptimeClock update
INFO: Latency: 7,0000 s, Delta ratio: 1,0000, Drift: 1,000, Error reduction coefficient: 0,000, Error: 0,0000 s
abr 04, 2013 12:33:03 PM org.ros.time.RemoteUptimeClock update
INFO: Latency: 7,0000 s, Delta ratio: 1,0000, Drift: 1,000, Error reduction coefficient: 0,000, Error: 0,0000 s
abr 04, 2013 12:33:03 PM org.ros.time.RemoteUptimeClock update
INFO: Latency: 7,0000 s, Delta ratio: 1,0000, Drift: 1,000, Error reduction coefficient: 0,000, Error: 0,0000 s
abr 04, 2013 12:33:03 PM org.ros.time.RemoteUptimeClock update
INFO: Latency: 7,0000 s, Delta ratio: 1,0000, Drift: 1,000, Error reduction coefficient: 0,000, Error: 0,0000 s
abr 04, 2013 12:33:03 PM org.ros.time.RemoteUptimeClock update
INFO: Latency: 7,0000 s, Delta ratio: 1,0000, Drift: 1,000, Error reduction coefficient: 0,000, Error: 0,0000 s
abr 04, 2013 12:33:03 PM org.ros.time.RemoteUptimeClock update
INFO: Latency: 7,0000 s, Delta ratio: 1,0000, Drift: 1,000, Error reduction coefficient: 0,000, Error: 0,0000 s
abr 04, 2013 12:33:03 PM org.ros.time.RemoteUptimeClock update
INFO: Latency: 7,0000 s, Delta ratio: 1,0000, Drift: 1,000, Error reduction coefficient: 0,000, Error: 0,0000 s
abr 04, 2013 12:33:03 PM org.ros.time.RemoteUptimeClock update
INFO: Latency: 7,0000 s, Delta ratio: 1,0000, Drift: 1,000, Error reduction coefficient: 0,000, Error: 0,0000 s
abr 04, 2013 12:33:03 PM org.ros.time.RemoteUptimeClock update
INFO: Latency: 7,0000 s, Delta ratio: 1,0000, Drift: 1,000, Error reduction coefficient: 0,000, Error: 0,0000 s
abr 04, 2013 12:33:03 PM org.ros.time.RemoteUptimeClock update
INFO: Latency: 7,0000 s, Delta ratio: 1,0000, Drift: 1,000, Error reduction coefficient: 0,000, Error: 0,0000 s
abr 04, 2013 12:33:03 PM org.ros.time.RemoteUptimeClock update
INFO: Latency: 7,0000 s, Delta ratio: 1,0000, Drift: 1,000, Error reduction coefficient: 0,000, Error: 0,0000 s
abr 04, 2013 12:33:03 PM org.ros.time.RemoteUptimeClock update
INFO: Latency: 7,0000 s, Delta ratio: 1,0000, Drift: 1,000, Error reduction coefficient: 0,000, Error: 0,0000 s
abr 04, 2013 12:33:03 PM org.ros.time.RemoteUptimeClock update
INFO: Latency: 7,0000 s, Delta ratio: 1,0000, Drift: 1,000, Error reduction coefficient: 0,000, Error: 0,0000 s
abr 04, 2013 12:33:03 PM org.ros.time.RemoteUptimeClock update
INFO: Latency: 7,0000 s, Delta ratio: 1,0000, Drift: 1,000, Error reduction coefficient: 0,000, Error: 0,0000 s
abr 04, 2013 12:33:03 PM org.ros.time.RemoteUptimeClock update
INFO: Latency: 7,0000 s, Delta ratio: 1,0000, Drift: 1,000, Error reduction coefficient: 0,000, Error: 0,0000 s
abr 04, 2013 12:33:03 PM org.ros.time.RemoteUptimeClock update
INFO: Latency: 7,0000 s, Delta ratio: 1,0000, Drift: 1,000, Error reduction coefficient: 0,000, Error: 0,0000 s
abr 04, 2013 12:33:03 PM org.ros.time.RemoteUptimeClock update
INFO: Latency: 7,0000 s, Delta ratio: 1,0000, Drift: 1,000, Error reduction coefficient: 0,000, Error: 0,0000 s
abr 04, 2013 12:33:03 PM org.ros.time.RemoteUptimeClock update
INFO: Latency: 7,0000 s, Delta ratio: 1,0000, Drift: 1,000, Error reduction coefficient: 0,000, Error: 0,0000 s
abr 04, 2013 12:33:03 PM org.ros.time.RemoteUptimeClock update
INFO: Latency: 7,0000 s, Delta ratio: 1,0000, Drift: 1,000, Error reduction coefficient: 0,000, Error: 0,0000 s
abr 04, 2013 12:33:03 PM org.ros.time.RemoteUptimeClock update
INFO: Latency: 7,0000 s, Delta ratio: 1,0000, Drift: 1,000, Error reduction coefficient: 0,000, Error: 0,0000 s
abr 04, 2013 12:33:03 PM org.ros.time.RemoteUptimeClock update
INFO: Latency: 7,0000 s, Delta ratio: 1,0000, Drift: 1,000, Error reduction coefficient: 0,000, Error: 0,0000 s
abr 04, 2013 12:33:03 PM org.ros.time.RemoteUptimeClock update
INFO: Latency: 7,0000 s, Delta ratio: 1,0000, Drift: 1,000, Error reduction coefficient: 0,000, Error: 0,0000 s
abr 04, 2013 12:33:03 PM org.ros.time.RemoteUptimeClock update
INFO: Latency: 7,0000 s, Delta ratio: 1,0000, Drift: 1,000, Error reduction coefficient: 0,000, Error: 0,0000 s
abr 04, 2013 12:33:03 PM org.ros.time.RemoteUptimeClock update
INFO: Latency: 7,0000 s, Delta ratio: 1,0000, Drift: 1,000, Error reduction coefficient: 0,000, Error: 0,0000 s
abr 04, 2013 12:33:03 PM org.ros.time.RemoteUptimeClock update
INFO: Latency: 7,0000 s, Delta ratio: 1,0000, Drift: 1,000, Error reduction coefficient: 0,000, Error: 0,0000 s
abr 04, 2013 12:33:03 PM org.ros.time.RemoteUptimeClock update
INFO: Latency: 7,0000 s, Delta ratio: 1,0000, Drift: 1,000, Error reduction coefficient: 0,000, Error: 0,0000 s
abr 04, 2013 12:33:03 PM org.ros.time.RemoteUptimeClock update
INFO: Latency: 7,0000 s, Delta ratio: 1,0000, Drift: 1,000, Error reduction coefficient: 0,000, Error: 0,0000 s
abr 04, 2013 12:33:03 PM org.ros.time.RemoteUptimeClock update
INFO: Latency: 7,0000 s, Delta ratio: 1,0000, Drift: 1,000, Error reduction coefficient: 0,000, Error: 0,0000 s
abr 04, 2013 12:33:03 PM org.ros.time.RemoteUptimeClock update
INFO: Latency: 7,0000 s, Delta ratio: 1,0000, Drift: 1,000, Error reduction coefficient: 0,000, Error: 0,0000 s
abr 04, 2013 12:33:03 PM org.ros.time.RemoteUptimeClock update
INFO: Latency: 7,0000 s, Delta ratio: 1,0000, Drift: 1,000, Error reduction coefficient: 0,000, Error: 0,0000 s
abr 04, 2013 12:33:03 PM org.ros.time.RemoteUptimeClock update
INFO: Latency: 7,0000 s, Delta ratio: 1,0000, Drift: 1,000, Error reduction coefficient: 0,000, Error: 0,0000 s
abr 04, 2013 12:33:03 PM org.ros.time.RemoteUptimeClock update
INFO: Latency: 7,0000 s, Delta ratio: 1,0000, Drift: 1,000, Error reduction coefficient: 0,000, Error: 0,0000 s
abr 04, 2013 12:33:03 PM org.ros.time.RemoteUptimeClock update
INFO: Latency: 7,0000 s, Delta ratio: 1,0000, Drift: 1,000, Error reduction coefficient: 0,000, Error: 0,0000 s
abr 04, 2013 12:33:03 PM org.ros.time.RemoteUptimeClock update
INFO: Latency: 7,0000 s, Delta ratio: 1,0000, Drift: 1,000, Error reduction coefficient: 0,000, Error: 0,0000 s
abr 04, 2013 12:33:03 PM org.ros.time.RemoteUptimeClock update
INFO: Latency: 7,0000 s, Delta ratio: 1,0000, Drift: 1,000, Error reduction coefficient: 0,000, Error: 0,0000 s
abr 04, 2013 12:33:03 PM org.ros.time.RemoteUptimeClock update
INFO: Latency: 7,0000 s, Delta ratio: 1,0000, Drift: 1,000, Error reduction coefficient: 0,000, Error: 0,0000 s
abr 04, 2013 12:33:03 PM org.ros.time.RemoteUptimeClock update
INFO: Latency: 7,0000 s, Delta ratio: 1,0000, Drift: 1,000, Error reduction coefficient: 0,000, Error: 0,0000 s
abr 04, 2013 12:33:03 PM org.ros.time.RemoteUptimeClock update
INFO: Latency: 7,0000 s, Delta ratio: 1,0000, Drift: 1,000, Error reduction coefficient: 0,000, Error: 0,0000 s
abr 04, 2013 12:33:03 PM org.ros.time.RemoteUptimeClock update
INFO: Latency: 7,0000 s, Delta ratio: 1,0000, Drift: 1,000, Error reduction coefficient: 0,000, Error: 0,0000 s
abr 04, 2013 12:33:03 PM org.ros.time.RemoteUptimeClock update
INFO: Latency: 7,0000 s, Delta ratio: 1,0000, Drift: 1,000, Error reduction coefficient: 0,000, Error: 0,0000 s
abr 04, 2013 12:33:03 PM org.ros.time.RemoteUptimeClock update
INFO: Latency: 7,0000 s, Delta ratio: 1,0000, Drift: 1,000, Error reduction coefficient: 0,000, Error: 0,0000 s
abr 04, 2013 12:33:03 PM org.ros.time.RemoteUptimeClock update
INFO: Latency: 7,0000 s, Delta ratio: 1,0000, Drift: 1,000, Error reduction coefficient: 0,000, Error: 0,0000 s
abr 04, 2013 12:33:03 PM org.ros.time.RemoteUptimeClock update
INFO: Latency: 7,0000 s, Delta ratio: 1,0000, Drift: 1,000, Error reduction coefficient: 0,000, Error: 0,0000 s
abr 04, 2013 12:33:03 PM org.ros.time.RemoteUptimeClock update
INFO: Latency: 7,0000 s, Delta ratio: 1,0000, Drift: 1,000, Error reduction coefficient: 0,000, Error: 0,0000 s
abr 04, 2013 12:33:03 PM org.ros.time.RemoteUptimeClock update
INFO: Latency: 7,0000 s, Delta ratio: 1,0000, Drift: 1,000, Error reduction coefficient: 0,000, Error: 0,0000 s
abr 04, 2013 12:33:03 PM org.ros.time.RemoteUptimeClock update
INFO: Latency: 7,0000 s, Delta ratio: 1,0000, Drift: 1,000, Error reduction coefficient: 0,000, Error: 0,0000 s
abr 04, 2013 12:33:03 PM org.ros.time.RemoteUptimeClock update
INFO: Latency: 7,0000 s, Delta ratio: 1,0000, Drift: 1,000, Error reduction coefficient: 0,000, Error: 0,0000 s
abr 04, 2013 12:33:03 PM org.ros.time.RemoteUptimeClock update
INFO: Latency: 7,0000 s, Delta ratio: 1,0000, Drift: 1,000, Error reduction coefficient: 0,000, Error: 0,0000 s
abr 04, 2013 12:33:03 PM org.ros.time.RemoteUptimeClock update
INFO: Latency: 7,0000 s, Delta ratio: 1,0000, Drift: 1,000, Error reduction coefficient: 0,000, Error: 0,0000 s
abr 04, 2013 12:33:03 PM org.ros.time.RemoteUptimeClock update
INFO: Latency: 7,0000 s, Delta ratio: 1,0000, Drift: 1,000, Error reduction coefficient: 0,000, Error: 0,0000 s
abr 04, 2013 12:33:03 PM org.ros.time.RemoteUptimeClock update
INFO: Latency: 7,0000 s, Delta ratio: 1,0000, Drift: 1,000, Error reduction coefficient: 0,000, Error: 0,0000 s
abr 04, 2013 12:33:03 PM org.ros.time.RemoteUptimeClock update
INFO: Latency: 7,0000 s, Delta ratio: 1,0000, Drift: 1,000, Error reduction coefficient: 0,000, Error: 0,0000 s
abr 04, 2013 12:33:03 PM org.ros.time.RemoteUptimeClock update
INFO: Latency: 7,0000 s, Delta ratio: 1,0000, Drift: 1,000, Error reduction coefficient: 0,000, Error: 0,0000 s
abr 04, 2013 12:33:03 PM org.ros.time.RemoteUptimeClock update
INFO: Latency: 7,0000 s, Delta ratio: 1,0000, Drift: 1,000, Error reduction coefficient: 0,000, Error: 0,0000 s
abr 04, 2013 12:33:03 PM org.ros.time.RemoteUptimeClock update
INFO: Latency: 7,0000 s, Delta ratio: 1,0000, Drift: 1,000, Error reduction coefficient: 0,000, Error: 0,0000 s
abr 04, 2013 12:33:03 PM org.ros.time.RemoteUptimeClock update
INFO: Latency: 7,0000 s, Delta ratio: 1,0000, Drift: 1,000, Error reduction coefficient: 0,000, Error: 0,0000 s
abr 04, 2013 12:33:03 PM org.ros.time.RemoteUptimeClock update
INFO: Latency: 7,0000 s, Delta ratio: 1,0000, Drift: 1,000, Error reduction coefficient: 0,000, Error: 0,0000 s
abr 04, 2013 12:33:03 PM org.ros.time.RemoteUptimeClock update
INFO: Latency: 7,0000 s, Delta ratio: 1,0000, Drift: 1,000, Error reduction coefficient: 0,000, Error: 0,0000 s
abr 04, 2013 12:33:03 PM org.ros.time.RemoteUptimeClock update
INFO: Latency: 7,0000 s, Delta ratio: 1,0000, Drift: 1,000, Error reduction coefficient: 0,000, Error: 0,0000 s
abr 04, 2013 12:33:03 PM org.ros.time.RemoteUptimeClock update
INFO: Latency: 7,0000 s, Delta ratio: 1,0000, Drift: 1,000, Error reduction coefficient: 0,000, Error: 0,0000 s
abr 04, 2013 12:33:03 PM org.ros.time.RemoteUptimeClock update
INFO: Latency: 7,0000 s, Delta ratio: 1,0000, Drift: 1,000, Error reduction coefficient: 0,000, Error: 0,0000 s
abr 04, 2013 12:33:03 PM org.ros.time.RemoteUptimeClock update
INFO: Latency: 7,0000 s, Delta ratio: 1,0000, Drift: 1,000, Error reduction coefficient: 0,000, Error: 0,0000 s
abr 04, 2013 12:33:03 PM org.ros.time.RemoteUptimeClock update
INFO: Latency: 7,0000 s, Delta ratio: 1,0000, Drift: 1,000, Error reduction coefficient: 0,000, Error: 0,0000 s
abr 04, 2013 12:33:03 PM org.ros.time.RemoteUptimeClock update
INFO: Latency: 7,0000 s, Delta ratio: 1,0000, Drift: 1,000, Error reduction coefficient: 0,000, Error: 0,0000 s
abr 04, 2013 12:33:03 PM org.ros.time.RemoteUptimeClock update
INFO: Latency: 7,0000 s, Delta ratio: 1,0000, Drift: 1,000, Error reduction coefficient: 0,000, Error: 0,0000 s
abr 04, 2013 12:33:03 PM org.ros.time.RemoteUptimeClock update
INFO: Latency: 7,0000 s, Delta ratio: 1,0000, Drift: 1,000, Error reduction coefficient: 0,000, Error: 0,0000 s
abr 04, 2013 12:33:03 PM org.ros.time.RemoteUptimeClock update
INFO: Latency: 7,0000 s, Delta ratio: 1,0000, Drift: 1,000, Error reduction coefficient: 0,000, Error: 0,0000 s
abr 04, 2013 12:33:03 PM org.ros.time.RemoteUptimeClock update
INFO: Latency: 7,0000 s, Delta ratio: 1,0000, Drift: 1,000, Error reduction coefficient: 0,000, Error: 0,0000 s
abr 04, 2013 12:33:03 PM org.ros.time.RemoteUptimeClock update
INFO: Latency: 7,0000 s, Delta ratio: 1,0000, Drift: 1,000, Error reduction coefficient: 0,000, Error: 0,0000 s
abr 04, 2013 12:33:03 PM org.ros.time.RemoteUptimeClock update
INFO: Latency: 7,0000 s, Delta ratio: 1,0000, Drift: 1,000, Error reduction coefficient: 0,000, Error: 0,0000 s
abr 04, 2013 12:33:03 PM org.ros.time.RemoteUptimeClock update
INFO: Latency: 7,0000 s, Delta ratio: 1,0000, Drift: 1,000, Error reduction coefficient: 0,000, Error: 0,0000 s
abr 04, 2013 12:33:03 PM org.ros.time.RemoteUptimeClock update
INFO: Latency: 7,0000 s, Delta ratio: 1,0000, Drift: 1,000, Error reduction coefficient: 0,000, Error: 0,0000 s
abr 04, 2013 12:33:03 PM org.ros.time.RemoteUptimeClock update
INFO: Latency: 7,0000 s, Delta ratio: 1,0000, Drift: 1,000, Error reduction coefficient: 0,000, Error: 0,0000 s
abr 04, 2013 12:33:03 PM org.ros.time.RemoteUptimeClock update
INFO: Latency: 7,0000 s, Delta ratio: 1,0000, Drift: 1,000, Error reduction coefficient: 0,000, Error: 0,0000 s
abr 04, 2013 12:33:03 PM org.ros.time.RemoteUptimeClock update
INFO: Latency: 7,0000 s, Delta ratio: 1,0000, Drift: 1,000, Error reduction coefficient: 0,000, Error: 0,0000 s
abr 04, 2013 12:33:03 PM org.ros.time.RemoteUptimeClock update
INFO: Latency: 7,0000 s, Delta ratio: 1,0000, Drift: 1,000, Error reduction coefficient: 0,000, Error: 0,0000 s
abr 04, 2013 12:33:03 PM org.ros.time.RemoteUptimeClock update
INFO: Latency: 7,0000 s, Delta ratio: 1,0000, Drift: 1,000, Error reduction coefficient: 0,000, Error: 0,0000 s
abr 04, 2013 12:33:03 PM org.ros.time.RemoteUptimeClock update
INFO: Latency: 7,0000 s, Delta ratio: 1,0000, Drift: 1,000, Error reduction coefficient: 0,000, Error: 0,0000 s
abr 04, 2013 12:33:03 PM org.ros.time.RemoteUptimeClock update
INFO: Latency: 7,0000 s, Delta ratio: 1,0000, Drift: 1,000, Error reduction coefficient: 0,000, Error: 0,0000 s
abr 04, 2013 12:33:03 PM org.ros.time.RemoteUptimeClock update
INFO: Latency: 7,0000 s, Delta ratio: 1,0000, Drift: 1,000, Error reduction coefficient: 0,000, Error: 0,0000 s
abr 04, 2013 12:33:03 PM org.ros.time.RemoteUptimeClock update
INFO: Latency: 7,0000 s, Delta ratio: 1,0000, Drift: 1,000, Error reduction coefficient: 0,000, Error: 0,0000 s
abr 04, 2013 12:33:03 PM org.ros.time.RemoteUptimeClock update
INFO: Latency: 7,0000 s, Delta ratio: 1,0000, Drift: 1,000, Error reduction coefficient: 0,000, Error: 0,0000 s
abr 04, 2013 12:33:03 PM org.ros.time.RemoteUptimeClock update
INFO: Latency: 7,0000 s, Delta ratio: 1,0000, Drift: 1,000, Error reduction coefficient: 0,000, Error: 0,0000 s
abr 04, 2013 12:33:03 PM org.ros.time.RemoteUptimeClock update
INFO: Latency: 7,0000 s, Delta ratio: 1,0000, Drift: 1,000, Error reduction coefficient: 0,000, Error: 0,0000 s
abr 04, 2013 12:33:03 PM org.ros.time.RemoteUptimeClock update
INFO: Latency: 7,0000 s, Delta ratio: 1,0000, Drift: 1,000, Error reduction coefficient: 0,000, Error: 0,0000 s
abr 04, 2013 12:33:03 PM org.ros.time.RemoteUptimeClock update
INFO: Latency: 7,0000 s, Delta ratio: 1,0000, Drift: 1,000, Error reduction coefficient: 0,000, Error: 0,0000 s
abr 04, 2013 12:33:03 PM org.ros.time.RemoteUptimeClock update
INFO: Latency: 7,0000 s, Delta ratio: 1,0000, Drift: 1,000, Error reduction coefficient: 0,000, Error: 0,0000 s
abr 04, 2013 12:33:03 PM org.ros.time.RemoteUptimeClock update
INFO: Latency: 7,0000 s, Delta ratio: 1,0000, Drift: 1,000, Error reduction coefficient: 0,000, Error: 0,0000 s
abr 04, 2013 12:33:03 PM org.ros.time.RemoteUptimeClock update
INFO: Latency: 7,0000 s, Delta ratio: 1,0000, Drift: 1,000, Error reduction coefficient: 0,000, Error: 0,0000 s
abr 04, 2013 12:33:03 PM org.ros.time.RemoteUptimeClock update
INFO: Latency: 7,0000 s, Delta ratio: 1,0000, Drift: 1,000, Error reduction coefficient: 0,000, Error: 0,0000 s
abr 04, 2013 12:33:03 PM org.ros.time.RemoteUptimeClock update
INFO: Latency: 7,0000 s, Delta ratio: 1,0000, Drift: 1,000, Error reduction coefficient: 0,000, Error: 0,0000 s
abr 04, 2013 12:33:03 PM org.ros.time.RemoteUptimeClock update
INFO: Latency: 7,0000 s, Delta ratio: 1,0000, Drift: 1,000, Error reduction coefficient: 0,000, Error: 0,0000 s
abr 04, 2013 12:33:03 PM org.ros.time.RemoteUptimeClock update
INFO: Latency: 7,0000 s, Delta ratio: 1,0000, Drift: 1,000, Error reduction coefficient: 0,000, Error: 0,0000 s
abr 04, 2013 12:33:03 PM org.ros.time.RemoteUptimeClock update
INFO: Latency: 7,0000 s, Delta ratio: 1,0000, Drift: 1,000, Error reduction coefficient: 0,000, Error: 0,0000 s
abr 04, 2013 12:33:03 PM org.ros.time.RemoteUptimeClock update
INFO: Latency: 7,0000 s, Delta ratio: 1,0000, Drift: 1,000, Error reduction coefficient: 0,000, Error: 0,0000 s
abr 04, 2013 12:33:03 PM org.ros.time.RemoteUptimeClock update
INFO: Latency: 7,0000 s, Delta ratio: 1,0000, Drift: 1,000, Error reduction coefficient: 0,000, Error: 0,0000 s
abr 04, 2013 12:33:03 PM org.ros.time.RemoteUptimeClock update
INFO: Latency: 7,0000 s, Delta ratio: 1,0000, Drift: 1,000, Error reduction coefficient: 0,000, Error: 0,0000 s
abr 04, 2013 12:33:03 PM org.ros.time.RemoteUptimeClock update
INFO: Latency: 7,0000 s, Delta ratio: 1,0000, Drift: 1,000, Error reduction coefficient: 0,000, Error: 0,0000 s
abr 04, 2013 12:33:03 PM org.ros.time.RemoteUptimeClock update
INFO: Latency: 7,0000 s, Delta ratio: 1,0000, Drift: 1,000, Error reduction coefficient: 0,000, Error: 0,0000 s
abr 04, 2013 12:33:03 PM org.ros.time.RemoteUptimeClock update
INFO: Latency: 7,0000 s, Delta ratio: 1,0000, Drift: 1,000, Error reduction coefficient: 0,000, Error: 0,0000 s
abr 04, 2013 12:33:03 PM org.ros.time.RemoteUptimeClock update
INFO: Latency: 7,0000 s, Delta ratio: 1,0000, Drift: 1,000, Error reduction coefficient: 0,000, Error: 0,0000 s
abr 04, 2013 12:33:03 PM org.ros.time.RemoteUptimeClock update
INFO: Latency: 7,0000 s, Delta ratio: 1,0000, Drift: 1,000, Error reduction coefficient: 0,000, Error: 0,0000 s
abr 04, 2013 12:33:03 PM org.ros.time.RemoteUptimeClock update
INFO: Latency: 7,0000 s, Delta ratio: 1,0000, Drift: 1,000, Error reduction coefficient: 0,000, Error: 0,0000 s
abr 04, 2013 12:33:03 PM org.ros.time.RemoteUptimeClock update
INFO: Latency: 7,0000 s, Delta ratio: 1,0000, Drift: 1,000, Error reduction coefficient: 0,000, Error: 0,0000 s
abr 04, 2013 12:33:03 PM org.ros.time.RemoteUptimeClock update
INFO: Latency: 7,0000 s, Delta ratio: 1,0000, Drift: 1,000, Error reduction coefficient: 0,000, Error: 0,0000 s
abr 04, 2013 12:33:03 PM org.ros.time.RemoteUptimeClock update
INFO: Latency: 7,0000 s, Delta ratio: 1,0000, Drift: 1,000, Error reduction coefficient: 0,000, Error: 0,0000 s
abr 04, 2013 12:33:03 PM org.ros.time.RemoteUptimeClock update
INFO: Latency: 7,0000 s, Delta ratio: 1,0000, Drift: 1,000, Error reduction coefficient: 0,000, Error: 0,0000 s
abr 04, 2013 12:33:03 PM org.ros.time.RemoteUptimeClock update
INFO: Latency: 7,0000 s, Delta ratio: 1,0000, Drift: 1,000, Error reduction coefficient: 0,000, Error: 0,0000 s
abr 04, 2013 12:33:03 PM org.ros.time.RemoteUptimeClock update
INFO: Latency: 7,0000 s, Delta ratio: 1,0000, Drift: 1,000, Error reduction coefficient: 0,000, Error: 0,0000 s
abr 04, 2013 12:33:03 PM org.ros.time.RemoteUptimeClock update
INFO: Latency: 7,0000 s, Delta ratio: 1,0000, Drift: 1,000, Error reduction coefficient: 0,000, Error: 0,0000 s
abr 04, 2013 12:33:03 PM org.ros.time.RemoteUptimeClock update
INFO: Latency: 7,0000 s, Delta ratio: 1,0000, Drift: 1,000, Error reduction coefficient: 0,000, Error: 0,0000 s
abr 04, 2013 12:33:03 PM org.ros.time.RemoteUptimeClock update
INFO: Latency: 7,0000 s, Delta ratio: 1,0000, Drift: 1,000, Error reduction coefficient: 0,000, Error: 0,0000 s
abr 04, 2013 12:33:03 PM org.ros.time.RemoteUptimeClock update
INFO: Latency: 7,0000 s, Delta ratio: 1,0000, Drift: 1,000, Error reduction coefficient: 0,000, Error: 0,0000 s
abr 04, 2013 12:33:03 PM org.ros.time.RemoteUptimeClock update
INFO: Latency: 7,0000 s, Delta ratio: 1,0000, Drift: 1,000, Error reduction coefficient: 0,000, Error: 0,0000 s
abr 04, 2013 12:33:03 PM org.ros.time.RemoteUptimeClock update
INFO: Latency: 7,0000 s, Delta ratio: 1,0000, Drift: 1,000, Error reduction coefficient: 0,000, Error: 0,0000 s
abr 04, 2013 12:33:03 PM org.ros.time.RemoteUptimeClock update
INFO: Latency: 7,0000 s, Delta ratio: 1,0000, Drift: 1,000, Error reduction coefficient: 0,000, Error: 0,0000 s
abr 04, 2013 12:33:03 PM org.ros.time.RemoteUptimeClock update
INFO: Latency: 7,0000 s, Delta ratio: 1,0000, Drift: 1,000, Error reduction coefficient: 0,000, Error: 0,0000 s
abr 04, 2013 12:33:03 PM org.ros.time.RemoteUptimeClock update
INFO: Latency: 7,0000 s, Delta ratio: 1,0000, Drift: 1,000, Error reduction coefficient: 0,000, Error: 0,0000 s
abr 04, 2013 12:33:03 PM org.ros.time.RemoteUptimeClock update
INFO: Latency: 7,0000 s, Delta ratio: 1,0000, Drift: 1,000, Error reduction coefficient: 0,000, Error: 0,0000 s
abr 04, 2013 12:33:03 PM org.ros.time.RemoteUptimeClock update
INFO: Latency: 7,0000 s, Delta ratio: 1,0000, Drift: 1,000, Error reduction coefficient: 0,000, Error: 0,0000 s
abr 04, 2013 12:33:03 PM org.ros.time.RemoteUptimeClock update
INFO: Latency: 7,0000 s, Delta ratio: 1,0000, Drift: 1,000, Error reduction coefficient: 0,000, Error: 0,0000 s
abr 04, 2013 12:33:03 PM org.ros.time.RemoteUptimeClock update
INFO: Latency: 7,0000 s, Delta ratio: 1,0000, Drift: 1,000, Error reduction coefficient: 0,000, Error: 0,0000 s
abr 04, 2013 12:33:03 PM org.ros.time.RemoteUptimeClock update
INFO: Latency: 7,0000 s, Delta ratio: 1,0000, Drift: 1,000, Error reduction coefficient: 0,000, Error: 0,0000 s
abr 04, 2013 12:33:03 PM org.ros.time.RemoteUptimeClock update
INFO: Latency: 7,0000 s, Delta ratio: 1,0000, Drift: 1,000, Error reduction coefficient: 0,000, Error: 0,0000 s
abr 04, 2013 12:33:03 PM org.ros.time.RemoteUptimeClock update
INFO: Latency: 7,0000 s, Delta ratio: 1,0000, Drift: 1,000, Error reduction coefficient: 0,000, Error: 0,0000 s
abr 04, 2013 12:33:03 PM org.ros.time.RemoteUptimeClock update
INFO: Latency: 7,0000 s, Delta ratio: 1,0000, Drift: 1,000, Error reduction coefficient: 0,000, Error: 0,0000 s
abr 04, 2013 12:33:03 PM org.ros.time.RemoteUptimeClock update
INFO: Latency: 7,0000 s, Delta ratio: 1,0000, Drift: 1,000, Error reduction coefficient: 0,000, Error: 0,0000 s
abr 04, 2013 12:33:03 PM org.ros.time.RemoteUptimeClock update
INFO: Latency: 7,0000 s, Delta ratio: 1,0000, Drift: 1,000, Error reduction coefficient: 0,000, Error: 0,0000 s
abr 04, 2013 12:33:03 PM org.ros.time.RemoteUptimeClock update
INFO: Latency: 7,0000 s, Delta ratio: 1,0000, Drift: 1,000, Error reduction coefficient: 0,000, Error: 0,0000 s
abr 04, 2013 12:33:03 PM org.ros.time.RemoteUptimeClock update
INFO: Latency: 7,0000 s, Delta ratio: 1,0000, Drift: 1,000, Error reduction coefficient: 0,000, Error: 0,0000 s
abr 04, 2013 12:33:03 PM org.ros.time.RemoteUptimeClock update
INFO: Latency: 7,0000 s, Delta ratio: 1,0000, Drift: 1,000, Error reduction coefficient: 0,000, Error: 0,0000 s
abr 04, 2013 12:33:03 PM org.ros.time.RemoteUptimeClock update
INFO: Latency: 7,0000 s, Delta ratio: 1,0000, Drift: 1,000, Error reduction coefficient: 0,000, Error: 0,0000 s
abr 04, 2013 12:33:03 PM org.ros.time.RemoteUptimeClock update
INFO: Latency: 7,0000 s, Delta ratio: 1,0000, Drift: 1,000, Error reduction coefficient: 0,000, Error: 0,0000 s
abr 04, 2013 12:33:03 PM org.ros.time.RemoteUptimeClock update
INFO: Latency: 7,0000 s, Delta ratio: 1,0000, Drift: 1,000, Error reduction coefficient: 0,000, Error: 0,0000 s
abr 04, 2013 12:33:03 PM org.ros.time.RemoteUptimeClock update
INFO: Latency: 7,0000 s, Delta ratio: 1,0000, Drift: 1,000, Error reduction coefficient: 0,000, Error: 0,0000 s
abr 04, 2013 12:33:03 PM org.ros.time.RemoteUptimeClock update
INFO: Latency: 7,0000 s, Delta ratio: 1,0000, Drift: 1,000, Error reduction coefficient: 0,000, Error: 0,0000 s
abr 04, 2013 12:33:03 PM org.ros.time.RemoteUptimeClock update
INFO: Latency: 7,0000 s, Delta ratio: 1,0000, Drift: 1,000, Error reduction coefficient: 0,000, Error: 0,0000 s
abr 04, 2013 12:33:03 PM org.ros.time.RemoteUptimeClock update
INFO: Latency: 7,0000 s, Delta ratio: 1,0000, Drift: 1,000, Error reduction coefficient: 0,000, Error: 0,0000 s
abr 04, 2013 12:33:03 PM org.ros.time.RemoteUptimeClock update
INFO: Latency: 7,0000 s, Delta ratio: 1,0000, Drift: 1,000, Error reduction coefficient: 0,000, Error: 0,0000 s
abr 04, 2013 12:33:03 PM org.ros.time.RemoteUptimeClock update
INFO: Latency: 7,0000 s, Delta ratio: 1,0000, Drift: 1,000, Error reduction coefficient: 0,000, Error: 0,0000 s
abr 04, 2013 12:33:03 PM org.ros.time.RemoteUptimeClock update
INFO: Latency: 7,0000 s, Delta ratio: 1,0000, Drift: 1,000, Error reduction coefficient: 0,000, Error: 0,0000 s
abr 04, 2013 12:33:03 PM org.ros.time.RemoteUptimeClock update
INFO: Latency: 7,0000 s, Delta ratio: 1,0000, Drift: 1,000, Error reduction coefficient: 0,000, Error: 0,0000 s
abr 04, 2013 12:33:03 PM org.ros.time.RemoteUptimeClock update
INFO: Latency: 7,0000 s, Delta ratio: 1,0000, Drift: 1,000, Error reduction coefficient: 0,000, Error: 0,0000 s
abr 04, 2013 12:33:03 PM org.ros.time.RemoteUptimeClock update
INFO: Latency: 7,0000 s, Delta ratio: 1,0000, Drift: 1,000, Error reduction coefficient: 0,000, Error: 0,0000 s
abr 04, 2013 12:33:03 PM org.ros.time.RemoteUptimeClock update
INFO: Latency: 7,0000 s, Delta ratio: 1,0000, Drift: 1,000, Error reduction coefficient: 0,000, Error: 0,0000 s
abr 04, 2013 12:33:03 PM org.ros.time.RemoteUptimeClock update
INFO: Latency: 7,0000 s, Delta ratio: 1,0000, Drift: 1,000, Error reduction coefficient: 0,000, Error: 0,0000 s
abr 04, 2013 12:33:03 PM org.ros.time.RemoteUptimeClock update
INFO: Latency: 7,0000 s, Delta ratio: 1,0000, Drift: 1,000, Error reduction coefficient: 0,000, Error: 0,0000 s
abr 04, 2013 12:33:03 PM org.ros.time.RemoteUptimeClock update
INFO: Latency: 7,0000 s, Delta ratio: 1,0000, Drift: 1,000, Error reduction coefficient: 0,000, Error: 0,0000 s
abr 04, 2013 12:33:03 PM org.ros.time.RemoteUptimeClock update
INFO: Latency: 7,0000 s, Delta ratio: 1,0000, Drift: 1,000, Error reduction coefficient: 0,000, Error: 0,0000 s
abr 04, 2013 12:33:03 PM org.ros.time.RemoteUptimeClock update
INFO: Latency: 7,0000 s, Delta ratio: 1,0000, Drift: 1,000, Error reduction coefficient: 0,000, Error: 0,0000 s
abr 04, 2013 12:33:03 PM org.ros.time.RemoteUptimeClock update
INFO: Latency: 7,0000 s, Delta ratio: 1,0000, Drift: 1,000, Error reduction coefficient: 0,000, Error: 0,0000 s
abr 04, 2013 12:33:03 PM org.ros.time.RemoteUptimeClock update
INFO: Latency: 7,0000 s, Delta ratio: 1,0000, Drift: 1,000, Error reduction coefficient: 0,000, Error: 0,0000 s
abr 04, 2013 12:33:03 PM org.ros.time.RemoteUptimeClock update
INFO: Latency: 7,0000 s, Delta ratio: 1,0000, Drift: 1,000, Error reduction coefficient: 0,000, Error: 0,0000 s
abr 04, 2013 12:33:03 PM org.ros.time.RemoteUptimeClock update
INFO: Latency: 7,0000 s, Delta ratio: 1,0000, Drift: 1,000, Error reduction coefficient: 0,000, Error: 0,0000 s
abr 04, 2013 12:33:03 PM org.ros.time.RemoteUptimeClock update
INFO: Latency: 7,0000 s, Delta ratio: 1,0000, Drift: 1,000, Error reduction coefficient: 0,000, Error: 0,0000 s
abr 04, 2013 12:33:03 PM org.ros.time.RemoteUptimeClock update
INFO: Latency: 7,0000 s, Delta ratio: 1,0000, Drift: 1,000, Error reduction coefficient: 0,000, Error: 0,0000 s
abr 04, 2013 12:33:03 PM org.ros.time.RemoteUptimeClock update
INFO: Latency: 7,0000 s, Delta ratio: 1,0000, Drift: 1,000, Error reduction coefficient: 0,000, Error: 0,0000 s
abr 04, 2013 12:33:03 PM org.ros.time.RemoteUptimeClock update
INFO: Latency: 7,0000 s, Delta ratio: 1,0000, Drift: 1,000, Error reduction coefficient: 0,000, Error: 0,0000 s
abr 04, 2013 12:33:03 PM org.ros.time.RemoteUptimeClock update
INFO: Latency: 7,0000 s, Delta ratio: 1,0000, Drift: 1,000, Error reduction coefficient: 0,000, Error: 0,0000 s
abr 04, 2013 12:33:03 PM org.ros.time.RemoteUptimeClock update
INFO: Latency: 7,0000 s, Delta ratio: 1,0000, Drift: 1,000, Error reduction coefficient: 0,000, Error: 0,0000 s
abr 04, 2013 12:33:03 PM org.ros.time.RemoteUptimeClock update
INFO: Latency: 7,0000 s, Delta ratio: 1,0000, Drift: 1,000, Error reduction coefficient: 0,000, Error: 0,0000 s
abr 04, 2013 12:33:03 PM org.ros.time.RemoteUptimeClock update
INFO: Latency: 7,0000 s, Delta ratio: 1,0000, Drift: 1,000, Error reduction coefficient: 0,000, Error: 0,0000 s
abr 04, 2013 12:33:03 PM org.ros.time.RemoteUptimeClock update
INFO: Latency: 7,0000 s, Delta ratio: 1,0000, Drift: 1,000, Error reduction coefficient: 0,000, Error: 0,0000 s
abr 04, 2013 12:33:03 PM org.ros.time.RemoteUptimeClock update
INFO: Latency: 7,0000 s, Delta ratio: 1,0000, Drift: 1,000, Error reduction coefficient: 0,000, Error: 0,0000 s
abr 04, 2013 12:33:03 PM org.ros.time.RemoteUptimeClock update
INFO: Latency: 7,0000 s, Delta ratio: 1,0000, Drift: 1,000, Error reduction coefficient: 0,000, Error: 0,0000 s
abr 04, 2013 12:33:03 PM org.ros.time.RemoteUptimeClock update
INFO: Latency: 7,0000 s, Delta ratio: 1,0000, Drift: 1,000, Error reduction coefficient: 0,000, Error: 0,0000 s
abr 04, 2013 12:33:03 PM org.ros.time.RemoteUptimeClock update
INFO: Latency: 7,0000 s, Delta ratio: 1,0000, Drift: 1,000, Error reduction coefficient: 0,000, Error: 0,0000 s
abr 04, 2013 12:33:03 PM org.ros.time.RemoteUptimeClock update
INFO: Latency: 7,0000 s, Delta ratio: 1,0000, Drift: 1,000, Error reduction coefficient: 0,000, Error: 0,0000 s
abr 04, 2013 12:33:03 PM org.ros.time.RemoteUptimeClock update
INFO: Latency: 7,0000 s, Delta ratio: 1,0000, Drift: 1,000, Error reduction coefficient: 0,000, Error: 0,0000 s
abr 04, 2013 12:33:03 PM org.ros.time.RemoteUptimeClock update
INFO: Latency: 7,0000 s, Delta ratio: 1,0000, Drift: 1,000, Error reduction coefficient: 0,000, Error: 0,0000 s
abr 04, 2013 12:33:03 PM org.ros.time.RemoteUptimeClock update
INFO: Latency: 7,0000 s, Delta ratio: 1,0000, Drift: 1,000, Error reduction coefficient: 0,000, Error: 0,0000 s
abr 04, 2013 12:33:03 PM org.ros.time.RemoteUptimeClock update
INFO: Latency: 7,0000 s, Delta ratio: 1,0000, Drift: 1,000, Error reduction coefficient: 0,000, Error: 0,0000 s
abr 04, 2013 12:33:03 PM org.ros.time.RemoteUptimeClock update
INFO: Latency: 7,0000 s, Delta ratio: 1,0000, Drift: 1,000, Error reduction coefficient: 0,000, Error: 0,0000 s
abr 04, 2013 12:33:03 PM org.ros.time.RemoteUptimeClock update
INFO: Latency: 7,0000 s, Delta ratio: 1,0000, Drift: 1,000, Error reduction coefficient: 0,000, Error: 0,0000 s
abr 04, 2013 12:33:03 PM org.ros.time.RemoteUptimeClock update
INFO: Latency: 7,0000 s, Delta ratio: 1,0000, Drift: 1,000, Error reduction coefficient: 0,000, Error: 0,0000 s
abr 04, 2013 12:33:03 PM org.ros.time.RemoteUptimeClock update
INFO: Latency: 7,0000 s, Delta ratio: 1,0000, Drift: 1,000, Error reduction coefficient: 0,000, Error: 0,0000 s
abr 04, 2013 12:33:03 PM org.ros.time.RemoteUptimeClock update
INFO: Latency: 7,0000 s, Delta ratio: 1,0000, Drift: 1,000, Error reduction coefficient: 0,000, Error: 0,0000 s
abr 04, 2013 12:33:03 PM org.ros.time.RemoteUptimeClock update
INFO: Latency: 7,0000 s, Delta ratio: 1,0000, Drift: 1,000, Error reduction coefficient: 0,000, Error: 0,0000 s
abr 04, 2013 12:33:03 PM org.ros.time.RemoteUptimeClock update
INFO: Latency: 7,0000 s, Delta ratio: 1,0000, Drift: 1,000, Error reduction coefficient: 0,000, Error: 0,0000 s
abr 04, 2013 12:33:03 PM org.ros.time.RemoteUptimeClock update
INFO: Latency: 7,0000 s, Delta ratio: 1,0000, Drift: 1,000, Error reduction coefficient: 0,000, Error: 0,0000 s
abr 04, 2013 12:33:03 PM org.ros.time.RemoteUptimeClock update
INFO: Latency: 7,0000 s, Delta ratio: 1,0000, Drift: 1,000, Error reduction coefficient: 0,000, Error: 0,0000 s
abr 04, 2013 12:33:03 PM org.ros.time.RemoteUptimeClock update
INFO: Latency: 7,0000 s, Delta ratio: 1,0000, Drift: 1,000, Error reduction coefficient: 0,000, Error: 0,0000 s
abr 04, 2013 12:33:03 PM org.ros.time.RemoteUptimeClock update
INFO: Latency: 7,0000 s, Delta ratio: 1,0000, Drift: 1,000, Error reduction coefficient: 0,000, Error: 0,0000 s
abr 04, 2013 12:33:03 PM org.ros.time.RemoteUptimeClock update
INFO: Latency: 7,0000 s, Delta ratio: 1,0000, Drift: 1,000, Error reduction coefficient: 0,000, Error: 0,0000 s
abr 04, 2013 12:33:03 PM org.ros.time.RemoteUptimeClock update
INFO: Latency: 7,0000 s, Delta ratio: 1,0000, Drift: 1,000, Error reduction coefficient: 0,000, Error: 0,0000 s
abr 04, 2013 12:33:03 PM org.ros.time.RemoteUptimeClock update
INFO: Latency: 7,0000 s, Delta ratio: 1,0000, Drift: 1,000, Error reduction coefficient: 0,000, Error: 0,0000 s
abr 04, 2013 12:33:03 PM org.ros.time.RemoteUptimeClock update
INFO: Latency: 7,0000 s, Delta ratio: 1,0000, Drift: 1,000, Error reduction coefficient: 0,000, Error: 0,0000 s
abr 04, 2013 12:33:03 PM org.ros.time.RemoteUptimeClock update
INFO: Latency: 7,0000 s, Delta ratio: 1,0000, Drift: 1,000, Error reduction coefficient: 0,000, Error: 0,0000 s
abr 04, 2013 12:33:03 PM org.ros.time.RemoteUptimeClock update
INFO: Latency: 7,0000 s, Delta ratio: 1,0000, Drift: 1,000, Error reduction coefficient: 0,000, Error: 0,0000 s
abr 04, 2013 12:33:03 PM org.ros.time.RemoteUptimeClock update
INFO: Latency: 7,0000 s, Delta ratio: 1,0000, Drift: 1,000, Error reduction coefficient: 0,000, Error: 0,0000 s
abr 04, 2013 12:33:03 PM org.ros.time.RemoteUptimeClock update
INFO: Latency: 7,0000 s, Delta ratio: 1,0000, Drift: 1,000, Error reduction coefficient: 0,000, Error: 0,0000 s
abr 04, 2013 12:33:03 PM org.ros.time.RemoteUptimeClock update
INFO: Latency: 7,0000 s, Delta ratio: 1,0000, Drift: 1,000, Error reduction coefficient: 0,000, Error: 0,0000 s
abr 04, 2013 12:33:03 PM org.ros.time.RemoteUptimeClock update
INFO: Latency: 7,0000 s, Delta ratio: 1,0000, Drift: 1,000, Error reduction coefficient: 0,000, Error: 0,0000 s
abr 04, 2013 12:33:03 PM org.ros.time.RemoteUptimeClock update
INFO: Latency: 7,0000 s, Delta ratio: 1,0000, Drift: 1,000, Error reduction coefficient: 0,000, Error: 0,0000 s
abr 04, 2013 12:33:03 PM org.ros.time.RemoteUptimeClock update
INFO: Latency: 7,0000 s, Delta ratio: 1,0000, Drift: 1,000, Error reduction coefficient: 0,000, Error: 0,0000 s
abr 04, 2013 12:33:03 PM org.ros.time.RemoteUptimeClock update
INFO: Latency: 7,0000 s, Delta ratio: 1,0000, Drift: 1,000, Error reduction coefficient: 0,000, Error: 0,0000 s
abr 04, 2013 12:33:03 PM org.ros.time.RemoteUptimeClock update
INFO: Latency: 7,0000 s, Delta ratio: 1,0000, Drift: 1,000, Error reduction coefficient: 0,000, Error: 0,0000 s
abr 04, 2013 12:33:03 PM org.ros.time.RemoteUptimeClock update
INFO: Latency: 7,0000 s, Delta ratio: 1,0000, Drift: 1,000, Error reduction coefficient: 0,000, Error: 0,0000 s
abr 04, 2013 12:33:03 PM org.ros.time.RemoteUptimeClock update
INFO: Latency: 7,0000 s, Delta ratio: 1,0000, Drift: 1,000, Error reduction coefficient: 0,000, Error: 0,0000 s
abr 04, 2013 12:33:03 PM org.ros.time.RemoteUptimeClock update
INFO: Latency: 7,0000 s, Delta ratio: 1,0000, Drift: 1,000, Error reduction coefficient: 0,000, Error: 0,0000 s
abr 04, 2013 12:33:03 PM org.ros.time.RemoteUptimeClock update
INFO: Latency: 7,0000 s, Delta ratio: 1,0000, Drift: 1,000, Error reduction coefficient: 0,000, Error: 0,0000 s
abr 04, 2013 12:33:03 PM org.ros.time.RemoteUptimeClock update
INFO: Latency: 7,0000 s, Delta ratio: 1,0000, Drift: 1,000, Error reduction coefficient: 0,000, Error: 0,0000 s
abr 04, 2013 12:33:03 PM org.ros.time.RemoteUptimeClock update
INFO: Latency: 7,0000 s, Delta ratio: 1,0000, Drift: 1,000, Error reduction coefficient: 0,000, Error: 0,0000 s
abr 04, 2013 12:33:03 PM org.ros.time.RemoteUptimeClock update
INFO: Latency: 7,0000 s, Delta ratio: 1,0000, Drift: 1,000, Error reduction coefficient: 0,000, Error: 0,0000 s
abr 04, 2013 12:33:03 PM org.ros.time.RemoteUptimeClock update
INFO: Latency: 7,0000 s, Delta ratio: 1,0000, Drift: 1,000, Error reduction coefficient: 0,000, Error: 0,0000 s
abr 04, 2013 12:33:03 PM org.ros.time.RemoteUptimeClock update
INFO: Latency: 7,0000 s, Delta ratio: 1,0000, Drift: 1,000, Error reduction coefficient: 0,000, Error: 0,0000 s
abr 04, 2013 12:33:03 PM org.ros.time.RemoteUptimeClock update
INFO: Latency: 7,0000 s, Delta ratio: 1,0000, Drift: 1,000, Error reduction coefficient: 0,000, Error: 0,0000 s
abr 04, 2013 12:33:03 PM org.ros.time.RemoteUptimeClock update
INFO: Latency: 7,0000 s, Delta ratio: 1,0000, Drift: 1,000, Error reduction coefficient: 0,000, Error: 0,0000 s
abr 04, 2013 12:33:03 PM org.ros.time.RemoteUptimeClock update
INFO: Latency: 7,0000 s, Delta ratio: 1,0000, Drift: 1,000, Error reduction coefficient: 0,000, Error: 0,0000 s
abr 04, 2013 12:33:03 PM org.ros.time.RemoteUptimeClock update
INFO: Latency: 7,0000 s, Delta ratio: 1,0000, Drift: 1,000, Error reduction coefficient: 0,000, Error: 0,0000 s
abr 04, 2013 12:33:03 PM org.ros.time.RemoteUptimeClock update
INFO: Latency: 7,0000 s, Delta ratio: 1,0000, Drift: 1,000, Error reduction coefficient: 0,000, Error: 0,0000 s
abr 04, 2013 12:33:03 PM org.ros.time.RemoteUptimeClock update
INFO: Latency: 7,0000 s, Delta ratio: 1,0000, Drift: 1,000, Error reduction coefficient: 0,000, Error: 0,0000 s
abr 04, 2013 12:33:03 PM org.ros.time.RemoteUptimeClock update
INFO: Latency: 7,0000 s, Delta ratio: 1,0000, Drift: 1,000, Error reduction coefficient: 0,000, Error: 0,0000 s
abr 04, 2013 12:33:03 PM org.ros.time.RemoteUptimeClock update
INFO: Latency: 7,0000 s, Delta ratio: 1,0000, Drift: 1,000, Error reduction coefficient: 0,000, Error: 0,0000 s
abr 04, 2013 12:33:03 PM org.ros.time.RemoteUptimeClock update
INFO: Latency: 7,0000 s, Delta ratio: 1,0000, Drift: 1,000, Error reduction coefficient: 0,000, Error: 0,0000 s
abr 04, 2013 12:33:03 PM org.ros.time.RemoteUptimeClock update
INFO: Latency: 7,0000 s, Delta ratio: 1,0000, Drift: 1,000, Error reduction coefficient: 0,000, Error: 0,0000 s
abr 04, 2013 12:33:04 PM org.ros.time.RemoteUptimeClock update
INFO: Latency: 7,0000 s, Delta ratio: 1,0000, Drift: 1,000, Error reduction coefficient: 0,000, Error: 0,0000 s
abr 04, 2013 12:33:04 PM org.ros.time.RemoteUptimeClock update
INFO: Latency: 7,0000 s, Delta ratio: 1,0000, Drift: 1,000, Error reduction coefficient: 0,000, Error: 0,0000 s
abr 04, 2013 12:33:04 PM org.ros.time.RemoteUptimeClock update
INFO: Latency: 7,0000 s, Delta ratio: 1,0000, Drift: 1,000, Error reduction coefficient: 0,000, Error: 0,0000 s
abr 04, 2013 12:33:04 PM org.ros.time.RemoteUptimeClock update
INFO: Latency: 7,0000 s, Delta ratio: 1,0000, Drift: 1,000, Error reduction coefficient: 0,000, Error: 0,0000 s
abr 04, 2013 12:33:04 PM org.ros.time.RemoteUptimeClock update
INFO: Latency: 7,0000 s, Delta ratio: 1,0000, Drift: 1,000, Error reduction coefficient: 0,000, Error: 0,0000 s
abr 04, 2013 12:33:04 PM org.ros.time.RemoteUptimeClock update
INFO: Latency: 7,0000 s, Delta ratio: 1,0000, Drift: 1,000, Error reduction coefficient: 0,000, Error: 0,0000 s
abr 04, 2013 12:33:04 PM org.ros.time.RemoteUptimeClock update
INFO: Latency: 7,0000 s, Delta ratio: 1,0000, Drift: 1,000, Error reduction coefficient: 0,000, Error: 0,0000 s
abr 04, 2013 12:33:04 PM org.ros.time.RemoteUptimeClock update
INFO: Latency: 7,0000 s, Delta ratio: 1,0000, Drift: 1,000, Error reduction coefficient: 0,000, Error: 0,0000 s
abr 04, 2013 12:33:04 PM org.ros.time.RemoteUptimeClock update
INFO: Latency: 7,0000 s, Delta ratio: 1,0000, Drift: 1,000, Error reduction coefficient: 0,000, Error: 0,0000 s
abr 04, 2013 12:33:04 PM org.ros.time.RemoteUptimeClock update
INFO: Latency: 7,0000 s, Delta ratio: 1,0000, Drift: 1,000, Error reduction coefficient: 0,000, Error: 0,0000 s
abr 04, 2013 12:33:04 PM org.ros.time.RemoteUptimeClock update
INFO: Latency: 7,0000 s, Delta ratio: 1,0000, Drift: 1,000, Error reduction coefficient: 0,000, Error: 0,0000 s
abr 04, 2013 12:33:04 PM org.ros.time.RemoteUptimeClock update
INFO: Latency: 7,0000 s, Delta ratio: 1,0000, Drift: 1,000, Error reduction coefficient: 0,000, Error: 0,0000 s
abr 04, 2013 12:33:04 PM org.ros.time.RemoteUptimeClock update
INFO: Latency: 7,0000 s, Delta ratio: 1,0000, Drift: 1,000, Error reduction coefficient: 0,000, Error: 0,0000 s
abr 04, 2013 12:33:04 PM org.ros.time.RemoteUptimeClock update
INFO: Latency: 7,0000 s, Delta ratio: 1,0000, Drift: 1,000, Error reduction coefficient: 0,000, Error: 0,0000 s
abr 04, 2013 12:33:04 PM org.ros.time.RemoteUptimeClock update
INFO: Latency: 7,0000 s, Delta ratio: 1,0000, Drift: 1,000, Error reduction coefficient: 0,000, Error: 0,0000 s
abr 04, 2013 12:33:04 PM org.ros.time.RemoteUptimeClock update
INFO: Latency: 7,0000 s, Delta ratio: 1,0000, Drift: 1,000, Error reduction coefficient: 0,000, Error: 0,0000 s
abr 04, 2013 12:33:04 PM org.ros.time.RemoteUptimeClock update
INFO: Latency: 7,0000 s, Delta ratio: 1,0000, Drift: 1,000, Error reduction coefficient: 0,000, Error: 0,0000 s
abr 04, 2013 12:33:04 PM org.ros.time.RemoteUptimeClock update
INFO: Latency: 7,0000 s, Delta ratio: 1,0000, Drift: 1,000, Error reduction coefficient: 0,000, Error: 0,0000 s
abr 04, 2013 12:33:04 PM org.ros.time.RemoteUptimeClock update
INFO: Latency: 7,0000 s, Delta ratio: 1,0000, Drift: 1,000, Error reduction coefficient: 0,000, Error: 0,0000 s
abr 04, 2013 12:33:04 PM org.ros.time.RemoteUptimeClock update
INFO: Latency: 7,0000 s, Delta ratio: 1,0000, Drift: 1,000, Error reduction coefficient: 0,000, Error: 0,0000 s
abr 04, 2013 12:33:04 PM org.ros.time.RemoteUptimeClock update
INFO: Latency: 7,0000 s, Delta ratio: 1,0000, Drift: 1,000, Error reduction coefficient: 0,000, Error: 0,0000 s
abr 04, 2013 12:33:04 PM org.ros.time.RemoteUptimeClock update
INFO: Latency: 7,0000 s, Delta ratio: 1,0000, Drift: 1,000, Error reduction coefficient: 0,000, Error: 0,0000 s
abr 04, 2013 12:33:04 PM org.ros.time.RemoteUptimeClock update
INFO: Latency: 7,0000 s, Delta ratio: 1,0000, Drift: 1,000, Error reduction coefficient: 0,000, Error: 0,0000 s
abr 04, 2013 12:33:04 PM org.ros.time.RemoteUptimeClock update
INFO: Latency: 7,0000 s, Delta ratio: 1,0000, Drift: 1,000, Error reduction coefficient: 0,000, Error: 0,0000 s
abr 04, 2013 12:33:04 PM org.ros.time.RemoteUptimeClock update
INFO: Latency: 7,0000 s, Delta ratio: 1,0000, Drift: 1,000, Error reduction coefficient: 0,000, Error: 0,0000 s
abr 04, 2013 12:33:04 PM org.ros.time.RemoteUptimeClock update
INFO: Latency: 7,0000 s, Delta ratio: 1,0000, Drift: 1,000, Error reduction coefficient: 0,000, Error: 0,0000 s
abr 04, 2013 12:33:04 PM org.ros.time.RemoteUptimeClock update
INFO: Latency: 7,0000 s, Delta ratio: 1,0000, Drift: 1,000, Error reduction coefficient: 0,000, Error: 0,0000 s
abr 04, 2013 12:33:04 PM org.ros.time.RemoteUptimeClock update
INFO: Latency: 7,0000 s, Delta ratio: 1,0000, Drift: 1,000, Error reduction coefficient: 0,000, Error: 0,0000 s
abr 04, 2013 12:33:04 PM org.ros.time.RemoteUptimeClock update
INFO: Latency: 7,0000 s, Delta ratio: 1,0000, Drift: 1,000, Error reduction coefficient: 0,000, Error: 0,0000 s
abr 04, 2013 12:33:04 PM org.ros.time.RemoteUptimeClock update
INFO: Latency: 7,0000 s, Delta ratio: 1,0000, Drift: 1,000, Error reduction coefficient: 0,000, Error: 0,0000 s
abr 04, 2013 12:33:04 PM org.ros.time.RemoteUptimeClock update
INFO: Latency: 7,0000 s, Delta ratio: 1,0000, Drift: 1,000, Error reduction coefficient: 0,000, Error: 0,0000 s
abr 04, 2013 12:33:04 PM org.ros.time.RemoteUptimeClock update
INFO: Latency: 7,0000 s, Delta ratio: 1,0000, Drift: 1,000, Error reduction coefficient: 0,000, Error: 0,0000 s
abr 04, 2013 12:33:04 PM org.ros.time.RemoteUptimeClock update
INFO: Latency: 7,0000 s, Delta ratio: 1,0000, Drift: 1,000, Error reduction coefficient: 0,000, Error: 0,0000 s
abr 04, 2013 12:33:04 PM org.ros.time.RemoteUptimeClock update
INFO: Latency: 7,0000 s, Delta ratio: 1,0000, Drift: 1,000, Error reduction coefficient: 0,000, Error: 0,0000 s
abr 04, 2013 12:33:04 PM org.ros.time.RemoteUptimeClock update
INFO: Latency: 7,0000 s, Delta ratio: 1,0000, Drift: 1,000, Error reduction coefficient: 0,000, Error: 0,0000 s
abr 04, 2013 12:33:04 PM org.ros.time.RemoteUptimeClock update
INFO: Latency: 7,0000 s, Delta ratio: 1,0000, Drift: 1,000, Error reduction coefficient: 0,000, Error: 0,0000 s
abr 04, 2013 12:33:04 PM org.ros.time.RemoteUptimeClock update
INFO: Latency: 7,0000 s, Delta ratio: 1,0000, Drift: 1,000, Error reduction coefficient: 0,000, Error: 0,0000 s
abr 04, 2013 12:33:04 PM org.ros.time.RemoteUptimeClock update
INFO: Latency: 7,0000 s, Delta ratio: 1,0000, Drift: 1,000, Error reduction coefficient: 0,000, Error: 0,0000 s
abr 04, 2013 12:33:04 PM org.ros.time.RemoteUptimeClock update
INFO: Latency: 7,0000 s, Delta ratio: 1,0000, Drift: 1,000, Error reduction coefficient: 0,000, Error: 0,0000 s
abr 04, 2013 12:33:04 PM org.ros.time.RemoteUptimeClock update
INFO: Latency: 7,0000 s, Delta ratio: 1,0000, Drift: 1,000, Error reduction coefficient: 0,000, Error: 0,0000 s
abr 04, 2013 12:33:04 PM org.ros.time.RemoteUptimeClock update
INFO: Latency: 7,0000 s, Delta ratio: 1,0000, Drift: 1,000, Error reduction coefficient: 0,000, Error: 0,0000 s
abr 04, 2013 12:33:04 PM org.ros.time.RemoteUptimeClock update
INFO: Latency: 7,0000 s, Delta ratio: 1,0000, Drift: 1,000, Error reduction coefficient: 0,000, Error: 0,0000 s
abr 04, 2013 12:33:04 PM org.ros.time.RemoteUptimeClock update
INFO: Latency: 7,0000 s, Delta ratio: 1,0000, Drift: 1,000, Error reduction coefficient: 0,000, Error: 0,0000 s
abr 04, 2013 12:33:04 PM org.ros.time.RemoteUptimeClock update
INFO: Latency: 7,0000 s, Delta ratio: 1,0000, Drift: 1,000, Error reduction coefficient: 0,000, Error: 0,0000 s
abr 04, 2013 12:33:04 PM org.ros.time.RemoteUptimeClock update
INFO: Latency: 7,0000 s, Delta ratio: 1,0000, Drift: 1,000, Error reduction coefficient: 0,000, Error: 0,0000 s
abr 04, 2013 12:33:04 PM org.ros.time.RemoteUptimeClock update
INFO: Latency: 7,0000 s, Delta ratio: 1,0000, Drift: 1,000, Error reduction coefficient: 0,000, Error: 0,0000 s
abr 04, 2013 12:33:04 PM org.ros.time.RemoteUptimeClock update
INFO: Latency: 7,0000 s, Delta ratio: 1,0000, Drift: 1,000, Error reduction coefficient: 0,000, Error: 0,0000 s
abr 04, 2013 12:33:04 PM org.ros.time.RemoteUptimeClock update
INFO: Latency: 7,0000 s, Delta ratio: 1,0000, Drift: 1,000, Error reduction coefficient: 0,000, Error: 0,0000 s
abr 04, 2013 12:33:04 PM org.ros.time.RemoteUptimeClock update
INFO: Latency: 7,0000 s, Delta ratio: 1,0000, Drift: 1,000, Error reduction coefficient: 0,000, Error: 0,0000 s
abr 04, 2013 12:33:04 PM org.ros.time.RemoteUptimeClock update
INFO: Latency: 7,0000 s, Delta ratio: 1,0000, Drift: 1,000, Error reduction coefficient: 0,000, Error: 0,0000 s
abr 04, 2013 12:33:04 PM org.ros.time.RemoteUptimeClock update
INFO: Latency: 7,0000 s, Delta ratio: 1,0000, Drift: 1,000, Error reduction coefficient: 0,000, Error: 0,0000 s
abr 04, 2013 12:33:04 PM org.ros.time.RemoteUptimeClock update
INFO: Latency: 7,0000 s, Delta ratio: 1,0000, Drift: 1,000, Error reduction coefficient: 0,000, Error: 0,0000 s
abr 04, 2013 12:33:04 PM org.ros.time.RemoteUptimeClock update
INFO: Latency: 7,0000 s, Delta ratio: 1,0000, Drift: 1,000, Error reduction coefficient: 0,000, Error: 0,0000 s
abr 04, 2013 12:33:04 PM org.ros.time.RemoteUptimeClock update
INFO: Latency: 7,0000 s, Delta ratio: 1,0000, Drift: 1,000, Error reduction coefficient: 0,000, Error: 0,0000 s
abr 04, 2013 12:33:04 PM org.ros.time.RemoteUptimeClock update
INFO: Latency: 7,0000 s, Delta ratio: 1,0000, Drift: 1,000, Error reduction coefficient: 0,000, Error: 0,0000 s
abr 04, 2013 12:33:04 PM org.ros.time.RemoteUptimeClock update
INFO: Latency: 7,0000 s, Delta ratio: 1,0000, Drift: 1,000, Error reduction coefficient: 0,000, Error: 0,0000 s
abr 04, 2013 12:33:04 PM org.ros.time.RemoteUptimeClock update
INFO: Latency: 7,0000 s, Delta ratio: 1,0000, Drift: 1,000, Error reduction coefficient: 0,000, Error: 0,0000 s
abr 04, 2013 12:33:04 PM org.ros.time.RemoteUptimeClock update
INFO: Latency: 7,0000 s, Delta ratio: 1,0000, Drift: 1,000, Error reduction coefficient: 0,000, Error: 0,0000 s
abr 04, 2013 12:33:04 PM org.ros.time.RemoteUptimeClock update
INFO: Latency: 7,0000 s, Delta ratio: 1,0000, Drift: 1,000, Error reduction coefficient: 0,000, Error: 0,0000 s
abr 04, 2013 12:33:04 PM org.ros.time.RemoteUptimeClock update
INFO: Latency: 7,0000 s, Delta ratio: 1,0000, Drift: 1,000, Error reduction coefficient: 0,000, Error: 0,0000 s
abr 04, 2013 12:33:04 PM org.ros.time.RemoteUptimeClock update
INFO: Latency: 7,0000 s, Delta ratio: 1,0000, Drift: 1,000, Error reduction coefficient: 0,000, Error: 0,0000 s
abr 04, 2013 12:33:04 PM org.ros.time.RemoteUptimeClock update
INFO: Latency: 7,0000 s, Delta ratio: 1,0000, Drift: 1,000, Error reduction coefficient: 0,000, Error: 0,0000 s
abr 04, 2013 12:33:04 PM org.ros.time.RemoteUptimeClock update
INFO: Latency: 7,0000 s, Delta ratio: 1,0000, Drift: 1,000, Error reduction coefficient: 0,000, Error: 0,0000 s
abr 04, 2013 12:33:04 PM org.ros.time.RemoteUptimeClock update
INFO: Latency: 7,0000 s, Delta ratio: 1,0000, Drift: 1,000, Error reduction coefficient: 0,000, Error: 0,0000 s
abr 04, 2013 12:33:04 PM org.ros.time.RemoteUptimeClock update
INFO: Latency: 7,0000 s, Delta ratio: 1,0000, Drift: 1,000, Error reduction coefficient: 0,000, Error: 0,0000 s
abr 04, 2013 12:33:04 PM org.ros.time.RemoteUptimeClock update
INFO: Latency: 7,0000 s, Delta ratio: 1,0000, Drift: 1,000, Error reduction coefficient: 0,000, Error: 0,0000 s
abr 04, 2013 12:33:04 PM org.ros.time.RemoteUptimeClock update
INFO: Latency: 7,0000 s, Delta ratio: 1,0000, Drift: 1,000, Error reduction coefficient: 0,000, Error: 0,0000 s
abr 04, 2013 12:33:04 PM org.ros.time.RemoteUptimeClock update
INFO: Latency: 7,0000 s, Delta ratio: 1,0000, Drift: 1,000, Error reduction coefficient: 0,000, Error: 0,0000 s
abr 04, 2013 12:33:04 PM org.ros.time.RemoteUptimeClock update
INFO: Latency: 7,0000 s, Delta ratio: 1,0000, Drift: 1,000, Error reduction coefficient: 0,000, Error: 0,0000 s
abr 04, 2013 12:33:04 PM org.ros.time.RemoteUptimeClock update
INFO: Latency: 7,0000 s, Delta ratio: 1,0000, Drift: 1,000, Error reduction coefficient: 0,000, Error: 0,0000 s
abr 04, 2013 12:33:04 PM org.ros.time.RemoteUptimeClock update
INFO: Latency: 7,0000 s, Delta ratio: 1,0000, Drift: 1,000, Error reduction coefficient: 0,000, Error: 0,0000 s
abr 04, 2013 12:33:04 PM org.ros.time.RemoteUptimeClock update
INFO: Latency: 7,0000 s, Delta ratio: 1,0000, Drift: 1,000, Error reduction coefficient: 0,000, Error: 0,0000 s
abr 04, 2013 12:33:04 PM org.ros.time.RemoteUptimeClock update
INFO: Latency: 7,0000 s, Delta ratio: 1,0000, Drift: 1,000, Error reduction coefficient: 0,000, Error: 0,0000 s
abr 04, 2013 12:33:04 PM org.ros.time.RemoteUptimeClock update
INFO: Latency: 7,0000 s, Delta ratio: 1,0000, Drift: 1,000, Error reduction coefficient: 0,000, Error: 0,0000 s
abr 04, 2013 12:33:04 PM org.ros.time.RemoteUptimeClock update
INFO: Latency: 7,0000 s, Delta ratio: 1,0000, Drift: 1,000, Error reduction coefficient: 0,000, Error: 0,0000 s
abr 04, 2013 12:33:04 PM org.ros.time.RemoteUptimeClock update
INFO: Latency: 7,0000 s, Delta ratio: 1,0000, Drift: 1,000, Error reduction coefficient: 0,000, Error: 0,0000 s
abr 04, 2013 12:33:04 PM org.ros.time.RemoteUptimeClock update
INFO: Latency: 7,0000 s, Delta ratio: 1,0000, Drift: 1,000, Error reduction coefficient: 0,000, Error: 0,0000 s
abr 04, 2013 12:33:04 PM org.ros.time.RemoteUptimeClock update
INFO: Latency: 7,0000 s, Delta ratio: 1,0000, Drift: 1,000, Error reduction coefficient: 0,000, Error: 0,0000 s
abr 04, 2013 12:33:04 PM org.ros.time.RemoteUptimeClock update
INFO: Latency: 7,0000 s, Delta ratio: 1,0000, Drift: 1,000, Error reduction coefficient: 0,000, Error: 0,0000 s
abr 04, 2013 12:33:04 PM org.ros.time.RemoteUptimeClock update
INFO: Latency: 7,0000 s, Delta ratio: 1,0000, Drift: 1,000, Error reduction coefficient: 0,000, Error: 0,0000 s
abr 04, 2013 12:33:04 PM org.ros.time.RemoteUptimeClock update
INFO: Latency: 7,0000 s, Delta ratio: 1,0000, Drift: 1,000, Error reduction coefficient: 0,000, Error: 0,0000 s
abr 04, 2013 12:33:04 PM org.ros.time.RemoteUptimeClock update
INFO: Latency: 7,0000 s, Delta ratio: 1,0000, Drift: 1,000, Error reduction coefficient: 0,000, Error: 0,0000 s
abr 04, 2013 12:33:04 PM org.ros.time.RemoteUptimeClock update
INFO: Latency: 7,0000 s, Delta ratio: 1,0000, Drift: 1,000, Error reduction coefficient: 0,000, Error: 0,0000 s
abr 04, 2013 12:33:04 PM org.ros.time.RemoteUptimeClock update
INFO: Latency: 7,0000 s, Delta ratio: 1,0000, Drift: 1,000, Error reduction coefficient: 0,000, Error: 0,0000 s
abr 04, 2013 12:33:04 PM org.ros.time.RemoteUptimeClock update
INFO: Latency: 7,0000 s, Delta ratio: 1,0000, Drift: 1,000, Error reduction coefficient: 0,000, Error: 0,0000 s
abr 04, 2013 12:33:04 PM org.ros.time.RemoteUptimeClock update
INFO: Latency: 7,0000 s, Delta ratio: 1,0000, Drift: 1,000, Error reduction coefficient: 0,000, Error: 0,0000 s
abr 04, 2013 12:33:04 PM org.ros.time.RemoteUptimeClock update
INFO: Latency: 7,0000 s, Delta ratio: 1,0000, Drift: 1,000, Error reduction coefficient: 0,000, Error: 0,0000 s
abr 04, 2013 12:33:04 PM org.ros.time.RemoteUptimeClock update
INFO: Latency: 7,0000 s, Delta ratio: 1,0000, Drift: 1,000, Error reduction coefficient: 0,000, Error: 0,0000 s
abr 04, 2013 12:33:04 PM org.ros.time.RemoteUptimeClock update
INFO: Latency: 7,0000 s, Delta ratio: 1,0000, Drift: 1,000, Error reduction coefficient: 0,000, Error: 0,0000 s
abr 04, 2013 12:33:04 PM org.ros.time.RemoteUptimeClock update
INFO: Latency: 7,0000 s, Delta ratio: 1,0000, Drift: 1,000, Error reduction coefficient: 0,000, Error: 0,0000 s
abr 04, 2013 12:33:04 PM org.ros.time.RemoteUptimeClock update
INFO: Latency: 7,0000 s, Delta ratio: 1,0000, Drift: 1,000, Error reduction coefficient: 0,000, Error: 0,0000 s
abr 04, 2013 12:33:04 PM org.ros.time.RemoteUptimeClock update
INFO: Latency: 7,0000 s, Delta ratio: 1,0000, Drift: 1,000, Error reduction coefficient: 0,000, Error: 0,0000 s
abr 04, 2013 12:33:04 PM org.ros.time.RemoteUptimeClock update
INFO: Latency: 7,0000 s, Delta ratio: 1,0000, Drift: 1,000, Error reduction coefficient: 0,000, Error: 0,0000 s
abr 04, 2013 12:33:04 PM org.ros.time.RemoteUptimeClock update
INFO: Latency: 7,0000 s, Delta ratio: 1,0000, Drift: 1,000, Error reduction coefficient: 0,000, Error: 0,0000 s
abr 04, 2013 12:33:04 PM org.ros.time.RemoteUptimeClock update
INFO: Latency: 7,0000 s, Delta ratio: 1,0000, Drift: 1,000, Error reduction coefficient: 0,000, Error: 0,0000 s
abr 04, 2013 12:33:04 PM org.ros.time.RemoteUptimeClock update
INFO: Latency: 7,0000 s, Delta ratio: 1,0000, Drift: 1,000, Error reduction coefficient: 0,000, Error: 0,0000 s
abr 04, 2013 12:33:04 PM org.ros.time.RemoteUptimeClock update
INFO: Latency: 7,0000 s, Delta ratio: 1,0000, Drift: 1,000, Error reduction coefficient: 0,000, Error: 0,0000 s
abr 04, 2013 12:33:04 PM org.ros.time.RemoteUptimeClock update
INFO: Latency: 7,0000 s, Delta ratio: 1,0000, Drift: 1,000, Error reduction coefficient: 0,000, Error: 0,0000 s
abr 04, 2013 12:33:04 PM org.ros.time.RemoteUptimeClock update
INFO: Latency: 7,0000 s, Delta ratio: 1,0000, Drift: 1,000, Error reduction coefficient: 0,000, Error: 0,0000 s
abr 04, 2013 12:33:04 PM org.ros.time.RemoteUptimeClock update
INFO: Latency: 7,0000 s, Delta ratio: 1,0000, Drift: 1,000, Error reduction coefficient: 0,000, Error: 0,0000 s
abr 04, 2013 12:33:04 PM org.ros.time.RemoteUptimeClock update
INFO: Latency: 7,0000 s, Delta ratio: 1,0000, Drift: 1,000, Error reduction coefficient: 0,000, Error: 0,0000 s
abr 04, 2013 12:33:04 PM org.ros.time.RemoteUptimeClock update
INFO: Latency: 7,0000 s, Delta ratio: 1,0000, Drift: 1,000, Error reduction coefficient: 0,000, Error: 0,0000 s
abr 04, 2013 12:33:04 PM org.ros.time.RemoteUptimeClock update
INFO: Latency: 7,0000 s, Delta ratio: 1,0000, Drift: 1,000, Error reduction coefficient: 0,000, Error: 0,0000 s
abr 04, 2013 12:33:04 PM org.ros.time.RemoteUptimeClock update
INFO: Latency: 7,0000 s, Delta ratio: 1,0000, Drift: 1,000, Error reduction coefficient: 0,000, Error: 0,0000 s
abr 04, 2013 12:33:04 PM org.ros.time.RemoteUptimeClock update
INFO: Latency: 7,0000 s, Delta ratio: 1,0000, Drift: 1,000, Error reduction coefficient: 0,000, Error: 0,0000 s
abr 04, 2013 12:33:04 PM org.ros.time.RemoteUptimeClock update
INFO: Latency: 7,0000 s, Delta ratio: 1,0000, Drift: 1,000, Error reduction coefficient: 0,000, Error: 0,0000 s
abr 04, 2013 12:33:04 PM org.ros.time.RemoteUptimeClock update
INFO: Latency: 7,0000 s, Delta ratio: 1,0000, Drift: 1,000, Error reduction coefficient: 0,000, Error: 0,0000 s
abr 04, 2013 12:33:04 PM org.ros.time.RemoteUptimeClock update
INFO: Latency: 7,0000 s, Delta ratio: 1,0000, Drift: 1,000, Error reduction coefficient: 0,000, Error: 0,0000 s
abr 04, 2013 12:33:04 PM org.ros.time.RemoteUptimeClock update
INFO: Latency: 7,0000 s, Delta ratio: 1,0000, Drift: 1,000, Error reduction coefficient: 0,000, Error: 0,0000 s
abr 04, 2013 12:33:04 PM org.ros.time.RemoteUptimeClock update
INFO: Latency: 7,0000 s, Delta ratio: 1,0000, Drift: 1,000, Error reduction coefficient: 0,000, Error: 0,0000 s
abr 04, 2013 12:33:04 PM org.ros.time.RemoteUptimeClock update
INFO: Latency: 7,0000 s, Delta ratio: 1,0000, Drift: 1,000, Error reduction coefficient: 0,000, Error: 0,0000 s
abr 04, 2013 12:33:04 PM org.ros.time.RemoteUptimeClock update
INFO: Latency: 7,0000 s, Delta ratio: 1,0000, Drift: 1,000, Error reduction coefficient: 0,000, Error: 0,0000 s
abr 04, 2013 12:33:04 PM org.ros.time.RemoteUptimeClock update
INFO: Latency: 7,0000 s, Delta ratio: 1,0000, Drift: 1,000, Error reduction coefficient: 0,000, Error: 0,0000 s
abr 04, 2013 12:33:04 PM org.ros.time.RemoteUptimeClock update
INFO: Latency: 7,0000 s, Delta ratio: 1,0000, Drift: 1,000, Error reduction coefficient: 0,000, Error: 0,0000 s
abr 04, 2013 12:33:04 PM org.ros.time.RemoteUptimeClock update
INFO: Latency: 7,0000 s, Delta ratio: 1,0000, Drift: 1,000, Error reduction coefficient: 0,000, Error: 0,0000 s
abr 04, 2013 12:33:04 PM org.ros.time.RemoteUptimeClock update
INFO: Latency: 7,0000 s, Delta ratio: 1,0000, Drift: 1,000, Error reduction coefficient: 0,000, Error: 0,0000 s
abr 04, 2013 12:33:04 PM org.ros.time.RemoteUptimeClock update
INFO: Latency: 7,0000 s, Delta ratio: 1,0000, Drift: 1,000, Error reduction coefficient: 0,000, Error: 0,0000 s
abr 04, 2013 12:33:04 PM org.ros.time.RemoteUptimeClock update
INFO: Latency: 7,0000 s, Delta ratio: 1,0000, Drift: 1,000, Error reduction coefficient: 0,000, Error: 0,0000 s
abr 04, 2013 12:33:04 PM org.ros.time.RemoteUptimeClock update
INFO: Latency: 7,0000 s, Delta ratio: 1,0000, Drift: 1,000, Error reduction coefficient: 0,000, Error: 0,0000 s
abr 04, 2013 12:33:04 PM org.ros.time.RemoteUptimeClock update
INFO: Latency: 7,0000 s, Delta ratio: 1,0000, Drift: 1,000, Error reduction coefficient: 0,000, Error: 0,0000 s
abr 04, 2013 12:33:04 PM org.ros.time.RemoteUptimeClock update
INFO: Latency: 7,0000 s, Delta ratio: 1,0000, Drift: 1,000, Error reduction coefficient: 0,000, Error: 0,0000 s
abr 04, 2013 12:33:04 PM org.ros.time.RemoteUptimeClock update
INFO: Latency: 7,0000 s, Delta ratio: 1,0000, Drift: 1,000, Error reduction coefficient: 0,000, Error: 0,0000 s
abr 04, 2013 12:33:04 PM org.ros.time.RemoteUptimeClock update
INFO: Latency: 7,0000 s, Delta ratio: 1,0000, Drift: 1,000, Error reduction coefficient: 0,000, Error: 0,0000 s
abr 04, 2013 12:33:04 PM org.ros.time.RemoteUptimeClock update
INFO: Latency: 7,0000 s, Delta ratio: 1,0000, Drift: 1,000, Error reduction coefficient: 0,000, Error: 0,0000 s
abr 04, 2013 12:33:04 PM org.ros.time.RemoteUptimeClock update
INFO: Latency: 7,0000 s, Delta ratio: 1,0000, Drift: 1,000, Error reduction coefficient: 0,000, Error: 0,0000 s
abr 04, 2013 12:33:04 PM org.ros.time.RemoteUptimeClock update
INFO: Latency: 7,0000 s, Delta ratio: 1,0000, Drift: 1,000, Error reduction coefficient: 0,000, Error: 0,0000 s
abr 04, 2013 12:33:04 PM org.ros.time.RemoteUptimeClock update
INFO: Latency: 7,0000 s, Delta ratio: 1,0000, Drift: 1,000, Error reduction coefficient: 0,000, Error: 0,0000 s
abr 04, 2013 12:33:04 PM org.ros.time.RemoteUptimeClock update
INFO: Latency: 7,0000 s, Delta ratio: 1,0000, Drift: 1,000, Error reduction coefficient: 0,000, Error: 0,0000 s
abr 04, 2013 12:33:04 PM org.ros.time.RemoteUptimeClock update
INFO: Latency: 7,0000 s, Delta ratio: 1,0000, Drift: 1,000, Error reduction coefficient: 0,000, Error: 0,0000 s
abr 04, 2013 12:33:04 PM org.ros.time.RemoteUptimeClock update
INFO: Latency: 7,0000 s, Delta ratio: 1,0000, Drift: 1,000, Error reduction coefficient: 0,000, Error: 0,0000 s
abr 04, 2013 12:33:04 PM org.ros.time.RemoteUptimeClock update
INFO: Latency: 7,0000 s, Delta ratio: 1,0000, Drift: 1,000, Error reduction coefficient: 0,000, Error: 0,0000 s
abr 04, 2013 12:33:04 PM org.ros.time.RemoteUptimeClock update
INFO: Latency: 7,0000 s, Delta ratio: 1,0000, Drift: 1,000, Error reduction coefficient: 0,000, Error: 0,0000 s
abr 04, 2013 12:33:04 PM org.ros.time.RemoteUptimeClock update
INFO: Latency: 7,0000 s, Delta ratio: 1,0000, Drift: 1,000, Error reduction coefficient: 0,000, Error: 0,0000 s
abr 04, 2013 12:33:04 PM org.ros.time.RemoteUptimeClock update
INFO: Latency: 7,0000 s, Delta ratio: 1,0000, Drift: 1,000, Error reduction coefficient: 0,000, Error: 0,0000 s
abr 04, 2013 12:33:04 PM org.ros.time.RemoteUptimeClock update
INFO: Latency: 7,0000 s, Delta ratio: 1,0000, Drift: 1,000, Error reduction coefficient: 0,000, Error: 0,0000 s
abr 04, 2013 12:33:04 PM org.ros.time.RemoteUptimeClock update
INFO: Latency: 7,0000 s, Delta ratio: 1,0000, Drift: 1,000, Error reduction coefficient: 0,000, Error: 0,0000 s
abr 04, 2013 12:33:04 PM org.ros.time.RemoteUptimeClock update
INFO: Latency: 7,0000 s, Delta ratio: 1,0000, Drift: 1,000, Error reduction coefficient: 0,000, Error: 0,0000 s
abr 04, 2013 12:33:04 PM org.ros.time.RemoteUptimeClock update
INFO: Latency: 7,0000 s, Delta ratio: 1,0000, Drift: 1,000, Error reduction coefficient: 0,000, Error: 0,0000 s
abr 04, 2013 12:33:04 PM org.ros.time.RemoteUptimeClock update
INFO: Latency: 7,0000 s, Delta ratio: 1,0000, Drift: 1,000, Error reduction coefficient: 0,000, Error: 0,0000 s
abr 04, 2013 12:33:04 PM org.ros.time.RemoteUptimeClock update
INFO: Latency: 7,0000 s, Delta ratio: 1,0000, Drift: 1,000, Error reduction coefficient: 0,000, Error: 0,0000 s
abr 04, 2013 12:33:04 PM org.ros.time.RemoteUptimeClock update
INFO: Latency: 7,0000 s, Delta ratio: 1,0000, Drift: 1,000, Error reduction coefficient: 0,000, Error: 0,0000 s
abr 04, 2013 12:33:04 PM org.ros.time.RemoteUptimeClock update
INFO: Latency: 7,0000 s, Delta ratio: 1,0000, Drift: 1,000, Error reduction coefficient: 0,000, Error: 0,0000 s
abr 04, 2013 12:33:04 PM org.ros.time.RemoteUptimeClock update
INFO: Latency: 7,0000 s, Delta ratio: 1,0000, Drift: 1,000, Error reduction coefficient: 0,000, Error: 0,0000 s
abr 04, 2013 12:33:04 PM org.ros.time.RemoteUptimeClock update
INFO: Latency: 7,0000 s, Delta ratio: 1,0000, Drift: 1,000, Error reduction coefficient: 0,000, Error: 0,0000 s
abr 04, 2013 12:33:04 PM org.ros.time.RemoteUptimeClock update
INFO: Latency: 7,0000 s, Delta ratio: 1,0000, Drift: 1,000, Error reduction coefficient: 0,000, Error: 0,0000 s
abr 04, 2013 12:33:04 PM org.ros.time.RemoteUptimeClock update
INFO: Latency: 7,0000 s, Delta ratio: 1,0000, Drift: 1,000, Error reduction coefficient: 0,000, Error: 0,0000 s
abr 04, 2013 12:33:04 PM org.ros.time.RemoteUptimeClock update
INFO: Latency: 7,0000 s, Delta ratio: 1,0000, Drift: 1,000, Error reduction coefficient: 0,000, Error: 0,0000 s
abr 04, 2013 12:33:04 PM org.ros.time.RemoteUptimeClock update
INFO: Latency: 7,0000 s, Delta ratio: 1,0000, Drift: 1,000, Error reduction coefficient: 0,000, Error: 0,0000 s
abr 04, 2013 12:33:04 PM org.ros.time.RemoteUptimeClock update
INFO: Latency: 7,0000 s, Delta ratio: 1,0000, Drift: 1,000, Error reduction coefficient: 0,000, Error: 0,0000 s
abr 04, 2013 12:33:04 PM org.ros.time.RemoteUptimeClock update
INFO: Latency: 7,0000 s, Delta ratio: 1,0000, Drift: 1,000, Error reduction coefficient: 0,000, Error: 0,0000 s
abr 04, 2013 12:33:04 PM org.ros.time.RemoteUptimeClock update
INFO: Latency: 7,0000 s, Delta ratio: 1,0000, Drift: 1,000, Error reduction coefficient: 0,000, Error: 0,0000 s
abr 04, 2013 12:33:04 PM org.ros.time.RemoteUptimeClock update
INFO: Latency: 7,0000 s, Delta ratio: 1,0000, Drift: 1,000, Error reduction coefficient: 0,000, Error: 0,0000 s
abr 04, 2013 12:33:04 PM org.ros.time.RemoteUptimeClock update
INFO: Latency: 7,0000 s, Delta ratio: 1,0000, Drift: 1,000, Error reduction coefficient: 0,000, Error: 0,0000 s
abr 04, 2013 12:33:04 PM org.ros.time.RemoteUptimeClock update
INFO: Latency: 7,0000 s, Delta ratio: 1,0000, Drift: 1,000, Error reduction coefficient: 0,000, Error: 0,0000 s
abr 04, 2013 12:33:04 PM org.ros.time.RemoteUptimeClock update
INFO: Latency: 7,0000 s, Delta ratio: 1,0000, Drift: 1,000, Error reduction coefficient: 0,000, Error: 0,0000 s
abr 04, 2013 12:33:04 PM org.ros.time.RemoteUptimeClock update
INFO: Latency: 7,0000 s, Delta ratio: 1,0000, Drift: 1,000, Error reduction coefficient: 0,000, Error: 0,0000 s
abr 04, 2013 12:33:04 PM org.ros.time.RemoteUptimeClock update
INFO: Latency: 7,0000 s, Delta ratio: 1,0000, Drift: 1,000, Error reduction coefficient: 0,000, Error: 0,0000 s
abr 04, 2013 12:33:04 PM org.ros.time.RemoteUptimeClock update
INFO: Latency: 7,0000 s, Delta ratio: 1,0000, Drift: 1,000, Error reduction coefficient: 0,000, Error: 0,0000 s
abr 04, 2013 12:33:04 PM org.ros.time.RemoteUptimeClock update
INFO: Latency: 7,0000 s, Delta ratio: 1,0000, Drift: 1,000, Error reduction coefficient: 0,000, Error: 0,0000 s
abr 04, 2013 12:33:04 PM org.ros.time.RemoteUptimeClock update
INFO: Latency: 7,0000 s, Delta ratio: 1,0000, Drift: 1,000, Error reduction coefficient: 0,000, Error: 0,0000 s
abr 04, 2013 12:33:04 PM org.ros.time.RemoteUptimeClock update
INFO: Latency: 7,0000 s, Delta ratio: 1,0000, Drift: 1,000, Error reduction coefficient: 0,000, Error: 0,0000 s
abr 04, 2013 12:33:04 PM org.ros.time.RemoteUptimeClock update
INFO: Latency: 7,0000 s, Delta ratio: 1,0000, Drift: 1,000, Error reduction coefficient: 0,000, Error: 0,0000 s
abr 04, 2013 12:33:04 PM org.ros.time.RemoteUptimeClock update
INFO: Latency: 7,0000 s, Delta ratio: 1,0000, Drift: 1,000, Error reduction coefficient: 0,000, Error: 0,0000 s
abr 04, 2013 12:33:04 PM org.ros.time.RemoteUptimeClock update
INFO: Latency: 7,0000 s, Delta ratio: 1,0000, Drift: 1,000, Error reduction coefficient: 0,000, Error: 0,0000 s
abr 04, 2013 12:33:04 PM org.ros.time.RemoteUptimeClock update
INFO: Latency: 7,0000 s, Delta ratio: 1,0000, Drift: 1,000, Error reduction coefficient: 0,000, Error: 0,0000 s
abr 04, 2013 12:33:04 PM org.ros.time.RemoteUptimeClock update
INFO: Latency: 7,0000 s, Delta ratio: 1,0000, Drift: 1,000, Error reduction coefficient: 0,000, Error: 0,0000 s
abr 04, 2013 12:33:04 PM org.ros.time.RemoteUptimeClock update
INFO: Latency: 7,0000 s, Delta ratio: 1,0000, Drift: 1,000, Error reduction coefficient: 0,000, Error: 0,0000 s
abr 04, 2013 12:33:04 PM org.ros.time.RemoteUptimeClock update
INFO: Latency: 7,0000 s, Delta ratio: 1,0000, Drift: 1,000, Error reduction coefficient: 0,000, Error: 0,0000 s
abr 04, 2013 12:33:04 PM org.ros.time.RemoteUptimeClock update
INFO: Latency: 7,0000 s, Delta ratio: 1,0000, Drift: 1,000, Error reduction coefficient: 0,000, Error: 0,0000 s
abr 04, 2013 12:33:04 PM org.ros.time.RemoteUptimeClock update
INFO: Latency: 7,0000 s, Delta ratio: 1,0000, Drift: 1,000, Error reduction coefficient: 0,000, Error: 0,0000 s
abr 04, 2013 12:33:04 PM org.ros.time.RemoteUptimeClock update
INFO: Latency: 7,0000 s, Delta ratio: 1,0000, Drift: 1,000, Error reduction coefficient: 0,000, Error: 0,0000 s
abr 04, 2013 12:33:04 PM org.ros.time.RemoteUptimeClock update
INFO: Latency: 7,0000 s, Delta ratio: 1,0000, Drift: 1,000, Error reduction coefficient: 0,000, Error: 0,0000 s
abr 04, 2013 12:33:04 PM org.ros.time.RemoteUptimeClock update
INFO: Latency: 7,0000 s, Delta ratio: 1,0000, Drift: 1,000, Error reduction coefficient: 0,000, Error: 0,0000 s
abr 04, 2013 12:33:04 PM org.ros.time.RemoteUptimeClock update
INFO: Latency: 7,0000 s, Delta ratio: 1,0000, Drift: 1,000, Error reduction coefficient: 0,000, Error: 0,0000 s
abr 04, 2013 12:33:04 PM org.ros.time.RemoteUptimeClock update
INFO: Latency: 7,0000 s, Delta ratio: 1,0000, Drift: 1,000, Error reduction coefficient: 0,000, Error: 0,0000 s
abr 04, 2013 12:33:04 PM org.ros.time.RemoteUptimeClock update
INFO: Latency: 7,0000 s, Delta ratio: 1,0000, Drift: 1,000, Error reduction coefficient: 0,000, Error: 0,0000 s
abr 04, 2013 12:33:04 PM org.ros.time.RemoteUptimeClock update
INFO: Latency: 7,0000 s, Delta ratio: 1,0000, Drift: 1,000, Error reduction coefficient: 0,000, Error: 0,0000 s
abr 04, 2013 12:33:04 PM org.ros.time.RemoteUptimeClock update
INFO: Latency: 7,0000 s, Delta ratio: 1,0000, Drift: 1,000, Error reduction coefficient: 0,000, Error: 0,0000 s
abr 04, 2013 12:33:04 PM org.ros.time.RemoteUptimeClock update
INFO: Latency: 7,0000 s, Delta ratio: 1,0000, Drift: 1,000, Error reduction coefficient: 0,000, Error: 0,0000 s
abr 04, 2013 12:33:04 PM org.ros.time.RemoteUptimeClock update
INFO: Latency: 7,0000 s, Delta ratio: 1,0000, Drift: 1,000, Error reduction coefficient: 0,000, Error: 0,0000 s
abr 04, 2013 12:33:04 PM org.ros.time.RemoteUptimeClock update
INFO: Latency: 7,0000 s, Delta ratio: 1,0000, Drift: 1,000, Error reduction coefficient: 0,000, Error: 0,0000 s
abr 04, 2013 12:33:04 PM org.ros.time.RemoteUptimeClock update
INFO: Latency: 7,0000 s, Delta ratio: 1,0000, Drift: 1,000, Error reduction coefficient: 0,000, Error: 0,0000 s
abr 04, 2013 12:33:04 PM org.ros.time.RemoteUptimeClock update
INFO: Latency: 7,0000 s, Delta ratio: 1,0000, Drift: 1,000, Error reduction coefficient: 0,000, Error: 0,0000 s
abr 04, 2013 12:33:04 PM org.ros.time.RemoteUptimeClock update
INFO: Latency: 7,0000 s, Delta ratio: 1,0000, Drift: 1,000, Error reduction coefficient: 0,000, Error: 0,0000 s
abr 04, 2013 12:33:04 PM org.ros.time.RemoteUptimeClock update
INFO: Latency: 7,0000 s, Delta ratio: 1,0000, Drift: 1,000, Error reduction coefficient: 0,000, Error: 0,0000 s
abr 04, 2013 12:33:04 PM org.ros.time.RemoteUptimeClock update
INFO: Latency: 7,0000 s, Delta ratio: 1,0000, Drift: 1,000, Error reduction coefficient: 0,000, Error: 0,0000 s
abr 04, 2013 12:33:04 PM org.ros.time.RemoteUptimeClock update
INFO: Latency: 7,0000 s, Delta ratio: 1,0000, Drift: 1,000, Error reduction coefficient: 0,000, Error: 0,0000 s
abr 04, 2013 12:33:04 PM org.ros.time.RemoteUptimeClock update
INFO: Latency: 7,0000 s, Delta ratio: 1,0000, Drift: 1,000, Error reduction coefficient: 0,000, Error: 0,0000 s
abr 04, 2013 12:33:04 PM org.ros.time.RemoteUptimeClock update
INFO: Latency: 7,0000 s, Delta ratio: 1,0000, Drift: 1,000, Error reduction coefficient: 0,000, Error: 0,0000 s
abr 04, 2013 12:33:04 PM org.ros.time.RemoteUptimeClock update
INFO: Latency: 7,0000 s, Delta ratio: 1,0000, Drift: 1,000, Error reduction coefficient: 0,000, Error: 0,0000 s
abr 04, 2013 12:33:04 PM org.ros.time.RemoteUptimeClock update
INFO: Latency: 7,0000 s, Delta ratio: 1,0000, Drift: 1,000, Error reduction coefficient: 0,000, Error: 0,0000 s
abr 04, 2013 12:33:04 PM org.ros.time.RemoteUptimeClock update
INFO: Latency: 7,0000 s, Delta ratio: 1,0000, Drift: 1,000, Error reduction coefficient: 0,000, Error: 0,0000 s
abr 04, 2013 12:33:04 PM org.ros.time.RemoteUptimeClock update
INFO: Latency: 7,0000 s, Delta ratio: 1,0000, Drift: 1,000, Error reduction coefficient: 0,000, Error: 0,0000 s
abr 04, 2013 12:33:04 PM org.ros.time.RemoteUptimeClock update
INFO: Latency: 7,0000 s, Delta ratio: 1,0000, Drift: 1,000, Error reduction coefficient: 0,000, Error: 0,0000 s
abr 04, 2013 12:33:04 PM org.ros.time.RemoteUptimeClock update
INFO: Latency: 7,0000 s, Delta ratio: 1,0000, Drift: 1,000, Error reduction coefficient: 0,000, Error: 0,0000 s
abr 04, 2013 12:33:04 PM org.ros.time.RemoteUptimeClock update
INFO: Latency: 7,0000 s, Delta ratio: 1,0000, Drift: 1,000, Error reduction coefficient: 0,000, Error: 0,0000 s
abr 04, 2013 12:33:04 PM org.ros.time.RemoteUptimeClock update
INFO: Latency: 7,0000 s, Delta ratio: 1,0000, Drift: 1,000, Error reduction coefficient: 0,000, Error: 0,0000 s
abr 04, 2013 12:33:04 PM org.ros.time.RemoteUptimeClock update
INFO: Latency: 7,0000 s, Delta ratio: 1,0000, Drift: 1,000, Error reduction coefficient: 0,000, Error: 0,0000 s
abr 04, 2013 12:33:04 PM org.ros.time.RemoteUptimeClock update
INFO: Latency: 7,0000 s, Delta ratio: 1,0000, Drift: 1,000, Error reduction coefficient: 0,000, Error: 0,0000 s
abr 04, 2013 12:33:04 PM org.ros.time.RemoteUptimeClock update
INFO: Latency: 7,0000 s, Delta ratio: 1,0000, Drift: 1,000, Error reduction coefficient: 0,000, Error: 0,0000 s
abr 04, 2013 12:33:04 PM org.ros.time.RemoteUptimeClock update
INFO: Latency: 7,0000 s, Delta ratio: 1,0000, Drift: 1,000, Error reduction coefficient: 0,000, Error: 0,0000 s
abr 04, 2013 12:33:04 PM org.ros.time.RemoteUptimeClock update
INFO: Latency: 7,0000 s, Delta ratio: 1,0000, Drift: 1,000, Error reduction coefficient: 0,000, Error: 0,0000 s
abr 04, 2013 12:33:04 PM org.ros.time.RemoteUptimeClock update
INFO: Latency: 7,0000 s, Delta ratio: 1,0000, Drift: 1,000, Error reduction coefficient: 0,000, Error: 0,0000 s
abr 04, 2013 12:33:04 PM org.ros.time.RemoteUptimeClock update
INFO: Latency: 7,0000 s, Delta ratio: 1,0000, Drift: 1,000, Error reduction coefficient: 0,000, Error: 0,0000 s
abr 04, 2013 12:33:04 PM org.ros.time.RemoteUptimeClock update
INFO: Latency: 7,0000 s, Delta ratio: 1,0000, Drift: 1,000, Error reduction coefficient: 0,000, Error: 0,0000 s
abr 04, 2013 12:33:04 PM org.ros.time.RemoteUptimeClock update
INFO: Latency: 7,0000 s, Delta ratio: 1,0000, Drift: 1,000, Error reduction coefficient: 0,000, Error: 0,0000 s
abr 04, 2013 12:33:04 PM org.ros.time.RemoteUptimeClock update
INFO: Latency: 7,0000 s, Delta ratio: 1,0000, Drift: 1,000, Error reduction coefficient: 0,000, Error: 0,0000 s
abr 04, 2013 12:33:04 PM org.ros.time.RemoteUptimeClock update
INFO: Latency: 7,0000 s, Delta ratio: 1,0000, Drift: 1,000, Error reduction coefficient: 0,000, Error: 0,0000 s
abr 04, 2013 12:33:04 PM org.ros.time.RemoteUptimeClock update
INFO: Latency: 7,0000 s, Delta ratio: 1,0000, Drift: 1,000, Error reduction coefficient: 0,000, Error: 0,0000 s
abr 04, 2013 12:33:04 PM org.ros.time.RemoteUptimeClock update
INFO: Latency: 7,0000 s, Delta ratio: 1,0000, Drift: 1,000, Error reduction coefficient: 0,000, Error: 0,0000 s
abr 04, 2013 12:33:04 PM org.ros.time.RemoteUptimeClock update
INFO: Latency: 7,0000 s, Delta ratio: 1,0000, Drift: 1,000, Error reduction coefficient: 0,000, Error: 0,0000 s
abr 04, 2013 12:33:04 PM org.ros.time.RemoteUptimeClock update
INFO: Latency: 7,0000 s, Delta ratio: 1,0000, Drift: 1,000, Error reduction coefficient: 0,000, Error: 0,0000 s
abr 04, 2013 12:33:04 PM org.ros.time.RemoteUptimeClock update
INFO: Latency: 7,0000 s, Delta ratio: 1,0000, Drift: 1,000, Error reduction coefficient: 0,000, Error: 0,0000 s
abr 04, 2013 12:33:04 PM org.ros.time.RemoteUptimeClock update
INFO: Latency: 7,0000 s, Delta ratio: 1,0000, Drift: 1,000, Error reduction coefficient: 0,000, Error: 0,0000 s
abr 04, 2013 12:33:04 PM org.ros.time.RemoteUptimeClock update
INFO: Latency: 7,0000 s, Delta ratio: 1,0000, Drift: 1,000, Error reduction coefficient: 0,000, Error: 0,0000 s
abr 04, 2013 12:33:04 PM org.ros.time.RemoteUptimeClock update
INFO: Latency: 7,0000 s, Delta ratio: 1,0000, Drift: 1,000, Error reduction coefficient: 0,000, Error: 0,0000 s
abr 04, 2013 12:33:04 PM org.ros.time.RemoteUptimeClock update
INFO: Latency: 7,0000 s, Delta ratio: 1,0000, Drift: 1,000, Error reduction coefficient: 0,000, Error: 0,0000 s
abr 04, 2013 12:33:04 PM org.ros.time.RemoteUptimeClock update
INFO: Latency: 7,0000 s, Delta ratio: 1,0000, Drift: 1,000, Error reduction coefficient: 0,000, Error: 0,0000 s
abr 04, 2013 12:33:04 PM org.ros.time.RemoteUptimeClock update
INFO: Latency: 7,0000 s, Delta ratio: 1,0000, Drift: 1,000, Error reduction coefficient: 0,000, Error: 0,0000 s
abr 04, 2013 12:33:04 PM org.ros.time.RemoteUptimeClock update
INFO: Latency: 7,0000 s, Delta ratio: 1,0000, Drift: 1,000, Error reduction coefficient: 0,000, Error: 0,0000 s
abr 04, 2013 12:33:04 PM org.ros.time.RemoteUptimeClock update
INFO: Latency: 7,0000 s, Delta ratio: 1,0000, Drift: 1,000, Error reduction coefficient: 0,000, Error: 0,0000 s
abr 04, 2013 12:33:04 PM org.ros.time.RemoteUptimeClock update
INFO: Latency: 7,0000 s, Delta ratio: 1,0000, Drift: 1,000, Error reduction coefficient: 0,000, Error: 0,0000 s
abr 04, 2013 12:33:04 PM org.ros.time.RemoteUptimeClock update
INFO: Latency: 7,0000 s, Delta ratio: 1,0000, Drift: 1,000, Error reduction coefficient: 0,000, Error: 0,0000 s
abr 04, 2013 12:33:04 PM org.ros.time.RemoteUptimeClock update
INFO: Latency: 7,0000 s, Delta ratio: 1,0000, Drift: 1,000, Error reduction coefficient: 0,000, Error: 0,0000 s
abr 04, 2013 12:33:04 PM org.ros.time.RemoteUptimeClock update
INFO: Latency: 7,0000 s, Delta ratio: 1,0000, Drift: 1,000, Error reduction coefficient: 0,000, Error: 0,0000 s
abr 04, 2013 12:33:04 PM org.ros.time.RemoteUptimeClock update
INFO: Latency: 7,0000 s, Delta ratio: 1,0000, Drift: 1,000, Error reduction coefficient: 0,000, Error: 0,0000 s
abr 04, 2013 12:33:04 PM org.ros.time.RemoteUptimeClock update
INFO: Latency: 7,0000 s, Delta ratio: 1,0000, Drift: 1,000, Error reduction coefficient: 0,000, Error: 0,0000 s
abr 04, 2013 12:33:04 PM org.ros.time.RemoteUptimeClock update
INFO: Latency: 7,0000 s, Delta ratio: 1,0000, Drift: 1,000, Error reduction coefficient: 0,000, Error: 0,0000 s
abr 04, 2013 12:33:04 PM org.ros.time.RemoteUptimeClock update
INFO: Latency: 7,0000 s, Delta ratio: 1,0000, Drift: 1,000, Error reduction coefficient: 0,000, Error: 0,0000 s
abr 04, 2013 12:33:04 PM org.ros.time.RemoteUptimeClock update
INFO: Latency: 7,0000 s, Delta ratio: 1,0000, Drift: 1,000, Error reduction coefficient: 0,000, Error: 0,0000 s
abr 04, 2013 12:33:04 PM org.ros.time.RemoteUptimeClock update
INFO: Latency: 7,0000 s, Delta ratio: 1,0000, Drift: 1,000, Error reduction coefficient: 0,000, Error: 0,0000 s
abr 04, 2013 12:33:04 PM org.ros.time.RemoteUptimeClock update
INFO: Latency: 7,0000 s, Delta ratio: 1,0000, Drift: 1,000, Error reduction coefficient: 0,000, Error: 0,0000 s
abr 04, 2013 12:33:04 PM org.ros.time.RemoteUptimeClock update
INFO: Latency: 7,0000 s, Delta ratio: 1,0000, Drift: 1,000, Error reduction coefficient: 0,000, Error: 0,0000 s
abr 04, 2013 12:33:04 PM org.ros.time.RemoteUptimeClock update
INFO: Latency: 7,0000 s, Delta ratio: 1,0000, Drift: 1,000, Error reduction coefficient: 0,000, Error: 0,0000 s
abr 04, 2013 12:33:04 PM org.ros.time.RemoteUptimeClock update
INFO: Latency: 7,0000 s, Delta ratio: 1,0000, Drift: 1,000, Error reduction coefficient: 0,000, Error: 0,0000 s
abr 04, 2013 12:33:04 PM org.ros.time.RemoteUptimeClock update
INFO: Latency: 7,0000 s, Delta ratio: 1,0000, Drift: 1,000, Error reduction coefficient: 0,000, Error: 0,0000 s
abr 04, 2013 12:33:04 PM org.ros.time.RemoteUptimeClock update
INFO: Latency: 7,0000 s, Delta ratio: 1,0000, Drift: 1,000, Error reduction coefficient: 0,000, Error: 0,0000 s
abr 04, 2013 12:33:04 PM org.ros.time.RemoteUptimeClock update
INFO: Latency: 7,0000 s, Delta ratio: 1,0000, Drift: 1,000, Error reduction coefficient: 0,000, Error: 0,0000 s
abr 04, 2013 12:33:04 PM org.ros.time.RemoteUptimeClock update
INFO: Latency: 7,0000 s, Delta ratio: 1,0000, Drift: 1,000, Error reduction coefficient: 0,000, Error: 0,0000 s
abr 04, 2013 12:33:04 PM org.ros.time.RemoteUptimeClock update
INFO: Latency: 7,0000 s, Delta ratio: 1,0000, Drift: 1,000, Error reduction coefficient: 0,000, Error: 0,0000 s
abr 04, 2013 12:33:04 PM org.ros.time.RemoteUptimeClock update
INFO: Latency: 7,0000 s, Delta ratio: 1,0000, Drift: 1,000, Error reduction coefficient: 0,000, Error: 0,0000 s
abr 04, 2013 12:33:04 PM org.ros.time.RemoteUptimeClock update
INFO: Latency: 7,0000 s, Delta ratio: 1,0000, Drift: 1,000, Error reduction coefficient: 0,000, Error: 0,0000 s
abr 04, 2013 12:33:04 PM org.ros.time.RemoteUptimeClock update
INFO: Latency: 7,0000 s, Delta ratio: 1,0000, Drift: 1,000, Error reduction coefficient: 0,000, Error: 0,0000 s
abr 04, 2013 12:33:04 PM org.ros.time.RemoteUptimeClock update
INFO: Latency: 7,0000 s, Delta ratio: 1,0000, Drift: 1,000, Error reduction coefficient: 0,000, Error: 0,0000 s
abr 04, 2013 12:33:04 PM org.ros.time.RemoteUptimeClock update
INFO: Latency: 7,0000 s, Delta ratio: 1,0000, Drift: 1,000, Error reduction coefficient: 0,000, Error: 0,0000 s
abr 04, 2013 12:33:04 PM org.ros.time.RemoteUptimeClock update
INFO: Latency: 7,0000 s, Delta ratio: 1,0000, Drift: 1,000, Error reduction coefficient: 0,000, Error: 0,0000 s
abr 04, 2013 12:33:04 PM org.ros.time.RemoteUptimeClock update
INFO: Latency: 7,0000 s, Delta ratio: 1,0000, Drift: 1,000, Error reduction coefficient: 0,000, Error: 0,0000 s
abr 04, 2013 12:33:04 PM org.ros.time.RemoteUptimeClock update
INFO: Latency: 7,0000 s, Delta ratio: 1,0000, Drift: 1,000, Error reduction coefficient: 0,000, Error: 0,0000 s
abr 04, 2013 12:33:04 PM org.ros.time.RemoteUptimeClock update
INFO: Latency: 7,0000 s, Delta ratio: 1,0000, Drift: 1,000, Error reduction coefficient: 0,000, Error: 0,0000 s
abr 04, 2013 12:33:04 PM org.ros.time.RemoteUptimeClock update
INFO: Latency: 7,0000 s, Delta ratio: 1,0000, Drift: 1,000, Error reduction coefficient: 0,000, Error: 0,0000 s
abr 04, 2013 12:33:04 PM org.ros.time.RemoteUptimeClock update
INFO: Latency: 7,0000 s, Delta ratio: 1,0000, Drift: 1,000, Error reduction coefficient: 0,000, Error: 0,0000 s
abr 04, 2013 12:33:04 PM org.ros.time.RemoteUptimeClock update
INFO: Latency: 7,0000 s, Delta ratio: 1,0000, Drift: 1,000, Error reduction coefficient: 0,000, Error: 0,0000 s
abr 04, 2013 12:33:04 PM org.ros.time.RemoteUptimeClock update
INFO: Latency: 7,0000 s, Delta ratio: 1,0000, Drift: 1,000, Error reduction coefficient: 0,000, Error: 0,0000 s
abr 04, 2013 12:33:04 PM org.ros.time.RemoteUptimeClock update
INFO: Latency: 7,0000 s, Delta ratio: 1,0000, Drift: 1,000, Error reduction coefficient: 0,000, Error: 0,0000 s
abr 04, 2013 12:33:04 PM org.ros.time.RemoteUptimeClock update
INFO: Latency: 7,0000 s, Delta ratio: 1,0000, Drift: 1,000, Error reduction coefficient: 0,000, Error: 0,0000 s
abr 04, 2013 12:33:04 PM org.ros.time.RemoteUptimeClock update
INFO: Latency: 7,0000 s, Delta ratio: 1,0000, Drift: 1,000, Error reduction coefficient: 0,000, Error: 0,0000 s
abr 04, 2013 12:33:04 PM org.ros.time.RemoteUptimeClock update
INFO: Latency: 7,0000 s, Delta ratio: 1,0000, Drift: 1,000, Error reduction coefficient: 0,000, Error: 0,0000 s
abr 04, 2013 12:33:04 PM org.ros.time.RemoteUptimeClock update
INFO: Latency: 7,0000 s, Delta ratio: 1,0000, Drift: 1,000, Error reduction coefficient: 0,000, Error: 0,0000 s
abr 04, 2013 12:33:04 PM org.ros.time.RemoteUptimeClock update
INFO: Latency: 7,0000 s, Delta ratio: 1,0000, Drift: 1,000, Error reduction coefficient: 0,000, Error: 0,0000 s
abr 04, 2013 12:33:04 PM org.ros.time.RemoteUptimeClock update
INFO: Latency: 7,0000 s, Delta ratio: 1,0000, Drift: 1,000, Error reduction coefficient: 0,000, Error: 0,0000 s
abr 04, 2013 12:33:04 PM org.ros.time.RemoteUptimeClock update
INFO: Latency: 7,0000 s, Delta ratio: 1,0000, Drift: 1,000, Error reduction coefficient: 0,000, Error: 0,0000 s
abr 04, 2013 12:33:04 PM org.ros.time.RemoteUptimeClock update
INFO: Latency: 7,0000 s, Delta ratio: 1,0000, Drift: 1,000, Error reduction coefficient: 0,000, Error: 0,0000 s
abr 04, 2013 12:33:04 PM org.ros.time.RemoteUptimeClock update
INFO: Latency: 7,0000 s, Delta ratio: 1,0000, Drift: 1,000, Error reduction coefficient: 0,000, Error: 0,0000 s
abr 04, 2013 12:33:04 PM org.ros.time.RemoteUptimeClock update
INFO: Latency: 7,0000 s, Delta ratio: 1,0000, Drift: 1,000, Error reduction coefficient: 0,000, Error: 0,0000 s
abr 04, 2013 12:33:04 PM org.ros.time.RemoteUptimeClock update
INFO: Latency: 7,0000 s, Delta ratio: 1,0000, Drift: 1,000, Error reduction coefficient: 0,000, Error: 0,0000 s
abr 04, 2013 12:33:04 PM org.ros.time.RemoteUptimeClock update
INFO: Latency: 7,0000 s, Delta ratio: 1,0000, Drift: 1,000, Error reduction coefficient: 0,000, Error: 0,0000 s
abr 04, 2013 12:33:04 PM org.ros.time.RemoteUptimeClock update
INFO: Latency: 7,0000 s, Delta ratio: 1,0000, Drift: 1,000, Error reduction coefficient: 0,000, Error: 0,0000 s
abr 04, 2013 12:33:04 PM org.ros.time.RemoteUptimeClock update
INFO: Latency: 7,0000 s, Delta ratio: 1,0000, Drift: 1,000, Error reduction coefficient: 0,000, Error: 0,0000 s
abr 04, 2013 12:33:04 PM org.ros.time.RemoteUptimeClock update
INFO: Latency: 7,0000 s, Delta ratio: 1,0000, Drift: 1,000, Error reduction coefficient: 0,000, Error: 0,0000 s
abr 04, 2013 12:33:04 PM org.ros.time.RemoteUptimeClock update
INFO: Latency: 7,0000 s, Delta ratio: 1,0000, Drift: 1,000, Error reduction coefficient: 0,000, Error: 0,0000 s
abr 04, 2013 12:33:04 PM org.ros.time.RemoteUptimeClock update
INFO: Latency: 7,0000 s, Delta ratio: 1,0000, Drift: 1,000, Error reduction coefficient: 0,000, Error: 0,0000 s
abr 04, 2013 12:33:04 PM org.ros.time.RemoteUptimeClock update
INFO: Latency: 7,0000 s, Delta ratio: 1,0000, Drift: 1,000, Error reduction coefficient: 0,000, Error: 0,0000 s
abr 04, 2013 12:33:04 PM org.ros.time.RemoteUptimeClock update
INFO: Latency: 7,0000 s, Delta ratio: 1,0000, Drift: 1,000, Error reduction coefficient: 0,000, Error: 0,0000 s
abr 04, 2013 12:33:04 PM org.ros.time.RemoteUptimeClock update
INFO: Latency: 7,0000 s, Delta ratio: 1,0000, Drift: 1,000, Error reduction coefficient: 0,000, Error: 0,0000 s
abr 04, 2013 12:33:04 PM org.ros.time.RemoteUptimeClock update
INFO: Latency: 7,0000 s, Delta ratio: 1,0000, Drift: 1,000, Error reduction coefficient: 0,000, Error: 0,0000 s
abr 04, 2013 12:33:04 PM org.ros.time.RemoteUptimeClock update
INFO: Latency: 7,0000 s, Delta ratio: 1,0000, Drift: 1,000, Error reduction coefficient: 0,000, Error: 0,0000 s
abr 04, 2013 12:33:04 PM org.ros.time.RemoteUptimeClock update
INFO: Latency: 7,0000 s, Delta ratio: 1,0000, Drift: 1,000, Error reduction coefficient: 0,000, Error: 0,0000 s
abr 04, 2013 12:33:04 PM org.ros.time.RemoteUptimeClock update
INFO: Latency: 7,0000 s, Delta ratio: 1,0000, Drift: 1,000, Error reduction coefficient: 0,000, Error: 0,0000 s
abr 04, 2013 12:33:04 PM org.ros.time.RemoteUptimeClock update
INFO: Latency: 7,0000 s, Delta ratio: 1,0000, Drift: 1,000, Error reduction coefficient: 0,000, Error: 0,0000 s
abr 04, 2013 12:33:04 PM org.ros.time.RemoteUptimeClock update
INFO: Latency: 7,0000 s, Delta ratio: 1,0000, Drift: 1,000, Error reduction coefficient: 0,000, Error: 0,0000 s
abr 04, 2013 12:33:04 PM org.ros.time.RemoteUptimeClock update
INFO: Latency: 7,0000 s, Delta ratio: 1,0000, Drift: 1,000, Error reduction coefficient: 0,000, Error: 0,0000 s
abr 04, 2013 12:33:04 PM org.ros.time.RemoteUptimeClock update
INFO: Latency: 7,0000 s, Delta ratio: 1,0000, Drift: 1,000, Error reduction coefficient: 0,000, Error: 0,0000 s
abr 04, 2013 12:33:04 PM org.ros.time.RemoteUptimeClock update
INFO: Latency: 7,0000 s, Delta ratio: 1,0000, Drift: 1,000, Error reduction coefficient: 0,000, Error: 0,0000 s
abr 04, 2013 12:33:04 PM org.ros.time.RemoteUptimeClock update
INFO: Latency: 7,0000 s, Delta ratio: 1,0000, Drift: 1,000, Error reduction coefficient: 0,000, Error: 0,0000 s
abr 04, 2013 12:33:04 PM org.ros.time.RemoteUptimeClock update
INFO: Latency: 7,0000 s, Delta ratio: 1,0000, Drift: 1,000, Error reduction coefficient: 0,000, Error: 0,0000 s
abr 04, 2013 12:33:04 PM org.ros.time.RemoteUptimeClock update
INFO: Latency: 7,0000 s, Delta ratio: 1,0000, Drift: 1,000, Error reduction coefficient: 0,000, Error: 0,0000 s
abr 04, 2013 12:33:04 PM org.ros.time.RemoteUptimeClock update
INFO: Latency: 7,0000 s, Delta ratio: 1,0000, Drift: 1,000, Error reduction coefficient: 0,000, Error: 0,0000 s
abr 04, 2013 12:33:04 PM org.ros.time.RemoteUptimeClock update
INFO: Latency: 7,0000 s, Delta ratio: 1,0000, Drift: 1,000, Error reduction coefficient: 0,000, Error: 0,0000 s
abr 04, 2013 12:33:04 PM org.ros.time.RemoteUptimeClock update
INFO: Latency: 7,0000 s, Delta ratio: 1,0000, Drift: 1,000, Error reduction coefficient: 0,000, Error: 0,0000 s
abr 04, 2013 12:33:04 PM org.ros.time.RemoteUptimeClock update
INFO: Latency: 7,0000 s, Delta ratio: 1,0000, Drift: 1,000, Error reduction coefficient: 0,000, Error: 0,0000 s
abr 04, 2013 12:33:04 PM org.ros.time.RemoteUptimeClock update
INFO: Latency: 7,0000 s, Delta ratio: 1,0000, Drift: 1,000, Error reduction coefficient: 0,000, Error: 0,0000 s
abr 04, 2013 12:33:04 PM org.ros.time.RemoteUptimeClock update
INFO: Latency: 7,0000 s, Delta ratio: 1,0000, Drift: 1,000, Error reduction coefficient: 0,000, Error: 0,0000 s
abr 04, 2013 12:33:04 PM org.ros.time.RemoteUptimeClock update
INFO: Latency: 7,0000 s, Delta ratio: 1,0000, Drift: 1,000, Error reduction coefficient: 0,000, Error: 0,0000 s
abr 04, 2013 12:33:04 PM org.ros.time.RemoteUptimeClock update
INFO: Latency: 7,0000 s, Delta ratio: 1,0000, Drift: 1,000, Error reduction coefficient: 0,000, Error: 0,0000 s
abr 04, 2013 12:33:04 PM org.ros.time.RemoteUptimeClock update
INFO: Latency: 7,0000 s, Delta ratio: 1,0000, Drift: 1,000, Error reduction coefficient: 0,000, Error: 0,0000 s
abr 04, 2013 12:33:04 PM org.ros.time.RemoteUptimeClock update
INFO: Latency: 7,0000 s, Delta ratio: 1,0000, Drift: 1,000, Error reduction coefficient: 0,000, Error: 0,0000 s
abr 04, 2013 12:33:04 PM org.ros.time.RemoteUptimeClock update
INFO: Latency: 7,0000 s, Delta ratio: 1,0000, Drift: 1,000, Error reduction coefficient: 0,000, Error: 0,0000 s
abr 04, 2013 12:33:04 PM org.ros.time.RemoteUptimeClock update
INFO: Latency: 7,0000 s, Delta ratio: 1,0000, Drift: 1,000, Error reduction coefficient: 0,000, Error: 0,0000 s
abr 04, 2013 12:33:04 PM org.ros.time.RemoteUptimeClock update
INFO: Latency: 7,0000 s, Delta ratio: 1,0000, Drift: 1,000, Error reduction coefficient: 0,000, Error: 0,0000 s
abr 04, 2013 12:33:04 PM org.ros.time.RemoteUptimeClock update
INFO: Latency: 7,0000 s, Delta ratio: 1,0000, Drift: 1,000, Error reduction coefficient: 0,000, Error: 0,0000 s
abr 04, 2013 12:33:04 PM org.ros.time.RemoteUptimeClock update
INFO: Latency: 7,0000 s, Delta ratio: 1,0000, Drift: 1,000, Error reduction coefficient: 0,000, Error: 0,0000 s
abr 04, 2013 12:33:04 PM org.ros.time.RemoteUptimeClock update
INFO: Latency: 7,0000 s, Delta ratio: 1,0000, Drift: 1,000, Error reduction coefficient: 0,000, Error: 0,0000 s
abr 04, 2013 12:33:04 PM org.ros.time.RemoteUptimeClock update
INFO: Latency: 7,0000 s, Delta ratio: 1,0000, Drift: 1,000, Error reduction coefficient: 0,000, Error: 0,0000 s
abr 04, 2013 12:33:04 PM org.ros.time.RemoteUptimeClock update
INFO: Latency: 7,0000 s, Delta ratio: 1,0000, Drift: 1,000, Error reduction coefficient: 0,000, Error: 0,0000 s
abr 04, 2013 12:33:04 PM org.ros.time.RemoteUptimeClock update
INFO: Latency: 7,0000 s, Delta ratio: 1,0000, Drift: 1,000, Error reduction coefficient: 0,000, Error: 0,0000 s
abr 04, 2013 12:33:04 PM org.ros.time.RemoteUptimeClock update
INFO: Latency: 7,0000 s, Delta ratio: 1,0000, Drift: 1,000, Error reduction coefficient: 0,000, Error: 0,0000 s
abr 04, 2013 12:33:04 PM org.ros.time.RemoteUptimeClock update
INFO: Latency: 7,0000 s, Delta ratio: 1,0000, Drift: 1,000, Error reduction coefficient: 0,000, Error: 0,0000 s
abr 04, 2013 12:33:04 PM org.ros.time.RemoteUptimeClock update
INFO: Latency: 7,0000 s, Delta ratio: 1,0000, Drift: 1,000, Error reduction coefficient: 0,000, Error: 0,0000 s
abr 04, 2013 12:33:04 PM org.ros.time.RemoteUptimeClock update
INFO: Latency: 7,0000 s, Delta ratio: 1,0000, Drift: 1,000, Error reduction coefficient: 0,000, Error: 0,0000 s
abr 04, 2013 12:33:04 PM org.ros.time.RemoteUptimeClock update
INFO: Latency: 7,0000 s, Delta ratio: 1,0000, Drift: 1,000, Error reduction coefficient: 0,000, Error: 0,0000 s
abr 04, 2013 12:33:04 PM org.ros.time.RemoteUptimeClock update
INFO: Latency: 7,0000 s, Delta ratio: 1,0000, Drift: 1,000, Error reduction coefficient: 0,000, Error: 0,0000 s
abr 04, 2013 12:33:04 PM org.ros.time.RemoteUptimeClock update
INFO: Latency: 7,0000 s, Delta ratio: 1,0000, Drift: 1,000, Error reduction coefficient: 0,000, Error: 0,0000 s
abr 04, 2013 12:33:04 PM org.ros.time.RemoteUptimeClock update
INFO: Latency: 7,0000 s, Delta ratio: 1,0000, Drift: 1,000, Error reduction coefficient: 0,000, Error: 0,0000 s
abr 04, 2013 12:33:04 PM org.ros.time.RemoteUptimeClock update
INFO: Latency: 7,0000 s, Delta ratio: 1,0000, Drift: 1,000, Error reduction coefficient: 0,000, Error: 0,0000 s
abr 04, 2013 12:33:04 PM org.ros.time.RemoteUptimeClock update
INFO: Latency: 7,0000 s, Delta ratio: 1,0000, Drift: 1,000, Error reduction coefficient: 0,000, Error: 0,0000 s
abr 04, 2013 12:33:04 PM org.ros.time.RemoteUptimeClock update
INFO: Latency: 7,0000 s, Delta ratio: 1,0000, Drift: 1,000, Error reduction coefficient: 0,000, Error: 0,0000 s
abr 04, 2013 12:33:04 PM org.ros.time.RemoteUptimeClock update
INFO: Latency: 7,0000 s, Delta ratio: 1,0000, Drift: 1,000, Error reduction coefficient: 0,000, Error: 0,0000 s
abr 04, 2013 12:33:04 PM org.ros.time.RemoteUptimeClock update
INFO: Latency: 7,0000 s, Delta ratio: 1,0000, Drift: 1,000, Error reduction coefficient: 0,000, Error: 0,0000 s
abr 04, 2013 12:33:04 PM org.ros.time.RemoteUptimeClock update
INFO: Latency: 7,0000 s, Delta ratio: 1,0000, Drift: 1,000, Error reduction coefficient: 0,000, Error: 0,0000 s
abr 04, 2013 12:33:04 PM org.ros.time.RemoteUptimeClock update
INFO: Latency: 7,0000 s, Delta ratio: 1,0000, Drift: 1,000, Error reduction coefficient: 0,000, Error: 0,0000 s
abr 04, 2013 12:33:04 PM org.ros.time.RemoteUptimeClock update
INFO: Latency: 7,0000 s, Delta ratio: 1,0000, Drift: 1,000, Error reduction coefficient: 0,000, Error: 0,0000 s
abr 04, 2013 12:33:04 PM org.ros.time.RemoteUptimeClock update
INFO: Latency: 7,0000 s, Delta ratio: 1,0000, Drift: 1,000, Error reduction coefficient: 0,000, Error: 0,0000 s
abr 04, 2013 12:33:04 PM org.ros.time.RemoteUptimeClock update
INFO: Latency: 7,0000 s, Delta ratio: 1,0000, Drift: 1,000, Error reduction coefficient: 0,000, Error: 0,0000 s
abr 04, 2013 12:33:04 PM org.ros.time.RemoteUptimeClock update
INFO: Latency: 7,0000 s, Delta ratio: 1,0000, Drift: 1,000, Error reduction coefficient: 0,000, Error: 0,0000 s
abr 04, 2013 12:33:04 PM org.ros.time.RemoteUptimeClock update
INFO: Latency: 7,0000 s, Delta ratio: 1,0000, Drift: 1,000, Error reduction coefficient: 0,000, Error: 0,0000 s
abr 04, 2013 12:33:04 PM org.ros.time.RemoteUptimeClock update
INFO: Latency: 7,0000 s, Delta ratio: 1,0000, Drift: 1,000, Error reduction coefficient: 0,000, Error: 0,0000 s
abr 04, 2013 12:33:04 PM org.ros.time.RemoteUptimeClock update
INFO: Latency: 7,0000 s, Delta ratio: 1,0000, Drift: 1,000, Error reduction coefficient: 0,000, Error: 0,0000 s
abr 04, 2013 12:33:04 PM org.ros.time.RemoteUptimeClock update
INFO: Latency: 7,0000 s, Delta ratio: 1,0000, Drift: 1,000, Error reduction coefficient: 0,000, Error: 0,0000 s
abr 04, 2013 12:33:04 PM org.ros.time.RemoteUptimeClock update
INFO: Latency: 7,0000 s, Delta ratio: 1,0000, Drift: 1,000, Error reduction coefficient: 0,000, Error: 0,0000 s
abr 04, 2013 12:33:04 PM org.ros.time.RemoteUptimeClock update
INFO: Latency: 7,0000 s, Delta ratio: 1,0000, Drift: 1,000, Error reduction coefficient: 0,000, Error: 0,0000 s
abr 04, 2013 12:33:04 PM org.ros.time.RemoteUptimeClock update
INFO: Latency: 7,0000 s, Delta ratio: 1,0000, Drift: 1,000, Error reduction coefficient: 0,000, Error: 0,0000 s
abr 04, 2013 12:33:04 PM org.ros.time.RemoteUptimeClock update
INFO: Latency: 7,0000 s, Delta ratio: 1,0000, Drift: 1,000, Error reduction coefficient: 0,000, Error: 0,0000 s
abr 04, 2013 12:33:04 PM org.ros.time.RemoteUptimeClock update
INFO: Latency: 7,0000 s, Delta ratio: 1,0000, Drift: 1,000, Error reduction coefficient: 0,000, Error: 0,0000 s
abr 04, 2013 12:33:04 PM org.ros.time.RemoteUptimeClock update
INFO: Latency: 7,0000 s, Delta ratio: 1,0000, Drift: 1,000, Error reduction coefficient: 0,000, Error: 0,0000 s
abr 04, 2013 12:33:04 PM org.ros.time.RemoteUptimeClock update
INFO: Latency: 7,0000 s, Delta ratio: 1,0000, Drift: 1,000, Error reduction coefficient: 0,000, Error: 0,0000 s
abr 04, 2013 12:33:04 PM org.ros.time.RemoteUptimeClock update
INFO: Latency: 7,0000 s, Delta ratio: 1,0000, Drift: 1,000, Error reduction coefficient: 0,000, Error: 0,0000 s
abr 04, 2013 12:33:04 PM org.ros.time.RemoteUptimeClock update
INFO: Latency: 7,0000 s, Delta ratio: 1,0000, Drift: 1,000, Error reduction coefficient: 0,000, Error: 0,0000 s
abr 04, 2013 12:33:04 PM org.ros.time.RemoteUptimeClock update
INFO: Latency: 7,0000 s, Delta ratio: 1,0000, Drift: 1,000, Error reduction coefficient: 0,000, Error: 0,0000 s
abr 04, 2013 12:33:04 PM org.ros.time.RemoteUptimeClock update
INFO: Latency: 7,0000 s, Delta ratio: 1,0000, Drift: 1,000, Error reduction coefficient: 0,000, Error: 0,0000 s
abr 04, 2013 12:33:04 PM org.ros.time.RemoteUptimeClock update
INFO: Latency: 7,0000 s, Delta ratio: 1,0000, Drift: 1,000, Error reduction coefficient: 0,000, Error: 0,0000 s
abr 04, 2013 12:33:04 PM org.ros.time.RemoteUptimeClock update
INFO: Latency: 7,0000 s, Delta ratio: 1,0000, Drift: 1,000, Error reduction coefficient: 0,000, Error: 0,0000 s
abr 04, 2013 12:33:04 PM org.ros.time.RemoteUptimeClock update
INFO: Latency: 7,0000 s, Delta ratio: 1,0000, Drift: 1,000, Error reduction coefficient: 0,000, Error: 0,0000 s
abr 04, 2013 12:33:04 PM org.ros.time.RemoteUptimeClock update
INFO: Latency: 7,0000 s, Delta ratio: 1,0000, Drift: 1,000, Error reduction coefficient: 0,000, Error: 0,0000 s
abr 04, 2013 12:33:04 PM org.ros.time.RemoteUptimeClock update
INFO: Latency: 7,0000 s, Delta ratio: 1,0000, Drift: 1,000, Error reduction coefficient: 0,000, Error: 0,0000 s
abr 04, 2013 12:33:04 PM org.ros.time.RemoteUptimeClock update
INFO: Latency: 7,0000 s, Delta ratio: 1,0000, Drift: 1,000, Error reduction coefficient: 0,000, Error: 0,0000 s
abr 04, 2013 12:33:04 PM org.ros.time.RemoteUptimeClock update
INFO: Latency: 7,0000 s, Delta ratio: 1,0000, Drift: 1,000, Error reduction coefficient: 0,000, Error: 0,0000 s
abr 04, 2013 12:33:04 PM org.ros.time.RemoteUptimeClock update
INFO: Latency: 7,0000 s, Delta ratio: 1,0000, Drift: 1,000, Error reduction coefficient: 0,000, Error: 0,0000 s
abr 04, 2013 12:33:04 PM org.ros.time.RemoteUptimeClock update
INFO: Latency: 7,0000 s, Delta ratio: 1,0000, Drift: 1,000, Error reduction coefficient: 0,000, Error: 0,0000 s
abr 04, 2013 12:33:04 PM org.ros.time.RemoteUptimeClock update
INFO: Latency: 7,0000 s, Delta ratio: 1,0000, Drift: 1,000, Error reduction coefficient: 0,000, Error: 0,0000 s
abr 04, 2013 12:33:04 PM org.ros.time.RemoteUptimeClock update
INFO: Latency: 7,0000 s, Delta ratio: 1,0000, Drift: 1,000, Error reduction coefficient: 0,000, Error: 0,0000 s
abr 04, 2013 12:33:04 PM org.ros.time.RemoteUptimeClock update
INFO: Latency: 7,0000 s, Delta ratio: 1,0000, Drift: 1,000, Error reduction coefficient: 0,000, Error: 0,0000 s
abr 04, 2013 12:33:04 PM org.ros.time.RemoteUptimeClock update
INFO: Latency: 7,0000 s, Delta ratio: 1,0000, Drift: 1,000, Error reduction coefficient: 0,000, Error: 0,0000 s
abr 04, 2013 12:33:04 PM org.ros.time.RemoteUptimeClock update
INFO: Latency: 7,0000 s, Delta ratio: 1,0000, Drift: 1,000, Error reduction coefficient: 0,000, Error: 0,0000 s
abr 04, 2013 12:33:04 PM org.ros.time.RemoteUptimeClock update
INFO: Latency: 7,0000 s, Delta ratio: 1,0000, Drift: 1,000, Error reduction coefficient: 0,000, Error: 0,0000 s
abr 04, 2013 12:33:04 PM org.ros.time.RemoteUptimeClock update
INFO: Latency: 7,0000 s, Delta ratio: 1,0000, Drift: 1,000, Error reduction coefficient: 0,000, Error: 0,0000 s
abr 04, 2013 12:33:04 PM org.ros.time.RemoteUptimeClock update
INFO: Latency: 7,0000 s, Delta ratio: 1,0000, Drift: 1,000, Error reduction coefficient: 0,000, Error: 0,0000 s
abr 04, 2013 12:33:04 PM org.ros.time.RemoteUptimeClock update
INFO: Latency: 7,0000 s, Delta ratio: 1,0000, Drift: 1,000, Error reduction coefficient: 0,000, Error: 0,0000 s
abr 04, 2013 12:33:04 PM org.ros.time.RemoteUptimeClock update
INFO: Latency: 7,0000 s, Delta ratio: 1,0000, Drift: 1,000, Error reduction coefficient: 0,000, Error: 0,0000 s
abr 04, 2013 12:33:04 PM org.ros.time.RemoteUptimeClock update
INFO: Latency: 7,0000 s, Delta ratio: 1,0000, Drift: 1,000, Error reduction coefficient: 0,000, Error: 0,0000 s
abr 04, 2013 12:33:04 PM org.ros.time.RemoteUptimeClock update
INFO: Latency: 7,0000 s, Delta ratio: 1,0000, Drift: 1,000, Error reduction coefficient: 0,000, Error: 0,0000 s
abr 04, 2013 12:33:04 PM org.ros.time.RemoteUptimeClock update
INFO: Latency: 7,0000 s, Delta ratio: 1,0000, Drift: 1,000, Error reduction coefficient: 0,000, Error: 0,0000 s
abr 04, 2013 12:33:04 PM org.ros.time.RemoteUptimeClock update
INFO: Latency: 7,0000 s, Delta ratio: 1,0000, Drift: 1,000, Error reduction coefficient: 0,000, Error: 0,0000 s
abr 04, 2013 12:33:04 PM org.ros.time.RemoteUptimeClock update
INFO: Latency: 7,0000 s, Delta ratio: 1,0000, Drift: 1,000, Error reduction coefficient: 0,000, Error: 0,0000 s
abr 04, 2013 12:33:04 PM org.ros.time.RemoteUptimeClock update
INFO: Latency: 7,0000 s, Delta ratio: 1,0000, Drift: 1,000, Error reduction coefficient: 0,000, Error: 0,0000 s
abr 04, 2013 12:33:04 PM org.ros.time.RemoteUptimeClock update
INFO: Latency: 7,0000 s, Delta ratio: 1,0000, Drift: 1,000, Error reduction coefficient: 0,000, Error: 0,0000 s
abr 04, 2013 12:33:04 PM org.ros.time.RemoteUptimeClock update
INFO: Latency: 7,0000 s, Delta ratio: 1,0000, Drift: 1,000, Error reduction coefficient: 0,000, Error: 0,0000 s
abr 04, 2013 12:33:04 PM org.ros.time.RemoteUptimeClock update
INFO: Latency: 7,0000 s, Delta ratio: 1,0000, Drift: 1,000, Error reduction coefficient: 0,000, Error: 0,0000 s
abr 04, 2013 12:33:04 PM org.ros.time.RemoteUptimeClock update
INFO: Latency: 7,0000 s, Delta ratio: 1,0000, Drift: 1,000, Error reduction coefficient: 0,000, Error: 0,0000 s
abr 04, 2013 12:33:04 PM org.ros.time.RemoteUptimeClock update
INFO: Latency: 7,0000 s, Delta ratio: 1,0000, Drift: 1,000, Error reduction coefficient: 0,000, Error: 0,0000 s
abr 04, 2013 12:33:04 PM org.ros.time.RemoteUptimeClock update
INFO: Latency: 7,0000 s, Delta ratio: 1,0000, Drift: 1,000, Error reduction coefficient: 0,000, Error: 0,0000 s
abr 04, 2013 12:33:04 PM org.ros.time.RemoteUptimeClock update
INFO: Latency: 7,0000 s, Delta ratio: 1,0000, Drift: 1,000, Error reduction coefficient: 0,000, Error: 0,0000 s
abr 04, 2013 12:33:04 PM org.ros.time.RemoteUptimeClock update
INFO: Latency: 7,0000 s, Delta ratio: 1,0000, Drift: 1,000, Error reduction coefficient: 0,000, Error: 0,0000 s
abr 04, 2013 12:33:04 PM org.ros.time.RemoteUptimeClock update
INFO: Latency: 7,0000 s, Delta ratio: 1,0000, Drift: 1,000, Error reduction coefficient: 0,000, Error: 0,0000 s
abr 04, 2013 12:33:04 PM org.ros.time.RemoteUptimeClock update
INFO: Latency: 7,0000 s, Delta ratio: 1,0000, Drift: 1,000, Error reduction coefficient: 0,000, Error: 0,0000 s
abr 04, 2013 12:33:04 PM org.ros.time.RemoteUptimeClock update
INFO: Latency: 7,0000 s, Delta ratio: 1,0000, Drift: 1,000, Error reduction coefficient: 0,000, Error: 0,0000 s
abr 04, 2013 12:33:04 PM org.ros.time.RemoteUptimeClock update
INFO: Latency: 7,0000 s, Delta ratio: 1,0000, Drift: 1,000, Error reduction coefficient: 0,000, Error: 0,0000 s
abr 04, 2013 12:33:04 PM org.ros.time.RemoteUptimeClock update
INFO: Latency: 7,0000 s, Delta ratio: 1,0000, Drift: 1,000, Error reduction coefficient: 0,000, Error: 0,0000 s
abr 04, 2013 12:33:04 PM org.ros.time.RemoteUptimeClock update
INFO: Latency: 7,0000 s, Delta ratio: 1,0000, Drift: 1,000, Error reduction coefficient: 0,000, Error: 0,0000 s
abr 04, 2013 12:33:04 PM org.ros.time.RemoteUptimeClock update
INFO: Latency: 7,0000 s, Delta ratio: 1,0000, Drift: 1,000, Error reduction coefficient: 0,000, Error: 0,0000 s
abr 04, 2013 12:33:04 PM org.ros.time.RemoteUptimeClock update
INFO: Latency: 7,0000 s, Delta ratio: 1,0000, Drift: 1,000, Error reduction coefficient: 0,000, Error: 0,0000 s
abr 04, 2013 12:33:04 PM org.ros.time.RemoteUptimeClock update
INFO: Latency: 7,0000 s, Delta ratio: 1,0000, Drift: 1,000, Error reduction coefficient: 0,000, Error: 0,0000 s
abr 04, 2013 12:33:04 PM org.ros.time.RemoteUptimeClock update
INFO: Latency: 7,0000 s, Delta ratio: 1,0000, Drift: 1,000, Error reduction coefficient: 0,000, Error: 0,0000 s
abr 04, 2013 12:33:04 PM org.ros.time.RemoteUptimeClock update
INFO: Latency: 7,0000 s, Delta ratio: 1,0000, Drift: 1,000, Error reduction coefficient: 0,000, Error: 0,0000 s
abr 04, 2013 12:33:04 PM org.ros.time.RemoteUptimeClock update
INFO: Latency: 7,0000 s, Delta ratio: 1,0000, Drift: 1,000, Error reduction coefficient: 0,000, Error: 0,0000 s
abr 04, 2013 12:33:04 PM org.ros.time.RemoteUptimeClock update
INFO: Latency: 7,0000 s, Delta ratio: 1,0000, Drift: 1,000, Error reduction coefficient: 0,000, Error: 0,0000 s
abr 04, 2013 12:33:04 PM org.ros.time.RemoteUptimeClock update
INFO: Latency: 7,0000 s, Delta ratio: 1,0000, Drift: 1,000, Error reduction coefficient: 0,000, Error: 0,0000 s
abr 04, 2013 12:33:04 PM org.ros.time.RemoteUptimeClock update
INFO: Latency: 7,0000 s, Delta ratio: 1,0000, Drift: 1,000, Error reduction coefficient: 0,000, Error: 0,0000 s
abr 04, 2013 12:33:04 PM org.ros.time.RemoteUptimeClock update
INFO: Latency: 7,0000 s, Delta ratio: 1,0000, Drift: 1,000, Error reduction coefficient: 0,000, Error: 0,0000 s
abr 04, 2013 12:33:04 PM org.ros.time.RemoteUptimeClock update
INFO: Latency: 7,0000 s, Delta ratio: 1,0000, Drift: 1,000, Error reduction coefficient: 0,000, Error: 0,0000 s
abr 04, 2013 12:33:04 PM org.ros.time.RemoteUptimeClock update
INFO: Latency: 7,0000 s, Delta ratio: 1,0000, Drift: 1,000, Error reduction coefficient: 0,000, Error: 0,0000 s
abr 04, 2013 12:33:04 PM org.ros.time.RemoteUptimeClock update
INFO: Latency: 7,0000 s, Delta ratio: 1,0000, Drift: 1,000, Error reduction coefficient: 0,000, Error: 0,0000 s
abr 04, 2013 12:33:04 PM org.ros.time.RemoteUptimeClock update
INFO: Latency: 7,0000 s, Delta ratio: 1,0000, Drift: 1,000, Error reduction coefficient: 0,000, Error: 0,0000 s
abr 04, 2013 12:33:04 PM org.ros.time.RemoteUptimeClock update
INFO: Latency: 7,0000 s, Delta ratio: 1,0000, Drift: 1,000, Error reduction coefficient: 0,000, Error: 0,0000 s
abr 04, 2013 12:33:04 PM org.ros.time.RemoteUptimeClock update
INFO: Latency: 7,0000 s, Delta ratio: 1,0000, Drift: 1,000, Error reduction coefficient: 0,000, Error: 0,0000 s
abr 04, 2013 12:33:04 PM org.ros.time.RemoteUptimeClock update
INFO: Latency: 7,0000 s, Delta ratio: 1,0000, Drift: 1,000, Error reduction coefficient: 0,000, Error: 0,0000 s
abr 04, 2013 12:33:04 PM org.ros.time.RemoteUptimeClock update
INFO: Latency: 7,0000 s, Delta ratio: 1,0000, Drift: 1,000, Error reduction coefficient: 0,000, Error: 0,0000 s
abr 04, 2013 12:33:04 PM org.ros.time.RemoteUptimeClock update
INFO: Latency: 7,0000 s, Delta ratio: 1,0000, Drift: 1,000, Error reduction coefficient: 0,000, Error: 0,0000 s
abr 04, 2013 12:33:04 PM org.ros.time.RemoteUptimeClock update
INFO: Latency: 7,0000 s, Delta ratio: 1,0000, Drift: 1,000, Error reduction coefficient: 0,000, Error: 0,0000 s
abr 04, 2013 12:33:04 PM org.ros.time.RemoteUptimeClock update
INFO: Latency: 7,0000 s, Delta ratio: 1,0000, Drift: 1,000, Error reduction coefficient: 0,000, Error: 0,0000 s
abr 04, 2013 12:33:04 PM org.ros.time.RemoteUptimeClock update
INFO: Latency: 7,0000 s, Delta ratio: 1,0000, Drift: 1,000, Error reduction coefficient: 0,000, Error: 0,0000 s
abr 04, 2013 12:33:04 PM org.ros.time.RemoteUptimeClock update
INFO: Latency: 7,0000 s, Delta ratio: 1,0000, Drift: 1,000, Error reduction coefficient: 0,000, Error: 0,0000 s
abr 04, 2013 12:33:04 PM org.ros.time.RemoteUptimeClock update
INFO: Latency: 7,0000 s, Delta ratio: 1,0000, Drift: 1,000, Error reduction coefficient: 0,000, Error: 0,0000 s
abr 04, 2013 12:33:04 PM org.ros.time.RemoteUptimeClock update
INFO: Latency: 7,0000 s, Delta ratio: 1,0000, Drift: 1,000, Error reduction coefficient: 0,000, Error: 0,0000 s
abr 04, 2013 12:33:04 PM org.ros.time.RemoteUptimeClock update
INFO: Latency: 7,0000 s, Delta ratio: 1,0000, Drift: 1,000, Error reduction coefficient: 0,000, Error: 0,0000 s
abr 04, 2013 12:33:04 PM org.ros.time.RemoteUptimeClock update
INFO: Latency: 7,0000 s, Delta ratio: 1,0000, Drift: 1,000, Error reduction coefficient: 0,000, Error: 0,0000 s
abr 04, 2013 12:33:04 PM org.ros.time.RemoteUptimeClock update
INFO: Latency: 7,0000 s, Delta ratio: 1,0000, Drift: 1,000, Error reduction coefficient: 0,000, Error: 0,0000 s
abr 04, 2013 12:33:04 PM org.ros.time.RemoteUptimeClock update
INFO: Latency: 7,0000 s, Delta ratio: 1,0000, Drift: 1,000, Error reduction coefficient: 0,000, Error: 0,0000 s
abr 04, 2013 12:33:04 PM org.ros.time.RemoteUptimeClock update
INFO: Latency: 7,0000 s, Delta ratio: 1,0000, Drift: 1,000, Error reduction coefficient: 0,000, Error: 0,0000 s
abr 04, 2013 12:33:04 PM org.ros.time.RemoteUptimeClock update
INFO: Latency: 7,0000 s, Delta ratio: 1,0000, Drift: 1,000, Error reduction coefficient: 0,000, Error: 0,0000 s
abr 04, 2013 12:33:04 PM org.ros.time.RemoteUptimeClock update
INFO: Latency: 7,0000 s, Delta ratio: 1,0000, Drift: 1,000, Error reduction coefficient: 0,000, Error: 0,0000 s
abr 04, 2013 12:33:04 PM org.ros.time.RemoteUptimeClock update
INFO: Latency: 7,0000 s, Delta ratio: 1,0000, Drift: 1,000, Error reduction coefficient: 0,000, Error: 0,0000 s
abr 04, 2013 12:33:04 PM org.ros.time.RemoteUptimeClock update
INFO: Latency: 7,0000 s, Delta ratio: 1,0000, Drift: 1,000, Error reduction coefficient: 0,000, Error: 0,0000 s
abr 04, 2013 12:33:04 PM org.ros.time.RemoteUptimeClock update
INFO: Latency: 7,0000 s, Delta ratio: 1,0000, Drift: 1,000, Error reduction coefficient: 0,000, Error: 0,0000 s
abr 04, 2013 12:33:04 PM org.ros.time.RemoteUptimeClock update
INFO: Latency: 7,0000 s, Delta ratio: 1,0000, Drift: 1,000, Error reduction coefficient: 0,000, Error: 0,0000 s
abr 04, 2013 12:33:04 PM org.ros.time.RemoteUptimeClock update
INFO: Latency: 7,0000 s, Delta ratio: 1,0000, Drift: 1,000, Error reduction coefficient: 0,000, Error: 0,0000 s
abr 04, 2013 12:33:04 PM org.ros.time.RemoteUptimeClock update
INFO: Latency: 7,0000 s, Delta ratio: 1,0000, Drift: 1,000, Error reduction coefficient: 0,000, Error: 0,0000 s
abr 04, 2013 12:33:04 PM org.ros.time.RemoteUptimeClock update
INFO: Latency: 7,0000 s, Delta ratio: 1,0000, Drift: 1,000, Error reduction coefficient: 0,000, Error: 0,0000 s
abr 04, 2013 12:33:04 PM org.ros.time.RemoteUptimeClock update
INFO: Latency: 7,0000 s, Delta ratio: 1,0000, Drift: 1,000, Error reduction coefficient: 0,000, Error: 0,0000 s
abr 04, 2013 12:33:04 PM org.ros.time.RemoteUptimeClock update
INFO: Latency: 7,0000 s, Delta ratio: 1,0000, Drift: 1,000, Error reduction coefficient: 0,000, Error: 0,0000 s
abr 04, 2013 12:33:04 PM org.ros.time.RemoteUptimeClock update
INFO: Latency: 7,0000 s, Delta ratio: 1,0000, Drift: 1,000, Error reduction coefficient: 0,000, Error: 0,0000 s
abr 04, 2013 12:33:04 PM org.ros.time.RemoteUptimeClock update
INFO: Latency: 7,0000 s, Delta ratio: 1,0000, Drift: 1,000, Error reduction coefficient: 0,000, Error: 0,0000 s
abr 04, 2013 12:33:04 PM org.ros.time.RemoteUptimeClock update
INFO: Latency: 7,0000 s, Delta ratio: 1,0000, Drift: 1,000, Error reduction coefficient: 0,000, Error: 0,0000 s
abr 04, 2013 12:33:04 PM org.ros.time.RemoteUptimeClock update
INFO: Latency: 7,0000 s, Delta ratio: 1,0000, Drift: 1,000, Error reduction coefficient: 0,000, Error: 0,0000 s
abr 04, 2013 12:33:04 PM org.ros.time.RemoteUptimeClock update
INFO: Latency: 7,0000 s, Delta ratio: 1,0000, Drift: 1,000, Error reduction coefficient: 0,000, Error: 0,0000 s
abr 04, 2013 12:33:04 PM org.ros.time.RemoteUptimeClock update
INFO: Latency: 7,0000 s, Delta ratio: 1,0000, Drift: 1,000, Error reduction coefficient: 0,000, Error: 0,0000 s
abr 04, 2013 12:33:04 PM org.ros.time.RemoteUptimeClock update
INFO: Latency: 7,0000 s, Delta ratio: 1,0000, Drift: 1,000, Error reduction coefficient: 0,000, Error: 0,0000 s
abr 04, 2013 12:33:04 PM org.ros.time.RemoteUptimeClock update
INFO: Latency: 7,0000 s, Delta ratio: 1,0000, Drift: 1,000, Error reduction coefficient: 0,000, Error: 0,0000 s
abr 04, 2013 12:33:04 PM org.ros.time.RemoteUptimeClock update
INFO: Latency: 7,0000 s, Delta ratio: 1,0000, Drift: 1,000, Error reduction coefficient: 0,000, Error: 0,0000 s
abr 04, 2013 12:33:04 PM org.ros.time.RemoteUptimeClock update
INFO: Latency: 7,0000 s, Delta ratio: 1,0000, Drift: 1,000, Error reduction coefficient: 0,000, Error: 0,0000 s
abr 04, 2013 12:33:04 PM org.ros.time.RemoteUptimeClock update
INFO: Latency: 7,0000 s, Delta ratio: 1,0000, Drift: 1,000, Error reduction coefficient: 0,000, Error: 0,0000 s
abr 04, 2013 12:33:04 PM org.ros.time.RemoteUptimeClock update
INFO: Latency: 7,0000 s, Delta ratio: 1,0000, Drift: 1,000, Error reduction coefficient: 0,000, Error: 0,0000 s
abr 04, 2013 12:33:04 PM org.ros.time.RemoteUptimeClock update
INFO: Latency: 7,0000 s, Delta ratio: 1,0000, Drift: 1,000, Error reduction coefficient: 0,000, Error: 0,0000 s
abr 04, 2013 12:33:04 PM org.ros.time.RemoteUptimeClock update
INFO: Latency: 7,0000 s, Delta ratio: 1,0000, Drift: 1,000, Error reduction coefficient: 0,000, Error: 0,0000 s
abr 04, 2013 12:33:04 PM org.ros.time.RemoteUptimeClock update
INFO: Latency: 7,0000 s, Delta ratio: 1,0000, Drift: 1,000, Error reduction coefficient: 0,000, Error: 0,0000 s
abr 04, 2013 12:33:04 PM org.ros.time.RemoteUptimeClock update
INFO: Latency: 7,0000 s, Delta ratio: 1,0000, Drift: 1,000, Error reduction coefficient: 0,000, Error: 0,0000 s
abr 04, 2013 12:33:04 PM org.ros.time.RemoteUptimeClock update
INFO: Latency: 7,0000 s, Delta ratio: 1,0000, Drift: 1,000, Error reduction coefficient: 0,000, Error: 0,0000 s
abr 04, 2013 12:33:04 PM org.ros.time.RemoteUptimeClock update
INFO: Latency: 7,0000 s, Delta ratio: 1,0000, Drift: 1,000, Error reduction coefficient: 0,000, Error: 0,0000 s
abr 04, 2013 12:33:04 PM org.ros.time.RemoteUptimeClock update
INFO: Latency: 7,0000 s, Delta ratio: 1,0000, Drift: 1,000, Error reduction coefficient: 0,000, Error: 0,0000 s
abr 04, 2013 12:33:04 PM org.ros.time.RemoteUptimeClock update
INFO: Latency: 7,0000 s, Delta ratio: 1,0000, Drift: 1,000, Error reduction coefficient: 0,000, Error: 0,0000 s
abr 04, 2013 12:33:04 PM org.ros.time.RemoteUptimeClock update
INFO: Latency: 7,0000 s, Delta ratio: 1,0000, Drift: 1,000, Error reduction coefficient: 0,000, Error: 0,0000 s
abr 04, 2013 12:33:04 PM org.ros.time.RemoteUptimeClock update
INFO: Latency: 7,0000 s, Delta ratio: 1,0000, Drift: 1,000, Error reduction coefficient: 0,000, Error: 0,0000 s
abr 04, 2013 12:33:04 PM org.ros.time.RemoteUptimeClock update
INFO: Latency: 7,0000 s, Delta ratio: 1,0000, Drift: 1,000, Error reduction coefficient: 0,000, Error: 0,0000 s
abr 04, 2013 12:33:04 PM org.ros.time.RemoteUptimeClock update
INFO: Latency: 7,0000 s, Delta ratio: 1,0000, Drift: 1,000, Error reduction coefficient: 0,000, Error: 0,0000 s
abr 04, 2013 12:33:04 PM org.ros.time.RemoteUptimeClock update
INFO: Latency: 7,0000 s, Delta ratio: 1,0000, Drift: 1,000, Error reduction coefficient: 0,000, Error: 0,0000 s
abr 04, 2013 12:33:04 PM org.ros.time.RemoteUptimeClock update
INFO: Latency: 7,0000 s, Delta ratio: 1,0000, Drift: 1,000, Error reduction coefficient: 0,000, Error: 0,0000 s
abr 04, 2013 12:33:04 PM org.ros.time.RemoteUptimeClock update
INFO: Latency: 7,0000 s, Delta ratio: 1,0000, Drift: 1,000, Error reduction coefficient: 0,000, Error: 0,0000 s
abr 04, 2013 12:33:04 PM org.ros.time.RemoteUptimeClock update
INFO: Latency: 7,0000 s, Delta ratio: 1,0000, Drift: 1,000, Error reduction coefficient: 0,000, Error: 0,0000 s
abr 04, 2013 12:33:04 PM org.ros.time.RemoteUptimeClock update
INFO: Latency: 7,0000 s, Delta ratio: 1,0000, Drift: 1,000, Error reduction coefficient: 0,000, Error: 0,0000 s
abr 04, 2013 12:33:04 PM org.ros.time.RemoteUptimeClock update
INFO: Latency: 7,0000 s, Delta ratio: 1,0000, Drift: 1,000, Error reduction coefficient: 0,000, Error: 0,0000 s
abr 04, 2013 12:33:04 PM org.ros.time.RemoteUptimeClock update
INFO: Latency: 7,0000 s, Delta ratio: 1,0000, Drift: 1,000, Error reduction coefficient: 0,000, Error: 0,0000 s
abr 04, 2013 12:33:04 PM org.ros.time.RemoteUptimeClock update
INFO: Latency: 7,0000 s, Delta ratio: 1,0000, Drift: 1,000, Error reduction coefficient: 0,000, Error: 0,0000 s
abr 04, 2013 12:33:04 PM org.ros.time.RemoteUptimeClock update
INFO: Latency: 7,0000 s, Delta ratio: 1,0000, Drift: 1,000, Error reduction coefficient: 0,000, Error: 0,0000 s
abr 04, 2013 12:33:04 PM org.ros.time.RemoteUptimeClock update
INFO: Latency: 7,0000 s, Delta ratio: 1,0000, Drift: 1,000, Error reduction coefficient: 0,000, Error: 0,0000 s
abr 04, 2013 12:33:04 PM org.ros.time.RemoteUptimeClock update
INFO: Latency: 7,0000 s, Delta ratio: 1,0000, Drift: 1,000, Error reduction coefficient: 0,000, Error: 0,0000 s
abr 04, 2013 12:33:04 PM org.ros.time.RemoteUptimeClock update
INFO: Latency: 7,0000 s, Delta ratio: 1,0000, Drift: 1,000, Error reduction coefficient: 0,000, Error: 0,0000 s
abr 04, 2013 12:33:04 PM org.ros.time.RemoteUptimeClock update
INFO: Latency: 7,0000 s, Delta ratio: 1,0000, Drift: 1,000, Error reduction coefficient: 0,000, Error: 0,0000 s
abr 04, 2013 12:33:04 PM org.ros.time.RemoteUptimeClock update
INFO: Latency: 7,0000 s, Delta ratio: 1,0000, Drift: 1,000, Error reduction coefficient: 0,000, Error: 0,0000 s
abr 04, 2013 12:33:04 PM org.ros.time.RemoteUptimeClock update
INFO: Latency: 7,0000 s, Delta ratio: 1,0000, Drift: 1,000, Error reduction coefficient: 0,000, Error: 0,0000 s
abr 04, 2013 12:33:04 PM org.ros.time.RemoteUptimeClock update
INFO: Latency: 7,0000 s, Delta ratio: 1,0000, Drift: 1,000, Error reduction coefficient: 0,000, Error: 0,0000 s
abr 04, 2013 12:33:04 PM org.ros.time.RemoteUptimeClock update
INFO: Latency: 7,0000 s, Delta ratio: 1,0000, Drift: 1,000, Error reduction coefficient: 0,000, Error: 0,0000 s
abr 04, 2013 12:33:04 PM org.ros.time.RemoteUptimeClock update
INFO: Latency: 7,0000 s, Delta ratio: 1,0000, Drift: 1,000, Error reduction coefficient: 0,000, Error: 0,0000 s
abr 04, 2013 12:33:04 PM org.ros.time.RemoteUptimeClock update
INFO: Latency: 7,0000 s, Delta ratio: 1,0000, Drift: 1,000, Error reduction coefficient: 0,000, Error: 0,0000 s
abr 04, 2013 12:33:04 PM org.ros.time.RemoteUptimeClock update
INFO: Latency: 7,0000 s, Delta ratio: 1,0000, Drift: 1,000, Error reduction coefficient: 0,000, Error: 0,0000 s
abr 04, 2013 12:33:04 PM org.ros.time.RemoteUptimeClock update
INFO: Latency: 7,0000 s, Delta ratio: 1,0000, Drift: 1,000, Error reduction coefficient: 0,000, Error: 0,0000 s
abr 04, 2013 12:33:04 PM org.ros.time.RemoteUptimeClock update
INFO: Latency: 7,0000 s, Delta ratio: 1,0000, Drift: 1,000, Error reduction coefficient: 0,000, Error: 0,0000 s
abr 04, 2013 12:33:04 PM org.ros.time.RemoteUptimeClock update
INFO: Latency: 7,0000 s, Delta ratio: 1,0000, Drift: 1,000, Error reduction coefficient: 0,000, Error: 0,0000 s
abr 04, 2013 12:33:04 PM org.ros.time.RemoteUptimeClock update
INFO: Latency: 7,0000 s, Delta ratio: 1,0000, Drift: 1,000, Error reduction coefficient: 0,000, Error: 0,0000 s
abr 04, 2013 12:33:04 PM org.ros.time.RemoteUptimeClock update
INFO: Latency: 7,0000 s, Delta ratio: 1,0000, Drift: 1,000, Error reduction coefficient: 0,000, Error: 0,0000 s
abr 04, 2013 12:33:04 PM org.ros.time.RemoteUptimeClock update
INFO: Latency: 7,0000 s, Delta ratio: 1,0000, Drift: 1,000, Error reduction coefficient: 0,000, Error: 0,0000 s
abr 04, 2013 12:33:04 PM org.ros.time.RemoteUptimeClock update
INFO: Latency: 7,0000 s, Delta ratio: 1,0000, Drift: 1,000, Error reduction coefficient: 0,000, Error: 0,0000 s
abr 04, 2013 12:33:04 PM org.ros.time.RemoteUptimeClock update
INFO: Latency: 7,0000 s, Delta ratio: 1,0000, Drift: 1,000, Error reduction coefficient: 0,000, Error: 0,0000 s
abr 04, 2013 12:33:04 PM org.ros.time.RemoteUptimeClock update
INFO: Latency: 7,0000 s, Delta ratio: 1,0000, Drift: 1,000, Error reduction coefficient: 0,000, Error: 0,0000 s
abr 04, 2013 12:33:04 PM org.ros.time.RemoteUptimeClock update
INFO: Latency: 7,0000 s, Delta ratio: 1,0000, Drift: 1,000, Error reduction coefficient: 0,000, Error: 0,0000 s
abr 04, 2013 12:33:04 PM org.ros.time.RemoteUptimeClock update
INFO: Latency: 7,0000 s, Delta ratio: 1,0000, Drift: 1,000, Error reduction coefficient: 0,000, Error: 0,0000 s
abr 04, 2013 12:33:04 PM org.ros.time.RemoteUptimeClock update
INFO: Latency: 7,0000 s, Delta ratio: 1,0000, Drift: 1,000, Error reduction coefficient: 0,000, Error: 0,0000 s
abr 04, 2013 12:33:04 PM org.ros.time.RemoteUptimeClock update
INFO: Latency: 7,0000 s, Delta ratio: 1,0000, Drift: 1,000, Error reduction coefficient: 0,000, Error: 0,0000 s
abr 04, 2013 12:33:04 PM org.ros.time.RemoteUptimeClock update
INFO: Latency: 7,0000 s, Delta ratio: 1,0000, Drift: 1,000, Error reduction coefficient: 0,000, Error: 0,0000 s
abr 04, 2013 12:33:04 PM org.ros.time.RemoteUptimeClock update
INFO: Latency: 7,0000 s, Delta ratio: 1,0000, Drift: 1,000, Error reduction coefficient: 0,000, Error: 0,0000 s
abr 04, 2013 12:33:04 PM org.ros.time.RemoteUptimeClock update
INFO: Latency: 7,0000 s, Delta ratio: 1,0000, Drift: 1,000, Error reduction coefficient: 0,000, Error: 0,0000 s
abr 04, 2013 12:33:04 PM org.ros.time.RemoteUptimeClock update
INFO: Latency: 7,0000 s, Delta ratio: 1,0000, Drift: 1,000, Error reduction coefficient: 0,000, Error: 0,0000 s
abr 04, 2013 12:33:04 PM org.ros.time.RemoteUptimeClock update
INFO: Latency: 7,0000 s, Delta ratio: 1,0000, Drift: 1,000, Error reduction coefficient: 0,000, Error: 0,0000 s
abr 04, 2013 12:33:04 PM org.ros.time.RemoteUptimeClock update
INFO: Latency: 7,0000 s, Delta ratio: 1,0000, Drift: 1,000, Error reduction coefficient: 0,000, Error: 0,0000 s
abr 04, 2013 12:33:04 PM org.ros.time.RemoteUptimeClock update
INFO: Latency: 7,0000 s, Delta ratio: 1,0000, Drift: 1,000, Error reduction coefficient: 0,000, Error: 0,0000 s
abr 04, 2013 12:33:04 PM org.ros.time.RemoteUptimeClock update
INFO: Latency: 7,0000 s, Delta ratio: 1,0000, Drift: 1,000, Error reduction coefficient: 0,000, Error: 0,0000 s
abr 04, 2013 12:33:04 PM org.ros.time.RemoteUptimeClock update
INFO: Latency: 7,0000 s, Delta ratio: 1,0000, Drift: 1,000, Error reduction coefficient: 0,000, Error: 0,0000 s
abr 04, 2013 12:33:04 PM org.ros.time.RemoteUptimeClock update
INFO: Latency: 7,0000 s, Delta ratio: 1,0000, Drift: 1,000, Error reduction coefficient: 0,000, Error: 0,0000 s
abr 04, 2013 12:33:04 PM org.ros.time.RemoteUptimeClock update
INFO: Latency: 7,0000 s, Delta ratio: 1,0000, Drift: 1,000, Error reduction coefficient: 0,000, Error: 0,0000 s
abr 04, 2013 12:33:04 PM org.ros.time.RemoteUptimeClock update
INFO: Latency: 7,0000 s, Delta ratio: 1,0000, Drift: 1,000, Error reduction coefficient: 0,000, Error: 0,0000 s
abr 04, 2013 12:33:04 PM org.ros.time.RemoteUptimeClock update
INFO: Latency: 7,0000 s, Delta ratio: 1,0000, Drift: 1,000, Error reduction coefficient: 0,000, Error: 0,0000 s
abr 04, 2013 12:33:04 PM org.ros.time.RemoteUptimeClock update
INFO: Latency: 7,0000 s, Delta ratio: 1,0000, Drift: 1,000, Error reduction coefficient: 0,000, Error: 0,0000 s
abr 04, 2013 12:33:04 PM org.ros.time.RemoteUptimeClock update
INFO: Latency: 7,0000 s, Delta ratio: 1,0000, Drift: 1,000, Error reduction coefficient: 0,000, Error: 0,0000 s
abr 04, 2013 12:33:04 PM org.ros.time.RemoteUptimeClock update
INFO: Latency: 7,0000 s, Delta ratio: 1,0000, Drift: 1,000, Error reduction coefficient: 0,000, Error: 0,0000 s
abr 04, 2013 12:33:04 PM org.ros.time.RemoteUptimeClock update
INFO: Latency: 7,0000 s, Delta ratio: 1,0000, Drift: 1,000, Error reduction coefficient: 0,000, Error: 0,0000 s
abr 04, 2013 12:33:04 PM org.ros.time.RemoteUptimeClock update
INFO: Latency: 7,0000 s, Delta ratio: 1,0000, Drift: 1,000, Error reduction coefficient: 0,000, Error: 0,0000 s
abr 04, 2013 12:33:04 PM org.ros.time.RemoteUptimeClock update
INFO: Latency: 7,0000 s, Delta ratio: 1,0000, Drift: 1,000, Error reduction coefficient: 0,000, Error: 0,0000 s
abr 04, 2013 12:33:04 PM org.ros.time.RemoteUptimeClock update
INFO: Latency: 7,0000 s, Delta ratio: 1,0000, Drift: 1,000, Error reduction coefficient: 0,000, Error: 0,0000 s
abr 04, 2013 12:33:04 PM org.ros.time.RemoteUptimeClock update
INFO: Latency: 7,0000 s, Delta ratio: 1,0000, Drift: 1,000, Error reduction coefficient: 0,000, Error: 0,0000 s
abr 04, 2013 12:33:04 PM org.ros.time.RemoteUptimeClock update
INFO: Latency: 7,0000 s, Delta ratio: 1,0000, Drift: 1,000, Error reduction coefficient: 0,000, Error: 0,0000 s
abr 04, 2013 12:33:04 PM org.ros.time.RemoteUptimeClock update
INFO: Latency: 7,0000 s, Delta ratio: 1,0000, Drift: 1,000, Error reduction coefficient: 0,000, Error: 0,0000 s
abr 04, 2013 12:33:04 PM org.ros.time.RemoteUptimeClock update
INFO: Latency: 7,0000 s, Delta ratio: 1,0000, Drift: 1,000, Error reduction coefficient: 0,000, Error: 0,0000 s
abr 04, 2013 12:33:04 PM org.ros.time.RemoteUptimeClock update
INFO: Latency: 7,0000 s, Delta ratio: 1,0000, Drift: 1,000, Error reduction coefficient: 0,000, Error: 0,0000 s
abr 04, 2013 12:33:04 PM org.ros.time.RemoteUptimeClock update
INFO: Latency: 7,0000 s, Delta ratio: 1,0000, Drift: 1,000, Error reduction coefficient: 0,000, Error: 0,0000 s
abr 04, 2013 12:33:04 PM org.ros.time.RemoteUptimeClock update
INFO: Latency: 7,0000 s, Delta ratio: 1,0000, Drift: 1,000, Error reduction coefficient: 0,000, Error: 0,0000 s
abr 04, 2013 12:33:04 PM org.ros.time.RemoteUptimeClock update
INFO: Latency: 7,0000 s, Delta ratio: 1,0000, Drift: 1,000, Error reduction coefficient: 0,000, Error: 0,0000 s
abr 04, 2013 12:33:04 PM org.ros.time.RemoteUptimeClock update
INFO: Latency: 7,0000 s, Delta ratio: 1,0000, Drift: 1,000, Error reduction coefficient: 0,000, Error: 0,0000 s
abr 04, 2013 12:33:04 PM org.ros.time.RemoteUptimeClock update
INFO: Latency: 7,0000 s, Delta ratio: 1,0000, Drift: 1,000, Error reduction coefficient: 0,000, Error: 0,0000 s
abr 04, 2013 12:33:04 PM org.ros.time.RemoteUptimeClock update
INFO: Latency: 7,0000 s, Delta ratio: 1,0000, Drift: 1,000, Error reduction coefficient: 0,000, Error: 0,0000 s
abr 04, 2013 12:33:04 PM org.ros.time.RemoteUptimeClock update
INFO: Latency: 7,0000 s, Delta ratio: 1,0000, Drift: 1,000, Error reduction coefficient: 0,000, Error: 0,0000 s
abr 04, 2013 12:33:04 PM org.ros.time.RemoteUptimeClock update
INFO: Latency: 7,0000 s, Delta ratio: 1,0000, Drift: 1,000, Error reduction coefficient: 0,000, Error: 0,0000 s
abr 04, 2013 12:33:04 PM org.ros.time.RemoteUptimeClock update
INFO: Latency: 7,0000 s, Delta ratio: 1,0000, Drift: 1,000, Error reduction coefficient: 0,000, Error: 0,0000 s
abr 04, 2013 12:33:04 PM org.ros.time.RemoteUptimeClock update
INFO: Latency: 7,0000 s, Delta ratio: 1,0000, Drift: 1,000, Error reduction coefficient: 0,000, Error: 0,0000 s
abr 04, 2013 12:33:04 PM org.ros.time.RemoteUptimeClock update
INFO: Latency: 7,0000 s, Delta ratio: 1,0000, Drift: 1,000, Error reduction coefficient: 0,000, Error: 0,0000 s
abr 04, 2013 12:33:04 PM org.ros.time.RemoteUptimeClock update
INFO: Latency: 7,0000 s, Delta ratio: 1,0000, Drift: 1,000, Error reduction coefficient: 0,000, Error: 0,0000 s
abr 04, 2013 12:33:04 PM org.ros.time.RemoteUptimeClock update
INFO: Latency: 7,0000 s, Delta ratio: 1,0000, Drift: 1,000, Error reduction coefficient: 0,000, Error: 0,0000 s
abr 04, 2013 12:33:04 PM org.ros.time.RemoteUptimeClock update
INFO: Latency: 7,0000 s, Delta ratio: 1,0000, Drift: 1,000, Error reduction coefficient: 0,000, Error: 0,0000 s
abr 04, 2013 12:33:04 PM org.ros.time.RemoteUptimeClock update
INFO: Latency: 7,0000 s, Delta ratio: 1,0000, Drift: 1,000, Error reduction coefficient: 0,000, Error: 0,0000 s
abr 04, 2013 12:33:04 PM org.ros.time.RemoteUptimeClock update
INFO: Latency: 7,0000 s, Delta ratio: 1,0000, Drift: 1,000, Error reduction coefficient: 0,000, Error: 0,0000 s
abr 04, 2013 12:33:04 PM org.ros.time.RemoteUptimeClock update
INFO: Latency: 7,0000 s, Delta ratio: 1,0000, Drift: 1,000, Error reduction coefficient: 0,000, Error: 0,0000 s
abr 04, 2013 12:33:04 PM org.ros.time.RemoteUptimeClock update
INFO: Latency: 7,0000 s, Delta ratio: 1,0000, Drift: 1,000, Error reduction coefficient: 0,000, Error: 0,0000 s
abr 04, 2013 12:33:04 PM org.ros.time.RemoteUptimeClock update
INFO: Latency: 7,0000 s, Delta ratio: 1,0000, Drift: 1,000, Error reduction coefficient: 0,000, Error: 0,0000 s
abr 04, 2013 12:33:04 PM org.ros.time.RemoteUptimeClock update
INFO: Latency: 7,0000 s, Delta ratio: 1,0000, Drift: 1,000, Error reduction coefficient: 0,000, Error: 0,0000 s
abr 04, 2013 12:33:04 PM org.ros.time.RemoteUptimeClock update
INFO: Latency: 7,0000 s, Delta ratio: 1,0000, Drift: 1,000, Error reduction coefficient: 0,000, Error: 0,0000 s
abr 04, 2013 12:33:04 PM org.ros.time.RemoteUptimeClock update
INFO: Latency: 7,0000 s, Delta ratio: 1,0000, Drift: 1,000, Error reduction coefficient: 0,000, Error: 0,0000 s
abr 04, 2013 12:33:04 PM org.ros.time.RemoteUptimeClock update
INFO: Latency: 7,0000 s, Delta ratio: 1,0000, Drift: 1,000, Error reduction coefficient: 0,000, Error: 0,0000 s
abr 04, 2013 12:33:04 PM org.ros.time.RemoteUptimeClock update
INFO: Latency: 7,0000 s, Delta ratio: 1,0000, Drift: 1,000, Error reduction coefficient: 0,000, Error: 0,0000 s
abr 04, 2013 12:33:04 PM org.ros.time.RemoteUptimeClock update
INFO: Latency: 7,0000 s, Delta ratio: 1,0000, Drift: 1,000, Error reduction coefficient: 0,000, Error: 0,0000 s
abr 04, 2013 12:33:04 PM org.ros.time.RemoteUptimeClock update
INFO: Latency: 7,0000 s, Delta ratio: 1,0000, Drift: 1,000, Error reduction coefficient: 0,000, Error: 0,0000 s
abr 04, 2013 12:33:04 PM org.ros.time.RemoteUptimeClock update
INFO: Latency: 7,0000 s, Delta ratio: 1,0000, Drift: 1,000, Error reduction coefficient: 0,000, Error: 0,0000 s
abr 04, 2013 12:33:04 PM org.ros.time.RemoteUptimeClock update
INFO: Latency: 7,0000 s, Delta ratio: 1,0000, Drift: 1,000, Error reduction coefficient: 0,000, Error: 0,0000 s
abr 04, 2013 12:33:04 PM org.ros.time.RemoteUptimeClock update
INFO: Latency: 7,0000 s, Delta ratio: 1,0000, Drift: 1,000, Error reduction coefficient: 0,000, Error: 0,0000 s
abr 04, 2013 12:33:04 PM org.ros.time.RemoteUptimeClock update
INFO: Latency: 7,0000 s, Delta ratio: 1,0000, Drift: 1,000, Error reduction coefficient: 0,000, Error: 0,0000 s
abr 04, 2013 12:33:04 PM org.ros.time.RemoteUptimeClock update
INFO: Latency: 7,0000 s, Delta ratio: 1,0000, Drift: 1,000, Error reduction coefficient: 0,000, Error: 0,0000 s
abr 04, 2013 12:33:04 PM org.ros.time.RemoteUptimeClock update
INFO: Latency: 7,0000 s, Delta ratio: 1,0000, Drift: 1,000, Error reduction coefficient: 0,000, Error: 0,0000 s
abr 04, 2013 12:33:04 PM org.ros.time.RemoteUptimeClock update
INFO: Latency: 7,0000 s, Delta ratio: 1,0000, Drift: 1,000, Error reduction coefficient: 0,000, Error: 0,0000 s
abr 04, 2013 12:33:04 PM org.ros.time.RemoteUptimeClock update
INFO: Latency: 7,0000 s, Delta ratio: 1,0000, Drift: 1,000, Error reduction coefficient: 0,000, Error: 0,0000 s
abr 04, 2013 12:33:04 PM org.ros.time.RemoteUptimeClock update
INFO: Latency: 7,0000 s, Delta ratio: 1,0000, Drift: 1,000, Error reduction coefficient: 0,000, Error: 0,0000 s
abr 04, 2013 12:33:04 PM org.ros.time.RemoteUptimeClock update
INFO: Latency: 7,0000 s, Delta ratio: 1,0000, Drift: 1,000, Error reduction coefficient: 0,000, Error: 0,0000 s
abr 04, 2013 12:33:04 PM org.ros.time.RemoteUptimeClock update
INFO: Latency: 7,0000 s, Delta ratio: 1,0000, Drift: 1,000, Error reduction coefficient: 0,000, Error: 0,0000 s
abr 04, 2013 12:33:04 PM org.ros.time.RemoteUptimeClock update
INFO: Latency: 7,0000 s, Delta ratio: 1,0000, Drift: 1,000, Error reduction coefficient: 0,000, Error: 0,0000 s
abr 04, 2013 12:33:04 PM org.ros.time.RemoteUptimeClock update
INFO: Latency: 7,0000 s, Delta ratio: 1,0000, Drift: 1,000, Error reduction coefficient: 0,000, Error: 0,0000 s
abr 04, 2013 12:33:04 PM org.ros.time.RemoteUptimeClock update
INFO: Latency: 7,0000 s, Delta ratio: 1,0000, Drift: 1,000, Error reduction coefficient: 0,000, Error: 0,0000 s
abr 04, 2013 12:33:04 PM org.ros.time.RemoteUptimeClock update
INFO: Latency: 7,0000 s, Delta ratio: 1,0000, Drift: 1,000, Error reduction coefficient: 0,000, Error: 0,0000 s
abr 04, 2013 12:33:04 PM org.ros.time.RemoteUptimeClock update
INFO: Latency: 7,0000 s, Delta ratio: 1,0000, Drift: 1,000, Error reduction coefficient: 0,000, Error: 0,0000 s
abr 04, 2013 12:33:04 PM org.ros.time.RemoteUptimeClock update
INFO: Latency: 7,0000 s, Delta ratio: 1,0000, Drift: 1,000, Error reduction coefficient: 0,000, Error: 0,0000 s
abr 04, 2013 12:33:04 PM org.ros.time.RemoteUptimeClock update
INFO: Latency: 7,0000 s, Delta ratio: 1,0000, Drift: 1,000, Error reduction coefficient: 0,000, Error: 0,0000 s
abr 04, 2013 12:33:04 PM org.ros.time.RemoteUptimeClock update
INFO: Latency: 7,0000 s, Delta ratio: 1,0000, Drift: 1,000, Error reduction coefficient: 0,000, Error: 0,0000 s
abr 04, 2013 12:33:04 PM org.ros.time.RemoteUptimeClock update
INFO: Latency: 7,0000 s, Delta ratio: 1,0000, Drift: 1,000, Error reduction coefficient: 0,000, Error: 0,0000 s
abr 04, 2013 12:33:04 PM org.ros.time.RemoteUptimeClock update
INFO: Latency: 7,0000 s, Delta ratio: 1,0000, Drift: 1,000, Error reduction coefficient: 0,000, Error: 0,0000 s
abr 04, 2013 12:33:04 PM org.ros.time.RemoteUptimeClock update
INFO: Latency: 7,0000 s, Delta ratio: 1,0000, Drift: 1,000, Error reduction coefficient: 0,000, Error: 0,0000 s
abr 04, 2013 12:33:04 PM org.ros.time.RemoteUptimeClock update
INFO: Latency: 7,0000 s, Delta ratio: 1,0000, Drift: 1,000, Error reduction coefficient: 0,000, Error: 0,0000 s
abr 04, 2013 12:33:04 PM org.ros.time.RemoteUptimeClock update
INFO: Latency: 7,0000 s, Delta ratio: 1,0000, Drift: 1,000, Error reduction coefficient: 0,000, Error: 0,0000 s
abr 04, 2013 12:33:04 PM org.ros.time.RemoteUptimeClock update
INFO: Latency: 7,0000 s, Delta ratio: 1,0000, Drift: 1,000, Error reduction coefficient: 0,000, Error: 0,0000 s
abr 04, 2013 12:33:04 PM org.ros.time.RemoteUptimeClock update
INFO: Latency: 7,0000 s, Delta ratio: 1,0000, Drift: 1,000, Error reduction coefficient: 0,000, Error: 0,0000 s
abr 04, 2013 12:33:04 PM org.ros.time.RemoteUptimeClock update
INFO: Latency: 7,0000 s, Delta ratio: 1,0000, Drift: 1,000, Error reduction coefficient: 0,000, Error: 0,0000 s
abr 04, 2013 12:33:04 PM org.ros.time.RemoteUptimeClock update
INFO: Latency: 7,0000 s, Delta ratio: 1,0000, Drift: 1,000, Error reduction coefficient: 0,000, Error: 0,0000 s
abr 04, 2013 12:33:04 PM org.ros.time.RemoteUptimeClock update
INFO: Latency: 7,0000 s, Delta ratio: 1,0000, Drift: 1,000, Error reduction coefficient: 0,000, Error: 0,0000 s
abr 04, 2013 12:33:04 PM org.ros.time.RemoteUptimeClock update
INFO: Latency: 7,0000 s, Delta ratio: 1,0000, Drift: 1,000, Error reduction coefficient: 0,000, Error: 0,0000 s
abr 04, 2013 12:33:04 PM org.ros.time.RemoteUptimeClock update
INFO: Latency: 7,0000 s, Delta ratio: 1,0000, Drift: 1,000, Error reduction coefficient: 0,000, Error: 0,0000 s
abr 04, 2013 12:33:04 PM org.ros.time.RemoteUptimeClock update
INFO: Latency: 7,0000 s, Delta ratio: 1,0000, Drift: 1,000, Error reduction coefficient: 0,000, Error: 0,0000 s
abr 04, 2013 12:33:04 PM org.ros.time.RemoteUptimeClock update
INFO: Latency: 7,0000 s, Delta ratio: 1,0000, Drift: 1,000, Error reduction coefficient: 0,000, Error: 0,0000 s
abr 04, 2013 12:33:04 PM org.ros.time.RemoteUptimeClock update
INFO: Latency: 7,0000 s, Delta ratio: 1,0000, Drift: 1,000, Error reduction coefficient: 0,000, Error: 0,0000 s
abr 04, 2013 12:33:04 PM org.ros.time.RemoteUptimeClock update
INFO: Latency: 7,0000 s, Delta ratio: 1,0000, Drift: 1,000, Error reduction coefficient: 0,000, Error: 0,0000 s
abr 04, 2013 12:33:04 PM org.ros.time.RemoteUptimeClock update
INFO: Latency: 7,0000 s, Delta ratio: 1,0000, Drift: 1,000, Error reduction coefficient: 0,000, Error: 0,0000 s
abr 04, 2013 12:33:04 PM org.ros.time.RemoteUptimeClock update
INFO: Latency: 7,0000 s, Delta ratio: 1,0000, Drift: 1,000, Error reduction coefficient: 0,000, Error: 0,0000 s
abr 04, 2013 12:33:04 PM org.ros.time.RemoteUptimeClock update
INFO: Latency: 7,0000 s, Delta ratio: 1,0000, Drift: 1,000, Error reduction coefficient: 0,000, Error: 0,0000 s
abr 04, 2013 12:33:04 PM org.ros.time.RemoteUptimeClock update
INFO: Latency: 7,0000 s, Delta ratio: 1,0000, Drift: 1,000, Error reduction coefficient: 0,000, Error: 0,0000 s
abr 04, 2013 12:33:04 PM org.ros.time.RemoteUptimeClock update
INFO: Latency: 7,0000 s, Delta ratio: 1,0000, Drift: 1,000, Error reduction coefficient: 0,000, Error: 0,0000 s
abr 04, 2013 12:33:04 PM org.ros.time.RemoteUptimeClock update
INFO: Latency: 7,0000 s, Delta ratio: 1,0000, Drift: 1,000, Error reduction coefficient: 0,000, Error: 0,0000 s
abr 04, 2013 12:33:04 PM org.ros.time.RemoteUptimeClock update
INFO: Latency: 7,0000 s, Delta ratio: 1,0000, Drift: 1,000, Error reduction coefficient: 0,000, Error: 0,0000 s
abr 04, 2013 12:33:04 PM org.ros.time.RemoteUptimeClock update
INFO: Latency: 7,0000 s, Delta ratio: 1,0000, Drift: 1,000, Error reduction coefficient: 0,000, Error: 0,0000 s
abr 04, 2013 12:33:04 PM org.ros.time.RemoteUptimeClock update
INFO: Latency: 7,0000 s, Delta ratio: 1,0000, Drift: 1,000, Error reduction coefficient: 0,000, Error: 0,0000 s
abr 04, 2013 12:33:04 PM org.ros.time.RemoteUptimeClock update
INFO: Latency: 7,0000 s, Delta ratio: 1,0000, Drift: 1,000, Error reduction coefficient: 0,000, Error: 0,0000 s
abr 04, 2013 12:33:04 PM org.ros.time.RemoteUptimeClock update
INFO: Latency: 7,0000 s, Delta ratio: 1,0000, Drift: 1,000, Error reduction coefficient: 0,000, Error: 0,0000 s
abr 04, 2013 12:33:04 PM org.ros.time.RemoteUptimeClock update
INFO: Latency: 7,0000 s, Delta ratio: 1,0000, Drift: 1,000, Error reduction coefficient: 0,000, Error: 0,0000 s
abr 04, 2013 12:33:04 PM org.ros.time.RemoteUptimeClock update
INFO: Latency: 7,0000 s, Delta ratio: 1,0000, Drift: 1,000, Error reduction coefficient: 0,000, Error: 0,0000 s
abr 04, 2013 12:33:04 PM org.ros.time.RemoteUptimeClock update
INFO: Latency: 7,0000 s, Delta ratio: 1,0000, Drift: 1,000, Error reduction coefficient: 0,000, Error: 0,0000 s
abr 04, 2013 12:33:04 PM org.ros.time.RemoteUptimeClock update
INFO: Latency: 7,0000 s, Delta ratio: 1,0000, Drift: 1,000, Error reduction coefficient: 0,000, Error: 0,0000 s
abr 04, 2013 12:33:04 PM org.ros.time.RemoteUptimeClock update
INFO: Latency: 7,0000 s, Delta ratio: 1,0000, Drift: 1,000, Error reduction coefficient: 0,000, Error: 0,0000 s
abr 04, 2013 12:33:04 PM org.ros.time.RemoteUptimeClock update
INFO: Latency: 7,0000 s, Delta ratio: 1,0000, Drift: 1,000, Error reduction coefficient: 0,000, Error: 0,0000 s
abr 04, 2013 12:33:04 PM org.ros.time.RemoteUptimeClock update
INFO: Latency: 7,0000 s, Delta ratio: 1,0000, Drift: 1,000, Error reduction coefficient: 0,000, Error: 0,0000 s
abr 04, 2013 12:33:04 PM org.ros.time.RemoteUptimeClock update
INFO: Latency: 7,0000 s, Delta ratio: 1,0000, Drift: 1,000, Error reduction coefficient: 0,000, Error: 0,0000 s
abr 04, 2013 12:33:04 PM org.ros.time.RemoteUptimeClock update
INFO: Latency: 7,0000 s, Delta ratio: 1,0000, Drift: 1,000, Error reduction coefficient: 0,000, Error: 0,0000 s
abr 04, 2013 12:33:04 PM org.ros.time.RemoteUptimeClock update
INFO: Latency: 7,0000 s, Delta ratio: 1,0000, Drift: 1,000, Error reduction coefficient: 0,000, Error: 0,0000 s
abr 04, 2013 12:33:04 PM org.ros.time.RemoteUptimeClock update
INFO: Latency: 7,0000 s, Delta ratio: 1,0000, Drift: 1,000, Error reduction coefficient: 0,000, Error: 0,0000 s
abr 04, 2013 12:33:04 PM org.ros.time.RemoteUptimeClock update
INFO: Latency: 7,0000 s, Delta ratio: 1,0000, Drift: 1,000, Error reduction coefficient: 0,000, Error: 0,0000 s
abr 04, 2013 12:33:04 PM org.ros.time.RemoteUptimeClock update
INFO: Latency: 7,0000 s, Delta ratio: 1,0000, Drift: 1,000, Error reduction coefficient: 0,000, Error: 0,0000 s
abr 04, 2013 12:33:04 PM org.ros.time.RemoteUptimeClock update
INFO: Latency: 7,0000 s, Delta ratio: 1,0000, Drift: 1,000, Error reduction coefficient: 0,000, Error: 0,0000 s
abr 04, 2013 12:33:04 PM org.ros.time.RemoteUptimeClock update
INFO: Latency: 7,0000 s, Delta ratio: 1,0000, Drift: 1,000, Error reduction coefficient: 0,000, Error: 0,0000 s
abr 04, 2013 12:33:04 PM org.ros.time.RemoteUptimeClock update
INFO: Latency: 7,0000 s, Delta ratio: 1,0000, Drift: 1,000, Error reduction coefficient: 0,000, Error: 0,0000 s
abr 04, 2013 12:33:04 PM org.ros.time.RemoteUptimeClock update
INFO: Latency: 7,0000 s, Delta ratio: 1,0000, Drift: 1,000, Error reduction coefficient: 0,000, Error: 0,0000 s
abr 04, 2013 12:33:04 PM org.ros.time.RemoteUptimeClock update
INFO: Latency: 7,0000 s, Delta ratio: 1,0000, Drift: 1,000, Error reduction coefficient: 0,000, Error: 0,0000 s
abr 04, 2013 12:33:04 PM org.ros.time.RemoteUptimeClock update
INFO: Latency: 7,0000 s, Delta ratio: 1,0000, Drift: 1,000, Error reduction coefficient: 0,000, Error: 0,0000 s
abr 04, 2013 12:33:04 PM org.ros.time.RemoteUptimeClock update
INFO: Latency: 7,0000 s, Delta ratio: 1,0000, Drift: 1,000, Error reduction coefficient: 0,000, Error: 0,0000 s
abr 04, 2013 12:33:04 PM org.ros.time.RemoteUptimeClock update
INFO: Latency: 7,0000 s, Delta ratio: 1,0000, Drift: 1,000, Error reduction coefficient: 0,000, Error: 0,0000 s
abr 04, 2013 12:33:04 PM org.ros.time.RemoteUptimeClock update
INFO: Latency: 7,0000 s, Delta ratio: 1,0000, Drift: 1,000, Error reduction coefficient: 0,000, Error: 0,0000 s
abr 04, 2013 12:33:04 PM org.ros.time.RemoteUptimeClock update
INFO: Latency: 7,0000 s, Delta ratio: 1,0000, Drift: 1,000, Error reduction coefficient: 0,000, Error: 0,0000 s
abr 04, 2013 12:33:04 PM org.ros.time.RemoteUptimeClock update
INFO: Latency: 7,0000 s, Delta ratio: 1,0000, Drift: 1,000, Error reduction coefficient: 0,000, Error: 0,0000 s
abr 04, 2013 12:33:04 PM org.ros.time.RemoteUptimeClock update
INFO: Latency: 7,0000 s, Delta ratio: 1,0000, Drift: 1,000, Error reduction coefficient: 0,000, Error: 0,0000 s
abr 04, 2013 12:33:04 PM org.ros.time.RemoteUptimeClock update
INFO: Latency: 7,0000 s, Delta ratio: 1,0000, Drift: 1,000, Error reduction coefficient: 0,000, Error: 0,0000 s
abr 04, 2013 12:33:04 PM org.ros.time.RemoteUptimeClock update
INFO: Latency: 7,0000 s, Delta ratio: 1,0000, Drift: 1,000, Error reduction coefficient: 0,000, Error: 0,0000 s
abr 04, 2013 12:33:04 PM org.ros.time.RemoteUptimeClock update
INFO: Latency: 7,0000 s, Delta ratio: 1,0000, Drift: 1,000, Error reduction coefficient: 0,000, Error: 0,0000 s
abr 04, 2013 12:33:04 PM org.ros.time.RemoteUptimeClock update
INFO: Latency: 7,0000 s, Delta ratio: 1,0000, Drift: 1,000, Error reduction coefficient: 0,000, Error: 0,0000 s
abr 04, 2013 12:33:04 PM org.ros.time.RemoteUptimeClock update
INFO: Latency: 7,0000 s, Delta ratio: 1,0000, Drift: 1,000, Error reduction coefficient: 0,000, Error: 0,0000 s
abr 04, 2013 12:33:04 PM org.ros.time.RemoteUptimeClock update
INFO: Latency: 7,0000 s, Delta ratio: 1,0000, Drift: 1,000, Error reduction coefficient: 0,000, Error: 0,0000 s
abr 04, 2013 12:33:04 PM org.ros.time.RemoteUptimeClock update
INFO: Latency: 7,0000 s, Delta ratio: 1,0000, Drift: 1,000, Error reduction coefficient: 0,000, Error: 0,0000 s
abr 04, 2013 12:33:04 PM org.ros.time.RemoteUptimeClock update
INFO: Latency: 7,0000 s, Delta ratio: 1,0000, Drift: 1,000, Error reduction coefficient: 0,000, Error: 0,0000 s
abr 04, 2013 12:33:04 PM org.ros.time.RemoteUptimeClock update
INFO: Latency: 7,0000 s, Delta ratio: 1,0000, Drift: 1,000, Error reduction coefficient: 0,000, Error: 0,0000 s
abr 04, 2013 12:33:04 PM org.ros.time.RemoteUptimeClock update
INFO: Latency: 7,0000 s, Delta ratio: 1,0000, Drift: 1,000, Error reduction coefficient: 0,000, Error: 0,0000 s
abr 04, 2013 12:33:04 PM org.ros.time.RemoteUptimeClock update
INFO: Latency: 7,0000 s, Delta ratio: 1,0000, Drift: 1,000, Error reduction coefficient: 0,000, Error: 0,0000 s
abr 04, 2013 12:33:04 PM org.ros.time.RemoteUptimeClock update
INFO: Latency: 7,0000 s, Delta ratio: 1,0000, Drift: 1,000, Error reduction coefficient: 0,000, Error: 0,0000 s
abr 04, 2013 12:33:04 PM org.ros.time.RemoteUptimeClock update
INFO: Latency: 7,0000 s, Delta ratio: 1,0000, Drift: 1,000, Error reduction coefficient: 0,000, Error: 0,0000 s
abr 04, 2013 12:33:04 PM org.ros.time.RemoteUptimeClock update
INFO: Latency: 7,0000 s, Delta ratio: 1,0000, Drift: 1,000, Error reduction coefficient: 0,000, Error: 0,0000 s
abr 04, 2013 12:33:04 PM org.ros.time.RemoteUptimeClock update
INFO: Latency: 7,0000 s, Delta ratio: 1,0000, Drift: 1,000, Error reduction coefficient: 0,000, Error: 0,0000 s
abr 04, 2013 12:33:04 PM org.ros.time.RemoteUptimeClock update
INFO: Latency: 7,0000 s, Delta ratio: 1,0000, Drift: 1,000, Error reduction coefficient: 0,000, Error: 0,0000 s
abr 04, 2013 12:33:04 PM org.ros.time.RemoteUptimeClock update
INFO: Latency: 7,0000 s, Delta ratio: 1,0000, Drift: 1,000, Error reduction coefficient: 0,000, Error: 0,0000 s
abr 04, 2013 12:33:04 PM org.ros.time.RemoteUptimeClock update
INFO: Latency: 7,0000 s, Delta ratio: 1,0000, Drift: 1,000, Error reduction coefficient: 0,000, Error: 0,0000 s
abr 04, 2013 12:33:04 PM org.ros.time.RemoteUptimeClock update
INFO: Latency: 7,0000 s, Delta ratio: 1,0000, Drift: 1,000, Error reduction coefficient: 0,000, Error: 0,0000 s
abr 04, 2013 12:33:04 PM org.ros.time.RemoteUptimeClock update
INFO: Latency: 7,0000 s, Delta ratio: 1,0000, Drift: 1,000, Error reduction coefficient: 0,000, Error: 0,0000 s
abr 04, 2013 12:33:04 PM org.ros.time.RemoteUptimeClock update
INFO: Latency: 7,0000 s, Delta ratio: 1,0000, Drift: 1,000, Error reduction coefficient: 0,000, Error: 0,0000 s
abr 04, 2013 12:33:04 PM org.ros.time.RemoteUptimeClock update
INFO: Latency: 7,0000 s, Delta ratio: 1,0000, Drift: 1,000, Error reduction coefficient: 0,000, Error: 0,0000 s
abr 04, 2013 12:33:04 PM org.ros.time.RemoteUptimeClock update
INFO: Latency: 7,0000 s, Delta ratio: 1,0000, Drift: 1,000, Error reduction coefficient: 0,000, Error: 0,0000 s
abr 04, 2013 12:33:04 PM org.ros.time.RemoteUptimeClock update
INFO: Latency: 7,0000 s, Delta ratio: 1,0000, Drift: 1,000, Error reduction coefficient: 0,000, Error: 0,0000 s
abr 04, 2013 12:33:04 PM org.ros.time.RemoteUptimeClock update
INFO: Latency: 7,0000 s, Delta ratio: 1,0000, Drift: 1,000, Error reduction coefficient: 0,000, Error: 0,0000 s
abr 04, 2013 12:33:04 PM org.ros.time.RemoteUptimeClock update
INFO: Latency: 7,0000 s, Delta ratio: 1,0000, Drift: 1,000, Error reduction coefficient: 0,000, Error: 0,0000 s
abr 04, 2013 12:33:04 PM org.ros.time.RemoteUptimeClock update
INFO: Latency: 7,0000 s, Delta ratio: 1,0000, Drift: 1,000, Error reduction coefficient: 0,000, Error: 0,0000 s
abr 04, 2013 12:33:04 PM org.ros.time.RemoteUptimeClock update
INFO: Latency: 7,0000 s, Delta ratio: 1,0000, Drift: 1,000, Error reduction coefficient: 0,000, Error: 0,0000 s
abr 04, 2013 12:33:04 PM org.ros.time.RemoteUptimeClock update
INFO: Latency: 7,0000 s, Delta ratio: 1,0000, Drift: 1,000, Error reduction coefficient: 0,000, Error: 0,0000 s
abr 04, 2013 12:33:04 PM org.ros.time.RemoteUptimeClock update
INFO: Latency: 7,0000 s, Delta ratio: 1,0000, Drift: 1,000, Error reduction coefficient: 0,000, Error: 0,0000 s
abr 04, 2013 12:33:04 PM org.ros.time.RemoteUptimeClock update
INFO: Latency: 7,0000 s, Delta ratio: 1,0000, Drift: 1,000, Error reduction coefficient: 0,000, Error: 0,0000 s
abr 04, 2013 12:33:04 PM org.ros.time.RemoteUptimeClock update
INFO: Latency: 7,0000 s, Delta ratio: 1,0000, Drift: 1,000, Error reduction coefficient: 0,000, Error: 0,0000 s
abr 04, 2013 12:33:04 PM org.ros.time.RemoteUptimeClock update
INFO: Latency: 7,0000 s, Delta ratio: 1,0000, Drift: 1,000, Error reduction coefficient: 0,000, Error: 0,0000 s
abr 04, 2013 12:33:04 PM org.ros.time.RemoteUptimeClock update
INFO: Latency: 7,0000 s, Delta ratio: 1,0000, Drift: 1,000, Error reduction coefficient: 0,000, Error: 0,0000 s
abr 04, 2013 12:33:04 PM org.ros.time.RemoteUptimeClock update
INFO: Latency: 7,0000 s, Delta ratio: 1,0000, Drift: 1,000, Error reduction coefficient: 0,000, Error: 0,0000 s
abr 04, 2013 12:33:04 PM org.ros.time.RemoteUptimeClock update
INFO: Latency: 7,0000 s, Delta ratio: 1,0000, Drift: 1,000, Error reduction coefficient: 0,000, Error: 0,0000 s
abr 04, 2013 12:33:04 PM org.ros.time.RemoteUptimeClock update
INFO: Latency: 7,0000 s, Delta ratio: 1,0000, Drift: 1,000, Error reduction coefficient: 0,000, Error: 0,0000 s
abr 04, 2013 12:33:04 PM org.ros.time.RemoteUptimeClock update
INFO: Latency: 7,0000 s, Delta ratio: 1,0000, Drift: 1,000, Error reduction coefficient: 0,000, Error: 0,0000 s
abr 04, 2013 12:33:04 PM org.ros.time.RemoteUptimeClock update
INFO: Latency: 7,0000 s, Delta ratio: 1,0000, Drift: 1,000, Error reduction coefficient: 0,000, Error: 0,0000 s
abr 04, 2013 12:33:04 PM org.ros.time.RemoteUptimeClock update
INFO: Latency: 7,0000 s, Delta ratio: 1,0000, Drift: 1,000, Error reduction coefficient: 0,000, Error: 0,0000 s
abr 04, 2013 12:33:04 PM org.ros.time.RemoteUptimeClock update
INFO: Latency: 7,0000 s, Delta ratio: 1,0000, Drift: 1,000, Error reduction coefficient: 0,000, Error: 0,0000 s
abr 04, 2013 12:33:04 PM org.ros.time.RemoteUptimeClock update
INFO: Latency: 7,0000 s, Delta ratio: 1,0000, Drift: 1,000, Error reduction coefficient: 0,000, Error: 0,0000 s
abr 04, 2013 12:33:04 PM org.ros.time.RemoteUptimeClock update
INFO: Latency: 7,0000 s, Delta ratio: 1,0000, Drift: 1,000, Error reduction coefficient: 0,000, Error: 0,0000 s
abr 04, 2013 12:33:04 PM org.ros.time.RemoteUptimeClock update
INFO: Latency: 7,0000 s, Delta ratio: 1,0000, Drift: 1,000, Error reduction coefficient: 0,000, Error: 0,0000 s
abr 04, 2013 12:33:04 PM org.ros.time.RemoteUptimeClock update
INFO: Latency: 7,0000 s, Delta ratio: 1,0000, Drift: 1,000, Error reduction coefficient: 0,000, Error: 0,0000 s
abr 04, 2013 12:33:04 PM org.ros.time.RemoteUptimeClock update
INFO: Latency: 7,0000 s, Delta ratio: 1,0000, Drift: 1,000, Error reduction coefficient: 0,000, Error: 0,0000 s
abr 04, 2013 12:33:04 PM org.ros.time.RemoteUptimeClock update
INFO: Latency: 7,0000 s, Delta ratio: 1,0000, Drift: 1,000, Error reduction coefficient: 0,000, Error: 0,0000 s
abr 04, 2013 12:33:04 PM org.ros.time.RemoteUptimeClock update
INFO: Latency: 7,0000 s, Delta ratio: 1,0000, Drift: 1,000, Error reduction coefficient: 0,000, Error: 0,0000 s
abr 04, 2013 12:33:04 PM org.ros.time.RemoteUptimeClock update
INFO: Latency: 7,0000 s, Delta ratio: 1,0000, Drift: 1,000, Error reduction coefficient: 0,000, Error: 0,0000 s
abr 04, 2013 12:33:04 PM org.ros.time.RemoteUptimeClock update
INFO: Latency: 7,0000 s, Delta ratio: 1,0000, Drift: 1,000, Error reduction coefficient: 0,000, Error: 0,0000 s
abr 04, 2013 12:33:04 PM org.ros.time.RemoteUptimeClock update
INFO: Latency: 7,0000 s, Delta ratio: 1,0000, Drift: 1,000, Error reduction coefficient: 0,000, Error: 0,0000 s
abr 04, 2013 12:33:04 PM org.ros.time.RemoteUptimeClock update
INFO: Latency: 7,0000 s, Delta ratio: 1,0000, Drift: 1,000, Error reduction coefficient: 0,000, Error: 0,0000 s
abr 04, 2013 12:33:04 PM org.ros.time.RemoteUptimeClock update
INFO: Latency: 7,0000 s, Delta ratio: 1,0000, Drift: 1,000, Error reduction coefficient: 0,000, Error: 0,0000 s
abr 04, 2013 12:33:04 PM org.ros.time.RemoteUptimeClock update
INFO: Latency: 7,0000 s, Delta ratio: 1,0000, Drift: 1,000, Error reduction coefficient: 0,000, Error: 0,0000 s
abr 04, 2013 12:33:04 PM org.ros.time.RemoteUptimeClock update
INFO: Latency: 7,0000 s, Delta ratio: 1,0000, Drift: 1,000, Error reduction coefficient: 0,000, Error: 0,0000 s
abr 04, 2013 12:33:04 PM org.ros.time.RemoteUptimeClock update
INFO: Latency: 7,0000 s, Delta ratio: 1,0000, Drift: 1,000, Error reduction coefficient: 0,000, Error: 0,0000 s
abr 04, 2013 12:33:04 PM org.ros.time.RemoteUptimeClock update
INFO: Latency: 7,0000 s, Delta ratio: 1,0000, Drift: 1,000, Error reduction coefficient: 0,000, Error: 0,0000 s
abr 04, 2013 12:33:04 PM org.ros.time.RemoteUptimeClock update
INFO: Latency: 7,0000 s, Delta ratio: 1,0000, Drift: 1,000, Error reduction coefficient: 0,000, Error: 0,0000 s
abr 04, 2013 12:33:04 PM org.ros.time.RemoteUptimeClock update
INFO: Latency: 7,0000 s, Delta ratio: 1,0000, Drift: 1,000, Error reduction coefficient: 0,000, Error: 0,0000 s
abr 04, 2013 12:33:04 PM org.ros.time.RemoteUptimeClock update
INFO: Latency: 7,0000 s, Delta ratio: 1,0000, Drift: 1,000, Error reduction coefficient: 0,000, Error: 0,0000 s
abr 04, 2013 12:33:04 PM org.ros.time.RemoteUptimeClock update
INFO: Latency: 7,0000 s, Delta ratio: 1,0000, Drift: 1,000, Error reduction coefficient: 0,000, Error: 0,0000 s
abr 04, 2013 12:33:04 PM org.ros.time.RemoteUptimeClock update
INFO: Latency: 7,0000 s, Delta ratio: 1,0000, Drift: 1,000, Error reduction coefficient: 0,000, Error: 0,0000 s
abr 04, 2013 12:33:04 PM org.ros.time.RemoteUptimeClock update
INFO: Latency: 7,0000 s, Delta ratio: 1,0000, Drift: 1,000, Error reduction coefficient: 0,000, Error: 0,0000 s
abr 04, 2013 12:33:04 PM org.ros.time.RemoteUptimeClock update
INFO: Latency: 7,0000 s, Delta ratio: 1,0000, Drift: 1,000, Error reduction coefficient: 0,000, Error: 0,0000 s
abr 04, 2013 12:33:04 PM org.ros.time.RemoteUptimeClock update
INFO: Latency: 7,0000 s, Delta ratio: 1,0000, Drift: 1,000, Error reduction coefficient: 0,000, Error: 0,0000 s
abr 04, 2013 12:33:04 PM org.ros.time.RemoteUptimeClock update
INFO: Latency: 7,0000 s, Delta ratio: 1,0000, Drift: 1,000, Error reduction coefficient: 0,000, Error: 0,0000 s
abr 04, 2013 12:33:04 PM org.ros.time.RemoteUptimeClock update
INFO: Latency: 7,0000 s, Delta ratio: 1,0000, Drift: 1,000, Error reduction coefficient: 0,000, Error: 0,0000 s
abr 04, 2013 12:33:04 PM org.ros.time.RemoteUptimeClock update
INFO: Latency: 7,0000 s, Delta ratio: 1,0000, Drift: 1,000, Error reduction coefficient: 0,000, Error: 0,0000 s
abr 04, 2013 12:33:04 PM org.ros.time.RemoteUptimeClock update
INFO: Latency: 7,0000 s, Delta ratio: 1,0000, Drift: 1,000, Error reduction coefficient: 0,000, Error: 0,0000 s
abr 04, 2013 12:33:04 PM org.ros.time.RemoteUptimeClock update
INFO: Latency: 7,0000 s, Delta ratio: 1,0000, Drift: 1,000, Error reduction coefficient: 0,000, Error: 0,0000 s
abr 04, 2013 12:33:04 PM org.ros.time.RemoteUptimeClock update
INFO: Latency: 7,0000 s, Delta ratio: 1,0000, Drift: 1,000, Error reduction coefficient: 0,000, Error: 0,0000 s
abr 04, 2013 12:33:04 PM org.ros.time.RemoteUptimeClock update
INFO: Latency: 7,0000 s, Delta ratio: 1,0000, Drift: 1,000, Error reduction coefficient: 0,000, Error: 0,0000 s
abr 04, 2013 12:33:04 PM org.ros.time.RemoteUptimeClock update
INFO: Latency: 7,0000 s, Delta ratio: 1,0000, Drift: 1,000, Error reduction coefficient: 0,000, Error: 0,0000 s
abr 04, 2013 12:33:04 PM org.ros.time.RemoteUptimeClock update
INFO: Latency: 7,0000 s, Delta ratio: 1,0000, Drift: 1,000, Error reduction coefficient: 0,000, Error: 0,0000 s
abr 04, 2013 12:33:04 PM org.ros.time.RemoteUptimeClock update
INFO: Latency: 7,0000 s, Delta ratio: 1,0000, Drift: 1,000, Error reduction coefficient: 0,000, Error: 0,0000 s
abr 04, 2013 12:33:04 PM org.ros.time.RemoteUptimeClock update
INFO: Latency: 7,0000 s, Delta ratio: 1,0000, Drift: 1,000, Error reduction coefficient: 0,000, Error: 0,0000 s
abr 04, 2013 12:33:04 PM org.ros.time.RemoteUptimeClock update
INFO: Latency: 7,0000 s, Delta ratio: 1,0000, Drift: 1,000, Error reduction coefficient: 0,000, Error: 0,0000 s
abr 04, 2013 12:33:04 PM org.ros.time.RemoteUptimeClock update
INFO: Latency: 7,0000 s, Delta ratio: 1,0000, Drift: 1,000, Error reduction coefficient: 0,000, Error: 0,0000 s
abr 04, 2013 12:33:04 PM org.ros.time.RemoteUptimeClock update
INFO: Latency: 7,0000 s, Delta ratio: 1,0000, Drift: 1,000, Error reduction coefficient: 0,000, Error: 0,0000 s
abr 04, 2013 12:33:04 PM org.ros.time.RemoteUptimeClock update
INFO: Latency: 7,0000 s, Delta ratio: 1,0000, Drift: 1,000, Error reduction coefficient: 0,000, Error: 0,0000 s
abr 04, 2013 12:33:04 PM org.ros.time.RemoteUptimeClock update
INFO: Latency: 7,0000 s, Delta ratio: 1,0000, Drift: 1,000, Error reduction coefficient: 0,000, Error: 0,0000 s
abr 04, 2013 12:33:04 PM org.ros.time.RemoteUptimeClock update
INFO: Latency: 7,0000 s, Delta ratio: 1,0000, Drift: 1,000, Error reduction coefficient: 0,000, Error: 0,0000 s
abr 04, 2013 12:33:04 PM org.ros.time.RemoteUptimeClock update
INFO: Latency: 7,0000 s, Delta ratio: 1,0000, Drift: 1,000, Error reduction coefficient: 0,000, Error: 0,0000 s
abr 04, 2013 12:33:04 PM org.ros.time.RemoteUptimeClock update
INFO: Latency: 7,0000 s, Delta ratio: 1,0000, Drift: 1,000, Error reduction coefficient: 0,000, Error: 0,0000 s
abr 04, 2013 12:33:04 PM org.ros.time.RemoteUptimeClock update
INFO: Latency: 7,0000 s, Delta ratio: 1,0000, Drift: 1,000, Error reduction coefficient: 0,000, Error: 0,0000 s
abr 04, 2013 12:33:04 PM org.ros.time.RemoteUptimeClock update
INFO: Latency: 7,0000 s, Delta ratio: 1,0000, Drift: 1,000, Error reduction coefficient: 0,000, Error: 0,0000 s
abr 04, 2013 12:33:04 PM org.ros.time.RemoteUptimeClock update
INFO: Latency: 7,0000 s, Delta ratio: 1,0000, Drift: 1,000, Error reduction coefficient: 0,000, Error: 0,0000 s
abr 04, 2013 12:33:04 PM org.ros.time.RemoteUptimeClock update
INFO: Latency: 7,0000 s, Delta ratio: 1,0000, Drift: 1,000, Error reduction coefficient: 0,000, Error: 0,0000 s
abr 04, 2013 12:33:04 PM org.ros.time.RemoteUptimeClock update
INFO: Latency: 7,0000 s, Delta ratio: 1,0000, Drift: 1,000, Error reduction coefficient: 0,000, Error: 0,0000 s
abr 04, 2013 12:33:04 PM org.ros.time.RemoteUptimeClock update
INFO: Latency: 7,0000 s, Delta ratio: 1,0000, Drift: 1,000, Error reduction coefficient: 0,000, Error: 0,0000 s
abr 04, 2013 12:33:04 PM org.ros.time.RemoteUptimeClock update
INFO: Latency: 7,0000 s, Delta ratio: 1,0000, Drift: 1,000, Error reduction coefficient: 0,000, Error: 0,0000 s
abr 04, 2013 12:33:04 PM org.ros.time.RemoteUptimeClock update
INFO: Latency: 7,0000 s, Delta ratio: 1,0000, Drift: 1,000, Error reduction coefficient: 0,000, Error: 0,0000 s
abr 04, 2013 12:33:04 PM org.ros.time.RemoteUptimeClock update
INFO: Latency: 7,0000 s, Delta ratio: 1,0000, Drift: 1,000, Error reduction coefficient: 0,000, Error: 0,0000 s
abr 04, 2013 12:33:04 PM org.ros.time.RemoteUptimeClock update
INFO: Latency: 7,0000 s, Delta ratio: 1,0000, Drift: 1,000, Error reduction coefficient: 0,000, Error: 0,0000 s
abr 04, 2013 12:33:04 PM org.ros.time.RemoteUptimeClock update
INFO: Latency: 7,0000 s, Delta ratio: 1,0000, Drift: 1,000, Error reduction coefficient: 0,000, Error: 0,0000 s
abr 04, 2013 12:33:04 PM org.ros.time.RemoteUptimeClock update
INFO: Latency: 7,0000 s, Delta ratio: 1,0000, Drift: 1,000, Error reduction coefficient: 0,000, Error: 0,0000 s
abr 04, 2013 12:33:04 PM org.ros.time.RemoteUptimeClock update
INFO: Latency: 7,0000 s, Delta ratio: 1,0000, Drift: 1,000, Error reduction coefficient: 0,000, Error: 0,0000 s
abr 04, 2013 12:33:04 PM org.ros.time.RemoteUptimeClock update
INFO: Latency: 7,0000 s, Delta ratio: 1,0000, Drift: 1,000, Error reduction coefficient: 0,000, Error: 0,0000 s
abr 04, 2013 12:33:04 PM org.ros.time.RemoteUptimeClock update
INFO: Latency: 7,0000 s, Delta ratio: 1,0000, Drift: 1,000, Error reduction coefficient: 0,000, Error: 0,0000 s
abr 04, 2013 12:33:04 PM org.ros.time.RemoteUptimeClock update
INFO: Latency: 7,0000 s, Delta ratio: 1,0000, Drift: 1,000, Error reduction coefficient: 0,000, Error: 0,0000 s
abr 04, 2013 12:33:04 PM org.ros.time.RemoteUptimeClock update
INFO: Latency: 7,0000 s, Delta ratio: 1,0000, Drift: 1,000, Error reduction coefficient: 0,000, Error: 0,0000 s
abr 04, 2013 12:33:04 PM org.ros.time.RemoteUptimeClock update
INFO: Latency: 7,0000 s, Delta ratio: 1,0000, Drift: 1,000, Error reduction coefficient: 0,000, Error: 0,0000 s
abr 04, 2013 12:33:04 PM org.ros.time.RemoteUptimeClock update
INFO: Latency: 7,0000 s, Delta ratio: 1,0000, Drift: 1,000, Error reduction coefficient: 0,000, Error: 0,0000 s
abr 04, 2013 12:33:04 PM org.ros.time.RemoteUptimeClock update
INFO: Latency: 7,0000 s, Delta ratio: 1,0000, Drift: 1,000, Error reduction coefficient: 0,000, Error: 0,0000 s
abr 04, 2013 12:33:04 PM org.ros.time.RemoteUptimeClock update
INFO: Latency: 7,0000 s, Delta ratio: 1,0000, Drift: 1,000, Error reduction coefficient: 0,000, Error: 0,0000 s
abr 04, 2013 12:33:04 PM org.ros.time.RemoteUptimeClock update
INFO: Latency: 7,0000 s, Delta ratio: 1,0000, Drift: 1,000, Error reduction coefficient: 0,000, Error: 0,0000 s
abr 04, 2013 12:33:04 PM org.ros.time.RemoteUptimeClock update
INFO: Latency: 7,0000 s, Delta ratio: 1,0000, Drift: 1,000, Error reduction coefficient: 0,000, Error: 0,0000 s
abr 04, 2013 12:33:04 PM org.ros.time.RemoteUptimeClock update
INFO: Latency: 7,0000 s, Delta ratio: 1,0000, Drift: 1,000, Error reduction coefficient: 0,000, Error: 0,0000 s
abr 04, 2013 12:33:04 PM org.ros.time.RemoteUptimeClock update
INFO: Latency: 7,0000 s, Delta ratio: 1,0000, Drift: 1,000, Error reduction coefficient: 0,000, Error: 0,0000 s
abr 04, 2013 12:33:04 PM org.ros.time.RemoteUptimeClock update
INFO: Latency: 7,0000 s, Delta ratio: 1,0000, Drift: 1,000, Error reduction coefficient: 0,000, Error: 0,0000 s
abr 04, 2013 12:33:04 PM org.ros.time.RemoteUptimeClock update
INFO: Latency: 7,0000 s, Delta ratio: 1,0000, Drift: 1,000, Error reduction coefficient: 0,000, Error: 0,0000 s
abr 04, 2013 12:33:04 PM org.ros.time.RemoteUptimeClock update
INFO: Latency: 7,0000 s, Delta ratio: 1,0000, Drift: 1,000, Error reduction coefficient: 0,000, Error: 0,0000 s
abr 04, 2013 12:33:04 PM org.ros.time.RemoteUptimeClock update
INFO: Latency: 7,0000 s, Delta ratio: 1,0000, Drift: 1,000, Error reduction coefficient: 0,000, Error: 0,0000 s
abr 04, 2013 12:33:04 PM org.ros.time.RemoteUptimeClock update
INFO: Latency: 7,0000 s, Delta ratio: 1,0000, Drift: 1,000, Error reduction coefficient: 0,000, Error: 0,0000 s
abr 04, 2013 12:33:04 PM org.ros.time.RemoteUptimeClock update
INFO: Latency: 7,0000 s, Delta ratio: 1,0000, Drift: 1,000, Error reduction coefficient: 0,000, Error: 0,0000 s
abr 04, 2013 12:33:04 PM org.ros.time.RemoteUptimeClock update
INFO: Latency: 7,0000 s, Delta ratio: 1,0000, Drift: 1,000, Error reduction coefficient: 0,000, Error: 0,0000 s
abr 04, 2013 12:33:04 PM org.ros.time.RemoteUptimeClock update
INFO: Latency: 7,0000 s, Delta ratio: 1,0000, Drift: 1,000, Error reduction coefficient: 0,000, Error: 0,0000 s
abr 04, 2013 12:33:04 PM org.ros.time.RemoteUptimeClock update
INFO: Latency: 7,0000 s, Delta ratio: 1,0000, Drift: 1,000, Error reduction coefficient: 0,000, Error: 0,0000 s
abr 04, 2013 12:33:04 PM org.ros.time.RemoteUptimeClock update
INFO: Latency: 7,0000 s, Delta ratio: 1,0000, Drift: 1,000, Error reduction coefficient: 0,000, Error: 0,0000 s
abr 04, 2013 12:33:04 PM org.ros.time.RemoteUptimeClock update
INFO: Latency: 7,0000 s, Delta ratio: 1,0000, Drift: 1,000, Error reduction coefficient: 0,000, Error: 0,0000 s
abr 04, 2013 12:33:04 PM org.ros.time.RemoteUptimeClock update
INFO: Latency: 7,0000 s, Delta ratio: 1,0000, Drift: 1,000, Error reduction coefficient: 0,000, Error: 0,0000 s
abr 04, 2013 12:33:04 PM org.ros.time.RemoteUptimeClock update
INFO: Latency: 7,0000 s, Delta ratio: 1,0000, Drift: 1,000, Error reduction coefficient: 0,000, Error: 0,0000 s
abr 04, 2013 12:33:04 PM org.ros.time.RemoteUptimeClock update
INFO: Latency: 7,0000 s, Delta ratio: 1,0000, Drift: 1,000, Error reduction coefficient: 0,000, Error: 0,0000 s
abr 04, 2013 12:33:04 PM org.ros.time.RemoteUptimeClock update
INFO: Latency: 7,0000 s, Delta ratio: 1,0000, Drift: 1,000, Error reduction coefficient: 0,000, Error: 0,0000 s
abr 04, 2013 12:33:04 PM org.ros.time.RemoteUptimeClock update
INFO: Latency: 7,0000 s, Delta ratio: 1,0000, Drift: 1,000, Error reduction coefficient: 0,000, Error: 0,0000 s
abr 04, 2013 12:33:04 PM org.ros.time.RemoteUptimeClock update
INFO: Latency: 7,0000 s, Delta ratio: 1,0000, Drift: 1,000, Error reduction coefficient: 0,000, Error: 0,0000 s
abr 04, 2013 12:33:04 PM org.ros.time.RemoteUptimeClock update
INFO: Latency: 7,0000 s, Delta ratio: 1,0000, Drift: 1,000, Error reduction coefficient: 0,000, Error: 0,0000 s
abr 04, 2013 12:33:04 PM org.ros.time.RemoteUptimeClock update
INFO: Latency: 7,0000 s, Delta ratio: 1,0000, Drift: 1,000, Error reduction coefficient: 0,000, Error: 0,0000 s
abr 04, 2013 12:33:04 PM org.ros.time.RemoteUptimeClock update
INFO: Latency: 7,0000 s, Delta ratio: 1,0000, Drift: 1,000, Error reduction coefficient: 0,000, Error: 0,0000 s
abr 04, 2013 12:33:04 PM org.ros.time.RemoteUptimeClock update
INFO: Latency: 7,0000 s, Delta ratio: 1,0000, Drift: 1,000, Error reduction coefficient: 0,000, Error: 0,0000 s
abr 04, 2013 12:33:04 PM org.ros.time.RemoteUptimeClock update
INFO: Latency: 7,0000 s, Delta ratio: 1,0000, Drift: 1,000, Error reduction coefficient: 0,000, Error: 0,0000 s
abr 04, 2013 12:33:04 PM org.ros.time.RemoteUptimeClock update
INFO: Latency: 7,0000 s, Delta ratio: 1,0000, Drift: 1,000, Error reduction coefficient: 0,000, Error: 0,0000 s
abr 04, 2013 12:33:04 PM org.ros.time.RemoteUptimeClock update
INFO: Latency: 7,0000 s, Delta ratio: 1,0000, Drift: 1,000, Error reduction coefficient: 0,000, Error: 0,0000 s
abr 04, 2013 12:33:04 PM org.ros.time.RemoteUptimeClock update
INFO: Latency: 7,0000 s, Delta ratio: 1,0000, Drift: 1,000, Error reduction coefficient: 0,000, Error: 0,0000 s
abr 04, 2013 12:33:04 PM org.ros.time.RemoteUptimeClock update
INFO: Latency: 7,0000 s, Delta ratio: 1,0000, Drift: 1,000, Error reduction coefficient: 0,000, Error: 0,0000 s
abr 04, 2013 12:33:04 PM org.ros.time.RemoteUptimeClock update
INFO: Latency: 7,0000 s, Delta ratio: 1,0000, Drift: 1,000, Error reduction coefficient: 0,000, Error: 0,0000 s
abr 04, 2013 12:33:04 PM org.ros.time.RemoteUptimeClock update
INFO: Latency: 7,0000 s, Delta ratio: 1,0000, Drift: 1,000, Error reduction coefficient: 0,000, Error: 0,0000 s
abr 04, 2013 12:33:04 PM org.ros.time.RemoteUptimeClock update
INFO: Latency: 7,0000 s, Delta ratio: 1,0000, Drift: 1,000, Error reduction coefficient: 0,000, Error: 0,0000 s
abr 04, 2013 12:33:04 PM org.ros.time.RemoteUptimeClock update
INFO: Latency: 7,0000 s, Delta ratio: 1,0000, Drift: 1,000, Error reduction coefficient: 0,000, Error: 0,0000 s
abr 04, 2013 12:33:04 PM org.ros.time.RemoteUptimeClock update
INFO: Latency: 7,0000 s, Delta ratio: 1,0000, Drift: 1,000, Error reduction coefficient: 0,000, Error: 0,0000 s
abr 04, 2013 12:33:04 PM org.ros.time.RemoteUptimeClock update
INFO: Latency: 7,0000 s, Delta ratio: 1,0000, Drift: 1,000, Error reduction coefficient: 0,000, Error: 0,0000 s
abr 04, 2013 12:33:04 PM org.ros.time.RemoteUptimeClock update
INFO: Latency: 7,0000 s, Delta ratio: 1,0000, Drift: 1,000, Error reduction coefficient: 0,000, Error: 0,0000 s
abr 04, 2013 12:33:04 PM org.ros.time.RemoteUptimeClock update
INFO: Latency: 7,0000 s, Delta ratio: 1,0000, Drift: 1,000, Error reduction coefficient: 0,000, Error: 0,0000 s
abr 04, 2013 12:33:04 PM org.ros.time.RemoteUptimeClock update
INFO: Latency: 7,0000 s, Delta ratio: 1,0000, Drift: 1,000, Error reduction coefficient: 0,000, Error: 0,0000 s
abr 04, 2013 12:33:04 PM org.ros.time.RemoteUptimeClock update
INFO: Latency: 7,0000 s, Delta ratio: 1,0000, Drift: 1,000, Error reduction coefficient: 0,000, Error: 0,0000 s
abr 04, 2013 12:33:04 PM org.ros.time.RemoteUptimeClock update
INFO: Latency: 7,0000 s, Delta ratio: 1,0000, Drift: 1,000, Error reduction coefficient: 0,000, Error: 0,0000 s
abr 04, 2013 12:33:04 PM org.ros.time.RemoteUptimeClock update
INFO: Latency: 7,0000 s, Delta ratio: 1,0000, Drift: 1,000, Error reduction coefficient: 0,000, Error: 0,0000 s
abr 04, 2013 12:33:04 PM org.ros.time.RemoteUptimeClock update
INFO: Latency: 7,0000 s, Delta ratio: 1,0000, Drift: 1,000, Error reduction coefficient: 0,000, Error: 0,0000 s
abr 04, 2013 12:33:04 PM org.ros.time.RemoteUptimeClock update
INFO: Latency: 7,0000 s, Delta ratio: 1,0000, Drift: 1,000, Error reduction coefficient: 0,000, Error: 0,0000 s
abr 04, 2013 12:33:04 PM org.ros.time.RemoteUptimeClock update
INFO: Latency: 7,0000 s, Delta ratio: 1,0000, Drift: 1,000, Error reduction coefficient: 0,000, Error: 0,0000 s
abr 04, 2013 12:33:04 PM org.ros.time.RemoteUptimeClock update
INFO: Latency: 7,0000 s, Delta ratio: 1,0000, Drift: 1,000, Error reduction coefficient: 0,000, Error: 0,0000 s
abr 04, 2013 12:33:04 PM org.ros.time.RemoteUptimeClock update
INFO: Latency: 7,0000 s, Delta ratio: 1,0000, Drift: 1,000, Error reduction coefficient: 0,000, Error: 0,0000 s
abr 04, 2013 12:33:04 PM org.ros.time.RemoteUptimeClock update
INFO: Latency: 7,0000 s, Delta ratio: 1,0000, Drift: 1,000, Error reduction coefficient: 0,000, Error: 0,0000 s
abr 04, 2013 12:33:04 PM org.ros.time.RemoteUptimeClock update
INFO: Latency: 7,0000 s, Delta ratio: 1,0000, Drift: 1,000, Error reduction coefficient: 0,000, Error: 0,0000 s
abr 04, 2013 12:33:04 PM org.ros.time.RemoteUptimeClock update
INFO: Latency: 7,0000 s, Delta ratio: 1,0000, Drift: 1,000, Error reduction coefficient: 0,000, Error: 0,0000 s
abr 04, 2013 12:33:04 PM org.ros.time.RemoteUptimeClock update
INFO: Latency: 7,0000 s, Delta ratio: 1,0000, Drift: 1,000, Error reduction coefficient: 0,000, Error: 0,0000 s
abr 04, 2013 12:33:04 PM org.ros.time.RemoteUptimeClock update
INFO: Latency: 7,0000 s, Delta ratio: 1,0000, Drift: 1,000, Error reduction coefficient: 0,000, Error: 0,0000 s
abr 04, 2013 12:33:04 PM org.ros.time.RemoteUptimeClock update
INFO: Latency: 7,0000 s, Delta ratio: 1,0000, Drift: 1,000, Error reduction coefficient: 0,000, Error: 0,0000 s
abr 04, 2013 12:33:04 PM org.ros.time.RemoteUptimeClock update
INFO: Latency: 7,0000 s, Delta ratio: 1,0000, Drift: 1,000, Error reduction coefficient: 0,000, Error: 0,0000 s
abr 04, 2013 12:33:04 PM org.ros.time.RemoteUptimeClock update
INFO: Latency: 7,0000 s, Delta ratio: 1,0000, Drift: 1,000, Error reduction coefficient: 0,000, Error: 0,0000 s
abr 04, 2013 12:33:04 PM org.ros.time.RemoteUptimeClock update
INFO: Latency: 7,0000 s, Delta ratio: 1,0000, Drift: 1,000, Error reduction coefficient: 0,000, Error: 0,0000 s
abr 04, 2013 12:33:04 PM org.ros.time.RemoteUptimeClock update
INFO: Latency: 7,0000 s, Delta ratio: 1,0000, Drift: 1,000, Error reduction coefficient: 0,000, Error: 0,0000 s
abr 04, 2013 12:33:04 PM org.ros.time.RemoteUptimeClock update
INFO: Latency: 7,0000 s, Delta ratio: 1,0000, Drift: 1,000, Error reduction coefficient: 0,000, Error: 0,0000 s
abr 04, 2013 12:33:04 PM org.ros.time.RemoteUptimeClock update
INFO: Latency: 7,0000 s, Delta ratio: 1,0000, Drift: 1,000, Error reduction coefficient: 0,000, Error: 0,0000 s
abr 04, 2013 12:33:04 PM org.ros.time.RemoteUptimeClock update
INFO: Latency: 7,0000 s, Delta ratio: 1,0000, Drift: 1,000, Error reduction coefficient: 0,000, Error: 0,0000 s
abr 04, 2013 12:33:04 PM org.ros.time.RemoteUptimeClock update
INFO: Latency: 7,0000 s, Delta ratio: 1,0000, Drift: 1,000, Error reduction coefficient: 0,000, Error: 0,0000 s
abr 04, 2013 12:33:04 PM org.ros.time.RemoteUptimeClock update
INFO: Latency: 7,0000 s, Delta ratio: 1,0000, Drift: 1,000, Error reduction coefficient: 0,000, Error: 0,0000 s
abr 04, 2013 12:33:04 PM org.ros.time.RemoteUptimeClock update
INFO: Latency: 7,0000 s, Delta ratio: 1,0000, Drift: 1,000, Error reduction coefficient: 0,000, Error: 0,0000 s
abr 04, 2013 12:33:04 PM org.ros.time.RemoteUptimeClock update
INFO: Latency: 7,0000 s, Delta ratio: 1,0000, Drift: 1,000, Error reduction coefficient: 0,000, Error: 0,0000 s
abr 04, 2013 12:33:04 PM org.ros.time.RemoteUptimeClock update
INFO: Latency: 7,0000 s, Delta ratio: 1,0000, Drift: 1,000, Error reduction coefficient: 0,000, Error: 0,0000 s
abr 04, 2013 12:33:04 PM org.ros.time.RemoteUptimeClock update
INFO: Latency: 7,0000 s, Delta ratio: 1,0000, Drift: 1,000, Error reduction coefficient: 0,000, Error: 0,0000 s
abr 04, 2013 12:33:04 PM org.ros.time.RemoteUptimeClock update
INFO: Latency: 7,0000 s, Delta ratio: 1,0000, Drift: 1,000, Error reduction coefficient: 0,000, Error: 0,0000 s
abr 04, 2013 12:33:04 PM org.ros.time.RemoteUptimeClock update
INFO: Latency: 7,0000 s, Delta ratio: 1,0000, Drift: 1,000, Error reduction coefficient: 0,000, Error: 0,0000 s
abr 04, 2013 12:33:04 PM org.ros.time.RemoteUptimeClock update
INFO: Latency: 7,0000 s, Delta ratio: 1,0000, Drift: 1,000, Error reduction coefficient: 0,000, Error: 0,0000 s
abr 04, 2013 12:33:04 PM org.ros.time.RemoteUptimeClock update
INFO: Latency: 7,0000 s, Delta ratio: 1,0000, Drift: 1,000, Error reduction coefficient: 0,000, Error: 0,0000 s
abr 04, 2013 12:33:04 PM org.ros.time.RemoteUptimeClock update
INFO: Latency: 7,0000 s, Delta ratio: 1,0000, Drift: 1,000, Error reduction coefficient: 0,000, Error: 0,0000 s
abr 04, 2013 12:33:04 PM org.ros.time.RemoteUptimeClock update
INFO: Latency: 7,0000 s, Delta ratio: 1,0000, Drift: 1,000, Error reduction coefficient: 0,000, Error: 0,0000 s
abr 04, 2013 12:33:04 PM org.ros.time.RemoteUptimeClock update
INFO: Latency: 7,0000 s, Delta ratio: 1,0000, Drift: 1,000, Error reduction coefficient: 0,000, Error: 0,0000 s
abr 04, 2013 12:33:04 PM org.ros.time.RemoteUptimeClock update
INFO: Latency: 7,0000 s, Delta ratio: 1,0000, Drift: 1,000, Error reduction coefficient: 0,000, Error: 0,0000 s
abr 04, 2013 12:33:04 PM org.ros.time.RemoteUptimeClock update
INFO: Latency: 7,0000 s, Delta ratio: 1,0000, Drift: 1,000, Error reduction coefficient: 0,000, Error: 0,0000 s
abr 04, 2013 12:33:04 PM org.ros.time.RemoteUptimeClock update
INFO: Latency: 7,0000 s, Delta ratio: 1,0000, Drift: 1,000, Error reduction coefficient: 0,000, Error: 0,0000 s
abr 04, 2013 12:33:04 PM org.ros.time.RemoteUptimeClock update
INFO: Latency: 7,0000 s, Delta ratio: 1,0000, Drift: 1,000, Error reduction coefficient: 0,000, Error: 0,0000 s
abr 04, 2013 12:33:04 PM org.ros.time.RemoteUptimeClock update
INFO: Latency: 7,0000 s, Delta ratio: 1,0000, Drift: 1,000, Error reduction coefficient: 0,000, Error: 0,0000 s
abr 04, 2013 12:33:04 PM org.ros.time.RemoteUptimeClock update
INFO: Latency: 7,0000 s, Delta ratio: 1,0000, Drift: 1,000, Error reduction coefficient: 0,000, Error: 0,0000 s
abr 04, 2013 12:33:04 PM org.ros.time.RemoteUptimeClock update
INFO: Latency: 7,0000 s, Delta ratio: 1,0000, Drift: 1,000, Error reduction coefficient: 0,000, Error: 0,0000 s
abr 04, 2013 12:33:04 PM org.ros.time.RemoteUptimeClock update
INFO: Latency: 7,0000 s, Delta ratio: 1,0000, Drift: 1,000, Error reduction coefficient: 0,000, Error: 0,0000 s
abr 04, 2013 12:33:04 PM org.ros.time.RemoteUptimeClock update
INFO: Latency: 7,0000 s, Delta ratio: 1,0000, Drift: 1,000, Error reduction coefficient: 0,000, Error: 0,0000 s
abr 04, 2013 12:33:04 PM org.ros.time.RemoteUptimeClock update
INFO: Latency: 7,0000 s, Delta ratio: 1,0000, Drift: 1,000, Error reduction coefficient: 0,000, Error: 0,0000 s
abr 04, 2013 12:33:04 PM org.ros.time.RemoteUptimeClock update
INFO: Latency: 7,0000 s, Delta ratio: 1,0000, Drift: 1,000, Error reduction coefficient: 0,000, Error: 0,0000 s
abr 04, 2013 12:33:04 PM org.ros.time.RemoteUptimeClock update
INFO: Latency: 7,0000 s, Delta ratio: 1,0000, Drift: 1,000, Error reduction coefficient: 0,000, Error: 0,0000 s
abr 04, 2013 12:33:04 PM org.ros.time.RemoteUptimeClock update
INFO: Latency: 7,0000 s, Delta ratio: 1,0000, Drift: 1,000, Error reduction coefficient: 0,000, Error: 0,0000 s
abr 04, 2013 12:33:04 PM org.ros.time.RemoteUptimeClock update
INFO: Latency: 7,0000 s, Delta ratio: 1,0000, Drift: 1,000, Error reduction coefficient: 0,000, Error: 0,0000 s
abr 04, 2013 12:33:04 PM org.ros.time.RemoteUptimeClock update
INFO: Latency: 7,0000 s, Delta ratio: 1,0000, Drift: 1,000, Error reduction coefficient: 0,000, Error: 0,0000 s
abr 04, 2013 12:33:04 PM org.ros.time.RemoteUptimeClock update
INFO: Latency: 7,0000 s, Delta ratio: 1,0000, Drift: 1,000, Error reduction coefficient: 0,000, Error: 0,0000 s
abr 04, 2013 12:33:04 PM org.ros.time.RemoteUptimeClock update
INFO: Latency: 7,0000 s, Delta ratio: 1,0000, Drift: 1,000, Error reduction coefficient: 0,000, Error: 0,0000 s
abr 04, 2013 12:33:04 PM org.ros.time.RemoteUptimeClock update
INFO: Latency: 7,0000 s, Delta ratio: 1,0000, Drift: 1,000, Error reduction coefficient: 0,000, Error: 0,0000 s
abr 04, 2013 12:33:04 PM org.ros.time.RemoteUptimeClock update
INFO: Latency: 7,0000 s, Delta ratio: 1,0000, Drift: 1,000, Error reduction coefficient: 0,000, Error: 0,0000 s
abr 04, 2013 12:33:04 PM org.ros.time.RemoteUptimeClock update
INFO: Latency: 7,0000 s, Delta ratio: 1,0000, Drift: 1,000, Error reduction coefficient: 0,000, Error: 0,0000 s
abr 04, 2013 12:33:04 PM org.ros.time.RemoteUptimeClock update
INFO: Latency: 7,0000 s, Delta ratio: 1,0000, Drift: 1,000, Error reduction coefficient: 0,000, Error: 0,0000 s
abr 04, 2013 12:33:04 PM org.ros.time.RemoteUptimeClock update
INFO: Latency: 7,0000 s, Delta ratio: 1,0000, Drift: 1,000, Error reduction coefficient: 0,000, Error: 0,0000 s
abr 04, 2013 12:33:04 PM org.ros.time.RemoteUptimeClock update
INFO: Latency: 7,0000 s, Delta ratio: 1,0000, Drift: 1,000, Error reduction coefficient: 0,000, Error: 0,0000 s
abr 04, 2013 12:33:04 PM org.ros.time.RemoteUptimeClock update
INFO: Latency: 7,0000 s, Delta ratio: 1,0000, Drift: 1,000, Error reduction coefficient: 0,000, Error: 0,0000 s
abr 04, 2013 12:33:04 PM org.ros.time.RemoteUptimeClock update
INFO: Latency: 7,0000 s, Delta ratio: 1,0000, Drift: 1,000, Error reduction coefficient: 0,000, Error: 0,0000 s
abr 04, 2013 12:33:04 PM org.ros.time.RemoteUptimeClock update
INFO: Latency: 7,0000 s, Delta ratio: 1,0000, Drift: 1,000, Error reduction coefficient: 0,000, Error: 0,0000 s
abr 04, 2013 12:33:04 PM org.ros.time.RemoteUptimeClock update
INFO: Latency: 7,0000 s, Delta ratio: 1,0000, Drift: 1,000, Error reduction coefficient: 0,000, Error: 0,0000 s
abr 04, 2013 12:33:04 PM org.ros.time.RemoteUptimeClock update
INFO: Latency: 7,0000 s, Delta ratio: 1,0000, Drift: 1,000, Error reduction coefficient: 0,000, Error: 0,0000 s
abr 04, 2013 12:33:04 PM org.ros.time.RemoteUptimeClock update
INFO: Latency: 7,0000 s, Delta ratio: 1,0000, Drift: 1,000, Error reduction coefficient: 0,000, Error: 0,0000 s
abr 04, 2013 12:33:04 PM org.ros.time.RemoteUptimeClock update
INFO: Latency: 7,0000 s, Delta ratio: 1,0000, Drift: 1,000, Error reduction coefficient: 0,000, Error: 0,0000 s
abr 04, 2013 12:33:04 PM org.ros.time.RemoteUptimeClock update
INFO: Latency: 7,0000 s, Delta ratio: 1,0000, Drift: 1,000, Error reduction coefficient: 0,000, Error: 0,0000 s
abr 04, 2013 12:33:04 PM org.ros.time.RemoteUptimeClock update
INFO: Latency: 7,0000 s, Delta ratio: 1,0000, Drift: 1,000, Error reduction coefficient: 0,000, Error: 0,0000 s
abr 04, 2013 12:33:04 PM org.ros.time.RemoteUptimeClock update
INFO: Latency: 7,0000 s, Delta ratio: 1,0000, Drift: 1,000, Error reduction coefficient: 0,000, Error: 0,0000 s
abr 04, 2013 12:33:04 PM org.ros.time.RemoteUptimeClock update
INFO: Latency: 7,0000 s, Delta ratio: 1,0000, Drift: 1,000, Error reduction coefficient: 0,000, Error: 0,0000 s
abr 04, 2013 12:33:04 PM org.ros.time.RemoteUptimeClock update
INFO: Latency: 7,0000 s, Delta ratio: 1,0000, Drift: 1,000, Error reduction coefficient: 0,000, Error: 0,0000 s
abr 04, 2013 12:33:04 PM org.ros.time.RemoteUptimeClock update
INFO: Latency: 7,0000 s, Delta ratio: 1,0000, Drift: 1,000, Error reduction coefficient: 0,000, Error: 0,0000 s
abr 04, 2013 12:33:04 PM org.ros.time.RemoteUptimeClock update
INFO: Latency: 7,0000 s, Delta ratio: 1,0000, Drift: 1,000, Error reduction coefficient: 0,000, Error: 0,0000 s
abr 04, 2013 12:33:04 PM org.ros.time.RemoteUptimeClock update
INFO: Latency: 7,0000 s, Delta ratio: 1,0000, Drift: 1,000, Error reduction coefficient: 0,000, Error: 0,0000 s
abr 04, 2013 12:33:04 PM org.ros.time.RemoteUptimeClock update
INFO: Latency: 7,0000 s, Delta ratio: 1,0000, Drift: 1,000, Error reduction coefficient: 0,000, Error: 0,0000 s
abr 04, 2013 12:33:04 PM org.ros.time.RemoteUptimeClock update
INFO: Latency: 7,0000 s, Delta ratio: 1,0000, Drift: 1,000, Error reduction coefficient: 0,000, Error: 0,0000 s
abr 04, 2013 12:33:04 PM org.ros.time.RemoteUptimeClock update
INFO: Latency: 7,0000 s, Delta ratio: 1,0000, Drift: 1,000, Error reduction coefficient: 0,000, Error: 0,0000 s
abr 04, 2013 12:33:04 PM org.ros.time.RemoteUptimeClock update
INFO: Latency: 7,0000 s, Delta ratio: 1,0000, Drift: 1,000, Error reduction coefficient: 0,000, Error: 0,0000 s
abr 04, 2013 12:33:04 PM org.ros.time.RemoteUptimeClock update
INFO: Latency: 7,0000 s, Delta ratio: 1,0000, Drift: 1,000, Error reduction coefficient: 0,000, Error: 0,0000 s
abr 04, 2013 12:33:04 PM org.ros.time.RemoteUptimeClock update
INFO: Latency: 7,0000 s, Delta ratio: 1,0000, Drift: 1,000, Error reduction coefficient: 0,000, Error: 0,0000 s
abr 04, 2013 12:33:04 PM org.ros.time.RemoteUptimeClock update
INFO: Latency: 7,0000 s, Delta ratio: 1,0000, Drift: 1,000, Error reduction coefficient: 0,000, Error: 0,0000 s
abr 04, 2013 12:33:04 PM org.ros.time.RemoteUptimeClock update
INFO: Latency: 7,0000 s, Delta ratio: 1,0000, Drift: 1,000, Error reduction coefficient: 0,000, Error: 0,0000 s
abr 04, 2013 12:33:04 PM org.ros.time.RemoteUptimeClock update
INFO: Latency: 7,0000 s, Delta ratio: 1,0000, Drift: 1,000, Error reduction coefficient: 0,000, Error: 0,0000 s
abr 04, 2013 12:33:04 PM org.ros.time.RemoteUptimeClock update
INFO: Latency: 7,0000 s, Delta ratio: 1,0000, Drift: 1,000, Error reduction coefficient: 0,000, Error: 0,0000 s
abr 04, 2013 12:33:04 PM org.ros.time.RemoteUptimeClock update
INFO: Latency: 7,0000 s, Delta ratio: 1,0000, Drift: 1,000, Error reduction coefficient: 0,000, Error: 0,0000 s
abr 04, 2013 12:33:04 PM org.ros.time.RemoteUptimeClock update
INFO: Latency: 7,0000 s, Delta ratio: 1,0000, Drift: 1,000, Error reduction coefficient: 0,000, Error: 0,0000 s
abr 04, 2013 12:33:04 PM org.ros.time.RemoteUptimeClock update
INFO: Latency: 7,0000 s, Delta ratio: 1,0000, Drift: 1,000, Error reduction coefficient: 0,000, Error: 0,0000 s
abr 04, 2013 12:33:04 PM org.ros.time.RemoteUptimeClock update
INFO: Latency: 7,0000 s, Delta ratio: 1,0000, Drift: 1,000, Error reduction coefficient: 0,000, Error: 0,0000 s
abr 04, 2013 12:33:04 PM org.ros.time.RemoteUptimeClock update
INFO: Latency: 7,0000 s, Delta ratio: 1,0000, Drift: 1,000, Error reduction coefficient: 0,000, Error: 0,0000 s
abr 04, 2013 12:33:04 PM org.ros.time.RemoteUptimeClock update
INFO: Latency: 7,0000 s, Delta ratio: 1,0000, Drift: 1,000, Error reduction coefficient: 0,000, Error: 0,0000 s
abr 04, 2013 12:33:04 PM org.ros.time.RemoteUptimeClock update
INFO: Latency: 7,0000 s, Delta ratio: 1,0000, Drift: 1,000, Error reduction coefficient: 0,000, Error: 0,0000 s
abr 04, 2013 12:33:04 PM org.ros.time.RemoteUptimeClock update
INFO: Latency: 7,0000 s, Delta ratio: 1,0000, Drift: 1,000, Error reduction coefficient: 0,000, Error: 0,0000 s
abr 04, 2013 12:33:04 PM org.ros.time.RemoteUptimeClock update
INFO: Latency: 7,0000 s, Delta ratio: 1,0000, Drift: 1,000, Error reduction coefficient: 0,000, Error: 0,0000 s
abr 04, 2013 12:33:04 PM org.ros.time.RemoteUptimeClock update
INFO: Latency: 7,0000 s, Delta ratio: 1,0000, Drift: 1,000, Error reduction coefficient: 0,000, Error: 0,0000 s
abr 04, 2013 12:33:04 PM org.ros.time.RemoteUptimeClock update
INFO: Latency: 7,0000 s, Delta ratio: 1,0000, Drift: 1,000, Error reduction coefficient: 0,000, Error: 0,0000 s
abr 04, 2013 12:33:04 PM org.ros.time.RemoteUptimeClock update
INFO: Latency: 7,0000 s, Delta ratio: 1,0000, Drift: 1,000, Error reduction coefficient: 0,000, Error: 0,0000 s
abr 04, 2013 12:33:04 PM org.ros.time.RemoteUptimeClock update
INFO: Latency: 7,0000 s, Delta ratio: 1,0000, Drift: 1,000, Error reduction coefficient: 0,000, Error: 0,0000 s
abr 04, 2013 12:33:04 PM org.ros.time.RemoteUptimeClock update
INFO: Latency: 7,0000 s, Delta ratio: 1,0000, Drift: 1,000, Error reduction coefficient: 0,000, Error: 0,0000 s
abr 04, 2013 12:33:04 PM org.ros.time.RemoteUptimeClock update
INFO: Latency: 7,0000 s, Delta ratio: 1,0000, Drift: 1,000, Error reduction coefficient: 0,000, Error: 0,0000 s
abr 04, 2013 12:33:04 PM org.ros.time.RemoteUptimeClock update
INFO: Latency: 7,0000 s, Delta ratio: 1,0000, Drift: 1,000, Error reduction coefficient: 0,000, Error: 0,0000 s
abr 04, 2013 12:33:04 PM org.ros.time.RemoteUptimeClock update
INFO: Latency: 7,0000 s, Delta ratio: 1,0000, Drift: 1,000, Error reduction coefficient: 0,000, Error: 0,0000 s
abr 04, 2013 12:33:04 PM org.ros.time.RemoteUptimeClock update
INFO: Latency: 7,0000 s, Delta ratio: 1,0000, Drift: 1,000, Error reduction coefficient: 0,000, Error: 0,0000 s
abr 04, 2013 12:33:04 PM org.ros.time.RemoteUptimeClock update
INFO: Latency: 7,0000 s, Delta ratio: 1,0000, Drift: 1,000, Error reduction coefficient: 0,000, Error: 0,0000 s
abr 04, 2013 12:33:04 PM org.ros.time.RemoteUptimeClock update
INFO: Latency: 7,0000 s, Delta ratio: 1,0000, Drift: 1,000, Error reduction coefficient: 0,000, Error: 0,0000 s
abr 04, 2013 12:33:04 PM org.ros.time.RemoteUptimeClock update
INFO: Latency: 7,0000 s, Delta ratio: 1,0000, Drift: 1,000, Error reduction coefficient: 0,000, Error: 0,0000 s
abr 04, 2013 12:33:04 PM org.ros.time.RemoteUptimeClock update
INFO: Latency: 7,0000 s, Delta ratio: 1,0000, Drift: 1,000, Error reduction coefficient: 0,000, Error: 0,0000 s
abr 04, 2013 12:33:04 PM org.ros.time.RemoteUptimeClock update
INFO: Latency: 7,0000 s, Delta ratio: 1,0000, Drift: 1,000, Error reduction coefficient: 0,000, Error: 0,0000 s
abr 04, 2013 12:33:04 PM org.ros.time.RemoteUptimeClock update
INFO: Latency: 7,0000 s, Delta ratio: 1,0000, Drift: 1,000, Error reduction coefficient: 0,000, Error: 0,0000 s
abr 04, 2013 12:33:04 PM org.ros.time.RemoteUptimeClock update
INFO: Latency: 7,0000 s, Delta ratio: 1,0000, Drift: 1,000, Error reduction coefficient: 0,000, Error: 0,0000 s
abr 04, 2013 12:33:04 PM org.ros.time.RemoteUptimeClock update
INFO: Latency: 7,0000 s, Delta ratio: 1,0000, Drift: 1,000, Error reduction coefficient: 0,000, Error: 0,0000 s
abr 04, 2013 12:33:04 PM org.ros.time.RemoteUptimeClock update
INFO: Latency: 7,0000 s, Delta ratio: 1,0000, Drift: 1,000, Error reduction coefficient: 0,000, Error: 0,0000 s
abr 04, 2013 12:33:04 PM org.ros.time.RemoteUptimeClock update
INFO: Latency: 7,0000 s, Delta ratio: 1,0000, Drift: 1,000, Error reduction coefficient: 0,000, Error: 0,0000 s
abr 04, 2013 12:33:04 PM org.ros.time.RemoteUptimeClock update
INFO: Latency: 7,0000 s, Delta ratio: 1,0000, Drift: 1,000, Error reduction coefficient: 0,000, Error: 0,0000 s
abr 04, 2013 12:33:04 PM org.ros.time.RemoteUptimeClock update
INFO: Latency: 7,0000 s, Delta ratio: 1,0000, Drift: 1,000, Error reduction coefficient: 0,000, Error: 0,0000 s
abr 04, 2013 12:33:04 PM org.ros.time.RemoteUptimeClock update
INFO: Latency: 7,0000 s, Delta ratio: 1,0000, Drift: 1,000, Error reduction coefficient: 0,000, Error: 0,0000 s
abr 04, 2013 12:33:04 PM org.ros.time.RemoteUptimeClock update
INFO: Latency: 7,0000 s, Delta ratio: 1,0000, Drift: 1,000, Error reduction coefficient: 0,000, Error: 0,0000 s
abr 04, 2013 12:33:04 PM org.ros.time.RemoteUptimeClock update
INFO: Latency: 7,0000 s, Delta ratio: 1,0000, Drift: 1,000, Error reduction coefficient: 0,000, Error: 0,0000 s
abr 04, 2013 12:33:04 PM org.ros.time.RemoteUptimeClock update
INFO: Latency: 7,0000 s, Delta ratio: 1,0000, Drift: 1,000, Error reduction coefficient: 0,000, Error: 0,0000 s
abr 04, 2013 12:33:04 PM org.ros.time.RemoteUptimeClock update
INFO: Latency: 7,0000 s, Delta ratio: 1,0000, Drift: 1,000, Error reduction coefficient: 0,000, Error: 0,0000 s
abr 04, 2013 12:33:04 PM org.ros.time.RemoteUptimeClock update
INFO: Latency: 7,0000 s, Delta ratio: 1,0000, Drift: 1,000, Error reduction coefficient: 0,000, Error: 0,0000 s
abr 04, 2013 12:33:04 PM org.ros.time.RemoteUptimeClock update
INFO: Latency: 7,0000 s, Delta ratio: 1,0000, Drift: 1,000, Error reduction coefficient: 0,000, Error: 0,0000 s
abr 04, 2013 12:33:04 PM org.ros.time.RemoteUptimeClock update
INFO: Latency: 7,0000 s, Delta ratio: 1,0000, Drift: 1,000, Error reduction coefficient: 0,000, Error: 0,0000 s
abr 04, 2013 12:33:04 PM org.ros.time.RemoteUptimeClock update
INFO: Latency: 7,0000 s, Delta ratio: 1,0000, Drift: 1,000, Error reduction coefficient: 0,000, Error: 0,0000 s
abr 04, 2013 12:33:04 PM org.ros.time.RemoteUptimeClock update
INFO: Latency: 7,0000 s, Delta ratio: 1,0000, Drift: 1,000, Error reduction coefficient: 0,000, Error: 0,0000 s
abr 04, 2013 12:33:04 PM org.ros.time.RemoteUptimeClock update
INFO: Latency: 7,0000 s, Delta ratio: 1,0000, Drift: 1,000, Error reduction coefficient: 0,000, Error: 0,0000 s
abr 04, 2013 12:33:04 PM org.ros.time.RemoteUptimeClock update
INFO: Latency: 7,0000 s, Delta ratio: 1,0000, Drift: 1,000, Error reduction coefficient: 0,000, Error: 0,0000 s
abr 04, 2013 12:33:04 PM org.ros.time.RemoteUptimeClock update
INFO: Latency: 7,0000 s, Delta ratio: 1,0000, Drift: 1,000, Error reduction coefficient: 0,000, Error: 0,0000 s
abr 04, 2013 12:33:04 PM org.ros.time.RemoteUptimeClock update
INFO: Latency: 7,0000 s, Delta ratio: 1,0000, Drift: 1,000, Error reduction coefficient: 0,000, Error: 0,0000 s
abr 04, 2013 12:33:04 PM org.ros.time.RemoteUptimeClock update
INFO: Latency: 7,0000 s, Delta ratio: 1,0000, Drift: 1,000, Error reduction coefficient: 0,000, Error: 0,0000 s
abr 04, 2013 12:33:04 PM org.ros.time.RemoteUptimeClock update
INFO: Latency: 7,0000 s, Delta ratio: 1,0000, Drift: 1,000, Error reduction coefficient: 0,000, Error: 0,0000 s
abr 04, 2013 12:33:04 PM org.ros.time.RemoteUptimeClock update
INFO: Latency: 7,0000 s, Delta ratio: 1,0000, Drift: 1,000, Error reduction coefficient: 0,000, Error: 0,0000 s
abr 04, 2013 12:33:04 PM org.ros.time.RemoteUptimeClock update
INFO: Latency: 7,0000 s, Delta ratio: 1,0000, Drift: 1,000, Error reduction coefficient: 0,000, Error: 0,0000 s
abr 04, 2013 12:33:04 PM org.ros.time.RemoteUptimeClock update
INFO: Latency: 7,0000 s, Delta ratio: 1,0000, Drift: 1,000, Error reduction coefficient: 0,000, Error: 0,0000 s
abr 04, 2013 12:33:04 PM org.ros.time.RemoteUptimeClock update
INFO: Latency: 7,0000 s, Delta ratio: 1,0000, Drift: 1,000, Error reduction coefficient: 0,000, Error: 0,0000 s
abr 04, 2013 12:33:04 PM org.ros.time.RemoteUptimeClock update
INFO: Latency: 7,0000 s, Delta ratio: 1,0000, Drift: 1,000, Error reduction coefficient: 0,000, Error: 0,0000 s
abr 04, 2013 12:33:04 PM org.ros.time.RemoteUptimeClock update
INFO: Latency: 7,0000 s, Delta ratio: 1,0000, Drift: 1,000, Error reduction coefficient: 0,000, Error: 0,0000 s
abr 04, 2013 12:33:04 PM org.ros.time.RemoteUptimeClock update
INFO: Latency: 7,0000 s, Delta ratio: 1,0000, Drift: 1,000, Error reduction coefficient: 0,000, Error: 0,0000 s
abr 04, 2013 12:33:04 PM org.ros.time.RemoteUptimeClock update
INFO: Latency: 7,0000 s, Delta ratio: 1,0000, Drift: 1,000, Error reduction coefficient: 0,000, Error: 0,0000 s
abr 04, 2013 12:33:04 PM org.ros.time.RemoteUptimeClock update
INFO: Latency: 7,0000 s, Delta ratio: 1,0000, Drift: 1,000, Error reduction coefficient: 0,000, Error: 0,0000 s
abr 04, 2013 12:33:04 PM org.ros.time.RemoteUptimeClock update
INFO: Latency: 7,0000 s, Delta ratio: 1,0000, Drift: 1,000, Error reduction coefficient: 0,000, Error: 0,0000 s
abr 04, 2013 12:33:04 PM org.ros.time.RemoteUptimeClock update
INFO: Latency: 7,0000 s, Delta ratio: 1,0000, Drift: 1,000, Error reduction coefficient: 0,000, Error: 0,0000 s
abr 04, 2013 12:33:04 PM org.ros.time.RemoteUptimeClock update
INFO: Latency: 7,0000 s, Delta ratio: 1,0000, Drift: 1,000, Error reduction coefficient: 0,000, Error: 0,0000 s
abr 04, 2013 12:33:04 PM org.ros.time.RemoteUptimeClock update
INFO: Latency: 7,0000 s, Delta ratio: 1,0000, Drift: 1,000, Error reduction coefficient: 0,000, Error: 0,0000 s
abr 04, 2013 12:33:04 PM org.ros.time.RemoteUptimeClock update
INFO: Latency: 7,0000 s, Delta ratio: 1,0000, Drift: 1,000, Error reduction coefficient: 0,000, Error: 0,0000 s
abr 04, 2013 12:33:04 PM org.ros.time.RemoteUptimeClock update
INFO: Latency: 7,0000 s, Delta ratio: 1,0000, Drift: 1,000, Error reduction coefficient: 0,000, Error: 0,0000 s
abr 04, 2013 12:33:04 PM org.ros.time.RemoteUptimeClock update
INFO: Latency: 7,0000 s, Delta ratio: 1,0000, Drift: 1,000, Error reduction coefficient: 0,000, Error: 0,0000 s
abr 04, 2013 12:33:04 PM org.ros.time.RemoteUptimeClock update
INFO: Latency: 7,0000 s, Delta ratio: 1,0000, Drift: 1,000, Error reduction coefficient: 0,000, Error: 0,0000 s
abr 04, 2013 12:33:04 PM org.ros.time.RemoteUptimeClock update
INFO: Latency: 7,0000 s, Delta ratio: 1,0000, Drift: 1,000, Error reduction coefficient: 0,000, Error: 0,0000 s
abr 04, 2013 12:33:04 PM org.ros.time.RemoteUptimeClock update
INFO: Latency: 7,0000 s, Delta ratio: 1,0000, Drift: 1,000, Error reduction coefficient: 0,000, Error: 0,0000 s
abr 04, 2013 12:33:04 PM org.ros.time.RemoteUptimeClock update
INFO: Latency: 7,0000 s, Delta ratio: 1,0000, Drift: 1,000, Error reduction coefficient: 0,000, Error: 0,0000 s
abr 04, 2013 12:33:04 PM org.ros.time.RemoteUptimeClock update
INFO: Latency: 7,0000 s, Delta ratio: 1,0000, Drift: 1,000, Error reduction coefficient: 0,000, Error: 0,0000 s
abr 04, 2013 12:33:04 PM org.ros.time.RemoteUptimeClock update
INFO: Latency: 7,0000 s, Delta ratio: 1,0000, Drift: 1,000, Error reduction coefficient: 0,000, Error: 0,0000 s
abr 04, 2013 12:33:04 PM org.ros.time.RemoteUptimeClock update
INFO: Latency: 7,0000 s, Delta ratio: 1,0000, Drift: 1,000, Error reduction coefficient: 0,000, Error: 0,0000 s
abr 04, 2013 12:33:04 PM org.ros.time.RemoteUptimeClock update
INFO: Latency: 7,0000 s, Delta ratio: 1,0000, Drift: 1,000, Error reduction coefficient: 0,000, Error: 0,0000 s
abr 04, 2013 12:33:04 PM org.ros.time.RemoteUptimeClock update
INFO: Latency: 7,0000 s, Delta ratio: 1,0000, Drift: 1,000, Error reduction coefficient: 0,000, Error: 0,0000 s
abr 04, 2013 12:33:04 PM org.ros.time.RemoteUptimeClock update
INFO: Latency: 7,0000 s, Delta ratio: 1,0000, Drift: 1,000, Error reduction coefficient: 0,000, Error: 0,0000 s
abr 04, 2013 12:33:04 PM org.ros.time.RemoteUptimeClock update
INFO: Latency: 7,0000 s, Delta ratio: 1,0000, Drift: 1,000, Error reduction coefficient: 0,000, Error: 0,0000 s
abr 04, 2013 12:33:04 PM org.ros.time.RemoteUptimeClock update
INFO: Latency: 7,0000 s, Delta ratio: 1,0000, Drift: 1,000, Error reduction coefficient: 0,000, Error: 0,0000 s
abr 04, 2013 12:33:04 PM org.ros.time.RemoteUptimeClock update
INFO: Latency: 7,0000 s, Delta ratio: 1,0000, Drift: 1,000, Error reduction coefficient: 0,000, Error: 0,0000 s
abr 04, 2013 12:33:04 PM org.ros.time.RemoteUptimeClock update
INFO: Latency: 7,0000 s, Delta ratio: 1,0000, Drift: 1,000, Error reduction coefficient: 0,000, Error: 0,0000 s
abr 04, 2013 12:33:04 PM org.ros.time.RemoteUptimeClock update
INFO: Latency: 7,0000 s, Delta ratio: 1,0000, Drift: 1,000, Error reduction coefficient: 0,000, Error: 0,0000 s
abr 04, 2013 12:33:04 PM org.ros.time.RemoteUptimeClock update
INFO: Latency: 7,0000 s, Delta ratio: 1,0000, Drift: 1,000, Error reduction coefficient: 0,000, Error: 0,0000 s
abr 04, 2013 12:33:04 PM org.ros.time.RemoteUptimeClock update
INFO: Latency: 7,0000 s, Delta ratio: 1,0000, Drift: 1,000, Error reduction coefficient: 0,000, Error: 0,0000 s
abr 04, 2013 12:33:04 PM org.ros.time.RemoteUptimeClock update
INFO: Latency: 7,0000 s, Delta ratio: 1,0000, Drift: 1,000, Error reduction coefficient: 0,000, Error: 0,0000 s
abr 04, 2013 12:33:04 PM org.ros.time.RemoteUptimeClock update
INFO: Latency: 7,0000 s, Delta ratio: 1,0000, Drift: 1,000, Error reduction coefficient: 0,000, Error: 0,0000 s
abr 04, 2013 12:33:04 PM org.ros.time.RemoteUptimeClock update
INFO: Latency: 7,0000 s, Delta ratio: 1,0000, Drift: 1,000, Error reduction coefficient: 0,000, Error: 0,0000 s
abr 04, 2013 12:33:04 PM org.ros.time.RemoteUptimeClock update
INFO: Latency: 7,0000 s, Delta ratio: 1,0000, Drift: 1,000, Error reduction coefficient: 0,000, Error: 0,0000 s
abr 04, 2013 12:33:04 PM org.ros.time.RemoteUptimeClock update
INFO: Latency: 7,0000 s, Delta ratio: 1,0000, Drift: 1,000, Error reduction coefficient: 0,000, Error: 0,0000 s
abr 04, 2013 12:33:04 PM org.ros.time.RemoteUptimeClock update
INFO: Latency: 7,0000 s, Delta ratio: 1,0000, Drift: 1,000, Error reduction coefficient: 0,000, Error: 0,0000 s
abr 04, 2013 12:33:04 PM org.ros.time.RemoteUptimeClock update
INFO: Latency: 7,0000 s, Delta ratio: 1,0000, Drift: 1,000, Error reduction coefficient: 0,000, Error: 0,0000 s
abr 04, 2013 12:33:04 PM org.ros.time.RemoteUptimeClock update
INFO: Latency: 7,0000 s, Delta ratio: 1,0000, Drift: 1,000, Error reduction coefficient: 0,000, Error: 0,0000 s
abr 04, 2013 12:33:04 PM org.ros.time.RemoteUptimeClock update
INFO: Latency: 7,0000 s, Delta ratio: 1,0000, Drift: 1,000, Error reduction coefficient: 0,000, Error: 0,0000 s
abr 04, 2013 12:33:04 PM org.ros.time.RemoteUptimeClock update
INFO: Latency: 7,0000 s, Delta ratio: 1,0000, Drift: 1,000, Error reduction coefficient: 0,000, Error: 0,0000 s
abr 04, 2013 12:33:04 PM org.ros.time.RemoteUptimeClock update
INFO: Latency: 7,0000 s, Delta ratio: 1,0000, Drift: 1,000, Error reduction coefficient: 0,000, Error: 0,0000 s
abr 04, 2013 12:33:04 PM org.ros.time.RemoteUptimeClock update
INFO: Latency: 7,0000 s, Delta ratio: 1,0000, Drift: 1,000, Error reduction coefficient: 0,000, Error: 0,0000 s
abr 04, 2013 12:33:04 PM org.ros.time.RemoteUptimeClock update
INFO: Latency: 7,0000 s, Delta ratio: 1,0000, Drift: 1,000, Error reduction coefficient: 0,000, Error: 0,0000 s
abr 04, 2013 12:33:04 PM org.ros.time.RemoteUptimeClock update
INFO: Latency: 7,0000 s, Delta ratio: 1,0000, Drift: 1,000, Error reduction coefficient: 0,000, Error: 0,0000 s
abr 04, 2013 12:33:04 PM org.ros.time.RemoteUptimeClock update
INFO: Latency: 7,0000 s, Delta ratio: 1,0000, Drift: 1,000, Error reduction coefficient: 0,000, Error: 0,0000 s
abr 04, 2013 12:33:04 PM org.ros.time.RemoteUptimeClock update
INFO: Latency: 7,0000 s, Delta ratio: 1,0000, Drift: 1,000, Error reduction coefficient: 0,000, Error: 0,0000 s
abr 04, 2013 12:33:04 PM org.ros.time.RemoteUptimeClock update
INFO: Latency: 7,0000 s, Delta ratio: 1,0000, Drift: 1,000, Error reduction coefficient: 0,000, Error: 0,0000 s
abr 04, 2013 12:33:04 PM org.ros.time.RemoteUptimeClock update
INFO: Latency: 7,0000 s, Delta ratio: 1,0000, Drift: 1,000, Error reduction coefficient: 0,000, Error: 0,0000 s
abr 04, 2013 12:33:04 PM org.ros.time.RemoteUptimeClock update
INFO: Latency: 7,0000 s, Delta ratio: 1,0000, Drift: 1,000, Error reduction coefficient: 0,000, Error: 0,0000 s
abr 04, 2013 12:33:04 PM org.ros.time.RemoteUptimeClock update
INFO: Latency: 7,0000 s, Delta ratio: 1,0000, Drift: 1,000, Error reduction coefficient: 0,000, Error: 0,0000 s
abr 04, 2013 12:33:04 PM org.ros.time.RemoteUptimeClock update
INFO: Latency: 7,0000 s, Delta ratio: 1,0000, Drift: 1,000, Error reduction coefficient: 0,000, Error: 0,0000 s
abr 04, 2013 12:33:04 PM org.ros.time.RemoteUptimeClock update
INFO: Latency: 7,0000 s, Delta ratio: 1,0000, Drift: 1,000, Error reduction coefficient: 0,000, Error: 0,0000 s
abr 04, 2013 12:33:04 PM org.ros.time.RemoteUptimeClock update
INFO: Latency: 7,0000 s, Delta ratio: 1,0000, Drift: 1,000, Error reduction coefficient: 0,000, Error: 0,0000 s
abr 04, 2013 12:33:04 PM org.ros.time.RemoteUptimeClock update
INFO: Latency: 7,0000 s, Delta ratio: 1,0000, Drift: 1,000, Error reduction coefficient: 0,000, Error: 0,0000 s
abr 04, 2013 12:33:04 PM org.ros.time.RemoteUptimeClock update
INFO: Latency: 7,0000 s, Delta ratio: 1,0000, Drift: 1,000, Error reduction coefficient: 0,000, Error: 0,0000 s
abr 04, 2013 12:33:04 PM org.ros.time.RemoteUptimeClock update
INFO: Latency: 7,0000 s, Delta ratio: 1,0000, Drift: 1,000, Error reduction coefficient: 0,000, Error: 0,0000 s
abr 04, 2013 12:33:04 PM org.ros.time.RemoteUptimeClock update
INFO: Latency: 7,0000 s, Delta ratio: 1,0000, Drift: 1,000, Error reduction coefficient: 0,000, Error: 0,0000 s
abr 04, 2013 12:33:04 PM org.ros.time.RemoteUptimeClock update
INFO: Latency: 7,0000 s, Delta ratio: 1,0000, Drift: 1,000, Error reduction coefficient: 0,000, Error: 0,0000 s
abr 04, 2013 12:33:04 PM org.ros.time.RemoteUptimeClock update
INFO: Latency: 7,0000 s, Delta ratio: 1,0000, Drift: 1,000, Error reduction coefficient: 0,000, Error: 0,0000 s
abr 04, 2013 12:33:04 PM org.ros.time.RemoteUptimeClock update
INFO: Latency: 7,0000 s, Delta ratio: 1,0000, Drift: 1,000, Error reduction coefficient: 0,000, Error: 0,0000 s
abr 04, 2013 12:33:04 PM org.ros.time.RemoteUptimeClock update
INFO: Latency: 7,0000 s, Delta ratio: 1,0000, Drift: 1,000, Error reduction coefficient: 0,000, Error: 0,0000 s
abr 04, 2013 12:33:04 PM org.ros.time.RemoteUptimeClock update
INFO: Latency: 7,0000 s, Delta ratio: 1,0000, Drift: 1,000, Error reduction coefficient: 0,000, Error: 0,0000 s
abr 04, 2013 12:33:04 PM org.ros.time.RemoteUptimeClock update
INFO: Latency: 7,0000 s, Delta ratio: 1,0000, Drift: 1,000, Error reduction coefficient: 0,000, Error: 0,0000 s
abr 04, 2013 12:33:04 PM org.ros.time.RemoteUptimeClock update
INFO: Latency: 7,0000 s, Delta ratio: 1,0000, Drift: 1,000, Error reduction coefficient: 0,000, Error: 0,0000 s
abr 04, 2013 12:33:04 PM org.ros.time.RemoteUptimeClock update
INFO: Latency: 7,0000 s, Delta ratio: 1,0000, Drift: 1,000, Error reduction coefficient: 0,000, Error: 0,0000 s
abr 04, 2013 12:33:04 PM org.ros.time.RemoteUptimeClock update
INFO: Latency: 7,0000 s, Delta ratio: 1,0000, Drift: 1,000, Error reduction coefficient: 0,000, Error: 0,0000 s
abr 04, 2013 12:33:04 PM org.ros.time.RemoteUptimeClock update
INFO: Latency: 7,0000 s, Delta ratio: 1,0000, Drift: 1,000, Error reduction coefficient: 0,000, Error: 0,0000 s
abr 04, 2013 12:33:04 PM org.ros.time.RemoteUptimeClock update
INFO: Latency: 7,0000 s, Delta ratio: 1,0000, Drift: 1,000, Error reduction coefficient: 0,000, Error: 0,0000 s
abr 04, 2013 12:33:04 PM org.ros.time.RemoteUptimeClock update
INFO: Latency: 7,0000 s, Delta ratio: 1,0000, Drift: 1,000, Error reduction coefficient: 0,000, Error: 0,0000 s
abr 04, 2013 12:33:04 PM org.ros.time.RemoteUptimeClock update
INFO: Latency: 7,0000 s, Delta ratio: 1,0000, Drift: 1,000, Error reduction coefficient: 0,000, Error: 0,0000 s
abr 04, 2013 12:33:04 PM org.ros.time.RemoteUptimeClock update
INFO: Latency: 7,0000 s, Delta ratio: 1,0000, Drift: 1,000, Error reduction coefficient: 0,000, Error: 0,0000 s
abr 04, 2013 12:33:04 PM org.ros.time.RemoteUptimeClock update
INFO: Latency: 7,0000 s, Delta ratio: 1,0000, Drift: 1,000, Error reduction coefficient: 0,000, Error: 0,0000 s
abr 04, 2013 12:33:04 PM org.ros.time.RemoteUptimeClock update
INFO: Latency: 7,0000 s, Delta ratio: 1,0000, Drift: 1,000, Error reduction coefficient: 0,000, Error: 0,0000 s
abr 04, 2013 12:33:04 PM org.ros.time.RemoteUptimeClock update
INFO: Latency: 7,0000 s, Delta ratio: 1,0000, Drift: 1,000, Error reduction coefficient: 0,000, Error: 0,0000 s
abr 04, 2013 12:33:04 PM org.ros.time.RemoteUptimeClock update
INFO: Latency: 7,0000 s, Delta ratio: 1,0000, Drift: 1,000, Error reduction coefficient: 0,000, Error: 0,0000 s
abr 04, 2013 12:33:04 PM org.ros.time.RemoteUptimeClock update
INFO: Latency: 7,0000 s, Delta ratio: 1,0000, Drift: 1,000, Error reduction coefficient: 0,000, Error: 0,0000 s
abr 04, 2013 12:33:04 PM org.ros.time.RemoteUptimeClock update
INFO: Latency: 7,0000 s, Delta ratio: 1,0000, Drift: 1,000, Error reduction coefficient: 0,000, Error: 0,0000 s
abr 04, 2013 12:33:04 PM org.ros.time.RemoteUptimeClock update
INFO: Latency: 7,0000 s, Delta ratio: 1,0000, Drift: 1,000, Error reduction coefficient: 0,000, Error: 0,0000 s
abr 04, 2013 12:33:04 PM org.ros.time.RemoteUptimeClock update
INFO: Latency: 7,0000 s, Delta ratio: 1,0000, Drift: 1,000, Error reduction coefficient: 0,000, Error: 0,0000 s
abr 04, 2013 12:33:04 PM org.ros.time.RemoteUptimeClock update
INFO: Latency: 7,0000 s, Delta ratio: 1,0000, Drift: 1,000, Error reduction coefficient: 0,000, Error: 0,0000 s
abr 04, 2013 12:33:04 PM org.ros.time.RemoteUptimeClock update
INFO: Latency: 7,0000 s, Delta ratio: 1,0000, Drift: 1,000, Error reduction coefficient: 0,000, Error: 0,0000 s
abr 04, 2013 12:33:04 PM org.ros.time.RemoteUptimeClock update
INFO: Latency: 7,0000 s, Delta ratio: 1,0000, Drift: 1,000, Error reduction coefficient: 0,000, Error: 0,0000 s
abr 04, 2013 12:33:04 PM org.ros.time.RemoteUptimeClock update
INFO: Latency: 7,0000 s, Delta ratio: 1,0000, Drift: 1,000, Error reduction coefficient: 0,000, Error: 0,0000 s
abr 04, 2013 12:33:04 PM org.ros.time.RemoteUptimeClock update
INFO: Latency: 7,0000 s, Delta ratio: 1,0000, Drift: 1,000, Error reduction coefficient: 0,000, Error: 0,0000 s
abr 04, 2013 12:33:04 PM org.ros.time.RemoteUptimeClock update
INFO: Latency: 7,0000 s, Delta ratio: 1,0000, Drift: 1,000, Error reduction coefficient: 0,000, Error: 0,0000 s
abr 04, 2013 12:33:04 PM org.ros.time.RemoteUptimeClock update
INFO: Latency: 7,0000 s, Delta ratio: 1,0000, Drift: 1,000, Error reduction coefficient: 0,000, Error: 0,0000 s
abr 04, 2013 12:33:04 PM org.ros.time.RemoteUptimeClock update
INFO: Latency: 7,0000 s, Delta ratio: 1,0000, Drift: 1,000, Error reduction coefficient: 0,000, Error: 0,0000 s
abr 04, 2013 12:33:04 PM org.ros.time.RemoteUptimeClock update
INFO: Latency: 7,0000 s, Delta ratio: 1,0000, Drift: 1,000, Error reduction coefficient: 0,000, Error: 0,0000 s
abr 04, 2013 12:33:04 PM org.ros.time.RemoteUptimeClock update
INFO: Latency: 7,0000 s, Delta ratio: 1,0000, Drift: 1,000, Error reduction coefficient: 0,000, Error: 0,0000 s
abr 04, 2013 12:33:04 PM org.ros.time.RemoteUptimeClock update
INFO: Latency: 7,0000 s, Delta ratio: 1,0000, Drift: 1,000, Error reduction coefficient: 0,000, Error: 0,0000 s
abr 04, 2013 12:33:04 PM org.ros.time.RemoteUptimeClock update
INFO: Latency: 7,0000 s, Delta ratio: 1,0000, Drift: 1,000, Error reduction coefficient: 0,000, Error: 0,0000 s
abr 04, 2013 12:33:04 PM org.ros.time.RemoteUptimeClock update
INFO: Latency: 7,0000 s, Delta ratio: 1,0000, Drift: 1,000, Error reduction coefficient: 0,000, Error: 0,0000 s
abr 04, 2013 12:33:04 PM org.ros.time.RemoteUptimeClock update
INFO: Latency: 7,0000 s, Delta ratio: 1,0000, Drift: 1,000, Error reduction coefficient: 0,000, Error: 0,0000 s
abr 04, 2013 12:33:04 PM org.ros.time.RemoteUptimeClock update
INFO: Latency: 7,0000 s, Delta ratio: 1,0000, Drift: 1,000, Error reduction coefficient: 0,000, Error: 0,0000 s
abr 04, 2013 12:33:04 PM org.ros.time.RemoteUptimeClock update
INFO: Latency: 7,0000 s, Delta ratio: 1,0000, Drift: 1,000, Error reduction coefficient: 0,000, Error: 0,0000 s
abr 04, 2013 12:33:04 PM org.ros.time.RemoteUptimeClock update
INFO: Latency: 7,0000 s, Delta ratio: 1,0000, Drift: 1,000, Error reduction coefficient: 0,000, Error: 0,0000 s
abr 04, 2013 12:33:04 PM org.ros.time.RemoteUptimeClock update
INFO: Latency: 7,0000 s, Delta ratio: 1,0000, Drift: 1,000, Error reduction coefficient: 0,000, Error: 0,0000 s
abr 04, 2013 12:33:04 PM org.ros.time.RemoteUptimeClock update
INFO: Latency: 7,0000 s, Delta ratio: 1,0000, Drift: 1,000, Error reduction coefficient: 0,000, Error: 0,0000 s
abr 04, 2013 12:33:04 PM org.ros.time.RemoteUptimeClock update
INFO: Latency: 7,0000 s, Delta ratio: 1,0000, Drift: 1,000, Error reduction coefficient: 0,000, Error: 0,0000 s
abr 04, 2013 12:33:04 PM org.ros.time.RemoteUptimeClock update
INFO: Latency: 7,0000 s, Delta ratio: 1,0000, Drift: 1,000, Error reduction coefficient: 0,000, Error: 0,0000 s
abr 04, 2013 12:33:04 PM org.ros.time.RemoteUptimeClock update
INFO: Latency: 7,0000 s, Delta ratio: 1,0000, Drift: 1,000, Error reduction coefficient: 0,000, Error: 0,0000 s
abr 04, 2013 12:33:04 PM org.ros.time.RemoteUptimeClock update
INFO: Latency: 7,0000 s, Delta ratio: 1,0000, Drift: 1,000, Error reduction coefficient: 0,000, Error: 0,0000 s
abr 04, 2013 12:33:04 PM org.ros.time.RemoteUptimeClock update
INFO: Latency: 7,0000 s, Delta ratio: 1,0000, Drift: 1,000, Error reduction coefficient: 0,000, Error: 0,0000 s
abr 04, 2013 12:33:04 PM org.ros.time.RemoteUptimeClock update
INFO: Latency: 7,0000 s, Delta ratio: 1,0000, Drift: 1,000, Error reduction coefficient: 0,000, Error: 0,0000 s
abr 04, 2013 12:33:04 PM org.ros.time.RemoteUptimeClock update
INFO: Latency: 7,0000 s, Delta ratio: 1,0000, Drift: 1,000, Error reduction coefficient: 0,000, Error: 0,0000 s
abr 04, 2013 12:33:04 PM org.ros.time.RemoteUptimeClock update
INFO: Latency: 7,0000 s, Delta ratio: 1,0000, Drift: 1,000, Error reduction coefficient: 0,000, Error: 0,0000 s
abr 04, 2013 12:33:04 PM org.ros.time.RemoteUptimeClock update
INFO: Latency: 7,0000 s, Delta ratio: 1,0000, Drift: 1,000, Error reduction coefficient: 0,000, Error: 0,0000 s
abr 04, 2013 12:33:04 PM org.ros.time.RemoteUptimeClock update
INFO: Latency: 7,0000 s, Delta ratio: 1,0000, Drift: 1,000, Error reduction coefficient: 0,000, Error: 0,0000 s
abr 04, 2013 12:33:04 PM org.ros.time.RemoteUptimeClock update
INFO: Latency: 7,0000 s, Delta ratio: 1,0000, Drift: 1,000, Error reduction coefficient: 0,000, Error: 0,0000 s
abr 04, 2013 12:33:04 PM org.ros.time.RemoteUptimeClock update
INFO: Latency: 7,0000 s, Delta ratio: 1,0000, Drift: 1,000, Error reduction coefficient: 0,000, Error: 0,0000 s
abr 04, 2013 12:33:04 PM org.ros.time.RemoteUptimeClock update
INFO: Latency: 7,0000 s, Delta ratio: 1,0000, Drift: 1,000, Error reduction coefficient: 0,000, Error: 0,0000 s
abr 04, 2013 12:33:04 PM org.ros.time.RemoteUptimeClock update
INFO: Latency: 7,0000 s, Delta ratio: 1,0000, Drift: 1,000, Error reduction coefficient: 0,000, Error: 0,0000 s
abr 04, 2013 12:33:04 PM org.ros.time.RemoteUptimeClock update
INFO: Latency: 7,0000 s, Delta ratio: 1,0000, Drift: 1,000, Error reduction coefficient: 0,000, Error: 0,0000 s
abr 04, 2013 12:33:04 PM org.ros.time.RemoteUptimeClock update
INFO: Latency: 7,0000 s, Delta ratio: 1,0000, Drift: 1,000, Error reduction coefficient: 0,000, Error: 0,0000 s
abr 04, 2013 12:33:04 PM org.ros.time.RemoteUptimeClock update
INFO: Latency: 7,0000 s, Delta ratio: 1,0000, Drift: 1,000, Error reduction coefficient: 0,000, Error: 0,0000 s
abr 04, 2013 12:33:04 PM org.ros.time.RemoteUptimeClock update
INFO: Latency: 7,0000 s, Delta ratio: 1,0000, Drift: 1,000, Error reduction coefficient: 0,000, Error: 0,0000 s
abr 04, 2013 12:33:04 PM org.ros.time.RemoteUptimeClock update
INFO: Latency: 7,0000 s, Delta ratio: 1,0000, Drift: 1,000, Error reduction coefficient: 0,000, Error: 0,0000 s
abr 04, 2013 12:33:04 PM org.ros.time.RemoteUptimeClock update
INFO: Latency: 7,0000 s, Delta ratio: 1,0000, Drift: 1,000, Error reduction coefficient: 0,000, Error: 0,0000 s
abr 04, 2013 12:33:04 PM org.ros.time.RemoteUptimeClock update
INFO: Latency: 7,0000 s, Delta ratio: 1,0000, Drift: 1,000, Error reduction coefficient: 0,000, Error: 0,0000 s
abr 04, 2013 12:33:04 PM org.ros.time.RemoteUptimeClock update
INFO: Latency: 7,0000 s, Delta ratio: 1,0000, Drift: 1,000, Error reduction coefficient: 0,000, Error: 0,0000 s
abr 04, 2013 12:33:05 PM org.ros.time.RemoteUptimeClock update
INFO: Latency: 7,0000 s, Delta ratio: 1,0000, Drift: 1,000, Error reduction coefficient: 0,000, Error: 0,0000 s
abr 04, 2013 12:33:05 PM org.ros.time.RemoteUptimeClock update
INFO: Latency: 7,0000 s, Delta ratio: 1,0000, Drift: 1,000, Error reduction coefficient: 0,000, Error: 0,0000 s
abr 04, 2013 12:33:05 PM org.ros.time.RemoteUptimeClock update
INFO: Latency: 7,0000 s, Delta ratio: 1,0000, Drift: 1,000, Error reduction coefficient: 0,000, Error: 0,0000 s
abr 04, 2013 12:33:05 PM org.ros.time.RemoteUptimeClock update
INFO: Latency: 7,0000 s, Delta ratio: 1,0000, Drift: 1,000, Error reduction coefficient: 0,000, Error: 0,0000 s
abr 04, 2013 12:33:05 PM org.ros.time.RemoteUptimeClock update
INFO: Latency: 7,0000 s, Delta ratio: 1,0000, Drift: 1,000, Error reduction coefficient: 0,000, Error: 0,0000 s
abr 04, 2013 12:33:05 PM org.ros.time.RemoteUptimeClock update
INFO: Latency: 7,0000 s, Delta ratio: 1,0000, Drift: 1,000, Error reduction coefficient: 0,000, Error: 0,0000 s
abr 04, 2013 12:33:05 PM org.ros.time.RemoteUptimeClock update
INFO: Latency: 7,0000 s, Delta ratio: 1,0000, Drift: 1,000, Error reduction coefficient: 0,000, Error: 0,0000 s
abr 04, 2013 12:33:05 PM org.ros.time.RemoteUptimeClock update
INFO: Latency: 7,0000 s, Delta ratio: 1,0000, Drift: 1,000, Error reduction coefficient: 0,000, Error: 0,0000 s
abr 04, 2013 12:33:05 PM org.ros.time.RemoteUptimeClock update
INFO: Latency: 7,0000 s, Delta ratio: 1,0000, Drift: 1,000, Error reduction coefficient: 0,000, Error: 0,0000 s
abr 04, 2013 12:33:05 PM org.ros.time.RemoteUptimeClock update
INFO: Latency: 7,0000 s, Delta ratio: 1,0000, Drift: 1,000, Error reduction coefficient: 0,000, Error: 0,0000 s
abr 04, 2013 12:33:05 PM org.ros.time.RemoteUptimeClock update
INFO: Latency: 7,0000 s, Delta ratio: 1,0000, Drift: 1,000, Error reduction coefficient: 0,000, Error: 0,0000 s
abr 04, 2013 12:33:05 PM org.ros.time.RemoteUptimeClock update
INFO: Latency: 7,0000 s, Delta ratio: 1,0000, Drift: 1,000, Error reduction coefficient: 0,000, Error: 0,0000 s
abr 04, 2013 12:33:05 PM org.ros.time.RemoteUptimeClock update
INFO: Latency: 7,0000 s, Delta ratio: 1,0000, Drift: 1,000, Error reduction coefficient: 0,000, Error: 0,0000 s
abr 04, 2013 12:33:05 PM org.ros.time.RemoteUptimeClock update
INFO: Latency: 7,0000 s, Delta ratio: 1,0000, Drift: 1,000, Error reduction coefficient: 0,000, Error: 0,0000 s
abr 04, 2013 12:33:05 PM org.ros.time.RemoteUptimeClock update
INFO: Latency: 7,0000 s, Delta ratio: 1,0000, Drift: 1,000, Error reduction coefficient: 0,000, Error: 0,0000 s
abr 04, 2013 12:33:05 PM org.ros.time.RemoteUptimeClock update
INFO: Latency: 7,0000 s, Delta ratio: 1,0000, Drift: 1,000, Error reduction coefficient: 0,000, Error: 0,0000 s
abr 04, 2013 12:33:05 PM org.ros.time.RemoteUptimeClock update
INFO: Latency: 7,0000 s, Delta ratio: 1,0000, Drift: 1,000, Error reduction coefficient: 0,000, Error: 0,0000 s
abr 04, 2013 12:33:05 PM org.ros.time.RemoteUptimeClock update
INFO: Latency: 7,0000 s, Delta ratio: 1,0000, Drift: 1,000, Error reduction coefficient: 0,000, Error: 0,0000 s
abr 04, 2013 12:33:05 PM org.ros.time.RemoteUptimeClock update
INFO: Latency: 7,0000 s, Delta ratio: 1,0000, Drift: 1,000, Error reduction coefficient: 0,000, Error: 0,0000 s
abr 04, 2013 12:33:05 PM org.ros.time.RemoteUptimeClock update
INFO: Latency: 7,0000 s, Delta ratio: 1,0000, Drift: 1,000, Error reduction coefficient: 0,000, Error: 0,0000 s
abr 04, 2013 12:33:05 PM org.ros.time.RemoteUptimeClock update
INFO: Latency: 7,0000 s, Delta ratio: 1,0000, Drift: 1,000, Error reduction coefficient: 0,000, Error: 0,0000 s
abr 04, 2013 12:33:05 PM org.ros.time.RemoteUptimeClock update
INFO: Latency: 7,0000 s, Delta ratio: 1,0000, Drift: 1,000, Error reduction coefficient: 0,000, Error: 0,0000 s
abr 04, 2013 12:33:05 PM org.ros.time.RemoteUptimeClock update
INFO: Latency: 7,0000 s, Delta ratio: 1,0000, Drift: 1,000, Error reduction coefficient: 0,000, Error: 0,0000 s
abr 04, 2013 12:33:05 PM org.ros.time.RemoteUptimeClock update
INFO: Latency: 7,0000 s, Delta ratio: 1,0000, Drift: 1,000, Error reduction coefficient: 0,000, Error: 0,0000 s
abr 04, 2013 12:33:05 PM org.ros.time.RemoteUptimeClock update
INFO: Latency: 7,0000 s, Delta ratio: 1,0000, Drift: 1,000, Error reduction coefficient: 0,000, Error: 0,0000 s
abr 04, 2013 12:33:05 PM org.ros.time.RemoteUptimeClock update
INFO: Latency: 7,0000 s, Delta ratio: 1,0000, Drift: 1,000, Error reduction coefficient: 0,000, Error: 0,0000 s
abr 04, 2013 12:33:05 PM org.ros.time.RemoteUptimeClock update
INFO: Latency: 7,0000 s, Delta ratio: 1,0000, Drift: 1,000, Error reduction coefficient: 0,000, Error: 0,0000 s
abr 04, 2013 12:33:05 PM org.ros.time.RemoteUptimeClock update
INFO: Latency: 7,0000 s, Delta ratio: 1,0000, Drift: 1,000, Error reduction coefficient: 0,000, Error: 0,0000 s
abr 04, 2013 12:33:05 PM org.ros.time.RemoteUptimeClock update
INFO: Latency: 7,0000 s, Delta ratio: 1,0000, Drift: 1,000, Error reduction coefficient: 0,000, Error: 0,0000 s
abr 04, 2013 12:33:05 PM org.ros.time.RemoteUptimeClock update
INFO: Latency: 7,0000 s, Delta ratio: 1,0000, Drift: 1,000, Error reduction coefficient: 0,000, Error: 0,0000 s
abr 04, 2013 12:33:05 PM org.ros.time.RemoteUptimeClock update
INFO: Latency: 7,0000 s, Delta ratio: 1,0000, Drift: 1,000, Error reduction coefficient: 0,000, Error: 0,0000 s
abr 04, 2013 12:33:05 PM org.ros.time.RemoteUptimeClock update
INFO: Latency: 7,0000 s, Delta ratio: 1,0000, Drift: 1,000, Error reduction coefficient: 0,000, Error: 0,0000 s
abr 04, 2013 12:33:05 PM org.ros.time.RemoteUptimeClock update
INFO: Latency: 7,0000 s, Delta ratio: 1,0000, Drift: 1,000, Error reduction coefficient: 0,000, Error: 0,0000 s
abr 04, 2013 12:33:05 PM org.ros.time.RemoteUptimeClock update
INFO: Latency: 7,0000 s, Delta ratio: 1,0000, Drift: 1,000, Error reduction coefficient: 0,000, Error: 0,0000 s
abr 04, 2013 12:33:05 PM org.ros.time.RemoteUptimeClock update
INFO: Latency: 7,0000 s, Delta ratio: 1,0000, Drift: 1,000, Error reduction coefficient: 0,000, Error: 0,0000 s
abr 04, 2013 12:33:05 PM org.ros.time.RemoteUptimeClock update
INFO: Latency: 7,0000 s, Delta ratio: 1,0000, Drift: 1,000, Error reduction coefficient: 0,000, Error: 0,0000 s
abr 04, 2013 12:33:05 PM org.ros.time.RemoteUptimeClock update
INFO: Latency: 7,0000 s, Delta ratio: 1,0000, Drift: 1,000, Error reduction coefficient: 0,000, Error: 0,0000 s
abr 04, 2013 12:33:05 PM org.ros.time.RemoteUptimeClock update
INFO: Latency: 7,0000 s, Delta ratio: 1,0000, Drift: 1,000, Error reduction coefficient: 0,000, Error: 0,0000 s
abr 04, 2013 12:33:05 PM org.ros.time.RemoteUptimeClock update
INFO: Latency: 7,0000 s, Delta ratio: 1,0000, Drift: 1,000, Error reduction coefficient: 0,000, Error: 0,0000 s
abr 04, 2013 12:33:05 PM org.ros.time.RemoteUptimeClock update
INFO: Latency: 7,0000 s, Delta ratio: 1,0000, Drift: 1,000, Error reduction coefficient: 0,000, Error: 0,0000 s
abr 04, 2013 12:33:05 PM org.ros.time.RemoteUptimeClock update
INFO: Latency: 7,0000 s, Delta ratio: 1,0000, Drift: 1,000, Error reduction coefficient: 0,000, Error: 0,0000 s
abr 04, 2013 12:33:05 PM org.ros.time.RemoteUptimeClock update
INFO: Latency: 7,0000 s, Delta ratio: 1,0000, Drift: 1,000, Error reduction coefficient: 0,000, Error: 0,0000 s
abr 04, 2013 12:33:05 PM org.ros.time.RemoteUptimeClock update
INFO: Latency: 7,0000 s, Delta ratio: 1,0000, Drift: 1,000, Error reduction coefficient: 0,000, Error: 0,0000 s
abr 04, 2013 12:33:05 PM org.ros.time.RemoteUptimeClock update
INFO: Latency: 7,0000 s, Delta ratio: 1,0000, Drift: 1,000, Error reduction coefficient: 0,000, Error: 0,0000 s
abr 04, 2013 12:33:05 PM org.ros.time.RemoteUptimeClock update
INFO: Latency: 7,0000 s, Delta ratio: 1,0000, Drift: 1,000, Error reduction coefficient: 0,000, Error: 0,0000 s
abr 04, 2013 12:33:05 PM org.ros.time.RemoteUptimeClock update
INFO: Latency: 7,0000 s, Delta ratio: 1,0000, Drift: 1,000, Error reduction coefficient: 0,000, Error: 0,0000 s
abr 04, 2013 12:33:05 PM org.ros.time.RemoteUptimeClock update
INFO: Latency: 7,0000 s, Delta ratio: 1,0000, Drift: 1,000, Error reduction coefficient: 0,000, Error: 0,0000 s
abr 04, 2013 12:33:05 PM org.ros.time.RemoteUptimeClock update
INFO: Latency: 7,0000 s, Delta ratio: 1,0000, Drift: 1,000, Error reduction coefficient: 0,000, Error: 0,0000 s
abr 04, 2013 12:33:05 PM org.ros.time.RemoteUptimeClock update
INFO: Latency: 7,0000 s, Delta ratio: 1,0000, Drift: 1,000, Error reduction coefficient: 0,000, Error: 0,0000 s
abr 04, 2013 12:33:05 PM org.ros.time.RemoteUptimeClock update
INFO: Latency: 7,0000 s, Delta ratio: 1,0000, Drift: 1,000, Error reduction coefficient: 0,000, Error: 0,0000 s
abr 04, 2013 12:33:05 PM org.ros.time.RemoteUptimeClock update
INFO: Latency: 7,0000 s, Delta ratio: 1,0000, Drift: 1,000, Error reduction coefficient: 0,000, Error: 0,0000 s
abr 04, 2013 12:33:05 PM org.ros.time.RemoteUptimeClock update
INFO: Latency: 7,0000 s, Delta ratio: 1,0000, Drift: 1,000, Error reduction coefficient: 0,000, Error: 0,0000 s
abr 04, 2013 12:33:05 PM org.ros.time.RemoteUptimeClock update
INFO: Latency: 7,0000 s, Delta ratio: 1,0000, Drift: 1,000, Error reduction coefficient: 0,000, Error: 0,0000 s
abr 04, 2013 12:33:05 PM org.ros.time.RemoteUptimeClock update
INFO: Latency: 7,0000 s, Delta ratio: 1,0000, Drift: 1,000, Error reduction coefficient: 0,000, Error: 0,0000 s
abr 04, 2013 12:33:05 PM org.ros.time.RemoteUptimeClock update
INFO: Latency: 7,0000 s, Delta ratio: 1,0000, Drift: 1,000, Error reduction coefficient: 0,000, Error: 0,0000 s
abr 04, 2013 12:33:05 PM org.ros.time.RemoteUptimeClock update
INFO: Latency: 7,0000 s, Delta ratio: 1,0000, Drift: 1,000, Error reduction coefficient: 0,000, Error: 0,0000 s
abr 04, 2013 12:33:05 PM org.ros.time.RemoteUptimeClock update
INFO: Latency: 7,0000 s, Delta ratio: 1,0000, Drift: 1,000, Error reduction coefficient: 0,000, Error: 0,0000 s
abr 04, 2013 12:33:05 PM org.ros.time.RemoteUptimeClock update
INFO: Latency: 7,0000 s, Delta ratio: 1,0000, Drift: 1,000, Error reduction coefficient: 0,000, Error: 0,0000 s
abr 04, 2013 12:33:05 PM org.ros.time.RemoteUptimeClock update
INFO: Latency: 7,0000 s, Delta ratio: 1,0000, Drift: 1,000, Error reduction coefficient: 0,000, Error: 0,0000 s
abr 04, 2013 12:33:05 PM org.ros.time.RemoteUptimeClock update
INFO: Latency: 7,0000 s, Delta ratio: 1,0000, Drift: 1,000, Error reduction coefficient: 0,000, Error: 0,0000 s
abr 04, 2013 12:33:05 PM org.ros.time.RemoteUptimeClock update
INFO: Latency: 7,0000 s, Delta ratio: 1,0000, Drift: 1,000, Error reduction coefficient: 0,000, Error: 0,0000 s
abr 04, 2013 12:33:05 PM org.ros.time.RemoteUptimeClock update
INFO: Latency: 7,0000 s, Delta ratio: 1,0000, Drift: 1,000, Error reduction coefficient: 0,000, Error: 0,0000 s
abr 04, 2013 12:33:05 PM org.ros.time.RemoteUptimeClock update
INFO: Latency: 7,0000 s, Delta ratio: 1,0000, Drift: 1,000, Error reduction coefficient: 0,000, Error: 0,0000 s
abr 04, 2013 12:33:05 PM org.ros.time.RemoteUptimeClock update
INFO: Latency: 7,0000 s, Delta ratio: 1,0000, Drift: 1,000, Error reduction coefficient: 0,000, Error: 0,0000 s
abr 04, 2013 12:33:05 PM org.ros.time.RemoteUptimeClock update
INFO: Latency: 7,0000 s, Delta ratio: 1,0000, Drift: 1,000, Error reduction coefficient: 0,000, Error: 0,0000 s
abr 04, 2013 12:33:05 PM org.ros.time.RemoteUptimeClock update
INFO: Latency: 7,0000 s, Delta ratio: 1,0000, Drift: 1,000, Error reduction coefficient: 0,000, Error: 0,0000 s
abr 04, 2013 12:33:05 PM org.ros.time.RemoteUptimeClock update
INFO: Latency: 7,0000 s, Delta ratio: 1,0000, Drift: 1,000, Error reduction coefficient: 0,000, Error: 0,0000 s
abr 04, 2013 12:33:05 PM org.ros.time.RemoteUptimeClock update
INFO: Latency: 7,0000 s, Delta ratio: 1,0000, Drift: 1,000, Error reduction coefficient: 0,000, Error: 0,0000 s
abr 04, 2013 12:33:05 PM org.ros.time.RemoteUptimeClock update
INFO: Latency: 7,0000 s, Delta ratio: 1,0000, Drift: 1,000, Error reduction coefficient: 0,000, Error: 0,0000 s
abr 04, 2013 12:33:05 PM org.ros.time.RemoteUptimeClock update
INFO: Latency: 7,0000 s, Delta ratio: 1,0000, Drift: 1,000, Error reduction coefficient: 0,000, Error: 0,0000 s
abr 04, 2013 12:33:05 PM org.ros.time.RemoteUptimeClock update
INFO: Latency: 7,0000 s, Delta ratio: 1,0000, Drift: 1,000, Error reduction coefficient: 0,000, Error: 0,0000 s
abr 04, 2013 12:33:05 PM org.ros.time.RemoteUptimeClock update
INFO: Latency: 7,0000 s, Delta ratio: 1,0000, Drift: 1,000, Error reduction coefficient: 0,000, Error: 0,0000 s
abr 04, 2013 12:33:05 PM org.ros.time.RemoteUptimeClock update
INFO: Latency: 7,0000 s, Delta ratio: 1,0000, Drift: 1,000, Error reduction coefficient: 0,000, Error: 0,0000 s
abr 04, 2013 12:33:05 PM org.ros.time.RemoteUptimeClock update
INFO: Latency: 7,0000 s, Delta ratio: 1,0000, Drift: 1,000, Error reduction coefficient: 0,000, Error: 0,0000 s
abr 04, 2013 12:33:05 PM org.ros.time.RemoteUptimeClock update
INFO: Latency: 7,0000 s, Delta ratio: 1,0000, Drift: 1,000, Error reduction coefficient: 0,000, Error: 0,0000 s
abr 04, 2013 12:33:05 PM org.ros.time.RemoteUptimeClock update
INFO: Latency: 7,0000 s, Delta ratio: 1,0000, Drift: 1,000, Error reduction coefficient: 0,000, Error: 0,0000 s
abr 04, 2013 12:33:05 PM org.ros.time.RemoteUptimeClock update
INFO: Latency: 7,0000 s, Delta ratio: 1,0000, Drift: 1,000, Error reduction coefficient: 0,000, Error: 0,0000 s
abr 04, 2013 12:33:05 PM org.ros.time.RemoteUptimeClock update
INFO: Latency: 7,0000 s, Delta ratio: 1,0000, Drift: 1,000, Error reduction coefficient: 0,000, Error: 0,0000 s
abr 04, 2013 12:33:05 PM org.ros.time.RemoteUptimeClock update
INFO: Latency: 7,0000 s, Delta ratio: 1,0000, Drift: 1,000, Error reduction coefficient: 0,000, Error: 0,0000 s
abr 04, 2013 12:33:05 PM org.ros.time.RemoteUptimeClock update
INFO: Latency: 7,0000 s, Delta ratio: 1,0000, Drift: 1,000, Error reduction coefficient: 0,000, Error: 0,0000 s
abr 04, 2013 12:33:05 PM org.ros.time.RemoteUptimeClock update
INFO: Latency: 7,0000 s, Delta ratio: 1,0000, Drift: 1,000, Error reduction coefficient: 0,000, Error: 0,0000 s
abr 04, 2013 12:33:05 PM org.ros.time.RemoteUptimeClock update
INFO: Latency: 7,0000 s, Delta ratio: 1,0000, Drift: 1,000, Error reduction coefficient: 0,000, Error: 0,0000 s
abr 04, 2013 12:33:05 PM org.ros.time.RemoteUptimeClock update
INFO: Latency: 7,0000 s, Delta ratio: 1,0000, Drift: 1,000, Error reduction coefficient: 0,000, Error: 0,0000 s
abr 04, 2013 12:33:05 PM org.ros.time.RemoteUptimeClock update
INFO: Latency: 7,0000 s, Delta ratio: 1,0000, Drift: 1,000, Error reduction coefficient: 0,000, Error: 0,0000 s
abr 04, 2013 12:33:05 PM org.ros.time.RemoteUptimeClock update
INFO: Latency: 7,0000 s, Delta ratio: 1,0000, Drift: 1,000, Error reduction coefficient: 0,000, Error: 0,0000 s
abr 04, 2013 12:33:05 PM org.ros.time.RemoteUptimeClock update
INFO: Latency: 7,0000 s, Delta ratio: 1,0000, Drift: 1,000, Error reduction coefficient: 0,000, Error: 0,0000 s
abr 04, 2013 12:33:05 PM org.ros.time.RemoteUptimeClock update
INFO: Latency: 7,0000 s, Delta ratio: 1,0000, Drift: 1,000, Error reduction coefficient: 0,000, Error: 0,0000 s
abr 04, 2013 12:33:05 PM org.ros.time.RemoteUptimeClock update
INFO: Latency: 7,0000 s, Delta ratio: 1,0000, Drift: 1,000, Error reduction coefficient: 0,000, Error: 0,0000 s
abr 04, 2013 12:33:05 PM org.ros.time.RemoteUptimeClock update
INFO: Latency: 7,0000 s, Delta ratio: 1,0000, Drift: 1,000, Error reduction coefficient: 0,000, Error: 0,0000 s
abr 04, 2013 12:33:05 PM org.ros.time.RemoteUptimeClock update
INFO: Latency: 7,0000 s, Delta ratio: 1,0000, Drift: 1,000, Error reduction coefficient: 0,000, Error: 0,0000 s
abr 04, 2013 12:33:05 PM org.ros.time.RemoteUptimeClock update
INFO: Latency: 7,0000 s, Delta ratio: 1,0000, Drift: 1,000, Error reduction coefficient: 0,000, Error: 0,0000 s
abr 04, 2013 12:33:05 PM org.ros.time.RemoteUptimeClock update
INFO: Latency: 7,0000 s, Delta ratio: 1,0000, Drift: 1,000, Error reduction coefficient: 0,000, Error: 0,0000 s
abr 04, 2013 12:33:05 PM org.ros.time.RemoteUptimeClock update
INFO: Latency: 7,0000 s, Delta ratio: 1,0000, Drift: 1,000, Error reduction coefficient: 0,000, Error: 0,0000 s
abr 04, 2013 12:33:05 PM org.ros.time.RemoteUptimeClock update
INFO: Latency: 7,0000 s, Delta ratio: 1,0000, Drift: 1,000, Error reduction coefficient: 0,000, Error: 0,0000 s
abr 04, 2013 12:33:05 PM org.ros.time.RemoteUptimeClock update
INFO: Latency: 7,0000 s, Delta ratio: 1,0000, Drift: 1,000, Error reduction coefficient: 0,000, Error: 0,0000 s
abr 04, 2013 12:33:05 PM org.ros.time.RemoteUptimeClock update
INFO: Latency: 7,0000 s, Delta ratio: 1,0000, Drift: 1,000, Error reduction coefficient: 0,000, Error: 0,0000 s
abr 04, 2013 12:33:05 PM org.ros.time.RemoteUptimeClock update
INFO: Latency: 7,0000 s, Delta ratio: 1,0000, Drift: 1,000, Error reduction coefficient: 0,000, Error: 0,0000 s
abr 04, 2013 12:33:05 PM org.ros.time.RemoteUptimeClock update
INFO: Latency: 7,0000 s, Delta ratio: 1,0000, Drift: 1,000, Error reduction coefficient: 0,000, Error: 0,0000 s
abr 04, 2013 12:33:05 PM org.ros.time.RemoteUptimeClock update
INFO: Latency: 7,0000 s, Delta ratio: 1,0000, Drift: 1,000, Error reduction coefficient: 0,000, Error: 0,0000 s
abr 04, 2013 12:33:05 PM org.ros.time.RemoteUptimeClock update
INFO: Latency: 7,0000 s, Delta ratio: 1,0000, Drift: 1,000, Error reduction coefficient: 0,000, Error: 0,0000 s
abr 04, 2013 12:33:05 PM org.ros.time.RemoteUptimeClock update
INFO: Latency: 7,0000 s, Delta ratio: 1,0000, Drift: 1,000, Error reduction coefficient: 0,000, Error: 0,0000 s
abr 04, 2013 12:33:05 PM org.ros.time.RemoteUptimeClock update
INFO: Latency: 7,0000 s, Delta ratio: 1,0000, Drift: 1,000, Error reduction coefficient: 0,000, Error: 0,0000 s
abr 04, 2013 12:33:05 PM org.ros.time.RemoteUptimeClock update
INFO: Latency: 7,0000 s, Delta ratio: 1,0000, Drift: 1,000, Error reduction coefficient: 0,000, Error: 0,0000 s
abr 04, 2013 12:33:05 PM org.ros.time.RemoteUptimeClock update
INFO: Latency: 7,0000 s, Delta ratio: 1,0000, Drift: 1,000, Error reduction coefficient: 0,000, Error: 0,0000 s
abr 04, 2013 12:33:05 PM org.ros.time.RemoteUptimeClock update
INFO: Latency: 7,0000 s, Delta ratio: 1,0000, Drift: 1,000, Error reduction coefficient: 0,000, Error: 0,0000 s
abr 04, 2013 12:33:05 PM org.ros.time.RemoteUptimeClock update
INFO: Latency: 7,0000 s, Delta ratio: 1,0000, Drift: 1,000, Error reduction coefficient: 0,000, Error: 0,0000 s
abr 04, 2013 12:33:05 PM org.ros.time.RemoteUptimeClock update
INFO: Latency: 7,0000 s, Delta ratio: 1,0000, Drift: 1,000, Error reduction coefficient: 0,000, Error: 0,0000 s
abr 04, 2013 12:33:05 PM org.ros.time.RemoteUptimeClock update
INFO: Latency: 7,0000 s, Delta ratio: 1,0000, Drift: 1,000, Error reduction coefficient: 0,000, Error: 0,0000 s
abr 04, 2013 12:33:05 PM org.ros.time.RemoteUptimeClock update
INFO: Latency: 7,0000 s, Delta ratio: 1,0000, Drift: 1,000, Error reduction coefficient: 0,000, Error: 0,0000 s
abr 04, 2013 12:33:05 PM org.ros.time.RemoteUptimeClock update
INFO: Latency: 7,0000 s, Delta ratio: 1,0000, Drift: 1,000, Error reduction coefficient: 0,000, Error: 0,0000 s
abr 04, 2013 12:33:05 PM org.ros.time.RemoteUptimeClock update
INFO: Latency: 7,0000 s, Delta ratio: 1,0000, Drift: 1,000, Error reduction coefficient: 0,000, Error: 0,0000 s
abr 04, 2013 12:33:05 PM org.ros.time.RemoteUptimeClock update
INFO: Latency: 7,0000 s, Delta ratio: 1,0000, Drift: 1,000, Error reduction coefficient: 0,000, Error: 0,0000 s
abr 04, 2013 12:33:05 PM org.ros.time.RemoteUptimeClock update
INFO: Latency: 7,0000 s, Delta ratio: 1,0000, Drift: 1,000, Error reduction coefficient: 0,000, Error: 0,0000 s
abr 04, 2013 12:33:05 PM org.ros.time.RemoteUptimeClock update
INFO: Latency: 7,0000 s, Delta ratio: 1,0000, Drift: 1,000, Error reduction coefficient: 0,000, Error: 0,0000 s
abr 04, 2013 12:33:05 PM org.ros.time.RemoteUptimeClock update
INFO: Latency: 7,0000 s, Delta ratio: 1,0000, Drift: 1,000, Error reduction coefficient: 0,000, Error: 0,0000 s
abr 04, 2013 12:33:05 PM org.ros.time.RemoteUptimeClock update
INFO: Latency: 7,0000 s, Delta ratio: 1,0000, Drift: 1,000, Error reduction coefficient: 0,000, Error: 0,0000 s
abr 04, 2013 12:33:05 PM org.ros.time.RemoteUptimeClock update
INFO: Latency: 7,0000 s, Delta ratio: 1,0000, Drift: 1,000, Error reduction coefficient: 0,000, Error: 0,0000 s
abr 04, 2013 12:33:05 PM org.ros.time.RemoteUptimeClock update
INFO: Latency: 7,0000 s, Delta ratio: 1,0000, Drift: 1,000, Error reduction coefficient: 0,000, Error: 0,0000 s
abr 04, 2013 12:33:05 PM org.ros.time.RemoteUptimeClock update
INFO: Latency: 7,0000 s, Delta ratio: 1,0000, Drift: 1,000, Error reduction coefficient: 0,000, Error: 0,0000 s
abr 04, 2013 12:33:05 PM org.ros.time.RemoteUptimeClock update
INFO: Latency: 7,0000 s, Delta ratio: 1,0000, Drift: 1,000, Error reduction coefficient: 0,000, Error: 0,0000 s
abr 04, 2013 12:33:05 PM org.ros.time.RemoteUptimeClock update
INFO: Latency: 7,0000 s, Delta ratio: 1,0000, Drift: 1,000, Error reduction coefficient: 0,000, Error: 0,0000 s
abr 04, 2013 12:33:05 PM org.ros.time.RemoteUptimeClock update
INFO: Latency: 7,0000 s, Delta ratio: 1,0000, Drift: 1,000, Error reduction coefficient: 0,000, Error: 0,0000 s
abr 04, 2013 12:33:05 PM org.ros.time.RemoteUptimeClock update
INFO: Latency: 7,0000 s, Delta ratio: 1,0000, Drift: 1,000, Error reduction coefficient: 0,000, Error: 0,0000 s
abr 04, 2013 12:33:05 PM org.ros.time.RemoteUptimeClock update
INFO: Latency: 7,0000 s, Delta ratio: 1,0000, Drift: 1,000, Error reduction coefficient: 0,000, Error: 0,0000 s
abr 04, 2013 12:33:05 PM org.ros.time.RemoteUptimeClock update
INFO: Latency: 7,0000 s, Delta ratio: 1,0000, Drift: 1,000, Error reduction coefficient: 0,000, Error: 0,0000 s
abr 04, 2013 12:33:05 PM org.ros.time.RemoteUptimeClock update
INFO: Latency: 7,0000 s, Delta ratio: 1,0000, Drift: 1,000, Error reduction coefficient: 0,000, Error: 0,0000 s
abr 04, 2013 12:33:05 PM org.ros.time.RemoteUptimeClock update
INFO: Latency: 7,0000 s, Delta ratio: 1,0000, Drift: 1,000, Error reduction coefficient: 0,000, Error: 0,0000 s
abr 04, 2013 12:33:05 PM org.ros.time.RemoteUptimeClock update
INFO: Latency: 7,0000 s, Delta ratio: 1,0000, Drift: 1,000, Error reduction coefficient: 0,000, Error: 0,0000 s
abr 04, 2013 12:33:05 PM org.ros.time.RemoteUptimeClock update
INFO: Latency: 7,0000 s, Delta ratio: 1,0000, Drift: 1,000, Error reduction coefficient: 0,000, Error: 0,0000 s
abr 04, 2013 12:33:05 PM org.ros.time.RemoteUptimeClock update
INFO: Latency: 7,0000 s, Delta ratio: 1,0000, Drift: 1,000, Error reduction coefficient: 0,000, Error: 0,0000 s
abr 04, 2013 12:33:05 PM org.ros.time.RemoteUptimeClock update
INFO: Latency: 7,0000 s, Delta ratio: 1,0000, Drift: 1,000, Error reduction coefficient: 0,000, Error: 0,0000 s
abr 04, 2013 12:33:05 PM org.ros.time.RemoteUptimeClock update
INFO: Latency: 7,0000 s, Delta ratio: 1,0000, Drift: 1,000, Error reduction coefficient: 0,000, Error: 0,0000 s
abr 04, 2013 12:33:05 PM org.ros.time.RemoteUptimeClock update
INFO: Latency: 7,0000 s, Delta ratio: 1,0000, Drift: 1,000, Error reduction coefficient: 0,000, Error: 0,0000 s
abr 04, 2013 12:33:05 PM org.ros.time.RemoteUptimeClock update
INFO: Latency: 7,0000 s, Delta ratio: 1,0000, Drift: 1,000, Error reduction coefficient: 0,000, Error: 0,0000 s
abr 04, 2013 12:33:05 PM org.ros.time.RemoteUptimeClock update
INFO: Latency: 7,0000 s, Delta ratio: 1,0000, Drift: 1,000, Error reduction coefficient: 0,000, Error: 0,0000 s
abr 04, 2013 12:33:05 PM org.ros.time.RemoteUptimeClock update
INFO: Latency: 7,0000 s, Delta ratio: 1,0000, Drift: 1,000, Error reduction coefficient: 0,000, Error: 0,0000 s
abr 04, 2013 12:33:05 PM org.ros.time.RemoteUptimeClock update
INFO: Latency: 7,0000 s, Delta ratio: 1,0000, Drift: 1,000, Error reduction coefficient: 0,000, Error: 0,0000 s
abr 04, 2013 12:33:05 PM org.ros.time.RemoteUptimeClock update
INFO: Latency: 7,0000 s, Delta ratio: 1,0000, Drift: 1,000, Error reduction coefficient: 0,000, Error: 0,0000 s
abr 04, 2013 12:33:05 PM org.ros.time.RemoteUptimeClock update
INFO: Latency: 7,0000 s, Delta ratio: 1,0000, Drift: 1,000, Error reduction coefficient: 0,000, Error: 0,0000 s
abr 04, 2013 12:33:05 PM org.ros.time.RemoteUptimeClock update
INFO: Latency: 7,0000 s, Delta ratio: 1,0000, Drift: 1,000, Error reduction coefficient: 0,000, Error: 0,0000 s
abr 04, 2013 12:33:05 PM org.ros.time.RemoteUptimeClock update
INFO: Latency: 7,0000 s, Delta ratio: 1,0000, Drift: 1,000, Error reduction coefficient: 0,000, Error: 0,0000 s
abr 04, 2013 12:33:05 PM org.ros.time.RemoteUptimeClock update
INFO: Latency: 7,0000 s, Delta ratio: 1,0000, Drift: 1,000, Error reduction coefficient: 0,000, Error: 0,0000 s
abr 04, 2013 12:33:05 PM org.ros.time.RemoteUptimeClock update
INFO: Latency: 7,0000 s, Delta ratio: 1,0000, Drift: 1,000, Error reduction coefficient: 0,000, Error: 0,0000 s
abr 04, 2013 12:33:05 PM org.ros.time.RemoteUptimeClock update
INFO: Latency: 7,0000 s, Delta ratio: 1,0000, Drift: 1,000, Error reduction coefficient: 0,000, Error: 0,0000 s
abr 04, 2013 12:33:05 PM org.ros.time.RemoteUptimeClock update
INFO: Latency: 7,0000 s, Delta ratio: 1,0000, Drift: 1,000, Error reduction coefficient: 0,000, Error: 0,0000 s
abr 04, 2013 12:33:05 PM org.ros.time.RemoteUptimeClock update
INFO: Latency: 7,0000 s, Delta ratio: 1,0000, Drift: 1,000, Error reduction coefficient: 0,000, Error: 0,0000 s
abr 04, 2013 12:33:05 PM org.ros.time.RemoteUptimeClock update
INFO: Latency: 7,0000 s, Delta ratio: 1,0000, Drift: 1,000, Error reduction coefficient: 0,000, Error: 0,0000 s
abr 04, 2013 12:33:05 PM org.ros.time.RemoteUptimeClock update
INFO: Latency: 7,0000 s, Delta ratio: 1,0000, Drift: 1,000, Error reduction coefficient: 0,000, Error: 0,0000 s
abr 04, 2013 12:33:05 PM org.ros.time.RemoteUptimeClock update
INFO: Latency: 7,0000 s, Delta ratio: 1,0000, Drift: 1,000, Error reduction coefficient: 0,000, Error: 0,0000 s
abr 04, 2013 12:33:05 PM org.ros.time.RemoteUptimeClock update
INFO: Latency: 7,0000 s, Delta ratio: 1,0000, Drift: 1,000, Error reduction coefficient: 0,000, Error: 0,0000 s
abr 04, 2013 12:33:05 PM org.ros.time.RemoteUptimeClock update
INFO: Latency: 7,0000 s, Delta ratio: 1,0000, Drift: 1,000, Error reduction coefficient: 0,000, Error: 0,0000 s
abr 04, 2013 12:33:05 PM org.ros.time.RemoteUptimeClock update
INFO: Latency: 7,0000 s, Delta ratio: 1,0000, Drift: 1,000, Error reduction coefficient: 0,000, Error: 0,0000 s
abr 04, 2013 12:33:05 PM org.ros.time.RemoteUptimeClock update
INFO: Latency: 7,0000 s, Delta ratio: 1,0000, Drift: 1,000, Error reduction coefficient: 0,000, Error: 0,0000 s
abr 04, 2013 12:33:05 PM org.ros.time.RemoteUptimeClock update
INFO: Latency: 7,0000 s, Delta ratio: 1,0000, Drift: 1,000, Error reduction coefficient: 0,000, Error: 0,0000 s
abr 04, 2013 12:33:05 PM org.ros.time.RemoteUptimeClock update
INFO: Latency: 7,0000 s, Delta ratio: 1,0000, Drift: 1,000, Error reduction coefficient: 0,000, Error: 0,0000 s
abr 04, 2013 12:33:05 PM org.ros.time.RemoteUptimeClock update
INFO: Latency: 7,0000 s, Delta ratio: 1,0000, Drift: 1,000, Error reduction coefficient: 0,000, Error: 0,0000 s
abr 04, 2013 12:33:05 PM org.ros.time.RemoteUptimeClock update
INFO: Latency: 7,0000 s, Delta ratio: 1,0000, Drift: 1,000, Error reduction coefficient: 0,000, Error: 0,0000 s
abr 04, 2013 12:33:05 PM org.ros.time.RemoteUptimeClock update
INFO: Latency: 7,0000 s, Delta ratio: 1,0000, Drift: 1,000, Error reduction coefficient: 0,000, Error: 0,0000 s
abr 04, 2013 12:33:05 PM org.ros.time.RemoteUptimeClock update
INFO: Latency: 7,0000 s, Delta ratio: 1,0000, Drift: 1,000, Error reduction coefficient: 0,000, Error: 0,0000 s
abr 04, 2013 12:33:05 PM org.ros.time.RemoteUptimeClock update
INFO: Latency: 7,0000 s, Delta ratio: 1,0000, Drift: 1,000, Error reduction coefficient: 0,000, Error: 0,0000 s
abr 04, 2013 12:33:05 PM org.ros.time.RemoteUptimeClock update
INFO: Latency: 7,0000 s, Delta ratio: 1,0000, Drift: 1,000, Error reduction coefficient: 0,000, Error: 0,0000 s
abr 04, 2013 12:33:05 PM org.ros.time.RemoteUptimeClock update
INFO: Latency: 7,0000 s, Delta ratio: 1,0000, Drift: 1,000, Error reduction coefficient: 0,000, Error: 0,0000 s
abr 04, 2013 12:33:05 PM org.ros.time.RemoteUptimeClock update
INFO: Latency: 7,0000 s, Delta ratio: 1,0000, Drift: 1,000, Error reduction coefficient: 0,000, Error: 0,0000 s
abr 04, 2013 12:33:05 PM org.ros.time.RemoteUptimeClock update
INFO: Latency: 7,0000 s, Delta ratio: 1,0000, Drift: 1,000, Error reduction coefficient: 0,000, Error: 0,0000 s
abr 04, 2013 12:33:05 PM org.ros.time.RemoteUptimeClock update
INFO: Latency: 7,0000 s, Delta ratio: 1,0000, Drift: 1,000, Error reduction coefficient: 0,000, Error: 0,0000 s
abr 04, 2013 12:33:05 PM org.ros.time.RemoteUptimeClock update
INFO: Latency: 7,0000 s, Delta ratio: 1,0000, Drift: 1,000, Error reduction coefficient: 0,000, Error: 0,0000 s
abr 04, 2013 12:33:05 PM org.ros.time.RemoteUptimeClock update
INFO: Latency: 7,0000 s, Delta ratio: 1,0000, Drift: 1,000, Error reduction coefficient: 0,000, Error: 0,0000 s
abr 04, 2013 12:33:05 PM org.ros.time.RemoteUptimeClock update
INFO: Latency: 7,0000 s, Delta ratio: 1,0000, Drift: 1,000, Error reduction coefficient: 0,000, Error: 0,0000 s
abr 04, 2013 12:33:05 PM org.ros.time.RemoteUptimeClock update
INFO: Latency: 7,0000 s, Delta ratio: 1,0000, Drift: 1,000, Error reduction coefficient: 0,000, Error: 0,0000 s
abr 04, 2013 12:33:05 PM org.ros.time.RemoteUptimeClock update
INFO: Latency: 7,0000 s, Delta ratio: 1,0000, Drift: 1,000, Error reduction coefficient: 0,000, Error: 0,0000 s
abr 04, 2013 12:33:05 PM org.ros.time.RemoteUptimeClock update
INFO: Latency: 7,0000 s, Delta ratio: 1,0000, Drift: 1,000, Error reduction coefficient: 0,000, Error: 0,0000 s
abr 04, 2013 12:33:05 PM org.ros.time.RemoteUptimeClock update
INFO: Latency: 7,0000 s, Delta ratio: 1,0000, Drift: 1,000, Error reduction coefficient: 0,000, Error: 0,0000 s
abr 04, 2013 12:33:05 PM org.ros.time.RemoteUptimeClock update
INFO: Latency: 7,0000 s, Delta ratio: 1,0000, Drift: 1,000, Error reduction coefficient: 0,000, Error: 0,0000 s
abr 04, 2013 12:33:05 PM org.ros.time.RemoteUptimeClock update
INFO: Latency: 7,0000 s, Delta ratio: 1,0000, Drift: 1,000, Error reduction coefficient: 0,000, Error: 0,0000 s
abr 04, 2013 12:33:05 PM org.ros.time.RemoteUptimeClock update
INFO: Latency: 7,0000 s, Delta ratio: 1,0000, Drift: 1,000, Error reduction coefficient: 0,000, Error: 0,0000 s
abr 04, 2013 12:33:05 PM org.ros.time.RemoteUptimeClock update
INFO: Latency: 7,0000 s, Delta ratio: 1,0000, Drift: 1,000, Error reduction coefficient: 0,000, Error: 0,0000 s
abr 04, 2013 12:33:05 PM org.ros.time.RemoteUptimeClock update
INFO: Latency: 7,0000 s, Delta ratio: 1,0000, Drift: 1,000, Error reduction coefficient: 0,000, Error: 0,0000 s
abr 04, 2013 12:33:05 PM org.ros.time.RemoteUptimeClock update
INFO: Latency: 7,0000 s, Delta ratio: 1,0000, Drift: 1,000, Error reduction coefficient: 0,000, Error: 0,0000 s
abr 04, 2013 12:33:05 PM org.ros.time.RemoteUptimeClock update
INFO: Latency: 7,0000 s, Delta ratio: 1,0000, Drift: 1,000, Error reduction coefficient: 0,000, Error: 0,0000 s
abr 04, 2013 12:33:05 PM org.ros.time.RemoteUptimeClock update
INFO: Latency: 7,0000 s, Delta ratio: 1,0000, Drift: 1,000, Error reduction coefficient: 0,000, Error: 0,0000 s
abr 04, 2013 12:33:05 PM org.ros.time.RemoteUptimeClock update
INFO: Latency: 7,0000 s, Delta ratio: 1,0000, Drift: 1,000, Error reduction coefficient: 0,000, Error: 0,0000 s
abr 04, 2013 12:33:05 PM org.ros.time.RemoteUptimeClock update
INFO: Latency: 7,0000 s, Delta ratio: 1,0000, Drift: 1,000, Error reduction coefficient: 0,000, Error: 0,0000 s
abr 04, 2013 12:33:05 PM org.ros.time.RemoteUptimeClock update
INFO: Latency: 7,0000 s, Delta ratio: 1,0000, Drift: 1,000, Error reduction coefficient: 0,000, Error: 0,0000 s
abr 04, 2013 12:33:05 PM org.ros.time.RemoteUptimeClock update
INFO: Latency: 7,0000 s, Delta ratio: 1,0000, Drift: 1,000, Error reduction coefficient: 0,000, Error: 0,0000 s
abr 04, 2013 12:33:05 PM org.ros.time.RemoteUptimeClock update
INFO: Latency: 7,0000 s, Delta ratio: 1,0000, Drift: 1,000, Error reduction coefficient: 0,000, Error: 0,0000 s
abr 04, 2013 12:33:05 PM org.ros.time.RemoteUptimeClock update
INFO: Latency: 7,0000 s, Delta ratio: 1,0000, Drift: 1,000, Error reduction coefficient: 0,000, Error: 0,0000 s
abr 04, 2013 12:33:05 PM org.ros.time.RemoteUptimeClock update
INFO: Latency: 7,0000 s, Delta ratio: 1,0000, Drift: 1,000, Error reduction coefficient: 0,000, Error: 0,0000 s
abr 04, 2013 12:33:05 PM org.ros.time.RemoteUptimeClock update
INFO: Latency: 7,0000 s, Delta ratio: 1,0000, Drift: 1,000, Error reduction coefficient: 0,000, Error: 0,0000 s
abr 04, 2013 12:33:05 PM org.ros.time.RemoteUptimeClock update
INFO: Latency: 7,0000 s, Delta ratio: 1,0000, Drift: 1,000, Error reduction coefficient: 0,000, Error: 0,0000 s
abr 04, 2013 12:33:05 PM org.ros.time.RemoteUptimeClock update
INFO: Latency: 7,0000 s, Delta ratio: 1,0000, Drift: 1,000, Error reduction coefficient: 0,000, Error: 0,0000 s
abr 04, 2013 12:33:05 PM org.ros.time.RemoteUptimeClock update
INFO: Latency: 7,0000 s, Delta ratio: 1,0000, Drift: 1,000, Error reduction coefficient: 0,000, Error: 0,0000 s
abr 04, 2013 12:33:05 PM org.ros.time.RemoteUptimeClock update
INFO: Latency: 7,0000 s, Delta ratio: 1,0000, Drift: 1,000, Error reduction coefficient: 0,000, Error: 0,0000 s
abr 04, 2013 12:33:05 PM org.ros.time.RemoteUptimeClock update
INFO: Latency: 7,0000 s, Delta ratio: 1,0000, Drift: 1,000, Error reduction coefficient: 0,000, Error: 0,0000 s
abr 04, 2013 12:33:05 PM org.ros.time.RemoteUptimeClock update
INFO: Latency: 7,0000 s, Delta ratio: 1,0000, Drift: 1,000, Error reduction coefficient: 0,000, Error: 0,0000 s
abr 04, 2013 12:33:05 PM org.ros.time.RemoteUptimeClock update
INFO: Latency: 7,0000 s, Delta ratio: 1,0000, Drift: 1,000, Error reduction coefficient: 0,000, Error: 0,0000 s
abr 04, 2013 12:33:05 PM org.ros.time.RemoteUptimeClock update
INFO: Latency: 7,0000 s, Delta ratio: 1,0000, Drift: 1,000, Error reduction coefficient: 0,000, Error: 0,0000 s
abr 04, 2013 12:33:05 PM org.ros.time.RemoteUptimeClock update
INFO: Latency: 7,0000 s, Delta ratio: 1,0000, Drift: 1,000, Error reduction coefficient: 0,000, Error: 0,0000 s
abr 04, 2013 12:33:05 PM org.ros.time.RemoteUptimeClock update
INFO: Latency: 7,0000 s, Delta ratio: 1,0000, Drift: 1,000, Error reduction coefficient: 0,000, Error: 0,0000 s
abr 04, 2013 12:33:05 PM org.ros.time.RemoteUptimeClock update
INFO: Latency: 7,0000 s, Delta ratio: 1,0000, Drift: 1,000, Error reduction coefficient: 0,000, Error: 0,0000 s
abr 04, 2013 12:33:05 PM org.ros.time.RemoteUptimeClock update
INFO: Latency: 7,0000 s, Delta ratio: 1,0000, Drift: 1,000, Error reduction coefficient: 0,000, Error: 0,0000 s
abr 04, 2013 12:33:05 PM org.ros.time.RemoteUptimeClock update
INFO: Latency: 7,0000 s, Delta ratio: 1,0000, Drift: 1,000, Error reduction coefficient: 0,000, Error: 0,0000 s
abr 04, 2013 12:33:05 PM org.ros.time.RemoteUptimeClock update
INFO: Latency: 7,0000 s, Delta ratio: 1,0000, Drift: 1,000, Error reduction coefficient: 0,000, Error: 0,0000 s
abr 04, 2013 12:33:05 PM org.ros.time.RemoteUptimeClock update
INFO: Latency: 7,0000 s, Delta ratio: 1,0000, Drift: 1,000, Error reduction coefficient: 0,000, Error: 0,0000 s
abr 04, 2013 12:33:05 PM org.ros.time.RemoteUptimeClock update
INFO: Latency: 7,0000 s, Delta ratio: 1,0000, Drift: 1,000, Error reduction coefficient: 0,000, Error: 0,0000 s
abr 04, 2013 12:33:05 PM org.ros.time.RemoteUptimeClock update
INFO: Latency: 7,0000 s, Delta ratio: 1,0000, Drift: 1,000, Error reduction coefficient: 0,000, Error: 0,0000 s
abr 04, 2013 12:33:05 PM org.ros.time.RemoteUptimeClock update
INFO: Latency: 7,0000 s, Delta ratio: 1,0000, Drift: 1,000, Error reduction coefficient: 0,000, Error: 0,0000 s
abr 04, 2013 12:33:05 PM org.ros.time.RemoteUptimeClock update
INFO: Latency: 7,0000 s, Delta ratio: 1,0000, Drift: 1,000, Error reduction coefficient: 0,000, Error: 0,0000 s
abr 04, 2013 12:33:05 PM org.ros.time.RemoteUptimeClock update
INFO: Latency: 7,0000 s, Delta ratio: 1,0000, Drift: 1,000, Error reduction coefficient: 0,000, Error: 0,0000 s
abr 04, 2013 12:33:05 PM org.ros.time.RemoteUptimeClock update
INFO: Latency: 7,0000 s, Delta ratio: 1,0000, Drift: 1,000, Error reduction coefficient: 0,000, Error: 0,0000 s
abr 04, 2013 12:33:05 PM org.ros.time.RemoteUptimeClock update
INFO: Latency: 7,0000 s, Delta ratio: 1,0000, Drift: 1,000, Error reduction coefficient: 0,000, Error: 0,0000 s
abr 04, 2013 12:33:05 PM org.ros.time.RemoteUptimeClock update
INFO: Latency: 7,0000 s, Delta ratio: 1,0000, Drift: 1,000, Error reduction coefficient: 0,000, Error: 0,0000 s
abr 04, 2013 12:33:05 PM org.ros.time.RemoteUptimeClock update
INFO: Latency: 7,0000 s, Delta ratio: 1,0000, Drift: 1,000, Error reduction coefficient: 0,000, Error: 0,0000 s
abr 04, 2013 12:33:05 PM org.ros.time.RemoteUptimeClock update
INFO: Latency: 7,0000 s, Delta ratio: 1,0000, Drift: 1,000, Error reduction coefficient: 0,000, Error: 0,0000 s
abr 04, 2013 12:33:05 PM org.ros.time.RemoteUptimeClock update
INFO: Latency: 7,0000 s, Delta ratio: 1,0000, Drift: 1,000, Error reduction coefficient: 0,000, Error: 0,0000 s
abr 04, 2013 12:33:05 PM org.ros.time.RemoteUptimeClock update
INFO: Latency: 7,0000 s, Delta ratio: 1,0000, Drift: 1,000, Error reduction coefficient: 0,000, Error: 0,0000 s
abr 04, 2013 12:33:05 PM org.ros.time.RemoteUptimeClock update
INFO: Latency: 7,0000 s, Delta ratio: 1,0000, Drift: 1,000, Error reduction coefficient: 0,000, Error: 0,0000 s
abr 04, 2013 12:33:05 PM org.ros.time.RemoteUptimeClock update
INFO: Latency: 7,0000 s, Delta ratio: 1,0000, Drift: 1,000, Error reduction coefficient: 0,000, Error: 0,0000 s
abr 04, 2013 12:33:05 PM org.ros.time.RemoteUptimeClock update
INFO: Latency: 7,0000 s, Delta ratio: 1,0000, Drift: 1,000, Error reduction coefficient: 0,000, Error: 0,0000 s
abr 04, 2013 12:33:05 PM org.ros.time.RemoteUptimeClock update
INFO: Latency: 7,0000 s, Delta ratio: 1,0000, Drift: 1,000, Error reduction coefficient: 0,000, Error: 0,0000 s
abr 04, 2013 12:33:05 PM org.ros.time.RemoteUptimeClock update
INFO: Latency: 7,0000 s, Delta ratio: 1,0000, Drift: 1,000, Error reduction coefficient: 0,000, Error: 0,0000 s
abr 04, 2013 12:33:05 PM org.ros.time.RemoteUptimeClock update
INFO: Latency: 7,0000 s, Delta ratio: 1,0000, Drift: 1,000, Error reduction coefficient: 0,000, Error: 0,0000 s
abr 04, 2013 12:33:05 PM org.ros.time.RemoteUptimeClock update
INFO: Latency: 7,0000 s, Delta ratio: 1,0000, Drift: 1,000, Error reduction coefficient: 0,000, Error: 0,0000 s
abr 04, 2013 12:33:05 PM org.ros.time.RemoteUptimeClock update
INFO: Latency: 7,0000 s, Delta ratio: 1,0000, Drift: 1,000, Error reduction coefficient: 0,000, Error: 0,0000 s
abr 04, 2013 12:33:05 PM org.ros.time.RemoteUptimeClock update
INFO: Latency: 7,0000 s, Delta ratio: 1,0000, Drift: 1,000, Error reduction coefficient: 0,000, Error: 0,0000 s
abr 04, 2013 12:33:05 PM org.ros.time.RemoteUptimeClock update
INFO: Latency: 7,0000 s, Delta ratio: 1,0000, Drift: 1,000, Error reduction coefficient: 0,000, Error: 0,0000 s
abr 04, 2013 12:33:05 PM org.ros.time.RemoteUptimeClock update
INFO: Latency: 7,0000 s, Delta ratio: 1,0000, Drift: 1,000, Error reduction coefficient: 0,000, Error: 0,0000 s
abr 04, 2013 12:33:05 PM org.ros.time.RemoteUptimeClock update
INFO: Latency: 7,0000 s, Delta ratio: 1,0000, Drift: 1,000, Error reduction coefficient: 0,000, Error: 0,0000 s
abr 04, 2013 12:33:05 PM org.ros.time.RemoteUptimeClock update
INFO: Latency: 7,0000 s, Delta ratio: 1,0000, Drift: 1,000, Error reduction coefficient: 0,000, Error: 0,0000 s
abr 04, 2013 12:33:05 PM org.ros.time.RemoteUptimeClock update
INFO: Latency: 7,0000 s, Delta ratio: 1,0000, Drift: 1,000, Error reduction coefficient: 0,000, Error: 0,0000 s
abr 04, 2013 12:33:05 PM org.ros.time.RemoteUptimeClock update
INFO: Latency: 7,0000 s, Delta ratio: 1,0000, Drift: 1,000, Error reduction coefficient: 0,000, Error: 0,0000 s
abr 04, 2013 12:33:05 PM org.ros.time.RemoteUptimeClock update
INFO: Latency: 7,0000 s, Delta ratio: 1,0000, Drift: 1,000, Error reduction coefficient: 0,000, Error: 0,0000 s
abr 04, 2013 12:33:05 PM org.ros.time.RemoteUptimeClock update
INFO: Latency: 7,0000 s, Delta ratio: 1,0000, Drift: 1,000, Error reduction coefficient: 0,000, Error: 0,0000 s
abr 04, 2013 12:33:05 PM org.ros.time.RemoteUptimeClock update
INFO: Latency: 7,0000 s, Delta ratio: 1,0000, Drift: 1,000, Error reduction coefficient: 0,000, Error: 0,0000 s
abr 04, 2013 12:33:05 PM org.ros.time.RemoteUptimeClock update
INFO: Latency: 7,0000 s, Delta ratio: 1,0000, Drift: 1,000, Error reduction coefficient: 0,000, Error: 0,0000 s
abr 04, 2013 12:33:05 PM org.ros.time.RemoteUptimeClock update
INFO: Latency: 7,0000 s, Delta ratio: 1,0000, Drift: 1,000, Error reduction coefficient: 0,000, Error: 0,0000 s
abr 04, 2013 12:33:05 PM org.ros.time.RemoteUptimeClock update
INFO: Latency: 7,0000 s, Delta ratio: 1,0000, Drift: 1,000, Error reduction coefficient: 0,000, Error: 0,0000 s
abr 04, 2013 12:33:05 PM org.ros.time.RemoteUptimeClock update
INFO: Latency: 7,0000 s, Delta ratio: 1,0000, Drift: 1,000, Error reduction coefficient: 0,000, Error: 0,0000 s
abr 04, 2013 12:33:05 PM org.ros.time.RemoteUptimeClock update
INFO: Latency: 7,0000 s, Delta ratio: 1,0000, Drift: 1,000, Error reduction coefficient: 0,000, Error: 0,0000 s
abr 04, 2013 12:33:05 PM org.ros.time.RemoteUptimeClock update
INFO: Latency: 7,0000 s, Delta ratio: 1,0000, Drift: 1,000, Error reduction coefficient: 0,000, Error: 0,0000 s
abr 04, 2013 12:33:05 PM org.ros.time.RemoteUptimeClock update
INFO: Latency: 7,0000 s, Delta ratio: 1,0000, Drift: 1,000, Error reduction coefficient: 0,000, Error: 0,0000 s
abr 04, 2013 12:33:05 PM org.ros.time.RemoteUptimeClock update
INFO: Latency: 7,0000 s, Delta ratio: 1,0000, Drift: 1,000, Error reduction coefficient: 0,000, Error: 0,0000 s
abr 04, 2013 12:33:05 PM org.ros.time.RemoteUptimeClock update
INFO: Latency: 7,0000 s, Delta ratio: 1,0000, Drift: 1,000, Error reduction coefficient: 0,000, Error: 0,0000 s
abr 04, 2013 12:33:05 PM org.ros.time.RemoteUptimeClock update
INFO: Latency: 7,0000 s, Delta ratio: 1,0000, Drift: 1,000, Error reduction coefficient: 0,000, Error: 0,0000 s
abr 04, 2013 12:33:05 PM org.ros.time.RemoteUptimeClock update
INFO: Latency: 7,0000 s, Delta ratio: 1,0000, Drift: 1,000, Error reduction coefficient: 0,000, Error: 0,0000 s
abr 04, 2013 12:33:05 PM org.ros.time.RemoteUptimeClock update
INFO: Latency: 7,0000 s, Delta ratio: 1,0000, Drift: 1,000, Error reduction coefficient: 0,000, Error: 0,0000 s
abr 04, 2013 12:33:05 PM org.ros.time.RemoteUptimeClock update
INFO: Latency: 7,0000 s, Delta ratio: 1,0000, Drift: 1,000, Error reduction coefficient: 0,000, Error: 0,0000 s
abr 04, 2013 12:33:05 PM org.ros.time.RemoteUptimeClock update
INFO: Latency: 7,0000 s, Delta ratio: 1,0000, Drift: 1,000, Error reduction coefficient: 0,000, Error: 0,0000 s
abr 04, 2013 12:33:05 PM org.ros.time.RemoteUptimeClock update
INFO: Latency: 7,0000 s, Delta ratio: 1,0000, Drift: 1,000, Error reduction coefficient: 0,000, Error: 0,0000 s
abr 04, 2013 12:33:05 PM org.ros.time.RemoteUptimeClock update
INFO: Latency: 7,0000 s, Delta ratio: 1,0000, Drift: 1,000, Error reduction coefficient: 0,000, Error: 0,0000 s
abr 04, 2013 12:33:05 PM org.ros.time.RemoteUptimeClock update
INFO: Latency: 7,0000 s, Delta ratio: 1,0000, Drift: 1,000, Error reduction coefficient: 0,000, Error: 0,0000 s
abr 04, 2013 12:33:05 PM org.ros.time.RemoteUptimeClock update
INFO: Latency: 7,0000 s, Delta ratio: 1,0000, Drift: 1,000, Error reduction coefficient: 0,000, Error: 0,0000 s
abr 04, 2013 12:33:05 PM org.ros.time.RemoteUptimeClock update
INFO: Latency: 7,0000 s, Delta ratio: 1,0000, Drift: 1,000, Error reduction coefficient: 0,000, Error: 0,0000 s
abr 04, 2013 12:33:05 PM org.ros.time.RemoteUptimeClock update
INFO: Latency: 7,0000 s, Delta ratio: 1,0000, Drift: 1,000, Error reduction coefficient: 0,000, Error: 0,0000 s
abr 04, 2013 12:33:05 PM org.ros.time.RemoteUptimeClock update
INFO: Latency: 7,0000 s, Delta ratio: 1,0000, Drift: 1,000, Error reduction coefficient: 0,000, Error: 0,0000 s
abr 04, 2013 12:33:05 PM org.ros.time.RemoteUptimeClock update
INFO: Latency: 7,0000 s, Delta ratio: 1,0000, Drift: 1,000, Error reduction coefficient: 0,000, Error: 0,0000 s
abr 04, 2013 12:33:05 PM org.ros.time.RemoteUptimeClock update
INFO: Latency: 7,0000 s, Delta ratio: 1,0000, Drift: 1,000, Error reduction coefficient: 0,000, Error: 0,0000 s
abr 04, 2013 12:33:05 PM org.ros.time.RemoteUptimeClock update
INFO: Latency: 7,0000 s, Delta ratio: 1,0000, Drift: 1,000, Error reduction coefficient: 0,000, Error: 0,0000 s
abr 04, 2013 12:33:05 PM org.ros.time.RemoteUptimeClock update
INFO: Latency: 7,0000 s, Delta ratio: 1,0000, Drift: 1,000, Error reduction coefficient: 0,000, Error: 0,0000 s
abr 04, 2013 12:33:05 PM org.ros.time.RemoteUptimeClock update
INFO: Latency: 7,0000 s, Delta ratio: 1,0000, Drift: 1,000, Error reduction coefficient: 0,000, Error: 0,0000 s
abr 04, 2013 12:33:05 PM org.ros.time.RemoteUptimeClock update
INFO: Latency: 7,0000 s, Delta ratio: 1,0000, Drift: 1,000, Error reduction coefficient: 0,000, Error: 0,0000 s
abr 04, 2013 12:33:05 PM org.ros.time.RemoteUptimeClock update
INFO: Latency: 7,0000 s, Delta ratio: 1,0000, Drift: 1,000, Error reduction coefficient: 0,000, Error: 0,0000 s
abr 04, 2013 12:33:05 PM org.ros.time.RemoteUptimeClock update
INFO: Latency: 7,0000 s, Delta ratio: 1,0000, Drift: 1,000, Error reduction coefficient: 0,000, Error: 0,0000 s
abr 04, 2013 12:33:05 PM org.ros.time.RemoteUptimeClock update
INFO: Latency: 7,0000 s, Delta ratio: 1,0000, Drift: 1,000, Error reduction coefficient: 0,000, Error: 0,0000 s
abr 04, 2013 12:33:05 PM org.ros.time.RemoteUptimeClock update
INFO: Latency: 7,0000 s, Delta ratio: 1,0000, Drift: 1,000, Error reduction coefficient: 0,000, Error: 0,0000 s
abr 04, 2013 12:33:05 PM org.ros.time.RemoteUptimeClock update
INFO: Latency: 7,0000 s, Delta ratio: 1,0000, Drift: 1,000, Error reduction coefficient: 0,000, Error: 0,0000 s
abr 04, 2013 12:33:05 PM org.ros.time.RemoteUptimeClock update
INFO: Latency: 7,0000 s, Delta ratio: 1,0000, Drift: 1,000, Error reduction coefficient: 0,000, Error: 0,0000 s
abr 04, 2013 12:33:05 PM org.ros.time.RemoteUptimeClock update
INFO: Latency: 7,0000 s, Delta ratio: 1,0000, Drift: 1,000, Error reduction coefficient: 0,000, Error: 0,0000 s
abr 04, 2013 12:33:05 PM org.ros.time.RemoteUptimeClock update
INFO: Latency: 7,0000 s, Delta ratio: 1,0000, Drift: 1,000, Error reduction coefficient: 0,000, Error: 0,0000 s
abr 04, 2013 12:33:05 PM org.ros.time.RemoteUptimeClock update
INFO: Latency: 7,0000 s, Delta ratio: 1,0000, Drift: 1,000, Error reduction coefficient: 0,000, Error: 0,0000 s
abr 04, 2013 12:33:05 PM org.ros.time.RemoteUptimeClock update
INFO: Latency: 7,0000 s, Delta ratio: 1,0000, Drift: 1,000, Error reduction coefficient: 0,000, Error: 0,0000 s
abr 04, 2013 12:33:05 PM org.ros.time.RemoteUptimeClock update
INFO: Latency: 7,0000 s, Delta ratio: 1,0000, Drift: 1,000, Error reduction coefficient: 0,000, Error: 0,0000 s
abr 04, 2013 12:33:05 PM org.ros.time.RemoteUptimeClock update
INFO: Latency: 7,0000 s, Delta ratio: 1,0000, Drift: 1,000, Error reduction coefficient: 0,000, Error: 0,0000 s
abr 04, 2013 12:33:05 PM org.ros.time.RemoteUptimeClock update
INFO: Latency: 7,0000 s, Delta ratio: 1,0000, Drift: 1,000, Error reduction coefficient: 0,000, Error: 0,0000 s
abr 04, 2013 12:33:05 PM org.ros.time.RemoteUptimeClock update
INFO: Latency: 7,0000 s, Delta ratio: 1,0000, Drift: 1,000, Error reduction coefficient: 0,000, Error: 0,0000 s
abr 04, 2013 12:33:05 PM org.ros.time.RemoteUptimeClock update
INFO: Latency: 7,0000 s, Delta ratio: 1,0000, Drift: 1,000, Error reduction coefficient: 0,000, Error: 0,0000 s
abr 04, 2013 12:33:05 PM org.ros.time.RemoteUptimeClock update
INFO: Latency: 7,0000 s, Delta ratio: 1,0000, Drift: 1,000, Error reduction coefficient: 0,000, Error: 0,0000 s
abr 04, 2013 12:33:05 PM org.ros.time.RemoteUptimeClock update
INFO: Latency: 7,0000 s, Delta ratio: 1,0000, Drift: 1,000, Error reduction coefficient: 0,000, Error: 0,0000 s
abr 04, 2013 12:33:05 PM org.ros.time.RemoteUptimeClock update
INFO: Latency: 7,0000 s, Delta ratio: 1,0000, Drift: 1,000, Error reduction coefficient: 0,000, Error: 0,0000 s
abr 04, 2013 12:33:05 PM org.ros.time.RemoteUptimeClock update
INFO: Latency: 7,0000 s, Delta ratio: 1,0000, Drift: 1,000, Error reduction coefficient: 0,000, Error: 0,0000 s
abr 04, 2013 12:33:05 PM org.ros.time.RemoteUptimeClock update
INFO: Latency: 7,0000 s, Delta ratio: 1,0000, Drift: 1,000, Error reduction coefficient: 0,000, Error: 0,0000 s
abr 04, 2013 12:33:05 PM org.ros.time.RemoteUptimeClock update
INFO: Latency: 7,0000 s, Delta ratio: 1,0000, Drift: 1,000, Error reduction coefficient: 0,000, Error: 0,0000 s
abr 04, 2013 12:33:05 PM org.ros.time.RemoteUptimeClock update
INFO: Latency: 7,0000 s, Delta ratio: 1,0000, Drift: 1,000, Error reduction coefficient: 0,000, Error: 0,0000 s
abr 04, 2013 12:33:05 PM org.ros.time.RemoteUptimeClock update
INFO: Latency: 7,0000 s, Delta ratio: 1,0000, Drift: 1,000, Error reduction coefficient: 0,000, Error: 0,0000 s
abr 04, 2013 12:33:05 PM org.ros.time.RemoteUptimeClock update
INFO: Latency: 7,0000 s, Delta ratio: 1,0000, Drift: 1,000, Error reduction coefficient: 0,000, Error: 0,0000 s
abr 04, 2013 12:33:05 PM org.ros.time.RemoteUptimeClock update
INFO: Latency: 7,0000 s, Delta ratio: 1,0000, Drift: 1,000, Error reduction coefficient: 0,000, Error: 0,0000 s
abr 04, 2013 12:33:05 PM org.ros.time.RemoteUptimeClock update
INFO: Latency: 7,0000 s, Delta ratio: 1,0000, Drift: 1,000, Error reduction coefficient: 0,000, Error: 0,0000 s
abr 04, 2013 12:33:05 PM org.ros.time.RemoteUptimeClock update
INFO: Latency: 7,0000 s, Delta ratio: 1,0000, Drift: 1,000, Error reduction coefficient: 0,000, Error: 0,0000 s
abr 04, 2013 12:33:05 PM org.ros.time.RemoteUptimeClock update
INFO: Latency: 7,0000 s, Delta ratio: 1,0000, Drift: 1,000, Error reduction coefficient: 0,000, Error: 0,0000 s
abr 04, 2013 12:33:05 PM org.ros.time.RemoteUptimeClock update
INFO: Latency: 7,0000 s, Delta ratio: 1,0000, Drift: 1,000, Error reduction coefficient: 0,000, Error: 0,0000 s
abr 04, 2013 12:33:05 PM org.ros.time.RemoteUptimeClock update
INFO: Latency: 7,0000 s, Delta ratio: 1,0000, Drift: 1,000, Error reduction coefficient: 0,000, Error: 0,0000 s
abr 04, 2013 12:33:05 PM org.ros.time.RemoteUptimeClock update
INFO: Latency: 7,0000 s, Delta ratio: 1,0000, Drift: 1,000, Error reduction coefficient: 0,000, Error: 0,0000 s
abr 04, 2013 12:33:05 PM org.ros.time.RemoteUptimeClock update
INFO: Latency: 7,0000 s, Delta ratio: 1,0000, Drift: 1,000, Error reduction coefficient: 0,000, Error: 0,0000 s
abr 04, 2013 12:33:05 PM org.ros.time.RemoteUptimeClock update
INFO: Latency: 7,0000 s, Delta ratio: 1,0000, Drift: 1,000, Error reduction coefficient: 0,000, Error: 0,0000 s
abr 04, 2013 12:33:05 PM org.ros.time.RemoteUptimeClock update
INFO: Latency: 7,0000 s, Delta ratio: 1,0000, Drift: 1,000, Error reduction coefficient: 0,000, Error: 0,0000 s
abr 04, 2013 12:33:05 PM org.ros.time.RemoteUptimeClock update
INFO: Latency: 7,0000 s, Delta ratio: 1,0000, Drift: 1,000, Error reduction coefficient: 0,000, Error: 0,0000 s
abr 04, 2013 12:33:05 PM org.ros.time.RemoteUptimeClock update
INFO: Latency: 7,0000 s, Delta ratio: 1,0000, Drift: 1,000, Error reduction coefficient: 0,000, Error: 0,0000 s
abr 04, 2013 12:33:05 PM org.ros.time.RemoteUptimeClock update
INFO: Latency: 7,0000 s, Delta ratio: 1,0000, Drift: 1,000, Error reduction coefficient: 0,000, Error: 0,0000 s
abr 04, 2013 12:33:05 PM org.ros.time.RemoteUptimeClock update
INFO: Latency: 7,0000 s, Delta ratio: 1,0000, Drift: 1,000, Error reduction coefficient: 0,000, Error: 0,0000 s
abr 04, 2013 12:33:05 PM org.ros.time.RemoteUptimeClock update
INFO: Latency: 7,0000 s, Delta ratio: 1,0000, Drift: 1,000, Error reduction coefficient: 0,000, Error: 0,0000 s
abr 04, 2013 12:33:05 PM org.ros.time.RemoteUptimeClock update
INFO: Latency: 7,0000 s, Delta ratio: 1,0000, Drift: 1,000, Error reduction coefficient: 0,000, Error: 0,0000 s
abr 04, 2013 12:33:05 PM org.ros.time.RemoteUptimeClock update
INFO: Latency: 7,0000 s, Delta ratio: 1,0000, Drift: 1,000, Error reduction coefficient: 0,000, Error: 0,0000 s
abr 04, 2013 12:33:05 PM org.ros.time.RemoteUptimeClock update
INFO: Latency: 7,0000 s, Delta ratio: 1,0000, Drift: 1,000, Error reduction coefficient: 0,000, Error: 0,0000 s
abr 04, 2013 12:33:05 PM org.ros.time.RemoteUptimeClock update
INFO: Latency: 7,0000 s, Delta ratio: 1,0000, Drift: 1,000, Error reduction coefficient: 0,000, Error: 0,0000 s
abr 04, 2013 12:33:05 PM org.ros.time.RemoteUptimeClock update
INFO: Latency: 7,0000 s, Delta ratio: 1,0000, Drift: 1,000, Error reduction coefficient: 0,000, Error: 0,0000 s
abr 04, 2013 12:33:05 PM org.ros.time.RemoteUptimeClock update
INFO: Latency: 7,0000 s, Delta ratio: 1,0000, Drift: 1,000, Error reduction coefficient: 0,000, Error: 0,0000 s
abr 04, 2013 12:33:05 PM org.ros.time.RemoteUptimeClock update
INFO: Latency: 7,0000 s, Delta ratio: 1,0000, Drift: 1,000, Error reduction coefficient: 0,000, Error: 0,0000 s
abr 04, 2013 12:33:05 PM org.ros.time.RemoteUptimeClock update
INFO: Latency: 7,0000 s, Delta ratio: 1,0000, Drift: 1,000, Error reduction coefficient: 0,000, Error: 0,0000 s
abr 04, 2013 12:33:05 PM org.ros.time.RemoteUptimeClock update
INFO: Latency: 7,0000 s, Delta ratio: 1,0000, Drift: 1,000, Error reduction coefficient: 0,000, Error: 0,0000 s
abr 04, 2013 12:33:05 PM org.ros.time.RemoteUptimeClock update
INFO: Latency: 7,0000 s, Delta ratio: 1,0000, Drift: 1,000, Error reduction coefficient: 0,000, Error: 0,0000 s
abr 04, 2013 12:33:05 PM org.ros.time.RemoteUptimeClock update
INFO: Latency: 7,0000 s, Delta ratio: 1,0000, Drift: 1,000, Error reduction coefficient: 0,000, Error: 0,0000 s
abr 04, 2013 12:33:05 PM org.ros.time.RemoteUptimeClock update
INFO: Latency: 7,0000 s, Delta ratio: 1,0000, Drift: 1,000, Error reduction coefficient: 0,000, Error: 0,0000 s
abr 04, 2013 12:33:05 PM org.ros.time.RemoteUptimeClock update
INFO: Latency: 7,0000 s, Delta ratio: 1,0000, Drift: 1,000, Error reduction coefficient: 0,000, Error: 0,0000 s
abr 04, 2013 12:33:05 PM org.ros.time.RemoteUptimeClock update
INFO: Latency: 7,0000 s, Delta ratio: 1,0000, Drift: 1,000, Error reduction coefficient: 0,000, Error: 0,0000 s
abr 04, 2013 12:33:05 PM org.ros.time.RemoteUptimeClock update
INFO: Latency: 7,0000 s, Delta ratio: 1,0000, Drift: 1,000, Error reduction coefficient: 0,000, Error: 0,0000 s
abr 04, 2013 12:33:05 PM org.ros.time.RemoteUptimeClock update
INFO: Latency: 7,0000 s, Delta ratio: 1,0000, Drift: 1,000, Error reduction coefficient: 0,000, Error: 0,0000 s
abr 04, 2013 12:33:05 PM org.ros.time.RemoteUptimeClock update
INFO: Latency: 7,0000 s, Delta ratio: 1,0000, Drift: 1,000, Error reduction coefficient: 0,000, Error: 0,0000 s
abr 04, 2013 12:33:05 PM org.ros.time.RemoteUptimeClock update
INFO: Latency: 7,0000 s, Delta ratio: 1,0000, Drift: 1,000, Error reduction coefficient: 0,000, Error: 0,0000 s
abr 04, 2013 12:33:05 PM org.ros.time.RemoteUptimeClock update
INFO: Latency: 7,0000 s, Delta ratio: 1,0000, Drift: 1,000, Error reduction coefficient: 0,000, Error: 0,0000 s
abr 04, 2013 12:33:05 PM org.ros.time.RemoteUptimeClock update
INFO: Latency: 7,0000 s, Delta ratio: 1,0000, Drift: 1,000, Error reduction coefficient: 0,000, Error: 0,0000 s
abr 04, 2013 12:33:05 PM org.ros.time.RemoteUptimeClock update
INFO: Latency: 7,0000 s, Delta ratio: 1,0000, Drift: 1,000, Error reduction coefficient: 0,000, Error: 0,0000 s
abr 04, 2013 12:33:05 PM org.ros.time.RemoteUptimeClock update
INFO: Latency: 7,0000 s, Delta ratio: 1,0000, Drift: 1,000, Error reduction coefficient: 0,000, Error: 0,0000 s
abr 04, 2013 12:33:05 PM org.ros.time.RemoteUptimeClock update
INFO: Latency: 7,0000 s, Delta ratio: 1,0000, Drift: 1,000, Error reduction coefficient: 0,000, Error: 0,0000 s
abr 04, 2013 12:33:05 PM org.ros.time.RemoteUptimeClock update
INFO: Latency: 7,0000 s, Delta ratio: 1,0000, Drift: 1,000, Error reduction coefficient: 0,000, Error: 0,0000 s
abr 04, 2013 12:33:05 PM org.ros.time.RemoteUptimeClock update
INFO: Latency: 7,0000 s, Delta ratio: 1,0000, Drift: 1,000, Error reduction coefficient: 0,000, Error: 0,0000 s
abr 04, 2013 12:33:05 PM org.ros.time.RemoteUptimeClock update
INFO: Latency: 7,0000 s, Delta ratio: 1,0000, Drift: 1,000, Error reduction coefficient: 0,000, Error: 0,0000 s
abr 04, 2013 12:33:05 PM org.ros.time.RemoteUptimeClock update
INFO: Latency: 7,0000 s, Delta ratio: 1,0000, Drift: 1,000, Error reduction coefficient: 0,000, Error: 0,0000 s
abr 04, 2013 12:33:05 PM org.ros.time.RemoteUptimeClock update
INFO: Latency: 7,0000 s, Delta ratio: 1,0000, Drift: 1,000, Error reduction coefficient: 0,000, Error: 0,0000 s
abr 04, 2013 12:33:05 PM org.ros.time.RemoteUptimeClock update
INFO: Latency: 7,0000 s, Delta ratio: 1,0000, Drift: 1,000, Error reduction coefficient: 0,000, Error: 0,0000 s
abr 04, 2013 12:33:05 PM org.ros.time.RemoteUptimeClock update
INFO: Latency: 7,0000 s, Delta ratio: 1,0000, Drift: 1,000, Error reduction coefficient: 0,000, Error: 0,0000 s
abr 04, 2013 12:33:05 PM org.ros.time.RemoteUptimeClock update
INFO: Latency: 7,0000 s, Delta ratio: 1,0000, Drift: 1,000, Error reduction coefficient: 0,000, Error: 0,0000 s
abr 04, 2013 12:33:05 PM org.ros.time.RemoteUptimeClock update
INFO: Latency: 7,0000 s, Delta ratio: 1,0000, Drift: 1,000, Error reduction coefficient: 0,000, Error: 0,0000 s
abr 04, 2013 12:33:05 PM org.ros.time.RemoteUptimeClock update
INFO: Latency: 7,0000 s, Delta ratio: 1,0000, Drift: 1,000, Error reduction coefficient: 0,000, Error: 0,0000 s
abr 04, 2013 12:33:05 PM org.ros.time.RemoteUptimeClock update
INFO: Latency: 7,0000 s, Delta ratio: 1,0000, Drift: 1,000, Error reduction coefficient: 0,000, Error: 0,0000 s
abr 04, 2013 12:33:05 PM org.ros.time.RemoteUptimeClock update
INFO: Latency: 7,0000 s, Delta ratio: 1,0000, Drift: 1,000, Error reduction coefficient: 0,000, Error: 0,0000 s
abr 04, 2013 12:33:05 PM org.ros.time.RemoteUptimeClock update
INFO: Latency: 7,0000 s, Delta ratio: 1,0000, Drift: 1,000, Error reduction coefficient: 0,000, Error: 0,0000 s
abr 04, 2013 12:33:05 PM org.ros.time.RemoteUptimeClock update
INFO: Latency: 7,0000 s, Delta ratio: 1,0000, Drift: 1,000, Error reduction coefficient: 0,000, Error: 0,0000 s
abr 04, 2013 12:33:05 PM org.ros.time.RemoteUptimeClock update
INFO: Latency: 7,0000 s, Delta ratio: 1,0000, Drift: 1,000, Error reduction coefficient: 0,000, Error: 0,0000 s
abr 04, 2013 12:33:05 PM org.ros.time.RemoteUptimeClock update
INFO: Latency: 7,0000 s, Delta ratio: 1,0000, Drift: 1,000, Error reduction coefficient: 0,000, Error: 0,0000 s
abr 04, 2013 12:33:05 PM org.ros.time.RemoteUptimeClock update
INFO: Latency: 7,0000 s, Delta ratio: 1,0000, Drift: 1,000, Error reduction coefficient: 0,000, Error: 0,0000 s
abr 04, 2013 12:33:05 PM org.ros.time.RemoteUptimeClock update
INFO: Latency: 7,0000 s, Delta ratio: 1,0000, Drift: 1,000, Error reduction coefficient: 0,000, Error: 0,0000 s
abr 04, 2013 12:33:05 PM org.ros.time.RemoteUptimeClock update
INFO: Latency: 7,0000 s, Delta ratio: 1,0000, Drift: 1,000, Error reduction coefficient: 0,000, Error: 0,0000 s
abr 04, 2013 12:33:05 PM org.ros.time.RemoteUptimeClock update
INFO: Latency: 7,0000 s, Delta ratio: 1,0000, Drift: 1,000, Error reduction coefficient: 0,000, Error: 0,0000 s
abr 04, 2013 12:33:05 PM org.ros.time.RemoteUptimeClock update
INFO: Latency: 7,0000 s, Delta ratio: 1,0000, Drift: 1,000, Error reduction coefficient: 0,000, Error: 0,0000 s
abr 04, 2013 12:33:05 PM org.ros.time.RemoteUptimeClock update
INFO: Latency: 7,0000 s, Delta ratio: 1,0000, Drift: 1,000, Error reduction coefficient: 0,000, Error: 0,0000 s
abr 04, 2013 12:33:05 PM org.ros.time.RemoteUptimeClock update
INFO: Latency: 7,0000 s, Delta ratio: 1,0000, Drift: 1,000, Error reduction coefficient: 0,000, Error: 0,0000 s
abr 04, 2013 12:33:05 PM org.ros.time.RemoteUptimeClock update
INFO: Latency: 7,0000 s, Delta ratio: 1,0000, Drift: 1,000, Error reduction coefficient: 0,000, Error: 0,0000 s
abr 04, 2013 12:33:05 PM org.ros.time.RemoteUptimeClock update
INFO: Latency: 7,0000 s, Delta ratio: 1,0000, Drift: 1,000, Error reduction coefficient: 0,000, Error: 0,0000 s
abr 04, 2013 12:33:05 PM org.ros.time.RemoteUptimeClock update
INFO: Latency: 7,0000 s, Delta ratio: 1,0000, Drift: 1,000, Error reduction coefficient: 0,000, Error: 0,0000 s
abr 04, 2013 12:33:05 PM org.ros.time.RemoteUptimeClock update
INFO: Latency: 7,0000 s, Delta ratio: 1,0000, Drift: 1,000, Error reduction coefficient: 0,000, Error: 0,0000 s
abr 04, 2013 12:33:05 PM org.ros.time.RemoteUptimeClock update
INFO: Latency: 7,0000 s, Delta ratio: 1,0000, Drift: 1,000, Error reduction coefficient: 0,000, Error: 0,0000 s
abr 04, 2013 12:33:05 PM org.ros.time.RemoteUptimeClock update
INFO: Latency: 7,0000 s, Delta ratio: 1,0000, Drift: 1,000, Error reduction coefficient: 0,000, Error: 0,0000 s
abr 04, 2013 12:33:05 PM org.ros.time.RemoteUptimeClock update
INFO: Latency: 7,0000 s, Delta ratio: 1,0000, Drift: 1,000, Error reduction coefficient: 0,000, Error: 0,0000 s
abr 04, 2013 12:33:05 PM org.ros.time.RemoteUptimeClock update
INFO: Latency: 7,0000 s, Delta ratio: 1,0000, Drift: 1,000, Error reduction coefficient: 0,000, Error: 0,0000 s
abr 04, 2013 12:33:05 PM org.ros.time.RemoteUptimeClock update
INFO: Latency: 7,0000 s, Delta ratio: 1,0000, Drift: 1,000, Error reduction coefficient: 0,000, Error: 0,0000 s
abr 04, 2013 12:33:05 PM org.ros.time.RemoteUptimeClock update
INFO: Latency: 7,0000 s, Delta ratio: 1,0000, Drift: 1,000, Error reduction coefficient: 0,000, Error: 0,0000 s
abr 04, 2013 12:33:05 PM org.ros.time.RemoteUptimeClock update
INFO: Latency: 7,0000 s, Delta ratio: 1,0000, Drift: 1,000, Error reduction coefficient: 0,000, Error: 0,0000 s
abr 04, 2013 12:33:05 PM org.ros.time.RemoteUptimeClock update
INFO: Latency: 7,0000 s, Delta ratio: 1,0000, Drift: 1,000, Error reduction coefficient: 0,000, Error: 0,0000 s
abr 04, 2013 12:33:05 PM org.ros.time.RemoteUptimeClock update
INFO: Latency: 7,0000 s, Delta ratio: 1,0000, Drift: 1,000, Error reduction coefficient: 0,000, Error: 0,0000 s
abr 04, 2013 12:33:05 PM org.ros.time.RemoteUptimeClock update
INFO: Latency: 7,0000 s, Delta ratio: 1,0000, Drift: 1,000, Error reduction coefficient: 0,000, Error: 0,0000 s
abr 04, 2013 12:33:05 PM org.ros.time.RemoteUptimeClock update
INFO: Latency: 7,0000 s, Delta ratio: 1,0000, Drift: 1,000, Error reduction coefficient: 0,000, Error: 0,0000 s
abr 04, 2013 12:33:05 PM org.ros.time.RemoteUptimeClock update
INFO: Latency: 7,0000 s, Delta ratio: 1,0000, Drift: 1,000, Error reduction coefficient: 0,000, Error: 0,0000 s
abr 04, 2013 12:33:05 PM org.ros.time.RemoteUptimeClock update
INFO: Latency: 7,0000 s, Delta ratio: 1,0000, Drift: 1,000, Error reduction coefficient: 0,000, Error: 0,0000 s
abr 04, 2013 12:33:05 PM org.ros.time.RemoteUptimeClock update
INFO: Latency: 7,0000 s, Delta ratio: 1,0000, Drift: 1,000, Error reduction coefficient: 0,000, Error: 0,0000 s
abr 04, 2013 12:33:05 PM org.ros.time.RemoteUptimeClock update
INFO: Latency: 7,0000 s, Delta ratio: 1,0000, Drift: 1,000, Error reduction coefficient: 0,000, Error: 0,0000 s
abr 04, 2013 12:33:05 PM org.ros.time.RemoteUptimeClock update
INFO: Latency: 7,0000 s, Delta ratio: 1,0000, Drift: 1,000, Error reduction coefficient: 0,000, Error: 0,0000 s
abr 04, 2013 12:33:05 PM org.ros.time.RemoteUptimeClock update
INFO: Latency: 7,0000 s, Delta ratio: 1,0000, Drift: 1,000, Error reduction coefficient: 0,000, Error: 0,0000 s
abr 04, 2013 12:33:05 PM org.ros.time.RemoteUptimeClock update
INFO: Latency: 7,0000 s, Delta ratio: 1,0000, Drift: 1,000, Error reduction coefficient: 0,000, Error: 0,0000 s
abr 04, 2013 12:33:05 PM org.ros.time.RemoteUptimeClock update
INFO: Latency: 7,0000 s, Delta ratio: 1,0000, Drift: 1,000, Error reduction coefficient: 0,000, Error: 0,0000 s
abr 04, 2013 12:33:05 PM org.ros.time.RemoteUptimeClock update
INFO: Latency: 7,0000 s, Delta ratio: 1,0000, Drift: 1,000, Error reduction coefficient: 0,000, Error: 0,0000 s
abr 04, 2013 12:33:05 PM org.ros.time.RemoteUptimeClock update
INFO: Latency: 7,0000 s, Delta ratio: 1,0000, Drift: 1,000, Error reduction coefficient: 0,000, Error: 0,0000 s
abr 04, 2013 12:33:05 PM org.ros.time.RemoteUptimeClock update
INFO: Latency: 7,0000 s, Delta ratio: 1,0000, Drift: 1,000, Error reduction coefficient: 0,000, Error: 0,0000 s
abr 04, 2013 12:33:05 PM org.ros.time.RemoteUptimeClock update
INFO: Latency: 7,0000 s, Delta ratio: 1,0000, Drift: 1,000, Error reduction coefficient: 0,000, Error: 0,0000 s
abr 04, 2013 12:33:05 PM org.ros.time.RemoteUptimeClock update
INFO: Latency: 7,0000 s, Delta ratio: 1,0000, Drift: 1,000, Error reduction coefficient: 0,000, Error: 0,0000 s
abr 04, 2013 12:33:05 PM org.ros.time.RemoteUptimeClock update
INFO: Latency: 7,0000 s, Delta ratio: 1,0000, Drift: 1,000, Error reduction coefficient: 0,000, Error: 0,0000 s
abr 04, 2013 12:33:05 PM org.ros.time.RemoteUptimeClock update
INFO: Latency: 7,0000 s, Delta ratio: 1,0000, Drift: 1,000, Error reduction coefficient: 0,000, Error: 0,0000 s
abr 04, 2013 12:33:05 PM org.ros.time.RemoteUptimeClock update
INFO: Latency: 7,0000 s, Delta ratio: 1,0000, Drift: 1,000, Error reduction coefficient: 0,000, Error: 0,0000 s
abr 04, 2013 12:33:05 PM org.ros.time.RemoteUptimeClock update
INFO: Latency: 7,0000 s, Delta ratio: 1,0000, Drift: 1,000, Error reduction coefficient: 0,000, Error: 0,0000 s
abr 04, 2013 12:33:05 PM org.ros.time.RemoteUptimeClock update
INFO: Latency: 7,0000 s, Delta ratio: 1,0000, Drift: 1,000, Error reduction coefficient: 0,000, Error: 0,0000 s
abr 04, 2013 12:33:05 PM org.ros.time.RemoteUptimeClock update
INFO: Latency: 7,0000 s, Delta ratio: 1,0000, Drift: 1,000, Error reduction coefficient: 0,000, Error: 0,0000 s
abr 04, 2013 12:33:05 PM org.ros.time.RemoteUptimeClock update
INFO: Latency: 7,0000 s, Delta ratio: 1,0000, Drift: 1,000, Error reduction coefficient: 0,000, Error: 0,0000 s
abr 04, 2013 12:33:05 PM org.ros.time.RemoteUptimeClock update
INFO: Latency: 7,0000 s, Delta ratio: 1,0000, Drift: 1,000, Error reduction coefficient: 0,000, Error: 0,0000 s
abr 04, 2013 12:33:05 PM org.ros.time.RemoteUptimeClock update
INFO: Latency: 7,0000 s, Delta ratio: 1,0000, Drift: 1,000, Error reduction coefficient: 0,000, Error: 0,0000 s
abr 04, 2013 12:33:05 PM org.ros.time.RemoteUptimeClock update
INFO: Latency: 7,0000 s, Delta ratio: 1,0000, Drift: 1,000, Error reduction coefficient: 0,000, Error: 0,0000 s
abr 04, 2013 12:33:05 PM org.ros.time.RemoteUptimeClock update
INFO: Latency: 7,0000 s, Delta ratio: 1,0000, Drift: 1,000, Error reduction coefficient: 0,000, Error: 0,0000 s
abr 04, 2013 12:33:05 PM org.ros.time.RemoteUptimeClock update
INFO: Latency: 7,0000 s, Delta ratio: 1,0000, Drift: 1,000, Error reduction coefficient: 0,000, Error: 0,0000 s
abr 04, 2013 12:33:05 PM org.ros.time.RemoteUptimeClock update
INFO: Latency: 7,0000 s, Delta ratio: 1,0000, Drift: 1,000, Error reduction coefficient: 0,000, Error: 0,0000 s
abr 04, 2013 12:33:05 PM org.ros.time.RemoteUptimeClock update
INFO: Latency: 7,0000 s, Delta ratio: 1,0000, Drift: 1,000, Error reduction coefficient: 0,000, Error: 0,0000 s
abr 04, 2013 12:33:05 PM org.ros.time.RemoteUptimeClock update
INFO: Latency: 7,0000 s, Delta ratio: 1,0000, Drift: 1,000, Error reduction coefficient: 0,000, Error: 0,0000 s
abr 04, 2013 12:33:05 PM org.ros.time.RemoteUptimeClock update
INFO: Latency: 7,0000 s, Delta ratio: 1,0000, Drift: 1,000, Error reduction coefficient: 0,000, Error: 0,0000 s
abr 04, 2013 12:33:05 PM org.ros.time.RemoteUptimeClock update
INFO: Latency: 7,0000 s, Delta ratio: 1,0000, Drift: 1,000, Error reduction coefficient: 0,000, Error: 0,0000 s
abr 04, 2013 12:33:05 PM org.ros.time.RemoteUptimeClock update
INFO: Latency: 7,0000 s, Delta ratio: 1,0000, Drift: 1,000, Error reduction coefficient: 0,000, Error: 0,0000 s
abr 04, 2013 12:33:05 PM org.ros.time.RemoteUptimeClock update
INFO: Latency: 7,0000 s, Delta ratio: 1,0000, Drift: 1,000, Error reduction coefficient: 0,000, Error: 0,0000 s
abr 04, 2013 12:33:05 PM org.ros.time.RemoteUptimeClock update
INFO: Latency: 7,0000 s, Delta ratio: 1,0000, Drift: 1,000, Error reduction coefficient: 0,000, Error: 0,0000 s
abr 04, 2013 12:33:05 PM org.ros.time.RemoteUptimeClock update
INFO: Latency: 7,0000 s, Delta ratio: 1,0000, Drift: 1,000, Error reduction coefficient: 0,000, Error: 0,0000 s
abr 04, 2013 12:33:05 PM org.ros.time.RemoteUptimeClock update
INFO: Latency: 7,0000 s, Delta ratio: 1,0000, Drift: 1,000, Error reduction coefficient: 0,000, Error: 0,0000 s
abr 04, 2013 12:33:05 PM org.ros.time.RemoteUptimeClock update
INFO: Latency: 7,0000 s, Delta ratio: 1,0000, Drift: 1,000, Error reduction coefficient: 0,000, Error: 0,0000 s
abr 04, 2013 12:33:05 PM org.ros.time.RemoteUptimeClock update
INFO: Latency: 7,0000 s, Delta ratio: 1,0000, Drift: 1,000, Error reduction coefficient: 0,000, Error: 0,0000 s
abr 04, 2013 12:33:05 PM org.ros.time.RemoteUptimeClock update
INFO: Latency: 7,0000 s, Delta ratio: 1,0000, Drift: 1,000, Error reduction coefficient: 0,000, Error: 0,0000 s
abr 04, 2013 12:33:05 PM org.ros.time.RemoteUptimeClock update
INFO: Latency: 7,0000 s, Delta ratio: 1,0000, Drift: 1,000, Error reduction coefficient: 0,000, Error: 0,0000 s
abr 04, 2013 12:33:05 PM org.ros.time.RemoteUptimeClock update
INFO: Latency: 7,0000 s, Delta ratio: 1,0000, Drift: 1,000, Error reduction coefficient: 0,000, Error: 0,0000 s
abr 04, 2013 12:33:05 PM org.ros.time.RemoteUptimeClock update
INFO: Latency: 7,0000 s, Delta ratio: 1,0000, Drift: 1,000, Error reduction coefficient: 0,000, Error: 0,0000 s
abr 04, 2013 12:33:05 PM org.ros.time.RemoteUptimeClock update
INFO: Latency: 7,0000 s, Delta ratio: 1,0000, Drift: 1,000, Error reduction coefficient: 0,000, Error: 0,0000 s
abr 04, 2013 12:33:05 PM org.ros.time.RemoteUptimeClock update
INFO: Latency: 7,0000 s, Delta ratio: 1,0000, Drift: 1,000, Error reduction coefficient: 0,000, Error: 0,0000 s
abr 04, 2013 12:33:05 PM org.ros.time.RemoteUptimeClock update
INFO: Latency: 7,0000 s, Delta ratio: 1,0000, Drift: 1,000, Error reduction coefficient: 0,000, Error: 0,0000 s
abr 04, 2013 12:33:05 PM org.ros.time.RemoteUptimeClock update
INFO: Latency: 7,0000 s, Delta ratio: 1,0000, Drift: 1,000, Error reduction coefficient: 0,000, Error: 0,0000 s
abr 04, 2013 12:33:05 PM org.ros.time.RemoteUptimeClock update
INFO: Latency: 7,0000 s, Delta ratio: 1,0000, Drift: 1,000, Error reduction coefficient: 0,000, Error: 0,0000 s
abr 04, 2013 12:33:05 PM org.ros.time.RemoteUptimeClock update
INFO: Latency: 7,0000 s, Delta ratio: 1,0000, Drift: 1,000, Error reduction coefficient: 0,000, Error: 0,0000 s
abr 04, 2013 12:33:05 PM org.ros.time.RemoteUptimeClock update
INFO: Latency: 7,0000 s, Delta ratio: 1,0000, Drift: 1,000, Error reduction coefficient: 0,000, Error: 0,0000 s
abr 04, 2013 12:33:05 PM org.ros.time.RemoteUptimeClock update
INFO: Latency: 7,0000 s, Delta ratio: 1,0000, Drift: 1,000, Error reduction coefficient: 0,000, Error: 0,0000 s
abr 04, 2013 12:33:05 PM org.ros.time.RemoteUptimeClock update
INFO: Latency: 7,0000 s, Delta ratio: 1,0000, Drift: 1,000, Error reduction coefficient: 0,000, Error: 0,0000 s
abr 04, 2013 12:33:05 PM org.ros.time.RemoteUptimeClock update
INFO: Latency: 7,0000 s, Delta ratio: 1,0000, Drift: 1,000, Error reduction coefficient: 0,000, Error: 0,0000 s
abr 04, 2013 12:33:05 PM org.ros.time.RemoteUptimeClock update
INFO: Latency: 7,0000 s, Delta ratio: 1,0000, Drift: 1,000, Error reduction coefficient: 0,000, Error: 0,0000 s
abr 04, 2013 12:33:05 PM org.ros.time.RemoteUptimeClock update
INFO: Latency: 7,0000 s, Delta ratio: 1,0000, Drift: 1,000, Error reduction coefficient: 0,000, Error: 0,0000 s
abr 04, 2013 12:33:05 PM org.ros.time.RemoteUptimeClock update
INFO: Latency: 7,0000 s, Delta ratio: 1,0000, Drift: 1,000, Error reduction coefficient: 0,000, Error: 0,0000 s
abr 04, 2013 12:33:05 PM org.ros.time.RemoteUptimeClock update
INFO: Latency: 7,0000 s, Delta ratio: 1,0000, Drift: 1,000, Error reduction coefficient: 0,000, Error: 0,0000 s
abr 04, 2013 12:33:05 PM org.ros.time.RemoteUptimeClock update
INFO: Latency: 7,0000 s, Delta ratio: 1,0000, Drift: 1,000, Error reduction coefficient: 0,000, Error: 0,0000 s
abr 04, 2013 12:33:05 PM org.ros.time.RemoteUptimeClock update
INFO: Latency: 7,0000 s, Delta ratio: 1,0000, Drift: 1,000, Error reduction coefficient: 0,000, Error: 0,0000 s
abr 04, 2013 12:33:05 PM org.ros.time.RemoteUptimeClock update
INFO: Latency: 7,0000 s, Delta ratio: 1,0000, Drift: 1,000, Error reduction coefficient: 0,000, Error: 0,0000 s
abr 04, 2013 12:33:05 PM org.ros.time.RemoteUptimeClock update
INFO: Latency: 7,0000 s, Delta ratio: 1,0000, Drift: 1,000, Error reduction coefficient: 0,000, Error: 0,0000 s
abr 04, 2013 12:33:05 PM org.ros.time.RemoteUptimeClock update
INFO: Latency: 7,0000 s, Delta ratio: 1,0000, Drift: 1,000, Error reduction coefficient: 0,000, Error: 0,0000 s
abr 04, 2013 12:33:05 PM org.ros.time.RemoteUptimeClock update
INFO: Latency: 7,0000 s, Delta ratio: 1,0000, Drift: 1,000, Error reduction coefficient: 0,000, Error: 0,0000 s
abr 04, 2013 12:33:05 PM org.ros.time.RemoteUptimeClock update
INFO: Latency: 7,0000 s, Delta ratio: 1,0000, Drift: 1,000, Error reduction coefficient: 0,000, Error: 0,0000 s
abr 04, 2013 12:33:05 PM org.ros.time.RemoteUptimeClock update
INFO: Latency: 7,0000 s, Delta ratio: 1,0000, Drift: 1,000, Error reduction coefficient: 0,000, Error: 0,0000 s
abr 04, 2013 12:33:05 PM org.ros.time.RemoteUptimeClock update
INFO: Latency: 7,0000 s, Delta ratio: 1,0000, Drift: 1,000, Error reduction coefficient: 0,000, Error: 0,0000 s
abr 04, 2013 12:33:05 PM org.ros.time.RemoteUptimeClock update
INFO: Latency: 7,0000 s, Delta ratio: 1,0000, Drift: 1,000, Error reduction coefficient: 0,000, Error: 0,0000 s
abr 04, 2013 12:33:05 PM org.ros.time.RemoteUptimeClock update
INFO: Latency: 7,0000 s, Delta ratio: 1,0000, Drift: 1,000, Error reduction coefficient: 0,000, Error: 0,0000 s
abr 04, 2013 12:33:05 PM org.ros.time.RemoteUptimeClock update
INFO: Latency: 7,0000 s, Delta ratio: 1,0000, Drift: 1,000, Error reduction coefficient: 0,000, Error: 0,0000 s
abr 04, 2013 12:33:05 PM org.ros.time.RemoteUptimeClock update
INFO: Latency: 7,0000 s, Delta ratio: 1,0000, Drift: 1,000, Error reduction coefficient: 0,000, Error: 0,0000 s
abr 04, 2013 12:33:05 PM org.ros.time.RemoteUptimeClock update
INFO: Latency: 7,0000 s, Delta ratio: 1,0000, Drift: 1,000, Error reduction coefficient: 0,000, Error: 0,0000 s
abr 04, 2013 12:33:05 PM org.ros.time.RemoteUptimeClock update
INFO: Latency: 7,0000 s, Delta ratio: 1,0000, Drift: 1,000, Error reduction coefficient: 0,000, Error: 0,0000 s
abr 04, 2013 12:33:05 PM org.ros.time.RemoteUptimeClock update
INFO: Latency: 7,0000 s, Delta ratio: 1,0000, Drift: 1,000, Error reduction coefficient: 0,000, Error: 0,0000 s
abr 04, 2013 12:33:05 PM org.ros.time.RemoteUptimeClock update
INFO: Latency: 7,0000 s, Delta ratio: 1,0000, Drift: 1,000, Error reduction coefficient: 0,000, Error: 0,0000 s
abr 04, 2013 12:33:05 PM org.ros.time.RemoteUptimeClock update
INFO: Latency: 7,0000 s, Delta ratio: 1,0000, Drift: 1,000, Error reduction coefficient: 0,000, Error: 0,0000 s
abr 04, 2013 12:33:05 PM org.ros.time.RemoteUptimeClock update
INFO: Latency: 7,0000 s, Delta ratio: 1,0000, Drift: 1,000, Error reduction coefficient: 0,000, Error: 0,0000 s
abr 04, 2013 12:33:05 PM org.ros.time.RemoteUptimeClock update
INFO: Latency: 7,0000 s, Delta ratio: 1,0000, Drift: 1,000, Error reduction coefficient: 0,000, Error: 0,0000 s
abr 04, 2013 12:33:05 PM org.ros.time.RemoteUptimeClock update
INFO: Latency: 7,0000 s, Delta ratio: 1,0000, Drift: 1,000, Error reduction coefficient: 0,000, Error: 0,0000 s
abr 04, 2013 12:33:05 PM org.ros.time.RemoteUptimeClock update
INFO: Latency: 7,0000 s, Delta ratio: 1,0000, Drift: 1,000, Error reduction coefficient: 0,000, Error: 0,0000 s
abr 04, 2013 12:33:05 PM org.ros.time.RemoteUptimeClock update
INFO: Latency: 7,0000 s, Delta ratio: 1,0000, Drift: 1,000, Error reduction coefficient: 0,000, Error: 0,0000 s
abr 04, 2013 12:33:05 PM org.ros.time.RemoteUptimeClock update
INFO: Latency: 7,0000 s, Delta ratio: 1,0000, Drift: 1,000, Error reduction coefficient: 0,000, Error: 0,0000 s
abr 04, 2013 12:33:05 PM org.ros.time.RemoteUptimeClock update
INFO: Latency: 7,0000 s, Delta ratio: 1,0000, Drift: 1,000, Error reduction coefficient: 0,000, Error: 0,0000 s
abr 04, 2013 12:33:05 PM org.ros.time.RemoteUptimeClock update
INFO: Latency: 7,0000 s, Delta ratio: 1,0000, Drift: 1,000, Error reduction coefficient: 0,000, Error: 0,0000 s
abr 04, 2013 12:33:05 PM org.ros.time.RemoteUptimeClock update
INFO: Latency: 7,0000 s, Delta ratio: 1,0000, Drift: 1,000, Error reduction coefficient: 0,000, Error: 0,0000 s
abr 04, 2013 12:33:05 PM org.ros.time.RemoteUptimeClock update
INFO: Latency: 7,0000 s, Delta ratio: 1,0000, Drift: 1,000, Error reduction coefficient: 0,000, Error: 0,0000 s
abr 04, 2013 12:33:05 PM org.ros.time.RemoteUptimeClock update
INFO: Latency: 7,0000 s, Delta ratio: 1,0000, Drift: 1,000, Error reduction coefficient: 0,000, Error: 0,0000 s
abr 04, 2013 12:33:05 PM org.ros.time.RemoteUptimeClock update
INFO: Latency: 7,0000 s, Delta ratio: 1,0000, Drift: 1,000, Error reduction coefficient: 0,000, Error: 0,0000 s
abr 04, 2013 12:33:05 PM org.ros.time.RemoteUptimeClock update
INFO: Latency: 7,0000 s, Delta ratio: 1,0000, Drift: 1,000, Error reduction coefficient: 0,000, Error: 0,0000 s
abr 04, 2013 12:33:05 PM org.ros.time.RemoteUptimeClock update
INFO: Latency: 7,0000 s, Delta ratio: 1,0000, Drift: 1,000, Error reduction coefficient: 0,000, Error: 0,0000 s
abr 04, 2013 12:33:05 PM org.ros.time.RemoteUptimeClock update
INFO: Latency: 7,0000 s, Delta ratio: 1,0000, Drift: 1,000, Error reduction coefficient: 0,000, Error: 0,0000 s
abr 04, 2013 12:33:05 PM org.ros.time.RemoteUptimeClock update
INFO: Latency: 7,0000 s, Delta ratio: 1,0000, Drift: 1,000, Error reduction coefficient: 0,000, Error: 0,0000 s
abr 04, 2013 12:33:05 PM org.ros.time.RemoteUptimeClock update
INFO: Latency: 7,0000 s, Delta ratio: 1,0000, Drift: 1,000, Error reduction coefficient: 0,000, Error: 0,0000 s
abr 04, 2013 12:33:05 PM org.ros.time.RemoteUptimeClock update
INFO: Latency: 7,0000 s, Delta ratio: 1,0000, Drift: 1,000, Error reduction coefficient: 0,000, Error: 0,0000 s
abr 04, 2013 12:33:05 PM org.ros.time.RemoteUptimeClock update
INFO: Latency: 7,0000 s, Delta ratio: 1,0000, Drift: 1,000, Error reduction coefficient: 0,000, Error: 0,0000 s
abr 04, 2013 12:33:05 PM org.ros.time.RemoteUptimeClock update
INFO: Latency: 7,0000 s, Delta ratio: 1,0000, Drift: 1,000, Error reduction coefficient: 0,000, Error: 0,0000 s
abr 04, 2013 12:33:05 PM org.ros.time.RemoteUptimeClock update
INFO: Latency: 7,0000 s, Delta ratio: 1,0000, Drift: 1,000, Error reduction coefficient: 0,000, Error: 0,0000 s
abr 04, 2013 12:33:05 PM org.ros.time.RemoteUptimeClock update
INFO: Latency: 7,0000 s, Delta ratio: 1,0000, Drift: 1,000, Error reduction coefficient: 0,000, Error: 0,0000 s
abr 04, 2013 12:33:05 PM org.ros.time.RemoteUptimeClock update
INFO: Latency: 7,0000 s, Delta ratio: 1,0000, Drift: 1,000, Error reduction coefficient: 0,000, Error: 0,0000 s
abr 04, 2013 12:33:05 PM org.ros.time.RemoteUptimeClock update
INFO: Latency: 7,0000 s, Delta ratio: 1,0000, Drift: 1,000, Error reduction coefficient: 0,000, Error: 0,0000 s
abr 04, 2013 12:33:05 PM org.ros.time.RemoteUptimeClock update
INFO: Latency: 7,0000 s, Delta ratio: 1,0000, Drift: 1,000, Error reduction coefficient: 0,000, Error: 0,0000 s
abr 04, 2013 12:33:05 PM org.ros.time.RemoteUptimeClock update
INFO: Latency: 7,0000 s, Delta ratio: 1,0000, Drift: 1,000, Error reduction coefficient: 0,000, Error: 0,0000 s
abr 04, 2013 12:33:05 PM org.ros.time.RemoteUptimeClock update
INFO: Latency: 7,0000 s, Delta ratio: 1,0000, Drift: 1,000, Error reduction coefficient: 0,000, Error: 0,0000 s
abr 04, 2013 12:33:05 PM org.ros.time.RemoteUptimeClock update
INFO: Latency: 7,0000 s, Delta ratio: 1,0000, Drift: 1,000, Error reduction coefficient: 0,000, Error: 0,0000 s
abr 04, 2013 12:33:05 PM org.ros.time.RemoteUptimeClock update
INFO: Latency: 7,0000 s, Delta ratio: 1,0000, Drift: 1,000, Error reduction coefficient: 0,000, Error: 0,0000 s
abr 04, 2013 12:33:05 PM org.ros.time.RemoteUptimeClock update
INFO: Latency: 7,0000 s, Delta ratio: 1,0000, Drift: 1,000, Error reduction coefficient: 0,000, Error: 0,0000 s
abr 04, 2013 12:33:05 PM org.ros.time.RemoteUptimeClock update
INFO: Latency: 7,0000 s, Delta ratio: 1,0000, Drift: 1,000, Error reduction coefficient: 0,000, Error: 0,0000 s
abr 04, 2013 12:33:05 PM org.ros.time.RemoteUptimeClock update
INFO: Latency: 7,0000 s, Delta ratio: 1,0000, Drift: 1,000, Error reduction coefficient: 0,000, Error: 0,0000 s
abr 04, 2013 12:33:05 PM org.ros.time.RemoteUptimeClock update
INFO: Latency: 7,0000 s, Delta ratio: 1,0000, Drift: 1,000, Error reduction coefficient: 0,000, Error: 0,0000 s
abr 04, 2013 12:33:05 PM org.ros.time.RemoteUptimeClock update
INFO: Latency: 7,0000 s, Delta ratio: 1,0000, Drift: 1,000, Error reduction coefficient: 0,000, Error: 0,0000 s
abr 04, 2013 12:33:05 PM org.ros.time.RemoteUptimeClock update
INFO: Latency: 7,0000 s, Delta ratio: 1,0000, Drift: 1,000, Error reduction coefficient: 0,000, Error: 0,0000 s
abr 04, 2013 12:33:05 PM org.ros.time.RemoteUptimeClock update
INFO: Latency: 7,0000 s, Delta ratio: 1,0000, Drift: 1,000, Error reduction coefficient: 0,000, Error: 0,0000 s
abr 04, 2013 12:33:05 PM org.ros.time.RemoteUptimeClock update
INFO: Latency: 7,0000 s, Delta ratio: 1,0000, Drift: 1,000, Error reduction coefficient: 0,000, Error: 0,0000 s
abr 04, 2013 12:33:05 PM org.ros.time.RemoteUptimeClock update
INFO: Latency: 7,0000 s, Delta ratio: 1,0000, Drift: 1,000, Error reduction coefficient: 0,000, Error: 0,0000 s
abr 04, 2013 12:33:05 PM org.ros.time.RemoteUptimeClock update
INFO: Latency: 7,0000 s, Delta ratio: 1,0000, Drift: 1,000, Error reduction coefficient: 0,000, Error: 0,0000 s
abr 04, 2013 12:33:05 PM org.ros.time.RemoteUptimeClock update
INFO: Latency: 7,0000 s, Delta ratio: 1,0000, Drift: 1,000, Error reduction coefficient: 0,000, Error: 0,0000 s
abr 04, 2013 12:33:05 PM org.ros.time.RemoteUptimeClock update
INFO: Latency: 7,0000 s, Delta ratio: 1,0000, Drift: 1,000, Error reduction coefficient: 0,000, Error: 0,0000 s
abr 04, 2013 12:33:05 PM org.ros.time.RemoteUptimeClock update
INFO: Latency: 7,0000 s, Delta ratio: 1,0000, Drift: 1,000, Error reduction coefficient: 0,000, Error: 0,0000 s
abr 04, 2013 12:33:05 PM org.ros.time.RemoteUptimeClock update
INFO: Latency: 7,0000 s, Delta ratio: 1,0000, Drift: 1,000, Error reduction coefficient: 0,000, Error: 0,0000 s
abr 04, 2013 12:33:05 PM org.ros.time.RemoteUptimeClock update
INFO: Latency: 7,0000 s, Delta ratio: 1,0000, Drift: 1,000, Error reduction coefficient: 0,000, Error: 0,0000 s
abr 04, 2013 12:33:05 PM org.ros.time.RemoteUptimeClock update
INFO: Latency: 7,0000 s, Delta ratio: 1,0000, Drift: 1,000, Error reduction coefficient: 0,000, Error: 0,0000 s
abr 04, 2013 12:33:05 PM org.ros.time.RemoteUptimeClock update
INFO: Latency: 7,0000 s, Delta ratio: 1,0000, Drift: 1,000, Error reduction coefficient: 0,000, Error: 0,0000 s
abr 04, 2013 12:33:05 PM org.ros.time.RemoteUptimeClock update
INFO: Latency: 7,0000 s, Delta ratio: 1,0000, Drift: 1,000, Error reduction coefficient: 0,000, Error: 0,0000 s
abr 04, 2013 12:33:05 PM org.ros.time.RemoteUptimeClock update
INFO: Latency: 7,0000 s, Delta ratio: 1,0000, Drift: 1,000, Error reduction coefficient: 0,000, Error: 0,0000 s
abr 04, 2013 12:33:05 PM org.ros.time.RemoteUptimeClock update
INFO: Latency: 7,0000 s, Delta ratio: 1,0000, Drift: 1,000, Error reduction coefficient: 0,000, Error: 0,0000 s
abr 04, 2013 12:33:05 PM org.ros.time.RemoteUptimeClock update
INFO: Latency: 7,0000 s, Delta ratio: 1,0000, Drift: 1,000, Error reduction coefficient: 0,000, Error: 0,0000 s
abr 04, 2013 12:33:05 PM org.ros.time.RemoteUptimeClock update
INFO: Latency: 7,0000 s, Delta ratio: 1,0000, Drift: 1,000, Error reduction coefficient: 0,000, Error: 0,0000 s
abr 04, 2013 12:33:05 PM org.ros.time.RemoteUptimeClock update
INFO: Latency: 7,0000 s, Delta ratio: 1,0000, Drift: 1,000, Error reduction coefficient: 0,000, Error: 0,0000 s
abr 04, 2013 12:33:05 PM org.ros.time.RemoteUptimeClock update
INFO: Latency: 7,0000 s, Delta ratio: 1,0000, Drift: 1,000, Error reduction coefficient: 0,000, Error: 0,0000 s
abr 04, 2013 12:33:05 PM org.ros.time.RemoteUptimeClock update
INFO: Latency: 7,0000 s, Delta ratio: 1,0000, Drift: 1,000, Error reduction coefficient: 0,000, Error: 0,0000 s
abr 04, 2013 12:33:05 PM org.ros.time.RemoteUptimeClock update
INFO: Latency: 7,0000 s, Delta ratio: 1,0000, Drift: 1,000, Error reduction coefficient: 0,000, Error: 0,0000 s
abr 04, 2013 12:33:05 PM org.ros.time.RemoteUptimeClock update
INFO: Latency: 7,0000 s, Delta ratio: 1,0000, Drift: 1,000, Error reduction coefficient: 0,000, Error: 0,0000 s
abr 04, 2013 12:33:05 PM org.ros.time.RemoteUptimeClock update
INFO: Latency: 7,0000 s, Delta ratio: 1,0000, Drift: 1,000, Error reduction coefficient: 0,000, Error: 0,0000 s
abr 04, 2013 12:33:05 PM org.ros.time.RemoteUptimeClock update
INFO: Latency: 7,0000 s, Delta ratio: 1,0000, Drift: 1,000, Error reduction coefficient: 0,000, Error: 0,0000 s
abr 04, 2013 12:33:05 PM org.ros.time.RemoteUptimeClock update
INFO: Latency: 7,0000 s, Delta ratio: 1,0000, Drift: 1,000, Error reduction coefficient: 0,000, Error: 0,0000 s
abr 04, 2013 12:33:05 PM org.ros.time.RemoteUptimeClock update
INFO: Latency: 7,0000 s, Delta ratio: 1,0000, Drift: 1,000, Error reduction coefficient: 0,000, Error: 0,0000 s
abr 04, 2013 12:33:05 PM org.ros.time.RemoteUptimeClock update
INFO: Latency: 7,0000 s, Delta ratio: 1,0000, Drift: 1,000, Error reduction coefficient: 0,000, Error: 0,0000 s
abr 04, 2013 12:33:05 PM org.ros.time.RemoteUptimeClock update
INFO: Latency: 7,0000 s, Delta ratio: 1,0000, Drift: 1,000, Error reduction coefficient: 0,000, Error: 0,0000 s
abr 04, 2013 12:33:05 PM org.ros.time.RemoteUptimeClock update
INFO: Latency: 7,0000 s, Delta ratio: 1,0000, Drift: 1,000, Error reduction coefficient: 0,000, Error: 0,0000 s
abr 04, 2013 12:33:05 PM org.ros.time.RemoteUptimeClock update
INFO: Latency: 7,0000 s, Delta ratio: 1,0000, Drift: 1,000, Error reduction coefficient: 0,000, Error: 0,0000 s
abr 04, 2013 12:33:05 PM org.ros.time.RemoteUptimeClock update
INFO: Latency: 7,0000 s, Delta ratio: 1,0000, Drift: 1,000, Error reduction coefficient: 0,000, Error: 0,0000 s
abr 04, 2013 12:33:05 PM org.ros.time.RemoteUptimeClock update
INFO: Latency: 7,0000 s, Delta ratio: 1,0000, Drift: 1,000, Error reduction coefficient: 0,000, Error: 0,0000 s
abr 04, 2013 12:33:05 PM org.ros.time.RemoteUptimeClock update
INFO: Latency: 7,0000 s, Delta ratio: 1,0000, Drift: 1,000, Error reduction coefficient: 0,000, Error: 0,0000 s
abr 04, 2013 12:33:05 PM org.ros.time.RemoteUptimeClock update
INFO: Latency: 7,0000 s, Delta ratio: 1,0000, Drift: 1,000, Error reduction coefficient: 0,000, Error: 0,0000 s
abr 04, 2013 12:33:05 PM org.ros.time.RemoteUptimeClock update
INFO: Latency: 7,0000 s, Delta ratio: 1,0000, Drift: 1,000, Error reduction coefficient: 0,000, Error: 0,0000 s
abr 04, 2013 12:33:05 PM org.ros.time.RemoteUptimeClock update
INFO: Latency: 7,0000 s, Delta ratio: 1,0000, Drift: 1,000, Error reduction coefficient: 0,000, Error: 0,0000 s
abr 04, 2013 12:33:05 PM org.ros.time.RemoteUptimeClock update
INFO: Latency: 7,0000 s, Delta ratio: 1,0000, Drift: 1,000, Error reduction coefficient: 0,000, Error: 0,0000 s
abr 04, 2013 12:33:05 PM org.ros.time.RemoteUptimeClock update
INFO: Latency: 7,0000 s, Delta ratio: 1,0000, Drift: 1,000, Error reduction coefficient: 0,000, Error: 0,0000 s
abr 04, 2013 12:33:05 PM org.ros.time.RemoteUptimeClock update
INFO: Latency: 7,0000 s, Delta ratio: 1,0000, Drift: 1,000, Error reduction coefficient: 0,000, Error: 0,0000 s
abr 04, 2013 12:33:05 PM org.ros.time.RemoteUptimeClock update
INFO: Latency: 7,0000 s, Delta ratio: 1,0000, Drift: 1,000, Error reduction coefficient: 0,000, Error: 0,0000 s
abr 04, 2013 12:33:05 PM org.ros.time.RemoteUptimeClock update
INFO: Latency: 7,0000 s, Delta ratio: 1,0000, Drift: 1,000, Error reduction coefficient: 0,000, Error: 0,0000 s
abr 04, 2013 12:33:05 PM org.ros.time.RemoteUptimeClock update
INFO: Latency: 7,0000 s, Delta ratio: 1,0000, Drift: 1,000, Error reduction coefficient: 0,000, Error: 0,0000 s
abr 04, 2013 12:33:05 PM org.ros.time.RemoteUptimeClock update
INFO: Latency: 7,0000 s, Delta ratio: 1,0000, Drift: 1,000, Error reduction coefficient: 0,000, Error: 0,0000 s
abr 04, 2013 12:33:05 PM org.ros.time.RemoteUptimeClock update
INFO: Latency: 7,0000 s, Delta ratio: 1,0000, Drift: 1,000, Error reduction coefficient: 0,000, Error: 0,0000 s
abr 04, 2013 12:33:05 PM org.ros.time.RemoteUptimeClock update
INFO: Latency: 7,0000 s, Delta ratio: 1,0000, Drift: 1,000, Error reduction coefficient: 0,000, Error: 0,0000 s
abr 04, 2013 12:33:05 PM org.ros.time.RemoteUptimeClock update
INFO: Latency: 7,0000 s, Delta ratio: 1,0000, Drift: 1,000, Error reduction coefficient: 0,000, Error: 0,0000 s
abr 04, 2013 12:33:05 PM org.ros.time.RemoteUptimeClock update
INFO: Latency: 7,0000 s, Delta ratio: 1,0000, Drift: 1,000, Error reduction coefficient: 0,000, Error: 0,0000 s
abr 04, 2013 12:33:05 PM org.ros.time.RemoteUptimeClock update
INFO: Latency: 7,0000 s, Delta ratio: 1,0000, Drift: 1,000, Error reduction coefficient: 0,000, Error: 0,0000 s
abr 04, 2013 12:33:05 PM org.ros.time.RemoteUptimeClock update
INFO: Latency: 7,0000 s, Delta ratio: 1,0000, Drift: 1,000, Error reduction coefficient: 0,000, Error: 0,0000 s
abr 04, 2013 12:33:05 PM org.ros.time.RemoteUptimeClock update
INFO: Latency: 7,0000 s, Delta ratio: 1,0000, Drift: 1,000, Error reduction coefficient: 0,000, Error: 0,0000 s
abr 04, 2013 12:33:05 PM org.ros.time.RemoteUptimeClock update
INFO: Latency: 7,0000 s, Delta ratio: 1,0000, Drift: 1,000, Error reduction coefficient: 0,000, Error: 0,0000 s
abr 04, 2013 12:33:05 PM org.ros.time.RemoteUptimeClock update
INFO: Latency: 7,0000 s, Delta ratio: 1,0000, Drift: 1,000, Error reduction coefficient: 0,000, Error: 0,0000 s
abr 04, 2013 12:33:05 PM org.ros.time.RemoteUptimeClock update
INFO: Latency: 7,0000 s, Delta ratio: 1,0000, Drift: 1,000, Error reduction coefficient: 0,000, Error: 0,0000 s
abr 04, 2013 12:33:05 PM org.ros.time.RemoteUptimeClock update
INFO: Latency: 7,0000 s, Delta ratio: 1,0000, Drift: 1,000, Error reduction coefficient: 0,000, Error: 0,0000 s
abr 04, 2013 12:33:05 PM org.ros.time.RemoteUptimeClock update
INFO: Latency: 7,0000 s, Delta ratio: 1,0000, Drift: 1,000, Error reduction coefficient: 0,000, Error: 0,0000 s
abr 04, 2013 12:33:05 PM org.ros.time.RemoteUptimeClock update
INFO: Latency: 7,0000 s, Delta ratio: 1,0000, Drift: 1,000, Error reduction coefficient: 0,000, Error: 0,0000 s
abr 04, 2013 12:33:05 PM org.ros.time.RemoteUptimeClock update
INFO: Latency: 7,0000 s, Delta ratio: 1,0000, Drift: 1,000, Error reduction coefficient: 0,000, Error: 0,0000 s
abr 04, 2013 12:33:05 PM org.ros.time.RemoteUptimeClock update
INFO: Latency: 7,0000 s, Delta ratio: 1,0000, Drift: 1,000, Error reduction coefficient: 0,000, Error: 0,0000 s
abr 04, 2013 12:33:05 PM org.ros.time.RemoteUptimeClock update
INFO: Latency: 7,0000 s, Delta ratio: 1,0000, Drift: 1,000, Error reduction coefficient: 0,000, Error: 0,0000 s
abr 04, 2013 12:33:05 PM org.ros.time.RemoteUptimeClock update
INFO: Latency: 7,0000 s, Delta ratio: 1,0000, Drift: 1,000, Error reduction coefficient: 0,000, Error: 0,0000 s
abr 04, 2013 12:33:05 PM org.ros.time.RemoteUptimeClock update
INFO: Latency: 7,0000 s, Delta ratio: 1,0000, Drift: 1,000, Error reduction coefficient: 0,000, Error: 0,0000 s
abr 04, 2013 12:33:05 PM org.ros.time.RemoteUptimeClock update
INFO: Latency: 7,0000 s, Delta ratio: 1,0000, Drift: 1,000, Error reduction coefficient: 0,000, Error: 0,0000 s
abr 04, 2013 12:33:05 PM org.ros.time.RemoteUptimeClock update
INFO: Latency: 7,0000 s, Delta ratio: 1,0000, Drift: 1,000, Error reduction coefficient: 0,000, Error: 0,0000 s
abr 04, 2013 12:33:05 PM org.ros.time.RemoteUptimeClock update
INFO: Latency: 7,0000 s, Delta ratio: 1,0000, Drift: 1,000, Error reduction coefficient: 0,000, Error: 0,0000 s
abr 04, 2013 12:33:05 PM org.ros.time.RemoteUptimeClock update
INFO: Latency: 7,0000 s, Delta ratio: 1,0000, Drift: 1,000, Error reduction coefficient: 0,000, Error: 0,0000 s
abr 04, 2013 12:33:05 PM org.ros.time.RemoteUptimeClock update
INFO: Latency: 7,0000 s, Delta ratio: 1,0000, Drift: 1,000, Error reduction coefficient: 0,000, Error: 0,0000 s
abr 04, 2013 12:33:05 PM org.ros.time.RemoteUptimeClock update
INFO: Latency: 7,0000 s, Delta ratio: 1,0000, Drift: 1,000, Error reduction coefficient: 0,000, Error: 0,0000 s
abr 04, 2013 12:33:05 PM org.ros.time.RemoteUptimeClock update
INFO: Latency: 7,0000 s, Delta ratio: 1,0000, Drift: 1,000, Error reduction coefficient: 0,000, Error: 0,0000 s
abr 04, 2013 12:33:05 PM org.ros.time.RemoteUptimeClock update
INFO: Latency: 7,0000 s, Delta ratio: 1,0000, Drift: 1,000, Error reduction coefficient: 0,000, Error: 0,0000 s
abr 04, 2013 12:33:05 PM org.ros.time.RemoteUptimeClock update
INFO: Latency: 7,0000 s, Delta ratio: 1,0000, Drift: 1,000, Error reduction coefficient: 0,000, Error: 0,0000 s
abr 04, 2013 12:33:05 PM org.ros.time.RemoteUptimeClock update
INFO: Latency: 7,0000 s, Delta ratio: 1,0000, Drift: 1,000, Error reduction coefficient: 0,000, Error: 0,0000 s
abr 04, 2013 12:33:05 PM org.ros.time.RemoteUptimeClock update
INFO: Latency: 7,0000 s, Delta ratio: 1,0000, Drift: 1,000, Error reduction coefficient: 0,000, Error: 0,0000 s
abr 04, 2013 12:33:05 PM org.ros.time.RemoteUptimeClock update
INFO: Latency: 7,0000 s, Delta ratio: 1,0000, Drift: 1,000, Error reduction coefficient: 0,000, Error: 0,0000 s
abr 04, 2013 12:33:05 PM org.ros.time.RemoteUptimeClock update
INFO: Latency: 7,0000 s, Delta ratio: 1,0000, Drift: 1,000, Error reduction coefficient: 0,000, Error: 0,0000 s
abr 04, 2013 12:33:05 PM org.ros.time.RemoteUptimeClock update
INFO: Latency: 7,0000 s, Delta ratio: 1,0000, Drift: 1,000, Error reduction coefficient: 0,000, Error: 0,0000 s
abr 04, 2013 12:33:05 PM org.ros.time.RemoteUptimeClock update
INFO: Latency: 7,0000 s, Delta ratio: 1,0000, Drift: 1,000, Error reduction coefficient: 0,000, Error: 0,0000 s
abr 04, 2013 12:33:05 PM org.ros.time.RemoteUptimeClock update
INFO: Latency: 7,0000 s, Delta ratio: 1,0000, Drift: 1,000, Error reduction coefficient: 0,000, Error: 0,0000 s
abr 04, 2013 12:33:05 PM org.ros.time.RemoteUptimeClock update
INFO: Latency: 7,0000 s, Delta ratio: 1,0000, Drift: 1,000, Error reduction coefficient: 0,000, Error: 0,0000 s
abr 04, 2013 12:33:05 PM org.ros.time.RemoteUptimeClock update
INFO: Latency: 7,0000 s, Delta ratio: 1,0000, Drift: 1,000, Error reduction coefficient: 0,000, Error: 0,0000 s
abr 04, 2013 12:33:05 PM org.ros.time.RemoteUptimeClock update
INFO: Latency: 7,0000 s, Delta ratio: 1,0000, Drift: 1,000, Error reduction coefficient: 0,000, Error: 0,0000 s
abr 04, 2013 12:33:05 PM org.ros.time.RemoteUptimeClock update
INFO: Latency: 7,0000 s, Delta ratio: 1,0000, Drift: 1,000, Error reduction coefficient: 0,000, Error: 0,0000 s
abr 04, 2013 12:33:05 PM org.ros.time.RemoteUptimeClock update
INFO: Latency: 7,0000 s, Delta ratio: 1,0000, Drift: 1,000, Error reduction coefficient: 0,000, Error: 0,0000 s
abr 04, 2013 12:33:05 PM org.ros.time.RemoteUptimeClock update
INFO: Latency: 7,0000 s, Delta ratio: 1,0000, Drift: 1,000, Error reduction coefficient: 0,000, Error: 0,0000 s
abr 04, 2013 12:33:05 PM org.ros.time.RemoteUptimeClock update
INFO: Latency: 7,0000 s, Delta ratio: 1,0000, Drift: 1,000, Error reduction coefficient: 0,000, Error: 0,0000 s
abr 04, 2013 12:33:05 PM org.ros.time.RemoteUptimeClock update
INFO: Latency: 7,0000 s, Delta ratio: 1,0000, Drift: 1,000, Error reduction coefficient: 0,000, Error: 0,0000 s
abr 04, 2013 12:33:05 PM org.ros.time.RemoteUptimeClock update
INFO: Latency: 7,0000 s, Delta ratio: 1,0000, Drift: 1,000, Error reduction coefficient: 0,000, Error: 0,0000 s
abr 04, 2013 12:33:05 PM org.ros.time.RemoteUptimeClock update
INFO: Latency: 7,0000 s, Delta ratio: 1,0000, Drift: 1,000, Error reduction coefficient: 0,000, Error: 0,0000 s
abr 04, 2013 12:33:05 PM org.ros.time.RemoteUptimeClock update
INFO: Latency: 7,0000 s, Delta ratio: 1,0000, Drift: 1,000, Error reduction coefficient: 0,000, Error: 0,0000 s
abr 04, 2013 12:33:05 PM org.ros.time.RemoteUptimeClock update
INFO: Latency: 7,0000 s, Delta ratio: 1,0000, Drift: 1,000, Error reduction coefficient: 0,000, Error: 0,0000 s
abr 04, 2013 12:33:05 PM org.ros.time.RemoteUptimeClock update
INFO: Latency: 7,0000 s, Delta ratio: 1,0000, Drift: 1,000, Error reduction coefficient: 0,000, Error: 0,0000 s
abr 04, 2013 12:33:05 PM org.ros.time.RemoteUptimeClock update
INFO: Latency: 7,0000 s, Delta ratio: 1,0000, Drift: 1,000, Error reduction coefficient: 0,000, Error: 0,0000 s
abr 04, 2013 12:33:05 PM org.ros.time.RemoteUptimeClock update
INFO: Latency: 7,0000 s, Delta ratio: 1,0000, Drift: 1,000, Error reduction coefficient: 0,000, Error: 0,0000 s
abr 04, 2013 12:33:05 PM org.ros.time.RemoteUptimeClock update
INFO: Latency: 7,0000 s, Delta ratio: 1,0000, Drift: 1,000, Error reduction coefficient: 0,000, Error: 0,0000 s
abr 04, 2013 12:33:05 PM org.ros.time.RemoteUptimeClock update
INFO: Latency: 7,0000 s, Delta ratio: 1,0000, Drift: 1,000, Error reduction coefficient: 0,000, Error: 0,0000 s
abr 04, 2013 12:33:05 PM org.ros.time.RemoteUptimeClock update
INFO: Latency: 7,0000 s, Delta ratio: 1,0000, Drift: 1,000, Error reduction coefficient: 0,000, Error: 0,0000 s
abr 04, 2013 12:33:05 PM org.ros.time.RemoteUptimeClock update
INFO: Latency: 7,0000 s, Delta ratio: 1,0000, Drift: 1,000, Error reduction coefficient: 0,000, Error: 0,0000 s
abr 04, 2013 12:33:05 PM org.ros.time.RemoteUptimeClock update
INFO: Latency: 7,0000 s, Delta ratio: 1,0000, Drift: 1,000, Error reduction coefficient: 0,000, Error: 0,0000 s
abr 04, 2013 12:33:05 PM org.ros.time.RemoteUptimeClock update
INFO: Latency: 7,0000 s, Delta ratio: 1,0000, Drift: 1,000, Error reduction coefficient: 0,000, Error: 0,0000 s
abr 04, 2013 12:33:05 PM org.ros.time.RemoteUptimeClock update
INFO: Latency: 7,0000 s, Delta ratio: 1,0000, Drift: 1,000, Error reduction coefficient: 0,000, Error: 0,0000 s
abr 04, 2013 12:33:05 PM org.ros.time.RemoteUptimeClock update
INFO: Latency: 7,0000 s, Delta ratio: 1,0000, Drift: 1,000, Error reduction coefficient: 0,000, Error: 0,0000 s
abr 04, 2013 12:33:05 PM org.ros.time.RemoteUptimeClock update
INFO: Latency: 7,0000 s, Delta ratio: 1,0000, Drift: 1,000, Error reduction coefficient: 0,000, Error: 0,0000 s
abr 04, 2013 12:33:05 PM org.ros.time.RemoteUptimeClock update
INFO: Latency: 7,0000 s, Delta ratio: 1,0000, Drift: 1,000, Error reduction coefficient: 0,000, Error: 0,0000 s
abr 04, 2013 12:33:05 PM org.ros.time.RemoteUptimeClock update
INFO: Latency: 7,0000 s, Delta ratio: 1,0000, Drift: 1,000, Error reduction coefficient: 0,000, Error: 0,0000 s
abr 04, 2013 12:33:05 PM org.ros.time.RemoteUptimeClock update
INFO: Latency: 7,0000 s, Delta ratio: 1,0000, Drift: 1,000, Error reduction coefficient: 0,000, Error: 0,0000 s
abr 04, 2013 12:33:05 PM org.ros.time.RemoteUptimeClock update
INFO: Latency: 7,0000 s, Delta ratio: 1,0000, Drift: 1,000, Error reduction coefficient: 0,000, Error: 0,0000 s
abr 04, 2013 12:33:05 PM org.ros.time.RemoteUptimeClock update
INFO: Latency: 7,0000 s, Delta ratio: 1,0000, Drift: 1,000, Error reduction coefficient: 0,000, Error: 0,0000 s
abr 04, 2013 12:33:05 PM org.ros.time.RemoteUptimeClock update
INFO: Latency: 7,0000 s, Delta ratio: 1,0000, Drift: 1,000, Error reduction coefficient: 0,000, Error: 0,0000 s
abr 04, 2013 12:33:05 PM org.ros.time.RemoteUptimeClock update
INFO: Latency: 7,0000 s, Delta ratio: 1,0000, Drift: 1,000, Error reduction coefficient: 0,000, Error: 0,0000 s
abr 04, 2013 12:33:05 PM org.ros.time.RemoteUptimeClock update
INFO: Latency: 7,0000 s, Delta ratio: 1,0000, Drift: 1,000, Error reduction coefficient: 0,000, Error: 0,0000 s
abr 04, 2013 12:33:05 PM org.ros.time.RemoteUptimeClock update
INFO: Latency: 7,0000 s, Delta ratio: 1,0000, Drift: 1,000, Error reduction coefficient: 0,000, Error: 0,0000 s
abr 04, 2013 12:33:05 PM org.ros.time.RemoteUptimeClock update
INFO: Latency: 7,0000 s, Delta ratio: 1,0000, Drift: 1,000, Error reduction coefficient: 0,000, Error: 0,0000 s
abr 04, 2013 12:33:05 PM org.ros.time.RemoteUptimeClock update
INFO: Latency: 7,0000 s, Delta ratio: 1,0000, Drift: 1,000, Error reduction coefficient: 0,000, Error: 0,0000 s
abr 04, 2013 12:33:05 PM org.ros.time.RemoteUptimeClock update
INFO: Latency: 7,0000 s, Delta ratio: 1,0000, Drift: 1,000, Error reduction coefficient: 0,000, Error: 0,0000 s
abr 04, 2013 12:33:05 PM org.ros.time.RemoteUptimeClock update
INFO: Latency: 7,0000 s, Delta ratio: 1,0000, Drift: 1,000, Error reduction coefficient: 0,000, Error: 0,0000 s
abr 04, 2013 12:33:05 PM org.ros.time.RemoteUptimeClock update
INFO: Latency: 7,0000 s, Delta ratio: 1,0000, Drift: 1,000, Error reduction coefficient: 0,000, Error: 0,0000 s
abr 04, 2013 12:33:05 PM org.ros.time.RemoteUptimeClock update
INFO: Latency: 7,0000 s, Delta ratio: 1,0000, Drift: 1,000, Error reduction coefficient: 0,000, Error: 0,0000 s
abr 04, 2013 12:33:05 PM org.ros.time.RemoteUptimeClock update
INFO: Latency: 7,0000 s, Delta ratio: 1,0000, Drift: 1,000, Error reduction coefficient: 0,000, Error: 0,0000 s
abr 04, 2013 12:33:05 PM org.ros.time.RemoteUptimeClock update
INFO: Latency: 7,0000 s, Delta ratio: 1,0000, Drift: 1,000, Error reduction coefficient: 0,000, Error: 0,0000 s
abr 04, 2013 12:33:05 PM org.ros.time.RemoteUptimeClock update
INFO: Latency: 7,0000 s, Delta ratio: 1,0000, Drift: 1,000, Error reduction coefficient: 0,000, Error: 0,0000 s
abr 04, 2013 12:33:05 PM org.ros.time.RemoteUptimeClock update
INFO: Latency: 7,0000 s, Delta ratio: 1,0000, Drift: 1,000, Error reduction coefficient: 0,000, Error: 0,0000 s
abr 04, 2013 12:33:05 PM org.ros.time.RemoteUptimeClock update
INFO: Latency: 7,0000 s, Delta ratio: 1,0000, Drift: 1,000, Error reduction coefficient: 0,000, Error: 0,0000 s
abr 04, 2013 12:33:05 PM org.ros.time.RemoteUptimeClock update
INFO: Latency: 7,0000 s, Delta ratio: 1,0000, Drift: 1,000, Error reduction coefficient: 0,000, Error: 0,0000 s
abr 04, 2013 12:33:05 PM org.ros.time.RemoteUptimeClock update
INFO: Latency: 7,0000 s, Delta ratio: 1,0000, Drift: 1,000, Error reduction coefficient: 0,000, Error: 0,0000 s
abr 04, 2013 12:33:05 PM org.ros.time.RemoteUptimeClock update
INFO: Latency: 7,0000 s, Delta ratio: 1,0000, Drift: 1,000, Error reduction coefficient: 0,000, Error: 0,0000 s
abr 04, 2013 12:33:05 PM org.ros.time.RemoteUptimeClock update
INFO: Latency: 7,0000 s, Delta ratio: 1,0000, Drift: 1,000, Error reduction coefficient: 0,000, Error: 0,0000 s
abr 04, 2013 12:33:05 PM org.ros.time.RemoteUptimeClock update
INFO: Latency: 7,0000 s, Delta ratio: 1,0000, Drift: 1,000, Error reduction coefficient: 0,000, Error: 0,0000 s
abr 04, 2013 12:33:05 PM org.ros.time.RemoteUptimeClock update
INFO: Latency: 7,0000 s, Delta ratio: 1,0000, Drift: 1,000, Error reduction coefficient: 0,000, Error: 0,0000 s
abr 04, 2013 12:33:05 PM org.ros.time.RemoteUptimeClock update
INFO: Latency: 7,0000 s, Delta ratio: 1,0000, Drift: 1,000, Error reduction coefficient: 0,000, Error: 0,0000 s
abr 04, 2013 12:33:05 PM org.ros.time.RemoteUptimeClock update
INFO: Latency: 7,0000 s, Delta ratio: 1,0000, Drift: 1,000, Error reduction coefficient: 0,000, Error: 0,0000 s
abr 04, 2013 12:33:05 PM org.ros.time.RemoteUptimeClock update
INFO: Latency: 7,0000 s, Delta ratio: 1,0000, Drift: 1,000, Error reduction coefficient: 0,000, Error: 0,0000 s
abr 04, 2013 12:33:05 PM org.ros.time.RemoteUptimeClock update
INFO: Latency: 7,0000 s, Delta ratio: 1,0000, Drift: 1,000, Error reduction coefficient: 0,000, Error: 0,0000 s
abr 04, 2013 12:33:05 PM org.ros.time.RemoteUptimeClock update
INFO: Latency: 7,0000 s, Delta ratio: 1,0000, Drift: 1,000, Error reduction coefficient: 0,000, Error: 0,0000 s
abr 04, 2013 12:33:05 PM org.ros.time.RemoteUptimeClock update
INFO: Latency: 7,0000 s, Delta ratio: 1,0000, Drift: 1,000, Error reduction coefficient: 0,000, Error: 0,0000 s
abr 04, 2013 12:33:05 PM org.ros.time.RemoteUptimeClock update
INFO: Latency: 7,0000 s, Delta ratio: 1,0000, Drift: 1,000, Error reduction coefficient: 0,000, Error: 0,0000 s
abr 04, 2013 12:33:05 PM org.ros.time.RemoteUptimeClock update
INFO: Latency: 7,0000 s, Delta ratio: 1,0000, Drift: 1,000, Error reduction coefficient: 0,000, Error: 0,0000 s
abr 04, 2013 12:33:05 PM org.ros.time.RemoteUptimeClock update
INFO: Latency: 7,0000 s, Delta ratio: 1,0000, Drift: 1,000, Error reduction coefficient: 0,000, Error: 0,0000 s
abr 04, 2013 12:33:05 PM org.ros.time.RemoteUptimeClock update
INFO: Latency: 7,0000 s, Delta ratio: 1,0000, Drift: 1,000, Error reduction coefficient: 0,000, Error: 0,0000 s
abr 04, 2013 12:33:05 PM org.ros.time.RemoteUptimeClock update
INFO: Latency: 7,0000 s, Delta ratio: 1,0000, Drift: 1,000, Error reduction coefficient: 0,000, Error: 0,0000 s
abr 04, 2013 12:33:05 PM org.ros.time.RemoteUptimeClock update
INFO: Latency: 7,0000 s, Delta ratio: 1,0000, Drift: 1,000, Error reduction coefficient: 0,000, Error: 0,0000 s
abr 04, 2013 12:33:05 PM org.ros.time.RemoteUptimeClock update
INFO: Latency: 7,0000 s, Delta ratio: 1,0000, Drift: 1,000, Error reduction coefficient: 0,000, Error: 0,0000 s
abr 04, 2013 12:33:05 PM org.ros.time.RemoteUptimeClock update
INFO: Latency: 7,0000 s, Delta ratio: 1,0000, Drift: 1,000, Error reduction coefficient: 0,000, Error: 0,0000 s
abr 04, 2013 12:33:05 PM org.ros.time.RemoteUptimeClock update
INFO: Latency: 7,0000 s, Delta ratio: 1,0000, Drift: 1,000, Error reduction coefficient: 0,000, Error: 0,0000 s
abr 04, 2013 12:33:05 PM org.ros.time.RemoteUptimeClock update
INFO: Latency: 7,0000 s, Delta ratio: 1,0000, Drift: 1,000, Error reduction coefficient: 0,000, Error: 0,0000 s
abr 04, 2013 12:33:05 PM org.ros.time.RemoteUptimeClock update
INFO: Latency: 7,0000 s, Delta ratio: 1,0000, Drift: 1,000, Error reduction coefficient: 0,000, Error: 0,0000 s
abr 04, 2013 12:33:05 PM org.ros.time.RemoteUptimeClock update
INFO: Latency: 7,0000 s, Delta ratio: 1,0000, Drift: 1,000, Error reduction coefficient: 0,000, Error: 0,0000 s
abr 04, 2013 12:33:05 PM org.ros.time.RemoteUptimeClock update
INFO: Latency: 7,0000 s, Delta ratio: 1,0000, Drift: 1,000, Error reduction coefficient: 0,000, Error: 0,0000 s
abr 04, 2013 12:33:05 PM org.ros.time.RemoteUptimeClock update
INFO: Latency: 7,0000 s, Delta ratio: 1,0000, Drift: 1,000, Error reduction coefficient: 0,000, Error: 0,0000 s
abr 04, 2013 12:33:05 PM org.ros.time.RemoteUptimeClock update
INFO: Latency: 7,0000 s, Delta ratio: 1,0000, Drift: 1,000, Error reduction coefficient: 0,000, Error: 0,0000 s
abr 04, 2013 12:33:05 PM org.ros.time.RemoteUptimeClock update
INFO: Latency: 7,0000 s, Delta ratio: 1,0000, Drift: 1,000, Error reduction coefficient: 0,000, Error: 0,0000 s
abr 04, 2013 12:33:05 PM org.ros.time.RemoteUptimeClock update
INFO: Latency: 7,0000 s, Delta ratio: 1,0000, Drift: 1,000, Error reduction coefficient: 0,000, Error: 0,0000 s
abr 04, 2013 12:33:05 PM org.ros.time.RemoteUptimeClock update
INFO: Latency: 7,0000 s, Delta ratio: 1,0000, Drift: 1,000, Error reduction coefficient: 0,000, Error: 0,0000 s
abr 04, 2013 12:33:05 PM org.ros.time.RemoteUptimeClock update
INFO: Latency: 7,0000 s, Delta ratio: 1,0000, Drift: 1,000, Error reduction coefficient: 0,000, Error: 0,0000 s
abr 04, 2013 12:33:05 PM org.ros.time.RemoteUptimeClock update
INFO: Latency: 7,0000 s, Delta ratio: 1,0000, Drift: 1,000, Error reduction coefficient: 0,000, Error: 0,0000 s
abr 04, 2013 12:33:05 PM org.ros.time.RemoteUptimeClock update
INFO: Latency: 7,0000 s, Delta ratio: 1,0000, Drift: 1,000, Error reduction coefficient: 0,000, Error: 0,0000 s
abr 04, 2013 12:33:05 PM org.ros.time.RemoteUptimeClock update
INFO: Latency: 7,0000 s, Delta ratio: 1,0000, Drift: 1,000, Error reduction coefficient: 0,000, Error: 0,0000 s
abr 04, 2013 12:33:05 PM org.ros.time.RemoteUptimeClock update
INFO: Latency: 7,0000 s, Delta ratio: 1,0000, Drift: 1,000, Error reduction coefficient: 0,000, Error: 0,0000 s
abr 04, 2013 12:33:05 PM org.ros.time.RemoteUptimeClock update
INFO: Latency: 7,0000 s, Delta ratio: 1,0000, Drift: 1,000, Error reduction coefficient: 0,000, Error: 0,0000 s
abr 04, 2013 12:33:05 PM org.ros.time.RemoteUptimeClock update
INFO: Latency: 7,0000 s, Delta ratio: 1,0000, Drift: 1,000, Error reduction coefficient: 0,000, Error: 0,0000 s
abr 04, 2013 12:33:05 PM org.ros.time.RemoteUptimeClock update
INFO: Latency: 7,0000 s, Delta ratio: 1,0000, Drift: 1,000, Error reduction coefficient: 0,000, Error: 0,0000 s
abr 04, 2013 12:33:05 PM org.ros.time.RemoteUptimeClock update
INFO: Latency: 7,0000 s, Delta ratio: 1,0000, Drift: 1,000, Error reduction coefficient: 0,000, Error: 0,0000 s
abr 04, 2013 12:33:05 PM org.ros.time.RemoteUptimeClock update
INFO: Latency: 7,0000 s, Delta ratio: 1,0000, Drift: 1,000, Error reduction coefficient: 0,000, Error: 0,0000 s
abr 04, 2013 12:33:05 PM org.ros.time.RemoteUptimeClock update
INFO: Latency: 7,0000 s, Delta ratio: 1,0000, Drift: 1,000, Error reduction coefficient: 0,000, Error: 0,0000 s
abr 04, 2013 12:33:05 PM org.ros.time.RemoteUptimeClock update
INFO: Latency: 7,0000 s, Delta ratio: 1,0000, Drift: 1,000, Error reduction coefficient: 0,000, Error: 0,0000 s
abr 04, 2013 12:33:05 PM org.ros.time.RemoteUptimeClock update
INFO: Latency: 7,0000 s, Delta ratio: 1,0000, Drift: 1,000, Error reduction coefficient: 0,000, Error: 0,0000 s
abr 04, 2013 12:33:05 PM org.ros.time.RemoteUptimeClock update
INFO: Latency: 7,0000 s, Delta ratio: 1,0000, Drift: 1,000, Error reduction coefficient: 0,000, Error: 0,0000 s
abr 04, 2013 12:33:05 PM org.ros.time.RemoteUptimeClock update
INFO: Latency: 7,0000 s, Delta ratio: 1,0000, Drift: 1,000, Error reduction coefficient: 0,000, Error: 0,0000 s
abr 04, 2013 12:33:05 PM org.ros.time.RemoteUptimeClock update
INFO: Latency: 7,0000 s, Delta ratio: 1,0000, Drift: 1,000, Error reduction coefficient: 0,000, Error: 0,0000 s
abr 04, 2013 12:33:05 PM org.ros.time.RemoteUptimeClock update
INFO: Latency: 7,0000 s, Delta ratio: 1,0000, Drift: 1,000, Error reduction coefficient: 0,000, Error: 0,0000 s
abr 04, 2013 12:33:05 PM org.ros.time.RemoteUptimeClock update
INFO: Latency: 7,0000 s, Delta ratio: 1,0000, Drift: 1,000, Error reduction coefficient: 0,000, Error: 0,0000 s
abr 04, 2013 12:33:05 PM org.ros.time.RemoteUptimeClock update
INFO: Latency: 7,0000 s, Delta ratio: 1,0000, Drift: 1,000, Error reduction coefficient: 0,000, Error: 0,0000 s
abr 04, 2013 12:33:05 PM org.ros.time.RemoteUptimeClock update
INFO: Latency: 7,0000 s, Delta ratio: 1,0000, Drift: 1,000, Error reduction coefficient: 0,000, Error: 0,0000 s
abr 04, 2013 12:33:05 PM org.ros.time.RemoteUptimeClock update
INFO: Latency: 7,0000 s, Delta ratio: 1,0000, Drift: 1,000, Error reduction coefficient: 0,000, Error: 0,0000 s
abr 04, 2013 12:33:05 PM org.ros.time.RemoteUptimeClock update
INFO: Latency: 7,0000 s, Delta ratio: 1,0000, Drift: 1,000, Error reduction coefficient: 0,000, Error: 0,0000 s
abr 04, 2013 12:33:05 PM org.ros.time.RemoteUptimeClock update
INFO: Latency: 7,0000 s, Delta ratio: 1,0000, Drift: 1,000, Error reduction coefficient: 0,000, Error: 0,0000 s
abr 04, 2013 12:33:05 PM org.ros.time.RemoteUptimeClock update
INFO: Latency: 7,0000 s, Delta ratio: 1,0000, Drift: 1,000, Error reduction coefficient: 0,000, Error: 0,0000 s
abr 04, 2013 12:33:05 PM org.ros.time.RemoteUptimeClock update
INFO: Latency: 7,0000 s, Delta ratio: 1,0000, Drift: 1,000, Error reduction coefficient: 0,000, Error: 0,0000 s
abr 04, 2013 12:33:05 PM org.ros.time.RemoteUptimeClock update
INFO: Latency: 7,0000 s, Delta ratio: 1,0000, Drift: 1,000, Error reduction coefficient: 0,000, Error: 0,0000 s
abr 04, 2013 12:33:05 PM org.ros.time.RemoteUptimeClock update
INFO: Latency: 7,0000 s, Delta ratio: 1,0000, Drift: 1,000, Error reduction coefficient: 0,000, Error: 0,0000 s
abr 04, 2013 12:33:05 PM org.ros.time.RemoteUptimeClock update
INFO: Latency: 7,0000 s, Delta ratio: 1,0000, Drift: 1,000, Error reduction coefficient: 0,000, Error: 0,0000 s
abr 04, 2013 12:33:05 PM org.ros.time.RemoteUptimeClock update
INFO: Latency: 7,0000 s, Delta ratio: 1,0000, Drift: 1,000, Error reduction coefficient: 0,000, Error: 0,0000 s
abr 04, 2013 12:33:05 PM org.ros.time.RemoteUptimeClock update
INFO: Latency: 7,0000 s, Delta ratio: 1,0000, Drift: 1,000, Error reduction coefficient: 0,000, Error: 0,0000 s
abr 04, 2013 12:33:05 PM org.ros.time.RemoteUptimeClock update
INFO: Latency: 7,0000 s, Delta ratio: 1,0000, Drift: 1,000, Error reduction coefficient: 0,000, Error: 0,0000 s
abr 04, 2013 12:33:05 PM org.ros.time.RemoteUptimeClock update
INFO: Latency: 7,0000 s, Delta ratio: 1,0000, Drift: 1,000, Error reduction coefficient: 0,000, Error: 0,0000 s
abr 04, 2013 12:33:05 PM org.ros.time.RemoteUptimeClock update
INFO: Latency: 7,0000 s, Delta ratio: 1,0000, Drift: 1,000, Error reduction coefficient: 0,000, Error: 0,0000 s
abr 04, 2013 12:33:05 PM org.ros.time.RemoteUptimeClock update
INFO: Latency: 7,0000 s, Delta ratio: 1,0000, Drift: 1,000, Error reduction coefficient: 0,000, Error: 0,0000 s
abr 04, 2013 12:33:05 PM org.ros.time.RemoteUptimeClock update
INFO: Latency: 7,0000 s, Delta ratio: 1,0000, Drift: 1,000, Error reduction coefficient: 0,000, Error: 0,0000 s
abr 04, 2013 12:33:05 PM org.ros.time.RemoteUptimeClock update
INFO: Latency: 7,0000 s, Delta ratio: 1,0000, Drift: 1,000, Error reduction coefficient: 0,000, Error: 0,0000 s
abr 04, 2013 12:33:05 PM org.ros.time.RemoteUptimeClock update
INFO: Latency: 7,0000 s, Delta ratio: 1,0000, Drift: 1,000, Error reduction coefficient: 0,000, Error: 0,0000 s
abr 04, 2013 12:33:05 PM org.ros.time.RemoteUptimeClock update
INFO: Latency: 7,0000 s, Delta ratio: 1,0000, Drift: 1,000, Error reduction coefficient: 0,000, Error: 0,0000 s
abr 04, 2013 12:33:05 PM org.ros.time.RemoteUptimeClock update
INFO: Latency: 7,0000 s, Delta ratio: 1,0000, Drift: 1,000, Error reduction coefficient: 0,000, Error: 0,0000 s
abr 04, 2013 12:33:05 PM org.ros.time.RemoteUptimeClock update
INFO: Latency: 7,0000 s, Delta ratio: 1,0000, Drift: 1,000, Error reduction coefficient: 0,000, Error: 0,0000 s
abr 04, 2013 12:33:05 PM org.ros.time.RemoteUptimeClock update
INFO: Latency: 7,0000 s, Delta ratio: 1,0000, Drift: 1,000, Error reduction coefficient: 0,000, Error: 0,0000 s
abr 04, 2013 12:33:05 PM org.ros.time.RemoteUptimeClock update
INFO: Latency: 7,0000 s, Delta ratio: 1,0000, Drift: 1,000, Error reduction coefficient: 0,000, Error: 0,0000 s
abr 04, 2013 12:33:05 PM org.ros.time.RemoteUptimeClock update
INFO: Latency: 7,0000 s, Delta ratio: 1,0000, Drift: 1,000, Error reduction coefficient: 0,000, Error: 0,0000 s
abr 04, 2013 12:33:05 PM org.ros.time.RemoteUptimeClock update
INFO: Latency: 7,0000 s, Delta ratio: 1,0000, Drift: 1,000, Error reduction coefficient: 0,000, Error: 0,0000 s
abr 04, 2013 12:33:05 PM org.ros.time.RemoteUptimeClock update
INFO: Latency: 7,0000 s, Delta ratio: 1,0000, Drift: 1,000, Error reduction coefficient: 0,000, Error: 0,0000 s
abr 04, 2013 12:33:05 PM org.ros.time.RemoteUptimeClock update
INFO: Latency: 7,0000 s, Delta ratio: 1,0000, Drift: 1,000, Error reduction coefficient: 0,000, Error: 0,0000 s
abr 04, 2013 12:33:05 PM org.ros.time.RemoteUptimeClock update
INFO: Latency: 7,0000 s, Delta ratio: 1,0000, Drift: 1,000, Error reduction coefficient: 0,000, Error: 0,0000 s
abr 04, 2013 12:33:05 PM org.ros.time.RemoteUptimeClock update
INFO: Latency: 7,0000 s, Delta ratio: 1,0000, Drift: 1,000, Error reduction coefficient: 0,000, Error: 0,0000 s
abr 04, 2013 12:33:05 PM org.ros.time.RemoteUptimeClock update
INFO: Latency: 7,0000 s, Delta ratio: 1,0000, Drift: 1,000, Error reduction coefficient: 0,000, Error: 0,0000 s
abr 04, 2013 12:33:05 PM org.ros.time.RemoteUptimeClock update
INFO: Latency: 7,0000 s, Delta ratio: 1,0000, Drift: 1,000, Error reduction coefficient: 0,000, Error: 0,0000 s
abr 04, 2013 12:33:05 PM org.ros.time.RemoteUptimeClock update
INFO: Latency: 7,0000 s, Delta ratio: 1,0000, Drift: 1,000, Error reduction coefficient: 0,000, Error: 0,0000 s
abr 04, 2013 12:33:05 PM org.ros.time.RemoteUptimeClock update
INFO: Latency: 7,0000 s, Delta ratio: 1,0000, Drift: 1,000, Error reduction coefficient: 0,000, Error: 0,0000 s
abr 04, 2013 12:33:05 PM org.ros.time.RemoteUptimeClock update
INFO: Latency: 7,0000 s, Delta ratio: 1,0000, Drift: 1,000, Error reduction coefficient: 0,000, Error: 0,0000 s
abr 04, 2013 12:33:05 PM org.ros.time.RemoteUptimeClock update
INFO: Latency: 7,0000 s, Delta ratio: 1,0000, Drift: 1,000, Error reduction coefficient: 0,000, Error: 0,0000 s
abr 04, 2013 12:33:05 PM org.ros.time.RemoteUptimeClock update
INFO: Latency: 7,0000 s, Delta ratio: 1,0000, Drift: 1,000, Error reduction coefficient: 0,000, Error: 0,0000 s
abr 04, 2013 12:33:05 PM org.ros.time.RemoteUptimeClock update
INFO: Latency: 7,0000 s, Delta ratio: 1,0000, Drift: 1,000, Error reduction coefficient: 0,000, Error: 0,0000 s
abr 04, 2013 12:33:05 PM org.ros.time.RemoteUptimeClock update
INFO: Latency: 7,0000 s, Delta ratio: 1,0000, Drift: 1,000, Error reduction coefficient: 0,000, Error: 0,0000 s
abr 04, 2013 12:33:05 PM org.ros.time.RemoteUptimeClock update
INFO: Latency: 7,0000 s, Delta ratio: 1,0000, Drift: 1,000, Error reduction coefficient: 0,000, Error: 0,0000 s
abr 04, 2013 12:33:05 PM org.ros.time.RemoteUptimeClock update
INFO: Latency: 7,0000 s, Delta ratio: 1,0000, Drift: 1,000, Error reduction coefficient: 0,000, Error: 0,0000 s
abr 04, 2013 12:33:05 PM org.ros.time.RemoteUptimeClock update
INFO: Latency: 7,0000 s, Delta ratio: 1,0000, Drift: 1,000, Error reduction coefficient: 0,000, Error: 0,0000 s
abr 04, 2013 12:33:05 PM org.ros.time.RemoteUptimeClock update
INFO: Latency: 7,0000 s, Delta ratio: 1,0000, Drift: 1,000, Error reduction coefficient: 0,000, Error: 0,0000 s
abr 04, 2013 12:33:05 PM org.ros.time.RemoteUptimeClock update
INFO: Latency: 7,0000 s, Delta ratio: 1,0000, Drift: 1,000, Error reduction coefficient: 0,000, Error: 0,0000 s
abr 04, 2013 12:33:05 PM org.ros.time.RemoteUptimeClock update
INFO: Latency: 7,0000 s, Delta ratio: 1,0000, Drift: 1,000, Error reduction coefficient: 0,000, Error: 0,0000 s
abr 04, 2013 12:33:05 PM org.ros.time.RemoteUptimeClock update
INFO: Latency: 7,0000 s, Delta ratio: 1,0000, Drift: 1,000, Error reduction coefficient: 0,000, Error: 0,0000 s
abr 04, 2013 12:33:05 PM org.ros.time.RemoteUptimeClock update
INFO: Latency: 7,0000 s, Delta ratio: 1,0000, Drift: 1,000, Error reduction coefficient: 0,000, Error: 0,0000 s
abr 04, 2013 12:33:05 PM org.ros.time.RemoteUptimeClock update
INFO: Latency: 7,0000 s, Delta ratio: 1,0000, Drift: 1,000, Error reduction coefficient: 0,000, Error: 0,0000 s
abr 04, 2013 12:33:05 PM org.ros.time.RemoteUptimeClock update
INFO: Latency: 7,0000 s, Delta ratio: 1,0000, Drift: 1,000, Error reduction coefficient: 0,000, Error: 0,0000 s
abr 04, 2013 12:33:05 PM org.ros.time.RemoteUptimeClock update
INFO: Latency: 7,0000 s, Delta ratio: 1,0000, Drift: 1,000, Error reduction coefficient: 0,000, Error: 0,0000 s
abr 04, 2013 12:33:05 PM org.ros.time.RemoteUptimeClock update
INFO: Latency: 7,0000 s, Delta ratio: 1,0000, Drift: 1,000, Error reduction coefficient: 0,000, Error: 0,0000 s
abr 04, 2013 12:33:05 PM org.ros.time.RemoteUptimeClock update
INFO: Latency: 7,0000 s, Delta ratio: 1,0000, Drift: 1,000, Error reduction coefficient: 0,000, Error: 0,0000 s
abr 04, 2013 12:33:05 PM org.ros.time.RemoteUptimeClock update
INFO: Latency: 7,0000 s, Delta ratio: 1,0000, Drift: 1,000, Error reduction coefficient: 0,000, Error: 0,0000 s
abr 04, 2013 12:33:05 PM org.ros.time.RemoteUptimeClock update
INFO: Latency: 7,0000 s, Delta ratio: 1,0000, Drift: 1,000, Error reduction coefficient: 0,000, Error: 0,0000 s
abr 04, 2013 12:33:05 PM org.ros.time.RemoteUptimeClock update
INFO: Latency: 7,0000 s, Delta ratio: 1,0000, Drift: 1,000, Error reduction coefficient: 0,000, Error: 0,0000 s
abr 04, 2013 12:33:05 PM org.ros.time.RemoteUptimeClock update
INFO: Latency: 7,0000 s, Delta ratio: 1,0000, Drift: 1,000, Error reduction coefficient: 0,000, Error: 0,0000 s
abr 04, 2013 12:33:05 PM org.ros.time.RemoteUptimeClock update
INFO: Latency: 7,0000 s, Delta ratio: 1,0000, Drift: 1,000, Error reduction coefficient: 0,000, Error: 0,0000 s
abr 04, 2013 12:33:05 PM org.ros.time.RemoteUptimeClock update
INFO: Latency: 7,0000 s, Delta ratio: 1,0000, Drift: 1,000, Error reduction coefficient: 0,000, Error: 0,0000 s
abr 04, 2013 12:33:05 PM org.ros.time.RemoteUptimeClock update
INFO: Latency: 7,0000 s, Delta ratio: 1,0000, Drift: 1,000, Error reduction coefficient: 0,000, Error: 0,0000 s
abr 04, 2013 12:33:05 PM org.ros.time.RemoteUptimeClock update
INFO: Latency: 7,0000 s, Delta ratio: 1,0000, Drift: 1,000, Error reduction coefficient: 0,000, Error: 0,0000 s
abr 04, 2013 12:33:05 PM org.ros.time.RemoteUptimeClock update
INFO: Latency: 7,0000 s, Delta ratio: 1,0000, Drift: 1,000, Error reduction coefficient: 0,000, Error: 0,0000 s
abr 04, 2013 12:33:05 PM org.ros.time.RemoteUptimeClock update
INFO: Latency: 7,0000 s, Delta ratio: 1,0000, Drift: 1,000, Error reduction coefficient: 0,000, Error: 0,0000 s
abr 04, 2013 12:33:05 PM org.ros.time.RemoteUptimeClock update
INFO: Latency: 7,0000 s, Delta ratio: 1,0000, Drift: 1,000, Error reduction coefficient: 0,000, Error: 0,0000 s
abr 04, 2013 12:33:05 PM org.ros.time.RemoteUptimeClock update
INFO: Latency: 7,0000 s, Delta ratio: 1,0000, Drift: 1,000, Error reduction coefficient: 0,000, Error: 0,0000 s
abr 04, 2013 12:33:05 PM org.ros.time.RemoteUptimeClock update
INFO: Latency: 7,0000 s, Delta ratio: 1,0000, Drift: 1,000, Error reduction coefficient: 0,000, Error: 0,0000 s
abr 04, 2013 12:33:05 PM org.ros.time.RemoteUptimeClock update
INFO: Latency: 7,0000 s, Delta ratio: 1,0000, Drift: 1,000, Error reduction coefficient: 0,000, Error: 0,0000 s
abr 04, 2013 12:33:05 PM org.ros.time.RemoteUptimeClock update
INFO: Latency: 7,0000 s, Delta ratio: 1,0000, Drift: 1,000, Error reduction coefficient: 0,000, Error: 0,0000 s
abr 04, 2013 12:33:05 PM org.ros.time.RemoteUptimeClock update
INFO: Latency: 7,0000 s, Delta ratio: 1,0000, Drift: 1,000, Error reduction coefficient: 0,000, Error: 0,0000 s
abr 04, 2013 12:33:05 PM org.ros.time.RemoteUptimeClock update
INFO: Latency: 7,0000 s, Delta ratio: 1,0000, Drift: 1,000, Error reduction coefficient: 0,000, Error: 0,0000 s
abr 04, 2013 12:33:05 PM org.ros.time.RemoteUptimeClock update
INFO: Latency: 7,0000 s, Delta ratio: 1,0000, Drift: 1,000, Error reduction coefficient: 0,000, Error: 0,0000 s
abr 04, 2013 12:33:05 PM org.ros.time.RemoteUptimeClock update
INFO: Latency: 7,0000 s, Delta ratio: 1,0000, Drift: 1,000, Error reduction coefficient: 0,000, Error: 0,0000 s
abr 04, 2013 12:33:05 PM org.ros.time.RemoteUptimeClock update
INFO: Latency: 7,0000 s, Delta ratio: 1,0000, Drift: 1,000, Error reduction coefficient: 0,000, Error: 0,0000 s
abr 04, 2013 12:33:05 PM org.ros.time.RemoteUptimeClock update
INFO: Latency: 7,0000 s, Delta ratio: 1,0000, Drift: 1,000, Error reduction coefficient: 0,000, Error: 0,0000 s
abr 04, 2013 12:33:05 PM org.ros.time.RemoteUptimeClock update
INFO: Latency: 7,0000 s, Delta ratio: 1,0000, Drift: 1,000, Error reduction coefficient: 0,000, Error: 0,0000 s
abr 04, 2013 12:33:05 PM org.ros.time.RemoteUptimeClock update
INFO: Latency: 7,0000 s, Delta ratio: 1,0000, Drift: 1,000, Error reduction coefficient: 0,000, Error: 0,0000 s
abr 04, 2013 12:33:05 PM org.ros.time.RemoteUptimeClock update
INFO: Latency: 7,0000 s, Delta ratio: 1,0000, Drift: 1,000, Error reduction coefficient: 0,000, Error: 0,0000 s
abr 04, 2013 12:33:05 PM org.ros.time.RemoteUptimeClock update
INFO: Latency: 7,0000 s, Delta ratio: 1,0000, Drift: 1,000, Error reduction coefficient: 0,000, Error: 0,0000 s
abr 04, 2013 12:33:05 PM org.ros.time.RemoteUptimeClock update
INFO: Latency: 7,0000 s, Delta ratio: 1,0000, Drift: 1,000, Error reduction coefficient: 0,000, Error: 0,0000 s
abr 04, 2013 12:33:05 PM org.ros.time.RemoteUptimeClock update
INFO: Latency: 7,0000 s, Delta ratio: 1,0000, Drift: 1,000, Error reduction coefficient: 0,000, Error: 0,0000 s
abr 04, 2013 12:33:05 PM org.ros.time.RemoteUptimeClock update
INFO: Latency: 7,0000 s, Delta ratio: 1,0000, Drift: 1,000, Error reduction coefficient: 0,000, Error: 0,0000 s
abr 04, 2013 12:33:05 PM org.ros.time.RemoteUptimeClock update
INFO: Latency: 7,0000 s, Delta ratio: 1,0000, Drift: 1,000, Error reduction coefficient: 0,000, Error: 0,0000 s
abr 04, 2013 12:33:05 PM org.ros.time.RemoteUptimeClock update
INFO: Latency: 7,0000 s, Delta ratio: 1,0000, Drift: 1,000, Error reduction coefficient: 0,000, Error: 0,0000 s
abr 04, 2013 12:33:05 PM org.ros.time.RemoteUptimeClock update
INFO: Latency: 7,0000 s, Delta ratio: 1,0000, Drift: 1,000, Error reduction coefficient: 0,000, Error: 0,0000 s
abr 04, 2013 12:33:05 PM org.ros.time.RemoteUptimeClock update
INFO: Latency: 7,0000 s, Delta ratio: 1,0000, Drift: 1,000, Error reduction coefficient: 0,000, Error: 0,0000 s
abr 04, 2013 12:33:05 PM org.ros.time.RemoteUptimeClock update
INFO: Latency: 7,0000 s, Delta ratio: 1,0000, Drift: 1,000, Error reduction coefficient: 0,000, Error: 0,0000 s
abr 04, 2013 12:33:05 PM org.ros.time.RemoteUptimeClock update
INFO: Latency: 7,0000 s, Delta ratio: 1,0000, Drift: 1,000, Error reduction coefficient: 0,000, Error: 0,0000 s
abr 04, 2013 12:33:05 PM org.ros.time.RemoteUptimeClock update
INFO: Latency: 7,0000 s, Delta ratio: 1,0000, Drift: 1,000, Error reduction coefficient: 0,000, Error: 0,0000 s
abr 04, 2013 12:33:05 PM org.ros.time.RemoteUptimeClock update
INFO: Latency: 7,0000 s, Delta ratio: 1,0000, Drift: 1,000, Error reduction coefficient: 0,000, Error: 0,0000 s
abr 04, 2013 12:33:05 PM org.ros.time.RemoteUptimeClock update
INFO: Latency: 7,0000 s, Delta ratio: 1,0000, Drift: 1,000, Error reduction coefficient: 0,000, Error: 0,0000 s
abr 04, 2013 12:33:05 PM org.ros.time.RemoteUptimeClock update
INFO: Latency: 7,0000 s, Delta ratio: 1,0000, Drift: 1,000, Error reduction coefficient: 0,000, Error: 0,0000 s
abr 04, 2013 12:33:05 PM org.ros.time.RemoteUptimeClock update
INFO: Latency: 7,0000 s, Delta ratio: 1,0000, Drift: 1,000, Error reduction coefficient: 0,000, Error: 0,0000 s
abr 04, 2013 12:33:05 PM org.ros.time.RemoteUptimeClock update
INFO: Latency: 7,0000 s, Delta ratio: 1,0000, Drift: 1,000, Error reduction coefficient: 0,000, Error: 0,0000 s
abr 04, 2013 12:33:05 PM org.ros.time.RemoteUptimeClock update
INFO: Latency: 7,0000 s, Delta ratio: 1,0000, Drift: 1,000, Error reduction coefficient: 0,000, Error: 0,0000 s
abr 04, 2013 12:33:05 PM org.ros.time.RemoteUptimeClock update
INFO: Latency: 7,0000 s, Delta ratio: 1,0000, Drift: 1,000, Error reduction coefficient: 0,000, Error: 0,0000 s
abr 04, 2013 12:33:05 PM org.ros.time.RemoteUptimeClock update
INFO: Latency: 7,0000 s, Delta ratio: 1,0000, Drift: 1,000, Error reduction coefficient: 0,000, Error: 0,0000 s
abr 04, 2013 12:33:05 PM org.ros.time.RemoteUptimeClock update
INFO: Latency: 7,0000 s, Delta ratio: 1,0000, Drift: 1,000, Error reduction coefficient: 0,000, Error: 0,0000 s
abr 04, 2013 12:33:05 PM org.ros.time.RemoteUptimeClock update
INFO: Latency: 7,0000 s, Delta ratio: 1,0000, Drift: 1,000, Error reduction coefficient: 0,000, Error: 0,0000 s
abr 04, 2013 12:33:05 PM org.ros.time.RemoteUptimeClock update
INFO: Latency: 7,0000 s, Delta ratio: 1,0000, Drift: 1,000, Error reduction coefficient: 0,000, Error: 0,0000 s
abr 04, 2013 12:33:05 PM org.ros.time.RemoteUptimeClock update
INFO: Latency: 7,0000 s, Delta ratio: 1,0000, Drift: 1,000, Error reduction coefficient: 0,000, Error: 0,0000 s
abr 04, 2013 12:33:05 PM org.ros.time.RemoteUptimeClock update
INFO: Latency: 7,0000 s, Delta ratio: 1,0000, Drift: 1,000, Error reduction coefficient: 0,000, Error: 0,0000 s
abr 04, 2013 12:33:05 PM org.ros.time.RemoteUptimeClock update
INFO: Latency: 7,0000 s, Delta ratio: 1,0000, Drift: 1,000, Error reduction coefficient: 0,000, Error: 0,0000 s
abr 04, 2013 12:33:05 PM org.ros.time.RemoteUptimeClock update
INFO: Latency: 7,0000 s, Delta ratio: 1,0000, Drift: 1,000, Error reduction coefficient: 0,000, Error: 0,0000 s
abr 04, 2013 12:33:05 PM org.ros.time.RemoteUptimeClock update
INFO: Latency: 7,0000 s, Delta ratio: 1,0000, Drift: 1,000, Error reduction coefficient: 0,000, Error: 0,0000 s
abr 04, 2013 12:33:05 PM org.ros.time.RemoteUptimeClock update
INFO: Latency: 7,0000 s, Delta ratio: 1,0000, Drift: 1,000, Error reduction coefficient: 0,000, Error: 0,0000 s
abr 04, 2013 12:33:05 PM org.ros.time.RemoteUptimeClock update
INFO: Latency: 7,0000 s, Delta ratio: 1,0000, Drift: 1,000, Error reduction coefficient: 0,000, Error: 0,0000 s
abr 04, 2013 12:33:05 PM org.ros.time.RemoteUptimeClock update
INFO: Latency: 7,0000 s, Delta ratio: 1,0000, Drift: 1,000, Error reduction coefficient: 0,000, Error: 0,0000 s
abr 04, 2013 12:33:05 PM org.ros.time.RemoteUptimeClock update
INFO: Latency: 7,0000 s, Delta ratio: 1,0000, Drift: 1,000, Error reduction coefficient: 0,000, Error: 0,0000 s
abr 04, 2013 12:33:05 PM org.ros.time.RemoteUptimeClock update
INFO: Latency: 7,0000 s, Delta ratio: 1,0000, Drift: 1,000, Error reduction coefficient: 0,000, Error: 0,0000 s
abr 04, 2013 12:33:05 PM org.ros.time.RemoteUptimeClock update
INFO: Latency: 7,0000 s, Delta ratio: 1,0000, Drift: 1,000, Error reduction coefficient: 0,000, Error: 0,0000 s
abr 04, 2013 12:33:05 PM org.ros.time.RemoteUptimeClock update
INFO: Latency: 7,0000 s, Delta ratio: 1,0000, Drift: 1,000, Error reduction coefficient: 0,000, Error: 0,0000 s
abr 04, 2013 12:33:05 PM org.ros.time.RemoteUptimeClock update
INFO: Latency: 7,0000 s, Delta ratio: 1,0000, Drift: 1,000, Error reduction coefficient: 0,000, Error: 0,0000 s
abr 04, 2013 12:33:05 PM org.ros.time.RemoteUptimeClock update
INFO: Latency: 7,0000 s, Delta ratio: 1,0000, Drift: 1,000, Error reduction coefficient: 0,000, Error: 0,0000 s
abr 04, 2013 12:33:05 PM org.ros.time.RemoteUptimeClock update
INFO: Latency: 7,0000 s, Delta ratio: 1,0000, Drift: 1,000, Error reduction coefficient: 0,000, Error: 0,0000 s
abr 04, 2013 12:33:05 PM org.ros.time.RemoteUptimeClock update
INFO: Latency: 7,0000 s, Delta ratio: 1,0000, Drift: 1,000, Error reduction coefficient: 0,000, Error: 0,0000 s
abr 04, 2013 12:33:05 PM org.ros.time.RemoteUptimeClock update
INFO: Latency: 7,0000 s, Delta ratio: 1,0000, Drift: 1,000, Error reduction coefficient: 0,000, Error: 0,0000 s
abr 04, 2013 12:33:05 PM org.ros.time.RemoteUptimeClock update
INFO: Latency: 7,0000 s, Delta ratio: 1,0000, Drift: 1,000, Error reduction coefficient: 0,000, Error: 0,0000 s
abr 04, 2013 12:33:05 PM org.ros.time.RemoteUptimeClock update
INFO: Latency: 7,0000 s, Delta ratio: 1,0000, Drift: 1,000, Error reduction coefficient: 0,000, Error: 0,0000 s
abr 04, 2013 12:33:05 PM org.ros.time.RemoteUptimeClock update
INFO: Latency: 7,0000 s, Delta ratio: 1,0000, Drift: 1,000, Error reduction coefficient: 0,000, Error: 0,0000 s
abr 04, 2013 12:33:05 PM org.ros.time.RemoteUptimeClock update
INFO: Latency: 7,0000 s, Delta ratio: 1,0000, Drift: 1,000, Error reduction coefficient: 0,000, Error: 0,0000 s
abr 04, 2013 12:33:05 PM org.ros.time.RemoteUptimeClock update
INFO: Latency: 7,0000 s, Delta ratio: 1,0000, Drift: 1,000, Error reduction coefficient: 0,000, Error: 0,0000 s
abr 04, 2013 12:33:05 PM org.ros.time.RemoteUptimeClock update
INFO: Latency: 7,0000 s, Delta ratio: 1,0000, Drift: 1,000, Error reduction coefficient: 0,000, Error: 0,0000 s
abr 04, 2013 12:33:05 PM org.ros.time.RemoteUptimeClock update
INFO: Latency: 7,0000 s, Delta ratio: 1,0000, Drift: 1,000, Error reduction coefficient: 0,000, Error: 0,0000 s
abr 04, 2013 12:33:05 PM org.ros.time.RemoteUptimeClock update
INFO: Latency: 7,0000 s, Delta ratio: 1,0000, Drift: 1,000, Error reduction coefficient: 0,000, Error: 0,0000 s
abr 04, 2013 12:33:05 PM org.ros.time.RemoteUptimeClock update
INFO: Latency: 7,0000 s, Delta ratio: 1,0000, Drift: 1,000, Error reduction coefficient: 0,000, Error: 0,0000 s
abr 04, 2013 12:33:05 PM org.ros.time.RemoteUptimeClock update
INFO: Latency: 7,0000 s, Delta ratio: 1,0000, Drift: 1,000, Error reduction coefficient: 0,000, Error: 0,0000 s
abr 04, 2013 12:33:05 PM org.ros.time.RemoteUptimeClock update
INFO: Latency: 7,0000 s, Delta ratio: 1,0000, Drift: 1,000, Error reduction coefficient: 0,000, Error: 0,0000 s
abr 04, 2013 12:33:05 PM org.ros.time.RemoteUptimeClock update
INFO: Latency: 7,0000 s, Delta ratio: 1,0000, Drift: 1,000, Error reduction coefficient: 0,000, Error: 0,0000 s
abr 04, 2013 12:33:05 PM org.ros.time.RemoteUptimeClock update
INFO: Latency: 7,0000 s, Delta ratio: 1,0000, Drift: 1,000, Error reduction coefficient: 0,000, Error: 0,0000 s
abr 04, 2013 12:33:05 PM org.ros.time.RemoteUptimeClock update
INFO: Latency: 7,0000 s, Delta ratio: 1,0000, Drift: 1,000, Error reduction coefficient: 0,000, Error: 0,0000 s
abr 04, 2013 12:33:05 PM org.ros.time.RemoteUptimeClock update
INFO: Latency: 7,0000 s, Delta ratio: 1,0000, Drift: 1,000, Error reduction coefficient: 0,000, Error: 0,0000 s
abr 04, 2013 12:33:05 PM org.ros.time.RemoteUptimeClock update
INFO: Latency: 7,0000 s, Delta ratio: 1,0000, Drift: 1,000, Error reduction coefficient: 0,000, Error: 0,0000 s
abr 04, 2013 12:33:05 PM org.ros.time.RemoteUptimeClock update
INFO: Latency: 7,0000 s, Delta ratio: 1,0000, Drift: 1,000, Error reduction coefficient: 0,000, Error: 0,0000 s
abr 04, 2013 12:33:05 PM org.ros.time.RemoteUptimeClock update
INFO: Latency: 7,0000 s, Delta ratio: 1,0000, Drift: 1,000, Error reduction coefficient: 0,000, Error: 0,0000 s
abr 04, 2013 12:33:05 PM org.ros.time.RemoteUptimeClock update
INFO: Latency: 7,0000 s, Delta ratio: 1,0000, Drift: 1,000, Error reduction coefficient: 0,000, Error: 0,0000 s
abr 04, 2013 12:33:05 PM org.ros.time.RemoteUptimeClock update
INFO: Latency: 7,0000 s, Delta ratio: 1,0000, Drift: 1,000, Error reduction coefficient: 0,000, Error: 0,0000 s
abr 04, 2013 12:33:05 PM org.ros.time.RemoteUptimeClock update
INFO: Latency: 7,0000 s, Delta ratio: 1,0000, Drift: 1,000, Error reduction coefficient: 0,000, Error: 0,0000 s
abr 04, 2013 12:33:05 PM org.ros.time.RemoteUptimeClock update
INFO: Latency: 7,0000 s, Delta ratio: 1,0000, Drift: 1,000, Error reduction coefficient: 0,000, Error: 0,0000 s
abr 04, 2013 12:33:05 PM org.ros.time.RemoteUptimeClock update
INFO: Latency: 7,0000 s, Delta ratio: 1,0000, Drift: 1,000, Error reduction coefficient: 0,000, Error: 0,0000 s
abr 04, 2013 12:33:05 PM org.ros.time.RemoteUptimeClock update
INFO: Latency: 7,0000 s, Delta ratio: 1,0000, Drift: 1,000, Error reduction coefficient: 0,000, Error: 0,0000 s
abr 04, 2013 12:33:05 PM org.ros.time.RemoteUptimeClock update
INFO: Latency: 7,0000 s, Delta ratio: 1,0000, Drift: 1,000, Error reduction coefficient: 0,000, Error: 0,0000 s
abr 04, 2013 12:33:05 PM org.ros.time.RemoteUptimeClock update
INFO: Latency: 7,0000 s, Delta ratio: 1,0000, Drift: 1,000, Error reduction coefficient: 0,000, Error: 0,0000 s
abr 04, 2013 12:33:05 PM org.ros.time.RemoteUptimeClock update
INFO: Latency: 7,0000 s, Delta ratio: 1,0000, Drift: 1,000, Error reduction coefficient: 0,000, Error: 0,0000 s
abr 04, 2013 12:33:05 PM org.ros.time.RemoteUptimeClock update
INFO: Latency: 7,0000 s, Delta ratio: 1,0000, Drift: 1,000, Error reduction coefficient: 0,000, Error: 0,0000 s
abr 04, 2013 12:33:05 PM org.ros.time.RemoteUptimeClock update
INFO: Latency: 7,0000 s, Delta ratio: 1,0000, Drift: 1,000, Error reduction coefficient: 0,000, Error: 0,0000 s
abr 04, 2013 12:33:05 PM org.ros.time.RemoteUptimeClock update
INFO: Latency: 7,0000 s, Delta ratio: 1,0000, Drift: 1,000, Error reduction coefficient: 0,000, Error: 0,0000 s
abr 04, 2013 12:33:05 PM org.ros.time.RemoteUptimeClock update
INFO: Latency: 7,0000 s, Delta ratio: 1,0000, Drift: 1,000, Error reduction coefficient: 0,000, Error: 0,0000 s
abr 04, 2013 12:33:05 PM org.ros.time.RemoteUptimeClock update
INFO: Latency: 7,0000 s, Delta ratio: 1,0000, Drift: 1,000, Error reduction coefficient: 0,000, Error: 0,0000 s
abr 04, 2013 12:33:05 PM org.ros.time.RemoteUptimeClock update
INFO: Latency: 7,0000 s, Delta ratio: 1,0000, Drift: 1,000, Error reduction coefficient: 0,000, Error: 0,0000 s
abr 04, 2013 12:33:05 PM org.ros.time.RemoteUptimeClock update
INFO: Latency: 7,0000 s, Delta ratio: 1,0000, Drift: 1,000, Error reduction coefficient: 0,000, Error: 0,0000 s
abr 04, 2013 12:33:05 PM org.ros.time.RemoteUptimeClock update
INFO: Latency: 7,0000 s, Delta ratio: 1,0000, Drift: 1,000, Error reduction coefficient: 0,000, Error: 0,0000 s
abr 04, 2013 12:33:05 PM org.ros.time.RemoteUptimeClock update
INFO: Latency: 7,0000 s, Delta ratio: 1,0000, Drift: 1,000, Error reduction coefficient: 0,000, Error: 0,0000 s
abr 04, 2013 12:33:05 PM org.ros.time.RemoteUptimeClock update
INFO: Latency: 7,0000 s, Delta ratio: 1,0000, Drift: 1,000, Error reduction coefficient: 0,000, Error: 0,0000 s
abr 04, 2013 12:33:05 PM org.ros.time.RemoteUptimeClock update
INFO: Latency: 7,0000 s, Delta ratio: 1,0000, Drift: 1,000, Error reduction coefficient: 0,000, Error: 0,0000 s
abr 04, 2013 12:33:05 PM org.ros.time.RemoteUptimeClock update
INFO: Latency: 7,0000 s, Delta ratio: 1,0000, Drift: 1,000, Error reduction coefficient: 0,000, Error: 0,0000 s
abr 04, 2013 12:33:05 PM org.ros.time.RemoteUptimeClock update
INFO: Latency: 7,0000 s, Delta ratio: 1,0000, Drift: 1,000, Error reduction coefficient: 0,000, Error: 0,0000 s
abr 04, 2013 12:33:05 PM org.ros.time.RemoteUptimeClock update
INFO: Latency: 7,0000 s, Delta ratio: 1,0000, Drift: 1,000, Error reduction coefficient: 0,000, Error: 0,0000 s
abr 04, 2013 12:33:05 PM org.ros.time.RemoteUptimeClock update
INFO: Latency: 7,0000 s, Delta ratio: 1,0000, Drift: 1,000, Error reduction coefficient: 0,000, Error: 0,0000 s
abr 04, 2013 12:33:05 PM org.ros.time.RemoteUptimeClock update
INFO: Latency: 7,0000 s, Delta ratio: 1,0000, Drift: 1,000, Error reduction coefficient: 0,000, Error: 0,0000 s
abr 04, 2013 12:33:05 PM org.ros.time.RemoteUptimeClock update
INFO: Latency: 7,0000 s, Delta ratio: 1,0000, Drift: 1,000, Error reduction coefficient: 0,000, Error: 0,0000 s
abr 04, 2013 12:33:05 PM org.ros.time.RemoteUptimeClock update
INFO: Latency: 7,0000 s, Delta ratio: 1,0000, Drift: 1,000, Error reduction coefficient: 0,000, Error: 0,0000 s
abr 04, 2013 12:33:05 PM org.ros.time.RemoteUptimeClock update
INFO: Latency: 7,0000 s, Delta ratio: 1,0000, Drift: 1,000, Error reduction coefficient: 0,000, Error: 0,0000 s
abr 04, 2013 12:33:05 PM org.ros.time.RemoteUptimeClock update
INFO: Latency: 7,0000 s, Delta ratio: 1,0000, Drift: 1,000, Error reduction coefficient: 0,000, Error: 0,0000 s
abr 04, 2013 12:33:05 PM org.ros.time.RemoteUptimeClock update
INFO: Latency: 7,0000 s, Delta ratio: 1,0000, Drift: 1,000, Error reduction coefficient: 0,000, Error: 0,0000 s
abr 04, 2013 12:33:05 PM org.ros.time.RemoteUptimeClock update
INFO: Latency: 7,0000 s, Delta ratio: 1,0000, Drift: 1,000, Error reduction coefficient: 0,000, Error: 0,0000 s
abr 04, 2013 12:33:05 PM org.ros.time.RemoteUptimeClock update
INFO: Latency: 7,0000 s, Delta ratio: 1,0000, Drift: 1,000, Error reduction coefficient: 0,000, Error: 0,0000 s
abr 04, 2013 12:33:05 PM org.ros.time.RemoteUptimeClock update
INFO: Latency: 7,0000 s, Delta ratio: 1,0000, Drift: 1,000, Error reduction coefficient: 0,000, Error: 0,0000 s
abr 04, 2013 12:33:05 PM org.ros.time.RemoteUptimeClock update
INFO: Latency: 7,0000 s, Delta ratio: 1,0000, Drift: 1,000, Error reduction coefficient: 0,000, Error: 0,0000 s
abr 04, 2013 12:33:05 PM org.ros.time.RemoteUptimeClock update
INFO: Latency: 7,0000 s, Delta ratio: 1,0000, Drift: 1,000, Error reduction coefficient: 0,000, Error: 0,0000 s
abr 04, 2013 12:33:05 PM org.ros.time.RemoteUptimeClock update
INFO: Latency: 7,0000 s, Delta ratio: 1,0000, Drift: 1,000, Error reduction coefficient: 0,000, Error: 0,0000 s
abr 04, 2013 12:33:05 PM org.ros.time.RemoteUptimeClock update
INFO: Latency: 7,0000 s, Delta ratio: 1,0000, Drift: 1,000, Error reduction coefficient: 0,000, Error: 0,0000 s
abr 04, 2013 12:33:05 PM org.ros.time.RemoteUptimeClock update
INFO: Latency: 7,0000 s, Delta ratio: 1,0000, Drift: 1,000, Error reduction coefficient: 0,000, Error: 0,0000 s
abr 04, 2013 12:33:05 PM org.ros.time.RemoteUptimeClock update
INFO: Latency: 7,0000 s, Delta ratio: 1,0000, Drift: 1,000, Error reduction coefficient: 0,000, Error: 0,0000 s
abr 04, 2013 12:33:05 PM org.ros.time.RemoteUptimeClock update
INFO: Latency: 7,0000 s, Delta ratio: 1,0000, Drift: 1,000, Error reduction coefficient: 0,000, Error: 0,0000 s
abr 04, 2013 12:33:05 PM org.ros.time.RemoteUptimeClock update
INFO: Latency: 7,0000 s, Delta ratio: 1,0000, Drift: 1,000, Error reduction coefficient: 0,000, Error: 0,0000 s
abr 04, 2013 12:33:05 PM org.ros.time.RemoteUptimeClock update
INFO: Latency: 7,0000 s, Delta ratio: 1,0000, Drift: 1,000, Error reduction coefficient: 0,000, Error: 0,0000 s
abr 04, 2013 12:33:05 PM org.ros.time.RemoteUptimeClock update
INFO: Latency: 7,0000 s, Delta ratio: 1,0000, Drift: 1,000, Error reduction coefficient: 0,000, Error: 0,0000 s
abr 04, 2013 12:33:05 PM org.ros.time.RemoteUptimeClock update
INFO: Latency: 7,0000 s, Delta ratio: 1,0000, Drift: 1,000, Error reduction coefficient: 0,000, Error: 0,0000 s
abr 04, 2013 12:33:05 PM org.ros.time.RemoteUptimeClock update
INFO: Latency: 7,0000 s, Delta ratio: 1,0000, Drift: 1,000, Error reduction coefficient: 0,000, Error: 0,0000 s
abr 04, 2013 12:33:05 PM org.ros.time.RemoteUptimeClock update
INFO: Latency: 7,0000 s, Delta ratio: 1,0000, Drift: 1,000, Error reduction coefficient: 0,000, Error: 0,0000 s
abr 04, 2013 12:33:05 PM org.ros.time.RemoteUptimeClock update
INFO: Latency: 7,0000 s, Delta ratio: 1,0000, Drift: 1,000, Error reduction coefficient: 0,000, Error: 0,0000 s
abr 04, 2013 12:33:05 PM org.ros.time.RemoteUptimeClock update
INFO: Latency: 7,0000 s, Delta ratio: 1,0000, Drift: 1,000, Error reduction coefficient: 0,000, Error: 0,0000 s
abr 04, 2013 12:33:05 PM org.ros.time.RemoteUptimeClock update
INFO: Latency: 7,0000 s, Delta ratio: 1,0000, Drift: 1,000, Error reduction coefficient: 0,000, Error: 0,0000 s
abr 04, 2013 12:33:05 PM org.ros.time.RemoteUptimeClock update
INFO: Latency: 7,0000 s, Delta ratio: 1,0000, Drift: 1,000, Error reduction coefficient: 0,000, Error: 0,0000 s
abr 04, 2013 12:33:05 PM org.ros.time.RemoteUptimeClock update
INFO: Latency: 7,0000 s, Delta ratio: 1,0000, Drift: 1,000, Error reduction coefficient: 0,000, Error: 0,0000 s
abr 04, 2013 12:33:05 PM org.ros.time.RemoteUptimeClock update
INFO: Latency: 7,0000 s, Delta ratio: 1,0000, Drift: 1,000, Error reduction coefficient: 0,000, Error: 0,0000 s
abr 04, 2013 12:33:05 PM org.ros.time.RemoteUptimeClock update
INFO: Latency: 7,0000 s, Delta ratio: 1,0000, Drift: 1,000, Error reduction coefficient: 0,000, Error: 0,0000 s
abr 04, 2013 12:33:05 PM org.ros.time.RemoteUptimeClock update
INFO: Latency: 7,0000 s, Delta ratio: 1,0000, Drift: 1,000, Error reduction coefficient: 0,000, Error: 0,0000 s
abr 04, 2013 12:33:05 PM org.ros.time.RemoteUptimeClock update
INFO: Latency: 7,0000 s, Delta ratio: 1,0000, Drift: 1,000, Error reduction coefficient: 0,000, Error: 0,0000 s
abr 04, 2013 12:33:05 PM org.ros.time.RemoteUptimeClock update
INFO: Latency: 7,0000 s, Delta ratio: 1,0000, Drift: 1,000, Error reduction coefficient: 0,000, Error: 0,0000 s
abr 04, 2013 12:33:05 PM org.ros.time.RemoteUptimeClock update
INFO: Latency: 7,0000 s, Delta ratio: 1,0000, Drift: 1,000, Error reduction coefficient: 0,000, Error: 0,0000 s
abr 04, 2013 12:33:05 PM org.ros.time.RemoteUptimeClock update
INFO: Latency: 7,0000 s, Delta ratio: 1,0000, Drift: 1,000, Error reduction coefficient: 0,000, Error: 0,0000 s
abr 04, 2013 12:33:05 PM org.ros.time.RemoteUptimeClock update
INFO: Latency: 7,0000 s, Delta ratio: 1,0000, Drift: 1,000, Error reduction coefficient: 0,000, Error: 0,0000 s
abr 04, 2013 12:33:05 PM org.ros.time.RemoteUptimeClock update
INFO: Latency: 7,0000 s, Delta ratio: 1,0000, Drift: 1,000, Error reduction coefficient: 0,000, Error: 0,0000 s
abr 04, 2013 12:33:05 PM org.ros.time.RemoteUptimeClock update
INFO: Latency: 7,0000 s, Delta ratio: 1,0000, Drift: 1,000, Error reduction coefficient: 0,000, Error: 0,0000 s
abr 04, 2013 12:33:05 PM org.ros.time.RemoteUptimeClock update
INFO: Latency: 7,0000 s, Delta ratio: 1,0000, Drift: 1,000, Error reduction coefficient: 0,000, Error: 0,0000 s
abr 04, 2013 12:33:05 PM org.ros.time.RemoteUptimeClock update
INFO: Latency: 7,0000 s, Delta ratio: 1,0000, Drift: 1,000, Error reduction coefficient: 0,000, Error: 0,0000 s
abr 04, 2013 12:33:05 PM org.ros.time.RemoteUptimeClock update
INFO: Latency: 7,0000 s, Delta ratio: 1,0000, Drift: 1,000, Error reduction coefficient: 0,000, Error: 0,0000 s
abr 04, 2013 12:33:05 PM org.ros.time.RemoteUptimeClock update
INFO: Latency: 7,0000 s, Delta ratio: 1,0000, Drift: 1,000, Error reduction coefficient: 0,000, Error: 0,0000 s
abr 04, 2013 12:33:05 PM org.ros.time.RemoteUptimeClock update
INFO: Latency: 7,0000 s, Delta ratio: 1,0000, Drift: 1,000, Error reduction coefficient: 0,000, Error: 0,0000 s
abr 04, 2013 12:33:05 PM org.ros.time.RemoteUptimeClock update
INFO: Latency: 7,0000 s, Delta ratio: 1,0000, Drift: 1,000, Error reduction coefficient: 0,000, Error: 0,0000 s
abr 04, 2013 12:33:05 PM org.ros.time.RemoteUptimeClock update
INFO: Latency: 7,0000 s, Delta ratio: 1,0000, Drift: 1,000, Error reduction coefficient: 0,000, Error: 0,0000 s
abr 04, 2013 12:33:05 PM org.ros.time.RemoteUptimeClock update
INFO: Latency: 7,0000 s, Delta ratio: 1,0000, Drift: 1,000, Error reduction coefficient: 0,000, Error: 0,0000 s
abr 04, 2013 12:33:05 PM org.ros.time.RemoteUptimeClock update
INFO: Latency: 7,0000 s, Delta ratio: 1,0000, Drift: 1,000, Error reduction coefficient: 0,000, Error: 0,0000 s
abr 04, 2013 12:33:05 PM org.ros.time.RemoteUptimeClock update
INFO: Latency: 7,0000 s, Delta ratio: 1,0000, Drift: 1,000, Error reduction coefficient: 0,000, Error: 0,0000 s
abr 04, 2013 12:33:05 PM org.ros.time.RemoteUptimeClock update
INFO: Latency: 7,0000 s, Delta ratio: 1,0000, Drift: 1,000, Error reduction coefficient: 0,000, Error: 0,0000 s
abr 04, 2013 12:33:05 PM org.ros.time.RemoteUptimeClock update
INFO: Latency: 7,0000 s, Delta ratio: 1,0000, Drift: 1,000, Error reduction coefficient: 0,000, Error: 0,0000 s
abr 04, 2013 12:33:05 PM org.ros.time.RemoteUptimeClock update
INFO: Latency: 7,0000 s, Delta ratio: 1,0000, Drift: 1,000, Error reduction coefficient: 0,000, Error: 0,0000 s
abr 04, 2013 12:33:05 PM org.ros.time.RemoteUptimeClock update
INFO: Latency: 7,0000 s, Delta ratio: 1,0000, Drift: 1,000, Error reduction coefficient: 0,000, Error: 0,0000 s
abr 04, 2013 12:33:05 PM org.ros.time.RemoteUptimeClock update
INFO: Latency: 7,0000 s, Delta ratio: 1,0000, Drift: 1,000, Error reduction coefficient: 0,000, Error: 0,0000 s
abr 04, 2013 12:33:05 PM org.ros.time.RemoteUptimeClock update
INFO: Latency: 7,0000 s, Delta ratio: 1,0000, Drift: 1,000, Error reduction coefficient: 0,000, Error: 0,0000 s
abr 04, 2013 12:33:05 PM org.ros.time.RemoteUptimeClock update
INFO: Latency: 7,0000 s, Delta ratio: 1,0000, Drift: 1,000, Error reduction coefficient: 0,000, Error: 0,0000 s
abr 04, 2013 12:33:05 PM org.ros.time.RemoteUptimeClock update
INFO: Latency: 7,0000 s, Delta ratio: 1,0000, Drift: 1,000, Error reduction coefficient: 0,000, Error: 0,0000 s
abr 04, 2013 12:33:05 PM org.ros.time.RemoteUptimeClock update
INFO: Latency: 7,0000 s, Delta ratio: 1,0000, Drift: 1,000, Error reduction coefficient: 0,000, Error: 0,0000 s
abr 04, 2013 12:33:05 PM org.ros.time.RemoteUptimeClock update
INFO: Latency: 7,0000 s, Delta ratio: 1,0000, Drift: 1,000, Error reduction coefficient: 0,000, Error: 0,0000 s
abr 04, 2013 12:33:05 PM org.ros.time.RemoteUptimeClock update
INFO: Latency: 7,0000 s, Delta ratio: 1,0000, Drift: 1,000, Error reduction coefficient: 0,000, Error: 0,0000 s
abr 04, 2013 12:33:05 PM org.ros.time.RemoteUptimeClock update
INFO: Latency: 7,0000 s, Delta ratio: 1,0000, Drift: 1,000, Error reduction coefficient: 0,000, Error: 0,0000 s
abr 04, 2013 12:33:05 PM org.ros.time.RemoteUptimeClock update
INFO: Latency: 7,0000 s, Delta ratio: 1,0000, Drift: 1,000, Error reduction coefficient: 0,000, Error: 0,0000 s
abr 04, 2013 12:33:05 PM org.ros.time.RemoteUptimeClock update
INFO: Latency: 7,0000 s, Delta ratio: 1,0000, Drift: 1,000, Error reduction coefficient: 0,000, Error: 0,0000 s
abr 04, 2013 12:33:05 PM org.ros.time.RemoteUptimeClock update
INFO: Latency: 7,0000 s, Delta ratio: 1,0000, Drift: 1,000, Error reduction coefficient: 0,000, Error: 0,0000 s
abr 04, 2013 12:33:05 PM org.ros.time.RemoteUptimeClock update
INFO: Latency: 7,0000 s, Delta ratio: 1,0000, Drift: 1,000, Error reduction coefficient: 0,000, Error: 0,0000 s
abr 04, 2013 12:33:05 PM org.ros.time.RemoteUptimeClock update
INFO: Latency: 7,0000 s, Delta ratio: 1,0000, Drift: 1,000, Error reduction coefficient: 0,000, Error: 0,0000 s
abr 04, 2013 12:33:05 PM org.ros.time.RemoteUptimeClock update
INFO: Latency: 7,0000 s, Delta ratio: 1,0000, Drift: 1,000, Error reduction coefficient: 0,000, Error: 0,0000 s
abr 04, 2013 12:33:05 PM org.ros.time.RemoteUptimeClock update
INFO: Latency: 7,0000 s, Delta ratio: 1,0000, Drift: 1,000, Error reduction coefficient: 0,000, Error: 0,0000 s
abr 04, 2013 12:33:05 PM org.ros.time.RemoteUptimeClock update
INFO: Latency: 7,0000 s, Delta ratio: 1,0000, Drift: 1,000, Error reduction coefficient: 0,000, Error: 0,0000 s
abr 04, 2013 12:33:05 PM org.ros.time.RemoteUptimeClock update
INFO: Latency: 7,0000 s, Delta ratio: 1,0000, Drift: 1,000, Error reduction coefficient: 0,000, Error: 0,0000 s
abr 04, 2013 12:33:05 PM org.ros.time.RemoteUptimeClock update
INFO: Latency: 7,0000 s, Delta ratio: 1,0000, Drift: 1,000, Error reduction coefficient: 0,000, Error: 0,0000 s
abr 04, 2013 12:33:05 PM org.ros.time.RemoteUptimeClock update
INFO: Latency: 7,0000 s, Delta ratio: 1,0000, Drift: 1,000, Error reduction coefficient: 0,000, Error: 0,0000 s
abr 04, 2013 12:33:05 PM org.ros.time.RemoteUptimeClock update
INFO: Latency: 7,0000 s, Delta ratio: 1,0000, Drift: 1,000, Error reduction coefficient: 0,000, Error: 0,0000 s
abr 04, 2013 12:33:05 PM org.ros.time.RemoteUptimeClock update
INFO: Latency: 7,0000 s, Delta ratio: 1,0000, Drift: 1,000, Error reduction coefficient: 0,000, Error: 0,0000 s
abr 04, 2013 12:33:05 PM org.ros.time.RemoteUptimeClock update
INFO: Latency: 7,0000 s, Delta ratio: 1,0000, Drift: 1,000, Error reduction coefficient: 0,000, Error: 0,0000 s
abr 04, 2013 12:33:05 PM org.ros.time.RemoteUptimeClock update
INFO: Latency: 7,0000 s, Delta ratio: 1,0000, Drift: 1,000, Error reduction coefficient: 0,000, Error: 0,0000 s
abr 04, 2013 12:33:05 PM org.ros.time.RemoteUptimeClock update
INFO: Latency: 7,0000 s, Delta ratio: 1,0000, Drift: 1,000, Error reduction coefficient: 0,000, Error: 0,0000 s
abr 04, 2013 12:33:05 PM org.ros.time.RemoteUptimeClock update
INFO: Latency: 7,0000 s, Delta ratio: 1,0000, Drift: 1,000, Error reduction coefficient: 0,000, Error: 0,0000 s
abr 04, 2013 12:33:05 PM org.ros.time.RemoteUptimeClock update
INFO: Latency: 7,0000 s, Delta ratio: 1,0000, Drift: 1,000, Error reduction coefficient: 0,000, Error: 0,0000 s
abr 04, 2013 12:33:05 PM org.ros.time.RemoteUptimeClock update
INFO: Latency: 7,0000 s, Delta ratio: 1,0000, Drift: 1,000, Error reduction coefficient: 0,000, Error: 0,0000 s
abr 04, 2013 12:33:05 PM org.ros.time.RemoteUptimeClock update
INFO: Latency: 7,0000 s, Delta ratio: 1,0000, Drift: 1,000, Error reduction coefficient: 0,000, Error: 0,0000 s
abr 04, 2013 12:33:05 PM org.ros.time.RemoteUptimeClock update
INFO: Latency: 7,0000 s, Delta ratio: 1,0000, Drift: 1,000, Error reduction coefficient: 0,000, Error: 0,0000 s
abr 04, 2013 12:33:05 PM org.ros.time.RemoteUptimeClock update
INFO: Latency: 7,0000 s, Delta ratio: 1,0000, Drift: 1,000, Error reduction coefficient: 0,000, Error: 0,0000 s
abr 04, 2013 12:33:05 PM org.ros.time.RemoteUptimeClock update
INFO: Latency: 7,0000 s, Delta ratio: 1,0000, Drift: 1,000, Error reduction coefficient: 0,000, Error: 0,0000 s
abr 04, 2013 12:33:05 PM org.ros.time.RemoteUptimeClock update
INFO: Latency: 7,0000 s, Delta ratio: 1,0000, Drift: 1,000, Error reduction coefficient: 0,000, Error: 0,0000 s
abr 04, 2013 12:33:05 PM org.ros.time.RemoteUptimeClock update
INFO: Latency: 7,0000 s, Delta ratio: 1,0000, Drift: 1,000, Error reduction coefficient: 0,000, Error: 0,0000 s
abr 04, 2013 12:33:05 PM org.ros.time.RemoteUptimeClock update
INFO: Latency: 7,0000 s, Delta ratio: 1,0000, Drift: 1,000, Error reduction coefficient: 0,000, Error: 0,0000 s
abr 04, 2013 12:33:05 PM org.ros.time.RemoteUptimeClock update
INFO: Latency: 7,0000 s, Delta ratio: 1,0000, Drift: 1,000, Error reduction coefficient: 0,000, Error: 0,0000 s
abr 04, 2013 12:33:05 PM org.ros.time.RemoteUptimeClock update
INFO: Latency: 7,0000 s, Delta ratio: 1,0000, Drift: 1,000, Error reduction coefficient: 0,000, Error: 0,0000 s
abr 04, 2013 12:33:05 PM org.ros.time.RemoteUptimeClock update
INFO: Latency: 7,0000 s, Delta ratio: 1,0000, Drift: 1,000, Error reduction coefficient: 0,000, Error: 0,0000 s
abr 04, 2013 12:33:05 PM org.ros.time.RemoteUptimeClock update
INFO: Latency: 7,0000 s, Delta ratio: 1,0000, Drift: 1,000, Error reduction coefficient: 0,000, Error: 0,0000 s
abr 04, 2013 12:33:05 PM org.ros.time.RemoteUptimeClock update
INFO: Latency: 7,0000 s, Delta ratio: 1,0000, Drift: 1,000, Error reduction coefficient: 0,000, Error: 0,0000 s
abr 04, 2013 12:33:05 PM org.ros.time.RemoteUptimeClock update
INFO: Latency: 7,0000 s, Delta ratio: 1,0000, Drift: 1,000, Error reduction coefficient: 0,000, Error: 0,0000 s
abr 04, 2013 12:33:05 PM org.ros.time.RemoteUptimeClock update
INFO: Latency: 7,0000 s, Delta ratio: 1,0000, Drift: 1,000, Error reduction coefficient: 0,000, Error: 0,0000 s
abr 04, 2013 12:33:05 PM org.ros.time.RemoteUptimeClock update
INFO: Latency: 7,0000 s, Delta ratio: 1,0000, Drift: 1,000, Error reduction coefficient: 0,000, Error: 0,0000 s
abr 04, 2013 12:33:05 PM org.ros.time.RemoteUptimeClock update
INFO: Latency: 7,0000 s, Delta ratio: 1,0000, Drift: 1,000, Error reduction coefficient: 0,000, Error: 0,0000 s
abr 04, 2013 12:33:05 PM org.ros.time.RemoteUptimeClock update
INFO: Latency: 7,0000 s, Delta ratio: 1,0000, Drift: 1,000, Error reduction coefficient: 0,000, Error: 0,0000 s
abr 04, 2013 12:33:05 PM org.ros.time.RemoteUptimeClock update
INFO: Latency: 7,0000 s, Delta ratio: 1,0000, Drift: 1,000, Error reduction coefficient: 0,000, Error: 0,0000 s
abr 04, 2013 12:33:05 PM org.ros.time.RemoteUptimeClock update
INFO: Latency: 7,0000 s, Delta ratio: 1,0000, Drift: 1,000, Error reduction coefficient: 0,000, Error: 0,0000 s
abr 04, 2013 12:33:05 PM org.ros.time.RemoteUptimeClock update
INFO: Latency: 7,0000 s, Delta ratio: 1,0000, Drift: 1,000, Error reduction coefficient: 0,000, Error: 0,0000 s
abr 04, 2013 12:33:05 PM org.ros.time.RemoteUptimeClock update
INFO: Latency: 7,0000 s, Delta ratio: 1,0000, Drift: 1,000, Error reduction coefficient: 0,000, Error: 0,0000 s
abr 04, 2013 12:33:05 PM org.ros.time.RemoteUptimeClock update
INFO: Latency: 7,0000 s, Delta ratio: 1,0000, Drift: 1,000, Error reduction coefficient: 0,000, Error: 0,0000 s
abr 04, 2013 12:33:05 PM org.ros.time.RemoteUptimeClock update
INFO: Latency: 7,0000 s, Delta ratio: 1,0000, Drift: 1,000, Error reduction coefficient: 0,000, Error: 0,0000 s
abr 04, 2013 12:33:05 PM org.ros.time.RemoteUptimeClock update
INFO: Latency: 7,0000 s, Delta ratio: 1,0000, Drift: 1,000, Error reduction coefficient: 0,000, Error: 0,0000 s
abr 04, 2013 12:33:05 PM org.ros.time.RemoteUptimeClock update
INFO: Latency: 7,0000 s, Delta ratio: 1,0000, Drift: 1,000, Error reduction coefficient: 0,000, Error: 0,0000 s
abr 04, 2013 12:33:05 PM org.ros.time.RemoteUptimeClock update
INFO: Latency: 7,0000 s, Delta ratio: 1,0000, Drift: 1,000, Error reduction coefficient: 0,000, Error: 0,0000 s
abr 04, 2013 12:33:05 PM org.ros.time.RemoteUptimeClock update
INFO: Latency: 7,0000 s, Delta ratio: 1,0000, Drift: 1,000, Error reduction coefficient: 0,000, Error: 0,0000 s
abr 04, 2013 12:33:05 PM org.ros.time.RemoteUptimeClock update
INFO: Latency: 7,0000 s, Delta ratio: 1,0000, Drift: 1,000, Error reduction coefficient: 0,000, Error: 0,0000 s
abr 04, 2013 12:33:05 PM org.ros.time.RemoteUptimeClock update
INFO: Latency: 7,0000 s, Delta ratio: 1,0000, Drift: 1,000, Error reduction coefficient: 0,000, Error: 0,0000 s
abr 04, 2013 12:33:05 PM org.ros.time.RemoteUptimeClock update
INFO: Latency: 7,0000 s, Delta ratio: 1,0000, Drift: 1,000, Error reduction coefficient: 0,000, Error: 0,0000 s
abr 04, 2013 12:33:05 PM org.ros.time.RemoteUptimeClock update
INFO: Latency: 7,0000 s, Delta ratio: 1,0000, Drift: 1,000, Error reduction coefficient: 0,000, Error: 0,0000 s
abr 04, 2013 12:33:05 PM org.ros.time.RemoteUptimeClock update
INFO: Latency: 7,0000 s, Delta ratio: 1,0000, Drift: 1,000, Error reduction coefficient: 0,000, Error: 0,0000 s
abr 04, 2013 12:33:05 PM org.ros.time.RemoteUptimeClock update
INFO: Latency: 7,0000 s, Delta ratio: 1,0000, Drift: 1,000, Error reduction coefficient: 0,000, Error: 0,0000 s
abr 04, 2013 12:33:05 PM org.ros.time.RemoteUptimeClock update
INFO: Latency: 7,0000 s, Delta ratio: 1,0000, Drift: 1,000, Error reduction coefficient: 0,000, Error: 0,0000 s
abr 04, 2013 12:33:05 PM org.ros.time.RemoteUptimeClock update
INFO: Latency: 7,0000 s, Delta ratio: 1,0000, Drift: 1,000, Error reduction coefficient: 0,000, Error: 0,0000 s
abr 04, 2013 12:33:05 PM org.ros.time.RemoteUptimeClock update
INFO: Latency: 7,0000 s, Delta ratio: 1,0000, Drift: 1,000, Error reduction coefficient: 0,000, Error: 0,0000 s
abr 04, 2013 12:33:05 PM org.ros.time.RemoteUptimeClock update
INFO: Latency: 7,0000 s, Delta ratio: 1,0000, Drift: 1,000, Error reduction coefficient: 0,000, Error: 0,0000 s
abr 04, 2013 12:33:05 PM org.ros.time.RemoteUptimeClock update
INFO: Latency: 7,0000 s, Delta ratio: 1,0000, Drift: 1,000, Error reduction coefficient: 0,000, Error: 0,0000 s
abr 04, 2013 12:33:05 PM org.ros.time.RemoteUptimeClock update
INFO: Latency: 7,0000 s, Delta ratio: 1,0000, Drift: 1,000, Error reduction coefficient: 0,000, Error: 0,0000 s
abr 04, 2013 12:33:05 PM org.ros.time.RemoteUptimeClock update
INFO: Latency: 7,0000 s, Delta ratio: 1,0000, Drift: 1,000, Error reduction coefficient: 0,000, Error: 0,0000 s
abr 04, 2013 12:33:05 PM org.ros.time.RemoteUptimeClock update
INFO: Latency: 7,0000 s, Delta ratio: 1,0000, Drift: 1,000, Error reduction coefficient: 0,000, Error: 0,0000 s
abr 04, 2013 12:33:05 PM org.ros.time.RemoteUptimeClock update
INFO: Latency: 7,0000 s, Delta ratio: 1,0000, Drift: 1,000, Error reduction coefficient: 0,000, Error: 0,0000 s
abr 04, 2013 12:33:05 PM org.ros.time.RemoteUptimeClock update
INFO: Latency: 7,0000 s, Delta ratio: 1,0000, Drift: 1,000, Error reduction coefficient: 0,000, Error: 0,0000 s
abr 04, 2013 12:33:05 PM org.ros.time.RemoteUptimeClock update
INFO: Latency: 7,0000 s, Delta ratio: 1,0000, Drift: 1,000, Error reduction coefficient: 0,000, Error: 0,0000 s
abr 04, 2013 12:33:05 PM org.ros.time.RemoteUptimeClock update
INFO: Latency: 7,0000 s, Delta ratio: 1,0000, Drift: 1,000, Error reduction coefficient: 0,000, Error: 0,0000 s
abr 04, 2013 12:33:05 PM org.ros.time.RemoteUptimeClock update
INFO: Latency: 7,0000 s, Delta ratio: 1,0000, Drift: 1,000, Error reduction coefficient: 0,000, Error: 0,0000 s
abr 04, 2013 12:33:05 PM org.ros.time.RemoteUptimeClock update
INFO: Latency: 7,0000 s, Delta ratio: 1,0000, Drift: 1,000, Error reduction coefficient: 0,000, Error: 0,0000 s
abr 04, 2013 12:33:05 PM org.ros.time.RemoteUptimeClock update
INFO: Latency: 7,0000 s, Delta ratio: 1,0000, Drift: 1,000, Error reduction coefficient: 0,000, Error: 0,0000 s
abr 04, 2013 12:33:05 PM org.ros.time.RemoteUptimeClock update
INFO: Latency: 7,0000 s, Delta ratio: 1,0000, Drift: 1,000, Error reduction coefficient: 0,000, Error: 0,0000 s
abr 04, 2013 12:33:05 PM org.ros.time.RemoteUptimeClock update
INFO: Latency: 7,0000 s, Delta ratio: 1,0000, Drift: 1,000, Error reduction coefficient: 0,000, Error: 0,0000 s
abr 04, 2013 12:33:05 PM org.ros.time.RemoteUptimeClock update
INFO: Latency: 7,0000 s, Delta ratio: 1,0000, Drift: 1,000, Error reduction coefficient: 0,000, Error: 0,0000 s
abr 04, 2013 12:33:05 PM org.ros.time.RemoteUptimeClock update
INFO: Latency: 7,0000 s, Delta ratio: 1,0000, Drift: 1,000, Error reduction coefficient: 0,000, Error: 0,0000 s
abr 04, 2013 12:33:05 PM org.ros.time.RemoteUptimeClock update
INFO: Latency: 7,0000 s, Delta ratio: 1,0000, Drift: 1,000, Error reduction coefficient: 0,000, Error: 0,0000 s
abr 04, 2013 12:33:05 PM org.ros.time.RemoteUptimeClock update
INFO: Latency: 7,0000 s, Delta ratio: 1,0000, Drift: 1,000, Error reduction coefficient: 0,000, Error: 0,0000 s
abr 04, 2013 12:33:05 PM org.ros.time.RemoteUptimeClock update
INFO: Latency: 7,0000 s, Delta ratio: 1,0000, Drift: 1,000, Error reduction coefficient: 0,000, Error: 0,0000 s
abr 04, 2013 12:33:05 PM org.ros.time.RemoteUptimeClock update
INFO: Latency: 7,0000 s, Delta ratio: 1,0000, Drift: 1,000, Error reduction coefficient: 0,000, Error: 0,0000 s
abr 04, 2013 12:33:05 PM org.ros.time.RemoteUptimeClock update
INFO: Latency: 7,0000 s, Delta ratio: 1,0000, Drift: 1,000, Error reduction coefficient: 0,000, Error: 0,0000 s
abr 04, 2013 12:33:05 PM org.ros.time.RemoteUptimeClock update
INFO: Latency: 7,0000 s, Delta ratio: 1,0000, Drift: 1,000, Error reduction coefficient: 0,000, Error: 0,0000 s
abr 04, 2013 12:33:05 PM org.ros.time.RemoteUptimeClock update
INFO: Latency: 7,0000 s, Delta ratio: 1,0000, Drift: 1,000, Error reduction coefficient: 0,000, Error: 0,0000 s
abr 04, 2013 12:33:05 PM org.ros.time.RemoteUptimeClock update
INFO: Latency: 7,0000 s, Delta ratio: 1,0000, Drift: 1,000, Error reduction coefficient: 0,000, Error: 0,0000 s
abr 04, 2013 12:33:05 PM org.ros.time.RemoteUptimeClock update
INFO: Latency: 7,0000 s, Delta ratio: 1,0000, Drift: 1,000, Error reduction coefficient: 0,000, Error: 0,0000 s
abr 04, 2013 12:33:05 PM org.ros.time.RemoteUptimeClock update
INFO: Latency: 7,0000 s, Delta ratio: 1,0000, Drift: 1,000, Error reduction coefficient: 0,000, Error: 0,0000 s
abr 04, 2013 12:33:05 PM org.ros.time.RemoteUptimeClock update
INFO: Latency: 7,0000 s, Delta ratio: 1,0000, Drift: 1,000, Error reduction coefficient: 0,000, Error: 0,0000 s
abr 04, 2013 12:33:05 PM org.ros.time.RemoteUptimeClock update
INFO: Latency: 7,0000 s, Delta ratio: 1,0000, Drift: 1,000, Error reduction coefficient: 0,000, Error: 0,0000 s
abr 04, 2013 12:33:05 PM org.ros.time.RemoteUptimeClock update
INFO: Latency: 7,0000 s, Delta ratio: 1,0000, Drift: 1,000, Error reduction coefficient: 0,000, Error: 0,0000 s
abr 04, 2013 12:33:05 PM org.ros.time.RemoteUptimeClock update
INFO: Latency: 7,0000 s, Delta ratio: 1,0000, Drift: 1,000, Error reduction coefficient: 0,000, Error: 0,0000 s
abr 04, 2013 12:33:05 PM org.ros.time.RemoteUptimeClock update
INFO: Latency: 7,0000 s, Delta ratio: 1,0000, Drift: 1,000, Error reduction coefficient: 0,000, Error: 0,0000 s
abr 04, 2013 12:33:05 PM org.ros.time.RemoteUptimeClock update
INFO: Latency: 7,0000 s, Delta ratio: 1,0000, Drift: 1,000, Error reduction coefficient: 0,000, Error: 0,0000 s
abr 04, 2013 12:33:05 PM org.ros.time.RemoteUptimeClock update
INFO: Latency: 7,0000 s, Delta ratio: 1,0000, Drift: 1,000, Error reduction coefficient: 0,000, Error: 0,0000 s
abr 04, 2013 12:33:05 PM org.ros.time.RemoteUptimeClock update
INFO: Latency: 7,0000 s, Delta ratio: 1,0000, Drift: 1,000, Error reduction coefficient: 0,000, Error: 0,0000 s
abr 04, 2013 12:33:06 PM org.ros.time.RemoteUptimeClock update
INFO: Latency: 7,0000 s, Delta ratio: 1,0000, Drift: 1,000, Error reduction coefficient: 0,000, Error: 0,0000 s
abr 04, 2013 12:33:06 PM org.ros.time.RemoteUptimeClock update
INFO: Latency: 7,0000 s, Delta ratio: 1,0000, Drift: 1,000, Error reduction coefficient: 0,000, Error: 0,0000 s
abr 04, 2013 12:33:06 PM org.ros.time.RemoteUptimeClock update
INFO: Latency: 7,0000 s, Delta ratio: 1,0000, Drift: 1,000, Error reduction coefficient: 0,000, Error: 0,0000 s
abr 04, 2013 12:33:06 PM org.ros.time.RemoteUptimeClock update
INFO: Latency: 7,0000 s, Delta ratio: 1,0000, Drift: 1,000, Error reduction coefficient: 0,000, Error: 0,0000 s
abr 04, 2013 12:33:06 PM org.ros.time.RemoteUptimeClock update
INFO: Latency: 7,0000 s, Delta ratio: 1,0000, Drift: 1,000, Error reduction coefficient: 0,000, Error: 0,0000 s
abr 04, 2013 12:33:06 PM org.ros.time.RemoteUptimeClock update
INFO: Latency: 7,0000 s, Delta ratio: 1,0000, Drift: 1,000, Error reduction coefficient: 0,000, Error: 0,0000 s
abr 04, 2013 12:33:06 PM org.ros.time.RemoteUptimeClock update
INFO: Latency: 7,0000 s, Delta ratio: 1,0000, Drift: 1,000, Error reduction coefficient: 0,000, Error: 0,0000 s
abr 04, 2013 12:33:06 PM org.ros.time.RemoteUptimeClock update
INFO: Latency: 7,0000 s, Delta ratio: 1,0000, Drift: 1,000, Error reduction coefficient: 0,000, Error: 0,0000 s
abr 04, 2013 12:33:06 PM org.ros.time.RemoteUptimeClock update
INFO: Latency: 7,0000 s, Delta ratio: 1,0000, Drift: 1,000, Error reduction coefficient: 0,000, Error: 0,0000 s
abr 04, 2013 12:33:06 PM org.ros.time.RemoteUptimeClock update
INFO: Latency: 7,0000 s, Delta ratio: 1,0000, Drift: 1,000, Error reduction coefficient: 0,000, Error: 0,0000 s
abr 04, 2013 12:33:06 PM org.ros.time.RemoteUptimeClock update
INFO: Latency: 7,0000 s, Delta ratio: 1,0000, Drift: 1,000, Error reduction coefficient: 0,000, Error: 0,0000 s
abr 04, 2013 12:33:06 PM org.ros.time.RemoteUptimeClock update
INFO: Latency: 7,0000 s, Delta ratio: 1,0000, Drift: 1,000, Error reduction coefficient: 0,000, Error: 0,0000 s
abr 04, 2013 12:33:06 PM org.ros.time.RemoteUptimeClock update
INFO: Latency: 7,0000 s, Delta ratio: 1,0000, Drift: 1,000, Error reduction coefficient: 0,000, Error: 0,0000 s
abr 04, 2013 12:33:06 PM org.ros.time.RemoteUptimeClock update
INFO: Latency: 7,0000 s, Delta ratio: 1,0000, Drift: 1,000, Error reduction coefficient: 0,000, Error: 0,0000 s
abr 04, 2013 12:33:06 PM org.ros.time.RemoteUptimeClock update
INFO: Latency: 7,0000 s, Delta ratio: 1,0000, Drift: 1,000, Error reduction coefficient: 0,000, Error: 0,0000 s
abr 04, 2013 12:33:06 PM org.ros.time.RemoteUptimeClock update
INFO: Latency: 7,0000 s, Delta ratio: 1,0000, Drift: 1,000, Error reduction coefficient: 0,000, Error: 0,0000 s
abr 04, 2013 12:33:06 PM org.ros.time.RemoteUptimeClock update
INFO: Latency: 7,0000 s, Delta ratio: 1,0000, Drift: 1,000, Error reduction coefficient: 0,000, Error: 0,0000 s
abr 04, 2013 12:33:06 PM org.ros.time.RemoteUptimeClock update
INFO: Latency: 7,0000 s, Delta ratio: 1,0000, Drift: 1,000, Error reduction coefficient: 0,000, Error: 0,0000 s
abr 04, 2013 12:33:06 PM org.ros.time.RemoteUptimeClock update
INFO: Latency: 7,0000 s, Delta ratio: 1,0000, Drift: 1,000, Error reduction coefficient: 0,000, Error: 0,0000 s
abr 04, 2013 12:33:06 PM org.ros.time.RemoteUptimeClock update
INFO: Latency: 7,0000 s, Delta ratio: 1,0000, Drift: 1,000, Error reduction coefficient: 0,000, Error: 0,0000 s
abr 04, 2013 12:33:06 PM org.ros.time.RemoteUptimeClock update
INFO: Latency: 7,0000 s, Delta ratio: 1,0000, Drift: 1,000, Error reduction coefficient: 0,000, Error: 0,0000 s
abr 04, 2013 12:33:06 PM org.ros.time.RemoteUptimeClock update
INFO: Latency: 7,0000 s, Delta ratio: 1,0000, Drift: 1,000, Error reduction coefficient: 0,000, Error: 0,0000 s
abr 04, 2013 12:33:06 PM org.ros.time.RemoteUptimeClock update
INFO: Latency: 7,0000 s, Delta ratio: 1,0000, Drift: 1,000, Error reduction coefficient: 0,000, Error: 0,0000 s
abr 04, 2013 12:33:06 PM org.ros.time.RemoteUptimeClock update
INFO: Latency: 7,0000 s, Delta ratio: 1,0000, Drift: 1,000, Error reduction coefficient: 0,000, Error: 0,0000 s
abr 04, 2013 12:33:06 PM org.ros.time.RemoteUptimeClock update
INFO: Latency: 7,0000 s, Delta ratio: 1,0000, Drift: 1,000, Error reduction coefficient: 0,000, Error: 0,0000 s
abr 04, 2013 12:33:06 PM org.ros.time.RemoteUptimeClock update
INFO: Latency: 7,0000 s, Delta ratio: 1,0000, Drift: 1,000, Error reduction coefficient: 0,000, Error: 0,0000 s
abr 04, 2013 12:33:06 PM org.ros.time.RemoteUptimeClock update
INFO: Latency: 7,0000 s, Delta ratio: 1,0000, Drift: 1,000, Error reduction coefficient: 0,000, Error: 0,0000 s
abr 04, 2013 12:33:06 PM org.ros.time.RemoteUptimeClock update
INFO: Latency: 7,0000 s, Delta ratio: 1,0000, Drift: 1,000, Error reduction coefficient: 0,000, Error: 0,0000 s
abr 04, 2013 12:33:06 PM org.ros.time.RemoteUptimeClock update
INFO: Latency: 7,0000 s, Delta ratio: 1,0000, Drift: 1,000, Error reduction coefficient: 0,000, Error: 0,0000 s
abr 04, 2013 12:33:06 PM org.ros.time.RemoteUptimeClock update
INFO: Latency: 7,0000 s, Delta ratio: 1,0000, Drift: 1,000, Error reduction coefficient: 0,000, Error: 0,0000 s
abr 04, 2013 12:33:06 PM org.ros.time.RemoteUptimeClock update
INFO: Latency: 7,0000 s, Delta ratio: 1,0000, Drift: 1,000, Error reduction coefficient: 0,000, Error: 0,0000 s
abr 04, 2013 12:33:06 PM org.ros.time.RemoteUptimeClock update
INFO: Latency: 7,0000 s, Delta ratio: 1,0000, Drift: 1,000, Error reduction coefficient: 0,000, Error: 0,0000 s
abr 04, 2013 12:33:06 PM org.ros.time.RemoteUptimeClock update
INFO: Latency: 7,0000 s, Delta ratio: 1,0000, Drift: 1,000, Error reduction coefficient: 0,000, Error: 0,0000 s
abr 04, 2013 12:33:06 PM org.ros.time.RemoteUptimeClock update
INFO: Latency: 7,0000 s, Delta ratio: 1,0000, Drift: 1,000, Error reduction coefficient: 0,000, Error: 0,0000 s
abr 04, 2013 12:33:06 PM org.ros.time.RemoteUptimeClock update
INFO: Latency: 7,0000 s, Delta ratio: 1,0000, Drift: 1,000, Error reduction coefficient: 0,000, Error: 0,0000 s
abr 04, 2013 12:33:06 PM org.ros.time.RemoteUptimeClock update
INFO: Latency: 7,0000 s, Delta ratio: 1,0000, Drift: 1,000, Error reduction coefficient: 0,000, Error: 0,0000 s
abr 04, 2013 12:33:06 PM org.ros.time.RemoteUptimeClock update
INFO: Latency: 7,0000 s, Delta ratio: 1,0000, Drift: 1,000, Error reduction coefficient: 0,000, Error: 0,0000 s
abr 04, 2013 12:33:06 PM org.ros.time.RemoteUptimeClock update
INFO: Latency: 7,0000 s, Delta ratio: 1,0000, Drift: 1,000, Error reduction coefficient: 0,000, Error: 0,0000 s
abr 04, 2013 12:33:06 PM org.ros.time.RemoteUptimeClock update
INFO: Latency: 7,0000 s, Delta ratio: 1,0000, Drift: 1,000, Error reduction coefficient: 0,000, Error: 0,0000 s
abr 04, 2013 12:33:06 PM org.ros.time.RemoteUptimeClock update
INFO: Latency: 7,0000 s, Delta ratio: 1,0000, Drift: 1,000, Error reduction coefficient: 0,000, Error: 0,0000 s
abr 04, 2013 12:33:06 PM org.ros.time.RemoteUptimeClock update
INFO: Latency: 7,0000 s, Delta ratio: 1,0000, Drift: 1,000, Error reduction coefficient: 0,000, Error: 0,0000 s
abr 04, 2013 12:33:06 PM org.ros.time.RemoteUptimeClock update
INFO: Latency: 7,0000 s, Delta ratio: 1,0000, Drift: 1,000, Error reduction coefficient: 0,000, Error: 0,0000 s
abr 04, 2013 12:33:06 PM org.ros.time.RemoteUptimeClock update
INFO: Latency: 7,0000 s, Delta ratio: 1,0000, Drift: 1,000, Error reduction coefficient: 0,000, Error: 0,0000 s
abr 04, 2013 12:33:06 PM org.ros.time.RemoteUptimeClock update
INFO: Latency: 7,0000 s, Delta ratio: 1,0000, Drift: 1,000, Error reduction coefficient: 0,000, Error: 0,0000 s
abr 04, 2013 12:33:06 PM org.ros.time.RemoteUptimeClock update
INFO: Latency: 7,0000 s, Delta ratio: 1,0000, Drift: 1,000, Error reduction coefficient: 0,000, Error: 0,0000 s
abr 04, 2013 12:33:06 PM org.ros.time.RemoteUptimeClock update
INFO: Latency: 7,0000 s, Delta ratio: 1,0000, Drift: 1,000, Error reduction coefficient: 0,000, Error: 0,0000 s
abr 04, 2013 12:33:06 PM org.ros.time.RemoteUptimeClock update
INFO: Latency: 7,0000 s, Delta ratio: 1,0000, Drift: 1,000, Error reduction coefficient: 0,000, Error: 0,0000 s
abr 04, 2013 12:33:06 PM org.ros.time.RemoteUptimeClock update
INFO: Latency: 7,0000 s, Delta ratio: 1,0000, Drift: 1,000, Error reduction coefficient: 0,000, Error: 0,0000 s
abr 04, 2013 12:33:06 PM org.ros.time.RemoteUptimeClock update
INFO: Latency: 7,0000 s, Delta ratio: 1,0000, Drift: 1,000, Error reduction coefficient: 0,000, Error: 0,0000 s
abr 04, 2013 12:33:06 PM org.ros.time.RemoteUptimeClock update
INFO: Latency: 7,0000 s, Delta ratio: 1,0000, Drift: 1,000, Error reduction coefficient: 0,000, Error: 0,0000 s
abr 04, 2013 12:33:06 PM org.ros.time.RemoteUptimeClock update
INFO: Latency: 7,0000 s, Delta ratio: 1,0000, Drift: 1,000, Error reduction coefficient: 0,000, Error: 0,0000 s
abr 04, 2013 12:33:06 PM org.ros.time.RemoteUptimeClock update
INFO: Latency: 7,0000 s, Delta ratio: 1,0000, Drift: 1,000, Error reduction coefficient: 0,000, Error: 0,0000 s
abr 04, 2013 12:33:06 PM org.ros.time.RemoteUptimeClock update
INFO: Latency: 7,0000 s, Delta ratio: 1,0000, Drift: 1,000, Error reduction coefficient: 0,000, Error: 0,0000 s
abr 04, 2013 12:33:06 PM org.ros.time.RemoteUptimeClock update
INFO: Latency: 7,0000 s, Delta ratio: 1,0000, Drift: 1,000, Error reduction coefficient: 0,000, Error: 0,0000 s
abr 04, 2013 12:33:06 PM org.ros.time.RemoteUptimeClock update
INFO: Latency: 7,0000 s, Delta ratio: 1,0000, Drift: 1,000, Error reduction coefficient: 0,000, Error: 0,0000 s
abr 04, 2013 12:33:06 PM org.ros.time.RemoteUptimeClock update
INFO: Latency: 7,0000 s, Delta ratio: 1,0000, Drift: 1,000, Error reduction coefficient: 0,000, Error: 0,0000 s
abr 04, 2013 12:33:06 PM org.ros.time.RemoteUptimeClock update
INFO: Latency: 7,0000 s, Delta ratio: 1,0000, Drift: 1,000, Error reduction coefficient: 0,000, Error: 0,0000 s
abr 04, 2013 12:33:06 PM org.ros.time.RemoteUptimeClock update
INFO: Latency: 7,0000 s, Delta ratio: 1,0000, Drift: 1,000, Error reduction coefficient: 0,000, Error: 0,0000 s
abr 04, 2013 12:33:06 PM org.ros.time.RemoteUptimeClock update
INFO: Latency: 7,0000 s, Delta ratio: 1,0000, Drift: 1,000, Error reduction coefficient: 0,000, Error: 0,0000 s
abr 04, 2013 12:33:06 PM org.ros.time.RemoteUptimeClock update
INFO: Latency: 7,0000 s, Delta ratio: 1,0000, Drift: 1,000, Error reduction coefficient: 0,000, Error: 0,0000 s
abr 04, 2013 12:33:06 PM org.ros.time.RemoteUptimeClock update
INFO: Latency: 7,0000 s, Delta ratio: 1,0000, Drift: 1,000, Error reduction coefficient: 0,000, Error: 0,0000 s
abr 04, 2013 12:33:06 PM org.ros.time.RemoteUptimeClock update
INFO: Latency: 7,0000 s, Delta ratio: 1,0000, Drift: 1,000, Error reduction coefficient: 0,000, Error: 0,0000 s
abr 04, 2013 12:33:06 PM org.ros.time.RemoteUptimeClock update
INFO: Latency: 7,0000 s, Delta ratio: 1,0000, Drift: 1,000, Error reduction coefficient: 0,000, Error: 0,0000 s
abr 04, 2013 12:33:06 PM org.ros.time.RemoteUptimeClock update
INFO: Latency: 7,0000 s, Delta ratio: 1,0000, Drift: 1,000, Error reduction coefficient: 0,000, Error: 0,0000 s
abr 04, 2013 12:33:06 PM org.ros.time.RemoteUptimeClock update
INFO: Latency: 7,0000 s, Delta ratio: 1,0000, Drift: 1,000, Error reduction coefficient: 0,000, Error: 0,0000 s
abr 04, 2013 12:33:06 PM org.ros.time.RemoteUptimeClock update
INFO: Latency: 7,0000 s, Delta ratio: 1,0000, Drift: 1,000, Error reduction coefficient: 0,000, Error: 0,0000 s
abr 04, 2013 12:33:06 PM org.ros.time.RemoteUptimeClock update
INFO: Latency: 7,0000 s, Delta ratio: 1,0000, Drift: 1,000, Error reduction coefficient: 0,000, Error: 0,0000 s
abr 04, 2013 12:33:06 PM org.ros.time.RemoteUptimeClock update
INFO: Latency: 7,0000 s, Delta ratio: 1,0000, Drift: 1,000, Error reduction coefficient: 0,000, Error: 0,0000 s
abr 04, 2013 12:33:06 PM org.ros.time.RemoteUptimeClock update
INFO: Latency: 7,0000 s, Delta ratio: 1,0000, Drift: 1,000, Error reduction coefficient: 0,000, Error: 0,0000 s
abr 04, 2013 12:33:06 PM org.ros.time.RemoteUptimeClock update
INFO: Latency: 7,0000 s, Delta ratio: 1,0000, Drift: 1,000, Error reduction coefficient: 0,000, Error: 0,0000 s
abr 04, 2013 12:33:06 PM org.ros.time.RemoteUptimeClock update
INFO: Latency: 7,0000 s, Delta ratio: 1,0000, Drift: 1,000, Error reduction coefficient: 0,000, Error: 0,0000 s
abr 04, 2013 12:33:06 PM org.ros.time.RemoteUptimeClock update
INFO: Latency: 7,0000 s, Delta ratio: 1,0000, Drift: 1,000, Error reduction coefficient: 0,000, Error: 0,0000 s
abr 04, 2013 12:33:06 PM org.ros.time.RemoteUptimeClock update
INFO: Latency: 7,0000 s, Delta ratio: 1,0000, Drift: 1,000, Error reduction coefficient: 0,000, Error: 0,0000 s
abr 04, 2013 12:33:06 PM org.ros.time.RemoteUptimeClock update
INFO: Latency: 7,0000 s, Delta ratio: 1,0000, Drift: 1,000, Error reduction coefficient: 0,000, Error: 0,0000 s
abr 04, 2013 12:33:06 PM org.ros.time.RemoteUptimeClock update
INFO: Latency: 7,0000 s, Delta ratio: 1,0000, Drift: 1,000, Error reduction coefficient: 0,000, Error: 0,0000 s
abr 04, 2013 12:33:06 PM org.ros.time.RemoteUptimeClock update
INFO: Latency: 7,0000 s, Delta ratio: 1,0000, Drift: 1,000, Error reduction coefficient: 0,000, Error: 0,0000 s
abr 04, 2013 12:33:06 PM org.ros.time.RemoteUptimeClock update
INFO: Latency: 7,0000 s, Delta ratio: 1,0000, Drift: 1,000, Error reduction coefficient: 0,000, Error: 0,0000 s
abr 04, 2013 12:33:06 PM org.ros.time.RemoteUptimeClock update
INFO: Latency: 7,0000 s, Delta ratio: 1,0000, Drift: 1,000, Error reduction coefficient: 0,000, Error: 0,0000 s
abr 04, 2013 12:33:06 PM org.ros.time.RemoteUptimeClock update
INFO: Latency: 7,0000 s, Delta ratio: 1,0000, Drift: 1,000, Error reduction coefficient: 0,000, Error: 0,0000 s
abr 04, 2013 12:33:06 PM org.ros.time.RemoteUptimeClock update
INFO: Latency: 7,0000 s, Delta ratio: 1,0000, Drift: 1,000, Error reduction coefficient: 0,000, Error: 0,0000 s
abr 04, 2013 12:33:06 PM org.ros.time.RemoteUptimeClock update
INFO: Latency: 7,0000 s, Delta ratio: 1,0000, Drift: 1,000, Error reduction coefficient: 0,000, Error: 0,0000 s
abr 04, 2013 12:33:06 PM org.ros.time.RemoteUptimeClock update
INFO: Latency: 7,0000 s, Delta ratio: 1,0000, Drift: 1,000, Error reduction coefficient: 0,000, Error: 0,0000 s
abr 04, 2013 12:33:06 PM org.ros.time.RemoteUptimeClock update
INFO: Latency: 7,0000 s, Delta ratio: 1,0000, Drift: 1,000, Error reduction coefficient: 0,000, Error: 0,0000 s
abr 04, 2013 12:33:06 PM org.ros.time.RemoteUptimeClock update
INFO: Latency: 7,0000 s, Delta ratio: 1,0000, Drift: 1,000, Error reduction coefficient: 0,000, Error: 0,0000 s
abr 04, 2013 12:33:06 PM org.ros.time.RemoteUptimeClock update
INFO: Latency: 7,0000 s, Delta ratio: 1,0000, Drift: 1,000, Error reduction coefficient: 0,000, Error: 0,0000 s
abr 04, 2013 12:33:06 PM org.ros.time.RemoteUptimeClock update
INFO: Latency: 7,0000 s, Delta ratio: 1,0000, Drift: 1,000, Error reduction coefficient: 0,000, Error: 0,0000 s
abr 04, 2013 12:33:06 PM org.ros.time.RemoteUptimeClock update
INFO: Latency: 7,0000 s, Delta ratio: 1,0000, Drift: 1,000, Error reduction coefficient: 0,000, Error: 0,0000 s
abr 04, 2013 12:33:06 PM org.ros.time.RemoteUptimeClock update
INFO: Latency: 7,0000 s, Delta ratio: 1,0000, Drift: 1,000, Error reduction coefficient: 0,000, Error: 0,0000 s
abr 04, 2013 12:33:06 PM org.ros.time.RemoteUptimeClock update
INFO: Latency: 7,0000 s, Delta ratio: 1,0000, Drift: 1,000, Error reduction coefficient: 0,000, Error: 0,0000 s
abr 04, 2013 12:33:06 PM org.ros.time.RemoteUptimeClock update
INFO: Latency: 7,0000 s, Delta ratio: 1,0000, Drift: 1,000, Error reduction coefficient: 0,000, Error: 0,0000 s
abr 04, 2013 12:33:06 PM org.ros.time.RemoteUptimeClock update
INFO: Latency: 7,0000 s, Delta ratio: 1,0000, Drift: 1,000, Error reduction coefficient: 0,000, Error: 0,0000 s
abr 04, 2013 12:33:06 PM org.ros.time.RemoteUptimeClock update
INFO: Latency: 7,0000 s, Delta ratio: 1,0000, Drift: 1,000, Error reduction coefficient: 0,000, Error: 0,0000 s
abr 04, 2013 12:33:06 PM org.ros.time.RemoteUptimeClock update
INFO: Latency: 7,0000 s, Delta ratio: 1,0000, Drift: 1,000, Error reduction coefficient: 0,000, Error: 0,0000 s
abr 04, 2013 12:33:06 PM org.ros.time.RemoteUptimeClock update
INFO: Latency: 7,0000 s, Delta ratio: 1,0000, Drift: 1,000, Error reduction coefficient: 0,000, Error: 0,0000 s
abr 04, 2013 12:33:06 PM org.ros.time.RemoteUptimeClock update
INFO: Latency: 7,0000 s, Delta ratio: 1,0000, Drift: 1,000, Error reduction coefficient: 0,000, Error: 0,0000 s
abr 04, 2013 12:33:06 PM org.ros.time.RemoteUptimeClock update
INFO: Latency: 7,0000 s, Delta ratio: 1,0000, Drift: 1,000, Error reduction coefficient: 0,000, Error: 0,0000 s
abr 04, 2013 12:33:06 PM org.ros.time.RemoteUptimeClock update
INFO: Latency: 7,0000 s, Delta ratio: 1,0000, Drift: 1,000, Error reduction coefficient: 0,000, Error: 0,0000 s
abr 04, 2013 12:33:06 PM org.ros.time.RemoteUptimeClock update
INFO: Latency: 7,0000 s, Delta ratio: 1,0000, Drift: 1,000, Error reduction coefficient: 0,000, Error: 0,0000 s
abr 04, 2013 12:33:06 PM org.ros.time.RemoteUptimeClock update
INFO: Latency: 7,0000 s, Delta ratio: 1,0000, Drift: 1,000, Error reduction coefficient: 0,000, Error: 0,0000 s
abr 04, 2013 12:33:06 PM org.ros.time.RemoteUptimeClock update
INFO: Latency: 7,0000 s, Delta ratio: 1,0000, Drift: 1,000, Error reduction coefficient: 0,000, Error: 0,0000 s
abr 04, 2013 12:33:06 PM org.ros.time.RemoteUptimeClock update
INFO: Latency: 7,0000 s, Delta ratio: 1,0000, Drift: 1,000, Error reduction coefficient: 0,000, Error: 0,0000 s
abr 04, 2013 12:33:06 PM org.ros.time.RemoteUptimeClock update
INFO: Latency: 7,0000 s, Delta ratio: 1,0000, Drift: 1,000, Error reduction coefficient: 0,000, Error: 0,0000 s
abr 04, 2013 12:33:06 PM org.ros.time.RemoteUptimeClock update
INFO: Latency: 7,0000 s, Delta ratio: 1,0000, Drift: 1,000, Error reduction coefficient: 0,000, Error: 0,0000 s
abr 04, 2013 12:33:06 PM org.ros.time.RemoteUptimeClock update
INFO: Latency: 7,0000 s, Delta ratio: 1,0000, Drift: 1,000, Error reduction coefficient: 0,000, Error: 0,0000 s
abr 04, 2013 12:33:06 PM org.ros.time.RemoteUptimeClock update
INFO: Latency: 7,0000 s, Delta ratio: 1,0000, Drift: 1,000, Error reduction coefficient: 0,000, Error: 0,0000 s
abr 04, 2013 12:33:06 PM org.ros.time.RemoteUptimeClock update
INFO: Latency: 7,0000 s, Delta ratio: 1,0000, Drift: 1,000, Error reduction coefficient: 0,000, Error: 0,0000 s
abr 04, 2013 12:33:06 PM org.ros.time.RemoteUptimeClock update
INFO: Latency: 7,0000 s, Delta ratio: 1,0000, Drift: 1,000, Error reduction coefficient: 0,000, Error: 0,0000 s
abr 04, 2013 12:33:06 PM org.ros.time.RemoteUptimeClock update
INFO: Latency: 7,0000 s, Delta ratio: 1,0000, Drift: 1,000, Error reduction coefficient: 0,000, Error: 0,0000 s
abr 04, 2013 12:33:06 PM org.ros.time.RemoteUptimeClock update
INFO: Latency: 7,0000 s, Delta ratio: 1,0000, Drift: 1,000, Error reduction coefficient: 0,000, Error: 0,0000 s
abr 04, 2013 12:33:06 PM org.ros.time.RemoteUptimeClock update
INFO: Latency: 7,0000 s, Delta ratio: 1,0000, Drift: 1,000, Error reduction coefficient: 0,000, Error: 0,0000 s
abr 04, 2013 12:33:06 PM org.ros.time.RemoteUptimeClock update
INFO: Latency: 7,0000 s, Delta ratio: 1,0000, Drift: 1,000, Error reduction coefficient: 0,000, Error: 0,0000 s
abr 04, 2013 12:33:06 PM org.ros.time.RemoteUptimeClock update
INFO: Latency: 7,0000 s, Delta ratio: 1,0000, Drift: 1,000, Error reduction coefficient: 0,000, Error: 0,0000 s
abr 04, 2013 12:33:06 PM org.ros.time.RemoteUptimeClock update
INFO: Latency: 7,0000 s, Delta ratio: 1,0000, Drift: 1,000, Error reduction coefficient: 0,000, Error: 0,0000 s
abr 04, 2013 12:33:06 PM org.ros.time.RemoteUptimeClock update
INFO: Latency: 7,0000 s, Delta ratio: 1,0000, Drift: 1,000, Error reduction coefficient: 0,000, Error: 0,0000 s
abr 04, 2013 12:33:06 PM org.ros.time.RemoteUptimeClock update
INFO: Latency: 7,0000 s, Delta ratio: 1,0000, Drift: 1,000, Error reduction coefficient: 0,000, Error: 0,0000 s
abr 04, 2013 12:33:06 PM org.ros.time.RemoteUptimeClock update
INFO: Latency: 7,0000 s, Delta ratio: 1,0000, Drift: 1,000, Error reduction coefficient: 0,000, Error: 0,0000 s
abr 04, 2013 12:33:06 PM org.ros.time.RemoteUptimeClock update
INFO: Latency: 7,0000 s, Delta ratio: 1,0000, Drift: 1,000, Error reduction coefficient: 0,000, Error: 0,0000 s
abr 04, 2013 12:33:06 PM org.ros.time.RemoteUptimeClock update
INFO: Latency: 7,0000 s, Delta ratio: 1,0000, Drift: 1,000, Error reduction coefficient: 0,000, Error: 0,0000 s
abr 04, 2013 12:33:06 PM org.ros.time.RemoteUptimeClock update
INFO: Latency: 7,0000 s, Delta ratio: 1,0000, Drift: 1,000, Error reduction coefficient: 0,000, Error: 0,0000 s
abr 04, 2013 12:33:06 PM org.ros.time.RemoteUptimeClock update
INFO: Latency: 7,0000 s, Delta ratio: 1,0000, Drift: 1,000, Error reduction coefficient: 0,000, Error: 0,0000 s
abr 04, 2013 12:33:06 PM org.ros.time.RemoteUptimeClock update
INFO: Latency: 7,0000 s, Delta ratio: 1,0000, Drift: 1,000, Error reduction coefficient: 0,000, Error: 0,0000 s
abr 04, 2013 12:33:06 PM org.ros.time.RemoteUptimeClock update
INFO: Latency: 7,0000 s, Delta ratio: 1,0000, Drift: 1,000, Error reduction coefficient: 0,000, Error: 0,0000 s
abr 04, 2013 12:33:06 PM org.ros.time.RemoteUptimeClock update
INFO: Latency: 7,0000 s, Delta ratio: 1,0000, Drift: 1,000, Error reduction coefficient: 0,000, Error: 0,0000 s
abr 04, 2013 12:33:06 PM org.ros.time.RemoteUptimeClock update
INFO: Latency: 7,0000 s, Delta ratio: 1,0000, Drift: 1,000, Error reduction coefficient: 0,000, Error: 0,0000 s
abr 04, 2013 12:33:06 PM org.ros.time.RemoteUptimeClock update
INFO: Latency: 7,0000 s, Delta ratio: 1,0000, Drift: 1,000, Error reduction coefficient: 0,000, Error: 0,0000 s
abr 04, 2013 12:33:06 PM org.ros.time.RemoteUptimeClock update
INFO: Latency: 7,0000 s, Delta ratio: 1,0000, Drift: 1,000, Error reduction coefficient: 0,000, Error: 0,0000 s
abr 04, 2013 12:33:06 PM org.ros.time.RemoteUptimeClock update
INFO: Latency: 7,0000 s, Delta ratio: 1,0000, Drift: 1,000, Error reduction coefficient: 0,000, Error: 0,0000 s
abr 04, 2013 12:33:06 PM org.ros.time.RemoteUptimeClock update
INFO: Latency: 7,0000 s, Delta ratio: 1,0000, Drift: 1,000, Error reduction coefficient: 0,000, Error: 0,0000 s
abr 04, 2013 12:33:06 PM org.ros.time.RemoteUptimeClock update
INFO: Latency: 7,0000 s, Delta ratio: 1,0000, Drift: 1,000, Error reduction coefficient: 0,000, Error: 0,0000 s
abr 04, 2013 12:33:06 PM org.ros.time.RemoteUptimeClock update
INFO: Latency: 7,0000 s, Delta ratio: 1,0000, Drift: 1,000, Error reduction coefficient: 0,000, Error: 0,0000 s
abr 04, 2013 12:33:06 PM org.ros.time.RemoteUptimeClock update
INFO: Latency: 7,0000 s, Delta ratio: 1,0000, Drift: 1,000, Error reduction coefficient: 0,000, Error: 0,0000 s
abr 04, 2013 12:33:06 PM org.ros.time.RemoteUptimeClock update
INFO: Latency: 7,0000 s, Delta ratio: 1,0000, Drift: 1,000, Error reduction coefficient: 0,000, Error: 0,0000 s
abr 04, 2013 12:33:06 PM org.ros.time.RemoteUptimeClock update
INFO: Latency: 7,0000 s, Delta ratio: 1,0000, Drift: 1,000, Error reduction coefficient: 0,000, Error: 0,0000 s
abr 04, 2013 12:33:06 PM org.ros.time.RemoteUptimeClock update
INFO: Latency: 7,0000 s, Delta ratio: 1,0000, Drift: 1,000, Error reduction coefficient: 0,000, Error: 0,0000 s
abr 04, 2013 12:33:06 PM org.ros.time.RemoteUptimeClock update
INFO: Latency: 7,0000 s, Delta ratio: 1,0000, Drift: 1,000, Error reduction coefficient: 0,000, Error: 0,0000 s
abr 04, 2013 12:33:06 PM org.ros.time.RemoteUptimeClock update
INFO: Latency: 7,0000 s, Delta ratio: 1,0000, Drift: 1,000, Error reduction coefficient: 0,000, Error: 0,0000 s
abr 04, 2013 12:33:06 PM org.ros.time.RemoteUptimeClock update
INFO: Latency: 7,0000 s, Delta ratio: 1,0000, Drift: 1,000, Error reduction coefficient: 0,000, Error: 0,0000 s
abr 04, 2013 12:33:06 PM org.ros.time.RemoteUptimeClock update
INFO: Latency: 7,0000 s, Delta ratio: 1,0000, Drift: 1,000, Error reduction coefficient: 0,000, Error: 0,0000 s
abr 04, 2013 12:33:06 PM org.ros.time.RemoteUptimeClock update
INFO: Latency: 7,0000 s, Delta ratio: 1,0000, Drift: 1,000, Error reduction coefficient: 0,000, Error: 0,0000 s
abr 04, 2013 12:33:06 PM org.ros.time.RemoteUptimeClock update
INFO: Latency: 7,0000 s, Delta ratio: 1,0000, Drift: 1,000, Error reduction coefficient: 0,000, Error: 0,0000 s
abr 04, 2013 12:33:06 PM org.ros.time.RemoteUptimeClock update
INFO: Latency: 7,0000 s, Delta ratio: 1,0000, Drift: 1,000, Error reduction coefficient: 0,000, Error: 0,0000 s
abr 04, 2013 12:33:06 PM org.ros.time.RemoteUptimeClock update
INFO: Latency: 7,0000 s, Delta ratio: 1,0000, Drift: 1,000, Error reduction coefficient: 0,000, Error: 0,0000 s
abr 04, 2013 12:33:06 PM org.ros.time.RemoteUptimeClock update
INFO: Latency: 7,0000 s, Delta ratio: 1,0000, Drift: 1,000, Error reduction coefficient: 0,000, Error: 0,0000 s
abr 04, 2013 12:33:06 PM org.ros.time.RemoteUptimeClock update
INFO: Latency: 7,0000 s, Delta ratio: 1,0000, Drift: 1,000, Error reduction coefficient: 0,000, Error: 0,0000 s
abr 04, 2013 12:33:06 PM org.ros.time.RemoteUptimeClock update
INFO: Latency: 7,0000 s, Delta ratio: 1,0000, Drift: 1,000, Error reduction coefficient: 0,000, Error: 0,0000 s
abr 04, 2013 12:33:06 PM org.ros.time.RemoteUptimeClock update
INFO: Latency: 7,0000 s, Delta ratio: 1,0000, Drift: 1,000, Error reduction coefficient: 0,000, Error: 0,0000 s
abr 04, 2013 12:33:06 PM org.ros.time.RemoteUptimeClock update
INFO: Latency: 7,0000 s, Delta ratio: 1,0000, Drift: 1,000, Error reduction coefficient: 0,000, Error: 0,0000 s
abr 04, 2013 12:33:06 PM org.ros.time.RemoteUptimeClock update
INFO: Latency: 7,0000 s, Delta ratio: 1,0000, Drift: 1,000, Error reduction coefficient: 0,000, Error: 0,0000 s
abr 04, 2013 12:33:06 PM org.ros.time.RemoteUptimeClock update
INFO: Latency: 7,0000 s, Delta ratio: 1,0000, Drift: 1,000, Error reduction coefficient: 0,000, Error: 0,0000 s
abr 04, 2013 12:33:06 PM org.ros.time.RemoteUptimeClock update
INFO: Latency: 7,0000 s, Delta ratio: 1,0000, Drift: 1,000, Error reduction coefficient: 0,000, Error: 0,0000 s
abr 04, 2013 12:33:06 PM org.ros.time.RemoteUptimeClock update
INFO: Latency: 7,0000 s, Delta ratio: 1,0000, Drift: 1,000, Error reduction coefficient: 0,000, Error: 0,0000 s
abr 04, 2013 12:33:06 PM org.ros.time.RemoteUptimeClock update
INFO: Latency: 7,0000 s, Delta ratio: 1,0000, Drift: 1,000, Error reduction coefficient: 0,000, Error: 0,0000 s
abr 04, 2013 12:33:06 PM org.ros.time.RemoteUptimeClock update
INFO: Latency: 7,0000 s, Delta ratio: 1,0000, Drift: 1,000, Error reduction coefficient: 0,000, Error: 0,0000 s
abr 04, 2013 12:33:06 PM org.ros.time.RemoteUptimeClock update
INFO: Latency: 7,0000 s, Delta ratio: 1,0000, Drift: 1,000, Error reduction coefficient: 0,000, Error: 0,0000 s
abr 04, 2013 12:33:06 PM org.ros.time.RemoteUptimeClock update
INFO: Latency: 7,0000 s, Delta ratio: 1,0000, Drift: 1,000, Error reduction coefficient: 0,000, Error: 0,0000 s
abr 04, 2013 12:33:06 PM org.ros.time.RemoteUptimeClock update
INFO: Latency: 7,0000 s, Delta ratio: 1,0000, Drift: 1,000, Error reduction coefficient: 0,000, Error: 0,0000 s
abr 04, 2013 12:33:06 PM org.ros.time.RemoteUptimeClock update
INFO: Latency: 7,0000 s, Delta ratio: 1,0000, Drift: 1,000, Error reduction coefficient: 0,000, Error: 0,0000 s
abr 04, 2013 12:33:06 PM org.ros.time.RemoteUptimeClock update
INFO: Latency: 7,0000 s, Delta ratio: 1,0000, Drift: 1,000, Error reduction coefficient: 0,000, Error: 0,0000 s
abr 04, 2013 12:33:06 PM org.ros.time.RemoteUptimeClock update
INFO: Latency: 7,0000 s, Delta ratio: 1,0000, Drift: 1,000, Error reduction coefficient: 0,000, Error: 0,0000 s
abr 04, 2013 12:33:06 PM org.ros.time.RemoteUptimeClock update
INFO: Latency: 7,0000 s, Delta ratio: 1,0000, Drift: 1,000, Error reduction coefficient: 0,000, Error: 0,0000 s
abr 04, 2013 12:33:06 PM org.ros.time.RemoteUptimeClock update
INFO: Latency: 7,0000 s, Delta ratio: 1,0000, Drift: 1,000, Error reduction coefficient: 0,000, Error: 0,0000 s
abr 04, 2013 12:33:06 PM org.ros.time.RemoteUptimeClock update
INFO: Latency: 7,0000 s, Delta ratio: 1,0000, Drift: 1,000, Error reduction coefficient: 0,000, Error: 0,0000 s
abr 04, 2013 12:33:06 PM org.ros.time.RemoteUptimeClock update
INFO: Latency: 7,0000 s, Delta ratio: 1,0000, Drift: 1,000, Error reduction coefficient: 0,000, Error: 0,0000 s
abr 04, 2013 12:33:06 PM org.ros.time.RemoteUptimeClock update
INFO: Latency: 7,0000 s, Delta ratio: 1,0000, Drift: 1,000, Error reduction coefficient: 0,000, Error: 0,0000 s
abr 04, 2013 12:33:06 PM org.ros.time.RemoteUptimeClock update
INFO: Latency: 7,0000 s, Delta ratio: 1,0000, Drift: 1,000, Error reduction coefficient: 0,000, Error: 0,0000 s
abr 04, 2013 12:33:06 PM org.ros.time.RemoteUptimeClock update
INFO: Latency: 7,0000 s, Delta ratio: 1,0000, Drift: 1,000, Error reduction coefficient: 0,000, Error: 0,0000 s
abr 04, 2013 12:33:06 PM org.ros.time.RemoteUptimeClock update
INFO: Latency: 7,0000 s, Delta ratio: 1,0000, Drift: 1,000, Error reduction coefficient: 0,000, Error: 0,0000 s
abr 04, 2013 12:33:06 PM org.ros.time.RemoteUptimeClock update
INFO: Latency: 7,0000 s, Delta ratio: 1,0000, Drift: 1,000, Error reduction coefficient: 0,000, Error: 0,0000 s
abr 04, 2013 12:33:06 PM org.ros.time.RemoteUptimeClock update
INFO: Latency: 7,0000 s, Delta ratio: 1,0000, Drift: 1,000, Error reduction coefficient: 0,000, Error: 0,0000 s
abr 04, 2013 12:33:06 PM org.ros.time.RemoteUptimeClock update
INFO: Latency: 7,0000 s, Delta ratio: 1,0000, Drift: 1,000, Error reduction coefficient: 0,000, Error: 0,0000 s
abr 04, 2013 12:33:06 PM org.ros.time.RemoteUptimeClock update
INFO: Latency: 7,0000 s, Delta ratio: 1,0000, Drift: 1,000, Error reduction coefficient: 0,000, Error: 0,0000 s
abr 04, 2013 12:33:06 PM org.ros.time.RemoteUptimeClock update
INFO: Latency: 7,0000 s, Delta ratio: 1,0000, Drift: 1,000, Error reduction coefficient: 0,000, Error: 0,0000 s
abr 04, 2013 12:33:06 PM org.ros.time.RemoteUptimeClock update
INFO: Latency: 7,0000 s, Delta ratio: 1,0000, Drift: 1,000, Error reduction coefficient: 0,000, Error: 0,0000 s
abr 04, 2013 12:33:06 PM org.ros.time.RemoteUptimeClock update
INFO: Latency: 7,0000 s, Delta ratio: 1,0000, Drift: 1,000, Error reduction coefficient: 0,000, Error: 0,0000 s
abr 04, 2013 12:33:06 PM org.ros.time.RemoteUptimeClock update
INFO: Latency: 7,0000 s, Delta ratio: 1,0000, Drift: 1,000, Error reduction coefficient: 0,000, Error: 0,0000 s
abr 04, 2013 12:33:06 PM org.ros.time.RemoteUptimeClock update
INFO: Latency: 7,0000 s, Delta ratio: 1,0000, Drift: 1,000, Error reduction coefficient: 0,000, Error: 0,0000 s
abr 04, 2013 12:33:06 PM org.ros.time.RemoteUptimeClock update
INFO: Latency: 7,0000 s, Delta ratio: 1,0000, Drift: 1,000, Error reduction coefficient: 0,000, Error: 0,0000 s
abr 04, 2013 12:33:06 PM org.ros.time.RemoteUptimeClock update
INFO: Latency: 7,0000 s, Delta ratio: 1,0000, Drift: 1,000, Error reduction coefficient: 0,000, Error: 0,0000 s
abr 04, 2013 12:33:06 PM org.ros.time.RemoteUptimeClock update
INFO: Latency: 7,0000 s, Delta ratio: 1,0000, Drift: 1,000, Error reduction coefficient: 0,000, Error: 0,0000 s
abr 04, 2013 12:33:06 PM org.ros.time.RemoteUptimeClock update
INFO: Latency: 7,0000 s, Delta ratio: 1,0000, Drift: 1,000, Error reduction coefficient: 0,000, Error: 0,0000 s
abr 04, 2013 12:33:06 PM org.ros.time.RemoteUptimeClock update
INFO: Latency: 7,0000 s, Delta ratio: 1,0000, Drift: 1,000, Error reduction coefficient: 0,000, Error: 0,0000 s
abr 04, 2013 12:33:06 PM org.ros.time.RemoteUptimeClock update
INFO: Latency: 7,0000 s, Delta ratio: 1,0000, Drift: 1,000, Error reduction coefficient: 0,000, Error: 0,0000 s
abr 04, 2013 12:33:06 PM org.ros.time.RemoteUptimeClock update
INFO: Latency: 7,0000 s, Delta ratio: 1,0000, Drift: 1,000, Error reduction coefficient: 0,000, Error: 0,0000 s
abr 04, 2013 12:33:06 PM org.ros.time.RemoteUptimeClock update
INFO: Latency: 7,0000 s, Delta ratio: 1,0000, Drift: 1,000, Error reduction coefficient: 0,000, Error: 0,0000 s
abr 04, 2013 12:33:06 PM org.ros.time.RemoteUptimeClock update
INFO: Latency: 7,0000 s, Delta ratio: 1,0000, Drift: 1,000, Error reduction coefficient: 0,000, Error: 0,0000 s
abr 04, 2013 12:33:06 PM org.ros.time.RemoteUptimeClock update
INFO: Latency: 7,0000 s, Delta ratio: 1,0000, Drift: 1,000, Error reduction coefficient: 0,000, Error: 0,0000 s
abr 04, 2013 12:33:06 PM org.ros.time.RemoteUptimeClock update
INFO: Latency: 7,0000 s, Delta ratio: 1,0000, Drift: 1,000, Error reduction coefficient: 0,000, Error: 0,0000 s
abr 04, 2013 12:33:06 PM org.ros.time.RemoteUptimeClock update
INFO: Latency: 7,0000 s, Delta ratio: 1,0000, Drift: 1,000, Error reduction coefficient: 0,000, Error: 0,0000 s
abr 04, 2013 12:33:06 PM org.ros.time.RemoteUptimeClock update
INFO: Latency: 7,0000 s, Delta ratio: 1,0000, Drift: 1,000, Error reduction coefficient: 0,000, Error: 0,0000 s
abr 04, 2013 12:33:06 PM org.ros.time.RemoteUptimeClock update
INFO: Latency: 7,0000 s, Delta ratio: 1,0000, Drift: 1,000, Error reduction coefficient: 0,000, Error: 0,0000 s
abr 04, 2013 12:33:06 PM org.ros.time.RemoteUptimeClock update
INFO: Latency: 7,0000 s, Delta ratio: 1,0000, Drift: 1,000, Error reduction coefficient: 0,000, Error: 0,0000 s
abr 04, 2013 12:33:06 PM org.ros.time.RemoteUptimeClock update
INFO: Latency: 7,0000 s, Delta ratio: 1,0000, Drift: 1,000, Error reduction coefficient: 0,000, Error: 0,0000 s
abr 04, 2013 12:33:06 PM org.ros.time.RemoteUptimeClock update
INFO: Latency: 7,0000 s, Delta ratio: 1,0000, Drift: 1,000, Error reduction coefficient: 0,000, Error: 0,0000 s
abr 04, 2013 12:33:06 PM org.ros.time.RemoteUptimeClock update
INFO: Latency: 7,0000 s, Delta ratio: 1,0000, Drift: 1,000, Error reduction coefficient: 0,000, Error: 0,0000 s
abr 04, 2013 12:33:06 PM org.ros.time.RemoteUptimeClock update
INFO: Latency: 7,0000 s, Delta ratio: 1,0000, Drift: 1,000, Error reduction coefficient: 0,000, Error: 0,0000 s
abr 04, 2013 12:33:06 PM org.ros.time.RemoteUptimeClock update
INFO: Latency: 7,0000 s, Delta ratio: 1,0000, Drift: 1,000, Error reduction coefficient: 0,000, Error: 0,0000 s
abr 04, 2013 12:33:06 PM org.ros.time.RemoteUptimeClock update
INFO: Latency: 7,0000 s, Delta ratio: 1,0000, Drift: 1,000, Error reduction coefficient: 0,000, Error: 0,0000 s
abr 04, 2013 12:33:06 PM org.ros.time.RemoteUptimeClock update
INFO: Latency: 7,0000 s, Delta ratio: 1,0000, Drift: 1,000, Error reduction coefficient: 0,000, Error: 0,0000 s
abr 04, 2013 12:33:06 PM org.ros.time.RemoteUptimeClock update
INFO: Latency: 7,0000 s, Delta ratio: 1,0000, Drift: 1,000, Error reduction coefficient: 0,000, Error: 0,0000 s
abr 04, 2013 12:33:06 PM org.ros.time.RemoteUptimeClock update
INFO: Latency: 7,0000 s, Delta ratio: 1,0000, Drift: 1,000, Error reduction coefficient: 0,000, Error: 0,0000 s
abr 04, 2013 12:33:06 PM org.ros.time.RemoteUptimeClock update
INFO: Latency: 7,0000 s, Delta ratio: 1,0000, Drift: 1,000, Error reduction coefficient: 0,000, Error: 0,0000 s
abr 04, 2013 12:33:06 PM org.ros.time.RemoteUptimeClock update
INFO: Latency: 7,0000 s, Delta ratio: 1,0000, Drift: 1,000, Error reduction coefficient: 0,000, Error: 0,0000 s
abr 04, 2013 12:33:06 PM org.ros.time.RemoteUptimeClock update
INFO: Latency: 7,0000 s, Delta ratio: 1,0000, Drift: 1,000, Error reduction coefficient: 0,000, Error: 0,0000 s
abr 04, 2013 12:33:06 PM org.ros.time.RemoteUptimeClock update
INFO: Latency: 7,0000 s, Delta ratio: 1,0000, Drift: 1,000, Error reduction coefficient: 0,000, Error: 0,0000 s
abr 04, 2013 12:33:06 PM org.ros.time.RemoteUptimeClock update
INFO: Latency: 7,0000 s, Delta ratio: 1,0000, Drift: 1,000, Error reduction coefficient: 0,000, Error: 0,0000 s
abr 04, 2013 12:33:06 PM org.ros.time.RemoteUptimeClock update
INFO: Latency: 7,0000 s, Delta ratio: 1,0000, Drift: 1,000, Error reduction coefficient: 0,000, Error: 0,0000 s
abr 04, 2013 12:33:06 PM org.ros.time.RemoteUptimeClock update
INFO: Latency: 7,0000 s, Delta ratio: 1,0000, Drift: 1,000, Error reduction coefficient: 0,000, Error: 0,0000 s
abr 04, 2013 12:33:06 PM org.ros.time.RemoteUptimeClock update
INFO: Latency: 7,0000 s, Delta ratio: 1,0000, Drift: 1,000, Error reduction coefficient: 0,000, Error: 0,0000 s
abr 04, 2013 12:33:06 PM org.ros.time.RemoteUptimeClock update
INFO: Latency: 7,0000 s, Delta ratio: 1,0000, Drift: 1,000, Error reduction coefficient: 0,000, Error: 0,0000 s
abr 04, 2013 12:33:06 PM org.ros.time.RemoteUptimeClock update
INFO: Latency: 7,0000 s, Delta ratio: 1,0000, Drift: 1,000, Error reduction coefficient: 0,000, Error: 0,0000 s
abr 04, 2013 12:33:06 PM org.ros.time.RemoteUptimeClock update
INFO: Latency: 7,0000 s, Delta ratio: 1,0000, Drift: 1,000, Error reduction coefficient: 0,000, Error: 0,0000 s
abr 04, 2013 12:33:06 PM org.ros.time.RemoteUptimeClock update
INFO: Latency: 7,0000 s, Delta ratio: 1,0000, Drift: 1,000, Error reduction coefficient: 0,000, Error: 0,0000 s
abr 04, 2013 12:33:06 PM org.ros.time.RemoteUptimeClock update
INFO: Latency: 7,0000 s, Delta ratio: 1,0000, Drift: 1,000, Error reduction coefficient: 0,000, Error: 0,0000 s
abr 04, 2013 12:33:06 PM org.ros.time.RemoteUptimeClock update
INFO: Latency: 7,0000 s, Delta ratio: 1,0000, Drift: 1,000, Error reduction coefficient: 0,000, Error: 0,0000 s
abr 04, 2013 12:33:06 PM org.ros.time.RemoteUptimeClock update
INFO: Latency: 7,0000 s, Delta ratio: 1,0000, Drift: 1,000, Error reduction coefficient: 0,000, Error: 0,0000 s
abr 04, 2013 12:33:06 PM org.ros.time.RemoteUptimeClock update
INFO: Latency: 7,0000 s, Delta ratio: 1,0000, Drift: 1,000, Error reduction coefficient: 0,000, Error: 0,0000 s
abr 04, 2013 12:33:06 PM org.ros.time.RemoteUptimeClock update
INFO: Latency: 7,0000 s, Delta ratio: 1,0000, Drift: 1,000, Error reduction coefficient: 0,000, Error: 0,0000 s
abr 04, 2013 12:33:06 PM org.ros.time.RemoteUptimeClock update
INFO: Latency: 7,0000 s, Delta ratio: 1,0000, Drift: 1,000, Error reduction coefficient: 0,000, Error: 0,0000 s
abr 04, 2013 12:33:06 PM org.ros.time.RemoteUptimeClock update
INFO: Latency: 7,0000 s, Delta ratio: 1,0000, Drift: 1,000, Error reduction coefficient: 0,000, Error: 0,0000 s
abr 04, 2013 12:33:06 PM org.ros.time.RemoteUptimeClock update
INFO: Latency: 7,0000 s, Delta ratio: 1,0000, Drift: 1,000, Error reduction coefficient: 0,000, Error: 0,0000 s
abr 04, 2013 12:33:06 PM org.ros.time.RemoteUptimeClock update
INFO: Latency: 7,0000 s, Delta ratio: 1,0000, Drift: 1,000, Error reduction coefficient: 0,000, Error: 0,0000 s
abr 04, 2013 12:33:06 PM org.ros.time.RemoteUptimeClock update
INFO: Latency: 7,0000 s, Delta ratio: 1,0000, Drift: 1,000, Error reduction coefficient: 0,000, Error: 0,0000 s
abr 04, 2013 12:33:06 PM org.ros.time.RemoteUptimeClock update
INFO: Latency: 7,0000 s, Delta ratio: 1,0000, Drift: 1,000, Error reduction coefficient: 0,000, Error: 0,0000 s
abr 04, 2013 12:33:06 PM org.ros.time.RemoteUptimeClock update
INFO: Latency: 7,0000 s, Delta ratio: 1,0000, Drift: 1,000, Error reduction coefficient: 0,000, Error: 0,0000 s
abr 04, 2013 12:33:06 PM org.ros.time.RemoteUptimeClock update
INFO: Latency: 7,0000 s, Delta ratio: 1,0000, Drift: 1,000, Error reduction coefficient: 0,000, Error: 0,0000 s
abr 04, 2013 12:33:06 PM org.ros.time.RemoteUptimeClock update
INFO: Latency: 7,0000 s, Delta ratio: 1,0000, Drift: 1,000, Error reduction coefficient: 0,000, Error: 0,0000 s
abr 04, 2013 12:33:06 PM org.ros.time.RemoteUptimeClock update
INFO: Latency: 7,0000 s, Delta ratio: 1,0000, Drift: 1,000, Error reduction coefficient: 0,000, Error: 0,0000 s
abr 04, 2013 12:33:06 PM org.ros.time.RemoteUptimeClock update
INFO: Latency: 7,0000 s, Delta ratio: 1,0000, Drift: 1,000, Error reduction coefficient: 0,000, Error: 0,0000 s
abr 04, 2013 12:33:06 PM org.ros.time.RemoteUptimeClock update
INFO: Latency: 7,0000 s, Delta ratio: 1,0000, Drift: 1,000, Error reduction coefficient: 0,000, Error: 0,0000 s
abr 04, 2013 12:33:06 PM org.ros.time.RemoteUptimeClock update
INFO: Latency: 7,0000 s, Delta ratio: 1,0000, Drift: 1,000, Error reduction coefficient: 0,000, Error: 0,0000 s
abr 04, 2013 12:33:06 PM org.ros.time.RemoteUptimeClock update
INFO: Latency: 7,0000 s, Delta ratio: 1,0000, Drift: 1,000, Error reduction coefficient: 0,000, Error: 0,0000 s
abr 04, 2013 12:33:06 PM org.ros.time.RemoteUptimeClock update
INFO: Latency: 7,0000 s, Delta ratio: 1,0000, Drift: 1,000, Error reduction coefficient: 0,000, Error: 0,0000 s
abr 04, 2013 12:33:06 PM org.ros.time.RemoteUptimeClock update
INFO: Latency: 7,0000 s, Delta ratio: 1,0000, Drift: 1,000, Error reduction coefficient: 0,000, Error: 0,0000 s
abr 04, 2013 12:33:06 PM org.ros.time.RemoteUptimeClock update
INFO: Latency: 7,0000 s, Delta ratio: 1,0000, Drift: 1,000, Error reduction coefficient: 0,000, Error: 0,0000 s
abr 04, 2013 12:33:06 PM org.ros.time.RemoteUptimeClock update
INFO: Latency: 7,0000 s, Delta ratio: 1,0000, Drift: 1,000, Error reduction coefficient: 0,000, Error: 0,0000 s
abr 04, 2013 12:33:06 PM org.ros.time.RemoteUptimeClock update
INFO: Latency: 7,0000 s, Delta ratio: 1,0000, Drift: 1,000, Error reduction coefficient: 0,000, Error: 0,0000 s
abr 04, 2013 12:33:06 PM org.ros.time.RemoteUptimeClock update
INFO: Latency: 7,0000 s, Delta ratio: 1,0000, Drift: 1,000, Error reduction coefficient: 0,000, Error: 0,0000 s
abr 04, 2013 12:33:06 PM org.ros.time.RemoteUptimeClock update
INFO: Latency: 7,0000 s, Delta ratio: 1,0000, Drift: 1,000, Error reduction coefficient: 0,000, Error: 0,0000 s
abr 04, 2013 12:33:06 PM org.ros.time.RemoteUptimeClock update
INFO: Latency: 7,0000 s, Delta ratio: 1,0000, Drift: 1,000, Error reduction coefficient: 0,000, Error: 0,0000 s
abr 04, 2013 12:33:06 PM org.ros.time.RemoteUptimeClock update
INFO: Latency: 7,0000 s, Delta ratio: 1,0000, Drift: 1,000, Error reduction coefficient: 0,000, Error: 0,0000 s
abr 04, 2013 12:33:06 PM org.ros.time.RemoteUptimeClock update
INFO: Latency: 7,0000 s, Delta ratio: 1,0000, Drift: 1,000, Error reduction coefficient: 0,000, Error: 0,0000 s
abr 04, 2013 12:33:06 PM org.ros.time.RemoteUptimeClock update
INFO: Latency: 7,0000 s, Delta ratio: 1,0000, Drift: 1,000, Error reduction coefficient: 0,000, Error: 0,0000 s
abr 04, 2013 12:33:06 PM org.ros.time.RemoteUptimeClock update
INFO: Latency: 7,0000 s, Delta ratio: 1,0000, Drift: 1,000, Error reduction coefficient: 0,000, Error: 0,0000 s
abr 04, 2013 12:33:06 PM org.ros.time.RemoteUptimeClock update
INFO: Latency: 7,0000 s, Delta ratio: 1,0000, Drift: 1,000, Error reduction coefficient: 0,000, Error: 0,0000 s
abr 04, 2013 12:33:06 PM org.ros.time.RemoteUptimeClock update
INFO: Latency: 7,0000 s, Delta ratio: 1,0000, Drift: 1,000, Error reduction coefficient: 0,000, Error: 0,0000 s
abr 04, 2013 12:33:06 PM org.ros.time.RemoteUptimeClock update
INFO: Latency: 7,0000 s, Delta ratio: 1,0000, Drift: 1,000, Error reduction coefficient: 0,000, Error: 0,0000 s
abr 04, 2013 12:33:06 PM org.ros.time.RemoteUptimeClock update
INFO: Latency: 7,0000 s, Delta ratio: 1,0000, Drift: 1,000, Error reduction coefficient: 0,000, Error: 0,0000 s
abr 04, 2013 12:33:06 PM org.ros.time.RemoteUptimeClock update
INFO: Latency: 7,0000 s, Delta ratio: 1,0000, Drift: 1,000, Error reduction coefficient: 0,000, Error: 0,0000 s
abr 04, 2013 12:33:06 PM org.ros.time.RemoteUptimeClock update
INFO: Latency: 7,0000 s, Delta ratio: 1,0000, Drift: 1,000, Error reduction coefficient: 0,000, Error: 0,0000 s
abr 04, 2013 12:33:06 PM org.ros.time.RemoteUptimeClock update
INFO: Latency: 7,0000 s, Delta ratio: 1,0000, Drift: 1,000, Error reduction coefficient: 0,000, Error: 0,0000 s
abr 04, 2013 12:33:06 PM org.ros.time.RemoteUptimeClock update
INFO: Latency: 7,0000 s, Delta ratio: 1,0000, Drift: 1,000, Error reduction coefficient: 0,000, Error: 0,0000 s
abr 04, 2013 12:33:06 PM org.ros.time.RemoteUptimeClock update
INFO: Latency: 7,0000 s, Delta ratio: 1,0000, Drift: 1,000, Error reduction coefficient: 0,000, Error: 0,0000 s
abr 04, 2013 12:33:06 PM org.ros.time.RemoteUptimeClock update
INFO: Latency: 7,0000 s, Delta ratio: 1,0000, Drift: 1,000, Error reduction coefficient: 0,000, Error: 0,0000 s
abr 04, 2013 12:33:06 PM org.ros.time.RemoteUptimeClock update
INFO: Latency: 7,0000 s, Delta ratio: 1,0000, Drift: 1,000, Error reduction coefficient: 0,000, Error: 0,0000 s
abr 04, 2013 12:33:06 PM org.ros.time.RemoteUptimeClock update
INFO: Latency: 7,0000 s, Delta ratio: 1,0000, Drift: 1,000, Error reduction coefficient: 0,000, Error: 0,0000 s
abr 04, 2013 12:33:06 PM org.ros.time.RemoteUptimeClock update
INFO: Latency: 7,0000 s, Delta ratio: 1,0000, Drift: 1,000, Error reduction coefficient: 0,000, Error: 0,0000 s
abr 04, 2013 12:33:06 PM org.ros.time.RemoteUptimeClock update
INFO: Latency: 7,0000 s, Delta ratio: 1,0000, Drift: 1,000, Error reduction coefficient: 0,000, Error: 0,0000 s
abr 04, 2013 12:33:06 PM org.ros.time.RemoteUptimeClock update
INFO: Latency: 7,0000 s, Delta ratio: 1,0000, Drift: 1,000, Error reduction coefficient: 0,000, Error: 0,0000 s
abr 04, 2013 12:33:06 PM org.ros.time.RemoteUptimeClock update
INFO: Latency: 7,0000 s, Delta ratio: 1,0000, Drift: 1,000, Error reduction coefficient: 0,000, Error: 0,0000 s
abr 04, 2013 12:33:06 PM org.ros.time.RemoteUptimeClock update
INFO: Latency: 7,0000 s, Delta ratio: 1,0000, Drift: 1,000, Error reduction coefficient: 0,000, Error: 0,0000 s
abr 04, 2013 12:33:06 PM org.ros.time.RemoteUptimeClock update
INFO: Latency: 7,0000 s, Delta ratio: 1,0000, Drift: 1,000, Error reduction coefficient: 0,000, Error: 0,0000 s
abr 04, 2013 12:33:06 PM org.ros.time.RemoteUptimeClock update
INFO: Latency: 7,0000 s, Delta ratio: 1,0000, Drift: 1,000, Error reduction coefficient: 0,000, Error: 0,0000 s
abr 04, 2013 12:33:06 PM org.ros.time.RemoteUptimeClock update
INFO: Latency: 7,0000 s, Delta ratio: 1,0000, Drift: 1,000, Error reduction coefficient: 0,000, Error: 0,0000 s
abr 04, 2013 12:33:06 PM org.ros.time.RemoteUptimeClock update
INFO: Latency: 7,0000 s, Delta ratio: 1,0000, Drift: 1,000, Error reduction coefficient: 0,000, Error: 0,0000 s
abr 04, 2013 12:33:06 PM org.ros.time.RemoteUptimeClock update
INFO: Latency: 7,0000 s, Delta ratio: 1,0000, Drift: 1,000, Error reduction coefficient: 0,000, Error: 0,0000 s
abr 04, 2013 12:33:06 PM org.ros.time.RemoteUptimeClock update
INFO: Latency: 7,0000 s, Delta ratio: 1,0000, Drift: 1,000, Error reduction coefficient: 0,000, Error: 0,0000 s
abr 04, 2013 12:33:06 PM org.ros.time.RemoteUptimeClock update
INFO: Latency: 7,0000 s, Delta ratio: 1,0000, Drift: 1,000, Error reduction coefficient: 0,000, Error: 0,0000 s
abr 04, 2013 12:33:06 PM org.ros.time.RemoteUptimeClock update
INFO: Latency: 7,0000 s, Delta ratio: 1,0000, Drift: 1,000, Error reduction coefficient: 0,000, Error: 0,0000 s
abr 04, 2013 12:33:06 PM org.ros.time.RemoteUptimeClock update
INFO: Latency: 7,0000 s, Delta ratio: 1,0000, Drift: 1,000, Error reduction coefficient: 0,000, Error: 0,0000 s
abr 04, 2013 12:33:06 PM org.ros.time.RemoteUptimeClock update
INFO: Latency: 7,0000 s, Delta ratio: 1,0000, Drift: 1,000, Error reduction coefficient: 0,000, Error: 0,0000 s
abr 04, 2013 12:33:06 PM org.ros.time.RemoteUptimeClock update
INFO: Latency: 7,0000 s, Delta ratio: 1,0000, Drift: 1,000, Error reduction coefficient: 0,000, Error: 0,0000 s
abr 04, 2013 12:33:06 PM org.ros.time.RemoteUptimeClock update
INFO: Latency: 7,0000 s, Delta ratio: 1,0000, Drift: 1,000, Error reduction coefficient: 0,000, Error: 0,0000 s
abr 04, 2013 12:33:06 PM org.ros.time.RemoteUptimeClock update
INFO: Latency: 7,0000 s, Delta ratio: 1,0000, Drift: 1,000, Error reduction coefficient: 0,000, Error: 0,0000 s
abr 04, 2013 12:33:06 PM org.ros.time.RemoteUptimeClock update
INFO: Latency: 7,0000 s, Delta ratio: 1,0000, Drift: 1,000, Error reduction coefficient: 0,000, Error: 0,0000 s
abr 04, 2013 12:33:06 PM org.ros.time.RemoteUptimeClock update
INFO: Latency: 7,0000 s, Delta ratio: 1,0000, Drift: 1,000, Error reduction coefficient: 0,000, Error: 0,0000 s
abr 04, 2013 12:33:06 PM org.ros.time.RemoteUptimeClock update
INFO: Latency: 7,0000 s, Delta ratio: 1,0000, Drift: 1,000, Error reduction coefficient: 0,000, Error: 0,0000 s
abr 04, 2013 12:33:06 PM org.ros.time.RemoteUptimeClock update
INFO: Latency: 7,0000 s, Delta ratio: 1,0000, Drift: 1,000, Error reduction coefficient: 0,000, Error: 0,0000 s
abr 04, 2013 12:33:06 PM org.ros.time.RemoteUptimeClock update
INFO: Latency: 7,0000 s, Delta ratio: 1,0000, Drift: 1,000, Error reduction coefficient: 0,000, Error: 0,0000 s
abr 04, 2013 12:33:06 PM org.ros.time.RemoteUptimeClock update
INFO: Latency: 7,0000 s, Delta ratio: 1,0000, Drift: 1,000, Error reduction coefficient: 0,000, Error: 0,0000 s
abr 04, 2013 12:33:06 PM org.ros.time.RemoteUptimeClock update
INFO: Latency: 7,0000 s, Delta ratio: 1,0000, Drift: 1,000, Error reduction coefficient: 0,000, Error: 0,0000 s
abr 04, 2013 12:33:06 PM org.ros.time.RemoteUptimeClock update
INFO: Latency: 7,0000 s, Delta ratio: 1,0000, Drift: 1,000, Error reduction coefficient: 0,000, Error: 0,0000 s
abr 04, 2013 12:33:06 PM org.ros.time.RemoteUptimeClock update
INFO: Latency: 7,0000 s, Delta ratio: 1,0000, Drift: 1,000, Error reduction coefficient: 0,000, Error: 0,0000 s
abr 04, 2013 12:33:06 PM org.ros.time.RemoteUptimeClock update
INFO: Latency: 7,0000 s, Delta ratio: 1,0000, Drift: 1,000, Error reduction coefficient: 0,000, Error: 0,0000 s
abr 04, 2013 12:33:06 PM org.ros.time.RemoteUptimeClock update
INFO: Latency: 7,0000 s, Delta ratio: 1,0000, Drift: 1,000, Error reduction coefficient: 0,000, Error: 0,0000 s
abr 04, 2013 12:33:06 PM org.ros.time.RemoteUptimeClock update
INFO: Latency: 7,0000 s, Delta ratio: 1,0000, Drift: 1,000, Error reduction coefficient: 0,000, Error: 0,0000 s
abr 04, 2013 12:33:06 PM org.ros.time.RemoteUptimeClock update
INFO: Latency: 7,0000 s, Delta ratio: 1,0000, Drift: 1,000, Error reduction coefficient: 0,000, Error: 0,0000 s
abr 04, 2013 12:33:06 PM org.ros.time.RemoteUptimeClock update
INFO: Latency: 7,0000 s, Delta ratio: 1,0000, Drift: 1,000, Error reduction coefficient: 0,000, Error: 0,0000 s
abr 04, 2013 12:33:06 PM org.ros.time.RemoteUptimeClock update
INFO: Latency: 7,0000 s, Delta ratio: 1,0000, Drift: 1,000, Error reduction coefficient: 0,000, Error: 0,0000 s
abr 04, 2013 12:33:06 PM org.ros.time.RemoteUptimeClock update
INFO: Latency: 7,0000 s, Delta ratio: 1,0000, Drift: 1,000, Error reduction coefficient: 0,000, Error: 0,0000 s
abr 04, 2013 12:33:06 PM org.ros.time.RemoteUptimeClock update
INFO: Latency: 7,0000 s, Delta ratio: 1,0000, Drift: 1,000, Error reduction coefficient: 0,000, Error: 0,0000 s
abr 04, 2013 12:33:06 PM org.ros.time.RemoteUptimeClock update
INFO: Latency: 7,0000 s, Delta ratio: 1,0000, Drift: 1,000, Error reduction coefficient: 0,000, Error: 0,0000 s
abr 04, 2013 12:33:06 PM org.ros.time.RemoteUptimeClock update
INFO: Latency: 7,0000 s, Delta ratio: 1,0000, Drift: 1,000, Error reduction coefficient: 0,000, Error: 0,0000 s
abr 04, 2013 12:33:06 PM org.ros.time.RemoteUptimeClock update
INFO: Latency: 7,0000 s, Delta ratio: 1,0000, Drift: 1,000, Error reduction coefficient: 0,000, Error: 0,0000 s
abr 04, 2013 12:33:06 PM org.ros.time.RemoteUptimeClock update
INFO: Latency: 7,0000 s, Delta ratio: 1,0000, Drift: 1,000, Error reduction coefficient: 0,000, Error: 0,0000 s
abr 04, 2013 12:33:06 PM org.ros.time.RemoteUptimeClock update
INFO: Latency: 7,0000 s, Delta ratio: 1,0000, Drift: 1,000, Error reduction coefficient: 0,000, Error: 0,0000 s
abr 04, 2013 12:33:06 PM org.ros.time.RemoteUptimeClock update
INFO: Latency: 7,0000 s, Delta ratio: 1,0000, Drift: 1,000, Error reduction coefficient: 0,000, Error: 0,0000 s
abr 04, 2013 12:33:06 PM org.ros.time.RemoteUptimeClock update
INFO: Latency: 7,0000 s, Delta ratio: 1,0000, Drift: 1,000, Error reduction coefficient: 0,000, Error: 0,0000 s
abr 04, 2013 12:33:06 PM org.ros.time.RemoteUptimeClock update
INFO: Latency: 7,0000 s, Delta ratio: 1,0000, Drift: 1,000, Error reduction coefficient: 0,000, Error: 0,0000 s
abr 04, 2013 12:33:06 PM org.ros.time.RemoteUptimeClock update
INFO: Latency: 7,0000 s, Delta ratio: 1,0000, Drift: 1,000, Error reduction coefficient: 0,000, Error: 0,0000 s
abr 04, 2013 12:33:06 PM org.ros.time.RemoteUptimeClock update
INFO: Latency: 7,0000 s, Delta ratio: 1,0000, Drift: 1,000, Error reduction coefficient: 0,000, Error: 0,0000 s
abr 04, 2013 12:33:06 PM org.ros.time.RemoteUptimeClock update
INFO: Latency: 7,0000 s, Delta ratio: 1,0000, Drift: 1,000, Error reduction coefficient: 0,000, Error: 0,0000 s
abr 04, 2013 12:33:06 PM org.ros.time.RemoteUptimeClock update
INFO: Latency: 7,0000 s, Delta ratio: 1,0000, Drift: 1,000, Error reduction coefficient: 0,000, Error: 0,0000 s
abr 04, 2013 12:33:06 PM org.ros.time.RemoteUptimeClock update
INFO: Latency: 7,0000 s, Delta ratio: 1,0000, Drift: 1,000, Error reduction coefficient: 0,000, Error: 0,0000 s
abr 04, 2013 12:33:06 PM org.ros.time.RemoteUptimeClock update
INFO: Latency: 7,0000 s, Delta ratio: 1,0000, Drift: 1,000, Error reduction coefficient: 0,000, Error: 0,0000 s
abr 04, 2013 12:33:06 PM org.ros.time.RemoteUptimeClock update
INFO: Latency: 7,0000 s, Delta ratio: 1,0000, Drift: 1,000, Error reduction coefficient: 0,000, Error: 0,0000 s
abr 04, 2013 12:33:06 PM org.ros.time.RemoteUptimeClock update
INFO: Latency: 7,0000 s, Delta ratio: 1,0000, Drift: 1,000, Error reduction coefficient: 0,000, Error: 0,0000 s
abr 04, 2013 12:33:06 PM org.ros.time.RemoteUptimeClock update
INFO: Latency: 7,0000 s, Delta ratio: 1,0000, Drift: 1,000, Error reduction coefficient: 0,000, Error: 0,0000 s
abr 04, 2013 12:33:06 PM org.ros.time.RemoteUptimeClock update
INFO: Latency: 7,0000 s, Delta ratio: 1,0000, Drift: 1,000, Error reduction coefficient: 0,000, Error: 0,0000 s
abr 04, 2013 12:33:06 PM org.ros.time.RemoteUptimeClock update
INFO: Latency: 7,0000 s, Delta ratio: 1,0000, Drift: 1,000, Error reduction coefficient: 0,000, Error: 0,0000 s
abr 04, 2013 12:33:06 PM org.ros.time.RemoteUptimeClock update
INFO: Latency: 7,0000 s, Delta ratio: 1,0000, Drift: 1,000, Error reduction coefficient: 0,000, Error: 0,0000 s
abr 04, 2013 12:33:06 PM org.ros.time.RemoteUptimeClock update
INFO: Latency: 7,0000 s, Delta ratio: 1,0000, Drift: 1,000, Error reduction coefficient: 0,000, Error: 0,0000 s
abr 04, 2013 12:33:06 PM org.ros.time.RemoteUptimeClock update
INFO: Latency: 7,0000 s, Delta ratio: 1,0000, Drift: 1,000, Error reduction coefficient: 0,000, Error: 0,0000 s
abr 04, 2013 12:33:06 PM org.ros.time.RemoteUptimeClock update
INFO: Latency: 7,0000 s, Delta ratio: 1,0000, Drift: 1,000, Error reduction coefficient: 0,000, Error: 0,0000 s
abr 04, 2013 12:33:06 PM org.ros.time.RemoteUptimeClock update
INFO: Latency: 7,0000 s, Delta ratio: 1,0000, Drift: 1,000, Error reduction coefficient: 0,000, Error: 0,0000 s
abr 04, 2013 12:33:06 PM org.ros.time.RemoteUptimeClock update
INFO: Latency: 7,0000 s, Delta ratio: 1,0000, Drift: 1,000, Error reduction coefficient: 0,000, Error: 0,0000 s
abr 04, 2013 12:33:06 PM org.ros.time.RemoteUptimeClock update
INFO: Latency: 7,0000 s, Delta ratio: 1,0000, Drift: 1,000, Error reduction coefficient: 0,000, Error: 0,0000 s
abr 04, 2013 12:33:06 PM org.ros.time.RemoteUptimeClock update
INFO: Latency: 7,0000 s, Delta ratio: 1,0000, Drift: 1,000, Error reduction coefficient: 0,000, Error: 0,0000 s
abr 04, 2013 12:33:06 PM org.ros.time.RemoteUptimeClock update
INFO: Latency: 7,0000 s, Delta ratio: 1,0000, Drift: 1,000, Error reduction coefficient: 0,000, Error: 0,0000 s
abr 04, 2013 12:33:06 PM org.ros.time.RemoteUptimeClock update
INFO: Latency: 7,0000 s, Delta ratio: 1,0000, Drift: 1,000, Error reduction coefficient: 0,000, Error: 0,0000 s
abr 04, 2013 12:33:06 PM org.ros.time.RemoteUptimeClock update
INFO: Latency: 7,0000 s, Delta ratio: 1,0000, Drift: 1,000, Error reduction coefficient: 0,000, Error: 0,0000 s
abr 04, 2013 12:33:06 PM org.ros.time.RemoteUptimeClock update
INFO: Latency: 7,0000 s, Delta ratio: 1,0000, Drift: 1,000, Error reduction coefficient: 0,000, Error: 0,0000 s
abr 04, 2013 12:33:06 PM org.ros.time.RemoteUptimeClock update
INFO: Latency: 7,0000 s, Delta ratio: 1,0000, Drift: 1,000, Error reduction coefficient: 0,000, Error: 0,0000 s
abr 04, 2013 12:33:06 PM org.ros.time.RemoteUptimeClock update
INFO: Latency: 7,0000 s, Delta ratio: 1,0000, Drift: 1,000, Error reduction coefficient: 0,000, Error: 0,0000 s
abr 04, 2013 12:33:06 PM org.ros.time.RemoteUptimeClock update
INFO: Latency: 7,0000 s, Delta ratio: 1,0000, Drift: 1,000, Error reduction coefficient: 0,000, Error: 0,0000 s
abr 04, 2013 12:33:06 PM org.ros.time.RemoteUptimeClock update
INFO: Latency: 7,0000 s, Delta ratio: 1,0000, Drift: 1,000, Error reduction coefficient: 0,000, Error: 0,0000 s
abr 04, 2013 12:33:06 PM org.ros.time.RemoteUptimeClock update
INFO: Latency: 7,0000 s, Delta ratio: 1,0000, Drift: 1,000, Error reduction coefficient: 0,000, Error: 0,0000 s
abr 04, 2013 12:33:06 PM org.ros.time.RemoteUptimeClock update
INFO: Latency: 7,0000 s, Delta ratio: 1,0000, Drift: 1,000, Error reduction coefficient: 0,000, Error: 0,0000 s
abr 04, 2013 12:33:06 PM org.ros.time.RemoteUptimeClock update
INFO: Latency: 7,0000 s, Delta ratio: 1,0000, Drift: 1,000, Error reduction coefficient: 0,000, Error: 0,0000 s
abr 04, 2013 12:33:06 PM org.ros.time.RemoteUptimeClock update
INFO: Latency: 7,0000 s, Delta ratio: 1,0000, Drift: 1,000, Error reduction coefficient: 0,000, Error: 0,0000 s
abr 04, 2013 12:33:06 PM org.ros.time.RemoteUptimeClock update
INFO: Latency: 7,0000 s, Delta ratio: 1,0000, Drift: 1,000, Error reduction coefficient: 0,000, Error: 0,0000 s
abr 04, 2013 12:33:06 PM org.ros.time.RemoteUptimeClock update
INFO: Latency: 7,0000 s, Delta ratio: 1,0000, Drift: 1,000, Error reduction coefficient: 0,000, Error: 0,0000 s
abr 04, 2013 12:33:06 PM org.ros.time.RemoteUptimeClock update
INFO: Latency: 7,0000 s, Delta ratio: 1,0000, Drift: 1,000, Error reduction coefficient: 0,000, Error: 0,0000 s
abr 04, 2013 12:33:06 PM org.ros.time.RemoteUptimeClock update
INFO: Latency: 7,0000 s, Delta ratio: 1,0000, Drift: 1,000, Error reduction coefficient: 0,000, Error: 0,0000 s
abr 04, 2013 12:33:06 PM org.ros.time.RemoteUptimeClock update
INFO: Latency: 7,0000 s, Delta ratio: 1,0000, Drift: 1,000, Error reduction coefficient: 0,000, Error: 0,0000 s
abr 04, 2013 12:33:06 PM org.ros.time.RemoteUptimeClock update
INFO: Latency: 7,0000 s, Delta ratio: 1,0000, Drift: 1,000, Error reduction coefficient: 0,000, Error: 0,0000 s
abr 04, 2013 12:33:06 PM org.ros.time.RemoteUptimeClock update
INFO: Latency: 7,0000 s, Delta ratio: 1,0000, Drift: 1,000, Error reduction coefficient: 0,000, Error: 0,0000 s
abr 04, 2013 12:33:06 PM org.ros.time.RemoteUptimeClock update
INFO: Latency: 7,0000 s, Delta ratio: 1,0000, Drift: 1,000, Error reduction coefficient: 0,000, Error: 0,0000 s
abr 04, 2013 12:33:06 PM org.ros.time.RemoteUptimeClock update
INFO: Latency: 7,0000 s, Delta ratio: 1,0000, Drift: 1,000, Error reduction coefficient: 0,000, Error: 0,0000 s
abr 04, 2013 12:33:06 PM org.ros.time.RemoteUptimeClock update
INFO: Latency: 7,0000 s, Delta ratio: 1,0000, Drift: 1,000, Error reduction coefficient: 0,000, Error: 0,0000 s
abr 04, 2013 12:33:06 PM org.ros.time.RemoteUptimeClock update
INFO: Latency: 7,0000 s, Delta ratio: 1,0000, Drift: 1,000, Error reduction coefficient: 0,000, Error: 0,0000 s
abr 04, 2013 12:33:06 PM org.ros.time.RemoteUptimeClock update
INFO: Latency: 7,0000 s, Delta ratio: 1,0000, Drift: 1,000, Error reduction coefficient: 0,000, Error: 0,0000 s
abr 04, 2013 12:33:06 PM org.ros.time.RemoteUptimeClock update
INFO: Latency: 7,0000 s, Delta ratio: 1,0000, Drift: 1,000, Error reduction coefficient: 0,000, Error: 0,0000 s
abr 04, 2013 12:33:06 PM org.ros.time.RemoteUptimeClock update
INFO: Latency: 7,0000 s, Delta ratio: 1,0000, Drift: 1,000, Error reduction coefficient: 0,000, Error: 0,0000 s
abr 04, 2013 12:33:06 PM org.ros.time.RemoteUptimeClock update
INFO: Latency: 7,0000 s, Delta ratio: 1,0000, Drift: 1,000, Error reduction coefficient: 0,000, Error: 0,0000 s
abr 04, 2013 12:33:06 PM org.ros.time.RemoteUptimeClock update
INFO: Latency: 7,0000 s, Delta ratio: 1,0000, Drift: 1,000, Error reduction coefficient: 0,000, Error: 0,0000 s
abr 04, 2013 12:33:06 PM org.ros.time.RemoteUptimeClock update
INFO: Latency: 7,0000 s, Delta ratio: 1,0000, Drift: 1,000, Error reduction coefficient: 0,000, Error: 0,0000 s
abr 04, 2013 12:33:06 PM org.ros.time.RemoteUptimeClock update
INFO: Latency: 7,0000 s, Delta ratio: 1,0000, Drift: 1,000, Error reduction coefficient: 0,000, Error: 0,0000 s
abr 04, 2013 12:33:06 PM org.ros.time.RemoteUptimeClock update
INFO: Latency: 7,0000 s, Delta ratio: 1,0000, Drift: 1,000, Error reduction coefficient: 0,000, Error: 0,0000 s
abr 04, 2013 12:33:06 PM org.ros.time.RemoteUptimeClock update
INFO: Latency: 7,0000 s, Delta ratio: 1,0000, Drift: 1,000, Error reduction coefficient: 0,000, Error: 0,0000 s
abr 04, 2013 12:33:06 PM org.ros.time.RemoteUptimeClock update
INFO: Latency: 7,0000 s, Delta ratio: 1,0000, Drift: 1,000, Error reduction coefficient: 0,000, Error: 0,0000 s
abr 04, 2013 12:33:06 PM org.ros.time.RemoteUptimeClock update
INFO: Latency: 7,0000 s, Delta ratio: 1,0000, Drift: 1,000, Error reduction coefficient: 0,000, Error: 0,0000 s
abr 04, 2013 12:33:06 PM org.ros.time.RemoteUptimeClock update
INFO: Latency: 7,0000 s, Delta ratio: 1,0000, Drift: 1,000, Error reduction coefficient: 0,000, Error: 0,0000 s
abr 04, 2013 12:33:06 PM org.ros.time.RemoteUptimeClock update
INFO: Latency: 7,0000 s, Delta ratio: 1,0000, Drift: 1,000, Error reduction coefficient: 0,000, Error: 0,0000 s
abr 04, 2013 12:33:06 PM org.ros.time.RemoteUptimeClock update
INFO: Latency: 7,0000 s, Delta ratio: 1,0000, Drift: 1,000, Error reduction coefficient: 0,000, Error: 0,0000 s
abr 04, 2013 12:33:06 PM org.ros.time.RemoteUptimeClock update
INFO: Latency: 7,0000 s, Delta ratio: 1,0000, Drift: 1,000, Error reduction coefficient: 0,000, Error: 0,0000 s
abr 04, 2013 12:33:06 PM org.ros.time.RemoteUptimeClock update
INFO: Latency: 7,0000 s, Delta ratio: 1,0000, Drift: 1,000, Error reduction coefficient: 0,000, Error: 0,0000 s
abr 04, 2013 12:33:06 PM org.ros.time.RemoteUptimeClock update
INFO: Latency: 7,0000 s, Delta ratio: 1,0000, Drift: 1,000, Error reduction coefficient: 0,000, Error: 0,0000 s
abr 04, 2013 12:33:06 PM org.ros.time.RemoteUptimeClock update
INFO: Latency: 7,0000 s, Delta ratio: 1,0000, Drift: 1,000, Error reduction coefficient: 0,000, Error: 0,0000 s
abr 04, 2013 12:33:06 PM org.ros.time.RemoteUptimeClock update
INFO: Latency: 7,0000 s, Delta ratio: 1,0000, Drift: 1,000, Error reduction coefficient: 0,000, Error: 0,0000 s
abr 04, 2013 12:33:06 PM org.ros.time.RemoteUptimeClock update
INFO: Latency: 7,0000 s, Delta ratio: 1,0000, Drift: 1,000, Error reduction coefficient: 0,000, Error: 0,0000 s
abr 04, 2013 12:33:06 PM org.ros.time.RemoteUptimeClock update
INFO: Latency: 7,0000 s, Delta ratio: 1,0000, Drift: 1,000, Error reduction coefficient: 0,000, Error: 0,0000 s
abr 04, 2013 12:33:06 PM org.ros.time.RemoteUptimeClock update
INFO: Latency: 7,0000 s, Delta ratio: 1,0000, Drift: 1,000, Error reduction coefficient: 0,000, Error: 0,0000 s
abr 04, 2013 12:33:06 PM org.ros.time.RemoteUptimeClock update
INFO: Latency: 7,0000 s, Delta ratio: 1,0000, Drift: 1,000, Error reduction coefficient: 0,000, Error: 0,0000 s
abr 04, 2013 12:33:06 PM org.ros.time.RemoteUptimeClock update
INFO: Latency: 7,0000 s, Delta ratio: 1,0000, Drift: 1,000, Error reduction coefficient: 0,000, Error: 0,0000 s
abr 04, 2013 12:33:06 PM org.ros.time.RemoteUptimeClock update
INFO: Latency: 7,0000 s, Delta ratio: 1,0000, Drift: 1,000, Error reduction coefficient: 0,000, Error: 0,0000 s
abr 04, 2013 12:33:06 PM org.ros.time.RemoteUptimeClock update
INFO: Latency: 7,0000 s, Delta ratio: 1,0000, Drift: 1,000, Error reduction coefficient: 0,000, Error: 0,0000 s
abr 04, 2013 12:33:06 PM org.ros.time.RemoteUptimeClock update
INFO: Latency: 7,0000 s, Delta ratio: 1,0000, Drift: 1,000, Error reduction coefficient: 0,000, Error: 0,0000 s
abr 04, 2013 12:33:06 PM org.ros.time.RemoteUptimeClock update
INFO: Latency: 7,0000 s, Delta ratio: 1,0000, Drift: 1,000, Error reduction coefficient: 0,000, Error: 0,0000 s
abr 04, 2013 12:33:06 PM org.ros.time.RemoteUptimeClock update
INFO: Latency: 7,0000 s, Delta ratio: 1,0000, Drift: 1,000, Error reduction coefficient: 0,000, Error: 0,0000 s
abr 04, 2013 12:33:06 PM org.ros.time.RemoteUptimeClock update
INFO: Latency: 7,0000 s, Delta ratio: 1,0000, Drift: 1,000, Error reduction coefficient: 0,000, Error: 0,0000 s
abr 04, 2013 12:33:06 PM org.ros.time.RemoteUptimeClock update
INFO: Latency: 7,0000 s, Delta ratio: 1,0000, Drift: 1,000, Error reduction coefficient: 0,000, Error: 0,0000 s
abr 04, 2013 12:33:06 PM org.ros.time.RemoteUptimeClock update
INFO: Latency: 7,0000 s, Delta ratio: 1,0000, Drift: 1,000, Error reduction coefficient: 0,000, Error: 0,0000 s
abr 04, 2013 12:33:06 PM org.ros.time.RemoteUptimeClock update
INFO: Latency: 7,0000 s, Delta ratio: 1,0000, Drift: 1,000, Error reduction coefficient: 0,000, Error: 0,0000 s
abr 04, 2013 12:33:06 PM org.ros.time.RemoteUptimeClock update
INFO: Latency: 7,0000 s, Delta ratio: 1,0000, Drift: 1,000, Error reduction coefficient: 0,000, Error: 0,0000 s
abr 04, 2013 12:33:06 PM org.ros.time.RemoteUptimeClock update
INFO: Latency: 7,0000 s, Delta ratio: 1,0000, Drift: 1,000, Error reduction coefficient: 0,000, Error: 0,0000 s
abr 04, 2013 12:33:06 PM org.ros.time.RemoteUptimeClock update
INFO: Latency: 7,0000 s, Delta ratio: 1,0000, Drift: 1,000, Error reduction coefficient: 0,000, Error: 0,0000 s
abr 04, 2013 12:33:06 PM org.ros.time.RemoteUptimeClock update
INFO: Latency: 7,0000 s, Delta ratio: 1,0000, Drift: 1,000, Error reduction coefficient: 0,000, Error: 0,0000 s
abr 04, 2013 12:33:06 PM org.ros.time.RemoteUptimeClock update
INFO: Latency: 7,0000 s, Delta ratio: 1,0000, Drift: 1,000, Error reduction coefficient: 0,000, Error: 0,0000 s
abr 04, 2013 12:33:06 PM org.ros.time.RemoteUptimeClock update
INFO: Latency: 7,0000 s, Delta ratio: 1,0000, Drift: 1,000, Error reduction coefficient: 0,000, Error: 0,0000 s
abr 04, 2013 12:33:06 PM org.ros.time.RemoteUptimeClock update
INFO: Latency: 7,0000 s, Delta ratio: 1,0000, Drift: 1,000, Error reduction coefficient: 0,000, Error: 0,0000 s
abr 04, 2013 12:33:06 PM org.ros.time.RemoteUptimeClock update
INFO: Latency: 7,0000 s, Delta ratio: 1,0000, Drift: 1,000, Error reduction coefficient: 0,000, Error: 0,0000 s
abr 04, 2013 12:33:06 PM org.ros.time.RemoteUptimeClock update
INFO: Latency: 7,0000 s, Delta ratio: 1,0000, Drift: 1,000, Error reduction coefficient: 0,000, Error: 0,0000 s
abr 04, 2013 12:33:06 PM org.ros.time.RemoteUptimeClock update
INFO: Latency: 7,0000 s, Delta ratio: 1,0000, Drift: 1,000, Error reduction coefficient: 0,000, Error: 0,0000 s
abr 04, 2013 12:33:06 PM org.ros.time.RemoteUptimeClock update
INFO: Latency: 7,0000 s, Delta ratio: 1,0000, Drift: 1,000, Error reduction coefficient: 0,000, Error: 0,0000 s
abr 04, 2013 12:33:06 PM org.ros.time.RemoteUptimeClock update
INFO: Latency: 7,0000 s, Delta ratio: 1,0000, Drift: 1,000, Error reduction coefficient: 0,000, Error: 0,0000 s
abr 04, 2013 12:33:06 PM org.ros.time.RemoteUptimeClock update
INFO: Latency: 7,0000 s, Delta ratio: 1,0000, Drift: 1,000, Error reduction coefficient: 0,000, Error: 0,0000 s
abr 04, 2013 12:33:06 PM org.ros.time.RemoteUptimeClock update
INFO: Latency: 7,0000 s, Delta ratio: 1,0000, Drift: 1,000, Error reduction coefficient: 0,000, Error: 0,0000 s
abr 04, 2013 12:33:06 PM org.ros.time.RemoteUptimeClock update
INFO: Latency: 7,0000 s, Delta ratio: 1,0000, Drift: 1,000, Error reduction coefficient: 0,000, Error: 0,0000 s
abr 04, 2013 12:33:06 PM org.ros.time.RemoteUptimeClock update
INFO: Latency: 7,0000 s, Delta ratio: 1,0000, Drift: 1,000, Error reduction coefficient: 0,000, Error: 0,0000 s
abr 04, 2013 12:33:06 PM org.ros.time.RemoteUptimeClock update
INFO: Latency: 7,0000 s, Delta ratio: 1,0000, Drift: 1,000, Error reduction coefficient: 0,000, Error: 0,0000 s
abr 04, 2013 12:33:06 PM org.ros.time.RemoteUptimeClock update
INFO: Latency: 7,0000 s, Delta ratio: 1,0000, Drift: 1,000, Error reduction coefficient: 0,000, Error: 0,0000 s
abr 04, 2013 12:33:06 PM org.ros.time.RemoteUptimeClock update
INFO: Latency: 7,0000 s, Delta ratio: 1,0000, Drift: 1,000, Error reduction coefficient: 0,000, Error: 0,0000 s
abr 04, 2013 12:33:06 PM org.ros.time.RemoteUptimeClock update
INFO: Latency: 7,0000 s, Delta ratio: 1,0000, Drift: 1,000, Error reduction coefficient: 0,000, Error: 0,0000 s
abr 04, 2013 12:33:06 PM org.ros.time.RemoteUptimeClock update
INFO: Latency: 7,0000 s, Delta ratio: 1,0000, Drift: 1,000, Error reduction coefficient: 0,000, Error: 0,0000 s
abr 04, 2013 12:33:06 PM org.ros.time.RemoteUptimeClock update
INFO: Latency: 7,0000 s, Delta ratio: 1,0000, Drift: 1,000, Error reduction coefficient: 0,000, Error: 0,0000 s
abr 04, 2013 12:33:06 PM org.ros.time.RemoteUptimeClock update
INFO: Latency: 7,0000 s, Delta ratio: 1,0000, Drift: 1,000, Error reduction coefficient: 0,000, Error: 0,0000 s
abr 04, 2013 12:33:06 PM org.ros.time.RemoteUptimeClock update
INFO: Latency: 7,0000 s, Delta ratio: 1,0000, Drift: 1,000, Error reduction coefficient: 0,000, Error: 0,0000 s
abr 04, 2013 12:33:06 PM org.ros.time.RemoteUptimeClock update
INFO: Latency: 7,0000 s, Delta ratio: 1,0000, Drift: 1,000, Error reduction coefficient: 0,000, Error: 0,0000 s
abr 04, 2013 12:33:06 PM org.ros.time.RemoteUptimeClock update
INFO: Latency: 7,0000 s, Delta ratio: 1,0000, Drift: 1,000, Error reduction coefficient: 0,000, Error: 0,0000 s
abr 04, 2013 12:33:06 PM org.ros.time.RemoteUptimeClock update
INFO: Latency: 7,0000 s, Delta ratio: 1,0000, Drift: 1,000, Error reduction coefficient: 0,000, Error: 0,0000 s
abr 04, 2013 12:33:06 PM org.ros.time.RemoteUptimeClock update
INFO: Latency: 7,0000 s, Delta ratio: 1,0000, Drift: 1,000, Error reduction coefficient: 0,000, Error: 0,0000 s
abr 04, 2013 12:33:06 PM org.ros.time.RemoteUptimeClock update
INFO: Latency: 7,0000 s, Delta ratio: 1,0000, Drift: 1,000, Error reduction coefficient: 0,000, Error: 0,0000 s
abr 04, 2013 12:33:06 PM org.ros.time.RemoteUptimeClock update
INFO: Latency: 7,0000 s, Delta ratio: 1,0000, Drift: 1,000, Error reduction coefficient: 0,000, Error: 0,0000 s
abr 04, 2013 12:33:06 PM org.ros.time.RemoteUptimeClock update
INFO: Latency: 7,0000 s, Delta ratio: 1,0000, Drift: 1,000, Error reduction coefficient: 0,000, Error: 0,0000 s
abr 04, 2013 12:33:06 PM org.ros.time.RemoteUptimeClock update
INFO: Latency: 7,0000 s, Delta ratio: 1,0000, Drift: 1,000, Error reduction coefficient: 0,000, Error: 0,0000 s
abr 04, 2013 12:33:06 PM org.ros.time.RemoteUptimeClock update
INFO: Latency: 7,0000 s, Delta ratio: 1,0000, Drift: 1,000, Error reduction coefficient: 0,000, Error: 0,0000 s
abr 04, 2013 12:33:06 PM org.ros.time.RemoteUptimeClock update
INFO: Latency: 7,0000 s, Delta ratio: 1,0000, Drift: 1,000, Error reduction coefficient: 0,000, Error: 0,0000 s
abr 04, 2013 12:33:06 PM org.ros.time.RemoteUptimeClock update
INFO: Latency: 7,0000 s, Delta ratio: 1,0000, Drift: 1,000, Error reduction coefficient: 0,000, Error: 0,0000 s
abr 04, 2013 12:33:06 PM org.ros.time.RemoteUptimeClock update
INFO: Latency: 7,0000 s, Delta ratio: 1,0000, Drift: 1,000, Error reduction coefficient: 0,000, Error: 0,0000 s
abr 04, 2013 12:33:06 PM org.ros.time.RemoteUptimeClock update
INFO: Latency: 7,0000 s, Delta ratio: 1,0000, Drift: 1,000, Error reduction coefficient: 0,000, Error: 0,0000 s
abr 04, 2013 12:33:06 PM org.ros.time.RemoteUptimeClock update
INFO: Latency: 7,0000 s, Delta ratio: 1,0000, Drift: 1,000, Error reduction coefficient: 0,000, Error: 0,0000 s
abr 04, 2013 12:33:06 PM org.ros.time.RemoteUptimeClock update
INFO: Latency: 7,0000 s, Delta ratio: 1,0000, Drift: 1,000, Error reduction coefficient: 0,000, Error: 0,0000 s
abr 04, 2013 12:33:06 PM org.ros.time.RemoteUptimeClock update
INFO: Latency: 7,0000 s, Delta ratio: 1,0000, Drift: 1,000, Error reduction coefficient: 0,000, Error: 0,0000 s
abr 04, 2013 12:33:06 PM org.ros.time.RemoteUptimeClock update
INFO: Latency: 7,0000 s, Delta ratio: 1,0000, Drift: 1,000, Error reduction coefficient: 0,000, Error: 0,0000 s
abr 04, 2013 12:33:06 PM org.ros.time.RemoteUptimeClock update
INFO: Latency: 7,0000 s, Delta ratio: 1,0000, Drift: 1,000, Error reduction coefficient: 0,000, Error: 0,0000 s
abr 04, 2013 12:33:06 PM org.ros.time.RemoteUptimeClock update
INFO: Latency: 7,0000 s, Delta ratio: 1,0000, Drift: 1,000, Error reduction coefficient: 0,000, Error: 0,0000 s
abr 04, 2013 12:33:06 PM org.ros.time.RemoteUptimeClock update
INFO: Latency: 7,0000 s, Delta ratio: 1,0000, Drift: 1,000, Error reduction coefficient: 0,000, Error: 0,0000 s
abr 04, 2013 12:33:06 PM org.ros.time.RemoteUptimeClock update
INFO: Latency: 7,0000 s, Delta ratio: 1,0000, Drift: 1,000, Error reduction coefficient: 0,000, Error: 0,0000 s
abr 04, 2013 12:33:06 PM org.ros.time.RemoteUptimeClock update
INFO: Latency: 7,0000 s, Delta ratio: 1,0000, Drift: 1,000, Error reduction coefficient: 0,000, Error: 0,0000 s
abr 04, 2013 12:33:06 PM org.ros.time.RemoteUptimeClock update
INFO: Latency: 7,0000 s, Delta ratio: 1,0000, Drift: 1,000, Error reduction coefficient: 0,000, Error: 0,0000 s
abr 04, 2013 12:33:06 PM org.ros.time.RemoteUptimeClock update
INFO: Latency: 7,0000 s, Delta ratio: 1,0000, Drift: 1,000, Error reduction coefficient: 0,000, Error: 0,0000 s
abr 04, 2013 12:33:06 PM org.ros.time.RemoteUptimeClock update
INFO: Latency: 7,0000 s, Delta ratio: 1,0000, Drift: 1,000, Error reduction coefficient: 0,000, Error: 0,0000 s
abr 04, 2013 12:33:06 PM org.ros.time.RemoteUptimeClock update
INFO: Latency: 7,0000 s, Delta ratio: 1,0000, Drift: 1,000, Error reduction coefficient: 0,000, Error: 0,0000 s
abr 04, 2013 12:33:06 PM org.ros.time.RemoteUptimeClock update
INFO: Latency: 7,0000 s, Delta ratio: 1,0000, Drift: 1,000, Error reduction coefficient: 0,000, Error: 0,0000 s
abr 04, 2013 12:33:06 PM org.ros.time.RemoteUptimeClock update
INFO: Latency: 7,0000 s, Delta ratio: 1,0000, Drift: 1,000, Error reduction coefficient: 0,000, Error: 0,0000 s
abr 04, 2013 12:33:06 PM org.ros.time.RemoteUptimeClock update
INFO: Latency: 7,0000 s, Delta ratio: 1,0000, Drift: 1,000, Error reduction coefficient: 0,000, Error: 0,0000 s
abr 04, 2013 12:33:06 PM org.ros.time.RemoteUptimeClock update
INFO: Latency: 7,0000 s, Delta ratio: 1,0000, Drift: 1,000, Error reduction coefficient: 0,000, Error: 0,0000 s
abr 04, 2013 12:33:06 PM org.ros.time.RemoteUptimeClock update
INFO: Latency: 7,0000 s, Delta ratio: 1,0000, Drift: 1,000, Error reduction coefficient: 0,000, Error: 0,0000 s
abr 04, 2013 12:33:06 PM org.ros.time.RemoteUptimeClock update
INFO: Latency: 7,0000 s, Delta ratio: 1,0000, Drift: 1,000, Error reduction coefficient: 0,000, Error: 0,0000 s
abr 04, 2013 12:33:06 PM org.ros.time.RemoteUptimeClock update
INFO: Latency: 7,0000 s, Delta ratio: 1,0000, Drift: 1,000, Error reduction coefficient: 0,000, Error: 0,0000 s
abr 04, 2013 12:33:06 PM org.ros.time.RemoteUptimeClock update
INFO: Latency: 7,0000 s, Delta ratio: 1,0000, Drift: 1,000, Error reduction coefficient: 0,000, Error: 0,0000 s
abr 04, 2013 12:33:06 PM org.ros.time.RemoteUptimeClock update
INFO: Latency: 7,0000 s, Delta ratio: 1,0000, Drift: 1,000, Error reduction coefficient: 0,000, Error: 0,0000 s
abr 04, 2013 12:33:06 PM org.ros.time.RemoteUptimeClock update
INFO: Latency: 7,0000 s, Delta ratio: 1,0000, Drift: 1,000, Error reduction coefficient: 0,000, Error: 0,0000 s
abr 04, 2013 12:33:06 PM org.ros.time.RemoteUptimeClock update
INFO: Latency: 7,0000 s, Delta ratio: 1,0000, Drift: 1,000, Error reduction coefficient: 0,000, Error: 0,0000 s
abr 04, 2013 12:33:06 PM org.ros.time.RemoteUptimeClock update
INFO: Latency: 7,0000 s, Delta ratio: 1,0000, Drift: 1,000, Error reduction coefficient: 0,000, Error: 0,0000 s
abr 04, 2013 12:33:06 PM org.ros.time.RemoteUptimeClock update
INFO: Latency: 7,0000 s, Delta ratio: 1,0000, Drift: 1,000, Error reduction coefficient: 0,000, Error: 0,0000 s
abr 04, 2013 12:33:06 PM org.ros.time.RemoteUptimeClock update
INFO: Latency: 7,0000 s, Delta ratio: 1,0000, Drift: 1,000, Error reduction coefficient: 0,000, Error: 0,0000 s
abr 04, 2013 12:33:06 PM org.ros.time.RemoteUptimeClock update
INFO: Latency: 7,0000 s, Delta ratio: 1,0000, Drift: 1,000, Error reduction coefficient: 0,000, Error: 0,0000 s
abr 04, 2013 12:33:06 PM org.ros.time.RemoteUptimeClock update
INFO: Latency: 7,0000 s, Delta ratio: 1,0000, Drift: 1,000, Error reduction coefficient: 0,000, Error: 0,0000 s
abr 04, 2013 12:33:06 PM org.ros.time.RemoteUptimeClock update
INFO: Latency: 7,0000 s, Delta ratio: 1,0000, Drift: 1,000, Error reduction coefficient: 0,000, Error: 0,0000 s
abr 04, 2013 12:33:06 PM org.ros.time.RemoteUptimeClock update
INFO: Latency: 7,0000 s, Delta ratio: 1,0000, Drift: 1,000, Error reduction coefficient: 0,000, Error: 0,0000 s
abr 04, 2013 12:33:06 PM org.ros.time.RemoteUptimeClock update
INFO: Latency: 7,0000 s, Delta ratio: 1,0000, Drift: 1,000, Error reduction coefficient: 0,000, Error: 0,0000 s
abr 04, 2013 12:33:06 PM org.ros.time.RemoteUptimeClock update
INFO: Latency: 7,0000 s, Delta ratio: 1,0000, Drift: 1,000, Error reduction coefficient: 0,000, Error: 0,0000 s
abr 04, 2013 12:33:06 PM org.ros.time.RemoteUptimeClock update
INFO: Latency: 7,0000 s, Delta ratio: 1,0000, Drift: 1,000, Error reduction coefficient: 0,000, Error: 0,0000 s
abr 04, 2013 12:33:06 PM org.ros.time.RemoteUptimeClock update
INFO: Latency: 7,0000 s, Delta ratio: 1,0000, Drift: 1,000, Error reduction coefficient: 0,000, Error: 0,0000 s
abr 04, 2013 12:33:06 PM org.ros.time.RemoteUptimeClock update
INFO: Latency: 7,0000 s, Delta ratio: 1,0000, Drift: 1,000, Error reduction coefficient: 0,000, Error: 0,0000 s
abr 04, 2013 12:33:06 PM org.ros.time.RemoteUptimeClock update
INFO: Latency: 7,0000 s, Delta ratio: 1,0000, Drift: 1,000, Error reduction coefficient: 0,000, Error: 0,0000 s
abr 04, 2013 12:33:06 PM org.ros.time.RemoteUptimeClock update
INFO: Latency: 7,0000 s, Delta ratio: 1,0000, Drift: 1,000, Error reduction coefficient: 0,000, Error: 0,0000 s
abr 04, 2013 12:33:06 PM org.ros.time.RemoteUptimeClock update
INFO: Latency: 7,0000 s, Delta ratio: 1,0000, Drift: 1,000, Error reduction coefficient: 0,000, Error: 0,0000 s
abr 04, 2013 12:33:06 PM org.ros.time.RemoteUptimeClock update
INFO: Latency: 7,0000 s, Delta ratio: 1,0000, Drift: 1,000, Error reduction coefficient: 0,000, Error: 0,0000 s
abr 04, 2013 12:33:06 PM org.ros.time.RemoteUptimeClock update
INFO: Latency: 7,0000 s, Delta ratio: 1,0000, Drift: 1,000, Error reduction coefficient: 0,000, Error: 0,0000 s
abr 04, 2013 12:33:06 PM org.ros.time.RemoteUptimeClock update
INFO: Latency: 7,0000 s, Delta ratio: 1,0000, Drift: 1,000, Error reduction coefficient: 0,000, Error: 0,0000 s
abr 04, 2013 12:33:06 PM org.ros.time.RemoteUptimeClock update
INFO: Latency: 7,0000 s, Delta ratio: 1,0000, Drift: 1,000, Error reduction coefficient: 0,000, Error: 0,0000 s
abr 04, 2013 12:33:06 PM org.ros.time.RemoteUptimeClock update
INFO: Latency: 7,0000 s, Delta ratio: 1,0000, Drift: 1,000, Error reduction coefficient: 0,000, Error: 0,0000 s
abr 04, 2013 12:33:06 PM org.ros.time.RemoteUptimeClock update
INFO: Latency: 7,0000 s, Delta ratio: 1,0000, Drift: 1,000, Error reduction coefficient: 0,000, Error: 0,0000 s
abr 04, 2013 12:33:06 PM org.ros.time.RemoteUptimeClock update
INFO: Latency: 7,0000 s, Delta ratio: 1,0000, Drift: 1,000, Error reduction coefficient: 0,000, Error: 0,0000 s
abr 04, 2013 12:33:06 PM org.ros.time.RemoteUptimeClock update
INFO: Latency: 7,0000 s, Delta ratio: 1,0000, Drift: 1,000, Error reduction coefficient: 0,000, Error: 0,0000 s
abr 04, 2013 12:33:06 PM org.ros.time.RemoteUptimeClock update
INFO: Latency: 7,0000 s, Delta ratio: 1,0000, Drift: 1,000, Error reduction coefficient: 0,000, Error: 0,0000 s
abr 04, 2013 12:33:06 PM org.ros.time.RemoteUptimeClock update
INFO: Latency: 7,0000 s, Delta ratio: 1,0000, Drift: 1,000, Error reduction coefficient: 0,000, Error: 0,0000 s
abr 04, 2013 12:33:06 PM org.ros.time.RemoteUptimeClock update
INFO: Latency: 7,0000 s, Delta ratio: 1,0000, Drift: 1,000, Error reduction coefficient: 0,000, Error: 0,0000 s
abr 04, 2013 12:33:06 PM org.ros.time.RemoteUptimeClock update
INFO: Latency: 7,0000 s, Delta ratio: 1,0000, Drift: 1,000, Error reduction coefficient: 0,000, Error: 0,0000 s
abr 04, 2013 12:33:06 PM org.ros.time.RemoteUptimeClock update
INFO: Latency: 7,0000 s, Delta ratio: 1,0000, Drift: 1,000, Error reduction coefficient: 0,000, Error: 0,0000 s
abr 04, 2013 12:33:06 PM org.ros.time.RemoteUptimeClock update
INFO: Latency: 7,0000 s, Delta ratio: 1,0000, Drift: 1,000, Error reduction coefficient: 0,000, Error: 0,0000 s
abr 04, 2013 12:33:06 PM org.ros.time.RemoteUptimeClock update
INFO: Latency: 7,0000 s, Delta ratio: 1,0000, Drift: 1,000, Error reduction coefficient: 0,000, Error: 0,0000 s
abr 04, 2013 12:33:06 PM org.ros.time.RemoteUptimeClock update
INFO: Latency: 7,0000 s, Delta ratio: 1,0000, Drift: 1,000, Error reduction coefficient: 0,000, Error: 0,0000 s
abr 04, 2013 12:33:06 PM org.ros.time.RemoteUptimeClock update
INFO: Latency: 7,0000 s, Delta ratio: 1,0000, Drift: 1,000, Error reduction coefficient: 0,000, Error: 0,0000 s
abr 04, 2013 12:33:06 PM org.ros.time.RemoteUptimeClock update
INFO: Latency: 7,0000 s, Delta ratio: 1,0000, Drift: 1,000, Error reduction coefficient: 0,000, Error: 0,0000 s
abr 04, 2013 12:33:06 PM org.ros.time.RemoteUptimeClock update
INFO: Latency: 7,0000 s, Delta ratio: 1,0000, Drift: 1,000, Error reduction coefficient: 0,000, Error: 0,0000 s
abr 04, 2013 12:33:06 PM org.ros.time.RemoteUptimeClock update
INFO: Latency: 7,0000 s, Delta ratio: 1,0000, Drift: 1,000, Error reduction coefficient: 0,000, Error: 0,0000 s
abr 04, 2013 12:33:06 PM org.ros.time.RemoteUptimeClock update
INFO: Latency: 7,0000 s, Delta ratio: 1,0000, Drift: 1,000, Error reduction coefficient: 0,000, Error: 0,0000 s
abr 04, 2013 12:33:06 PM org.ros.time.RemoteUptimeClock update
INFO: Latency: 7,0000 s, Delta ratio: 1,0000, Drift: 1,000, Error reduction coefficient: 0,000, Error: 0,0000 s
abr 04, 2013 12:33:06 PM org.ros.time.RemoteUptimeClock update
INFO: Latency: 7,0000 s, Delta ratio: 1,0000, Drift: 1,000, Error reduction coefficient: 0,000, Error: 0,0000 s
abr 04, 2013 12:33:06 PM org.ros.time.RemoteUptimeClock update
INFO: Latency: 7,0000 s, Delta ratio: 1,0000, Drift: 1,000, Error reduction coefficient: 0,000, Error: 0,0000 s
abr 04, 2013 12:33:06 PM org.ros.time.RemoteUptimeClock update
INFO: Latency: 7,0000 s, Delta ratio: 1,0000, Drift: 1,000, Error reduction coefficient: 0,000, Error: 0,0000 s
abr 04, 2013 12:33:06 PM org.ros.time.RemoteUptimeClock update
INFO: Latency: 7,0000 s, Delta ratio: 1,0000, Drift: 1,000, Error reduction coefficient: 0,000, Error: 0,0000 s
abr 04, 2013 12:33:06 PM org.ros.time.RemoteUptimeClock update
INFO: Latency: 7,0000 s, Delta ratio: 1,0000, Drift: 1,000, Error reduction coefficient: 0,000, Error: 0,0000 s
abr 04, 2013 12:33:06 PM org.ros.time.RemoteUptimeClock update
INFO: Latency: 7,0000 s, Delta ratio: 1,0000, Drift: 1,000, Error reduction coefficient: 0,000, Error: 0,0000 s
abr 04, 2013 12:33:06 PM org.ros.time.RemoteUptimeClock update
INFO: Latency: 7,0000 s, Delta ratio: 1,0000, Drift: 1,000, Error reduction coefficient: 0,000, Error: 0,0000 s
abr 04, 2013 12:33:06 PM org.ros.time.RemoteUptimeClock update
INFO: Latency: 7,0000 s, Delta ratio: 1,0000, Drift: 1,000, Error reduction coefficient: 0,000, Error: 0,0000 s
abr 04, 2013 12:33:06 PM org.ros.time.RemoteUptimeClock update
INFO: Latency: 7,0000 s, Delta ratio: 1,0000, Drift: 1,000, Error reduction coefficient: 0,000, Error: 0,0000 s
abr 04, 2013 12:33:06 PM org.ros.time.RemoteUptimeClock update
INFO: Latency: 7,0000 s, Delta ratio: 1,0000, Drift: 1,000, Error reduction coefficient: 0,000, Error: 0,0000 s
abr 04, 2013 12:33:06 PM org.ros.time.RemoteUptimeClock update
INFO: Latency: 7,0000 s, Delta ratio: 1,0000, Drift: 1,000, Error reduction coefficient: 0,000, Error: 0,0000 s
abr 04, 2013 12:33:06 PM org.ros.time.RemoteUptimeClock update
INFO: Latency: 7,0000 s, Delta ratio: 1,0000, Drift: 1,000, Error reduction coefficient: 0,000, Error: 0,0000 s
abr 04, 2013 12:33:06 PM org.ros.time.RemoteUptimeClock update
INFO: Latency: 7,0000 s, Delta ratio: 1,0000, Drift: 1,000, Error reduction coefficient: 0,000, Error: 0,0000 s
abr 04, 2013 12:33:06 PM org.ros.time.RemoteUptimeClock update
INFO: Latency: 7,0000 s, Delta ratio: 1,0000, Drift: 1,000, Error reduction coefficient: 0,000, Error: 0,0000 s
abr 04, 2013 12:33:06 PM org.ros.time.RemoteUptimeClock update
INFO: Latency: 7,0000 s, Delta ratio: 1,0000, Drift: 1,000, Error reduction coefficient: 0,000, Error: 0,0000 s
abr 04, 2013 12:33:06 PM org.ros.time.RemoteUptimeClock update
INFO: Latency: 7,0000 s, Delta ratio: 1,0000, Drift: 1,000, Error reduction coefficient: 0,000, Error: 0,0000 s
abr 04, 2013 12:33:06 PM org.ros.time.RemoteUptimeClock update
INFO: Latency: 7,0000 s, Delta ratio: 1,0000, Drift: 1,000, Error reduction coefficient: 0,000, Error: 0,0000 s
abr 04, 2013 12:33:06 PM org.ros.time.RemoteUptimeClock update
INFO: Latency: 7,0000 s, Delta ratio: 1,0000, Drift: 1,000, Error reduction coefficient: 0,000, Error: 0,0000 s
abr 04, 2013 12:33:06 PM org.ros.time.RemoteUptimeClock update
INFO: Latency: 7,0000 s, Delta ratio: 1,0000, Drift: 1,000, Error reduction coefficient: 0,000, Error: 0,0000 s
abr 04, 2013 12:33:06 PM org.ros.time.RemoteUptimeClock update
INFO: Latency: 7,0000 s, Delta ratio: 1,0000, Drift: 1,000, Error reduction coefficient: 0,000, Error: 0,0000 s
abr 04, 2013 12:33:06 PM org.ros.time.RemoteUptimeClock update
INFO: Latency: 7,0000 s, Delta ratio: 1,0000, Drift: 1,000, Error reduction coefficient: 0,000, Error: 0,0000 s
abr 04, 2013 12:33:06 PM org.ros.time.RemoteUptimeClock update
INFO: Latency: 7,0000 s, Delta ratio: 1,0000, Drift: 1,000, Error reduction coefficient: 0,000, Error: 0,0000 s
abr 04, 2013 12:33:06 PM org.ros.time.RemoteUptimeClock update
INFO: Latency: 7,0000 s, Delta ratio: 1,0000, Drift: 1,000, Error reduction coefficient: 0,000, Error: 0,0000 s
abr 04, 2013 12:33:06 PM org.ros.time.RemoteUptimeClock update
INFO: Latency: 7,0000 s, Delta ratio: 1,0000, Drift: 1,000, Error reduction coefficient: 0,000, Error: 0,0000 s
abr 04, 2013 12:33:06 PM org.ros.time.RemoteUptimeClock update
INFO: Latency: 7,0000 s, Delta ratio: 1,0000, Drift: 1,000, Error reduction coefficient: 0,000, Error: 0,0000 s
abr 04, 2013 12:33:06 PM org.ros.time.RemoteUptimeClock update
INFO: Latency: 7,0000 s, Delta ratio: 1,0000, Drift: 1,000, Error reduction coefficient: 0,000, Error: 0,0000 s
abr 04, 2013 12:33:06 PM org.ros.time.RemoteUptimeClock update
INFO: Latency: 7,0000 s, Delta ratio: 1,0000, Drift: 1,000, Error reduction coefficient: 0,000, Error: 0,0000 s
abr 04, 2013 12:33:06 PM org.ros.time.RemoteUptimeClock update
INFO: Latency: 7,0000 s, Delta ratio: 1,0000, Drift: 1,000, Error reduction coefficient: 0,000, Error: 0,0000 s
abr 04, 2013 12:33:06 PM org.ros.time.RemoteUptimeClock update
INFO: Latency: 7,0000 s, Delta ratio: 1,0000, Drift: 1,000, Error reduction coefficient: 0,000, Error: 0,0000 s
abr 04, 2013 12:33:06 PM org.ros.time.RemoteUptimeClock update
INFO: Latency: 7,0000 s, Delta ratio: 1,0000, Drift: 1,000, Error reduction coefficient: 0,000, Error: 0,0000 s
abr 04, 2013 12:33:06 PM org.ros.time.RemoteUptimeClock update
INFO: Latency: 7,0000 s, Delta ratio: 1,0000, Drift: 1,000, Error reduction coefficient: 0,000, Error: 0,0000 s
abr 04, 2013 12:33:06 PM org.ros.time.RemoteUptimeClock update
INFO: Latency: 7,0000 s, Delta ratio: 1,0000, Drift: 1,000, Error reduction coefficient: 0,000, Error: 0,0000 s
abr 04, 2013 12:33:06 PM org.ros.time.RemoteUptimeClock update
INFO: Latency: 7,0000 s, Delta ratio: 1,0000, Drift: 1,000, Error reduction coefficient: 0,000, Error: 0,0000 s
abr 04, 2013 12:33:06 PM org.ros.time.RemoteUptimeClock update
INFO: Latency: 7,0000 s, Delta ratio: 1,0000, Drift: 1,000, Error reduction coefficient: 0,000, Error: 0,0000 s
abr 04, 2013 12:33:06 PM org.ros.time.RemoteUptimeClock update
INFO: Latency: 7,0000 s, Delta ratio: 1,0000, Drift: 1,000, Error reduction coefficient: 0,000, Error: 0,0000 s
abr 04, 2013 12:33:06 PM org.ros.time.RemoteUptimeClock update
INFO: Latency: 7,0000 s, Delta ratio: 1,0000, Drift: 1,000, Error reduction coefficient: 0,000, Error: 0,0000 s
abr 04, 2013 12:33:06 PM org.ros.time.RemoteUptimeClock update
INFO: Latency: 7,0000 s, Delta ratio: 1,0000, Drift: 1,000, Error reduction coefficient: 0,000, Error: 0,0000 s
abr 04, 2013 12:33:06 PM org.ros.time.RemoteUptimeClock update
INFO: Latency: 7,0000 s, Delta ratio: 1,0000, Drift: 1,000, Error reduction coefficient: 0,000, Error: 0,0000 s
abr 04, 2013 12:33:06 PM org.ros.time.RemoteUptimeClock update
INFO: Latency: 7,0000 s, Delta ratio: 1,0000, Drift: 1,000, Error reduction coefficient: 0,000, Error: 0,0000 s
abr 04, 2013 12:33:06 PM org.ros.time.RemoteUptimeClock update
INFO: Latency: 7,0000 s, Delta ratio: 1,0000, Drift: 1,000, Error reduction coefficient: 0,000, Error: 0,0000 s
abr 04, 2013 12:33:06 PM org.ros.time.RemoteUptimeClock update
INFO: Latency: 7,0000 s, Delta ratio: 1,0000, Drift: 1,000, Error reduction coefficient: 0,000, Error: 0,0000 s
abr 04, 2013 12:33:06 PM org.ros.time.RemoteUptimeClock update
INFO: Latency: 7,0000 s, Delta ratio: 1,0000, Drift: 1,000, Error reduction coefficient: 0,000, Error: 0,0000 s
abr 04, 2013 12:33:06 PM org.ros.time.RemoteUptimeClock update
INFO: Latency: 7,0000 s, Delta ratio: 1,0000, Drift: 1,000, Error reduction coefficient: 0,000, Error: 0,0000 s
abr 04, 2013 12:33:06 PM org.ros.time.RemoteUptimeClock update
INFO: Latency: 7,0000 s, Delta ratio: 1,0000, Drift: 1,000, Error reduction coefficient: 0,000, Error: 0,0000 s
abr 04, 2013 12:33:06 PM org.ros.time.RemoteUptimeClock update
INFO: Latency: 7,0000 s, Delta ratio: 1,0000, Drift: 1,000, Error reduction coefficient: 0,000, Error: 0,0000 s
abr 04, 2013 12:33:06 PM org.ros.time.RemoteUptimeClock update
INFO: Latency: 7,0000 s, Delta ratio: 1,0000, Drift: 1,000, Error reduction coefficient: 0,000, Error: 0,0000 s
abr 04, 2013 12:33:06 PM org.ros.time.RemoteUptimeClock update
INFO: Latency: 7,0000 s, Delta ratio: 1,0000, Drift: 1,000, Error reduction coefficient: 0,000, Error: 0,0000 s
abr 04, 2013 12:33:06 PM org.ros.time.RemoteUptimeClock update
INFO: Latency: 7,0000 s, Delta ratio: 1,0000, Drift: 1,000, Error reduction coefficient: 0,000, Error: 0,0000 s
abr 04, 2013 12:33:06 PM org.ros.time.RemoteUptimeClock update
INFO: Latency: 7,0000 s, Delta ratio: 1,0000, Drift: 1,000, Error reduction coefficient: 0,000, Error: 0,0000 s
abr 04, 2013 12:33:06 PM org.ros.time.RemoteUptimeClock update
INFO: Latency: 7,0000 s, Delta ratio: 1,0000, Drift: 1,000, Error reduction coefficient: 0,000, Error: 0,0000 s
abr 04, 2013 12:33:06 PM org.ros.time.RemoteUptimeClock update
INFO: Latency: 7,0000 s, Delta ratio: 1,0000, Drift: 1,000, Error reduction coefficient: 0,000, Error: 0,0000 s
abr 04, 2013 12:33:06 PM org.ros.time.RemoteUptimeClock update
INFO: Latency: 7,0000 s, Delta ratio: 1,0000, Drift: 1,000, Error reduction coefficient: 0,000, Error: 0,0000 s
abr 04, 2013 12:33:06 PM org.ros.time.RemoteUptimeClock update
INFO: Latency: 7,0000 s, Delta ratio: 1,0000, Drift: 1,000, Error reduction coefficient: 0,000, Error: 0,0000 s
abr 04, 2013 12:33:06 PM org.ros.time.RemoteUptimeClock update
INFO: Latency: 7,0000 s, Delta ratio: 1,0000, Drift: 1,000, Error reduction coefficient: 0,000, Error: 0,0000 s
abr 04, 2013 12:33:06 PM org.ros.time.RemoteUptimeClock update
INFO: Latency: 7,0000 s, Delta ratio: 1,0000, Drift: 1,000, Error reduction coefficient: 0,000, Error: 0,0000 s
abr 04, 2013 12:33:06 PM org.ros.time.RemoteUptimeClock update
INFO: Latency: 7,0000 s, Delta ratio: 1,0000, Drift: 1,000, Error reduction coefficient: 0,000, Error: 0,0000 s
abr 04, 2013 12:33:06 PM org.ros.time.RemoteUptimeClock update
INFO: Latency: 7,0000 s, Delta ratio: 1,0000, Drift: 1,000, Error reduction coefficient: 0,000, Error: 0,0000 s
abr 04, 2013 12:33:06 PM org.ros.time.RemoteUptimeClock update
INFO: Latency: 7,0000 s, Delta ratio: 1,0000, Drift: 1,000, Error reduction coefficient: 0,000, Error: 0,0000 s
abr 04, 2013 12:33:06 PM org.ros.time.RemoteUptimeClock update
INFO: Latency: 7,0000 s, Delta ratio: 1,0000, Drift: 1,000, Error reduction coefficient: 0,000, Error: 0,0000 s
abr 04, 2013 12:33:06 PM org.ros.time.RemoteUptimeClock update
INFO: Latency: 7,0000 s, Delta ratio: 1,0000, Drift: 1,000, Error reduction coefficient: 0,000, Error: 0,0000 s
abr 04, 2013 12:33:06 PM org.ros.time.RemoteUptimeClock update
INFO: Latency: 7,0000 s, Delta ratio: 1,0000, Drift: 1,000, Error reduction coefficient: 0,000, Error: 0,0000 s
abr 04, 2013 12:33:06 PM org.ros.time.RemoteUptimeClock update
INFO: Latency: 7,0000 s, Delta ratio: 1,0000, Drift: 1,000, Error reduction coefficient: 0,000, Error: 0,0000 s
abr 04, 2013 12:33:06 PM org.ros.time.RemoteUptimeClock update
INFO: Latency: 7,0000 s, Delta ratio: 1,0000, Drift: 1,000, Error reduction coefficient: 0,000, Error: 0,0000 s
abr 04, 2013 12:33:06 PM org.ros.time.RemoteUptimeClock update
INFO: Latency: 7,0000 s, Delta ratio: 1,0000, Drift: 1,000, Error reduction coefficient: 0,000, Error: 0,0000 s
abr 04, 2013 12:33:06 PM org.ros.time.RemoteUptimeClock update
INFO: Latency: 7,0000 s, Delta ratio: 1,0000, Drift: 1,000, Error reduction coefficient: 0,000, Error: 0,0000 s
abr 04, 2013 12:33:06 PM org.ros.time.RemoteUptimeClock update
INFO: Latency: 7,0000 s, Delta ratio: 1,0000, Drift: 1,000, Error reduction coefficient: 0,000, Error: 0,0000 s
abr 04, 2013 12:33:06 PM org.ros.time.RemoteUptimeClock update
INFO: Latency: 7,0000 s, Delta ratio: 1,0000, Drift: 1,000, Error reduction coefficient: 0,000, Error: 0,0000 s
abr 04, 2013 12:33:06 PM org.ros.time.RemoteUptimeClock update
INFO: Latency: 7,0000 s, Delta ratio: 1,0000, Drift: 1,000, Error reduction coefficient: 0,000, Error: 0,0000 s
abr 04, 2013 12:33:06 PM org.ros.time.RemoteUptimeClock update
INFO: Latency: 7,0000 s, Delta ratio: 1,0000, Drift: 1,000, Error reduction coefficient: 0,000, Error: 0,0000 s
abr 04, 2013 12:33:06 PM org.ros.time.RemoteUptimeClock update
INFO: Latency: 7,0000 s, Delta ratio: 1,0000, Drift: 1,000, Error reduction coefficient: 0,000, Error: 0,0000 s
abr 04, 2013 12:33:06 PM org.ros.time.RemoteUptimeClock update
INFO: Latency: 7,0000 s, Delta ratio: 1,0000, Drift: 1,000, Error reduction coefficient: 0,000, Error: 0,0000 s
abr 04, 2013 12:33:06 PM org.ros.time.RemoteUptimeClock update
INFO: Latency: 7,0000 s, Delta ratio: 1,0000, Drift: 1,000, Error reduction coefficient: 0,000, Error: 0,0000 s
abr 04, 2013 12:33:06 PM org.ros.time.RemoteUptimeClock update
INFO: Latency: 7,0000 s, Delta ratio: 1,0000, Drift: 1,000, Error reduction coefficient: 0,000, Error: 0,0000 s
abr 04, 2013 12:33:06 PM org.ros.time.RemoteUptimeClock update
INFO: Latency: 7,0000 s, Delta ratio: 1,0000, Drift: 1,000, Error reduction coefficient: 0,000, Error: 0,0000 s
abr 04, 2013 12:33:06 PM org.ros.time.RemoteUptimeClock update
INFO: Latency: 7,0000 s, Delta ratio: 1,0000, Drift: 1,000, Error reduction coefficient: 0,000, Error: 0,0000 s
abr 04, 2013 12:33:06 PM org.ros.time.RemoteUptimeClock update
INFO: Latency: 7,0000 s, Delta ratio: 1,0000, Drift: 1,000, Error reduction coefficient: 0,000, Error: 0,0000 s
abr 04, 2013 12:33:06 PM org.ros.time.RemoteUptimeClock update
INFO: Latency: 7,0000 s, Delta ratio: 1,0000, Drift: 1,000, Error reduction coefficient: 0,000, Error: 0,0000 s
abr 04, 2013 12:33:06 PM org.ros.time.RemoteUptimeClock update
INFO: Latency: 7,0000 s, Delta ratio: 1,0000, Drift: 1,000, Error reduction coefficient: 0,000, Error: 0,0000 s
abr 04, 2013 12:33:06 PM org.ros.time.RemoteUptimeClock update
INFO: Latency: 7,0000 s, Delta ratio: 1,0000, Drift: 1,000, Error reduction coefficient: 0,000, Error: 0,0000 s
abr 04, 2013 12:33:06 PM org.ros.time.RemoteUptimeClock update
INFO: Latency: 7,0000 s, Delta ratio: 1,0000, Drift: 1,000, Error reduction coefficient: 0,000, Error: 0,0000 s
abr 04, 2013 12:33:06 PM org.ros.time.RemoteUptimeClock update
INFO: Latency: 7,0000 s, Delta ratio: 1,0000, Drift: 1,000, Error reduction coefficient: 0,000, Error: 0,0000 s
abr 04, 2013 12:33:06 PM org.ros.time.RemoteUptimeClock update
INFO: Latency: 7,0000 s, Delta ratio: 1,0000, Drift: 1,000, Error reduction coefficient: 0,000, Error: 0,0000 s
abr 04, 2013 12:33:06 PM org.ros.time.RemoteUptimeClock update
INFO: Latency: 7,0000 s, Delta ratio: 1,0000, Drift: 1,000, Error reduction coefficient: 0,000, Error: 0,0000 s
abr 04, 2013 12:33:06 PM org.ros.time.RemoteUptimeClock update
INFO: Latency: 7,0000 s, Delta ratio: 1,0000, Drift: 1,000, Error reduction coefficient: 0,000, Error: 0,0000 s
abr 04, 2013 12:33:06 PM org.ros.time.RemoteUptimeClock update
INFO: Latency: 7,0000 s, Delta ratio: 1,0000, Drift: 1,000, Error reduction coefficient: 0,000, Error: 0,0000 s
abr 04, 2013 12:33:06 PM org.ros.time.RemoteUptimeClock update
INFO: Latency: 7,0000 s, Delta ratio: 1,0000, Drift: 1,000, Error reduction coefficient: 0,000, Error: 0,0000 s
abr 04, 2013 12:33:06 PM org.ros.time.RemoteUptimeClock update
INFO: Latency: 7,0000 s, Delta ratio: 1,0000, Drift: 1,000, Error reduction coefficient: 0,000, Error: 0,0000 s
abr 04, 2013 12:33:06 PM org.ros.time.RemoteUptimeClock update
INFO: Latency: 7,0000 s, Delta ratio: 1,0000, Drift: 1,000, Error reduction coefficient: 0,000, Error: 0,0000 s
abr 04, 2013 12:33:06 PM org.ros.time.RemoteUptimeClock update
INFO: Latency: 7,0000 s, Delta ratio: 1,0000, Drift: 1,000, Error reduction coefficient: 0,000, Error: 0,0000 s
abr 04, 2013 12:33:06 PM org.ros.time.RemoteUptimeClock update
INFO: Latency: 7,0000 s, Delta ratio: 1,0000, Drift: 1,000, Error reduction coefficient: 0,000, Error: 0,0000 s
abr 04, 2013 12:33:06 PM org.ros.time.RemoteUptimeClock update
INFO: Latency: 7,0000 s, Delta ratio: 1,0000, Drift: 1,000, Error reduction coefficient: 0,000, Error: 0,0000 s
abr 04, 2013 12:33:06 PM org.ros.time.RemoteUptimeClock update
INFO: Latency: 7,0000 s, Delta ratio: 1,0000, Drift: 1,000, Error reduction coefficient: 0,000, Error: 0,0000 s
abr 04, 2013 12:33:06 PM org.ros.time.RemoteUptimeClock update
INFO: Latency: 7,0000 s, Delta ratio: 1,0000, Drift: 1,000, Error reduction coefficient: 0,000, Error: 0,0000 s
abr 04, 2013 12:33:06 PM org.ros.time.RemoteUptimeClock update
INFO: Latency: 7,0000 s, Delta ratio: 1,0000, Drift: 1,000, Error reduction coefficient: 0,000, Error: 0,0000 s
abr 04, 2013 12:33:06 PM org.ros.time.RemoteUptimeClock update
INFO: Latency: 7,0000 s, Delta ratio: 1,0000, Drift: 1,000, Error reduction coefficient: 0,000, Error: 0,0000 s
abr 04, 2013 12:33:06 PM org.ros.time.RemoteUptimeClock update
INFO: Latency: 7,0000 s, Delta ratio: 1,0000, Drift: 1,000, Error reduction coefficient: 0,000, Error: 0,0000 s
abr 04, 2013 12:33:06 PM org.ros.time.RemoteUptimeClock update
INFO: Latency: 7,0000 s, Delta ratio: 1,0000, Drift: 1,000, Error reduction coefficient: 0,000, Error: 0,0000 s
abr 04, 2013 12:33:06 PM org.ros.time.RemoteUptimeClock update
INFO: Latency: 7,0000 s, Delta ratio: 1,0000, Drift: 1,000, Error reduction coefficient: 0,000, Error: 0,0000 s
abr 04, 2013 12:33:06 PM org.ros.time.RemoteUptimeClock update
INFO: Latency: 7,0000 s, Delta ratio: 1,0000, Drift: 1,000, Error reduction coefficient: 0,000, Error: 0,0000 s
abr 04, 2013 12:33:06 PM org.ros.time.RemoteUptimeClock update
INFO: Latency: 7,0000 s, Delta ratio: 1,0000, Drift: 1,000, Error reduction coefficient: 0,000, Error: 0,0000 s
abr 04, 2013 12:33:06 PM org.ros.time.RemoteUptimeClock update
INFO: Latency: 7,0000 s, Delta ratio: 1,0000, Drift: 1,000, Error reduction coefficient: 0,000, Error: 0,0000 s
abr 04, 2013 12:33:06 PM org.ros.time.RemoteUptimeClock update
INFO: Latency: 7,0000 s, Delta ratio: 1,0000, Drift: 1,000, Error reduction coefficient: 0,000, Error: 0,0000 s
abr 04, 2013 12:33:06 PM org.ros.time.RemoteUptimeClock update
INFO: Latency: 7,0000 s, Delta ratio: 1,0000, Drift: 1,000, Error reduction coefficient: 0,000, Error: 0,0000 s
abr 04, 2013 12:33:06 PM org.ros.time.RemoteUptimeClock update
INFO: Latency: 7,0000 s, Delta ratio: 1,0000, Drift: 1,000, Error reduction coefficient: 0,000, Error: 0,0000 s
abr 04, 2013 12:33:06 PM org.ros.time.RemoteUptimeClock update
INFO: Latency: 7,0000 s, Delta ratio: 1,0000, Drift: 1,000, Error reduction coefficient: 0,000, Error: 0,0000 s
abr 04, 2013 12:33:06 PM org.ros.time.RemoteUptimeClock update
INFO: Latency: 7,0000 s, Delta ratio: 1,0000, Drift: 1,000, Error reduction coefficient: 0,000, Error: 0,0000 s
abr 04, 2013 12:33:06 PM org.ros.time.RemoteUptimeClock update
INFO: Latency: 7,0000 s, Delta ratio: 1,0000, Drift: 1,000, Error reduction coefficient: 0,000, Error: 0,0000 s
abr 04, 2013 12:33:06 PM org.ros.time.RemoteUptimeClock update
INFO: Latency: 7,0000 s, Delta ratio: 1,0000, Drift: 1,000, Error reduction coefficient: 0,000, Error: 0,0000 s
abr 04, 2013 12:33:06 PM org.ros.time.RemoteUptimeClock update
INFO: Latency: 7,0000 s, Delta ratio: 1,0000, Drift: 1,000, Error reduction coefficient: 0,000, Error: 0,0000 s
abr 04, 2013 12:33:06 PM org.ros.time.RemoteUptimeClock update
INFO: Latency: 7,0000 s, Delta ratio: 1,0000, Drift: 1,000, Error reduction coefficient: 0,000, Error: 0,0000 s
abr 04, 2013 12:33:06 PM org.ros.time.RemoteUptimeClock update
INFO: Latency: 7,0000 s, Delta ratio: 1,0000, Drift: 1,000, Error reduction coefficient: 0,000, Error: 0,0000 s
abr 04, 2013 12:33:06 PM org.ros.time.RemoteUptimeClock update
INFO: Latency: 7,0000 s, Delta ratio: 1,0000, Drift: 1,000, Error reduction coefficient: 0,000, Error: 0,0000 s
abr 04, 2013 12:33:06 PM org.ros.time.RemoteUptimeClock update
INFO: Latency: 7,0000 s, Delta ratio: 1,0000, Drift: 1,000, Error reduction coefficient: 0,000, Error: 0,0000 s
abr 04, 2013 12:33:06 PM org.ros.time.RemoteUptimeClock update
INFO: Latency: 7,0000 s, Delta ratio: 1,0000, Drift: 1,000, Error reduction coefficient: 0,000, Error: 0,0000 s
abr 04, 2013 12:33:06 PM org.ros.time.RemoteUptimeClock update
INFO: Latency: 7,0000 s, Delta ratio: 1,0000, Drift: 1,000, Error reduction coefficient: 0,000, Error: 0,0000 s
abr 04, 2013 12:33:06 PM org.ros.time.RemoteUptimeClock update
INFO: Latency: 7,0000 s, Delta ratio: 1,0000, Drift: 1,000, Error reduction coefficient: 0,000, Error: 0,0000 s
abr 04, 2013 12:33:06 PM org.ros.time.RemoteUptimeClock update
INFO: Latency: 7,0000 s, Delta ratio: 1,0000, Drift: 1,000, Error reduction coefficient: 0,000, Error: 0,0000 s
abr 04, 2013 12:33:06 PM org.ros.time.RemoteUptimeClock update
INFO: Latency: 7,0000 s, Delta ratio: 1,0000, Drift: 1,000, Error reduction coefficient: 0,000, Error: 0,0000 s
abr 04, 2013 12:33:06 PM org.ros.time.RemoteUptimeClock update
INFO: Latency: 7,0000 s, Delta ratio: 1,0000, Drift: 1,000, Error reduction coefficient: 0,000, Error: 0,0000 s
abr 04, 2013 12:33:06 PM org.ros.time.RemoteUptimeClock update
INFO: Latency: 7,0000 s, Delta ratio: 1,0000, Drift: 1,000, Error reduction coefficient: 0,000, Error: 0,0000 s
abr 04, 2013 12:33:06 PM org.ros.time.RemoteUptimeClock update
INFO: Latency: 7,0000 s, Delta ratio: 1,0000, Drift: 1,000, Error reduction coefficient: 0,000, Error: 0,0000 s
abr 04, 2013 12:33:06 PM org.ros.time.RemoteUptimeClock update
INFO: Latency: 7,0000 s, Delta ratio: 1,0000, Drift: 1,000, Error reduction coefficient: 0,000, Error: 0,0000 s
abr 04, 2013 12:33:06 PM org.ros.time.RemoteUptimeClock update
INFO: Latency: 7,0000 s, Delta ratio: 1,0000, Drift: 1,000, Error reduction coefficient: 0,000, Error: 0,0000 s
abr 04, 2013 12:33:06 PM org.ros.time.RemoteUptimeClock update
INFO: Latency: 7,0000 s, Delta ratio: 1,0000, Drift: 1,000, Error reduction coefficient: 0,000, Error: 0,0000 s
abr 04, 2013 12:33:06 PM org.ros.time.RemoteUptimeClock update
INFO: Latency: 7,0000 s, Delta ratio: 1,0000, Drift: 1,000, Error reduction coefficient: 0,000, Error: 0,0000 s
abr 04, 2013 12:33:06 PM org.ros.time.RemoteUptimeClock update
INFO: Latency: 7,0000 s, Delta ratio: 1,0000, Drift: 1,000, Error reduction coefficient: 0,000, Error: 0,0000 s
abr 04, 2013 12:33:06 PM org.ros.time.RemoteUptimeClock update
INFO: Latency: 7,0000 s, Delta ratio: 1,0000, Drift: 1,000, Error reduction coefficient: 0,000, Error: 0,0000 s
abr 04, 2013 12:33:06 PM org.ros.time.RemoteUptimeClock update
INFO: Latency: 7,0000 s, Delta ratio: 1,0000, Drift: 1,000, Error reduction coefficient: 0,000, Error: 0,0000 s
abr 04, 2013 12:33:06 PM org.ros.time.RemoteUptimeClock update
INFO: Latency: 7,0000 s, Delta ratio: 1,0000, Drift: 1,000, Error reduction coefficient: 0,000, Error: 0,0000 s
abr 04, 2013 12:33:06 PM org.ros.time.RemoteUptimeClock update
INFO: Latency: 7,0000 s, Delta ratio: 1,0000, Drift: 1,000, Error reduction coefficient: 0,000, Error: 0,0000 s
abr 04, 2013 12:33:06 PM org.ros.time.RemoteUptimeClock update
INFO: Latency: 7,0000 s, Delta ratio: 1,0000, Drift: 1,000, Error reduction coefficient: 0,000, Error: 0,0000 s
abr 04, 2013 12:33:06 PM org.ros.time.RemoteUptimeClock update
INFO: Latency: 7,0000 s, Delta ratio: 1,0000, Drift: 1,000, Error reduction coefficient: 0,000, Error: 0,0000 s
abr 04, 2013 12:33:06 PM org.ros.time.RemoteUptimeClock update
INFO: Latency: 7,0000 s, Delta ratio: 1,0000, Drift: 1,000, Error reduction coefficient: 0,000, Error: 0,0000 s
abr 04, 2013 12:33:06 PM org.ros.time.RemoteUptimeClock update
INFO: Latency: 7,0000 s, Delta ratio: 1,0000, Drift: 1,000, Error reduction coefficient: 0,000, Error: 0,0000 s
abr 04, 2013 12:33:06 PM org.ros.time.RemoteUptimeClock update
INFO: Latency: 7,0000 s, Delta ratio: 1,0000, Drift: 1,000, Error reduction coefficient: 0,000, Error: 0,0000 s
abr 04, 2013 12:33:06 PM org.ros.time.RemoteUptimeClock update
INFO: Latency: 7,0000 s, Delta ratio: 1,0000, Drift: 1,000, Error reduction coefficient: 0,000, Error: 0,0000 s
abr 04, 2013 12:33:06 PM org.ros.time.RemoteUptimeClock update
INFO: Latency: 7,0000 s, Delta ratio: 1,0000, Drift: 1,000, Error reduction coefficient: 0,000, Error: 0,0000 s
abr 04, 2013 12:33:06 PM org.ros.time.RemoteUptimeClock update
INFO: Latency: 7,0000 s, Delta ratio: 1,0000, Drift: 1,000, Error reduction coefficient: 0,000, Error: 0,0000 s
abr 04, 2013 12:33:06 PM org.ros.time.RemoteUptimeClock update
INFO: Latency: 7,0000 s, Delta ratio: 1,0000, Drift: 1,000, Error reduction coefficient: 0,000, Error: 0,0000 s
abr 04, 2013 12:33:06 PM org.ros.time.RemoteUptimeClock update
INFO: Latency: 7,0000 s, Delta ratio: 1,0000, Drift: 1,000, Error reduction coefficient: 0,000, Error: 0,0000 s
abr 04, 2013 12:33:06 PM org.ros.time.RemoteUptimeClock update
INFO: Latency: 7,0000 s, Delta ratio: 1,0000, Drift: 1,000, Error reduction coefficient: 0,000, Error: 0,0000 s
abr 04, 2013 12:33:06 PM org.ros.time.RemoteUptimeClock update
INFO: Latency: 7,0000 s, Delta ratio: 1,0000, Drift: 1,000, Error reduction coefficient: 0,000, Error: 0,0000 s
abr 04, 2013 12:33:06 PM org.ros.time.RemoteUptimeClock update
INFO: Latency: 7,0000 s, Delta ratio: 1,0000, Drift: 1,000, Error reduction coefficient: 0,000, Error: 0,0000 s
abr 04, 2013 12:33:06 PM org.ros.time.RemoteUptimeClock update
INFO: Latency: 7,0000 s, Delta ratio: 1,0000, Drift: 1,000, Error reduction coefficient: 0,000, Error: 0,0000 s
abr 04, 2013 12:33:06 PM org.ros.time.RemoteUptimeClock update
INFO: Latency: 7,0000 s, Delta ratio: 1,0000, Drift: 1,000, Error reduction coefficient: 0,000, Error: 0,0000 s
abr 04, 2013 12:33:06 PM org.ros.time.RemoteUptimeClock update
INFO: Latency: 7,0000 s, Delta ratio: 1,0000, Drift: 1,000, Error reduction coefficient: 0,000, Error: 0,0000 s
abr 04, 2013 12:33:06 PM org.ros.time.RemoteUptimeClock update
INFO: Latency: 7,0000 s, Delta ratio: 1,0000, Drift: 1,000, Error reduction coefficient: 0,000, Error: 0,0000 s
abr 04, 2013 12:33:06 PM org.ros.time.RemoteUptimeClock update
INFO: Latency: 7,0000 s, Delta ratio: 1,0000, Drift: 1,000, Error reduction coefficient: 0,000, Error: 0,0000 s
abr 04, 2013 12:33:06 PM org.ros.time.RemoteUptimeClock update
INFO: Latency: 7,0000 s, Delta ratio: 1,0000, Drift: 1,000, Error reduction coefficient: 0,000, Error: 0,0000 s
abr 04, 2013 12:33:06 PM org.ros.time.RemoteUptimeClock update
INFO: Latency: 7,0000 s, Delta ratio: 1,0000, Drift: 1,000, Error reduction coefficient: 0,000, Error: 0,0000 s
abr 04, 2013 12:33:06 PM org.ros.time.RemoteUptimeClock update
INFO: Latency: 7,0000 s, Delta ratio: 1,0000, Drift: 1,000, Error reduction coefficient: 0,000, Error: 0,0000 s
abr 04, 2013 12:33:06 PM org.ros.time.RemoteUptimeClock update
INFO: Latency: 7,0000 s, Delta ratio: 1,0000, Drift: 1,000, Error reduction coefficient: 0,000, Error: 0,0000 s
abr 04, 2013 12:33:06 PM org.ros.time.RemoteUptimeClock update
INFO: Latency: 7,0000 s, Delta ratio: 1,0000, Drift: 1,000, Error reduction coefficient: 0,000, Error: 0,0000 s
abr 04, 2013 12:33:06 PM org.ros.time.RemoteUptimeClock update
INFO: Latency: 7,0000 s, Delta ratio: 1,0000, Drift: 1,000, Error reduction coefficient: 0,000, Error: 0,0000 s
abr 04, 2013 12:33:06 PM org.ros.time.RemoteUptimeClock update
INFO: Latency: 7,0000 s, Delta ratio: 1,0000, Drift: 1,000, Error reduction coefficient: 0,000, Error: 0,0000 s
abr 04, 2013 12:33:06 PM org.ros.time.RemoteUptimeClock update
INFO: Latency: 7,0000 s, Delta ratio: 1,0000, Drift: 1,000, Error reduction coefficient: 0,000, Error: 0,0000 s
abr 04, 2013 12:33:06 PM org.ros.time.RemoteUptimeClock update
INFO: Latency: 7,0000 s, Delta ratio: 1,0000, Drift: 1,000, Error reduction coefficient: 0,000, Error: 0,0000 s
abr 04, 2013 12:33:06 PM org.ros.time.RemoteUptimeClock update
INFO: Latency: 7,0000 s, Delta ratio: 1,0000, Drift: 1,000, Error reduction coefficient: 0,000, Error: 0,0000 s
abr 04, 2013 12:33:06 PM org.ros.time.RemoteUptimeClock update
INFO: Latency: 7,0000 s, Delta ratio: 1,0000, Drift: 1,000, Error reduction coefficient: 0,000, Error: 0,0000 s
abr 04, 2013 12:33:06 PM org.ros.time.RemoteUptimeClock update
INFO: Latency: 7,0000 s, Delta ratio: 1,0000, Drift: 1,000, Error reduction coefficient: 0,000, Error: 0,0000 s
abr 04, 2013 12:33:06 PM org.ros.time.RemoteUptimeClock update
INFO: Latency: 7,0000 s, Delta ratio: 1,0000, Drift: 1,000, Error reduction coefficient: 0,000, Error: 0,0000 s
abr 04, 2013 12:33:06 PM org.ros.time.RemoteUptimeClock update
INFO: Latency: 7,0000 s, Delta ratio: 1,0000, Drift: 1,000, Error reduction coefficient: 0,000, Error: 0,0000 s
abr 04, 2013 12:33:06 PM org.ros.time.RemoteUptimeClock update
INFO: Latency: 7,0000 s, Delta ratio: 1,0000, Drift: 1,000, Error reduction coefficient: 0,000, Error: 0,0000 s
abr 04, 2013 12:33:06 PM org.ros.time.RemoteUptimeClock update
INFO: Latency: 7,0000 s, Delta ratio: 1,0000, Drift: 1,000, Error reduction coefficient: 0,000, Error: 0,0000 s
abr 04, 2013 12:33:06 PM org.ros.time.RemoteUptimeClock update
INFO: Latency: 7,0000 s, Delta ratio: 1,0000, Drift: 1,000, Error reduction coefficient: 0,000, Error: 0,0000 s
abr 04, 2013 12:33:06 PM org.ros.time.RemoteUptimeClock update
INFO: Latency: 7,0000 s, Delta ratio: 1,0000, Drift: 1,000, Error reduction coefficient: 0,000, Error: 0,0000 s
abr 04, 2013 12:33:06 PM org.ros.time.RemoteUptimeClock update
INFO: Latency: 7,0000 s, Delta ratio: 1,0000, Drift: 1,000, Error reduction coefficient: 0,000, Error: 0,0000 s
abr 04, 2013 12:33:06 PM org.ros.time.RemoteUptimeClock update
INFO: Latency: 7,0000 s, Delta ratio: 1,0000, Drift: 1,000, Error reduction coefficient: 0,000, Error: 0,0000 s
abr 04, 2013 12:33:06 PM org.ros.time.RemoteUptimeClock update
INFO: Latency: 7,0000 s, Delta ratio: 1,0000, Drift: 1,000, Error reduction coefficient: 0,000, Error: 0,0000 s
abr 04, 2013 12:33:06 PM org.ros.time.RemoteUptimeClock update
INFO: Latency: 7,0000 s, Delta ratio: 1,0000, Drift: 1,000, Error reduction coefficient: 0,000, Error: 0,0000 s
abr 04, 2013 12:33:06 PM org.ros.time.RemoteUptimeClock update
INFO: Latency: 7,0000 s, Delta ratio: 1,0000, Drift: 1,000, Error reduction coefficient: 0,000, Error: 0,0000 s
abr 04, 2013 12:33:06 PM org.ros.time.RemoteUptimeClock update
INFO: Latency: 7,0000 s, Delta ratio: 1,0000, Drift: 1,000, Error reduction coefficient: 0,000, Error: 0,0000 s
abr 04, 2013 12:33:06 PM org.ros.time.RemoteUptimeClock update
INFO: Latency: 7,0000 s, Delta ratio: 1,0000, Drift: 1,000, Error reduction coefficient: 0,000, Error: 0,0000 s
abr 04, 2013 12:33:06 PM org.ros.time.RemoteUptimeClock update
INFO: Latency: 7,0000 s, Delta ratio: 1,0000, Drift: 1,000, Error reduction coefficient: 0,000, Error: 0,0000 s
abr 04, 2013 12:33:06 PM org.ros.time.RemoteUptimeClock update
INFO: Latency: 7,0000 s, Delta ratio: 1,0000, Drift: 1,000, Error reduction coefficient: 0,000, Error: 0,0000 s
abr 04, 2013 12:33:06 PM org.ros.time.RemoteUptimeClock update
INFO: Latency: 7,0000 s, Delta ratio: 1,0000, Drift: 1,000, Error reduction coefficient: 0,000, Error: 0,0000 s
abr 04, 2013 12:33:06 PM org.ros.time.RemoteUptimeClock update
INFO: Latency: 7,0000 s, Delta ratio: 1,0000, Drift: 1,000, Error reduction coefficient: 0,000, Error: 0,0000 s
abr 04, 2013 12:33:06 PM org.ros.time.RemoteUptimeClock update
INFO: Latency: 7,0000 s, Delta ratio: 1,0000, Drift: 1,000, Error reduction coefficient: 0,000, Error: 0,0000 s
abr 04, 2013 12:33:06 PM org.ros.time.RemoteUptimeClock update
INFO: Latency: 7,0000 s, Delta ratio: 1,0000, Drift: 1,000, Error reduction coefficient: 0,000, Error: 0,0000 s
abr 04, 2013 12:33:06 PM org.ros.time.RemoteUptimeClock update
INFO: Latency: 7,0000 s, Delta ratio: 1,0000, Drift: 1,000, Error reduction coefficient: 0,000, Error: 0,0000 s
abr 04, 2013 12:33:06 PM org.ros.time.RemoteUptimeClock update
INFO: Latency: 7,0000 s, Delta ratio: 1,0000, Drift: 1,000, Error reduction coefficient: 0,000, Error: 0,0000 s
abr 04, 2013 12:33:06 PM org.ros.time.RemoteUptimeClock update
INFO: Latency: 7,0000 s, Delta ratio: 1,0000, Drift: 1,000, Error reduction coefficient: 0,000, Error: 0,0000 s
abr 04, 2013 12:33:06 PM org.ros.time.RemoteUptimeClock update
INFO: Latency: 7,0000 s, Delta ratio: 1,0000, Drift: 1,000, Error reduction coefficient: 0,000, Error: 0,0000 s
abr 04, 2013 12:33:06 PM org.ros.time.RemoteUptimeClock update
INFO: Latency: 7,0000 s, Delta ratio: 1,0000, Drift: 1,000, Error reduction coefficient: 0,000, Error: 0,0000 s
abr 04, 2013 12:33:06 PM org.ros.time.RemoteUptimeClock update
INFO: Latency: 7,0000 s, Delta ratio: 1,0000, Drift: 1,000, Error reduction coefficient: 0,000, Error: 0,0000 s
abr 04, 2013 12:33:06 PM org.ros.time.RemoteUptimeClock update
INFO: Latency: 7,0000 s, Delta ratio: 1,0000, Drift: 1,000, Error reduction coefficient: 0,000, Error: 0,0000 s
abr 04, 2013 12:33:06 PM org.ros.time.RemoteUptimeClock update
INFO: Latency: 7,0000 s, Delta ratio: 1,0000, Drift: 1,000, Error reduction coefficient: 0,000, Error: 0,0000 s
abr 04, 2013 12:33:06 PM org.ros.time.RemoteUptimeClock update
INFO: Latency: 7,0000 s, Delta ratio: 1,0000, Drift: 1,000, Error reduction coefficient: 0,000, Error: 0,0000 s
abr 04, 2013 12:33:06 PM org.ros.time.RemoteUptimeClock update
INFO: Latency: 7,0000 s, Delta ratio: 1,0000, Drift: 1,000, Error reduction coefficient: 0,000, Error: 0,0000 s
abr 04, 2013 12:33:06 PM org.ros.time.RemoteUptimeClock update
INFO: Latency: 7,0000 s, Delta ratio: 1,0000, Drift: 1,000, Error reduction coefficient: 0,000, Error: 0,0000 s
abr 04, 2013 12:33:06 PM org.ros.time.RemoteUptimeClock update
INFO: Latency: 7,0000 s, Delta ratio: 1,0000, Drift: 1,000, Error reduction coefficient: 0,000, Error: 0,0000 s
abr 04, 2013 12:33:06 PM org.ros.time.RemoteUptimeClock update
INFO: Latency: 7,0000 s, Delta ratio: 1,0000, Drift: 1,000, Error reduction coefficient: 0,000, Error: 0,0000 s
abr 04, 2013 12:33:06 PM org.ros.time.RemoteUptimeClock update
INFO: Latency: 7,0000 s, Delta ratio: 1,0000, Drift: 1,000, Error reduction coefficient: 0,000, Error: 0,0000 s
abr 04, 2013 12:33:06 PM org.ros.time.RemoteUptimeClock update
INFO: Latency: 7,0000 s, Delta ratio: 1,0000, Drift: 1,000, Error reduction coefficient: 0,000, Error: 0,0000 s
abr 04, 2013 12:33:06 PM org.ros.time.RemoteUptimeClock update
INFO: Latency: 7,0000 s, Delta ratio: 1,0000, Drift: 1,000, Error reduction coefficient: 0,000, Error: 0,0000 s
abr 04, 2013 12:33:06 PM org.ros.time.RemoteUptimeClock update
INFO: Latency: 7,0000 s, Delta ratio: 1,0000, Drift: 1,000, Error reduction coefficient: 0,000, Error: 0,0000 s
abr 04, 2013 12:33:06 PM org.ros.time.RemoteUptimeClock update
INFO: Latency: 7,0000 s, Delta ratio: 1,0000, Drift: 1,000, Error reduction coefficient: 0,000, Error: 0,0000 s
abr 04, 2013 12:33:06 PM org.ros.time.RemoteUptimeClock update
INFO: Latency: 7,0000 s, Delta ratio: 1,0000, Drift: 1,000, Error reduction coefficient: 0,000, Error: 0,0000 s
abr 04, 2013 12:33:06 PM org.ros.time.RemoteUptimeClock update
INFO: Latency: 7,0000 s, Delta ratio: 1,0000, Drift: 1,000, Error reduction coefficient: 0,000, Error: 0,0000 s
abr 04, 2013 12:33:06 PM org.ros.time.RemoteUptimeClock update
INFO: Latency: 7,0000 s, Delta ratio: 1,0000, Drift: 1,000, Error reduction coefficient: 0,000, Error: 0,0000 s
abr 04, 2013 12:33:06 PM org.ros.time.RemoteUptimeClock update
INFO: Latency: 7,0000 s, Delta ratio: 1,0000, Drift: 1,000, Error reduction coefficient: 0,000, Error: 0,0000 s
abr 04, 2013 12:33:06 PM org.ros.time.RemoteUptimeClock update
INFO: Latency: 7,0000 s, Delta ratio: 1,0000, Drift: 1,000, Error reduction coefficient: 0,000, Error: 0,0000 s
abr 04, 2013 12:33:06 PM org.ros.time.RemoteUptimeClock update
INFO: Latency: 7,0000 s, Delta ratio: 1,0000, Drift: 1,000, Error reduction coefficient: 0,000, Error: 0,0000 s
abr 04, 2013 12:33:06 PM org.ros.time.RemoteUptimeClock update
INFO: Latency: 7,0000 s, Delta ratio: 1,0000, Drift: 1,000, Error reduction coefficient: 0,000, Error: 0,0000 s
abr 04, 2013 12:33:06 PM org.ros.time.RemoteUptimeClock update
INFO: Latency: 7,0000 s, Delta ratio: 1,0000, Drift: 1,000, Error reduction coefficient: 0,000, Error: 0,0000 s
abr 04, 2013 12:33:06 PM org.ros.time.RemoteUptimeClock update
INFO: Latency: 7,0000 s, Delta ratio: 1,0000, Drift: 1,000, Error reduction coefficient: 0,000, Error: 0,0000 s
abr 04, 2013 12:33:06 PM org.ros.time.RemoteUptimeClock update
INFO: Latency: 7,0000 s, Delta ratio: 1,0000, Drift: 1,000, Error reduction coefficient: 0,000, Error: 0,0000 s
abr 04, 2013 12:33:06 PM org.ros.time.RemoteUptimeClock update
INFO: Latency: 7,0000 s, Delta ratio: 1,0000, Drift: 1,000, Error reduction coefficient: 0,000, Error: 0,0000 s
abr 04, 2013 12:33:06 PM org.ros.time.RemoteUptimeClock update
INFO: Latency: 7,0000 s, Delta ratio: 1,0000, Drift: 1,000, Error reduction coefficient: 0,000, Error: 0,0000 s
abr 04, 2013 12:33:06 PM org.ros.time.RemoteUptimeClock update
INFO: Latency: 7,0000 s, Delta ratio: 1,0000, Drift: 1,000, Error reduction coefficient: 0,000, Error: 0,0000 s
abr 04, 2013 12:33:06 PM org.ros.time.RemoteUptimeClock update
INFO: Latency: 7,0000 s, Delta ratio: 1,0000, Drift: 1,000, Error reduction coefficient: 0,000, Error: 0,0000 s
abr 04, 2013 12:33:06 PM org.ros.time.RemoteUptimeClock update
INFO: Latency: 7,0000 s, Delta ratio: 1,0000, Drift: 1,000, Error reduction coefficient: 0,000, Error: 0,0000 s
abr 04, 2013 12:33:06 PM org.ros.time.RemoteUptimeClock update
INFO: Latency: 7,0000 s, Delta ratio: 1,0000, Drift: 1,000, Error reduction coefficient: 0,000, Error: 0,0000 s
abr 04, 2013 12:33:06 PM org.ros.time.RemoteUptimeClock update
INFO: Latency: 7,0000 s, Delta ratio: 1,0000, Drift: 1,000, Error reduction coefficient: 0,000, Error: 0,0000 s
abr 04, 2013 12:33:06 PM org.ros.time.RemoteUptimeClock update
INFO: Latency: 7,0000 s, Delta ratio: 1,0000, Drift: 1,000, Error reduction coefficient: 0,000, Error: 0,0000 s
abr 04, 2013 12:33:06 PM org.ros.time.RemoteUptimeClock update
INFO: Latency: 7,0000 s, Delta ratio: 1,0000, Drift: 1,000, Error reduction coefficient: 0,000, Error: 0,0000 s
abr 04, 2013 12:33:06 PM org.ros.time.RemoteUptimeClock update
INFO: Latency: 7,0000 s, Delta ratio: 1,0000, Drift: 1,000, Error reduction coefficient: 0,000, Error: 0,0000 s
abr 04, 2013 12:33:06 PM org.ros.time.RemoteUptimeClock update
INFO: Latency: 7,0000 s, Delta ratio: 1,0000, Drift: 1,000, Error reduction coefficient: 0,000, Error: 0,0000 s
abr 04, 2013 12:33:06 PM org.ros.time.RemoteUptimeClock update
INFO: Latency: 7,0000 s, Delta ratio: 1,0000, Drift: 1,000, Error reduction coefficient: 0,000, Error: 0,0000 s
abr 04, 2013 12:33:06 PM org.ros.time.RemoteUptimeClock update
INFO: Latency: 7,0000 s, Delta ratio: 1,0000, Drift: 1,000, Error reduction coefficient: 0,000, Error: 0,0000 s
abr 04, 2013 12:33:06 PM org.ros.time.RemoteUptimeClock update
INFO: Latency: 7,0000 s, Delta ratio: 1,0000, Drift: 1,000, Error reduction coefficient: 0,000, Error: 0,0000 s
abr 04, 2013 12:33:06 PM org.ros.time.RemoteUptimeClock update
INFO: Latency: 7,0000 s, Delta ratio: 1,0000, Drift: 1,000, Error reduction coefficient: 0,000, Error: 0,0000 s
abr 04, 2013 12:33:06 PM org.ros.time.RemoteUptimeClock update
INFO: Latency: 7,0000 s, Delta ratio: 1,0000, Drift: 1,000, Error reduction coefficient: 0,000, Error: 0,0000 s
abr 04, 2013 12:33:06 PM org.ros.time.RemoteUptimeClock update
INFO: Latency: 7,0000 s, Delta ratio: 1,0000, Drift: 1,000, Error reduction coefficient: 0,000, Error: 0,0000 s
abr 04, 2013 12:33:06 PM org.ros.time.RemoteUptimeClock update
INFO: Latency: 7,0000 s, Delta ratio: 1,0000, Drift: 1,000, Error reduction coefficient: 0,000, Error: 0,0000 s
abr 04, 2013 12:33:06 PM org.ros.time.RemoteUptimeClock update
INFO: Latency: 7,0000 s, Delta ratio: 1,0000, Drift: 1,000, Error reduction coefficient: 0,000, Error: 0,0000 s
abr 04, 2013 12:33:06 PM org.ros.time.RemoteUptimeClock update
INFO: Latency: 7,0000 s, Delta ratio: 1,0000, Drift: 1,000, Error reduction coefficient: 0,000, Error: 0,0000 s
abr 04, 2013 12:33:06 PM org.ros.time.RemoteUptimeClock update
INFO: Latency: 7,0000 s, Delta ratio: 1,0000, Drift: 1,000, Error reduction coefficient: 0,000, Error: 0,0000 s
abr 04, 2013 12:33:06 PM org.ros.time.RemoteUptimeClock update
INFO: Latency: 7,0000 s, Delta ratio: 1,0000, Drift: 1,000, Error reduction coefficient: 0,000, Error: 0,0000 s
abr 04, 2013 12:33:06 PM org.ros.time.RemoteUptimeClock update
INFO: Latency: 7,0000 s, Delta ratio: 1,0000, Drift: 1,000, Error reduction coefficient: 0,000, Error: 0,0000 s
abr 04, 2013 12:33:06 PM org.ros.time.RemoteUptimeClock update
INFO: Latency: 7,0000 s, Delta ratio: 1,0000, Drift: 1,000, Error reduction coefficient: 0,000, Error: 0,0000 s
abr 04, 2013 12:33:06 PM org.ros.time.RemoteUptimeClock update
INFO: Latency: 7,0000 s, Delta ratio: 1,0000, Drift: 1,000, Error reduction coefficient: 0,000, Error: 0,0000 s
abr 04, 2013 12:33:06 PM org.ros.time.RemoteUptimeClock update
INFO: Latency: 7,0000 s, Delta ratio: 1,0000, Drift: 1,000, Error reduction coefficient: 0,000, Error: 0,0000 s
abr 04, 2013 12:33:06 PM org.ros.time.RemoteUptimeClock update
INFO: Latency: 7,0000 s, Delta ratio: 1,0000, Drift: 1,000, Error reduction coefficient: 0,000, Error: 0,0000 s
abr 04, 2013 12:33:06 PM org.ros.time.RemoteUptimeClock update
INFO: Latency: 7,0000 s, Delta ratio: 1,0000, Drift: 1,000, Error reduction coefficient: 0,000, Error: 0,0000 s
abr 04, 2013 12:33:06 PM org.ros.time.RemoteUptimeClock update
INFO: Latency: 7,0000 s, Delta ratio: 1,0000, Drift: 1,000, Error reduction coefficient: 0,000, Error: 0,0000 s
abr 04, 2013 12:33:06 PM org.ros.time.RemoteUptimeClock update
INFO: Latency: 7,0000 s, Delta ratio: 1,0000, Drift: 1,000, Error reduction coefficient: 0,000, Error: 0,0000 s
abr 04, 2013 12:33:06 PM org.ros.time.RemoteUptimeClock update
INFO: Latency: 7,0000 s, Delta ratio: 1,0000, Drift: 1,000, Error reduction coefficient: 0,000, Error: 0,0000 s
abr 04, 2013 12:33:06 PM org.ros.time.RemoteUptimeClock update
INFO: Latency: 7,0000 s, Delta ratio: 1,0000, Drift: 1,000, Error reduction coefficient: 0,000, Error: 0,0000 s
abr 04, 2013 12:33:06 PM org.ros.time.RemoteUptimeClock update
INFO: Latency: 7,0000 s, Delta ratio: 1,0000, Drift: 1,000, Error reduction coefficient: 0,000, Error: 0,0000 s
abr 04, 2013 12:33:06 PM org.ros.time.RemoteUptimeClock update
INFO: Latency: 7,0000 s, Delta ratio: 1,0000, Drift: 1,000, Error reduction coefficient: 0,000, Error: 0,0000 s
abr 04, 2013 12:33:06 PM org.ros.time.RemoteUptimeClock update
INFO: Latency: 7,0000 s, Delta ratio: 1,0000, Drift: 1,000, Error reduction coefficient: 0,000, Error: 0,0000 s
abr 04, 2013 12:33:06 PM org.ros.time.RemoteUptimeClock update
INFO: Latency: 7,0000 s, Delta ratio: 1,0000, Drift: 1,000, Error reduction coefficient: 0,000, Error: 0,0000 s
abr 04, 2013 12:33:06 PM org.ros.time.RemoteUptimeClock update
INFO: Latency: 7,0000 s, Delta ratio: 1,0000, Drift: 1,000, Error reduction coefficient: 0,000, Error: 0,0000 s
abr 04, 2013 12:33:06 PM org.ros.time.RemoteUptimeClock update
INFO: Latency: 7,0000 s, Delta ratio: 1,0000, Drift: 1,000, Error reduction coefficient: 0,000, Error: 0,0000 s
abr 04, 2013 12:33:06 PM org.ros.time.RemoteUptimeClock update
INFO: Latency: 7,0000 s, Delta ratio: 1,0000, Drift: 1,000, Error reduction coefficient: 0,000, Error: 0,0000 s
abr 04, 2013 12:33:06 PM org.ros.time.RemoteUptimeClock update
INFO: Latency: 7,0000 s, Delta ratio: 1,0000, Drift: 1,000, Error reduction coefficient: 0,000, Error: 0,0000 s
abr 04, 2013 12:33:06 PM org.ros.time.RemoteUptimeClock update
INFO: Latency: 7,0000 s, Delta ratio: 1,0000, Drift: 1,000, Error reduction coefficient: 0,000, Error: 0,0000 s
abr 04, 2013 12:33:06 PM org.ros.time.RemoteUptimeClock update
INFO: Latency: 7,0000 s, Delta ratio: 1,0000, Drift: 1,000, Error reduction coefficient: 0,000, Error: 0,0000 s
abr 04, 2013 12:33:06 PM org.ros.time.RemoteUptimeClock update
INFO: Latency: 7,0000 s, Delta ratio: 1,0000, Drift: 1,000, Error reduction coefficient: 0,000, Error: 0,0000 s
abr 04, 2013 12:33:06 PM org.ros.time.RemoteUptimeClock update
INFO: Latency: 7,0000 s, Delta ratio: 1,0000, Drift: 1,000, Error reduction coefficient: 0,000, Error: 0,0000 s
abr 04, 2013 12:33:06 PM org.ros.time.RemoteUptimeClock update
INFO: Latency: 7,0000 s, Delta ratio: 1,0000, Drift: 1,000, Error reduction coefficient: 0,000, Error: 0,0000 s
abr 04, 2013 12:33:06 PM org.ros.time.RemoteUptimeClock update
INFO: Latency: 7,0000 s, Delta ratio: 1,0000, Drift: 1,000, Error reduction coefficient: 0,000, Error: 0,0000 s
abr 04, 2013 12:33:06 PM org.ros.time.RemoteUptimeClock update
INFO: Latency: 7,0000 s, Delta ratio: 1,0000, Drift: 1,000, Error reduction coefficient: 0,000, Error: 0,0000 s
abr 04, 2013 12:33:06 PM org.ros.time.RemoteUptimeClock update
INFO: Latency: 7,0000 s, Delta ratio: 1,0000, Drift: 1,000, Error reduction coefficient: 0,000, Error: 0,0000 s
abr 04, 2013 12:33:06 PM org.ros.time.RemoteUptimeClock update
INFO: Latency: 7,0000 s, Delta ratio: 1,0000, Drift: 1,000, Error reduction coefficient: 0,000, Error: 0,0000 s
abr 04, 2013 12:33:06 PM org.ros.time.RemoteUptimeClock update
INFO: Latency: 7,0000 s, Delta ratio: 1,0000, Drift: 1,000, Error reduction coefficient: 0,000, Error: 0,0000 s
abr 04, 2013 12:33:06 PM org.ros.time.RemoteUptimeClock update
INFO: Latency: 7,0000 s, Delta ratio: 1,0000, Drift: 1,000, Error reduction coefficient: 0,000, Error: 0,0000 s
abr 04, 2013 12:33:06 PM org.ros.time.RemoteUptimeClock update
INFO: Latency: 7,0000 s, Delta ratio: 1,0000, Drift: 1,000, Error reduction coefficient: 0,000, Error: 0,0000 s
abr 04, 2013 12:33:06 PM org.ros.time.RemoteUptimeClock update
INFO: Latency: 7,0000 s, Delta ratio: 1,0000, Drift: 1,000, Error reduction coefficient: 0,000, Error: 0,0000 s
abr 04, 2013 12:33:06 PM org.ros.time.RemoteUptimeClock update
INFO: Latency: 7,0000 s, Delta ratio: 1,0000, Drift: 1,000, Error reduction coefficient: 0,000, Error: 0,0000 s
abr 04, 2013 12:33:06 PM org.ros.time.RemoteUptimeClock update
INFO: Latency: 7,0000 s, Delta ratio: 1,0000, Drift: 1,000, Error reduction coefficient: 0,000, Error: 0,0000 s
abr 04, 2013 12:33:06 PM org.ros.time.RemoteUptimeClock update
INFO: Latency: 7,0000 s, Delta ratio: 1,0000, Drift: 1,000, Error reduction coefficient: 0,000, Error: 0,0000 s
abr 04, 2013 12:33:06 PM org.ros.time.RemoteUptimeClock update
INFO: Latency: 7,0000 s, Delta ratio: 1,0000, Drift: 1,000, Error reduction coefficient: 0,000, Error: 0,0000 s
abr 04, 2013 12:33:06 PM org.ros.time.RemoteUptimeClock update
INFO: Latency: 7,0000 s, Delta ratio: 1,0000, Drift: 1,000, Error reduction coefficient: 0,000, Error: 0,0000 s
abr 04, 2013 12:33:06 PM org.ros.time.RemoteUptimeClock update
INFO: Latency: 7,0000 s, Delta ratio: 1,0000, Drift: 1,000, Error reduction coefficient: 0,000, Error: 0,0000 s
abr 04, 2013 12:33:06 PM org.ros.time.RemoteUptimeClock update
INFO: Latency: 7,0000 s, Delta ratio: 1,0000, Drift: 1,000, Error reduction coefficient: 0,000, Error: 0,0000 s
abr 04, 2013 12:33:06 PM org.ros.time.RemoteUptimeClock update
INFO: Latency: 7,0000 s, Delta ratio: 1,0000, Drift: 1,000, Error reduction coefficient: 0,000, Error: 0,0000 s
abr 04, 2013 12:33:06 PM org.ros.time.RemoteUptimeClock update
INFO: Latency: 7,0000 s, Delta ratio: 1,0000, Drift: 1,000, Error reduction coefficient: 0,000, Error: 0,0000 s
abr 04, 2013 12:33:06 PM org.ros.time.RemoteUptimeClock update
INFO: Latency: 7,0000 s, Delta ratio: 1,0000, Drift: 1,000, Error reduction coefficient: 0,000, Error: 0,0000 s
abr 04, 2013 12:33:06 PM org.ros.time.RemoteUptimeClock update
INFO: Latency: 7,0000 s, Delta ratio: 1,0000, Drift: 1,000, Error reduction coefficient: 0,000, Error: 0,0000 s
abr 04, 2013 12:33:06 PM org.ros.time.RemoteUptimeClock update
INFO: Latency: 7,0000 s, Delta ratio: 1,0000, Drift: 1,000, Error reduction coefficient: 0,000, Error: 0,0000 s
abr 04, 2013 12:33:06 PM org.ros.time.RemoteUptimeClock update
INFO: Latency: 7,0000 s, Delta ratio: 1,0000, Drift: 1,000, Error reduction coefficient: 0,000, Error: 0,0000 s
abr 04, 2013 12:33:06 PM org.ros.time.RemoteUptimeClock update
INFO: Latency: 7,0000 s, Delta ratio: 1,0000, Drift: 1,000, Error reduction coefficient: 0,000, Error: 0,0000 s
abr 04, 2013 12:33:06 PM org.ros.time.RemoteUptimeClock update
INFO: Latency: 7,0000 s, Delta ratio: 1,0000, Drift: 1,000, Error reduction coefficient: 0,000, Error: 0,0000 s
abr 04, 2013 12:33:06 PM org.ros.time.RemoteUptimeClock update
INFO: Latency: 7,0000 s, Delta ratio: 1,0000, Drift: 1,000, Error reduction coefficient: 0,000, Error: 0,0000 s
abr 04, 2013 12:33:06 PM org.ros.time.RemoteUptimeClock update
INFO: Latency: 7,0000 s, Delta ratio: 1,0000, Drift: 1,000, Error reduction coefficient: 0,000, Error: 0,0000 s
abr 04, 2013 12:33:06 PM org.ros.time.RemoteUptimeClock update
INFO: Latency: 7,0000 s, Delta ratio: 1,0000, Drift: 1,000, Error reduction coefficient: 0,000, Error: 0,0000 s
abr 04, 2013 12:33:06 PM org.ros.time.RemoteUptimeClock update
INFO: Latency: 7,0000 s, Delta ratio: 1,0000, Drift: 1,000, Error reduction coefficient: 0,000, Error: 0,0000 s
abr 04, 2013 12:33:06 PM org.ros.time.RemoteUptimeClock update
INFO: Latency: 7,0000 s, Delta ratio: 1,0000, Drift: 1,000, Error reduction coefficient: 0,000, Error: 0,0000 s
abr 04, 2013 12:33:06 PM org.ros.time.RemoteUptimeClock update
INFO: Latency: 7,0000 s, Delta ratio: 1,0000, Drift: 1,000, Error reduction coefficient: 0,000, Error: 0,0000 s
abr 04, 2013 12:33:06 PM org.ros.time.RemoteUptimeClock update
INFO: Latency: 7,0000 s, Delta ratio: 1,0000, Drift: 1,000, Error reduction coefficient: 0,000, Error: 0,0000 s
abr 04, 2013 12:33:06 PM org.ros.time.RemoteUptimeClock update
INFO: Latency: 7,0000 s, Delta ratio: 1,0000, Drift: 1,000, Error reduction coefficient: 0,000, Error: 0,0000 s
abr 04, 2013 12:33:06 PM org.ros.time.RemoteUptimeClock update
INFO: Latency: 7,0000 s, Delta ratio: 1,0000, Drift: 1,000, Error reduction coefficient: 0,000, Error: 0,0000 s
abr 04, 2013 12:33:06 PM org.ros.time.RemoteUptimeClock update
INFO: Latency: 7,0000 s, Delta ratio: 1,0000, Drift: 1,000, Error reduction coefficient: 0,000, Error: 0,0000 s
abr 04, 2013 12:33:06 PM org.ros.time.RemoteUptimeClock update
INFO: Latency: 7,0000 s, Delta ratio: 1,0000, Drift: 1,000, Error reduction coefficient: 0,000, Error: 0,0000 s
abr 04, 2013 12:33:06 PM org.ros.time.RemoteUptimeClock update
INFO: Latency: 7,0000 s, Delta ratio: 1,0000, Drift: 1,000, Error reduction coefficient: 0,000, Error: 0,0000 s
abr 04, 2013 12:33:06 PM org.ros.time.RemoteUptimeClock update
INFO: Latency: 7,0000 s, Delta ratio: 1,0000, Drift: 1,000, Error reduction coefficient: 0,000, Error: 0,0000 s
abr 04, 2013 12:33:06 PM org.ros.time.RemoteUptimeClock update
INFO: Latency: 7,0000 s, Delta ratio: 1,0000, Drift: 1,000, Error reduction coefficient: 0,000, Error: 0,0000 s
abr 04, 2013 12:33:06 PM org.ros.time.RemoteUptimeClock update
INFO: Latency: 7,0000 s, Delta ratio: 1,0000, Drift: 1,000, Error reduction coefficient: 0,000, Error: 0,0000 s
abr 04, 2013 12:33:06 PM org.ros.time.RemoteUptimeClock update
INFO: Latency: 7,0000 s, Delta ratio: 1,0000, Drift: 1,000, Error reduction coefficient: 0,000, Error: 0,0000 s
abr 04, 2013 12:33:06 PM org.ros.time.RemoteUptimeClock update
INFO: Latency: 7,0000 s, Delta ratio: 1,0000, Drift: 1,000, Error reduction coefficient: 0,000, Error: 0,0000 s
abr 04, 2013 12:33:06 PM org.ros.time.RemoteUptimeClock update
INFO: Latency: 7,0000 s, Delta ratio: 1,0000, Drift: 1,000, Error reduction coefficient: 0,000, Error: 0,0000 s
abr 04, 2013 12:33:06 PM org.ros.time.RemoteUptimeClock update
INFO: Latency: 7,0000 s, Delta ratio: 1,0000, Drift: 1,000, Error reduction coefficient: 0,000, Error: 0,0000 s
abr 04, 2013 12:33:06 PM org.ros.time.RemoteUptimeClock update
INFO: Latency: 7,0000 s, Delta ratio: 1,0000, Drift: 1,000, Error reduction coefficient: 0,000, Error: 0,0000 s
abr 04, 2013 12:33:06 PM org.ros.time.RemoteUptimeClock update
INFO: Latency: 7,0000 s, Delta ratio: 1,0000, Drift: 1,000, Error reduction coefficient: 0,000, Error: 0,0000 s
abr 04, 2013 12:33:06 PM org.ros.time.RemoteUptimeClock update
INFO: Latency: 7,0000 s, Delta ratio: 1,0000, Drift: 1,000, Error reduction coefficient: 0,000, Error: 0,0000 s
abr 04, 2013 12:33:06 PM org.ros.time.RemoteUptimeClock update
INFO: Latency: 7,0000 s, Delta ratio: 1,0000, Drift: 1,000, Error reduction coefficient: 0,000, Error: 0,0000 s
abr 04, 2013 12:33:06 PM org.ros.time.RemoteUptimeClock update
INFO: Latency: 7,0000 s, Delta ratio: 1,0000, Drift: 1,000, Error reduction coefficient: 0,000, Error: 0,0000 s
abr 04, 2013 12:33:06 PM org.ros.time.RemoteUptimeClock update
INFO: Latency: 7,0000 s, Delta ratio: 1,0000, Drift: 1,000, Error reduction coefficient: 0,000, Error: 0,0000 s
abr 04, 2013 12:33:06 PM org.ros.time.RemoteUptimeClock update
INFO: Latency: 7,0000 s, Delta ratio: 1,0000, Drift: 1,000, Error reduction coefficient: 0,000, Error: 0,0000 s
abr 04, 2013 12:33:06 PM org.ros.time.RemoteUptimeClock update
INFO: Latency: 7,0000 s, Delta ratio: 1,0000, Drift: 1,000, Error reduction coefficient: 0,000, Error: 0,0000 s
abr 04, 2013 12:33:06 PM org.ros.time.RemoteUptimeClock update
INFO: Latency: 7,0000 s, Delta ratio: 1,0000, Drift: 1,000, Error reduction coefficient: 0,000, Error: 0,0000 s
abr 04, 2013 12:33:06 PM org.ros.time.RemoteUptimeClock update
INFO: Latency: 7,0000 s, Delta ratio: 1,0000, Drift: 1,000, Error reduction coefficient: 0,000, Error: 0,0000 s
abr 04, 2013 12:33:06 PM org.ros.time.RemoteUptimeClock update
INFO: Latency: 7,0000 s, Delta ratio: 1,0000, Drift: 1,000, Error reduction coefficient: 0,000, Error: 0,0000 s
abr 04, 2013 12:33:06 PM org.ros.time.RemoteUptimeClock update
INFO: Latency: 7,0000 s, Delta ratio: 1,0000, Drift: 1,000, Error reduction coefficient: 0,000, Error: 0,0000 s
abr 04, 2013 12:33:06 PM org.ros.time.RemoteUptimeClock update
INFO: Latency: 7,0000 s, Delta ratio: 1,0000, Drift: 1,000, Error reduction coefficient: 0,000, Error: 0,0000 s
abr 04, 2013 12:33:06 PM org.ros.time.RemoteUptimeClock update
INFO: Latency: 7,0000 s, Delta ratio: 1,0000, Drift: 1,000, Error reduction coefficient: 0,000, Error: 0,0000 s
abr 04, 2013 12:33:06 PM org.ros.time.RemoteUptimeClock update
INFO: Latency: 7,0000 s, Delta ratio: 1,0000, Drift: 1,000, Error reduction coefficient: 0,000, Error: 0,0000 s
abr 04, 2013 12:33:06 PM org.ros.time.RemoteUptimeClock update
INFO: Latency: 7,0000 s, Delta ratio: 1,0000, Drift: 1,000, Error reduction coefficient: 0,000, Error: 0,0000 s
abr 04, 2013 12:33:06 PM org.ros.time.RemoteUptimeClock update
INFO: Latency: 7,0000 s, Delta ratio: 1,0000, Drift: 1,000, Error reduction coefficient: 0,000, Error: 0,0000 s
abr 04, 2013 12:33:06 PM org.ros.time.RemoteUptimeClock update
INFO: Latency: 7,0000 s, Delta ratio: 1,0000, Drift: 1,000, Error reduction coefficient: 0,000, Error: 0,0000 s
abr 04, 2013 12:33:06 PM org.ros.time.RemoteUptimeClock update
INFO: Latency: 7,0000 s, Delta ratio: 1,0000, Drift: 1,000, Error reduction coefficient: 0,000, Error: 0,0000 s
abr 04, 2013 12:33:06 PM org.ros.time.RemoteUptimeClock update
INFO: Latency: 7,0000 s, Delta ratio: 1,0000, Drift: 1,000, Error reduction coefficient: 0,000, Error: 0,0000 s
abr 04, 2013 12:33:06 PM org.ros.time.RemoteUptimeClock update
INFO: Latency: 7,0000 s, Delta ratio: 1,0000, Drift: 1,000, Error reduction coefficient: 0,000, Error: 0,0000 s
abr 04, 2013 12:33:06 PM org.ros.time.RemoteUptimeClock update
INFO: Latency: 7,0000 s, Delta ratio: 1,0000, Drift: 1,000, Error reduction coefficient: 0,000, Error: 0,0000 s
abr 04, 2013 12:33:06 PM org.ros.time.RemoteUptimeClock update
INFO: Latency: 7,0000 s, Delta ratio: 1,0000, Drift: 1,000, Error reduction coefficient: 0,000, Error: 0,0000 s
abr 04, 2013 12:33:06 PM org.ros.time.RemoteUptimeClock update
INFO: Latency: 7,0000 s, Delta ratio: 1,0000, Drift: 1,000, Error reduction coefficient: 0,000, Error: 0,0000 s
abr 04, 2013 12:33:06 PM org.ros.time.RemoteUptimeClock update
INFO: Latency: 7,0000 s, Delta ratio: 1,0000, Drift: 1,000, Error reduction coefficient: 0,000, Error: 0,0000 s
abr 04, 2013 12:33:06 PM org.ros.time.RemoteUptimeClock update
INFO: Latency: 7,0000 s, Delta ratio: 1,0000, Drift: 1,000, Error reduction coefficient: 0,000, Error: 0,0000 s
abr 04, 2013 12:33:06 PM org.ros.time.RemoteUptimeClock update
INFO: Latency: 7,0000 s, Delta ratio: 1,0000, Drift: 1,000, Error reduction coefficient: 0,000, Error: 0,0000 s
abr 04, 2013 12:33:06 PM org.ros.time.RemoteUptimeClock update
INFO: Latency: 7,0000 s, Delta ratio: 1,0000, Drift: 1,000, Error reduction coefficient: 0,000, Error: 0,0000 s
abr 04, 2013 12:33:06 PM org.ros.time.RemoteUptimeClock update
INFO: Latency: 7,0000 s, Delta ratio: 1,0000, Drift: 1,000, Error reduction coefficient: 0,000, Error: 0,0000 s
abr 04, 2013 12:33:06 PM org.ros.time.RemoteUptimeClock update
INFO: Latency: 7,0000 s, Delta ratio: 1,0000, Drift: 1,000, Error reduction coefficient: 0,000, Error: 0,0000 s
abr 04, 2013 12:33:06 PM org.ros.time.RemoteUptimeClock update
INFO: Latency: 7,0000 s, Delta ratio: 1,0000, Drift: 1,000, Error reduction coefficient: 0,000, Error: 0,0000 s
abr 04, 2013 12:33:06 PM org.ros.time.RemoteUptimeClock update
INFO: Latency: 7,0000 s, Delta ratio: 1,0000, Drift: 1,000, Error reduction coefficient: 0,000, Error: 0,0000 s
abr 04, 2013 12:33:07 PM org.ros.time.RemoteUptimeClock update
INFO: Latency: 7,0000 s, Delta ratio: 1,0000, Drift: 1,000, Error reduction coefficient: 0,000, Error: 0,0000 s
abr 04, 2013 12:33:07 PM org.ros.time.RemoteUptimeClock update
INFO: Latency: 7,0000 s, Delta ratio: 1,0000, Drift: 1,000, Error reduction coefficient: 0,000, Error: 0,0000 s
abr 04, 2013 12:33:07 PM org.ros.time.RemoteUptimeClock update
INFO: Latency: 7,0000 s, Delta ratio: 1,0000, Drift: 1,000, Error reduction coefficient: 0,000, Error: 0,0000 s
abr 04, 2013 12:33:07 PM org.ros.time.RemoteUptimeClock update
INFO: Latency: 7,0000 s, Delta ratio: 1,0000, Drift: 1,000, Error reduction coefficient: 0,000, Error: 0,0000 s
abr 04, 2013 12:33:07 PM org.ros.time.RemoteUptimeClock update
INFO: Latency: 7,0000 s, Delta ratio: 1,0000, Drift: 1,000, Error reduction coefficient: 0,000, Error: 0,0000 s
abr 04, 2013 12:33:07 PM org.ros.time.RemoteUptimeClock update
INFO: Latency: 7,0000 s, Delta ratio: 1,0000, Drift: 1,000, Error reduction coefficient: 0,000, Error: 0,0000 s
abr 04, 2013 12:33:07 PM org.ros.time.RemoteUptimeClock update
INFO: Latency: 7,0000 s, Delta ratio: 1,0000, Drift: 1,000, Error reduction coefficient: 0,000, Error: 0,0000 s
abr 04, 2013 12:33:07 PM org.ros.time.RemoteUptimeClock update
INFO: Latency: 7,0000 s, Delta ratio: 1,0000, Drift: 1,000, Error reduction coefficient: 0,000, Error: 0,0000 s
abr 04, 2013 12:33:07 PM org.ros.time.RemoteUptimeClock update
INFO: Latency: 7,0000 s, Delta ratio: 1,0000, Drift: 1,000, Error reduction coefficient: 0,000, Error: 0,0000 s
abr 04, 2013 12:33:07 PM org.ros.time.RemoteUptimeClock update
INFO: Latency: 7,0000 s, Delta ratio: 1,0000, Drift: 1,000, Error reduction coefficient: 0,000, Error: 0,0000 s
abr 04, 2013 12:33:07 PM org.ros.time.RemoteUptimeClock update
INFO: Latency: 7,0000 s, Delta ratio: 1,0000, Drift: 1,000, Error reduction coefficient: 0,000, Error: 0,0000 s
abr 04, 2013 12:33:07 PM org.ros.time.RemoteUptimeClock update
INFO: Latency: 7,0000 s, Delta ratio: 1,0000, Drift: 1,000, Error reduction coefficient: 0,000, Error: 0,0000 s
abr 04, 2013 12:33:07 PM org.ros.time.RemoteUptimeClock update
INFO: Latency: 7,0000 s, Delta ratio: 1,0000, Drift: 1,000, Error reduction coefficient: 0,000, Error: 0,0000 s
abr 04, 2013 12:33:07 PM org.ros.time.RemoteUptimeClock update
INFO: Latency: 7,0000 s, Delta ratio: 1,0000, Drift: 1,000, Error reduction coefficient: 0,000, Error: 0,0000 s
abr 04, 2013 12:33:07 PM org.ros.time.RemoteUptimeClock update
INFO: Latency: 7,0000 s, Delta ratio: 1,0000, Drift: 1,000, Error reduction coefficient: 0,000, Error: 0,0000 s
abr 04, 2013 12:33:07 PM org.ros.time.RemoteUptimeClock update
INFO: Latency: 7,0000 s, Delta ratio: 1,0000, Drift: 1,000, Error reduction coefficient: 0,000, Error: 0,0000 s
abr 04, 2013 12:33:07 PM org.ros.time.RemoteUptimeClock update
INFO: Latency: 7,0000 s, Delta ratio: 1,0000, Drift: 1,000, Error reduction coefficient: 0,000, Error: 0,0000 s
abr 04, 2013 12:33:07 PM org.ros.time.RemoteUptimeClock update
INFO: Latency: 7,0000 s, Delta ratio: 1,0000, Drift: 1,000, Error reduction coefficient: 0,000, Error: 0,0000 s
abr 04, 2013 12:33:07 PM org.ros.time.RemoteUptimeClock update
INFO: Latency: 7,0000 s, Delta ratio: 1,0000, Drift: 1,000, Error reduction coefficient: 0,000, Error: 0,0000 s
abr 04, 2013 12:33:07 PM org.ros.time.RemoteUptimeClock update
INFO: Latency: 7,0000 s, Delta ratio: 1,0000, Drift: 1,000, Error reduction coefficient: 0,000, Error: 0,0000 s
abr 04, 2013 12:33:07 PM org.ros.time.RemoteUptimeClock update
INFO: Latency: 7,0000 s, Delta ratio: 1,0000, Drift: 1,000, Error reduction coefficient: 0,000, Error: 0,0000 s
abr 04, 2013 12:33:07 PM org.ros.time.RemoteUptimeClock update
INFO: Latency: 7,0000 s, Delta ratio: 1,0000, Drift: 1,000, Error reduction coefficient: 0,000, Error: 0,0000 s
abr 04, 2013 12:33:07 PM org.ros.time.RemoteUptimeClock update
INFO: Latency: 7,0000 s, Delta ratio: 1,0000, Drift: 1,000, Error reduction coefficient: 0,000, Error: 0,0000 s
abr 04, 2013 12:33:07 PM org.ros.time.RemoteUptimeClock update
INFO: Latency: 7,0000 s, Delta ratio: 1,0000, Drift: 1,000, Error reduction coefficient: 0,000, Error: 0,0000 s
abr 04, 2013 12:33:07 PM org.ros.time.RemoteUptimeClock update
INFO: Latency: 7,0000 s, Delta ratio: 1,0000, Drift: 1,000, Error reduction coefficient: 0,000, Error: 0,0000 s
abr 04, 2013 12:33:07 PM org.ros.time.RemoteUptimeClock update
INFO: Latency: 7,0000 s, Delta ratio: 1,0000, Drift: 1,000, Error reduction coefficient: 0,000, Error: 0,0000 s
abr 04, 2013 12:33:07 PM org.ros.time.RemoteUptimeClock update
INFO: Latency: 7,0000 s, Delta ratio: 1,0000, Drift: 1,000, Error reduction coefficient: 0,000, Error: 0,0000 s
abr 04, 2013 12:33:07 PM org.ros.time.RemoteUptimeClock update
INFO: Latency: 7,0000 s, Delta ratio: 1,0000, Drift: 1,000, Error reduction coefficient: 0,000, Error: 0,0000 s
abr 04, 2013 12:33:07 PM org.ros.time.RemoteUptimeClock update
INFO: Latency: 7,0000 s, Delta ratio: 1,0000, Drift: 1,000, Error reduction coefficient: 0,000, Error: 0,0000 s
abr 04, 2013 12:33:07 PM org.ros.time.RemoteUptimeClock update
INFO: Latency: 7,0000 s, Delta ratio: 1,0000, Drift: 1,000, Error reduction coefficient: 0,000, Error: 0,0000 s
abr 04, 2013 12:33:07 PM org.ros.time.RemoteUptimeClock update
INFO: Latency: 7,0000 s, Delta ratio: 1,0000, Drift: 1,000, Error reduction coefficient: 0,000, Error: 0,0000 s
abr 04, 2013 12:33:07 PM org.ros.time.RemoteUptimeClock update
INFO: Latency: 7,0000 s, Delta ratio: 1,0000, Drift: 1,000, Error reduction coefficient: 0,000, Error: 0,0000 s
abr 04, 2013 12:33:07 PM org.ros.time.RemoteUptimeClock update
INFO: Latency: 7,0000 s, Delta ratio: 1,0000, Drift: 1,000, Error reduction coefficient: 0,000, Error: 0,0000 s
abr 04, 2013 12:33:07 PM org.ros.time.RemoteUptimeClock update
INFO: Latency: 7,0000 s, Delta ratio: 1,0000, Drift: 1,000, Error reduction coefficient: 0,000, Error: 0,0000 s
abr 04, 2013 12:33:07 PM org.ros.time.RemoteUptimeClock update
INFO: Latency: 7,0000 s, Delta ratio: 1,0000, Drift: 1,000, Error reduction coefficient: 0,000, Error: 0,0000 s
abr 04, 2013 12:33:07 PM org.ros.time.RemoteUptimeClock update
INFO: Latency: 7,0000 s, Delta ratio: 1,0000, Drift: 1,000, Error reduction coefficient: 0,000, Error: 0,0000 s
abr 04, 2013 12:33:07 PM org.ros.time.RemoteUptimeClock update
INFO: Latency: 7,0000 s, Delta ratio: 1,0000, Drift: 1,000, Error reduction coefficient: 0,000, Error: 0,0000 s
abr 04, 2013 12:33:07 PM org.ros.time.RemoteUptimeClock update
INFO: Latency: 7,0000 s, Delta ratio: 1,0000, Drift: 1,000, Error reduction coefficient: 0,000, Error: 0,0000 s
abr 04, 2013 12:33:07 PM org.ros.time.RemoteUptimeClock update
INFO: Latency: 7,0000 s, Delta ratio: 1,0000, Drift: 1,000, Error reduction coefficient: 0,000, Error: 0,0000 s
abr 04, 2013 12:33:07 PM org.ros.time.RemoteUptimeClock update
INFO: Latency: 7,0000 s, Delta ratio: 1,0000, Drift: 1,000, Error reduction coefficient: 0,000, Error: 0,0000 s
abr 04, 2013 12:33:07 PM org.ros.time.RemoteUptimeClock update
INFO: Latency: 7,0000 s, Delta ratio: 1,0000, Drift: 1,000, Error reduction coefficient: 0,000, Error: 0,0000 s
abr 04, 2013 12:33:07 PM org.ros.time.RemoteUptimeClock update
INFO: Latency: 7,0000 s, Delta ratio: 1,0000, Drift: 1,000, Error reduction coefficient: 0,000, Error: 0,0000 s
abr 04, 2013 12:33:07 PM org.ros.time.RemoteUptimeClock update
INFO: Latency: 7,0000 s, Delta ratio: 1,0000, Drift: 1,000, Error reduction coefficient: 0,000, Error: 0,0000 s
abr 04, 2013 12:33:07 PM org.ros.time.RemoteUptimeClock update
INFO: Latency: 7,0000 s, Delta ratio: 1,0000, Drift: 1,000, Error reduction coefficient: 0,000, Error: 0,0000 s
abr 04, 2013 12:33:07 PM org.ros.time.RemoteUptimeClock update
INFO: Latency: 7,0000 s, Delta ratio: 1,0000, Drift: 1,000, Error reduction coefficient: 0,000, Error: 0,0000 s
abr 04, 2013 12:33:07 PM org.ros.time.RemoteUptimeClock update
INFO: Latency: 7,0000 s, Delta ratio: 1,0000, Drift: 1,000, Error reduction coefficient: 0,000, Error: 0,0000 s
abr 04, 2013 12:33:07 PM org.ros.time.RemoteUptimeClock update
INFO: Latency: 7,0000 s, Delta ratio: 1,0000, Drift: 1,000, Error reduction coefficient: 0,000, Error: 0,0000 s
abr 04, 2013 12:33:07 PM org.ros.time.RemoteUptimeClock update
INFO: Latency: 7,0000 s, Delta ratio: 1,0000, Drift: 1,000, Error reduction coefficient: 0,000, Error: 0,0000 s
abr 04, 2013 12:33:07 PM org.ros.time.RemoteUptimeClock update
INFO: Latency: 7,0000 s, Delta ratio: 1,0000, Drift: 1,000, Error reduction coefficient: 0,000, Error: 0,0000 s
abr 04, 2013 12:33:07 PM org.ros.time.RemoteUptimeClock update
INFO: Latency: 7,0000 s, Delta ratio: 1,0000, Drift: 1,000, Error reduction coefficient: 0,000, Error: 0,0000 s
abr 04, 2013 12:33:07 PM org.ros.time.RemoteUptimeClock update
INFO: Latency: 7,0000 s, Delta ratio: 1,0000, Drift: 1,000, Error reduction coefficient: 0,000, Error: 0,0000 s
abr 04, 2013 12:33:07 PM org.ros.time.RemoteUptimeClock update
INFO: Latency: 7,0000 s, Delta ratio: 1,0000, Drift: 1,000, Error reduction coefficient: 0,000, Error: 0,0000 s
abr 04, 2013 12:33:07 PM org.ros.time.RemoteUptimeClock update
INFO: Latency: 7,0000 s, Delta ratio: 1,0000, Drift: 1,000, Error reduction coefficient: 0,000, Error: 0,0000 s
abr 04, 2013 12:33:07 PM org.ros.time.RemoteUptimeClock update
INFO: Latency: 7,0000 s, Delta ratio: 1,0000, Drift: 1,000, Error reduction coefficient: 0,000, Error: 0,0000 s
abr 04, 2013 12:33:07 PM org.ros.time.RemoteUptimeClock update
INFO: Latency: 7,0000 s, Delta ratio: 1,0000, Drift: 1,000, Error reduction coefficient: 0,000, Error: 0,0000 s
abr 04, 2013 12:33:07 PM org.ros.time.RemoteUptimeClock update
INFO: Latency: 7,0000 s, Delta ratio: 1,0000, Drift: 1,000, Error reduction coefficient: 0,000, Error: 0,0000 s
abr 04, 2013 12:33:07 PM org.ros.time.RemoteUptimeClock update
INFO: Latency: 7,0000 s, Delta ratio: 1,0000, Drift: 1,000, Error reduction coefficient: 0,000, Error: 0,0000 s
abr 04, 2013 12:33:07 PM org.ros.time.RemoteUptimeClock update
INFO: Latency: 7,0000 s, Delta ratio: 1,0000, Drift: 1,000, Error reduction coefficient: 0,000, Error: 0,0000 s
abr 04, 2013 12:33:07 PM org.ros.time.RemoteUptimeClock update
INFO: Latency: 7,0000 s, Delta ratio: 1,0000, Drift: 1,000, Error reduction coefficient: 0,000, Error: 0,0000 s
abr 04, 2013 12:33:07 PM org.ros.time.RemoteUptimeClock update
INFO: Latency: 7,0000 s, Delta ratio: 1,0000, Drift: 1,000, Error reduction coefficient: 0,000, Error: 0,0000 s
abr 04, 2013 12:33:07 PM org.ros.time.RemoteUptimeClock update
INFO: Latency: 7,0000 s, Delta ratio: 1,0000, Drift: 1,000, Error reduction coefficient: 0,000, Error: 0,0000 s
abr 04, 2013 12:33:07 PM org.ros.time.RemoteUptimeClock update
INFO: Latency: 7,0000 s, Delta ratio: 1,0000, Drift: 1,000, Error reduction coefficient: 0,000, Error: 0,0000 s
abr 04, 2013 12:33:07 PM org.ros.time.RemoteUptimeClock update
INFO: Latency: 7,0000 s, Delta ratio: 1,0000, Drift: 1,000, Error reduction coefficient: 0,000, Error: 0,0000 s
abr 04, 2013 12:33:07 PM org.ros.time.RemoteUptimeClock update
INFO: Latency: 7,0000 s, Delta ratio: 1,0000, Drift: 1,000, Error reduction coefficient: 0,000, Error: 0,0000 s
abr 04, 2013 12:33:07 PM org.ros.time.RemoteUptimeClock update
INFO: Latency: 7,0000 s, Delta ratio: 1,0000, Drift: 1,000, Error reduction coefficient: 0,000, Error: 0,0000 s
abr 04, 2013 12:33:07 PM org.ros.time.RemoteUptimeClock update
INFO: Latency: 7,0000 s, Delta ratio: 1,0000, Drift: 1,000, Error reduction coefficient: 0,000, Error: 0,0000 s
abr 04, 2013 12:33:07 PM org.ros.time.RemoteUptimeClock update
INFO: Latency: 7,0000 s, Delta ratio: 1,0000, Drift: 1,000, Error reduction coefficient: 0,000, Error: 0,0000 s
abr 04, 2013 12:33:07 PM org.ros.time.RemoteUptimeClock update
INFO: Latency: 7,0000 s, Delta ratio: 1,0000, Drift: 1,000, Error reduction coefficient: 0,000, Error: 0,0000 s
abr 04, 2013 12:33:07 PM org.ros.time.RemoteUptimeClock update
INFO: Latency: 7,0000 s, Delta ratio: 1,0000, Drift: 1,000, Error reduction coefficient: 0,000, Error: 0,0000 s
abr 04, 2013 12:33:07 PM org.ros.time.RemoteUptimeClock update
INFO: Latency: 7,0000 s, Delta ratio: 1,0000, Drift: 1,000, Error reduction coefficient: 0,000, Error: 0,0000 s
abr 04, 2013 12:33:07 PM org.ros.time.RemoteUptimeClock update
INFO: Latency: 7,0000 s, Delta ratio: 1,0000, Drift: 1,000, Error reduction coefficient: 0,000, Error: 0,0000 s
abr 04, 2013 12:33:07 PM org.ros.time.RemoteUptimeClock update
INFO: Latency: 7,0000 s, Delta ratio: 1,0000, Drift: 1,000, Error reduction coefficient: 0,000, Error: 0,0000 s
abr 04, 2013 12:33:07 PM org.ros.time.RemoteUptimeClock update
INFO: Latency: 7,0000 s, Delta ratio: 1,0000, Drift: 1,000, Error reduction coefficient: 0,000, Error: 0,0000 s
abr 04, 2013 12:33:07 PM org.ros.time.RemoteUptimeClock update
INFO: Latency: 7,0000 s, Delta ratio: 1,0000, Drift: 1,000, Error reduction coefficient: 0,000, Error: 0,0000 s
abr 04, 2013 12:33:07 PM org.ros.time.RemoteUptimeClock update
INFO: Latency: 7,0000 s, Delta ratio: 1,0000, Drift: 1,000, Error reduction coefficient: 0,000, Error: 0,0000 s
abr 04, 2013 12:33:07 PM org.ros.time.RemoteUptimeClock update
INFO: Latency: 7,0000 s, Delta ratio: 1,0000, Drift: 1,000, Error reduction coefficient: 0,000, Error: 0,0000 s
abr 04, 2013 12:33:07 PM org.ros.time.RemoteUptimeClock update
INFO: Latency: 7,0000 s, Delta ratio: 1,0000, Drift: 1,000, Error reduction coefficient: 0,000, Error: 0,0000 s
abr 04, 2013 12:33:07 PM org.ros.time.RemoteUptimeClock update
INFO: Latency: 7,0000 s, Delta ratio: 1,0000, Drift: 1,000, Error reduction coefficient: 0,000, Error: 0,0000 s
abr 04, 2013 12:33:07 PM org.ros.time.RemoteUptimeClock update
INFO: Latency: 7,0000 s, Delta ratio: 1,0000, Drift: 1,000, Error reduction coefficient: 0,000, Error: 0,0000 s
abr 04, 2013 12:33:07 PM org.ros.time.RemoteUptimeClock update
INFO: Latency: 7,0000 s, Delta ratio: 1,0000, Drift: 1,000, Error reduction coefficient: 0,000, Error: 0,0000 s
abr 04, 2013 12:33:07 PM org.ros.time.RemoteUptimeClock update
INFO: Latency: 7,0000 s, Delta ratio: 1,0000, Drift: 1,000, Error reduction coefficient: 0,000, Error: 0,0000 s
abr 04, 2013 12:33:07 PM org.ros.time.RemoteUptimeClock update
INFO: Latency: 7,0000 s, Delta ratio: 1,0000, Drift: 1,000, Error reduction coefficient: 0,000, Error: 0,0000 s
abr 04, 2013 12:33:07 PM org.ros.time.RemoteUptimeClock update
INFO: Latency: 7,0000 s, Delta ratio: 1,0000, Drift: 1,000, Error reduction coefficient: 0,000, Error: 0,0000 s
abr 04, 2013 12:33:07 PM org.ros.time.RemoteUptimeClock update
INFO: Latency: 7,0000 s, Delta ratio: 1,0000, Drift: 1,000, Error reduction coefficient: 0,000, Error: 0,0000 s
abr 04, 2013 12:33:07 PM org.ros.time.RemoteUptimeClock update
INFO: Latency: 7,0000 s, Delta ratio: 1,0000, Drift: 1,000, Error reduction coefficient: 0,000, Error: 0,0000 s
abr 04, 2013 12:33:07 PM org.ros.time.RemoteUptimeClock update
INFO: Latency: 7,0000 s, Delta ratio: 1,0000, Drift: 1,000, Error reduction coefficient: 0,000, Error: 0,0000 s
abr 04, 2013 12:33:07 PM org.ros.time.RemoteUptimeClock update
INFO: Latency: 7,0000 s, Delta ratio: 1,0000, Drift: 1,000, Error reduction coefficient: 0,000, Error: 0,0000 s
abr 04, 2013 12:33:07 PM org.ros.time.RemoteUptimeClock update
INFO: Latency: 7,0000 s, Delta ratio: 1,0000, Drift: 1,000, Error reduction coefficient: 0,000, Error: 0,0000 s
abr 04, 2013 12:33:07 PM org.ros.time.RemoteUptimeClock update
INFO: Latency: 7,0000 s, Delta ratio: 1,0000, Drift: 1,000, Error reduction coefficient: 0,000, Error: 0,0000 s
abr 04, 2013 12:33:07 PM org.ros.time.RemoteUptimeClock update
INFO: Latency: 7,0000 s, Delta ratio: 1,0000, Drift: 1,000, Error reduction coefficient: 0,000, Error: 0,0000 s
abr 04, 2013 12:33:07 PM org.ros.time.RemoteUptimeClock update
INFO: Latency: 7,0000 s, Delta ratio: 1,0000, Drift: 1,000, Error reduction coefficient: 0,000, Error: 0,0000 s
abr 04, 2013 12:33:07 PM org.ros.time.RemoteUptimeClock update
INFO: Latency: 7,0000 s, Delta ratio: 1,0000, Drift: 1,000, Error reduction coefficient: 0,000, Error: 0,0000 s
abr 04, 2013 12:33:07 PM org.ros.time.RemoteUptimeClock update
INFO: Latency: 7,0000 s, Delta ratio: 1,0000, Drift: 1,000, Error reduction coefficient: 0,000, Error: 0,0000 s
abr 04, 2013 12:33:07 PM org.ros.time.RemoteUptimeClock update
INFO: Latency: 7,0000 s, Delta ratio: 1,0000, Drift: 1,000, Error reduction coefficient: 0,000, Error: 0,0000 s
abr 04, 2013 12:33:07 PM org.ros.time.RemoteUptimeClock update
INFO: Latency: 7,0000 s, Delta ratio: 1,0000, Drift: 1,000, Error reduction coefficient: 0,000, Error: 0,0000 s
abr 04, 2013 12:33:07 PM org.ros.time.RemoteUptimeClock update
INFO: Latency: 7,0000 s, Delta ratio: 1,0000, Drift: 1,000, Error reduction coefficient: 0,000, Error: 0,0000 s
abr 04, 2013 12:33:07 PM org.ros.time.RemoteUptimeClock update
INFO: Latency: 7,0000 s, Delta ratio: 1,0000, Drift: 1,000, Error reduction coefficient: 0,000, Error: 0,0000 s
abr 04, 2013 12:33:07 PM org.ros.time.RemoteUptimeClock update
INFO: Latency: 7,0000 s, Delta ratio: 1,0000, Drift: 1,000, Error reduction coefficient: 0,000, Error: 0,0000 s
abr 04, 2013 12:33:07 PM org.ros.time.RemoteUptimeClock update
INFO: Latency: 7,0000 s, Delta ratio: 1,0000, Drift: 1,000, Error reduction coefficient: 0,000, Error: 0,0000 s
abr 04, 2013 12:33:07 PM org.ros.time.RemoteUptimeClock update
INFO: Latency: 7,0000 s, Delta ratio: 1,0000, Drift: 1,000, Error reduction coefficient: 0,000, Error: 0,0000 s
abr 04, 2013 12:33:07 PM org.ros.time.RemoteUptimeClock update
INFO: Latency: 7,0000 s, Delta ratio: 1,0000, Drift: 1,000, Error reduction coefficient: 0,000, Error: 0,0000 s
abr 04, 2013 12:33:07 PM org.ros.time.RemoteUptimeClock update
INFO: Latency: 7,0000 s, Delta ratio: 1,0000, Drift: 1,000, Error reduction coefficient: 0,000, Error: 0,0000 s
abr 04, 2013 12:33:07 PM org.ros.time.RemoteUptimeClock update
INFO: Latency: 7,0000 s, Delta ratio: 1,0000, Drift: 1,000, Error reduction coefficient: 0,000, Error: 0,0000 s
abr 04, 2013 12:33:07 PM org.ros.time.RemoteUptimeClock update
INFO: Latency: 7,0000 s, Delta ratio: 1,0000, Drift: 1,000, Error reduction coefficient: 0,000, Error: 0,0000 s
abr 04, 2013 12:33:07 PM org.ros.time.RemoteUptimeClock update
INFO: Latency: 7,0000 s, Delta ratio: 1,0000, Drift: 1,000, Error reduction coefficient: 0,000, Error: 0,0000 s
abr 04, 2013 12:33:07 PM org.ros.time.RemoteUptimeClock update
INFO: Latency: 7,0000 s, Delta ratio: 1,0000, Drift: 1,000, Error reduction coefficient: 0,000, Error: 0,0000 s
abr 04, 2013 12:33:07 PM org.ros.time.RemoteUptimeClock update
INFO: Latency: 7,0000 s, Delta ratio: 1,0000, Drift: 1,000, Error reduction coefficient: 0,000, Error: 0,0000 s
abr 04, 2013 12:33:07 PM org.ros.time.RemoteUptimeClock update
INFO: Latency: 7,0000 s, Delta ratio: 1,0000, Drift: 1,000, Error reduction coefficient: 0,000, Error: 0,0000 s
abr 04, 2013 12:33:07 PM org.ros.time.RemoteUptimeClock update
INFO: Latency: 7,0000 s, Delta ratio: 1,0000, Drift: 1,000, Error reduction coefficient: 0,000, Error: 0,0000 s
abr 04, 2013 12:33:07 PM org.ros.time.RemoteUptimeClock update
INFO: Latency: 7,0000 s, Delta ratio: 1,0000, Drift: 1,000, Error reduction coefficient: 0,000, Error: 0,0000 s
abr 04, 2013 12:33:07 PM org.ros.time.RemoteUptimeClock update
INFO: Latency: 7,0000 s, Delta ratio: 1,0000, Drift: 1,000, Error reduction coefficient: 0,000, Error: 0,0000 s
abr 04, 2013 12:33:07 PM org.ros.time.RemoteUptimeClock update
INFO: Latency: 7,0000 s, Delta ratio: 1,0000, Drift: 1,000, Error reduction coefficient: 0,000, Error: 0,0000 s
abr 04, 2013 12:33:07 PM org.ros.time.RemoteUptimeClock update
INFO: Latency: 7,0000 s, Delta ratio: 1,0000, Drift: 1,000, Error reduction coefficient: 0,000, Error: 0,0000 s
abr 04, 2013 12:33:07 PM org.ros.time.RemoteUptimeClock update
INFO: Latency: 7,0000 s, Delta ratio: 1,0000, Drift: 1,000, Error reduction coefficient: 0,000, Error: 0,0000 s
abr 04, 2013 12:33:07 PM org.ros.time.RemoteUptimeClock update
INFO: Latency: 7,0000 s, Delta ratio: 1,0000, Drift: 1,000, Error reduction coefficient: 0,000, Error: 0,0000 s
abr 04, 2013 12:33:07 PM org.ros.time.RemoteUptimeClock update
INFO: Latency: 7,0000 s, Delta ratio: 1,0000, Drift: 1,000, Error reduction coefficient: 0,000, Error: 0,0000 s
abr 04, 2013 12:33:07 PM org.ros.time.RemoteUptimeClock update
INFO: Latency: 7,0000 s, Delta ratio: 1,0000, Drift: 1,000, Error reduction coefficient: 0,000, Error: 0,0000 s
abr 04, 2013 12:33:07 PM org.ros.time.RemoteUptimeClock update
INFO: Latency: 7,0000 s, Delta ratio: 1,0000, Drift: 1,000, Error reduction coefficient: 0,000, Error: 0,0000 s
abr 04, 2013 12:33:07 PM org.ros.time.RemoteUptimeClock update
INFO: Latency: 7,0000 s, Delta ratio: 1,0000, Drift: 1,000, Error reduction coefficient: 0,000, Error: 0,0000 s
abr 04, 2013 12:33:07 PM org.ros.time.RemoteUptimeClock update
INFO: Latency: 7,0000 s, Delta ratio: 1,0000, Drift: 1,000, Error reduction coefficient: 0,000, Error: 0,0000 s
abr 04, 2013 12:33:07 PM org.ros.time.RemoteUptimeClock update
INFO: Latency: 7,0000 s, Delta ratio: 1,0000, Drift: 1,000, Error reduction coefficient: 0,000, Error: 0,0000 s
abr 04, 2013 12:33:07 PM org.ros.time.RemoteUptimeClock update
INFO: Latency: 7,0000 s, Delta ratio: 1,0000, Drift: 1,000, Error reduction coefficient: 0,000, Error: 0,0000 s
abr 04, 2013 12:33:07 PM org.ros.time.RemoteUptimeClock update
INFO: Latency: 7,0000 s, Delta ratio: 1,0000, Drift: 1,000, Error reduction coefficient: 0,000, Error: 0,0000 s
abr 04, 2013 12:33:07 PM org.ros.time.RemoteUptimeClock update
INFO: Latency: 7,0000 s, Delta ratio: 1,0000, Drift: 1,000, Error reduction coefficient: 0,000, Error: 0,0000 s
abr 04, 2013 12:33:07 PM org.ros.time.RemoteUptimeClock update
INFO: Latency: 7,0000 s, Delta ratio: 1,0000, Drift: 1,000, Error reduction coefficient: 0,000, Error: 0,0000 s
abr 04, 2013 12:33:07 PM org.ros.time.RemoteUptimeClock update
INFO: Latency: 7,0000 s, Delta ratio: 1,0000, Drift: 1,000, Error reduction coefficient: 0,000, Error: 0,0000 s
abr 04, 2013 12:33:07 PM org.ros.time.RemoteUptimeClock update
INFO: Latency: 7,0000 s, Delta ratio: 1,0000, Drift: 1,000, Error reduction coefficient: 0,000, Error: 0,0000 s
abr 04, 2013 12:33:07 PM org.ros.time.RemoteUptimeClock update
INFO: Latency: 7,0000 s, Delta ratio: 1,0000, Drift: 1,000, Error reduction coefficient: 0,000, Error: 0,0000 s
abr 04, 2013 12:33:07 PM org.ros.time.RemoteUptimeClock update
INFO: Latency: 7,0000 s, Delta ratio: 1,0000, Drift: 1,000, Error reduction coefficient: 0,000, Error: 0,0000 s
abr 04, 2013 12:33:07 PM org.ros.time.RemoteUptimeClock update
INFO: Latency: 7,0000 s, Delta ratio: 1,0000, Drift: 1,000, Error reduction coefficient: 0,000, Error: 0,0000 s
abr 04, 2013 12:33:07 PM org.ros.time.RemoteUptimeClock update
INFO: Latency: 7,0000 s, Delta ratio: 1,0000, Drift: 1,000, Error reduction coefficient: 0,000, Error: 0,0000 s
abr 04, 2013 12:33:07 PM org.ros.time.RemoteUptimeClock update
INFO: Latency: 7,0000 s, Delta ratio: 1,0000, Drift: 1,000, Error reduction coefficient: 0,000, Error: 0,0000 s
abr 04, 2013 12:33:07 PM org.ros.time.RemoteUptimeClock update
INFO: Latency: 7,0000 s, Delta ratio: 1,0000, Drift: 1,000, Error reduction coefficient: 0,000, Error: 0,0000 s
abr 04, 2013 12:33:07 PM org.ros.time.RemoteUptimeClock update
INFO: Latency: 7,0000 s, Delta ratio: 1,0000, Drift: 1,000, Error reduction coefficient: 0,000, Error: 0,0000 s
abr 04, 2013 12:33:07 PM org.ros.time.RemoteUptimeClock update
INFO: Latency: 7,0000 s, Delta ratio: 1,0000, Drift: 1,000, Error reduction coefficient: 0,000, Error: 0,0000 s
abr 04, 2013 12:33:07 PM org.ros.time.RemoteUptimeClock update
INFO: Latency: 7,0000 s, Delta ratio: 1,0000, Drift: 1,000, Error reduction coefficient: 0,000, Error: 0,0000 s
abr 04, 2013 12:33:07 PM org.ros.time.RemoteUptimeClock update
INFO: Latency: 7,0000 s, Delta ratio: 1,0000, Drift: 1,000, Error reduction coefficient: 0,000, Error: 0,0000 s
abr 04, 2013 12:33:07 PM org.ros.time.RemoteUptimeClock update
INFO: Latency: 7,0000 s, Delta ratio: 1,0000, Drift: 1,000, Error reduction coefficient: 0,000, Error: 0,0000 s
abr 04, 2013 12:33:07 PM org.ros.time.RemoteUptimeClock update
INFO: Latency: 7,0000 s, Delta ratio: 1,0000, Drift: 1,000, Error reduction coefficient: 0,000, Error: 0,0000 s
abr 04, 2013 12:33:07 PM org.ros.time.RemoteUptimeClock update
INFO: Latency: 7,0000 s, Delta ratio: 1,0000, Drift: 1,000, Error reduction coefficient: 0,000, Error: 0,0000 s
abr 04, 2013 12:33:07 PM org.ros.time.RemoteUptimeClock update
INFO: Latency: 7,0000 s, Delta ratio: 1,0000, Drift: 1,000, Error reduction coefficient: 0,000, Error: 0,0000 s
abr 04, 2013 12:33:07 PM org.ros.time.RemoteUptimeClock update
INFO: Latency: 7,0000 s, Delta ratio: 1,0000, Drift: 1,000, Error reduction coefficient: 0,000, Error: 0,0000 s
abr 04, 2013 12:33:07 PM org.ros.time.RemoteUptimeClock update
INFO: Latency: 7,0000 s, Delta ratio: 1,0000, Drift: 1,000, Error reduction coefficient: 0,000, Error: 0,0000 s
abr 04, 2013 12:33:07 PM org.ros.time.RemoteUptimeClock update
INFO: Latency: 7,0000 s, Delta ratio: 1,0000, Drift: 1,000, Error reduction coefficient: 0,000, Error: 0,0000 s
abr 04, 2013 12:33:07 PM org.ros.time.RemoteUptimeClock update
INFO: Latency: 7,0000 s, Delta ratio: 1,0000, Drift: 1,000, Error reduction coefficient: 0,000, Error: 0,0000 s
abr 04, 2013 12:33:07 PM org.ros.time.RemoteUptimeClock update
INFO: Latency: 7,0000 s, Delta ratio: 1,0000, Drift: 1,000, Error reduction coefficient: 0,000, Error: 0,0000 s
abr 04, 2013 12:33:07 PM org.ros.time.RemoteUptimeClock update
INFO: Latency: 7,0000 s, Delta ratio: 1,0000, Drift: 1,000, Error reduction coefficient: 0,000, Error: 0,0000 s
abr 04, 2013 12:33:07 PM org.ros.time.RemoteUptimeClock update
INFO: Latency: 7,0000 s, Delta ratio: 1,0000, Drift: 1,000, Error reduction coefficient: 0,000, Error: 0,0000 s
abr 04, 2013 12:33:07 PM org.ros.time.RemoteUptimeClock update
INFO: Latency: 7,0000 s, Delta ratio: 1,0000, Drift: 1,000, Error reduction coefficient: 0,000, Error: 0,0000 s
abr 04, 2013 12:33:07 PM org.ros.time.RemoteUptimeClock update
INFO: Latency: 7,0000 s, Delta ratio: 1,0000, Drift: 1,000, Error reduction coefficient: 0,000, Error: 0,0000 s
abr 04, 2013 12:33:07 PM org.ros.time.RemoteUptimeClock update
INFO: Latency: 7,0000 s, Delta ratio: 1,0000, Drift: 1,000, Error reduction coefficient: 0,000, Error: 0,0000 s
abr 04, 2013 12:33:07 PM org.ros.time.RemoteUptimeClock update
INFO: Latency: 7,0000 s, Delta ratio: 1,0000, Drift: 1,000, Error reduction coefficient: 0,000, Error: 0,0000 s
abr 04, 2013 12:33:07 PM org.ros.time.RemoteUptimeClock update
INFO: Latency: 7,0000 s, Delta ratio: 1,0000, Drift: 1,000, Error reduction coefficient: 0,000, Error: 0,0000 s
abr 04, 2013 12:33:07 PM org.ros.time.RemoteUptimeClock update
INFO: Latency: 7,0000 s, Delta ratio: 1,0000, Drift: 1,000, Error reduction coefficient: 0,000, Error: 0,0000 s
abr 04, 2013 12:33:07 PM org.ros.time.RemoteUptimeClock update
INFO: Latency: 7,0000 s, Delta ratio: 1,0000, Drift: 1,000, Error reduction coefficient: 0,000, Error: 0,0000 s
abr 04, 2013 12:33:07 PM org.ros.time.RemoteUptimeClock update
INFO: Latency: 7,0000 s, Delta ratio: 1,0000, Drift: 1,000, Error reduction coefficient: 0,000, Error: 0,0000 s
abr 04, 2013 12:33:07 PM org.ros.time.RemoteUptimeClock update
INFO: Latency: 7,0000 s, Delta ratio: 1,0000, Drift: 1,000, Error reduction coefficient: 0,000, Error: 0,0000 s
abr 04, 2013 12:33:07 PM org.ros.time.RemoteUptimeClock update
INFO: Latency: 7,0000 s, Delta ratio: 1,0000, Drift: 1,000, Error reduction coefficient: 0,000, Error: 0,0000 s
abr 04, 2013 12:33:07 PM org.ros.time.RemoteUptimeClock update
INFO: Latency: 7,0000 s, Delta ratio: 1,0000, Drift: 1,000, Error reduction coefficient: 0,000, Error: 0,0000 s
abr 04, 2013 12:33:07 PM org.ros.time.RemoteUptimeClock update
INFO: Latency: 7,0000 s, Delta ratio: 1,0000, Drift: 1,000, Error reduction coefficient: 0,000, Error: 0,0000 s
abr 04, 2013 12:33:07 PM org.ros.time.RemoteUptimeClock update
INFO: Latency: 7,0000 s, Delta ratio: 1,0000, Drift: 1,000, Error reduction coefficient: 0,000, Error: 0,0000 s
abr 04, 2013 12:33:07 PM org.ros.time.RemoteUptimeClock update
INFO: Latency: 7,0000 s, Delta ratio: 1,0000, Drift: 1,000, Error reduction coefficient: 0,000, Error: 0,0000 s
abr 04, 2013 12:33:07 PM org.ros.time.RemoteUptimeClock update
INFO: Latency: 7,0000 s, Delta ratio: 1,0000, Drift: 1,000, Error reduction coefficient: 0,000, Error: 0,0000 s
abr 04, 2013 12:33:07 PM org.ros.time.RemoteUptimeClock update
INFO: Latency: 7,0000 s, Delta ratio: 1,0000, Drift: 1,000, Error reduction coefficient: 0,000, Error: 0,0000 s
abr 04, 2013 12:33:07 PM org.ros.time.RemoteUptimeClock update
INFO: Latency: 7,0000 s, Delta ratio: 1,0000, Drift: 1,000, Error reduction coefficient: 0,000, Error: 0,0000 s
abr 04, 2013 12:33:07 PM org.ros.time.RemoteUptimeClock update
INFO: Latency: 7,0000 s, Delta ratio: 1,0000, Drift: 1,000, Error reduction coefficient: 0,000, Error: 0,0000 s
abr 04, 2013 12:33:07 PM org.ros.time.RemoteUptimeClock update
INFO: Latency: 7,0000 s, Delta ratio: 1,0000, Drift: 1,000, Error reduction coefficient: 0,000, Error: 0,0000 s
abr 04, 2013 12:33:07 PM org.ros.time.RemoteUptimeClock update
INFO: Latency: 7,0000 s, Delta ratio: 1,0000, Drift: 1,000, Error reduction coefficient: 0,000, Error: 0,0000 s
abr 04, 2013 12:33:07 PM org.ros.time.RemoteUptimeClock update
INFO: Latency: 7,0000 s, Delta ratio: 1,0000, Drift: 1,000, Error reduction coefficient: 0,000, Error: 0,0000 s
abr 04, 2013 12:33:07 PM org.ros.time.RemoteUptimeClock update
INFO: Latency: 7,0000 s, Delta ratio: 1,0000, Drift: 1,000, Error reduction coefficient: 0,000, Error: 0,0000 s
abr 04, 2013 12:33:07 PM org.ros.time.RemoteUptimeClock update
INFO: Latency: 7,0000 s, Delta ratio: 1,0000, Drift: 1,000, Error reduction coefficient: 0,000, Error: 0,0000 s
abr 04, 2013 12:33:07 PM org.ros.time.RemoteUptimeClock update
INFO: Latency: 7,0000 s, Delta ratio: 1,0000, Drift: 1,000, Error reduction coefficient: 0,000, Error: 0,0000 s
abr 04, 2013 12:33:07 PM org.ros.time.RemoteUptimeClock update
INFO: Latency: 7,0000 s, Delta ratio: 1,0000, Drift: 1,000, Error reduction coefficient: 0,000, Error: 0,0000 s
abr 04, 2013 12:33:07 PM org.ros.time.RemoteUptimeClock update
INFO: Latency: 7,0000 s, Delta ratio: 1,0000, Drift: 1,000, Error reduction coefficient: 0,000, Error: 0,0000 s
abr 04, 2013 12:33:07 PM org.ros.time.RemoteUptimeClock update
INFO: Latency: 7,0000 s, Delta ratio: 1,0000, Drift: 1,000, Error reduction coefficient: 0,000, Error: 0,0000 s
abr 04, 2013 12:33:07 PM org.ros.time.RemoteUptimeClock update
INFO: Latency: 7,0000 s, Delta ratio: 1,0000, Drift: 1,000, Error reduction coefficient: 0,000, Error: 0,0000 s
abr 04, 2013 12:33:07 PM org.ros.time.RemoteUptimeClock update
INFO: Latency: 7,0000 s, Delta ratio: 1,0000, Drift: 1,000, Error reduction coefficient: 0,000, Error: 0,0000 s
abr 04, 2013 12:33:07 PM org.ros.time.RemoteUptimeClock update
INFO: Latency: 7,0000 s, Delta ratio: 1,0000, Drift: 1,000, Error reduction coefficient: 0,000, Error: 0,0000 s
abr 04, 2013 12:33:07 PM org.ros.time.RemoteUptimeClock update
INFO: Latency: 7,0000 s, Delta ratio: 1,0000, Drift: 1,000, Error reduction coefficient: 0,000, Error: 0,0000 s
abr 04, 2013 12:33:07 PM org.ros.time.RemoteUptimeClock update
INFO: Latency: 7,0000 s, Delta ratio: 1,0000, Drift: 1,000, Error reduction coefficient: 0,000, Error: 0,0000 s
abr 04, 2013 12:33:07 PM org.ros.time.RemoteUptimeClock update
INFO: Latency: 7,0000 s, Delta ratio: 1,0000, Drift: 1,000, Error reduction coefficient: 0,000, Error: 0,0000 s
abr 04, 2013 12:33:07 PM org.ros.time.RemoteUptimeClock update
INFO: Latency: 7,0000 s, Delta ratio: 1,0000, Drift: 1,000, Error reduction coefficient: 0,000, Error: 0,0000 s
abr 04, 2013 12:33:07 PM org.ros.time.RemoteUptimeClock update
INFO: Latency: 7,0000 s, Delta ratio: 1,0000, Drift: 1,000, Error reduction coefficient: 0,000, Error: 0,0000 s
abr 04, 2013 12:33:07 PM org.ros.time.RemoteUptimeClock update
INFO: Latency: 7,0000 s, Delta ratio: 1,0000, Drift: 1,000, Error reduction coefficient: 0,000, Error: 0,0000 s
abr 04, 2013 12:33:07 PM org.ros.time.RemoteUptimeClock update
INFO: Latency: 7,0000 s, Delta ratio: 1,0000, Drift: 1,000, Error reduction coefficient: 0,000, Error: 0,0000 s
abr 04, 2013 12:33:07 PM org.ros.time.RemoteUptimeClock update
INFO: Latency: 7,0000 s, Delta ratio: 1,0000, Drift: 1,000, Error reduction coefficient: 0,000, Error: 0,0000 s
abr 04, 2013 12:33:07 PM org.ros.time.RemoteUptimeClock update
INFO: Latency: 7,0000 s, Delta ratio: 1,0000, Drift: 1,000, Error reduction coefficient: 0,000, Error: 0,0000 s
abr 04, 2013 12:33:07 PM org.ros.time.RemoteUptimeClock update
INFO: Latency: 7,0000 s, Delta ratio: 1,0000, Drift: 1,000, Error reduction coefficient: 0,000, Error: 0,0000 s
abr 04, 2013 12:33:07 PM org.ros.time.RemoteUptimeClock update
INFO: Latency: 7,0000 s, Delta ratio: 1,0000, Drift: 1,000, Error reduction coefficient: 0,000, Error: 0,0000 s
abr 04, 2013 12:33:07 PM org.ros.time.RemoteUptimeClock update
INFO: Latency: 7,0000 s, Delta ratio: 1,0000, Drift: 1,000, Error reduction coefficient: 0,000, Error: 0,0000 s
abr 04, 2013 12:33:07 PM org.ros.time.RemoteUptimeClock update
INFO: Latency: 7,0000 s, Delta ratio: 1,0000, Drift: 1,000, Error reduction coefficient: 0,000, Error: 0,0000 s
abr 04, 2013 12:33:07 PM org.ros.time.RemoteUptimeClock update
INFO: Latency: 7,0000 s, Delta ratio: 1,0000, Drift: 1,000, Error reduction coefficient: 0,000, Error: 0,0000 s
abr 04, 2013 12:33:07 PM org.ros.time.RemoteUptimeClock update
INFO: Latency: 7,0000 s, Delta ratio: 1,0000, Drift: 1,000, Error reduction coefficient: 0,000, Error: 0,0000 s
abr 04, 2013 12:33:07 PM org.ros.time.RemoteUptimeClock update
INFO: Latency: 7,0000 s, Delta ratio: 1,0000, Drift: 1,000, Error reduction coefficient: 0,000, Error: 0,0000 s
abr 04, 2013 12:33:07 PM org.ros.time.RemoteUptimeClock update
INFO: Latency: 7,0000 s, Delta ratio: 1,0000, Drift: 1,000, Error reduction coefficient: 0,000, Error: 0,0000 s
abr 04, 2013 12:33:07 PM org.ros.time.RemoteUptimeClock update
INFO: Latency: 7,0000 s, Delta ratio: 1,0000, Drift: 1,000, Error reduction coefficient: 0,000, Error: 0,0000 s
abr 04, 2013 12:33:07 PM org.ros.time.RemoteUptimeClock update
INFO: Latency: 7,0000 s, Delta ratio: 1,0000, Drift: 1,000, Error reduction coefficient: 0,000, Error: 0,0000 s
abr 04, 2013 12:33:07 PM org.ros.time.RemoteUptimeClock update
INFO: Latency: 7,0000 s, Delta ratio: 1,0000, Drift: 1,000, Error reduction coefficient: 0,000, Error: 0,0000 s
abr 04, 2013 12:33:07 PM org.ros.time.RemoteUptimeClock update
INFO: Latency: 7,0000 s, Delta ratio: 1,0000, Drift: 1,000, Error reduction coefficient: 0,000, Error: 0,0000 s
abr 04, 2013 12:33:07 PM org.ros.time.RemoteUptimeClock update
INFO: Latency: 7,0000 s, Delta ratio: 1,0000, Drift: 1,000, Error reduction coefficient: 0,000, Error: 0,0000 s
abr 04, 2013 12:33:07 PM org.ros.time.RemoteUptimeClock update
INFO: Latency: 7,0000 s, Delta ratio: 1,0000, Drift: 1,000, Error reduction coefficient: 0,000, Error: 0,0000 s
abr 04, 2013 12:33:07 PM org.ros.time.RemoteUptimeClock update
INFO: Latency: 7,0000 s, Delta ratio: 1,0000, Drift: 1,000, Error reduction coefficient: 0,000, Error: 0,0000 s
abr 04, 2013 12:33:07 PM org.ros.time.RemoteUptimeClock update
INFO: Latency: 7,0000 s, Delta ratio: 1,0000, Drift: 1,000, Error reduction coefficient: 0,000, Error: 0,0000 s
abr 04, 2013 12:33:07 PM org.ros.time.RemoteUptimeClock update
INFO: Latency: 7,0000 s, Delta ratio: 1,0000, Drift: 1,000, Error reduction coefficient: 0,000, Error: 0,0000 s
abr 04, 2013 12:33:07 PM org.ros.time.RemoteUptimeClock update
INFO: Latency: 7,0000 s, Delta ratio: 1,0000, Drift: 1,000, Error reduction coefficient: 0,000, Error: 0,0000 s
abr 04, 2013 12:33:07 PM org.ros.time.RemoteUptimeClock update
INFO: Latency: 7,0000 s, Delta ratio: 1,0000, Drift: 1,000, Error reduction coefficient: 0,000, Error: 0,0000 s
abr 04, 2013 12:33:07 PM org.ros.time.RemoteUptimeClock update
INFO: Latency: 7,0000 s, Delta ratio: 1,0000, Drift: 1,000, Error reduction coefficient: 0,000, Error: 0,0000 s
abr 04, 2013 12:33:07 PM org.ros.time.RemoteUptimeClock update
INFO: Latency: 7,0000 s, Delta ratio: 1,0000, Drift: 1,000, Error reduction coefficient: 0,000, Error: 0,0000 s
abr 04, 2013 12:33:07 PM org.ros.time.RemoteUptimeClock update
INFO: Latency: 7,0000 s, Delta ratio: 1,0000, Drift: 1,000, Error reduction coefficient: 0,000, Error: 0,0000 s
abr 04, 2013 12:33:07 PM org.ros.time.RemoteUptimeClock update
INFO: Latency: 7,0000 s, Delta ratio: 1,0000, Drift: 1,000, Error reduction coefficient: 0,000, Error: 0,0000 s
abr 04, 2013 12:33:07 PM org.ros.time.RemoteUptimeClock update
INFO: Latency: 7,0000 s, Delta ratio: 1,0000, Drift: 1,000, Error reduction coefficient: 0,000, Error: 0,0000 s
abr 04, 2013 12:33:07 PM org.ros.time.RemoteUptimeClock update
INFO: Latency: 7,0000 s, Delta ratio: 1,0000, Drift: 1,000, Error reduction coefficient: 0,000, Error: 0,0000 s
abr 04, 2013 12:33:07 PM org.ros.time.RemoteUptimeClock update
INFO: Latency: 7,0000 s, Delta ratio: 1,0000, Drift: 1,000, Error reduction coefficient: 0,000, Error: 0,0000 s
abr 04, 2013 12:33:07 PM org.ros.time.RemoteUptimeClock update
INFO: Latency: 7,0000 s, Delta ratio: 1,0000, Drift: 1,000, Error reduction coefficient: 0,000, Error: 0,0000 s
abr 04, 2013 12:33:07 PM org.ros.time.RemoteUptimeClock update
INFO: Latency: 7,0000 s, Delta ratio: 1,0000, Drift: 1,000, Error reduction coefficient: 0,000, Error: 0,0000 s
abr 04, 2013 12:33:07 PM org.ros.time.RemoteUptimeClock update
INFO: Latency: 7,0000 s, Delta ratio: 1,0000, Drift: 1,000, Error reduction coefficient: 0,000, Error: 0,0000 s
abr 04, 2013 12:33:07 PM org.ros.time.RemoteUptimeClock update
INFO: Latency: 7,0000 s, Delta ratio: 1,0000, Drift: 1,000, Error reduction coefficient: 0,000, Error: 0,0000 s
abr 04, 2013 12:33:07 PM org.ros.time.RemoteUptimeClock update
INFO: Latency: 7,0000 s, Delta ratio: 1,0000, Drift: 1,000, Error reduction coefficient: 0,000, Error: 0,0000 s
abr 04, 2013 12:33:07 PM org.ros.time.RemoteUptimeClock update
INFO: Latency: 7,0000 s, Delta ratio: 1,0000, Drift: 1,000, Error reduction coefficient: 0,000, Error: 0,0000 s
abr 04, 2013 12:33:07 PM org.ros.time.RemoteUptimeClock update
INFO: Latency: 7,0000 s, Delta ratio: 1,0000, Drift: 1,000, Error reduction coefficient: 0,000, Error: 0,0000 s
abr 04, 2013 12:33:07 PM org.ros.time.RemoteUptimeClock update
INFO: Latency: 7,0000 s, Delta ratio: 1,0000, Drift: 1,000, Error reduction coefficient: 0,000, Error: 0,0000 s
abr 04, 2013 12:33:07 PM org.ros.time.RemoteUptimeClock update
INFO: Latency: 7,0000 s, Delta ratio: 1,0000, Drift: 1,000, Error reduction coefficient: 0,000, Error: 0,0000 s
abr 04, 2013 12:33:07 PM org.ros.time.RemoteUptimeClock update
INFO: Latency: 7,0000 s, Delta ratio: 1,0000, Drift: 1,000, Error reduction coefficient: 0,000, Error: 0,0000 s
abr 04, 2013 12:33:07 PM org.ros.time.RemoteUptimeClock update
INFO: Latency: 7,0000 s, Delta ratio: 1,0000, Drift: 1,000, Error reduction coefficient: 0,000, Error: 0,0000 s
abr 04, 2013 12:33:07 PM org.ros.time.RemoteUptimeClock update
INFO: Latency: 7,0000 s, Delta ratio: 1,0000, Drift: 1,000, Error reduction coefficient: 0,000, Error: 0,0000 s
abr 04, 2013 12:33:07 PM org.ros.time.RemoteUptimeClock update
INFO: Latency: 7,0000 s, Delta ratio: 1,0000, Drift: 1,000, Error reduction coefficient: 0,000, Error: 0,0000 s
abr 04, 2013 12:33:07 PM org.ros.time.RemoteUptimeClock update
INFO: Latency: 7,0000 s, Delta ratio: 1,0000, Drift: 1,000, Error reduction coefficient: 0,000, Error: 0,0000 s
abr 04, 2013 12:33:07 PM org.ros.time.RemoteUptimeClock update
INFO: Latency: 7,0000 s, Delta ratio: 1,0000, Drift: 1,000, Error reduction coefficient: 0,000, Error: 0,0000 s
abr 04, 2013 12:33:07 PM org.ros.time.RemoteUptimeClock update
INFO: Latency: 7,0000 s, Delta ratio: 1,0000, Drift: 1,000, Error reduction coefficient: 0,000, Error: 0,0000 s
abr 04, 2013 12:33:07 PM org.ros.time.RemoteUptimeClock update
INFO: Latency: 7,0000 s, Delta ratio: 1,0000, Drift: 1,000, Error reduction coefficient: 0,000, Error: 0,0000 s
abr 04, 2013 12:33:07 PM org.ros.time.RemoteUptimeClock update
INFO: Latency: 7,0000 s, Delta ratio: 1,0000, Drift: 1,000, Error reduction coefficient: 0,000, Error: 0,0000 s
abr 04, 2013 12:33:07 PM org.ros.time.RemoteUptimeClock update
INFO: Latency: 7,0000 s, Delta ratio: 1,0000, Drift: 1,000, Error reduction coefficient: 0,000, Error: 0,0000 s
abr 04, 2013 12:33:07 PM org.ros.time.RemoteUptimeClock update
INFO: Latency: 7,0000 s, Delta ratio: 1,0000, Drift: 1,000, Error reduction coefficient: 0,000, Error: 0,0000 s
abr 04, 2013 12:33:07 PM org.ros.time.RemoteUptimeClock update
INFO: Latency: 7,0000 s, Delta ratio: 1,0000, Drift: 1,000, Error reduction coefficient: 0,000, Error: 0,0000 s
abr 04, 2013 12:33:07 PM org.ros.time.RemoteUptimeClock update
INFO: Latency: 7,0000 s, Delta ratio: 1,0000, Drift: 1,000, Error reduction coefficient: 0,000, Error: 0,0000 s
abr 04, 2013 12:33:07 PM org.ros.time.RemoteUptimeClock update
INFO: Latency: 7,0000 s, Delta ratio: 1,0000, Drift: 1,000, Error reduction coefficient: 0,000, Error: 0,0000 s
abr 04, 2013 12:33:07 PM org.ros.time.RemoteUptimeClock update
INFO: Latency: 7,0000 s, Delta ratio: 1,0000, Drift: 1,000, Error reduction coefficient: 0,000, Error: 0,0000 s
abr 04, 2013 12:33:07 PM org.ros.time.RemoteUptimeClock update
INFO: Latency: 7,0000 s, Delta ratio: 1,0000, Drift: 1,000, Error reduction coefficient: 0,000, Error: 0,0000 s
abr 04, 2013 12:33:07 PM org.ros.time.RemoteUptimeClock update
INFO: Latency: 7,0000 s, Delta ratio: 1,0000, Drift: 1,000, Error reduction coefficient: 0,000, Error: 0,0000 s
abr 04, 2013 12:33:07 PM org.ros.time.RemoteUptimeClock update
INFO: Latency: 7,0000 s, Delta ratio: 1,0000, Drift: 1,000, Error reduction coefficient: 0,000, Error: 0,0000 s
abr 04, 2013 12:33:07 PM org.ros.time.RemoteUptimeClock update
INFO: Latency: 7,0000 s, Delta ratio: 1,0000, Drift: 1,000, Error reduction coefficient: 0,000, Error: 0,0000 s
abr 04, 2013 12:33:07 PM org.ros.time.RemoteUptimeClock update
INFO: Latency: 7,0000 s, Delta ratio: 1,0000, Drift: 1,000, Error reduction coefficient: 0,000, Error: 0,0000 s
abr 04, 2013 12:33:07 PM org.ros.time.RemoteUptimeClock update
INFO: Latency: 7,0000 s, Delta ratio: 1,0000, Drift: 1,000, Error reduction coefficient: 0,000, Error: 0,0000 s
abr 04, 2013 12:33:07 PM org.ros.time.RemoteUptimeClock update
INFO: Latency: 7,0000 s, Delta ratio: 1,0000, Drift: 1,000, Error reduction coefficient: 0,000, Error: 0,0000 s
abr 04, 2013 12:33:07 PM org.ros.time.RemoteUptimeClock update
INFO: Latency: 7,0000 s, Delta ratio: 1,0000, Drift: 1,000, Error reduction coefficient: 0,000, Error: 0,0000 s
abr 04, 2013 12:33:07 PM org.ros.time.RemoteUptimeClock update
INFO: Latency: 7,0000 s, Delta ratio: 1,0000, Drift: 1,000, Error reduction coefficient: 0,000, Error: 0,0000 s
abr 04, 2013 12:33:07 PM org.ros.time.RemoteUptimeClock update
INFO: Latency: 7,0000 s, Delta ratio: 1,0000, Drift: 1,000, Error reduction coefficient: 0,000, Error: 0,0000 s
abr 04, 2013 12:33:07 PM org.ros.time.RemoteUptimeClock update
INFO: Latency: 7,0000 s, Delta ratio: 1,0000, Drift: 1,000, Error reduction coefficient: 0,000, Error: 0,0000 s
abr 04, 2013 12:33:07 PM org.ros.time.RemoteUptimeClock update
INFO: Latency: 7,0000 s, Delta ratio: 1,0000, Drift: 1,000, Error reduction coefficient: 0,000, Error: 0,0000 s
abr 04, 2013 12:33:07 PM org.ros.time.RemoteUptimeClock update
INFO: Latency: 7,0000 s, Delta ratio: 1,0000, Drift: 1,000, Error reduction coefficient: 0,000, Error: 0,0000 s
abr 04, 2013 12:33:07 PM org.ros.time.RemoteUptimeClock update
INFO: Latency: 7,0000 s, Delta ratio: 1,0000, Drift: 1,000, Error reduction coefficient: 0,000, Error: 0,0000 s
abr 04, 2013 12:33:07 PM org.ros.time.RemoteUptimeClock update
INFO: Latency: 7,0000 s, Delta ratio: 1,0000, Drift: 1,000, Error reduction coefficient: 0,000, Error: 0,0000 s
abr 04, 2013 12:33:07 PM org.ros.time.RemoteUptimeClock update
INFO: Latency: 7,0000 s, Delta ratio: 1,0000, Drift: 1,000, Error reduction coefficient: 0,000, Error: 0,0000 s
abr 04, 2013 12:33:07 PM org.ros.time.RemoteUptimeClock update
INFO: Latency: 7,0000 s, Delta ratio: 1,0000, Drift: 1,000, Error reduction coefficient: 0,000, Error: 0,0000 s
abr 04, 2013 12:33:07 PM org.ros.time.RemoteUptimeClock update
INFO: Latency: 7,0000 s, Delta ratio: 1,0000, Drift: 1,000, Error reduction coefficient: 0,000, Error: 0,0000 s
abr 04, 2013 12:33:07 PM org.ros.time.RemoteUptimeClock update
INFO: Latency: 7,0000 s, Delta ratio: 1,0000, Drift: 1,000, Error reduction coefficient: 0,000, Error: 0,0000 s
abr 04, 2013 12:33:07 PM org.ros.time.RemoteUptimeClock update
INFO: Latency: 7,0000 s, Delta ratio: 1,0000, Drift: 1,000, Error reduction coefficient: 0,000, Error: 0,0000 s
abr 04, 2013 12:33:07 PM org.ros.time.RemoteUptimeClock update
INFO: Latency: 7,0000 s, Delta ratio: 1,0000, Drift: 1,000, Error reduction coefficient: 0,000, Error: 0,0000 s
abr 04, 2013 12:33:07 PM org.ros.time.RemoteUptimeClock update
INFO: Latency: 7,0000 s, Delta ratio: 1,0000, Drift: 1,000, Error reduction coefficient: 0,000, Error: 0,0000 s
abr 04, 2013 12:33:07 PM org.ros.time.RemoteUptimeClock update
INFO: Latency: 7,0000 s, Delta ratio: 1,0000, Drift: 1,000, Error reduction coefficient: 0,000, Error: 0,0000 s
abr 04, 2013 12:33:07 PM org.ros.time.RemoteUptimeClock update
INFO: Latency: 7,0000 s, Delta ratio: 1,0000, Drift: 1,000, Error reduction coefficient: 0,000, Error: 0,0000 s
abr 04, 2013 12:33:07 PM org.ros.time.RemoteUptimeClock update
INFO: Latency: 7,0000 s, Delta ratio: 1,0000, Drift: 1,000, Error reduction coefficient: 0,000, Error: 0,0000 s
abr 04, 2013 12:33:07 PM org.ros.time.RemoteUptimeClock update
INFO: Latency: 7,0000 s, Delta ratio: 1,0000, Drift: 1,000, Error reduction coefficient: 0,000, Error: 0,0000 s
abr 04, 2013 12:33:07 PM org.ros.time.RemoteUptimeClock update
INFO: Latency: 7,0000 s, Delta ratio: 1,0000, Drift: 1,000, Error reduction coefficient: 0,000, Error: 0,0000 s
abr 04, 2013 12:33:07 PM org.ros.time.RemoteUptimeClock update
INFO: Latency: 7,0000 s, Delta ratio: 1,0000, Drift: 1,000, Error reduction coefficient: 0,000, Error: 0,0000 s
abr 04, 2013 12:33:07 PM org.ros.time.RemoteUptimeClock update
INFO: Latency: 7,0000 s, Delta ratio: 1,0000, Drift: 1,000, Error reduction coefficient: 0,000, Error: 0,0000 s
abr 04, 2013 12:33:07 PM org.ros.time.RemoteUptimeClock update
INFO: Latency: 7,0000 s, Delta ratio: 1,0000, Drift: 1,000, Error reduction coefficient: 0,000, Error: 0,0000 s
abr 04, 2013 12:33:07 PM org.ros.time.RemoteUptimeClock update
INFO: Latency: 7,0000 s, Delta ratio: 1,0000, Drift: 1,000, Error reduction coefficient: 0,000, Error: 0,0000 s
abr 04, 2013 12:33:07 PM org.ros.time.RemoteUptimeClock update
INFO: Latency: 7,0000 s, Delta ratio: 1,0000, Drift: 1,000, Error reduction coefficient: 0,000, Error: 0,0000 s
abr 04, 2013 12:33:07 PM org.ros.time.RemoteUptimeClock update
INFO: Latency: 7,0000 s, Delta ratio: 1,0000, Drift: 1,000, Error reduction coefficient: 0,000, Error: 0,0000 s
abr 04, 2013 12:33:07 PM org.ros.time.RemoteUptimeClock update
INFO: Latency: 7,0000 s, Delta ratio: 1,0000, Drift: 1,000, Error reduction coefficient: 0,000, Error: 0,0000 s
abr 04, 2013 12:33:07 PM org.ros.time.RemoteUptimeClock update
INFO: Latency: 7,0000 s, Delta ratio: 1,0000, Drift: 1,000, Error reduction coefficient: 0,000, Error: 0,0000 s
abr 04, 2013 12:33:07 PM org.ros.time.RemoteUptimeClock update
INFO: Latency: 7,0000 s, Delta ratio: 1,0000, Drift: 1,000, Error reduction coefficient: 0,000, Error: 0,0000 s
abr 04, 2013 12:33:07 PM org.ros.time.RemoteUptimeClock update
INFO: Latency: 7,0000 s, Delta ratio: 1,0000, Drift: 1,000, Error reduction coefficient: 0,000, Error: 0,0000 s
abr 04, 2013 12:33:07 PM org.ros.time.RemoteUptimeClock update
INFO: Latency: 7,0000 s, Delta ratio: 1,0000, Drift: 1,000, Error reduction coefficient: 0,000, Error: 0,0000 s
abr 04, 2013 12:33:07 PM org.ros.time.RemoteUptimeClock update
INFO: Latency: 7,0000 s, Delta ratio: 1,0000, Drift: 1,000, Error reduction coefficient: 0,000, Error: 0,0000 s
abr 04, 2013 12:33:07 PM org.ros.time.RemoteUptimeClock update
INFO: Latency: 7,0000 s, Delta ratio: 1,0000, Drift: 1,000, Error reduction coefficient: 0,000, Error: 0,0000 s
abr 04, 2013 12:33:07 PM org.ros.time.RemoteUptimeClock update
INFO: Latency: 7,0000 s, Delta ratio: 1,0000, Drift: 1,000, Error reduction coefficient: 0,000, Error: 0,0000 s
abr 04, 2013 12:33:07 PM org.ros.time.RemoteUptimeClock update
INFO: Latency: 7,0000 s, Delta ratio: 1,0000, Drift: 1,000, Error reduction coefficient: 0,000, Error: 0,0000 s
abr 04, 2013 12:33:07 PM org.ros.time.RemoteUptimeClock update
INFO: Latency: 7,0000 s, Delta ratio: 1,0000, Drift: 1,000, Error reduction coefficient: 0,000, Error: 0,0000 s
abr 04, 2013 12:33:07 PM org.ros.time.RemoteUptimeClock update
INFO: Latency: 7,0000 s, Delta ratio: 1,0000, Drift: 1,000, Error reduction coefficient: 0,000, Error: 0,0000 s
abr 04, 2013 12:33:07 PM org.ros.time.RemoteUptimeClock update
INFO: Latency: 7,0000 s, Delta ratio: 1,0000, Drift: 1,000, Error reduction coefficient: 0,000, Error: 0,0000 s
abr 04, 2013 12:33:07 PM org.ros.time.RemoteUptimeClock update
INFO: Latency: 7,0000 s, Delta ratio: 1,0000, Drift: 1,000, Error reduction coefficient: 0,000, Error: 0,0000 s
abr 04, 2013 12:33:07 PM org.ros.time.RemoteUptimeClock update
INFO: Latency: 7,0000 s, Delta ratio: 1,0000, Drift: 1,000, Error reduction coefficient: 0,000, Error: 0,0000 s
abr 04, 2013 12:33:07 PM org.ros.time.RemoteUptimeClock update
INFO: Latency: 7,0000 s, Delta ratio: 1,0000, Drift: 1,000, Error reduction coefficient: 0,000, Error: 0,0000 s
abr 04, 2013 12:33:07 PM org.ros.time.RemoteUptimeClock update
INFO: Latency: 7,0000 s, Delta ratio: 1,0000, Drift: 1,000, Error reduction coefficient: 0,000, Error: 0,0000 s
abr 04, 2013 12:33:07 PM org.ros.time.RemoteUptimeClock update
INFO: Latency: 7,0000 s, Delta ratio: 1,0000, Drift: 1,000, Error reduction coefficient: 0,000, Error: 0,0000 s
abr 04, 2013 12:33:07 PM org.ros.time.RemoteUptimeClock update
INFO: Latency: 7,0000 s, Delta ratio: 1,0000, Drift: 1,000, Error reduction coefficient: 0,000, Error: 0,0000 s
abr 04, 2013 12:33:07 PM org.ros.time.RemoteUptimeClock update
INFO: Latency: 7,0000 s, Delta ratio: 1,0000, Drift: 1,000, Error reduction coefficient: 0,000, Error: 0,0000 s
abr 04, 2013 12:33:07 PM org.ros.time.RemoteUptimeClock update
INFO: Latency: 7,0000 s, Delta ratio: 1,0000, Drift: 1,000, Error reduction coefficient: 0,000, Error: 0,0000 s
abr 04, 2013 12:33:07 PM org.ros.time.RemoteUptimeClock update
INFO: Latency: 7,0000 s, Delta ratio: 1,0000, Drift: 1,000, Error reduction coefficient: 0,000, Error: 0,0000 s
abr 04, 2013 12:33:07 PM org.ros.time.RemoteUptimeClock update
INFO: Latency: 7,0000 s, Delta ratio: 1,0000, Drift: 1,000, Error reduction coefficient: 0,000, Error: 0,0000 s
abr 04, 2013 12:33:07 PM org.ros.time.RemoteUptimeClock update
INFO: Latency: 7,0000 s, Delta ratio: 1,0000, Drift: 1,000, Error reduction coefficient: 0,000, Error: 0,0000 s
abr 04, 2013 12:33:07 PM org.ros.time.RemoteUptimeClock update
INFO: Latency: 7,0000 s, Delta ratio: 1,0000, Drift: 1,000, Error reduction coefficient: 0,000, Error: 0,0000 s
abr 04, 2013 12:33:07 PM org.ros.time.RemoteUptimeClock update
INFO: Latency: 7,0000 s, Delta ratio: 1,0000, Drift: 1,000, Error reduction coefficient: 0,000, Error: 0,0000 s
abr 04, 2013 12:33:07 PM org.ros.time.RemoteUptimeClock update
INFO: Latency: 7,0000 s, Delta ratio: 1,0000, Drift: 1,000, Error reduction coefficient: 0,000, Error: 0,0000 s
abr 04, 2013 12:33:07 PM org.ros.time.RemoteUptimeClock update
INFO: Latency: 7,0000 s, Delta ratio: 1,0000, Drift: 1,000, Error reduction coefficient: 0,000, Error: 0,0000 s
abr 04, 2013 12:33:07 PM org.ros.time.RemoteUptimeClock update
INFO: Latency: 7,0000 s, Delta ratio: 1,0000, Drift: 1,000, Error reduction coefficient: 0,000, Error: 0,0000 s
abr 04, 2013 12:33:07 PM org.ros.time.RemoteUptimeClock update
INFO: Latency: 7,0000 s, Delta ratio: 1,0000, Drift: 1,000, Error reduction coefficient: 0,000, Error: 0,0000 s
abr 04, 2013 12:33:07 PM org.ros.time.RemoteUptimeClock update
INFO: Latency: 7,0000 s, Delta ratio: 1,0000, Drift: 1,000, Error reduction coefficient: 0,000, Error: 0,0000 s
abr 04, 2013 12:33:07 PM org.ros.time.RemoteUptimeClock update
INFO: Latency: 7,0000 s, Delta ratio: 1,0000, Drift: 1,000, Error reduction coefficient: 0,000, Error: 0,0000 s
abr 04, 2013 12:33:07 PM org.ros.time.RemoteUptimeClock update
INFO: Latency: 7,0000 s, Delta ratio: 1,0000, Drift: 1,000, Error reduction coefficient: 0,000, Error: 0,0000 s
abr 04, 2013 12:33:07 PM org.ros.time.RemoteUptimeClock update
INFO: Latency: 7,0000 s, Delta ratio: 1,0000, Drift: 1,000, Error reduction coefficient: 0,000, Error: 0,0000 s
abr 04, 2013 12:33:07 PM org.ros.time.RemoteUptimeClock update
INFO: Latency: 7,0000 s, Delta ratio: 1,0000, Drift: 1,000, Error reduction coefficient: 0,000, Error: 0,0000 s
abr 04, 2013 12:33:07 PM org.ros.time.RemoteUptimeClock update
INFO: Latency: 7,0000 s, Delta ratio: 1,0000, Drift: 1,000, Error reduction coefficient: 0,000, Error: 0,0000 s
abr 04, 2013 12:33:07 PM org.ros.time.RemoteUptimeClock update
INFO: Latency: 7,0000 s, Delta ratio: 1,0000, Drift: 1,000, Error reduction coefficient: 0,000, Error: 0,0000 s
abr 04, 2013 12:33:07 PM org.ros.time.RemoteUptimeClock update
INFO: Latency: 7,0000 s, Delta ratio: 1,0000, Drift: 1,000, Error reduction coefficient: 0,000, Error: 0,0000 s
abr 04, 2013 12:33:07 PM org.ros.time.RemoteUptimeClock update
INFO: Latency: 7,0000 s, Delta ratio: 1,0000, Drift: 1,000, Error reduction coefficient: 0,000, Error: 0,0000 s
abr 04, 2013 12:33:07 PM org.ros.time.RemoteUptimeClock update
INFO: Latency: 7,0000 s, Delta ratio: 1,0000, Drift: 1,000, Error reduction coefficient: 0,000, Error: 0,0000 s
abr 04, 2013 12:33:07 PM org.ros.time.RemoteUptimeClock update
INFO: Latency: 7,0000 s, Delta ratio: 1,0000, Drift: 1,000, Error reduction coefficient: 0,000, Error: 0,0000 s
abr 04, 2013 12:33:07 PM org.ros.time.RemoteUptimeClock update
INFO: Latency: 7,0000 s, Delta ratio: 1,0000, Drift: 1,000, Error reduction coefficient: 0,000, Error: 0,0000 s
abr 04, 2013 12:33:07 PM org.ros.time.RemoteUptimeClock update
INFO: Latency: 7,0000 s, Delta ratio: 1,0000, Drift: 1,000, Error reduction coefficient: 0,000, Error: 0,0000 s
abr 04, 2013 12:33:07 PM org.ros.time.RemoteUptimeClock update
INFO: Latency: 7,0000 s, Delta ratio: 1,0000, Drift: 1,000, Error reduction coefficient: 0,000, Error: 0,0000 s
abr 04, 2013 12:33:07 PM org.ros.time.RemoteUptimeClock update
INFO: Latency: 7,0000 s, Delta ratio: 1,0000, Drift: 1,000, Error reduction coefficient: 0,000, Error: 0,0000 s
abr 04, 2013 12:33:07 PM org.ros.time.RemoteUptimeClock update
INFO: Latency: 7,0000 s, Delta ratio: 1,0000, Drift: 1,000, Error reduction coefficient: 0,000, Error: 0,0000 s
abr 04, 2013 12:33:07 PM org.ros.time.RemoteUptimeClock update
INFO: Latency: 7,0000 s, Delta ratio: 1,0000, Drift: 1,000, Error reduction coefficient: 0,000, Error: 0,0000 s
abr 04, 2013 12:33:07 PM org.ros.time.RemoteUptimeClock update
INFO: Latency: 7,0000 s, Delta ratio: 1,0000, Drift: 1,000, Error reduction coefficient: 0,000, Error: 0,0000 s
abr 04, 2013 12:33:07 PM org.ros.time.RemoteUptimeClock update
INFO: Latency: 7,0000 s, Delta ratio: 1,0000, Drift: 1,000, Error reduction coefficient: 0,000, Error: 0,0000 s
abr 04, 2013 12:33:07 PM org.ros.time.RemoteUptimeClock update
INFO: Latency: 7,0000 s, Delta ratio: 1,0000, Drift: 1,000, Error reduction coefficient: 0,000, Error: 0,0000 s
abr 04, 2013 12:33:07 PM org.ros.time.RemoteUptimeClock update
INFO: Latency: 7,0000 s, Delta ratio: 1,0000, Drift: 1,000, Error reduction coefficient: 0,000, Error: 0,0000 s
abr 04, 2013 12:33:07 PM org.ros.time.RemoteUptimeClock update
INFO: Latency: 7,0000 s, Delta ratio: 1,0000, Drift: 1,000, Error reduction coefficient: 0,000, Error: 0,0000 s
abr 04, 2013 12:33:07 PM org.ros.time.RemoteUptimeClock update
INFO: Latency: 7,0000 s, Delta ratio: 1,0000, Drift: 1,000, Error reduction coefficient: 0,000, Error: 0,0000 s
abr 04, 2013 12:33:07 PM org.ros.time.RemoteUptimeClock update
INFO: Latency: 7,0000 s, Delta ratio: 1,0000, Drift: 1,000, Error reduction coefficient: 0,000, Error: 0,0000 s
abr 04, 2013 12:33:07 PM org.ros.time.RemoteUptimeClock update
INFO: Latency: 7,0000 s, Delta ratio: 1,0000, Drift: 1,000, Error reduction coefficient: 0,000, Error: 0,0000 s
abr 04, 2013 12:33:07 PM org.ros.time.RemoteUptimeClock update
INFO: Latency: 7,0000 s, Delta ratio: 1,0000, Drift: 1,000, Error reduction coefficient: 0,000, Error: 0,0000 s
abr 04, 2013 12:33:07 PM org.ros.time.RemoteUptimeClock update
INFO: Latency: 7,0000 s, Delta ratio: 1,0000, Drift: 1,000, Error reduction coefficient: 0,000, Error: 0,0000 s
abr 04, 2013 12:33:07 PM org.ros.time.RemoteUptimeClock update
INFO: Latency: 7,0000 s, Delta ratio: 1,0000, Drift: 1,000, Error reduction coefficient: 0,000, Error: 0,0000 s
abr 04, 2013 12:33:07 PM org.ros.time.RemoteUptimeClock update
INFO: Latency: 7,0000 s, Delta ratio: 1,0000, Drift: 1,000, Error reduction coefficient: 0,000, Error: 0,0000 s
abr 04, 2013 12:33:07 PM org.ros.time.RemoteUptimeClock update
INFO: Latency: 7,0000 s, Delta ratio: 1,0000, Drift: 1,000, Error reduction coefficient: 0,000, Error: 0,0000 s
abr 04, 2013 12:33:07 PM org.ros.time.RemoteUptimeClock update
INFO: Latency: 7,0000 s, Delta ratio: 1,0000, Drift: 1,000, Error reduction coefficient: 0,000, Error: 0,0000 s
abr 04, 2013 12:33:07 PM org.ros.time.RemoteUptimeClock update
INFO: Latency: 7,0000 s, Delta ratio: 1,0000, Drift: 1,000, Error reduction coefficient: 0,000, Error: 0,0000 s
abr 04, 2013 12:33:07 PM org.ros.time.RemoteUptimeClock update
INFO: Latency: 7,0000 s, Delta ratio: 1,0000, Drift: 1,000, Error reduction coefficient: 0,000, Error: 0,0000 s
abr 04, 2013 12:33:07 PM org.ros.time.RemoteUptimeClock update
INFO: Latency: 7,0000 s, Delta ratio: 1,0000, Drift: 1,000, Error reduction coefficient: 0,000, Error: 0,0000 s
abr 04, 2013 12:33:07 PM org.ros.time.RemoteUptimeClock update
INFO: Latency: 7,0000 s, Delta ratio: 1,0000, Drift: 1,000, Error reduction coefficient: 0,000, Error: 0,0000 s
abr 04, 2013 12:33:07 PM org.ros.time.RemoteUptimeClock update
INFO: Latency: 7,0000 s, Delta ratio: 1,0000, Drift: 1,000, Error reduction coefficient: 0,000, Error: 0,0000 s
abr 04, 2013 12:33:07 PM org.ros.time.RemoteUptimeClock update
INFO: Latency: 7,0000 s, Delta ratio: 1,0000, Drift: 1,000, Error reduction coefficient: 0,000, Error: 0,0000 s
abr 04, 2013 12:33:07 PM org.ros.time.RemoteUptimeClock update
INFO: Latency: 7,0000 s, Delta ratio: 1,0000, Drift: 1,000, Error reduction coefficient: 0,000, Error: 0,0000 s
abr 04, 2013 12:33:07 PM org.ros.time.RemoteUptimeClock update
INFO: Latency: 7,0000 s, Delta ratio: 1,0000, Drift: 1,000, Error reduction coefficient: 0,000, Error: 0,0000 s
abr 04, 2013 12:33:07 PM org.ros.time.RemoteUptimeClock update
INFO: Latency: 7,0000 s, Delta ratio: 1,0000, Drift: 1,000, Error reduction coefficient: 0,000, Error: 0,0000 s
abr 04, 2013 12:33:07 PM org.ros.time.RemoteUptimeClock update
INFO: Latency: 7,0000 s, Delta ratio: 1,0000, Drift: 1,000, Error reduction coefficient: 0,000, Error: 0,0000 s
abr 04, 2013 12:33:07 PM org.ros.time.RemoteUptimeClock update
INFO: Latency: 7,0000 s, Delta ratio: 1,0000, Drift: 1,000, Error reduction coefficient: 0,000, Error: 0,0000 s
abr 04, 2013 12:33:07 PM org.ros.time.RemoteUptimeClock update
INFO: Latency: 7,0000 s, Delta ratio: 1,0000, Drift: 1,000, Error reduction coefficient: 0,000, Error: 0,0000 s
abr 04, 2013 12:33:07 PM org.ros.time.RemoteUptimeClock update
INFO: Latency: 7,0000 s, Delta ratio: 1,0000, Drift: 1,000, Error reduction coefficient: 0,000, Error: 0,0000 s
abr 04, 2013 12:33:07 PM org.ros.time.RemoteUptimeClock update
INFO: Latency: 7,0000 s, Delta ratio: 1,0000, Drift: 1,000, Error reduction coefficient: 0,000, Error: 0,0000 s
abr 04, 2013 12:33:07 PM org.ros.time.RemoteUptimeClock update
INFO: Latency: 7,0000 s, Delta ratio: 1,0000, Drift: 1,000, Error reduction coefficient: 0,000, Error: 0,0000 s
abr 04, 2013 12:33:07 PM org.ros.time.RemoteUptimeClock update
INFO: Latency: 7,0000 s, Delta ratio: 1,0000, Drift: 1,000, Error reduction coefficient: 0,000, Error: 0,0000 s
abr 04, 2013 12:33:07 PM org.ros.time.RemoteUptimeClock update
INFO: Latency: 7,0000 s, Delta ratio: 1,0000, Drift: 1,000, Error reduction coefficient: 0,000, Error: 0,0000 s
abr 04, 2013 12:33:07 PM org.ros.time.RemoteUptimeClock update
INFO: Latency: 7,0000 s, Delta ratio: 1,0000, Drift: 1,000, Error reduction coefficient: 0,000, Error: 0,0000 s
abr 04, 2013 12:33:07 PM org.ros.time.RemoteUptimeClock update
INFO: Latency: 7,0000 s, Delta ratio: 1,0000, Drift: 1,000, Error reduction coefficient: 0,000, Error: 0,0000 s
abr 04, 2013 12:33:07 PM org.ros.time.RemoteUptimeClock update
INFO: Latency: 7,0000 s, Delta ratio: 1,0000, Drift: 1,000, Error reduction coefficient: 0,000, Error: 0,0000 s
abr 04, 2013 12:33:07 PM org.ros.time.RemoteUptimeClock update
INFO: Latency: 7,0000 s, Delta ratio: 1,0000, Drift: 1,000, Error reduction coefficient: 0,000, Error: 0,0000 s
abr 04, 2013 12:33:07 PM org.ros.time.RemoteUptimeClock update
INFO: Latency: 7,0000 s, Delta ratio: 1,0000, Drift: 1,000, Error reduction coefficient: 0,000, Error: 0,0000 s
abr 04, 2013 12:33:07 PM org.ros.time.RemoteUptimeClock update
INFO: Latency: 7,0000 s, Delta ratio: 1,0000, Drift: 1,000, Error reduction coefficient: 0,000, Error: 0,0000 s
abr 04, 2013 12:33:07 PM org.ros.time.RemoteUptimeClock update
INFO: Latency: 7,0000 s, Delta ratio: 1,0000, Drift: 1,000, Error reduction coefficient: 0,000, Error: 0,0000 s
abr 04, 2013 12:33:07 PM org.ros.time.RemoteUptimeClock update
INFO: Latency: 7,0000 s, Delta ratio: 1,0000, Drift: 1,000, Error reduction coefficient: 0,000, Error: 0,0000 s
abr 04, 2013 12:33:07 PM org.ros.time.RemoteUptimeClock update
INFO: Latency: 7,0000 s, Delta ratio: 1,0000, Drift: 1,000, Error reduction coefficient: 0,000, Error: 0,0000 s
abr 04, 2013 12:33:07 PM org.ros.time.RemoteUptimeClock update
INFO: Latency: 7,0000 s, Delta ratio: 1,0000, Drift: 1,000, Error reduction coefficient: 0,000, Error: 0,0000 s
abr 04, 2013 12:33:07 PM org.ros.time.RemoteUptimeClock update
INFO: Latency: 7,0000 s, Delta ratio: 1,0000, Drift: 1,000, Error reduction coefficient: 0,000, Error: 0,0000 s
abr 04, 2013 12:33:07 PM org.ros.time.RemoteUptimeClock update
INFO: Latency: 7,0000 s, Delta ratio: 1,0000, Drift: 1,000, Error reduction coefficient: 0,000, Error: 0,0000 s
abr 04, 2013 12:33:07 PM org.ros.time.RemoteUptimeClock update
INFO: Latency: 7,0000 s, Delta ratio: 1,0000, Drift: 1,000, Error reduction coefficient: 0,000, Error: 0,0000 s
abr 04, 2013 12:33:07 PM org.ros.time.RemoteUptimeClock update
INFO: Latency: 7,0000 s, Delta ratio: 1,0000, Drift: 1,000, Error reduction coefficient: 0,000, Error: 0,0000 s
abr 04, 2013 12:33:07 PM org.ros.time.RemoteUptimeClock update
INFO: Latency: 7,0000 s, Delta ratio: 1,0000, Drift: 1,000, Error reduction coefficient: 0,000, Error: 0,0000 s
abr 04, 2013 12:33:07 PM org.ros.time.RemoteUptimeClock update
INFO: Latency: 7,0000 s, Delta ratio: 1,0000, Drift: 1,000, Error reduction coefficient: 0,000, Error: 0,0000 s
abr 04, 2013 12:33:07 PM org.ros.time.RemoteUptimeClock update
INFO: Latency: 7,0000 s, Delta ratio: 1,0000, Drift: 1,000, Error reduction coefficient: 0,000, Error: 0,0000 s
abr 04, 2013 12:33:07 PM org.ros.time.RemoteUptimeClock update
INFO: Latency: 7,0000 s, Delta ratio: 1,0000, Drift: 1,000, Error reduction coefficient: 0,000, Error: 0,0000 s
abr 04, 2013 12:33:07 PM org.ros.time.RemoteUptimeClock update
INFO: Latency: 7,0000 s, Delta ratio: 1,0000, Drift: 1,000, Error reduction coefficient: 0,000, Error: 0,0000 s
abr 04, 2013 12:33:07 PM org.ros.time.RemoteUptimeClock update
INFO: Latency: 7,0000 s, Delta ratio: 1,0000, Drift: 1,000, Error reduction coefficient: 0,000, Error: 0,0000 s
abr 04, 2013 12:33:07 PM org.ros.time.RemoteUptimeClock update
INFO: Latency: 7,0000 s, Delta ratio: 1,0000, Drift: 1,000, Error reduction coefficient: 0,000, Error: 0,0000 s
abr 04, 2013 12:33:07 PM org.ros.time.RemoteUptimeClock update
INFO: Latency: 7,0000 s, Delta ratio: 1,0000, Drift: 1,000, Error reduction coefficient: 0,000, Error: 0,0000 s
abr 04, 2013 12:33:07 PM org.ros.time.RemoteUptimeClock update
INFO: Latency: 7,0000 s, Delta ratio: 1,0000, Drift: 1,000, Error reduction coefficient: 0,000, Error: 0,0000 s
abr 04, 2013 12:33:07 PM org.ros.time.RemoteUptimeClock update
INFO: Latency: 7,0000 s, Delta ratio: 1,0000, Drift: 1,000, Error reduction coefficient: 0,000, Error: 0,0000 s
abr 04, 2013 12:33:07 PM org.ros.time.RemoteUptimeClock update
INFO: Latency: 7,0000 s, Delta ratio: 1,0000, Drift: 1,000, Error reduction coefficient: 0,000, Error: 0,0000 s
abr 04, 2013 12:33:07 PM org.ros.time.RemoteUptimeClock update
INFO: Latency: 7,0000 s, Delta ratio: 1,0000, Drift: 1,000, Error reduction coefficient: 0,000, Error: 0,0000 s
abr 04, 2013 12:33:07 PM org.ros.time.RemoteUptimeClock update
INFO: Latency: 7,0000 s, Delta ratio: 1,0000, Drift: 1,000, Error reduction coefficient: 0,000, Error: 0,0000 s
abr 04, 2013 12:33:07 PM org.ros.time.RemoteUptimeClock update
INFO: Latency: 7,0000 s, Delta ratio: 1,0000, Drift: 1,000, Error reduction coefficient: 0,000, Error: 0,0000 s
abr 04, 2013 12:33:07 PM org.ros.time.RemoteUptimeClock update
INFO: Latency: 7,0000 s, Delta ratio: 1,0000, Drift: 1,000, Error reduction coefficient: 0,000, Error: 0,0000 s
abr 04, 2013 12:33:07 PM org.ros.time.RemoteUptimeClock update
INFO: Latency: 7,0000 s, Delta ratio: 1,0000, Drift: 1,000, Error reduction coefficient: 0,000, Error: 0,0000 s
abr 04, 2013 12:33:07 PM org.ros.time.RemoteUptimeClock update
INFO: Latency: 7,0000 s, Delta ratio: 1,0000, Drift: 1,000, Error reduction coefficient: 0,000, Error: 0,0000 s
abr 04, 2013 12:33:07 PM org.ros.time.RemoteUptimeClock update
INFO: Latency: 7,0000 s, Delta ratio: 1,0000, Drift: 1,000, Error reduction coefficient: 0,000, Error: 0,0000 s
abr 04, 2013 12:33:07 PM org.ros.time.RemoteUptimeClock update
INFO: Latency: 7,0000 s, Delta ratio: 1,0000, Drift: 1,000, Error reduction coefficient: 0,000, Error: 0,0000 s
abr 04, 2013 12:33:07 PM org.ros.time.RemoteUptimeClock update
INFO: Latency: 7,0000 s, Delta ratio: 1,0000, Drift: 1,000, Error reduction coefficient: 0,000, Error: 0,0000 s
abr 04, 2013 12:33:07 PM org.ros.time.RemoteUptimeClock update
INFO: Latency: 7,0000 s, Delta ratio: 1,0000, Drift: 1,000, Error reduction coefficient: 0,000, Error: 0,0000 s
abr 04, 2013 12:33:07 PM org.ros.time.RemoteUptimeClock update
INFO: Latency: 7,0000 s, Delta ratio: 1,0000, Drift: 1,000, Error reduction coefficient: 0,000, Error: 0,0000 s
abr 04, 2013 12:33:07 PM org.ros.time.RemoteUptimeClock update
INFO: Latency: 7,0000 s, Delta ratio: 1,0000, Drift: 1,000, Error reduction coefficient: 0,000, Error: 0,0000 s
abr 04, 2013 12:33:07 PM org.ros.time.RemoteUptimeClock update
INFO: Latency: 7,0000 s, Delta ratio: 1,0000, Drift: 1,000, Error reduction coefficient: 0,000, Error: 0,0000 s
abr 04, 2013 12:33:07 PM org.ros.time.RemoteUptimeClock update
INFO: Latency: 7,0000 s, Delta ratio: 1,0000, Drift: 1,000, Error reduction coefficient: 0,000, Error: 0,0000 s
abr 04, 2013 12:33:07 PM org.ros.time.RemoteUptimeClock update
INFO: Latency: 7,0000 s, Delta ratio: 1,0000, Drift: 1,000, Error reduction coefficient: 0,000, Error: 0,0000 s
abr 04, 2013 12:33:07 PM org.ros.time.RemoteUptimeClock update
INFO: Latency: 7,0000 s, Delta ratio: 1,0000, Drift: 1,000, Error reduction coefficient: 0,000, Error: 0,0000 s
abr 04, 2013 12:33:07 PM org.ros.time.RemoteUptimeClock update
INFO: Latency: 7,0000 s, Delta ratio: 1,0000, Drift: 1,000, Error reduction coefficient: 0,000, Error: 0,0000 s
abr 04, 2013 12:33:07 PM org.ros.time.RemoteUptimeClock update
INFO: Latency: 7,0000 s, Delta ratio: 1,0000, Drift: 1,000, Error reduction coefficient: 0,000, Error: 0,0000 s
abr 04, 2013 12:33:07 PM org.ros.time.RemoteUptimeClock update
INFO: Latency: 7,0000 s, Delta ratio: 1,0000, Drift: 1,000, Error reduction coefficient: 0,000, Error: 0,0000 s
abr 04, 2013 12:33:07 PM org.ros.time.RemoteUptimeClock update
INFO: Latency: 7,0000 s, Delta ratio: 1,0000, Drift: 1,000, Error reduction coefficient: 0,000, Error: 0,0000 s
abr 04, 2013 12:33:07 PM org.ros.time.RemoteUptimeClock update
INFO: Latency: 7,0000 s, Delta ratio: 1,0000, Drift: 1,000, Error reduction coefficient: 0,000, Error: 0,0000 s
abr 04, 2013 12:33:07 PM org.ros.time.RemoteUptimeClock update
INFO: Latency: 7,0000 s, Delta ratio: 1,0000, Drift: 1,000, Error reduction coefficient: 0,000, Error: 0,0000 s
abr 04, 2013 12:33:07 PM org.ros.time.RemoteUptimeClock update
INFO: Latency: 7,0000 s, Delta ratio: 1,0000, Drift: 1,000, Error reduction coefficient: 0,000, Error: 0,0000 s
abr 04, 2013 12:33:07 PM org.ros.time.RemoteUptimeClock update
INFO: Latency: 7,0000 s, Delta ratio: 1,0000, Drift: 1,000, Error reduction coefficient: 0,000, Error: 0,0000 s
abr 04, 2013 12:33:07 PM org.ros.time.RemoteUptimeClock update
INFO: Latency: 7,0000 s, Delta ratio: 1,0000, Drift: 1,000, Error reduction coefficient: 0,000, Error: 0,0000 s
abr 04, 2013 12:33:07 PM org.ros.time.RemoteUptimeClock update
INFO: Latency: 7,0000 s, Delta ratio: 1,0000, Drift: 1,000, Error reduction coefficient: 0,000, Error: 0,0000 s
abr 04, 2013 12:33:07 PM org.ros.time.RemoteUptimeClock update
INFO: Latency: 7,0000 s, Delta ratio: 1,0000, Drift: 1,000, Error reduction coefficient: 0,000, Error: 0,0000 s
abr 04, 2013 12:33:07 PM org.ros.time.RemoteUptimeClock update
INFO: Latency: 7,0000 s, Delta ratio: 1,0000, Drift: 1,000, Error reduction coefficient: 0,000, Error: 0,0000 s
abr 04, 2013 12:33:07 PM org.ros.time.RemoteUptimeClock update
INFO: Latency: 7,0000 s, Delta ratio: 1,0000, Drift: 1,000, Error reduction coefficient: 0,000, Error: 0,0000 s
abr 04, 2013 12:33:07 PM org.ros.time.RemoteUptimeClock update
INFO: Latency: 7,0000 s, Delta ratio: 1,0000, Drift: 1,000, Error reduction coefficient: 0,000, Error: 0,0000 s
abr 04, 2013 12:33:07 PM org.ros.time.RemoteUptimeClock update
INFO: Latency: 7,0000 s, Delta ratio: 1,0000, Drift: 1,000, Error reduction coefficient: 0,000, Error: 0,0000 s
abr 04, 2013 12:33:07 PM org.ros.time.RemoteUptimeClock update
INFO: Latency: 7,0000 s, Delta ratio: 1,0000, Drift: 1,000, Error reduction coefficient: 0,000, Error: 0,0000 s
abr 04, 2013 12:33:07 PM org.ros.time.RemoteUptimeClock update
INFO: Latency: 7,0000 s, Delta ratio: 1,0000, Drift: 1,000, Error reduction coefficient: 0,000, Error: 0,0000 s
abr 04, 2013 12:33:07 PM org.ros.time.RemoteUptimeClock update
INFO: Latency: 7,0000 s, Delta ratio: 1,0000, Drift: 1,000, Error reduction coefficient: 0,000, Error: 0,0000 s
abr 04, 2013 12:33:07 PM org.ros.time.RemoteUptimeClock update
INFO: Latency: 7,0000 s, Delta ratio: 1,0000, Drift: 1,000, Error reduction coefficient: 0,000, Error: 0,0000 s
abr 04, 2013 12:33:07 PM org.ros.time.RemoteUptimeClock update
INFO: Latency: 7,0000 s, Delta ratio: 1,0000, Drift: 1,000, Error reduction coefficient: 0,000, Error: 0,0000 s
abr 04, 2013 12:33:07 PM org.ros.time.RemoteUptimeClock update
INFO: Latency: 7,0000 s, Delta ratio: 1,0000, Drift: 1,000, Error reduction coefficient: 0,000, Error: 0,0000 s
abr 04, 2013 12:33:07 PM org.ros.time.RemoteUptimeClock update
INFO: Latency: 7,0000 s, Delta ratio: 1,0000, Drift: 1,000, Error reduction coefficient: 0,000, Error: 0,0000 s
abr 04, 2013 12:33:07 PM org.ros.time.RemoteUptimeClock update
INFO: Latency: 7,0000 s, Delta ratio: 1,0000, Drift: 1,000, Error reduction coefficient: 0,000, Error: 0,0000 s
abr 04, 2013 12:33:07 PM org.ros.time.RemoteUptimeClock update
INFO: Latency: 7,0000 s, Delta ratio: 1,0000, Drift: 1,000, Error reduction coefficient: 0,000, Error: 0,0000 s
abr 04, 2013 12:33:07 PM org.ros.time.RemoteUptimeClock update
INFO: Latency: 7,0000 s, Delta ratio: 1,0000, Drift: 1,000, Error reduction coefficient: 0,000, Error: 0,0000 s
abr 04, 2013 12:33:07 PM org.ros.time.RemoteUptimeClock update
INFO: Latency: 7,0000 s, Delta ratio: 1,0000, Drift: 1,000, Error reduction coefficient: 0,000, Error: 0,0000 s
abr 04, 2013 12:33:07 PM org.ros.time.RemoteUptimeClock update
INFO: Latency: 7,0000 s, Delta ratio: 1,0000, Drift: 1,000, Error reduction coefficient: 0,000, Error: 0,0000 s
abr 04, 2013 12:33:07 PM org.ros.time.RemoteUptimeClock update
INFO: Latency: 7,0000 s, Delta ratio: 1,0000, Drift: 1,000, Error reduction coefficient: 0,000, Error: 0,0000 s
abr 04, 2013 12:33:07 PM org.ros.time.RemoteUptimeClock update
INFO: Latency: 7,0000 s, Delta ratio: 1,0000, Drift: 1,000, Error reduction coefficient: 0,000, Error: 0,0000 s
abr 04, 2013 12:33:07 PM org.ros.time.RemoteUptimeClock update
INFO: Latency: 7,0000 s, Delta ratio: 1,0000, Drift: 1,000, Error reduction coefficient: 0,000, Error: 0,0000 s
abr 04, 2013 12:33:07 PM org.ros.time.RemoteUptimeClock update
INFO: Latency: 7,0000 s, Delta ratio: 1,0000, Drift: 1,000, Error reduction coefficient: 0,000, Error: 0,0000 s
abr 04, 2013 12:33:07 PM org.ros.time.RemoteUptimeClock update
INFO: Latency: 7,0000 s, Delta ratio: 1,0000, Drift: 1,000, Error reduction coefficient: 0,000, Error: 0,0000 s
abr 04, 2013 12:33:07 PM org.ros.time.RemoteUptimeClock update
INFO: Latency: 7,0000 s, Delta ratio: 1,0000, Drift: 1,000, Error reduction coefficient: 0,000, Error: 0,0000 s
abr 04, 2013 12:33:07 PM org.ros.time.RemoteUptimeClock update
INFO: Latency: 7,0000 s, Delta ratio: 1,0000, Drift: 1,000, Error reduction coefficient: 0,000, Error: 0,0000 s
abr 04, 2013 12:33:07 PM org.ros.time.RemoteUptimeClock update
INFO: Latency: 7,0000 s, Delta ratio: 1,0000, Drift: 1,000, Error reduction coefficient: 0,000, Error: 0,0000 s
abr 04, 2013 12:33:07 PM org.ros.time.RemoteUptimeClock update
INFO: Latency: 7,0000 s, Delta ratio: 1,0000, Drift: 1,000, Error reduction coefficient: 0,000, Error: 0,0000 s
abr 04, 2013 12:33:07 PM org.ros.time.RemoteUptimeClock update
INFO: Latency: 7,0000 s, Delta ratio: 1,0000, Drift: 1,000, Error reduction coefficient: 0,000, Error: 0,0000 s
abr 04, 2013 12:33:07 PM org.ros.time.RemoteUptimeClock update
INFO: Latency: 7,0000 s, Delta ratio: 1,0000, Drift: 1,000, Error reduction coefficient: 0,000, Error: 0,0000 s
abr 04, 2013 12:33:07 PM org.ros.time.RemoteUptimeClock update
INFO: Latency: 7,0000 s, Delta ratio: 1,0000, Drift: 1,000, Error reduction coefficient: 0,000, Error: 0,0000 s
abr 04, 2013 12:33:07 PM org.ros.time.RemoteUptimeClock update
INFO: Latency: 7,0000 s, Delta ratio: 1,0000, Drift: 1,000, Error reduction coefficient: 0,000, Error: 0,0000 s
abr 04, 2013 12:33:07 PM org.ros.time.RemoteUptimeClock update
INFO: Latency: 7,0000 s, Delta ratio: 1,0000, Drift: 1,000, Error reduction coefficient: 0,000, Error: 0,0000 s
abr 04, 2013 12:33:07 PM org.ros.time.RemoteUptimeClock update
INFO: Latency: 7,0000 s, Delta ratio: 1,0000, Drift: 1,000, Error reduction coefficient: 0,000, Error: 0,0000 s
abr 04, 2013 12:33:07 PM org.ros.time.RemoteUptimeClock update
INFO: Latency: 7,0000 s, Delta ratio: 1,0000, Drift: 1,000, Error reduction coefficient: 0,000, Error: 0,0000 s
abr 04, 2013 12:33:07 PM org.ros.time.RemoteUptimeClock update
INFO: Latency: 7,0000 s, Delta ratio: 1,0000, Drift: 1,000, Error reduction coefficient: 0,000, Error: 0,0000 s
abr 04, 2013 12:33:07 PM org.ros.time.RemoteUptimeClock update
INFO: Latency: 7,0000 s, Delta ratio: 1,0000, Drift: 1,000, Error reduction coefficient: 0,000, Error: 0,0000 s
abr 04, 2013 12:33:07 PM org.ros.time.RemoteUptimeClock update
INFO: Latency: 7,0000 s, Delta ratio: 1,0000, Drift: 1,000, Error reduction coefficient: 0,000, Error: 0,0000 s
abr 04, 2013 12:33:07 PM org.ros.time.RemoteUptimeClock update
INFO: Latency: 7,0000 s, Delta ratio: 1,0000, Drift: 1,000, Error reduction coefficient: 0,000, Error: 0,0000 s
abr 04, 2013 12:33:07 PM org.ros.time.RemoteUptimeClock update
INFO: Latency: 7,0000 s, Delta ratio: 1,0000, Drift: 1,000, Error reduction coefficient: 0,000, Error: 0,0000 s
abr 04, 2013 12:33:07 PM org.ros.time.RemoteUptimeClock update
INFO: Latency: 7,0000 s, Delta ratio: 1,0000, Drift: 1,000, Error reduction coefficient: 0,000, Error: 0,0000 s
abr 04, 2013 12:33:07 PM org.ros.time.RemoteUptimeClock update
INFO: Latency: 7,0000 s, Delta ratio: 1,0000, Drift: 1,000, Error reduction coefficient: 0,000, Error: 0,0000 s
abr 04, 2013 12:33:07 PM org.ros.time.RemoteUptimeClock update
INFO: Latency: 7,0000 s, Delta ratio: 1,0000, Drift: 1,000, Error reduction coefficient: 0,000, Error: 0,0000 s
abr 04, 2013 12:33:07 PM org.ros.time.RemoteUptimeClock update
INFO: Latency: 7,0000 s, Delta ratio: 1,0000, Drift: 1,000, Error reduction coefficient: 0,000, Error: 0,0000 s
abr 04, 2013 12:33:07 PM org.ros.time.RemoteUptimeClock update
INFO: Latency: 7,0000 s, Delta ratio: 1,0000, Drift: 1,000, Error reduction coefficient: 0,000, Error: 0,0000 s
abr 04, 2013 12:33:07 PM org.ros.time.RemoteUptimeClock update
INFO: Latency: 7,0000 s, Delta ratio: 1,0000, Drift: 1,000, Error reduction coefficient: 0,000, Error: 0,0000 s
abr 04, 2013 12:33:07 PM org.ros.time.RemoteUptimeClock update
INFO: Latency: 7,0000 s, Delta ratio: 1,0000, Drift: 1,000, Error reduction coefficient: 0,000, Error: 0,0000 s
abr 04, 2013 12:33:07 PM org.ros.time.RemoteUptimeClock update
INFO: Latency: 7,0000 s, Delta ratio: 1,0000, Drift: 1,000, Error reduction coefficient: 0,000, Error: 0,0000 s
abr 04, 2013 12:33:07 PM org.ros.time.RemoteUptimeClock update
INFO: Latency: 7,0000 s, Delta ratio: 1,0000, Drift: 1,000, Error reduction coefficient: 0,000, Error: 0,0000 s
abr 04, 2013 12:33:07 PM org.ros.time.RemoteUptimeClock update
INFO: Latency: 7,0000 s, Delta ratio: 1,0000, Drift: 1,000, Error reduction coefficient: 0,000, Error: 0,0000 s
abr 04, 2013 12:33:07 PM org.ros.time.RemoteUptimeClock update
INFO: Latency: 7,0000 s, Delta ratio: 1,0000, Drift: 1,000, Error reduction coefficient: 0,000, Error: 0,0000 s
abr 04, 2013 12:33:07 PM org.ros.time.RemoteUptimeClock update
INFO: Latency: 7,0000 s, Delta ratio: 1,0000, Drift: 1,000, Error reduction coefficient: 0,000, Error: 0,0000 s
abr 04, 2013 12:33:07 PM org.ros.time.RemoteUptimeClock update
INFO: Latency: 7,0000 s, Delta ratio: 1,0000, Drift: 1,000, Error reduction coefficient: 0,000, Error: 0,0000 s
abr 04, 2013 12:33:07 PM org.ros.time.RemoteUptimeClock update
INFO: Latency: 7,0000 s, Delta ratio: 1,0000, Drift: 1,000, Error reduction coefficient: 0,000, Error: 0,0000 s
abr 04, 2013 12:33:07 PM org.ros.time.RemoteUptimeClock update
INFO: Latency: 7,0000 s, Delta ratio: 1,0000, Drift: 1,000, Error reduction coefficient: 0,000, Error: 0,0000 s
abr 04, 2013 12:33:07 PM org.ros.time.RemoteUptimeClock update
INFO: Latency: 7,0000 s, Delta ratio: 1,0000, Drift: 1,000, Error reduction coefficient: 0,000, Error: 0,0000 s
abr 04, 2013 12:33:07 PM org.ros.time.RemoteUptimeClock update
INFO: Latency: 7,0000 s, Delta ratio: 1,0000, Drift: 1,000, Error reduction coefficient: 0,000, Error: 0,0000 s
abr 04, 2013 12:33:07 PM org.ros.time.RemoteUptimeClock update
INFO: Latency: 7,0000 s, Delta ratio: 1,0000, Drift: 1,000, Error reduction coefficient: 0,000, Error: 0,0000 s
abr 04, 2013 12:33:07 PM org.ros.time.RemoteUptimeClock update
INFO: Latency: 7,0000 s, Delta ratio: 1,0000, Drift: 1,000, Error reduction coefficient: 0,000, Error: 0,0000 s
abr 04, 2013 12:33:07 PM org.ros.time.RemoteUptimeClock update
INFO: Latency: 7,0000 s, Delta ratio: 1,0000, Drift: 1,000, Error reduction coefficient: 0,000, Error: 0,0000 s
abr 04, 2013 12:33:07 PM org.ros.time.RemoteUptimeClock update
INFO: Latency: 7,0000 s, Delta ratio: 1,0000, Drift: 1,000, Error reduction coefficient: 0,000, Error: 0,0000 s
abr 04, 2013 12:33:07 PM org.ros.time.RemoteUptimeClock update
INFO: Latency: 7,0000 s, Delta ratio: 1,0000, Drift: 1,000, Error reduction coefficient: 0,000, Error: 0,0000 s
abr 04, 2013 12:33:07 PM org.ros.time.RemoteUptimeClock update
INFO: Latency: 7,0000 s, Delta ratio: 1,0000, Drift: 1,000, Error reduction coefficient: 0,000, Error: 0,0000 s
abr 04, 2013 12:33:07 PM org.ros.time.RemoteUptimeClock update
INFO: Latency: 7,0000 s, Delta ratio: 1,0000, Drift: 1,000, Error reduction coefficient: 0,000, Error: 0,0000 s
abr 04, 2013 12:33:07 PM org.ros.time.RemoteUptimeClock update
INFO: Latency: 7,0000 s, Delta ratio: 1,0000, Drift: 1,000, Error reduction coefficient: 0,000, Error: 0,0000 s
abr 04, 2013 12:33:07 PM org.ros.time.RemoteUptimeClock update
INFO: Latency: 7,0000 s, Delta ratio: 1,0000, Drift: 1,000, Error reduction coefficient: 0,000, Error: 0,0000 s
abr 04, 2013 12:33:07 PM org.ros.time.RemoteUptimeClock update
INFO: Latency: 7,0000 s, Delta ratio: 1,0000, Drift: 1,000, Error reduction coefficient: 0,000, Error: 0,0000 s
abr 04, 2013 12:33:07 PM org.ros.time.RemoteUptimeClock update
INFO: Latency: 7,0000 s, Delta ratio: 1,0000, Drift: 1,000, Error reduction coefficient: 0,000, Error: 0,0000 s
abr 04, 2013 12:33:07 PM org.ros.time.RemoteUptimeClock update
INFO: Latency: 7,0000 s, Delta ratio: 1,0000, Drift: 1,000, Error reduction coefficient: 0,000, Error: 0,0000 s
abr 04, 2013 12:33:07 PM org.ros.time.RemoteUptimeClock update
INFO: Latency: 7,0000 s, Delta ratio: 1,0000, Drift: 1,000, Error reduction coefficient: 0,000, Error: 0,0000 s
abr 04, 2013 12:33:07 PM org.ros.time.RemoteUptimeClock update
INFO: Latency: 7,0000 s, Delta ratio: 1,0000, Drift: 1,000, Error reduction coefficient: 0,000, Error: 0,0000 s
abr 04, 2013 12:33:07 PM org.ros.time.RemoteUptimeClock update
INFO: Latency: 7,0000 s, Delta ratio: 1,0000, Drift: 1,000, Error reduction coefficient: 0,000, Error: 0,0000 s
abr 04, 2013 12:33:07 PM org.ros.time.RemoteUptimeClock update
INFO: Latency: 7,0000 s, Delta ratio: 1,0000, Drift: 1,000, Error reduction coefficient: 0,000, Error: 0,0000 s
abr 04, 2013 12:33:07 PM org.ros.time.RemoteUptimeClock update
INFO: Latency: 7,0000 s, Delta ratio: 1,0000, Drift: 1,000, Error reduction coefficient: 0,000, Error: 0,0000 s
abr 04, 2013 12:33:07 PM org.ros.time.RemoteUptimeClock update
INFO: Latency: 7,0000 s, Delta ratio: 1,0000, Drift: 1,000, Error reduction coefficient: 0,000, Error: 0,0000 s
abr 04, 2013 12:33:07 PM org.ros.time.RemoteUptimeClock update
INFO: Latency: 7,0000 s, Delta ratio: 1,0000, Drift: 1,000, Error reduction coefficient: 0,000, Error: 0,0000 s
abr 04, 2013 12:33:07 PM org.ros.time.RemoteUptimeClock update
INFO: Latency: 7,0000 s, Delta ratio: 1,0000, Drift: 1,000, Error reduction coefficient: 0,000, Error: 0,0000 s
abr 04, 2013 12:33:07 PM org.ros.time.RemoteUptimeClock update
INFO: Latency: 7,0000 s, Delta ratio: 1,0000, Drift: 1,000, Error reduction coefficient: 0,000, Error: 0,0000 s
abr 04, 2013 12:33:07 PM org.ros.time.RemoteUptimeClock update
INFO: Latency: 7,0000 s, Delta ratio: 1,0000, Drift: 1,000, Error reduction coefficient: 0,000, Error: 0,0000 s
abr 04, 2013 12:33:07 PM org.ros.time.RemoteUptimeClock update
INFO: Latency: 7,0000 s, Delta ratio: 1,0000, Drift: 1,000, Error reduction coefficient: 0,000, Error: 0,0000 s
abr 04, 2013 12:33:07 PM org.ros.time.RemoteUptimeClock update
INFO: Latency: 7,0000 s, Delta ratio: 1,0000, Drift: 1,000, Error reduction coefficient: 0,000, Error: 0,0000 s
abr 04, 2013 12:33:07 PM org.ros.time.RemoteUptimeClock update
INFO: Latency: 7,0000 s, Delta ratio: 1,0000, Drift: 1,000, Error reduction coefficient: 0,000, Error: 0,0000 s
abr 04, 2013 12:33:07 PM org.ros.time.RemoteUptimeClock update
INFO: Latency: 7,0000 s, Delta ratio: 1,0000, Drift: 1,000, Error reduction coefficient: 0,000, Error: 0,0000 s
abr 04, 2013 12:33:07 PM org.ros.time.RemoteUptimeClock update
INFO: Latency: 7,0000 s, Delta ratio: 1,0000, Drift: 1,000, Error reduction coefficient: 0,000, Error: 0,0000 s
abr 04, 2013 12:33:07 PM org.ros.time.RemoteUptimeClock update
INFO: Latency: 7,0000 s, Delta ratio: 1,0000, Drift: 1,000, Error reduction coefficient: 0,000, Error: 0,0000 s
abr 04, 2013 12:33:07 PM org.ros.time.RemoteUptimeClock update
INFO: Latency: 7,0000 s, Delta ratio: 1,0000, Drift: 1,000, Error reduction coefficient: 0,000, Error: 0,0000 s
abr 04, 2013 12:33:07 PM org.ros.time.RemoteUptimeClock update
INFO: Latency: 7,0000 s, Delta ratio: 1,0000, Drift: 1,000, Error reduction coefficient: 0,000, Error: 0,0000 s
abr 04, 2013 12:33:07 PM org.ros.time.RemoteUptimeClock update
INFO: Latency: 7,0000 s, Delta ratio: 1,0000, Drift: 1,000, Error reduction coefficient: 0,000, Error: 0,0000 s
abr 04, 2013 12:33:07 PM org.ros.time.RemoteUptimeClock update
INFO: Latency: 7,0000 s, Delta ratio: 1,0000, Drift: 1,000, Error reduction coefficient: 0,000, Error: 0,0000 s
abr 04, 2013 12:33:07 PM org.ros.time.RemoteUptimeClock update
INFO: Latency: 7,0000 s, Delta ratio: 1,0000, Drift: 1,000, Error reduction coefficient: 0,000, Error: 0,0000 s
abr 04, 2013 12:33:07 PM org.ros.time.RemoteUptimeClock update
INFO: Latency: 7,0000 s, Delta ratio: 1,0000, Drift: 1,000, Error reduction coefficient: 0,000, Error: 0,0000 s
abr 04, 2013 12:33:07 PM org.ros.time.RemoteUptimeClock update
INFO: Latency: 7,0000 s, Delta ratio: 1,0000, Drift: 1,000, Error reduction coefficient: 0,000, Error: 0,0000 s
abr 04, 2013 12:33:07 PM org.ros.time.RemoteUptimeClock update
INFO: Latency: 7,0000 s, Delta ratio: 1,0000, Drift: 1,000, Error reduction coefficient: 0,000, Error: 0,0000 s
abr 04, 2013 12:33:07 PM org.ros.time.RemoteUptimeClock update
INFO: Latency: 7,0000 s, Delta ratio: 1,0000, Drift: 1,000, Error reduction coefficient: 0,000, Error: 0,0000 s
abr 04, 2013 12:33:07 PM org.ros.time.RemoteUptimeClock update
INFO: Latency: 7,0000 s, Delta ratio: 1,0000, Drift: 1,000, Error reduction coefficient: 0,000, Error: 0,0000 s
abr 04, 2013 12:33:07 PM org.ros.time.RemoteUptimeClock update
INFO: Latency: 7,0000 s, Delta ratio: 1,0000, Drift: 1,000, Error reduction coefficient: 0,000, Error: 0,0000 s
abr 04, 2013 12:33:07 PM org.ros.time.RemoteUptimeClock update
INFO: Latency: 7,0000 s, Delta ratio: 1,0000, Drift: 1,000, Error reduction coefficient: 0,000, Error: 0,0000 s
abr 04, 2013 12:33:07 PM org.ros.time.RemoteUptimeClock update
INFO: Latency: 7,0000 s, Delta ratio: 1,0000, Drift: 1,000, Error reduction coefficient: 0,000, Error: 0,0000 s
abr 04, 2013 12:33:07 PM org.ros.time.RemoteUptimeClock update
INFO: Latency: 7,0000 s, Delta ratio: 1,0000, Drift: 1,000, Error reduction coefficient: 0,000, Error: 0,0000 s
abr 04, 2013 12:33:07 PM org.ros.time.RemoteUptimeClock update
INFO: Latency: 7,0000 s, Delta ratio: 1,0000, Drift: 1,000, Error reduction coefficient: 0,000, Error: 0,0000 s
abr 04, 2013 12:33:07 PM org.ros.time.RemoteUptimeClock update
INFO: Latency: 7,0000 s, Delta ratio: 1,0000, Drift: 1,000, Error reduction coefficient: 0,000, Error: 0,0000 s
abr 04, 2013 12:33:07 PM org.ros.time.RemoteUptimeClock update
INFO: Latency: 7,0000 s, Delta ratio: 1,0000, Drift: 1,000, Error reduction coefficient: 0,000, Error: 0,0000 s
abr 04, 2013 12:33:07 PM org.ros.time.RemoteUptimeClock update
INFO: Latency: 7,0000 s, Delta ratio: 1,0000, Drift: 1,000, Error reduction coefficient: 0,000, Error: 0,0000 s
abr 04, 2013 12:33:07 PM org.ros.time.RemoteUptimeClock update
INFO: Latency: 7,0000 s, Delta ratio: 1,0000, Drift: 1,000, Error reduction coefficient: 0,000, Error: 0,0000 s
abr 04, 2013 12:33:07 PM org.ros.time.RemoteUptimeClock update
INFO: Latency: 7,0000 s, Delta ratio: 1,0000, Drift: 1,000, Error reduction coefficient: 0,000, Error: 0,0000 s
abr 04, 2013 12:33:07 PM org.ros.time.RemoteUptimeClock update
INFO: Latency: 7,0000 s, Delta ratio: 1,0000, Drift: 1,000, Error reduction coefficient: 0,000, Error: 0,0000 s
abr 04, 2013 12:33:07 PM org.ros.time.RemoteUptimeClock update
INFO: Latency: 7,0000 s, Delta ratio: 1,0000, Drift: 1,000, Error reduction coefficient: 0,000, Error: 0,0000 s
abr 04, 2013 12:33:07 PM org.ros.time.RemoteUptimeClock update
INFO: Latency: 7,0000 s, Delta ratio: 1,0000, Drift: 1,000, Error reduction coefficient: 0,000, Error: 0,0000 s
abr 04, 2013 12:33:07 PM org.ros.time.RemoteUptimeClock update
INFO: Latency: 7,0000 s, Delta ratio: 1,0000, Drift: 1,000, Error reduction coefficient: 0,000, Error: 0,0000 s
abr 04, 2013 12:33:07 PM org.ros.time.RemoteUptimeClock update
INFO: Latency: 7,0000 s, Delta ratio: 1,0000, Drift: 1,000, Error reduction coefficient: 0,000, Error: 0,0000 s
abr 04, 2013 12:33:07 PM org.ros.time.RemoteUptimeClock update
INFO: Latency: 7,0000 s, Delta ratio: 1,0000, Drift: 1,000, Error reduction coefficient: 0,000, Error: 0,0000 s
abr 04, 2013 12:33:07 PM org.ros.time.RemoteUptimeClock update
INFO: Latency: 7,0000 s, Delta ratio: 1,0000, Drift: 1,000, Error reduction coefficient: 0,000, Error: 0,0000 s
abr 04, 2013 12:33:07 PM org.ros.time.RemoteUptimeClock update
INFO: Latency: 7,0000 s, Delta ratio: 1,0000, Drift: 1,000, Error reduction coefficient: 0,000, Error: 0,0000 s
abr 04, 2013 12:33:07 PM org.ros.time.RemoteUptimeClock update
INFO: Latency: 7,0000 s, Delta ratio: 1,0000, Drift: 1,000, Error reduction coefficient: 0,000, Error: 0,0000 s
abr 04, 2013 12:33:07 PM org.ros.time.RemoteUptimeClock update
INFO: Latency: 7,0000 s, Delta ratio: 1,0000, Drift: 1,000, Error reduction coefficient: 0,000, Error: 0,0000 s
abr 04, 2013 12:33:07 PM org.ros.time.RemoteUptimeClock update
INFO: Latency: 7,0000 s, Delta ratio: 1,0000, Drift: 1,000, Error reduction coefficient: 0,000, Error: 0,0000 s
abr 04, 2013 12:33:07 PM org.ros.time.RemoteUptimeClock update
INFO: Latency: 7,0000 s, Delta ratio: 1,0000, Drift: 1,000, Error reduction coefficient: 0,000, Error: 0,0000 s
abr 04, 2013 12:33:07 PM org.ros.time.RemoteUptimeClock update
INFO: Latency: 7,0000 s, Delta ratio: 1,0000, Drift: 1,000, Error reduction coefficient: 0,000, Error: 0,0000 s
abr 04, 2013 12:33:07 PM org.ros.time.RemoteUptimeClock update
INFO: Latency: 7,0000 s, Delta ratio: 1,0000, Drift: 1,000, Error reduction coefficient: 0,000, Error: 0,0000 s
abr 04, 2013 12:33:07 PM org.ros.time.RemoteUptimeClock update
INFO: Latency: 7,0000 s, Delta ratio: 1,0000, Drift: 1,000, Error reduction coefficient: 0,000, Error: 0,0000 s
abr 04, 2013 12:33:07 PM org.ros.time.RemoteUptimeClock update
INFO: Latency: 7,0000 s, Delta ratio: 1,0000, Drift: 1,000, Error reduction coefficient: 0,000, Error: 0,0000 s
abr 04, 2013 12:33:07 PM org.ros.time.RemoteUptimeClock update
INFO: Latency: 7,0000 s, Delta ratio: 1,0000, Drift: 1,000, Error reduction coefficient: 0,000, Error: 0,0000 s
abr 04, 2013 12:33:07 PM org.ros.time.RemoteUptimeClock update
INFO: Latency: 7,0000 s, Delta ratio: 1,0000, Drift: 1,000, Error reduction coefficient: 0,000, Error: 0,0000 s
abr 04, 2013 12:33:07 PM org.ros.time.RemoteUptimeClock update
INFO: Latency: 7,0000 s, Delta ratio: 1,0000, Drift: 1,000, Error reduction coefficient: 0,000, Error: 0,0000 s
abr 04, 2013 12:33:07 PM org.ros.time.RemoteUptimeClock update
INFO: Latency: 7,0000 s, Delta ratio: 1,0000, Drift: 1,000, Error reduction coefficient: 0,000, Error: 0,0000 s
abr 04, 2013 12:33:07 PM org.ros.time.RemoteUptimeClock update
INFO: Latency: 7,0000 s, Delta ratio: 1,0000, Drift: 1,000, Error reduction coefficient: 0,000, Error: 0,0000 s
abr 04, 2013 12:33:07 PM org.ros.time.RemoteUptimeClock update
INFO: Latency: 7,0000 s, Delta ratio: 1,0000, Drift: 1,000, Error reduction coefficient: 0,000, Error: 0,0000 s
abr 04, 2013 12:33:07 PM org.ros.time.RemoteUptimeClock update
INFO: Latency: 7,0000 s, Delta ratio: 1,0000, Drift: 1,000, Error reduction coefficient: 0,000, Error: 0,0000 s
abr 04, 2013 12:33:07 PM org.ros.time.RemoteUptimeClock update
INFO: Latency: 7,0000 s, Delta ratio: 1,0000, Drift: 1,000, Error reduction coefficient: 0,000, Error: 0,0000 s
abr 04, 2013 12:33:07 PM org.ros.time.RemoteUptimeClock update
INFO: Latency: 7,0000 s, Delta ratio: 1,0000, Drift: 1,000, Error reduction coefficient: 0,000, Error: 0,0000 s
abr 04, 2013 12:33:07 PM org.ros.time.RemoteUptimeClock update
INFO: Latency: 7,0000 s, Delta ratio: 1,0000, Drift: 1,000, Error reduction coefficient: 0,000, Error: 0,0000 s
abr 04, 2013 12:33:07 PM org.ros.time.RemoteUptimeClock update
INFO: Latency: 7,0000 s, Delta ratio: 1,0000, Drift: 1,000, Error reduction coefficient: 0,000, Error: 0,0000 s
abr 04, 2013 12:33:07 PM org.ros.time.RemoteUptimeClock update
INFO: Latency: 7,0000 s, Delta ratio: 1,0000, Drift: 1,000, Error reduction coefficient: 0,000, Error: 0,0000 s
abr 04, 2013 12:33:07 PM org.ros.time.RemoteUptimeClock update
INFO: Latency: 7,0000 s, Delta ratio: 1,0000, Drift: 1,000, Error reduction coefficient: 0,000, Error: 0,0000 s
abr 04, 2013 12:33:07 PM org.ros.time.RemoteUptimeClock update
INFO: Latency: 7,0000 s, Delta ratio: 1,0000, Drift: 1,000, Error reduction coefficient: 0,000, Error: 0,0000 s
abr 04, 2013 12:33:07 PM org.ros.time.RemoteUptimeClock update
INFO: Latency: 7,0000 s, Delta ratio: 1,0000, Drift: 1,000, Error reduction coefficient: 0,000, Error: 0,0000 s
abr 04, 2013 12:33:07 PM org.ros.time.RemoteUptimeClock update
INFO: Latency: 7,0000 s, Delta ratio: 1,0000, Drift: 1,000, Error reduction coefficient: 0,000, Error: 0,0000 s
abr 04, 2013 12:33:07 PM org.ros.time.RemoteUptimeClock update
INFO: Latency: 7,0000 s, Delta ratio: 1,0000, Drift: 1,000, Error reduction coefficient: 0,000, Error: 0,0000 s
abr 04, 2013 12:33:07 PM org.ros.time.RemoteUptimeClock update
INFO: Latency: 7,0000 s, Delta ratio: 1,0000, Drift: 1,000, Error reduction coefficient: 0,000, Error: 0,0000 s
abr 04, 2013 12:33:07 PM org.ros.time.RemoteUptimeClock update
INFO: Latency: 7,0000 s, Delta ratio: 1,0000, Drift: 1,000, Error reduction coefficient: 0,000, Error: 0,0000 s
abr 04, 2013 12:33:07 PM org.ros.time.RemoteUptimeClock update
INFO: Latency: 7,0000 s, Delta ratio: 1,0000, Drift: 1,000, Error reduction coefficient: 0,000, Error: 0,0000 s
abr 04, 2013 12:33:07 PM org.ros.time.RemoteUptimeClock update
INFO: Latency: 7,0000 s, Delta ratio: 1,0000, Drift: 1,000, Error reduction coefficient: 0,000, Error: 0,0000 s
abr 04, 2013 12:33:07 PM org.ros.time.RemoteUptimeClock update
INFO: Latency: 7,0000 s, Delta ratio: 1,0000, Drift: 1,000, Error reduction coefficient: 0,000, Error: 0,0000 s
abr 04, 2013 12:33:07 PM org.ros.time.RemoteUptimeClock update
INFO: Latency: 7,0000 s, Delta ratio: 1,0000, Drift: 1,000, Error reduction coefficient: 0,000, Error: 0,0000 s
abr 04, 2013 12:33:07 PM org.ros.time.RemoteUptimeClock update
INFO: Latency: 7,0000 s, Delta ratio: 1,0000, Drift: 1,000, Error reduction coefficient: 0,000, Error: 0,0000 s
abr 04, 2013 12:33:07 PM org.ros.time.RemoteUptimeClock update
INFO: Latency: 7,0000 s, Delta ratio: 1,0000, Drift: 1,000, Error reduction coefficient: 0,000, Error: 0,0000 s
abr 04, 2013 12:33:07 PM org.ros.time.RemoteUptimeClock update
INFO: Latency: 7,0000 s, Delta ratio: 1,0000, Drift: 1,000, Error reduction coefficient: 0,000, Error: 0,0000 s
abr 04, 2013 12:33:07 PM org.ros.time.RemoteUptimeClock update
INFO: Latency: 7,0000 s, Delta ratio: 1,0000, Drift: 1,000, Error reduction coefficient: 0,000, Error: 0,0000 s
abr 04, 2013 12:33:07 PM org.ros.time.RemoteUptimeClock update
INFO: Latency: 7,0000 s, Delta ratio: 1,0000, Drift: 1,000, Error reduction coefficient: 0,000, Error: 0,0000 s
abr 04, 2013 12:33:07 PM org.ros.time.RemoteUptimeClock update
INFO: Latency: 7,0000 s, Delta ratio: 1,0000, Drift: 1,000, Error reduction coefficient: 0,000, Error: 0,0000 s
abr 04, 2013 12:33:07 PM org.ros.time.RemoteUptimeClock update
INFO: Latency: 7,0000 s, Delta ratio: 1,0000, Drift: 1,000, Error reduction coefficient: 0,000, Error: 0,0000 s
abr 04, 2013 12:33:07 PM org.ros.time.RemoteUptimeClock update
INFO: Latency: 7,0000 s, Delta ratio: 1,0000, Drift: 1,000, Error reduction coefficient: 0,000, Error: 0,0000 s
abr 04, 2013 12:33:07 PM org.ros.time.RemoteUptimeClock update
INFO: Latency: 7,0000 s, Delta ratio: 1,0000, Drift: 1,000, Error reduction coefficient: 0,000, Error: 0,0000 s
abr 04, 2013 12:33:07 PM org.ros.time.RemoteUptimeClock update
INFO: Latency: 7,0000 s, Delta ratio: 1,0000, Drift: 1,000, Error reduction coefficient: 0,000, Error: 0,0000 s
abr 04, 2013 12:33:07 PM org.ros.time.RemoteUptimeClock update
INFO: Latency: 7,0000 s, Delta ratio: 1,0000, Drift: 1,000, Error reduction coefficient: 0,000, Error: 0,0000 s
abr 04, 2013 12:33:07 PM org.ros.time.RemoteUptimeClock update
INFO: Latency: 7,0000 s, Delta ratio: 1,0000, Drift: 1,000, Error reduction coefficient: 0,000, Error: 0,0000 s
abr 04, 2013 12:33:07 PM org.ros.time.RemoteUptimeClock update
INFO: Latency: 7,0000 s, Delta ratio: 1,0000, Drift: 1,000, Error reduction coefficient: 0,000, Error: 0,0000 s
abr 04, 2013 12:33:07 PM org.ros.time.RemoteUptimeClock update
INFO: Latency: 7,0000 s, Delta ratio: 1,0000, Drift: 1,000, Error reduction coefficient: 0,000, Error: 0,0000 s
abr 04, 2013 12:33:07 PM org.ros.time.RemoteUptimeClock update
INFO: Latency: 7,0000 s, Delta ratio: 1,0000, Drift: 1,000, Error reduction coefficient: 0,000, Error: 0,0000 s
abr 04, 2013 12:33:07 PM org.ros.time.RemoteUptimeClock update
INFO: Latency: 7,0000 s, Delta ratio: 1,0000, Drift: 1,000, Error reduction coefficient: 0,000, Error: 0,0000 s
abr 04, 2013 12:33:07 PM org.ros.time.RemoteUptimeClock update
INFO: Latency: 7,0000 s, Delta ratio: 1,0000, Drift: 1,000, Error reduction coefficient: 0,000, Error: 0,0000 s
abr 04, 2013 12:33:07 PM org.ros.time.RemoteUptimeClock update
INFO: Latency: 7,0000 s, Delta ratio: 1,0000, Drift: 1,000, Error reduction coefficient: 0,000, Error: 0,0000 s
abr 04, 2013 12:33:07 PM org.ros.time.RemoteUptimeClock update
INFO: Latency: 7,0000 s, Delta ratio: 1,0000, Drift: 1,000, Error reduction coefficient: 0,000, Error: 0,0000 s
abr 04, 2013 12:33:07 PM org.ros.time.RemoteUptimeClock update
INFO: Latency: 7,0000 s, Delta ratio: 1,0000, Drift: 1,000, Error reduction coefficient: 0,000, Error: 0,0000 s
abr 04, 2013 12:33:07 PM org.ros.time.RemoteUptimeClock update
INFO: Latency: 7,0000 s, Delta ratio: 1,0000, Drift: 1,000, Error reduction coefficient: 0,000, Error: 0,0000 s
abr 04, 2013 12:33:07 PM org.ros.time.RemoteUptimeClock update
INFO: Latency: 7,0000 s, Delta ratio: 1,0000, Drift: 1,000, Error reduction coefficient: 0,000, Error: 0,0000 s
abr 04, 2013 12:33:07 PM org.ros.time.RemoteUptimeClock update
INFO: Latency: 7,0000 s, Delta ratio: 1,0000, Drift: 1,000, Error reduction coefficient: 0,000, Error: 0,0000 s
abr 04, 2013 12:33:07 PM org.ros.time.RemoteUptimeClock update
INFO: Latency: 7,0000 s, Delta ratio: 1,0000, Drift: 1,000, Error reduction coefficient: 0,000, Error: 0,0000 s
abr 04, 2013 12:33:07 PM org.ros.time.RemoteUptimeClock update
INFO: Latency: 7,0000 s, Delta ratio: 1,0000, Drift: 1,000, Error reduction coefficient: 0,000, Error: 0,0000 s
abr 04, 2013 12:33:07 PM org.ros.time.RemoteUptimeClock update
INFO: Latency: 7,0000 s, Delta ratio: 1,0000, Drift: 1,000, Error reduction coefficient: 0,000, Error: 0,0000 s
abr 04, 2013 12:33:07 PM org.ros.time.RemoteUptimeClock update
INFO: Latency: 7,0000 s, Delta ratio: 1,0000, Drift: 1,000, Error reduction coefficient: 0,000, Error: 0,0000 s
abr 04, 2013 12:33:07 PM org.ros.time.RemoteUptimeClock update
INFO: Latency: 7,0000 s, Delta ratio: 1,0000, Drift: 1,000, Error reduction coefficient: 0,000, Error: 0,0000 s
abr 04, 2013 12:33:07 PM org.ros.time.RemoteUptimeClock update
INFO: Latency: 7,0000 s, Delta ratio: 1,0000, Drift: 1,000, Error reduction coefficient: 0,000, Error: 0,0000 s
abr 04, 2013 12:33:07 PM org.ros.time.RemoteUptimeClock update
INFO: Latency: 7,0000 s, Delta ratio: 1,0000, Drift: 1,000, Error reduction coefficient: 0,000, Error: 0,0000 s
abr 04, 2013 12:33:07 PM org.ros.time.RemoteUptimeClock update
INFO: Latency: 7,0000 s, Delta ratio: 1,0000, Drift: 1,000, Error reduction coefficient: 0,000, Error: 0,0000 s
abr 04, 2013 12:33:07 PM org.ros.time.RemoteUptimeClock update
INFO: Latency: 7,0000 s, Delta ratio: 1,0000, Drift: 1,000, Error reduction coefficient: 0,000, Error: 0,0000 s
abr 04, 2013 12:33:07 PM org.ros.time.RemoteUptimeClock update
INFO: Latency: 7,0000 s, Delta ratio: 1,0000, Drift: 1,000, Error reduction coefficient: 0,000, Error: 0,0000 s
abr 04, 2013 12:33:07 PM org.ros.time.RemoteUptimeClock update
INFO: Latency: 7,0000 s, Delta ratio: 1,0000, Drift: 1,000, Error reduction coefficient: 0,000, Error: 0,0000 s
abr 04, 2013 12:33:07 PM org.ros.time.RemoteUptimeClock update
INFO: Latency: 7,0000 s, Delta ratio: 1,0000, Drift: 1,000, Error reduction coefficient: 0,000, Error: 0,0000 s
abr 04, 2013 12:33:07 PM org.ros.time.RemoteUptimeClock update
INFO: Latency: 7,0000 s, Delta ratio: 1,0000, Drift: 1,000, Error reduction coefficient: 0,000, Error: 0,0000 s
abr 04, 2013 12:33:07 PM org.ros.time.RemoteUptimeClock update
INFO: Latency: 7,0000 s, Delta ratio: 1,0000, Drift: 1,000, Error reduction coefficient: 0,000, Error: 0,0000 s
abr 04, 2013 12:33:07 PM org.ros.time.RemoteUptimeClock update
INFO: Latency: 7,0000 s, Delta ratio: 1,0000, Drift: 1,000, Error reduction coefficient: 0,000, Error: 0,0000 s
abr 04, 2013 12:33:07 PM org.ros.time.RemoteUptimeClock update
INFO: Latency: 7,0000 s, Delta ratio: 1,0000, Drift: 1,000, Error reduction coefficient: 0,000, Error: 0,0000 s
abr 04, 2013 12:33:07 PM org.ros.time.RemoteUptimeClock update
INFO: Latency: 7,0000 s, Delta ratio: 1,0000, Drift: 1,000, Error reduction coefficient: 0,000, Error: 0,0000 s
abr 04, 2013 12:33:07 PM org.ros.time.RemoteUptimeClock update
INFO: Latency: 7,0000 s, Delta ratio: 1,0000, Drift: 1,000, Error reduction coefficient: 0,000, Error: 0,0000 s
abr 04, 2013 12:33:07 PM org.ros.time.RemoteUptimeClock update
INFO: Latency: 7,0000 s, Delta ratio: 1,0000, Drift: 1,000, Error reduction coefficient: 0,000, Error: 0,0000 s
abr 04, 2013 12:33:07 PM org.ros.time.RemoteUptimeClock update
INFO: Latency: 7,0000 s, Delta ratio: 1,0000, Drift: 1,000, Error reduction coefficient: 0,000, Error: 0,0000 s
abr 04, 2013 12:33:07 PM org.ros.time.RemoteUptimeClock update
INFO: Latency: 7,0000 s, Delta ratio: 1,0000, Drift: 1,000, Error reduction coefficient: 0,000, Error: 0,0000 s
abr 04, 2013 12:33:07 PM org.ros.time.RemoteUptimeClock update
INFO: Latency: 7,0000 s, Delta ratio: 1,0000, Drift: 1,000, Error reduction coefficient: 0,000, Error: 0,0000 s
abr 04, 2013 12:33:07 PM org.ros.time.RemoteUptimeClock update
INFO: Latency: 7,0000 s, Delta ratio: 1,0000, Drift: 1,000, Error reduction coefficient: 0,000, Error: 0,0000 s
abr 04, 2013 12:33:07 PM org.ros.time.RemoteUptimeClock update
INFO: Latency: 7,0000 s, Delta ratio: 1,0000, Drift: 1,000, Error reduction coefficient: 0,000, Error: 0,0000 s
abr 04, 2013 12:33:07 PM org.ros.time.RemoteUptimeClock update
INFO: Latency: 7,0000 s, Delta ratio: 1,0000, Drift: 1,000, Error reduction coefficient: 0,000, Error: 0,0000 s
abr 04, 2013 12:33:07 PM org.ros.time.RemoteUptimeClock update
INFO: Latency: 7,0000 s, Delta ratio: 1,0000, Drift: 1,000, Error reduction coefficient: 0,000, Error: 0,0000 s
abr 04, 2013 12:33:07 PM org.ros.time.RemoteUptimeClock update
INFO: Latency: 7,0000 s, Delta ratio: 1,0000, Drift: 1,000, Error reduction coefficient: 0,000, Error: 0,0000 s
abr 04, 2013 12:33:07 PM org.ros.time.RemoteUptimeClock update
INFO: Latency: 7,0000 s, Delta ratio: 1,0000, Drift: 1,000, Error reduction coefficient: 0,000, Error: 0,0000 s
abr 04, 2013 12:33:07 PM org.ros.time.RemoteUptimeClock update
INFO: Latency: 7,0000 s, Delta ratio: 1,0000, Drift: 1,000, Error reduction coefficient: 0,000, Error: 0,0000 s
abr 04, 2013 12:33:07 PM org.ros.time.RemoteUptimeClock update
INFO: Latency: 7,0000 s, Delta ratio: 1,0000, Drift: 1,000, Error reduction coefficient: 0,000, Error: 0,0000 s
abr 04, 2013 12:33:07 PM org.ros.time.RemoteUptimeClock update
INFO: Latency: 7,0000 s, Delta ratio: 1,0000, Drift: 1,000, Error reduction coefficient: 0,000, Error: 0,0000 s
abr 04, 2013 12:33:07 PM org.ros.time.RemoteUptimeClock update
INFO: Latency: 7,0000 s, Delta ratio: 1,0000, Drift: 1,000, Error reduction coefficient: 0,000, Error: 0,0000 s
abr 04, 2013 12:33:07 PM org.ros.time.RemoteUptimeClock update
INFO: Latency: 7,0000 s, Delta ratio: 1,0000, Drift: 1,000, Error reduction coefficient: 0,000, Error: 0,0000 s
abr 04, 2013 12:33:07 PM org.ros.time.RemoteUptimeClock update
INFO: Latency: 7,0000 s, Delta ratio: 1,0000, Drift: 1,000, Error reduction coefficient: 0,000, Error: 0,0000 s
abr 04, 2013 12:33:07 PM org.ros.time.RemoteUptimeClock update
INFO: Latency: 7,0000 s, Delta ratio: 1,0000, Drift: 1,000, Error reduction coefficient: 0,000, Error: 0,0000 s
abr 04, 2013 12:33:07 PM org.ros.time.RemoteUptimeClock update
INFO: Latency: 7,0000 s, Delta ratio: 1,0000, Drift: 1,000, Error reduction coefficient: 0,000, Error: 0,0000 s
abr 04, 2013 12:33:07 PM org.ros.time.RemoteUptimeClock update
INFO: Latency: 7,0000 s, Delta ratio: 1,0000, Drift: 1,000, Error reduction coefficient: 0,000, Error: 0,0000 s
abr 04, 2013 12:33:07 PM org.ros.time.RemoteUptimeClock update
INFO: Latency: 7,0000 s, Delta ratio: 1,0000, Drift: 1,000, Error reduction coefficient: 0,000, Error: 0,0000 s
abr 04, 2013 12:33:07 PM org.ros.time.RemoteUptimeClock update
INFO: Latency: 7,0000 s, Delta ratio: 1,0000, Drift: 1,000, Error reduction coefficient: 0,000, Error: 0,0000 s
abr 04, 2013 12:33:07 PM org.ros.time.RemoteUptimeClock update
INFO: Latency: 7,0000 s, Delta ratio: 1,0000, Drift: 1,000, Error reduction coefficient: 0,000, Error: 0,0000 s
abr 04, 2013 12:33:07 PM org.ros.time.RemoteUptimeClock update
INFO: Latency: 7,0000 s, Delta ratio: 1,0000, Drift: 1,000, Error reduction coefficient: 0,000, Error: 0,0000 s
abr 04, 2013 12:33:07 PM org.ros.time.RemoteUptimeClock update
INFO: Latency: 7,0000 s, Delta ratio: 1,0000, Drift: 1,000, Error reduction coefficient: 0,000, Error: 0,0000 s
abr 04, 2013 12:33:07 PM org.ros.time.RemoteUptimeClock update
INFO: Latency: 7,0000 s, Delta ratio: 1,0000, Drift: 1,000, Error reduction coefficient: 0,000, Error: 0,0000 s
abr 04, 2013 12:33:07 PM org.ros.time.RemoteUptimeClock update
INFO: Latency: 7,0000 s, Delta ratio: 1,0000, Drift: 1,000, Error reduction coefficient: 0,000, Error: 0,0000 s
abr 04, 2013 12:33:07 PM org.ros.time.RemoteUptimeClock update
INFO: Latency: 7,0000 s, Delta ratio: 1,0000, Drift: 1,000, Error reduction coefficient: 0,000, Error: 0,0000 s
abr 04, 2013 12:33:07 PM org.ros.time.RemoteUptimeClock update
INFO: Latency: 7,0000 s, Delta ratio: 1,0000, Drift: 1,000, Error reduction coefficient: 0,000, Error: 0,0000 s
abr 04, 2013 12:33:07 PM org.ros.time.RemoteUptimeClock update
INFO: Latency: 7,0000 s, Delta ratio: 1,0000, Drift: 1,000, Error reduction coefficient: 0,000, Error: 0,0000 s
abr 04, 2013 12:33:07 PM org.ros.time.RemoteUptimeClock update
INFO: Latency: 7,0000 s, Delta ratio: 1,0000, Drift: 1,000, Error reduction coefficient: 0,000, Error: 0,0000 s
abr 04, 2013 12:33:07 PM org.ros.time.RemoteUptimeClock update
INFO: Latency: 7,0000 s, Delta ratio: 1,0000, Drift: 1,000, Error reduction coefficient: 0,000, Error: 0,0000 s
abr 04, 2013 12:33:07 PM org.ros.time.RemoteUptimeClock update
INFO: Latency: 7,0000 s, Delta ratio: 1,0000, Drift: 1,000, Error reduction coefficient: 0,000, Error: 0,0000 s
abr 04, 2013 12:33:07 PM org.ros.time.RemoteUptimeClock update
INFO: Latency: 7,0000 s, Delta ratio: 1,0000, Drift: 1,000, Error reduction coefficient: 0,000, Error: 0,0000 s
abr 04, 2013 12:33:07 PM org.ros.time.RemoteUptimeClock update
INFO: Latency: 7,0000 s, Delta ratio: 1,0000, Drift: 1,000, Error reduction coefficient: 0,000, Error: 0,0000 s
abr 04, 2013 12:33:07 PM org.ros.time.RemoteUptimeClock update
INFO: Latency: 7,0000 s, Delta ratio: 1,0000, Drift: 1,000, Error reduction coefficient: 0,000, Error: 0,0000 s
abr 04, 2013 12:33:07 PM org.ros.time.RemoteUptimeClock update
INFO: Latency: 7,0000 s, Delta ratio: 1,0000, Drift: 1,000, Error reduction coefficient: 0,000, Error: 0,0000 s
abr 04, 2013 12:33:07 PM org.ros.time.RemoteUptimeClock update
INFO: Latency: 7,0000 s, Delta ratio: 1,0000, Drift: 1,000, Error reduction coefficient: 0,000, Error: 0,0000 s
abr 04, 2013 12:33:07 PM org.ros.time.RemoteUptimeClock update
INFO: Latency: 7,0000 s, Delta ratio: 1,0000, Drift: 1,000, Error reduction coefficient: 0,000, Error: 0,0000 s
abr 04, 2013 12:33:07 PM org.ros.time.RemoteUptimeClock update
INFO: Latency: 7,0000 s, Delta ratio: 1,0000, Drift: 1,000, Error reduction coefficient: 0,000, Error: 0,0000 s
abr 04, 2013 12:33:07 PM org.ros.time.RemoteUptimeClock update
INFO: Latency: 7,0000 s, Delta ratio: 1,0000, Drift: 1,000, Error reduction coefficient: 0,000, Error: 0,0000 s
abr 04, 2013 12:33:07 PM org.ros.time.RemoteUptimeClock update
INFO: Latency: 7,0000 s, Delta ratio: 1,0000, Drift: 1,000, Error reduction coefficient: 0,000, Error: 0,0000 s
abr 04, 2013 12:33:07 PM org.ros.time.RemoteUptimeClock update
INFO: Latency: 7,0000 s, Delta ratio: 1,0000, Drift: 1,000, Error reduction coefficient: 0,000, Error: 0,0000 s
abr 04, 2013 12:33:07 PM org.ros.time.RemoteUptimeClock update
INFO: Latency: 7,0000 s, Delta ratio: 1,0000, Drift: 1,000, Error reduction coefficient: 0,000, Error: 0,0000 s
abr 04, 2013 12:33:07 PM org.ros.time.RemoteUptimeClock update
INFO: Latency: 7,0000 s, Delta ratio: 1,0000, Drift: 1,000, Error reduction coefficient: 0,000, Error: 0,0000 s
abr 04, 2013 12:33:07 PM org.ros.time.RemoteUptimeClock update
INFO: Latency: 7,0000 s, Delta ratio: 1,0000, Drift: 1,000, Error reduction coefficient: 0,000, Error: 0,0000 s
abr 04, 2013 12:33:07 PM org.ros.time.RemoteUptimeClock update
INFO: Latency: 7,0000 s, Delta ratio: 1,0000, Drift: 1,000, Error reduction coefficient: 0,000, Error: 0,0000 s
abr 04, 2013 12:33:07 PM org.ros.time.RemoteUptimeClock update
INFO: Latency: 7,0000 s, Delta ratio: 1,0000, Drift: 1,000, Error reduction coefficient: 0,000, Error: 0,0000 s
abr 04, 2013 12:33:07 PM org.ros.time.RemoteUptimeClock update
INFO: Latency: 7,0000 s, Delta ratio: 1,0000, Drift: 1,000, Error reduction coefficient: 0,000, Error: 0,0000 s
abr 04, 2013 12:33:07 PM org.ros.time.RemoteUptimeClock update
INFO: Latency: 7,0000 s, Delta ratio: 1,0000, Drift: 1,000, Error reduction coefficient: 0,000, Error: 0,0000 s
abr 04, 2013 12:33:07 PM org.ros.time.RemoteUptimeClock update
INFO: Latency: 7,0000 s, Delta ratio: 1,0000, Drift: 1,000, Error reduction coefficient: 0,000, Error: 0,0000 s
abr 04, 2013 12:33:07 PM org.ros.time.RemoteUptimeClock update
INFO: Latency: 7,0000 s, Delta ratio: 1,0000, Drift: 1,000, Error reduction coefficient: 0,000, Error: 0,0000 s
abr 04, 2013 12:33:07 PM org.ros.time.RemoteUptimeClock update
INFO: Latency: 7,0000 s, Delta ratio: 1,0000, Drift: 1,000, Error reduction coefficient: 0,000, Error: 0,0000 s
abr 04, 2013 12:33:07 PM org.ros.time.RemoteUptimeClock update
INFO: Latency: 7,0000 s, Delta ratio: 1,0000, Drift: 1,000, Error reduction coefficient: 0,000, Error: 0,0000 s
abr 04, 2013 12:33:07 PM org.ros.time.RemoteUptimeClock update
INFO: Latency: 7,0000 s, Delta ratio: 1,0000, Drift: 1,000, Error reduction coefficient: 0,000, Error: 0,0000 s
abr 04, 2013 12:33:07 PM org.ros.time.RemoteUptimeClock update
INFO: Latency: 7,0000 s, Delta ratio: 1,0000, Drift: 1,000, Error reduction coefficient: 0,000, Error: 0,0000 s
abr 04, 2013 12:33:07 PM org.ros.time.RemoteUptimeClock update
INFO: Latency: 7,0000 s, Delta ratio: 1,0000, Drift: 1,000, Error reduction coefficient: 0,000, Error: 0,0000 s
abr 04, 2013 12:33:07 PM org.ros.time.RemoteUptimeClock update
INFO: Latency: 7,0000 s, Delta ratio: 1,0000, Drift: 1,000, Error reduction coefficient: 0,000, Error: 0,0000 s
abr 04, 2013 12:33:07 PM org.ros.time.RemoteUptimeClock update
INFO: Latency: 7,0000 s, Delta ratio: 1,0000, Drift: 1,000, Error reduction coefficient: 0,000, Error: 0,0000 s
abr 04, 2013 12:33:07 PM org.ros.time.RemoteUptimeClock update
INFO: Latency: 7,0000 s, Delta ratio: 1,0000, Drift: 1,000, Error reduction coefficient: 0,000, Error: 0,0000 s
abr 04, 2013 12:33:07 PM org.ros.time.RemoteUptimeClock update
INFO: Latency: 7,0000 s, Delta ratio: 1,0000, Drift: 1,000, Error reduction coefficient: 0,000, Error: 0,0000 s
abr 04, 2013 12:33:07 PM org.ros.time.RemoteUptimeClock update
INFO: Latency: 7,0000 s, Delta ratio: 1,0000, Drift: 1,000, Error reduction coefficient: 0,000, Error: 0,0000 s
abr 04, 2013 12:33:07 PM org.ros.time.RemoteUptimeClock update
INFO: Latency: 7,0000 s, Delta ratio: 1,0000, Drift: 1,000, Error reduction coefficient: 0,000, Error: 0,0000 s
abr 04, 2013 12:33:07 PM org.ros.time.RemoteUptimeClock update
INFO: Latency: 7,0000 s, Delta ratio: 1,0000, Drift: 1,000, Error reduction coefficient: 0,000, Error: 0,0000 s
abr 04, 2013 12:33:07 PM org.ros.time.RemoteUptimeClock update
INFO: Latency: 7,0000 s, Delta ratio: 1,0000, Drift: 1,000, Error reduction coefficient: 0,000, Error: 0,0000 s
abr 04, 2013 12:33:07 PM org.ros.time.RemoteUptimeClock update
INFO: Latency: 7,0000 s, Delta ratio: 1,0000, Drift: 1,000, Error reduction coefficient: 0,000, Error: 0,0000 s
abr 04, 2013 12:33:07 PM org.ros.time.RemoteUptimeClock update
INFO: Latency: 7,0000 s, Delta ratio: 1,0000, Drift: 1,000, Error reduction coefficient: 0,000, Error: 0,0000 s
abr 04, 2013 12:33:07 PM org.ros.time.RemoteUptimeClock update
INFO: Latency: 7,0000 s, Delta ratio: 1,0000, Drift: 1,000, Error reduction coefficient: 0,000, Error: 0,0000 s
abr 04, 2013 12:33:07 PM org.ros.time.RemoteUptimeClock update
INFO: Latency: 7,0000 s, Delta ratio: 1,0000, Drift: 1,000, Error reduction coefficient: 0,000, Error: 0,0000 s
abr 04, 2013 12:33:07 PM org.ros.time.RemoteUptimeClock update
INFO: Latency: 7,0000 s, Delta ratio: 1,0000, Drift: 1,000, Error reduction coefficient: 0,000, Error: 0,0000 s
abr 04, 2013 12:33:07 PM org.ros.time.RemoteUptimeClock update
INFO: Latency: 7,0000 s, Delta ratio: 1,0000, Drift: 1,000, Error reduction coefficient: 0,000, Error: 0,0000 s
abr 04, 2013 12:33:07 PM org.ros.time.RemoteUptimeClock update
INFO: Latency: 7,0000 s, Delta ratio: 1,0000, Drift: 1,000, Error reduction coefficient: 0,000, Error: 0,0000 s
abr 04, 2013 12:33:07 PM org.ros.time.RemoteUptimeClock update
INFO: Latency: 7,0000 s, Delta ratio: 1,0000, Drift: 1,000, Error reduction coefficient: 0,000, Error: 0,0000 s
abr 04, 2013 12:33:07 PM org.ros.time.RemoteUptimeClock update
INFO: Latency: 7,0000 s, Delta ratio: 1,0000, Drift: 1,000, Error reduction coefficient: 0,000, Error: 0,0000 s
abr 04, 2013 12:33:07 PM org.ros.time.RemoteUptimeClock update
INFO: Latency: 7,0000 s, Delta ratio: 1,0000, Drift: 1,000, Error reduction coefficient: 0,000, Error: 0,0000 s
abr 04, 2013 12:33:07 PM org.ros.time.RemoteUptimeClock update
INFO: Latency: 7,0000 s, Delta ratio: 1,0000, Drift: 1,000, Error reduction coefficient: 0,000, Error: 0,0000 s
abr 04, 2013 12:33:07 PM org.ros.time.RemoteUptimeClock update
INFO: Latency: 7,0000 s, Delta ratio: 1,0000, Drift: 1,000, Error reduction coefficient: 0,000, Error: 0,0000 s
abr 04, 2013 12:33:07 PM org.ros.time.RemoteUptimeClock update
INFO: Latency: 7,0000 s, Delta ratio: 1,0000, Drift: 1,000, Error reduction coefficient: 0,000, Error: 0,0000 s
abr 04, 2013 12:33:07 PM org.ros.time.RemoteUptimeClock update
INFO: Latency: 7,0000 s, Delta ratio: 1,0000, Drift: 1,000, Error reduction coefficient: 0,000, Error: 0,0000 s
abr 04, 2013 12:33:07 PM org.ros.time.RemoteUptimeClock update
INFO: Latency: 7,0000 s, Delta ratio: 1,0000, Drift: 1,000, Error reduction coefficient: 0,000, Error: 0,0000 s
abr 04, 2013 12:33:07 PM org.ros.time.RemoteUptimeClock update
INFO: Latency: 7,0000 s, Delta ratio: 1,0000, Drift: 1,000, Error reduction coefficient: 0,000, Error: 0,0000 s
abr 04, 2013 12:33:07 PM org.ros.time.RemoteUptimeClock update
INFO: Latency: 7,0000 s, Delta ratio: 1,0000, Drift: 1,000, Error reduction coefficient: 0,000, Error: 0,0000 s
abr 04, 2013 12:33:07 PM org.ros.time.RemoteUptimeClock update
INFO: Latency: 7,0000 s, Delta ratio: 1,0000, Drift: 1,000, Error reduction coefficient: 0,000, Error: 0,0000 s
abr 04, 2013 12:33:07 PM org.ros.time.RemoteUptimeClock update
INFO: Latency: 7,0000 s, Delta ratio: 1,0000, Drift: 1,000, Error reduction coefficient: 0,000, Error: 0,0000 s
abr 04, 2013 12:33:07 PM org.ros.time.RemoteUptimeClock update
INFO: Latency: 7,0000 s, Delta ratio: 1,0000, Drift: 1,000, Error reduction coefficient: 0,000, Error: 0,0000 s
abr 04, 2013 12:33:07 PM org.ros.time.RemoteUptimeClock update
INFO: Latency: 7,0000 s, Delta ratio: 1,0000, Drift: 1,000, Error reduction coefficient: 0,000, Error: 0,0000 s
abr 04, 2013 12:33:07 PM org.ros.time.RemoteUptimeClock update
INFO: Latency: 7,0000 s, Delta ratio: 1,0000, Drift: 1,000, Error reduction coefficient: 0,000, Error: 0,0000 s
abr 04, 2013 12:33:07 PM org.ros.time.RemoteUptimeClock update
INFO: Latency: 7,0000 s, Delta ratio: 1,0000, Drift: 1,000, Error reduction coefficient: 0,000, Error: 0,0000 s
abr 04, 2013 12:33:07 PM org.ros.time.RemoteUptimeClock update
INFO: Latency: 7,0000 s, Delta ratio: 1,0000, Drift: 1,000, Error reduction coefficient: 0,000, Error: 0,0000 s
abr 04, 2013 12:33:07 PM org.ros.time.RemoteUptimeClock update
INFO: Latency: 7,0000 s, Delta ratio: 1,0000, Drift: 1,000, Error reduction coefficient: 0,000, Error: 0,0000 s
abr 04, 2013 12:33:07 PM org.ros.time.RemoteUptimeClock update
INFO: Latency: 7,0000 s, Delta ratio: 1,0000, Drift: 1,000, Error reduction coefficient: 0,000, Error: 0,0000 s
abr 04, 2013 12:33:07 PM org.ros.time.RemoteUptimeClock update
INFO: Latency: 7,0000 s, Delta ratio: 1,0000, Drift: 1,000, Error reduction coefficient: 0,000, Error: 0,0000 s
abr 04, 2013 12:33:07 PM org.ros.time.RemoteUptimeClock update
INFO: Latency: 7,0000 s, Delta ratio: 1,0000, Drift: 1,000, Error reduction coefficient: 0,000, Error: 0,0000 s
abr 04, 2013 12:33:07 PM org.ros.time.RemoteUptimeClock update
INFO: Latency: 7,0000 s, Delta ratio: 1,0000, Drift: 1,000, Error reduction coefficient: 0,000, Error: 0,0000 s
abr 04, 2013 12:33:07 PM org.ros.time.RemoteUptimeClock update
INFO: Latency: 7,0000 s, Delta ratio: 1,0000, Drift: 1,000, Error reduction coefficient: 0,000, Error: 0,0000 s
abr 04, 2013 12:33:07 PM org.ros.time.RemoteUptimeClock update
INFO: Latency: 7,0000 s, Delta ratio: 1,0000, Drift: 1,000, Error reduction coefficient: 0,000, Error: 0,0000 s
abr 04, 2013 12:33:07 PM org.ros.time.RemoteUptimeClock update
INFO: Latency: 7,0000 s, Delta ratio: 1,0000, Drift: 1,000, Error reduction coefficient: 0,000, Error: 0,0000 s
abr 04, 2013 12:33:07 PM org.ros.time.RemoteUptimeClock update
INFO: Latency: 7,0000 s, Delta ratio: 1,0000, Drift: 1,000, Error reduction coefficient: 0,000, Error: 0,0000 s
abr 04, 2013 12:33:07 PM org.ros.time.RemoteUptimeClock update
INFO: Latency: 7,0000 s, Delta ratio: 1,0000, Drift: 1,000, Error reduction coefficient: 0,000, Error: 0,0000 s
abr 04, 2013 12:33:07 PM org.ros.time.RemoteUptimeClock update
INFO: Latency: 7,0000 s, Delta ratio: 1,0000, Drift: 1,000, Error reduction coefficient: 0,000, Error: 0,0000 s
abr 04, 2013 12:33:07 PM org.ros.time.RemoteUptimeClock update
INFO: Latency: 7,0000 s, Delta ratio: 1,0000, Drift: 1,000, Error reduction coefficient: 0,000, Error: 0,0000 s
abr 04, 2013 12:33:07 PM org.ros.time.RemoteUptimeClock update
INFO: Latency: 7,0000 s, Delta ratio: 1,0000, Drift: 1,000, Error reduction coefficient: 0,000, Error: 0,0000 s
abr 04, 2013 12:33:07 PM org.ros.time.RemoteUptimeClock update
INFO: Latency: 7,0000 s, Delta ratio: 1,0000, Drift: 1,000, Error reduction coefficient: 0,000, Error: 0,0000 s
abr 04, 2013 12:33:07 PM org.ros.time.RemoteUptimeClock update
INFO: Latency: 7,0000 s, Delta ratio: 1,0000, Drift: 1,000, Error reduction coefficient: 0,000, Error: 0,0000 s
abr 04, 2013 12:33:07 PM org.ros.time.RemoteUptimeClock update
INFO: Latency: 7,0000 s, Delta ratio: 1,0000, Drift: 1,000, Error reduction coefficient: 0,000, Error: 0,0000 s
abr 04, 2013 12:33:07 PM org.ros.time.RemoteUptimeClock update
INFO: Latency: 7,0000 s, Delta ratio: 1,0000, Drift: 1,000, Error reduction coefficient: 0,000, Error: 0,0000 s
abr 04, 2013 12:33:07 PM org.ros.time.RemoteUptimeClock update
INFO: Latency: 7,0000 s, Delta ratio: 1,0000, Drift: 1,000, Error reduction coefficient: 0,000, Error: 0,0000 s
abr 04, 2013 12:33:07 PM org.ros.time.RemoteUptimeClock update
INFO: Latency: 7,0000 s, Delta ratio: 1,0000, Drift: 1,000, Error reduction coefficient: 0,000, Error: 0,0000 s
abr 04, 2013 12:33:07 PM org.ros.time.RemoteUptimeClock update
INFO: Latency: 7,0000 s, Delta ratio: 1,0000, Drift: 1,000, Error reduction coefficient: 0,000, Error: 0,0000 s
abr 04, 2013 12:33:07 PM org.ros.time.RemoteUptimeClock update
INFO: Latency: 7,0000 s, Delta ratio: 1,0000, Drift: 1,000, Error reduction coefficient: 0,000, Error: 0,0000 s
abr 04, 2013 12:33:07 PM org.ros.time.RemoteUptimeClock update
INFO: Latency: 7,0000 s, Delta ratio: 1,0000, Drift: 1,000, Error reduction coefficient: 0,000, Error: 0,0000 s
abr 04, 2013 12:33:07 PM org.ros.time.RemoteUptimeClock update
INFO: Latency: 7,0000 s, Delta ratio: 1,0000, Drift: 1,000, Error reduction coefficient: 0,000, Error: 0,0000 s
abr 04, 2013 12:33:07 PM org.ros.time.RemoteUptimeClock update
INFO: Latency: 7,0000 s, Delta ratio: 1,0000, Drift: 1,000, Error reduction coefficient: 0,000, Error: 0,0000 s
abr 04, 2013 12:33:07 PM org.ros.time.RemoteUptimeClock update
INFO: Latency: 7,0000 s, Delta ratio: 1,0000, Drift: 1,000, Error reduction coefficient: 0,000, Error: 0,0000 s
abr 04, 2013 12:33:07 PM org.ros.time.RemoteUptimeClock update
INFO: Latency: 7,0000 s, Delta ratio: 1,0000, Drift: 1,000, Error reduction coefficient: 0,000, Error: 0,0000 s
abr 04, 2013 12:33:07 PM org.ros.time.RemoteUptimeClock update
INFO: Latency: 7,0000 s, Delta ratio: 1,0000, Drift: 1,000, Error reduction coefficient: 0,000, Error: 0,0000 s
abr 04, 2013 12:33:07 PM org.ros.time.RemoteUptimeClock update
INFO: Latency: 7,0000 s, Delta ratio: 1,0000, Drift: 1,000, Error reduction coefficient: 0,000, Error: 0,0000 s
abr 04, 2013 12:33:07 PM org.ros.time.RemoteUptimeClock update
INFO: Latency: 7,0000 s, Delta ratio: 1,0000, Drift: 1,000, Error reduction coefficient: 0,000, Error: 0,0000 s
abr 04, 2013 12:33:07 PM org.ros.time.RemoteUptimeClock update
INFO: Latency: 7,0000 s, Delta ratio: 1,0000, Drift: 1,000, Error reduction coefficient: 0,000, Error: 0,0000 s
abr 04, 2013 12:33:07 PM org.ros.time.RemoteUptimeClock update
INFO: Latency: 7,0000 s, Delta ratio: 1,0000, Drift: 1,000, Error reduction coefficient: 0,000, Error: 0,0000 s
abr 04, 2013 12:33:07 PM org.ros.time.RemoteUptimeClock update
INFO: Latency: 7,0000 s, Delta ratio: 1,0000, Drift: 1,000, Error reduction coefficient: 0,000, Error: 0,0000 s
abr 04, 2013 12:33:07 PM org.ros.time.RemoteUptimeClock update
INFO: Latency: 7,0000 s, Delta ratio: 1,0000, Drift: 1,000, Error reduction coefficient: 0,000, Error: 0,0000 s
abr 04, 2013 12:33:07 PM org.ros.time.RemoteUptimeClock update
INFO: Latency: 7,0000 s, Delta ratio: 1,0000, Drift: 1,000, Error reduction coefficient: 0,000, Error: 0,0000 s
abr 04, 2013 12:33:07 PM org.ros.time.RemoteUptimeClock update
INFO: Latency: 7,0000 s, Delta ratio: 1,0000, Drift: 1,000, Error reduction coefficient: 0,000, Error: 0,0000 s
abr 04, 2013 12:33:07 PM org.ros.time.RemoteUptimeClock update
INFO: Latency: 7,0000 s, Delta ratio: 1,0000, Drift: 1,000, Error reduction coefficient: 0,000, Error: 0,0000 s
abr 04, 2013 12:33:07 PM org.ros.time.RemoteUptimeClock update
INFO: Latency: 7,0000 s, Delta ratio: 1,0000, Drift: 1,000, Error reduction coefficient: 0,000, Error: 0,0000 s
abr 04, 2013 12:33:07 PM org.ros.time.RemoteUptimeClock update
INFO: Latency: 7,0000 s, Delta ratio: 1,0000, Drift: 1,000, Error reduction coefficient: 0,000, Error: 0,0000 s
abr 04, 2013 12:33:07 PM org.ros.time.RemoteUptimeClock update
INFO: Latency: 7,0000 s, Delta ratio: 1,0000, Drift: 1,000, Error reduction coefficient: 0,000, Error: 0,0000 s
abr 04, 2013 12:33:07 PM org.ros.time.RemoteUptimeClock update
INFO: Latency: 7,0000 s, Delta ratio: 1,0000, Drift: 1,000, Error reduction coefficient: 0,000, Error: 0,0000 s
abr 04, 2013 12:33:07 PM org.ros.time.RemoteUptimeClock update
INFO: Latency: 7,0000 s, Delta ratio: 1,0000, Drift: 1,000, Error reduction coefficient: 0,000, Error: 0,0000 s
abr 04, 2013 12:33:07 PM org.ros.time.RemoteUptimeClock update
INFO: Latency: 7,0000 s, Delta ratio: 1,0000, Drift: 1,000, Error reduction coefficient: 0,000, Error: 0,0000 s
abr 04, 2013 12:33:07 PM org.ros.time.RemoteUptimeClock update
INFO: Latency: 7,0000 s, Delta ratio: 1,0000, Drift: 1,000, Error reduction coefficient: 0,000, Error: 0,0000 s
abr 04, 2013 12:33:07 PM org.ros.time.RemoteUptimeClock update
INFO: Latency: 7,0000 s, Delta ratio: 1,0000, Drift: 1,000, Error reduction coefficient: 0,000, Error: 0,0000 s
abr 04, 2013 12:33:07 PM org.ros.time.RemoteUptimeClock update
INFO: Latency: 7,0000 s, Delta ratio: 1,0000, Drift: 1,000, Error reduction coefficient: 0,000, Error: 0,0000 s
abr 04, 2013 12:33:07 PM org.ros.time.RemoteUptimeClock update
INFO: Latency: 7,0000 s, Delta ratio: 1,0000, Drift: 1,000, Error reduction coefficient: 0,000, Error: 0,0000 s
abr 04, 2013 12:33:07 PM org.ros.time.RemoteUptimeClock update
INFO: Latency: 7,0000 s, Delta ratio: 1,0000, Drift: 1,000, Error reduction coefficient: 0,000, Error: 0,0000 s
abr 04, 2013 12:33:07 PM org.ros.time.RemoteUptimeClock update
INFO: Latency: 7,0000 s, Delta ratio: 1,0000, Drift: 1,000, Error reduction coefficient: 0,000, Error: 0,0000 s
abr 04, 2013 12:33:07 PM org.ros.time.RemoteUptimeClock update
INFO: Latency: 7,0000 s, Delta ratio: 1,0000, Drift: 1,000, Error reduction coefficient: 0,000, Error: 0,0000 s
abr 04, 2013 12:33:07 PM org.ros.time.RemoteUptimeClock update
INFO: Latency: 7,0000 s, Delta ratio: 1,0000, Drift: 1,000, Error reduction coefficient: 0,000, Error: 0,0000 s
abr 04, 2013 12:33:07 PM org.ros.time.RemoteUptimeClock update
INFO: Latency: 7,0000 s, Delta ratio: 1,0000, Drift: 1,000, Error reduction coefficient: 0,000, Error: 0,0000 s
abr 04, 2013 12:33:07 PM org.ros.time.RemoteUptimeClock update
INFO: Latency: 7,0000 s, Delta ratio: 1,0000, Drift: 1,000, Error reduction coefficient: 0,000, Error: 0,0000 s
abr 04, 2013 12:33:07 PM org.ros.time.RemoteUptimeClock update
INFO: Latency: 7,0000 s, Delta ratio: 1,0000, Drift: 1,000, Error reduction coefficient: 0,000, Error: 0,0000 s
abr 04, 2013 12:33:07 PM org.ros.time.RemoteUptimeClock update
INFO: Latency: 7,0000 s, Delta ratio: 1,0000, Drift: 1,000, Error reduction coefficient: 0,000, Error: 0,0000 s
abr 04, 2013 12:33:07 PM org.ros.time.RemoteUptimeClock update
INFO: Latency: 7,0000 s, Delta ratio: 1,0000, Drift: 1,000, Error reduction coefficient: 0,000, Error: 0,0000 s
abr 04, 2013 12:33:07 PM org.ros.time.RemoteUptimeClock update
INFO: Latency: 7,0000 s, Delta ratio: 1,0000, Drift: 1,000, Error reduction coefficient: 0,000, Error: 0,0000 s
abr 04, 2013 12:33:07 PM org.ros.time.RemoteUptimeClock update
INFO: Latency: 7,0000 s, Delta ratio: 1,0000, Drift: 1,000, Error reduction coefficient: 0,000, Error: 0,0000 s
abr 04, 2013 12:33:07 PM org.ros.time.RemoteUptimeClock update
INFO: Latency: 7,0000 s, Delta ratio: 1,0000, Drift: 1,000, Error reduction coefficient: 0,000, Error: 0,0000 s
abr 04, 2013 12:33:07 PM org.ros.time.RemoteUptimeClock update
INFO: Latency: 7,0000 s, Delta ratio: 1,0000, Drift: 1,000, Error reduction coefficient: 0,000, Error: 0,0000 s
abr 04, 2013 12:33:07 PM org.ros.time.RemoteUptimeClock update
INFO: Latency: 7,0000 s, Delta ratio: 1,0000, Drift: 1,000, Error reduction coefficient: 0,000, Error: 0,0000 s
abr 04, 2013 12:33:07 PM org.ros.time.RemoteUptimeClock update
INFO: Latency: 7,0000 s, Delta ratio: 1,0000, Drift: 1,000, Error reduction coefficient: 0,000, Error: 0,0000 s
abr 04, 2013 12:33:07 PM org.ros.time.RemoteUptimeClock update
INFO: Latency: 7,0000 s, Delta ratio: 1,0000, Drift: 1,000, Error reduction coefficient: 0,000, Error: 0,0000 s
abr 04, 2013 12:33:07 PM org.ros.time.RemoteUptimeClock update
INFO: Latency: 7,0000 s, Delta ratio: 1,0000, Drift: 1,000, Error reduction coefficient: 0,000, Error: 0,0000 s
abr 04, 2013 12:33:07 PM org.ros.time.RemoteUptimeClock update
INFO: Latency: 7,0000 s, Delta ratio: 1,0000, Drift: 1,000, Error reduction coefficient: 0,000, Error: 0,0000 s
abr 04, 2013 12:33:07 PM org.ros.time.RemoteUptimeClock update
INFO: Latency: 7,0000 s, Delta ratio: 1,0000, Drift: 1,000, Error reduction coefficient: 0,000, Error: 0,0000 s
abr 04, 2013 12:33:07 PM org.ros.time.RemoteUptimeClock update
INFO: Latency: 7,0000 s, Delta ratio: 1,0000, Drift: 1,000, Error reduction coefficient: 0,000, Error: 0,0000 s
abr 04, 2013 12:33:07 PM org.ros.time.RemoteUptimeClock update
INFO: Latency: 7,0000 s, Delta ratio: 1,0000, Drift: 1,000, Error reduction coefficient: 0,000, Error: 0,0000 s
abr 04, 2013 12:33:07 PM org.ros.time.RemoteUptimeClock update
INFO: Latency: 7,0000 s, Delta ratio: 1,0000, Drift: 1,000, Error reduction coefficient: 0,000, Error: 0,0000 s
abr 04, 2013 12:33:07 PM org.ros.time.RemoteUptimeClock update
INFO: Latency: 7,0000 s, Delta ratio: 1,0000, Drift: 1,000, Error reduction coefficient: 0,000, Error: 0,0000 s
abr 04, 2013 12:33:07 PM org.ros.time.RemoteUptimeClock update
INFO: Latency: 7,0000 s, Delta ratio: 1,0000, Drift: 1,000, Error reduction coefficient: 0,000, Error: 0,0000 s
abr 04, 2013 12:33:07 PM org.ros.time.RemoteUptimeClock update
INFO: Latency: 7,0000 s, Delta ratio: 1,0000, Drift: 1,000, Error reduction coefficient: 0,000, Error: 0,0000 s
abr 04, 2013 12:33:07 PM org.ros.time.RemoteUptimeClock update
INFO: Latency: 7,0000 s, Delta ratio: 1,0000, Drift: 1,000, Error reduction coefficient: 0,000, Error: 0,0000 s
abr 04, 2013 12:33:07 PM org.ros.time.RemoteUptimeClock update
INFO: Latency: 7,0000 s, Delta ratio: 1,0000, Drift: 1,000, Error reduction coefficient: 0,000, Error: 0,0000 s
abr 04, 2013 12:33:07 PM org.ros.time.RemoteUptimeClock update
INFO: Latency: 7,0000 s, Delta ratio: 1,0000, Drift: 1,000, Error reduction coefficient: 0,000, Error: 0,0000 s
abr 04, 2013 12:33:07 PM org.ros.time.RemoteUptimeClock update
INFO: Latency: 7,0000 s, Delta ratio: 1,0000, Drift: 1,000, Error reduction coefficient: 0,000, Error: 0,0000 s
abr 04, 2013 12:33:07 PM org.ros.time.RemoteUptimeClock update
INFO: Latency: 7,0000 s, Delta ratio: 1,0000, Drift: 1,000, Error reduction coefficient: 0,000, Error: 0,0000 s
abr 04, 2013 12:33:07 PM org.ros.time.RemoteUptimeClock update
INFO: Latency: 7,0000 s, Delta ratio: 1,0000, Drift: 1,000, Error reduction coefficient: 0,000, Error: 0,0000 s
abr 04, 2013 12:33:07 PM org.ros.time.RemoteUptimeClock update
INFO: Latency: 7,0000 s, Delta ratio: 1,0000, Drift: 1,000, Error reduction coefficient: 0,000, Error: 0,0000 s
abr 04, 2013 12:33:07 PM org.ros.time.RemoteUptimeClock update
INFO: Latency: 7,0000 s, Delta ratio: 1,0000, Drift: 1,000, Error reduction coefficient: 0,000, Error: 0,0000 s
abr 04, 2013 12:33:07 PM org.ros.time.RemoteUptimeClock update
INFO: Latency: 7,0000 s, Delta ratio: 1,0000, Drift: 1,000, Error reduction coefficient: 0,000, Error: 0,0000 s
abr 04, 2013 12:33:07 PM org.ros.time.RemoteUptimeClock update
INFO: Latency: 7,0000 s, Delta ratio: 1,0000, Drift: 1,000, Error reduction coefficient: 0,000, Error: 0,0000 s
abr 04, 2013 12:33:07 PM org.ros.time.RemoteUptimeClock update
INFO: Latency: 7,0000 s, Delta ratio: 1,0000, Drift: 1,000, Error reduction coefficient: 0,000, Error: 0,0000 s
abr 04, 2013 12:33:07 PM org.ros.time.RemoteUptimeClock update
INFO: Latency: 7,0000 s, Delta ratio: 1,0000, Drift: 1,000, Error reduction coefficient: 0,000, Error: 0,0000 s
abr 04, 2013 12:33:07 PM org.ros.time.RemoteUptimeClock update
INFO: Latency: 7,0000 s, Delta ratio: 1,0000, Drift: 1,000, Error reduction coefficient: 0,000, Error: 0,0000 s
abr 04, 2013 12:33:07 PM org.ros.time.RemoteUptimeClock update
INFO: Latency: 7,0000 s, Delta ratio: 1,0000, Drift: 1,000, Error reduction coefficient: 0,000, Error: 0,0000 s
abr 04, 2013 12:33:07 PM org.ros.time.RemoteUptimeClock update
INFO: Latency: 7,0000 s, Delta ratio: 1,0000, Drift: 1,000, Error reduction coefficient: 0,000, Error: 0,0000 s
abr 04, 2013 12:33:07 PM org.ros.time.RemoteUptimeClock update
INFO: Latency: 7,0000 s, Delta ratio: 1,0000, Drift: 1,000, Error reduction coefficient: 0,000, Error: 0,0000 s
abr 04, 2013 12:33:07 PM org.ros.time.RemoteUptimeClock update
INFO: Latency: 7,0000 s, Delta ratio: 1,0000, Drift: 1,000, Error reduction coefficient: 0,000, Error: 0,0000 s
abr 04, 2013 12:33:07 PM org.ros.time.RemoteUptimeClock update
INFO: Latency: 7,0000 s, Delta ratio: 1,0000, Drift: 1,000, Error reduction coefficient: 0,000, Error: 0,0000 s
abr 04, 2013 12:33:07 PM org.ros.time.RemoteUptimeClock update
INFO: Latency: 7,0000 s, Delta ratio: 1,0000, Drift: 1,000, Error reduction coefficient: 0,000, Error: 0,0000 s
abr 04, 2013 12:33:07 PM org.ros.time.RemoteUptimeClock update
INFO: Latency: 7,0000 s, Delta ratio: 1,0000, Drift: 1,000, Error reduction coefficient: 0,000, Error: 0,0000 s
abr 04, 2013 12:33:07 PM org.ros.time.RemoteUptimeClock update
INFO: Latency: 7,0000 s, Delta ratio: 1,0000, Drift: 1,000, Error reduction coefficient: 0,000, Error: 0,0000 s
abr 04, 2013 12:33:07 PM org.ros.time.RemoteUptimeClock update
INFO: Latency: 7,0000 s, Delta ratio: 1,0000, Drift: 1,000, Error reduction coefficient: 0,000, Error: 0,0000 s
abr 04, 2013 12:33:07 PM org.ros.time.RemoteUptimeClock update
INFO: Latency: 7,0000 s, Delta ratio: 1,0000, Drift: 1,000, Error reduction coefficient: 0,000, Error: 0,0000 s
abr 04, 2013 12:33:07 PM org.ros.time.RemoteUptimeClock update
INFO: Latency: 7,0000 s, Delta ratio: 1,0000, Drift: 1,000, Error reduction coefficient: 0,000, Error: 0,0000 s
abr 04, 2013 12:33:07 PM org.ros.time.RemoteUptimeClock update
INFO: Latency: 7,0000 s, Delta ratio: 1,0000, Drift: 1,000, Error reduction coefficient: 0,000, Error: 0,0000 s
abr 04, 2013 12:33:07 PM org.ros.time.RemoteUptimeClock update
INFO: Latency: 7,0000 s, Delta ratio: 1,0000, Drift: 1,000, Error reduction coefficient: 0,000, Error: 0,0000 s
abr 04, 2013 12:33:07 PM org.ros.time.RemoteUptimeClock update
INFO: Latency: 7,0000 s, Delta ratio: 1,0000, Drift: 1,000, Error reduction coefficient: 0,000, Error: 0,0000 s
abr 04, 2013 12:33:07 PM org.ros.time.RemoteUptimeClock update
INFO: Latency: 7,0000 s, Delta ratio: 1,0000, Drift: 1,000, Error reduction coefficient: 0,000, Error: 0,0000 s
abr 04, 2013 12:33:07 PM org.ros.time.RemoteUptimeClock update
INFO: Latency: 7,0000 s, Delta ratio: 1,0000, Drift: 1,000, Error reduction coefficient: 0,000, Error: 0,0000 s
abr 04, 2013 12:33:07 PM org.ros.time.RemoteUptimeClock update
INFO: Latency: 7,0000 s, Delta ratio: 1,0000, Drift: 1,000, Error reduction coefficient: 0,000, Error: 0,0000 s
abr 04, 2013 12:33:07 PM org.ros.time.RemoteUptimeClock update
INFO: Latency: 7,0000 s, Delta ratio: 1,0000, Drift: 1,000, Error reduction coefficient: 0,000, Error: 0,0000 s
abr 04, 2013 12:33:07 PM org.ros.time.RemoteUptimeClock update
INFO: Latency: 7,0000 s, Delta ratio: 1,0000, Drift: 1,000, Error reduction coefficient: 0,000, Error: 0,0000 s
abr 04, 2013 12:33:07 PM org.ros.time.RemoteUptimeClock update
INFO: Latency: 7,0000 s, Delta ratio: 1,0000, Drift: 1,000, Error reduction coefficient: 0,000, Error: 0,0000 s
abr 04, 2013 12:33:07 PM org.ros.time.RemoteUptimeClock update
INFO: Latency: 7,0000 s, Delta ratio: 1,0000, Drift: 1,000, Error reduction coefficient: 0,000, Error: 0,0000 s
abr 04, 2013 12:33:07 PM org.ros.time.RemoteUptimeClock update
INFO: Latency: 7,0000 s, Delta ratio: 1,0000, Drift: 1,000, Error reduction coefficient: 0,000, Error: 0,0000 s
abr 04, 2013 12:33:07 PM org.ros.time.RemoteUptimeClock update
INFO: Latency: 7,0000 s, Delta ratio: 1,0000, Drift: 1,000, Error reduction coefficient: 0,000, Error: 0,0000 s
abr 04, 2013 12:33:07 PM org.ros.time.RemoteUptimeClock update
INFO: Latency: 7,0000 s, Delta ratio: 1,0000, Drift: 1,000, Error reduction coefficient: 0,000, Error: 0,0000 s
abr 04, 2013 12:33:07 PM org.ros.time.RemoteUptimeClock update
INFO: Latency: 7,0000 s, Delta ratio: 1,0000, Drift: 1,000, Error reduction coefficient: 0,000, Error: 0,0000 s
abr 04, 2013 12:33:07 PM org.ros.time.RemoteUptimeClock update
INFO: Latency: 7,0000 s, Delta ratio: 1,0000, Drift: 1,000, Error reduction coefficient: 0,000, Error: 0,0000 s
abr 04, 2013 12:33:07 PM org.ros.time.RemoteUptimeClock update
INFO: Latency: 7,0000 s, Delta ratio: 1,0000, Drift: 1,000, Error reduction coefficient: 0,000, Error: 0,0000 s
abr 04, 2013 12:33:07 PM org.ros.time.RemoteUptimeClock update
INFO: Latency: 7,0000 s, Delta ratio: 1,0000, Drift: 1,000, Error reduction coefficient: 0,000, Error: 0,0000 s
abr 04, 2013 12:33:07 PM org.ros.time.RemoteUptimeClock update
INFO: Latency: 7,0000 s, Delta ratio: 1,0000, Drift: 1,000, Error reduction coefficient: 0,000, Error: 0,0000 s
abr 04, 2013 12:33:07 PM org.ros.time.RemoteUptimeClock update
INFO: Latency: 7,0000 s, Delta ratio: 1,0000, Drift: 1,000, Error reduction coefficient: 0,000, Error: 0,0000 s
abr 04, 2013 12:33:07 PM org.ros.time.RemoteUptimeClock update
INFO: Latency: 7,0000 s, Delta ratio: 1,0000, Drift: 1,000, Error reduction coefficient: 0,000, Error: 0,0000 s
abr 04, 2013 12:33:07 PM org.ros.time.RemoteUptimeClock update
INFO: Latency: 7,0000 s, Delta ratio: 1,0000, Drift: 1,000, Error reduction coefficient: 0,000, Error: 0,0000 s
abr 04, 2013 12:33:07 PM org.ros.time.RemoteUptimeClock update
INFO: Latency: 7,0000 s, Delta ratio: 1,0000, Drift: 1,000, Error reduction coefficient: 0,000, Error: 0,0000 s
abr 04, 2013 12:33:07 PM org.ros.time.RemoteUptimeClock update
INFO: Latency: 7,0000 s, Delta ratio: 1,0000, Drift: 1,000, Error reduction coefficient: 0,000, Error: 0,0000 s
abr 04, 2013 12:33:07 PM org.ros.time.RemoteUptimeClock update
INFO: Latency: 7,0000 s, Delta ratio: 1,0000, Drift: 1,000, Error reduction coefficient: 0,000, Error: 0,0000 s
abr 04, 2013 12:33:07 PM org.ros.time.RemoteUptimeClock update
INFO: Latency: 7,0000 s, Delta ratio: 1,0000, Drift: 1,000, Error reduction coefficient: 0,000, Error: 0,0000 s
abr 04, 2013 12:33:07 PM org.ros.time.RemoteUptimeClock update
INFO: Latency: 7,0000 s, Delta ratio: 1,0000, Drift: 1,000, Error reduction coefficient: 0,000, Error: 0,0000 s
abr 04, 2013 12:33:07 PM org.ros.time.RemoteUptimeClock update
INFO: Latency: 7,0000 s, Delta ratio: 1,0000, Drift: 1,000, Error reduction coefficient: 0,000, Error: 0,0000 s
abr 04, 2013 12:33:07 PM org.ros.time.RemoteUptimeClock update
INFO: Latency: 7,0000 s, Delta ratio: 1,0000, Drift: 1,000, Error reduction coefficient: 0,000, Error: 0,0000 s
abr 04, 2013 12:33:07 PM org.ros.time.RemoteUptimeClock update
INFO: Latency: 7,0000 s, Delta ratio: 1,0000, Drift: 1,000, Error reduction coefficient: 0,000, Error: 0,0000 s
abr 04, 2013 12:33:07 PM org.ros.time.RemoteUptimeClock update
INFO: Latency: 7,0000 s, Delta ratio: 1,0000, Drift: 1,000, Error reduction coefficient: 0,000, Error: 0,0000 s
abr 04, 2013 12:33:07 PM org.ros.time.RemoteUptimeClock update
INFO: Latency: 7,0000 s, Delta ratio: 1,0000, Drift: 1,000, Error reduction coefficient: 0,000, Error: 0,0000 s
abr 04, 2013 12:33:07 PM org.ros.time.RemoteUptimeClock update
INFO: Latency: 7,0000 s, Delta ratio: 1,0000, Drift: 1,000, Error reduction coefficient: 0,000, Error: 0,0000 s
abr 04, 2013 12:33:07 PM org.ros.time.RemoteUptimeClock update
INFO: Latency: 7,0000 s, Delta ratio: 1,0000, Drift: 1,000, Error reduction coefficient: 0,000, Error: 0,0000 s
abr 04, 2013 12:33:07 PM org.ros.time.RemoteUptimeClock update
INFO: Latency: 7,0000 s, Delta ratio: 1,0000, Drift: 1,000, Error reduction coefficient: 0,000, Error: 0,0000 s
abr 04, 2013 12:33:07 PM org.ros.time.RemoteUptimeClock update
INFO: Latency: 7,0000 s, Delta ratio: 1,0000, Drift: 1,000, Error reduction coefficient: 0,000, Error: 0,0000 s
abr 04, 2013 12:33:07 PM org.ros.time.RemoteUptimeClock update
INFO: Latency: 7,0000 s, Delta ratio: 1,0000, Drift: 1,000, Error reduction coefficient: 0,000, Error: 0,0000 s
abr 04, 2013 12:33:07 PM org.ros.time.RemoteUptimeClock update
INFO: Latency: 7,0000 s, Delta ratio: 1,0000, Drift: 1,000, Error reduction coefficient: 0,000, Error: 0,0000 s
abr 04, 2013 12:33:07 PM org.ros.time.RemoteUptimeClock update
INFO: Latency: 7,0000 s, Delta ratio: 1,0000, Drift: 1,000, Error reduction coefficient: 0,000, Error: 0,0000 s
abr 04, 2013 12:33:07 PM org.ros.time.RemoteUptimeClock update
INFO: Latency: 7,0000 s, Delta ratio: 1,0000, Drift: 1,000, Error reduction coefficient: 0,000, Error: 0,0000 s
abr 04, 2013 12:33:07 PM org.ros.time.RemoteUptimeClock update
INFO: Latency: 7,0000 s, Delta ratio: 1,0000, Drift: 1,000, Error reduction coefficient: 0,000, Error: 0,0000 s
abr 04, 2013 12:33:07 PM org.ros.time.RemoteUptimeClock update
INFO: Latency: 7,0000 s, Delta ratio: 1,0000, Drift: 1,000, Error reduction coefficient: 0,000, Error: 0,0000 s
abr 04, 2013 12:33:07 PM org.ros.time.RemoteUptimeClock update
INFO: Latency: 7,0000 s, Delta ratio: 1,0000, Drift: 1,000, Error reduction coefficient: 0,000, Error: 0,0000 s
abr 04, 2013 12:33:07 PM org.ros.time.RemoteUptimeClock update
INFO: Latency: 7,0000 s, Delta ratio: 1,0000, Drift: 1,000, Error reduction coefficient: 0,000, Error: 0,0000 s
abr 04, 2013 12:33:07 PM org.ros.time.RemoteUptimeClock update
INFO: Latency: 7,0000 s, Delta ratio: 1,0000, Drift: 1,000, Error reduction coefficient: 0,000, Error: 0,0000 s
abr 04, 2013 12:33:07 PM org.ros.time.RemoteUptimeClock update
INFO: Latency: 7,0000 s, Delta ratio: 1,0000, Drift: 1,000, Error reduction coefficient: 0,000, Error: 0,0000 s
abr 04, 2013 12:33:07 PM org.ros.time.RemoteUptimeClock update
INFO: Latency: 7,0000 s, Delta ratio: 1,0000, Drift: 1,000, Error reduction coefficient: 0,000, Error: 0,0000 s
abr 04, 2013 12:33:07 PM org.ros.time.RemoteUptimeClock update
INFO: Latency: 7,0000 s, Delta ratio: 1,0000, Drift: 1,000, Error reduction coefficient: 0,000, Error: 0,0000 s
abr 04, 2013 12:33:07 PM org.ros.time.RemoteUptimeClock update
INFO: Latency: 7,0000 s, Delta ratio: 1,0000, Drift: 1,000, Error reduction coefficient: 0,000, Error: 0,0000 s
abr 04, 2013 12:33:07 PM org.ros.time.RemoteUptimeClock update
INFO: Latency: 7,0000 s, Delta ratio: 1,0000, Drift: 1,000, Error reduction coefficient: 0,000, Error: 0,0000 s
abr 04, 2013 12:33:07 PM org.ros.time.RemoteUptimeClock update
INFO: Latency: 7,0000 s, Delta ratio: 1,0000, Drift: 1,000, Error reduction coefficient: 0,000, Error: 0,0000 s
abr 04, 2013 12:33:07 PM org.ros.time.RemoteUptimeClock update
INFO: Latency: 7,0000 s, Delta ratio: 1,0000, Drift: 1,000, Error reduction coefficient: 0,000, Error: 0,0000 s
abr 04, 2013 12:33:07 PM org.ros.time.RemoteUptimeClock update
INFO: Latency: 7,0000 s, Delta ratio: 1,0000, Drift: 1,000, Error reduction coefficient: 0,000, Error: 0,0000 s
abr 04, 2013 12:33:07 PM org.ros.time.RemoteUptimeClock update
INFO: Latency: 7,0000 s, Delta ratio: 1,0000, Drift: 1,000, Error reduction coefficient: 0,000, Error: 0,0000 s
abr 04, 2013 12:33:07 PM org.ros.time.RemoteUptimeClock update
INFO: Latency: 7,0000 s, Delta ratio: 1,0000, Drift: 1,000, Error reduction coefficient: 0,000, Error: 0,0000 s
abr 04, 2013 12:33:07 PM org.ros.time.RemoteUptimeClock update
INFO: Latency: 7,0000 s, Delta ratio: 1,0000, Drift: 1,000, Error reduction coefficient: 0,000, Error: 0,0000 s
abr 04, 2013 12:33:07 PM org.ros.time.RemoteUptimeClock update
INFO: Latency: 7,0000 s, Delta ratio: 1,0000, Drift: 1,000, Error reduction coefficient: 0,000, Error: 0,0000 s
abr 04, 2013 12:33:07 PM org.ros.time.RemoteUptimeClock update
INFO: Latency: 7,0000 s, Delta ratio: 1,0000, Drift: 1,000, Error reduction coefficient: 0,000, Error: 0,0000 s
abr 04, 2013 12:33:07 PM org.ros.time.RemoteUptimeClock update
INFO: Latency: 7,0000 s, Delta ratio: 1,0000, Drift: 1,000, Error reduction coefficient: 0,000, Error: 0,0000 s
abr 04, 2013 12:33:07 PM org.ros.time.RemoteUptimeClock update
INFO: Latency: 7,0000 s, Delta ratio: 1,0000, Drift: 1,000, Error reduction coefficient: 0,000, Error: 0,0000 s
abr 04, 2013 12:33:07 PM org.ros.time.RemoteUptimeClock update
INFO: Latency: 7,0000 s, Delta ratio: 1,0000, Drift: 1,000, Error reduction coefficient: 0,000, Error: 0,0000 s
abr 04, 2013 12:33:07 PM org.ros.time.RemoteUptimeClock update
INFO: Latency: 7,0000 s, Delta ratio: 1,0000, Drift: 1,000, Error reduction coefficient: 0,000, Error: 0,0000 s
abr 04, 2013 12:33:07 PM org.ros.time.RemoteUptimeClock update
INFO: Latency: 7,0000 s, Delta ratio: 1,0000, Drift: 1,000, Error reduction coefficient: 0,000, Error: 0,0000 s
abr 04, 2013 12:33:07 PM org.ros.time.RemoteUptimeClock update
INFO: Latency: 7,0000 s, Delta ratio: 1,0000, Drift: 1,000, Error reduction coefficient: 0,000, Error: 0,0000 s
abr 04, 2013 12:33:07 PM org.ros.time.RemoteUptimeClock update
INFO: Latency: 7,0000 s, Delta ratio: 1,0000, Drift: 1,000, Error reduction coefficient: 0,000, Error: 0,0000 s
abr 04, 2013 12:33:07 PM org.ros.time.RemoteUptimeClock update
INFO: Latency: 7,0000 s, Delta ratio: 1,0000, Drift: 1,000, Error reduction coefficient: 0,000, Error: 0,0000 s
abr 04, 2013 12:33:07 PM org.ros.time.RemoteUptimeClock update
INFO: Latency: 7,0000 s, Delta ratio: 1,0000, Drift: 1,000, Error reduction coefficient: 0,000, Error: 0,0000 s
abr 04, 2013 12:33:07 PM org.ros.time.RemoteUptimeClock update
INFO: Latency: 7,0000 s, Delta ratio: 1,0000, Drift: 1,000, Error reduction coefficient: 0,000, Error: 0,0000 s
abr 04, 2013 12:33:07 PM org.ros.time.RemoteUptimeClock update
INFO: Latency: 7,0000 s, Delta ratio: 1,0000, Drift: 1,000, Error reduction coefficient: 0,000, Error: 0,0000 s
abr 04, 2013 12:33:07 PM org.ros.time.RemoteUptimeClock update
INFO: Latency: 7,0000 s, Delta ratio: 1,0000, Drift: 1,000, Error reduction coefficient: 0,000, Error: 0,0000 s
abr 04, 2013 12:33:07 PM org.ros.time.RemoteUptimeClock update
INFO: Latency: 7,0000 s, Delta ratio: 1,0000, Drift: 1,000, Error reduction coefficient: 0,000, Error: 0,0000 s
abr 04, 2013 12:33:07 PM org.ros.time.RemoteUptimeClock update
INFO: Latency: 7,0000 s, Delta ratio: 1,0000, Drift: 1,000, Error reduction coefficient: 0,000, Error: 0,0000 s
abr 04, 2013 12:33:07 PM org.ros.time.RemoteUptimeClock update
INFO: Latency: 7,0000 s, Delta ratio: 1,0000, Drift: 1,000, Error reduction coefficient: 0,000, Error: 0,0000 s
abr 04, 2013 12:33:07 PM org.ros.time.RemoteUptimeClock update
INFO: Latency: 7,0000 s, Delta ratio: 1,0000, Drift: 1,000, Error reduction coefficient: 0,000, Error: 0,0000 s
abr 04, 2013 12:33:07 PM org.ros.time.RemoteUptimeClock update
INFO: Latency: 7,0000 s, Delta ratio: 1,0000, Drift: 1,000, Error reduction coefficient: 0,000, Error: 0,0000 s
abr 04, 2013 12:33:07 PM org.ros.time.RemoteUptimeClock update
INFO: Latency: 7,0000 s, Delta ratio: 1,0000, Drift: 1,000, Error reduction coefficient: 0,000, Error: 0,0000 s
abr 04, 2013 12:33:07 PM org.ros.time.RemoteUptimeClock update
INFO: Latency: 7,0000 s, Delta ratio: 1,0000, Drift: 1,000, Error reduction coefficient: 0,000, Error: 0,0000 s
abr 04, 2013 12:33:07 PM org.ros.time.RemoteUptimeClock update
INFO: Latency: 7,0000 s, Delta ratio: 1,0000, Drift: 1,000, Error reduction coefficient: 0,000, Error: 0,0000 s
abr 04, 2013 12:33:07 PM org.ros.time.RemoteUptimeClock update
INFO: Latency: 7,0000 s, Delta ratio: 1,0000, Drift: 1,000, Error reduction coefficient: 0,000, Error: 0,0000 s
abr 04, 2013 12:33:07 PM org.ros.time.RemoteUptimeClock update
INFO: Latency: 7,0000 s, Delta ratio: 1,0000, Drift: 1,000, Error reduction coefficient: 0,000, Error: 0,0000 s
abr 04, 2013 12:33:07 PM org.ros.time.RemoteUptimeClock update
INFO: Latency: 7,0000 s, Delta ratio: 1,0000, Drift: 1,000, Error reduction coefficient: 0,000, Error: 0,0000 s
abr 04, 2013 12:33:07 PM org.ros.time.RemoteUptimeClock update
INFO: Latency: 7,0000 s, Delta ratio: 1,0000, Drift: 1,000, Error reduction coefficient: 0,000, Error: 0,0000 s
abr 04, 2013 12:33:07 PM org.ros.time.RemoteUptimeClock update
INFO: Latency: 7,0000 s, Delta ratio: 1,0000, Drift: 1,000, Error reduction coefficient: 0,000, Error: 0,0000 s
abr 04, 2013 12:33:07 PM org.ros.time.RemoteUptimeClock update
INFO: Latency: 7,0000 s, Delta ratio: 1,0000, Drift: 1,000, Error reduction coefficient: 0,000, Error: 0,0000 s
abr 04, 2013 12:33:07 PM org.ros.time.RemoteUptimeClock update
INFO: Latency: 7,0000 s, Delta ratio: 1,0000, Drift: 1,000, Error reduction coefficient: 0,000, Error: 0,0000 s
abr 04, 2013 12:33:07 PM org.ros.time.RemoteUptimeClock update
INFO: Latency: 7,0000 s, Delta ratio: 1,0000, Drift: 1,000, Error reduction coefficient: 0,000, Error: 0,0000 s
abr 04, 2013 12:33:07 PM org.ros.time.RemoteUptimeClock update
INFO: Latency: 7,0000 s, Delta ratio: 1,0000, Drift: 1,000, Error reduction coefficient: 0,000, Error: 0,0000 s
abr 04, 2013 12:33:07 PM org.ros.time.RemoteUptimeClock update
INFO: Latency: 7,0000 s, Delta ratio: 1,0000, Drift: 1,000, Error reduction coefficient: 0,000, Error: 0,0000 s
abr 04, 2013 12:33:07 PM org.ros.time.RemoteUptimeClock update
INFO: Latency: 7,0000 s, Delta ratio: 1,0000, Drift: 1,000, Error reduction coefficient: 0,000, Error: 0,0000 s
abr 04, 2013 12:33:07 PM org.ros.time.RemoteUptimeClock update
INFO: Latency: 7,0000 s, Delta ratio: 1,0000, Drift: 1,000, Error reduction coefficient: 0,000, Error: 0,0000 s
abr 04, 2013 12:33:07 PM org.ros.time.RemoteUptimeClock update
INFO: Latency: 7,0000 s, Delta ratio: 1,0000, Drift: 1,000, Error reduction coefficient: 0,000, Error: 0,0000 s
abr 04, 2013 12:33:07 PM org.ros.time.RemoteUptimeClock update
INFO: Latency: 7,0000 s, Delta ratio: 1,0000, Drift: 1,000, Error reduction coefficient: 0,000, Error: 0,0000 s
abr 04, 2013 12:33:07 PM org.ros.time.RemoteUptimeClock update
INFO: Latency: 7,0000 s, Delta ratio: 1,0000, Drift: 1,000, Error reduction coefficient: 0,000, Error: 0,0000 s
abr 04, 2013 12:33:07 PM org.ros.time.RemoteUptimeClock update
INFO: Latency: 7,0000 s, Delta ratio: 1,0000, Drift: 1,000, Error reduction coefficient: 0,000, Error: 0,0000 s
abr 04, 2013 12:33:07 PM org.ros.time.RemoteUptimeClock update
INFO: Latency: 7,0000 s, Delta ratio: 1,0000, Drift: 1,000, Error reduction coefficient: 0,000, Error: 0,0000 s
abr 04, 2013 12:33:07 PM org.ros.time.RemoteUptimeClock update
INFO: Latency: 7,0000 s, Delta ratio: 1,0000, Drift: 1,000, Error reduction coefficient: 0,000, Error: 0,0000 s
abr 04, 2013 12:33:07 PM org.ros.time.RemoteUptimeClock update
INFO: Latency: 7,0000 s, Delta ratio: 1,0000, Drift: 1,000, Error reduction coefficient: 0,000, Error: 0,0000 s
abr 04, 2013 12:33:07 PM org.ros.time.RemoteUptimeClock update
INFO: Latency: 7,0000 s, Delta ratio: 1,0000, Drift: 1,000, Error reduction coefficient: 0,000, Error: 0,0000 s
abr 04, 2013 12:33:07 PM org.ros.time.RemoteUptimeClock update
INFO: Latency: 7,0000 s, Delta ratio: 1,0000, Drift: 1,000, Error reduction coefficient: 0,000, Error: 0,0000 s
abr 04, 2013 12:33:07 PM org.ros.time.RemoteUptimeClock update
INFO: Latency: 7,0000 s, Delta ratio: 1,0000, Drift: 1,000, Error reduction coefficient: 0,000, Error: 0,0000 s
abr 04, 2013 12:33:07 PM org.ros.time.RemoteUptimeClock update
INFO: Latency: 7,0000 s, Delta ratio: 1,0000, Drift: 1,000, Error reduction coefficient: 0,000, Error: 0,0000 s
abr 04, 2013 12:33:07 PM org.ros.time.RemoteUptimeClock update
INFO: Latency: 7,0000 s, Delta ratio: 1,0000, Drift: 1,000, Error reduction coefficient: 0,000, Error: 0,0000 s
abr 04, 2013 12:33:07 PM org.ros.time.RemoteUptimeClock update
INFO: Latency: 7,0000 s, Delta ratio: 1,0000, Drift: 1,000, Error reduction coefficient: 0,000, Error: 0,0000 s
abr 04, 2013 12:33:07 PM org.ros.time.RemoteUptimeClock update
INFO: Latency: 7,0000 s, Delta ratio: 1,0000, Drift: 1,000, Error reduction coefficient: 0,000, Error: 0,0000 s
abr 04, 2013 12:33:07 PM org.ros.time.RemoteUptimeClock update
INFO: Latency: 7,0000 s, Delta ratio: 1,0000, Drift: 1,000, Error reduction coefficient: 0,000, Error: 0,0000 s
abr 04, 2013 12:33:07 PM org.ros.time.RemoteUptimeClock update
INFO: Latency: 7,0000 s, Delta ratio: 1,0000, Drift: 1,000, Error reduction coefficient: 0,000, Error: 0,0000 s
abr 04, 2013 12:33:07 PM org.ros.time.RemoteUptimeClock update
INFO: Latency: 7,0000 s, Delta ratio: 1,0000, Drift: 1,000, Error reduction coefficient: 0,000, Error: 0,0000 s
abr 04, 2013 12:33:07 PM org.ros.time.RemoteUptimeClock update
INFO: Latency: 7,0000 s, Delta ratio: 1,0000, Drift: 1,000, Error reduction coefficient: 0,000, Error: 0,0000 s
abr 04, 2013 12:33:07 PM org.ros.time.RemoteUptimeClock update
INFO: Latency: 7,0000 s, Delta ratio: 1,0000, Drift: 1,000, Error reduction coefficient: 0,000, Error: 0,0000 s
abr 04, 2013 12:33:07 PM org.ros.time.RemoteUptimeClock update
INFO: Latency: 7,0000 s, Delta ratio: 1,0000, Drift: 1,000, Error reduction coefficient: 0,000, Error: 0,0000 s
abr 04, 2013 12:33:07 PM org.ros.time.RemoteUptimeClock update
INFO: Latency: 7,0000 s, Delta ratio: 1,0000, Drift: 1,000, Error reduction coefficient: 0,000, Error: 0,0000 s
abr 04, 2013 12:33:07 PM org.ros.time.RemoteUptimeClock update
INFO: Latency: 7,0000 s, Delta ratio: 1,0000, Drift: 1,000, Error reduction coefficient: 0,000, Error: 0,0000 s
abr 04, 2013 12:33:07 PM org.ros.time.RemoteUptimeClock update
INFO: Latency: 7,0000 s, Delta ratio: 1,0000, Drift: 1,000, Error reduction coefficient: 0,000, Error: 0,0000 s
abr 04, 2013 12:33:07 PM org.ros.time.RemoteUptimeClock update
INFO: Latency: 7,0000 s, Delta ratio: 1,0000, Drift: 1,000, Error reduction coefficient: 0,000, Error: 0,0000 s
abr 04, 2013 12:33:07 PM org.ros.time.RemoteUptimeClock update
INFO: Latency: 7,0000 s, Delta ratio: 1,0000, Drift: 1,000, Error reduction coefficient: 0,000, Error: 0,0000 s
abr 04, 2013 12:33:07 PM org.ros.time.RemoteUptimeClock update
INFO: Latency: 7,0000 s, Delta ratio: 1,0000, Drift: 1,000, Error reduction coefficient: 0,000, Error: 0,0000 s
abr 04, 2013 12:33:07 PM org.ros.time.RemoteUptimeClock update
INFO: Latency: 7,0000 s, Delta ratio: 1,0000, Drift: 1,000, Error reduction coefficient: 0,000, Error: 0,0000 s
abr 04, 2013 12:33:07 PM org.ros.time.RemoteUptimeClock update
INFO: Latency: 7,0000 s, Delta ratio: 1,0000, Drift: 1,000, Error reduction coefficient: 0,000, Error: 0,0000 s
abr 04, 2013 12:33:07 PM org.ros.time.RemoteUptimeClock update
INFO: Latency: 7,0000 s, Delta ratio: 1,0000, Drift: 1,000, Error reduction coefficient: 0,000, Error: 0,0000 s
abr 04, 2013 12:33:07 PM org.ros.time.RemoteUptimeClock update
INFO: Latency: 7,0000 s, Delta ratio: 1,0000, Drift: 1,000, Error reduction coefficient: 0,000, Error: 0,0000 s
abr 04, 2013 12:33:07 PM org.ros.time.RemoteUptimeClock update
INFO: Latency: 7,0000 s, Delta ratio: 1,0000, Drift: 1,000, Error reduction coefficient: 0,000, Error: 0,0000 s
abr 04, 2013 12:33:07 PM org.ros.time.RemoteUptimeClock update
INFO: Latency: 7,0000 s, Delta ratio: 1,0000, Drift: 1,000, Error reduction coefficient: 0,000, Error: 0,0000 s
abr 04, 2013 12:33:07 PM org.ros.time.RemoteUptimeClock update
INFO: Latency: 7,0000 s, Delta ratio: 1,0000, Drift: 1,000, Error reduction coefficient: 0,000, Error: 0,0000 s
abr 04, 2013 12:33:07 PM org.ros.time.RemoteUptimeClock update
INFO: Latency: 7,0000 s, Delta ratio: 1,0000, Drift: 1,000, Error reduction coefficient: 0,000, Error: 0,0000 s
abr 04, 2013 12:33:07 PM org.ros.time.RemoteUptimeClock update
INFO: Latency: 7,0000 s, Delta ratio: 1,0000, Drift: 1,000, Error reduction coefficient: 0,000, Error: 0,0000 s
abr 04, 2013 12:33:07 PM org.ros.time.RemoteUptimeClock update
INFO: Latency: 7,0000 s, Delta ratio: 1,0000, Drift: 1,000, Error reduction coefficient: 0,000, Error: 0,0000 s
abr 04, 2013 12:33:07 PM org.ros.time.RemoteUptimeClock update
INFO: Latency: 7,0000 s, Delta ratio: 1,0000, Drift: 1,000, Error reduction coefficient: 0,000, Error: 0,0000 s
abr 04, 2013 12:33:07 PM org.ros.time.RemoteUptimeClock update
INFO: Latency: 7,0000 s, Delta ratio: 1,0000, Drift: 1,000, Error reduction coefficient: 0,000, Error: 0,0000 s
abr 04, 2013 12:33:07 PM org.ros.time.RemoteUptimeClock update
INFO: Latency: 7,0000 s, Delta ratio: 1,0000, Drift: 1,000, Error reduction coefficient: 0,000, Error: 0,0000 s
abr 04, 2013 12:33:07 PM org.ros.time.RemoteUptimeClock update
INFO: Latency: 7,0000 s, Delta ratio: 1,0000, Drift: 1,000, Error reduction coefficient: 0,000, Error: 0,0000 s
abr 04, 2013 12:33:07 PM org.ros.time.RemoteUptimeClock update
INFO: Latency: 7,0000 s, Delta ratio: 1,0000, Drift: 1,000, Error reduction coefficient: 0,000, Error: 0,0000 s
abr 04, 2013 12:33:07 PM org.ros.time.RemoteUptimeClock update
INFO: Latency: 7,0000 s, Delta ratio: 1,0000, Drift: 1,000, Error reduction coefficient: 0,000, Error: 0,0000 s
abr 04, 2013 12:33:07 PM org.ros.time.RemoteUptimeClock update
INFO: Latency: 7,0000 s, Delta ratio: 1,0000, Drift: 1,000, Error reduction coefficient: 0,000, Error: 0,0000 s
abr 04, 2013 12:33:07 PM org.ros.time.RemoteUptimeClock update
INFO: Latency: 7,0000 s, Delta ratio: 1,0000, Drift: 1,000, Error reduction coefficient: 0,000, Error: 0,0000 s
abr 04, 2013 12:33:07 PM org.ros.time.RemoteUptimeClock update
INFO: Latency: 7,0000 s, Delta ratio: 1,0000, Drift: 1,000, Error reduction coefficient: 0,000, Error: 0,0000 s
abr 04, 2013 12:33:07 PM org.ros.time.RemoteUptimeClock update
INFO: Latency: 7,0000 s, Delta ratio: 1,0000, Drift: 1,000, Error reduction coefficient: 0,000, Error: 0,0000 s
abr 04, 2013 12:33:07 PM org.ros.time.RemoteUptimeClock update
INFO: Latency: 7,0000 s, Delta ratio: 1,0000, Drift: 1,000, Error reduction coefficient: 0,000, Error: 0,0000 s
abr 04, 2013 12:33:07 PM org.ros.time.RemoteUptimeClock update
INFO: Latency: 7,0000 s, Delta ratio: 1,0000, Drift: 1,000, Error reduction coefficient: 0,000, Error: 0,0000 s
abr 04, 2013 12:33:07 PM org.ros.time.RemoteUptimeClock update
INFO: Latency: 7,0000 s, Delta ratio: 1,0000, Drift: 1,000, Error reduction coefficient: 0,000, Error: 0,0000 s
abr 04, 2013 12:33:07 PM org.ros.time.RemoteUptimeClock update
INFO: Latency: 7,0000 s, Delta ratio: 1,0000, Drift: 1,000, Error reduction coefficient: 0,000, Error: 0,0000 s
abr 04, 2013 12:33:07 PM org.ros.time.RemoteUptimeClock update
INFO: Latency: 7,0000 s, Delta ratio: 1,0000, Drift: 1,000, Error reduction coefficient: 0,000, Error: 0,0000 s
abr 04, 2013 12:33:07 PM org.ros.time.RemoteUptimeClock update
INFO: Latency: 7,0000 s, Delta ratio: 1,0000, Drift: 1,000, Error reduction coefficient: 0,000, Error: 0,0000 s
abr 04, 2013 12:33:07 PM org.ros.time.RemoteUptimeClock update
INFO: Latency: 7,0000 s, Delta ratio: 1,0000, Drift: 1,000, Error reduction coefficient: 0,000, Error: 0,0000 s
abr 04, 2013 12:33:07 PM org.ros.time.RemoteUptimeClock update
INFO: Latency: 7,0000 s, Delta ratio: 1,0000, Drift: 1,000, Error reduction coefficient: 0,000, Error: 0,0000 s
abr 04, 2013 12:33:07 PM org.ros.time.RemoteUptimeClock update
INFO: Latency: 7,0000 s, Delta ratio: 1,0000, Drift: 1,000, Error reduction coefficient: 0,000, Error: 0,0000 s
abr 04, 2013 12:33:07 PM org.ros.time.RemoteUptimeClock update
INFO: Latency: 7,0000 s, Delta ratio: 1,0000, Drift: 1,000, Error reduction coefficient: 0,000, Error: 0,0000 s
abr 04, 2013 12:33:07 PM org.ros.time.RemoteUptimeClock update
INFO: Latency: 7,0000 s, Delta ratio: 1,0000, Drift: 1,000, Error reduction coefficient: 0,000, Error: 0,0000 s
abr 04, 2013 12:33:07 PM org.ros.time.RemoteUptimeClock update
INFO: Latency: 7,0000 s, Delta ratio: 1,0000, Drift: 1,000, Error reduction coefficient: 0,000, Error: 0,0000 s
abr 04, 2013 12:33:07 PM org.ros.time.RemoteUptimeClock update
INFO: Latency: 7,0000 s, Delta ratio: 1,0000, Drift: 1,000, Error reduction coefficient: 0,000, Error: 0,0000 s
abr 04, 2013 12:33:07 PM org.ros.time.RemoteUptimeClock update
INFO: Latency: 7,0000 s, Delta ratio: 1,0000, Drift: 1,000, Error reduction coefficient: 0,000, Error: 0,0000 s
abr 04, 2013 12:33:07 PM org.ros.time.RemoteUptimeClock update
INFO: Latency: 7,0000 s, Delta ratio: 1,0000, Drift: 1,000, Error reduction coefficient: 0,000, Error: 0,0000 s
abr 04, 2013 12:33:07 PM org.ros.time.RemoteUptimeClock update
INFO: Latency: 7,0000 s, Delta ratio: 1,0000, Drift: 1,000, Error reduction coefficient: 0,000, Error: 0,0000 s
abr 04, 2013 12:33:07 PM org.ros.time.RemoteUptimeClock update
INFO: Latency: 7,0000 s, Delta ratio: 1,0000, Drift: 1,000, Error reduction coefficient: 0,000, Error: 0,0000 s
abr 04, 2013 12:33:07 PM org.ros.time.RemoteUptimeClock update
INFO: Latency: 7,0000 s, Delta ratio: 1,0000, Drift: 1,000, Error reduction coefficient: 0,000, Error: 0,0000 s
abr 04, 2013 12:33:07 PM org.ros.time.RemoteUptimeClock update
INFO: Latency: 7,0000 s, Delta ratio: 1,0000, Drift: 1,000, Error reduction coefficient: 0,000, Error: 0,0000 s
abr 04, 2013 12:33:07 PM org.ros.time.RemoteUptimeClock update
INFO: Latency: 7,0000 s, Delta ratio: 1,0000, Drift: 1,000, Error reduction coefficient: 0,000, Error: 0,0000 s
abr 04, 2013 12:33:07 PM org.ros.time.RemoteUptimeClock update
INFO: Latency: 7,0000 s, Delta ratio: 1,0000, Drift: 1,000, Error reduction coefficient: 0,000, Error: 0,0000 s
abr 04, 2013 12:33:07 PM org.ros.time.RemoteUptimeClock update
INFO: Latency: 7,0000 s, Delta ratio: 1,0000, Drift: 1,000, Error reduction coefficient: 0,000, Error: 0,0000 s
abr 04, 2013 12:33:07 PM org.ros.time.RemoteUptimeClock update
INFO: Latency: 7,0000 s, Delta ratio: 1,0000, Drift: 1,000, Error reduction coefficient: 0,000, Error: 0,0000 s
abr 04, 2013 12:33:07 PM org.ros.time.RemoteUptimeClock update
INFO: Latency: 7,0000 s, Delta ratio: 1,0000, Drift: 1,000, Error reduction coefficient: 0,000, Error: 0,0000 s
abr 04, 2013 12:33:07 PM org.ros.time.RemoteUptimeClock update
INFO: Latency: 7,0000 s, Delta ratio: 1,0000, Drift: 1,000, Error reduction coefficient: 0,000, Error: 0,0000 s
abr 04, 2013 12:33:07 PM org.ros.time.RemoteUptimeClock update
INFO: Latency: 7,0000 s, Delta ratio: 1,0000, Drift: 1,000, Error reduction coefficient: 0,000, Error: 0,0000 s
abr 04, 2013 12:33:07 PM org.ros.time.RemoteUptimeClock update
INFO: Latency: 7,0000 s, Delta ratio: 1,0000, Drift: 1,000, Error reduction coefficient: 0,000, Error: 0,0000 s
abr 04, 2013 12:33:07 PM org.ros.time.RemoteUptimeClock update
INFO: Latency: 7,0000 s, Delta ratio: 1,0000, Drift: 1,000, Error reduction coefficient: 0,000, Error: 0,0000 s
abr 04, 2013 12:33:07 PM org.ros.time.RemoteUptimeClock update
INFO: Latency: 7,0000 s, Delta ratio: 1,0000, Drift: 1,000, Error reduction coefficient: 0,000, Error: 0,0000 s
abr 04, 2013 12:33:07 PM org.ros.time.RemoteUptimeClock update
INFO: Latency: 7,0000 s, Delta ratio: 1,0000, Drift: 1,000, Error reduction coefficient: 0,000, Error: 0,0000 s
abr 04, 2013 12:33:07 PM org.ros.time.RemoteUptimeClock update
INFO: Latency: 7,0000 s, Delta ratio: 1,0000, Drift: 1,000, Error reduction coefficient: 0,000, Error: 0,0000 s
abr 04, 2013 12:33:07 PM org.ros.time.RemoteUptimeClock update
INFO: Latency: 7,0000 s, Delta ratio: 1,0000, Drift: 1,000, Error reduction coefficient: 0,000, Error: 0,0000 s
abr 04, 2013 12:33:07 PM org.ros.time.RemoteUptimeClock update
INFO: Latency: 7,0000 s, Delta ratio: 1,0000, Drift: 1,000, Error reduction coefficient: 0,000, Error: 0,0000 s
abr 04, 2013 12:33:07 PM org.ros.time.RemoteUptimeClock update
INFO: Latency: 7,0000 s, Delta ratio: 1,0000, Drift: 1,000, Error reduction coefficient: 0,000, Error: 0,0000 s
abr 04, 2013 12:33:07 PM org.ros.time.RemoteUptimeClock update
INFO: Latency: 7,0000 s, Delta ratio: 1,0000, Drift: 1,000, Error reduction coefficient: 0,000, Error: 0,0000 s
abr 04, 2013 12:33:07 PM org.ros.time.RemoteUptimeClock update
INFO: Latency: 7,0000 s, Delta ratio: 1,0000, Drift: 1,000, Error reduction coefficient: 0,000, Error: 0,0000 s
abr 04, 2013 12:33:07 PM org.ros.time.RemoteUptimeClock update
INFO: Latency: 7,0000 s, Delta ratio: 1,0000, Drift: 1,000, Error reduction coefficient: 0,000, Error: 0,0000 s
abr 04, 2013 12:33:07 PM org.ros.time.RemoteUptimeClock update
INFO: Latency: 7,0000 s, Delta ratio: 1,0000, Drift: 1,000, Error reduction coefficient: 0,000, Error: 0,0000 s
abr 04, 2013 12:33:07 PM org.ros.time.RemoteUptimeClock update
INFO: Latency: 7,0000 s, Delta ratio: 1,0000, Drift: 1,000, Error reduction coefficient: 0,000, Error: 0,0000 s
abr 04, 2013 12:33:07 PM org.ros.time.RemoteUptimeClock update
INFO: Latency: 7,0000 s, Delta ratio: 1,0000, Drift: 1,000, Error reduction coefficient: 0,000, Error: 0,0000 s
abr 04, 2013 12:33:07 PM org.ros.time.RemoteUptimeClock update
INFO: Latency: 7,0000 s, Delta ratio: 1,0000, Drift: 1,000, Error reduction coefficient: 0,000, Error: 0,0000 s
abr 04, 2013 12:33:07 PM org.ros.time.RemoteUptimeClock update
INFO: Latency: 7,0000 s, Delta ratio: 1,0000, Drift: 1,000, Error reduction coefficient: 0,000, Error: 0,0000 s
abr 04, 2013 12:33:07 PM org.ros.time.RemoteUptimeClock update
INFO: Latency: 7,0000 s, Delta ratio: 1,0000, Drift: 1,000, Error reduction coefficient: 0,000, Error: 0,0000 s
abr 04, 2013 12:33:07 PM org.ros.time.RemoteUptimeClock update
INFO: Latency: 7,0000 s, Delta ratio: 1,0000, Drift: 1,000, Error reduction coefficient: 0,000, Error: 0,0000 s
abr 04, 2013 12:33:07 PM org.ros.time.RemoteUptimeClock update
INFO: Latency: 7,0000 s, Delta ratio: 1,0000, Drift: 1,000, Error reduction coefficient: 0,000, Error: 0,0000 s
abr 04, 2013 12:33:07 PM org.ros.time.RemoteUptimeClock update
INFO: Latency: 7,0000 s, Delta ratio: 1,0000, Drift: 1,000, Error reduction coefficient: 0,000, Error: 0,0000 s
abr 04, 2013 12:33:07 PM org.ros.time.RemoteUptimeClock update
INFO: Latency: 7,0000 s, Delta ratio: 1,0000, Drift: 1,000, Error reduction coefficient: 0,000, Error: 0,0000 s
abr 04, 2013 12:33:07 PM org.ros.time.RemoteUptimeClock update
INFO: Latency: 7,0000 s, Delta ratio: 1,0000, Drift: 1,000, Error reduction coefficient: 0,000, Error: 0,0000 s
abr 04, 2013 12:33:07 PM org.ros.time.RemoteUptimeClock update
INFO: Latency: 7,0000 s, Delta ratio: 1,0000, Drift: 1,000, Error reduction coefficient: 0,000, Error: 0,0000 s
abr 04, 2013 12:33:07 PM org.ros.time.RemoteUptimeClock update
INFO: Latency: 7,0000 s, Delta ratio: 1,0000, Drift: 1,000, Error reduction coefficient: 0,000, Error: 0,0000 s
abr 04, 2013 12:33:07 PM org.ros.time.RemoteUptimeClock update
INFO: Latency: 7,0000 s, Delta ratio: 1,0000, Drift: 1,000, Error reduction coefficient: 0,000, Error: 0,0000 s
abr 04, 2013 12:33:07 PM org.ros.time.RemoteUptimeClock update
INFO: Latency: 7,0000 s, Delta ratio: 1,0000, Drift: 1,000, Error reduction coefficient: 0,000, Error: 0,0000 s
abr 04, 2013 12:33:07 PM org.ros.time.RemoteUptimeClock update
INFO: Latency: 7,0000 s, Delta ratio: 1,0000, Drift: 1,000, Error reduction coefficient: 0,000, Error: 0,0000 s
abr 04, 2013 12:33:07 PM org.ros.time.RemoteUptimeClock update
INFO: Latency: 7,0000 s, Delta ratio: 1,0000, Drift: 1,000, Error reduction coefficient: 0,000, Error: 0,0000 s
abr 04, 2013 12:33:07 PM org.ros.time.RemoteUptimeClock update
INFO: Latency: 7,0000 s, Delta ratio: 1,0000, Drift: 1,000, Error reduction coefficient: 0,000, Error: 0,0000 s
abr 04, 2013 12:33:07 PM org.ros.time.RemoteUptimeClock update
INFO: Latency: 7,0000 s, Delta ratio: 1,0000, Drift: 1,000, Error reduction coefficient: 0,000, Error: 0,0000 s
abr 04, 2013 12:33:07 PM org.ros.time.RemoteUptimeClock update
INFO: Latency: 7,0000 s, Delta ratio: 1,0000, Drift: 1,000, Error reduction coefficient: 0,000, Error: 0,0000 s
abr 04, 2013 12:33:07 PM org.ros.time.RemoteUptimeClock update
INFO: Latency: 7,0000 s, Delta ratio: 1,0000, Drift: 1,000, Error reduction coefficient: 0,000, Error: 0,0000 s
abr 04, 2013 12:33:07 PM org.ros.time.RemoteUptimeClock update
INFO: Latency: 7,0000 s, Delta ratio: 1,0000, Drift: 1,000, Error reduction coefficient: 0,000, Error: 0,0000 s
abr 04, 2013 12:33:07 PM org.ros.time.RemoteUptimeClock update
INFO: Latency: 7,0000 s, Delta ratio: 1,0000, Drift: 1,000, Error reduction coefficient: 0,000, Error: 0,0000 s
abr 04, 2013 12:33:07 PM org.ros.time.RemoteUptimeClock update
INFO: Latency: 7,0000 s, Delta ratio: 1,0000, Drift: 1,000, Error reduction coefficient: 0,000, Error: 0,0000 s
abr 04, 2013 12:33:07 PM org.ros.time.RemoteUptimeClock update
INFO: Latency: 7,0000 s, Delta ratio: 1,0000, Drift: 1,000, Error reduction coefficient: 0,000, Error: 0,0000 s
abr 04, 2013 12:33:07 PM org.ros.time.RemoteUptimeClock update
INFO: Latency: 7,0000 s, Delta ratio: 1,0000, Drift: 1,000, Error reduction coefficient: 0,000, Error: 0,0000 s
abr 04, 2013 12:33:07 PM org.ros.time.RemoteUptimeClock update
INFO: Latency: 7,0000 s, Delta ratio: 1,0000, Drift: 1,000, Error reduction coefficient: 0,000, Error: 0,0000 s
abr 04, 2013 12:33:07 PM org.ros.time.RemoteUptimeClock update
INFO: Latency: 7,0000 s, Delta ratio: 1,0000, Drift: 1,000, Error reduction coefficient: 0,000, Error: 0,0000 s
abr 04, 2013 12:33:07 PM org.ros.time.RemoteUptimeClock update
INFO: Latency: 7,0000 s, Delta ratio: 1,0000, Drift: 1,000, Error reduction coefficient: 0,000, Error: 0,0000 s
abr 04, 2013 12:33:07 PM org.ros.time.RemoteUptimeClock update
INFO: Latency: 7,0000 s, Delta ratio: 1,0000, Drift: 1,000, Error reduction coefficient: 0,000, Error: 0,0000 s
abr 04, 2013 12:33:07 PM org.ros.time.RemoteUptimeClock update
INFO: Latency: 7,0000 s, Delta ratio: 1,0000, Drift: 1,000, Error reduction coefficient: 0,000, Error: 0,0000 s
abr 04, 2013 12:33:07 PM org.ros.time.RemoteUptimeClock update
INFO: Latency: 7,0000 s, Delta ratio: 1,0000, Drift: 1,000, Error reduction coefficient: 0,000, Error: 0,0000 s
abr 04, 2013 12:33:07 PM org.ros.time.RemoteUptimeClock update
INFO: Latency: 7,0000 s, Delta ratio: 1,0000, Drift: 1,000, Error reduction coefficient: 0,000, Error: 0,0000 s
abr 04, 2013 12:33:07 PM org.ros.time.RemoteUptimeClock update
INFO: Latency: 7,0000 s, Delta ratio: 1,0000, Drift: 1,000, Error reduction coefficient: 0,000, Error: 0,0000 s
abr 04, 2013 12:33:07 PM org.ros.time.RemoteUptimeClock update
INFO: Latency: 7,0000 s, Delta ratio: 1,0000, Drift: 1,000, Error reduction coefficient: 0,000, Error: 0,0000 s
abr 04, 2013 12:33:07 PM org.ros.time.RemoteUptimeClock update
INFO: Latency: 7,0000 s, Delta ratio: 1,0000, Drift: 1,000, Error reduction coefficient: 0,000, Error: 0,0000 s
abr 04, 2013 12:33:07 PM org.ros.time.RemoteUptimeClock update
INFO: Latency: 7,0000 s, Delta ratio: 1,0000, Drift: 1,000, Error reduction coefficient: 0,000, Error: 0,0000 s
abr 04, 2013 12:33:07 PM org.ros.time.RemoteUptimeClock update
INFO: Latency: 7,0000 s, Delta ratio: 1,0000, Drift: 1,000, Error reduction coefficient: 0,000, Error: 0,0000 s
abr 04, 2013 12:33:07 PM org.ros.time.RemoteUptimeClock update
INFO: Latency: 7,0000 s, Delta ratio: 1,0000, Drift: 1,000, Error reduction coefficient: 0,000, Error: 0,0000 s
abr 04, 2013 12:33:07 PM org.ros.time.RemoteUptimeClock update
INFO: Latency: 7,0000 s, Delta ratio: 1,0000, Drift: 1,000, Error reduction coefficient: 0,000, Error: 0,0000 s
abr 04, 2013 12:33:07 PM org.ros.time.RemoteUptimeClock update
INFO: Latency: 7,0000 s, Delta ratio: 1,0000, Drift: 1,000, Error reduction coefficient: 0,000, Error: 0,0000 s
abr 04, 2013 12:33:07 PM org.ros.time.RemoteUptimeClock update
INFO: Latency: 7,0000 s, Delta ratio: 1,0000, Drift: 1,000, Error reduction coefficient: 0,000, Error: 0,0000 s
abr 04, 2013 12:33:07 PM org.ros.time.RemoteUptimeClock update
INFO: Latency: 7,0000 s, Delta ratio: 1,0000, Drift: 1,000, Error reduction coefficient: 0,000, Error: 0,0000 s
abr 04, 2013 12:33:07 PM org.ros.time.RemoteUptimeClock update
INFO: Latency: 7,0000 s, Delta ratio: 1,0000, Drift: 1,000, Error reduction coefficient: 0,000, Error: 0,0000 s
abr 04, 2013 12:33:07 PM org.ros.time.RemoteUptimeClock update
INFO: Latency: 7,0000 s, Delta ratio: 1,0000, Drift: 1,000, Error reduction coefficient: 0,000, Error: 0,0000 s
abr 04, 2013 12:33:07 PM org.ros.time.RemoteUptimeClock update
INFO: Latency: 7,0000 s, Delta ratio: 1,0000, Drift: 1,000, Error reduction coefficient: 0,000, Error: 0,0000 s
abr 04, 2013 12:33:07 PM org.ros.time.RemoteUptimeClock update
INFO: Latency: 7,0000 s, Delta ratio: 1,0000, Drift: 1,000, Error reduction coefficient: 0,000, Error: 0,0000 s
abr 04, 2013 12:33:07 PM org.ros.time.RemoteUptimeClock update
INFO: Latency: 7,0000 s, Delta ratio: 1,0000, Drift: 1,000, Error reduction coefficient: 0,000, Error: 0,0000 s
abr 04, 2013 12:33:07 PM org.ros.time.RemoteUptimeClock update
INFO: Latency: 7,0000 s, Delta ratio: 1,0000, Drift: 1,000, Error reduction coefficient: 0,000, Error: 0,0000 s
abr 04, 2013 12:33:07 PM org.ros.time.RemoteUptimeClock update
INFO: Latency: 7,0000 s, Delta ratio: 1,0000, Drift: 1,000, Error reduction coefficient: 0,000, Error: 0,0000 s
abr 04, 2013 12:33:07 PM org.ros.time.RemoteUptimeClock update
INFO: Latency: 7,0000 s, Delta ratio: 1,0000, Drift: 1,000, Error reduction coefficient: 0,000, Error: 0,0000 s
abr 04, 2013 12:33:07 PM org.ros.time.RemoteUptimeClock update
INFO: Latency: 7,0000 s, Delta ratio: 1,0000, Drift: 1,000, Error reduction coefficient: 0,000, Error: 0,0000 s
abr 04, 2013 12:33:07 PM org.ros.time.RemoteUptimeClock update
INFO: Latency: 7,0000 s, Delta ratio: 1,0000, Drift: 1,000, Error reduction coefficient: 0,000, Error: 0,0000 s
abr 04, 2013 12:33:07 PM org.ros.time.RemoteUptimeClock update
INFO: Latency: 7,0000 s, Delta ratio: 1,0000, Drift: 1,000, Error reduction coefficient: 0,000, Error: 0,0000 s
abr 04, 2013 12:33:07 PM org.ros.time.RemoteUptimeClock update
INFO: Latency: 7,0000 s, Delta ratio: 1,0000, Drift: 1,000, Error reduction coefficient: 0,000, Error: 0,0000 s
abr 04, 2013 12:33:07 PM org.ros.time.RemoteUptimeClock update
INFO: Latency: 7,0000 s, Delta ratio: 1,0000, Drift: 1,000, Error reduction coefficient: 0,000, Error: 0,0000 s
abr 04, 2013 12:33:07 PM org.ros.time.RemoteUptimeClock update
INFO: Latency: 7,0000 s, Delta ratio: 1,0000, Drift: 1,000, Error reduction coefficient: 0,000, Error: 0,0000 s
abr 04, 2013 12:33:07 PM org.ros.time.RemoteUptimeClock update
INFO: Latency: 7,0000 s, Delta ratio: 1,0000, Drift: 1,000, Error reduction coefficient: 0,000, Error: 0,0000 s
abr 04, 2013 12:33:07 PM org.ros.time.RemoteUptimeClock update
INFO: Latency: 7,0000 s, Delta ratio: 1,0000, Drift: 1,000, Error reduction coefficient: 0,000, Error: 0,0000 s
abr 04, 2013 12:33:07 PM org.ros.time.RemoteUptimeClock update
INFO: Latency: 7,0000 s, Delta ratio: 1,0000, Drift: 1,000, Error reduction coefficient: 0,000, Error: 0,0000 s
abr 04, 2013 12:33:07 PM org.ros.time.RemoteUptimeClock update
INFO: Latency: 7,0000 s, Delta ratio: 1,0000, Drift: 1,000, Error reduction coefficient: 0,000, Error: 0,0000 s
abr 04, 2013 12:33:07 PM org.ros.time.RemoteUptimeClock update
INFO: Latency: 7,0000 s, Delta ratio: 1,0000, Drift: 1,000, Error reduction coefficient: 0,000, Error: 0,0000 s
abr 04, 2013 12:33:07 PM org.ros.time.RemoteUptimeClock update
INFO: Latency: 7,0000 s, Delta ratio: 1,0000, Drift: 1,000, Error reduction coefficient: 0,000, Error: 0,0000 s
abr 04, 2013 12:33:07 PM org.ros.time.RemoteUptimeClock update
INFO: Latency: 7,0000 s, Delta ratio: 1,0000, Drift: 1,000, Error reduction coefficient: 0,000, Error: 0,0000 s
abr 04, 2013 12:33:07 PM org.ros.time.RemoteUptimeClock update
INFO: Latency: 7,0000 s, Delta ratio: 1,0000, Drift: 1,000, Error reduction coefficient: 0,000, Error: 0,0000 s
abr 04, 2013 12:33:07 PM org.ros.time.RemoteUptimeClock update
INFO: Latency: 7,0000 s, Delta ratio: 1,0000, Drift: 1,000, Error reduction coefficient: 0,000, Error: 0,0000 s
abr 04, 2013 12:33:07 PM org.ros.time.RemoteUptimeClock update
INFO: Latency: 7,0000 s, Delta ratio: 1,0000, Drift: 1,000, Error reduction coefficient: 0,000, Error: 0,0000 s
abr 04, 2013 12:33:07 PM org.ros.time.RemoteUptimeClock update
INFO: Latency: 7,0000 s, Delta ratio: 1,0000, Drift: 1,000, Error reduction coefficient: 0,000, Error: 0,0000 s
abr 04, 2013 12:33:07 PM org.ros.time.RemoteUptimeClock update
INFO: Latency: 7,0000 s, Delta ratio: 1,0000, Drift: 1,000, Error reduction coefficient: 0,000, Error: 0,0000 s
abr 04, 2013 12:33:07 PM org.ros.time.RemoteUptimeClock update
INFO: Latency: 7,0000 s, Delta ratio: 1,0000, Drift: 1,000, Error reduction coefficient: 0,000, Error: 0,0000 s
abr 04, 2013 12:33:07 PM org.ros.time.RemoteUptimeClock update
INFO: Latency: 7,0000 s, Delta ratio: 1,0000, Drift: 1,000, Error reduction coefficient: 0,000, Error: 0,0000 s
abr 04, 2013 12:33:07 PM org.ros.time.RemoteUptimeClock update
INFO: Latency: 7,0000 s, Delta ratio: 1,0000, Drift: 1,000, Error reduction coefficient: 0,000, Error: 0,0000 s
abr 04, 2013 12:33:07 PM org.ros.time.RemoteUptimeClock update
INFO: Latency: 7,0000 s, Delta ratio: 1,0000, Drift: 1,000, Error reduction coefficient: 0,000, Error: 0,0000 s
abr 04, 2013 12:33:07 PM org.ros.time.RemoteUptimeClock update
INFO: Latency: 7,0000 s, Delta ratio: 1,0000, Drift: 1,000, Error reduction coefficient: 0,000, Error: 0,0000 s
abr 04, 2013 12:33:07 PM org.ros.time.RemoteUptimeClock update
INFO: Latency: 7,0000 s, Delta ratio: 1,0000, Drift: 1,000, Error reduction coefficient: 0,000, Error: 0,0000 s
abr 04, 2013 12:33:07 PM org.ros.time.RemoteUptimeClock update
INFO: Latency: 7,0000 s, Delta ratio: 1,0000, Drift: 1,000, Error reduction coefficient: 0,000, Error: 0,0000 s
abr 04, 2013 12:33:07 PM org.ros.time.RemoteUptimeClock update
INFO: Latency: 7,0000 s, Delta ratio: 1,0000, Drift: 1,000, Error reduction coefficient: 0,000, Error: 0,0000 s
abr 04, 2013 12:33:07 PM org.ros.time.RemoteUptimeClock update
INFO: Latency: 7,0000 s, Delta ratio: 1,0000, Drift: 1,000, Error reduction coefficient: 0,000, Error: 0,0000 s
abr 04, 2013 12:33:07 PM org.ros.time.RemoteUptimeClock update
INFO: Latency: 7,0000 s, Delta ratio: 1,0000, Drift: 1,000, Error reduction coefficient: 0,000, Error: 0,0000 s
abr 04, 2013 12:33:07 PM org.ros.time.RemoteUptimeClock update
INFO: Latency: 7,0000 s, Delta ratio: 1,0000, Drift: 1,000, Error reduction coefficient: 0,000, Error: 0,0000 s
abr 04, 2013 12:33:07 PM org.ros.time.RemoteUptimeClock update
INFO: Latency: 7,0000 s, Delta ratio: 1,0000, Drift: 1,000, Error reduction coefficient: 0,000, Error: 0,0000 s
abr 04, 2013 12:33:07 PM org.ros.time.RemoteUptimeClock update
INFO: Latency: 7,0000 s, Delta ratio: 1,0000, Drift: 1,000, Error reduction coefficient: 0,000, Error: 0,0000 s
abr 04, 2013 12:33:07 PM org.ros.time.RemoteUptimeClock update
INFO: Latency: 7,0000 s, Delta ratio: 1,0000, Drift: 1,000, Error reduction coefficient: 0,000, Error: 0,0000 s
abr 04, 2013 12:33:07 PM org.ros.time.RemoteUptimeClock update
INFO: Latency: 7,0000 s, Delta ratio: 1,0000, Drift: 1,000, Error reduction coefficient: 0,000, Error: 0,0000 s
abr 04, 2013 12:33:07 PM org.ros.time.RemoteUptimeClock update
INFO: Latency: 7,0000 s, Delta ratio: 1,0000, Drift: 1,000, Error reduction coefficient: 0,000, Error: 0,0000 s
abr 04, 2013 12:33:07 PM org.ros.time.RemoteUptimeClock update
INFO: Latency: 7,0000 s, Delta ratio: 1,0000, Drift: 1,000, Error reduction coefficient: 0,000, Error: 0,0000 s
abr 04, 2013 12:33:07 PM org.ros.time.RemoteUptimeClock update
INFO: Latency: 7,0000 s, Delta ratio: 1,0000, Drift: 1,000, Error reduction coefficient: 0,000, Error: 0,0000 s
abr 04, 2013 12:33:07 PM org.ros.time.RemoteUptimeClock update
INFO: Latency: 7,0000 s, Delta ratio: 1,0000, Drift: 1,000, Error reduction coefficient: 0,000, Error: 0,0000 s
abr 04, 2013 12:33:07 PM org.ros.time.RemoteUptimeClock update
INFO: Latency: 7,0000 s, Delta ratio: 1,0000, Drift: 1,000, Error reduction coefficient: 0,000, Error: 0,0000 s
abr 04, 2013 12:33:07 PM org.ros.time.RemoteUptimeClock update
INFO: Latency: 7,0000 s, Delta ratio: 1,0000, Drift: 1,000, Error reduction coefficient: 0,000, Error: 0,0000 s
abr 04, 2013 12:33:07 PM org.ros.time.RemoteUptimeClock update
INFO: Latency: 7,0000 s, Delta ratio: 1,0000, Drift: 1,000, Error reduction coefficient: 0,000, Error: 0,0000 s
abr 04, 2013 12:33:07 PM org.ros.time.RemoteUptimeClock update
INFO: Latency: 7,0000 s, Delta ratio: 1,0000, Drift: 1,000, Error reduction coefficient: 0,000, Error: 0,0000 s
abr 04, 2013 12:33:07 PM org.ros.time.RemoteUptimeClock update
INFO: Latency: 7,0000 s, Delta ratio: 1,0000, Drift: 1,000, Error reduction coefficient: 0,000, Error: 0,0000 s
abr 04, 2013 12:33:07 PM org.ros.time.RemoteUptimeClock update
INFO: Latency: 7,0000 s, Delta ratio: 1,0000, Drift: 1,000, Error reduction coefficient: 0,000, Error: 0,0000 s
abr 04, 2013 12:33:07 PM org.ros.time.RemoteUptimeClock update
INFO: Latency: 7,0000 s, Delta ratio: 1,0000, Drift: 1,000, Error reduction coefficient: 0,000, Error: 0,0000 s
abr 04, 2013 12:33:07 PM org.ros.time.RemoteUptimeClock update
INFO: Latency: 7,0000 s, Delta ratio: 1,0000, Drift: 1,000, Error reduction coefficient: 0,000, Error: 0,0000 s
abr 04, 2013 12:33:07 PM org.ros.time.RemoteUptimeClock update
INFO: Latency: 7,0000 s, Delta ratio: 1,0000, Drift: 1,000, Error reduction coefficient: 0,000, Error: 0,0000 s
abr 04, 2013 12:33:07 PM org.ros.time.RemoteUptimeClock update
INFO: Latency: 7,0000 s, Delta ratio: 1,0000, Drift: 1,000, Error reduction coefficient: 0,000, Error: 0,0000 s
abr 04, 2013 12:33:07 PM org.ros.time.RemoteUptimeClock update
INFO: Latency: 7,0000 s, Delta ratio: 1,0000, Drift: 1,000, Error reduction coefficient: 0,000, Error: 0,0000 s
abr 04, 2013 12:33:07 PM org.ros.time.RemoteUptimeClock update
INFO: Latency: 7,0000 s, Delta ratio: 1,0000, Drift: 1,000, Error reduction coefficient: 0,000, Error: 0,0000 s
abr 04, 2013 12:33:07 PM org.ros.time.RemoteUptimeClock update
INFO: Latency: 7,0000 s, Delta ratio: 1,0000, Drift: 1,000, Error reduction coefficient: 0,000, Error: 0,0000 s
abr 04, 2013 12:33:07 PM org.ros.time.RemoteUptimeClock update
INFO: Latency: 7,0000 s, Delta ratio: 1,0000, Drift: 1,000, Error reduction coefficient: 0,000, Error: 0,0000 s
abr 04, 2013 12:33:07 PM org.ros.time.RemoteUptimeClock update
INFO: Latency: 7,0000 s, Delta ratio: 1,0000, Drift: 1,000, Error reduction coefficient: 0,000, Error: 0,0000 s
abr 04, 2013 12:33:07 PM org.ros.time.RemoteUptimeClock update
INFO: Latency: 7,0000 s, Delta ratio: 1,0000, Drift: 1,000, Error reduction coefficient: 0,000, Error: 0,0000 s
abr 04, 2013 12:33:07 PM org.ros.time.RemoteUptimeClock update
INFO: Latency: 7,0000 s, Delta ratio: 1,0000, Drift: 1,000, Error reduction coefficient: 0,000, Error: 0,0000 s
abr 04, 2013 12:33:07 PM org.ros.time.RemoteUptimeClock update
INFO: Latency: 7,0000 s, Delta ratio: 1,0000, Drift: 1,000, Error reduction coefficient: 0,000, Error: 0,0000 s
abr 04, 2013 12:33:07 PM org.ros.time.RemoteUptimeClock update
INFO: Latency: 7,0000 s, Delta ratio: 1,0000, Drift: 1,000, Error reduction coefficient: 0,000, Error: 0,0000 s
abr 04, 2013 12:33:07 PM org.ros.time.RemoteUptimeClock update
INFO: Latency: 7,0000 s, Delta ratio: 1,0000, Drift: 1,000, Error reduction coefficient: 0,000, Error: 0,0000 s
abr 04, 2013 12:33:07 PM org.ros.time.RemoteUptimeClock update
INFO: Latency: 7,0000 s, Delta ratio: 1,0000, Drift: 1,000, Error reduction coefficient: 0,000, Error: 0,0000 s
abr 04, 2013 12:33:07 PM org.ros.time.RemoteUptimeClock update
INFO: Latency: 7,0000 s, Delta ratio: 1,0000, Drift: 1,000, Error reduction coefficient: 0,000, Error: 0,0000 s
abr 04, 2013 12:33:07 PM org.ros.time.RemoteUptimeClock update
INFO: Latency: 7,0000 s, Delta ratio: 1,0000, Drift: 1,000, Error reduction coefficient: 0,000, Error: 0,0000 s
abr 04, 2013 12:33:07 PM org.ros.time.RemoteUptimeClock update
INFO: Latency: 7,0000 s, Delta ratio: 1,0000, Drift: 1,000, Error reduction coefficient: 0,000, Error: 0,0000 s
abr 04, 2013 12:33:07 PM org.ros.time.RemoteUptimeClock update
INFO: Latency: 7,0000 s, Delta ratio: 1,0000, Drift: 1,000, Error reduction coefficient: 0,000, Error: 0,0000 s
abr 04, 2013 12:33:07 PM org.ros.time.RemoteUptimeClock update
INFO: Latency: 7,0000 s, Delta ratio: 1,0000, Drift: 1,000, Error reduction coefficient: 0,000, Error: 0,0000 s
abr 04, 2013 12:33:07 PM org.ros.time.RemoteUptimeClock update
INFO: Latency: 7,0000 s, Delta ratio: 1,0000, Drift: 1,000, Error reduction coefficient: 0,000, Error: 0,0000 s
abr 04, 2013 12:33:07 PM org.ros.time.RemoteUptimeClock update
INFO: Latency: 7,0000 s, Delta ratio: 1,0000, Drift: 1,000, Error reduction coefficient: 0,000, Error: 0,0000 s
abr 04, 2013 12:33:07 PM org.ros.time.RemoteUptimeClock update
INFO: Latency: 7,0000 s, Delta ratio: 1,0000, Drift: 1,000, Error reduction coefficient: 0,000, Error: 0,0000 s
abr 04, 2013 12:33:07 PM org.ros.time.RemoteUptimeClock update
INFO: Latency: 7,0000 s, Delta ratio: 1,0000, Drift: 1,000, Error reduction coefficient: 0,000, Error: 0,0000 s
abr 04, 2013 12:33:07 PM org.ros.time.RemoteUptimeClock update
INFO: Latency: 7,0000 s, Delta ratio: 1,0000, Drift: 1,000, Error reduction coefficient: 0,000, Error: 0,0000 s
abr 04, 2013 12:33:07 PM org.ros.time.RemoteUptimeClock update
INFO: Latency: 7,0000 s, Delta ratio: 1,0000, Drift: 1,000, Error reduction coefficient: 0,000, Error: 0,0000 s
abr 04, 2013 12:33:07 PM org.ros.time.RemoteUptimeClock update
INFO: Latency: 7,0000 s, Delta ratio: 1,0000, Drift: 1,000, Error reduction coefficient: 0,000, Error: 0,0000 s
abr 04, 2013 12:33:07 PM org.ros.time.RemoteUptimeClock update
INFO: Latency: 7,0000 s, Delta ratio: 1,0000, Drift: 1,000, Error reduction coefficient: 0,000, Error: 0,0000 s
abr 04, 2013 12:33:08 PM org.ros.time.RemoteUptimeClock update
INFO: Latency: 7,0000 s, Delta ratio: 1,0000, Drift: 1,000, Error reduction coefficient: 0,000, Error: 0,0000 s
abr 04, 2013 12:33:08 PM org.ros.time.RemoteUptimeClock update
INFO: Latency: 7,0000 s, Delta ratio: 1,0000, Drift: 1,000, Error reduction coefficient: 0,000, Error: 0,0000 s
abr 04, 2013 12:33:08 PM org.ros.time.RemoteUptimeClock update
INFO: Latency: 7,0000 s, Delta ratio: 1,0000, Drift: 1,000, Error reduction coefficient: 0,000, Error: 0,0000 s
abr 04, 2013 12:33:08 PM org.ros.time.RemoteUptimeClock update
INFO: Latency: 7,0000 s, Delta ratio: 1,0000, Drift: 1,000, Error reduction coefficient: 0,000, Error: 0,0000 s
abr 04, 2013 12:33:08 PM org.ros.time.RemoteUptimeClock update
INFO: Latency: 7,0000 s, Delta ratio: 1,0000, Drift: 1,000, Error reduction coefficient: 0,000, Error: 0,0000 s
abr 04, 2013 12:33:08 PM org.ros.time.RemoteUptimeClock update
INFO: Latency: 7,0000 s, Delta ratio: 1,0000, Drift: 1,000, Error reduction coefficient: 0,000, Error: 0,0000 s
abr 04, 2013 12:33:08 PM org.ros.time.RemoteUptimeClock update
INFO: Latency: 7,0000 s, Delta ratio: 1,0000, Drift: 1,000, Error reduction coefficient: 0,000, Error: 0,0000 s
abr 04, 2013 12:33:08 PM org.ros.time.RemoteUptimeClock update
INFO: Latency: 7,0000 s, Delta ratio: 1,0000, Drift: 1,000, Error reduction coefficient: 0,000, Error: 0,0000 s
abr 04, 2013 12:33:08 PM org.ros.time.RemoteUptimeClock update
INFO: Latency: 7,0000 s, Delta ratio: 1,0000, Drift: 1,000, Error reduction coefficient: 0,000, Error: 0,0000 s
abr 04, 2013 12:33:08 PM org.ros.time.RemoteUptimeClock update
INFO: Latency: 7,0000 s, Delta ratio: 1,0000, Drift: 1,000, Error reduction coefficient: 0,000, Error: 0,0000 s
abr 04, 2013 12:33:08 PM org.ros.time.RemoteUptimeClock update
INFO: Latency: 7,0000 s, Delta ratio: 1,0000, Drift: 1,000, Error reduction coefficient: 0,000, Error: 0,0000 s
abr 04, 2013 12:33:08 PM org.ros.time.RemoteUptimeClock update
INFO: Latency: 7,0000 s, Delta ratio: 1,0000, Drift: 1,000, Error reduction coefficient: 0,000, Error: 0,0000 s
abr 04, 2013 12:33:08 PM org.ros.time.RemoteUptimeClock update
INFO: Latency: 7,0000 s, Delta ratio: 1,0000, Drift: 1,000, Error reduction coefficient: 0,000, Error: 0,0000 s
abr 04, 2013 12:33:08 PM org.ros.time.RemoteUptimeClock update
INFO: Latency: 7,0000 s, Delta ratio: 1,0000, Drift: 1,000, Error reduction coefficient: 0,000, Error: 0,0000 s
abr 04, 2013 12:33:08 PM org.ros.time.RemoteUptimeClock update
INFO: Latency: 7,0000 s, Delta ratio: 1,0000, Drift: 1,000, Error reduction coefficient: 0,000, Error: 0,0000 s
abr 04, 2013 12:33:08 PM org.ros.time.RemoteUptimeClock update
INFO: Latency: 7,0000 s, Delta ratio: 1,0000, Drift: 1,000, Error reduction coefficient: 0,000, Error: 0,0000 s
abr 04, 2013 12:33:08 PM org.ros.time.RemoteUptimeClock update
INFO: Latency: 7,0000 s, Delta ratio: 1,0000, Drift: 1,000, Error reduction coefficient: 0,000, Error: 0,0000 s
abr 04, 2013 12:33:08 PM org.ros.time.RemoteUptimeClock update
INFO: Latency: 7,0000 s, Delta ratio: 1,0000, Drift: 1,000, Error reduction coefficient: 0,000, Error: 0,0000 s
abr 04, 2013 12:33:08 PM org.ros.time.RemoteUptimeClock update
INFO: Latency: 7,0000 s, Delta ratio: 1,0000, Drift: 1,000, Error reduction coefficient: 0,000, Error: 0,0000 s
abr 04, 2013 12:33:08 PM org.ros.time.RemoteUptimeClock update
INFO: Latency: 7,0000 s, Delta ratio: 1,0000, Drift: 1,000, Error reduction coefficient: 0,000, Error: 0,0000 s
abr 04, 2013 12:33:08 PM org.ros.time.RemoteUptimeClock update
INFO: Latency: 7,0000 s, Delta ratio: 1,0000, Drift: 1,000, Error reduction coefficient: 0,000, Error: 0,0000 s
abr 04, 2013 12:33:08 PM org.ros.time.RemoteUptimeClock update
INFO: Latency: 7,0000 s, Delta ratio: 1,0000, Drift: 1,000, Error reduction coefficient: 0,000, Error: 0,0000 s
abr 04, 2013 12:33:08 PM org.ros.time.RemoteUptimeClock update
INFO: Latency: 7,0000 s, Delta ratio: 1,0000, Drift: 1,000, Error reduction coefficient: 0,000, Error: 0,0000 s
abr 04, 2013 12:33:08 PM org.ros.time.RemoteUptimeClock update
INFO: Latency: 7,0000 s, Delta ratio: 1,0000, Drift: 1,000, Error reduction coefficient: 0,000, Error: 0,0000 s
abr 04, 2013 12:33:08 PM org.ros.time.RemoteUptimeClock update
INFO: Latency: 7,0000 s, Delta ratio: 1,0000, Drift: 1,000, Error reduction coefficient: 0,000, Error: 0,0000 s
abr 04, 2013 12:33:08 PM org.ros.time.RemoteUptimeClock update
INFO: Latency: 7,0000 s, Delta ratio: 1,0000, Drift: 1,000, Error reduction coefficient: 0,000, Error: 0,0000 s
abr 04, 2013 12:33:08 PM org.ros.time.RemoteUptimeClock update
INFO: Latency: 7,0000 s, Delta ratio: 1,0000, Drift: 1,000, Error reduction coefficient: 0,000, Error: 0,0000 s
abr 04, 2013 12:33:08 PM org.ros.time.RemoteUptimeClock update
INFO: Latency: 7,0000 s, Delta ratio: 1,0000, Drift: 1,000, Error reduction coefficient: 0,000, Error: 0,0000 s
abr 04, 2013 12:33:08 PM org.ros.time.RemoteUptimeClock update
INFO: Latency: 7,0000 s, Delta ratio: 1,0000, Drift: 1,000, Error reduction coefficient: 0,000, Error: 0,0000 s
abr 04, 2013 12:33:08 PM org.ros.time.RemoteUptimeClock update
INFO: Latency: 7,0000 s, Delta ratio: 1,0000, Drift: 1,000, Error reduction coefficient: 0,000, Error: 0,0000 s
abr 04, 2013 12:33:08 PM org.ros.time.RemoteUptimeClock update
INFO: Latency: 7,0000 s, Delta ratio: 1,0000, Drift: 1,000, Error reduction coefficient: 0,000, Error: 0,0000 s
abr 04, 2013 12:33:08 PM org.ros.time.RemoteUptimeClock update
INFO: Latency: 7,0000 s, Delta ratio: 1,0000, Drift: 1,000, Error reduction coefficient: 0,000, Error: 0,0000 s
abr 04, 2013 12:33:08 PM org.ros.time.RemoteUptimeClock update
INFO: Latency: 7,0000 s, Delta ratio: 1,0000, Drift: 1,000, Error reduction coefficient: 0,000, Error: 0,0000 s
abr 04, 2013 12:33:08 PM org.ros.time.RemoteUptimeClock update
INFO: Latency: 7,0000 s, Delta ratio: 1,0000, Drift: 1,000, Error reduction coefficient: 0,000, Error: 0,0000 s
abr 04, 2013 12:33:08 PM org.ros.time.RemoteUptimeClock update
INFO: Latency: 7,0000 s, Delta ratio: 1,0000, Drift: 1,000, Error reduction coefficient: 0,000, Error: 0,0000 s
abr 04, 2013 12:33:08 PM org.ros.time.RemoteUptimeClock update
INFO: Latency: 7,0000 s, Delta ratio: 1,0000, Drift: 1,000, Error reduction coefficient: 0,000, Error: 0,0000 s
abr 04, 2013 12:33:08 PM org.ros.time.RemoteUptimeClock update
INFO: Latency: 7,0000 s, Delta ratio: 1,0000, Drift: 1,000, Error reduction coefficient: 0,000, Error: 0,0000 s
abr 04, 2013 12:33:08 PM org.ros.time.RemoteUptimeClock update
INFO: Latency: 7,0000 s, Delta ratio: 1,0000, Drift: 1,000, Error reduction coefficient: 0,000, Error: 0,0000 s
abr 04, 2013 12:33:08 PM org.ros.time.RemoteUptimeClock update
INFO: Latency: 7,0000 s, Delta ratio: 1,0000, Drift: 1,000, Error reduction coefficient: 0,000, Error: 0,0000 s
abr 04, 2013 12:33:08 PM org.ros.time.RemoteUptimeClock update
INFO: Latency: 7,0000 s, Delta ratio: 1,0000, Drift: 1,000, Error reduction coefficient: 0,000, Error: 0,0000 s
abr 04, 2013 12:33:08 PM org.ros.time.RemoteUptimeClock update
INFO: Latency: 7,0000 s, Delta ratio: 1,0000, Drift: 1,000, Error reduction coefficient: 0,000, Error: 0,0000 s
abr 04, 2013 12:33:08 PM org.ros.time.RemoteUptimeClock update
INFO: Latency: 7,0000 s, Delta ratio: 1,0000, Drift: 1,000, Error reduction coefficient: 0,000, Error: 0,0000 s
abr 04, 2013 12:33:08 PM org.ros.time.RemoteUptimeClock update
INFO: Latency: 7,0000 s, Delta ratio: 1,0000, Drift: 1,000, Error reduction coefficient: 0,000, Error: 0,0000 s
abr 04, 2013 12:33:08 PM org.ros.time.RemoteUptimeClock update
INFO: Latency: 7,0000 s, Delta ratio: 1,0000, Drift: 1,000, Error reduction coefficient: 0,000, Error: 0,0000 s
abr 04, 2013 12:33:08 PM org.ros.time.RemoteUptimeClock update
INFO: Latency: 7,0000 s, Delta ratio: 1,0000, Drift: 1,000, Error reduction coefficient: 0,000, Error: 0,0000 s
abr 04, 2013 12:33:08 PM org.ros.time.RemoteUptimeClock update
INFO: Latency: 7,0000 s, Delta ratio: 1,0000, Drift: 1,000, Error reduction coefficient: 0,000, Error: 0,0000 s
abr 04, 2013 12:33:08 PM org.ros.time.RemoteUptimeClock update
INFO: Latency: 7,0000 s, Delta ratio: 1,0000, Drift: 1,000, Error reduction coefficient: 0,000, Error: 0,0000 s
abr 04, 2013 12:33:08 PM org.ros.time.RemoteUptimeClock update
INFO: Latency: 7,0000 s, Delta ratio: 1,0000, Drift: 1,000, Error reduction coefficient: 0,000, Error: 0,0000 s
abr 04, 2013 12:33:08 PM org.ros.time.RemoteUptimeClock update
INFO: Latency: 7,0000 s, Delta ratio: 1,0000, Drift: 1,000, Error reduction coefficient: 0,000, Error: 0,0000 s
abr 04, 2013 12:33:08 PM org.ros.time.RemoteUptimeClock update
INFO: Latency: 7,0000 s, Delta ratio: 1,0000, Drift: 1,000, Error reduction coefficient: 0,000, Error: 0,0000 s
abr 04, 2013 12:33:08 PM org.ros.time.RemoteUptimeClock update
INFO: Latency: 7,0000 s, Delta ratio: 1,0000, Drift: 1,000, Error reduction coefficient: 0,000, Error: 0,0000 s
abr 04, 2013 12:33:08 PM org.ros.time.RemoteUptimeClock update
INFO: Latency: 7,0000 s, Delta ratio: 1,0000, Drift: 1,000, Error reduction coefficient: 0,000, Error: 0,0000 s
abr 04, 2013 12:33:08 PM org.ros.time.RemoteUptimeClock update
INFO: Latency: 7,0000 s, Delta ratio: 1,0000, Drift: 1,000, Error reduction coefficient: 0,000, Error: 0,0000 s
abr 04, 2013 12:33:08 PM org.ros.time.RemoteUptimeClock update
INFO: Latency: 7,0000 s, Delta ratio: 1,0000, Drift: 1,000, Error reduction coefficient: 0,000, Error: 0,0000 s
abr 04, 2013 12:33:08 PM org.ros.time.RemoteUptimeClock update
INFO: Latency: 7,0000 s, Delta ratio: 1,0000, Drift: 1,000, Error reduction coefficient: 0,000, Error: 0,0000 s
abr 04, 2013 12:33:08 PM org.ros.time.RemoteUptimeClock update
INFO: Latency: 7,0000 s, Delta ratio: 1,0000, Drift: 1,000, Error reduction coefficient: 0,000, Error: 0,0000 s
abr 04, 2013 12:33:08 PM org.ros.time.RemoteUptimeClock update
INFO: Latency: 7,0000 s, Delta ratio: 1,0000, Drift: 1,000, Error reduction coefficient: 0,000, Error: 0,0000 s
abr 04, 2013 12:33:08 PM org.ros.time.RemoteUptimeClock update
INFO: Latency: 7,0000 s, Delta ratio: 1,0000, Drift: 1,000, Error reduction coefficient: 0,000, Error: 0,0000 s
abr 04, 2013 12:33:08 PM org.ros.time.RemoteUptimeClock update
INFO: Latency: 7,0000 s, Delta ratio: 1,0000, Drift: 1,000, Error reduction coefficient: 0,000, Error: 0,0000 s
abr 04, 2013 12:33:08 PM org.ros.time.RemoteUptimeClock update
INFO: Latency: 7,0000 s, Delta ratio: 1,0000, Drift: 1,000, Error reduction coefficient: 0,000, Error: 0,0000 s
abr 04, 2013 12:33:08 PM org.ros.time.RemoteUptimeClock update
INFO: Latency: 7,0000 s, Delta ratio: 1,0000, Drift: 1,000, Error reduction coefficient: 0,000, Error: 0,0000 s
abr 04, 2013 12:33:08 PM org.ros.time.RemoteUptimeClock update
INFO: Latency: 7,0000 s, Delta ratio: 1,0000, Drift: 1,000, Error reduction coefficient: 0,000, Error: 0,0000 s
abr 04, 2013 12:33:08 PM org.ros.time.RemoteUptimeClock update
INFO: Latency: 7,0000 s, Delta ratio: 1,0000, Drift: 1,000, Error reduction coefficient: 0,000, Error: 0,0000 s
abr 04, 2013 12:33:08 PM org.ros.time.RemoteUptimeClock update
INFO: Latency: 7,0000 s, Delta ratio: 1,0000, Drift: 1,000, Error reduction coefficient: 0,000, Error: 0,0000 s
abr 04, 2013 12:33:08 PM org.ros.time.RemoteUptimeClock update
INFO: Latency: 7,0000 s, Delta ratio: 1,0000, Drift: 1,000, Error reduction coefficient: 0,000, Error: 0,0000 s
abr 04, 2013 12:33:08 PM org.ros.time.RemoteUptimeClock update
INFO: Latency: 7,0000 s, Delta ratio: 1,0000, Drift: 1,000, Error reduction coefficient: 0,000, Error: 0,0000 s
abr 04, 2013 12:33:08 PM org.ros.time.RemoteUptimeClock update
INFO: Latency: 7,0000 s, Delta ratio: 1,0000, Drift: 1,000, Error reduction coefficient: 0,000, Error: 0,0000 s
abr 04, 2013 12:33:08 PM org.ros.time.RemoteUptimeClock update
INFO: Latency: 7,0000 s, Delta ratio: 1,0000, Drift: 1,000, Error reduction coefficient: 0,000, Error: 0,0000 s
abr 04, 2013 12:33:08 PM org.ros.time.RemoteUptimeClock update
INFO: Latency: 7,0000 s, Delta ratio: 1,0000, Drift: 1,000, Error reduction coefficient: 0,000, Error: 0,0000 s
abr 04, 2013 12:33:08 PM org.ros.time.RemoteUptimeClock update
INFO: Latency: 7,0000 s, Delta ratio: 1,0000, Drift: 1,000, Error reduction coefficient: 0,000, Error: 0,0000 s
abr 04, 2013 12:33:08 PM org.ros.time.RemoteUptimeClock update
INFO: Latency: 7,0000 s, Delta ratio: 1,0000, Drift: 1,000, Error reduction coefficient: 0,000, Error: 0,0000 s
abr 04, 2013 12:33:08 PM org.ros.time.RemoteUptimeClock update
INFO: Latency: 7,0000 s, Delta ratio: 1,0000, Drift: 1,000, Error reduction coefficient: 0,000, Error: 0,0000 s
abr 04, 2013 12:33:08 PM org.ros.time.RemoteUptimeClock update
INFO: Latency: 7,0000 s, Delta ratio: 1,0000, Drift: 1,000, Error reduction coefficient: 0,000, Error: 0,0000 s
abr 04, 2013 12:33:08 PM org.ros.time.RemoteUptimeClock update
INFO: Latency: 7,0000 s, Delta ratio: 1,0000, Drift: 1,000, Error reduction coefficient: 0,000, Error: 0,0000 s
abr 04, 2013 12:33:08 PM org.ros.time.RemoteUptimeClock update
INFO: Latency: 7,0000 s, Delta ratio: 1,0000, Drift: 1,000, Error reduction coefficient: 0,000, Error: 0,0000 s
abr 04, 2013 12:33:08 PM org.ros.time.RemoteUptimeClock update
INFO: Latency: 7,0000 s, Delta ratio: 1,0000, Drift: 1,000, Error reduction coefficient: 0,000, Error: 0,0000 s
abr 04, 2013 12:33:08 PM org.ros.time.RemoteUptimeClock update
INFO: Latency: 7,0000 s, Delta ratio: 1,0000, Drift: 1,000, Error reduction coefficient: 0,000, Error: 0,0000 s
abr 04, 2013 12:33:08 PM org.ros.time.RemoteUptimeClock update
INFO: Latency: 7,0000 s, Delta ratio: 1,0000, Drift: 1,000, Error reduction coefficient: 0,000, Error: 0,0000 s
abr 04, 2013 12:33:08 PM org.ros.time.RemoteUptimeClock update
INFO: Latency: 7,0000 s, Delta ratio: 1,0000, Drift: 1,000, Error reduction coefficient: 0,000, Error: 0,0000 s
abr 04, 2013 12:33:08 PM org.ros.time.RemoteUptimeClock update
INFO: Latency: 7,0000 s, Delta ratio: 1,0000, Drift: 1,000, Error reduction coefficient: 0,000, Error: 0,0000 s
abr 04, 2013 12:33:08 PM org.ros.time.RemoteUptimeClock update
INFO: Latency: 7,0000 s, Delta ratio: 1,0000, Drift: 1,000, Error reduction coefficient: 0,000, Error: 0,0000 s
abr 04, 2013 12:33:08 PM org.ros.time.RemoteUptimeClock update
INFO: Latency: 7,0000 s, Delta ratio: 1,0000, Drift: 1,000, Error reduction coefficient: 0,000, Error: 0,0000 s
abr 04, 2013 12:33:08 PM org.ros.time.RemoteUptimeClock update
INFO: Latency: 7,0000 s, Delta ratio: 1,0000, Drift: 1,000, Error reduction coefficient: 0,000, Error: 0,0000 s
abr 04, 2013 12:33:08 PM org.ros.time.RemoteUptimeClock update
INFO: Latency: 7,0000 s, Delta ratio: 1,0000, Drift: 1,000, Error reduction coefficient: 0,000, Error: 0,0000 s
abr 04, 2013 12:33:08 PM org.ros.time.RemoteUptimeClock update
INFO: Latency: 7,0000 s, Delta ratio: 1,0000, Drift: 1,000, Error reduction coefficient: 0,000, Error: 0,0000 s
abr 04, 2013 12:33:08 PM org.ros.time.RemoteUptimeClock update
INFO: Latency: 7,0000 s, Delta ratio: 1,0000, Drift: 1,000, Error reduction coefficient: 0,000, Error: 0,0000 s
abr 04, 2013 12:33:08 PM org.ros.time.RemoteUptimeClock update
INFO: Latency: 7,0000 s, Delta ratio: 1,0000, Drift: 1,000, Error reduction coefficient: 0,000, Error: 0,0000 s
abr 04, 2013 12:33:08 PM org.ros.time.RemoteUptimeClock update
INFO: Latency: 7,0000 s, Delta ratio: 1,0000, Drift: 1,000, Error reduction coefficient: 0,000, Error: 0,0000 s
abr 04, 2013 12:33:08 PM org.ros.time.RemoteUptimeClock update
INFO: Latency: 7,0000 s, Delta ratio: 1,0000, Drift: 1,000, Error reduction coefficient: 0,000, Error: 0,0000 s
abr 04, 2013 12:33:08 PM org.ros.time.RemoteUptimeClock update
INFO: Latency: 7,0000 s, Delta ratio: 1,0000, Drift: 1,000, Error reduction coefficient: 0,000, Error: 0,0000 s
abr 04, 2013 12:33:08 PM org.ros.time.RemoteUptimeClock update
INFO: Latency: 7,0000 s, Delta ratio: 1,0000, Drift: 1,000, Error reduction coefficient: 0,000, Error: 0,0000 s
abr 04, 2013 12:33:08 PM org.ros.time.RemoteUptimeClock update
INFO: Latency: 7,0000 s, Delta ratio: 1,0000, Drift: 1,000, Error reduction coefficient: 0,000, Error: 0,0000 s
abr 04, 2013 12:33:08 PM org.ros.time.RemoteUptimeClock update
INFO: Latency: 7,0000 s, Delta ratio: 1,0000, Drift: 1,000, Error reduction coefficient: 0,000, Error: 0,0000 s
abr 04, 2013 12:33:08 PM org.ros.time.RemoteUptimeClock update
INFO: Latency: 7,0000 s, Delta ratio: 1,0000, Drift: 1,000, Error reduction coefficient: 0,000, Error: 0,0000 s
abr 04, 2013 12:33:08 PM org.ros.time.RemoteUptimeClock update
INFO: Latency: 7,0000 s, Delta ratio: 1,0000, Drift: 1,000, Error reduction coefficient: 0,000, Error: 0,0000 s
abr 04, 2013 12:33:08 PM org.ros.time.RemoteUptimeClock update
INFO: Latency: 7,0000 s, Delta ratio: 1,0000, Drift: 1,000, Error reduction coefficient: 0,000, Error: 0,0000 s
abr 04, 2013 12:33:08 PM org.ros.time.RemoteUptimeClock update
INFO: Latency: 7,0000 s, Delta ratio: 1,0000, Drift: 1,000, Error reduction coefficient: 0,000, Error: 0,0000 s
abr 04, 2013 12:33:08 PM org.ros.time.RemoteUptimeClock update
INFO: Latency: 7,0000 s, Delta ratio: 1,0000, Drift: 1,000, Error reduction coefficient: 0,000, Error: 0,0000 s
abr 04, 2013 12:33:08 PM org.ros.time.RemoteUptimeClock update
INFO: Latency: 7,0000 s, Delta ratio: 1,0000, Drift: 1,000, Error reduction coefficient: 0,000, Error: 0,0000 s
abr 04, 2013 12:33:08 PM org.ros.time.RemoteUptimeClock update
INFO: Latency: 7,0000 s, Delta ratio: 1,0000, Drift: 1,000, Error reduction coefficient: 0,000, Error: 0,0000 s
abr 04, 2013 12:33:08 PM org.ros.time.RemoteUptimeClock update
INFO: Latency: 7,0000 s, Delta ratio: 1,0000, Drift: 1,000, Error reduction coefficient: 0,000, Error: 0,0000 s
abr 04, 2013 12:33:08 PM org.ros.time.RemoteUptimeClock update
INFO: Latency: 7,0000 s, Delta ratio: 1,0000, Drift: 1,000, Error reduction coefficient: 0,000, Error: 0,0000 s
abr 04, 2013 12:33:08 PM org.ros.time.RemoteUptimeClock update
INFO: Latency: 7,0000 s, Delta ratio: 1,0000, Drift: 1,000, Error reduction coefficient: 0,000, Error: 0,0000 s
abr 04, 2013 12:33:08 PM org.ros.time.RemoteUptimeClock update
INFO: Latency: 7,0000 s, Delta ratio: 1,0000, Drift: 1,000, Error reduction coefficient: 0,000, Error: 0,0000 s
abr 04, 2013 12:33:08 PM org.ros.time.RemoteUptimeClock update
INFO: Latency: 7,0000 s, Delta ratio: 1,0000, Drift: 1,000, Error reduction coefficient: 0,000, Error: 0,0000 s
abr 04, 2013 12:33:08 PM org.ros.time.RemoteUptimeClock update
INFO: Latency: 7,0000 s, Delta ratio: 1,0000, Drift: 1,000, Error reduction coefficient: 0,000, Error: 0,0000 s
abr 04, 2013 12:33:08 PM org.ros.time.RemoteUptimeClock update
INFO: Latency: 7,0000 s, Delta ratio: 1,0000, Drift: 1,000, Error reduction coefficient: 0,000, Error: 0,0000 s
abr 04, 2013 12:33:08 PM org.ros.time.RemoteUptimeClock update
INFO: Latency: 7,0000 s, Delta ratio: 1,0000, Drift: 1,000, Error reduction coefficient: 0,000, Error: 0,0000 s
abr 04, 2013 12:33:08 PM org.ros.time.RemoteUptimeClock update
INFO: Latency: 7,0000 s, Delta ratio: 1,0000, Drift: 1,000, Error reduction coefficient: 0,000, Error: 0,0000 s
abr 04, 2013 12:33:08 PM org.ros.time.RemoteUptimeClock update
INFO: Latency: 7,0000 s, Delta ratio: 1,0000, Drift: 1,000, Error reduction coefficient: 0,000, Error: 0,0000 s
abr 04, 2013 12:33:08 PM org.ros.time.RemoteUptimeClock update
INFO: Latency: 7,0000 s, Delta ratio: 1,0000, Drift: 1,000, Error reduction coefficient: 0,000, Error: 0,0000 s
abr 04, 2013 12:33:08 PM org.ros.time.RemoteUptimeClock update
INFO: Latency: 7,0000 s, Delta ratio: 1,0000, Drift: 1,000, Error reduction coefficient: 0,000, Error: 0,0000 s
abr 04, 2013 12:33:08 PM org.ros.time.RemoteUptimeClock update
INFO: Latency: 7,0000 s, Delta ratio: 1,0000, Drift: 1,000, Error reduction coefficient: 0,000, Error: 0,0000 s
abr 04, 2013 12:33:08 PM org.ros.time.RemoteUptimeClock update
INFO: Latency: 7,0000 s, Delta ratio: 1,0000, Drift: 1,000, Error reduction coefficient: 0,000, Error: 0,0000 s
abr 04, 2013 12:33:08 PM org.ros.time.RemoteUptimeClock update
INFO: Latency: 7,0000 s, Delta ratio: 1,0000, Drift: 1,000, Error reduction coefficient: 0,000, Error: 0,0000 s
abr 04, 2013 12:33:08 PM org.ros.time.RemoteUptimeClock update
INFO: Latency: 7,0000 s, Delta ratio: 1,0000, Drift: 1,000, Error reduction coefficient: 0,000, Error: 0,0000 s
abr 04, 2013 12:33:08 PM org.ros.time.RemoteUptimeClock update
INFO: Latency: 7,0000 s, Delta ratio: 1,0000, Drift: 1,000, Error reduction coefficient: 0,000, Error: 0,0000 s
abr 04, 2013 12:33:08 PM org.ros.time.RemoteUptimeClock update
INFO: Latency: 7,0000 s, Delta ratio: 1,0000, Drift: 1,000, Error reduction coefficient: 0,000, Error: 0,0000 s
abr 04, 2013 12:33:08 PM org.ros.time.RemoteUptimeClock update
INFO: Latency: 7,0000 s, Delta ratio: 1,0000, Drift: 1,000, Error reduction coefficient: 0,000, Error: 0,0000 s
abr 04, 2013 12:33:08 PM org.ros.time.RemoteUptimeClock update
INFO: Latency: 7,0000 s, Delta ratio: 1,0000, Drift: 1,000, Error reduction coefficient: 0,000, Error: 0,0000 s
abr 04, 2013 12:33:08 PM org.ros.time.RemoteUptimeClock update
INFO: Latency: 7,0000 s, Delta ratio: 1,0000, Drift: 1,000, Error reduction coefficient: 0,000, Error: 0,0000 s
abr 04, 2013 12:33:08 PM org.ros.time.RemoteUptimeClock update
INFO: Latency: 7,0000 s, Delta ratio: 1,0000, Drift: 1,000, Error reduction coefficient: 0,000, Error: 0,0000 s
abr 04, 2013 12:33:08 PM org.ros.time.RemoteUptimeClock update
INFO: Latency: 7,0000 s, Delta ratio: 1,0000, Drift: 1,000, Error reduction coefficient: 0,000, Error: 0,0000 s
abr 04, 2013 12:33:08 PM org.ros.time.RemoteUptimeClock update
INFO: Latency: 7,0000 s, Delta ratio: 1,0000, Drift: 1,000, Error reduction coefficient: 0,000, Error: 0,0000 s
abr 04, 2013 12:33:08 PM org.ros.time.RemoteUptimeClock update
INFO: Latency: 7,0000 s, Delta ratio: 1,0000, Drift: 1,000, Error reduction coefficient: 0,000, Error: 0,0000 s
abr 04, 2013 12:33:08 PM org.ros.time.RemoteUptimeClock update
INFO: Latency: 7,0000 s, Delta ratio: 1,0000, Drift: 1,000, Error reduction coefficient: 0,000, Error: 0,0000 s
abr 04, 2013 12:33:08 PM org.ros.time.RemoteUptimeClock update
INFO: Latency: 7,0000 s, Delta ratio: 1,0000, Drift: 1,000, Error reduction coefficient: 0,000, Error: 0,0000 s
abr 04, 2013 12:33:08 PM org.ros.time.RemoteUptimeClock update
INFO: Latency: 7,0000 s, Delta ratio: 1,0000, Drift: 1,000, Error reduction coefficient: 0,000, Error: 0,0000 s
abr 04, 2013 12:33:08 PM org.ros.time.RemoteUptimeClock update
INFO: Latency: 7,0000 s, Delta ratio: 1,0000, Drift: 1,000, Error reduction coefficient: 0,000, Error: 0,0000 s
abr 04, 2013 12:33:08 PM org.ros.time.RemoteUptimeClock update
INFO: Latency: 7,0000 s, Delta ratio: 1,0000, Drift: 1,000, Error reduction coefficient: 0,000, Error: 0,0000 s
abr 04, 2013 12:33:08 PM org.ros.time.RemoteUptimeClock update
INFO: Latency: 7,0000 s, Delta ratio: 1,0000, Drift: 1,000, Error reduction coefficient: 0,000, Error: 0,0000 s
abr 04, 2013 12:33:08 PM org.ros.time.RemoteUptimeClock update
INFO: Latency: 7,0000 s, Delta ratio: 1,0000, Drift: 1,000, Error reduction coefficient: 0,000, Error: 0,0000 s
abr 04, 2013 12:33:08 PM org.ros.time.RemoteUptimeClock update
INFO: Latency: 7,0000 s, Delta ratio: 1,0000, Drift: 1,000, Error reduction coefficient: 0,000, Error: 0,0000 s
abr 04, 2013 12:33:08 PM org.ros.time.RemoteUptimeClock update
INFO: Latency: 7,0000 s, Delta ratio: 1,0000, Drift: 1,000, Error reduction coefficient: 0,000, Error: 0,0000 s
abr 04, 2013 12:33:08 PM org.ros.time.RemoteUptimeClock update
INFO: Latency: 7,0000 s, Delta ratio: 1,0000, Drift: 1,000, Error reduction coefficient: 0,000, Error: 0,0000 s
abr 04, 2013 12:33:08 PM org.ros.time.RemoteUptimeClock update
INFO: Latency: 7,0000 s, Delta ratio: 1,0000, Drift: 1,000, Error reduction coefficient: 0,000, Error: 0,0000 s
abr 04, 2013 12:33:08 PM org.ros.time.RemoteUptimeClock update
INFO: Latency: 7,0000 s, Delta ratio: 1,0000, Drift: 1,000, Error reduction coefficient: 0,000, Error: 0,0000 s
abr 04, 2013 12:33:08 PM org.ros.time.RemoteUptimeClock update
INFO: Latency: 7,0000 s, Delta ratio: 1,0000, Drift: 1,000, Error reduction coefficient: 0,000, Error: 0,0000 s
abr 04, 2013 12:33:08 PM org.ros.time.RemoteUptimeClock update
INFO: Latency: 7,0000 s, Delta ratio: 1,0000, Drift: 1,000, Error reduction coefficient: 0,000, Error: 0,0000 s
abr 04, 2013 12:33:08 PM org.ros.time.RemoteUptimeClock update
INFO: Latency: 7,0000 s, Delta ratio: 1,0000, Drift: 1,000, Error reduction coefficient: 0,000, Error: 0,0000 s
abr 04, 2013 12:33:08 PM org.ros.time.RemoteUptimeClock update
INFO: Latency: 7,0000 s, Delta ratio: 1,0000, Drift: 1,000, Error reduction coefficient: 0,000, Error: 0,0000 s
abr 04, 2013 12:33:08 PM org.ros.time.RemoteUptimeClock update
INFO: Latency: 7,0000 s, Delta ratio: 1,0000, Drift: 1,000, Error reduction coefficient: 0,000, Error: 0,0000 s
abr 04, 2013 12:33:08 PM org.ros.time.RemoteUptimeClock update
INFO: Latency: 7,0000 s, Delta ratio: 1,0000, Drift: 1,000, Error reduction coefficient: 0,000, Error: 0,0000 s
abr 04, 2013 12:33:08 PM org.ros.time.RemoteUptimeClock update
INFO: Latency: 7,0000 s, Delta ratio: 1,0000, Drift: 1,000, Error reduction coefficient: 0,000, Error: 0,0000 s
abr 04, 2013 12:33:08 PM org.ros.time.RemoteUptimeClock update
INFO: Latency: 7,0000 s, Delta ratio: 1,0000, Drift: 1,000, Error reduction coefficient: 0,000, Error: 0,0000 s
abr 04, 2013 12:33:08 PM org.ros.time.RemoteUptimeClock update
INFO: Latency: 7,0000 s, Delta ratio: 1,0000, Drift: 1,000, Error reduction coefficient: 0,000, Error: 0,0000 s
abr 04, 2013 12:33:08 PM org.ros.time.RemoteUptimeClock update
INFO: Latency: 7,0000 s, Delta ratio: 1,0000, Drift: 1,000, Error reduction coefficient: 0,000, Error: 0,0000 s
abr 04, 2013 12:33:08 PM org.ros.time.RemoteUptimeClock update
INFO: Latency: 7,0000 s, Delta ratio: 1,0000, Drift: 1,000, Error reduction coefficient: 0,000, Error: 0,0000 s
abr 04, 2013 12:33:08 PM org.ros.time.RemoteUptimeClock update
INFO: Latency: 7,0000 s, Delta ratio: 1,0000, Drift: 1,000, Error reduction coefficient: 0,000, Error: 0,0000 s
abr 04, 2013 12:33:08 PM org.ros.time.RemoteUptimeClock update
INFO: Latency: 7,0000 s, Delta ratio: 1,0000, Drift: 1,000, Error reduction coefficient: 0,000, Error: 0,0000 s
abr 04, 2013 12:33:08 PM org.ros.time.RemoteUptimeClock update
INFO: Latency: 7,0000 s, Delta ratio: 1,0000, Drift: 1,000, Error reduction coefficient: 0,000, Error: 0,0000 s
abr 04, 2013 12:33:08 PM org.ros.time.RemoteUptimeClock update
INFO: Latency: 7,0000 s, Delta ratio: 1,0000, Drift: 1,000, Error reduction coefficient: 0,000, Error: 0,0000 s
abr 04, 2013 12:33:08 PM org.ros.time.RemoteUptimeClock update
INFO: Latency: 7,0000 s, Delta ratio: 1,0000, Drift: 1,000, Error reduction coefficient: 0,000, Error: 0,0000 s
abr 04, 2013 12:33:08 PM org.ros.time.RemoteUptimeClock update
INFO: Latency: 7,0000 s, Delta ratio: 1,0000, Drift: 1,000, Error reduction coefficient: 0,000, Error: 0,0000 s
abr 04, 2013 12:33:08 PM org.ros.time.RemoteUptimeClock update
INFO: Latency: 7,0000 s, Delta ratio: 1,0000, Drift: 1,000, Error reduction coefficient: 0,000, Error: 0,0000 s
abr 04, 2013 12:33:08 PM org.ros.time.RemoteUptimeClock update
INFO: Latency: 7,0000 s, Delta ratio: 1,0000, Drift: 1,000, Error reduction coefficient: 0,000, Error: 0,0000 s
abr 04, 2013 12:33:08 PM org.ros.time.RemoteUptimeClock update
INFO: Latency: 7,0000 s, Delta ratio: 1,0000, Drift: 1,000, Error reduction coefficient: 0,000, Error: 0,0000 s
abr 04, 2013 12:33:08 PM org.ros.time.RemoteUptimeClock update
INFO: Latency: 7,0000 s, Delta ratio: 1,0000, Drift: 1,000, Error reduction coefficient: 0,000, Error: 0,0000 s
abr 04, 2013 12:33:08 PM org.ros.time.RemoteUptimeClock update
INFO: Latency: 7,0000 s, Delta ratio: 1,0000, Drift: 1,000, Error reduction coefficient: 0,000, Error: 0,0000 s
abr 04, 2013 12:33:08 PM org.ros.time.RemoteUptimeClock update
INFO: Latency: 7,0000 s, Delta ratio: 1,0000, Drift: 1,000, Error reduction coefficient: 0,000, Error: 0,0000 s
abr 04, 2013 12:33:08 PM org.ros.time.RemoteUptimeClock update
INFO: Latency: 7,0000 s, Delta ratio: 1,0000, Drift: 1,000, Error reduction coefficient: 0,000, Error: 0,0000 s
abr 04, 2013 12:33:08 PM org.ros.time.RemoteUptimeClock update
INFO: Latency: 7,0000 s, Delta ratio: 1,0000, Drift: 1,000, Error reduction coefficient: 0,000, Error: 0,0000 s
abr 04, 2013 12:33:08 PM org.ros.time.RemoteUptimeClock update
INFO: Latency: 7,0000 s, Delta ratio: 1,0000, Drift: 1,000, Error reduction coefficient: 0,000, Error: 0,0000 s
abr 04, 2013 12:33:08 PM org.ros.time.RemoteUptimeClock update
INFO: Latency: 7,0000 s, Delta ratio: 1,0000, Drift: 1,000, Error reduction coefficient: 0,000, Error: 0,0000 s
abr 04, 2013 12:33:08 PM org.ros.time.RemoteUptimeClock update
INFO: Latency: 7,0000 s, Delta ratio: 1,0000, Drift: 1,000, Error reduction coefficient: 0,000, Error: 0,0000 s
abr 04, 2013 12:33:08 PM org.ros.time.RemoteUptimeClock update
INFO: Latency: 7,0000 s, Delta ratio: 1,0000, Drift: 1,000, Error reduction coefficient: 0,000, Error: 0,0000 s
abr 04, 2013 12:33:08 PM org.ros.time.RemoteUptimeClock update
INFO: Latency: 7,0000 s, Delta ratio: 1,0000, Drift: 1,000, Error reduction coefficient: 0,000, Error: 0,0000 s
abr 04, 2013 12:33:08 PM org.ros.time.RemoteUptimeClock update
INFO: Latency: 7,0000 s, Delta ratio: 1,0000, Drift: 1,000, Error reduction coefficient: 0,000, Error: 0,0000 s
abr 04, 2013 12:33:08 PM org.ros.time.RemoteUptimeClock update
INFO: Latency: 7,0000 s, Delta ratio: 1,0000, Drift: 1,000, Error reduction coefficient: 0,000, Error: 0,0000 s
abr 04, 2013 12:33:08 PM org.ros.time.RemoteUptimeClock update
INFO: Latency: 7,0000 s, Delta ratio: 1,0000, Drift: 1,000, Error reduction coefficient: 0,000, Error: 0,0000 s
abr 04, 2013 12:33:08 PM org.ros.time.RemoteUptimeClock update
INFO: Latency: 7,0000 s, Delta ratio: 1,0000, Drift: 1,000, Error reduction coefficient: 0,000, Error: 0,0000 s
abr 04, 2013 12:33:08 PM org.ros.time.RemoteUptimeClock update
INFO: Latency: 7,0000 s, Delta ratio: 1,0000, Drift: 1,000, Error reduction coefficient: 0,000, Error: 0,0000 s
abr 04, 2013 12:33:08 PM org.ros.time.RemoteUptimeClock update
INFO: Latency: 7,0000 s, Delta ratio: 1,0000, Drift: 1,000, Error reduction coefficient: 0,000, Error: 0,0000 s
abr 04, 2013 12:33:08 PM org.ros.time.RemoteUptimeClock update
INFO: Latency: 7,0000 s, Delta ratio: 1,0000, Drift: 1,000, Error reduction coefficient: 0,000, Error: 0,0000 s
abr 04, 2013 12:33:08 PM org.ros.time.RemoteUptimeClock update
INFO: Latency: 7,0000 s, Delta ratio: 1,0000, Drift: 1,000, Error reduction coefficient: 0,000, Error: 0,0000 s
abr 04, 2013 12:33:08 PM org.ros.time.RemoteUptimeClock update
INFO: Latency: 7,0000 s, Delta ratio: 1,0000, Drift: 1,000, Error reduction coefficient: 0,000, Error: 0,0000 s
abr 04, 2013 12:33:08 PM org.ros.time.RemoteUptimeClock update
INFO: Latency: 7,0000 s, Delta ratio: 1,0000, Drift: 1,000, Error reduction coefficient: 0,000, Error: 0,0000 s
abr 04, 2013 12:33:08 PM org.ros.time.RemoteUptimeClock update
INFO: Latency: 7,0000 s, Delta ratio: 1,0000, Drift: 1,000, Error reduction coefficient: 0,000, Error: 0,0000 s
abr 04, 2013 12:33:08 PM org.ros.time.RemoteUptimeClock update
INFO: Latency: 7,0000 s, Delta ratio: 1,0000, Drift: 1,000, Error reduction coefficient: 0,000, Error: 0,0000 s
abr 04, 2013 12:33:08 PM org.ros.time.RemoteUptimeClock update
INFO: Latency: 7,0000 s, Delta ratio: 1,0000, Drift: 1,000, Error reduction coefficient: 0,000, Error: 0,0000 s
abr 04, 2013 12:33:08 PM org.ros.time.RemoteUptimeClock update
INFO: Latency: 7,0000 s, Delta ratio: 1,0000, Drift: 1,000, Error reduction coefficient: 0,000, Error: 0,0000 s
abr 04, 2013 12:33:08 PM org.ros.time.RemoteUptimeClock update
INFO: Latency: 7,0000 s, Delta ratio: 1,0000, Drift: 1,000, Error reduction coefficient: 0,000, Error: 0,0000 s
abr 04, 2013 12:33:08 PM org.ros.time.RemoteUptimeClock update
INFO: Latency: 7,0000 s, Delta ratio: 1,0000, Drift: 1,000, Error reduction coefficient: 0,000, Error: 0,0000 s
abr 04, 2013 12:33:08 PM org.ros.time.RemoteUptimeClock update
INFO: Latency: 7,0000 s, Delta ratio: 1,0000, Drift: 1,000, Error reduction coefficient: 0,000, Error: 0,0000 s
abr 04, 2013 12:33:08 PM org.ros.time.RemoteUptimeClock update
INFO: Latency: 7,0000 s, Delta ratio: 1,0000, Drift: 1,000, Error reduction coefficient: 0,000, Error: 0,0000 s
abr 04, 2013 12:33:08 PM org.ros.time.RemoteUptimeClock update
INFO: Latency: 7,0000 s, Delta ratio: 1,0000, Drift: 1,000, Error reduction coefficient: 0,000, Error: 0,0000 s
abr 04, 2013 12:33:08 PM org.ros.time.RemoteUptimeClock update
INFO: Latency: 7,0000 s, Delta ratio: 1,0000, Drift: 1,000, Error reduction coefficient: 0,000, Error: 0,0000 s
abr 04, 2013 12:33:08 PM org.ros.time.RemoteUptimeClock update
INFO: Latency: 7,0000 s, Delta ratio: 1,0000, Drift: 1,000, Error reduction coefficient: 0,000, Error: 0,0000 s
abr 04, 2013 12:33:08 PM org.ros.time.RemoteUptimeClock update
INFO: Latency: 7,0000 s, Delta ratio: 1,0000, Drift: 1,000, Error reduction coefficient: 0,000, Error: 0,0000 s
abr 04, 2013 12:33:08 PM org.ros.time.RemoteUptimeClock update
INFO: Latency: 7,0000 s, Delta ratio: 1,0000, Drift: 1,000, Error reduction coefficient: 0,000, Error: 0,0000 s
abr 04, 2013 12:33:08 PM org.ros.time.RemoteUptimeClock update
INFO: Latency: 7,0000 s, Delta ratio: 1,0000, Drift: 1,000, Error reduction coefficient: 0,000, Error: 0,0000 s
abr 04, 2013 12:33:08 PM org.ros.time.RemoteUptimeClock update
INFO: Latency: 7,0000 s, Delta ratio: 1,0000, Drift: 1,000, Error reduction coefficient: 0,000, Error: 0,0000 s
abr 04, 2013 12:33:08 PM org.ros.time.RemoteUptimeClock update
INFO: Latency: 7,0000 s, Delta ratio: 1,0000, Drift: 1,000, Error reduction coefficient: 0,000, Error: 0,0000 s
abr 04, 2013 12:33:08 PM org.ros.time.RemoteUptimeClock update
INFO: Latency: 7,0000 s, Delta ratio: 1,0000, Drift: 1,000, Error reduction coefficient: 0,000, Error: 0,0000 s
abr 04, 2013 12:33:08 PM org.ros.time.RemoteUptimeClock update
INFO: Latency: 7,0000 s, Delta ratio: 1,0000, Drift: 1,000, Error reduction coefficient: 0,000, Error: 0,0000 s
abr 04, 2013 12:33:08 PM org.ros.time.RemoteUptimeClock update
INFO: Latency: 7,0000 s, Delta ratio: 1,0000, Drift: 1,000, Error reduction coefficient: 0,000, Error: 0,0000 s
abr 04, 2013 12:33:08 PM org.ros.time.RemoteUptimeClock update
INFO: Latency: 7,0000 s, Delta ratio: 1,0000, Drift: 1,000, Error reduction coefficient: 0,000, Error: 0,0000 s
abr 04, 2013 12:33:08 PM org.ros.time.RemoteUptimeClock update
INFO: Latency: 7,0000 s, Delta ratio: 1,0000, Drift: 1,000, Error reduction coefficient: 0,000, Error: 0,0000 s
abr 04, 2013 12:33:08 PM org.ros.time.RemoteUptimeClock update
INFO: Latency: 7,0000 s, Delta ratio: 1,0000, Drift: 1,000, Error reduction coefficient: 0,000, Error: 0,0000 s
abr 04, 2013 12:33:08 PM org.ros.time.RemoteUptimeClock update
INFO: Latency: 7,0000 s, Delta ratio: 1,0000, Drift: 1,000, Error reduction coefficient: 0,000, Error: 0,0000 s
abr 04, 2013 12:33:08 PM org.ros.time.RemoteUptimeClock update
INFO: Latency: 7,0000 s, Delta ratio: 1,0000, Drift: 1,000, Error reduction coefficient: 0,000, Error: 0,0000 s
abr 04, 2013 12:33:08 PM org.ros.time.RemoteUptimeClock update
INFO: Latency: 7,0000 s, Delta ratio: 1,0000, Drift: 1,000, Error reduction coefficient: 0,000, Error: 0,0000 s
abr 04, 2013 12:33:08 PM org.ros.time.RemoteUptimeClock update
INFO: Latency: 7,0000 s, Delta ratio: 1,0000, Drift: 1,000, Error reduction coefficient: 0,000, Error: 0,0000 s
abr 04, 2013 12:33:08 PM org.ros.time.RemoteUptimeClock update
INFO: Latency: 7,0000 s, Delta ratio: 1,0000, Drift: 1,000, Error reduction coefficient: 0,000, Error: 0,0000 s
abr 04, 2013 12:33:08 PM org.ros.time.RemoteUptimeClock update
INFO: Latency: 7,0000 s, Delta ratio: 1,0000, Drift: 1,000, Error reduction coefficient: 0,000, Error: 0,0000 s
abr 04, 2013 12:33:08 PM org.ros.time.RemoteUptimeClock update
INFO: Latency: 7,0000 s, Delta ratio: 1,0000, Drift: 1,000, Error reduction coefficient: 0,000, Error: 0,0000 s
abr 04, 2013 12:33:08 PM org.ros.time.RemoteUptimeClock update
INFO: Latency: 7,0000 s, Delta ratio: 1,0000, Drift: 1,000, Error reduction coefficient: 0,000, Error: 0,0000 s
abr 04, 2013 12:33:08 PM org.ros.time.RemoteUptimeClock update
INFO: Latency: 7,0000 s, Delta ratio: 1,0000, Drift: 1,000, Error reduction coefficient: 0,000, Error: 0,0000 s
abr 04, 2013 12:33:08 PM org.ros.time.RemoteUptimeClock update
INFO: Latency: 7,0000 s, Delta ratio: 1,0000, Drift: 1,000, Error reduction coefficient: 0,000, Error: 0,0000 s
abr 04, 2013 12:33:08 PM org.ros.time.RemoteUptimeClock update
INFO: Latency: 7,0000 s, Delta ratio: 1,0000, Drift: 1,000, Error reduction coefficient: 0,000, Error: 0,0000 s
abr 04, 2013 12:33:08 PM org.ros.time.RemoteUptimeClock update
INFO: Latency: 7,0000 s, Delta ratio: 1,0000, Drift: 1,000, Error reduction coefficient: 0,000, Error: 0,0000 s
abr 04, 2013 12:33:08 PM org.ros.time.RemoteUptimeClock update
INFO: Latency: 7,0000 s, Delta ratio: 1,0000, Drift: 1,000, Error reduction coefficient: 0,000, Error: 0,0000 s
abr 04, 2013 12:33:08 PM org.ros.time.RemoteUptimeClock update
INFO: Latency: 7,0000 s, Delta ratio: 1,0000, Drift: 1,000, Error reduction coefficient: 0,000, Error: 0,0000 s
abr 04, 2013 12:33:08 PM org.ros.time.RemoteUptimeClock update
INFO: Latency: 7,0000 s, Delta ratio: 1,0000, Drift: 1,000, Error reduction coefficient: 0,000, Error: 0,0000 s
abr 04, 2013 12:33:08 PM org.ros.time.RemoteUptimeClock update
INFO: Latency: 7,0000 s, Delta ratio: 1,0000, Drift: 1,000, Error reduction coefficient: 0,000, Error: 0,0000 s
abr 04, 2013 12:33:08 PM org.ros.time.RemoteUptimeClock update
INFO: Latency: 7,0000 s, Delta ratio: 1,0000, Drift: 1,000, Error reduction coefficient: 0,000, Error: 0,0000 s
abr 04, 2013 12:33:08 PM org.ros.time.RemoteUptimeClock update
INFO: Latency: 7,0000 s, Delta ratio: 1,0000, Drift: 1,000, Error reduction coefficient: 0,000, Error: 0,0000 s
abr 04, 2013 12:33:08 PM org.ros.time.RemoteUptimeClock update
INFO: Latency: 7,0000 s, Delta ratio: 1,0000, Drift: 1,000, Error reduction coefficient: 0,000, Error: 0,0000 s
abr 04, 2013 12:33:08 PM org.ros.time.RemoteUptimeClock update
INFO: Latency: 7,0000 s, Delta ratio: 1,0000, Drift: 1,000, Error reduction coefficient: 0,000, Error: 0,0000 s
abr 04, 2013 12:33:08 PM org.ros.time.RemoteUptimeClock update
INFO: Latency: 7,0000 s, Delta ratio: 1,0000, Drift: 1,000, Error reduction coefficient: 0,000, Error: 0,0000 s
abr 04, 2013 12:33:08 PM org.ros.time.RemoteUptimeClock update
INFO: Latency: 7,0000 s, Delta ratio: 1,0000, Drift: 1,000, Error reduction coefficient: 0,000, Error: 0,0000 s
abr 04, 2013 12:33:08 PM org.ros.time.RemoteUptimeClock update
INFO: Latency: 7,0000 s, Delta ratio: 1,0000, Drift: 1,000, Error reduction coefficient: 0,000, Error: 0,0000 s
abr 04, 2013 12:33:08 PM org.ros.time.RemoteUptimeClock update
INFO: Latency: 7,0000 s, Delta ratio: 1,0000, Drift: 1,000, Error reduction coefficient: 0,000, Error: 0,0000 s
abr 04, 2013 12:33:08 PM org.ros.time.RemoteUptimeClock update
INFO: Latency: 7,0000 s, Delta ratio: 1,0000, Drift: 1,000, Error reduction coefficient: 0,000, Error: 0,0000 s
abr 04, 2013 12:33:08 PM org.ros.time.RemoteUptimeClock update
INFO: Latency: 7,0000 s, Delta ratio: 1,0000, Drift: 1,000, Error reduction coefficient: 0,000, Error: 0,0000 s
abr 04, 2013 12:33:08 PM org.ros.time.RemoteUptimeClock update
INFO: Latency: 7,0000 s, Delta ratio: 1,0000, Drift: 1,000, Error reduction coefficient: 0,000, Error: 0,0000 s
abr 04, 2013 12:33:08 PM org.ros.time.RemoteUptimeClock update
INFO: Latency: 7,0000 s, Delta ratio: 1,0000, Drift: 1,000, Error reduction coefficient: 0,000, Error: 0,0000 s
abr 04, 2013 12:33:08 PM org.ros.time.RemoteUptimeClock update
INFO: Latency: 7,0000 s, Delta ratio: 1,0000, Drift: 1,000, Error reduction coefficient: 0,000, Error: 0,0000 s
abr 04, 2013 12:33:08 PM org.ros.time.RemoteUptimeClock update
INFO: Latency: 7,0000 s, Delta ratio: 1,0000, Drift: 1,000, Error reduction coefficient: 0,000, Error: 0,0000 s
abr 04, 2013 12:33:08 PM org.ros.time.RemoteUptimeClock update
INFO: Latency: 7,0000 s, Delta ratio: 1,0000, Drift: 1,000, Error reduction coefficient: 0,000, Error: 0,0000 s
abr 04, 2013 12:33:08 PM org.ros.time.RemoteUptimeClock update
INFO: Latency: 7,0000 s, Delta ratio: 1,0000, Drift: 1,000, Error reduction coefficient: 0,000, Error: 0,0000 s
abr 04, 2013 12:33:08 PM org.ros.time.RemoteUptimeClock update
INFO: Latency: 7,0000 s, Delta ratio: 1,0000, Drift: 1,000, Error reduction coefficient: 0,000, Error: 0,0000 s
abr 04, 2013 12:33:08 PM org.ros.time.RemoteUptimeClock update
INFO: Latency: 7,0000 s, Delta ratio: 1,0000, Drift: 1,000, Error reduction coefficient: 0,000, Error: 0,0000 s
abr 04, 2013 12:33:08 PM org.ros.time.RemoteUptimeClock update
INFO: Latency: 7,0000 s, Delta ratio: 1,0000, Drift: 1,000, Error reduction coefficient: 0,000, Error: 0,0000 s
abr 04, 2013 12:33:08 PM org.ros.time.RemoteUptimeClock update
INFO: Latency: 7,0000 s, Delta ratio: 1,0000, Drift: 1,000, Error reduction coefficient: 0,000, Error: 0,0000 s
abr 04, 2013 12:33:08 PM org.ros.time.RemoteUptimeClock update
INFO: Latency: 7,0000 s, Delta ratio: 1,0000, Drift: 1,000, Error reduction coefficient: 0,000, Error: 0,0000 s
abr 04, 2013 12:33:08 PM org.ros.time.RemoteUptimeClock update
INFO: Latency: 7,0000 s, Delta ratio: 1,0000, Drift: 1,000, Error reduction coefficient: 0,000, Error: 0,0000 s
abr 04, 2013 12:33:08 PM org.ros.time.RemoteUptimeClock update
INFO: Latency: 7,0000 s, Delta ratio: 1,0000, Drift: 1,000, Error reduction coefficient: 0,000, Error: 0,0000 s
abr 04, 2013 12:33:08 PM org.ros.time.RemoteUptimeClock update
INFO: Latency: 7,0000 s, Delta ratio: 1,0000, Drift: 1,000, Error reduction coefficient: 0,000, Error: 0,0000 s
abr 04, 2013 12:33:08 PM org.ros.time.RemoteUptimeClock update
INFO: Latency: 7,0000 s, Delta ratio: 1,0000, Drift: 1,000, Error reduction coefficient: 0,000, Error: 0,0000 s
abr 04, 2013 12:33:08 PM org.ros.time.RemoteUptimeClock update
INFO: Latency: 7,0000 s, Delta ratio: 1,0000, Drift: 1,000, Error reduction coefficient: 0,000, Error: 0,0000 s
abr 04, 2013 12:33:08 PM org.ros.time.RemoteUptimeClock update
INFO: Latency: 7,0000 s, Delta ratio: 1,0000, Drift: 1,000, Error reduction coefficient: 0,000, Error: 0,0000 s
abr 04, 2013 12:33:08 PM org.ros.time.RemoteUptimeClock update
INFO: Latency: 7,0000 s, Delta ratio: 1,0000, Drift: 1,000, Error reduction coefficient: 0,000, Error: 0,0000 s
abr 04, 2013 12:33:08 PM org.ros.time.RemoteUptimeClock update
INFO: Latency: 7,0000 s, Delta ratio: 1,0000, Drift: 1,000, Error reduction coefficient: 0,000, Error: 0,0000 s
abr 04, 2013 12:33:08 PM org.ros.time.RemoteUptimeClock update
INFO: Latency: 7,0000 s, Delta ratio: 1,0000, Drift: 1,000, Error reduction coefficient: 0,000, Error: 0,0000 s
abr 04, 2013 12:33:08 PM org.ros.time.RemoteUptimeClock update
INFO: Latency: 7,0000 s, Delta ratio: 1,0000, Drift: 1,000, Error reduction coefficient: 0,000, Error: 0,0000 s
abr 04, 2013 12:33:08 PM org.ros.time.RemoteUptimeClock update
INFO: Latency: 7,0000 s, Delta ratio: 1,0000, Drift: 1,000, Error reduction coefficient: 0,000, Error: 0,0000 s
abr 04, 2013 12:33:08 PM org.ros.time.RemoteUptimeClock update
INFO: Latency: 7,0000 s, Delta ratio: 1,0000, Drift: 1,000, Error reduction coefficient: 0,000, Error: 0,0000 s
abr 04, 2013 12:33:08 PM org.ros.time.RemoteUptimeClock update
INFO: Latency: 7,0000 s, Delta ratio: 1,0000, Drift: 1,000, Error reduction coefficient: 0,000, Error: 0,0000 s
abr 04, 2013 12:33:08 PM org.ros.time.RemoteUptimeClock update
INFO: Latency: 7,0000 s, Delta ratio: 1,0000, Drift: 1,000, Error reduction coefficient: 0,000, Error: 0,0000 s
abr 04, 2013 12:33:08 PM org.ros.time.RemoteUptimeClock update
INFO: Latency: 7,0000 s, Delta ratio: 1,0000, Drift: 1,000, Error reduction coefficient: 0,000, Error: 0,0000 s
abr 04, 2013 12:33:08 PM org.ros.time.RemoteUptimeClock update
INFO: Latency: 7,0000 s, Delta ratio: 1,0000, Drift: 1,000, Error reduction coefficient: 0,000, Error: 0,0000 s
abr 04, 2013 12:33:08 PM org.ros.time.RemoteUptimeClock update
INFO: Latency: 7,0000 s, Delta ratio: 1,0000, Drift: 1,000, Error reduction coefficient: 0,000, Error: 0,0000 s
abr 04, 2013 12:33:08 PM org.ros.time.RemoteUptimeClock update
INFO: Latency: 7,0000 s, Delta ratio: 1,0000, Drift: 1,000, Error reduction coefficient: 0,000, Error: 0,0000 s
abr 04, 2013 12:33:08 PM org.ros.time.RemoteUptimeClock update
INFO: Latency: 7,0000 s, Delta ratio: 1,0000, Drift: 1,000, Error reduction coefficient: 0,000, Error: 0,0000 s
abr 04, 2013 12:33:08 PM org.ros.time.RemoteUptimeClock update
INFO: Latency: 7,0000 s, Delta ratio: 1,0000, Drift: 1,000, Error reduction coefficient: 0,000, Error: 0,0000 s
abr 04, 2013 12:33:08 PM org.ros.time.RemoteUptimeClock update
INFO: Latency: 7,0000 s, Delta ratio: 1,0000, Drift: 1,000, Error reduction coefficient: 0,000, Error: 0,0000 s
abr 04, 2013 12:33:08 PM org.ros.time.RemoteUptimeClock update
INFO: Latency: 7,0000 s, Delta ratio: 1,0000, Drift: 1,000, Error reduction coefficient: 0,000, Error: 0,0000 s
abr 04, 2013 12:33:08 PM org.ros.time.RemoteUptimeClock update
INFO: Latency: 7,0000 s, Delta ratio: 1,0000, Drift: 1,000, Error reduction coefficient: 0,000, Error: 0,0000 s
abr 04, 2013 12:33:08 PM org.ros.time.RemoteUptimeClock update
INFO: Latency: 7,0000 s, Delta ratio: 1,0000, Drift: 1,000, Error reduction coefficient: 0,000, Error: 0,0000 s
abr 04, 2013 12:33:08 PM org.ros.time.RemoteUptimeClock update
INFO: Latency: 7,0000 s, Delta ratio: 1,0000, Drift: 1,000, Error reduction coefficient: 0,000, Error: 0,0000 s
abr 04, 2013 12:33:08 PM org.ros.time.RemoteUptimeClock update
INFO: Latency: 7,0000 s, Delta ratio: 1,0000, Drift: 1,000, Error reduction coefficient: 0,000, Error: 0,0000 s
abr 04, 2013 12:33:08 PM org.ros.time.RemoteUptimeClock update
INFO: Latency: 7,0000 s, Delta ratio: 1,0000, Drift: 1,000, Error reduction coefficient: 0,000, Error: 0,0000 s
abr 04, 2013 12:33:08 PM org.ros.time.RemoteUptimeClock update
INFO: Latency: 7,0000 s, Delta ratio: 1,0000, Drift: 1,000, Error reduction coefficient: 0,000, Error: 0,0000 s
abr 04, 2013 12:33:08 PM org.ros.time.RemoteUptimeClock update
INFO: Latency: 7,0000 s, Delta ratio: 1,0000, Drift: 1,000, Error reduction coefficient: 0,000, Error: 0,0000 s
abr 04, 2013 12:33:08 PM org.ros.time.RemoteUptimeClock update
INFO: Latency: 7,0000 s, Delta ratio: 1,0000, Drift: 1,000, Error reduction coefficient: 0,000, Error: 0,0000 s
abr 04, 2013 12:33:08 PM org.ros.time.RemoteUptimeClock update
INFO: Latency: 7,0000 s, Delta ratio: 1,0000, Drift: 1,000, Error reduction coefficient: 0,000, Error: 0,0000 s
abr 04, 2013 12:33:08 PM org.ros.time.RemoteUptimeClock update
INFO: Latency: 7,0000 s, Delta ratio: 1,0000, Drift: 1,000, Error reduction coefficient: 0,000, Error: 0,0000 s
abr 04, 2013 12:33:08 PM org.ros.time.RemoteUptimeClock update
INFO: Latency: 7,0000 s, Delta ratio: 1,0000, Drift: 1,000, Error reduction coefficient: 0,000, Error: 0,0000 s
abr 04, 2013 12:33:08 PM org.ros.time.RemoteUptimeClock update
INFO: Latency: 7,0000 s, Delta ratio: 1,0000, Drift: 1,000, Error reduction coefficient: 0,000, Error: 0,0000 s
abr 04, 2013 12:33:08 PM org.ros.time.RemoteUptimeClock update
INFO: Latency: 7,0000 s, Delta ratio: 1,0000, Drift: 1,000, Error reduction coefficient: 0,000, Error: 0,0000 s
abr 04, 2013 12:33:08 PM org.ros.time.RemoteUptimeClock update
INFO: Latency: 7,0000 s, Delta ratio: 1,0000, Drift: 1,000, Error reduction coefficient: 0,000, Error: 0,0000 s
abr 04, 2013 12:33:08 PM org.ros.time.RemoteUptimeClock update
INFO: Latency: 7,0000 s, Delta ratio: 1,0000, Drift: 1,000, Error reduction coefficient: 0,000, Error: 0,0000 s
abr 04, 2013 12:33:08 PM org.ros.time.RemoteUptimeClock update
INFO: Latency: 7,0000 s, Delta ratio: 1,0000, Drift: 1,000, Error reduction coefficient: 0,000, Error: 0,0000 s
abr 04, 2013 12:33:08 PM org.ros.time.RemoteUptimeClock update
INFO: Latency: 7,0000 s, Delta ratio: 1,0000, Drift: 1,000, Error reduction coefficient: 0,000, Error: 0,0000 s
abr 04, 2013 12:33:08 PM org.ros.time.RemoteUptimeClock update
INFO: Latency: 7,0000 s, Delta ratio: 1,0000, Drift: 1,000, Error reduction coefficient: 0,000, Error: 0,0000 s
abr 04, 2013 12:33:08 PM org.ros.time.RemoteUptimeClock update
INFO: Latency: 7,0000 s, Delta ratio: 1,0000, Drift: 1,000, Error reduction coefficient: 0,000, Error: 0,0000 s
abr 04, 2013 12:33:08 PM org.ros.time.RemoteUptimeClock update
INFO: Latency: 7,0000 s, Delta ratio: 1,0000, Drift: 1,000, Error reduction coefficient: 0,000, Error: 0,0000 s
abr 04, 2013 12:33:08 PM org.ros.time.RemoteUptimeClock update
INFO: Latency: 7,0000 s, Delta ratio: 1,0000, Drift: 1,000, Error reduction coefficient: 0,000, Error: 0,0000 s
abr 04, 2013 12:33:08 PM org.ros.time.RemoteUptimeClock update
INFO: Latency: 7,0000 s, Delta ratio: 1,0000, Drift: 1,000, Error reduction coefficient: 0,000, Error: 0,0000 s
abr 04, 2013 12:33:08 PM org.ros.time.RemoteUptimeClock update
INFO: Latency: 7,0000 s, Delta ratio: 1,0000, Drift: 1,000, Error reduction coefficient: 0,000, Error: 0,0000 s
abr 04, 2013 12:33:08 PM org.ros.time.RemoteUptimeClock update
INFO: Latency: 7,0000 s, Delta ratio: 1,0000, Drift: 1,000, Error reduction coefficient: 0,000, Error: 0,0000 s
abr 04, 2013 12:33:08 PM org.ros.time.RemoteUptimeClock update
INFO: Latency: 7,0000 s, Delta ratio: 1,0000, Drift: 1,000, Error reduction coefficient: 0,000, Error: 0,0000 s
abr 04, 2013 12:33:08 PM org.ros.time.RemoteUptimeClock update
INFO: Latency: 7,0000 s, Delta ratio: 1,0000, Drift: 1,000, Error reduction coefficient: 0,000, Error: 0,0000 s
abr 04, 2013 12:33:08 PM org.ros.time.RemoteUptimeClock update
INFO: Latency: 7,0000 s, Delta ratio: 1,0000, Drift: 1,000, Error reduction coefficient: 0,000, Error: 0,0000 s
abr 04, 2013 12:33:08 PM org.ros.time.RemoteUptimeClock update
INFO: Latency: 7,0000 s, Delta ratio: 1,0000, Drift: 1,000, Error reduction coefficient: 0,000, Error: 0,0000 s
abr 04, 2013 12:33:08 PM org.ros.time.RemoteUptimeClock update
INFO: Latency: 7,0000 s, Delta ratio: 1,0000, Drift: 1,000, Error reduction coefficient: 0,000, Error: 0,0000 s
abr 04, 2013 12:33:08 PM org.ros.time.RemoteUptimeClock update
INFO: Latency: 7,0000 s, Delta ratio: 1,0000, Drift: 1,000, Error reduction coefficient: 0,000, Error: 0,0000 s
abr 04, 2013 12:33:08 PM org.ros.time.RemoteUptimeClock update
INFO: Latency: 7,0000 s, Delta ratio: 1,0000, Drift: 1,000, Error reduction coefficient: 0,000, Error: 0,0000 s
abr 04, 2013 12:33:08 PM org.ros.time.RemoteUptimeClock update
INFO: Latency: 7,0000 s, Delta ratio: 1,0000, Drift: 1,000, Error reduction coefficient: 0,000, Error: 0,0000 s
abr 04, 2013 12:33:08 PM org.ros.time.RemoteUptimeClock update
INFO: Latency: 7,0000 s, Delta ratio: 1,0000, Drift: 1,000, Error reduction coefficient: 0,000, Error: 0,0000 s
abr 04, 2013 12:33:08 PM org.ros.time.RemoteUptimeClock update
INFO: Latency: 7,0000 s, Delta ratio: 1,0000, Drift: 1,000, Error reduction coefficient: 0,000, Error: 0,0000 s
abr 04, 2013 12:33:08 PM org.ros.time.RemoteUptimeClock update
INFO: Latency: 7,0000 s, Delta ratio: 1,0000, Drift: 1,000, Error reduction coefficient: 0,000, Error: 0,0000 s
abr 04, 2013 12:33:08 PM org.ros.time.RemoteUptimeClock update
INFO: Latency: 7,0000 s, Delta ratio: 1,0000, Drift: 1,000, Error reduction coefficient: 0,000, Error: 0,0000 s
abr 04, 2013 12:33:08 PM org.ros.time.RemoteUptimeClock update
INFO: Latency: 7,0000 s, Delta ratio: 1,0000, Drift: 1,000, Error reduction coefficient: 0,000, Error: 0,0000 s
abr 04, 2013 12:33:08 PM org.ros.time.RemoteUptimeClock update
INFO: Latency: 7,0000 s, Delta ratio: 1,0000, Drift: 1,000, Error reduction coefficient: 0,000, Error: 0,0000 s
abr 04, 2013 12:33:08 PM org.ros.time.RemoteUptimeClock update
INFO: Latency: 7,0000 s, Delta ratio: 1,0000, Drift: 1,000, Error reduction coefficient: 0,000, Error: 0,0000 s
abr 04, 2013 12:33:08 PM org.ros.time.RemoteUptimeClock update
INFO: Latency: 7,0000 s, Delta ratio: 1,0000, Drift: 1,000, Error reduction coefficient: 0,000, Error: 0,0000 s
abr 04, 2013 12:33:08 PM org.ros.time.RemoteUptimeClock update
INFO: Latency: 7,0000 s, Delta ratio: 1,0000, Drift: 1,000, Error reduction coefficient: 0,000, Error: 0,0000 s
abr 04, 2013 12:33:08 PM org.ros.time.RemoteUptimeClock update
INFO: Latency: 7,0000 s, Delta ratio: 1,0000, Drift: 1,000, Error reduction coefficient: 0,000, Error: 0,0000 s
abr 04, 2013 12:33:08 PM org.ros.time.RemoteUptimeClock update
INFO: Latency: 7,0000 s, Delta ratio: 1,0000, Drift: 1,000, Error reduction coefficient: 0,000, Error: 0,0000 s
abr 04, 2013 12:33:08 PM org.ros.time.RemoteUptimeClock update
INFO: Latency: 7,0000 s, Delta ratio: 1,0000, Drift: 1,000, Error reduction coefficient: 0,000, Error: 0,0000 s
abr 04, 2013 12:33:08 PM org.ros.time.RemoteUptimeClock update
INFO: Latency: 7,0000 s, Delta ratio: 1,0000, Drift: 1,000, Error reduction coefficient: 0,000, Error: 0,0000 s
abr 04, 2013 12:33:08 PM org.ros.time.RemoteUptimeClock update
INFO: Latency: 7,0000 s, Delta ratio: 1,0000, Drift: 1,000, Error reduction coefficient: 0,000, Error: 0,0000 s
abr 04, 2013 12:33:08 PM org.ros.time.RemoteUptimeClock update
INFO: Latency: 7,0000 s, Delta ratio: 1,0000, Drift: 1,000, Error reduction coefficient: 0,000, Error: 0,0000 s
abr 04, 2013 12:33:08 PM org.ros.time.RemoteUptimeClock update
INFO: Latency: 7,0000 s, Delta ratio: 1,0000, Drift: 1,000, Error reduction coefficient: 0,000, Error: 0,0000 s
abr 04, 2013 12:33:08 PM org.ros.time.RemoteUptimeClock update
INFO: Latency: 7,0000 s, Delta ratio: 1,0000, Drift: 1,000, Error reduction coefficient: 0,000, Error: 0,0000 s
abr 04, 2013 12:33:08 PM org.ros.time.RemoteUptimeClock update
INFO: Latency: 7,0000 s, Delta ratio: 1,0000, Drift: 1,000, Error reduction coefficient: 0,000, Error: 0,0000 s
abr 04, 2013 12:33:08 PM org.ros.time.RemoteUptimeClock update
INFO: Latency: 7,0000 s, Delta ratio: 1,0000, Drift: 1,000, Error reduction coefficient: 0,000, Error: 0,0000 s
abr 04, 2013 12:33:08 PM org.ros.time.RemoteUptimeClock update
INFO: Latency: 7,0000 s, Delta ratio: 1,0000, Drift: 1,000, Error reduction coefficient: 0,000, Error: 0,0000 s
abr 04, 2013 12:33:08 PM org.ros.time.RemoteUptimeClock update
INFO: Latency: 7,0000 s, Delta ratio: 1,0000, Drift: 1,000, Error reduction coefficient: 0,000, Error: 0,0000 s
abr 04, 2013 12:33:08 PM org.ros.time.RemoteUptimeClock update
INFO: Latency: 7,0000 s, Delta ratio: 1,0000, Drift: 1,000, Error reduction coefficient: 0,000, Error: 0,0000 s
abr 04, 2013 12:33:08 PM org.ros.time.RemoteUptimeClock update
INFO: Latency: 7,0000 s, Delta ratio: 1,0000, Drift: 1,000, Error reduction coefficient: 0,000, Error: 0,0000 s
abr 04, 2013 12:33:08 PM org.ros.time.RemoteUptimeClock update
INFO: Latency: 7,0000 s, Delta ratio: 1,0000, Drift: 1,000, Error reduction coefficient: 0,000, Error: 0,0000 s
abr 04, 2013 12:33:08 PM org.ros.time.RemoteUptimeClock update
INFO: Latency: 7,0000 s, Delta ratio: 1,0000, Drift: 1,000, Error reduction coefficient: 0,000, Error: 0,0000 s
abr 04, 2013 12:33:08 PM org.ros.time.RemoteUptimeClock update
INFO: Latency: 7,0000 s, Delta ratio: 1,0000, Drift: 1,000, Error reduction coefficient: 0,000, Error: 0,0000 s
abr 04, 2013 12:33:08 PM org.ros.time.RemoteUptimeClock update
INFO: Latency: 7,0000 s, Delta ratio: 1,0000, Drift: 1,000, Error reduction coefficient: 0,000, Error: 0,0000 s
abr 04, 2013 12:33:08 PM org.ros.time.RemoteUptimeClock update
INFO: Latency: 7,0000 s, Delta ratio: 1,0000, Drift: 1,000, Error reduction coefficient: 0,000, Error: 0,0000 s
abr 04, 2013 12:33:08 PM org.ros.time.RemoteUptimeClock update
INFO: Latency: 7,0000 s, Delta ratio: 1,0000, Drift: 1,000, Error reduction coefficient: 0,000, Error: 0,0000 s
abr 04, 2013 12:33:08 PM org.ros.time.RemoteUptimeClock update
INFO: Latency: 7,0000 s, Delta ratio: 1,0000, Drift: 1,000, Error reduction coefficient: 0,000, Error: 0,0000 s
abr 04, 2013 12:33:08 PM org.ros.time.RemoteUptimeClock update
INFO: Latency: 7,0000 s, Delta ratio: 1,0000, Drift: 1,000, Error reduction coefficient: 0,000, Error: 0,0000 s
abr 04, 2013 12:33:08 PM org.ros.time.RemoteUptimeClock update
INFO: Latency: 7,0000 s, Delta ratio: 1,0000, Drift: 1,000, Error reduction coefficient: 0,000, Error: 0,0000 s
abr 04, 2013 12:33:08 PM org.ros.time.RemoteUptimeClock update
INFO: Latency: 7,0000 s, Delta ratio: 1,0000, Drift: 1,000, Error reduction coefficient: 0,000, Error: 0,0000 s
abr 04, 2013 12:33:08 PM org.ros.time.RemoteUptimeClock update
INFO: Latency: 7,0000 s, Delta ratio: 1,0000, Drift: 1,000, Error reduction coefficient: 0,000, Error: 0,0000 s
abr 04, 2013 12:33:08 PM org.ros.time.RemoteUptimeClock update
INFO: Latency: 7,0000 s, Delta ratio: 1,0000, Drift: 1,000, Error reduction coefficient: 0,000, Error: 0,0000 s
abr 04, 2013 12:33:08 PM org.ros.time.RemoteUptimeClock update
INFO: Latency: 7,0000 s, Delta ratio: 1,0000, Drift: 1,000, Error reduction coefficient: 0,000, Error: 0,0000 s
abr 04, 2013 12:33:08 PM org.ros.time.RemoteUptimeClock update
INFO: Latency: 7,0000 s, Delta ratio: 1,0000, Drift: 1,000, Error reduction coefficient: 0,000, Error: 0,0000 s
abr 04, 2013 12:33:08 PM org.ros.time.RemoteUptimeClock update
INFO: Latency: 7,0000 s, Delta ratio: 1,0000, Drift: 1,000, Error reduction coefficient: 0,000, Error: 0,0000 s
abr 04, 2013 12:33:08 PM org.ros.time.RemoteUptimeClock update
INFO: Latency: 7,0000 s, Delta ratio: 1,0000, Drift: 1,000, Error reduction coefficient: 0,000, Error: 0,0000 s
abr 04, 2013 12:33:08 PM org.ros.time.RemoteUptimeClock update
INFO: Latency: 7,0000 s, Delta ratio: 1,0000, Drift: 1,000, Error reduction coefficient: 0,000, Error: 0,0000 s
abr 04, 2013 12:33:08 PM org.ros.time.RemoteUptimeClock update
INFO: Latency: 7,0000 s, Delta ratio: 1,0000, Drift: 1,000, Error reduction coefficient: 0,000, Error: 0,0000 s
abr 04, 2013 12:33:08 PM org.ros.time.RemoteUptimeClock update
INFO: Latency: 7,0000 s, Delta ratio: 1,0000, Drift: 1,000, Error reduction coefficient: 0,000, Error: 0,0000 s
abr 04, 2013 12:33:08 PM org.ros.time.RemoteUptimeClock update
INFO: Latency: 7,0000 s, Delta ratio: 1,0000, Drift: 1,000, Error reduction coefficient: 0,000, Error: 0,0000 s
abr 04, 2013 12:33:08 PM org.ros.time.RemoteUptimeClock update
INFO: Latency: 7,0000 s, Delta ratio: 1,0000, Drift: 1,000, Error reduction coefficient: 0,000, Error: 0,0000 s
abr 04, 2013 12:33:08 PM org.ros.time.RemoteUptimeClock update
INFO: Latency: 7,0000 s, Delta ratio: 1,0000, Drift: 1,000, Error reduction coefficient: 0,000, Error: 0,0000 s
abr 04, 2013 12:33:08 PM org.ros.time.RemoteUptimeClock update
INFO: Latency: 7,0000 s, Delta ratio: 1,0000, Drift: 1,000, Error reduction coefficient: 0,000, Error: 0,0000 s
abr 04, 2013 12:33:08 PM org.ros.time.RemoteUptimeClock update
INFO: Latency: 7,0000 s, Delta ratio: 1,0000, Drift: 1,000, Error reduction coefficient: 0,000, Error: 0,0000 s
abr 04, 2013 12:33:08 PM org.ros.time.RemoteUptimeClock update
INFO: Latency: 7,0000 s, Delta ratio: 1,0000, Drift: 1,000, Error reduction coefficient: 0,000, Error: 0,0000 s
abr 04, 2013 12:33:08 PM org.ros.time.RemoteUptimeClock update
INFO: Latency: 7,0000 s, Delta ratio: 1,0000, Drift: 1,000, Error reduction coefficient: 0,000, Error: 0,0000 s
abr 04, 2013 12:33:08 PM org.ros.time.RemoteUptimeClock update
INFO: Latency: 7,0000 s, Delta ratio: 1,0000, Drift: 1,000, Error reduction coefficient: 0,000, Error: 0,0000 s
abr 04, 2013 12:33:08 PM org.ros.time.RemoteUptimeClock update
INFO: Latency: 7,0000 s, Delta ratio: 1,0000, Drift: 1,000, Error reduction coefficient: 0,000, Error: 0,0000 s
abr 04, 2013 12:33:08 PM org.ros.time.RemoteUptimeClock update
INFO: Latency: 7,0000 s, Delta ratio: 1,0000, Drift: 1,000, Error reduction coefficient: 0,000, Error: 0,0000 s
abr 04, 2013 12:33:08 PM org.ros.time.RemoteUptimeClock update
INFO: Latency: 7,0000 s, Delta ratio: 1,0000, Drift: 1,000, Error reduction coefficient: 0,000, Error: 0,0000 s
abr 04, 2013 12:33:08 PM org.ros.time.RemoteUptimeClock update
INFO: Latency: 7,0000 s, Delta ratio: 1,0000, Drift: 1,000, Error reduction coefficient: 0,000, Error: 0,0000 s
abr 04, 2013 12:33:08 PM org.ros.time.RemoteUptimeClock update
INFO: Latency: 7,0000 s, Delta ratio: 1,0000, Drift: 1,000, Error reduction coefficient: 0,000, Error: 0,0000 s
abr 04, 2013 12:33:08 PM org.ros.time.RemoteUptimeClock update
INFO: Latency: 7,0000 s, Delta ratio: 1,0000, Drift: 1,000, Error reduction coefficient: 0,000, Error: 0,0000 s
abr 04, 2013 12:33:08 PM org.ros.time.RemoteUptimeClock update
INFO: Latency: 7,0000 s, Delta ratio: 1,0000, Drift: 1,000, Error reduction coefficient: 0,000, Error: 0,0000 s
abr 04, 2013 12:33:08 PM org.ros.time.RemoteUptimeClock update
INFO: Latency: 7,0000 s, Delta ratio: 1,0000, Drift: 1,000, Error reduction coefficient: 0,000, Error: 0,0000 s
abr 04, 2013 12:33:08 PM org.ros.time.RemoteUptimeClock update
INFO: Latency: 7,0000 s, Delta ratio: 1,0000, Drift: 1,000, Error reduction coefficient: 0,000, Error: 0,0000 s
abr 04, 2013 12:33:08 PM org.ros.time.RemoteUptimeClock update
INFO: Latency: 7,0000 s, Delta ratio: 1,0000, Drift: 1,000, Error reduction coefficient: 0,000, Error: 0,0000 s
abr 04, 2013 12:33:08 PM org.ros.time.RemoteUptimeClock update
INFO: Latency: 7,0000 s, Delta ratio: 1,0000, Drift: 1,000, Error reduction coefficient: 0,000, Error: 0,0000 s
abr 04, 2013 12:33:08 PM org.ros.time.RemoteUptimeClock update
INFO: Latency: 7,0000 s, Delta ratio: 1,0000, Drift: 1,000, Error reduction coefficient: 0,000, Error: 0,0000 s
abr 04, 2013 12:33:08 PM org.ros.time.RemoteUptimeClock update
INFO: Latency: 7,0000 s, Delta ratio: 1,0000, Drift: 1,000, Error reduction coefficient: 0,000, Error: 0,0000 s
abr 04, 2013 12:33:08 PM org.ros.time.RemoteUptimeClock update
INFO: Latency: 7,0000 s, Delta ratio: 1,0000, Drift: 1,000, Error reduction coefficient: 0,000, Error: 0,0000 s
abr 04, 2013 12:33:08 PM org.ros.time.RemoteUptimeClock update
INFO: Latency: 7,0000 s, Delta ratio: 1,0000, Drift: 1,000, Error reduction coefficient: 0,000, Error: 0,0000 s
abr 04, 2013 12:33:08 PM org.ros.time.RemoteUptimeClock update
INFO: Latency: 7,0000 s, Delta ratio: 1,0000, Drift: 1,000, Error reduction coefficient: 0,000, Error: 0,0000 s
abr 04, 2013 12:33:08 PM org.ros.time.RemoteUptimeClock update
INFO: Latency: 7,0000 s, Delta ratio: 1,0000, Drift: 1,000, Error reduction coefficient: 0,000, Error: 0,0000 s
abr 04, 2013 12:33:08 PM org.ros.time.RemoteUptimeClock update
INFO: Latency: 7,0000 s, Delta ratio: 1,0000, Drift: 1,000, Error reduction coefficient: 0,000, Error: 0,0000 s
abr 04, 2013 12:33:08 PM org.ros.time.RemoteUptimeClock update
INFO: Latency: 7,0000 s, Delta ratio: 1,0000, Drift: 1,000, Error reduction coefficient: 0,000, Error: 0,0000 s
abr 04, 2013 12:33:08 PM org.ros.time.RemoteUptimeClock update
INFO: Latency: 7,0000 s, Delta ratio: 1,0000, Drift: 1,000, Error reduction coefficient: 0,000, Error: 0,0000 s
abr 04, 2013 12:33:08 PM org.ros.time.RemoteUptimeClock update
INFO: Latency: 7,0000 s, Delta ratio: 1,0000, Drift: 1,000, Error reduction coefficient: 0,000, Error: 0,0000 s
abr 04, 2013 12:33:08 PM org.ros.time.RemoteUptimeClock update
INFO: Latency: 7,0000 s, Delta ratio: 1,0000, Drift: 1,000, Error reduction coefficient: 0,000, Error: 0,0000 s
abr 04, 2013 12:33:08 PM org.ros.time.RemoteUptimeClock update
INFO: Latency: 7,0000 s, Delta ratio: 1,0000, Drift: 1,000, Error reduction coefficient: 0,000, Error: 0,0000 s
abr 04, 2013 12:33:08 PM org.ros.time.RemoteUptimeClock update
INFO: Latency: 7,0000 s, Delta ratio: 1,0000, Drift: 1,000, Error reduction coefficient: 0,000, Error: 0,0000 s
abr 04, 2013 12:33:08 PM org.ros.time.RemoteUptimeClock update
INFO: Latency: 7,0000 s, Delta ratio: 1,0000, Drift: 1,000, Error reduction coefficient: 0,000, Error: 0,0000 s
abr 04, 2013 12:33:08 PM org.ros.time.RemoteUptimeClock update
INFO: Latency: 7,0000 s, Delta ratio: 1,0000, Drift: 1,000, Error reduction coefficient: 0,000, Error: 0,0000 s
abr 04, 2013 12:33:08 PM org.ros.time.RemoteUptimeClock update
INFO: Latency: 7,0000 s, Delta ratio: 1,0000, Drift: 1,000, Error reduction coefficient: 0,000, Error: 0,0000 s
abr 04, 2013 12:33:08 PM org.ros.time.RemoteUptimeClock update
INFO: Latency: 7,0000 s, Delta ratio: 1,0000, Drift: 1,000, Error reduction coefficient: 0,000, Error: 0,0000 s
abr 04, 2013 12:33:08 PM org.ros.time.RemoteUptimeClock update
INFO: Latency: 7,0000 s, Delta ratio: 1,0000, Drift: 1,000, Error reduction coefficient: 0,000, Error: 0,0000 s
abr 04, 2013 12:33:08 PM org.ros.time.RemoteUptimeClock update
INFO: Latency: 7,0000 s, Delta ratio: 1,0000, Drift: 1,000, Error reduction coefficient: 0,000, Error: 0,0000 s
abr 04, 2013 12:33:08 PM org.ros.time.RemoteUptimeClock update
INFO: Latency: 7,0000 s, Delta ratio: 1,0000, Drift: 1,000, Error reduction coefficient: 0,000, Error: 0,0000 s
abr 04, 2013 12:33:08 PM org.ros.time.RemoteUptimeClock update
INFO: Latency: 7,0000 s, Delta ratio: 1,0000, Drift: 1,000, Error reduction coefficient: 0,000, Error: 0,0000 s
abr 04, 2013 12:33:08 PM org.ros.time.RemoteUptimeClock update
INFO: Latency: 7,0000 s, Delta ratio: 1,0000, Drift: 1,000, Error reduction coefficient: 0,000, Error: 0,0000 s
abr 04, 2013 12:33:08 PM org.ros.time.RemoteUptimeClock update
INFO: Latency: 7,0000 s, Delta ratio: 1,0000, Drift: 1,000, Error reduction coefficient: 0,000, Error: 0,0000 s
abr 04, 2013 12:33:08 PM org.ros.time.RemoteUptimeClock update
INFO: Latency: 7,0000 s, Delta ratio: 1,0000, Drift: 1,000, Error reduction coefficient: 0,000, Error: 0,0000 s
abr 04, 2013 12:33:08 PM org.ros.time.RemoteUptimeClock update
INFO: Latency: 7,0000 s, Delta ratio: 1,0000, Drift: 1,000, Error reduction coefficient: 0,000, Error: 0,0000 s
abr 04, 2013 12:33:08 PM org.ros.time.RemoteUptimeClock update
INFO: Latency: 7,0000 s, Delta ratio: 1,0000, Drift: 1,000, Error reduction coefficient: 0,000, Error: 0,0000 s
abr 04, 2013 12:33:08 PM org.ros.time.RemoteUptimeClock update
INFO: Latency: 7,0000 s, Delta ratio: 1,0000, Drift: 1,000, Error reduction coefficient: 0,000, Error: 0,0000 s
abr 04, 2013 12:33:08 PM org.ros.time.RemoteUptimeClock update
INFO: Latency: 7,0000 s, Delta ratio: 1,0000, Drift: 1,000, Error reduction coefficient: 0,000, Error: 0,0000 s
abr 04, 2013 12:33:08 PM org.ros.time.RemoteUptimeClock update
INFO: Latency: 7,0000 s, Delta ratio: 1,0000, Drift: 1,000, Error reduction coefficient: 0,000, Error: 0,0000 s
abr 04, 2013 12:33:08 PM org.ros.time.RemoteUptimeClock update
INFO: Latency: 7,0000 s, Delta ratio: 1,0000, Drift: 1,000, Error reduction coefficient: 0,000, Error: 0,0000 s
abr 04, 2013 12:33:08 PM org.ros.time.RemoteUptimeClock update
INFO: Latency: 7,0000 s, Delta ratio: 1,0000, Drift: 1,000, Error reduction coefficient: 0,000, Error: 0,0000 s
abr 04, 2013 12:33:08 PM org.ros.time.RemoteUptimeClock update
INFO: Latency: 7,0000 s, Delta ratio: 1,0000, Drift: 1,000, Error reduction coefficient: 0,000, Error: 0,0000 s
abr 04, 2013 12:33:08 PM org.ros.time.RemoteUptimeClock update
INFO: Latency: 7,0000 s, Delta ratio: 1,0000, Drift: 1,000, Error reduction coefficient: 0,000, Error: 0,0000 s
abr 04, 2013 12:33:08 PM org.ros.time.RemoteUptimeClock update
INFO: Latency: 7,0000 s, Delta ratio: 1,0000, Drift: 1,000, Error reduction coefficient: 0,000, Error: 0,0000 s
abr 04, 2013 12:33:08 PM org.ros.time.RemoteUptimeClock update
INFO: Latency: 7,0000 s, Delta ratio: 1,0000, Drift: 1,000, Error reduction coefficient: 0,000, Error: 0,0000 s
abr 04, 2013 12:33:08 PM org.ros.time.RemoteUptimeClock update
INFO: Latency: 7,0000 s, Delta ratio: 1,0000, Drift: 1,000, Error reduction coefficient: 0,000, Error: 0,0000 s
abr 04, 2013 12:33:08 PM org.ros.time.RemoteUptimeClock update
INFO: Latency: 7,0000 s, Delta ratio: 1,0000, Drift: 1,000, Error reduction coefficient: 0,000, Error: 0,0000 s
abr 04, 2013 12:33:08 PM org.ros.time.RemoteUptimeClock update
INFO: Latency: 7,0000 s, Delta ratio: 1,0000, Drift: 1,000, Error reduction coefficient: 0,000, Error: 0,0000 s
abr 04, 2013 12:33:08 PM org.ros.time.RemoteUptimeClock update
INFO: Latency: 7,0000 s, Delta ratio: 1,0000, Drift: 1,000, Error reduction coefficient: 0,000, Error: 0,0000 s
abr 04, 2013 12:33:08 PM org.ros.time.RemoteUptimeClock update
INFO: Latency: 7,0000 s, Delta ratio: 1,0000, Drift: 1,000, Error reduction coefficient: 0,000, Error: 0,0000 s
abr 04, 2013 12:33:08 PM org.ros.time.RemoteUptimeClock update
INFO: Latency: 7,0000 s, Delta ratio: 1,0000, Drift: 1,000, Error reduction coefficient: 0,000, Error: 0,0000 s
abr 04, 2013 12:33:08 PM org.ros.time.RemoteUptimeClock update
INFO: Latency: 7,0000 s, Delta ratio: 1,0000, Drift: 1,000, Error reduction coefficient: 0,000, Error: 0,0000 s
abr 04, 2013 12:33:08 PM org.ros.time.RemoteUptimeClock update
INFO: Latency: 7,0000 s, Delta ratio: 1,0000, Drift: 1,000, Error reduction coefficient: 0,000, Error: 0,0000 s
abr 04, 2013 12:33:08 PM org.ros.time.RemoteUptimeClock update
INFO: Latency: 7,0000 s, Delta ratio: 1,0000, Drift: 1,000, Error reduction coefficient: 0,000, Error: 0,0000 s
abr 04, 2013 12:33:08 PM org.ros.time.RemoteUptimeClock update
INFO: Latency: 7,0000 s, Delta ratio: 1,0000, Drift: 1,000, Error reduction coefficient: 0,000, Error: 0,0000 s
abr 04, 2013 12:33:08 PM org.ros.time.RemoteUptimeClock update
INFO: Latency: 7,0000 s, Delta ratio: 1,0000, Drift: 1,000, Error reduction coefficient: 0,000, Error: 0,0000 s
abr 04, 2013 12:33:08 PM org.ros.time.RemoteUptimeClock update
INFO: Latency: 7,0000 s, Delta ratio: 1,0000, Drift: 1,000, Error reduction coefficient: 0,000, Error: 0,0000 s
abr 04, 2013 12:33:08 PM org.ros.time.RemoteUptimeClock update
INFO: Latency: 7,0000 s, Delta ratio: 1,0000, Drift: 1,000, Error reduction coefficient: 0,000, Error: 0,0000 s
abr 04, 2013 12:33:08 PM org.ros.time.RemoteUptimeClock update
INFO: Latency: 7,0000 s, Delta ratio: 1,0000, Drift: 1,000, Error reduction coefficient: 0,000, Error: 0,0000 s
abr 04, 2013 12:33:08 PM org.ros.time.RemoteUptimeClock update
INFO: Latency: 7,0000 s, Delta ratio: 1,0000, Drift: 1,000, Error reduction coefficient: 0,000, Error: 0,0000 s
abr 04, 2013 12:33:08 PM org.ros.time.RemoteUptimeClock update
INFO: Latency: 7,0000 s, Delta ratio: 1,0000, Drift: 1,000, Error reduction coefficient: 0,000, Error: 0,0000 s
abr 04, 2013 12:33:08 PM org.ros.time.RemoteUptimeClock update
INFO: Latency: 7,0000 s, Delta ratio: 1,0000, Drift: 1,000, Error reduction coefficient: 0,000, Error: 0,0000 s
abr 04, 2013 12:33:08 PM org.ros.time.RemoteUptimeClock update
INFO: Latency: 7,0000 s, Delta ratio: 1,0000, Drift: 1,000, Error reduction coefficient: 0,000, Error: 0,0000 s
abr 04, 2013 12:33:08 PM org.ros.time.RemoteUptimeClock update
INFO: Latency: 7,0000 s, Delta ratio: 1,0000, Drift: 1,000, Error reduction coefficient: 0,000, Error: 0,0000 s
abr 04, 2013 12:33:08 PM org.ros.time.RemoteUptimeClock update
INFO: Latency: 7,0000 s, Delta ratio: 1,0000, Drift: 1,000, Error reduction coefficient: 0,000, Error: 0,0000 s
abr 04, 2013 12:33:08 PM org.ros.time.RemoteUptimeClock update
INFO: Latency: 7,0000 s, Delta ratio: 1,0000, Drift: 1,000, Error reduction coefficient: 0,000, Error: 0,0000 s
abr 04, 2013 12:33:08 PM org.ros.time.RemoteUptimeClock update
INFO: Latency: 7,0000 s, Delta ratio: 1,0000, Drift: 1,000, Error reduction coefficient: 0,000, Error: 0,0000 s
abr 04, 2013 12:33:08 PM org.ros.time.RemoteUptimeClock update
INFO: Latency: 7,0000 s, Delta ratio: 1,0000, Drift: 1,000, Error reduction coefficient: 0,000, Error: 0,0000 s
abr 04, 2013 12:33:08 PM org.ros.time.RemoteUptimeClock update
INFO: Latency: 7,0000 s, Delta ratio: 1,0000, Drift: 1,000, Error reduction coefficient: 0,000, Error: 0,0000 s
abr 04, 2013 12:33:08 PM org.ros.time.RemoteUptimeClock update
INFO: Latency: 7,0000 s, Delta ratio: 1,0000, Drift: 1,000, Error reduction coefficient: 0,000, Error: 0,0000 s
abr 04, 2013 12:33:08 PM org.ros.time.RemoteUptimeClock update
INFO: Latency: 7,0000 s, Delta ratio: 1,0000, Drift: 1,000, Error reduction coefficient: 0,000, Error: 0,0000 s
abr 04, 2013 12:33:08 PM org.ros.time.RemoteUptimeClock update
INFO: Latency: 7,0000 s, Delta ratio: 1,0000, Drift: 1,000, Error reduction coefficient: 0,000, Error: 0,0000 s
abr 04, 2013 12:33:08 PM org.ros.time.RemoteUptimeClock update
INFO: Latency: 7,0000 s, Delta ratio: 1,0000, Drift: 1,000, Error reduction coefficient: 0,000, Error: 0,0000 s
abr 04, 2013 12:33:08 PM org.ros.time.RemoteUptimeClock update
INFO: Latency: 7,0000 s, Delta ratio: 1,0000, Drift: 1,000, Error reduction coefficient: 0,000, Error: 0,0000 s
abr 04, 2013 12:33:08 PM org.ros.time.RemoteUptimeClock update
INFO: Latency: 7,0000 s, Delta ratio: 1,0000, Drift: 1,000, Error reduction coefficient: 0,000, Error: 0,0000 s
abr 04, 2013 12:33:08 PM org.ros.time.RemoteUptimeClock update
INFO: Latency: 7,0000 s, Delta ratio: 1,0000, Drift: 1,000, Error reduction coefficient: 0,000, Error: 0,0000 s
abr 04, 2013 12:33:08 PM org.ros.time.RemoteUptimeClock update
INFO: Latency: 7,0000 s, Delta ratio: 1,0000, Drift: 1,000, Error reduction coefficient: 0,000, Error: 0,0000 s
abr 04, 2013 12:33:08 PM org.ros.time.RemoteUptimeClock update
INFO: Latency: 7,0000 s, Delta ratio: 1,0000, Drift: 1,000, Error reduction coefficient: 0,000, Error: 0,0000 s
abr 04, 2013 12:33:08 PM org.ros.time.RemoteUptimeClock update
INFO: Latency: 7,0000 s, Delta ratio: 1,0000, Drift: 1,000, Error reduction coefficient: 0,000, Error: 0,0000 s
abr 04, 2013 12:33:08 PM org.ros.time.RemoteUptimeClock update
INFO: Latency: 7,0000 s, Delta ratio: 1,0000, Drift: 1,000, Error reduction coefficient: 0,000, Error: 0,0000 s
abr 04, 2013 12:33:08 PM org.ros.time.RemoteUptimeClock update
INFO: Latency: 7,0000 s, Delta ratio: 1,0000, Drift: 1,000, Error reduction coefficient: 0,000, Error: 0,0000 s
abr 04, 2013 12:33:08 PM org.ros.time.RemoteUptimeClock update
INFO: Latency: 7,0000 s, Delta ratio: 1,0000, Drift: 1,000, Error reduction coefficient: 0,000, Error: 0,0000 s
abr 04, 2013 12:33:08 PM org.ros.time.RemoteUptimeClock update
INFO: Latency: 7,0000 s, Delta ratio: 1,0000, Drift: 1,000, Error reduction coefficient: 0,000, Error: 0,0000 s
abr 04, 2013 12:33:08 PM org.ros.time.RemoteUptimeClock update
INFO: Latency: 7,0000 s, Delta ratio: 1,0000, Drift: 1,000, Error reduction coefficient: 0,000, Error: 0,0000 s
abr 04, 2013 12:33:08 PM org.ros.time.RemoteUptimeClock update
INFO: Latency: 7,0000 s, Delta ratio: 1,0000, Drift: 1,000, Error reduction coefficient: 0,000, Error: 0,0000 s
abr 04, 2013 12:33:08 PM org.ros.time.RemoteUptimeClock update
INFO: Latency: 7,0000 s, Delta ratio: 1,0000, Drift: 1,000, Error reduction coefficient: 0,000, Error: 0,0000 s
abr 04, 2013 12:33:08 PM org.ros.time.RemoteUptimeClock update
INFO: Latency: 7,0000 s, Delta ratio: 1,0000, Drift: 1,000, Error reduction coefficient: 0,000, Error: 0,0000 s
abr 04, 2013 12:33:08 PM org.ros.time.RemoteUptimeClock update
INFO: Latency: 7,0000 s, Delta ratio: 1,0000, Drift: 1,000, Error reduction coefficient: 0,000, Error: 0,0000 s
abr 04, 2013 12:33:08 PM org.ros.time.RemoteUptimeClock update
INFO: Latency: 7,0000 s, Delta ratio: 1,0000, Drift: 1,000, Error reduction coefficient: 0,000, Error: 0,0000 s
abr 04, 2013 12:33:08 PM org.ros.time.RemoteUptimeClock update
INFO: Latency: 7,0000 s, Delta ratio: 1,0000, Drift: 1,000, Error reduction coefficient: 0,000, Error: 0,0000 s
abr 04, 2013 12:33:08 PM org.ros.time.RemoteUptimeClock update
INFO: Latency: 7,0000 s, Delta ratio: 1,0000, Drift: 1,000, Error reduction coefficient: 0,000, Error: 0,0000 s
abr 04, 2013 12:33:08 PM org.ros.time.RemoteUptimeClock update
INFO: Latency: 7,0000 s, Delta ratio: 1,0000, Drift: 1,000, Error reduction coefficient: 0,000, Error: 0,0000 s
abr 04, 2013 12:33:08 PM org.ros.time.RemoteUptimeClock update
INFO: Latency: 7,0000 s, Delta ratio: 1,0000, Drift: 1,000, Error reduction coefficient: 0,000, Error: 0,0000 s
abr 04, 2013 12:33:08 PM org.ros.time.RemoteUptimeClock update
INFO: Latency: 7,0000 s, Delta ratio: 1,0000, Drift: 1,000, Error reduction coefficient: 0,000, Error: 0,0000 s
abr 04, 2013 12:33:08 PM org.ros.time.RemoteUptimeClock update
INFO: Latency: 7,0000 s, Delta ratio: 1,0000, Drift: 1,000, Error reduction coefficient: 0,000, Error: 0,0000 s
abr 04, 2013 12:33:08 PM org.ros.time.RemoteUptimeClock update
INFO: Latency: 7,0000 s, Delta ratio: 1,0000, Drift: 1,000, Error reduction coefficient: 0,000, Error: 0,0000 s
abr 04, 2013 12:33:08 PM org.ros.time.RemoteUptimeClock update
INFO: Latency: 7,0000 s, Delta ratio: 1,0000, Drift: 1,000, Error reduction coefficient: 0,000, Error: 0,0000 s
abr 04, 2013 12:33:08 PM org.ros.time.RemoteUptimeClock update
INFO: Latency: 7,0000 s, Delta ratio: 1,0000, Drift: 1,000, Error reduction coefficient: 0,000, Error: 0,0000 s
abr 04, 2013 12:33:08 PM org.ros.time.RemoteUptimeClock update
INFO: Latency: 7,0000 s, Delta ratio: 1,0000, Drift: 1,000, Error reduction coefficient: 0,000, Error: 0,0000 s
abr 04, 2013 12:33:08 PM org.ros.time.RemoteUptimeClock update
INFO: Latency: 7,0000 s, Delta ratio: 1,0000, Drift: 1,000, Error reduction coefficient: 0,000, Error: 0,0000 s
abr 04, 2013 12:33:08 PM org.ros.time.RemoteUptimeClock update
INFO: Latency: 7,0000 s, Delta ratio: 1,0000, Drift: 1,000, Error reduction coefficient: 0,000, Error: 0,0000 s
abr 04, 2013 12:33:08 PM org.ros.time.RemoteUptimeClock update
INFO: Latency: 7,0000 s, Delta ratio: 1,0000, Drift: 1,000, Error reduction coefficient: 0,000, Error: 0,0000 s
abr 04, 2013 12:33:08 PM org.ros.time.RemoteUptimeClock update
INFO: Latency: 7,0000 s, Delta ratio: 1,0000, Drift: 1,000, Error reduction coefficient: 0,000, Error: 0,0000 s
abr 04, 2013 12:33:08 PM org.ros.time.RemoteUptimeClock update
INFO: Latency: 7,0000 s, Delta ratio: 1,0000, Drift: 1,000, Error reduction coefficient: 0,000, Error: 0,0000 s
abr 04, 2013 12:33:08 PM org.ros.time.RemoteUptimeClock update
INFO: Latency: 7,0000 s, Delta ratio: 1,0000, Drift: 1,000, Error reduction coefficient: 0,000, Error: 0,0000 s
abr 04, 2013 12:33:08 PM org.ros.time.RemoteUptimeClock update
INFO: Latency: 7,0000 s, Delta ratio: 1,0000, Drift: 1,000, Error reduction coefficient: 0,000, Error: 0,0000 s
abr 04, 2013 12:33:08 PM org.ros.time.RemoteUptimeClock update
INFO: Latency: 7,0000 s, Delta ratio: 1,0000, Drift: 1,000, Error reduction coefficient: 0,000, Error: 0,0000 s
abr 04, 2013 12:33:08 PM org.ros.time.RemoteUptimeClock update
INFO: Latency: 7,0000 s, Delta ratio: 1,0000, Drift: 1,000, Error reduction coefficient: 0,000, Error: 0,0000 s
abr 04, 2013 12:33:08 PM org.ros.time.RemoteUptimeClock update
INFO: Latency: 7,0000 s, Delta ratio: 1,0000, Drift: 1,000, Error reduction coefficient: 0,000, Error: 0,0000 s
abr 04, 2013 12:33:08 PM org.ros.time.RemoteUptimeClock update
INFO: Latency: 7,0000 s, Delta ratio: 1,0000, Drift: 1,000, Error reduction coefficient: 0,000, Error: 0,0000 s
abr 04, 2013 12:33:08 PM org.ros.time.RemoteUptimeClock update
INFO: Latency: 7,0000 s, Delta ratio: 1,0000, Drift: 1,000, Error reduction coefficient: 0,000, Error: 0,0000 s
abr 04, 2013 12:33:08 PM org.ros.time.RemoteUptimeClock update
INFO: Latency: 7,0000 s, Delta ratio: 1,0000, Drift: 1,000, Error reduction coefficient: 0,000, Error: 0,0000 s
abr 04, 2013 12:33:08 PM org.ros.time.RemoteUptimeClock update
INFO: Latency: 7,0000 s, Delta ratio: 1,0000, Drift: 1,000, Error reduction coefficient: 0,000, Error: 0,0000 s
abr 04, 2013 12:33:08 PM org.ros.time.RemoteUptimeClock update
INFO: Latency: 7,0000 s, Delta ratio: 1,0000, Drift: 1,000, Error reduction coefficient: 0,000, Error: 0,0000 s
abr 04, 2013 12:33:08 PM org.ros.time.RemoteUptimeClock update
INFO: Latency: 7,0000 s, Delta ratio: 1,0000, Drift: 1,000, Error reduction coefficient: 0,000, Error: 0,0000 s
abr 04, 2013 12:33:08 PM org.ros.time.RemoteUptimeClock update
INFO: Latency: 7,0000 s, Delta ratio: 1,0000, Drift: 1,000, Error reduction coefficient: 0,000, Error: 0,0000 s
abr 04, 2013 12:33:08 PM org.ros.time.RemoteUptimeClock update
INFO: Latency: 7,0000 s, Delta ratio: 1,0000, Drift: 1,000, Error reduction coefficient: 0,000, Error: 0,0000 s
abr 04, 2013 12:33:08 PM org.ros.time.RemoteUptimeClock update
INFO: Latency: 7,0000 s, Delta ratio: 1,0000, Drift: 1,000, Error reduction coefficient: 0,000, Error: 0,0000 s
abr 04, 2013 12:33:08 PM org.ros.time.RemoteUptimeClock update
INFO: Latency: 7,0000 s, Delta ratio: 1,0000, Drift: 1,000, Error reduction coefficient: 0,000, Error: 0,0000 s
abr 04, 2013 12:33:08 PM org.ros.time.RemoteUptimeClock update
INFO: Latency: 7,0000 s, Delta ratio: 1,0000, Drift: 1,000, Error reduction coefficient: 0,000, Error: 0,0000 s
abr 04, 2013 12:33:08 PM org.ros.time.RemoteUptimeClock update
INFO: Latency: 7,0000 s, Delta ratio: 1,0000, Drift: 1,000, Error reduction coefficient: 0,000, Error: 0,0000 s
abr 04, 2013 12:33:08 PM org.ros.time.RemoteUptimeClock update
INFO: Latency: 7,0000 s, Delta ratio: 1,0000, Drift: 1,000, Error reduction coefficient: 0,000, Error: 0,0000 s
abr 04, 2013 12:33:08 PM org.ros.time.RemoteUptimeClock update
INFO: Latency: 7,0000 s, Delta ratio: 1,0000, Drift: 1,000, Error reduction coefficient: 0,000, Error: 0,0000 s
abr 04, 2013 12:33:08 PM org.ros.time.RemoteUptimeClock update
INFO: Latency: 7,0000 s, Delta ratio: 1,0000, Drift: 1,000, Error reduction coefficient: 0,000, Error: 0,0000 s
abr 04, 2013 12:33:08 PM org.ros.time.RemoteUptimeClock update
INFO: Latency: 7,0000 s, Delta ratio: 1,0000, Drift: 1,000, Error reduction coefficient: 0,000, Error: 0,0000 s
abr 04, 2013 12:33:08 PM org.ros.time.RemoteUptimeClock update
INFO: Latency: 7,0000 s, Delta ratio: 1,0000, Drift: 1,000, Error reduction coefficient: 0,000, Error: 0,0000 s
abr 04, 2013 12:33:08 PM org.ros.time.RemoteUptimeClock update
INFO: Latency: 7,0000 s, Delta ratio: 1,0000, Drift: 1,000, Error reduction coefficient: 0,000, Error: 0,0000 s
abr 04, 2013 12:33:08 PM org.ros.time.RemoteUptimeClock update
INFO: Latency: 7,0000 s, Delta ratio: 1,0000, Drift: 1,000, Error reduction coefficient: 0,000, Error: 0,0000 s
abr 04, 2013 12:33:08 PM org.ros.time.RemoteUptimeClock update
INFO: Latency: 7,0000 s, Delta ratio: 1,0000, Drift: 1,000, Error reduction coefficient: 0,000, Error: 0,0000 s
abr 04, 2013 12:33:08 PM org.ros.time.RemoteUptimeClock update
INFO: Latency: 7,0000 s, Delta ratio: 1,0000, Drift: 1,000, Error reduction coefficient: 0,000, Error: 0,0000 s
abr 04, 2013 12:33:08 PM org.ros.time.RemoteUptimeClock update
INFO: Latency: 7,0000 s, Delta ratio: 1,0000, Drift: 1,000, Error reduction coefficient: 0,000, Error: 0,0000 s
abr 04, 2013 12:33:08 PM org.ros.time.RemoteUptimeClock update
INFO: Latency: 7,0000 s, Delta ratio: 1,0000, Drift: 1,000, Error reduction coefficient: 0,000, Error: 0,0000 s
abr 04, 2013 12:33:08 PM org.ros.time.RemoteUptimeClock update
INFO: Latency: 7,0000 s, Delta ratio: 1,0000, Drift: 1,000, Error reduction coefficient: 0,000, Error: 0,0000 s
abr 04, 2013 12:33:08 PM org.ros.time.RemoteUptimeClock update
INFO: Latency: 7,0000 s, Delta ratio: 1,0000, Drift: 1,000, Error reduction coefficient: 0,000, Error: 0,0000 s
abr 04, 2013 12:33:08 PM org.ros.time.RemoteUptimeClock update
INFO: Latency: 7,0000 s, Delta ratio: 1,0000, Drift: 1,000, Error reduction coefficient: 0,000, Error: 0,0000 s
abr 04, 2013 12:33:08 PM org.ros.time.RemoteUptimeClock update
INFO: Latency: 7,0000 s, Delta ratio: 1,0000, Drift: 1,000, Error reduction coefficient: 0,000, Error: 0,0000 s
abr 04, 2013 12:33:08 PM org.ros.time.RemoteUptimeClock update
INFO: Latency: 7,0000 s, Delta ratio: 1,0000, Drift: 1,000, Error reduction coefficient: 0,000, Error: 0,0000 s
abr 04, 2013 12:33:08 PM org.ros.time.RemoteUptimeClock update
INFO: Latency: 7,0000 s, Delta ratio: 1,0000, Drift: 1,000, Error reduction coefficient: 0,000, Error: 0,0000 s
abr 04, 2013 12:33:08 PM org.ros.time.RemoteUptimeClock update
INFO: Latency: 7,0000 s, Delta ratio: 1,0000, Drift: 1,000, Error reduction coefficient: 0,000, Error: 0,0000 s
abr 04, 2013 12:33:08 PM org.ros.time.RemoteUptimeClock update
INFO: Latency: 7,0000 s, Delta ratio: 1,0000, Drift: 1,000, Error reduction coefficient: 0,000, Error: 0,0000 s
abr 04, 2013 12:33:08 PM org.ros.time.RemoteUptimeClock update
INFO: Latency: 7,0000 s, Delta ratio: 1,0000, Drift: 1,000, Error reduction coefficient: 0,000, Error: 0,0000 s
abr 04, 2013 12:33:08 PM org.ros.time.RemoteUptimeClock update
INFO: Latency: 7,0000 s, Delta ratio: 1,0000, Drift: 1,000, Error reduction coefficient: 0,000, Error: 0,0000 s
abr 04, 2013 12:33:08 PM org.ros.time.RemoteUptimeClock update
INFO: Latency: 7,0000 s, Delta ratio: 1,0000, Drift: 1,000, Error reduction coefficient: 0,000, Error: 0,0000 s
abr 04, 2013 12:33:08 PM org.ros.time.RemoteUptimeClock update
INFO: Latency: 7,0000 s, Delta ratio: 1,0000, Drift: 1,000, Error reduction coefficient: 0,000, Error: 0,0000 s
abr 04, 2013 12:33:08 PM org.ros.time.RemoteUptimeClock update
INFO: Latency: 7,0000 s, Delta ratio: 1,0000, Drift: 1,000, Error reduction coefficient: 0,000, Error: 0,0000 s
abr 04, 2013 12:33:08 PM org.ros.time.RemoteUptimeClock update
INFO: Latency: 7,0000 s, Delta ratio: 1,0000, Drift: 1,000, Error reduction coefficient: 0,000, Error: 0,0000 s
abr 04, 2013 12:33:08 PM org.ros.time.RemoteUptimeClock update
INFO: Latency: 7,0000 s, Delta ratio: 1,0000, Drift: 1,000, Error reduction coefficient: 0,000, Error: 0,0000 s
abr 04, 2013 12:33:08 PM org.ros.time.RemoteUptimeClock update
INFO: Latency: 7,0000 s, Delta ratio: 1,0000, Drift: 1,000, Error reduction coefficient: 0,000, Error: 0,0000 s
abr 04, 2013 12:33:08 PM org.ros.time.RemoteUptimeClock update
INFO: Latency: 7,0000 s, Delta ratio: 1,0000, Drift: 1,000, Error reduction coefficient: 0,000, Error: 0,0000 s
abr 04, 2013 12:33:08 PM org.ros.time.RemoteUptimeClock update
INFO: Latency: 7,0000 s, Delta ratio: 1,0000, Drift: 1,000, Error reduction coefficient: 0,000, Error: 0,0000 s
abr 04, 2013 12:33:08 PM org.ros.time.RemoteUptimeClock update
INFO: Latency: 7,0000 s, Delta ratio: 1,0000, Drift: 1,000, Error reduction coefficient: 0,000, Error: 0,0000 s
abr 04, 2013 12:33:08 PM org.ros.time.RemoteUptimeClock update
INFO: Latency: 7,0000 s, Delta ratio: 1,0000, Drift: 1,000, Error reduction coefficient: 0,000, Error: 0,0000 s
abr 04, 2013 12:33:08 PM org.ros.time.RemoteUptimeClock update
INFO: Latency: 7,0000 s, Delta ratio: 1,0000, Drift: 1,000, Error reduction coefficient: 0,000, Error: 0,0000 s
abr 04, 2013 12:33:08 PM org.ros.time.RemoteUptimeClock update
INFO: Latency: 7,0000 s, Delta ratio: 1,0000, Drift: 1,000, Error reduction coefficient: 0,000, Error: 0,0000 s
abr 04, 2013 12:33:08 PM org.ros.time.RemoteUptimeClock update
INFO: Latency: 7,0000 s, Delta ratio: 1,0000, Drift: 1,000, Error reduction coefficient: 0,000, Error: 0,0000 s
abr 04, 2013 12:33:08 PM org.ros.time.RemoteUptimeClock update
INFO: Latency: 7,0000 s, Delta ratio: 1,0000, Drift: 1,000, Error reduction coefficient: 0,000, Error: 0,0000 s
abr 04, 2013 12:33:08 PM org.ros.time.RemoteUptimeClock update
INFO: Latency: 7,0000 s, Delta ratio: 1,0000, Drift: 1,000, Error reduction coefficient: 0,000, Error: 0,0000 s
abr 04, 2013 12:33:08 PM org.ros.time.RemoteUptimeClock update
INFO: Latency: 7,0000 s, Delta ratio: 1,0000, Drift: 1,000, Error reduction coefficient: 0,000, Error: 0,0000 s
abr 04, 2013 12:33:08 PM org.ros.time.RemoteUptimeClock update
INFO: Latency: 7,0000 s, Delta ratio: 1,0000, Drift: 1,000, Error reduction coefficient: 0,000, Error: 0,0000 s
abr 04, 2013 12:33:08 PM org.ros.time.RemoteUptimeClock update
INFO: Latency: 7,0000 s, Delta ratio: 1,0000, Drift: 1,000, Error reduction coefficient: 0,000, Error: 0,0000 s
abr 04, 2013 12:33:08 PM org.ros.time.RemoteUptimeClock update
INFO: Latency: 7,0000 s, Delta ratio: 1,0000, Drift: 1,000, Error reduction coefficient: 0,000, Error: 0,0000 s
abr 04, 2013 12:33:08 PM org.ros.time.RemoteUptimeClock update
INFO: Latency: 7,0000 s, Delta ratio: 1,0000, Drift: 1,000, Error reduction coefficient: 0,000, Error: 0,0000 s
abr 04, 2013 12:33:08 PM org.ros.time.RemoteUptimeClock update
INFO: Latency: 7,0000 s, Delta ratio: 1,0000, Drift: 1,000, Error reduction coefficient: 0,000, Error: 0,0000 s
abr 04, 2013 12:33:08 PM org.ros.time.RemoteUptimeClock update
INFO: Latency: 7,0000 s, Delta ratio: 1,0000, Drift: 1,000, Error reduction coefficient: 0,000, Error: 0,0000 s
abr 04, 2013 12:33:08 PM org.ros.time.RemoteUptimeClock update
INFO: Latency: 7,0000 s, Delta ratio: 1,0000, Drift: 1,000, Error reduction coefficient: 0,000, Error: 0,0000 s
abr 04, 2013 12:33:08 PM org.ros.time.RemoteUptimeClock update
INFO: Latency: 7,0000 s, Delta ratio: 1,0000, Drift: 1,000, Error reduction coefficient: 0,000, Error: 0,0000 s
abr 04, 2013 12:33:08 PM org.ros.time.RemoteUptimeClock update
INFO: Latency: 7,0000 s, Delta ratio: 1,0000, Drift: 1,000, Error reduction coefficient: 0,000, Error: 0,0000 s
abr 04, 2013 12:33:08 PM org.ros.time.RemoteUptimeClock update
INFO: Latency: 7,0000 s, Delta ratio: 1,0000, Drift: 1,000, Error reduction coefficient: 0,000, Error: 0,0000 s
abr 04, 2013 12:33:08 PM org.ros.time.RemoteUptimeClock update
INFO: Latency: 7,0000 s, Delta ratio: 1,0000, Drift: 1,000, Error reduction coefficient: 0,000, Error: 0,0000 s
abr 04, 2013 12:33:08 PM org.ros.time.RemoteUptimeClock update
INFO: Latency: 7,0000 s, Delta ratio: 1,0000, Drift: 1,000, Error reduction coefficient: 0,000, Error: 0,0000 s
abr 04, 2013 12:33:08 PM org.ros.time.RemoteUptimeClock update
INFO: Latency: 7,0000 s, Delta ratio: 1,0000, Drift: 1,000, Error reduction coefficient: 0,000, Error: 0,0000 s
abr 04, 2013 12:33:08 PM org.ros.time.RemoteUptimeClock update
INFO: Latency: 7,0000 s, Delta ratio: 1,0000, Drift: 1,000, Error reduction coefficient: 0,000, Error: 0,0000 s
abr 04, 2013 12:33:08 PM org.ros.time.RemoteUptimeClock update
INFO: Latency: 7,0000 s, Delta ratio: 1,0000, Drift: 1,000, Error reduction coefficient: 0,000, Error: 0,0000 s
abr 04, 2013 12:33:08 PM org.ros.time.RemoteUptimeClock update
INFO: Latency: 7,0000 s, Delta ratio: 1,0000, Drift: 1,000, Error reduction coefficient: 0,000, Error: 0,0000 s
abr 04, 2013 12:33:08 PM org.ros.time.RemoteUptimeClock update
INFO: Latency: 7,0000 s, Delta ratio: 1,0000, Drift: 1,000, Error reduction coefficient: 0,000, Error: 0,0000 s
abr 04, 2013 12:33:08 PM org.ros.time.RemoteUptimeClock update
INFO: Latency: 7,0000 s, Delta ratio: 1,0000, Drift: 1,000, Error reduction coefficient: 0,000, Error: 0,0000 s
abr 04, 2013 12:33:08 PM org.ros.time.RemoteUptimeClock update
INFO: Latency: 7,0000 s, Delta ratio: 1,0000, Drift: 1,000, Error reduction coefficient: 0,000, Error: 0,0000 s
abr 04, 2013 12:33:08 PM org.ros.time.RemoteUptimeClock update
INFO: Latency: 7,0000 s, Delta ratio: 1,0000, Drift: 1,000, Error reduction coefficient: 0,000, Error: 0,0000 s
abr 04, 2013 12:33:08 PM org.ros.time.RemoteUptimeClock update
INFO: Latency: 7,0000 s, Delta ratio: 1,0000, Drift: 1,000, Error reduction coefficient: 0,000, Error: 0,0000 s
abr 04, 2013 12:33:08 PM org.ros.time.RemoteUptimeClock update
INFO: Latency: 7,0000 s, Delta ratio: 1,0000, Drift: 1,000, Error reduction coefficient: 0,000, Error: 0,0000 s
abr 04, 2013 12:33:08 PM org.ros.time.RemoteUptimeClock update
INFO: Latency: 7,0000 s, Delta ratio: 1,0000, Drift: 1,000, Error reduction coefficient: 0,000, Error: 0,0000 s
abr 04, 2013 12:33:08 PM org.ros.time.RemoteUptimeClock update
INFO: Latency: 7,0000 s, Delta ratio: 1,0000, Drift: 1,000, Error reduction coefficient: 0,000, Error: 0,0000 s
abr 04, 2013 12:33:08 PM org.ros.time.RemoteUptimeClock update
INFO: Latency: 7,0000 s, Delta ratio: 1,0000, Drift: 1,000, Error reduction coefficient: 0,000, Error: 0,0000 s
abr 04, 2013 12:33:08 PM org.ros.time.RemoteUptimeClock update
INFO: Latency: 7,0000 s, Delta ratio: 1,0000, Drift: 1,000, Error reduction coefficient: 0,000, Error: 0,0000 s
abr 04, 2013 12:33:08 PM org.ros.time.RemoteUptimeClock update
INFO: Latency: 7,0000 s, Delta ratio: 1,0000, Drift: 1,000, Error reduction coefficient: 0,000, Error: 0,0000 s
abr 04, 2013 12:33:08 PM org.ros.time.RemoteUptimeClock update
INFO: Latency: 7,0000 s, Delta ratio: 1,0000, Drift: 1,000, Error reduction coefficient: 0,000, Error: 0,0000 s
abr 04, 2013 12:33:08 PM org.ros.time.RemoteUptimeClock update
INFO: Latency: 7,0000 s, Delta ratio: 1,0000, Drift: 1,000, Error reduction coefficient: 0,000, Error: 0,0000 s
abr 04, 2013 12:33:08 PM org.ros.time.RemoteUptimeClock update
INFO: Latency: 7,0000 s, Delta ratio: 1,0000, Drift: 1,000, Error reduction coefficient: 0,000, Error: 0,0000 s
abr 04, 2013 12:33:08 PM org.ros.time.RemoteUptimeClock update
INFO: Latency: 7,0000 s, Delta ratio: 1,0000, Drift: 1,000, Error reduction coefficient: 0,000, Error: 0,0000 s
abr 04, 2013 12:33:08 PM org.ros.time.RemoteUptimeClock update
INFO: Latency: 7,0000 s, Delta ratio: 1,0000, Drift: 1,000, Error reduction coefficient: 0,000, Error: 0,0000 s
abr 04, 2013 12:33:08 PM org.ros.time.RemoteUptimeClock update
INFO: Latency: 7,0000 s, Delta ratio: 1,0000, Drift: 1,000, Error reduction coefficient: 0,000, Error: 0,0000 s
abr 04, 2013 12:33:08 PM org.ros.time.RemoteUptimeClock update
INFO: Latency: 7,0000 s, Delta ratio: 1,0000, Drift: 1,000, Error reduction coefficient: 0,000, Error: 0,0000 s
abr 04, 2013 12:33:08 PM org.ros.time.RemoteUptimeClock update
INFO: Latency: 7,0000 s, Delta ratio: 1,0000, Drift: 1,000, Error reduction coefficient: 0,000, Error: 0,0000 s
abr 04, 2013 12:33:08 PM org.ros.time.RemoteUptimeClock update
INFO: Latency: 7,0000 s, Delta ratio: 1,0000, Drift: 1,000, Error reduction coefficient: 0,000, Error: 0,0000 s
abr 04, 2013 12:33:08 PM org.ros.time.RemoteUptimeClock update
INFO: Latency: 7,0000 s, Delta ratio: 1,0000, Drift: 1,000, Error reduction coefficient: 0,000, Error: 0,0000 s
abr 04, 2013 12:33:08 PM org.ros.time.RemoteUptimeClock update
INFO: Latency: 7,0000 s, Delta ratio: 1,0000, Drift: 1,000, Error reduction coefficient: 0,000, Error: 0,0000 s
abr 04, 2013 12:33:08 PM org.ros.time.RemoteUptimeClock update
INFO: Latency: 7,0000 s, Delta ratio: 1,0000, Drift: 1,000, Error reduction coefficient: 0,000, Error: 0,0000 s
abr 04, 2013 12:33:08 PM org.ros.time.RemoteUptimeClock update
INFO: Latency: 7,0000 s, Delta ratio: 1,0000, Drift: 1,000, Error reduction coefficient: 0,000, Error: 0,0000 s
abr 04, 2013 12:33:08 PM org.ros.time.RemoteUptimeClock update
INFO: Latency: 7,0000 s, Delta ratio: 1,0000, Drift: 1,000, Error reduction coefficient: 0,000, Error: 0,0000 s
abr 04, 2013 12:33:08 PM org.ros.time.RemoteUptimeClock update
INFO: Latency: 7,0000 s, Delta ratio: 1,0000, Drift: 1,000, Error reduction coefficient: 0,000, Error: 0,0000 s
abr 04, 2013 12:33:08 PM org.ros.time.RemoteUptimeClock update
INFO: Latency: 7,0000 s, Delta ratio: 1,0000, Drift: 1,000, Error reduction coefficient: 0,000, Error: 0,0000 s
abr 04, 2013 12:33:08 PM org.ros.time.RemoteUptimeClock update
INFO: Latency: 7,0000 s, Delta ratio: 1,0000, Drift: 1,000, Error reduction coefficient: 0,000, Error: 0,0000 s
abr 04, 2013 12:33:08 PM org.ros.time.RemoteUptimeClock update
INFO: Latency: 7,0000 s, Delta ratio: 1,0000, Drift: 1,000, Error reduction coefficient: 0,000, Error: 0,0000 s
abr 04, 2013 12:33:08 PM org.ros.time.RemoteUptimeClock update
INFO: Latency: 7,0000 s, Delta ratio: 1,0000, Drift: 1,000, Error reduction coefficient: 0,000, Error: 0,0000 s
abr 04, 2013 12:33:08 PM org.ros.time.RemoteUptimeClock update
INFO: Latency: 7,0000 s, Delta ratio: 1,0000, Drift: 1,000, Error reduction coefficient: 0,000, Error: 0,0000 s
abr 04, 2013 12:33:08 PM org.ros.time.RemoteUptimeClock update
INFO: Latency: 7,0000 s, Delta ratio: 1,0000, Drift: 1,000, Error reduction coefficient: 0,000, Error: 0,0000 s
abr 04, 2013 12:33:08 PM org.ros.time.RemoteUptimeClock update
INFO: Latency: 7,0000 s, Delta ratio: 1,0000, Drift: 1,000, Error reduction coefficient: 0,000, Error: 0,0000 s
abr 04, 2013 12:33:08 PM org.ros.time.RemoteUptimeClock update
INFO: Latency: 7,0000 s, Delta ratio: 1,0000, Drift: 1,000, Error reduction coefficient: 0,000, Error: 0,0000 s
abr 04, 2013 12:33:08 PM org.ros.time.RemoteUptimeClock update
INFO: Latency: 7,0000 s, Delta ratio: 1,0000, Drift: 1,000, Error reduction coefficient: 0,000, Error: 0,0000 s
abr 04, 2013 12:33:08 PM org.ros.time.RemoteUptimeClock update
INFO: Latency: 7,0000 s, Delta ratio: 1,0000, Drift: 1,000, Error reduction coefficient: 0,000, Error: 0,0000 s
abr 04, 2013 12:33:08 PM org.ros.time.RemoteUptimeClock update
INFO: Latency: 7,0000 s, Delta ratio: 1,0000, Drift: 1,000, Error reduction coefficient: 0,000, Error: 0,0000 s
abr 04, 2013 12:33:08 PM org.ros.time.RemoteUptimeClock update
INFO: Latency: 7,0000 s, Delta ratio: 1,0000, Drift: 1,000, Error reduction coefficient: 0,000, Error: 0,0000 s
abr 04, 2013 12:33:08 PM org.ros.time.RemoteUptimeClock update
INFO: Latency: 7,0000 s, Delta ratio: 1,0000, Drift: 1,000, Error reduction coefficient: 0,000, Error: 0,0000 s
abr 04, 2013 12:33:08 PM org.ros.time.RemoteUptimeClock update
INFO: Latency: 7,0000 s, Delta ratio: 1,0000, Drift: 1,000, Error reduction coefficient: 0,000, Error: 0,0000 s
abr 04, 2013 12:33:08 PM org.ros.time.RemoteUptimeClock update
INFO: Latency: 7,0000 s, Delta ratio: 1,0000, Drift: 1,000, Error reduction coefficient: 0,000, Error: 0,0000 s
abr 04, 2013 12:33:08 PM org.ros.time.RemoteUptimeClock update
INFO: Latency: 7,0000 s, Delta ratio: 1,0000, Drift: 1,000, Error reduction coefficient: 0,000, Error: 0,0000 s
abr 04, 2013 12:33:08 PM org.ros.time.RemoteUptimeClock update
INFO: Latency: 7,0000 s, Delta ratio: 1,0000, Drift: 1,000, Error reduction coefficient: 0,000, Error: 0,0000 s
abr 04, 2013 12:33:08 PM org.ros.time.RemoteUptimeClock update
INFO: Latency: 7,0000 s, Delta ratio: 1,0000, Drift: 1,000, Error reduction coefficient: 0,000, Error: 0,0000 s
abr 04, 2013 12:33:08 PM org.ros.time.RemoteUptimeClock update
INFO: Latency: 7,0000 s, Delta ratio: 1,0000, Drift: 1,000, Error reduction coefficient: 0,000, Error: 0,0000 s
abr 04, 2013 12:33:08 PM org.ros.time.RemoteUptimeClock update
INFO: Latency: 7,0000 s, Delta ratio: 1,0000, Drift: 1,000, Error reduction coefficient: 0,000, Error: 0,0000 s
abr 04, 2013 12:33:08 PM org.ros.time.RemoteUptimeClock update
INFO: Latency: 7,0000 s, Delta ratio: 1,0000, Drift: 1,000, Error reduction coefficient: 0,000, Error: 0,0000 s
abr 04, 2013 12:33:08 PM org.ros.time.RemoteUptimeClock update
INFO: Latency: 7,0000 s, Delta ratio: 1,0000, Drift: 1,000, Error reduction coefficient: 0,000, Error: 0,0000 s
abr 04, 2013 12:33:08 PM org.ros.time.RemoteUptimeClock update
INFO: Latency: 7,0000 s, Delta ratio: 1,0000, Drift: 1,000, Error reduction coefficient: 0,000, Error: 0,0000 s
abr 04, 2013 12:33:08 PM org.ros.time.RemoteUptimeClock update
INFO: Latency: 7,0000 s, Delta ratio: 1,0000, Drift: 1,000, Error reduction coefficient: 0,000, Error: 0,0000 s
abr 04, 2013 12:33:08 PM org.ros.time.RemoteUptimeClock update
INFO: Latency: 7,0000 s, Delta ratio: 1,0000, Drift: 1,000, Error reduction coefficient: 0,000, Error: 0,0000 s
abr 04, 2013 12:33:08 PM org.ros.time.RemoteUptimeClock update
INFO: Latency: 7,0000 s, Delta ratio: 1,0000, Drift: 1,000, Error reduction coefficient: 0,000, Error: 0,0000 s
abr 04, 2013 12:33:08 PM org.ros.time.RemoteUptimeClock update
INFO: Latency: 7,0000 s, Delta ratio: 1,0000, Drift: 1,000, Error reduction coefficient: 0,000, Error: 0,0000 s
abr 04, 2013 12:33:08 PM org.ros.time.RemoteUptimeClock update
INFO: Latency: 7,0000 s, Delta ratio: 1,0000, Drift: 1,000, Error reduction coefficient: 0,000, Error: 0,0000 s
abr 04, 2013 12:33:08 PM org.ros.time.RemoteUptimeClock update
INFO: Latency: 7,0000 s, Delta ratio: 1,0000, Drift: 1,000, Error reduction coefficient: 0,000, Error: 0,0000 s
abr 04, 2013 12:33:08 PM org.ros.time.RemoteUptimeClock update
INFO: Latency: 7,0000 s, Delta ratio: 1,0000, Drift: 1,000, Error reduction coefficient: 0,000, Error: 0,0000 s
abr 04, 2013 12:33:08 PM org.ros.time.RemoteUptimeClock update
INFO: Latency: 7,0000 s, Delta ratio: 1,0000, Drift: 1,000, Error reduction coefficient: 0,000, Error: 0,0000 s
abr 04, 2013 12:33:08 PM org.ros.time.RemoteUptimeClock update
INFO: Latency: 7,0000 s, Delta ratio: 1,0000, Drift: 1,000, Error reduction coefficient: 0,000, Error: 0,0000 s
abr 04, 2013 12:33:08 PM org.ros.time.RemoteUptimeClock update
INFO: Latency: 7,0000 s, Delta ratio: 1,0000, Drift: 1,000, Error reduction coefficient: 0,000, Error: 0,0000 s
abr 04, 2013 12:33:08 PM org.ros.time.RemoteUptimeClock update
INFO: Latency: 7,0000 s, Delta ratio: 1,0000, Drift: 1,000, Error reduction coefficient: 0,000, Error: 0,0000 s
abr 04, 2013 12:33:08 PM org.ros.time.RemoteUptimeClock update
INFO: Latency: 7,0000 s, Delta ratio: 1,0000, Drift: 1,000, Error reduction coefficient: 0,000, Error: 0,0000 s
abr 04, 2013 12:33:08 PM org.ros.time.RemoteUptimeClock update
INFO: Latency: 7,0000 s, Delta ratio: 1,0000, Drift: 1,000, Error reduction coefficient: 0,000, Error: 0,0000 s
abr 04, 2013 12:33:08 PM org.ros.time.RemoteUptimeClock update
INFO: Latency: 7,0000 s, Delta ratio: 1,0000, Drift: 1,000, Error reduction coefficient: 0,000, Error: 0,0000 s
abr 04, 2013 12:33:08 PM org.ros.time.RemoteUptimeClock update
INFO: Latency: 7,0000 s, Delta ratio: 1,0000, Drift: 1,000, Error reduction coefficient: 0,000, Error: 0,0000 s
abr 04, 2013 12:33:08 PM org.ros.time.RemoteUptimeClock update
INFO: Latency: 7,0000 s, Delta ratio: 1,0000, Drift: 1,000, Error reduction coefficient: 0,000, Error: 0,0000 s
abr 04, 2013 12:33:08 PM org.ros.time.RemoteUptimeClock update
INFO: Latency: 7,0000 s, Delta ratio: 1,0000, Drift: 1,000, Error reduction coefficient: 0,000, Error: 0,0000 s
abr 04, 2013 12:33:08 PM org.ros.time.RemoteUptimeClock update
INFO: Latency: 7,0000 s, Delta ratio: 1,0000, Drift: 1,000, Error reduction coefficient: 0,000, Error: 0,0000 s
abr 04, 2013 12:33:08 PM org.ros.time.RemoteUptimeClock update
INFO: Latency: 7,0000 s, Delta ratio: 1,0000, Drift: 1,000, Error reduction coefficient: 0,000, Error: 0,0000 s
abr 04, 2013 12:33:08 PM org.ros.time.RemoteUptimeClock update
INFO: Latency: 7,0000 s, Delta ratio: 1,0000, Drift: 1,000, Error reduction coefficient: 0,000, Error: 0,0000 s
abr 04, 2013 12:33:08 PM org.ros.time.RemoteUptimeClock update
INFO: Latency: 7,0000 s, Delta ratio: 1,0000, Drift: 1,000, Error reduction coefficient: 0,000, Error: 0,0000 s
abr 04, 2013 12:33:08 PM org.ros.time.RemoteUptimeClock update
INFO: Latency: 7,0000 s, Delta ratio: 1,0000, Drift: 1,000, Error reduction coefficient: 0,000, Error: 0,0000 s
abr 04, 2013 12:33:08 PM org.ros.time.RemoteUptimeClock update
INFO: Latency: 7,0000 s, Delta ratio: 1,0000, Drift: 1,000, Error reduction coefficient: 0,000, Error: 0,0000 s
abr 04, 2013 12:33:08 PM org.ros.time.RemoteUptimeClock update
INFO: Latency: 7,0000 s, Delta ratio: 1,0000, Drift: 1,000, Error reduction coefficient: 0,000, Error: 0,0000 s
abr 04, 2013 12:33:08 PM org.ros.time.RemoteUptimeClock update
INFO: Latency: 7,0000 s, Delta ratio: 1,0000, Drift: 1,000, Error reduction coefficient: 0,000, Error: 0,0000 s
abr 04, 2013 12:33:08 PM org.ros.time.RemoteUptimeClock update
INFO: Latency: 7,0000 s, Delta ratio: 1,0000, Drift: 1,000, Error reduction coefficient: 0,000, Error: 0,0000 s
abr 04, 2013 12:33:08 PM org.ros.time.RemoteUptimeClock update
INFO: Latency: 7,0000 s, Delta ratio: 1,0000, Drift: 1,000, Error reduction coefficient: 0,000, Error: 0,0000 s
abr 04, 2013 12:33:08 PM org.ros.time.RemoteUptimeClock update
INFO: Latency: 7,0000 s, Delta ratio: 1,0000, Drift: 1,000, Error reduction coefficient: 0,000, Error: 0,0000 s
abr 04, 2013 12:33:08 PM org.ros.time.RemoteUptimeClock update
INFO: Latency: 7,0000 s, Delta ratio: 1,0000, Drift: 1,000, Error reduction coefficient: 0,000, Error: 0,0000 s
abr 04, 2013 12:33:08 PM org.ros.time.RemoteUptimeClock update
INFO: Latency: 7,0000 s, Delta ratio: 1,0000, Drift: 1,000, Error reduction coefficient: 0,000, Error: 0,0000 s
abr 04, 2013 12:33:08 PM org.ros.time.RemoteUptimeClock update
INFO: Latency: 7,0000 s, Delta ratio: 1,0000, Drift: 1,000, Error reduction coefficient: 0,000, Error: 0,0000 s
abr 04, 2013 12:33:08 PM org.ros.time.RemoteUptimeClock update
INFO: Latency: 7,0000 s, Delta ratio: 1,0000, Drift: 1,000, Error reduction coefficient: 0,000, Error: 0,0000 s
abr 04, 2013 12:33:08 PM org.ros.time.RemoteUptimeClock update
INFO: Latency: 7,0000 s, Delta ratio: 1,0000, Drift: 1,000, Error reduction coefficient: 0,000, Error: 0,0000 s
abr 04, 2013 12:33:08 PM org.ros.time.RemoteUptimeClock update
INFO: Latency: 7,0000 s, Delta ratio: 1,0000, Drift: 1,000, Error reduction coefficient: 0,000, Error: 0,0000 s
abr 04, 2013 12:33:08 PM org.ros.time.RemoteUptimeClock update
INFO: Latency: 7,0000 s, Delta ratio: 1,0000, Drift: 1,000, Error reduction coefficient: 0,000, Error: 0,0000 s
abr 04, 2013 12:33:08 PM org.ros.time.RemoteUptimeClock update
INFO: Latency: 7,0000 s, Delta ratio: 1,0000, Drift: 1,000, Error reduction coefficient: 0,000, Error: 0,0000 s
abr 04, 2013 12:33:08 PM org.ros.time.RemoteUptimeClock update
INFO: Latency: 7,0000 s, Delta ratio: 1,0000, Drift: 1,000, Error reduction coefficient: 0,000, Error: 0,0000 s
abr 04, 2013 12:33:08 PM org.ros.time.RemoteUptimeClock update
INFO: Latency: 7,0000 s, Delta ratio: 1,0000, Drift: 1,000, Error reduction coefficient: 0,000, Error: 0,0000 s
abr 04, 2013 12:33:08 PM org.ros.time.RemoteUptimeClock update
INFO: Latency: 7,0000 s, Delta ratio: 1,0000, Drift: 1,000, Error reduction coefficient: 0,000, Error: 0,0000 s
abr 04, 2013 12:33:08 PM org.ros.time.RemoteUptimeClock update
INFO: Latency: 7,0000 s, Delta ratio: 1,0000, Drift: 1,000, Error reduction coefficient: 0,000, Error: 0,0000 s
abr 04, 2013 12:33:08 PM org.ros.time.RemoteUptimeClock update
INFO: Latency: 7,0000 s, Delta ratio: 1,0000, Drift: 1,000, Error reduction coefficient: 0,000, Error: 0,0000 s
abr 04, 2013 12:33:08 PM org.ros.time.RemoteUptimeClock update
INFO: Latency: 7,0000 s, Delta ratio: 1,0000, Drift: 1,000, Error reduction coefficient: 0,000, Error: 0,0000 s
abr 04, 2013 12:33:08 PM org.ros.time.RemoteUptimeClock update
INFO: Latency: 7,0000 s, Delta ratio: 1,0000, Drift: 1,000, Error reduction coefficient: 0,000, Error: 0,0000 s
abr 04, 2013 12:33:08 PM org.ros.time.RemoteUptimeClock update
INFO: Latency: 7,0000 s, Delta ratio: 1,0000, Drift: 1,000, Error reduction coefficient: 0,000, Error: 0,0000 s
abr 04, 2013 12:33:08 PM org.ros.time.RemoteUptimeClock update
INFO: Latency: 7,0000 s, Delta ratio: 1,0000, Drift: 1,000, Error reduction coefficient: 0,000, Error: 0,0000 s
abr 04, 2013 12:33:08 PM org.ros.time.RemoteUptimeClock update
INFO: Latency: 7,0000 s, Delta ratio: 1,0000, Drift: 1,000, Error reduction coefficient: 0,000, Error: 0,0000 s
abr 04, 2013 12:33:08 PM org.ros.time.RemoteUptimeClock update
INFO: Latency: 7,0000 s, Delta ratio: 1,0000, Drift: 1,000, Error reduction coefficient: 0,000, Error: 0,0000 s
abr 04, 2013 12:33:08 PM org.ros.time.RemoteUptimeClock update
INFO: Latency: 7,0000 s, Delta ratio: 1,0000, Drift: 1,000, Error reduction coefficient: 0,000, Error: 0,0000 s
abr 04, 2013 12:33:08 PM org.ros.time.RemoteUptimeClock update
INFO: Latency: 7,0000 s, Delta ratio: 1,0000, Drift: 1,000, Error reduction coefficient: 0,000, Error: 0,0000 s
abr 04, 2013 12:33:08 PM org.ros.time.RemoteUptimeClock update
INFO: Latency: 7,0000 s, Delta ratio: 1,0000, Drift: 1,000, Error reduction coefficient: 0,000, Error: 0,0000 s
abr 04, 2013 12:33:08 PM org.ros.time.RemoteUptimeClock update
INFO: Latency: 7,0000 s, Delta ratio: 1,0000, Drift: 1,000, Error reduction coefficient: 0,000, Error: 0,0000 s
abr 04, 2013 12:33:08 PM org.ros.time.RemoteUptimeClock update
INFO: Latency: 7,0000 s, Delta ratio: 1,0000, Drift: 1,000, Error reduction coefficient: 0,000, Error: 0,0000 s
abr 04, 2013 12:33:08 PM org.ros.time.RemoteUptimeClock update
INFO: Latency: 7,0000 s, Delta ratio: 1,0000, Drift: 1,000, Error reduction coefficient: 0,000, Error: 0,0000 s
abr 04, 2013 12:33:08 PM org.ros.time.RemoteUptimeClock update
INFO: Latency: 7,0000 s, Delta ratio: 1,0000, Drift: 1,000, Error reduction coefficient: 0,000, Error: 0,0000 s
abr 04, 2013 12:33:08 PM org.ros.time.RemoteUptimeClock update
INFO: Latency: 7,0000 s, Delta ratio: 1,0000, Drift: 1,000, Error reduction coefficient: 0,000, Error: 0,0000 s
abr 04, 2013 12:33:08 PM org.ros.time.RemoteUptimeClock update
INFO: Latency: 7,0000 s, Delta ratio: 1,0000, Drift: 1,000, Error reduction coefficient: 0,000, Error: 0,0000 s
abr 04, 2013 12:33:08 PM org.ros.time.RemoteUptimeClock update
INFO: Latency: 7,0000 s, Delta ratio: 1,0000, Drift: 1,000, Error reduction coefficient: 0,000, Error: 0,0000 s
abr 04, 2013 12:33:08 PM org.ros.time.RemoteUptimeClock update
INFO: Latency: 7,0000 s, Delta ratio: 1,0000, Drift: 1,000, Error reduction coefficient: 0,000, Error: 0,0000 s
abr 04, 2013 12:33:08 PM org.ros.time.RemoteUptimeClock update
INFO: Latency: 7,0000 s, Delta ratio: 1,0000, Drift: 1,000, Error reduction coefficient: 0,000, Error: 0,0000 s
abr 04, 2013 12:33:08 PM org.ros.time.RemoteUptimeClock update
INFO: Latency: 7,0000 s, Delta ratio: 1,0000, Drift: 1,000, Error reduction coefficient: 0,000, Error: 0,0000 s
abr 04, 2013 12:33:08 PM org.ros.time.RemoteUptimeClock update
INFO: Latency: 7,0000 s, Delta ratio: 1,0000, Drift: 1,000, Error reduction coefficient: 0,000, Error: 0,0000 s
abr 04, 2013 12:33:08 PM org.ros.time.RemoteUptimeClock update
INFO: Latency: 7,0000 s, Delta ratio: 1,0000, Drift: 1,000, Error reduction coefficient: 0,000, Error: 0,0000 s
abr 04, 2013 12:33:08 PM org.ros.time.RemoteUptimeClock update
INFO: Latency: 7,0000 s, Delta ratio: 1,0000, Drift: 1,000, Error reduction coefficient: 0,000, Error: 0,0000 s
abr 04, 2013 12:33:08 PM org.ros.time.RemoteUptimeClock update
INFO: Latency: 7,0000 s, Delta ratio: 1,0000, Drift: 1,000, Error reduction coefficient: 0,000, Error: 0,0000 s
abr 04, 2013 12:33:08 PM org.ros.time.RemoteUptimeClock update
INFO: Latency: 7,0000 s, Delta ratio: 1,0000, Drift: 1,000, Error reduction coefficient: 0,000, Error: 0,0000 s
abr 04, 2013 12:33:08 PM org.ros.time.RemoteUptimeClock update
INFO: Latency: 7,0000 s, Delta ratio: 1,0000, Drift: 1,000, Error reduction coefficient: 0,000, Error: 0,0000 s
abr 04, 2013 12:33:08 PM org.ros.time.RemoteUptimeClock update
INFO: Latency: 7,0000 s, Delta ratio: 1,0000, Drift: 1,000, Error reduction coefficient: 0,000, Error: 0,0000 s
abr 04, 2013 12:33:08 PM org.ros.time.RemoteUptimeClock update
INFO: Latency: 7,0000 s, Delta ratio: 1,0000, Drift: 1,000, Error reduction coefficient: 0,000, Error: 0,0000 s
abr 04, 2013 12:33:08 PM org.ros.time.RemoteUptimeClock update
INFO: Latency: 7,0000 s, Delta ratio: 1,0000, Drift: 1,000, Error reduction coefficient: 0,000, Error: 0,0000 s
abr 04, 2013 12:33:08 PM org.ros.time.RemoteUptimeClock update
INFO: Latency: 7,0000 s, Delta ratio: 1,0000, Drift: 1,000, Error reduction coefficient: 0,000, Error: 0,0000 s
abr 04, 2013 12:33:08 PM org.ros.time.RemoteUptimeClock update
INFO: Latency: 7,0000 s, Delta ratio: 1,0000, Drift: 1,000, Error reduction coefficient: 0,000, Error: 0,0000 s
abr 04, 2013 12:33:08 PM org.ros.time.RemoteUptimeClock update
INFO: Latency: 7,0000 s, Delta ratio: 1,0000, Drift: 1,000, Error reduction coefficient: 0,000, Error: 0,0000 s
abr 04, 2013 12:33:08 PM org.ros.time.RemoteUptimeClock update
INFO: Latency: 7,0000 s, Delta ratio: 1,0000, Drift: 1,000, Error reduction coefficient: 0,000, Error: 0,0000 s
abr 04, 2013 12:33:08 PM org.ros.time.RemoteUptimeClock update
INFO: Latency: 7,0000 s, Delta ratio: 1,0000, Drift: 1,000, Error reduction coefficient: 0,000, Error: 0,0000 s
abr 04, 2013 12:33:08 PM org.ros.time.RemoteUptimeClock update
INFO: Latency: 7,0000 s, Delta ratio: 1,0000, Drift: 1,000, Error reduction coefficient: 0,000, Error: 0,0000 s
abr 04, 2013 12:33:08 PM org.ros.time.RemoteUptimeClock update
INFO: Latency: 7,0000 s, Delta ratio: 1,0000, Drift: 1,000, Error reduction coefficient: 0,000, Error: 0,0000 s
abr 04, 2013 12:33:08 PM org.ros.time.RemoteUptimeClock update
INFO: Latency: 7,0000 s, Delta ratio: 1,0000, Drift: 1,000, Error reduction coefficient: 0,000, Error: 0,0000 s
abr 04, 2013 12:33:08 PM org.ros.time.RemoteUptimeClock update
INFO: Latency: 7,0000 s, Delta ratio: 1,0000, Drift: 1,000, Error reduction coefficient: 0,000, Error: 0,0000 s
abr 04, 2013 12:33:08 PM org.ros.time.RemoteUptimeClock update
INFO: Latency: 7,0000 s, Delta ratio: 1,0000, Drift: 1,000, Error reduction coefficient: 0,000, Error: 0,0000 s
abr 04, 2013 12:33:08 PM org.ros.time.RemoteUptimeClock update
INFO: Latency: 7,0000 s, Delta ratio: 1,0000, Drift: 1,000, Error reduction coefficient: 0,000, Error: 0,0000 s
abr 04, 2013 12:33:08 PM org.ros.time.RemoteUptimeClock update
INFO: Latency: 7,0000 s, Delta ratio: 1,0000, Drift: 1,000, Error reduction coefficient: 0,000, Error: 0,0000 s
abr 04, 2013 12:33:08 PM org.ros.time.RemoteUptimeClock update
INFO: Latency: 7,0000 s, Delta ratio: 1,0000, Drift: 1,000, Error reduction coefficient: 0,000, Error: 0,0000 s
abr 04, 2013 12:33:08 PM org.ros.time.RemoteUptimeClock update
INFO: Latency: 7,0000 s, Delta ratio: 1,0000, Drift: 1,000, Error reduction coefficient: 0,000, Error: 0,0000 s
abr 04, 2013 12:33:08 PM org.ros.time.RemoteUptimeClock update
INFO: Latency: 7,0000 s, Delta ratio: 1,0000, Drift: 1,000, Error reduction coefficient: 0,000, Error: 0,0000 s
abr 04, 2013 12:33:08 PM org.ros.time.RemoteUptimeClock update
INFO: Latency: 7,0000 s, Delta ratio: 1,0000, Drift: 1,000, Error reduction coefficient: 0,000, Error: 0,0000 s
abr 04, 2013 12:33:08 PM org.ros.time.RemoteUptimeClock update
INFO: Latency: 7,0000 s, Delta ratio: 1,0000, Drift: 1,000, Error reduction coefficient: 0,000, Error: 0,0000 s
abr 04, 2013 12:33:08 PM org.ros.time.RemoteUptimeClock update
INFO: Latency: 7,0000 s, Delta ratio: 1,0000, Drift: 1,000, Error reduction coefficient: 0,000, Error: 0,0000 s
abr 04, 2013 12:33:08 PM org.ros.time.RemoteUptimeClock update
INFO: Latency: 7,0000 s, Delta ratio: 1,0000, Drift: 1,000, Error reduction coefficient: 0,000, Error: 0,0000 s
abr 04, 2013 12:33:08 PM org.ros.time.RemoteUptimeClock update
INFO: Latency: 7,0000 s, Delta ratio: 1,0000, Drift: 1,000, Error reduction coefficient: 0,000, Error: 0,0000 s
abr 04, 2013 12:33:08 PM org.ros.time.RemoteUptimeClock update
INFO: Latency: 7,0000 s, Delta ratio: 1,0000, Drift: 1,000, Error reduction coefficient: 0,000, Error: 0,0000 s
abr 04, 2013 12:33:08 PM org.ros.time.RemoteUptimeClock update
INFO: Latency: 7,0000 s, Delta ratio: 1,0000, Drift: 1,000, Error reduction coefficient: 0,000, Error: 0,0000 s
abr 04, 2013 12:33:08 PM org.ros.time.RemoteUptimeClock update
INFO: Latency: 7,0000 s, Delta ratio: 1,0000, Drift: 1,000, Error reduction coefficient: 0,000, Error: 0,0000 s
abr 04, 2013 12:33:08 PM org.ros.time.RemoteUptimeClock update
INFO: Latency: 7,0000 s, Delta ratio: 1,0000, Drift: 1,000, Error reduction coefficient: 0,000, Error: 0,0000 s
abr 04, 2013 12:33:08 PM org.ros.time.RemoteUptimeClock update
INFO: Latency: 7,0000 s, Delta ratio: 1,0000, Drift: 1,000, Error reduction coefficient: 0,000, Error: 0,0000 s
abr 04, 2013 12:33:08 PM org.ros.time.RemoteUptimeClock update
INFO: Latency: 7,0000 s, Delta ratio: 1,0000, Drift: 1,000, Error reduction coefficient: 0,000, Error: 0,0000 s
abr 04, 2013 12:33:08 PM org.ros.time.RemoteUptimeClock update
INFO: Latency: 7,0000 s, Delta ratio: 1,0000, Drift: 1,000, Error reduction coefficient: 0,000, Error: 0,0000 s
abr 04, 2013 12:33:08 PM org.ros.time.RemoteUptimeClock update
INFO: Latency: 7,0000 s, Delta ratio: 1,0000, Drift: 1,000, Error reduction coefficient: 0,000, Error: 0,0000 s
abr 04, 2013 12:33:08 PM org.ros.time.RemoteUptimeClock update
INFO: Latency: 7,0000 s, Delta ratio: 1,0000, Drift: 1,000, Error reduction coefficient: 0,000, Error: 0,0000 s
abr 04, 2013 12:33:08 PM org.ros.time.RemoteUptimeClock update
INFO: Latency: 7,0000 s, Delta ratio: 1,0000, Drift: 1,000, Error reduction coefficient: 0,000, Error: 0,0000 s
abr 04, 2013 12:33:08 PM org.ros.time.RemoteUptimeClock update
INFO: Latency: 7,0000 s, Delta ratio: 1,0000, Drift: 1,000, Error reduction coefficient: 0,000, Error: 0,0000 s
abr 04, 2013 12:33:08 PM org.ros.time.RemoteUptimeClock update
INFO: Latency: 7,0000 s, Delta ratio: 1,0000, Drift: 1,000, Error reduction coefficient: 0,000, Error: 0,0000 s
abr 04, 2013 12:33:08 PM org.ros.time.RemoteUptimeClock update
INFO: Latency: 7,0000 s, Delta ratio: 1,0000, Drift: 1,000, Error reduction coefficient: 0,000, Error: 0,0000 s
abr 04, 2013 12:33:08 PM org.ros.time.RemoteUptimeClock update
INFO: Latency: 7,0000 s, Delta ratio: 1,0000, Drift: 1,000, Error reduction coefficient: 0,000, Error: 0,0000 s
abr 04, 2013 12:33:08 PM org.ros.time.RemoteUptimeClock update
INFO: Latency: 7,0000 s, Delta ratio: 1,0000, Drift: 1,000, Error reduction coefficient: 0,000, Error: 0,0000 s
abr 04, 2013 12:33:08 PM org.ros.time.RemoteUptimeClock update
INFO: Latency: 7,0000 s, Delta ratio: 1,0000, Drift: 1,000, Error reduction coefficient: 0,000, Error: 0,0000 s
abr 04, 2013 12:33:08 PM org.ros.time.RemoteUptimeClock update
INFO: Latency: 7,0000 s, Delta ratio: 1,0000, Drift: 1,000, Error reduction coefficient: 0,000, Error: 0,0000 s
abr 04, 2013 12:33:08 PM org.ros.time.RemoteUptimeClock update
INFO: Latency: 7,0000 s, Delta ratio: 1,0000, Drift: 1,000, Error reduction coefficient: 0,000, Error: 0,0000 s
abr 04, 2013 12:33:08 PM org.ros.time.RemoteUptimeClock update
INFO: Latency: 7,0000 s, Delta ratio: 1,0000, Drift: 1,000, Error reduction coefficient: 0,000, Error: 0,0000 s
abr 04, 2013 12:33:08 PM org.ros.time.RemoteUptimeClock update
INFO: Latency: 7,0000 s, Delta ratio: 1,0000, Drift: 1,000, Error reduction coefficient: 0,000, Error: 0,0000 s
abr 04, 2013 12:33:08 PM org.ros.time.RemoteUptimeClock update
INFO: Latency: 7,0000 s, Delta ratio: 1,0000, Drift: 1,000, Error reduction coefficient: 0,000, Error: 0,0000 s
abr 04, 2013 12:33:08 PM org.ros.time.RemoteUptimeClock update
INFO: Latency: 7,0000 s, Delta ratio: 1,0000, Drift: 1,000, Error reduction coefficient: 0,000, Error: 0,0000 s
abr 04, 2013 12:33:08 PM org.ros.time.RemoteUptimeClock update
INFO: Latency: 7,0000 s, Delta ratio: 1,0000, Drift: 1,000, Error reduction coefficient: 0,000, Error: 0,0000 s
abr 04, 2013 12:33:08 PM org.ros.time.RemoteUptimeClock update
INFO: Latency: 7,0000 s, Delta ratio: 1,0000, Drift: 1,000, Error reduction coefficient: 0,000, Error: 0,0000 s
abr 04, 2013 12:33:08 PM org.ros.time.RemoteUptimeClock update
INFO: Latency: 7,0000 s, Delta ratio: 1,0000, Drift: 1,000, Error reduction coefficient: 0,000, Error: 0,0000 s
abr 04, 2013 12:33:08 PM org.ros.time.RemoteUptimeClock update
INFO: Latency: 7,0000 s, Delta ratio: 1,0000, Drift: 1,000, Error reduction coefficient: 0,000, Error: 0,0000 s
abr 04, 2013 12:33:08 PM org.ros.time.RemoteUptimeClock update
INFO: Latency: 7,0000 s, Delta ratio: 1,0000, Drift: 1,000, Error reduction coefficient: 0,000, Error: 0,0000 s
abr 04, 2013 12:33:08 PM org.ros.time.RemoteUptimeClock update
INFO: Latency: 7,0000 s, Delta ratio: 1,0000, Drift: 1,000, Error reduction coefficient: 0,000, Error: 0,0000 s
abr 04, 2013 12:33:08 PM org.ros.time.RemoteUptimeClock update
INFO: Latency: 7,0000 s, Delta ratio: 1,0000, Drift: 1,000, Error reduction coefficient: 0,000, Error: 0,0000 s
abr 04, 2013 12:33:08 PM org.ros.time.RemoteUptimeClock update
INFO: Latency: 7,0000 s, Delta ratio: 1,0000, Drift: 1,000, Error reduction coefficient: 0,000, Error: 0,0000 s
abr 04, 2013 12:33:08 PM org.ros.time.RemoteUptimeClock update
INFO: Latency: 7,0000 s, Delta ratio: 1,0000, Drift: 1,000, Error reduction coefficient: 0,000, Error: 0,0000 s
abr 04, 2013 12:33:08 PM org.ros.time.RemoteUptimeClock update
INFO: Latency: 7,0000 s, Delta ratio: 1,0000, Drift: 1,000, Error reduction coefficient: 0,000, Error: 0,0000 s
abr 04, 2013 12:33:08 PM org.ros.time.RemoteUptimeClock update
INFO: Latency: 7,0000 s, Delta ratio: 1,0000, Drift: 1,000, Error reduction coefficient: 0,000, Error: 0,0000 s
abr 04, 2013 12:33:08 PM org.ros.time.RemoteUptimeClock update
INFO: Latency: 7,0000 s, Delta ratio: 1,0000, Drift: 1,000, Error reduction coefficient: 0,000, Error: 0,0000 s
abr 04, 2013 12:33:08 PM org.ros.time.RemoteUptimeClock update
INFO: Latency: 7,0000 s, Delta ratio: 1,0000, Drift: 1,000, Error reduction coefficient: 0,000, Error: 0,0000 s
abr 04, 2013 12:33:08 PM org.ros.time.RemoteUptimeClock update
INFO: Latency: 7,0000 s, Delta ratio: 1,0000, Drift: 1,000, Error reduction coefficient: 0,000, Error: 0,0000 s
abr 04, 2013 12:33:08 PM org.ros.time.RemoteUptimeClock update
INFO: Latency: 7,0000 s, Delta ratio: 1,0000, Drift: 1,000, Error reduction coefficient: 0,000, Error: 0,0000 s
abr 04, 2013 12:33:08 PM org.ros.time.RemoteUptimeClock update
INFO: Latency: 7,0000 s, Delta ratio: 1,0000, Drift: 1,000, Error reduction coefficient: 0,000, Error: 0,0000 s
abr 04, 2013 12:33:08 PM org.ros.time.RemoteUptimeClock update
INFO: Latency: 7,0000 s, Delta ratio: 1,0000, Drift: 1,000, Error reduction coefficient: 0,000, Error: 0,0000 s
abr 04, 2013 12:33:08 PM org.ros.time.RemoteUptimeClock update
INFO: Latency: 7,0000 s, Delta ratio: 1,0000, Drift: 1,000, Error reduction coefficient: 0,000, Error: 0,0000 s
abr 04, 2013 12:33:08 PM org.ros.time.RemoteUptimeClock update
INFO: Latency: 7,0000 s, Delta ratio: 1,0000, Drift: 1,000, Error reduction coefficient: 0,000, Error: 0,0000 s
abr 04, 2013 12:33:08 PM org.ros.time.RemoteUptimeClock update
INFO: Latency: 7,0000 s, Delta ratio: 1,0000, Drift: 1,000, Error reduction coefficient: 0,000, Error: 0,0000 s
abr 04, 2013 12:33:08 PM org.ros.time.RemoteUptimeClock update
INFO: Latency: 7,0000 s, Delta ratio: 1,0000, Drift: 1,000, Error reduction coefficient: 0,000, Error: 0,0000 s
abr 04, 2013 12:33:08 PM org.ros.time.RemoteUptimeClock update
INFO: Latency: 7,0000 s, Delta ratio: 1,0000, Drift: 1,000, Error reduction coefficient: 0,000, Error: 0,0000 s
abr 04, 2013 12:33:08 PM org.ros.time.RemoteUptimeClock update
INFO: Latency: 7,0000 s, Delta ratio: 1,0000, Drift: 1,000, Error reduction coefficient: 0,000, Error: 0,0000 s
abr 04, 2013 12:33:08 PM org.ros.time.RemoteUptimeClock update
INFO: Latency: 7,0000 s, Delta ratio: 1,0000, Drift: 1,000, Error reduction coefficient: 0,000, Error: 0,0000 s
abr 04, 2013 12:33:08 PM org.ros.time.RemoteUptimeClock update
INFO: Latency: 7,0000 s, Delta ratio: 1,0000, Drift: 1,000, Error reduction coefficient: 0,000, Error: 0,0000 s
abr 04, 2013 12:33:08 PM org.ros.time.RemoteUptimeClock update
INFO: Latency: 7,0000 s, Delta ratio: 1,0000, Drift: 1,000, Error reduction coefficient: 0,000, Error: 0,0000 s
abr 04, 2013 12:33:08 PM org.ros.time.RemoteUptimeClock update
INFO: Latency: 7,0000 s, Delta ratio: 1,0000, Drift: 1,000, Error reduction coefficient: 0,000, Error: 0,0000 s
abr 04, 2013 12:33:08 PM org.ros.time.RemoteUptimeClock update
INFO: Latency: 7,0000 s, Delta ratio: 1,0000, Drift: 1,000, Error reduction coefficient: 0,000, Error: 0,0000 s
abr 04, 2013 12:33:08 PM org.ros.time.RemoteUptimeClock update
INFO: Latency: 7,0000 s, Delta ratio: 1,0000, Drift: 1,000, Error reduction coefficient: 0,000, Error: 0,0000 s
abr 04, 2013 12:33:08 PM org.ros.time.RemoteUptimeClock update
INFO: Latency: 7,0000 s, Delta ratio: 1,0000, Drift: 1,000, Error reduction coefficient: 0,000, Error: 0,0000 s
abr 04, 2013 12:33:08 PM org.ros.time.RemoteUptimeClock update
INFO: Latency: 7,0000 s, Delta ratio: 1,0000, Drift: 1,000, Error reduction coefficient: 0,000, Error: 0,0000 s
abr 04, 2013 12:33:08 PM org.ros.time.RemoteUptimeClock update
INFO: Latency: 7,0000 s, Delta ratio: 1,0000, Drift: 1,000, Error reduction coefficient: 0,000, Error: 0,0000 s
abr 04, 2013 12:33:08 PM org.ros.time.RemoteUptimeClock update
INFO: Latency: 7,0000 s, Delta ratio: 1,0000, Drift: 1,000, Error reduction coefficient: 0,000, Error: 0,0000 s
abr 04, 2013 12:33:08 PM org.ros.time.RemoteUptimeClock update
INFO: Latency: 7,0000 s, Delta ratio: 1,0000, Drift: 1,000, Error reduction coefficient: 0,000, Error: 0,0000 s
abr 04, 2013 12:33:08 PM org.ros.time.RemoteUptimeClock update
INFO: Latency: 7,0000 s, Delta ratio: 1,0000, Drift: 1,000, Error reduction coefficient: 0,000, Error: 0,0000 s
abr 04, 2013 12:33:08 PM org.ros.time.RemoteUptimeClock update
INFO: Latency: 7,0000 s, Delta ratio: 1,0000, Drift: 1,000, Error reduction coefficient: 0,000, Error: 0,0000 s
abr 04, 2013 12:33:08 PM org.ros.time.RemoteUptimeClock update
INFO: Latency: 7,0000 s, Delta ratio: 1,0000, Drift: 1,000, Error reduction coefficient: 0,000, Error: 0,0000 s
abr 04, 2013 12:33:08 PM org.ros.time.RemoteUptimeClock update
INFO: Latency: 7,0000 s, Delta ratio: 1,0000, Drift: 1,000, Error reduction coefficient: 0,000, Error: 0,0000 s
abr 04, 2013 12:33:08 PM org.ros.time.RemoteUptimeClock update
INFO: Latency: 7,0000 s, Delta ratio: 1,0000, Drift: 1,000, Error reduction coefficient: 0,000, Error: 0,0000 s
abr 04, 2013 12:33:08 PM org.ros.time.RemoteUptimeClock update
INFO: Latency: 7,0000 s, Delta ratio: 1,0000, Drift: 1,000, Error reduction coefficient: 0,000, Error: 0,0000 s
abr 04, 2013 12:33:08 PM org.ros.time.RemoteUptimeClock update
INFO: Latency: 7,0000 s, Delta ratio: 1,0000, Drift: 1,000, Error reduction coefficient: 0,000, Error: 0,0000 s
abr 04, 2013 12:33:08 PM org.ros.time.RemoteUptimeClock update
INFO: Latency: 7,0000 s, Delta ratio: 1,0000, Drift: 1,000, Error reduction coefficient: 0,000, Error: 0,0000 s
abr 04, 2013 12:33:08 PM org.ros.time.RemoteUptimeClock update
INFO: Latency: 7,0000 s, Delta ratio: 1,0000, Drift: 1,000, Error reduction coefficient: 0,000, Error: 0,0000 s
abr 04, 2013 12:33:08 PM org.ros.time.RemoteUptimeClock update
INFO: Latency: 7,0000 s, Delta ratio: 1,0000, Drift: 1,000, Error reduction coefficient: 0,000, Error: 0,0000 s
abr 04, 2013 12:33:08 PM org.ros.time.RemoteUptimeClock update
INFO: Latency: 7,0000 s, Delta ratio: 1,0000, Drift: 1,000, Error reduction coefficient: 0,000, Error: 0,0000 s
abr 04, 2013 12:33:08 PM org.ros.time.RemoteUptimeClock update
INFO: Latency: 7,0000 s, Delta ratio: 1,0000, Drift: 1,000, Error reduction coefficient: 0,000, Error: 0,0000 s
abr 04, 2013 12:33:08 PM org.ros.time.RemoteUptimeClock update
INFO: Latency: 7,0000 s, Delta ratio: 1,0000, Drift: 1,000, Error reduction coefficient: 0,000, Error: 0,0000 s
abr 04, 2013 12:33:08 PM org.ros.time.RemoteUptimeClock update
INFO: Latency: 7,0000 s, Delta ratio: 1,0000, Drift: 1,000, Error reduction coefficient: 0,000, Error: 0,0000 s
abr 04, 2013 12:33:08 PM org.ros.time.RemoteUptimeClock update
INFO: Latency: 7,0000 s, Delta ratio: 1,0000, Drift: 1,000, Error reduction coefficient: 0,000, Error: 0,0000 s
abr 04, 2013 12:33:08 PM org.ros.time.RemoteUptimeClock update
INFO: Latency: 7,0000 s, Delta ratio: 1,0000, Drift: 1,000, Error reduction coefficient: 0,000, Error: 0,0000 s
abr 04, 2013 12:33:08 PM org.ros.time.RemoteUptimeClock update
INFO: Latency: 7,0000 s, Delta ratio: 1,0000, Drift: 1,000, Error reduction coefficient: 0,000, Error: 0,0000 s
abr 04, 2013 12:33:08 PM org.ros.time.RemoteUptimeClock update
INFO: Latency: 7,0000 s, Delta ratio: 1,0000, Drift: 1,000, Error reduction coefficient: 0,000, Error: 0,0000 s
abr 04, 2013 12:33:08 PM org.ros.time.RemoteUptimeClock update
INFO: Latency: 7,0000 s, Delta ratio: 1,0000, Drift: 1,000, Error reduction coefficient: 0,000, Error: 0,0000 s
abr 04, 2013 12:33:08 PM org.ros.time.RemoteUptimeClock update
INFO: Latency: 7,0000 s, Delta ratio: 1,0000, Drift: 1,000, Error reduction coefficient: 0,000, Error: 0,0000 s
abr 04, 2013 12:33:08 PM org.ros.time.RemoteUptimeClock update
INFO: Latency: 7,0000 s, Delta ratio: 1,0000, Drift: 1,000, Error reduction coefficient: 0,000, Error: 0,0000 s
abr 04, 2013 12:33:08 PM org.ros.time.RemoteUptimeClock update
INFO: Latency: 7,0000 s, Delta ratio: 1,0000, Drift: 1,000, Error reduction coefficient: 0,000, Error: 0,0000 s
abr 04, 2013 12:33:08 PM org.ros.time.RemoteUptimeClock update
INFO: Latency: 7,0000 s, Delta ratio: 1,0000, Drift: 1,000, Error reduction coefficient: 0,000, Error: 0,0000 s
abr 04, 2013 12:33:08 PM org.ros.time.RemoteUptimeClock update
INFO: Latency: 7,0000 s, Delta ratio: 1,0000, Drift: 1,000, Error reduction coefficient: 0,000, Error: 0,0000 s
abr 04, 2013 12:33:08 PM org.ros.time.RemoteUptimeClock update
INFO: Latency: 7,0000 s, Delta ratio: 1,0000, Drift: 1,000, Error reduction coefficient: 0,000, Error: 0,0000 s
abr 04, 2013 12:33:08 PM org.ros.time.RemoteUptimeClock update
INFO: Latency: 7,0000 s, Delta ratio: 1,0000, Drift: 1,000, Error reduction coefficient: 0,000, Error: 0,0000 s
abr 04, 2013 12:33:08 PM org.ros.time.RemoteUptimeClock update
INFO: Latency: 7,0000 s, Delta ratio: 1,0000, Drift: 1,000, Error reduction coefficient: 0,000, Error: 0,0000 s
abr 04, 2013 12:33:08 PM org.ros.time.RemoteUptimeClock update
INFO: Latency: 7,0000 s, Delta ratio: 1,0000, Drift: 1,000, Error reduction coefficient: 0,000, Error: 0,0000 s
abr 04, 2013 12:33:08 PM org.ros.time.RemoteUptimeClock update
INFO: Latency: 7,0000 s, Delta ratio: 1,0000, Drift: 1,000, Error reduction coefficient: 0,000, Error: 0,0000 s
abr 04, 2013 12:33:08 PM org.ros.time.RemoteUptimeClock update
INFO: Latency: 7,0000 s, Delta ratio: 1,0000, Drift: 1,000, Error reduction coefficient: 0,000, Error: 0,0000 s
abr 04, 2013 12:33:08 PM org.ros.time.RemoteUptimeClock update
INFO: Latency: 7,0000 s, Delta ratio: 1,0000, Drift: 1,000, Error reduction coefficient: 0,000, Error: 0,0000 s
abr 04, 2013 12:33:08 PM org.ros.time.RemoteUptimeClock update
INFO: Latency: 7,0000 s, Delta ratio: 1,0000, Drift: 1,000, Error reduction coefficient: 0,000, Error: 0,0000 s
abr 04, 2013 12:33:08 PM org.ros.time.RemoteUptimeClock update
INFO: Latency: 7,0000 s, Delta ratio: 1,0000, Drift: 1,000, Error reduction coefficient: 0,000, Error: 0,0000 s
abr 04, 2013 12:33:08 PM org.ros.time.RemoteUptimeClock update
INFO: Latency: 7,0000 s, Delta ratio: 1,0000, Drift: 1,000, Error reduction coefficient: 0,000, Error: 0,0000 s
abr 04, 2013 12:33:08 PM org.ros.time.RemoteUptimeClock update
INFO: Latency: 7,0000 s, Delta ratio: 1,0000, Drift: 1,000, Error reduction coefficient: 0,000, Error: 0,0000 s
abr 04, 2013 12:33:08 PM org.ros.time.RemoteUptimeClock update
INFO: Latency: 7,0000 s, Delta ratio: 1,0000, Drift: 1,000, Error reduction coefficient: 0,000, Error: 0,0000 s
abr 04, 2013 12:33:08 PM org.ros.time.RemoteUptimeClock update
INFO: Latency: 7,0000 s, Delta ratio: 1,0000, Drift: 1,000, Error reduction coefficient: 0,000, Error: 0,0000 s
abr 04, 2013 12:33:08 PM org.ros.time.RemoteUptimeClock update
INFO: Latency: 7,0000 s, Delta ratio: 1,0000, Drift: 1,000, Error reduction coefficient: 0,000, Error: 0,0000 s
abr 04, 2013 12:33:08 PM org.ros.time.RemoteUptimeClock update
INFO: Latency: 7,0000 s, Delta ratio: 1,0000, Drift: 1,000, Error reduction coefficient: 0,000, Error: 0,0000 s
abr 04, 2013 12:33:08 PM org.ros.time.RemoteUptimeClock update
INFO: Latency: 7,0000 s, Delta ratio: 1,0000, Drift: 1,000, Error reduction coefficient: 0,000, Error: 0,0000 s
abr 04, 2013 12:33:08 PM org.ros.time.RemoteUptimeClock update
INFO: Latency: 7,0000 s, Delta ratio: 1,0000, Drift: 1,000, Error reduction coefficient: 0,000, Error: 0,0000 s
abr 04, 2013 12:33:08 PM org.ros.time.RemoteUptimeClock update
INFO: Latency: 7,0000 s, Delta ratio: 1,0000, Drift: 1,000, Error reduction coefficient: 0,000, Error: 0,0000 s
abr 04, 2013 12:33:08 PM org.ros.time.RemoteUptimeClock update
INFO: Latency: 7,0000 s, Delta ratio: 1,0000, Drift: 1,000, Error reduction coefficient: 0,000, Error: 0,0000 s
abr 04, 2013 12:33:08 PM org.ros.time.RemoteUptimeClock update
INFO: Latency: 7,0000 s, Delta ratio: 1,0000, Drift: 1,000, Error reduction coefficient: 0,000, Error: 0,0000 s
abr 04, 2013 12:33:08 PM org.ros.time.RemoteUptimeClock update
INFO: Latency: 7,0000 s, Delta ratio: 1,0000, Drift: 1,000, Error reduction coefficient: 0,000, Error: 0,0000 s
abr 04, 2013 12:33:08 PM org.ros.time.RemoteUptimeClock update
INFO: Latency: 7,0000 s, Delta ratio: 1,0000, Drift: 1,000, Error reduction coefficient: 0,000, Error: 0,0000 s
abr 04, 2013 12:33:08 PM org.ros.time.RemoteUptimeClock update
INFO: Latency: 7,0000 s, Delta ratio: 1,0000, Drift: 1,000, Error reduction coefficient: 0,000, Error: 0,0000 s
abr 04, 2013 12:33:08 PM org.ros.time.RemoteUptimeClock update
INFO: Latency: 7,0000 s, Delta ratio: 1,0000, Drift: 1,000, Error reduction coefficient: 0,000, Error: 0,0000 s
abr 04, 2013 12:33:08 PM org.ros.time.RemoteUptimeClock update
INFO: Latency: 7,0000 s, Delta ratio: 1,0000, Drift: 1,000, Error reduction coefficient: 0,000, Error: 0,0000 s
abr 04, 2013 12:33:08 PM org.ros.time.RemoteUptimeClock update
INFO: Latency: 7,0000 s, Delta ratio: 1,0000, Drift: 1,000, Error reduction coefficient: 0,000, Error: 0,0000 s
abr 04, 2013 12:33:08 PM org.ros.time.RemoteUptimeClock update
INFO: Latency: 7,0000 s, Delta ratio: 1,0000, Drift: 1,000, Error reduction coefficient: 0,000, Error: 0,0000 s
abr 04, 2013 12:33:08 PM org.ros.time.RemoteUptimeClock update
INFO: Latency: 7,0000 s, Delta ratio: 1,0000, Drift: 1,000, Error reduction coefficient: 0,000, Error: 0,0000 s
abr 04, 2013 12:33:08 PM org.ros.time.RemoteUptimeClock update
INFO: Latency: 7,0000 s, Delta ratio: 1,0000, Drift: 1,000, Error reduction coefficient: 0,000, Error: 0,0000 s
abr 04, 2013 12:33:08 PM org.ros.time.RemoteUptimeClock update
INFO: Latency: 7,0000 s, Delta ratio: 1,0000, Drift: 1,000, Error reduction coefficient: 0,000, Error: 0,0000 s
abr 04, 2013 12:33:08 PM org.ros.time.RemoteUptimeClock update
INFO: Latency: 7,0000 s, Delta ratio: 1,0000, Drift: 1,000, Error reduction coefficient: 0,000, Error: 0,0000 s
abr 04, 2013 12:33:08 PM org.ros.time.RemoteUptimeClock update
INFO: Latency: 7,0000 s, Delta ratio: 1,0000, Drift: 1,000, Error reduction coefficient: 0,000, Error: 0,0000 s
abr 04, 2013 12:33:08 PM org.ros.time.RemoteUptimeClock update
INFO: Latency: 7,0000 s, Delta ratio: 1,0000, Drift: 1,000, Error reduction coefficient: 0,000, Error: 0,0000 s
abr 04, 2013 12:33:08 PM org.ros.time.RemoteUptimeClock update
INFO: Latency: 7,0000 s, Delta ratio: 1,0000, Drift: 1,000, Error reduction coefficient: 0,000, Error: 0,0000 s
abr 04, 2013 12:33:08 PM org.ros.time.RemoteUptimeClock update
INFO: Latency: 7,0000 s, Delta ratio: 1,0000, Drift: 1,000, Error reduction coefficient: 0,000, Error: 0,0000 s
abr 04, 2013 12:33:08 PM org.ros.time.RemoteUptimeClock update
INFO: Latency: 7,0000 s, Delta ratio: 1,0000, Drift: 1,000, Error reduction coefficient: 0,000, Error: 0,0000 s
abr 04, 2013 12:33:08 PM org.ros.time.RemoteUptimeClock update
INFO: Latency: 7,0000 s, Delta ratio: 1,0000, Drift: 1,000, Error reduction coefficient: 0,000, Error: 0,0000 s
abr 04, 2013 12:33:08 PM org.ros.time.RemoteUptimeClock update
INFO: Latency: 7,0000 s, Delta ratio: 1,0000, Drift: 1,000, Error reduction coefficient: 0,000, Error: 0,0000 s
abr 04, 2013 12:33:08 PM org.ros.time.RemoteUptimeClock update
INFO: Latency: 7,0000 s, Delta ratio: 1,0000, Drift: 1,000, Error reduction coefficient: 0,000, Error: 0,0000 s
abr 04, 2013 12:33:08 PM org.ros.time.RemoteUptimeClock update
INFO: Latency: 7,0000 s, Delta ratio: 1,0000, Drift: 1,000, Error reduction coefficient: 0,000, Error: 0,0000 s
abr 04, 2013 12:33:08 PM org.ros.time.RemoteUptimeClock update
INFO: Latency: 7,0000 s, Delta ratio: 1,0000, Drift: 1,000, Error reduction coefficient: 0,000, Error: 0,0000 s
abr 04, 2013 12:33:08 PM org.ros.time.RemoteUptimeClock update
INFO: Latency: 7,0000 s, Delta ratio: 1,0000, Drift: 1,000, Error reduction coefficient: 0,000, Error: 0,0000 s
abr 04, 2013 12:33:08 PM org.ros.time.RemoteUptimeClock update
INFO: Latency: 7,0000 s, Delta ratio: 1,0000, Drift: 1,000, Error reduction coefficient: 0,000, Error: 0,0000 s
abr 04, 2013 12:33:08 PM org.ros.time.RemoteUptimeClock update
INFO: Latency: 7,0000 s, Delta ratio: 1,0000, Drift: 1,000, Error reduction coefficient: 0,000, Error: 0,0000 s
abr 04, 2013 12:33:08 PM org.ros.time.RemoteUptimeClock update
INFO: Latency: 7,0000 s, Delta ratio: 1,0000, Drift: 1,000, Error reduction coefficient: 0,000, Error: 0,0000 s
abr 04, 2013 12:33:08 PM org.ros.time.RemoteUptimeClock update
INFO: Latency: 7,0000 s, Delta ratio: 1,0000, Drift: 1,000, Error reduction coefficient: 0,000, Error: 0,0000 s
abr 04, 2013 12:33:08 PM org.ros.time.RemoteUptimeClock update
INFO: Latency: 7,0000 s, Delta ratio: 1,0000, Drift: 1,000, Error reduction coefficient: 0,000, Error: 0,0000 s
abr 04, 2013 12:33:08 PM org.ros.time.RemoteUptimeClock update
INFO: Latency: 7,0000 s, Delta ratio: 1,0000, Drift: 1,000, Error reduction coefficient: 0,000, Error: 0,0000 s
abr 04, 2013 12:33:08 PM org.ros.time.RemoteUptimeClock update
INFO: Latency: 7,0000 s, Delta ratio: 1,0000, Drift: 1,000, Error reduction coefficient: 0,000, Error: 0,0000 s
abr 04, 2013 12:33:08 PM org.ros.time.RemoteUptimeClock update
INFO: Latency: 7,0000 s, Delta ratio: 1,0000, Drift: 1,000, Error reduction coefficient: 0,000, Error: 0,0000 s
abr 04, 2013 12:33:08 PM org.ros.time.RemoteUptimeClock update
INFO: Latency: 7,0000 s, Delta ratio: 1,0000, Drift: 1,000, Error reduction coefficient: 0,000, Error: 0,0000 s
abr 04, 2013 12:33:08 PM org.ros.time.RemoteUptimeClock update
INFO: Latency: 7,0000 s, Delta ratio: 1,0000, Drift: 1,000, Error reduction coefficient: 0,000, Error: 0,0000 s
abr 04, 2013 12:33:08 PM org.ros.time.RemoteUptimeClock update
INFO: Latency: 7,0000 s, Delta ratio: 1,0000, Drift: 1,000, Error reduction coefficient: 0,000, Error: 0,0000 s
abr 04, 2013 12:33:08 PM org.ros.time.RemoteUptimeClock update
INFO: Latency: 7,0000 s, Delta ratio: 1,0000, Drift: 1,000, Error reduction coefficient: 0,000, Error: 0,0000 s
abr 04, 2013 12:33:08 PM org.ros.time.RemoteUptimeClock update
INFO: Latency: 7,0000 s, Delta ratio: 1,0000, Drift: 1,000, Error reduction coefficient: 0,000, Error: 0,0000 s
abr 04, 2013 12:33:08 PM org.ros.time.RemoteUptimeClock update
INFO: Latency: 7,0000 s, Delta ratio: 1,0000, Drift: 1,000, Error reduction coefficient: 0,000, Error: 0,0000 s
abr 04, 2013 12:33:08 PM org.ros.time.RemoteUptimeClock update
INFO: Latency: 7,0000 s, Delta ratio: 1,0000, Drift: 1,000, Error reduction coefficient: 0,000, Error: 0,0000 s
abr 04, 2013 12:33:08 PM org.ros.time.RemoteUptimeClock update
INFO: Latency: 7,0000 s, Delta ratio: 1,0000, Drift: 1,000, Error reduction coefficient: 0,000, Error: 0,0000 s
abr 04, 2013 12:33:08 PM org.ros.time.RemoteUptimeClock update
INFO: Latency: 7,0000 s, Delta ratio: 1,0000, Drift: 1,000, Error reduction coefficient: 0,000, Error: 0,0000 s
abr 04, 2013 12:33:08 PM org.ros.time.RemoteUptimeClock update
INFO: Latency: 7,0000 s, Delta ratio: 1,0000, Drift: 1,000, Error reduction coefficient: 0,000, Error: 0,0000 s
abr 04, 2013 12:33:08 PM org.ros.time.RemoteUptimeClock update
INFO: Latency: 7,0000 s, Delta ratio: 1,0000, Drift: 1,000, Error reduction coefficient: 0,000, Error: 0,0000 s
abr 04, 2013 12:33:08 PM org.ros.time.RemoteUptimeClock update
INFO: Latency: 7,0000 s, Delta ratio: 1,0000, Drift: 1,000, Error reduction coefficient: 0,000, Error: 0,0000 s
abr 04, 2013 12:33:08 PM org.ros.time.RemoteUptimeClock update
INFO: Latency: 7,0000 s, Delta ratio: 1,0000, Drift: 1,000, Error reduction coefficient: 0,000, Error: 0,0000 s
abr 04, 2013 12:33:08 PM org.ros.time.RemoteUptimeClock update
INFO: Latency: 7,0000 s, Delta ratio: 1,0000, Drift: 1,000, Error reduction coefficient: 0,000, Error: 0,0000 s
abr 04, 2013 12:33:08 PM org.ros.time.RemoteUptimeClock update
INFO: Latency: 7,0000 s, Delta ratio: 1,0000, Drift: 1,000, Error reduction coefficient: 0,000, Error: 0,0000 s
abr 04, 2013 12:33:08 PM org.ros.time.RemoteUptimeClock update
INFO: Latency: 7,0000 s, Delta ratio: 1,0000, Drift: 1,000, Error reduction coefficient: 0,000, Error: 0,0000 s
abr 04, 2013 12:33:08 PM org.ros.time.RemoteUptimeClock update
INFO: Latency: 7,0000 s, Delta ratio: 1,0000, Drift: 1,000, Error reduction coefficient: 0,000, Error: 0,0000 s
abr 04, 2013 12:33:08 PM org.ros.time.RemoteUptimeClock update
INFO: Latency: 7,0000 s, Delta ratio: 1,0000, Drift: 1,000, Error reduction coefficient: 0,000, Error: 0,0000 s
abr 04, 2013 12:33:08 PM org.ros.time.RemoteUptimeClock update
INFO: Latency: 7,0000 s, Delta ratio: 1,0000, Drift: 1,000, Error reduction coefficient: 0,000, Error: 0,0000 s
abr 04, 2013 12:33:08 PM org.ros.time.RemoteUptimeClock update
INFO: Latency: 7,0000 s, Delta ratio: 1,0000, Drift: 1,000, Error reduction coefficient: 0,000, Error: 0,0000 s
abr 04, 2013 12:33:08 PM org.ros.time.RemoteUptimeClock update
INFO: Latency: 7,0000 s, Delta ratio: 1,0000, Drift: 1,000, Error reduction coefficient: 0,000, Error: 0,0000 s
abr 04, 2013 12:33:08 PM org.ros.time.RemoteUptimeClock update
INFO: Latency: 7,0000 s, Delta ratio: 1,0000, Drift: 1,000, Error reduction coefficient: 0,000, Error: 0,0000 s
abr 04, 2013 12:33:08 PM org.ros.time.RemoteUptimeClock update
INFO: Latency: 7,0000 s, Delta ratio: 1,0000, Drift: 1,000, Error reduction coefficient: 0,000, Error: 0,0000 s
abr 04, 2013 12:33:08 PM org.ros.time.RemoteUptimeClock update
INFO: Latency: 7,0000 s, Delta ratio: 1,0000, Drift: 1,000, Error reduction coefficient: 0,000, Error: 0,0000 s
abr 04, 2013 12:33:08 PM org.ros.time.RemoteUptimeClock update
INFO: Latency: 7,0000 s, Delta ratio: 1,0000, Drift: 1,000, Error reduction coefficient: 0,000, Error: 0,0000 s
abr 04, 2013 12:33:08 PM org.ros.time.RemoteUptimeClock update
INFO: Latency: 7,0000 s, Delta ratio: 1,0000, Drift: 1,000, Error reduction coefficient: 0,000, Error: 0,0000 s
abr 04, 2013 12:33:08 PM org.ros.time.RemoteUptimeClock update
INFO: Latency: 7,0000 s, Delta ratio: 1,0000, Drift: 1,000, Error reduction coefficient: 0,000, Error: 0,0000 s
abr 04, 2013 12:33:08 PM org.ros.time.RemoteUptimeClock update
INFO: Latency: 7,0000 s, Delta ratio: 1,0000, Drift: 1,000, Error reduction coefficient: 0,000, Error: 0,0000 s
abr 04, 2013 12:33:08 PM org.ros.time.RemoteUptimeClock update
INFO: Latency: 7,0000 s, Delta ratio: 1,0000, Drift: 1,000, Error reduction coefficient: 0,000, Error: 0,0000 s
abr 04, 2013 12:33:08 PM org.ros.time.RemoteUptimeClock update
INFO: Latency: 7,0000 s, Delta ratio: 1,0000, Drift: 1,000, Error reduction coefficient: 0,000, Error: 0,0000 s
abr 04, 2013 12:33:08 PM org.ros.time.RemoteUptimeClock update
INFO: Latency: 7,0000 s, Delta ratio: 1,0000, Drift: 1,000, Error reduction coefficient: 0,000, Error: 0,0000 s
abr 04, 2013 12:33:08 PM org.ros.time.RemoteUptimeClock update
INFO: Latency: 7,0000 s, Delta ratio: 1,0000, Drift: 1,000, Error reduction coefficient: 0,000, Error: 0,0000 s
abr 04, 2013 12:33:08 PM org.ros.time.RemoteUptimeClock update
INFO: Latency: 7,0000 s, Delta ratio: 1,0000, Drift: 1,000, Error reduction coefficient: 0,000, Error: 0,0000 s
abr 04, 2013 12:33:08 PM org.ros.time.RemoteUptimeClock update
INFO: Latency: 7,0000 s, Delta ratio: 1,0000, Drift: 1,000, Error reduction coefficient: 0,000, Error: 0,0000 s
abr 04, 2013 12:33:08 PM org.ros.time.RemoteUptimeClock update
INFO: Latency: 7,0000 s, Delta ratio: 1,0000, Drift: 1,000, Error reduction coefficient: 0,000, Error: 0,0000 s
abr 04, 2013 12:33:08 PM org.ros.time.RemoteUptimeClock update
INFO: Latency: 7,0000 s, Delta ratio: 1,0000, Drift: 1,000, Error reduction coefficient: 0,000, Error: 0,0000 s
abr 04, 2013 12:33:08 PM org.ros.time.RemoteUptimeClock update
INFO: Latency: 7,0000 s, Delta ratio: 1,0000, Drift: 1,000, Error reduction coefficient: 0,000, Error: 0,0000 s
abr 04, 2013 12:33:08 PM org.ros.time.RemoteUptimeClock update
INFO: Latency: 7,0000 s, Delta ratio: 1,0000, Drift: 1,000, Error reduction coefficient: 0,000, Error: 0,0000 s
abr 04, 2013 12:33:08 PM org.ros.time.RemoteUptimeClock update
INFO: Latency: 7,0000 s, Delta ratio: 1,0000, Drift: 1,000, Error reduction coefficient: 0,000, Error: 0,0000 s
abr 04, 2013 12:33:08 PM org.ros.time.RemoteUptimeClock update
INFO: Latency: 7,0000 s, Delta ratio: 1,0000, Drift: 1,000, Error reduction coefficient: 0,000, Error: 0,0000 s
abr 04, 2013 12:33:08 PM org.ros.time.RemoteUptimeClock update
INFO: Latency: 7,0000 s, Delta ratio: 1,0000, Drift: 1,000, Error reduction coefficient: 0,000, Error: 0,0000 s
abr 04, 2013 12:33:08 PM org.ros.time.RemoteUptimeClock update
INFO: Latency: 7,0000 s, Delta ratio: 1,0000, Drift: 1,000, Error reduction coefficient: 0,000, Error: 0,0000 s
abr 04, 2013 12:33:08 PM org.ros.time.RemoteUptimeClock update
INFO: Latency: 7,0000 s, Delta ratio: 1,0000, Drift: 1,000, Error reduction coefficient: 0,000, Error: 0,0000 s
abr 04, 2013 12:33:08 PM org.ros.time.RemoteUptimeClock update
INFO: Latency: 7,0000 s, Delta ratio: 1,0000, Drift: 1,000, Error reduction coefficient: 0,000, Error: 0,0000 s
abr 04, 2013 12:33:08 PM org.ros.time.RemoteUptimeClock update
INFO: Latency: 7,0000 s, Delta ratio: 1,0000, Drift: 1,000, Error reduction coefficient: 0,000, Error: 0,0000 s
abr 04, 2013 12:33:08 PM org.ros.time.RemoteUptimeClock update
INFO: Latency: 7,0000 s, Delta ratio: 1,0000, Drift: 1,000, Error reduction coefficient: 0,000, Error: 0,0000 s
abr 04, 2013 12:33:08 PM org.ros.time.RemoteUptimeClock update
INFO: Latency: 7,0000 s, Delta ratio: 1,0000, Drift: 1,000, Error reduction coefficient: 0,000, Error: 0,0000 s
abr 04, 2013 12:33:08 PM org.ros.time.RemoteUptimeClock update
INFO: Latency: 7,0000 s, Delta ratio: 1,0000, Drift: 1,000, Error reduction coefficient: 0,000, Error: 0,0000 s
abr 04, 2013 12:33:08 PM org.ros.time.RemoteUptimeClock update
INFO: Latency: 7,0000 s, Delta ratio: 1,0000, Drift: 1,000, Error reduction coefficient: 0,000, Error: 0,0000 s
abr 04, 2013 12:33:08 PM org.ros.time.RemoteUptimeClock update
INFO: Latency: 7,0000 s, Delta ratio: 1,0000, Drift: 1,000, Error reduction coefficient: 0,000, Error: 0,0000 s
abr 04, 2013 12:33:08 PM org.ros.time.RemoteUptimeClock update
INFO: Latency: 7,0000 s, Delta ratio: 1,0000, Drift: 1,000, Error reduction coefficient: 0,000, Error: 0,0000 s
abr 04, 2013 12:33:08 PM org.ros.time.RemoteUptimeClock update
INFO: Latency: 7,0000 s, Delta ratio: 1,0000, Drift: 1,000, Error reduction coefficient: 0,000, Error: 0,0000 s
abr 04, 2013 12:33:08 PM org.ros.time.RemoteUptimeClock update
INFO: Latency: 7,0000 s, Delta ratio: 1,0000, Drift: 1,000, Error reduction coefficient: 0,000, Error: 0,0000 s
abr 04, 2013 12:33:08 PM org.ros.time.RemoteUptimeClock update
INFO: Latency: 7,0000 s, Delta ratio: 1,0000, Drift: 1,000, Error reduction coefficient: 0,000, Error: 0,0000 s
abr 04, 2013 12:33:08 PM org.ros.time.RemoteUptimeClock update
INFO: Latency: 7,0000 s, Delta ratio: 1,0000, Drift: 1,000, Error reduction coefficient: 0,000, Error: 0,0000 s
abr 04, 2013 12:33:08 PM org.ros.time.RemoteUptimeClock update
INFO: Latency: 7,0000 s, Delta ratio: 1,0000, Drift: 1,000, Error reduction coefficient: 0,000, Error: 0,0000 s
abr 04, 2013 12:33:08 PM org.ros.time.RemoteUptimeClock update
INFO: Latency: 7,0000 s, Delta ratio: 1,0000, Drift: 1,000, Error reduction coefficient: 0,000, Error: 0,0000 s
abr 04, 2013 12:33:08 PM org.ros.time.RemoteUptimeClock update
INFO: Latency: 7,0000 s, Delta ratio: 1,0000, Drift: 1,000, Error reduction coefficient: 0,000, Error: 0,0000 s
abr 04, 2013 12:33:08 PM org.ros.time.RemoteUptimeClock update
INFO: Latency: 7,0000 s, Delta ratio: 1,0000, Drift: 1,000, Error reduction coefficient: 0,000, Error: 0,0000 s
abr 04, 2013 12:33:08 PM org.ros.time.RemoteUptimeClock update
INFO: Latency: 7,0000 s, Delta ratio: 1,0000, Drift: 1,000, Error reduction coefficient: 0,000, Error: 0,0000 s
abr 04, 2013 12:33:08 PM org.ros.time.RemoteUptimeClock update
INFO: Latency: 7,0000 s, Delta ratio: 1,0000, Drift: 1,000, Error reduction coefficient: 0,000, Error: 0,0000 s
abr 04, 2013 12:33:08 PM org.ros.time.RemoteUptimeClock update
INFO: Latency: 7,0000 s, Delta ratio: 1,0000, Drift: 1,000, Error reduction coefficient: 0,000, Error: 0,0000 s
abr 04, 2013 12:33:08 PM org.ros.time.RemoteUptimeClock update
INFO: Latency: 7,0000 s, Delta ratio: 1,0000, Drift: 1,000, Error reduction coefficient: 0,000, Error: 0,0000 s
abr 04, 2013 12:33:08 PM org.ros.time.RemoteUptimeClock update
INFO: Latency: 7,0000 s, Delta ratio: 1,0000, Drift: 1,000, Error reduction coefficient: 0,000, Error: 0,0000 s
abr 04, 2013 12:33:08 PM org.ros.time.RemoteUptimeClock update
INFO: Latency: 7,0000 s, Delta ratio: 1,0000, Drift: 1,000, Error reduction coefficient: 0,000, Error: 0,0000 s
abr 04, 2013 12:33:08 PM org.ros.time.RemoteUptimeClock update
INFO: Latency: 7,0000 s, Delta ratio: 1,0000, Drift: 1,000, Error reduction coefficient: 0,000, Error: 0,0000 s
abr 04, 2013 12:33:08 PM org.ros.time.RemoteUptimeClock update
INFO: Latency: 7,0000 s, Delta ratio: 1,0000, Drift: 1,000, Error reduction coefficient: 0,000, Error: 0,0000 s
abr 04, 2013 12:33:08 PM org.ros.time.RemoteUptimeClock update
INFO: Latency: 7,0000 s, Delta ratio: 1,0000, Drift: 1,000, Error reduction coefficient: 0,000, Error: 0,0000 s
abr 04, 2013 12:33:08 PM org.ros.time.RemoteUptimeClock update
INFO: Latency: 7,0000 s, Delta ratio: 1,0000, Drift: 1,000, Error reduction coefficient: 0,000, Error: 0,0000 s
abr 04, 2013 12:33:08 PM org.ros.time.RemoteUptimeClock update
INFO: Latency: 7,0000 s, Delta ratio: 1,0000, Drift: 1,000, Error reduction coefficient: 0,000, Error: 0,0000 s
abr 04, 2013 12:33:08 PM org.ros.time.RemoteUptimeClock update
INFO: Latency: 7,0000 s, Delta ratio: 1,0000, Drift: 1,000, Error reduction coefficient: 0,000, Error: 0,0000 s
abr 04, 2013 12:33:08 PM org.ros.time.RemoteUptimeClock update
INFO: Latency: 7,0000 s, Delta ratio: 1,0000, Drift: 1,000, Error reduction coefficient: 0,000, Error: 0,0000 s
abr 04, 2013 12:33:08 PM org.ros.time.RemoteUptimeClock update
INFO: Latency: 7,0000 s, Delta ratio: 1,0000, Drift: 1,000, Error reduction coefficient: 0,000, Error: 0,0000 s
abr 04, 2013 12:33:08 PM org.ros.time.RemoteUptimeClock update
INFO: Latency: 7,0000 s, Delta ratio: 1,0000, Drift: 1,000, Error reduction coefficient: 0,000, Error: 0,0000 s
abr 04, 2013 12:33:08 PM org.ros.time.RemoteUptimeClock update
INFO: Latency: 7,0000 s, Delta ratio: 1,0000, Drift: 1,000, Error reduction coefficient: 0,000, Error: 0,0000 s
abr 04, 2013 12:33:08 PM org.ros.time.RemoteUptimeClock update
INFO: Latency: 7,0000 s, Delta ratio: 1,0000, Drift: 1,000, Error reduction coefficient: 0,000, Error: 0,0000 s
abr 04, 2013 12:33:08 PM org.ros.time.RemoteUptimeClock update
INFO: Latency: 7,0000 s, Delta ratio: 1,0000, Drift: 1,000, Error reduction coefficient: 0,000, Error: 0,0000 s
abr 04, 2013 12:33:08 PM org.ros.time.RemoteUptimeClock update
INFO: Latency: 7,0000 s, Delta ratio: 1,0000, Drift: 1,000, Error reduction coefficient: 0,000, Error: 0,0000 s
abr 04, 2013 12:33:08 PM org.ros.time.RemoteUptimeClock update
INFO: Latency: 7,0000 s, Delta ratio: 1,0000, Drift: 1,000, Error reduction coefficient: 0,000, Error: 0,0000 s
abr 04, 2013 12:33:08 PM org.ros.time.RemoteUptimeClock update
INFO: Latency: 7,0000 s, Delta ratio: 1,0000, Drift: 1,000, Error reduction coefficient: 0,000, Error: 0,0000 s
abr 04, 2013 12:33:08 PM org.ros.time.RemoteUptimeClock update
INFO: Latency: 7,0000 s, Delta ratio: 1,0000, Drift: 1,000, Error reduction coefficient: 0,000, Error: 0,0000 s
abr 04, 2013 12:33:08 PM org.ros.time.RemoteUptimeClock update
INFO: Latency: 7,0000 s, Delta ratio: 1,0000, Drift: 1,000, Error reduction coefficient: 0,000, Error: 0,0000 s
abr 04, 2013 12:33:08 PM org.ros.time.RemoteUptimeClock update
INFO: Latency: 7,0000 s, Delta ratio: 1,0000, Drift: 1,000, Error reduction coefficient: 0,000, Error: 0,0000 s
abr 04, 2013 12:33:08 PM org.ros.time.RemoteUptimeClock update
INFO: Latency: 7,0000 s, Delta ratio: 1,0000, Drift: 1,000, Error reduction coefficient: 0,000, Error: 0,0000 s
abr 04, 2013 12:33:08 PM org.ros.time.RemoteUptimeClock update
INFO: Latency: 7,0000 s, Delta ratio: 1,0000, Drift: 1,000, Error reduction coefficient: 0,000, Error: 0,0000 s
abr 04, 2013 12:33:08 PM org.ros.time.RemoteUptimeClock update
INFO: Latency: 7,0000 s, Delta ratio: 1,0000, Drift: 1,000, Error reduction coefficient: 0,000, Error: 0,0000 s
abr 04, 2013 12:33:08 PM org.ros.time.RemoteUptimeClock update
INFO: Latency: 7,0000 s, Delta ratio: 1,0000, Drift: 1,000, Error reduction coefficient: 0,000, Error: 0,0000 s
abr 04, 2013 12:33:08 PM org.ros.time.RemoteUptimeClock update
INFO: Latency: 7,0000 s, Delta ratio: 1,0000, Drift: 1,000, Error reduction coefficient: 0,000, Error: 0,0000 s
abr 04, 2013 12:33:08 PM org.ros.time.RemoteUptimeClock update
INFO: Latency: 7,0000 s, Delta ratio: 1,0000, Drift: 1,000, Error reduction coefficient: 0,000, Error: 0,0000 s
abr 04, 2013 12:33:08 PM org.ros.time.RemoteUptimeClock update
INFO: Latency: 7,0000 s, Delta ratio: 1,0000, Drift: 1,000, Error reduction coefficient: 0,000, Error: 0,0000 s
abr 04, 2013 12:33:08 PM org.ros.time.RemoteUptimeClock update
INFO: Latency: 7,0000 s, Delta ratio: 1,0000, Drift: 1,000, Error reduction coefficient: 0,000, Error: 0,0000 s
abr 04, 2013 12:33:08 PM org.ros.time.RemoteUptimeClock update
INFO: Latency: 7,0000 s, Delta ratio: 1,0000, Drift: 1,000, Error reduction coefficient: 0,000, Error: 0,0000 s
abr 04, 2013 12:33:08 PM org.ros.time.RemoteUptimeClock update
INFO: Latency: 7,0000 s, Delta ratio: 1,0000, Drift: 1,000, Error reduction coefficient: 0,000, Error: 0,0000 s
abr 04, 2013 12:33:08 PM org.ros.time.RemoteUptimeClock update
INFO: Latency: 7,0000 s, Delta ratio: 1,0000, Drift: 1,000, Error reduction coefficient: 0,000, Error: 0,0000 s
abr 04, 2013 12:33:08 PM org.ros.time.RemoteUptimeClock update
INFO: Latency: 7,0000 s, Delta ratio: 1,0000, Drift: 1,000, Error reduction coefficient: 0,000, Error: 0,0000 s
abr 04, 2013 12:33:08 PM org.ros.time.RemoteUptimeClock update
INFO: Latency: 7,0000 s, Delta ratio: 1,0000, Drift: 1,000, Error reduction coefficient: 0,000, Error: 0,0000 s
abr 04, 2013 12:33:08 PM org.ros.time.RemoteUptimeClock update
INFO: Latency: 7,0000 s, Delta ratio: 1,0000, Drift: 1,000, Error reduction coefficient: 0,000, Error: 0,0000 s
abr 04, 2013 12:33:08 PM org.ros.time.RemoteUptimeClock update
INFO: Latency: 7,0000 s, Delta ratio: 1,0000, Drift: 1,000, Error reduction coefficient: 0,000, Error: 0,0000 s
abr 04, 2013 12:33:08 PM org.ros.time.RemoteUptimeClock update
INFO: Latency: 7,0000 s, Delta ratio: 1,0000, Drift: 1,000, Error reduction coefficient: 0,000, Error: 0,0000 s
abr 04, 2013 12:33:08 PM org.ros.time.RemoteUptimeClock update
INFO: Latency: 7,0000 s, Delta ratio: 1,0000, Drift: 1,000, Error reduction coefficient: 0,000, Error: 0,0000 s
abr 04, 2013 12:33:08 PM org.ros.time.RemoteUptimeClock update
INFO: Latency: 7,0000 s, Delta ratio: 1,0000, Drift: 1,000, Error reduction coefficient: 0,000, Error: 0,0000 s
abr 04, 2013 12:33:08 PM org.ros.time.RemoteUptimeClock update
INFO: Latency: 7,0000 s, Delta ratio: 1,0000, Drift: 1,000, Error reduction coefficient: 0,000, Error: 0,0000 s
abr 04, 2013 12:33:08 PM org.ros.time.RemoteUptimeClock update
INFO: Latency: 7,0000 s, Delta ratio: 1,0000, Drift: 1,000, Error reduction coefficient: 0,000, Error: 0,0000 s
abr 04, 2013 12:33:08 PM org.ros.time.RemoteUptimeClock update
INFO: Latency: 7,0000 s, Delta ratio: 1,0000, Drift: 1,000, Error reduction coefficient: 0,000, Error: 0,0000 s
abr 04, 2013 12:33:08 PM org.ros.time.RemoteUptimeClock update
INFO: Latency: 7,0000 s, Delta ratio: 1,0000, Drift: 1,000, Error reduction coefficient: 0,000, Error: 0,0000 s
abr 04, 2013 12:33:08 PM org.ros.time.RemoteUptimeClock update
INFO: Latency: 7,0000 s, Delta ratio: 1,0000, Drift: 1,000, Error reduction coefficient: 0,000, Error: 0,0000 s
abr 04, 2013 12:33:08 PM org.ros.time.RemoteUptimeClock update
INFO: Latency: 7,0000 s, Delta ratio: 1,0000, Drift: 1,000, Error reduction coefficient: 0,000, Error: 0,0000 s
abr 04, 2013 12:33:08 PM org.ros.time.RemoteUptimeClock update
INFO: Latency: 7,0000 s, Delta ratio: 1,0000, Drift: 1,000, Error reduction coefficient: 0,000, Error: 0,0000 s
abr 04, 2013 12:33:08 PM org.ros.time.RemoteUptimeClock update
INFO: Latency: 7,0000 s, Delta ratio: 1,0000, Drift: 1,000, Error reduction coefficient: 0,000, Error: 0,0000 s
abr 04, 2013 12:33:08 PM org.ros.time.RemoteUptimeClock update
INFO: Latency: 7,0000 s, Delta ratio: 1,0000, Drift: 1,000, Error reduction coefficient: 0,000, Error: 0,0000 s
abr 04, 2013 12:33:08 PM org.ros.time.RemoteUptimeClock update
INFO: Latency: 7,0000 s, Delta ratio: 1,0000, Drift: 1,000, Error reduction coefficient: 0,000, Error: 0,0000 s
abr 04, 2013 12:33:08 PM org.ros.time.RemoteUptimeClock update
INFO: Latency: 7,0000 s, Delta ratio: 1,0000, Drift: 1,000, Error reduction coefficient: 0,000, Error: 0,0000 s
abr 04, 2013 12:33:08 PM org.ros.time.RemoteUptimeClock update
INFO: Latency: 7,0000 s, Delta ratio: 1,0000, Drift: 1,000, Error reduction coefficient: 0,000, Error: 0,0000 s
abr 04, 2013 12:33:08 PM org.ros.time.RemoteUptimeClock update
INFO: Latency: 7,0000 s, Delta ratio: 1,0000, Drift: 1,000, Error reduction coefficient: 0,000, Error: 0,0000 s
abr 04, 2013 12:33:08 PM org.ros.time.RemoteUptimeClock update
INFO: Latency: 7,0000 s, Delta ratio: 1,0000, Drift: 1,000, Error reduction coefficient: 0,000, Error: 0,0000 s
abr 04, 2013 12:33:08 PM org.ros.time.RemoteUptimeClock update
INFO: Latency: 7,0000 s, Delta ratio: 1,0000, Drift: 1,000, Error reduction coefficient: 0,000, Error: 0,0000 s
abr 04, 2013 12:33:08 PM org.ros.time.RemoteUptimeClock update
INFO: Latency: 7,0000 s, Delta ratio: 1,0000, Drift: 1,000, Error reduction coefficient: 0,000, Error: 0,0000 s
abr 04, 2013 12:33:08 PM org.ros.time.RemoteUptimeClock update
INFO: Latency: 7,0000 s, Delta ratio: 1,0000, Drift: 1,000, Error reduction coefficient: 0,000, Error: 0,0000 s
abr 04, 2013 12:33:08 PM org.ros.time.RemoteUptimeClock update
INFO: Latency: 7,0000 s, Delta ratio: 1,0000, Drift: 1,000, Error reduction coefficient: 0,000, Error: 0,0000 s
abr 04, 2013 12:33:08 PM org.ros.time.RemoteUptimeClock update
INFO: Latency: 7,0000 s, Delta ratio: 1,0000, Drift: 1,000, Error reduction coefficient: 0,000, Error: 0,0000 s
abr 04, 2013 12:33:08 PM org.ros.time.RemoteUptimeClock update
INFO: Latency: 7,0000 s, Delta ratio: 1,0000, Drift: 1,000, Error reduction coefficient: 0,000, Error: 0,0000 s
abr 04, 2013 12:33:08 PM org.ros.time.RemoteUptimeClock update
INFO: Latency: 7,0000 s, Delta ratio: 1,0000, Drift: 1,000, Error reduction coefficient: 0,000, Error: 0,0000 s
abr 04, 2013 12:33:08 PM org.ros.time.RemoteUptimeClock update
INFO: Latency: 7,0000 s, Delta ratio: 1,0000, Drift: 1,000, Error reduction coefficient: 0,000, Error: 0,0000 s
abr 04, 2013 12:33:08 PM org.ros.time.RemoteUptimeClock update
INFO: Latency: 7,0000 s, Delta ratio: 1,0000, Drift: 1,000, Error reduction coefficient: 0,000, Error: 0,0000 s
abr 04, 2013 12:33:08 PM org.ros.time.RemoteUptimeClock update
INFO: Latency: 7,0000 s, Delta ratio: 1,0000, Drift: 1,000, Error reduction coefficient: 0,000, Error: 0,0000 s
abr 04, 2013 12:33:08 PM org.ros.time.RemoteUptimeClock update
INFO: Latency: 7,0000 s, Delta ratio: 1,0000, Drift: 1,000, Error reduction coefficient: 0,000, Error: 0,0000 s
abr 04, 2013 12:33:08 PM org.ros.time.RemoteUptimeClock update
INFO: Latency: 7,0000 s, Delta ratio: 1,0000, Drift: 1,000, Error reduction coefficient: 0,000, Error: 0,0000 s
abr 04, 2013 12:33:08 PM org.ros.time.RemoteUptimeClock update
INFO: Latency: 7,0000 s, Delta ratio: 1,0000, Drift: 1,000, Error reduction coefficient: 0,000, Error: 0,0000 s
abr 04, 2013 12:33:08 PM org.ros.time.RemoteUptimeClock update
INFO: Latency: 7,0000 s, Delta ratio: 1,0000, Drift: 1,000, Error reduction coefficient: 0,000, Error: 0,0000 s
abr 04, 2013 12:33:08 PM org.ros.time.RemoteUptimeClock update
INFO: Latency: 7,0000 s, Delta ratio: 1,0000, Drift: 1,000, Error reduction coefficient: 0,000, Error: 0,0000 s
abr 04, 2013 12:33:08 PM org.ros.time.RemoteUptimeClock update
INFO: Latency: 7,0000 s, Delta ratio: 1,0000, Drift: 1,000, Error reduction coefficient: 0,000, Error: 0,0000 s
abr 04, 2013 12:33:08 PM org.ros.time.RemoteUptimeClock update
INFO: Latency: 7,0000 s, Delta ratio: 1,0000, Drift: 1,000, Error reduction coefficient: 0,000, Error: 0,0000 s
abr 04, 2013 12:33:08 PM org.ros.time.RemoteUptimeClock update
INFO: Latency: 7,0000 s, Delta ratio: 1,0000, Drift: 1,000, Error reduction coefficient: 0,000, Error: 0,0000 s
abr 04, 2013 12:33:08 PM org.ros.time.RemoteUptimeClock update
INFO: Latency: 7,0000 s, Delta ratio: 1,0000, Drift: 1,000, Error reduction coefficient: 0,000, Error: 0,0000 s
abr 04, 2013 12:33:08 PM org.ros.time.RemoteUptimeClock update
INFO: Latency: 7,0000 s, Delta ratio: 1,0000, Drift: 1,000, Error reduction coefficient: 0,000, Error: 0,0000 s
abr 04, 2013 12:33:08 PM org.ros.time.RemoteUptimeClock update
INFO: Latency: 7,0000 s, Delta ratio: 1,0000, Drift: 1,000, Error reduction coefficient: 0,000, Error: 0,0000 s
abr 04, 2013 12:33:08 PM org.ros.time.RemoteUptimeClock update
INFO: Latency: 7,0000 s, Delta ratio: 1,0000, Drift: 1,000, Error reduction coefficient: 0,000, Error: 0,0000 s
abr 04, 2013 12:33:08 PM org.ros.time.RemoteUptimeClock update
INFO: Latency: 7,0000 s, Delta ratio: 1,0000, Drift: 1,000, Error reduction coefficient: 0,000, Error: 0,0000 s
abr 04, 2013 12:33:08 PM org.ros.time.RemoteUptimeClock update
INFO: Latency: 7,0000 s, Delta ratio: 1,0000, Drift: 1,000, Error reduction coefficient: 0,000, Error: 0,0000 s
abr 04, 2013 12:33:08 PM org.ros.time.RemoteUptimeClock update
INFO: Latency: 7,0000 s, Delta ratio: 1,0000, Drift: 1,000, Error reduction coefficient: 0,000, Error: 0,0000 s
abr 04, 2013 12:33:08 PM org.ros.time.RemoteUptimeClock update
INFO: Latency: 7,0000 s, Delta ratio: 1,0000, Drift: 1,000, Error reduction coefficient: 0,000, Error: 0,0000 s
abr 04, 2013 12:33:08 PM org.ros.time.RemoteUptimeClock update
INFO: Latency: 7,0000 s, Delta ratio: 1,0000, Drift: 1,000, Error reduction coefficient: 0,000, Error: 0,0000 s
abr 04, 2013 12:33:08 PM org.ros.time.RemoteUptimeClock update
INFO: Latency: 7,0000 s, Delta ratio: 1,0000, Drift: 1,000, Error reduction coefficient: 0,000, Error: 0,0000 s
abr 04, 2013 12:33:08 PM org.ros.time.RemoteUptimeClock update
INFO: Latency: 7,0000 s, Delta ratio: 1,0000, Drift: 1,000, Error reduction coefficient: 0,000, Error: 0,0000 s
abr 04, 2013 12:33:08 PM org.ros.time.RemoteUptimeClock update
INFO: Latency: 7,0000 s, Delta ratio: 1,0000, Drift: 1,000, Error reduction coefficient: 0,000, Error: 0,0000 s
abr 04, 2013 12:33:08 PM org.ros.time.RemoteUptimeClock update
INFO: Latency: 7,0000 s, Delta ratio: 1,0000, Drift: 1,000, Error reduction coefficient: 0,000, Error: 0,0000 s
abr 04, 2013 12:33:08 PM org.ros.time.RemoteUptimeClock update
INFO: Latency: 7,0000 s, Delta ratio: 1,0000, Drift: 1,000, Error reduction coefficient: 0,000, Error: 0,0000 s
abr 04, 2013 12:33:08 PM org.ros.time.RemoteUptimeClock update
INFO: Latency: 7,0000 s, Delta ratio: 1,0000, Drift: 1,000, Error reduction coefficient: 0,000, Error: 0,0000 s
abr 04, 2013 12:33:08 PM org.ros.time.RemoteUptimeClock update
INFO: Latency: 7,0000 s, Delta ratio: 1,0000, Drift: 1,000, Error reduction coefficient: 0,000, Error: 0,0000 s
abr 04, 2013 12:33:08 PM org.ros.time.RemoteUptimeClock update
INFO: Latency: 7,0000 s, Delta ratio: 1,0000, Drift: 1,000, Error reduction coefficient: 0,000, Error: 0,0000 s
abr 04, 2013 12:33:08 PM org.ros.time.RemoteUptimeClock update
INFO: Latency: 7,0000 s, Delta ratio: 1,0000, Drift: 1,000, Error reduction coefficient: 0,000, Error: 0,0000 s
abr 04, 2013 12:33:08 PM org.ros.time.RemoteUptimeClock update
INFO: Latency: 7,0000 s, Delta ratio: 1,0000, Drift: 1,000, Error reduction coefficient: 0,000, Error: 0,0000 s
abr 04, 2013 12:33:08 PM org.ros.time.RemoteUptimeClock update
INFO: Latency: 7,0000 s, Delta ratio: 1,0000, Drift: 1,000, Error reduction coefficient: 0,000, Error: 0,0000 s
abr 04, 2013 12:33:08 PM org.ros.time.RemoteUptimeClock update
INFO: Latency: 7,0000 s, Delta ratio: 1,0000, Drift: 1,000, Error reduction coefficient: 0,000, Error: 0,0000 s
abr 04, 2013 12:33:08 PM org.ros.time.RemoteUptimeClock update
INFO: Latency: 7,0000 s, Delta ratio: 1,0000, Drift: 1,000, Error reduction coefficient: 0,000, Error: 0,0000 s
abr 04, 2013 12:33:08 PM org.ros.time.RemoteUptimeClock update
INFO: Latency: 7,0000 s, Delta ratio: 1,0000, Drift: 1,000, Error reduction coefficient: 0,000, Error: 0,0000 s
abr 04, 2013 12:33:08 PM org.ros.time.RemoteUptimeClock update
INFO: Latency: 7,0000 s, Delta ratio: 1,0000, Drift: 1,000, Error reduction coefficient: 0,000, Error: 0,0000 s
abr 04, 2013 12:33:08 PM org.ros.time.RemoteUptimeClock update
INFO: Latency: 7,0000 s, Delta ratio: 1,0000, Drift: 1,000, Error reduction coefficient: 0,000, Error: 0,0000 s
abr 04, 2013 12:33:08 PM org.ros.time.RemoteUptimeClock update
INFO: Latency: 7,0000 s, Delta ratio: 1,0000, Drift: 1,000, Error reduction coefficient: 0,000, Error: 0,0000 s
abr 04, 2013 12:33:08 PM org.ros.time.RemoteUptimeClock update
INFO: Latency: 7,0000 s, Delta ratio: 1,0000, Drift: 1,000, Error reduction coefficient: 0,000, Error: 0,0000 s
abr 04, 2013 12:33:08 PM org.ros.time.RemoteUptimeClock update
INFO: Latency: 7,0000 s, Delta ratio: 1,0000, Drift: 1,000, Error reduction coefficient: 0,000, Error: 0,0000 s
abr 04, 2013 12:33:08 PM org.ros.time.RemoteUptimeClock update
INFO: Latency: 7,0000 s, Delta ratio: 1,0000, Drift: 1,000, Error reduction coefficient: 0,000, Error: 0,0000 s
abr 04, 2013 12:33:08 PM org.ros.time.RemoteUptimeClock update
INFO: Latency: 7,0000 s, Delta ratio: 1,0000, Drift: 1,000, Error reduction coefficient: 0,000, Error: 0,0000 s
abr 04, 2013 12:33:08 PM org.ros.time.RemoteUptimeClock update
INFO: Latency: 7,0000 s, Delta ratio: 1,0000, Drift: 1,000, Error reduction coefficient: 0,000, Error: 0,0000 s
abr 04, 2013 12:33:08 PM org.ros.time.RemoteUptimeClock update
INFO: Latency: 7,0000 s, Delta ratio: 1,0000, Drift: 1,000, Error reduction coefficient: 0,000, Error: 0,0000 s
abr 04, 2013 12:33:08 PM org.ros.time.RemoteUptimeClock update
INFO: Latency: 7,0000 s, Delta ratio: 1,0000, Drift: 1,000, Error reduction coefficient: 0,000, Error: 0,0000 s
abr 04, 2013 12:33:08 PM org.ros.time.RemoteUptimeClock update
INFO: Latency: 7,0000 s, Delta ratio: 1,0000, Drift: 1,000, Error reduction coefficient: 0,000, Error: 0,0000 s
abr 04, 2013 12:33:08 PM org.ros.time.RemoteUptimeClock update
INFO: Latency: 7,0000 s, Delta ratio: 1,0000, Drift: 1,000, Error reduction coefficient: 0,000, Error: 0,0000 s
abr 04, 2013 12:33:08 PM org.ros.time.RemoteUptimeClock update
INFO: Latency: 7,0000 s, Delta ratio: 1,0000, Drift: 1,000, Error reduction coefficient: 0,000, Error: 0,0000 s
abr 04, 2013 12:33:08 PM org.ros.time.RemoteUptimeClock update
INFO: Latency: 7,0000 s, Delta ratio: 1,0000, Drift: 1,000, Error reduction coefficient: 0,000, Error: 0,0000 s
abr 04, 2013 12:33:08 PM org.ros.time.RemoteUptimeClock update
INFO: Latency: 7,0000 s, Delta ratio: 1,0000, Drift: 1,000, Error reduction coefficient: 0,000, Error: 0,0000 s
abr 04, 2013 12:33:08 PM org.ros.time.RemoteUptimeClock update
INFO: Latency: 7,0000 s, Delta ratio: 1,0000, Drift: 1,000, Error reduction coefficient: 0,000, Error: 0,0000 s
abr 04, 2013 12:33:08 PM org.ros.time.RemoteUptimeClock update
INFO: Latency: 7,0000 s, Delta ratio: 1,0000, Drift: 1,000, Error reduction coefficient: 0,000, Error: 0,0000 s
abr 04, 2013 12:33:08 PM org.ros.time.RemoteUptimeClock update
INFO: Latency: 7,0000 s, Delta ratio: 1,0000, Drift: 1,000, Error reduction coefficient: 0,000, Error: 0,0000 s
abr 04, 2013 12:33:08 PM org.ros.time.RemoteUptimeClock update
INFO: Latency: 7,0000 s, Delta ratio: 1,0000, Drift: 1,000, Error reduction coefficient: 0,000, Error: 0,0000 s
abr 04, 2013 12:33:08 PM org.ros.time.RemoteUptimeClock update
INFO: Latency: 7,0000 s, Delta ratio: 1,0000, Drift: 1,000, Error reduction coefficient: 0,000, Error: 0,0000 s
abr 04, 2013 12:33:08 PM org.ros.time.RemoteUptimeClock update
INFO: Latency: 7,0000 s, Delta ratio: 1,0000, Drift: 1,000, Error reduction coefficient: 0,000, Error: 0,0000 s
abr 04, 2013 12:33:08 PM org.ros.time.RemoteUptimeClock update
INFO: Latency: 7,0000 s, Delta ratio: 1,0000, Drift: 1,000, Error reduction coefficient: 0,000, Error: 0,0000 s
abr 04, 2013 12:33:08 PM org.ros.time.RemoteUptimeClock update
INFO: Latency: 7,0000 s, Delta ratio: 1,0000, Drift: 1,000, Error reduction coefficient: 0,000, Error: 0,0000 s
abr 04, 2013 12:33:08 PM org.ros.time.RemoteUptimeClock update
INFO: Latency: 7,0000 s, Delta ratio: 1,0000, Drift: 1,000, Error reduction coefficient: 0,000, Error: 0,0000 s
abr 04, 2013 12:33:08 PM org.ros.time.RemoteUptimeClock update
INFO: Latency: 7,0000 s, Delta ratio: 1,0000, Drift: 1,000, Error reduction coefficient: 0,000, Error: 0,0000 s
abr 04, 2013 12:33:08 PM org.ros.time.RemoteUptimeClock update
INFO: Latency: 7,0000 s, Delta ratio: 1,0000, Drift: 1,000, Error reduction coefficient: 0,000, Error: 0,0000 s
abr 04, 2013 12:33:08 PM org.ros.time.RemoteUptimeClock update
INFO: Latency: 7,0000 s, Delta ratio: 1,0000, Drift: 1,000, Error reduction coefficient: 0,000, Error: 0,0000 s
abr 04, 2013 12:33:08 PM org.ros.time.RemoteUptimeClock update
INFO: Latency: 7,0000 s, Delta ratio: 1,0000, Drift: 1,000, Error reduction coefficient: 0,000, Error: 0,0000 s
abr 04, 2013 12:33:08 PM org.ros.time.RemoteUptimeClock update
INFO: Latency: 7,0000 s, Delta ratio: 1,0000, Drift: 1,000, Error reduction coefficient: 0,000, Error: 0,0000 s
abr 04, 2013 12:33:08 PM org.ros.time.RemoteUptimeClock update
INFO: Latency: 7,0000 s, Delta ratio: 1,0000, Drift: 1,000, Error reduction coefficient: 0,000, Error: 0,0000 s
abr 04, 2013 12:33:08 PM org.ros.time.RemoteUptimeClock update
INFO: Latency: 7,0000 s, Delta ratio: 1,0000, Drift: 1,000, Error reduction coefficient: 0,000, Error: 0,0000 s
abr 04, 2013 12:33:08 PM org.ros.time.RemoteUptimeClock update
INFO: Latency: 7,0000 s, Delta ratio: 1,0000, Drift: 1,000, Error reduction coefficient: 0,000, Error: 0,0000 s
abr 04, 2013 12:33:08 PM org.ros.time.RemoteUptimeClock update
INFO: Latency: 7,0000 s, Delta ratio: 1,0000, Drift: 1,000, Error reduction coefficient: 0,000, Error: 0,0000 s
abr 04, 2013 12:33:08 PM org.ros.time.RemoteUptimeClock update
INFO: Latency: 7,0000 s, Delta ratio: 1,0000, Drift: 1,000, Error reduction coefficient: 0,000, Error: 0,0000 s
abr 04, 2013 12:33:08 PM org.ros.time.RemoteUptimeClock update
INFO: Latency: 7,0000 s, Delta ratio: 1,0000, Drift: 1,000, Error reduction coefficient: 0,000, Error: 0,0000 s
abr 04, 2013 12:33:08 PM org.ros.time.RemoteUptimeClock update
INFO: Latency: 7,0000 s, Delta ratio: 1,0000, Drift: 1,000, Error reduction coefficient: 0,000, Error: 0,0000 s
abr 04, 2013 12:33:08 PM org.ros.time.RemoteUptimeClock update
INFO: Latency: 7,0000 s, Delta ratio: 1,0000, Drift: 1,000, Error reduction coefficient: 0,000, Error: 0,0000 s
abr 04, 2013 12:33:08 PM org.ros.time.RemoteUptimeClock update
INFO: Latency: 7,0000 s, Delta ratio: 1,0000, Drift: 1,000, Error reduction coefficient: 0,000, Error: 0,0000 s
abr 04, 2013 12:33:08 PM org.ros.time.RemoteUptimeClock update
INFO: Latency: 7,0000 s, Delta ratio: 1,0000, Drift: 1,000, Error reduction coefficient: 0,000, Error: 0,0000 s
abr 04, 2013 12:33:08 PM org.ros.time.RemoteUptimeClock update
INFO: Latency: 7,0000 s, Delta ratio: 1,0000, Drift: 1,000, Error reduction coefficient: 0,000, Error: 0,0000 s
abr 04, 2013 12:33:08 PM org.ros.time.RemoteUptimeClock update
INFO: Latency: 7,0000 s, Delta ratio: 1,0000, Drift: 1,000, Error reduction coefficient: 0,000, Error: 0,0000 s
abr 04, 2013 12:33:08 PM org.ros.time.RemoteUptimeClock update
INFO: Latency: 7,0000 s, Delta ratio: 1,0000, Drift: 1,000, Error reduction coefficient: 0,000, Error: 0,0000 s
abr 04, 2013 12:33:08 PM org.ros.time.RemoteUptimeClock update
INFO: Latency: 7,0000 s, Delta ratio: 1,0000, Drift: 1,000, Error reduction coefficient: 0,000, Error: 0,0000 s
abr 04, 2013 12:33:08 PM org.ros.time.RemoteUptimeClock update
INFO: Latency: 7,0000 s, Delta ratio: 1,0000, Drift: 1,000, Error reduction coefficient: 0,000, Error: 0,0000 s
abr 04, 2013 12:33:08 PM org.ros.time.RemoteUptimeClock update
INFO: Latency: 7,0000 s, Delta ratio: 1,0000, Drift: 1,000, Error reduction coefficient: 0,000, Error: 0,0000 s
abr 04, 2013 12:33:08 PM org.ros.time.RemoteUptimeClock update
INFO: Latency: 7,0000 s, Delta ratio: 1,0000, Drift: 1,000, Error reduction coefficient: 0,000, Error: 0,0000 s
abr 04, 2013 12:33:08 PM org.ros.time.RemoteUptimeClock update
INFO: Latency: 7,0000 s, Delta ratio: 1,0000, Drift: 1,000, Error reduction coefficient: 0,000, Error: 0,0000 s
abr 04, 2013 12:33:08 PM org.ros.time.RemoteUptimeClock update
INFO: Latency: 7,0000 s, Delta ratio: 1,0000, Drift: 1,000, Error reduction coefficient: 0,000, Error: 0,0000 s
abr 04, 2013 12:33:08 PM org.ros.time.RemoteUptimeClock update
INFO: Latency: 7,0000 s, Delta ratio: 1,0000, Drift: 1,000, Error reduction coefficient: 0,000, Error: 0,0000 s
abr 04, 2013 12:33:08 PM org.ros.time.RemoteUptimeClock update
INFO: Latency: 7,0000 s, Delta ratio: 1,0000, Drift: 1,000, Error reduction coefficient: 0,000, Error: 0,0000 s
abr 04, 2013 12:33:08 PM org.ros.time.RemoteUptimeClock update
INFO: Latency: 7,0000 s, Delta ratio: 1,0000, Drift: 1,000, Error reduction coefficient: 0,000, Error: 0,0000 s
abr 04, 2013 12:33:08 PM org.ros.time.RemoteUptimeClock update
INFO: Latency: 7,0000 s, Delta ratio: 1,0000, Drift: 1,000, Error reduction coefficient: 0,000, Error: 0,0000 s
abr 04, 2013 12:33:08 PM org.ros.time.RemoteUptimeClock update
INFO: Latency: 7,0000 s, Delta ratio: 1,0000, Drift: 1,000, Error reduction coefficient: 0,000, Error: 0,0000 s
abr 04, 2013 12:33:08 PM org.ros.time.RemoteUptimeClock update
INFO: Latency: 7,0000 s, Delta ratio: 1,0000, Drift: 1,000, Error reduction coefficient: 0,000, Error: 0,0000 s
abr 04, 2013 12:33:08 PM org.ros.time.RemoteUptimeClock update
INFO: Latency: 7,0000 s, Delta ratio: 1,0000, Drift: 1,000, Error reduction coefficient: 0,000, Error: 0,0000 s
abr 04, 2013 12:33:08 PM org.ros.time.RemoteUptimeClock update
INFO: Latency: 7,0000 s, Delta ratio: 1,0000, Drift: 1,000, Error reduction coefficient: 0,000, Error: 0,0000 s
abr 04, 2013 12:33:08 PM org.ros.time.RemoteUptimeClock update
INFO: Latency: 7,0000 s, Delta ratio: 1,0000, Drift: 1,000, Error reduction coefficient: 0,000, Error: 0,0000 s
abr 04, 2013 12:33:08 PM org.ros.time.RemoteUptimeClock update
INFO: Latency: 7,0000 s, Delta ratio: 1,0000, Drift: 1,000, Error reduction coefficient: 0,000, Error: 0,0000 s
abr 04, 2013 12:33:08 PM org.ros.time.RemoteUptimeClock update
INFO: Latency: 7,0000 s, Delta ratio: 1,0000, Drift: 1,000, Error reduction coefficient: 0,000, Error: 0,0000 s
abr 04, 2013 12:33:08 PM org.ros.time.RemoteUptimeClock update
INFO: Latency: 7,0000 s, Delta ratio: 1,0000, Drift: 1,000, Error reduction coefficient: 0,000, Error: 0,0000 s
abr 04, 2013 12:33:08 PM org.ros.time.RemoteUptimeClock update
INFO: Latency: 7,0000 s, Delta ratio: 1,0000, Drift: 1,000, Error reduction coefficient: 0,000, Error: 0,0000 s
abr 04, 2013 12:33:08 PM org.ros.time.RemoteUptimeClock update
INFO: Latency: 7,0000 s, Delta ratio: 1,0000, Drift: 1,000, Error reduction coefficient: 0,000, Error: 0,0000 s
abr 04, 2013 12:33:08 PM org.ros.time.RemoteUptimeClock update
INFO: Latency: 7,0000 s, Delta ratio: 1,0000, Drift: 1,000, Error reduction coefficient: 0,000, Error: 0,0000 s
abr 04, 2013 12:33:08 PM org.ros.time.RemoteUptimeClock update
INFO: Latency: 7,0000 s, Delta ratio: 1,0000, Drift: 1,000, Error reduction coefficient: 0,000, Error: 0,0000 s
abr 04, 2013 12:33:08 PM org.ros.time.RemoteUptimeClock update
INFO: Latency: 7,0000 s, Delta ratio: 1,0000, Drift: 1,000, Error reduction coefficient: 0,000, Error: 0,0000 s
abr 04, 2013 12:33:08 PM org.ros.time.RemoteUptimeClock update
INFO: Latency: 7,0000 s, Delta ratio: 1,0000, Drift: 1,000, Error reduction coefficient: 0,000, Error: 0,0000 s
abr 04, 2013 12:33:08 PM org.ros.time.RemoteUptimeClock update
INFO: Latency: 7,0000 s, Delta ratio: 1,0000, Drift: 1,000, Error reduction coefficient: 0,000, Error: 0,0000 s
abr 04, 2013 12:33:08 PM org.ros.time.RemoteUptimeClock update
INFO: Latency: 7,0000 s, Delta ratio: 1,0000, Drift: 1,000, Error reduction coefficient: 0,000, Error: 0,0000 s
abr 04, 2013 12:33:08 PM org.ros.time.RemoteUptimeClock update
INFO: Latency: 7,0000 s, Delta ratio: 1,0000, Drift: 1,000, Error reduction coefficient: 0,000, Error: 0,0000 s
abr 04, 2013 12:33:08 PM org.ros.time.RemoteUptimeClock update
INFO: Latency: 7,0000 s, Delta ratio: 1,0000, Drift: 1,000, Error reduction coefficient: 0,000, Error: 0,0000 s
abr 04, 2013 12:33:08 PM org.ros.time.RemoteUptimeClock update
INFO: Latency: 7,0000 s, Delta ratio: 1,0000, Drift: 1,000, Error reduction coefficient: 0,000, Error: 0,0000 s
abr 04, 2013 12:33:08 PM org.ros.time.RemoteUptimeClock update
INFO: Latency: 7,0000 s, Delta ratio: 1,0000, Drift: 1,000, Error reduction coefficient: 0,000, Error: 0,0000 s
abr 04, 2013 12:33:08 PM org.ros.time.RemoteUptimeClock update
INFO: Latency: 7,0000 s, Delta ratio: 1,0000, Drift: 1,000, Error reduction coefficient: 0,000, Error: 0,0000 s
abr 04, 2013 12:33:08 PM org.ros.time.RemoteUptimeClock update
INFO: Latency: 7,0000 s, Delta ratio: 1,0000, Drift: 1,000, Error reduction coefficient: 0,000, Error: 0,0000 s
abr 04, 2013 12:33:08 PM org.ros.time.RemoteUptimeClock update
INFO: Latency: 7,0000 s, Delta ratio: 1,0000, Drift: 1,000, Error reduction coefficient: 0,000, Error: 0,0000 s
abr 04, 2013 12:33:08 PM org.ros.time.RemoteUptimeClock update
INFO: Latency: 7,0000 s, Delta ratio: 1,0000, Drift: 1,000, Error reduction coefficient: 0,000, Error: 0,0000 s
abr 04, 2013 12:33:08 PM org.ros.time.RemoteUptimeClock update
INFO: Latency: 7,0000 s, Delta ratio: 1,0000, Drift: 1,000, Error reduction coefficient: 0,000, Error: 0,0000 s
abr 04, 2013 12:33:08 PM org.ros.time.RemoteUptimeClock update
INFO: Latency: 7,0000 s, Delta ratio: 1,0000, Drift: 1,000, Error reduction coefficient: 0,000, Error: 0,0000 s
abr 04, 2013 12:33:08 PM org.ros.time.RemoteUptimeClock update
INFO: Latency: 7,0000 s, Delta ratio: 1,0000, Drift: 1,000, Error reduction coefficient: 0,000, Error: 0,0000 s
abr 04, 2013 12:33:08 PM org.ros.time.RemoteUptimeClock update
INFO: Latency: 7,0000 s, Delta ratio: 1,0000, Drift: 1,000, Error reduction coefficient: 0,000, Error: 0,0000 s
abr 04, 2013 12:33:08 PM org.ros.time.RemoteUptimeClock update
INFO: Latency: 7,0000 s, Delta ratio: 1,0000, Drift: 1,000, Error reduction coefficient: 0,000, Error: 0,0000 s
abr 04, 2013 12:33:08 PM org.ros.time.RemoteUptimeClock update
INFO: Latency: 7,0000 s, Delta ratio: 1,0000, Drift: 1,000, Error reduction coefficient: 0,000, Error: 0,0000 s
abr 04, 2013 12:33:08 PM org.ros.time.RemoteUptimeClock update
INFO: Latency: 7,0000 s, Delta ratio: 1,0000, Drift: 1,000, Error reduction coefficient: 0,000, Error: 0,0000 s
abr 04, 2013 12:33:08 PM org.ros.time.RemoteUptimeClock update
INFO: Latency: 7,0000 s, Delta ratio: 1,0000, Drift: 1,000, Error reduction coefficient: 0,000, Error: 0,0000 s
abr 04, 2013 12:33:08 PM org.ros.time.RemoteUptimeClock update
INFO: Latency: 7,0000 s, Delta ratio: 1,0000, Drift: 1,000, Error reduction coefficient: 0,000, Error: 0,0000 s
abr 04, 2013 12:33:08 PM org.ros.time.RemoteUptimeClock update
INFO: Latency: 7,0000 s, Delta ratio: 1,0000, Drift: 1,000, Error reduction coefficient: 0,000, Error: 0,0000 s
abr 04, 2013 12:33:08 PM org.ros.time.RemoteUptimeClock update
INFO: Latency: 7,0000 s, Delta ratio: 1,0000, Drift: 1,000, Error reduction coefficient: 0,000, Error: 0,0000 s
abr 04, 2013 12:33:08 PM org.ros.time.RemoteUptimeClock update
INFO: Latency: 7,0000 s, Delta ratio: 1,0000, Drift: 1,000, Error reduction coefficient: 0,000, Error: 0,0000 s
abr 04, 2013 12:33:08 PM org.ros.time.RemoteUptimeClock update
INFO: Latency: 7,0000 s, Delta ratio: 1,0000, Drift: 1,000, Error reduction coefficient: 0,000, Error: 0,0000 s
abr 04, 2013 12:33:08 PM org.ros.time.RemoteUptimeClock update
INFO: Latency: 7,0000 s, Delta ratio: 1,0000, Drift: 1,000, Error reduction coefficient: 0,000, Error: 0,0000 s
abr 04, 2013 12:33:09 PM org.ros.time.RemoteUptimeClock update
INFO: Latency: 7,0000 s, Delta ratio: 1,0000, Drift: 1,000, Error reduction coefficient: 0,000, Error: 0,0000 s
abr 04, 2013 12:33:09 PM org.ros.time.RemoteUptimeClock update
INFO: Latency: 7,0000 s, Delta ratio: 1,0000, Drift: 1,000, Error reduction coefficient: 0,000, Error: 0,0000 s
abr 04, 2013 12:33:09 PM org.ros.time.RemoteUptimeClock update
INFO: Latency: 7,0000 s, Delta ratio: 1,0000, Drift: 1,000, Error reduction coefficient: 0,000, Error: 0,0000 s
abr 04, 2013 12:33:09 PM org.ros.time.RemoteUptimeClock update
INFO: Latency: 7,0000 s, Delta ratio: 1,0000, Drift: 1,000, Error reduction coefficient: 0,000, Error: 0,0000 s
abr 04, 2013 12:33:09 PM org.ros.time.RemoteUptimeClock update
INFO: Latency: 7,0000 s, Delta ratio: 1,0000, Drift: 1,000, Error reduction coefficient: 0,000, Error: 0,0000 s
abr 04, 2013 12:33:09 PM org.ros.time.RemoteUptimeClock update
INFO: Latency: 7,0000 s, Delta ratio: 1,0000, Drift: 1,000, Error reduction coefficient: 0,000, Error: 0,0000 s
abr 04, 2013 12:33:09 PM org.ros.time.RemoteUptimeClock update
INFO: Latency: 7,0000 s, Delta ratio: 1,0000, Drift: 1,000, Error reduction coefficient: 0,000, Error: 0,0000 s
abr 04, 2013 12:33:09 PM org.ros.time.RemoteUptimeClock update
INFO: Latency: 7,0000 s, Delta ratio: 1,0000, Drift: 1,000, Error reduction coefficient: 0,000, Error: 0,0000 s
abr 04, 2013 12:33:09 PM org.ros.time.RemoteUptimeClock update
INFO: Latency: 7,0000 s, Delta ratio: 1,0000, Drift: 1,000, Error reduction coefficient: 0,000, Error: 0,0000 s
abr 04, 2013 12:33:09 PM org.ros.time.RemoteUptimeClock update
INFO: Latency: 7,0000 s, Delta ratio: 1,0000, Drift: 1,000, Error reduction coefficient: 0,000, Error: 0,0000 s
abr 04, 2013 12:33:09 PM org.ros.time.RemoteUptimeClock update
INFO: Latency: 7,0000 s, Delta ratio: 1,0000, Drift: 1,000, Error reduction coefficient: 0,000, Error: 0,0000 s
abr 04, 2013 12:33:09 PM org.ros.time.RemoteUptimeClock update
INFO: Latency: 7,0000 s, Delta ratio: 1,0000, Drift: 1,000, Error reduction coefficient: 0,000, Error: 0,0000 s
abr 04, 2013 12:33:09 PM org.ros.time.RemoteUptimeClock update
INFO: Latency: 7,0000 s, Delta ratio: 1,0000, Drift: 1,000, Error reduction coefficient: 0,000, Error: 0,0000 s
abr 04, 2013 12:33:09 PM org.ros.time.RemoteUptimeClock update
INFO: Latency: 7,0000 s, Delta ratio: 1,0000, Drift: 1,000, Error reduction coefficient: 0,000, Error: 0,0000 s
abr 04, 2013 12:33:09 PM org.ros.time.RemoteUptimeClock update
INFO: Latency: 7,0000 s, Delta ratio: 1,0000, Drift: 1,000, Error reduction coefficient: 0,000, Error: 0,0000 s
abr 04, 2013 12:33:09 PM org.ros.time.RemoteUptimeClock update
INFO: Latency: 7,0000 s, Delta ratio: 1,0000, Drift: 1,000, Error reduction coefficient: 0,000, Error: 0,0000 s
abr 04, 2013 12:33:09 PM org.ros.time.RemoteUptimeClock update
INFO: Latency: 7,0000 s, Delta ratio: 1,0000, Drift: 1,000, Error reduction coefficient: 0,000, Error: 0,0000 s
abr 04, 2013 12:33:09 PM org.ros.time.RemoteUptimeClock update
INFO: Latency: 7,0000 s, Delta ratio: 1,0000, Drift: 1,000, Error reduction coefficient: 0,000, Error: 0,0000 s
abr 04, 2013 12:33:09 PM org.ros.time.RemoteUptimeClock update
INFO: Latency: 7,0000 s, Delta ratio: 1,0000, Drift: 1,000, Error reduction coefficient: 0,000, Error: 0,0000 s
abr 04, 2013 12:33:09 PM org.ros.time.RemoteUptimeClock update
INFO: Latency: 7,0000 s, Delta ratio: 1,0000, Drift: 1,000, Error reduction coefficient: 0,000, Error: 0,0000 s
abr 04, 2013 12:33:09 PM org.ros.time.RemoteUptimeClock update
INFO: Latency: 7,0000 s, Delta ratio: 1,0000, Drift: 1,000, Error reduction coefficient: 0,000, Error: 0,0000 s
abr 04, 2013 12:33:09 PM org.ros.time.RemoteUptimeClock update
INFO: Latency: 7,0000 s, Delta ratio: 1,0000, Drift: 1,000, Error reduction coefficient: 0,000, Error: 0,0000 s
abr 04, 2013 12:33:09 PM org.ros.time.RemoteUptimeClock update
INFO: Latency: 7,0000 s, Delta ratio: 1,0000, Drift: 1,000, Error reduction coefficient: 0,000, Error: 0,0000 s
abr 04, 2013 12:33:09 PM org.ros.time.RemoteUptimeClock update
INFO: Latency: 7,0000 s, Delta ratio: 1,0000, Drift: 1,000, Error reduction coefficient: 0,000, Error: 0,0000 s
abr 04, 2013 12:33:09 PM org.ros.time.RemoteUptimeClock update
INFO: Latency: 7,0000 s, Delta ratio: 1,0000, Drift: 1,000, Error reduction coefficient: 0,000, Error: 0,0000 s
abr 04, 2013 12:33:09 PM org.ros.time.RemoteUptimeClock update
INFO: Latency: 7,0000 s, Delta ratio: 1,0000, Drift: 1,000, Error reduction coefficient: 0,000, Error: 0,0000 s
abr 04, 2013 12:33:09 PM org.ros.time.RemoteUptimeClock update
INFO: Latency: 7,0000 s, Delta ratio: 1,0000, Drift: 1,000, Error reduction coefficient: 0,000, Error: 0,0000 s
abr 04, 2013 12:33:09 PM org.ros.time.RemoteUptimeClock update
INFO: Latency: 7,0000 s, Delta ratio: 1,0000, Drift: 1,000, Error reduction coefficient: 0,000, Error: 0,0000 s
abr 04, 2013 12:33:09 PM org.ros.time.RemoteUptimeClock update
INFO: Latency: 7,0000 s, Delta ratio: 1,0000, Drift: 1,000, Error reduction coefficient: 0,000, Error: 0,0000 s
abr 04, 2013 12:33:09 PM org.ros.time.RemoteUptimeClock update
INFO: Latency: 7,0000 s, Delta ratio: 1,0000, Drift: 1,000, Error reduction coefficient: 0,000, Error: 0,0000 s
abr 04, 2013 12:33:09 PM org.ros.time.RemoteUptimeClock update
INFO: Latency: 7,0000 s, Delta ratio: 1,0000, Drift: 1,000, Error reduction coefficient: 0,000, Error: 0,0000 s
abr 04, 2013 12:33:09 PM org.ros.time.RemoteUptimeClock update
INFO: Latency: 7,0000 s, Delta ratio: 1,0000, Drift: 1,000, Error reduction coefficient: 0,000, Error: 0,0000 s
abr 04, 2013 12:33:09 PM org.ros.time.RemoteUptimeClock update
INFO: Latency: 7,0000 s, Delta ratio: 1,0000, Drift: 1,000, Error reduction coefficient: 0,000, Error: 0,0000 s
abr 04, 2013 12:33:09 PM org.ros.time.RemoteUptimeClock update
INFO: Latency: 7,0000 s, Delta ratio: 1,0000, Drift: 1,000, Error reduction coefficient: 0,000, Error: 0,0000 s
abr 04, 2013 12:33:09 PM org.ros.time.RemoteUptimeClock update
INFO: Latency: 7,0000 s, Delta ratio: 1,0000, Drift: 1,000, Error reduction coefficient: 0,000, Error: 0,0000 s
abr 04, 2013 12:33:09 PM org.ros.time.RemoteUptimeClock update
INFO: Latency: 7,0000 s, Delta ratio: 1,0000, Drift: 1,000, Error reduction coefficient: 0,000, Error: 0,0000 s
abr 04, 2013 12:33:09 PM org.ros.time.RemoteUptimeClock update
INFO: Latency: 7,0000 s, Delta ratio: 1,0000, Drift: 1,000, Error reduction coefficient: 0,000, Error: 0,0000 s
abr 04, 2013 12:33:09 PM org.ros.time.RemoteUptimeClock update
INFO: Latency: 7,0000 s, Delta ratio: 1,0000, Drift: 1,000, Error reduction coefficient: 0,000, Error: 0,0000 s
abr 04, 2013 12:33:09 PM org.ros.time.RemoteUptimeClock update
INFO: Latency: 7,0000 s, Delta ratio: 1,0000, Drift: 1,000, Error reduction coefficient: 0,000, Error: 0,0000 s
abr 04, 2013 12:33:09 PM org.ros.time.RemoteUptimeClock update
INFO: Latency: 7,0000 s, Delta ratio: 1,0000, Drift: 1,000, Error reduction coefficient: 0,000, Error: 0,0000 s
abr 04, 2013 12:33:09 PM org.ros.time.RemoteUptimeClock update
INFO: Latency: 7,0000 s, Delta ratio: 1,0000, Drift: 1,000, Error reduction coefficient: 0,000, Error: 0,0000 s
abr 04, 2013 12:33:09 PM org.ros.time.RemoteUptimeClock update
INFO: Latency: 7,0000 s, Delta ratio: 1,0000, Drift: 1,000, Error reduction coefficient: 0,000, Error: 0,0000 s
abr 04, 2013 12:33:09 PM org.ros.time.RemoteUptimeClock update
INFO: Latency: 7,0000 s, Delta ratio: 1,0000, Drift: 1,000, Error reduction coefficient: 0,000, Error: 0,0000 s
abr 04, 2013 12:33:09 PM org.ros.time.RemoteUptimeClock update
INFO: Latency: 7,0000 s, Delta ratio: 1,0000, Drift: 1,000, Error reduction coefficient: 0,000, Error: 0,0000 s
abr 04, 2013 12:33:09 PM org.ros.time.RemoteUptimeClock update
INFO: Latency: 7,0000 s, Delta ratio: 1,0000, Drift: 1,000, Error reduction coefficient: 0,000, Error: 0,0000 s
abr 04, 2013 12:33:09 PM org.ros.time.RemoteUptimeClock update
INFO: Latency: 7,0000 s, Delta ratio: 1,0000, Drift: 1,000, Error reduction coefficient: 0,000, Error: 0,0000 s
abr 04, 2013 12:33:09 PM org.ros.time.RemoteUptimeClock update
INFO: Latency: 7,0000 s, Delta ratio: 1,0000, Drift: 1,000, Error reduction coefficient: 0,000, Error: 0,0000 s
abr 04, 2013 12:33:09 PM org.ros.time.RemoteUptimeClock update
INFO: Latency: 7,0000 s, Delta ratio: 1,0000, Drift: 1,000, Error reduction coefficient: 0,000, Error: 0,0000 s
abr 04, 2013 12:33:09 PM org.ros.time.RemoteUptimeClock update
INFO: Latency: 7,0000 s, Delta ratio: 1,0000, Drift: 1,000, Error reduction coefficient: 0,000, Error: 0,0000 s
abr 04, 2013 12:33:09 PM org.ros.time.RemoteUptimeClock update
INFO: Latency: 7,0000 s, Delta ratio: 1,0000, Drift: 1,000, Error reduction coefficient: 0,000, Error: 0,0000 s
abr 04, 2013 12:33:09 PM org.ros.time.RemoteUptimeClock update
INFO: Latency: 7,0000 s, Delta ratio: 1,0000, Drift: 1,000, Error reduction coefficient: 0,000, Error: 0,0000 s
abr 04, 2013 12:33:09 PM org.ros.time.RemoteUptimeClock update
INFO: Latency: 7,0000 s, Delta ratio: 1,0000, Drift: 1,000, Error reduction coefficient: 0,000, Error: 0,0000 s
abr 04, 2013 12:33:09 PM org.ros.time.RemoteUptimeClock update
INFO: Latency: 7,0000 s, Delta ratio: 1,0000, Drift: 1,000, Error reduction coefficient: 0,000, Error: 0,0000 s
abr 04, 2013 12:33:09 PM org.ros.time.RemoteUptimeClock update
INFO: Latency: 7,0000 s, Delta ratio: 1,0000, Drift: 1,000, Error reduction coefficient: 0,000, Error: 0,0000 s
abr 04, 2013 12:33:09 PM org.ros.time.RemoteUptimeClock update
INFO: Latency: 7,0000 s, Delta ratio: 1,0000, Drift: 1,000, Error reduction coefficient: 0,000, Error: 0,0000 s
abr 04, 2013 12:33:09 PM org.ros.time.RemoteUptimeClock update
INFO: Latency: 7,0000 s, Delta ratio: 1,0000, Drift: 1,000, Error reduction coefficient: 0,000, Error: 0,0000 s
abr 04, 2013 12:33:09 PM org.ros.time.RemoteUptimeClock update
INFO: Latency: 7,0000 s, Delta ratio: 1,0000, Drift: 1,000, Error reduction coefficient: 0,000, Error: 0,0000 s
abr 04, 2013 12:33:09 PM org.ros.time.RemoteUptimeClock update
INFO: Latency: 7,0000 s, Delta ratio: 1,0000, Drift: 1,000, Error reduction coefficient: 0,000, Error: 0,0000 s
abr 04, 2013 12:33:09 PM org.ros.time.RemoteUptimeClock update
INFO: Latency: 7,0000 s, Delta ratio: 1,0000, Drift: 1,000, Error reduction coefficient: 0,000, Error: 0,0000 s
abr 04, 2013 12:33:09 PM org.ros.time.RemoteUptimeClock update
INFO: Latency: 7,0000 s, Delta ratio: 1,0000, Drift: 1,000, Error reduction coefficient: 0,000, Error: 0,0000 s
abr 04, 2013 12:33:09 PM org.ros.time.RemoteUptimeClock update
INFO: Latency: 7,0000 s, Delta ratio: 1,0000, Drift: 1,000, Error reduction coefficient: 0,000, Error: 0,0000 s
abr 04, 2013 12:33:09 PM org.ros.time.RemoteUptimeClock update
INFO: Latency: 7,0000 s, Delta ratio: 1,0000, Drift: 1,000, Error reduction coefficient: 0,000, Error: 0,0000 s
abr 04, 2013 12:33:09 PM org.ros.time.RemoteUptimeClock update
INFO: Latency: 7,0000 s, Delta ratio: 1,0000, Drift: 1,000, Error reduction coefficient: 0,000, Error: 0,0000 s
abr 04, 2013 12:33:09 PM org.ros.time.RemoteUptimeClock update
INFO: Latency: 7,0000 s, Delta ratio: 1,0000, Drift: 1,000, Error reduction coefficient: 0,000, Error: 0,0000 s
abr 04, 2013 12:33:09 PM org.ros.time.RemoteUptimeClock update
INFO: Latency: 7,0000 s, Delta ratio: 1,0000, Drift: 1,000, Error reduction coefficient: 0,000, Error: 0,0000 s
abr 04, 2013 12:33:09 PM org.ros.time.RemoteUptimeClock update
INFO: Latency: 7,0000 s, Delta ratio: 1,0000, Drift: 1,000, Error reduction coefficient: 0,000, Error: 0,0000 s
abr 04, 2013 12:33:09 PM org.ros.time.RemoteUptimeClock update
INFO: Latency: 7,0000 s, Delta ratio: 1,0000, Drift: 1,000, Error reduction coefficient: 0,000, Error: 0,0000 s
abr 04, 2013 12:33:09 PM org.ros.time.RemoteUptimeClock update
INFO: Latency: 7,0000 s, Delta ratio: 1,0000, Drift: 1,000, Error reduction coefficient: 0,000, Error: 0,0000 s
abr 04, 2013 12:33:09 PM org.ros.time.RemoteUptimeClock update
INFO: Latency: 7,0000 s, Delta ratio: 1,0000, Drift: 1,000, Error reduction coefficient: 0,000, Error: 0,0000 s
abr 04, 2013 12:33:09 PM org.ros.time.RemoteUptimeClock update
INFO: Latency: 7,0000 s, Delta ratio: 1,0000, Drift: 1,000, Error reduction coefficient: 0,000, Error: 0,0000 s
abr 04, 2013 12:33:09 PM org.ros.time.RemoteUptimeClock update
INFO: Latency: 7,0000 s, Delta ratio: 1,0000, Drift: 1,000, Error reduction coefficient: 0,000, Error: 0,0000 s
abr 04, 2013 12:33:09 PM org.ros.time.RemoteUptimeClock update
INFO: Latency: 7,0000 s, Delta ratio: 1,0000, Drift: 1,000, Error reduction coefficient: 0,000, Error: 0,0000 s
abr 04, 2013 12:33:09 PM org.ros.time.RemoteUptimeClock update
INFO: Latency: 7,0000 s, Delta ratio: 1,0000, Drift: 1,000, Error reduction coefficient: 0,000, Error: 0,0000 s
abr 04, 2013 12:33:09 PM org.ros.time.RemoteUptimeClock update
INFO: Latency: 7,0000 s, Delta ratio: 1,0000, Drift: 1,000, Error reduction coefficient: 0,000, Error: 0,0000 s
abr 04, 2013 12:33:09 PM org.ros.time.RemoteUptimeClock update
INFO: Latency: 7,0000 s, Delta ratio: 1,0000, Drift: 1,000, Error reduction coefficient: 0,000, Error: 0,0000 s
abr 04, 2013 12:33:09 PM org.ros.time.RemoteUptimeClock update
INFO: Latency: 7,0000 s, Delta ratio: 1,0000, Drift: 1,000, Error reduction coefficient: 0,000, Error: 0,0000 s
abr 04, 2013 12:33:09 PM org.ros.time.RemoteUptimeClock update
INFO: Latency: 7,0000 s, Delta ratio: 1,0000, Drift: 1,000, Error reduction coefficient: 0,000, Error: 0,0000 s
abr 04, 2013 12:33:09 PM org.ros.time.RemoteUptimeClock update
INFO: Latency: 7,0000 s, Delta ratio: 1,0000, Drift: 1,000, Error reduction coefficient: 0,000, Error: 0,0000 s
abr 04, 2013 12:33:09 PM org.ros.time.RemoteUptimeClock update
INFO: Latency: 7,0000 s, Delta ratio: 1,0000, Drift: 1,000, Error reduction coefficient: 0,000, Error: 0,0000 s
abr 04, 2013 12:33:09 PM org.ros.time.RemoteUptimeClock update
INFO: Latency: 7,0000 s, Delta ratio: 1,0000, Drift: 1,000, Error reduction coefficient: 0,000, Error: 0,0000 s
abr 04, 2013 12:33:09 PM org.ros.time.RemoteUptimeClock update
INFO: Latency: 7,0000 s, Delta ratio: 1,0000, Drift: 1,000, Error reduction coefficient: 0,000, Error: 0,0000 s
abr 04, 2013 12:33:09 PM org.ros.time.RemoteUptimeClock update
INFO: Latency: 7,0000 s, Delta ratio: 1,0000, Drift: 1,000, Error reduction coefficient: 0,000, Error: 0,0000 s
abr 04, 2013 12:33:09 PM org.ros.time.RemoteUptimeClock update
INFO: Latency: 7,0000 s, Delta ratio: 1,0000, Drift: 1,000, Error reduction coefficient: 0,000, Error: 0,0000 s
abr 04, 2013 12:33:09 PM org.ros.time.RemoteUptimeClock update
INFO: Latency: 7,0000 s, Delta ratio: 1,0000, Drift: 1,000, Error reduction coefficient: 0,000, Error: 0,0000 s
abr 04, 2013 12:33:09 PM org.ros.time.RemoteUptimeClock update
INFO: Latency: 7,0000 s, Delta ratio: 1,0000, Drift: 1,000, Error reduction coefficient: 0,000, Error: 0,0000 s
abr 04, 2013 12:33:09 PM org.ros.time.RemoteUptimeClock update
INFO: Latency: 7,0000 s, Delta ratio: 1,0000, Drift: 1,000, Error reduction coefficient: 0,000, Error: 0,0000 s
abr 04, 2013 12:33:09 PM org.ros.time.RemoteUptimeClock update
INFO: Latency: 7,0000 s, Delta ratio: 1,0000, Drift: 1,000, Error reduction coefficient: 0,000, Error: 0,0000 s
abr 04, 2013 12:33:09 PM org.ros.time.RemoteUptimeClock update
INFO: Latency: 7,0000 s, Delta ratio: 1,0000, Drift: 1,000, Error reduction coefficient: 0,000, Error: 0,0000 s
abr 04, 2013 12:33:09 PM org.ros.time.RemoteUptimeClock update
INFO: Latency: 7,0000 s, Delta ratio: 1,0000, Drift: 1,000, Error reduction coefficient: 0,000, Error: 0,0000 s
abr 04, 2013 12:33:09 PM org.ros.time.RemoteUptimeClock update
INFO: Latency: 7,0000 s, Delta ratio: 1,0000, Drift: 1,000, Error reduction coefficient: 0,000, Error: 0,0000 s
abr 04, 2013 12:33:09 PM org.ros.time.RemoteUptimeClock update
INFO: Latency: 7,0000 s, Delta ratio: 1,0000, Drift: 1,000, Error reduction coefficient: 0,000, Error: 0,0000 s
abr 04, 2013 12:33:09 PM org.ros.time.RemoteUptimeClock update
INFO: Latency: 7,0000 s, Delta ratio: 1,0000, Drift: 1,000, Error reduction coefficient: 0,000, Error: 0,0000 s
abr 04, 2013 12:33:09 PM org.ros.time.RemoteUptimeClock update
INFO: Latency: 7,0000 s, Delta ratio: 1,0000, Drift: 1,000, Error reduction coefficient: 0,000, Error: 0,0000 s
abr 04, 2013 12:33:09 PM org.ros.time.RemoteUptimeClock update
INFO: Latency: 7,0000 s, Delta ratio: 1,0000, Drift: 1,000, Error reduction coefficient: 0,000, Error: 0,0000 s
abr 04, 2013 12:33:09 PM org.ros.time.RemoteUptimeClock update
INFO: Latency: 7,0000 s, Delta ratio: 1,0000, Drift: 1,000, Error reduction coefficient: 0,000, Error: 0,0000 s
abr 04, 2013 12:33:09 PM org.ros.time.RemoteUptimeClock update
INFO: Latency: 7,0000 s, Delta ratio: 1,0000, Drift: 1,000, Error reduction coefficient: 0,000, Error: 0,0000 s
abr 04, 2013 12:33:09 PM org.ros.time.RemoteUptimeClock update
INFO: Latency: 7,0000 s, Delta ratio: 1,0000, Drift: 1,000, Error reduction coefficient: 0,000, Error: 0,0000 s
abr 04, 2013 12:33:09 PM org.ros.time.RemoteUptimeClock update
INFO: Latency: 7,0000 s, Delta ratio: 1,0000, Drift: 1,000, Error reduction coefficient: 0,000, Error: 0,0000 s
abr 04, 2013 12:33:09 PM org.ros.time.RemoteUptimeClock update
INFO: Latency: 7,0000 s, Delta ratio: 1,0000, Drift: 1,000, Error reduction coefficient: 0,000, Error: 0,0000 s
abr 04, 2013 12:33:09 PM org.ros.time.RemoteUptimeClock update
INFO: Latency: 7,0000 s, Delta ratio: 1,0000, Drift: 1,000, Error reduction coefficient: 0,000, Error: 0,0000 s
abr 04, 2013 12:33:09 PM org.ros.time.RemoteUptimeClock update
INFO: Latency: 7,0000 s, Delta ratio: 1,0000, Drift: 1,000, Error reduction coefficient: 0,000, Error: 0,0000 s
abr 04, 2013 12:33:09 PM org.ros.time.RemoteUptimeClock update
INFO: Latency: 7,0000 s, Delta ratio: 1,0000, Drift: 1,000, Error reduction coefficient: 0,000, Error: 0,0000 s
abr 04, 2013 12:33:09 PM org.ros.time.RemoteUptimeClock update
INFO: Latency: 7,0000 s, Delta ratio: 1,0000, Drift: 1,000, Error reduction coefficient: 0,000, Error: 0,0000 s
abr 04, 2013 12:33:09 PM org.ros.time.RemoteUptimeClock update
INFO: Latency: 7,0000 s, Delta ratio: 1,0000, Drift: 1,000, Error reduction coefficient: 0,000, Error: 0,0000 s
abr 04, 2013 12:33:09 PM org.ros.time.RemoteUptimeClock update
INFO: Latency: 7,0000 s, Delta ratio: 1,0000, Drift: 1,000, Error reduction coefficient: 0,000, Error: 0,0000 s
abr 04, 2013 12:33:09 PM org.ros.time.RemoteUptimeClock update
INFO: Latency: 7,0000 s, Delta ratio: 1,0000, Drift: 1,000, Error reduction coefficient: 0,000, Error: 0,0000 s
abr 04, 2013 12:33:09 PM org.ros.time.RemoteUptimeClock update
INFO: Latency: 7,0000 s, Delta ratio: 1,0000, Drift: 1,000, Error reduction coefficient: 0,000, Error: 0,0000 s
abr 04, 2013 12:33:09 PM org.ros.time.RemoteUptimeClock update
INFO: Latency: 7,0000 s, Delta ratio: 1,0000, Drift: 1,000, Error reduction coefficient: 0,000, Error: 0,0000 s
abr 04, 2013 12:33:09 PM org.ros.time.RemoteUptimeClock update
INFO: Latency: 7,0000 s, Delta ratio: 1,0000, Drift: 1,000, Error reduction coefficient: 0,000, Error: 0,0000 s
abr 04, 2013 12:33:09 PM org.ros.time.RemoteUptimeClock update
INFO: Latency: 7,0000 s, Delta ratio: 1,0000, Drift: 1,000, Error reduction coefficient: 0,000, Error: 0,0000 s
abr 04, 2013 12:33:09 PM org.ros.time.RemoteUptimeClock update
INFO: Latency: 7,0000 s, Delta ratio: 1,0000, Drift: 1,000, Error reduction coefficient: 0,000, Error: 0,0000 s
abr 04, 2013 12:33:09 PM org.ros.time.RemoteUptimeClock update
INFO: Latency: 7,0000 s, Delta ratio: 1,0000, Drift: 1,000, Error reduction coefficient: 0,000, Error: 0,0000 s
abr 04, 2013 12:33:09 PM org.ros.time.RemoteUptimeClock update
INFO: Latency: 7,0000 s, Delta ratio: 1,0000, Drift: 1,000, Error reduction coefficient: 0,000, Error: 0,0000 s
abr 04, 2013 12:33:09 PM org.ros.time.RemoteUptimeClock update
INFO: Latency: 7,0000 s, Delta ratio: 1,0000, Drift: 1,000, Error reduction coefficient: 0,000, Error: 0,0000 s
abr 04, 2013 12:33:09 PM org.ros.time.RemoteUptimeClock update
INFO: Latency: 7,0000 s, Delta ratio: 1,0000, Drift: 1,000, Error reduction coefficient: 0,000, Error: 0,0000 s
abr 04, 2013 12:33:09 PM org.ros.time.RemoteUptimeClock update
INFO: Latency: 7,0000 s, Delta ratio: 1,0000, Drift: 1,000, Error reduction coefficient: 0,000, Error: 0,0000 s
abr 04, 2013 12:33:09 PM org.ros.time.RemoteUptimeClock update
INFO: Latency: 7,0000 s, Delta ratio: 1,0000, Drift: 1,000, Error reduction coefficient: 0,000, Error: 0,0000 s
abr 04, 2013 12:33:09 PM org.ros.time.RemoteUptimeClock update
INFO: Latency: 7,0000 s, Delta ratio: 1,0000, Drift: 1,000, Error reduction coefficient: 0,000, Error: 0,0000 s
abr 04, 2013 12:33:09 PM org.ros.time.RemoteUptimeClock update
INFO: Latency: 7,0000 s, Delta ratio: 1,0000, Drift: 1,000, Error reduction coefficient: 0,000, Error: 0,0000 s
abr 04, 2013 12:33:09 PM org.ros.time.RemoteUptimeClock update
INFO: Latency: 7,0000 s, Delta ratio: 1,0000, Drift: 1,000, Error reduction coefficient: 0,000, Error: 0,0000 s
abr 04, 2013 12:33:09 PM org.ros.time.RemoteUptimeClock update
INFO: Latency: 7,0000 s, Delta ratio: 1,0000, Drift: 1,000, Error reduction coefficient: 0,000, Error: 0,0000 s
abr 04, 2013 12:33:09 PM org.ros.time.RemoteUptimeClock update
INFO: Latency: 7,0000 s, Delta ratio: 1,0000, Drift: 1,000, Error reduction coefficient: 0,000, Error: 0,0000 s
abr 04, 2013 12:33:09 PM org.ros.time.RemoteUptimeClock update
INFO: Latency: 7,0000 s, Delta ratio: 1,0000, Drift: 1,000, Error reduction coefficient: 0,000, Error: 0,0000 s
abr 04, 2013 12:33:09 PM org.ros.time.RemoteUptimeClock update
INFO: Latency: 7,0000 s, Delta ratio: 1,0000, Drift: 1,000, Error reduction coefficient: 0,000, Error: 0,0000 s
abr 04, 2013 12:33:09 PM org.ros.time.RemoteUptimeClock update
INFO: Latency: 7,0000 s, Delta ratio: 1,0000, Drift: 1,000, Error reduction coefficient: 0,000, Error: 0,0000 s
abr 04, 2013 12:33:09 PM org.ros.time.RemoteUptimeClock update
INFO: Latency: 7,0000 s, Delta ratio: 1,0000, Drift: 1,000, Error reduction coefficient: 0,000, Error: 0,0000 s
abr 04, 2013 12:33:09 PM org.ros.time.RemoteUptimeClock update
INFO: Latency: 7,0000 s, Delta ratio: 1,0000, Drift: 1,000, Error reduction coefficient: 0,000, Error: 0,0000 s
abr 04, 2013 12:33:09 PM org.ros.time.RemoteUptimeClock update
INFO: Latency: 7,0000 s, Delta ratio: 1,0000, Drift: 1,000, Error reduction coefficient: 0,000, Error: 0,0000 s
abr 04, 2013 12:33:09 PM org.ros.time.RemoteUptimeClock update
INFO: Latency: 7,0000 s, Delta ratio: 1,0000, Drift: 1,000, Error reduction coefficient: 0,000, Error: 0,0000 s
abr 04, 2013 12:33:09 PM org.ros.time.RemoteUptimeClock update
INFO: Latency: 7,0000 s, Delta ratio: 1,0000, Drift: 1,000, Error reduction coefficient: 0,000, Error: 0,0000 s
abr 04, 2013 12:33:09 PM org.ros.time.RemoteUptimeClock update
INFO: Latency: 7,0000 s, Delta ratio: 1,0000, Drift: 1,000, Error reduction coefficient: 0,000, Error: 0,0000 s
abr 04, 2013 12:33:09 PM org.ros.time.RemoteUptimeClock update
INFO: Latency: 7,0000 s, Delta ratio: 1,0000, Drift: 1,000, Error reduction coefficient: 0,000, Error: 0,0000 s
abr 04, 2013 12:33:09 PM org.ros.time.RemoteUptimeClock update
INFO: Latency: 7,0000 s, Delta ratio: 1,0000, Drift: 1,000, Error reduction coefficient: 0,000, Error: 0,0000 s
abr 04, 2013 12:33:09 PM org.ros.time.RemoteUptimeClock update
INFO: Latency: 7,0000 s, Delta ratio: 1,0000, Drift: 1,000, Error reduction coefficient: 0,000, Error: 0,0000 s
abr 04, 2013 12:33:09 PM org.ros.time.RemoteUptimeClock update
INFO: Latency: 7,0000 s, Delta ratio: 1,0000, Drift: 1,000, Error reduction coefficient: 0,000, Error: 0,0000 s
abr 04, 2013 12:33:09 PM org.ros.time.RemoteUptimeClock update
INFO: Latency: 7,0000 s, Delta ratio: 1,0000, Drift: 1,000, Error reduction coefficient: 0,000, Error: 0,0000 s
abr 04, 2013 12:33:09 PM org.ros.time.RemoteUptimeClock update
INFO: Latency: 7,0000 s, Delta ratio: 1,0000, Drift: 1,000, Error reduction coefficient: 0,000, Error: 0,0000 s
abr 04, 2013 12:33:09 PM org.ros.time.RemoteUptimeClock update
INFO: Latency: 7,0000 s, Delta ratio: 1,0000, Drift: 1,000, Error reduction coefficient: 0,000, Error: 0,0000 s
abr 04, 2013 12:33:09 PM org.ros.time.RemoteUptimeClock update
INFO: Latency: 7,0000 s, Delta ratio: 1,0000, Drift: 1,000, Error reduction coefficient: 0,000, Error: 0,0000 s
abr 04, 2013 12:33:09 PM org.ros.time.RemoteUptimeClock update
INFO: Latency: 7,0000 s, Delta ratio: 1,0000, Drift: 1,000, Error reduction coefficient: 0,000, Error: 0,0000 s
abr 04, 2013 12:33:09 PM org.ros.time.RemoteUptimeClock update
INFO: Latency: 7,0000 s, Delta ratio: 1,0000, Drift: 1,000, Error reduction coefficient: 0,000, Error: 0,0000 s
abr 04, 2013 12:33:09 PM org.ros.time.RemoteUptimeClock update
INFO: Latency: 7,0000 s, Delta ratio: 1,0000, Drift: 1,000, Error reduction coefficient: 0,000, Error: 0,0000 s
abr 04, 2013 12:33:09 PM org.ros.time.RemoteUptimeClock update
INFO: Latency: 7,0000 s, Delta ratio: 1,0000, Drift: 1,000, Error reduction coefficient: 0,000, Error: 0,0000 s
abr 04, 2013 12:33:09 PM org.ros.time.RemoteUptimeClock update
INFO: Latency: 7,0000 s, Delta ratio: 1,0000, Drift: 1,000, Error reduction coefficient: 0,000, Error: 0,0000 s
abr 04, 2013 12:33:09 PM org.ros.time.RemoteUptimeClock update
INFO: Latency: 7,0000 s, Delta ratio: 1,0000, Drift: 1,000, Error reduction coefficient: 0,000, Error: 0,0000 s
abr 04, 2013 12:33:09 PM org.ros.time.RemoteUptimeClock update
INFO: Latency: 7,0000 s, Delta ratio: 1,0000, Drift: 1,000, Error reduction coefficient: 0,000, Error: 0,0000 s
abr 04, 2013 12:33:09 PM org.ros.time.RemoteUptimeClock update
INFO: Latency: 7,0000 s, Delta ratio: 1,0000, Drift: 1,000, Error reduction coefficient: 0,000, Error: 0,0000 s
abr 04, 2013 12:33:09 PM org.ros.time.RemoteUptimeClock update
INFO: Latency: 7,0000 s, Delta ratio: 1,0000, Drift: 1,000, Error reduction coefficient: 0,000, Error: 0,0000 s
abr 04, 2013 12:33:09 PM org.ros.time.RemoteUptimeClock update
INFO: Latency: 7,0000 s, Delta ratio: 1,0000, Drift: 1,000, Error reduction coefficient: 0,000, Error: 0,0000 s
abr 04, 2013 12:33:09 PM org.ros.time.RemoteUptimeClock update
INFO: Latency: 7,0000 s, Delta ratio: 1,0000, Drift: 1,000, Error reduction coefficient: 0,000, Error: 0,0000 s
abr 04, 2013 12:33:09 PM org.ros.time.RemoteUptimeClock update
INFO: Latency: 7,0000 s, Delta ratio: 1,0000, Drift: 1,000, Error reduction coefficient: 0,000, Error: 0,0000 s
abr 04, 2013 12:33:09 PM org.ros.time.RemoteUptimeClock update
INFO: Latency: 7,0000 s, Delta ratio: 1,0000, Drift: 1,000, Error reduction coefficient: 0,000, Error: 0,0000 s
abr 04, 2013 12:33:09 PM org.ros.time.RemoteUptimeClock update
INFO: Latency: 7,0000 s, Delta ratio: 1,0000, Drift: 1,000, Error reduction coefficient: 0,000, Error: 0,0000 s
abr 04, 2013 12:33:09 PM org.ros.time.RemoteUptimeClock update
INFO: Latency: 7,0000 s, Delta ratio: 1,0000, Drift: 1,000, Error reduction coefficient: 0,000, Error: 0,0000 s
abr 04, 2013 12:33:09 PM org.ros.time.RemoteUptimeClock update
INFO: Latency: 7,0000 s, Delta ratio: 1,0000, Drift: 1,000, Error reduction coefficient: 0,000, Error: 0,0000 s
abr 04, 2013 12:33:09 PM org.ros.time.RemoteUptimeClock update
INFO: Latency: 7,0000 s, Delta ratio: 1,0000, Drift: 1,000, Error reduction coefficient: 0,000, Error: 0,0000 s
abr 04, 2013 12:33:09 PM org.ros.time.RemoteUptimeClock update
INFO: Latency: 7,0000 s, Delta ratio: 1,0000, Drift: 1,000, Error reduction coefficient: 0,000, Error: 0,0000 s
abr 04, 2013 12:33:09 PM org.ros.time.RemoteUptimeClock update
INFO: Latency: 7,0000 s, Delta ratio: 1,0000, Drift: 1,000, Error reduction coefficient: 0,000, Error: 0,0000 s
abr 04, 2013 12:33:09 PM org.ros.time.RemoteUptimeClock update
INFO: Latency: 7,0000 s, Delta ratio: 1,0000, Drift: 1,000, Error reduction coefficient: 0,000, Error: 0,0000 s
abr 04, 2013 12:33:09 PM org.ros.time.RemoteUptimeClock update
INFO: Latency: 7,0000 s, Delta ratio: 1,0000, Drift: 1,000, Error reduction coefficient: 0,000, Error: 0,0000 s
abr 04, 2013 12:33:09 PM org.ros.time.RemoteUptimeClock update
INFO: Latency: 7,0000 s, Delta ratio: 1,0000, Drift: 1,000, Error reduction coefficient: 0,000, Error: 0,0000 s
abr 04, 2013 12:33:09 PM org.ros.time.RemoteUptimeClock update
INFO: Latency: 7,0000 s, Delta ratio: 1,0000, Drift: 1,000, Error reduction coefficient: 0,000, Error: 0,0000 s
abr 04, 2013 12:33:09 PM org.ros.time.RemoteUptimeClock update
INFO: Latency: 7,0000 s, Delta ratio: 1,0000, Drift: 1,000, Error reduction coefficient: 0,000, Error: 0,0000 s
abr 04, 2013 12:33:09 PM org.ros.time.RemoteUptimeClock update
INFO: Latency: 7,0000 s, Delta ratio: 1,0000, Drift: 1,000, Error reduction coefficient: 0,000, Error: 0,0000 s
abr 04, 2013 12:33:09 PM org.ros.time.RemoteUptimeClock update
INFO: Latency: 7,0000 s, Delta ratio: 1,0000, Drift: 1,000, Error reduction coefficient: 0,000, Error: 0,0000 s
abr 04, 2013 12:33:09 PM org.ros.time.RemoteUptimeClock update
INFO: Latency: 7,0000 s, Delta ratio: 1,0000, Drift: 1,000, Error reduction coefficient: 0,000, Error: 0,0000 s
abr 04, 2013 12:33:09 PM org.ros.time.RemoteUptimeClock update
INFO: Latency: 7,0000 s, Delta ratio: 1,0000, Drift: 1,000, Error reduction coefficient: 0,000, Error: 0,0000 s
abr 04, 2013 12:33:09 PM org.ros.time.RemoteUptimeClock update
INFO: Latency: 7,0000 s, Delta ratio: 1,0000, Drift: 1,000, Error reduction coefficient: 0,000, Error: 0,0000 s
abr 04, 2013 12:33:09 PM org.ros.time.RemoteUptimeClock update
INFO: Latency: 7,0000 s, Delta ratio: 1,0000, Drift: 1,000, Error reduction coefficient: 0,000, Error: 0,0000 s
abr 04, 2013 12:33:09 PM org.ros.time.RemoteUptimeClock update
INFO: Latency: 7,0000 s, Delta ratio: 1,0000, Drift: 1,000, Error reduction coefficient: 0,000, Error: 0,0000 s
abr 04, 2013 12:33:09 PM org.ros.time.RemoteUptimeClock update
INFO: Latency: 7,0000 s, Delta ratio: 1,0000, Drift: 1,000, Error reduction coefficient: 0,000, Error: 0,0000 s
abr 04, 2013 12:33:09 PM org.ros.time.RemoteUptimeClock update
INFO: Latency: 7,0000 s, Delta ratio: 1,0000, Drift: 1,000, Error reduction coefficient: 0,000, Error: 0,0000 s
abr 04, 2013 12:33:09 PM org.ros.time.RemoteUptimeClock update
INFO: Latency: 7,0000 s, Delta ratio: 1,0000, Drift: 1,000, Error reduction coefficient: 0,000, Error: 0,0000 s
abr 04, 2013 12:33:09 PM org.ros.time.RemoteUptimeClock update
INFO: Latency: 7,0000 s, Delta ratio: 1,0000, Drift: 1,000, Error reduction coefficient: 0,000, Error: 0,0000 s
abr 04, 2013 12:33:09 PM org.ros.time.RemoteUptimeClock update
INFO: Latency: 7,0000 s, Delta ratio: 1,0000, Drift: 1,000, Error reduction coefficient: 0,000, Error: 0,0000 s
abr 04, 2013 12:33:09 PM org.ros.time.RemoteUptimeClock update
INFO: Latency: 7,0000 s, Delta ratio: 1,0000, Drift: 1,000, Error reduction coefficient: 0,000, Error: 0,0000 s
abr 04, 2013 12:33:09 PM org.ros.time.RemoteUptimeClock update
INFO: Latency: 7,0000 s, Delta ratio: 1,0000, Drift: 1,000, Error reduction coefficient: 0,000, Error: 0,0000 s
abr 04, 2013 12:33:09 PM org.ros.time.RemoteUptimeClock update
INFO: Latency: 7,0000 s, Delta ratio: 1,0000, Drift: 1,000, Error reduction coefficient: 0,000, Error: 0,0000 s
abr 04, 2013 12:33:09 PM org.ros.time.RemoteUptimeClock update
INFO: Latency: 7,0000 s, Delta ratio: 1,0000, Drift: 1,000, Error reduction coefficient: 0,000, Error: 0,0000 s
abr 04, 2013 12:33:09 PM org.ros.time.RemoteUptimeClock update
INFO: Latency: 7,0000 s, Delta ratio: 1,0000, Drift: 1,000, Error reduction coefficient: 0,000, Error: 0,0000 s
abr 04, 2013 12:33:09 PM org.ros.time.RemoteUptimeClock update
INFO: Latency: 7,0000 s, Delta ratio: 1,0000, Drift: 1,000, Error reduction coefficient: 0,000, Error: 0,0000 s
abr 04, 2013 12:33:09 PM org.ros.time.RemoteUptimeClock update
INFO: Latency: 7,0000 s, Delta ratio: 1,0000, Drift: 1,000, Error reduction coefficient: 0,000, Error: 0,0000 s
abr 04, 2013 12:33:09 PM org.ros.time.RemoteUptimeClock update
INFO: Latency: 7,0000 s, Delta ratio: 1,0000, Drift: 1,000, Error reduction coefficient: 0,000, Error: 0,0000 s
abr 04, 2013 12:33:09 PM org.ros.time.RemoteUptimeClock update
INFO: Latency: 7,0000 s, Delta ratio: 1,0000, Drift: 1,000, Error reduction coefficient: 0,000, Error: 0,0000 s
abr 04, 2013 12:33:09 PM org.ros.time.RemoteUptimeClock update
INFO: Latency: 7,0000 s, Delta ratio: 1,0000, Drift: 1,000, Error reduction coefficient: 0,000, Error: 0,0000 s
abr 04, 2013 12:33:09 PM org.ros.time.RemoteUptimeClock update
INFO: Latency: 7,0000 s, Delta ratio: 1,0000, Drift: 1,000, Error reduction coefficient: 0,000, Error: 0,0000 s
abr 04, 2013 12:33:09 PM org.ros.time.RemoteUptimeClock update
INFO: Latency: 7,0000 s, Delta ratio: 1,0000, Drift: 1,000, Error reduction coefficient: 0,000, Error: 0,0000 s
abr 04, 2013 12:33:09 PM org.ros.time.RemoteUptimeClock update
INFO: Latency: 7,0000 s, Delta ratio: 1,0000, Drift: 1,000, Error reduction coefficient: 0,000, Error: 0,0000 s
abr 04, 2013 12:33:09 PM org.ros.time.RemoteUptimeClock update
INFO: Latency: 7,0000 s, Delta ratio: 1,0000, Drift: 1,000, Error reduction coefficient: 0,000, Error: 0,0000 s
abr 04, 2013 12:33:09 PM org.ros.time.RemoteUptimeClock update
INFO: Latency: 7,0000 s, Delta ratio: 1,0000, Drift: 1,000, Error reduction coefficient: 0,000, Error: 0,0000 s
abr 04, 2013 12:33:09 PM org.ros.time.RemoteUptimeClock update
INFO: Latency: 7,0000 s, Delta ratio: 1,0000, Drift: 1,000, Error reduction coefficient: 0,000, Error: 0,0000 s
abr 04, 2013 12:33:09 PM org.ros.time.RemoteUptimeClock update
INFO: Latency: 7,0000 s, Delta ratio: 1,0000, Drift: 1,000, Error reduction coefficient: 0,000, Error: 0,0000 s
abr 04, 2013 12:33:09 PM org.ros.time.RemoteUptimeClock update
INFO: Latency: 7,0000 s, Delta ratio: 1,0000, Drift: 1,000, Error reduction coefficient: 0,000, Error: 0,0000 s
abr 04, 2013 12:33:09 PM org.ros.time.RemoteUptimeClock update
INFO: Latency: 7,0000 s, Delta ratio: 1,0000, Drift: 1,000, Error reduction coefficient: 0,000, Error: 0,0000 s
abr 04, 2013 12:33:09 PM org.ros.time.RemoteUptimeClock update
INFO: Latency: 7,0000 s, Delta ratio: 1,0000, Drift: 1,000, Error reduction coefficient: 0,000, Error: 0,0000 s
abr 04, 2013 12:33:09 PM org.ros.time.RemoteUptimeClock update
INFO: Latency: 7,0000 s, Delta ratio: 1,0000, Drift: 1,000, Error reduction coefficient: 0,000, Error: 0,0000 s
abr 04, 2013 12:33:09 PM org.ros.time.RemoteUptimeClock update
INFO: Latency: 7,0000 s, Delta ratio: 1,0000, Drift: 1,000, Error reduction coefficient: 0,000, Error: 0,0000 s
abr 04, 2013 12:33:09 PM org.ros.time.RemoteUptimeClock update
INFO: Latency: 7,0000 s, Delta ratio: 1,0000, Drift: 1,000, Error reduction coefficient: 0,000, Error: 0,0000 s
abr 04, 2013 12:33:09 PM org.ros.time.RemoteUptimeClock update
INFO: Latency: 7,0000 s, Delta ratio: 1,0000, Drift: 1,000, Error reduction coefficient: 0,000, Error: 0,0000 s
abr 04, 2013 12:33:09 PM org.ros.time.RemoteUptimeClock update
INFO: Latency: 7,0000 s, Delta ratio: 1,0000, Drift: 1,000, Error reduction coefficient: 0,000, Error: 0,0000 s
abr 04, 2013 12:33:09 PM org.ros.time.RemoteUptimeClock update
INFO: Latency: 7,0000 s, Delta ratio: 1,0000, Drift: 1,000, Error reduction coefficient: 0,000, Error: 0,0000 s
abr 04, 2013 12:33:09 PM org.ros.time.RemoteUptimeClock update
INFO: Latency: 7,0000 s, Delta ratio: 1,0000, Drift: 1,000, Error reduction coefficient: 0,000, Error: 0,0000 s
abr 04, 2013 12:33:09 PM org.ros.time.RemoteUptimeClock update
INFO: Latency: 7,0000 s, Delta ratio: 1,0000, Drift: 1,000, Error reduction coefficient: 0,000, Error: 0,0000 s
abr 04, 2013 12:33:09 PM org.ros.time.RemoteUptimeClock update
INFO: Latency: 7,0000 s, Delta ratio: 1,0000, Drift: 1,000, Error reduction coefficient: 0,000, Error: 0,0000 s
abr 04, 2013 12:33:09 PM org.ros.time.RemoteUptimeClock update
INFO: Latency: 7,0000 s, Delta ratio: 1,0000, Drift: 1,000, Error reduction coefficient: 0,000, Error: 0,0000 s
abr 04, 2013 12:33:09 PM org.ros.time.RemoteUptimeClock update
INFO: Latency: 7,0000 s, Delta ratio: 1,0000, Drift: 1,000, Error reduction coefficient: 0,000, Error: 0,0000 s
abr 04, 2013 12:33:09 PM org.ros.time.RemoteUptimeClock update
INFO: Latency: 7,0000 s, Delta ratio: 1,0000, Drift: 1,000, Error reduction coefficient: 0,000, Error: 0,0000 s
abr 04, 2013 12:33:09 PM org.ros.time.RemoteUptimeClock update
INFO: Latency: 7,0000 s, Delta ratio: 1,0000, Drift: 1,000, Error reduction coefficient: 0,000, Error: 0,0000 s
abr 04, 2013 12:33:09 PM org.ros.time.RemoteUptimeClock update
INFO: Latency: 7,0000 s, Delta ratio: 1,0000, Drift: 1,000, Error reduction coefficient: 0,000, Error: 0,0000 s
abr 04, 2013 12:33:09 PM org.ros.time.RemoteUptimeClock update
INFO: Latency: 7,0000 s, Delta ratio: 1,0000, Drift: 1,000, Error reduction coefficient: 0,000, Error: 0,0000 s
abr 04, 2013 12:33:09 PM org.ros.time.RemoteUptimeClock update
INFO: Latency: 7,0000 s, Delta ratio: 1,0000, Drift: 1,000, Error reduction coefficient: 0,000, Error: 0,0000 s
abr 04, 2013 12:33:09 PM org.ros.time.RemoteUptimeClock update
INFO: Latency: 7,0000 s, Delta ratio: 1,0000, Drift: 1,000, Error reduction coefficient: 0,000, Error: 0,0000 s
abr 04, 2013 12:33:09 PM org.ros.time.RemoteUptimeClock update
INFO: Latency: 7,0000 s, Delta ratio: 1,0000, Drift: 1,000, Error reduction coefficient: 0,000, Error: 0,0000 s
abr 04, 2013 12:33:09 PM org.ros.time.RemoteUptimeClock update
INFO: Latency: 7,0000 s, Delta ratio: 1,0000, Drift: 1,000, Error reduction coefficient: 0,000, Error: 0,0000 s
abr 04, 2013 12:33:09 PM org.ros.time.RemoteUptimeClock update
INFO: Latency: 7,0000 s, Delta ratio: 1,0000, Drift: 1,000, Error reduction coefficient: 0,000, Error: 0,0000 s
abr 04, 2013 12:33:09 PM org.ros.time.RemoteUptimeClock update
INFO: Latency: 7,0000 s, Delta ratio: 1,0000, Drift: 1,000, Error reduction coefficient: 0,000, Error: 0,0000 s
abr 04, 2013 12:33:09 PM org.ros.time.RemoteUptimeClock update
INFO: Latency: 7,0000 s, Delta ratio: 1,0000, Drift: 1,000, Error reduction coefficient: 0,000, Error: 0,0000 s
abr 04, 2013 12:33:09 PM org.ros.time.RemoteUptimeClock update
INFO: Latency: 7,0000 s, Delta ratio: 1,0000, Drift: 1,000, Error reduction coefficient: 0,000, Error: 0,0000 s
abr 04, 2013 12:33:09 PM org.ros.time.RemoteUptimeClock update
INFO: Latency: 7,0000 s, Delta ratio: 1,0000, Drift: 1,000, Error reduction coefficient: 0,000, Error: 0,0000 s
abr 04, 2013 12:33:09 PM org.ros.time.RemoteUptimeClock update
INFO: Latency: 7,0000 s, Delta ratio: 1,0000, Drift: 1,000, Error reduction coefficient: 0,000, Error: 0,0000 s
abr 04, 2013 12:33:09 PM org.ros.time.RemoteUptimeClock update
INFO: Latency: 7,0000 s, Delta ratio: 1,0000, Drift: 1,000, Error reduction coefficient: 0,000, Error: 0,0000 s
abr 04, 2013 12:33:09 PM org.ros.time.RemoteUptimeClock update
INFO: Latency: 7,0000 s, Delta ratio: 1,0000, Drift: 1,000, Error reduction coefficient: 0,000, Error: 0,0000 s
abr 04, 2013 12:33:09 PM org.ros.time.RemoteUptimeClock update
INFO: Latency: 7,0000 s, Delta ratio: 1,0000, Drift: 1,000, Error reduction coefficient: 0,000, Error: 0,0000 s
abr 04, 2013 12:33:09 PM org.ros.time.RemoteUptimeClock update
INFO: Latency: 7,0000 s, Delta ratio: 1,0000, Drift: 1,000, Error reduction coefficient: 0,000, Error: 0,0000 s
abr 04, 2013 12:33:09 PM org.ros.time.RemoteUptimeClock update
INFO: Latency: 7,0000 s, Delta ratio: 1,0000, Drift: 1,000, Error reduction coefficient: 0,000, Error: 0,0000 s
abr 04, 2013 12:33:09 PM org.ros.time.RemoteUptimeClock update
INFO: Latency: 7,0000 s, Delta ratio: 1,0000, Drift: 1,000, Error reduction coefficient: 0,000, Error: 0,0000 s
abr 04, 2013 12:33:09 PM org.ros.time.RemoteUptimeClock update
INFO: Latency: 7,0000 s, Delta ratio: 1,0000, Drift: 1,000, Error reduction coefficient: 0,000, Error: 0,0000 s
abr 04, 2013 12:33:09 PM org.ros.time.RemoteUptimeClock update
INFO: Latency: 7,0000 s, Delta ratio: 1,0000, Drift: 1,000, Error reduction coefficient: 0,000, Error: 0,0000 s
abr 04, 2013 12:33:09 PM org.ros.time.RemoteUptimeClock update
INFO: Latency: 7,0000 s, Delta ratio: 1,0000, Drift: 1,000, Error reduction coefficient: 0,000, Error: 0,0000 s
abr 04, 2013 12:33:09 PM org.ros.time.RemoteUptimeClock update
INFO: Latency: 7,0000 s, Delta ratio: 1,0000, Drift: 1,000, Error reduction coefficient: 0,000, Error: 0,0000 s
abr 04, 2013 12:33:09 PM org.ros.time.RemoteUptimeClock update
INFO: Latency: 7,0000 s, Delta ratio: 1,0000, Drift: 1,000, Error reduction coefficient: 0,000, Error: 0,0000 s
abr 04, 2013 12:33:09 PM org.ros.time.RemoteUptimeClock update
INFO: Latency: 7,0000 s, Delta ratio: 1,0000, Drift: 1,000, Error reduction coefficient: 0,000, Error: 0,0000 s
abr 04, 2013 12:33:09 PM org.ros.time.RemoteUptimeClock update
INFO: Latency: 7,0000 s, Delta ratio: 1,0000, Drift: 1,000, Error reduction coefficient: 0,000, Error: 0,0000 s
abr 04, 2013 12:33:09 PM org.ros.time.RemoteUptimeClock update
INFO: Latency: 7,0000 s, Delta ratio: 1,0000, Drift: 1,000, Error reduction coefficient: 0,000, Error: 0,0000 s
abr 04, 2013 12:33:09 PM org.ros.time.RemoteUptimeClock update
INFO: Latency: 7,0000 s, Delta ratio: 1,0000, Drift: 1,000, Error reduction coefficient: 0,000, Error: 0,0000 s
abr 04, 2013 12:33:09 PM org.ros.time.RemoteUptimeClock update
INFO: Latency: 7,0000 s, Delta ratio: 1,0000, Drift: 1,000, Error reduction coefficient: 0,000, Error: 0,0000 s
abr 04, 2013 12:33:09 PM org.ros.time.RemoteUptimeClock update
INFO: Latency: 7,0000 s, Delta ratio: 1,0000, Drift: 1,000, Error reduction coefficient: 0,000, Error: 0,0000 s
abr 04, 2013 12:33:09 PM org.ros.time.RemoteUptimeClock update
INFO: Latency: 7,0000 s, Delta ratio: 1,0000, Drift: 1,000, Error reduction coefficient: 0,000, Error: 0,0000 s
abr 04, 2013 12:33:09 PM org.ros.time.RemoteUptimeClock update
INFO: Latency: 7,0000 s, Delta ratio: 1,0000, Drift: 1,000, Error reduction coefficient: 0,000, Error: 0,0000 s
abr 04, 2013 12:33:09 PM org.ros.time.RemoteUptimeClock update
INFO: Latency: 7,0000 s, Delta ratio: 1,0000, Drift: 1,000, Error reduction coefficient: 0,000, Error: 0,0000 s
abr 04, 2013 12:33:09 PM org.ros.time.RemoteUptimeClock update
INFO: Latency: 7,0000 s, Delta ratio: 1,0000, Drift: 1,000, Error reduction coefficient: 0,000, Error: 0,0000 s
abr 04, 2013 12:33:09 PM org.ros.time.RemoteUptimeClock update
INFO: Latency: 7,0000 s, Delta ratio: 1,0000, Drift: 1,000, Error reduction coefficient: 0,000, Error: 0,0000 s
abr 04, 2013 12:33:09 PM org.ros.time.RemoteUptimeClock update
INFO: Latency: 7,0000 s, Delta ratio: 1,0000, Drift: 1,000, Error reduction coefficient: 0,000, Error: 0,0000 s
abr 04, 2013 12:33:09 PM org.ros.time.RemoteUptimeClock update
INFO: Latency: 7,0000 s, Delta ratio: 1,0000, Drift: 1,000, Error reduction coefficient: 0,000, Error: 0,0000 s
abr 04, 2013 12:33:09 PM org.ros.time.RemoteUptimeClock update
INFO: Latency: 7,0000 s, Delta ratio: 1,0000, Drift: 1,000, Error reduction coefficient: 0,000, Error: 0,0000 s
abr 04, 2013 12:33:09 PM org.ros.time.RemoteUptimeClock update
INFO: Latency: 7,0000 s, Delta ratio: 1,0000, Drift: 1,000, Error reduction coefficient: 0,000, Error: 0,0000 s
abr 04, 2013 12:33:09 PM org.ros.time.RemoteUptimeClock update
INFO: Latency: 7,0000 s, Delta ratio: 1,0000, Drift: 1,000, Error reduction coefficient: 0,000, Error: 0,0000 s
abr 04, 2013 12:33:09 PM org.ros.time.RemoteUptimeClock update
INFO: Latency: 7,0000 s, Delta ratio: 1,0000, Drift: 1,000, Error reduction coefficient: 0,000, Error: 0,0000 s
abr 04, 2013 12:33:09 PM org.ros.time.RemoteUptimeClock update
INFO: Latency: 7,0000 s, Delta ratio: 1,0000, Drift: 1,000, Error reduction coefficient: 0,000, Error: 0,0000 s
abr 04, 2013 12:33:09 PM org.ros.time.RemoteUptimeClock update
INFO: Latency: 7,0000 s, Delta ratio: 1,0000, Drift: 1,000, Error reduction coefficient: 0,000, Error: 0,0000 s
abr 04, 2013 12:33:09 PM org.ros.time.RemoteUptimeClock update
INFO: Latency: 7,0000 s, Delta ratio: 1,0000, Drift: 1,000, Error reduction coefficient: 0,000, Error: 0,0000 s
abr 04, 2013 12:33:09 PM org.ros.time.RemoteUptimeClock update
INFO: Latency: 7,0000 s, Delta ratio: 1,0000, Drift: 1,000, Error reduction coefficient: 0,000, Error: 0,0000 s
abr 04, 2013 12:33:09 PM org.ros.time.RemoteUptimeClock update
INFO: Latency: 7,0000 s, Delta ratio: 1,0000, Drift: 1,000, Error reduction coefficient: 0,000, Error: 0,0000 s
abr 04, 2013 12:33:09 PM org.ros.time.RemoteUptimeClock update
INFO: Latency: 7,0000 s, Delta ratio: 1,0000, Drift: 1,000, Error reduction coefficient: 0,000, Error: 0,0000 s
abr 04, 2013 12:33:09 PM org.ros.time.RemoteUptimeClock update
INFO: Latency: 7,0000 s, Delta ratio: 1,0000, Drift: 1,000, Error reduction coefficient: 0,000, Error: 0,0000 s
abr 04, 2013 12:33:09 PM org.ros.time.RemoteUptimeClock update
INFO: Latency: 7,0000 s, Delta ratio: 1,0000, Drift: 1,000, Error reduction coefficient: 0,000, Error: 0,0000 s
abr 04, 2013 12:33:09 PM org.ros.time.RemoteUptimeClock update
INFO: Latency: 7,0000 s, Delta ratio: 1,0000, Drift: 1,000, Error reduction coefficient: 0,000, Error: 0,0000 s
abr 04, 2013 12:33:09 PM org.ros.time.RemoteUptimeClock update
INFO: Latency: 7,0000 s, Delta ratio: 1,0000, Drift: 1,000, Error reduction coefficient: 0,000, Error: 0,0000 s
abr 04, 2013 12:33:09 PM org.ros.time.RemoteUptimeClock update
INFO: Latency: 7,0000 s, Delta ratio: 1,0000, Drift: 1,000, Error reduction coefficient: 0,000, Error: 0,0000 s
abr 04, 2013 12:33:09 PM org.ros.time.RemoteUptimeClock update
INFO: Latency: 7,0000 s, Delta ratio: 1,0000, Drift: 1,000, Error reduction coefficient: 0,000, Error: 0,0000 s
abr 04, 2013 12:33:09 PM org.ros.time.RemoteUptimeClock update
INFO: Latency: 7,0000 s, Delta ratio: 1,0000, Drift: 1,000, Error reduction coefficient: 0,000, Error: 0,0000 s
abr 04, 2013 12:33:09 PM org.ros.time.RemoteUptimeClock update
INFO: Latency: 7,0000 s, Delta ratio: 1,0000, Drift: 1,000, Error reduction coefficient: 0,000, Error: 0,0000 s
abr 04, 2013 12:33:09 PM org.ros.time.RemoteUptimeClock update
INFO: Latency: 7,0000 s, Delta ratio: 1,0000, Drift: 1,000, Error reduction coefficient: 0,000, Error: 0,0000 s
abr 04, 2013 12:33:09 PM org.ros.time.RemoteUptimeClock update
INFO: Latency: 7,0000 s, Delta ratio: 1,0000, Drift: 1,000, Error reduction coefficient: 0,000, Error: 0,0000 s
abr 04, 2013 12:33:09 PM org.ros.time.RemoteUptimeClock update
INFO: Latency: 7,0000 s, Delta ratio: 1,0000, Drift: 1,000, Error reduction coefficient: 0,000, Error: 0,0000 s
abr 04, 2013 12:33:09 PM org.ros.time.RemoteUptimeClock update
INFO: Latency: 7,0000 s, Delta ratio: 1,0000, Drift: 1,000, Error reduction coefficient: 0,000, Error: 0,0000 s
abr 04, 2013 12:33:09 PM org.ros.time.RemoteUptimeClock update
INFO: Latency: 7,0000 s, Delta ratio: 1,0000, Drift: 1,000, Error reduction coefficient: 0,000, Error: 0,0000 s
abr 04, 2013 12:33:09 PM org.ros.time.RemoteUptimeClock update
INFO: Latency: 7,0000 s, Delta ratio: 1,0000, Drift: 1,000, Error reduction coefficient: 0,000, Error: 0,0000 s
abr 04, 2013 12:33:09 PM org.ros.time.RemoteUptimeClock update
INFO: Latency: 7,0000 s, Delta ratio: 1,0000, Drift: 1,000, Error reduction coefficient: 0,000, Error: 0,0000 s
abr 04, 2013 12:33:09 PM org.ros.time.RemoteUptimeClock update
INFO: Latency: 7,0000 s, Delta ratio: 1,0000, Drift: 1,000, Error reduction coefficient: 0,000, Error: 0,0000 s
abr 04, 2013 12:33:09 PM org.ros.time.RemoteUptimeClock update
INFO: Latency: 7,0000 s, Delta ratio: 1,0000, Drift: 1,000, Error reduction coefficient: 0,000, Error: 0,0000 s
abr 04, 2013 12:33:09 PM org.ros.time.RemoteUptimeClock update
INFO: Latency: 7,0000 s, Delta ratio: 1,0000, Drift: 1,000, Error reduction coefficient: 0,000, Error: 0,0000 s
abr 04, 2013 12:33:09 PM org.ros.time.RemoteUptimeClock update
INFO: Latency: 7,0000 s, Delta ratio: 1,0000, Drift: 1,000, Error reduction coefficient: 0,000, Error: 0,0000 s
abr 04, 2013 12:33:09 PM org.ros.time.RemoteUptimeClock update
INFO: Latency: 7,0000 s, Delta ratio: 1,0000, Drift: 1,000, Error reduction coefficient: 0,000, Error: 0,0000 s
abr 04, 2013 12:33:09 PM org.ros.time.RemoteUptimeClock update
INFO: Latency: 7,0000 s, Delta ratio: 1,0000, Drift: 1,000, Error reduction coefficient: 0,000, Error: 0,0000 s
abr 04, 2013 12:33:09 PM org.ros.time.RemoteUptimeClock update
INFO: Latency: 7,0000 s, Delta ratio: 1,0000, Drift: 1,000, Error reduction coefficient: 0,000, Error: 0,0000 s
abr 04, 2013 12:33:09 PM org.ros.time.RemoteUptimeClock update
INFO: Latency: 7,0000 s, Delta ratio: 1,0000, Drift: 1,000, Error reduction coefficient: 0,000, Error: 0,0000 s
abr 04, 2013 12:33:09 PM org.ros.time.RemoteUptimeClock update
INFO: Latency: 7,0000 s, Delta ratio: 1,0000, Drift: 1,000, Error reduction coefficient: 0,000, Error: 0,0000 s
abr 04, 2013 12:33:09 PM org.ros.time.RemoteUptimeClock update
INFO: Latency: 7,0000 s, Delta ratio: 1,0000, Drift: 1,000, Error reduction coefficient: 0,000, Error: 0,0000 s
abr 04, 2013 12:33:09 PM org.ros.time.RemoteUptimeClock update
INFO: Latency: 7,0000 s, Delta ratio: 1,0000, Drift: 1,000, Error reduction coefficient: 0,000, Error: 0,0000 s
abr 04, 2013 12:33:09 PM org.ros.time.RemoteUptimeClock update
INFO: Latency: 7,0000 s, Delta ratio: 1,0000, Drift: 1,000, Error reduction coefficient: 0,000, Error: 0,0000 s
abr 04, 2013 12:33:09 PM org.ros.time.RemoteUptimeClock update
INFO: Latency: 7,0000 s, Delta ratio: 1,0000, Drift: 1,000, Error reduction coefficient: 0,000, Error: 0,0000 s
abr 04, 2013 12:33:09 PM org.ros.time.RemoteUptimeClock update
INFO: Latency: 7,0000 s, Delta ratio: 1,0000, Drift: 1,000, Error reduction coefficient: 0,000, Error: 0,0000 s
abr 04, 2013 12:33:09 PM org.ros.time.RemoteUptimeClock update
INFO: Latency: 7,0000 s, Delta ratio: 1,0000, Drift: 1,000, Error reduction coefficient: 0,000, Error: 0,0000 s
abr 04, 2013 12:33:09 PM org.ros.time.RemoteUptimeClock update
INFO: Latency: 7,0000 s, Delta ratio: 1,0000, Drift: 1,000, Error reduction coefficient: 0,000, Error: 0,0000 s
abr 04, 2013 12:33:09 PM org.ros.time.RemoteUptimeClock update
INFO: Latency: 7,0000 s, Delta ratio: 1,0000, Drift: 1,000, Error reduction coefficient: 0,000, Error: 0,0000 s
abr 04, 2013 12:33:09 PM org.ros.time.RemoteUptimeClock update
INFO: Latency: 7,0000 s, Delta ratio: 1,0000, Drift: 1,000, Error reduction coefficient: 0,000, Error: 0,0000 s
abr 04, 2013 12:33:09 PM org.ros.time.RemoteUptimeClock update
INFO: Latency: 7,0000 s, Delta ratio: 1,0000, Drift: 1,000, Error reduction coefficient: 0,000, Error: 0,0000 s
abr 04, 2013 12:33:09 PM org.ros.time.RemoteUptimeClock update
INFO: Latency: 7,0000 s, Delta ratio: 1,0000, Drift: 1,000, Error reduction coefficient: 0,000, Error: 0,0000 s
abr 04, 2013 12:33:09 PM org.ros.time.RemoteUptimeClock update
INFO: Latency: 7,0000 s, Delta ratio: 1,0000, Drift: 1,000, Error reduction coefficient: 0,000, Error: 0,0000 s
abr 04, 2013 12:33:09 PM org.ros.time.RemoteUptimeClock update
INFO: Latency: 7,0000 s, Delta ratio: 1,0000, Drift: 1,000, Error reduction coefficient: 0,000, Error: 0,0000 s
abr 04, 2013 12:33:09 PM org.ros.time.RemoteUptimeClock update
INFO: Latency: 7,0000 s, Delta ratio: 1,0000, Drift: 1,000, Error reduction coefficient: 0,000, Error: 0,0000 s
abr 04, 2013 12:33:09 PM org.ros.time.RemoteUptimeClock update
INFO: Latency: 7,0000 s, Delta ratio: 1,0000, Drift: 1,000, Error reduction coefficient: 0,000, Error: 0,0000 s
abr 04, 2013 12:33:09 PM org.ros.time.RemoteUptimeClock update
INFO: Latency: 7,0000 s, Delta ratio: 1,0000, Drift: 1,000, Error reduction coefficient: 0,000, Error: 0,0000 s
abr 04, 2013 12:33:09 PM org.ros.time.RemoteUptimeClock update
INFO: Latency: 7,0000 s, Delta ratio: 1,0000, Drift: 1,000, Error reduction coefficient: 0,000, Error: 0,0000 s
abr 04, 2013 12:33:09 PM org.ros.time.RemoteUptimeClock update
INFO: Latency: 7,0000 s, Delta ratio: 1,0000, Drift: 1,000, Error reduction coefficient: 0,000, Error: 0,0000 s
abr 04, 2013 12:33:09 PM org.ros.time.RemoteUptimeClock update
INFO: Latency: 7,0000 s, Delta ratio: 1,0000, Drift: 1,000, Error reduction coefficient: 0,000, Error: 0,0000 s
abr 04, 2013 12:33:09 PM org.ros.time.RemoteUptimeClock update
INFO: Latency: 7,0000 s, Delta ratio: 1,0000, Drift: 1,000, Error reduction coefficient: 0,000, Error: 0,0000 s
abr 04, 2013 12:33:09 PM org.ros.time.RemoteUptimeClock update
INFO: Latency: 7,0000 s, Delta ratio: 1,0000, Drift: 1,000, Error reduction coefficient: 0,000, Error: 0,0000 s
abr 04, 2013 12:33:09 PM org.ros.time.RemoteUptimeClock update
INFO: Latency: 7,0000 s, Delta ratio: 1,0000, Drift: 1,000, Error reduction coefficient: 0,000, Error: 0,0000 s
abr 04, 2013 12:33:09 PM org.ros.time.RemoteUptimeClock update
INFO: Latency: 7,0000 s, Delta ratio: 1,0000, Drift: 1,000, Error reduction coefficient: 0,000, Error: 0,0000 s
abr 04, 2013 12:33:09 PM org.ros.time.RemoteUptimeClock update
INFO: Latency: 7,0000 s, Delta ratio: 1,0000, Drift: 1,000, Error reduction coefficient: 0,000, Error: 0,0000 s
abr 04, 2013 12:33:09 PM org.ros.time.RemoteUptimeClock update
INFO: Latency: 7,0000 s, Delta ratio: 1,0000, Drift: 1,000, Error reduction coefficient: 0,000, Error: 0,0000 s
abr 04, 2013 12:33:09 PM org.ros.time.RemoteUptimeClock update
INFO: Latency: 7,0000 s, Delta ratio: 1,0000, Drift: 1,000, Error reduction coefficient: 0,000, Error: 0,0000 s
abr 04, 2013 12:33:09 PM org.ros.time.RemoteUptimeClock update
INFO: Latency: 7,0000 s, Delta ratio: 1,0000, Drift: 1,000, Error reduction coefficient: 0,000, Error: 0,0000 s
abr 04, 2013 12:33:09 PM org.ros.time.RemoteUptimeClock update
INFO: Latency: 7,0000 s, Delta ratio: 1,0000, Drift: 1,000, Error reduction coefficient: 0,000, Error: 0,0000 s
abr 04, 2013 12:33:09 PM org.ros.time.RemoteUptimeClock update
INFO: Latency: 7,0000 s, Delta ratio: 1,0000, Drift: 1,000, Error reduction coefficient: 0,000, Error: 0,0000 s
abr 04, 2013 12:33:09 PM org.ros.time.RemoteUptimeClock update
INFO: Latency: 7,0000 s, Delta ratio: 1,0000, Drift: 1,000, Error reduction coefficient: 0,000, Error: 0,0000 s
abr 04, 2013 12:33:09 PM org.ros.time.RemoteUptimeClock update
INFO: Latency: 7,0000 s, Delta ratio: 1,0000, Drift: 1,000, Error reduction coefficient: 0,000, Error: 0,0000 s
abr 04, 2013 12:33:09 PM org.ros.time.RemoteUptimeClock update
INFO: Latency: 7,0000 s, Delta ratio: 1,0000, Drift: 1,000, Error reduction coefficient: 0,000, Error: 0,0000 s
abr 04, 2013 12:33:09 PM org.ros.time.RemoteUptimeClock update
INFO: Latency: 7,0000 s, Delta ratio: 1,0000, Drift: 1,000, Error reduction coefficient: 0,000, Error: 0,0000 s
abr 04, 2013 12:33:09 PM org.ros.time.RemoteUptimeClock update
INFO: Latency: 7,0000 s, Delta ratio: 1,0000, Drift: 1,000, Error reduction coefficient: 0,000, Error: 0,0000 s
abr 04, 2013 12:33:09 PM org.ros.time.RemoteUptimeClock update
INFO: Latency: 7,0000 s, Delta ratio: 1,0000, Drift: 1,000, Error reduction coefficient: 0,000, Error: 0,0000 s
abr 04, 2013 12:33:09 PM org.ros.time.RemoteUptimeClock update
INFO: Latency: 7,0000 s, Delta ratio: 1,0000, Drift: 1,000, Error reduction coefficient: 0,000, Error: 0,0000 s
abr 04, 2013 12:33:09 PM org.ros.time.RemoteUptimeClock update
INFO: Latency: 7,0000 s, Delta ratio: 1,0000, Drift: 1,000, Error reduction coefficient: 0,000, Error: 0,0000 s
abr 04, 2013 12:33:09 PM org.ros.time.RemoteUptimeClock update
INFO: Latency: 7,0000 s, Delta ratio: 1,0000, Drift: 1,000, Error reduction coefficient: 0,000, Error: 0,0000 s
abr 04, 2013 12:33:09 PM org.ros.time.RemoteUptimeClock update
INFO: Latency: 7,0000 s, Delta ratio: 1,0000, Drift: 1,000, Error reduction coefficient: 0,000, Error: 0,0000 s
abr 04, 2013 12:33:09 PM org.ros.time.RemoteUptimeClock update
INFO: Latency: 7,0000 s, Delta ratio: 1,0000, Drift: 1,000, Error reduction coefficient: 0,000, Error: 0,0000 s
abr 04, 2013 12:33:09 PM org.ros.time.RemoteUptimeClock update
INFO: Latency: 7,0000 s, Delta ratio: 1,0000, Drift: 1,000, Error reduction coefficient: 0,000, Error: 0,0000 s
abr 04, 2013 12:33:09 PM org.ros.time.RemoteUptimeClock update
INFO: Latency: 7,0000 s, Delta ratio: 1,0000, Drift: 1,000, Error reduction coefficient: 0,000, Error: 0,0000 s
abr 04, 2013 12:33:09 PM org.ros.time.RemoteUptimeClock update
INFO: Latency: 7,0000 s, Delta ratio: 1,0000, Drift: 1,000, Error reduction coefficient: 0,000, Error: 0,0000 s
abr 04, 2013 12:33:09 PM org.ros.time.RemoteUptimeClock update
INFO: Latency: 7,0000 s, Delta ratio: 1,0000, Drift: 1,000, Error reduction coefficient: 0,000, Error: 0,0000 s
abr 04, 2013 12:33:09 PM org.ros.time.RemoteUptimeClock update
INFO: Latency: 7,0000 s, Delta ratio: 1,0000, Drift: 1,000, Error reduction coefficient: 0,000, Error: 0,0000 s
abr 04, 2013 12:33:09 PM org.ros.time.RemoteUptimeClock update
INFO: Latency: 7,0000 s, Delta ratio: 1,0000, Drift: 1,000, Error reduction coefficient: 0,000, Error: 0,0000 s
abr 04, 2013 12:33:09 PM org.ros.time.RemoteUptimeClock update
INFO: Latency: 7,0000 s, Delta ratio: 1,0000, Drift: 1,000, Error reduction coefficient: 0,000, Error: 0,0000 s
abr 04, 2013 12:33:09 PM org.ros.time.RemoteUptimeClock update
INFO: Latency: 7,0000 s, Delta ratio: 1,0000, Drift: 1,000, Error reduction coefficient: 0,000, Error: 0,0000 s
abr 04, 2013 12:33:09 PM org.ros.time.RemoteUptimeClock update
INFO: Latency: 7,0000 s, Delta ratio: 1,0000, Drift: 1,000, Error reduction coefficient: 0,000, Error: 0,0000 s
abr 04, 2013 12:33:09 PM org.ros.time.RemoteUptimeClock update
INFO: Latency: 7,0000 s, Delta ratio: 1,0000, Drift: 1,000, Error reduction coefficient: 0,000, Error: 0,0000 s
abr 04, 2013 12:33:09 PM org.ros.time.RemoteUptimeClock update
INFO: Latency: 7,0000 s, Delta ratio: 1,0000, Drift: 1,000, Error reduction coefficient: 0,000, Error: 0,0000 s
abr 04, 2013 12:33:09 PM org.ros.time.RemoteUptimeClock update
INFO: Latency: 7,0000 s, Delta ratio: 1,0000, Drift: 1,000, Error reduction coefficient: 0,000, Error: 0,0000 s
abr 04, 2013 12:33:09 PM org.ros.time.RemoteUptimeClock update
INFO: Latency: 7,0000 s, Delta ratio: 1,0000, Drift: 1,000, Error reduction coefficient: 0,000, Error: 0,0000 s
abr 04, 2013 12:33:09 PM org.ros.time.RemoteUptimeClock update
INFO: Latency: 7,0000 s, Delta ratio: 1,0000, Drift: 1,000, Error reduction coefficient: 0,000, Error: 0,0000 s
abr 04, 2013 12:33:09 PM org.ros.time.RemoteUptimeClock update
INFO: Latency: 7,0000 s, Delta ratio: 1,0000, Drift: 1,000, Error reduction coefficient: 0,000, Error: 0,0000 s
abr 04, 2013 12:33:09 PM org.ros.time.RemoteUptimeClock update
INFO: Latency: 7,0000 s, Delta ratio: 1,0000, Drift: 1,000, Error reduction coefficient: 0,000, Error: 0,0000 s
abr 04, 2013 12:33:09 PM org.ros.time.RemoteUptimeClock update
INFO: Latency: 7,0000 s, Delta ratio: 1,0000, Drift: 1,000, Error reduction coefficient: 0,000, Error: 0,0000 s
abr 04, 2013 12:33:09 PM org.ros.time.RemoteUptimeClock update
INFO: Latency: 7,0000 s, Delta ratio: 1,0000, Drift: 1,000, Error reduction coefficient: 0,000, Error: 0,0000 s
abr 04, 2013 12:33:09 PM org.ros.time.RemoteUptimeClock update
INFO: Latency: 7,0000 s, Delta ratio: 1,0000, Drift: 1,000, Error reduction coefficient: 0,000, Error: 0,0000 s
abr 04, 2013 12:33:09 PM org.ros.time.RemoteUptimeClock update
INFO: Latency: 7,0000 s, Delta ratio: 1,0000, Drift: 1,000, Error reduction coefficient: 0,000, Error: 0,0000 s
abr 04, 2013 12:33:09 PM org.ros.time.RemoteUptimeClock update
INFO: Latency: 7,0000 s, Delta ratio: 1,0000, Drift: 1,000, Error reduction coefficient: 0,000, Error: 0,0000 s
abr 04, 2013 12:33:09 PM org.ros.time.RemoteUptimeClock update
INFO: Latency: 7,0000 s, Delta ratio: 1,0000, Drift: 1,000, Error reduction coefficient: 0,000, Error: 0,0000 s
abr 04, 2013 12:33:09 PM org.ros.time.RemoteUptimeClock update
INFO: Latency: 7,0000 s, Delta ratio: 1,0000, Drift: 1,000, Error reduction coefficient: 0,000, Error: 0,0000 s
abr 04, 2013 12:33:09 PM org.ros.time.RemoteUptimeClock update
INFO: Latency: 7,0000 s, Delta ratio: 1,0000, Drift: 1,000, Error reduction coefficient: 0,000, Error: 0,0000 s
abr 04, 2013 12:33:09 PM org.ros.time.RemoteUptimeClock update
INFO: Latency: 7,0000 s, Delta ratio: 1,0000, Drift: 1,000, Error reduction coefficient: 0,000, Error: 0,0000 s
abr 04, 2013 12:33:09 PM org.ros.time.RemoteUptimeClock update
INFO: Latency: 7,0000 s, Delta ratio: 1,0000, Drift: 1,000, Error reduction coefficient: 0,000, Error: 0,0000 s
abr 04, 2013 12:33:09 PM org.ros.time.RemoteUptimeClock update
INFO: Latency: 7,0000 s, Delta ratio: 1,0000, Drift: 1,000, Error reduction coefficient: 0,000, Error: 0,0000 s
abr 04, 2013 12:33:09 PM org.ros.time.RemoteUptimeClock update
INFO: Latency: 7,0000 s, Delta ratio: 1,0000, Drift: 1,000, Error reduction coefficient: 0,000, Error: 0,0000 s
abr 04, 2013 12:33:09 PM org.ros.time.RemoteUptimeClock update
INFO: Latency: 7,0000 s, Delta ratio: 1,0000, Drift: 1,000, Error reduction coefficient: 0,000, Error: 0,0000 s
abr 04, 2013 12:33:09 PM org.ros.time.RemoteUptimeClock update
INFO: Latency: 7,0000 s, Delta ratio: 1,0000, Drift: 1,000, Error reduction coefficient: 0,000, Error: 0,0000 s
abr 04, 2013 12:33:09 PM org.ros.time.RemoteUptimeClock update
INFO: Latency: 7,0000 s, Delta ratio: 1,0000, Drift: 1,000, Error reduction coefficient: 0,000, Error: 0,0000 s
abr 04, 2013 12:33:09 PM org.ros.time.RemoteUptimeClock update
INFO: Latency: 7,0000 s, Delta ratio: 1,0000, Drift: 1,000, Error reduction coefficient: 0,000, Error: 0,0000 s
abr 04, 2013 12:33:09 PM org.ros.time.RemoteUptimeClock update
INFO: Latency: 7,0000 s, Delta ratio: 1,0000, Drift: 1,000, Error reduction coefficient: 0,000, Error: 0,0000 s
abr 04, 2013 12:33:09 PM org.ros.time.RemoteUptimeClock update
INFO: Latency: 7,0000 s, Delta ratio: 1,0000, Drift: 1,000, Error reduction coefficient: 0,000, Error: 0,0000 s
abr 04, 2013 12:33:09 PM org.ros.time.RemoteUptimeClock update
INFO: Latency: 7,0000 s, Delta ratio: 1,0000, Drift: 1,000, Error reduction coefficient: 0,000, Error: 0,0000 s
abr 04, 2013 12:33:09 PM org.ros.time.RemoteUptimeClock update
INFO: Latency: 7,0000 s, Delta ratio: 1,0000, Drift: 1,000, Error reduction coefficient: 0,000, Error: 0,0000 s
abr 04, 2013 12:33:09 PM org.ros.time.RemoteUptimeClock update
INFO: Latency: 7,0000 s, Delta ratio: 1,0000, Drift: 1,000, Error reduction coefficient: 0,000, Error: 0,0000 s
abr 04, 2013 12:33:09 PM org.ros.time.RemoteUptimeClock update
INFO: Latency: 7,0000 s, Delta ratio: 1,0000, Drift: 1,000, Error reduction coefficient: 0,000, Error: 0,0000 s
abr 04, 2013 12:33:09 PM org.ros.time.RemoteUptimeClock update
INFO: Latency: 7,0000 s, Delta ratio: 1,0000, Drift: 1,000, Error reduction coefficient: 0,000, Error: 0,0000 s
abr 04, 2013 12:33:09 PM org.ros.time.RemoteUptimeClock update
INFO: Latency: 7,0000 s, Delta ratio: 1,0000, Drift: 1,000, Error reduction coefficient: 0,000, Error: 0,0000 s
abr 04, 2013 12:33:09 PM org.ros.time.RemoteUptimeClock update
INFO: Latency: 7,0000 s, Delta ratio: 1,0000, Drift: 1,000, Error reduction coefficient: 0,000, Error: 0,0000 s
abr 04, 2013 12:33:09 PM org.ros.time.RemoteUptimeClock update
INFO: Latency: 7,0000 s, Delta ratio: 1,0000, Drift: 1,000, Error reduction coefficient: 0,000, Error: 0,0000 s
abr 04, 2013 12:33:09 PM org.ros.time.RemoteUptimeClock update
INFO: Latency: 7,0000 s, Delta ratio: 1,0000, Drift: 1,000, Error reduction coefficient: 0,000, Error: 0,0000 s
abr 04, 2013 12:33:09 PM org.ros.time.RemoteUptimeClock update
INFO: Latency: 7,0000 s, Delta ratio: 1,0000, Drift: 1,000, Error reduction coefficient: 0,000, Error: 0,0000 s
abr 04, 2013 12:33:09 PM org.ros.time.RemoteUptimeClock update
INFO: Latency: 7,0000 s, Delta ratio: 1,0000, Drift: 1,000, Error reduction coefficient: 0,000, Error: 0,0000 s
abr 04, 2013 12:33:09 PM org.ros.time.RemoteUptimeClock update
INFO: Latency: 7,0000 s, Delta ratio: 1,0000, Drift: 1,000, Error reduction coefficient: 0,000, Error: 0,0000 s
abr 04, 2013 12:33:09 PM org.ros.time.RemoteUptimeClock update
INFO: Latency: 7,0000 s, Delta ratio: 1,0000, Drift: 1,000, Error reduction coefficient: 0,000, Error: 0,0000 s
abr 04, 2013 12:33:09 PM org.ros.time.RemoteUptimeClock update
INFO: Latency: 7,0000 s, Delta ratio: 1,0000, Drift: 1,000, Error reduction coefficient: 0,000, Error: 0,0000 s
abr 04, 2013 12:33:09 PM org.ros.time.RemoteUptimeClock update
INFO: Latency: 7,0000 s, Delta ratio: 1,0000, Drift: 1,000, Error reduction coefficient: 0,000, Error: 0,0000 s
abr 04, 2013 12:33:09 PM org.ros.time.RemoteUptimeClock update
INFO: Latency: 7,0000 s, Delta ratio: 1,0000, Drift: 1,000, Error reduction coefficient: 0,000, Error: 0,0000 s
abr 04, 2013 12:33:09 PM org.ros.time.RemoteUptimeClock update
INFO: Latency: 7,0000 s, Delta ratio: 1,0000, Drift: 1,000, Error reduction coefficient: 0,000, Error: 0,0000 s
abr 04, 2013 12:33:09 PM org.ros.time.RemoteUptimeClock update
INFO: Latency: 7,0000 s, Delta ratio: 1,0000, Drift: 1,000, Error reduction coefficient: 0,000, Error: 0,0000 s
abr 04, 2013 12:33:09 PM org.ros.time.RemoteUptimeClock update
INFO: Latency: 7,0000 s, Delta ratio: 1,0000, Drift: 1,000, Error reduction coefficient: 0,000, Error: 0,0000 s
abr 04, 2013 12:33:09 PM org.ros.time.RemoteUptimeClock update
INFO: Latency: 7,0000 s, Delta ratio: 1,0000, Drift: 1,000, Error reduction coefficient: 0,000, Error: 0,0000 s
abr 04, 2013 12:33:09 PM org.ros.time.RemoteUptimeClock update
INFO: Latency: 7,0000 s, Delta ratio: 1,0000, Drift: 1,000, Error reduction coefficient: 0,000, Error: 0,0000 s
abr 04, 2013 12:33:09 PM org.ros.time.RemoteUptimeClock update
INFO: Latency: 7,0000 s, Delta ratio: 1,0000, Drift: 1,000, Error reduction coefficient: 0,000, Error: 0,0000 s
abr 04, 2013 12:33:09 PM org.ros.time.RemoteUptimeClock update
INFO: Latency: 7,0000 s, Delta ratio: 1,0000, Drift: 1,000, Error reduction coefficient: 0,000, Error: 0,0000 s
abr 04, 2013 12:33:09 PM org.ros.time.RemoteUptimeClock update
INFO: Latency: 7,0000 s, Delta ratio: 1,0000, Drift: 1,000, Error reduction coefficient: 0,000, Error: 0,0000 s
abr 04, 2013 12:33:09 PM org.ros.time.RemoteUptimeClock update
INFO: Latency: 7,0000 s, Delta ratio: 1,0000, Drift: 1,000, Error reduction coefficient: 0,000, Error: 0,0000 s
abr 04, 2013 12:33:09 PM org.ros.time.RemoteUptimeClock update
INFO: Latency: 7,0000 s, Delta ratio: 1,0000, Drift: 1,000, Error reduction coefficient: 0,000, Error: 0,0000 s
abr 04, 2013 12:33:09 PM org.ros.time.RemoteUptimeClock update
INFO: Latency: 7,0000 s, Delta ratio: 1,0000, Drift: 1,000, Error reduction coefficient: 0,000, Error: 0,0000 s
abr 04, 2013 12:33:09 PM org.ros.time.RemoteUptimeClock update
INFO: Latency: 7,0000 s, Delta ratio: 1,0000, Drift: 1,000, Error reduction coefficient: 0,000, Error: 0,0000 s
abr 04, 2013 12:33:09 PM org.ros.time.RemoteUptimeClock update
INFO: Latency: 7,0000 s, Delta ratio: 1,0000, Drift: 1,000, Error reduction coefficient: 0,000, Error: 0,0000 s
abr 04, 2013 12:33:09 PM org.ros.time.RemoteUptimeClock update
INFO: Latency: 7,0000 s, Delta ratio: 1,0000, Drift: 1,000, Error reduction coefficient: 0,000, Error: 0,0000 s
abr 04, 2013 12:33:09 PM org.ros.time.RemoteUptimeClock update
INFO: Latency: 7,0000 s, Delta ratio: 1,0000, Drift: 1,000, Error reduction coefficient: 0,000, Error: 0,0000 s
abr 04, 2013 12:33:09 PM org.ros.time.RemoteUptimeClock update
INFO: Latency: 7,0000 s, Delta ratio: 1,0000, Drift: 1,000, Error reduction coefficient: 0,000, Error: 0,0000 s
abr 04, 2013 12:33:09 PM org.ros.time.RemoteUptimeClock update
INFO: Latency: 7,0000 s, Delta ratio: 1,0000, Drift: 1,000, Error reduction coefficient: 0,000, Error: 0,0000 s
abr 04, 2013 12:33:09 PM org.ros.time.RemoteUptimeClock update
INFO: Latency: 7,0000 s, Delta ratio: 1,0000, Drift: 1,000, Error reduction coefficient: 0,000, Error: 0,0000 s
abr 04, 2013 12:33:09 PM org.ros.time.RemoteUptimeClock update
INFO: Latency: 7,0000 s, Delta ratio: 1,0000, Drift: 1,000, Error reduction coefficient: 0,000, Error: 0,0000 s
abr 04, 2013 12:33:09 PM org.ros.time.RemoteUptimeClock update
INFO: Latency: 7,0000 s, Delta ratio: 1,0000, Drift: 1,000, Error reduction coefficient: 0,000, Error: 0,0000 s
abr 04, 2013 12:33:09 PM org.ros.time.RemoteUptimeClock update
INFO: Latency: 7,0000 s, Delta ratio: 1,0000, Drift: 1,000, Error reduction coefficient: 0,000, Error: 0,0000 s
abr 04, 2013 12:33:09 PM org.ros.time.RemoteUptimeClock update
INFO: Latency: 7,0000 s, Delta ratio: 1,0000, Drift: 1,000, Error reduction coefficient: 0,000, Error: 0,0000 s
abr 04, 2013 12:33:09 PM org.ros.time.RemoteUptimeClock update
INFO: Latency: 7,0000 s, Delta ratio: 1,0000, Drift: 1,000, Error reduction coefficient: 0,000, Error: 0,0000 s
abr 04, 2013 12:33:09 PM org.ros.time.RemoteUptimeClock update
INFO: Latency: 7,0000 s, Delta ratio: 1,0000, Drift: 1,000, Error reduction coefficient: 0,000, Error: 0,0000 s
abr 04, 2013 12:33:09 PM org.ros.time.RemoteUptimeClock update
INFO: Latency: 7,0000 s, Delta ratio: 1,0000, Drift: 1,000, Error reduction coefficient: 0,000, Error: 0,0000 s
abr 04, 2013 12:33:09 PM org.ros.time.RemoteUptimeClock update
INFO: Latency: 7,0000 s, Delta ratio: 1,0000, Drift: 1,000, Error reduction coefficient: 0,000, Error: 0,0000 s
abr 04, 2013 12:33:09 PM org.ros.time.RemoteUptimeClock update
INFO: Latency: 7,0000 s, Delta ratio: 1,0000, Drift: 1,000, Error reduction coefficient: 0,000, Error: 0,0000 s
abr 04, 2013 12:33:09 PM org.ros.time.RemoteUptimeClock update
INFO: Latency: 7,0000 s, Delta ratio: 1,0000, Drift: 1,000, Error reduction coefficient: 0,000, Error: 0,0000 s
abr 04, 2013 12:33:09 PM org.ros.time.RemoteUptimeClock update
INFO: Latency: 7,0000 s, Delta ratio: 1,0000, Drift: 1,000, Error reduction coefficient: 0,000, Error: 0,0000 s
abr 04, 2013 12:33:09 PM org.ros.time.RemoteUptimeClock update
INFO: Latency: 7,0000 s, Delta ratio: 1,0000, Drift: 1,000, Error reduction coefficient: 0,000, Error: 0,0000 s
abr 04, 2013 12:33:09 PM org.ros.time.RemoteUptimeClock update
INFO: Latency: 7,0000 s, Delta ratio: 1,0000, Drift: 1,000, Error reduction coefficient: 0,000, Error: 0,0000 s
abr 04, 2013 12:33:09 PM org.ros.time.RemoteUptimeClock update
INFO: Latency: 7,0000 s, Delta ratio: 1,0000, Drift: 1,000, Error reduction coefficient: 0,000, Error: 0,0000 s
abr 04, 2013 12:33:09 PM org.ros.time.RemoteUptimeClock update
INFO: Latency: 7,0000 s, Delta ratio: 1,0000, Drift: 1,000, Error reduction coefficient: 0,000, Error: 0,0000 s
abr 04, 2013 12:33:09 PM org.ros.time.RemoteUptimeClock update
INFO: Latency: 7,0000 s, Delta ratio: 1,0000, Drift: 1,000, Error reduction coefficient: 0,000, Error: 0,0000 s
abr 04, 2013 12:33:09 PM org.ros.time.RemoteUptimeClock update
INFO: Latency: 7,0000 s, Delta ratio: 1,0000, Drift: 1,000, Error reduction coefficient: 0,000, Error: 0,0000 s
abr 04, 2013 12:33:09 PM org.ros.time.RemoteUptimeClock update
INFO: Latency: 7,0000 s, Delta ratio: 1,0000, Drift: 1,000, Error reduction coefficient: 0,000, Error: 0,0000 s
abr 04, 2013 12:33:09 PM org.ros.time.RemoteUptimeClock update
INFO: Latency: 7,0000 s, Delta ratio: 1,0000, Drift: 1,000, Error reduction coefficient: 0,000, Error: 0,0000 s
abr 04, 2013 12:33:09 PM org.ros.time.RemoteUptimeClock update
INFO: Latency: 7,0000 s, Delta ratio: 1,0000, Drift: 1,000, Error reduction coefficient: 0,000, Error: 0,0000 s
abr 04, 2013 12:33:09 PM org.ros.time.RemoteUptimeClock update
INFO: Latency: 7,0000 s, Delta ratio: 1,0000, Drift: 1,000, Error reduction coefficient: 0,000, Error: 0,0000 s
abr 04, 2013 12:33:09 PM org.ros.time.RemoteUptimeClock update
INFO: Latency: 7,0000 s, Delta ratio: 1,0000, Drift: 1,000, Error reduction coefficient: 0,000, Error: 0,0000 s
abr 04, 2013 12:33:09 PM org.ros.time.RemoteUptimeClock update
INFO: Latency: 7,0000 s, Delta ratio: 1,0000, Drift: 1,000, Error reduction coefficient: 0,000, Error: 0,0000 s
abr 04, 2013 12:33:09 PM org.ros.time.RemoteUptimeClock update
INFO: Latency: 7,0000 s, Delta ratio: 1,0000, Drift: 1,000, Error reduction coefficient: 0,000, Error: 0,0000 s
abr 04, 2013 12:33:09 PM org.ros.time.RemoteUptimeClock update
INFO: Latency: 7,0000 s, Delta ratio: 1,0000, Drift: 1,000, Error reduction coefficient: 0,000, Error: 0,0000 s
abr 04, 2013 12:33:09 PM org.ros.time.RemoteUptimeClock update
INFO: Latency: 7,0000 s, Delta ratio: 1,0000, Drift: 1,000, Error reduction coefficient: 0,000, Error: 0,0000 s
abr 04, 2013 12:33:09 PM org.ros.time.RemoteUptimeClock update
INFO: Latency: 7,0000 s, Delta ratio: 1,0000, Drift: 1,000, Error reduction coefficient: 0,000, Error: 0,0000 s
abr 04, 2013 12:33:09 PM org.ros.time.RemoteUptimeClock update
INFO: Latency: 7,0000 s, Delta ratio: 1,0000, Drift: 1,000, Error reduction coefficient: 0,000, Error: 0,0000 s
abr 04, 2013 12:33:09 PM org.ros.time.RemoteUptimeClock update
INFO: Latency: 7,0000 s, Delta ratio: 1,0000, Drift: 1,000, Error reduction coefficient: 0,000, Error: 0,0000 s
abr 04, 2013 12:33:09 PM org.ros.time.RemoteUptimeClock update
INFO: Latency: 7,0000 s, Delta ratio: 1,0000, Drift: 1,000, Error reduction coefficient: 0,000, Error: 0,0000 s
abr 04, 2013 12:33:09 PM org.ros.time.RemoteUptimeClock update
INFO: Latency: 7,0000 s, Delta ratio: 1,0000, Drift: 1,000, Error reduction coefficient: 0,000, Error: 0,0000 s
abr 04, 2013 12:33:09 PM org.ros.time.RemoteUptimeClock update
INFO: Latency: 7,0000 s, Delta ratio: 1,0000, Drift: 1,000, Error reduction coefficient: 0,000, Error: 0,0000 s
abr 04, 2013 12:33:09 PM org.ros.time.RemoteUptimeClock update
INFO: Latency: 7,0000 s, Delta ratio: 1,0000, Drift: 1,000, Error reduction coefficient: 0,000, Error: 0,0000 s
abr 04, 2013 12:33:09 PM org.ros.time.RemoteUptimeClock update
INFO: Latency: 7,0000 s, Delta ratio: 1,0000, Drift: 1,000, Error reduction coefficient: 0,000, Error: 0,0000 s
abr 04, 2013 12:33:09 PM org.ros.time.RemoteUptimeClock update
INFO: Latency: 7,0000 s, Delta ratio: 1,0000, Drift: 1,000, Error reduction coefficient: 0,000, Error: 0,0000 s
abr 04, 2013 12:33:09 PM org.ros.time.RemoteUptimeClock update
INFO: Latency: 7,0000 s, Delta ratio: 1,0000, Drift: 1,000, Error reduction coefficient: 0,000, Error: 0,0000 s
abr 04, 2013 12:33:09 PM org.ros.time.RemoteUptimeClock update
INFO: Latency: 7,0000 s, Delta ratio: 1,0000, Drift: 1,000, Error reduction coefficient: 0,000, Error: 0,0000 s
abr 04, 2013 12:33:09 PM org.ros.time.RemoteUptimeClock update
INFO: Latency: 7,0000 s, Delta ratio: 1,0000, Drift: 1,000, Error reduction coefficient: 0,000, Error: 0,0000 s
abr 04, 2013 12:33:09 PM org.ros.time.RemoteUptimeClock update
INFO: Latency: 7,0000 s, Delta ratio: 1,0000, Drift: 1,000, Error reduction coefficient: 0,000, Error: 0,0000 s
abr 04, 2013 12:33:09 PM org.ros.time.RemoteUptimeClock update
INFO: Latency: 7,0000 s, Delta ratio: 1,0000, Drift: 1,000, Error reduction coefficient: 0,000, Error: 0,0000 s
abr 04, 2013 12:33:09 PM org.ros.time.RemoteUptimeClock update
INFO: Latency: 7,0000 s, Delta ratio: 1,0000, Drift: 1,000, Error reduction coefficient: 0,000, Error: 0,0000 s
abr 04, 2013 12:33:09 PM org.ros.time.RemoteUptimeClock update
INFO: Latency: 7,0000 s, Delta ratio: 1,0000, Drift: 1,000, Error reduction coefficient: 0,000, Error: 0,0000 s
abr 04, 2013 12:33:09 PM org.ros.time.RemoteUptimeClock update
INFO: Latency: 7,0000 s, Delta ratio: 1,0000, Drift: 1,000, Error reduction coefficient: 0,000, Error: 0,0000 s
abr 04, 2013 12:33:09 PM org.ros.time.RemoteUptimeClock update
INFO: Latency: 7,0000 s, Delta ratio: 1,0000, Drift: 1,000, Error reduction coefficient: 0,000, Error: 0,0000 s
abr 04, 2013 12:33:09 PM org.ros.time.RemoteUptimeClock update
INFO: Latency: 7,0000 s, Delta ratio: 1,0000, Drift: 1,000, Error reduction coefficient: 0,000, Error: 0,0000 s
abr 04, 2013 12:33:09 PM org.ros.time.RemoteUptimeClock update
INFO: Latency: 7,0000 s, Delta ratio: 1,0000, Drift: 1,000, Error reduction coefficient: 0,000, Error: 0,0000 s
abr 04, 2013 12:33:09 PM org.ros.time.RemoteUptimeClock update
INFO: Latency: 7,0000 s, Delta ratio: 1,0000, Drift: 1,000, Error reduction coefficient: 0,000, Error: 0,0000 s
abr 04, 2013 12:33:09 PM org.ros.time.RemoteUptimeClock update
INFO: Latency: 7,0000 s, Delta ratio: 1,0000, Drift: 1,000, Error reduction coefficient: 0,000, Error: 0,0000 s
abr 04, 2013 12:33:09 PM org.ros.time.RemoteUptimeClock update
INFO: Latency: 7,0000 s, Delta ratio: 1,0000, Drift: 1,000, Error reduction coefficient: 0,000, Error: 0,0000 s
abr 04, 2013 12:33:09 PM org.ros.time.RemoteUptimeClock update
INFO: Latency: 7,0000 s, Delta ratio: 1,0000, Drift: 1,000, Error reduction coefficient: 0,000, Error: 0,0000 s
abr 04, 2013 12:33:09 PM org.ros.time.RemoteUptimeClock update
INFO: Latency: 7,0000 s, Delta ratio: 1,0000, Drift: 1,000, Error reduction coefficient: 0,000, Error: 0,0000 s
abr 04, 2013 12:33:09 PM org.ros.time.RemoteUptimeClock update
INFO: Latency: 7,0000 s, Delta ratio: 1,0000, Drift: 1,000, Error reduction coefficient: 0,000, Error: 0,0000 s
abr 04, 2013 12:33:09 PM org.ros.time.RemoteUptimeClock update
INFO: Latency: 7,0000 s, Delta ratio: 1,0000, Drift: 1,000, Error reduction coefficient: 0,000, Error: 0,0000 s
abr 04, 2013 12:33:09 PM org.ros.time.RemoteUptimeClock update
INFO: Latency: 7,0000 s, Delta ratio: 1,0000, Drift: 1,000, Error reduction coefficient: 0,000, Error: 0,0000 s
abr 04, 2013 12:33:09 PM org.ros.time.RemoteUptimeClock update
INFO: Latency: 7,0000 s, Delta ratio: 1,0000, Drift: 1,000, Error reduction coefficient: 0,000, Error: 0,0000 s
abr 04, 2013 12:33:09 PM org.ros.time.RemoteUptimeClock update
INFO: Latency: 7,0000 s, Delta ratio: 1,0000, Drift: 1,000, Error reduction coefficient: 0,000, Error: 0,0000 s
abr 04, 2013 12:33:09 PM org.ros.time.RemoteUptimeClock update
INFO: Latency: 7,0000 s, Delta ratio: 1,0000, Drift: 1,000, Error reduction coefficient: 0,000, Error: 0,0000 s
abr 04, 2013 12:33:09 PM org.ros.time.RemoteUptimeClock update
INFO: Latency: 7,0000 s, Delta ratio: 1,0000, Drift: 1,000, Error reduction coefficient: 0,000, Error: 0,0000 s
abr 04, 2013 12:33:09 PM org.ros.time.RemoteUptimeClock update
INFO: Latency: 7,0000 s, Delta ratio: 1,0000, Drift: 1,000, Error reduction coefficient: 0,000, Error: 0,0000 s
abr 04, 2013 12:33:09 PM org.ros.time.RemoteUptimeClock update
INFO: Latency: 7,0000 s, Delta ratio: 1,0000, Drift: 1,000, Error reduction coefficient: 0,000, Error: 0,0000 s
abr 04, 2013 12:33:09 PM org.ros.time.RemoteUptimeClock update
INFO: Latency: 7,0000 s, Delta ratio: 1,0000, Drift: 1,000, Error reduction coefficient: 0,000, Error: 0,0000 s
abr 04, 2013 12:33:09 PM org.ros.time.RemoteUptimeClock update
INFO: Latency: 7,0000 s, Delta ratio: 1,0000, Drift: 1,000, Error reduction coefficient: 0,000, Error: 0,0000 s
abr 04, 2013 12:33:09 PM org.ros.time.RemoteUptimeClock update
INFO: Latency: 7,0000 s, Delta ratio: 1,0000, Drift: 1,000, Error reduction coefficient: 0,000, Error: 0,0000 s
abr 04, 2013 12:33:09 PM org.ros.time.RemoteUptimeClock update
INFO: Latency: 7,0000 s, Delta ratio: 1,0000, Drift: 1,000, Error reduction coefficient: 0,000, Error: 0,0000 s
abr 04, 2013 12:33:09 PM org.ros.time.RemoteUptimeClock update
INFO: Latency: 7,0000 s, Delta ratio: 1,0000, Drift: 1,000, Error reduction coefficient: 0,000, Error: 0,0000 s
abr 04, 2013 12:33:09 PM org.ros.time.RemoteUptimeClock update
INFO: Latency: 7,0000 s, Delta ratio: 1,0000, Drift: 1,000, Error reduction coefficient: 0,000, Error: 0,0000 s
abr 04, 2013 12:33:09 PM org.ros.time.RemoteUptimeClock update
INFO: Latency: 7,0000 s, Delta ratio: 1,0000, Drift: 1,000, Error reduction coefficient: 0,000, Error: 0,0000 s
abr 04, 2013 12:33:09 PM org.ros.time.RemoteUptimeClock update
INFO: Latency: 7,0000 s, Delta ratio: 1,0000, Drift: 1,000, Error reduction coefficient: 0,000, Error: 0,0000 s
abr 04, 2013 12:33:09 PM org.ros.time.RemoteUptimeClock update
INFO: Latency: 7,0000 s, Delta ratio: 1,0000, Drift: 1,000, Error reduction coefficient: 0,000, Error: 0,0000 s
abr 04, 2013 12:33:09 PM org.ros.time.RemoteUptimeClock update
INFO: Latency: 7,0000 s, Delta ratio: 1,0000, Drift: 1,000, Error reduction coefficient: 0,000, Error: 0,0000 s
abr 04, 2013 12:33:09 PM org.ros.time.RemoteUptimeClock update
INFO: Latency: 7,0000 s, Delta ratio: 1,0000, Drift: 1,000, Error reduction coefficient: 0,000, Error: 0,0000 s
abr 04, 2013 12:33:09 PM org.ros.time.RemoteUptimeClock update
INFO: Latency: 7,0000 s, Delta ratio: 1,0000, Drift: 1,000, Error reduction coefficient: 0,000, Error: 0,0000 s
abr 04, 2013 12:33:09 PM org.ros.time.RemoteUptimeClock update
INFO: Latency: 7,0000 s, Delta ratio: 1,0000, Drift: 1,000, Error reduction coefficient: 0,000, Error: 0,0000 s
abr 04, 2013 12:33:09 PM org.ros.time.RemoteUptimeClock update
INFO: Latency: 7,0000 s, Delta ratio: 1,0000, Drift: 1,000, Error reduction coefficient: 0,000, Error: 0,0000 s
abr 04, 2013 12:33:09 PM org.ros.time.RemoteUptimeClock update
INFO: Latency: 7,0000 s, Delta ratio: 1,0000, Drift: 1,000, Error reduction coefficient: 0,000, Error: 0,0000 s
abr 04, 2013 12:33:09 PM org.ros.time.RemoteUptimeClock update
INFO: Latency: 7,0000 s, Delta ratio: 1,0000, Drift: 1,000, Error reduction coefficient: 0,000, Error: 0,0000 s
abr 04, 2013 12:33:09 PM org.ros.time.RemoteUptimeClock update
INFO: Latency: 7,0000 s, Delta ratio: 1,0000, Drift: 1,000, Error reduction coefficient: 0,000, Error: 0,0000 s
abr 04, 2013 12:33:09 PM org.ros.time.RemoteUptimeClock update
INFO: Latency: 7,0000 s, Delta ratio: 1,0000, Drift: 1,000, Error reduction coefficient: 0,000, Error: 0,0000 s
abr 04, 2013 12:33:09 PM org.ros.time.RemoteUptimeClock update
INFO: Latency: 7,0000 s, Delta ratio: 1,0000, Drift: 1,000, Error reduction coefficient: 0,000, Error: 0,0000 s
abr 04, 2013 12:33:09 PM org.ros.time.RemoteUptimeClock update
INFO: Latency: 7,0000 s, Delta ratio: 1,0000, Drift: 1,000, Error reduction coefficient: 0,000, Error: 0,0000 s
abr 04, 2013 12:33:09 PM org.ros.time.RemoteUptimeClock update
INFO: Latency: 7,0000 s, Delta ratio: 1,0000, Drift: 1,000, Error reduction coefficient: 0,000, Error: 0,0000 s
abr 04, 2013 12:33:09 PM org.ros.time.RemoteUptimeClock update
INFO: Latency: 7,0000 s, Delta ratio: 1,0000, Drift: 1,000, Error reduction coefficient: 0,000, Error: 0,0000 s
abr 04, 2013 12:33:09 PM org.ros.time.RemoteUptimeClock update
INFO: Latency: 7,0000 s, Delta ratio: 1,0000, Drift: 1,000, Error reduction coefficient: 0,000, Error: 0,0000 s
abr 04, 2013 12:33:09 PM org.ros.time.RemoteUptimeClock update
INFO: Latency: 7,0000 s, Delta ratio: 1,0000, Drift: 1,000, Error reduction coefficient: 0,000, Error: 0,0000 s
abr 04, 2013 12:33:09 PM org.ros.time.RemoteUptimeClock update
INFO: Latency: 7,0000 s, Delta ratio: 1,0000, Drift: 1,000, Error reduction coefficient: 0,000, Error: 0,0000 s
abr 04, 2013 12:33:09 PM org.ros.time.RemoteUptimeClock update
INFO: Latency: 7,0000 s, Delta ratio: 1,0000, Drift: 1,000, Error reduction coefficient: 0,000, Error: 0,0000 s
abr 04, 2013 12:33:09 PM org.ros.time.RemoteUptimeClock update
INFO: Latency: 7,0000 s, Delta ratio: 1,0000, Drift: 1,000, Error reduction coefficient: 0,000, Error: 0,0000 s
abr 04, 2013 12:33:09 PM org.ros.time.RemoteUptimeClock update
INFO: Latency: 7,0000 s, Delta ratio: 1,0000, Drift: 1,000, Error reduction coefficient: 0,000, Error: 0,0000 s
abr 04, 2013 12:33:09 PM org.ros.time.RemoteUptimeClock update
INFO: Latency: 7,0000 s, Delta ratio: 1,0000, Drift: 1,000, Error reduction coefficient: 0,000, Error: 0,0000 s
abr 04, 2013 12:33:09 PM org.ros.time.RemoteUptimeClock update
INFO: Latency: 7,0000 s, Delta ratio: 1,0000, Drift: 1,000, Error reduction coefficient: 0,000, Error: 0,0000 s
abr 04, 2013 12:33:09 PM org.ros.time.RemoteUptimeClock update
INFO: Latency: 7,0000 s, Delta ratio: 1,0000, Drift: 1,000, Error reduction coefficient: 0,000, Error: 0,0000 s
abr 04, 2013 12:33:09 PM org.ros.time.RemoteUptimeClock update
INFO: Latency: 7,0000 s, Delta ratio: 1,0000, Drift: 1,000, Error reduction coefficient: 0,000, Error: 0,0000 s
abr 04, 2013 12:33:09 PM org.ros.time.RemoteUptimeClock update
INFO: Latency: 7,0000 s, Delta ratio: 1,0000, Drift: 1,000, Error reduction coefficient: 0,000, Error: 0,0000 s
abr 04, 2013 12:33:09 PM org.ros.time.RemoteUptimeClock update
INFO: Latency: 7,0000 s, Delta ratio: 1,0000, Drift: 1,000, Error reduction coefficient: 0,000, Error: 0,0000 s
abr 04, 2013 12:33:09 PM org.ros.time.RemoteUptimeClock update
INFO: Latency: 7,0000 s, Delta ratio: 1,0000, Drift: 1,000, Error reduction coefficient: 0,000, Error: 0,0000 s
abr 04, 2013 12:33:09 PM org.ros.time.RemoteUptimeClock update
INFO: Latency: 7,0000 s, Delta ratio: 1,0000, Drift: 1,000, Error reduction coefficient: 0,000, Error: 0,0000 s
abr 04, 2013 12:33:09 PM org.ros.time.RemoteUptimeClock update
INFO: Latency: 7,0000 s, Delta ratio: 1,0000, Drift: 1,000, Error reduction coefficient: 0,000, Error: 0,0000 s
abr 04, 2013 12:33:09 PM org.ros.time.RemoteUptimeClock update
INFO: Latency: 7,0000 s, Delta ratio: 1,0000, Drift: 1,000, Error reduction coefficient: 0,000, Error: 0,0000 s
abr 04, 2013 12:33:09 PM org.ros.time.RemoteUptimeClock update
INFO: Latency: 7,0000 s, Delta ratio: 1,0000, Drift: 1,000, Error reduction coefficient: 0,000, Error: 0,0000 s
abr 04, 2013 12:33:09 PM org.ros.time.RemoteUptimeClock update
INFO: Latency: 7,0000 s, Delta ratio: 1,0000, Drift: 1,000, Error reduction coefficient: 0,000, Error: 0,0000 s
abr 04, 2013 12:33:09 PM org.ros.time.RemoteUptimeClock update
INFO: Latency: 7,0000 s, Delta ratio: 1,0000, Drift: 1,000, Error reduction coefficient: 0,000, Error: 0,0000 s
abr 04, 2013 12:33:09 PM org.ros.time.RemoteUptimeClock update
INFO: Latency: 7,0000 s, Delta ratio: 1,0000, Drift: 1,000, Error reduction coefficient: 0,000, Error: 0,0000 s
abr 04, 2013 12:33:09 PM org.ros.time.RemoteUptimeClock update
INFO: Latency: 7,0000 s, Delta ratio: 1,0000, Drift: 1,000, Error reduction coefficient: 0,000, Error: 0,0000 s
abr 04, 2013 12:33:09 PM org.ros.time.RemoteUptimeClock update
INFO: Latency: 7,0000 s, Delta ratio: 1,0000, Drift: 1,000, Error reduction coefficient: 0,000, Error: 0,0000 s
abr 04, 2013 12:33:09 PM org.ros.time.RemoteUptimeClock update
INFO: Latency: 7,0000 s, Delta ratio: 1,0000, Drift: 1,000, Error reduction coefficient: 0,000, Error: 0,0000 s
abr 04, 2013 12:33:09 PM org.ros.time.RemoteUptimeClock update
INFO: Latency: 7,0000 s, Delta ratio: 1,0000, Drift: 1,000, Error reduction coefficient: 0,000, Error: 0,0000 s
abr 04, 2013 12:33:09 PM org.ros.time.RemoteUptimeClock update
INFO: Latency: 7,0000 s, Delta ratio: 1,0000, Drift: 1,000, Error reduction coefficient: 0,000, Error: 0,0000 s
abr 04, 2013 12:33:09 PM org.ros.time.RemoteUptimeClock update
INFO: Latency: 7,0000 s, Delta ratio: 1,0000, Drift: 1,000, Error reduction coefficient: 0,000, Error: 0,0000 s
abr 04, 2013 12:33:09 PM org.ros.time.RemoteUptimeClock update
INFO: Latency: 7,0000 s, Delta ratio: 1,0000, Drift: 1,000, Error reduction coefficient: 0,000, Error: 0,0000 s
abr 04, 2013 12:33:09 PM org.ros.time.RemoteUptimeClock update
INFO: Latency: 7,0000 s, Delta ratio: 1,0000, Drift: 1,000, Error reduction coefficient: 0,000, Error: 0,0000 s
abr 04, 2013 12:33:09 PM org.ros.time.RemoteUptimeClock update
INFO: Latency: 7,0000 s, Delta ratio: 1,0000, Drift: 1,000, Error reduction coefficient: 0,000, Error: 0,0000 s
abr 04, 2013 12:33:09 PM org.ros.time.RemoteUptimeClock update
INFO: Latency: 7,0000 s, Delta ratio: 1,0000, Drift: 1,000, Error reduction coefficient: 0,000, Error: 0,0000 s
abr 04, 2013 12:33:09 PM org.ros.time.RemoteUptimeClock update
INFO: Latency: 7,0000 s, Delta ratio: 1,0000, Drift: 1,000, Error reduction coefficient: 0,000, Error: 0,0000 s
abr 04, 2013 12:33:09 PM org.ros.time.RemoteUptimeClock update
INFO: Latency: 7,0000 s, Delta ratio: 1,0000, Drift: 1,000, Error reduction coefficient: 0,000, Error: 0,0000 s
abr 04, 2013 12:33:09 PM org.ros.time.RemoteUptimeClock update
INFO: Latency: 7,0000 s, Delta ratio: 1,0000, Drift: 1,000, Error reduction coefficient: 0,000, Error: 0,0000 s
abr 04, 2013 12:33:09 PM org.ros.time.RemoteUptimeClock update
INFO: Latency: 7,0000 s, Delta ratio: 1,0000, Drift: 1,000, Error reduction coefficient: 0,000, Error: 0,0000 s
abr 04, 2013 12:33:09 PM org.ros.time.RemoteUptimeClock update
INFO: Latency: 7,0000 s, Delta ratio: 1,0000, Drift: 1,000, Error reduction coefficient: 0,000, Error: 0,0000 s
abr 04, 2013 12:33:09 PM org.ros.time.RemoteUptimeClock update
INFO: Latency: 7,0000 s, Delta ratio: 1,0000, Drift: 1,000, Error reduction coefficient: 0,000, Error: 0,0000 s
abr 04, 2013 12:33:09 PM org.ros.time.RemoteUptimeClock update
INFO: Latency: 7,0000 s, Delta ratio: 1,0000, Drift: 1,000, Error reduction coefficient: 0,000, Error: 0,0000 s
abr 04, 2013 12:33:09 PM org.ros.time.RemoteUptimeClock update
INFO: Latency: 7,0000 s, Delta ratio: 1,0000, Drift: 1,000, Error reduction coefficient: 0,000, Error: 0,0000 s
abr 04, 2013 12:33:09 PM org.ros.time.RemoteUptimeClock update
INFO: Latency: 7,0000 s, Delta ratio: 1,0000, Drift: 1,000, Error reduction coefficient: 0,000, Error: 0,0000 s
abr 04, 2013 12:33:09 PM org.ros.time.RemoteUptimeClock update
INFO: Latency: 7,0000 s, Delta ratio: 1,0000, Drift: 1,000, Error reduction coefficient: 0,000, Error: 0,0000 s
abr 04, 2013 12:33:09 PM org.ros.time.RemoteUptimeClock update
INFO: Latency: 7,0000 s, Delta ratio: 1,0000, Drift: 1,000, Error reduction coefficient: 0,000, Error: 0,0000 s
abr 04, 2013 12:33:09 PM org.ros.time.RemoteUptimeClock update
INFO: Latency: 7,0000 s, Delta ratio: 1,0000, Drift: 1,000, Error reduction coefficient: 0,000, Error: 0,0000 s
abr 04, 2013 12:33:09 PM org.ros.time.RemoteUptimeClock update
INFO: Latency: 7,0000 s, Delta ratio: 1,0000, Drift: 1,000, Error reduction coefficient: 0,000, Error: 0,0000 s
abr 04, 2013 12:33:09 PM org.ros.time.RemoteUptimeClock update
INFO: Latency: 7,0000 s, Delta ratio: 1,0000, Drift: 1,000, Error reduction coefficient: 0,000, Error: 0,0000 s
abr 04, 2013 12:33:09 PM org.ros.time.RemoteUptimeClock update
INFO: Latency: 7,0000 s, Delta ratio: 1,0000, Drift: 1,000, Error reduction coefficient: 0,000, Error: 0,0000 s
abr 04, 2013 12:33:09 PM org.ros.time.RemoteUptimeClock update
INFO: Latency: 7,0000 s, Delta ratio: 1,0000, Drift: 1,000, Error reduction coefficient: 0,000, Error: 0,0000 s
abr 04, 2013 12:33:09 PM org.ros.time.RemoteUptimeClock update
INFO: Latency: 7,0000 s, Delta ratio: 1,0000, Drift: 1,000, Error reduction coefficient: 0,000, Error: 0,0000 s
abr 04, 2013 12:33:09 PM org.ros.time.RemoteUptimeClock update
INFO: Latency: 7,0000 s, Delta ratio: 1,0000, Drift: 1,000, Error reduction coefficient: 0,000, Error: 0,0000 s
abr 04, 2013 12:33:09 PM org.ros.time.RemoteUptimeClock update
INFO: Latency: 7,0000 s, Delta ratio: 1,0000, Drift: 1,000, Error reduction coefficient: 0,000, Error: 0,0000 s
abr 04, 2013 12:33:09 PM org.ros.time.RemoteUptimeClock update
INFO: Latency: 7,0000 s, Delta ratio: 1,0000, Drift: 1,000, Error reduction coefficient: 0,000, Error: 0,0000 s
abr 04, 2013 12:33:09 PM org.ros.time.RemoteUptimeClock update
INFO: Latency: 7,0000 s, Delta ratio: 1,0000, Drift: 1,000, Error reduction coefficient: 0,000, Error: 0,0000 s
abr 04, 2013 12:33:09 PM org.ros.time.RemoteUptimeClock update
INFO: Latency: 7,0000 s, Delta ratio: 1,0000, Drift: 1,000, Error reduction coefficient: 0,000, Error: 0,0000 s
abr 04, 2013 12:33:09 PM org.ros.time.RemoteUptimeClock update
INFO: Latency: 7,0000 s, Delta ratio: 1,0000, Drift: 1,000, Error reduction coefficient: 0,000, Error: 0,0000 s
abr 04, 2013 12:33:09 PM org.ros.time.RemoteUptimeClock update
INFO: Latency: 7,0000 s, Delta ratio: 1,0000, Drift: 1,000, Error reduction coefficient: 0,000, Error: 0,0000 s
abr 04, 2013 12:33:09 PM org.ros.time.RemoteUptimeClock update
INFO: Latency: 7,0000 s, Delta ratio: 1,0000, Drift: 1,000, Error reduction coefficient: 0,000, Error: 0,0000 s
abr 04, 2013 12:33:09 PM org.ros.time.RemoteUptimeClock update
INFO: Latency: 7,0000 s, Delta ratio: 1,0000, Drift: 1,000, Error reduction coefficient: 0,000, Error: 0,0000 s
abr 04, 2013 12:33:09 PM org.ros.time.RemoteUptimeClock update
INFO: Latency: 7,0000 s, Delta ratio: 1,0000, Drift: 1,000, Error reduction coefficient: 0,000, Error: 0,0000 s
abr 04, 2013 12:33:09 PM org.ros.time.RemoteUptimeClock update
INFO: Latency: 7,0000 s, Delta ratio: 1,0000, Drift: 1,000, Error reduction coefficient: 0,000, Error: 0,0000 s
abr 04, 2013 12:33:09 PM org.ros.time.RemoteUptimeClock update
INFO: Latency: 7,0000 s, Delta ratio: 1,0000, Drift: 1,000, Error reduction coefficient: 0,000, Error: 0,0000 s
abr 04, 2013 12:33:09 PM org.ros.time.RemoteUptimeClock update
INFO: Latency: 7,0000 s, Delta ratio: 1,0000, Drift: 1,000, Error reduction coefficient: 0,000, Error: 0,0000 s
abr 04, 2013 12:33:09 PM org.ros.time.RemoteUptimeClock update
INFO: Latency: 7,0000 s, Delta ratio: 1,0000, Drift: 1,000, Error reduction coefficient: 0,000, Error: 0,0000 s
abr 04, 2013 12:33:09 PM org.ros.time.RemoteUptimeClock update
INFO: Latency: 7,0000 s, Delta ratio: 1,0000, Drift: 1,000, Error reduction coefficient: 0,000, Error: 0,0000 s
abr 04, 2013 12:33:09 PM org.ros.time.RemoteUptimeClock update
INFO: Latency: 7,0000 s, Delta ratio: 1,0000, Drift: 1,000, Error reduction coefficient: 0,000, Error: 0,0000 s
abr 04, 2013 12:33:09 PM org.ros.time.RemoteUptimeClock update
INFO: Latency: 7,0000 s, Delta ratio: 1,0000, Drift: 1,000, Error reduction coefficient: 0,000, Error: 0,0000 s
abr 04, 2013 12:33:09 PM org.ros.time.RemoteUptimeClock update
INFO: Latency: 7,0000 s, Delta ratio: 1,0000, Drift: 1,000, Error reduction coefficient: 0,000, Error: 0,0000 s
abr 04, 2013 12:33:09 PM org.ros.time.RemoteUptimeClock update
INFO: Latency: 7,0000 s, Delta ratio: 1,0000, Drift: 1,000, Error reduction coefficient: 0,000, Error: 0,0000 s
abr 04, 2013 12:33:09 PM org.ros.time.RemoteUptimeClock update
INFO: Latency: 7,0000 s, Delta ratio: 1,0000, Drift: 1,000, Error reduction coefficient: 0,000, Error: 0,0000 s
abr 04, 2013 12:33:09 PM org.ros.time.RemoteUptimeClock update
INFO: Latency: 7,0000 s, Delta ratio: 1,0000, Drift: 1,000, Error reduction coefficient: 0,000, Error: 0,0000 s
abr 04, 2013 12:33:09 PM org.ros.time.RemoteUptimeClock update
INFO: Latency: 7,0000 s, Delta ratio: 1,0000, Drift: 1,000, Error reduction coefficient: 0,000, Error: 0,0000 s
abr 04, 2013 12:33:09 PM org.ros.time.RemoteUptimeClock update
INFO: Latency: 7,0000 s, Delta ratio: 1,0000, Drift: 1,000, Error reduction coefficient: 0,000, Error: 0,0000 s
abr 04, 2013 12:33:09 PM org.ros.time.RemoteUptimeClock update
INFO: Latency: 7,0000 s, Delta ratio: 1,0000, Drift: 1,000, Error reduction coefficient: 0,000, Error: 0,0000 s
abr 04, 2013 12:33:09 PM org.ros.time.RemoteUptimeClock update
INFO: Latency: 7,0000 s, Delta ratio: 1,0000, Drift: 1,000, Error reduction coefficient: 0,000, Error: 0,0000 s
abr 04, 2013 12:33:09 PM org.ros.time.RemoteUptimeClock update
INFO: Latency: 7,0000 s, Delta ratio: 1,0000, Drift: 1,000, Error reduction coefficient: 0,000, Error: 0,0000 s
abr 04, 2013 12:33:09 PM org.ros.time.RemoteUptimeClock update
INFO: Latency: 7,0000 s, Delta ratio: 1,0000, Drift: 1,000, Error reduction coefficient: 0,000, Error: 0,0000 s
abr 04, 2013 12:33:09 PM org.ros.time.RemoteUptimeClock update
INFO: Latency: 7,0000 s, Delta ratio: 1,0000, Drift: 1,000, Error reduction coefficient: 0,000, Error: 0,0000 s
abr 04, 2013 12:33:09 PM org.ros.time.RemoteUptimeClock update
INFO: Latency: 7,0000 s, Delta ratio: 1,0000, Drift: 1,000, Error reduction coefficient: 0,000, Error: 0,0000 s
abr 04, 2013 12:33:09 PM org.ros.time.RemoteUptimeClock update
INFO: Latency: 7,0000 s, Delta ratio: 1,0000, Drift: 1,000, Error reduction coefficient: 0,000, Error: 0,0000 s
abr 04, 2013 12:33:09 PM org.ros.time.RemoteUptimeClock update
INFO: Latency: 7,0000 s, Delta ratio: 1,0000, Drift: 1,000, Error reduction coefficient: 0,000, Error: 0,0000 s
abr 04, 2013 12:33:09 PM org.ros.time.RemoteUptimeClock update
INFO: Latency: 7,0000 s, Delta ratio: 1,0000, Drift: 1,000, Error reduction coefficient: 0,000, Error: 0,0000 s
abr 04, 2013 12:33:09 PM org.ros.time.RemoteUptimeClock update
INFO: Latency: 7,0000 s, Delta ratio: 1,0000, Drift: 1,000, Error reduction coefficient: 0,000, Error: 0,0000 s
abr 04, 2013 12:33:09 PM org.ros.time.RemoteUptimeClock update
INFO: Latency: 7,0000 s, Delta ratio: 1,0000, Drift: 1,000, Error reduction coefficient: 0,000, Error: 0,0000 s
abr 04, 2013 12:33:09 PM org.ros.time.RemoteUptimeClock update
INFO: Latency: 7,0000 s, Delta ratio: 1,0000, Drift: 1,000, Error reduction coefficient: 0,000, Error: 0,0000 s
abr 04, 2013 12:33:09 PM org.ros.time.RemoteUptimeClock update
INFO: Latency: 7,0000 s, Delta ratio: 1,0000, Drift: 1,000, Error reduction coefficient: 0,000, Error: 0,0000 s
abr 04, 2013 12:33:09 PM org.ros.time.RemoteUptimeClock update
INFO: Latency: 7,0000 s, Delta ratio: 1,0000, Drift: 1,000, Error reduction coefficient: 0,000, Error: 0,0000 s
abr 04, 2013 12:33:09 PM org.ros.time.RemoteUptimeClock update
INFO: Latency: 7,0000 s, Delta ratio: 1,0000, Drift: 1,000, Error reduction coefficient: 0,000, Error: 0,0000 s
abr 04, 2013 12:33:09 PM org.ros.time.RemoteUptimeClock update
INFO: Latency: 7,0000 s, Delta ratio: 1,0000, Drift: 1,000, Error reduction coefficient: 0,000, Error: 0,0000 s
abr 04, 2013 12:33:09 PM org.ros.time.RemoteUptimeClock update
INFO: Latency: 7,0000 s, Delta ratio: 1,0000, Drift: 1,000, Error reduction coefficient: 0,000, Error: 0,0000 s
abr 04, 2013 12:33:09 PM org.ros.time.RemoteUptimeClock update
INFO: Latency: 7,0000 s, Delta ratio: 1,0000, Drift: 1,000, Error reduction coefficient: 0,000, Error: 0,0000 s
abr 04, 2013 12:33:09 PM org.ros.time.RemoteUptimeClock update
INFO: Latency: 7,0000 s, Delta ratio: 1,0000, Drift: 1,000, Error reduction coefficient: 0,000, Error: 0,0000 s
abr 04, 2013 12:33:09 PM org.ros.time.RemoteUptimeClock update
INFO: Latency: 7,0000 s, Delta ratio: 1,0000, Drift: 1,000, Error reduction coefficient: 0,000, Error: 0,0000 s
abr 04, 2013 12:33:09 PM org.ros.time.RemoteUptimeClock update
INFO: Latency: 7,0000 s, Delta ratio: 1,0000, Drift: 1,000, Error reduction coefficient: 0,000, Error: 0,0000 s
abr 04, 2013 12:33:09 PM org.ros.time.RemoteUptimeClock update
INFO: Latency: 7,0000 s, Delta ratio: 1,0000, Drift: 1,000, Error reduction coefficient: 0,000, Error: 0,0000 s
abr 04, 2013 12:33:09 PM org.ros.time.RemoteUptimeClock update
INFO: Latency: 7,0000 s, Delta ratio: 1,0000, Drift: 1,000, Error reduction coefficient: 0,000, Error: 0,0000 s
abr 04, 2013 12:33:09 PM org.ros.time.RemoteUptimeClock update
INFO: Latency: 7,0000 s, Delta ratio: 1,0000, Drift: 1,000, Error reduction coefficient: 0,000, Error: 0,0000 s
abr 04, 2013 12:33:09 PM org.ros.time.RemoteUptimeClock update
INFO: Latency: 7,0000 s, Delta ratio: 1,0000, Drift: 1,000, Error reduction coefficient: 0,000, Error: 0,0000 s
abr 04, 2013 12:33:09 PM org.ros.time.RemoteUptimeClock update
INFO: Latency: 7,0000 s, Delta ratio: 1,0000, Drift: 1,000, Error reduction coefficient: 0,000, Error: 0,0000 s
abr 04, 2013 12:33:09 PM org.ros.time.RemoteUptimeClock update
INFO: Latency: 7,0000 s, Delta ratio: 1,0000, Drift: 1,000, Error reduction coefficient: 0,000, Error: 0,0000 s
abr 04, 2013 12:33:09 PM org.ros.time.RemoteUptimeClock update
INFO: Latency: 7,0000 s, Delta ratio: 1,0000, Drift: 1,000, Error reduction coefficient: 0,000, Error: 0,0000 s
abr 04, 2013 12:33:09 PM org.ros.time.RemoteUptimeClock update
INFO: Latency: 7,0000 s, Delta ratio: 1,0000, Drift: 1,000, Error reduction coefficient: 0,000, Error: 0,0000 s
abr 04, 2013 12:33:09 PM org.ros.time.RemoteUptimeClock update
INFO: Latency: 7,0000 s, Delta ratio: 1,0000, Drift: 1,000, Error reduction coefficient: 0,000, Error: 0,0000 s
abr 04, 2013 12:33:09 PM org.ros.time.RemoteUptimeClock update
INFO: Latency: 7,0000 s, Delta ratio: 1,0000, Drift: 1,000, Error reduction coefficient: 0,000, Error: 0,0000 s
abr 04, 2013 12:33:09 PM org.ros.time.RemoteUptimeClock update
INFO: Latency: 7,0000 s, Delta ratio: 1,0000, Drift: 1,000, Error reduction coefficient: 0,000, Error: 0,0000 s
abr 04, 2013 12:33:09 PM org.ros.time.RemoteUptimeClock update
INFO: Latency: 7,0000 s, Delta ratio: 1,0000, Drift: 1,000, Error reduction coefficient: 0,000, Error: 0,0000 s
abr 04, 2013 12:33:09 PM org.ros.time.RemoteUptimeClock update
INFO: Latency: 7,0000 s, Delta ratio: 1,0000, Drift: 1,000, Error reduction coefficient: 0,000, Error: 0,0000 s
abr 04, 2013 12:33:09 PM org.ros.time.RemoteUptimeClock update
INFO: Latency: 7,0000 s, Delta ratio: 1,0000, Drift: 1,000, Error reduction coefficient: 0,000, Error: 0,0000 s
abr 04, 2013 12:33:09 PM org.ros.time.RemoteUptimeClock update
INFO: Latency: 7,0000 s, Delta ratio: 1,0000, Drift: 1,000, Error reduction coefficient: 0,000, Error: 0,0000 s
abr 04, 2013 12:33:09 PM org.ros.time.RemoteUptimeClock update
INFO: Latency: 7,0000 s, Delta ratio: 1,0000, Drift: 1,000, Error reduction coefficient: 0,000, Error: 0,0000 s
abr 04, 2013 12:33:09 PM org.ros.time.RemoteUptimeClock update
INFO: Latency: 7,0000 s, Delta ratio: 1,0000, Drift: 1,000, Error reduction coefficient: 0,000, Error: 0,0000 s
abr 04, 2013 12:33:09 PM org.ros.time.RemoteUptimeClock update
INFO: Latency: 7,0000 s, Delta ratio: 1,0000, Drift: 1,000, Error reduction coefficient: 0,000, Error: 0,0000 s
abr 04, 2013 12:33:09 PM org.ros.time.RemoteUptimeClock update
INFO: Latency: 7,0000 s, Delta ratio: 1,0000, Drift: 1,000, Error reduction coefficient: 0,000, Error: 0,0000 s
abr 04, 2013 12:33:09 PM org.ros.time.RemoteUptimeClock update
INFO: Latency: 7,0000 s, Delta ratio: 1,0000, Drift: 1,000, Error reduction coefficient: 0,000, Error: 0,0000 s
abr 04, 2013 12:33:09 PM org.ros.time.RemoteUptimeClock update
INFO: Latency: 7,0000 s, Delta ratio: 1,0000, Drift: 1,000, Error reduction coefficient: 0,000, Error: 0,0000 s
abr 04, 2013 12:33:09 PM org.ros.time.RemoteUptimeClock update
INFO: Latency: 7,0000 s, Delta ratio: 1,0000, Drift: 1,000, Error reduction coefficient: 0,000, Error: 0,0000 s
abr 04, 2013 12:33:09 PM org.ros.time.RemoteUptimeClock update
INFO: Latency: 7,0000 s, Delta ratio: 1,0000, Drift: 1,000, Error reduction coefficient: 0,000, Error: 0,0000 s
abr 04, 2013 12:33:09 PM org.ros.time.RemoteUptimeClock update
INFO: Latency: 7,0000 s, Delta ratio: 1,0000, Drift: 1,000, Error reduction coefficient: 0,000, Error: 0,0000 s
abr 04, 2013 12:33:09 PM org.ros.time.RemoteUptimeClock update
INFO: Latency: 7,0000 s, Delta ratio: 1,0000, Drift: 1,000, Error reduction coefficient: 0,000, Error: 0,0000 s
abr 04, 2013 12:33:09 PM org.ros.time.RemoteUptimeClock update
INFO: Latency: 7,0000 s, Delta ratio: 1,0000, Drift: 1,000, Error reduction coefficient: 0,000, Error: 0,0000 s
abr 04, 2013 12:33:09 PM org.ros.time.RemoteUptimeClock update
INFO: Latency: 7,0000 s, Delta ratio: 1,0000, Drift: 1,000, Error reduction coefficient: 0,000, Error: 0,0000 s
abr 04, 2013 12:33:09 PM org.ros.time.RemoteUptimeClock update
INFO: Latency: 7,0000 s, Delta ratio: 1,0000, Drift: 1,000, Error reduction coefficient: 0,000, Error: 0,0000 s
abr 04, 2013 12:33:09 PM org.ros.time.RemoteUptimeClock update
INFO: Latency: 7,0000 s, Delta ratio: 1,0000, Drift: 1,000, Error reduction coefficient: 0,000, Error: 0,0000 s
abr 04, 2013 12:33:09 PM org.ros.time.RemoteUptimeClock update
INFO: Latency: 7,0000 s, Delta ratio: 1,0000, Drift: 1,000, Error reduction coefficient: 0,000, Error: 0,0000 s
abr 04, 2013 12:33:09 PM org.ros.time.RemoteUptimeClock update
INFO: Latency: 7,0000 s, Delta ratio: 1,0000, Drift: 1,000, Error reduction coefficient: 0,000, Error: 0,0000 s
abr 04, 2013 12:33:09 PM org.ros.time.RemoteUptimeClock update
INFO: Latency: 7,0000 s, Delta ratio: 1,0000, Drift: 1,000, Error reduction coefficient: 0,000, Error: 0,0000 s
abr 04, 2013 12:33:09 PM org.ros.time.RemoteUptimeClock update
INFO: Latency: 7,0000 s, Delta ratio: 1,0000, Drift: 1,000, Error reduction coefficient: 0,000, Error: 0,0000 s
abr 04, 2013 12:33:09 PM org.ros.time.RemoteUptimeClock update
INFO: Latency: 7,0000 s, Delta ratio: 1,0000, Drift: 1,000, Error reduction coefficient: 0,000, Error: 0,0000 s
abr 04, 2013 12:33:09 PM org.ros.time.RemoteUptimeClock update
INFO: Latency: 7,0000 s, Delta ratio: 1,0000, Drift: 1,000, Error reduction coefficient: 0,000, Error: 0,0000 s
abr 04, 2013 12:33:09 PM org.ros.time.RemoteUptimeClock update
INFO: Latency: 7,0000 s, Delta ratio: 1,0000, Drift: 1,000, Error reduction coefficient: 0,000, Error: 0,0000 s
abr 04, 2013 12:33:09 PM org.ros.time.RemoteUptimeClock update
INFO: Latency: 7,0000 s, Delta ratio: 1,0000, Drift: 1,000, Error reduction coefficient: 0,000, Error: 0,0000 s
abr 04, 2013 12:33:09 PM org.ros.time.RemoteUptimeClock update
INFO: Latency: 7,0000 s, Delta ratio: 1,0000, Drift: 1,000, Error reduction coefficient: 0,000, Error: 0,0000 s
abr 04, 2013 12:33:09 PM org.ros.time.RemoteUptimeClock update
INFO: Latency: 7,0000 s, Delta ratio: 1,0000, Drift: 1,000, Error reduction coefficient: 0,000, Error: 0,0000 s
abr 04, 2013 12:33:09 PM org.ros.time.RemoteUptimeClock update
INFO: Latency: 7,0000 s, Delta ratio: 1,0000, Drift: 1,000, Error reduction coefficient: 0,000, Error: 0,0000 s
abr 04, 2013 12:33:09 PM org.ros.time.RemoteUptimeClock update
INFO: Latency: 7,0000 s, Delta ratio: 1,0000, Drift: 1,000, Error reduction coefficient: 0,000, Error: 0,0000 s
abr 04, 2013 12:33:09 PM org.ros.time.RemoteUptimeClock update
INFO: Latency: 7,0000 s, Delta ratio: 1,0000, Drift: 1,000, Error reduction coefficient: 0,000, Error: 0,0000 s
abr 04, 2013 12:33:09 PM org.ros.time.RemoteUptimeClock update
INFO: Latency: 7,0000 s, Delta ratio: 1,0000, Drift: 1,000, Error reduction coefficient: 0,000, Error: 0,0000 s
abr 04, 2013 12:33:09 PM org.ros.time.RemoteUptimeClock update
INFO: Latency: 7,0000 s, Delta ratio: 1,0000, Drift: 1,000, Error reduction coefficient: 0,000, Error: 0,0000 s
abr 04, 2013 12:33:09 PM org.ros.time.RemoteUptimeClock update
INFO: Latency: 7,0000 s, Delta ratio: 1,0000, Drift: 1,000, Error reduction coefficient: 0,000, Error: 0,0000 s
abr 04, 2013 12:33:09 PM org.ros.time.RemoteUptimeClock update
INFO: Latency: 7,0000 s, Delta ratio: 1,0000, Drift: 1,000, Error reduction coefficient: 0,000, Error: 0,0000 s
abr 04, 2013 12:33:09 PM org.ros.time.RemoteUptimeClock update
INFO: Latency: 7,0000 s, Delta ratio: 1,0000, Drift: 1,000, Error reduction coefficient: 0,000, Error: 0,0000 s
abr 04, 2013 12:33:09 PM org.ros.time.RemoteUptimeClock update
INFO: Latency: 7,0000 s, Delta ratio: 1,0000, Drift: 1,000, Error reduction coefficient: 0,000, Error: 0,0000 s
abr 04, 2013 12:33:09 PM org.ros.time.RemoteUptimeClock update
INFO: Latency: 7,0000 s, Delta ratio: 1,0000, Drift: 1,000, Error reduction coefficient: 0,000, Error: 0,0000 s
abr 04, 2013 12:33:09 PM org.ros.time.RemoteUptimeClock update
INFO: Latency: 7,0000 s, Delta ratio: 1,0000, Drift: 1,000, Error reduction coefficient: 0,000, Error: 0,0000 s
abr 04, 2013 12:33:09 PM org.ros.time.RemoteUptimeClock update
INFO: Latency: 7,0000 s, Delta ratio: 1,0000, Drift: 1,000, Error reduction coefficient: 0,000, Error: 0,0000 s
abr 04, 2013 12:33:09 PM org.ros.time.RemoteUptimeClock update
INFO: Latency: 7,0000 s, Delta ratio: 1,0000, Drift: 1,000, Error reduction coefficient: 0,000, Error: 0,0000 s
abr 04, 2013 12:33:09 PM org.ros.time.RemoteUptimeClock update
INFO: Latency: 7,0000 s, Delta ratio: 1,0000, Drift: 1,000, Error reduction coefficient: 0,000, Error: 0,0000 s
abr 04, 2013 12:33:09 PM org.ros.time.RemoteUptimeClock update
INFO: Latency: 7,0000 s, Delta ratio: 1,0000, Drift: 1,000, Error reduction coefficient: 0,000, Error: 0,0000 s
abr 04, 2013 12:33:09 PM org.ros.time.RemoteUptimeClock update
INFO: Latency: 7,0000 s, Delta ratio: 1,0000, Drift: 1,000, Error reduction coefficient: 0,000, Error: 0,0000 s
abr 04, 2013 12:33:09 PM org.ros.time.RemoteUptimeClock update
INFO: Latency: 7,0000 s, Delta ratio: 1,0000, Drift: 1,000, Error reduction coefficient: 0,000, Error: 0,0000 s
abr 04, 2013 12:33:09 PM org.ros.time.RemoteUptimeClock update
INFO: Latency: 7,0000 s, Delta ratio: 1,0000, Drift: 1,000, Error reduction coefficient: 0,000, Error: 0,0000 s
abr 04, 2013 12:33:09 PM org.ros.time.RemoteUptimeClock update
INFO: Latency: 7,0000 s, Delta ratio: 1,0000, Drift: 1,000, Error reduction coefficient: 0,000, Error: 0,0000 s
abr 04, 2013 12:33:09 PM org.ros.time.RemoteUptimeClock update
INFO: Latency: 7,0000 s, Delta ratio: 1,0000, Drift: 1,000, Error reduction coefficient: 0,000, Error: 0,0000 s
abr 04, 2013 12:33:09 PM org.ros.time.RemoteUptimeClock update
INFO: Latency: 7,0000 s, Delta ratio: 1,0000, Drift: 1,000, Error reduction coefficient: 0,000, Error: 0,0000 s
abr 04, 2013 12:33:09 PM org.ros.time.RemoteUptimeClock update
INFO: Latency: 7,0000 s, Delta ratio: 1,0000, Drift: 1,000, Error reduction coefficient: 0,000, Error: 0,0000 s
abr 04, 2013 12:33:09 PM org.ros.time.RemoteUptimeClock update
INFO: Latency: 7,0000 s, Delta ratio: 1,0000, Drift: 1,000, Error reduction coefficient: 0,000, Error: 0,0000 s
abr 04, 2013 12:33:09 PM org.ros.time.RemoteUptimeClock update
INFO: Latency: 7,0000 s, Delta ratio: 1,0000, Drift: 1,000, Error reduction coefficient: 0,000, Error: 0,0000 s
abr 04, 2013 12:33:09 PM org.ros.time.RemoteUptimeClock update
INFO: Latency: 7,0000 s, Delta ratio: 1,0000, Drift: 1,000, Error reduction coefficient: 0,000, Error: 0,0000 s
abr 04, 2013 12:33:09 PM org.ros.time.RemoteUptimeClock update
INFO: Latency: 7,0000 s, Delta ratio: 1,0000, Drift: 1,000, Error reduction coefficient: 0,000, Error: 0,0000 s
abr 04, 2013 12:33:09 PM org.ros.time.RemoteUptimeClock update
INFO: Latency: 7,0000 s, Delta ratio: 1,0000, Drift: 1,000, Error reduction coefficient: 0,000, Error: 0,0000 s
abr 04, 2013 12:33:09 PM org.ros.time.RemoteUptimeClock update
INFO: Latency: 7,0000 s, Delta ratio: 1,0000, Drift: 1,000, Error reduction coefficient: 0,000, Error: 0,0000 s
abr 04, 2013 12:33:09 PM org.ros.time.RemoteUptimeClock update
INFO: Latency: 7,0000 s, Delta ratio: 1,0000, Drift: 1,000, Error reduction coefficient: 0,000, Error: 0,0000 s
abr 04, 2013 12:33:09 PM org.ros.time.RemoteUptimeClock update
INFO: Latency: 7,0000 s, Delta ratio: 1,0000, Drift: 1,000, Error reduction coefficient: 0,000, Error: 0,0000 s
abr 04, 2013 12:33:09 PM org.ros.time.RemoteUptimeClock update
INFO: Latency: 7,0000 s, Delta ratio: 1,0000, Drift: 1,000, Error reduction coefficient: 0,000, Error: 0,0000 s
abr 04, 2013 12:33:09 PM org.ros.time.RemoteUptimeClock update
INFO: Latency: 7,0000 s, Delta ratio: 1,0000, Drift: 1,000, Error reduction coefficient: 0,000, Error: 0,0000 s
abr 04, 2013 12:33:09 PM org.ros.time.RemoteUptimeClock update
INFO: Latency: 7,0000 s, Delta ratio: 1,0000, Drift: 1,000, Error reduction coefficient: 0,000, Error: 0,0000 s
abr 04, 2013 12:33:09 PM org.ros.time.RemoteUptimeClock update
INFO: Latency: 7,0000 s, Delta ratio: 1,0000, Drift: 1,000, Error reduction coefficient: 0,000, Error: 0,0000 s
abr 04, 2013 12:33:09 PM org.ros.time.RemoteUptimeClock update
INFO: Latency: 7,0000 s, Delta ratio: 1,0000, Drift: 1,000, Error reduction coefficient: 0,000, Error: 0,0000 s
abr 04, 2013 12:33:09 PM org.ros.time.RemoteUptimeClock update
INFO: Latency: 7,0000 s, Delta ratio: 1,0000, Drift: 1,000, Error reduction coefficient: 0,000, Error: 0,0000 s
abr 04, 2013 12:33:09 PM org.ros.time.RemoteUptimeClock update
INFO: Latency: 7,0000 s, Delta ratio: 1,0000, Drift: 1,000, Error reduction coefficient: 0,000, Error: 0,0000 s
abr 04, 2013 12:33:09 PM org.ros.time.RemoteUptimeClock update
INFO: Latency: 7,0000 s, Delta ratio: 1,0000, Drift: 1,000, Error reduction coefficient: 0,000, Error: 0,0000 s
abr 04, 2013 12:33:09 PM org.ros.time.RemoteUptimeClock update
INFO: Latency: 7,0000 s, Delta ratio: 1,0000, Drift: 1,000, Error reduction coefficient: 0,000, Error: 0,0000 s
abr 04, 2013 12:33:09 PM org.ros.time.RemoteUptimeClock update
INFO: Latency: 7,0000 s, Delta ratio: 1,0000, Drift: 1,000, Error reduction coefficient: 0,000, Error: 0,0000 s
abr 04, 2013 12:33:09 PM org.ros.time.RemoteUptimeClock update
INFO: Latency: 7,0000 s, Delta ratio: 1,0000, Drift: 1,000, Error reduction coefficient: 0,000, Error: 0,0000 s
abr 04, 2013 12:33:09 PM org.ros.time.RemoteUptimeClock update
INFO: Latency: 7,0000 s, Delta ratio: 1,0000, Drift: 1,000, Error reduction coefficient: 0,000, Error: 0,0000 s
abr 04, 2013 12:33:09 PM org.ros.time.RemoteUptimeClock update
INFO: Latency: 7,0000 s, Delta ratio: 1,0000, Drift: 1,000, Error reduction coefficient: 0,000, Error: 0,0000 s
abr 04, 2013 12:33:09 PM org.ros.time.RemoteUptimeClock update
INFO: Latency: 7,0000 s, Delta ratio: 1,0000, Drift: 1,000, Error reduction coefficient: 0,000, Error: 0,0000 s
abr 04, 2013 12:33:09 PM org.ros.time.RemoteUptimeClock update
INFO: Latency: 7,0000 s, Delta ratio: 1,0000, Drift: 1,000, Error reduction coefficient: 0,000, Error: 0,0000 s
abr 04, 2013 12:33:09 PM org.ros.time.RemoteUptimeClock update
INFO: Latency: 7,0000 s, Delta ratio: 1,0000, Drift: 1,000, Error reduction coefficient: 0,000, Error: 0,0000 s
abr 04, 2013 12:33:09 PM org.ros.time.RemoteUptimeClock update
INFO: Latency: 7,0000 s, Delta ratio: 1,0000, Drift: 1,000, Error reduction coefficient: 0,000, Error: 0,0000 s
abr 04, 2013 12:33:09 PM org.ros.time.RemoteUptimeClock update
INFO: Latency: 7,0000 s, Delta ratio: 1,0000, Drift: 1,000, Error reduction coefficient: 0,000, Error: 0,0000 s
abr 04, 2013 12:33:09 PM org.ros.time.RemoteUptimeClock update
INFO: Latency: 7,0000 s, Delta ratio: 1,0000, Drift: 1,000, Error reduction coefficient: 0,000, Error: 0,0000 s
abr 04, 2013 12:33:09 PM org.ros.time.RemoteUptimeClock update
INFO: Latency: 7,0000 s, Delta ratio: 1,0000, Drift: 1,000, Error reduction coefficient: 0,000, Error: 0,0000 s
abr 04, 2013 12:33:09 PM org.ros.time.RemoteUptimeClock update
INFO: Latency: 7,0000 s, Delta ratio: 1,0000, Drift: 1,000, Error reduction coefficient: 0,000, Error: 0,0000 s
abr 04, 2013 12:33:09 PM org.ros.time.RemoteUptimeClock update
INFO: Latency: 7,0000 s, Delta ratio: 1,0000, Drift: 1,000, Error reduction coefficient: 0,000, Error: 0,0000 s
abr 04, 2013 12:33:09 PM org.ros.time.RemoteUptimeClock update
INFO: Latency: 7,0000 s, Delta ratio: 1,0000, Drift: 1,000, Error reduction coefficient: 0,000, Error: 0,0000 s
abr 04, 2013 12:33:09 PM org.ros.time.RemoteUptimeClock update
INFO: Latency: 7,0000 s, Delta ratio: 1,0000, Drift: 1,000, Error reduction coefficient: 0,000, Error: 0,0000 s
abr 04, 2013 12:33:09 PM org.ros.time.RemoteUptimeClock update
INFO: Latency: 7,0000 s, Delta ratio: 1,0000, Drift: 1,000, Error reduction coefficient: 0,000, Error: 0,0000 s
abr 04, 2013 12:33:09 PM org.ros.time.RemoteUptimeClock update
INFO: Latency: 7,0000 s, Delta ratio: 1,0000, Drift: 1,000, Error reduction coefficient: 0,000, Error: 0,0000 s
abr 04, 2013 12:33:09 PM org.ros.time.RemoteUptimeClock update
INFO: Latency: 7,0000 s, Delta ratio: 1,0000, Drift: 1,000, Error reduction coefficient: 0,000, Error: 0,0000 s
abr 04, 2013 12:33:09 PM org.ros.time.RemoteUptimeClock update
INFO: Latency: 7,0000 s, Delta ratio: 1,0000, Drift: 1,000, Error reduction coefficient: 0,000, Error: 0,0000 s
abr 04, 2013 12:33:09 PM org.ros.time.RemoteUptimeClock update
INFO: Latency: 7,0000 s, Delta ratio: 1,0000, Drift: 1,000, Error reduction coefficient: 0,000, Error: 0,0000 s
abr 04, 2013 12:33:09 PM org.ros.time.RemoteUptimeClock update
INFO: Latency: 7,0000 s, Delta ratio: 1,0000, Drift: 1,000, Error reduction coefficient: 0,000, Error: 0,0000 s
abr 04, 2013 12:33:09 PM org.ros.time.RemoteUptimeClock update
INFO: Latency: 7,0000 s, Delta ratio: 1,0000, Drift: 1,000, Error reduction coefficient: 0,000, Error: 0,0000 s
abr 04, 2013 12:33:09 PM org.ros.time.RemoteUptimeClock update
INFO: Latency: 7,0000 s, Delta ratio: 1,0000, Drift: 1,000, Error reduction coefficient: 0,000, Error: 0,0000 s
abr 04, 2013 12:33:09 PM org.ros.time.RemoteUptimeClock update
INFO: Latency: 7,0000 s, Delta ratio: 1,0000, Drift: 1,000, Error reduction coefficient: 0,000, Error: 0,0000 s
abr 04, 2013 12:33:09 PM org.ros.time.RemoteUptimeClock update
INFO: Latency: 7,0000 s, Delta ratio: 1,0000, Drift: 1,000, Error reduction coefficient: 0,000, Error: 0,0000 s
abr 04, 2013 12:33:09 PM org.ros.time.RemoteUptimeClock update
INFO: Latency: 7,0000 s, Delta ratio: 1,0000, Drift: 1,000, Error reduction coefficient: 0,000, Error: 0,0000 s
abr 04, 2013 12:33:09 PM org.ros.time.RemoteUptimeClock update
INFO: Latency: 7,0000 s, Delta ratio: 1,0000, Drift: 1,000, Error reduction coefficient: 0,000, Error: 0,0000 s
abr 04, 2013 12:33:09 PM org.ros.time.RemoteUptimeClock update
INFO: Latency: 7,0000 s, Delta ratio: 1,0000, Drift: 1,000, Error reduction coefficient: 0,000, Error: 0,0000 s
abr 04, 2013 12:33:09 PM org.ros.time.RemoteUptimeClock update
INFO: Latency: 7,0000 s, Delta ratio: 1,0000, Drift: 1,000, Error reduction coefficient: 0,000, Error: 0,0000 s
abr 04, 2013 12:33:09 PM org.ros.time.RemoteUptimeClock update
INFO: Latency: 7,0000 s, Delta ratio: 1,0000, Drift: 1,000, Error reduction coefficient: 0,000, Error: 0,0000 s
abr 04, 2013 12:33:09 PM org.ros.time.RemoteUptimeClock update
INFO: Latency: 7,0000 s, Delta ratio: 1,0000, Drift: 1,000, Error reduction coefficient: 0,000, Error: 0,0000 s
abr 04, 2013 12:33:09 PM org.ros.time.RemoteUptimeClock update
INFO: Latency: 7,0000 s, Delta ratio: 1,0000, Drift: 1,000, Error reduction coefficient: 0,000, Error: 0,0000 s
abr 04, 2013 12:33:09 PM org.ros.time.RemoteUptimeClock update
INFO: Latency: 7,0000 s, Delta ratio: 1,0000, Drift: 1,000, Error reduction coefficient: 0,000, Error: 0,0000 s
abr 04, 2013 12:33:09 PM org.ros.time.RemoteUptimeClock update
INFO: Latency: 7,0000 s, Delta ratio: 1,0000, Drift: 1,000, Error reduction coefficient: 0,000, Error: 0,0000 s
abr 04, 2013 12:33:09 PM org.ros.time.RemoteUptimeClock update
INFO: Latency: 7,0000 s, Delta ratio: 1,0000, Drift: 1,000, Error reduction coefficient: 0,000, Error: 0,0000 s
abr 04, 2013 12:33:09 PM org.ros.time.RemoteUptimeClock update
INFO: Latency: 7,0000 s, Delta ratio: 1,0000, Drift: 1,000, Error reduction coefficient: 0,000, Error: 0,0000 s
abr 04, 2013 12:33:09 PM org.ros.time.RemoteUptimeClock update
INFO: Latency: 7,0000 s, Delta ratio: 1,0000, Drift: 1,000, Error reduction coefficient: 0,000, Error: 0,0000 s
abr 04, 2013 12:33:09 PM org.ros.time.RemoteUptimeClock update
INFO: Latency: 7,0000 s, Delta ratio: 1,0000, Drift: 1,000, Error reduction coefficient: 0,000, Error: 0,0000 s
abr 04, 2013 12:33:09 PM org.ros.time.RemoteUptimeClock update
INFO: Latency: 7,0000 s, Delta ratio: 1,0000, Drift: 1,000, Error reduction coefficient: 0,000, Error: 0,0000 s
abr 04, 2013 12:33:09 PM org.ros.time.RemoteUptimeClock update
INFO: Latency: 7,0000 s, Delta ratio: 1,0000, Drift: 1,000, Error reduction coefficient: 0,000, Error: 0,0000 s
abr 04, 2013 12:33:09 PM org.ros.time.RemoteUptimeClock update
INFO: Latency: 7,0000 s, Delta ratio: 1,0000, Drift: 1,000, Error reduction coefficient: 0,000, Error: 0,0000 s
abr 04, 2013 12:33:09 PM org.ros.time.RemoteUptimeClock update
INFO: Latency: 7,0000 s, Delta ratio: 1,0000, Drift: 1,000, Error reduction coefficient: 0,000, Error: 0,0000 s
abr 04, 2013 12:33:09 PM org.ros.time.RemoteUptimeClock update
INFO: Latency: 7,0000 s, Delta ratio: 1,0000, Drift: 1,000, Error reduction coefficient: 0,000, Error: 0,0000 s
abr 04, 2013 12:33:09 PM org.ros.time.RemoteUptimeClock update
INFO: Latency: 7,0000 s, Delta ratio: 1,0000, Drift: 1,000, Error reduction coefficient: 0,000, Error: 0,0000 s
abr 04, 2013 12:33:09 PM org.ros.time.RemoteUptimeClock update
INFO: Latency: 7,0000 s, Delta ratio: 1,0000, Drift: 1,000, Error reduction coefficient: 0,000, Error: 0,0000 s
abr 04, 2013 12:33:09 PM org.ros.time.RemoteUptimeClock update
INFO: Latency: 7,0000 s, Delta ratio: 1,0000, Drift: 1,000, Error reduction coefficient: 0,000, Error: 0,0000 s
abr 04, 2013 12:33:09 PM org.ros.time.RemoteUptimeClock update
INFO: Latency: 7,0000 s, Delta ratio: 1,0000, Drift: 1,000, Error reduction coefficient: 0,000, Error: 0,0000 s
abr 04, 2013 12:33:09 PM org.ros.time.RemoteUptimeClock update
INFO: Latency: 7,0000 s, Delta ratio: 1,0000, Drift: 1,000, Error reduction coefficient: 0,000, Error: 0,0000 s
abr 04, 2013 12:33:09 PM org.ros.time.RemoteUptimeClock update
INFO: Latency: 7,0000 s, Delta ratio: 1,0000, Drift: 1,000, Error reduction coefficient: 0,000, Error: 0,0000 s
abr 04, 2013 12:33:09 PM org.ros.time.RemoteUptimeClock update
INFO: Latency: 7,0000 s, Delta ratio: 1,0000, Drift: 1,000, Error reduction coefficient: 0,000, Error: 0,0000 s
abr 04, 2013 12:33:09 PM org.ros.time.RemoteUptimeClock update
INFO: Latency: 7,0000 s, Delta ratio: 1,0000, Drift: 1,000, Error reduction coefficient: 0,000, Error: 0,0000 s
abr 04, 2013 12:33:09 PM org.ros.time.RemoteUptimeClock update
INFO: Latency: 7,0000 s, Delta ratio: 1,0000, Drift: 1,000, Error reduction coefficient: 0,000, Error: 0,0000 s
abr 04, 2013 12:33:09 PM org.ros.time.RemoteUptimeClock update
INFO: Latency: 7,0000 s, Delta ratio: 1,0000, Drift: 1,000, Error reduction coefficient: 0,000, Error: 0,0000 s
abr 04, 2013 12:33:09 PM org.ros.time.RemoteUptimeClock update
INFO: Latency: 7,0000 s, Delta ratio: 1,0000, Drift: 1,000, Error reduction coefficient: 0,000, Error: 0,0000 s
abr 04, 2013 12:33:09 PM org.ros.time.RemoteUptimeClock update
INFO: Latency: 7,0000 s, Delta ratio: 1,0000, Drift: 1,000, Error reduction coefficient: 0,000, Error: 0,0000 s
abr 04, 2013 12:33:09 PM org.ros.time.RemoteUptimeClock update
INFO: Latency: 7,0000 s, Delta ratio: 1,0000, Drift: 1,000, Error reduction coefficient: 0,000, Error: 0,0000 s
abr 04, 2013 12:33:09 PM org.ros.time.RemoteUptimeClock update
INFO: Latency: 7,0000 s, Delta ratio: 1,0000, Drift: 1,000, Error reduction coefficient: 0,000, Error: 0,0000 s
abr 04, 2013 12:33:09 PM org.ros.time.RemoteUptimeClock update
INFO: Latency: 7,0000 s, Delta ratio: 1,0000, Drift: 1,000, Error reduction coefficient: 0,000, Error: 0,0000 s
abr 04, 2013 12:33:09 PM org.ros.time.RemoteUptimeClock update
INFO: Latency: 7,0000 s, Delta ratio: 1,0000, Drift: 1,000, Error reduction coefficient: 0,000, Error: 0,0000 s
abr 04, 2013 12:33:09 PM org.ros.time.RemoteUptimeClock update
INFO: Latency: 7,0000 s, Delta ratio: 1,0000, Drift: 1,000, Error reduction coefficient: 0,000, Error: 0,0000 s
abr 04, 2013 12:33:09 PM org.ros.time.RemoteUptimeClock update
INFO: Latency: 7,0000 s, Delta ratio: 1,0000, Drift: 1,000, Error reduction coefficient: 0,000, Error: 0,0000 s
abr 04, 2013 12:33:09 PM org.ros.time.RemoteUptimeClock update
INFO: Latency: 7,0000 s, Delta ratio: 1,0000, Drift: 1,000, Error reduction coefficient: 0,000, Error: 0,0000 s
abr 04, 2013 12:33:09 PM org.ros.time.RemoteUptimeClock update
INFO: Latency: 7,0000 s, Delta ratio: 1,0000, Drift: 1,000, Error reduction coefficient: 0,000, Error: 0,0000 s
abr 04, 2013 12:33:09 PM org.ros.time.RemoteUptimeClock update
INFO: Latency: 7,0000 s, Delta ratio: 1,0000, Drift: 1,000, Error reduction coefficient: 0,000, Error: 0,0000 s
abr 04, 2013 12:33:09 PM org.ros.time.RemoteUptimeClock update
INFO: Latency: 7,0000 s, Delta ratio: 1,0000, Drift: 1,000, Error reduction coefficient: 0,000, Error: 0,0000 s
abr 04, 2013 12:33:09 PM org.ros.time.RemoteUptimeClock update
INFO: Latency: 7,0000 s, Delta ratio: 1,0000, Drift: 1,000, Error reduction coefficient: 0,000, Error: 0,0000 s
abr 04, 2013 12:33:09 PM org.ros.time.RemoteUptimeClock update
INFO: Latency: 7,0000 s, Delta ratio: 1,0000, Drift: 1,000, Error reduction coefficient: 0,000, Error: 0,0000 s
abr 04, 2013 12:33:09 PM org.ros.time.RemoteUptimeClock update
INFO: Latency: 7,0000 s, Delta ratio: 1,0000, Drift: 1,000, Error reduction coefficient: 0,000, Error: 0,0000 s
abr 04, 2013 12:33:09 PM org.ros.time.RemoteUptimeClock update
INFO: Latency: 7,0000 s, Delta ratio: 1,0000, Drift: 1,000, Error reduction coefficient: 0,000, Error: 0,0000 s
abr 04, 2013 12:33:09 PM org.ros.time.RemoteUptimeClock update
INFO: Latency: 7,0000 s, Delta ratio: 1,0000, Drift: 1,000, Error reduction coefficient: 0,000, Error: 0,0000 s
abr 04, 2013 12:33:09 PM org.ros.time.RemoteUptimeClock update
INFO: Latency: 7,0000 s, Delta ratio: 1,0000, Drift: 1,000, Error reduction coefficient: 0,000, Error: 0,0000 s
abr 04, 2013 12:33:09 PM org.ros.time.RemoteUptimeClock update
INFO: Latency: 7,0000 s, Delta ratio: 1,0000, Drift: 1,000, Error reduction coefficient: 0,000, Error: 0,0000 s
abr 04, 2013 12:33:09 PM org.ros.time.RemoteUptimeClock update
INFO: Latency: 7,0000 s, Delta ratio: 1,0000, Drift: 1,000, Error reduction coefficient: 0,000, Error: 0,0000 s
abr 04, 2013 12:33:09 PM org.ros.time.RemoteUptimeClock update
INFO: Latency: 7,0000 s, Delta ratio: 1,0000, Drift: 1,000, Error reduction coefficient: 0,000, Error: 0,0000 s
abr 04, 2013 12:33:09 PM org.ros.time.RemoteUptimeClock update
INFO: Latency: 7,0000 s, Delta ratio: 1,0000, Drift: 1,000, Error reduction coefficient: 0,000, Error: 0,0000 s
abr 04, 2013 12:33:09 PM org.ros.time.RemoteUptimeClock update
INFO: Latency: 7,0000 s, Delta ratio: 1,0000, Drift: 1,000, Error reduction coefficient: 0,000, Error: 0,0000 s
abr 04, 2013 12:33:09 PM org.ros.time.RemoteUptimeClock update
INFO: Latency: 7,0000 s, Delta ratio: 1,0000, Drift: 1,000, Error reduction coefficient: 0,000, Error: 0,0000 s
abr 04, 2013 12:33:09 PM org.ros.time.RemoteUptimeClock update
INFO: Latency: 7,0000 s, Delta ratio: 1,0000, Drift: 1,000, Error reduction coefficient: 0,000, Error: 0,0000 s
abr 04, 2013 12:33:09 PM org.ros.time.RemoteUptimeClock update
INFO: Latency: 7,0000 s, Delta ratio: 1,0000, Drift: 1,000, Error reduction coefficient: 0,000, Error: 0,0000 s
abr 04, 2013 12:33:09 PM org.ros.time.RemoteUptimeClock update
INFO: Latency: 7,0000 s, Delta ratio: 1,0000, Drift: 1,000, Error reduction coefficient: 0,000, Error: 0,0000 s
abr 04, 2013 12:33:09 PM org.ros.time.RemoteUptimeClock update
INFO: Latency: 7,0000 s, Delta ratio: 1,0000, Drift: 1,000, Error reduction coefficient: 0,000, Error: 0,0000 s
abr 04, 2013 12:33:09 PM org.ros.time.RemoteUptimeClock update
INFO: Latency: 7,0000 s, Delta ratio: 1,0000, Drift: 1,000, Error reduction coefficient: 0,000, Error: 0,0000 s
abr 04, 2013 12:33:09 PM org.ros.time.RemoteUptimeClock update
INFO: Latency: 7,0000 s, Delta ratio: 1,0000, Drift: 1,000, Error reduction coefficient: 0,000, Error: 0,0000 s
abr 04, 2013 12:33:09 PM org.ros.time.RemoteUptimeClock update
INFO: Latency: 7,0000 s, Delta ratio: 1,0000, Drift: 1,000, Error reduction coefficient: 0,000, Error: 0,0000 s
abr 04, 2013 12:33:09 PM org.ros.time.RemoteUptimeClock update
INFO: Latency: 7,0000 s, Delta ratio: 1,0000, Drift: 1,000, Error reduction coefficient: 0,000, Error: 0,0000 s
abr 04, 2013 12:33:09 PM org.ros.time.RemoteUptimeClock update
INFO: Latency: 7,0000 s, Delta ratio: 1,0000, Drift: 1,000, Error reduction coefficient: 0,000, Error: 0,0000 s
abr 04, 2013 12:33:09 PM org.ros.time.RemoteUptimeClock update
INFO: Latency: 7,0000 s, Delta ratio: 1,0000, Drift: 1,000, Error reduction coefficient: 0,000, Error: 0,0000 s
abr 04, 2013 12:33:09 PM org.ros.time.RemoteUptimeClock update
INFO: Latency: 7,0000 s, Delta ratio: 1,0000, Drift: 1,000, Error reduction coefficient: 0,000, Error: 0,0000 s
abr 04, 2013 12:33:09 PM org.ros.time.RemoteUptimeClock update
INFO: Latency: 7,0000 s, Delta ratio: 1,0000, Drift: 1,000, Error reduction coefficient: 0,000, Error: 0,0000 s
abr 04, 2013 12:33:09 PM org.ros.time.RemoteUptimeClock update
INFO: Latency: 7,0000 s, Delta ratio: 1,0000, Drift: 1,000, Error reduction coefficient: 0,000, Error: 0,0000 s
abr 04, 2013 12:33:09 PM org.ros.time.RemoteUptimeClock update
INFO: Latency: 7,0000 s, Delta ratio: 1,0000, Drift: 1,000, Error reduction coefficient: 0,000, Error: 0,0000 s
abr 04, 2013 12:33:09 PM org.ros.time.RemoteUptimeClock update
INFO: Latency: 7,0000 s, Delta ratio: 1,0000, Drift: 1,000, Error reduction coefficient: 0,000, Error: 0,0000 s
abr 04, 2013 12:33:09 PM org.ros.time.RemoteUptimeClock update
INFO: Latency: 7,0000 s, Delta ratio: 1,0000, Drift: 1,000, Error reduction coefficient: 0,000, Error: 0,0000 s
abr 04, 2013 12:33:09 PM org.ros.time.RemoteUptimeClock update
INFO: Latency: 7,0000 s, Delta ratio: 1,0000, Drift: 1,000, Error reduction coefficient: 0,000, Error: 0,0000 s
abr 04, 2013 12:33:09 PM org.ros.time.RemoteUptimeClock update
INFO: Latency: 7,0000 s, Delta ratio: 1,0000, Drift: 1,000, Error reduction coefficient: 0,000, Error: 0,0000 s
abr 04, 2013 12:33:09 PM org.ros.time.RemoteUptimeClock update
INFO: Latency: 7,0000 s, Delta ratio: 1,0000, Drift: 1,000, Error reduction coefficient: 0,000, Error: 0,0000 s
abr 04, 2013 12:33:09 PM org.ros.time.RemoteUptimeClock update
INFO: Latency: 7,0000 s, Delta ratio: 1,0000, Drift: 1,000, Error reduction coefficient: 0,000, Error: 0,0000 s
abr 04, 2013 12:33:09 PM org.ros.time.RemoteUptimeClock update
INFO: Latency: 7,0000 s, Delta ratio: 1,0000, Drift: 1,000, Error reduction coefficient: 0,000, Error: 0,0000 s
abr 04, 2013 12:33:09 PM org.ros.time.RemoteUptimeClock update
INFO: Latency: 7,0000 s, Delta ratio: 1,0000, Drift: 1,000, Error reduction coefficient: 0,000, Error: 0,0000 s
abr 04, 2013 12:33:09 PM org.ros.time.RemoteUptimeClock update
INFO: Latency: 7,0000 s, Delta ratio: 1,0000, Drift: 1,000, Error reduction coefficient: 0,000, Error: 0,0000 s
abr 04, 2013 12:33:09 PM org.ros.time.RemoteUptimeClock update
INFO: Latency: 7,0000 s, Delta ratio: 1,0000, Drift: 1,000, Error reduction coefficient: 0,000, Error: 0,0000 s
abr 04, 2013 12:33:09 PM org.ros.time.RemoteUptimeClock update
INFO: Latency: 7,0000 s, Delta ratio: 1,0000, Drift: 1,000, Error reduction coefficient: 0,000, Error: 0,0000 s
abr 04, 2013 12:33:09 PM org.ros.time.RemoteUptimeClock update
INFO: Latency: 7,0000 s, Delta ratio: 1,0000, Drift: 1,000, Error reduction coefficient: 0,000, Error: 0,0000 s
abr 04, 2013 12:33:09 PM org.ros.time.RemoteUptimeClock update
INFO: Latency: 7,0000 s, Delta ratio: 1,0000, Drift: 1,000, Error reduction coefficient: 0,000, Error: 0,0000 s
abr 04, 2013 12:33:09 PM org.ros.time.RemoteUptimeClock update
INFO: Latency: 7,0000 s, Delta ratio: 1,0000, Drift: 1,000, Error reduction coefficient: 0,000, Error: 0,0000 s
abr 04, 2013 12:33:09 PM org.ros.time.RemoteUptimeClock update
INFO: Latency: 7,0000 s, Delta ratio: 1,0000, Drift: 1,000, Error reduction coefficient: 0,000, Error: 0,0000 s
abr 04, 2013 12:33:09 PM org.ros.time.RemoteUptimeClock update
INFO: Latency: 7,0000 s, Delta ratio: 1,0000, Drift: 1,000, Error reduction coefficient: 0,000, Error: 0,0000 s
abr 04, 2013 12:33:09 PM org.ros.time.RemoteUptimeClock update
INFO: Latency: 7,0000 s, Delta ratio: 1,0000, Drift: 1,000, Error reduction coefficient: 0,000, Error: 0,0000 s
abr 04, 2013 12:33:09 PM org.ros.time.RemoteUptimeClock update
INFO: Latency: 7,0000 s, Delta ratio: 1,0000, Drift: 1,000, Error reduction coefficient: 0,000, Error: 0,0000 s
abr 04, 2013 12:33:09 PM org.ros.time.RemoteUptimeClock update
INFO: Latency: 7,0000 s, Delta ratio: 1,0000, Drift: 1,000, Error reduction coefficient: 0,000, Error: 0,0000 s
abr 04, 2013 12:33:09 PM org.ros.time.RemoteUptimeClock update
INFO: Latency: 7,0000 s, Delta ratio: 1,0000, Drift: 1,000, Error reduction coefficient: 0,000, Error: 0,0000 s
abr 04, 2013 12:33:09 PM org.ros.time.RemoteUptimeClock update
INFO: Latency: 7,0000 s, Delta ratio: 1,0000, Drift: 1,000, Error reduction coefficient: 0,000, Error: 0,0000 s
abr 04, 2013 12:33:09 PM org.ros.time.RemoteUptimeClock update
INFO: Latency: 7,0000 s, Delta ratio: 1,0000, Drift: 1,000, Error reduction coefficient: 0,000, Error: 0,0000 s
abr 04, 2013 12:33:09 PM org.ros.time.RemoteUptimeClock update
INFO: Latency: 7,0000 s, Delta ratio: 1,0000, Drift: 1,000, Error reduction coefficient: 0,000, Error: 0,0000 s
abr 04, 2013 12:33:09 PM org.ros.time.RemoteUptimeClock update
INFO: Latency: 7,0000 s, Delta ratio: 1,0000, Drift: 1,000, Error reduction coefficient: 0,000, Error: 0,0000 s
abr 04, 2013 12:33:09 PM org.ros.time.RemoteUptimeClock update
INFO: Latency: 7,0000 s, Delta ratio: 1,0000, Drift: 1,000, Error reduction coefficient: 0,000, Error: 0,0000 s
abr 04, 2013 12:33:09 PM org.ros.time.RemoteUptimeClock update
INFO: Latency: 7,0000 s, Delta ratio: 1,0000, Drift: 1,000, Error reduction coefficient: 0,000, Error: 0,0000 s
abr 04, 2013 12:33:09 PM org.ros.time.RemoteUptimeClock update
INFO: Latency: 7,0000 s, Delta ratio: 1,0000, Drift: 1,000, Error reduction coefficient: 0,000, Error: 0,0000 s
abr 04, 2013 12:33:09 PM org.ros.time.RemoteUptimeClock update
INFO: Latency: 7,0000 s, Delta ratio: 1,0000, Drift: 1,000, Error reduction coefficient: 0,000, Error: 0,0000 s
abr 04, 2013 12:33:09 PM org.ros.time.RemoteUptimeClock update
INFO: Latency: 7,0000 s, Delta ratio: 1,0000, Drift: 1,000, Error reduction coefficient: 0,000, Error: 0,0000 s
abr 04, 2013 12:33:09 PM org.ros.time.RemoteUptimeClock update
INFO: Latency: 7,0000 s, Delta ratio: 1,0000, Drift: 1,000, Error reduction coefficient: 0,000, Error: 0,0000 s
abr 04, 2013 12:33:09 PM org.ros.time.RemoteUptimeClock update
INFO: Latency: 7,0000 s, Delta ratio: 1,0000, Drift: 1,000, Error reduction coefficient: 0,000, Error: 0,0000 s
abr 04, 2013 12:33:09 PM org.ros.time.RemoteUptimeClock update
INFO: Latency: 7,0000 s, Delta ratio: 1,0000, Drift: 1,000, Error reduction coefficient: 0,000, Error: 0,0000 s
abr 04, 2013 12:33:09 PM org.ros.time.RemoteUptimeClock update
INFO: Latency: 7,0000 s, Delta ratio: 1,0000, Drift: 1,000, Error reduction coefficient: 0,000, Error: 0,0000 s
abr 04, 2013 12:33:09 PM org.ros.time.RemoteUptimeClock update
INFO: Latency: 7,0000 s, Delta ratio: 1,0000, Drift: 1,000, Error reduction coefficient: 0,000, Error: 0,0000 s
abr 04, 2013 12:33:09 PM org.ros.time.RemoteUptimeClock update
INFO: Latency: 7,0000 s, Delta ratio: 1,0000, Drift: 1,000, Error reduction coefficient: 0,000, Error: 0,0000 s
abr 04, 2013 12:33:09 PM org.ros.time.RemoteUptimeClock update
INFO: Latency: 7,0000 s, Delta ratio: 1,0000, Drift: 1,000, Error reduction coefficient: 0,000, Error: 0,0000 s
abr 04, 2013 12:33:09 PM org.ros.time.RemoteUptimeClock update
INFO: Latency: 7,0000 s, Delta ratio: 1,0000, Drift: 1,000, Error reduction coefficient: 0,000, Error: 0,0000 s
abr 04, 2013 12:33:09 PM org.ros.time.RemoteUptimeClock update
INFO: Latency: 7,0000 s, Delta ratio: 1,0000, Drift: 1,000, Error reduction coefficient: 0,000, Error: 0,0000 s
abr 04, 2013 12:33:09 PM org.ros.time.RemoteUptimeClock update
INFO: Latency: 7,0000 s, Delta ratio: 1,0000, Drift: 1,000, Error reduction coefficient: 0,000, Error: 0,0000 s
abr 04, 2013 12:33:09 PM org.ros.time.RemoteUptimeClock update
INFO: Latency: 7,0000 s, Delta ratio: 1,0000, Drift: 1,000, Error reduction coefficient: 0,000, Error: 0,0000 s
abr 04, 2013 12:33:09 PM org.ros.time.RemoteUptimeClock update
INFO: Latency: 7,0000 s, Delta ratio: 1,0000, Drift: 1,000, Error reduction coefficient: 0,000, Error: 0,0000 s
abr 04, 2013 12:33:09 PM org.ros.time.RemoteUptimeClock update
INFO: Latency: 7,0000 s, Delta ratio: 1,0000, Drift: 1,000, Error reduction coefficient: 0,000, Error: 0,0000 s
abr 04, 2013 12:33:09 PM org.ros.time.RemoteUptimeClock update
INFO: Latency: 7,0000 s, Delta ratio: 1,0000, Drift: 1,000, Error reduction coefficient: 0,000, Error: 0,0000 s
abr 04, 2013 12:33:09 PM org.ros.time.RemoteUptimeClock update
INFO: Latency: 7,0000 s, Delta ratio: 1,0000, Drift: 1,000, Error reduction coefficient: 0,000, Error: 0,0000 s
abr 04, 2013 12:33:09 PM org.ros.time.RemoteUptimeClock update
INFO: Latency: 7,0000 s, Delta ratio: 1,0000, Drift: 1,000, Error reduction coefficient: 0,000, Error: 0,0000 s
abr 04, 2013 12:33:09 PM org.ros.time.RemoteUptimeClock update
INFO: Latency: 7,0000 s, Delta ratio: 1,0000, Drift: 1,000, Error reduction coefficient: 0,000, Error: 0,0000 s
abr 04, 2013 12:33:09 PM org.ros.time.RemoteUptimeClock update
INFO: Latency: 7,0000 s, Delta ratio: 1,0000, Drift: 1,000, Error reduction coefficient: 0,000, Error: 0,0000 s
abr 04, 2013 12:33:09 PM org.ros.time.RemoteUptimeClock update
INFO: Latency: 7,0000 s, Delta ratio: 1,0000, Drift: 1,000, Error reduction coefficient: 0,000, Error: 0,0000 s
abr 04, 2013 12:33:09 PM org.ros.time.RemoteUptimeClock update
INFO: Latency: 7,0000 s, Delta ratio: 1,0000, Drift: 1,000, Error reduction coefficient: 0,000, Error: 0,0000 s
abr 04, 2013 12:33:09 PM org.ros.time.RemoteUptimeClock update
INFO: Latency: 7,0000 s, Delta ratio: 1,0000, Drift: 1,000, Error reduction coefficient: 0,000, Error: 0,0000 s
abr 04, 2013 12:33:09 PM org.ros.time.RemoteUptimeClock update
INFO: Latency: 7,0000 s, Delta ratio: 1,0000, Drift: 1,000, Error reduction coefficient: 0,000, Error: 0,0000 s
abr 04, 2013 12:33:09 PM org.ros.time.RemoteUptimeClock update
INFO: Latency: 7,0000 s, Delta ratio: 1,0000, Drift: 1,000, Error reduction coefficient: 0,000, Error: 0,0000 s
abr 04, 2013 12:33:09 PM org.ros.time.RemoteUptimeClock update
INFO: Latency: 7,0000 s, Delta ratio: 1,0000, Drift: 1,000, Error reduction coefficient: 0,000, Error: 0,0000 s
abr 04, 2013 12:33:09 PM org.ros.time.RemoteUptimeClock update
INFO: Latency: 7,0000 s, Delta ratio: 1,0000, Drift: 1,000, Error reduction coefficient: 0,000, Error: 0,0000 s
abr 04, 2013 12:33:09 PM org.ros.time.RemoteUptimeClock update
INFO: Latency: 7,0000 s, Delta ratio: 1,0000, Drift: 1,000, Error reduction coefficient: 0,000, Error: 0,0000 s
abr 04, 2013 12:33:09 PM org.ros.time.RemoteUptimeClock update
INFO: Latency: 7,0000 s, Delta ratio: 1,0000, Drift: 1,000, Error reduction coefficient: 0,000, Error: 0,0000 s
abr 04, 2013 12:33:09 PM org.ros.time.RemoteUptimeClock update
INFO: Latency: 7,0000 s, Delta ratio: 1,0000, Drift: 1,000, Error reduction coefficient: 0,000, Error: 0,0000 s
abr 04, 2013 12:33:09 PM org.ros.time.RemoteUptimeClock update
INFO: Latency: 7,0000 s, Delta ratio: 1,0000, Drift: 1,000, Error reduction coefficient: 0,000, Error: 0,0000 s
abr 04, 2013 12:33:09 PM org.ros.time.RemoteUptimeClock update
INFO: Latency: 7,0000 s, Delta ratio: 1,0000, Drift: 1,000, Error reduction coefficient: 0,000, Error: 0,0000 s
abr 04, 2013 12:33:09 PM org.ros.time.RemoteUptimeClock update
INFO: Latency: 7,0000 s, Delta ratio: 1,0000, Drift: 1,000, Error reduction coefficient: 0,000, Error: 0,0000 s
abr 04, 2013 12:33:09 PM org.ros.time.RemoteUptimeClock update
INFO: Latency: 7,0000 s, Delta ratio: 1,0000, Drift: 1,000, Error reduction coefficient: 0,000, Error: 0,0000 s
abr 04, 2013 12:33:09 PM org.ros.time.RemoteUptimeClock update
INFO: Latency: 7,0000 s, Delta ratio: 1,0000, Drift: 1,000, Error reduction coefficient: 0,000, Error: 0,0000 s
abr 04, 2013 12:33:09 PM org.ros.time.RemoteUptimeClock update
INFO: Latency: 7,0000 s, Delta ratio: 1,0000, Drift: 1,000, Error reduction coefficient: 0,000, Error: 0,0000 s
abr 04, 2013 12:33:09 PM org.ros.time.RemoteUptimeClock update
INFO: Latency: 7,0000 s, Delta ratio: 1,0000, Drift: 1,000, Error reduction coefficient: 0,000, Error: 0,0000 s
abr 04, 2013 12:33:09 PM org.ros.time.RemoteUptimeClock update
INFO: Latency: 7,0000 s, Delta ratio: 1,0000, Drift: 1,000, Error reduction coefficient: 0,000, Error: 0,0000 s
abr 04, 2013 12:33:09 PM org.ros.time.RemoteUptimeClock update
INFO: Latency: 7,0000 s, Delta ratio: 1,0000, Drift: 1,000, Error reduction coefficient: 0,000, Error: 0,0000 s
abr 04, 2013 12:33:09 PM org.ros.time.RemoteUptimeClock update
INFO: Latency: 7,0000 s, Delta ratio: 1,0000, Drift: 1,000, Error reduction coefficient: 0,000, Error: 0,0000 s
abr 04, 2013 12:33:09 PM org.ros.time.RemoteUptimeClock update
INFO: Latency: 7,0000 s, Delta ratio: 1,0000, Drift: 1,000, Error reduction coefficient: 0,000, Error: 0,0000 s
abr 04, 2013 12:33:09 PM org.ros.time.RemoteUptimeClock update
INFO: Latency: 7,0000 s, Delta ratio: 1,0000, Drift: 1,000, Error reduction coefficient: 0,000, Error: 0,0000 s
abr 04, 2013 12:33:09 PM org.ros.time.RemoteUptimeClock update
INFO: Latency: 7,0000 s, Delta ratio: 1,0000, Drift: 1,000, Error reduction coefficient: 0,000, Error: 0,0000 s
abr 04, 2013 12:33:09 PM org.ros.time.RemoteUptimeClock update
INFO: Latency: 7,0000 s, Delta ratio: 1,0000, Drift: 1,000, Error reduction coefficient: 0,000, Error: 0,0000 s
abr 04, 2013 12:33:09 PM org.ros.time.RemoteUptimeClock update
INFO: Latency: 7,0000 s, Delta ratio: 1,0000, Drift: 1,000, Error reduction coefficient: 0,000, Error: 0,0000 s
abr 04, 2013 12:33:09 PM org.ros.time.RemoteUptimeClock update
INFO: Latency: 7,0000 s, Delta ratio: 1,0000, Drift: 1,000, Error reduction coefficient: 0,000, Error: 0,0000 s
abr 04, 2013 12:33:09 PM org.ros.time.RemoteUptimeClock update
INFO: Latency: 7,0000 s, Delta ratio: 1,0000, Drift: 1,000, Error reduction coefficient: 0,000, Error: 0,0000 s
abr 04, 2013 12:33:09 PM org.ros.time.RemoteUptimeClock update
INFO: Latency: 7,0000 s, Delta ratio: 1,0000, Drift: 1,000, Error reduction coefficient: 0,000, Error: 0,0000 s
abr 04, 2013 12:33:09 PM org.ros.time.RemoteUptimeClock update
INFO: Latency: 7,0000 s, Delta ratio: 1,0000, Drift: 1,000, Error reduction coefficient: 0,000, Error: 0,0000 s
abr 04, 2013 12:33:09 PM org.ros.time.RemoteUptimeClock update
INFO: Latency: 7,0000 s, Delta ratio: 1,0000, Drift: 1,000, Error reduction coefficient: 0,000, Error: 0,0000 s
abr 04, 2013 12:33:09 PM org.ros.time.RemoteUptimeClock update
INFO: Latency: 7,0000 s, Delta ratio: 1,0000, Drift: 1,000, Error reduction coefficient: 0,000, Error: 0,0000 s
abr 04, 2013 12:33:09 PM org.ros.time.RemoteUptimeClock update
INFO: Latency: 7,0000 s, Delta ratio: 1,0000, Drift: 1,000, Error reduction coefficient: 0,000, Error: 0,0000 s
abr 04, 2013 12:33:09 PM org.ros.time.RemoteUptimeClock update
INFO: Latency: 7,0000 s, Delta ratio: 1,0000, Drift: 1,000, Error reduction coefficient: 0,000, Error: 0,0000 s
abr 04, 2013 12:33:09 PM org.ros.time.RemoteUptimeClock update
INFO: Latency: 7,0000 s, Delta ratio: 1,0000, Drift: 1,000, Error reduction coefficient: 0,000, Error: 0,0000 s
abr 04, 2013 12:33:09 PM org.ros.time.RemoteUptimeClock update
INFO: Latency: 7,0000 s, Delta ratio: 1,0000, Drift: 1,000, Error reduction coefficient: 0,000, Error: 0,0000 s
abr 04, 2013 12:33:09 PM org.ros.time.RemoteUptimeClock update
INFO: Latency: 7,0000 s, Delta ratio: 1,0000, Drift: 1,000, Error reduction coefficient: 0,000, Error: 0,0000 s
abr 04, 2013 12:33:09 PM org.ros.time.RemoteUptimeClock update
INFO: Latency: 7,0000 s, Delta ratio: 1,0000, Drift: 1,000, Error reduction coefficient: 0,000, Error: 0,0000 s
abr 04, 2013 12:33:09 PM org.ros.time.RemoteUptimeClock update
INFO: Latency: 7,0000 s, Delta ratio: 1,0000, Drift: 1,000, Error reduction coefficient: 0,000, Error: 0,0000 s
abr 04, 2013 12:33:09 PM org.ros.time.RemoteUptimeClock update
INFO: Latency: 7,0000 s, Delta ratio: 1,0000, Drift: 1,000, Error reduction coefficient: 0,000, Error: 0,0000 s
abr 04, 2013 12:33:09 PM org.ros.time.RemoteUptimeClock update
INFO: Latency: 7,0000 s, Delta ratio: 1,0000, Drift: 1,000, Error reduction coefficient: 0,000, Error: 0,0000 s
abr 04, 2013 12:33:09 PM org.ros.time.RemoteUptimeClock update
INFO: Latency: 7,0000 s, Delta ratio: 1,0000, Drift: 1,000, Error reduction coefficient: 0,000, Error: 0,0000 s
abr 04, 2013 12:33:09 PM org.ros.time.RemoteUptimeClock update
INFO: Latency: 7,0000 s, Delta ratio: 1,0000, Drift: 1,000, Error reduction coefficient: 0,000, Error: 0,0000 s
abr 04, 2013 12:33:09 PM org.ros.time.RemoteUptimeClock update
INFO: Latency: 7,0000 s, Delta ratio: 1,0000, Drift: 1,000, Error reduction coefficient: 0,000, Error: 0,0000 s
abr 04, 2013 12:33:09 PM org.ros.time.RemoteUptimeClock update
INFO: Latency: 7,0000 s, Delta ratio: 1,0000, Drift: 1,000, Error reduction coefficient: 0,000, Error: 0,0000 s
abr 04, 2013 12:33:09 PM org.ros.time.RemoteUptimeClock update
INFO: Latency: 7,0000 s, Delta ratio: 1,0000, Drift: 1,000, Error reduction coefficient: 0,000, Error: 0,0000 s
abr 04, 2013 12:33:09 PM org.ros.time.RemoteUptimeClock update
INFO: Latency: 7,0000 s, Delta ratio: 1,0000, Drift: 1,000, Error reduction coefficient: 0,000, Error: 0,0000 s
abr 04, 2013 12:33:09 PM org.ros.time.RemoteUptimeClock update
INFO: Latency: 7,0000 s, Delta ratio: 1,0000, Drift: 1,000, Error reduction coefficient: 0,000, Error: 0,0000 s
abr 04, 2013 12:33:09 PM org.ros.time.RemoteUptimeClock update
INFO: Latency: 7,0000 s, Delta ratio: 1,0000, Drift: 1,000, Error reduction coefficient: 0,000, Error: 0,0000 s
abr 04, 2013 12:33:09 PM org.ros.time.RemoteUptimeClock update
INFO: Latency: 7,0000 s, Delta ratio: 1,0000, Drift: 1,000, Error reduction coefficient: 0,000, Error: 0,0000 s
abr 04, 2013 12:33:09 PM org.ros.time.RemoteUptimeClock update
INFO: Latency: 7,0000 s, Delta ratio: 1,0000, Drift: 1,000, Error reduction coefficient: 0,000, Error: 0,0000 s
abr 04, 2013 12:33:09 PM org.ros.time.RemoteUptimeClock update
INFO: Latency: 7,0000 s, Delta ratio: 1,0000, Drift: 1,000, Error reduction coefficient: 0,000, Error: 0,0000 s
abr 04, 2013 12:33:09 PM org.ros.time.RemoteUptimeClock update
INFO: Latency: 7,0000 s, Delta ratio: 1,0000, Drift: 1,000, Error reduction coefficient: 0,000, Error: 0,0000 s
abr 04, 2013 12:33:09 PM org.ros.time.RemoteUptimeClock update
INFO: Latency: 7,0000 s, Delta ratio: 1,0000, Drift: 1,000, Error reduction coefficient: 0,000, Error: 0,0000 s
abr 04, 2013 12:33:09 PM org.ros.time.RemoteUptimeClock update
INFO: Latency: 7,0000 s, Delta ratio: 1,0000, Drift: 1,000, Error reduction coefficient: 0,000, Error: 0,0000 s
abr 04, 2013 12:33:09 PM org.ros.time.RemoteUptimeClock update
INFO: Latency: 7,0000 s, Delta ratio: 1,0000, Drift: 1,000, Error reduction coefficient: 0,000, Error: 0,0000 s
abr 04, 2013 12:33:09 PM org.ros.time.RemoteUptimeClock update
INFO: Latency: 7,0000 s, Delta ratio: 1,0000, Drift: 1,000, Error reduction coefficient: 0,000, Error: 0,0000 s
abr 04, 2013 12:33:09 PM org.ros.time.RemoteUptimeClock update
INFO: Latency: 7,0000 s, Delta ratio: 1,0000, Drift: 1,000, Error reduction coefficient: 0,000, Error: 0,0000 s
abr 04, 2013 12:33:09 PM org.ros.time.RemoteUptimeClock update
INFO: Latency: 7,0000 s, Delta ratio: 1,0000, Drift: 1,000, Error reduction coefficient: 0,000, Error: 0,0000 s
abr 04, 2013 12:33:09 PM org.ros.time.RemoteUptimeClock update
INFO: Latency: 7,0000 s, Delta ratio: 1,0000, Drift: 1,000, Error reduction coefficient: 0,000, Error: 0,0000 s
abr 04, 2013 12:33:09 PM org.ros.time.RemoteUptimeClock update
INFO: Latency: 7,0000 s, Delta ratio: 1,0000, Drift: 1,000, Error reduction coefficient: 0,000, Error: 0,0000 s
abr 04, 2013 12:33:09 PM org.ros.time.RemoteUptimeClock update
INFO: Latency: 7,0000 s, Delta ratio: 1,0000, Drift: 1,000, Error reduction coefficient: 0,000, Error: 0,0000 s
abr 04, 2013 12:33:09 PM org.ros.time.RemoteUptimeClock update
INFO: Latency: 7,0000 s, Delta ratio: 1,0000, Drift: 1,000, Error reduction coefficient: 0,000, Error: 0,0000 s
abr 04, 2013 12:33:09 PM org.ros.time.RemoteUptimeClock update
INFO: Latency: 7,0000 s, Delta ratio: 1,0000, Drift: 1,000, Error reduction coefficient: 0,000, Error: 0,0000 s
abr 04, 2013 12:33:09 PM org.ros.time.RemoteUptimeClock update
INFO: Latency: 7,0000 s, Delta ratio: 1,0000, Drift: 1,000, Error reduction coefficient: 0,000, Error: 0,0000 s
abr 04, 2013 12:33:09 PM org.ros.time.RemoteUptimeClock update
INFO: Latency: 7,0000 s, Delta ratio: 1,0000, Drift: 1,000, Error reduction coefficient: 0,000, Error: 0,0000 s
abr 04, 2013 12:33:09 PM org.ros.time.RemoteUptimeClock update
INFO: Latency: 7,0000 s, Delta ratio: 1,0000, Drift: 1,000, Error reduction coefficient: 0,000, Error: 0,0000 s
abr 04, 2013 12:33:09 PM org.ros.time.RemoteUptimeClock update
INFO: Latency: 7,0000 s, Delta ratio: 1,0000, Drift: 1,000, Error reduction coefficient: 0,000, Error: 0,0000 s
abr 04, 2013 12:33:09 PM org.ros.time.RemoteUptimeClock update
INFO: Latency: 7,0000 s, Delta ratio: 1,0000, Drift: 1,000, Error reduction coefficient: 0,000, Error: 0,0000 s
abr 04, 2013 12:33:09 PM org.ros.time.RemoteUptimeClock update
INFO: Latency: 7,0000 s, Delta ratio: 1,0000, Drift: 1,000, Error reduction coefficient: 0,000, Error: 0,0000 s
abr 04, 2013 12:33:09 PM org.ros.time.RemoteUptimeClock update
INFO: Latency: 7,0000 s, Delta ratio: 1,0000, Drift: 1,000, Error reduction coefficient: 0,000, Error: 0,0000 s
abr 04, 2013 12:33:09 PM org.ros.time.RemoteUptimeClock update
INFO: Latency: 7,0000 s, Delta ratio: 1,0000, Drift: 1,000, Error reduction coefficient: 0,000, Error: 0,0000 s
abr 04, 2013 12:33:09 PM org.ros.time.RemoteUptimeClock update
INFO: Latency: 7,0000 s, Delta ratio: 1,0000, Drift: 1,000, Error reduction coefficient: 0,000, Error: 0,0000 s
abr 04, 2013 12:33:09 PM org.ros.time.RemoteUptimeClock update
INFO: Latency: 7,0000 s, Delta ratio: 1,0000, Drift: 1,000, Error reduction coefficient: 0,000, Error: 0,0000 s
abr 04, 2013 12:33:09 PM org.ros.time.RemoteUptimeClock update
INFO: Latency: 7,0000 s, Delta ratio: 1,0000, Drift: 1,000, Error reduction coefficient: 0,000, Error: 0,0000 s
abr 04, 2013 12:33:09 PM org.ros.time.RemoteUptimeClock update
INFO: Latency: 7,0000 s, Delta ratio: 1,0000, Drift: 1,000, Error reduction coefficient: 0,000, Error: 0,0000 s
abr 04, 2013 12:33:09 PM org.ros.time.RemoteUptimeClock update
INFO: Latency: 7,0000 s, Delta ratio: 1,0000, Drift: 1,000, Error reduction coefficient: 0,000, Error: 0,0000 s
abr 04, 2013 12:33:09 PM org.ros.time.RemoteUptimeClock update
INFO: Latency: 7,0000 s, Delta ratio: 1,0000, Drift: 1,000, Error reduction coefficient: 0,000, Error: 0,0000 s
abr 04, 2013 12:33:09 PM org.ros.time.RemoteUptimeClock update
INFO: Latency: 7,0000 s, Delta ratio: 1,0000, Drift: 1,000, Error reduction coefficient: 0,000, Error: 0,0000 s
abr 04, 2013 12:33:09 PM org.ros.time.RemoteUptimeClock update
INFO: Latency: 7,0000 s, Delta ratio: 1,0000, Drift: 1,000, Error reduction coefficient: 0,000, Error: 0,0000 s
abr 04, 2013 12:33:09 PM org.ros.time.RemoteUptimeClock update
INFO: Latency: 7,0000 s, Delta ratio: 1,0000, Drift: 1,000, Error reduction coefficient: 0,000, Error: 0,0000 s
abr 04, 2013 12:33:09 PM org.ros.time.RemoteUptimeClock update
INFO: Latency: 7,0000 s, Delta ratio: 1,0000, Drift: 1,000, Error reduction coefficient: 0,000, Error: 0,0000 s
abr 04, 2013 12:33:09 PM org.ros.time.RemoteUptimeClock update
INFO: Latency: 7,0000 s, Delta ratio: 1,0000, Drift: 1,000, Error reduction coefficient: 0,000, Error: 0,0000 s
abr 04, 2013 12:33:09 PM org.ros.time.RemoteUptimeClock update
INFO: Latency: 7,0000 s, Delta ratio: 1,0000, Drift: 1,000, Error reduction coefficient: 0,000, Error: 0,0000 s
abr 04, 2013 12:33:09 PM org.ros.time.RemoteUptimeClock update
INFO: Latency: 7,0000 s, Delta ratio: 1,0000, Drift: 1,000, Error reduction coefficient: 0,000, Error: 0,0000 s
abr 04, 2013 12:33:09 PM org.ros.time.RemoteUptimeClock update
INFO: Latency: 7,0000 s, Delta ratio: 1,0000, Drift: 1,000, Error reduction coefficient: 0,000, Error: 0,0000 s
abr 04, 2013 12:33:09 PM org.ros.time.RemoteUptimeClock update
INFO: Latency: 7,0000 s, Delta ratio: 1,0000, Drift: 1,000, Error reduction coefficient: 0,000, Error: 0,0000 s
abr 04, 2013 12:33:09 PM org.ros.time.RemoteUptimeClock update
INFO: Latency: 7,0000 s, Delta ratio: 1,0000, Drift: 1,000, Error reduction coefficient: 0,000, Error: 0,0000 s
abr 04, 2013 12:33:09 PM org.ros.time.RemoteUptimeClock update
INFO: Latency: 7,0000 s, Delta ratio: 1,0000, Drift: 1,000, Error reduction coefficient: 0,000, Error: 0,0000 s
abr 04, 2013 12:33:09 PM org.ros.time.RemoteUptimeClock update
INFO: Latency: 7,0000 s, Delta ratio: 1,0000, Drift: 1,000, Error reduction coefficient: 0,000, Error: 0,0000 s
abr 04, 2013 12:33:09 PM org.ros.time.RemoteUptimeClock update
INFO: Latency: 7,0000 s, Delta ratio: 1,0000, Drift: 1,000, Error reduction coefficient: 0,000, Error: 0,0000 s
abr 04, 2013 12:33:09 PM org.ros.time.RemoteUptimeClock update
INFO: Latency: 7,0000 s, Delta ratio: 1,0000, Drift: 1,000, Error reduction coefficient: 0,000, Error: 0,0000 s
abr 04, 2013 12:33:09 PM org.ros.time.RemoteUptimeClock update
INFO: Latency: 7,0000 s, Delta ratio: 1,0000, Drift: 1,000, Error reduction coefficient: 0,000, Error: 0,0000 s
abr 04, 2013 12:33:09 PM org.ros.time.RemoteUptimeClock update
INFO: Latency: 7,0000 s, Delta ratio: 1,0000, Drift: 1,000, Error reduction coefficient: 0,000, Error: 0,0000 s
abr 04, 2013 12:33:09 PM org.ros.time.RemoteUptimeClock update
INFO: Latency: 7,0000 s, Delta ratio: 1,0000, Drift: 1,000, Error reduction coefficient: 0,000, Error: 0,0000 s
abr 04, 2013 12:33:09 PM org.ros.time.RemoteUptimeClock update
INFO: Latency: 7,0000 s, Delta ratio: 1,0000, Drift: 1,000, Error reduction coefficient: 0,000, Error: 0,0000 s
abr 04, 2013 12:33:09 PM org.ros.time.RemoteUptimeClock update
INFO: Latency: 7,0000 s, Delta ratio: 1,0000, Drift: 1,000, Error reduction coefficient: 0,000, Error: 0,0000 s
abr 04, 2013 12:33:09 PM org.ros.time.RemoteUptimeClock update
INFO: Latency: 7,0000 s, Delta ratio: 1,0000, Drift: 1,000, Error reduction coefficient: 0,000, Error: 0,0000 s
abr 04, 2013 12:33:09 PM org.ros.time.RemoteUptimeClock update
INFO: Latency: 7,0000 s, Delta ratio: 1,0000, Drift: 1,000, Error reduction coefficient: 0,000, Error: 0,0000 s
abr 04, 2013 12:33:09 PM org.ros.time.RemoteUptimeClock update
INFO: Latency: 7,0000 s, Delta ratio: 1,0000, Drift: 1,000, Error reduction coefficient: 0,000, Error: 0,0000 s
abr 04, 2013 12:33:09 PM org.ros.time.RemoteUptimeClock update
INFO: Latency: 7,0000 s, Delta ratio: 1,0000, Drift: 1,000, Error reduction coefficient: 0,000, Error: 0,0000 s
abr 04, 2013 12:33:09 PM org.ros.time.RemoteUptimeClock update
INFO: Latency: 7,0000 s, Delta ratio: 1,0000, Drift: 1,000, Error reduction coefficient: 0,000, Error: 0,0000 s
abr 04, 2013 12:33:09 PM org.ros.time.RemoteUptimeClock update
INFO: Latency: 7,0000 s, Delta ratio: 1,0000, Drift: 1,000, Error reduction coefficient: 0,000, Error: 0,0000 s
abr 04, 2013 12:33:09 PM org.ros.time.RemoteUptimeClock update
INFO: Latency: 7,0000 s, Delta ratio: 1,0000, Drift: 1,000, Error reduction coefficient: 0,000, Error: 0,0000 s
abr 04, 2013 12:33:09 PM org.ros.time.RemoteUptimeClock update
INFO: Latency: 7,0000 s, Delta ratio: 1,0000, Drift: 1,000, Error reduction coefficient: 0,000, Error: 0,0000 s
abr 04, 2013 12:33:09 PM org.ros.time.RemoteUptimeClock update
INFO: Latency: 7,0000 s, Delta ratio: 1,0000, Drift: 1,000, Error reduction coefficient: 0,000, Error: 0,0000 s
abr 04, 2013 12:33:09 PM org.ros.time.RemoteUptimeClock update
INFO: Latency: 7,0000 s, Delta ratio: 1,0000, Drift: 1,000, Error reduction coefficient: 0,000, Error: 0,0000 s
abr 04, 2013 12:33:09 PM org.ros.time.RemoteUptimeClock update
INFO: Latency: 7,0000 s, Delta ratio: 1,0000, Drift: 1,000, Error reduction coefficient: 0,000, Error: 0,0000 s
abr 04, 2013 12:33:09 PM org.ros.time.RemoteUptimeClock update
INFO: Latency: 7,0000 s, Delta ratio: 1,0000, Drift: 1,000, Error reduction coefficient: 0,000, Error: 0,0000 s
abr 04, 2013 12:33:09 PM org.ros.time.RemoteUptimeClock update
INFO: Latency: 7,0000 s, Delta ratio: 1,0000, Drift: 1,000, Error reduction coefficient: 0,000, Error: 0,0000 s
abr 04, 2013 12:33:09 PM org.ros.time.RemoteUptimeClock update
INFO: Latency: 7,0000 s, Delta ratio: 1,0000, Drift: 1,000, Error reduction coefficient: 0,000, Error: 0,0000 s
abr 04, 2013 12:33:09 PM org.ros.time.RemoteUptimeClock update
INFO: Latency: 7,0000 s, Delta ratio: 1,0000, Drift: 1,000, Error reduction coefficient: 0,000, Error: 0,0000 s
abr 04, 2013 12:33:09 PM org.ros.time.RemoteUptimeClock update
INFO: Latency: 7,0000 s, Delta ratio: 1,0000, Drift: 1,000, Error reduction coefficient: 0,000, Error: 0,0000 s
abr 04, 2013 12:33:09 PM org.ros.time.RemoteUptimeClock update
INFO: Latency: 7,0000 s, Delta ratio: 1,0000, Drift: 1,000, Error reduction coefficient: 0,000, Error: 0,0000 s
abr 04, 2013 12:33:09 PM org.ros.time.RemoteUptimeClock update
INFO: Latency: 7,0000 s, Delta ratio: 1,0000, Drift: 1,000, Error reduction coefficient: 0,000, Error: 0,0000 s
abr 04, 2013 12:33:09 PM org.ros.time.RemoteUptimeClock update
INFO: Latency: 7,0000 s, Delta ratio: 1,0000, Drift: 1,000, Error reduction coefficient: 0,000, Error: 0,0000 s
abr 04, 2013 12:33:09 PM org.ros.time.RemoteUptimeClock update
INFO: Latency: 7,0000 s, Delta ratio: 1,0000, Drift: 1,000, Error reduction coefficient: 0,000, Error: 0,0000 s
abr 04, 2013 12:33:09 PM org.ros.time.RemoteUptimeClock update
INFO: Latency: 7,0000 s, Delta ratio: 1,0000, Drift: 1,000, Error reduction coefficient: 0,000, Error: 0,0000 s
abr 04, 2013 12:33:09 PM org.ros.time.RemoteUptimeClock update
INFO: Latency: 7,0000 s, Delta ratio: 1,0000, Drift: 1,000, Error reduction coefficient: 0,000, Error: 0,0000 s
abr 04, 2013 12:33:09 PM org.ros.time.RemoteUptimeClock update
INFO: Latency: 7,0000 s, Delta ratio: 1,0000, Drift: 1,000, Error reduction coefficient: 0,000, Error: 0,0000 s
abr 04, 2013 12:33:09 PM org.ros.time.RemoteUptimeClock update
INFO: Latency: 7,0000 s, Delta ratio: 1,0000, Drift: 1,000, Error reduction coefficient: 0,000, Error: 0,0000 s
abr 04, 2013 12:33:09 PM org.ros.time.RemoteUptimeClock update
INFO: Latency: 7,0000 s, Delta ratio: 1,0000, Drift: 1,000, Error reduction coefficient: 0,000, Error: 0,0000 s
abr 04, 2013 12:33:09 PM org.ros.time.RemoteUptimeClock update
INFO: Latency: 7,0000 s, Delta ratio: 1,0000, Drift: 1,000, Error reduction coefficient: 0,000, Error: 0,0000 s
abr 04, 2013 12:33:09 PM org.ros.time.RemoteUptimeClock update
INFO: Latency: 7,0000 s, Delta ratio: 1,0000, Drift: 1,000, Error reduction coefficient: 0,000, Error: 0,0000 s
abr 04, 2013 12:33:09 PM org.ros.time.RemoteUptimeClock update
INFO: Latency: 7,0000 s, Delta ratio: 1,0000, Drift: 1,000, Error reduction coefficient: 0,000, Error: 0,0000 s
abr 04, 2013 12:33:09 PM org.ros.time.RemoteUptimeClock update
INFO: Latency: 7,0000 s, Delta ratio: 1,0000, Drift: 1,000, Error reduction coefficient: 0,000, Error: 0,0000 s
abr 04, 2013 12:33:09 PM org.ros.time.RemoteUptimeClock update
INFO: Latency: 7,0000 s, Delta ratio: 1,0000, Drift: 1,000, Error reduction coefficient: 0,000, Error: 0,0000 s
abr 04, 2013 12:33:09 PM org.ros.time.RemoteUptimeClock update
INFO: Latency: 7,0000 s, Delta ratio: 1,0000, Drift: 1,000, Error reduction coefficient: 0,000, Error: 0,0000 s
abr 04, 2013 12:33:09 PM org.ros.time.RemoteUptimeClock update
INFO: Latency: 7,0000 s, Delta ratio: 1,0000, Drift: 1,000, Error reduction coefficient: 0,000, Error: 0,0000 s
abr 04, 2013 12:33:09 PM org.ros.time.RemoteUptimeClock update
INFO: Latency: 7,0000 s, Delta ratio: 1,0000, Drift: 1,000, Error reduction coefficient: 0,000, Error: 0,0000 s
abr 04, 2013 12:33:09 PM org.ros.time.RemoteUptimeClock update
INFO: Latency: 7,0000 s, Delta ratio: 1,0000, Drift: 1,000, Error reduction coefficient: 0,000, Error: 0,0000 s
abr 04, 2013 12:33:09 PM org.ros.time.RemoteUptimeClock update
INFO: Latency: 7,0000 s, Delta ratio: 1,0000, Drift: 1,000, Error reduction coefficient: 0,000, Error: 0,0000 s
abr 04, 2013 12:33:09 PM org.ros.time.RemoteUptimeClock update
INFO: Latency: 7,0000 s, Delta ratio: 1,0000, Drift: 1,000, Error reduction coefficient: 0,000, Error: 0,0000 s
abr 04, 2013 12:33:09 PM org.ros.time.RemoteUptimeClock update
INFO: Latency: 7,0000 s, Delta ratio: 1,0000, Drift: 1,000, Error reduction coefficient: 0,000, Error: 0,0000 s
abr 04, 2013 12:33:09 PM org.ros.time.RemoteUptimeClock update
INFO: Latency: 7,0000 s, Delta ratio: 1,0000, Drift: 1,000, Error reduction coefficient: 0,000, Error: 0,0000 s
abr 04, 2013 12:33:09 PM org.ros.time.RemoteUptimeClock update
INFO: Latency: 7,0000 s, Delta ratio: 1,0000, Drift: 1,000, Error reduction coefficient: 0,000, Error: 0,0000 s
abr 04, 2013 12:33:09 PM org.ros.time.RemoteUptimeClock update
INFO: Latency: 7,0000 s, Delta ratio: 1,0000, Drift: 1,000, Error reduction coefficient: 0,000, Error: 0,0000 s
abr 04, 2013 12:33:09 PM org.ros.time.RemoteUptimeClock update
INFO: Latency: 7,0000 s, Delta ratio: 1,0000, Drift: 1,000, Error reduction coefficient: 0,000, Error: 0,0000 s
abr 04, 2013 12:33:09 PM org.ros.time.RemoteUptimeClock update
INFO: Latency: 7,0000 s, Delta ratio: 1,0000, Drift: 1,000, Error reduction coefficient: 0,000, Error: 0,0000 s
abr 04, 2013 12:33:09 PM org.ros.time.RemoteUptimeClock update
INFO: Latency: 7,0000 s, Delta ratio: 1,0000, Drift: 1,000, Error reduction coefficient: 0,000, Error: 0,0000 s
abr 04, 2013 12:33:09 PM org.ros.time.RemoteUptimeClock update
INFO: Latency: 7,0000 s, Delta ratio: 1,0000, Drift: 1,000, Error reduction coefficient: 0,000, Error: 0,0000 s
abr 04, 2013 12:33:09 PM org.ros.time.RemoteUptimeClock update
INFO: Latency: 7,0000 s, Delta ratio: 1,0000, Drift: 1,000, Error reduction coefficient: 0,000, Error: 0,0000 s
abr 04, 2013 12:33:09 PM org.ros.time.RemoteUptimeClock update
INFO: Latency: 7,0000 s, Delta ratio: 1,0000, Drift: 1,000, Error reduction coefficient: 0,000, Error: 0,0000 s
abr 04, 2013 12:33:09 PM org.ros.time.RemoteUptimeClock update
INFO: Latency: 7,0000 s, Delta ratio: 1,0000, Drift: 1,000, Error reduction coefficient: 0,000, Error: 0,0000 s
abr 04, 2013 12:33:09 PM org.ros.time.RemoteUptimeClock update
INFO: Latency: 7,0000 s, Delta ratio: 1,0000, Drift: 1,000, Error reduction coefficient: 0,000, Error: 0,0000 s
abr 04, 2013 12:33:09 PM org.ros.time.RemoteUptimeClock update
INFO: Latency: 7,0000 s, Delta ratio: 1,0000, Drift: 1,000, Error reduction coefficient: 0,000, Error: 0,0000 s
abr 04, 2013 12:33:09 PM org.ros.time.RemoteUptimeClock update
INFO: Latency: 7,0000 s, Delta ratio: 1,0000, Drift: 1,000, Error reduction coefficient: 0,000, Error: 0,0000 s
abr 04, 2013 12:33:09 PM org.ros.time.RemoteUptimeClock update
INFO: Latency: 7,0000 s, Delta ratio: 1,0000, Drift: 1,000, Error reduction coefficient: 0,000, Error: 0,0000 s
abr 04, 2013 12:33:09 PM org.ros.time.RemoteUptimeClock update
INFO: Latency: 7,0000 s, Delta ratio: 1,0000, Drift: 1,000, Error reduction coefficient: 0,000, Error: 0,0000 s
abr 04, 2013 12:33:09 PM org.ros.time.RemoteUptimeClock update
INFO: Latency: 7,0000 s, Delta ratio: 1,0000, Drift: 1,000, Error reduction coefficient: 0,000, Error: 0,0000 s
abr 04, 2013 12:33:09 PM org.ros.time.RemoteUptimeClock update
INFO: Latency: 7,0000 s, Delta ratio: 1,0000, Drift: 1,000, Error reduction coefficient: 0,000, Error: 0,0000 s
abr 04, 2013 12:33:09 PM org.ros.time.RemoteUptimeClock update
INFO: Latency: 7,0000 s, Delta ratio: 1,0000, Drift: 1,000, Error reduction coefficient: 0,000, Error: 0,0000 s
abr 04, 2013 12:33:09 PM org.ros.time.RemoteUptimeClock update
INFO: Latency: 7,0000 s, Delta ratio: 1,0000, Drift: 1,000, Error reduction coefficient: 0,000, Error: 0,0000 s
abr 04, 2013 12:33:09 PM org.ros.time.RemoteUptimeClock update
INFO: Latency: 7,0000 s, Delta ratio: 1,0000, Drift: 1,000, Error reduction coefficient: 0,000, Error: 0,0000 s
abr 04, 2013 12:33:09 PM org.ros.time.RemoteUptimeClock update
INFO: Latency: 7,0000 s, Delta ratio: 1,0000, Drift: 1,000, Error reduction coefficient: 0,000, Error: 0,0000 s
abr 04, 2013 12:33:09 PM org.ros.time.RemoteUptimeClock update
INFO: Latency: 7,0000 s, Delta ratio: 1,0000, Drift: 1,000, Error reduction coefficient: 0,000, Error: 0,0000 s
abr 04, 2013 12:33:09 PM org.ros.time.RemoteUptimeClock update
INFO: Latency: 7,0000 s, Delta ratio: 1,0000, Drift: 1,000, Error reduction coefficient: 0,000, Error: 0,0000 s
abr 04, 2013 12:33:09 PM org.ros.time.RemoteUptimeClock update
INFO: Latency: 7,0000 s, Delta ratio: 1,0000, Drift: 1,000, Error reduction coefficient: 0,000, Error: 0,0000 s
abr 04, 2013 12:33:09 PM org.ros.time.RemoteUptimeClock update
INFO: Latency: 7,0000 s, Delta ratio: 1,0000, Drift: 1,000, Error reduction coefficient: 0,000, Error: 0,0000 s
abr 04, 2013 12:33:09 PM org.ros.time.RemoteUptimeClock update
INFO: Latency: 7,0000 s, Delta ratio: 1,0000, Drift: 1,000, Error reduction coefficient: 0,000, Error: 0,0000 s
abr 04, 2013 12:33:09 PM org.ros.time.RemoteUptimeClock update
INFO: Latency: 7,0000 s, Delta ratio: 1,0000, Drift: 1,000, Error reduction coefficient: 0,000, Error: 0,0000 s
abr 04, 2013 12:33:09 PM org.ros.time.RemoteUptimeClock update
INFO: Latency: 7,0000 s, Delta ratio: 1,0000, Drift: 1,000, Error reduction coefficient: 0,000, Error: 0,0000 s
abr 04, 2013 12:33:09 PM org.ros.time.RemoteUptimeClock update
INFO: Latency: 7,0000 s, Delta ratio: 1,0000, Drift: 1,000, Error reduction coefficient: 0,000, Error: 0,0000 s
abr 04, 2013 12:33:09 PM org.ros.time.RemoteUptimeClock update
INFO: Latency: 7,0000 s, Delta ratio: 1,0000, Drift: 1,000, Error reduction coefficient: 0,000, Error: 0,0000 s
abr 04, 2013 12:33:09 PM org.ros.time.RemoteUptimeClock update
INFO: Latency: 7,0000 s, Delta ratio: 1,0000, Drift: 1,000, Error reduction coefficient: 0,000, Error: 0,0000 s
abr 04, 2013 12:33:09 PM org.ros.time.RemoteUptimeClock update
INFO: Latency: 7,0000 s, Delta ratio: 1,0000, Drift: 1,000, Error reduction coefficient: 0,000, Error: 0,0000 s
abr 04, 2013 12:33:09 PM org.ros.time.RemoteUptimeClock update
INFO: Latency: 7,0000 s, Delta ratio: 1,0000, Drift: 1,000, Error reduction coefficient: 0,000, Error: 0,0000 s
abr 04, 2013 12:33:09 PM org.ros.time.RemoteUptimeClock update
INFO: Latency: 7,0000 s, Delta ratio: 1,0000, Drift: 1,000, Error reduction coefficient: 0,000, Error: 0,0000 s
abr 04, 2013 12:33:09 PM org.ros.time.RemoteUptimeClock update
INFO: Latency: 7,0000 s, Delta ratio: 1,0000, Drift: 1,000, Error reduction coefficient: 0,000, Error: 0,0000 s
abr 04, 2013 12:33:09 PM org.ros.time.RemoteUptimeClock update
INFO: Latency: 7,0000 s, Delta ratio: 1,0000, Drift: 1,000, Error reduction coefficient: 0,000, Error: 0,0000 s
abr 04, 2013 12:33:09 PM org.ros.time.RemoteUptimeClock update
INFO: Latency: 7,0000 s, Delta ratio: 1,0000, Drift: 1,000, Error reduction coefficient: 0,000, Error: 0,0000 s
abr 04, 2013 12:33:09 PM org.ros.time.RemoteUptimeClock update
INFO: Latency: 7,0000 s, Delta ratio: 1,0000, Drift: 1,000, Error reduction coefficient: 0,000, Error: 0,0000 s
abr 04, 2013 12:33:09 PM org.ros.time.RemoteUptimeClock update
INFO: Latency: 7,0000 s, Delta ratio: 1,0000, Drift: 1,000, Error reduction coefficient: 0,000, Error: 0,0000 s
abr 04, 2013 12:33:09 PM org.ros.time.RemoteUptimeClock update
INFO: Latency: 7,0000 s, Delta ratio: 1,0000, Drift: 1,000, Error reduction coefficient: 0,000, Error: 0,0000 s
abr 04, 2013 12:33:09 PM org.ros.time.RemoteUptimeClock update
INFO: Latency: 7,0000 s, Delta ratio: 1,0000, Drift: 1,000, Error reduction coefficient: 0,000, Error: 0,0000 s
abr 04, 2013 12:33:09 PM org.ros.time.RemoteUptimeClock update
INFO: Latency: 7,0000 s, Delta ratio: 1,0000, Drift: 1,000, Error reduction coefficient: 0,000, Error: 0,0000 s
abr 04, 2013 12:33:09 PM org.ros.time.RemoteUptimeClock update
INFO: Latency: 7,0000 s, Delta ratio: 1,0000, Drift: 1,000, Error reduction coefficient: 0,000, Error: 0,0000 s
abr 04, 2013 12:33:09 PM org.ros.time.RemoteUptimeClock update
INFO: Latency: 7,0000 s, Delta ratio: 1,0000, Drift: 1,000, Error reduction coefficient: 0,000, Error: 0,0000 s
abr 04, 2013 12:33:09 PM org.ros.time.RemoteUptimeClock update
INFO: Latency: 7,0000 s, Delta ratio: 1,0000, Drift: 1,000, Error reduction coefficient: 0,000, Error: 0,0000 s
abr 04, 2013 12:33:09 PM org.ros.time.RemoteUptimeClock update
INFO: Latency: 7,0000 s, Delta ratio: 1,0000, Drift: 1,000, Error reduction coefficient: 0,000, Error: 0,0000 s
abr 04, 2013 12:33:09 PM org.ros.time.RemoteUptimeClock update
INFO: Latency: 7,0000 s, Delta ratio: 1,0000, Drift: 1,000, Error reduction coefficient: 0,000, Error: 0,0000 s
abr 04, 2013 12:33:09 PM org.ros.time.RemoteUptimeClock update
INFO: Latency: 7,0000 s, Delta ratio: 1,0000, Drift: 1,000, Error reduction coefficient: 0,000, Error: 0,0000 s
abr 04, 2013 12:33:09 PM org.ros.time.RemoteUptimeClock update
INFO: Latency: 7,0000 s, Delta ratio: 1,0000, Drift: 1,000, Error reduction coefficient: 0,000, Error: 0,0000 s
abr 04, 2013 12:33:09 PM org.ros.time.RemoteUptimeClock update
INFO: Latency: 7,0000 s, Delta ratio: 1,0000, Drift: 1,000, Error reduction coefficient: 0,000, Error: 0,0000 s
abr 04, 2013 12:33:09 PM org.ros.time.RemoteUptimeClock update
INFO: Latency: 7,0000 s, Delta ratio: 1,0000, Drift: 1,000, Error reduction coefficient: 0,000, Error: 0,0000 s
abr 04, 2013 12:33:09 PM org.ros.time.RemoteUptimeClock update
INFO: Latency: 7,0000 s, Delta ratio: 1,0000, Drift: 1,000, Error reduction coefficient: 0,000, Error: 0,0000 s
abr 04, 2013 12:33:09 PM org.ros.time.RemoteUptimeClock update
INFO: Latency: 7,0000 s, Delta ratio: 1,0000, Drift: 1,000, Error reduction coefficient: 0,000, Error: 0,0000 s
abr 04, 2013 12:33:09 PM org.ros.time.RemoteUptimeClock update
INFO: Latency: 7,0000 s, Delta ratio: 1,0000, Drift: 1,000, Error reduction coefficient: 0,000, Error: 0,0000 s
abr 04, 2013 12:33:09 PM org.ros.time.RemoteUptimeClock update
INFO: Latency: 7,0000 s, Delta ratio: 1,0000, Drift: 1,000, Error reduction coefficient: 0,000, Error: 0,0000 s
abr 04, 2013 12:33:09 PM org.ros.time.RemoteUptimeClock update
INFO: Latency: 7,0000 s, Delta ratio: 1,0000, Drift: 1,000, Error reduction coefficient: 0,000, Error: 0,0000 s
abr 04, 2013 12:33:09 PM org.ros.time.RemoteUptimeClock update
INFO: Latency: 7,0000 s, Delta ratio: 1,0000, Drift: 1,000, Error reduction coefficient: 0,000, Error: 0,0000 s
abr 04, 2013 12:33:09 PM org.ros.time.RemoteUptimeClock update
INFO: Latency: 7,0000 s, Delta ratio: 1,0000, Drift: 1,000, Error reduction coefficient: 0,000, Error: 0,0000 s
abr 04, 2013 12:33:09 PM org.ros.time.RemoteUptimeClock update
INFO: Latency: 7,0000 s, Delta ratio: 1,0000, Drift: 1,000, Error reduction coefficient: 0,000, Error: 0,0000 s
abr 04, 2013 12:33:09 PM org.ros.time.RemoteUptimeClock update
INFO: Latency: 7,0000 s, Delta ratio: 1,0000, Drift: 1,000, Error reduction coefficient: 0,000, Error: 0,0000 s
abr 04, 2013 12:33:09 PM org.ros.time.RemoteUptimeClock update
INFO: Latency: 7,0000 s, Delta ratio: 1,0000, Drift: 1,000, Error reduction coefficient: 0,000, Error: 0,0000 s
abr 04, 2013 12:33:09 PM org.ros.time.RemoteUptimeClock update
INFO: Latency: 7,0000 s, Delta ratio: 1,0000, Drift: 1,000, Error reduction coefficient: 0,000, Error: 0,0000 s
abr 04, 2013 12:33:09 PM org.ros.time.RemoteUptimeClock update
INFO: Latency: 7,0000 s, Delta ratio: 1,0000, Drift: 1,000, Error reduction coefficient: 0,000, Error: 0,0000 s
abr 04, 2013 12:33:09 PM org.ros.time.RemoteUptimeClock update
INFO: Latency: 7,0000 s, Delta ratio: 1,0000, Drift: 1,000, Error reduction coefficient: 0,000, Error: 0,0000 s
abr 04, 2013 12:33:09 PM org.ros.time.RemoteUptimeClock update
INFO: Latency: 7,0000 s, Delta ratio: 1,0000, Drift: 1,000, Error reduction coefficient: 0,000, Error: 0,0000 s
abr 04, 2013 12:33:09 PM org.ros.time.RemoteUptimeClock update
INFO: Latency: 7,0000 s, Delta ratio: 1,0000, Drift: 1,000, Error reduction coefficient: 0,000, Error: 0,0000 s
abr 04, 2013 12:33:09 PM org.ros.time.RemoteUptimeClock update
INFO: Latency: 7,0000 s, Delta ratio: 1,0000, Drift: 1,000, Error reduction coefficient: 0,000, Error: 0,0000 s
abr 04, 2013 12:33:09 PM org.ros.time.RemoteUptimeClock update
INFO: Latency: 7,0000 s, Delta ratio: 1,0000, Drift: 1,000, Error reduction coefficient: 0,000, Error: 0,0000 s
abr 04, 2013 12:33:09 PM org.ros.time.RemoteUptimeClock update
INFO: Latency: 7,0000 s, Delta ratio: 1,0000, Drift: 1,000, Error reduction coefficient: 0,000, Error: 0,0000 s
abr 04, 2013 12:33:09 PM org.ros.time.RemoteUptimeClock update
INFO: Latency: 7,0000 s, Delta ratio: 1,0000, Drift: 1,000, Error reduction coefficient: 0,000, Error: 0,0000 s
abr 04, 2013 12:33:09 PM org.ros.time.RemoteUptimeClock update
INFO: Latency: 7,0000 s, Delta ratio: 1,0000, Drift: 1,000, Error reduction coefficient: 0,000, Error: 0,0000 s
abr 04, 2013 12:33:09 PM org.ros.time.RemoteUptimeClock update
INFO: Latency: 7,0000 s, Delta ratio: 1,0000, Drift: 1,000, Error reduction coefficient: 0,000, Error: 0,0000 s
abr 04, 2013 12:33:09 PM org.ros.time.RemoteUptimeClock update
INFO: Latency: 7,0000 s, Delta ratio: 1,0000, Drift: 1,000, Error reduction coefficient: 0,000, Error: 0,0000 s
abr 04, 2013 12:33:09 PM org.ros.time.RemoteUptimeClock update
INFO: Latency: 7,0000 s, Delta ratio: 1,0000, Drift: 1,000, Error reduction coefficient: 0,000, Error: 0,0000 s
abr 04, 2013 12:33:09 PM org.ros.time.RemoteUptimeClock update
INFO: Latency: 7,0000 s, Delta ratio: 1,0000, Drift: 1,000, Error reduction coefficient: 0,000, Error: 0,0000 s
abr 04, 2013 12:33:09 PM org.ros.time.RemoteUptimeClock update
INFO: Latency: 7,0000 s, Delta ratio: 1,0000, Drift: 1,000, Error reduction coefficient: 0,000, Error: 0,0000 s
abr 04, 2013 12:33:09 PM org.ros.time.RemoteUptimeClock update
INFO: Latency: 7,0000 s, Delta ratio: 1,0000, Drift: 1,000, Error reduction coefficient: 0,000, Error: 0,0000 s
abr 04, 2013 12:33:09 PM org.ros.time.RemoteUptimeClock update
INFO: Latency: 7,0000 s, Delta ratio: 1,0000, Drift: 1,000, Error reduction coefficient: 0,000, Error: 0,0000 s
abr 04, 2013 12:33:09 PM org.ros.time.RemoteUptimeClock update
INFO: Latency: 7,0000 s, Delta ratio: 1,0000, Drift: 1,000, Error reduction coefficient: 0,000, Error: 0,0000 s
abr 04, 2013 12:33:09 PM org.ros.time.RemoteUptimeClock update
INFO: Latency: 7,0000 s, Delta ratio: 1,0000, Drift: 1,000, Error reduction coefficient: 0,000, Error: 0,0000 s
abr 04, 2013 12:33:09 PM org.ros.time.RemoteUptimeClock update
INFO: Latency: 7,0000 s, Delta ratio: 1,0000, Drift: 1,000, Error reduction coefficient: 0,000, Error: 0,0000 s
abr 04, 2013 12:33:09 PM org.ros.time.RemoteUptimeClock update
INFO: Latency: 7,0000 s, Delta ratio: 1,0000, Drift: 1,000, Error reduction coefficient: 0,000, Error: 0,0000 s
abr 04, 2013 12:33:09 PM org.ros.time.RemoteUptimeClock update
INFO: Latency: 7,0000 s, Delta ratio: 1,0000, Drift: 1,000, Error reduction coefficient: 0,000, Error: 0,0000 s
abr 04, 2013 12:33:09 PM org.ros.time.RemoteUptimeClock update
INFO: Latency: 7,0000 s, Delta ratio: 1,0000, Drift: 1,000, Error reduction coefficient: 0,000, Error: 0,0000 s
abr 04, 2013 12:33:09 PM org.ros.time.RemoteUptimeClock update
INFO: Latency: 7,0000 s, Delta ratio: 1,0000, Drift: 1,000, Error reduction coefficient: 0,000, Error: 0,0000 s
abr 04, 2013 12:33:09 PM org.ros.time.RemoteUptimeClock update
INFO: Latency: 7,0000 s, Delta ratio: 1,0000, Drift: 1,000, Error reduction coefficient: 0,000, Error: 0,0000 s
abr 04, 2013 12:33:09 PM org.ros.time.RemoteUptimeClock update
INFO: Latency: 7,0000 s, Delta ratio: 1,0000, Drift: 1,000, Error reduction coefficient: 0,000, Error: 0,0000 s
abr 04, 2013 12:33:09 PM org.ros.time.RemoteUptimeClock update
INFO: Latency: 7,0000 s, Delta ratio: 1,0000, Drift: 1,000, Error reduction coefficient: 0,000, Error: 0,0000 s
abr 04, 2013 12:33:09 PM org.ros.time.RemoteUptimeClock update
INFO: Latency: 7,0000 s, Delta ratio: 1,0000, Drift: 1,000, Error reduction coefficient: 0,000, Error: 0,0000 s
abr 04, 2013 12:33:09 PM org.ros.time.RemoteUptimeClock update
INFO: Latency: 7,0000 s, Delta ratio: 1,0000, Drift: 1,000, Error reduction coefficient: 0,000, Error: 0,0000 s
abr 04, 2013 12:33:09 PM org.ros.time.RemoteUptimeClock update
INFO: Latency: 7,0000 s, Delta ratio: 1,0000, Drift: 1,000, Error reduction coefficient: 0,000, Error: 0,0000 s
abr 04, 2013 12:33:09 PM org.ros.time.RemoteUptimeClock update
INFO: Latency: 7,0000 s, Delta ratio: 1,0000, Drift: 1,000, Error reduction coefficient: 0,000, Error: 0,0000 s
abr 04, 2013 12:33:09 PM org.ros.time.RemoteUptimeClock update
INFO: Latency: 7,0000 s, Delta ratio: 1,0000, Drift: 1,000, Error reduction coefficient: 0,000, Error: 0,0000 s
abr 04, 2013 12:33:09 PM org.ros.time.RemoteUptimeClock update
INFO: Latency: 7,0000 s, Delta ratio: 1,0000, Drift: 1,000, Error reduction coefficient: 0,000, Error: 0,0000 s
abr 04, 2013 12:33:09 PM org.ros.time.RemoteUptimeClock update
INFO: Latency: 7,0000 s, Delta ratio: 1,0000, Drift: 1,000, Error reduction coefficient: 0,000, Error: 0,0000 s
abr 04, 2013 12:33:09 PM org.ros.time.RemoteUptimeClock update
INFO: Latency: 7,0000 s, Delta ratio: 1,0000, Drift: 1,000, Error reduction coefficient: 0,000, Error: 0,0000 s
abr 04, 2013 12:33:09 PM org.ros.time.RemoteUptimeClock update
INFO: Latency: 7,0000 s, Delta ratio: 1,0000, Drift: 1,000, Error reduction coefficient: 0,000, Error: 0,0000 s
abr 04, 2013 12:33:09 PM org.ros.time.RemoteUptimeClock update
INFO: Latency: 7,0000 s, Delta ratio: 1,0000, Drift: 1,000, Error reduction coefficient: 0,000, Error: 0,0000 s
abr 04, 2013 12:33:09 PM org.ros.time.RemoteUptimeClock update
INFO: Latency: 7,0000 s, Delta ratio: 1,0000, Drift: 1,000, Error reduction coefficient: 0,000, Error: 0,0000 s
abr 04, 2013 12:33:09 PM org.ros.time.RemoteUptimeClock update
INFO: Latency: 7,0000 s, Delta ratio: 1,0000, Drift: 1,000, Error reduction coefficient: 0,000, Error: 0,0000 s
abr 04, 2013 12:33:09 PM org.ros.time.RemoteUptimeClock update
INFO: Latency: 7,0000 s, Delta ratio: 1,0000, Drift: 1,000, Error reduction coefficient: 0,000, Error: 0,0000 s
abr 04, 2013 12:33:09 PM org.ros.time.RemoteUptimeClock update
INFO: Latency: 7,0000 s, Delta ratio: 1,0000, Drift: 1,000, Error reduction coefficient: 0,000, Error: 0,0000 s
abr 04, 2013 12:33:09 PM org.ros.time.RemoteUptimeClock update
INFO: Latency: 7,0000 s, Delta ratio: 1,0000, Drift: 1,000, Error reduction coefficient: 0,000, Error: 0,0000 s
abr 04, 2013 12:33:09 PM org.ros.time.RemoteUptimeClock update
INFO: Latency: 7,0000 s, Delta ratio: 1,0000, Drift: 1,000, Error reduction coefficient: 0,000, Error: 0,0000 s
abr 04, 2013 12:33:09 PM org.ros.time.RemoteUptimeClock update
INFO: Latency: 7,0000 s, Delta ratio: 1,0000, Drift: 1,000, Error reduction coefficient: 0,000, Error: 0,0000 s
abr 04, 2013 12:33:09 PM org.ros.time.RemoteUptimeClock update
INFO: Latency: 7,0000 s, Delta ratio: 1,0000, Drift: 1,000, Error reduction coefficient: 0,000, Error: 0,0000 s
abr 04, 2013 12:33:09 PM org.ros.time.RemoteUptimeClock update
INFO: Latency: 7,0000 s, Delta ratio: 1,0000, Drift: 1,000, Error reduction coefficient: 0,000, Error: 0,0000 s
abr 04, 2013 12:33:09 PM org.ros.time.RemoteUptimeClock update
INFO: Latency: 7,0000 s, Delta ratio: 1,0000, Drift: 1,000, Error reduction coefficient: 0,000, Error: 0,0000 s
abr 04, 2013 12:33:09 PM org.ros.time.RemoteUptimeClock update
INFO: Latency: 7,0000 s, Delta ratio: 1,0000, Drift: 1,000, Error reduction coefficient: 0,000, Error: 0,0000 s
abr 04, 2013 12:33:09 PM org.ros.time.RemoteUptimeClock update
INFO: Latency: 7,0000 s, Delta ratio: 1,0000, Drift: 1,000, Error reduction coefficient: 0,000, Error: 0,0000 s
abr 04, 2013 12:33:09 PM org.ros.time.RemoteUptimeClock update
INFO: Latency: 7,0000 s, Delta ratio: 1,0000, Drift: 1,000, Error reduction coefficient: 0,000, Error: 0,0000 s
abr 04, 2013 12:33:09 PM org.ros.time.RemoteUptimeClock update
INFO: Latency: 7,0000 s, Delta ratio: 1,0000, Drift: 1,000, Error reduction coefficient: 0,000, Error: 0,0000 s
abr 04, 2013 12:33:09 PM org.ros.time.RemoteUptimeClock update
INFO: Latency: 7,0000 s, Delta ratio: 1,0000, Drift: 1,000, Error reduction coefficient: 0,000, Error: 0,0000 s
abr 04, 2013 12:33:09 PM org.ros.time.RemoteUptimeClock update
INFO: Latency: 7,0000 s, Delta ratio: 1,0000, Drift: 1,000, Error reduction coefficient: 0,000, Error: 0,0000 s
abr 04, 2013 12:33:09 PM org.ros.time.RemoteUptimeClock update
INFO: Latency: 7,0000 s, Delta ratio: 1,0000, Drift: 1,000, Error reduction coefficient: 0,000, Error: 0,0000 s
abr 04, 2013 12:33:09 PM org.ros.time.RemoteUptimeClock update
INFO: Latency: 7,0000 s, Delta ratio: 1,0000, Drift: 1,000, Error reduction coefficient: 0,000, Error: 0,0000 s
abr 04, 2013 12:33:09 PM org.ros.time.RemoteUptimeClock update
INFO: Latency: 7,0000 s, Delta ratio: 1,0000, Drift: 1,000, Error reduction coefficient: 0,000, Error: 0,0000 s
abr 04, 2013 12:33:09 PM org.ros.time.RemoteUptimeClock update
INFO: Latency: 7,0000 s, Delta ratio: 1,0000, Drift: 1,000, Error reduction coefficient: 0,000, Error: 0,0000 s
abr 04, 2013 12:33:09 PM org.ros.time.RemoteUptimeClock update
INFO: Latency: 7,0000 s, Delta ratio: 1,0000, Drift: 1,000, Error reduction coefficient: 0,000, Error: 0,0000 s
abr 04, 2013 12:33:09 PM org.ros.time.RemoteUptimeClock update
INFO: Latency: 7,0000 s, Delta ratio: 1,0000, Drift: 1,000, Error reduction coefficient: 0,000, Error: 0,0000 s
abr 04, 2013 12:33:09 PM org.ros.time.RemoteUptimeClock update
INFO: Latency: 7,0000 s, Delta ratio: 1,0000, Drift: 1,000, Error reduction coefficient: 0,000, Error: 0,0000 s
abr 04, 2013 12:33:09 PM org.ros.time.RemoteUptimeClock update
INFO: Latency: 7,0000 s, Delta ratio: 1,0000, Drift: 1,000, Error reduction coefficient: 0,000, Error: 0,0000 s
abr 04, 2013 12:33:09 PM org.ros.time.RemoteUptimeClock update
INFO: Latency: 7,0000 s, Delta ratio: 1,0000, Drift: 1,000, Error reduction coefficient: 0,000, Error: 0,0000 s
abr 04, 2013 12:33:09 PM org.ros.time.RemoteUptimeClock update
INFO: Latency: 7,0000 s, Delta ratio: 1,0000, Drift: 1,000, Error reduction coefficient: 0,000, Error: 0,0000 s
abr 04, 2013 12:33:09 PM org.ros.time.RemoteUptimeClock update
INFO: Latency: 7,0000 s, Delta ratio: 1,0000, Drift: 1,000, Error reduction coefficient: 0,000, Error: 0,0000 s
abr 04, 2013 12:33:09 PM org.ros.time.RemoteUptimeClock update
INFO: Latency: 7,0000 s, Delta ratio: 1,0000, Drift: 1,000, Error reduction coefficient: 0,000, Error: 0,0000 s
abr 04, 2013 12:33:09 PM org.ros.time.RemoteUptimeClock update
INFO: Latency: 7,0000 s, Delta ratio: 1,0000, Drift: 1,000, Error reduction coefficient: 0,000, Error: 0,0000 s
abr 04, 2013 12:33:09 PM org.ros.time.RemoteUptimeClock update
INFO: Latency: 7,0000 s, Delta ratio: 1,0000, Drift: 1,000, Error reduction coefficient: 0,000, Error: 0,0000 s
abr 04, 2013 12:33:09 PM org.ros.time.RemoteUptimeClock update
INFO: Latency: 7,0000 s, Delta ratio: 1,0000, Drift: 1,000, Error reduction coefficient: 0,000, Error: 0,0000 s
abr 04, 2013 12:33:09 PM org.ros.time.RemoteUptimeClock update
INFO: Latency: 7,0000 s, Delta ratio: 1,0000, Drift: 1,000, Error reduction coefficient: 0,000, Error: 0,0000 s
abr 04, 2013 12:33:09 PM org.ros.time.RemoteUptimeClock update
INFO: Latency: 7,0000 s, Delta ratio: 1,0000, Drift: 1,000, Error reduction coefficient: 0,000, Error: 0,0000 s
abr 04, 2013 12:33:09 PM org.ros.time.RemoteUptimeClock update
INFO: Latency: 7,0000 s, Delta ratio: 1,0000, Drift: 1,000, Error reduction coefficient: 0,000, Error: 0,0000 s
abr 04, 2013 12:33:09 PM org.ros.time.RemoteUptimeClock update
INFO: Latency: 7,0000 s, Delta ratio: 1,0000, Drift: 1,000, Error reduction coefficient: 0,000, Error: 0,0000 s
abr 04, 2013 12:33:09 PM org.ros.time.RemoteUptimeClock update
INFO: Latency: 7,0000 s, Delta ratio: 1,0000, Drift: 1,000, Error reduction coefficient: 0,000, Error: 0,0000 s
abr 04, 2013 12:33:09 PM org.ros.time.RemoteUptimeClock update
INFO: Latency: 7,0000 s, Delta ratio: 1,0000, Drift: 1,000, Error reduction coefficient: 0,000, Error: 0,0000 s
abr 04, 2013 12:33:09 PM org.ros.time.RemoteUptimeClock update
INFO: Latency: 7,0000 s, Delta ratio: 1,0000, Drift: 1,000, Error reduction coefficient: 0,000, Error: 0,0000 s
abr 04, 2013 12:33:09 PM org.ros.time.RemoteUptimeClock update
INFO: Latency: 7,0000 s, Delta ratio: 1,0000, Drift: 1,000, Error reduction coefficient: 0,000, Error: 0,0000 s
abr 04, 2013 12:33:09 PM org.ros.time.RemoteUptimeClock update
INFO: Latency: 7,0000 s, Delta ratio: 1,0000, Drift: 1,000, Error reduction coefficient: 0,000, Error: 0,0000 s
abr 04, 2013 12:33:09 PM org.ros.time.RemoteUptimeClock update
INFO: Latency: 7,0000 s, Delta ratio: 1,0000, Drift: 1,000, Error reduction coefficient: 0,000, Error: 0,0000 s
abr 04, 2013 12:33:09 PM org.ros.time.RemoteUptimeClock update
INFO: Latency: 7,0000 s, Delta ratio: 1,0000, Drift: 1,000, Error reduction coefficient: 0,000, Error: 0,0000 s
abr 04, 2013 12:33:09 PM org.ros.time.RemoteUptimeClock update
INFO: Latency: 7,0000 s, Delta ratio: 1,0000, Drift: 1,000, Error reduction coefficient: 0,000, Error: 0,0000 s
abr 04, 2013 12:33:09 PM org.ros.time.RemoteUptimeClock update
INFO: Latency: 7,0000 s, Delta ratio: 1,0000, Drift: 1,000, Error reduction coefficient: 0,000, Error: 0,0000 s
abr 04, 2013 12:33:09 PM org.ros.time.RemoteUptimeClock update
INFO: Latency: 7,0000 s, Delta ratio: 1,0000, Drift: 1,000, Error reduction coefficient: 0,000, Error: 0,0000 s
abr 04, 2013 12:33:09 PM org.ros.time.RemoteUptimeClock update
INFO: Latency: 7,0000 s, Delta ratio: 1,0000, Drift: 1,000, Error reduction coefficient: 0,000, Error: 0,0000 s
abr 04, 2013 12:33:09 PM org.ros.time.RemoteUptimeClock update
INFO: Latency: 7,0000 s, Delta ratio: 1,0000, Drift: 1,000, Error reduction coefficient: 0,000, Error: 0,0000 s
abr 04, 2013 12:33:09 PM org.ros.time.RemoteUptimeClock update
INFO: Latency: 7,0000 s, Delta ratio: 1,0000, Drift: 1,000, Error reduction coefficient: 0,000, Error: 0,0000 s
abr 04, 2013 12:33:09 PM org.ros.time.RemoteUptimeClock update
INFO: Latency: 7,0000 s, Delta ratio: 1,0000, Drift: 1,000, Error reduction coefficient: 0,000, Error: 0,0000 s
abr 04, 2013 12:33:09 PM org.ros.time.RemoteUptimeClock update
INFO: Latency: 7,0000 s, Delta ratio: 1,0000, Drift: 1,000, Error reduction coefficient: 0,000, Error: 0,0000 s
abr 04, 2013 12:33:09 PM org.ros.time.RemoteUptimeClock update
INFO: Latency: 7,0000 s, Delta ratio: 1,0000, Drift: 1,000, Error reduction coefficient: 0,000, Error: 0,0000 s
abr 04, 2013 12:33:09 PM org.ros.time.RemoteUptimeClock update
INFO: Latency: 7,0000 s, Delta ratio: 1,0000, Drift: 1,000, Error reduction coefficient: 0,000, Error: 0,0000 s
abr 04, 2013 12:33:09 PM org.ros.time.RemoteUptimeClock update
INFO: Latency: 7,0000 s, Delta ratio: 1,0000, Drift: 1,000, Error reduction coefficient: 0,000, Error: 0,0000 s
abr 04, 2013 12:33:09 PM org.ros.time.RemoteUptimeClock update
INFO: Latency: 7,0000 s, Delta ratio: 1,0000, Drift: 1,000, Error reduction coefficient: 0,000, Error: 0,0000 s
abr 04, 2013 12:33:09 PM org.ros.time.RemoteUptimeClock update
INFO: Latency: 7,0000 s, Delta ratio: 1,0000, Drift: 1,000, Error reduction coefficient: 0,000, Error: 0,0000 s
abr 04, 2013 12:33:09 PM org.ros.time.RemoteUptimeClock update
INFO: Latency: 7,0000 s, Delta ratio: 1,0000, Drift: 1,000, Error reduction coefficient: 0,000, Error: 0,0000 s
abr 04, 2013 12:33:09 PM org.ros.time.RemoteUptimeClock update
INFO: Latency: 7,0000 s, Delta ratio: 1,0000, Drift: 1,000, Error reduction coefficient: 0,000, Error: 0,0000 s
abr 04, 2013 12:33:09 PM org.ros.time.RemoteUptimeClock update
INFO: Latency: 7,0000 s, Delta ratio: 1,0000, Drift: 1,000, Error reduction coefficient: 0,000, Error: 0,0000 s
abr 04, 2013 12:33:09 PM org.ros.time.RemoteUptimeClock update
INFO: Latency: 7,0000 s, Delta ratio: 1,0000, Drift: 1,000, Error reduction coefficient: 0,000, Error: 0,0000 s
abr 04, 2013 12:33:09 PM org.ros.time.RemoteUptimeClock update
INFO: Latency: 7,0000 s, Delta ratio: 1,0000, Drift: 1,000, Error reduction coefficient: 0,000, Error: 0,0000 s
abr 04, 2013 12:33:09 PM org.ros.time.RemoteUptimeClock update
INFO: Latency: 7,0000 s, Delta ratio: 1,0000, Drift: 1,000, Error reduction coefficient: 0,000, Error: 0,0000 s
abr 04, 2013 12:33:09 PM org.ros.time.RemoteUptimeClock update
INFO: Latency: 7,0000 s, Delta ratio: 1,0000, Drift: 1,000, Error reduction coefficient: 0,000, Error: 0,0000 s
abr 04, 2013 12:33:09 PM org.ros.time.RemoteUptimeClock update
INFO: Latency: 7,0000 s, Delta ratio: 1,0000, Drift: 1,000, Error reduction coefficient: 0,000, Error: 0,0000 s
abr 04, 2013 12:33:09 PM org.ros.time.RemoteUptimeClock update
INFO: Latency: 7,0000 s, Delta ratio: 1,0000, Drift: 1,000, Error reduction coefficient: 0,000, Error: 0,0000 s
abr 04, 2013 12:33:09 PM org.ros.time.RemoteUptimeClock update
INFO: Latency: 7,0000 s, Delta ratio: 1,0000, Drift: 1,000, Error reduction coefficient: 0,000, Error: 0,0000 s
abr 04, 2013 12:33:09 PM org.ros.time.RemoteUptimeClock update
INFO: Latency: 7,0000 s, Delta ratio: 1,0000, Drift: 1,000, Error reduction coefficient: 0,000, Error: 0,0000 s
abr 04, 2013 12:33:09 PM org.ros.time.RemoteUptimeClock update
INFO: Latency: 7,0000 s, Delta ratio: 1,0000, Drift: 1,000, Error reduction coefficient: 0,000, Error: 0,0000 s
abr 04, 2013 12:33:09 PM org.ros.time.RemoteUptimeClock update
INFO: Latency: 7,0000 s, Delta ratio: 1,0000, Drift: 1,000, Error reduction coefficient: 0,000, Error: 0,0000 s
abr 04, 2013 12:33:09 PM org.ros.time.RemoteUptimeClock update
INFO: Latency: 7,0000 s, Delta ratio: 1,0000, Drift: 1,000, Error reduction coefficient: 0,000, Error: 0,0000 s
abr 04, 2013 12:33:09 PM org.ros.time.RemoteUptimeClock update
INFO: Latency: 7,0000 s, Delta ratio: 1,0000, Drift: 1,000, Error reduction coefficient: 0,000, Error: 0,0000 s
abr 04, 2013 12:33:09 PM org.ros.time.RemoteUptimeClock update
INFO: Latency: 7,0000 s, Delta ratio: 1,0000, Drift: 1,000, Error reduction coefficient: 0,000, Error: 0,0000 s
abr 04, 2013 12:33:09 PM org.ros.time.RemoteUptimeClock update
INFO: Latency: 7,0000 s, Delta ratio: 1,0000, Drift: 1,000, Error reduction coefficient: 0,000, Error: 0,0000 s
abr 04, 2013 12:33:10 PM org.ros.time.RemoteUptimeClock update
INFO: Latency: 7,0000 s, Delta ratio: 1,0000, Drift: 1,000, Error reduction coefficient: 0,000, Error: 0,0000 s
abr 04, 2013 12:33:10 PM org.ros.time.RemoteUptimeClock update
INFO: Latency: 7,0000 s, Delta ratio: 1,0000, Drift: 1,000, Error reduction coefficient: 0,000, Error: 0,0000 s
abr 04, 2013 12:33:10 PM org.ros.time.RemoteUptimeClock update
INFO: Latency: 7,0000 s, Delta ratio: 1,0000, Drift: 1,000, Error reduction coefficient: 0,000, Error: 0,0000 s
abr 04, 2013 12:33:10 PM org.ros.time.RemoteUptimeClock update
INFO: Latency: 7,0000 s, Delta ratio: 1,0000, Drift: 1,000, Error reduction coefficient: 0,000, Error: 0,0000 s
abr 04, 2013 12:33:10 PM org.ros.time.RemoteUptimeClock update
INFO: Latency: 7,0000 s, Delta ratio: 1,0000, Drift: 1,000, Error reduction coefficient: 0,000, Error: 0,0000 s
abr 04, 2013 12:33:10 PM org.ros.time.RemoteUptimeClock update
INFO: Latency: 7,0000 s, Delta ratio: 1,0000, Drift: 1,000, Error reduction coefficient: 0,000, Error: 0,0000 s
abr 04, 2013 12:33:10 PM org.ros.time.RemoteUptimeClock update
INFO: Latency: 7,0000 s, Delta ratio: 1,0000, Drift: 1,000, Error reduction coefficient: 0,000, Error: 0,0000 s
abr 04, 2013 12:33:10 PM org.ros.time.RemoteUptimeClock update
INFO: Latency: 7,0000 s, Delta ratio: 1,0000, Drift: 1,000, Error reduction coefficient: 0,000, Error: 0,0000 s
abr 04, 2013 12:33:10 PM org.ros.time.RemoteUptimeClock update
INFO: Latency: 7,0000 s, Delta ratio: 1,0000, Drift: 1,000, Error reduction coefficient: 0,000, Error: 0,0000 s
abr 04, 2013 12:33:10 PM org.ros.time.RemoteUptimeClock update
INFO: Latency: 7,0000 s, Delta ratio: 1,0000, Drift: 1,000, Error reduction coefficient: 0,000, Error: 0,0000 s
abr 04, 2013 12:33:10 PM org.ros.time.RemoteUptimeClock update
INFO: Latency: 7,0000 s, Delta ratio: 1,0000, Drift: 1,000, Error reduction coefficient: 0,000, Error: 0,0000 s
abr 04, 2013 12:33:10 PM org.ros.time.RemoteUptimeClock update
INFO: Latency: 7,0000 s, Delta ratio: 1,0000, Drift: 1,000, Error reduction coefficient: 0,000, Error: 0,0000 s
abr 04, 2013 12:33:10 PM org.ros.time.RemoteUptimeClock update
INFO: Latency: 7,0000 s, Delta ratio: 1,0000, Drift: 1,000, Error reduction coefficient: 0,000, Error: 0,0000 s
abr 04, 2013 12:33:10 PM org.ros.time.RemoteUptimeClock update
INFO: Latency: 7,0000 s, Delta ratio: 1,0000, Drift: 1,000, Error reduction coefficient: 0,000, Error: 0,0000 s
abr 04, 2013 12:33:10 PM org.ros.time.RemoteUptimeClock update
INFO: Latency: 7,0000 s, Delta ratio: 1,0000, Drift: 1,000, Error reduction coefficient: 0,000, Error: 0,0000 s
abr 04, 2013 12:33:10 PM org.ros.time.RemoteUptimeClock update
INFO: Latency: 7,0000 s, Delta ratio: 1,0000, Drift: 1,000, Error reduction coefficient: 0,000, Error: 0,0000 s
abr 04, 2013 12:33:10 PM org.ros.time.RemoteUptimeClock update
INFO: Latency: 7,0000 s, Delta ratio: 1,0000, Drift: 1,000, Error reduction coefficient: 0,000, Error: 0,0000 s
abr 04, 2013 12:33:10 PM org.ros.time.RemoteUptimeClock update
INFO: Latency: 7,0000 s, Delta ratio: 1,0000, Drift: 1,000, Error reduction coefficient: 0,000, Error: 0,0000 s
abr 04, 2013 12:33:10 PM org.ros.time.RemoteUptimeClock update
INFO: Latency: 7,0000 s, Delta ratio: 1,0000, Drift: 1,000, Error reduction coefficient: 0,000, Error: 0,0000 s
abr 04, 2013 12:33:10 PM org.ros.time.RemoteUptimeClock update
INFO: Latency: 7,0000 s, Delta ratio: 1,0000, Drift: 1,000, Error reduction coefficient: 0,000, Error: 0,0000 s
abr 04, 2013 12:33:10 PM org.ros.time.RemoteUptimeClock update
INFO: Latency: 7,0000 s, Delta ratio: 1,0000, Drift: 1,000, Error reduction coefficient: 0,000, Error: 0,0000 s
abr 04, 2013 12:33:10 PM org.ros.time.RemoteUptimeClock update
INFO: Latency: 7,0000 s, Delta ratio: 1,0000, Drift: 1,000, Error reduction coefficient: 0,000, Error: 0,0000 s
abr 04, 2013 12:33:10 PM org.ros.time.RemoteUptimeClock update
INFO: Latency: 7,0000 s, Delta ratio: 1,0000, Drift: 1,000, Error reduction coefficient: 0,000, Error: 0,0000 s
abr 04, 2013 12:33:10 PM org.ros.time.RemoteUptimeClock update
INFO: Latency: 7,0000 s, Delta ratio: 1,0000, Drift: 1,000, Error reduction coefficient: 0,000, Error: 0,0000 s
abr 04, 2013 12:33:10 PM org.ros.time.RemoteUptimeClock update
INFO: Latency: 7,0000 s, Delta ratio: 1,0000, Drift: 1,000, Error reduction coefficient: 0,000, Error: 0,0000 s
abr 04, 2013 12:33:10 PM org.ros.time.RemoteUptimeClock update
INFO: Latency: 7,0000 s, Delta ratio: 1,0000, Drift: 1,000, Error reduction coefficient: 0,000, Error: 0,0000 s
abr 04, 2013 12:33:10 PM org.ros.time.RemoteUptimeClock update
INFO: Latency: 7,0000 s, Delta ratio: 1,0000, Drift: 1,000, Error reduction coefficient: 0,000, Error: 0,0000 s
abr 04, 2013 12:33:10 PM org.ros.time.RemoteUptimeClock update
INFO: Latency: 7,0000 s, Delta ratio: 1,0000, Drift: 1,000, Error reduction coefficient: 0,000, Error: 0,0000 s
abr 04, 2013 12:33:10 PM org.ros.time.RemoteUptimeClock update
INFO: Latency: 7,0000 s, Delta ratio: 1,0000, Drift: 1,000, Error reduction coefficient: 0,000, Error: 0,0000 s
abr 04, 2013 12:33:10 PM org.ros.time.RemoteUptimeClock update
INFO: Latency: 7,0000 s, Delta ratio: 1,0000, Drift: 1,000, Error reduction coefficient: 0,000, Error: 0,0000 s
abr 04, 2013 12:33:10 PM org.ros.time.RemoteUptimeClock update
INFO: Latency: 7,0000 s, Delta ratio: 1,0000, Drift: 1,000, Error reduction coefficient: 0,000, Error: 0,0000 s
abr 04, 2013 12:33:10 PM org.ros.time.RemoteUptimeClock update
INFO: Latency: 7,0000 s, Delta ratio: 1,0000, Drift: 1,000, Error reduction coefficient: 0,000, Error: 0,0000 s
abr 04, 2013 12:33:10 PM org.ros.time.RemoteUptimeClock update
INFO: Latency: 7,0000 s, Delta ratio: 1,0000, Drift: 1,000, Error reduction coefficient: 0,000, Error: 0,0000 s
abr 04, 2013 12:33:10 PM org.ros.time.RemoteUptimeClock update
INFO: Latency: 7,0000 s, Delta ratio: 1,0000, Drift: 1,000, Error reduction coefficient: 0,000, Error: 0,0000 s
abr 04, 2013 12:33:10 PM org.ros.time.RemoteUptimeClock update
INFO: Latency: 7,0000 s, Delta ratio: 1,0000, Drift: 1,000, Error reduction coefficient: 0,000, Error: 0,0000 s
abr 04, 2013 12:33:10 PM org.ros.time.RemoteUptimeClock update
INFO: Latency: 7,0000 s, Delta ratio: 1,0000, Drift: 1,000, Error reduction coefficient: 0,000, Error: 0,0000 s
abr 04, 2013 12:33:10 PM org.ros.time.RemoteUptimeClock update
INFO: Latency: 7,0000 s, Delta ratio: 1,0000, Drift: 1,000, Error reduction coefficient: 0,000, Error: 0,0000 s
abr 04, 2013 12:33:10 PM org.ros.time.RemoteUptimeClock update
INFO: Latency: 7,0000 s, Delta ratio: 1,0000, Drift: 1,000, Error reduction coefficient: 0,000, Error: 0,0000 s
abr 04, 2013 12:33:10 PM org.ros.time.RemoteUptimeClock update
INFO: Latency: 7,0000 s, Delta ratio: 1,0000, Drift: 1,000, Error reduction coefficient: 0,000, Error: 0,0000 s
abr 04, 2013 12:33:10 PM org.ros.time.RemoteUptimeClock update
INFO: Latency: 7,0000 s, Delta ratio: 1,0000, Drift: 1,000, Error reduction coefficient: 0,000, Error: 0,0000 s
abr 04, 2013 12:33:10 PM org.ros.time.RemoteUptimeClock update
INFO: Latency: 7,0000 s, Delta ratio: 1,0000, Drift: 1,000, Error reduction coefficient: 0,000, Error: 0,0000 s
abr 04, 2013 12:33:10 PM org.ros.time.RemoteUptimeClock update
INFO: Latency: 7,0000 s, Delta ratio: 1,0000, Drift: 1,000, Error reduction coefficient: 0,000, Error: 0,0000 s
abr 04, 2013 12:33:10 PM org.ros.time.RemoteUptimeClock update
INFO: Latency: 7,0000 s, Delta ratio: 1,0000, Drift: 1,000, Error reduction coefficient: 0,000, Error: 0,0000 s
abr 04, 2013 12:33:10 PM org.ros.time.RemoteUptimeClock update
INFO: Latency: 7,0000 s, Delta ratio: 1,0000, Drift: 1,000, Error reduction coefficient: 0,000, Error: 0,0000 s
abr 04, 2013 12:33:10 PM org.ros.time.RemoteUptimeClock update
INFO: Latency: 7,0000 s, Delta ratio: 1,0000, Drift: 1,000, Error reduction coefficient: 0,000, Error: 0,0000 s
abr 04, 2013 12:33:10 PM org.ros.time.RemoteUptimeClock update
INFO: Latency: 7,0000 s, Delta ratio: 1,0000, Drift: 1,000, Error reduction coefficient: 0,000, Error: 0,0000 s
abr 04, 2013 12:33:10 PM org.ros.time.RemoteUptimeClock update
INFO: Latency: 7,0000 s, Delta ratio: 1,0000, Drift: 1,000, Error reduction coefficient: 0,000, Error: 0,0000 s
abr 04, 2013 12:33:10 PM org.ros.time.RemoteUptimeClock update
INFO: Latency: 7,0000 s, Delta ratio: 1,0000, Drift: 1,000, Error reduction coefficient: 0,000, Error: 0,0000 s
abr 04, 2013 12:33:10 PM org.ros.time.RemoteUptimeClock update
INFO: Latency: 7,0000 s, Delta ratio: 1,0000, Drift: 1,000, Error reduction coefficient: 0,000, Error: 0,0000 s
abr 04, 2013 12:33:10 PM org.ros.time.RemoteUptimeClock update
INFO: Latency: 7,0000 s, Delta ratio: 1,0000, Drift: 1,000, Error reduction coefficient: 0,000, Error: 0,0000 s
abr 04, 2013 12:33:10 PM org.ros.time.RemoteUptimeClock update
INFO: Latency: 7,0000 s, Delta ratio: 1,0000, Drift: 1,000, Error reduction coefficient: 0,000, Error: 0,0000 s
abr 04, 2013 12:33:10 PM org.ros.time.RemoteUptimeClock update
INFO: Latency: 7,0000 s, Delta ratio: 1,0000, Drift: 1,000, Error reduction coefficient: 0,000, Error: 0,0000 s
abr 04, 2013 12:33:10 PM org.ros.time.RemoteUptimeClock update
INFO: Latency: 7,0000 s, Delta ratio: 1,0000, Drift: 1,000, Error reduction coefficient: 0,000, Error: 0,0000 s
abr 04, 2013 12:33:10 PM org.ros.time.RemoteUptimeClock update
INFO: Latency: 7,0000 s, Delta ratio: 1,0000, Drift: 1,000, Error reduction coefficient: 0,000, Error: 0,0000 s
abr 04, 2013 12:33:10 PM org.ros.time.RemoteUptimeClock update
INFO: Latency: 7,0000 s, Delta ratio: 1,0000, Drift: 1,000, Error reduction coefficient: 0,000, Error: 0,0000 s
abr 04, 2013 12:33:10 PM org.ros.time.RemoteUptimeClock update
INFO: Latency: 7,0000 s, Delta ratio: 1,0000, Drift: 1,000, Error reduction coefficient: 0,000, Error: 0,0000 s
abr 04, 2013 12:33:10 PM org.ros.time.RemoteUptimeClock update
INFO: Latency: 7,0000 s, Delta ratio: 1,0000, Drift: 1,000, Error reduction coefficient: 0,000, Error: 0,0000 s
abr 04, 2013 12:33:10 PM org.ros.time.RemoteUptimeClock update
INFO: Latency: 7,0000 s, Delta ratio: 1,0000, Drift: 1,000, Error reduction coefficient: 0,000, Error: 0,0000 s
abr 04, 2013 12:33:10 PM org.ros.time.RemoteUptimeClock update
INFO: Latency: 7,0000 s, Delta ratio: 1,0000, Drift: 1,000, Error reduction coefficient: 0,000, Error: 0,0000 s
abr 04, 2013 12:33:10 PM org.ros.time.RemoteUptimeClock update
INFO: Latency: 7,0000 s, Delta ratio: 1,0000, Drift: 1,000, Error reduction coefficient: 0,000, Error: 0,0000 s
abr 04, 2013 12:33:10 PM org.ros.time.RemoteUptimeClock update
INFO: Latency: 7,0000 s, Delta ratio: 1,0000, Drift: 1,000, Error reduction coefficient: 0,000, Error: 0,0000 s
abr 04, 2013 12:33:10 PM org.ros.time.RemoteUptimeClock update
INFO: Latency: 7,0000 s, Delta ratio: 1,0000, Drift: 1,000, Error reduction coefficient: 0,000, Error: 0,0000 s
abr 04, 2013 12:33:10 PM org.ros.time.RemoteUptimeClock update
INFO: Latency: 7,0000 s, Delta ratio: 1,0000, Drift: 1,000, Error reduction coefficient: 0,000, Error: 0,0000 s
abr 04, 2013 12:33:10 PM org.ros.time.RemoteUptimeClock update
INFO: Latency: 7,0000 s, Delta ratio: 1,0000, Drift: 1,000, Error reduction coefficient: 0,000, Error: 0,0000 s
abr 04, 2013 12:33:10 PM org.ros.time.RemoteUptimeClock update
INFO: Latency: 7,0000 s, Delta ratio: 1,0000, Drift: 1,000, Error reduction coefficient: 0,000, Error: 0,0000 s
abr 04, 2013 12:33:10 PM org.ros.time.RemoteUptimeClock update
INFO: Latency: 7,0000 s, Delta ratio: 1,0000, Drift: 1,000, Error reduction coefficient: 0,000, Error: 0,0000 s
abr 04, 2013 12:33:10 PM org.ros.time.RemoteUptimeClock update
INFO: Latency: 7,0000 s, Delta ratio: 1,0000, Drift: 1,000, Error reduction coefficient: 0,000, Error: 0,0000 s
abr 04, 2013 12:33:10 PM org.ros.time.RemoteUptimeClock update
INFO: Latency: 7,0000 s, Delta ratio: 1,0000, Drift: 1,000, Error reduction coefficient: 0,000, Error: 0,0000 s
abr 04, 2013 12:33:10 PM org.ros.time.RemoteUptimeClock update
INFO: Latency: 7,0000 s, Delta ratio: 1,0000, Drift: 1,000, Error reduction coefficient: 0,000, Error: 0,0000 s
abr 04, 2013 12:33:10 PM org.ros.time.RemoteUptimeClock update
INFO: Latency: 7,0000 s, Delta ratio: 1,0000, Drift: 1,000, Error reduction coefficient: 0,000, Error: 0,0000 s
abr 04, 2013 12:33:10 PM org.ros.time.RemoteUptimeClock update
INFO: Latency: 7,0000 s, Delta ratio: 1,0000, Drift: 1,000, Error reduction coefficient: 0,000, Error: 0,0000 s
abr 04, 2013 12:33:10 PM org.ros.time.RemoteUptimeClock update
INFO: Latency: 7,0000 s, Delta ratio: 1,0000, Drift: 1,000, Error reduction coefficient: 0,000, Error: 0,0000 s
abr 04, 2013 12:33:10 PM org.ros.time.RemoteUptimeClock update
INFO: Latency: 7,0000 s, Delta ratio: 1,0000, Drift: 1,000, Error reduction coefficient: 0,000, Error: 0,0000 s
abr 04, 2013 12:33:10 PM org.ros.time.RemoteUptimeClock update
INFO: Latency: 7,0000 s, Delta ratio: 1,0000, Drift: 1,000, Error reduction coefficient: 0,000, Error: 0,0000 s
abr 04, 2013 12:33:10 PM org.ros.time.RemoteUptimeClock update
INFO: Latency: 7,0000 s, Delta ratio: 1,0000, Drift: 1,000, Error reduction coefficient: 0,000, Error: 0,0000 s
abr 04, 2013 12:33:10 PM org.ros.time.RemoteUptimeClock update
INFO: Latency: 7,0000 s, Delta ratio: 1,0000, Drift: 1,000, Error reduction coefficient: 0,000, Error: 0,0000 s
abr 04, 2013 12:33:10 PM org.ros.time.RemoteUptimeClock update
INFO: Latency: 7,0000 s, Delta ratio: 1,0000, Drift: 1,000, Error reduction coefficient: 0,000, Error: 0,0000 s
abr 04, 2013 12:33:10 PM org.ros.time.RemoteUptimeClock update
INFO: Latency: 7,0000 s, Delta ratio: 1,0000, Drift: 1,000, Error reduction coefficient: 0,000, Error: 0,0000 s
abr 04, 2013 12:33:10 PM org.ros.time.RemoteUptimeClock update
INFO: Latency: 7,0000 s, Delta ratio: 1,0000, Drift: 1,000, Error reduction coefficient: 0,000, Error: 0,0000 s
abr 04, 2013 12:33:10 PM org.ros.time.RemoteUptimeClock update
INFO: Latency: 7,0000 s, Delta ratio: 1,0000, Drift: 1,000, Error reduction coefficient: 0,000, Error: 0,0000 s
abr 04, 2013 12:33:10 PM org.ros.time.RemoteUptimeClock update
INFO: Latency: 7,0000 s, Delta ratio: 1,0000, Drift: 1,000, Error reduction coefficient: 0,000, Error: 0,0000 s
abr 04, 2013 12:33:10 PM org.ros.time.RemoteUptimeClock update
INFO: Latency: 7,0000 s, Delta ratio: 1,0000, Drift: 1,000, Error reduction coefficient: 0,000, Error: 0,0000 s
abr 04, 2013 12:33:10 PM org.ros.time.RemoteUptimeClock update
INFO: Latency: 7,0000 s, Delta ratio: 1,0000, Drift: 1,000, Error reduction coefficient: 0,000, Error: 0,0000 s
abr 04, 2013 12:33:10 PM org.ros.time.RemoteUptimeClock update
INFO: Latency: 7,0000 s, Delta ratio: 1,0000, Drift: 1,000, Error reduction coefficient: 0,000, Error: 0,0000 s
abr 04, 2013 12:33:10 PM org.ros.time.RemoteUptimeClock update
INFO: Latency: 7,0000 s, Delta ratio: 1,0000, Drift: 1,000, Error reduction coefficient: 0,000, Error: 0,0000 s
abr 04, 2013 12:33:10 PM org.ros.time.RemoteUptimeClock update
INFO: Latency: 7,0000 s, Delta ratio: 1,0000, Drift: 1,000, Error reduction coefficient: 0,000, Error: 0,0000 s
abr 04, 2013 12:33:10 PM org.ros.time.RemoteUptimeClock update
INFO: Latency: 7,0000 s, Delta ratio: 1,0000, Drift: 1,000, Error reduction coefficient: 0,000, Error: 0,0000 s
abr 04, 2013 12:33:10 PM org.ros.time.RemoteUptimeClock update
INFO: Latency: 7,0000 s, Delta ratio: 1,0000, Drift: 1,000, Error reduction coefficient: 0,000, Error: 0,0000 s
abr 04, 2013 12:33:10 PM org.ros.time.RemoteUptimeClock update
INFO: Latency: 7,0000 s, Delta ratio: 1,0000, Drift: 1,000, Error reduction coefficient: 0,000, Error: 0,0000 s
abr 04, 2013 12:33:10 PM org.ros.time.RemoteUptimeClock update
INFO: Latency: 7,0000 s, Delta ratio: 1,0000, Drift: 1,000, Error reduction coefficient: 0,000, Error: 0,0000 s
abr 04, 2013 12:33:10 PM org.ros.time.RemoteUptimeClock update
INFO: Latency: 7,0000 s, Delta ratio: 1,0000, Drift: 1,000, Error reduction coefficient: 0,000, Error: 0,0000 s
abr 04, 2013 12:33:10 PM org.ros.time.RemoteUptimeClock update
INFO: Latency: 7,0000 s, Delta ratio: 1,0000, Drift: 1,000, Error reduction coefficient: 0,000, Error: 0,0000 s
abr 04, 2013 12:33:10 PM org.ros.time.RemoteUptimeClock update
INFO: Latency: 7,0000 s, Delta ratio: 1,0000, Drift: 1,000, Error reduction coefficient: 0,000, Error: 0,0000 s
abr 04, 2013 12:33:10 PM org.ros.time.RemoteUptimeClock update
INFO: Latency: 7,0000 s, Delta ratio: 1,0000, Drift: 1,000, Error reduction coefficient: 0,000, Error: 0,0000 s
abr 04, 2013 12:33:10 PM org.ros.time.RemoteUptimeClock update
INFO: Latency: 7,0000 s, Delta ratio: 1,0000, Drift: 1,000, Error reduction coefficient: 0,000, Error: 0,0000 s
abr 04, 2013 12:33:10 PM org.ros.time.RemoteUptimeClock update
INFO: Latency: 7,0000 s, Delta ratio: 1,0000, Drift: 1,000, Error reduction coefficient: 0,000, Error: 0,0000 s
abr 04, 2013 12:33:10 PM org.ros.time.RemoteUptimeClock update
INFO: Latency: 7,0000 s, Delta ratio: 1,0000, Drift: 1,000, Error reduction coefficient: 0,000, Error: 0,0000 s
abr 04, 2013 12:33:10 PM org.ros.time.RemoteUptimeClock update
INFO: Latency: 7,0000 s, Delta ratio: 1,0000, Drift: 1,000, Error reduction coefficient: 0,000, Error: 0,0000 s
abr 04, 2013 12:33:10 PM org.ros.time.RemoteUptimeClock update
INFO: Latency: 7,0000 s, Delta ratio: 1,0000, Drift: 1,000, Error reduction coefficient: 0,000, Error: 0,0000 s
abr 04, 2013 12:33:10 PM org.ros.time.RemoteUptimeClock update
INFO: Latency: 7,0000 s, Delta ratio: 1,0000, Drift: 1,000, Error reduction coefficient: 0,000, Error: 0,0000 s
abr 04, 2013 12:33:10 PM org.ros.time.RemoteUptimeClock update
INFO: Latency: 7,0000 s, Delta ratio: 1,0000, Drift: 1,000, Error reduction coefficient: 0,000, Error: 0,0000 s
abr 04, 2013 12:33:10 PM org.ros.time.RemoteUptimeClock update
INFO: Latency: 7,0000 s, Delta ratio: 1,0000, Drift: 1,000, Error reduction coefficient: 0,000, Error: 0,0000 s
abr 04, 2013 12:33:10 PM org.ros.time.RemoteUptimeClock update
INFO: Latency: 7,0000 s, Delta ratio: 1,0000, Drift: 1,000, Error reduction coefficient: 0,000, Error: 0,0000 s
abr 04, 2013 12:33:10 PM org.ros.time.RemoteUptimeClock update
INFO: Latency: 7,0000 s, Delta ratio: 1,0000, Drift: 1,000, Error reduction coefficient: 0,000, Error: 0,0000 s
abr 04, 2013 12:33:10 PM org.ros.time.RemoteUptimeClock update
INFO: Latency: 7,0000 s, Delta ratio: 1,0000, Drift: 1,000, Error reduction coefficient: 0,000, Error: 0,0000 s
abr 04, 2013 12:33:10 PM org.ros.time.RemoteUptimeClock update
INFO: Latency: 7,0000 s, Delta ratio: 1,0000, Drift: 1,000, Error reduction coefficient: 0,000, Error: 0,0000 s
abr 04, 2013 12:33:10 PM org.ros.time.RemoteUptimeClock update
INFO: Latency: 7,0000 s, Delta ratio: 1,0000, Drift: 1,000, Error reduction coefficient: 0,000, Error: 0,0000 s
abr 04, 2013 12:33:10 PM org.ros.time.RemoteUptimeClock update
INFO: Latency: 7,0000 s, Delta ratio: 1,0000, Drift: 1,000, Error reduction coefficient: 0,000, Error: 0,0000 s
abr 04, 2013 12:33:10 PM org.ros.time.RemoteUptimeClock update
INFO: Latency: 7,0000 s, Delta ratio: 1,0000, Drift: 1,000, Error reduction coefficient: 0,000, Error: 0,0000 s
abr 04, 2013 12:33:10 PM org.ros.time.RemoteUptimeClock update
INFO: Latency: 7,0000 s, Delta ratio: 1,0000, Drift: 1,000, Error reduction coefficient: 0,000, Error: 0,0000 s
abr 04, 2013 12:33:10 PM org.ros.time.RemoteUptimeClock update
INFO: Latency: 7,0000 s, Delta ratio: 1,0000, Drift: 1,000, Error reduction coefficient: 0,000, Error: 0,0000 s
abr 04, 2013 12:33:10 PM org.ros.time.RemoteUptimeClock update
INFO: Latency: 7,0000 s, Delta ratio: 1,0000, Drift: 1,000, Error reduction coefficient: 0,000, Error: 0,0000 s
abr 04, 2013 12:33:10 PM org.ros.time.RemoteUptimeClock update
INFO: Latency: 7,0000 s, Delta ratio: 1,0000, Drift: 1,000, Error reduction coefficient: 0,000, Error: 0,0000 s
abr 04, 2013 12:33:10 PM org.ros.time.RemoteUptimeClock update
INFO: Latency: 7,0000 s, Delta ratio: 1,0000, Drift: 1,000, Error reduction coefficient: 0,000, Error: 0,0000 s
abr 04, 2013 12:33:10 PM org.ros.time.RemoteUptimeClock update
INFO: Latency: 7,0000 s, Delta ratio: 1,0000, Drift: 1,000, Error reduction coefficient: 0,000, Error: 0,0000 s
abr 04, 2013 12:33:10 PM org.ros.time.RemoteUptimeClock update
INFO: Latency: 7,0000 s, Delta ratio: 1,0000, Drift: 1,000, Error reduction coefficient: 0,000, Error: 0,0000 s
abr 04, 2013 12:33:10 PM org.ros.time.RemoteUptimeClock update
INFO: Latency: 7,0000 s, Delta ratio: 1,0000, Drift: 1,000, Error reduction coefficient: 0,000, Error: 0,0000 s
abr 04, 2013 12:33:10 PM org.ros.time.RemoteUptimeClock update
INFO: Latency: 7,0000 s, Delta ratio: 1,0000, Drift: 1,000, Error reduction coefficient: 0,000, Error: 0,0000 s
abr 04, 2013 12:33:10 PM org.ros.time.RemoteUptimeClock update
INFO: Latency: 7,0000 s, Delta ratio: 1,0000, Drift: 1,000, Error reduction coefficient: 0,000, Error: 0,0000 s
abr 04, 2013 12:33:10 PM org.ros.time.RemoteUptimeClock update
INFO: Latency: 7,0000 s, Delta ratio: 1,0000, Drift: 1,000, Error reduction coefficient: 0,000, Error: 0,0000 s
abr 04, 2013 12:33:10 PM org.ros.time.RemoteUptimeClock update
INFO: Latency: 7,0000 s, Delta ratio: 1,0000, Drift: 1,000, Error reduction coefficient: 0,000, Error: 0,0000 s
abr 04, 2013 12:33:10 PM org.ros.time.RemoteUptimeClock update
INFO: Latency: 7,0000 s, Delta ratio: 1,0000, Drift: 1,000, Error reduction coefficient: 0,000, Error: 0,0000 s
abr 04, 2013 12:33:10 PM org.ros.time.RemoteUptimeClock update
INFO: Latency: 7,0000 s, Delta ratio: 1,0000, Drift: 1,000, Error reduction coefficient: 0,000, Error: 0,0000 s
abr 04, 2013 12:33:10 PM org.ros.time.RemoteUptimeClock update
INFO: Latency: 7,0000 s, Delta ratio: 1,0000, Drift: 1,000, Error reduction coefficient: 0,000, Error: 0,0000 s
abr 04, 2013 12:33:10 PM org.ros.time.RemoteUptimeClock update
INFO: Latency: 7,0000 s, Delta ratio: 1,0000, Drift: 1,000, Error reduction coefficient: 0,000, Error: 0,0000 s
abr 04, 2013 12:33:10 PM org.ros.time.RemoteUptimeClock update
INFO: Latency: 7,0000 s, Delta ratio: 1,0000, Drift: 1,000, Error reduction coefficient: 0,000, Error: 0,0000 s
abr 04, 2013 12:33:10 PM org.ros.time.RemoteUptimeClock update
INFO: Latency: 7,0000 s, Delta ratio: 1,0000, Drift: 1,000, Error reduction coefficient: 0,000, Error: 0,0000 s
abr 04, 2013 12:33:10 PM org.ros.time.RemoteUptimeClock update
INFO: Latency: 7,0000 s, Delta ratio: 1,0000, Drift: 1,000, Error reduction coefficient: 0,000, Error: 0,0000 s
abr 04, 2013 12:33:10 PM org.ros.time.RemoteUptimeClock update
INFO: Latency: 7,0000 s, Delta ratio: 1,0000, Drift: 1,000, Error reduction coefficient: 0,000, Error: 0,0000 s
abr 04, 2013 12:33:10 PM org.ros.time.RemoteUptimeClock update
INFO: Latency: 7,0000 s, Delta ratio: 1,0000, Drift: 1,000, Error reduction coefficient: 0,000, Error: 0,0000 s
abr 04, 2013 12:33:10 PM org.ros.time.RemoteUptimeClock update
INFO: Latency: 7,0000 s, Delta ratio: 1,0000, Drift: 1,000, Error reduction coefficient: 0,000, Error: 0,0000 s
abr 04, 2013 12:33:10 PM org.ros.time.RemoteUptimeClock update
INFO: Latency: 7,0000 s, Delta ratio: 1,0000, Drift: 1,000, Error reduction coefficient: 0,000, Error: 0,0000 s
abr 04, 2013 12:33:10 PM org.ros.time.RemoteUptimeClock update
INFO: Latency: 7,0000 s, Delta ratio: 1,0000, Drift: 1,000, Error reduction coefficient: 0,000, Error: 0,0000 s
abr 04, 2013 12:33:10 PM org.ros.time.RemoteUptimeClock update
INFO: Latency: 7,0000 s, Delta ratio: 1,0000, Drift: 1,000, Error reduction coefficient: 0,000, Error: 0,0000 s
abr 04, 2013 12:33:10 PM org.ros.time.RemoteUptimeClock update
INFO: Latency: 7,0000 s, Delta ratio: 1,0000, Drift: 1,000, Error reduction coefficient: 0,000, Error: 0,0000 s
abr 04, 2013 12:33:10 PM org.ros.time.RemoteUptimeClock update
INFO: Latency: 7,0000 s, Delta ratio: 1,0000, Drift: 1,000, Error reduction coefficient: 0,000, Error: 0,0000 s
abr 04, 2013 12:33:10 PM org.ros.time.RemoteUptimeClock update
INFO: Latency: 7,0000 s, Delta ratio: 1,0000, Drift: 1,000, Error reduction coefficient: 0,000, Error: 0,0000 s
abr 04, 2013 12:33:10 PM org.ros.time.RemoteUptimeClock update
INFO: Latency: 7,0000 s, Delta ratio: 1,0000, Drift: 1,000, Error reduction coefficient: 0,000, Error: 0,0000 s
abr 04, 2013 12:33:10 PM org.ros.time.RemoteUptimeClock update
INFO: Latency: 7,0000 s, Delta ratio: 1,0000, Drift: 1,000, Error reduction coefficient: 0,000, Error: 0,0000 s
abr 04, 2013 12:33:10 PM org.ros.time.RemoteUptimeClock update
INFO: Latency: 7,0000 s, Delta ratio: 1,0000, Drift: 1,000, Error reduction coefficient: 0,000, Error: 0,0000 s
abr 04, 2013 12:33:10 PM org.ros.time.RemoteUptimeClock update
INFO: Latency: 7,0000 s, Delta ratio: 1,0000, Drift: 1,000, Error reduction coefficient: 0,000, Error: 0,0000 s
abr 04, 2013 12:33:10 PM org.ros.time.RemoteUptimeClock update
INFO: Latency: 7,0000 s, Delta ratio: 1,0000, Drift: 1,000, Error reduction coefficient: 0,000, Error: 0,0000 s
abr 04, 2013 12:33:10 PM org.ros.time.RemoteUptimeClock update
INFO: Latency: 7,0000 s, Delta ratio: 1,0000, Drift: 1,000, Error reduction coefficient: 0,000, Error: 0,0000 s
abr 04, 2013 12:33:10 PM org.ros.time.RemoteUptimeClock update
INFO: Latency: 7,0000 s, Delta ratio: 1,0000, Drift: 1,000, Error reduction coefficient: 0,000, Error: 0,0000 s
abr 04, 2013 12:33:10 PM org.ros.time.RemoteUptimeClock update
INFO: Latency: 7,0000 s, Delta ratio: 1,0000, Drift: 1,000, Error reduction coefficient: 0,000, Error: 0,0000 s
abr 04, 2013 12:33:10 PM org.ros.time.RemoteUptimeClock update
INFO: Latency: 7,0000 s, Delta ratio: 1,0000, Drift: 1,000, Error reduction coefficient: 0,000, Error: 0,0000 s
abr 04, 2013 12:33:10 PM org.ros.time.RemoteUptimeClock update
INFO: Latency: 7,0000 s, Delta ratio: 1,0000, Drift: 1,000, Error reduction coefficient: 0,000, Error: 0,0000 s
abr 04, 2013 12:33:10 PM org.ros.time.RemoteUptimeClock update
INFO: Latency: 7,0000 s, Delta ratio: 1,0000, Drift: 1,000, Error reduction coefficient: 0,000, Error: 0,0000 s
abr 04, 2013 12:33:10 PM org.ros.time.RemoteUptimeClock update
INFO: Latency: 7,0000 s, Delta ratio: 1,0000, Drift: 1,000, Error reduction coefficient: 0,000, Error: 0,0000 s
abr 04, 2013 12:33:10 PM org.ros.time.RemoteUptimeClock update
INFO: Latency: 7,0000 s, Delta ratio: 1,0000, Drift: 1,000, Error reduction coefficient: 0,000, Error: 0,0000 s
abr 04, 2013 12:33:10 PM org.ros.time.RemoteUptimeClock update
INFO: Latency: 7,0000 s, Delta ratio: 1,0000, Drift: 1,000, Error reduction coefficient: 0,000, Error: 0,0000 s
abr 04, 2013 12:33:10 PM org.ros.time.RemoteUptimeClock update
INFO: Latency: 7,0000 s, Delta ratio: 1,0000, Drift: 1,000, Error reduction coefficient: 0,000, Error: 0,0000 s
abr 04, 2013 12:33:10 PM org.ros.time.RemoteUptimeClock update
INFO: Latency: 7,0000 s, Delta ratio: 1,0000, Drift: 1,000, Error reduction coefficient: 0,000, Error: 0,0000 s
abr 04, 2013 12:33:10 PM org.ros.time.RemoteUptimeClock update
INFO: Latency: 7,0000 s, Delta ratio: 1,0000, Drift: 1,000, Error reduction coefficient: 0,000, Error: 0,0000 s
abr 04, 2013 12:33:10 PM org.ros.time.RemoteUptimeClock update
INFO: Latency: 7,0000 s, Delta ratio: 1,0000, Drift: 1,000, Error reduction coefficient: 0,000, Error: 0,0000 s
abr 04, 2013 12:33:10 PM org.ros.time.RemoteUptimeClock update
INFO: Latency: 7,0000 s, Delta ratio: 1,0000, Drift: 1,000, Error reduction coefficient: 0,000, Error: 0,0000 s
abr 04, 2013 12:33:10 PM org.ros.time.RemoteUptimeClock update
INFO: Latency: 7,0000 s, Delta ratio: 1,0000, Drift: 1,000, Error reduction coefficient: 0,000, Error: 0,0000 s
abr 04, 2013 12:33:10 PM org.ros.time.RemoteUptimeClock update
INFO: Latency: 7,0000 s, Delta ratio: 1,0000, Drift: 1,000, Error reduction coefficient: 0,000, Error: 0,0000 s
abr 04, 2013 12:33:10 PM org.ros.time.RemoteUptimeClock update
INFO: Latency: 7,0000 s, Delta ratio: 1,0000, Drift: 1,000, Error reduction coefficient: 0,000, Error: 0,0000 s
abr 04, 2013 12:33:10 PM org.ros.time.RemoteUptimeClock update
INFO: Latency: 7,0000 s, Delta ratio: 1,0000, Drift: 1,000, Error reduction coefficient: 0,000, Error: 0,0000 s
abr 04, 2013 12:33:10 PM org.ros.time.RemoteUptimeClock update
INFO: Latency: 7,0000 s, Delta ratio: 1,0000, Drift: 1,000, Error reduction coefficient: 0,000, Error: 0,0000 s
abr 04, 2013 12:33:10 PM org.ros.time.RemoteUptimeClock update
INFO: Latency: 7,0000 s, Delta ratio: 1,0000, Drift: 1,000, Error reduction coefficient: 0,000, Error: 0,0000 s
abr 04, 2013 12:33:10 PM org.ros.time.RemoteUptimeClock update
INFO: Latency: 7,0000 s, Delta ratio: 1,0000, Drift: 1,000, Error reduction coefficient: 0,000, Error: 0,0000 s
abr 04, 2013 12:33:10 PM org.ros.time.RemoteUptimeClock update
INFO: Latency: 7,0000 s, Delta ratio: 1,0000, Drift: 1,000, Error reduction coefficient: 0,000, Error: 0,0000 s
abr 04, 2013 12:33:10 PM org.ros.time.RemoteUptimeClock update
INFO: Latency: 7,0000 s, Delta ratio: 1,0000, Drift: 1,000, Error reduction coefficient: 0,000, Error: 0,0000 s
abr 04, 2013 12:33:10 PM org.ros.time.RemoteUptimeClock update
INFO: Latency: 7,0000 s, Delta ratio: 1,0000, Drift: 1,000, Error reduction coefficient: 0,000, Error: 0,0000 s
abr 04, 2013 12:33:10 PM org.ros.time.RemoteUptimeClock update
INFO: Latency: 7,0000 s, Delta ratio: 1,0000, Drift: 1,000, Error reduction coefficient: 0,000, Error: 0,0000 s
abr 04, 2013 12:33:10 PM org.ros.time.RemoteUptimeClock update
INFO: Latency: 7,0000 s, Delta ratio: 1,0000, Drift: 1,000, Error reduction coefficient: 0,000, Error: 0,0000 s
abr 04, 2013 12:33:10 PM org.ros.time.RemoteUptimeClock update
INFO: Latency: 7,0000 s, Delta ratio: 1,0000, Drift: 1,000, Error reduction coefficient: 0,000, Error: 0,0000 s
abr 04, 2013 12:33:10 PM org.ros.time.RemoteUptimeClock update
INFO: Latency: 7,0000 s, Delta ratio: 1,0000, Drift: 1,000, Error reduction coefficient: 0,000, Error: 0,0000 s
abr 04, 2013 12:33:10 PM org.ros.time.RemoteUptimeClock update
INFO: Latency: 7,0000 s, Delta ratio: 1,0000, Drift: 1,000, Error reduction coefficient: 0,000, Error: 0,0000 s
abr 04, 2013 12:33:10 PM org.ros.time.RemoteUptimeClock update
INFO: Latency: 7,0000 s, Delta ratio: 1,0000, Drift: 1,000, Error reduction coefficient: 0,000, Error: 0,0000 s
abr 04, 2013 12:33:10 PM org.ros.time.RemoteUptimeClock update
INFO: Latency: 7,0000 s, Delta ratio: 1,0000, Drift: 1,000, Error reduction coefficient: 0,000, Error: 0,0000 s
abr 04, 2013 12:33:10 PM org.ros.time.RemoteUptimeClock update
INFO: Latency: 7,0000 s, Delta ratio: 1,0000, Drift: 1,000, Error reduction coefficient: 0,000, Error: 0,0000 s
abr 04, 2013 12:33:10 PM org.ros.time.RemoteUptimeClock update
INFO: Latency: 7,0000 s, Delta ratio: 1,0000, Drift: 1,000, Error reduction coefficient: 0,000, Error: 0,0000 s
abr 04, 2013 12:33:10 PM org.ros.time.RemoteUptimeClock update
INFO: Latency: 7,0000 s, Delta ratio: 1,0000, Drift: 1,000, Error reduction coefficient: 0,000, Error: 0,0000 s
abr 04, 2013 12:33:10 PM org.ros.time.RemoteUptimeClock update
INFO: Latency: 7,0000 s, Delta ratio: 1,0000, Drift: 1,000, Error reduction coefficient: 0,000, Error: 0,0000 s
abr 04, 2013 12:33:10 PM org.ros.time.RemoteUptimeClock update
INFO: Latency: 7,0000 s, Delta ratio: 1,0000, Drift: 1,000, Error reduction coefficient: 0,000, Error: 0,0000 s
abr 04, 2013 12:33:10 PM org.ros.time.RemoteUptimeClock update
INFO: Latency: 7,0000 s, Delta ratio: 1,0000, Drift: 1,000, Error reduction coefficient: 0,000, Error: 0,0000 s
abr 04, 2013 12:33:10 PM org.ros.time.RemoteUptimeClock update
INFO: Latency: 7,0000 s, Delta ratio: 1,0000, Drift: 1,000, Error reduction coefficient: 0,000, Error: 0,0000 s
abr 04, 2013 12:33:10 PM org.ros.time.RemoteUptimeClock update
INFO: Latency: 7,0000 s, Delta ratio: 1,0000, Drift: 1,000, Error reduction coefficient: 0,000, Error: 0,0000 s
abr 04, 2013 12:33:10 PM org.ros.time.RemoteUptimeClock update
INFO: Latency: 7,0000 s, Delta ratio: 1,0000, Drift: 1,000, Error reduction coefficient: 0,000, Error: 0,0000 s
abr 04, 2013 12:33:10 PM org.ros.time.RemoteUptimeClock update
INFO: Latency: 7,0000 s, Delta ratio: 1,0000, Drift: 1,000, Error reduction coefficient: 0,000, Error: 0,0000 s
abr 04, 2013 12:33:10 PM org.ros.time.RemoteUptimeClock update
INFO: Latency: 7,0000 s, Delta ratio: 1,0000, Drift: 1,000, Error reduction coefficient: 0,000, Error: 0,0000 s
abr 04, 2013 12:33:10 PM org.ros.time.RemoteUptimeClock update
INFO: Latency: 7,0000 s, Delta ratio: 1,0000, Drift: 1,000, Error reduction coefficient: 0,000, Error: 0,0000 s
abr 04, 2013 12:33:10 PM org.ros.time.RemoteUptimeClock update
INFO: Latency: 7,0000 s, Delta ratio: 1,0000, Drift: 1,000, Error reduction coefficient: 0,000, Error: 0,0000 s
abr 04, 2013 12:33:10 PM org.ros.time.RemoteUptimeClock update
INFO: Latency: 7,0000 s, Delta ratio: 1,0000, Drift: 1,000, Error reduction coefficient: 0,000, Error: 0,0000 s
abr 04, 2013 12:33:10 PM org.ros.time.RemoteUptimeClock update
INFO: Latency: 7,0000 s, Delta ratio: 1,0000, Drift: 1,000, Error reduction coefficient: 0,000, Error: 0,0000 s
abr 04, 2013 12:33:10 PM org.ros.time.RemoteUptimeClock update
INFO: Latency: 7,0000 s, Delta ratio: 1,0000, Drift: 1,000, Error reduction coefficient: 0,000, Error: 0,0000 s
abr 04, 2013 12:33:10 PM org.ros.time.RemoteUptimeClock update
INFO: Latency: 7,0000 s, Delta ratio: 1,0000, Drift: 1,000, Error reduction coefficient: 0,000, Error: 0,0000 s
abr 04, 2013 12:33:10 PM org.ros.time.RemoteUptimeClock update
INFO: Latency: 7,0000 s, Delta ratio: 1,0000, Drift: 1,000, Error reduction coefficient: 0,000, Error: 0,0000 s
abr 04, 2013 12:33:10 PM org.ros.time.RemoteUptimeClock update
INFO: Latency: 7,0000 s, Delta ratio: 1,0000, Drift: 1,000, Error reduction coefficient: 0,000, Error: 0,0000 s
abr 04, 2013 12:33:10 PM org.ros.time.RemoteUptimeClock update
INFO: Latency: 7,0000 s, Delta ratio: 1,0000, Drift: 1,000, Error reduction coefficient: 0,000, Error: 0,0000 s
abr 04, 2013 12:33:10 PM org.ros.time.RemoteUptimeClock update
INFO: Latency: 7,0000 s, Delta ratio: 1,0000, Drift: 1,000, Error reduction coefficient: 0,000, Error: 0,0000 s
abr 04, 2013 12:33:10 PM org.ros.time.RemoteUptimeClock update
INFO: Latency: 7,0000 s, Delta ratio: 1,0000, Drift: 1,000, Error reduction coefficient: 0,000, Error: 0,0000 s
abr 04, 2013 12:33:10 PM org.ros.time.RemoteUptimeClock update
INFO: Latency: 7,0000 s, Delta ratio: 1,0000, Drift: 1,000, Error reduction coefficient: 0,000, Error: 0,0000 s
abr 04, 2013 12:33:10 PM org.ros.time.RemoteUptimeClock update
INFO: Latency: 7,0000 s, Delta ratio: 1,0000, Drift: 1,000, Error reduction coefficient: 0,000, Error: 0,0000 s
abr 04, 2013 12:33:10 PM org.ros.time.RemoteUptimeClock update
INFO: Latency: 7,0000 s, Delta ratio: 1,0000, Drift: 1,000, Error reduction coefficient: 0,000, Error: 0,0000 s
abr 04, 2013 12:33:10 PM org.ros.time.RemoteUptimeClock update
INFO: Latency: 7,0000 s, Delta ratio: 1,0000, Drift: 1,000, Error reduction coefficient: 0,000, Error: 0,0000 s
abr 04, 2013 12:33:10 PM org.ros.time.RemoteUptimeClock update
INFO: Latency: 7,0000 s, Delta ratio: 1,0000, Drift: 1,000, Error reduction coefficient: 0,000, Error: 0,0000 s
abr 04, 2013 12:33:10 PM org.ros.time.RemoteUptimeClock update
INFO: Latency: 7,0000 s, Delta ratio: 1,0000, Drift: 1,000, Error reduction coefficient: 0,000, Error: 0,0000 s
abr 04, 2013 12:33:10 PM org.ros.time.RemoteUptimeClock update
INFO: Latency: 7,0000 s, Delta ratio: 1,0000, Drift: 1,000, Error reduction coefficient: 0,000, Error: 0,0000 s
abr 04, 2013 12:33:10 PM org.ros.time.RemoteUptimeClock update
INFO: Latency: 7,0000 s, Delta ratio: 1,0000, Drift: 1,000, Error reduction coefficient: 0,000, Error: 0,0000 s
abr 04, 2013 12:33:10 PM org.ros.time.RemoteUptimeClock update
INFO: Latency: 7,0000 s, Delta ratio: 1,0000, Drift: 1,000, Error reduction coefficient: 0,000, Error: 0,0000 s
abr 04, 2013 12:33:10 PM org.ros.time.RemoteUptimeClock update
INFO: Latency: 7,0000 s, Delta ratio: 1,0000, Drift: 1,000, Error reduction coefficient: 0,000, Error: 0,0000 s
abr 04, 2013 12:33:10 PM org.ros.time.RemoteUptimeClock update
INFO: Latency: 7,0000 s, Delta ratio: 1,0000, Drift: 1,000, Error reduction coefficient: 0,000, Error: 0,0000 s
abr 04, 2013 12:33:10 PM org.ros.time.RemoteUptimeClock update
INFO: Latency: 7,0000 s, Delta ratio: 1,0000, Drift: 1,000, Error reduction coefficient: 0,000, Error: 0,0000 s
abr 04, 2013 12:33:10 PM org.ros.time.RemoteUptimeClock update
INFO: Latency: 7,0000 s, Delta ratio: 1,0000, Drift: 1,000, Error reduction coefficient: 0,000, Error: 0,0000 s
abr 04, 2013 12:33:10 PM org.ros.time.RemoteUptimeClock update
INFO: Latency: 7,0000 s, Delta ratio: 1,0000, Drift: 1,000, Error reduction coefficient: 0,000, Error: 0,0000 s
abr 04, 2013 12:33:10 PM org.ros.time.RemoteUptimeClock update
INFO: Latency: 7,0000 s, Delta ratio: 1,0000, Drift: 1,000, Error reduction coefficient: 0,000, Error: 0,0000 s
abr 04, 2013 12:33:10 PM org.ros.time.RemoteUptimeClock update
INFO: Latency: 7,0000 s, Delta ratio: 1,0000, Drift: 1,000, Error reduction coefficient: 0,000, Error: 0,0000 s
abr 04, 2013 12:33:10 PM org.ros.time.RemoteUptimeClock update
INFO: Latency: 7,0000 s, Delta ratio: 1,0000, Drift: 1,000, Error reduction coefficient: 0,000, Error: 0,0000 s
abr 04, 2013 12:33:10 PM org.ros.time.RemoteUptimeClock update
INFO: Latency: 7,0000 s, Delta ratio: 1,0000, Drift: 1,000, Error reduction coefficient: 0,000, Error: 0,0000 s
abr 04, 2013 12:33:10 PM org.ros.time.RemoteUptimeClock update
INFO: Latency: 7,0000 s, Delta ratio: 1,0000, Drift: 1,000, Error reduction coefficient: 0,000, Error: 0,0000 s
abr 04, 2013 12:33:10 PM org.ros.time.RemoteUptimeClock update
INFO: Latency: 7,0000 s, Delta ratio: 1,0000, Drift: 1,000, Error reduction coefficient: 0,000, Error: 0,0000 s
abr 04, 2013 12:33:10 PM org.ros.time.RemoteUptimeClock update
INFO: Latency: 7,0000 s, Delta ratio: 1,0000, Drift: 1,000, Error reduction coefficient: 0,000, Error: 0,0000 s
abr 04, 2013 12:33:10 PM org.ros.time.RemoteUptimeClock update
INFO: Latency: 7,0000 s, Delta ratio: 1,0000, Drift: 1,000, Error reduction coefficient: 0,000, Error: 0,0000 s
abr 04, 2013 12:33:10 PM org.ros.time.RemoteUptimeClock update
INFO: Latency: 7,0000 s, Delta ratio: 1,0000, Drift: 1,000, Error reduction coefficient: 0,000, Error: 0,0000 s
abr 04, 2013 12:33:10 PM org.ros.time.RemoteUptimeClock update
INFO: Latency: 7,0000 s, Delta ratio: 1,0000, Drift: 1,000, Error reduction coefficient: 0,000, Error: 0,0000 s
abr 04, 2013 12:33:10 PM org.ros.time.RemoteUptimeClock update
INFO: Latency: 7,0000 s, Delta ratio: 1,0000, Drift: 1,000, Error reduction coefficient: 0,000, Error: 0,0000 s
abr 04, 2013 12:33:10 PM org.ros.time.RemoteUptimeClock update
INFO: Latency: 7,0000 s, Delta ratio: 1,0000, Drift: 1,000, Error reduction coefficient: 0,000, Error: 0,0000 s
abr 04, 2013 12:33:10 PM org.ros.time.RemoteUptimeClock update
INFO: Latency: 7,0000 s, Delta ratio: 1,0000, Drift: 1,000, Error reduction coefficient: 0,000, Error: 0,0000 s
abr 04, 2013 12:33:10 PM org.ros.time.RemoteUptimeClock update
INFO: Latency: 7,0000 s, Delta ratio: 1,0000, Drift: 1,000, Error reduction coefficient: 0,000, Error: 0,0000 s
abr 04, 2013 12:33:10 PM org.ros.time.RemoteUptimeClock update
INFO: Latency: 7,0000 s, Delta ratio: 1,0000, Drift: 1,000, Error reduction coefficient: 0,000, Error: 0,0000 s
abr 04, 2013 12:33:10 PM org.ros.time.RemoteUptimeClock update
INFO: Latency: 7,0000 s, Delta ratio: 1,0000, Drift: 1,000, Error reduction coefficient: 0,000, Error: 0,0000 s
abr 04, 2013 12:33:10 PM org.ros.time.RemoteUptimeClock update
INFO: Latency: 7,0000 s, Delta ratio: 1,0000, Drift: 1,000, Error reduction coefficient: 0,000, Error: 0,0000 s
abr 04, 2013 12:33:10 PM org.ros.time.RemoteUptimeClock update
INFO: Latency: 7,0000 s, Delta ratio: 1,0000, Drift: 1,000, Error reduction coefficient: 0,000, Error: 0,0000 s
abr 04, 2013 12:33:10 PM org.ros.time.RemoteUptimeClock update
INFO: Latency: 7,0000 s, Delta ratio: 1,0000, Drift: 1,000, Error reduction coefficient: 0,000, Error: 0,0000 s
abr 04, 2013 12:33:10 PM org.ros.time.RemoteUptimeClock update
INFO: Latency: 7,0000 s, Delta ratio: 1,0000, Drift: 1,000, Error reduction coefficient: 0,000, Error: 0,0000 s
abr 04, 2013 12:33:10 PM org.ros.time.RemoteUptimeClock update
INFO: Latency: 7,0000 s, Delta ratio: 1,0000, Drift: 1,000, Error reduction coefficient: 0,000, Error: 0,0000 s
abr 04, 2013 12:33:10 PM org.ros.time.RemoteUptimeClock update
INFO: Latency: 7,0000 s, Delta ratio: 1,0000, Drift: 1,000, Error reduction coefficient: 0,000, Error: 0,0000 s
abr 04, 2013 12:33:10 PM org.ros.time.RemoteUptimeClock update
INFO: Latency: 7,0000 s, Delta ratio: 1,0000, Drift: 1,000, Error reduction coefficient: 0,000, Error: 0,0000 s
abr 04, 2013 12:33:10 PM org.ros.time.RemoteUptimeClock update
INFO: Latency: 7,0000 s, Delta ratio: 1,0000, Drift: 1,000, Error reduction coefficient: 0,000, Error: 0,0000 s
abr 04, 2013 12:33:10 PM org.ros.time.RemoteUptimeClock update
INFO: Latency: 7,0000 s, Delta ratio: 1,0000, Drift: 1,000, Error reduction coefficient: 0,000, Error: 0,0000 s
abr 04, 2013 12:33:10 PM org.ros.time.RemoteUptimeClock update
INFO: Latency: 7,0000 s, Delta ratio: 1,0000, Drift: 1,000, Error reduction coefficient: 0,000, Error: 0,0000 s
abr 04, 2013 12:33:10 PM org.ros.time.RemoteUptimeClock update
INFO: Latency: 7,0000 s, Delta ratio: 1,0000, Drift: 1,000, Error reduction coefficient: 0,000, Error: 0,0000 s
abr 04, 2013 12:33:10 PM org.ros.time.RemoteUptimeClock update
INFO: Latency: 7,0000 s, Delta ratio: 1,0000, Drift: 1,000, Error reduction coefficient: 0,000, Error: 0,0000 s
abr 04, 2013 12:33:10 PM org.ros.time.RemoteUptimeClock update
INFO: Latency: 7,0000 s, Delta ratio: 1,0000, Drift: 1,000, Error reduction coefficient: 0,000, Error: 0,0000 s
abr 04, 2013 12:33:10 PM org.ros.time.RemoteUptimeClock update
INFO: Latency: 7,0000 s, Delta ratio: 1,0000, Drift: 1,000, Error reduction coefficient: 0,000, Error: 0,0000 s
abr 04, 2013 12:33:10 PM org.ros.time.RemoteUptimeClock update
INFO: Latency: 7,0000 s, Delta ratio: 1,0000, Drift: 1,000, Error reduction coefficient: 0,000, Error: 0,0000 s
abr 04, 2013 12:33:10 PM org.ros.time.RemoteUptimeClock update
INFO: Latency: 7,0000 s, Delta ratio: 1,0000, Drift: 1,000, Error reduction coefficient: 0,000, Error: 0,0000 s
abr 04, 2013 12:33:10 PM org.ros.time.RemoteUptimeClock update
INFO: Latency: 7,0000 s, Delta ratio: 1,0000, Drift: 1,000, Error reduction coefficient: 0,000, Error: 0,0000 s
abr 04, 2013 12:33:10 PM org.ros.time.RemoteUptimeClock update
INFO: Latency: 7,0000 s, Delta ratio: 1,0000, Drift: 1,000, Error reduction coefficient: 0,000, Error: 0,0000 s
abr 04, 2013 12:33:10 PM org.ros.time.RemoteUptimeClock update
INFO: Latency: 7,0000 s, Delta ratio: 1,0000, Drift: 1,000, Error reduction coefficient: 0,000, Error: 0,0000 s
abr 04, 2013 12:33:10 PM org.ros.time.RemoteUptimeClock update
INFO: Latency: 7,0000 s, Delta ratio: 1,0000, Drift: 1,000, Error reduction coefficient: 0,000, Error: 0,0000 s
abr 04, 2013 12:33:10 PM org.ros.time.RemoteUptimeClock update
INFO: Latency: 7,0000 s, Delta ratio: 1,0000, Drift: 1,000, Error reduction coefficient: 0,000, Error: 0,0000 s
abr 04, 2013 12:33:10 PM org.ros.time.RemoteUptimeClock update
INFO: Latency: 7,0000 s, Delta ratio: 1,0000, Drift: 1,000, Error reduction coefficient: 0,000, Error: 0,0000 s
abr 04, 2013 12:33:10 PM org.ros.time.RemoteUptimeClock update
INFO: Latency: 7,0000 s, Delta ratio: 1,0000, Drift: 1,000, Error reduction coefficient: 0,000, Error: 0,0000 s
abr 04, 2013 12:33:10 PM org.ros.time.RemoteUptimeClock update
INFO: Latency: 7,0000 s, Delta ratio: 1,0000, Drift: 1,000, Error reduction coefficient: 0,000, Error: 0,0000 s
abr 04, 2013 12:33:10 PM org.ros.time.RemoteUptimeClock update
INFO: Latency: 7,0000 s, Delta ratio: 1,0000, Drift: 1,000, Error reduction coefficient: 0,000, Error: 0,0000 s
abr 04, 2013 12:33:10 PM org.ros.time.RemoteUptimeClock update
INFO: Latency: 7,0000 s, Delta ratio: 1,0000, Drift: 1,000, Error reduction coefficient: 0,000, Error: 0,0000 s
abr 04, 2013 12:33:10 PM org.ros.time.RemoteUptimeClock update
INFO: Latency: 7,0000 s, Delta ratio: 1,0000, Drift: 1,000, Error reduction coefficient: 0,000, Error: 0,0000 s
abr 04, 2013 12:33:10 PM org.ros.time.RemoteUptimeClock update
INFO: Latency: 7,0000 s, Delta ratio: 1,0000, Drift: 1,000, Error reduction coefficient: 0,000, Error: 0,0000 s
abr 04, 2013 12:33:10 PM org.ros.time.RemoteUptimeClock update
INFO: Latency: 7,0000 s, Delta ratio: 1,0000, Drift: 1,000, Error reduction coefficient: 0,000, Error: 0,0000 s
abr 04, 2013 12:33:10 PM org.ros.time.RemoteUptimeClock update
INFO: Latency: 7,0000 s, Delta ratio: 1,0000, Drift: 1,000, Error reduction coefficient: 0,000, Error: 0,0000 s
abr 04, 2013 12:33:10 PM org.ros.time.RemoteUptimeClock update
INFO: Latency: 7,0000 s, Delta ratio: 1,0000, Drift: 1,000, Error reduction coefficient: 0,000, Error: 0,0000 s
abr 04, 2013 12:33:10 PM org.ros.time.RemoteUptimeClock update
INFO: Latency: 7,0000 s, Delta ratio: 1,0000, Drift: 1,000, Error reduction coefficient: 0,000, Error: 0,0000 s
abr 04, 2013 12:33:10 PM org.ros.time.RemoteUptimeClock update
INFO: Latency: 7,0000 s, Delta ratio: 1,0000, Drift: 1,000, Error reduction coefficient: 0,000, Error: 0,0000 s
abr 04, 2013 12:33:10 PM org.ros.time.RemoteUptimeClock update
INFO: Latency: 7,0000 s, Delta ratio: 1,0000, Drift: 1,000, Error reduction coefficient: 0,000, Error: 0,0000 s
abr 04, 2013 12:33:10 PM org.ros.time.RemoteUptimeClock update
INFO: Latency: 7,0000 s, Delta ratio: 1,0000, Drift: 1,000, Error reduction coefficient: 0,000, Error: 0,0000 s
abr 04, 2013 12:33:10 PM org.ros.time.RemoteUptimeClock update
INFO: Latency: 7,0000 s, Delta ratio: 1,0000, Drift: 1,000, Error reduction coefficient: 0,000, Error: 0,0000 s
abr 04, 2013 12:33:10 PM org.ros.time.RemoteUptimeClock update
INFO: Latency: 7,0000 s, Delta ratio: 1,0000, Drift: 1,000, Error reduction coefficient: 0,000, Error: 0,0000 s
abr 04, 2013 12:33:10 PM org.ros.time.RemoteUptimeClock update
INFO: Latency: 7,0000 s, Delta ratio: 1,0000, Drift: 1,000, Error reduction coefficient: 0,000, Error: 0,0000 s
abr 04, 2013 12:33:10 PM org.ros.time.RemoteUptimeClock update
INFO: Latency: 7,0000 s, Delta ratio: 1,0000, Drift: 1,000, Error reduction coefficient: 0,000, Error: 0,0000 s
abr 04, 2013 12:33:10 PM org.ros.time.RemoteUptimeClock update
INFO: Latency: 7,0000 s, Delta ratio: 1,0000, Drift: 1,000, Error reduction coefficient: 0,000, Error: 0,0000 s
abr 04, 2013 12:33:10 PM org.ros.time.RemoteUptimeClock update
INFO: Latency: 7,0000 s, Delta ratio: 1,0000, Drift: 1,000, Error reduction coefficient: 0,000, Error: 0,0000 s
abr 04, 2013 12:33:10 PM org.ros.time.RemoteUptimeClock update
INFO: Latency: 7,0000 s, Delta ratio: 1,0000, Drift: 1,000, Error reduction coefficient: 0,000, Error: 0,0000 s
abr 04, 2013 12:33:10 PM org.ros.time.RemoteUptimeClock update
INFO: Latency: 7,0000 s, Delta ratio: 1,0000, Drift: 1,000, Error reduction coefficient: 0,000, Error: 0,0000 s
abr 04, 2013 12:33:10 PM org.ros.time.RemoteUptimeClock update
INFO: Latency: 7,0000 s, Delta ratio: 1,0000, Drift: 1,000, Error reduction coefficient: 0,000, Error: 0,0000 s
abr 04, 2013 12:33:10 PM org.ros.time.RemoteUptimeClock update
INFO: Latency: 7,0000 s, Delta ratio: 1,0000, Drift: 1,000, Error reduction coefficient: 0,000, Error: 0,0000 s
abr 04, 2013 12:33:10 PM org.ros.time.RemoteUptimeClock update
INFO: Latency: 7,0000 s, Delta ratio: 1,0000, Drift: 1,000, Error reduction coefficient: 0,000, Error: 0,0000 s
abr 04, 2013 12:33:10 PM org.ros.time.RemoteUptimeClock update
INFO: Latency: 7,0000 s, Delta ratio: 1,0000, Drift: 1,000, Error reduction coefficient: 0,000, Error: 0,0000 s
abr 04, 2013 12:33:10 PM org.ros.time.RemoteUptimeClock update
INFO: Latency: 7,0000 s, Delta ratio: 1,0000, Drift: 1,000, Error reduction coefficient: 0,000, Error: 0,0000 s
abr 04, 2013 12:33:10 PM org.ros.time.RemoteUptimeClock update
INFO: Latency: 7,0000 s, Delta ratio: 1,0000, Drift: 1,000, Error reduction coefficient: 0,000, Error: 0,0000 s
abr 04, 2013 12:33:10 PM org.ros.time.RemoteUptimeClock update
INFO: Latency: 7,0000 s, Delta ratio: 1,0000, Drift: 1,000, Error reduction coefficient: 0,000, Error: 0,0000 s
abr 04, 2013 12:33:10 PM org.ros.time.RemoteUptimeClock update
INFO: Latency: 7,0000 s, Delta ratio: 1,0000, Drift: 1,000, Error reduction coefficient: 0,000, Error: 0,0000 s
abr 04, 2013 12:33:10 PM org.ros.time.RemoteUptimeClock update
INFO: Latency: 7,0000 s, Delta ratio: 1,0000, Drift: 1,000, Error reduction coefficient: 0,000, Error: 0,0000 s
abr 04, 2013 12:33:10 PM org.ros.time.RemoteUptimeClock update
INFO: Latency: 7,0000 s, Delta ratio: 1,0000, Drift: 1,000, Error reduction coefficient: 0,000, Error: 0,0000 s
abr 04, 2013 12:33:10 PM org.ros.time.RemoteUptimeClock update
INFO: Latency: 7,0000 s, Delta ratio: 1,0000, Drift: 1,000, Error reduction coefficient: 0,000, Error: 0,0000 s
abr 04, 2013 12:33:10 PM org.ros.time.RemoteUptimeClock update
INFO: Latency: 7,0000 s, Delta ratio: 1,0000, Drift: 1,000, Error reduction coefficient: 0,000, Error: 0,0000 s
abr 04, 2013 12:33:10 PM org.ros.time.RemoteUptimeClock update
INFO: Latency: 7,0000 s, Delta ratio: 1,0000, Drift: 1,000, Error reduction coefficient: 0,000, Error: 0,0000 s
abr 04, 2013 12:33:10 PM org.ros.time.RemoteUptimeClock update
INFO: Latency: 7,0000 s, Delta ratio: 1,0000, Drift: 1,000, Error reduction coefficient: 0,000, Error: 0,0000 s
abr 04, 2013 12:33:10 PM org.ros.time.RemoteUptimeClock update
INFO: Latency: 7,0000 s, Delta ratio: 1,0000, Drift: 1,000, Error reduction coefficient: 0,000, Error: 0,0000 s
abr 04, 2013 12:33:10 PM org.ros.time.RemoteUptimeClock update
INFO: Latency: 7,0000 s, Delta ratio: 1,0000, Drift: 1,000, Error reduction coefficient: 0,000, Error: 0,0000 s
abr 04, 2013 12:33:10 PM org.ros.time.RemoteUptimeClock update
INFO: Latency: 7,0000 s, Delta ratio: 1,0000, Drift: 1,000, Error reduction coefficient: 0,000, Error: 0,0000 s
abr 04, 2013 12:33:10 PM org.ros.time.RemoteUptimeClock update
INFO: Latency: 7,0000 s, Delta ratio: 1,0000, Drift: 1,000, Error reduction coefficient: 0,000, Error: 0,0000 s
abr 04, 2013 12:33:10 PM org.ros.time.RemoteUptimeClock update
INFO: Latency: 7,0000 s, Delta ratio: 1,0000, Drift: 1,000, Error reduction coefficient: 0,000, Error: 0,0000 s
abr 04, 2013 12:33:10 PM org.ros.time.RemoteUptimeClock update
INFO: Latency: 7,0000 s, Delta ratio: 1,0000, Drift: 1,000, Error reduction coefficient: 0,000, Error: 0,0000 s
abr 04, 2013 12:33:10 PM org.ros.time.RemoteUptimeClock update
INFO: Latency: 7,0000 s, Delta ratio: 1,0000, Drift: 1,000, Error reduction coefficient: 0,000, Error: 0,0000 s
abr 04, 2013 12:33:10 PM org.ros.time.RemoteUptimeClock update
INFO: Latency: 7,0000 s, Delta ratio: 1,0000, Drift: 1,000, Error reduction coefficient: 0,000, Error: 0,0000 s
abr 04, 2013 12:33:10 PM org.ros.time.RemoteUptimeClock update
INFO: Latency: 7,0000 s, Delta ratio: 1,0000, Drift: 1,000, Error reduction coefficient: 0,000, Error: 0,0000 s
abr 04, 2013 12:33:10 PM org.ros.time.RemoteUptimeClock update
INFO: Latency: 7,0000 s, Delta ratio: 1,0000, Drift: 1,000, Error reduction coefficient: 0,000, Error: 0,0000 s
abr 04, 2013 12:33:10 PM org.ros.time.RemoteUptimeClock update
INFO: Latency: 7,0000 s, Delta ratio: 1,0000, Drift: 1,000, Error reduction coefficient: 0,000, Error: 0,0000 s
abr 04, 2013 12:33:10 PM org.ros.time.RemoteUptimeClock update
INFO: Latency: 7,0000 s, Delta ratio: 1,0000, Drift: 1,000, Error reduction coefficient: 0,000, Error: 0,0000 s
abr 04, 2013 12:33:10 PM org.ros.time.RemoteUptimeClock update
INFO: Latency: 7,0000 s, Delta ratio: 1,0000, Drift: 1,000, Error reduction coefficient: 0,000, Error: 0,0000 s
abr 04, 2013 12:33:10 PM org.ros.time.RemoteUptimeClock update
INFO: Latency: 7,0000 s, Delta ratio: 1,0000, Drift: 1,000, Error reduction coefficient: 0,000, Error: 0,0000 s
abr 04, 2013 12:33:10 PM org.ros.time.RemoteUptimeClock update
INFO: Latency: 7,0000 s, Delta ratio: 1,0000, Drift: 1,000, Error reduction coefficient: 0,000, Error: 0,0000 s
abr 04, 2013 12:33:10 PM org.ros.time.RemoteUptimeClock update
INFO: Latency: 7,0000 s, Delta ratio: 1,0000, Drift: 1,000, Error reduction coefficient: 0,000, Error: 0,0000 s
abr 04, 2013 12:33:10 PM org.ros.time.RemoteUptimeClock update
INFO: Latency: 7,0000 s, Delta ratio: 1,0000, Drift: 1,000, Error reduction coefficient: 0,000, Error: 0,0000 s
abr 04, 2013 12:33:10 PM org.ros.time.RemoteUptimeClock update
INFO: Latency: 7,0000 s, Delta ratio: 1,0000, Drift: 1,000, Error reduction coefficient: 0,000, Error: 0,0000 s
abr 04, 2013 12:33:10 PM org.ros.time.RemoteUptimeClock update
INFO: Latency: 7,0000 s, Delta ratio: 1,0000, Drift: 1,000, Error reduction coefficient: 0,000, Error: 0,0000 s
abr 04, 2013 12:33:10 PM org.ros.time.RemoteUptimeClock update
INFO: Latency: 7,0000 s, Delta ratio: 1,0000, Drift: 1,000, Error reduction coefficient: 0,000, Error: 0,0000 s
abr 04, 2013 12:33:10 PM org.ros.time.RemoteUptimeClock update
INFO: Latency: 7,0000 s, Delta ratio: 1,0000, Drift: 1,000, Error reduction coefficient: 0,000, Error: 0,0000 s
abr 04, 2013 12:33:10 PM org.ros.time.RemoteUptimeClock update
INFO: Latency: 7,0000 s, Delta ratio: 1,0000, Drift: 1,000, Error reduction coefficient: 0,000, Error: 0,0000 s
abr 04, 2013 12:33:10 PM org.ros.time.RemoteUptimeClock update
INFO: Latency: 7,0000 s, Delta ratio: 1,0000, Drift: 1,000, Error reduction coefficient: 0,000, Error: 0,0000 s
abr 04, 2013 12:33:10 PM org.ros.time.RemoteUptimeClock update
INFO: Latency: 7,0000 s, Delta ratio: 1,0000, Drift: 1,000, Error reduction coefficient: 0,000, Error: 0,0000 s
abr 04, 2013 12:33:10 PM org.ros.time.RemoteUptimeClock update
INFO: Latency: 7,0000 s, Delta ratio: 1,0000, Drift: 1,000, Error reduction coefficient: 0,000, Error: 0,0000 s
abr 04, 2013 12:33:10 PM org.ros.time.RemoteUptimeClock update
INFO: Latency: 7,0000 s, Delta ratio: 1,0000, Drift: 1,000, Error reduction coefficient: 0,000, Error: 0,0000 s
abr 04, 2013 12:33:10 PM org.ros.time.RemoteUptimeClock update
INFO: Latency: 7,0000 s, Delta ratio: 1,0000, Drift: 1,000, Error reduction coefficient: 0,000, Error: 0,0000 s
abr 04, 2013 12:33:10 PM org.ros.time.RemoteUptimeClock update
INFO: Latency: 7,0000 s, Delta ratio: 1,0000, Drift: 1,000, Error reduction coefficient: 0,000, Error: 0,0000 s
abr 04, 2013 12:33:10 PM org.ros.time.RemoteUptimeClock update
INFO: Latency: 7,0000 s, Delta ratio: 1,0000, Drift: 1,000, Error reduction coefficient: 0,000, Error: 0,0000 s
abr 04, 2013 12:33:10 PM org.ros.time.RemoteUptimeClock update
INFO: Latency: 7,0000 s, Delta ratio: 1,0000, Drift: 1,000, Error reduction coefficient: 0,000, Error: 0,0000 s
abr 04, 2013 12:33:10 PM org.ros.time.RemoteUptimeClock update
INFO: Latency: 7,0000 s, Delta ratio: 1,0000, Drift: 1,000, Error reduction coefficient: 0,000, Error: 0,0000 s
abr 04, 2013 12:33:10 PM org.ros.time.RemoteUptimeClock update
INFO: Latency: 7,0000 s, Delta ratio: 1,0000, Drift: 1,000, Error reduction coefficient: 0,000, Error: 0,0000 s
abr 04, 2013 12:33:10 PM org.ros.time.RemoteUptimeClock update
INFO: Latency: 7,0000 s, Delta ratio: 1,0000, Drift: 1,000, Error reduction coefficient: 0,000, Error: 0,0000 s
abr 04, 2013 12:33:10 PM org.ros.time.RemoteUptimeClock update
INFO: Latency: 7,0000 s, Delta ratio: 1,0000, Drift: 1,000, Error reduction coefficient: 0,000, Error: 0,0000 s
abr 04, 2013 12:33:10 PM org.ros.time.RemoteUptimeClock update
INFO: Latency: 7,0000 s, Delta ratio: 1,0000, Drift: 1,000, Error reduction coefficient: 0,000, Error: 0,0000 s
abr 04, 2013 12:33:10 PM org.ros.time.RemoteUptimeClock update
INFO: Latency: 7,0000 s, Delta ratio: 1,0000, Drift: 1,000, Error reduction coefficient: 0,000, Error: 0,0000 s
abr 04, 2013 12:33:10 PM org.ros.time.RemoteUptimeClock update
INFO: Latency: 7,0000 s, Delta ratio: 1,0000, Drift: 1,000, Error reduction coefficient: 0,000, Error: 0,0000 s
abr 04, 2013 12:33:10 PM org.ros.time.RemoteUptimeClock update
INFO: Latency: 7,0000 s, Delta ratio: 1,0000, Drift: 1,000, Error reduction coefficient: 0,000, Error: 0,0000 s
abr 04, 2013 12:33:10 PM org.ros.time.RemoteUptimeClock update
INFO: Latency: 7,0000 s, Delta ratio: 1,0000, Drift: 1,000, Error reduction coefficient: 0,000, Error: 0,0000 s
abr 04, 2013 12:33:10 PM org.ros.time.RemoteUptimeClock update
INFO: Latency: 7,0000 s, Delta ratio: 1,0000, Drift: 1,000, Error reduction coefficient: 0,000, Error: 0,0000 s
abr 04, 2013 12:33:10 PM org.ros.time.RemoteUptimeClock update
INFO: Latency: 7,0000 s, Delta ratio: 1,0000, Drift: 1,000, Error reduction coefficient: 0,000, Error: 0,0000 s
abr 04, 2013 12:33:10 PM org.ros.time.RemoteUptimeClock update
INFO: Latency: 7,0000 s, Delta ratio: 1,0000, Drift: 1,000, Error reduction coefficient: 0,000, Error: 0,0000 s
abr 04, 2013 12:33:10 PM org.ros.time.RemoteUptimeClock update
INFO: Latency: 7,0000 s, Delta ratio: 1,0000, Drift: 1,000, Error reduction coefficient: 0,000, Error: 0,0000 s
abr 04, 2013 12:33:10 PM org.ros.time.RemoteUptimeClock update
INFO: Latency: 7,0000 s, Delta ratio: 1,0000, Drift: 1,000, Error reduction coefficient: 0,000, Error: 0,0000 s
abr 04, 2013 12:33:10 PM org.ros.time.RemoteUptimeClock update
INFO: Latency: 7,0000 s, Delta ratio: 1,0000, Drift: 1,000, Error reduction coefficient: 0,000, Error: 0,0000 s
abr 04, 2013 12:33:10 PM org.ros.time.RemoteUptimeClock update
INFO: Latency: 7,0000 s, Delta ratio: 1,0000, Drift: 1,000, Error reduction coefficient: 0,000, Error: 0,0000 s
abr 04, 2013 12:33:10 PM org.ros.time.RemoteUptimeClock update
INFO: Latency: 7,0000 s, Delta ratio: 1,0000, Drift: 1,000, Error reduction coefficient: 0,000, Error: 0,0000 s
abr 04, 2013 12:33:10 PM org.ros.time.RemoteUptimeClock update
INFO: Latency: 7,0000 s, Delta ratio: 1,0000, Drift: 1,000, Error reduction coefficient: 0,000, Error: 0,0000 s
abr 04, 2013 12:33:10 PM org.ros.time.RemoteUptimeClock update
INFO: Latency: 7,0000 s, Delta ratio: 1,0000, Drift: 1,000, Error reduction coefficient: 0,000, Error: 0,0000 s
abr 04, 2013 12:33:10 PM org.ros.time.RemoteUptimeClock update
INFO: Latency: 7,0000 s, Delta ratio: 1,0000, Drift: 1,000, Error reduction coefficient: 0,000, Error: 0,0000 s
abr 04, 2013 12:33:10 PM org.ros.time.RemoteUptimeClock update
INFO: Latency: 7,0000 s, Delta ratio: 1,0000, Drift: 1,000, Error reduction coefficient: 0,000, Error: 0,0000 s
abr 04, 2013 12:33:10 PM org.ros.time.RemoteUptimeClock update
INFO: Latency: 7,0000 s, Delta ratio: 1,0000, Drift: 1,000, Error reduction coefficient: 0,000, Error: 0,0000 s
abr 04, 2013 12:33:10 PM org.ros.time.RemoteUptimeClock update
INFO: Latency: 7,0000 s, Delta ratio: 1,0000, Drift: 1,000, Error reduction coefficient: 0,000, Error: 0,0000 s
abr 04, 2013 12:33:10 PM org.ros.time.RemoteUptimeClock update
INFO: Latency: 7,0000 s, Delta ratio: 1,0000, Drift: 1,000, Error reduction coefficient: 0,000, Error: 0,0000 s
abr 04, 2013 12:33:10 PM org.ros.time.RemoteUptimeClock update
INFO: Latency: 7,0000 s, Delta ratio: 1,0000, Drift: 1,000, Error reduction coefficient: 0,000, Error: 0,0000 s
abr 04, 2013 12:33:10 PM org.ros.time.RemoteUptimeClock update
INFO: Latency: 7,0000 s, Delta ratio: 1,0000, Drift: 1,000, Error reduction coefficient: 0,000, Error: 0,0000 s
abr 04, 2013 12:33:10 PM org.ros.time.RemoteUptimeClock update
INFO: Latency: 7,0000 s, Delta ratio: 1,0000, Drift: 1,000, Error reduction coefficient: 0,000, Error: 0,0000 s
abr 04, 2013 12:33:10 PM org.ros.time.RemoteUptimeClock update
INFO: Latency: 7,0000 s, Delta ratio: 1,0000, Drift: 1,000, Error reduction coefficient: 0,000, Error: 0,0000 s
abr 04, 2013 12:33:10 PM org.ros.time.RemoteUptimeClock update
INFO: Latency: 7,0000 s, Delta ratio: 1,0000, Drift: 1,000, Error reduction coefficient: 0,000, Error: 0,0000 s
abr 04, 2013 12:33:10 PM org.ros.time.RemoteUptimeClock update
INFO: Latency: 7,0000 s, Delta ratio: 1,0000, Drift: 1,000, Error reduction coefficient: 0,000, Error: 0,0000 s
abr 04, 2013 12:33:10 PM org.ros.time.RemoteUptimeClock update
INFO: Latency: 7,0000 s, Delta ratio: 1,0000, Drift: 1,000, Error reduction coefficient: 0,000, Error: 0,0000 s
abr 04, 2013 12:33:10 PM org.ros.time.RemoteUptimeClock update
INFO: Latency: 7,0000 s, Delta ratio: 1,0000, Drift: 1,000, Error reduction coefficient: 0,000, Error: 0,0000 s
abr 04, 2013 12:33:10 PM org.ros.time.RemoteUptimeClock update
INFO: Latency: 7,0000 s, Delta ratio: 1,0000, Drift: 1,000, Error reduction coefficient: 0,000, Error: 0,0000 s
abr 04, 2013 12:33:10 PM org.ros.time.RemoteUptimeClock update
INFO: Latency: 7,0000 s, Delta ratio: 1,0000, Drift: 1,000, Error reduction coefficient: 0,000, Error: 0,0000 s
abr 04, 2013 12:33:10 PM org.ros.time.RemoteUptimeClock update
INFO: Latency: 7,0000 s, Delta ratio: 1,0000, Drift: 1,000, Error reduction coefficient: 0,000, Error: 0,0000 s
abr 04, 2013 12:33:10 PM org.ros.time.RemoteUptimeClock update
INFO: Latency: 7,0000 s, Delta ratio: 1,0000, Drift: 1,000, Error reduction coefficient: 0,000, Error: 0,0000 s
abr 04, 2013 12:33:10 PM org.ros.time.RemoteUptimeClock update
INFO: Latency: 7,0000 s, Delta ratio: 1,0000, Drift: 1,000, Error reduction coefficient: 0,000, Error: 0,0000 s
abr 04, 2013 12:33:10 PM org.ros.time.RemoteUptimeClock update
INFO: Latency: 7,0000 s, Delta ratio: 1,0000, Drift: 1,000, Error reduction coefficient: 0,000, Error: 0,0000 s
abr 04, 2013 12:33:10 PM org.ros.time.RemoteUptimeClock update
INFO: Latency: 7,0000 s, Delta ratio: 1,0000, Drift: 1,000, Error reduction coefficient: 0,000, Error: 0,0000 s
abr 04, 2013 12:33:10 PM org.ros.time.RemoteUptimeClock update
INFO: Latency: 7,0000 s, Delta ratio: 1,0000, Drift: 1,000, Error reduction coefficient: 0,000, Error: 0,0000 s
abr 04, 2013 12:33:10 PM org.ros.time.RemoteUptimeClock update
INFO: Latency: 7,0000 s, Delta ratio: 1,0000, Drift: 1,000, Error reduction coefficient: 0,000, Error: 0,0000 s
abr 04, 2013 12:33:10 PM org.ros.time.RemoteUptimeClock update
INFO: Latency: 7,0000 s, Delta ratio: 1,0000, Drift: 1,000, Error reduction coefficient: 0,000, Error: 0,0000 s
abr 04, 2013 12:33:10 PM org.ros.time.RemoteUptimeClock update
INFO: Latency: 7,0000 s, Delta ratio: 1,0000, Drift: 1,000, Error reduction coefficient: 0,000, Error: 0,0000 s
abr 04, 2013 12:33:10 PM org.ros.time.RemoteUptimeClock update
INFO: Latency: 7,0000 s, Delta ratio: 1,0000, Drift: 1,000, Error reduction coefficient: 0,000, Error: 0,0000 s
abr 04, 2013 12:33:10 PM org.ros.time.RemoteUptimeClock update
INFO: Latency: 7,0000 s, Delta ratio: 1,0000, Drift: 1,000, Error reduction coefficient: 0,000, Error: 0,0000 s
abr 04, 2013 12:33:10 PM org.ros.time.RemoteUptimeClock update
INFO: Latency: 7,0000 s, Delta ratio: 1,0000, Drift: 1,000, Error reduction coefficient: 0,000, Error: 0,0000 s
abr 04, 2013 12:33:10 PM org.ros.time.RemoteUptimeClock update
INFO: Latency: 7,0000 s, Delta ratio: 1,0000, Drift: 1,000, Error reduction coefficient: 0,000, Error: 0,0000 s
abr 04, 2013 12:33:10 PM org.ros.time.RemoteUptimeClock update
INFO: Latency: 7,0000 s, Delta ratio: 1,0000, Drift: 1,000, Error reduction coefficient: 0,000, Error: 0,0000 s
abr 04, 2013 12:33:10 PM org.ros.time.RemoteUptimeClock update
INFO: Latency: 7,0000 s, Delta ratio: 1,0000, Drift: 1,000, Error reduction coefficient: 0,000, Error: 0,0000 s
abr 04, 2013 12:33:10 PM org.ros.time.RemoteUptimeClock update
INFO: Latency: 7,0000 s, Delta ratio: 1,0000, Drift: 1,000, Error reduction coefficient: 0,000, Error: 0,0000 s
abr 04, 2013 12:33:10 PM org.ros.time.RemoteUptimeClock update
INFO: Latency: 7,0000 s, Delta ratio: 1,0000, Drift: 1,000, Error reduction coefficient: 0,000, Error: 0,0000 s
abr 04, 2013 12:33:10 PM org.ros.time.RemoteUptimeClock update
INFO: Latency: 7,0000 s, Delta ratio: 1,0000, Drift: 1,000, Error reduction coefficient: 0,000, Error: 0,0000 s
abr 04, 2013 12:33:10 PM org.ros.time.RemoteUptimeClock update
INFO: Latency: 7,0000 s, Delta ratio: 1,0000, Drift: 1,000, Error reduction coefficient: 0,000, Error: 0,0000 s
abr 04, 2013 12:33:10 PM org.ros.time.RemoteUptimeClock update
INFO: Latency: 7,0000 s, Delta ratio: 1,0000, Drift: 1,000, Error reduction coefficient: 0,000, Error: 0,0000 s
abr 04, 2013 12:33:10 PM org.ros.time.RemoteUptimeClock update
INFO: Latency: 7,0000 s, Delta ratio: 1,0000, Drift: 1,000, Error reduction coefficient: 0,000, Error: 0,0000 s
abr 04, 2013 12:33:10 PM org.ros.time.RemoteUptimeClock update
INFO: Latency: 7,0000 s, Delta ratio: 1,0000, Drift: 1,000, Error reduction coefficient: 0,000, Error: 0,0000 s
abr 04, 2013 12:33:10 PM org.ros.time.RemoteUptimeClock update
INFO: Latency: 7,0000 s, Delta ratio: 1,0000, Drift: 1,000, Error reduction coefficient: 0,000, Error: 0,0000 s
abr 04, 2013 12:33:10 PM org.ros.time.RemoteUptimeClock update
INFO: Latency: 7,0000 s, Delta ratio: 1,0000, Drift: 1,000, Error reduction coefficient: 0,000, Error: 0,0000 s
abr 04, 2013 12:33:10 PM org.ros.time.RemoteUptimeClock update
INFO: Latency: 7,0000 s, Delta ratio: 1,0000, Drift: 1,000, Error reduction coefficient: 0,000, Error: 0,0000 s
abr 04, 2013 12:33:10 PM org.ros.time.RemoteUptimeClock update
INFO: Latency: 7,0000 s, Delta ratio: 1,0000, Drift: 1,000, Error reduction coefficient: 0,000, Error: 0,0000 s
abr 04, 2013 12:33:10 PM org.ros.time.RemoteUptimeClock update
INFO: Latency: 7,0000 s, Delta ratio: 1,0000, Drift: 1,000, Error reduction coefficient: 0,000, Error: 0,0000 s
abr 04, 2013 12:33:10 PM org.ros.time.RemoteUptimeClock update
INFO: Latency: 7,0000 s, Delta ratio: 1,0000, Drift: 1,000, Error reduction coefficient: 0,000, Error: 0,0000 s
abr 04, 2013 12:33:10 PM org.ros.time.RemoteUptimeClock update
INFO: Latency: 7,0000 s, Delta ratio: 1,0000, Drift: 1,000, Error reduction coefficient: 0,000, Error: 0,0000 s
abr 04, 2013 12:33:10 PM org.ros.time.RemoteUptimeClock update
INFO: Latency: 7,0000 s, Delta ratio: 1,0000, Drift: 1,000, Error reduction coefficient: 0,000, Error: 0,0000 s
abr 04, 2013 12:33:10 PM org.ros.time.RemoteUptimeClock update
INFO: Latency: 7,0000 s, Delta ratio: 1,0000, Drift: 1,000, Error reduction coefficient: 0,000, Error: 0,0000 s
abr 04, 2013 12:33:10 PM org.ros.time.RemoteUptimeClock update
INFO: Latency: 7,0000 s, Delta ratio: 1,0000, Drift: 1,000, Error reduction coefficient: 0,000, Error: 0,0000 s
abr 04, 2013 12:33:10 PM org.ros.time.RemoteUptimeClock update
INFO: Latency: 7,0000 s, Delta ratio: 1,0000, Drift: 1,000, Error reduction coefficient: 0,000, Error: 0,0000 s
abr 04, 2013 12:33:10 PM org.ros.time.RemoteUptimeClock update
INFO: Latency: 7,0000 s, Delta ratio: 1,0000, Drift: 1,000, Error reduction coefficient: 0,000, Error: 0,0000 s
abr 04, 2013 12:33:10 PM org.ros.time.RemoteUptimeClock update
INFO: Latency: 7,0000 s, Delta ratio: 1,0000, Drift: 1,000, Error reduction coefficient: 0,000, Error: 0,0000 s
abr 04, 2013 12:33:10 PM org.ros.time.RemoteUptimeClock update
INFO: Latency: 7,0000 s, Delta ratio: 1,0000, Drift: 1,000, Error reduction coefficient: 0,000, Error: 0,0000 s
abr 04, 2013 12:33:10 PM org.ros.time.RemoteUptimeClock update
INFO: Latency: 7,0000 s, Delta ratio: 1,0000, Drift: 1,000, Error reduction coefficient: 0,000, Error: 0,0000 s
abr 04, 2013 12:33:10 PM org.ros.time.RemoteUptimeClock update
INFO: Latency: 7,0000 s, Delta ratio: 1,0000, Drift: 1,000, Error reduction coefficient: 0,000, Error: 0,0000 s
abr 04, 2013 12:33:10 PM org.ros.time.RemoteUptimeClock update
INFO: Latency: 7,0000 s, Delta ratio: 1,0000, Drift: 1,000, Error reduction coefficient: 0,000, Error: 0,0000 s
abr 04, 2013 12:33:10 PM org.ros.time.RemoteUptimeClock update
INFO: Latency: 7,0000 s, Delta ratio: 1,0000, Drift: 1,000, Error reduction coefficient: 0,000, Error: 0,0000 s
abr 04, 2013 12:33:10 PM org.ros.time.RemoteUptimeClock update
INFO: Latency: 7,0000 s, Delta ratio: 1,0000, Drift: 1,000, Error reduction coefficient: 0,000, Error: 0,0000 s
abr 04, 2013 12:33:10 PM org.ros.time.RemoteUptimeClock update
INFO: Latency: 7,0000 s, Delta ratio: 1,0000, Drift: 1,000, Error reduction coefficient: 0,000, Error: 0,0000 s
abr 04, 2013 12:33:10 PM org.ros.time.RemoteUptimeClock update
INFO: Latency: 7,0000 s, Delta ratio: 1,0000, Drift: 1,000, Error reduction coefficient: 0,000, Error: 0,0000 s
abr 04, 2013 12:33:10 PM org.ros.time.RemoteUptimeClock update
INFO: Latency: 7,0000 s, Delta ratio: 1,0000, Drift: 1,000, Error reduction coefficient: 0,000, Error: 0,0000 s
abr 04, 2013 12:33:10 PM org.ros.time.RemoteUptimeClock update
INFO: Latency: 7,0000 s, Delta ratio: 1,0000, Drift: 1,000, Error reduction coefficient: 0,000, Error: 0,0000 s
abr 04, 2013 12:33:10 PM org.ros.time.RemoteUptimeClock update
INFO: Latency: 7,0000 s, Delta ratio: 1,0000, Drift: 1,000, Error reduction coefficient: 0,000, Error: 0,0000 s
abr 04, 2013 12:33:10 PM org.ros.time.RemoteUptimeClock update
INFO: Latency: 7,0000 s, Delta ratio: 1,0000, Drift: 1,000, Error reduction coefficient: 0,000, Error: 0,0000 s
abr 04, 2013 12:33:10 PM org.ros.time.RemoteUptimeClock update
INFO: Latency: 7,0000 s, Delta ratio: 1,0000, Drift: 1,000, Error reduction coefficient: 0,000, Error: 0,0000 s
abr 04, 2013 12:33:10 PM org.ros.time.RemoteUptimeClock update
INFO: Latency: 7,0000 s, Delta ratio: 1,0000, Drift: 1,000, Error reduction coefficient: 0,000, Error: 0,0000 s
abr 04, 2013 12:33:10 PM org.ros.time.RemoteUptimeClock update
INFO: Latency: 7,0000 s, Delta ratio: 1,0000, Drift: 1,000, Error reduction coefficient: 0,000, Error: 0,0000 s
abr 04, 2013 12:33:10 PM org.ros.time.RemoteUptimeClock update
INFO: Latency: 7,0000 s, Delta ratio: 1,0000, Drift: 1,000, Error reduction coefficient: 0,000, Error: 0,0000 s
abr 04, 2013 12:33:10 PM org.ros.time.RemoteUptimeClock update
INFO: Latency: 7,0000 s, Delta ratio: 1,0000, Drift: 1,000, Error reduction coefficient: 0,000, Error: 0,0000 s
abr 04, 2013 12:33:10 PM org.ros.time.RemoteUptimeClock update
INFO: Latency: 7,0000 s, Delta ratio: 1,0000, Drift: 1,000, Error reduction coefficient: 0,000, Error: 0,0000 s
abr 04, 2013 12:33:10 PM org.ros.time.RemoteUptimeClock update
INFO: Latency: 7,0000 s, Delta ratio: 1,0000, Drift: 1,000, Error reduction coefficient: 0,000, Error: 0,0000 s
abr 04, 2013 12:33:10 PM org.ros.time.RemoteUptimeClock update
INFO: Latency: 7,0000 s, Delta ratio: 1,0000, Drift: 1,000, Error reduction coefficient: 0,000, Error: 0,0000 s
abr 04, 2013 12:33:10 PM org.ros.time.RemoteUptimeClock update
INFO: Latency: 7,0000 s, Delta ratio: 1,0000, Drift: 1,000, Error reduction coefficient: 0,000, Error: 0,0000 s
abr 04, 2013 12:33:10 PM org.ros.time.RemoteUptimeClock update
INFO: Latency: 7,0000 s, Delta ratio: 1,0000, Drift: 1,000, Error reduction coefficient: 0,000, Error: 0,0000 s
abr 04, 2013 12:33:10 PM org.ros.time.RemoteUptimeClock update
INFO: Latency: 7,0000 s, Delta ratio: 1,0000, Drift: 1,000, Error reduction coefficient: 0,000, Error: 0,0000 s
abr 04, 2013 12:33:10 PM org.ros.time.RemoteUptimeClock update
INFO: Latency: 7,0000 s, Delta ratio: 1,0000, Drift: 1,000, Error reduction coefficient: 0,000, Error: 0,0000 s
abr 04, 2013 12:33:10 PM org.ros.time.RemoteUptimeClock update
INFO: Latency: 7,0000 s, Delta ratio: 1,0000, Drift: 1,000, Error reduction coefficient: 0,000, Error: 0,0000 s
abr 04, 2013 12:33:10 PM org.ros.time.RemoteUptimeClock update
INFO: Latency: 7,0000 s, Delta ratio: 1,0000, Drift: 1,000, Error reduction coefficient: 0,000, Error: 0,0000 s
abr 04, 2013 12:33:10 PM org.ros.time.RemoteUptimeClock update
INFO: Latency: 7,0000 s, Delta ratio: 1,0000, Drift: 1,000, Error reduction coefficient: 0,000, Error: 0,0000 s
abr 04, 2013 12:33:10 PM org.ros.time.RemoteUptimeClock update
INFO: Latency: 7,0000 s, Delta ratio: 1,0000, Drift: 1,000, Error reduction coefficient: 0,000, Error: 0,0000 s
abr 04, 2013 12:33:10 PM org.ros.time.RemoteUptimeClock update
INFO: Latency: 7,0000 s, Delta ratio: 1,0000, Drift: 1,000, Error reduction coefficient: 0,000, Error: 0,0000 s
abr 04, 2013 12:33:10 PM org.ros.time.RemoteUptimeClock update
INFO: Latency: 7,0000 s, Delta ratio: 1,0000, Drift: 1,000, Error reduction coefficient: 0,000, Error: 0,0000 s
abr 04, 2013 12:33:10 PM org.ros.time.RemoteUptimeClock update
INFO: Latency: 7,0000 s, Delta ratio: 1,0000, Drift: 1,000, Error reduction coefficient: 0,000, Error: 0,0000 s
abr 04, 2013 12:33:10 PM org.ros.time.RemoteUptimeClock update
INFO: Latency: 7,0000 s, Delta ratio: 1,0000, Drift: 1,000, Error reduction coefficient: 0,000, Error: 0,0000 s
abr 04, 2013 12:33:10 PM org.ros.time.RemoteUptimeClock update
INFO: Latency: 7,0000 s, Delta ratio: 1,0000, Drift: 1,000, Error reduction coefficient: 0,000, Error: 0,0000 s
abr 04, 2013 12:33:10 PM org.ros.time.RemoteUptimeClock update
INFO: Latency: 7,0000 s, Delta ratio: 1,0000, Drift: 1,000, Error reduction coefficient: 0,000, Error: 0,0000 s
abr 04, 2013 12:33:10 PM org.ros.time.RemoteUptimeClock update
INFO: Latency: 7,0000 s, Delta ratio: 1,0000, Drift: 1,000, Error reduction coefficient: 0,000, Error: 0,0000 s
abr 04, 2013 12:33:10 PM org.ros.time.RemoteUptimeClock update
INFO: Latency: 7,0000 s, Delta ratio: 1,0000, Drift: 1,000, Error reduction coefficient: 0,000, Error: 0,0000 s
abr 04, 2013 12:33:10 PM org.ros.time.RemoteUptimeClock update
INFO: Latency: 7,0000 s, Delta ratio: 1,0000, Drift: 1,000, Error reduction coefficient: 0,000, Error: 0,0000 s
abr 04, 2013 12:33:10 PM org.ros.time.RemoteUptimeClock update
INFO: Latency: 7,0000 s, Delta ratio: 1,0000, Drift: 1,000, Error reduction coefficient: 0,000, Error: 0,0000 s
abr 04, 2013 12:33:10 PM org.ros.time.RemoteUptimeClock update
INFO: Latency: 7,0000 s, Delta ratio: 1,0000, Drift: 1,000, Error reduction coefficient: 0,000, Error: 0,0000 s
abr 04, 2013 12:33:10 PM org.ros.time.RemoteUptimeClock update
INFO: Latency: 7,0000 s, Delta ratio: 1,0000, Drift: 1,000, Error reduction coefficient: 0,000, Error: 0,0000 s
abr 04, 2013 12:33:10 PM org.ros.time.RemoteUptimeClock update
INFO: Latency: 7,0000 s, Delta ratio: 1,0000, Drift: 1,000, Error reduction coefficient: 0,000, Error: 0,0000 s
abr 04, 2013 12:33:10 PM org.ros.time.RemoteUptimeClock update
INFO: Latency: 7,0000 s, Delta ratio: 1,0000, Drift: 1,000, Error reduction coefficient: 0,000, Error: 0,0000 s
abr 04, 2013 12:33:10 PM org.ros.time.RemoteUptimeClock update
INFO: Latency: 7,0000 s, Delta ratio: 1,0000, Drift: 1,000, Error reduction coefficient: 0,000, Error: 0,0000 s
abr 04, 2013 12:33:10 PM org.ros.time.RemoteUptimeClock update
INFO: Latency: 7,0000 s, Delta ratio: 1,0000, Drift: 1,000, Error reduction coefficient: 0,000, Error: 0,0000 s
abr 04, 2013 12:33:10 PM org.ros.time.RemoteUptimeClock update
INFO: Latency: 7,0000 s, Delta ratio: 1,0000, Drift: 1,000, Error reduction coefficient: 0,000, Error: 0,0000 s
abr 04, 2013 12:33:10 PM org.ros.time.RemoteUptimeClock update
INFO: Latency: 7,0000 s, Delta ratio: 1,0000, Drift: 1,000, Error reduction coefficient: 0,000, Error: 0,0000 s
abr 04, 2013 12:33:10 PM org.ros.time.RemoteUptimeClock update
INFO: Latency: 7,0000 s, Delta ratio: 1,0000, Drift: 1,000, Error reduction coefficient: 0,000, Error: 0,0000 s
abr 04, 2013 12:33:10 PM org.ros.time.RemoteUptimeClock update
INFO: Latency: 7,0000 s, Delta ratio: 1,0000, Drift: 1,000, Error reduction coefficient: 0,000, Error: 0,0000 s
abr 04, 2013 12:33:10 PM org.ros.time.RemoteUptimeClock update
INFO: Latency: 7,0000 s, Delta ratio: 1,0000, Drift: 1,000, Error reduction coefficient: 0,000, Error: 0,0000 s
abr 04, 2013 12:33:10 PM org.ros.time.RemoteUptimeClock update
INFO: Latency: 7,0000 s, Delta ratio: 1,0000, Drift: 1,000, Error reduction coefficient: 0,000, Error: 0,0000 s
abr 04, 2013 12:33:10 PM org.ros.time.RemoteUptimeClock update
INFO: Latency: 7,0000 s, Delta ratio: 1,0000, Drift: 1,000, Error reduction coefficient: 0,000, Error: 0,0000 s
abr 04, 2013 12:33:10 PM org.ros.time.RemoteUptimeClock update
INFO: Latency: 7,0000 s, Delta ratio: 1,0000, Drift: 1,000, Error reduction coefficient: 0,000, Error: 0,0000 s
abr 04, 2013 12:33:10 PM org.ros.time.RemoteUptimeClock update
INFO: Latency: 7,0000 s, Delta ratio: 1,0000, Drift: 1,000, Error reduction coefficient: 0,000, Error: 0,0000 s
abr 04, 2013 12:33:10 PM org.ros.time.RemoteUptimeClock update
INFO: Latency: 7,0000 s, Delta ratio: 1,0000, Drift: 1,000, Error reduction coefficient: 0,000, Error: 0,0000 s
abr 04, 2013 12:33:10 PM org.ros.time.RemoteUptimeClock update
INFO: Latency: 7,0000 s, Delta ratio: 1,0000, Drift: 1,000, Error reduction coefficient: 0,000, Error: 0,0000 s
abr 04, 2013 12:33:10 PM org.ros.time.RemoteUptimeClock update
INFO: Latency: 7,0000 s, Delta ratio: 1,0000, Drift: 1,000, Error reduction coefficient: 0,000, Error: 0,0000 s
abr 04, 2013 12:33:10 PM org.ros.time.RemoteUptimeClock update
INFO: Latency: 7,0000 s, Delta ratio: 1,0000, Drift: 1,000, Error reduction coefficient: 0,000, Error: 0,0000 s
abr 04, 2013 12:33:10 PM org.ros.time.RemoteUptimeClock update
INFO: Latency: 7,0000 s, Delta ratio: 1,0000, Drift: 1,000, Error reduction coefficient: 0,000, Error: 0,0000 s
abr 04, 2013 12:33:10 PM org.ros.time.RemoteUptimeClock update
INFO: Latency: 7,0000 s, Delta ratio: 1,0000, Drift: 1,000, Error reduction coefficient: 0,000, Error: 0,0000 s
abr 04, 2013 12:33:10 PM org.ros.time.RemoteUptimeClock update
INFO: Latency: 7,0000 s, Delta ratio: 1,0000, Drift: 1,000, Error reduction coefficient: 0,000, Error: 0,0000 s
abr 04, 2013 12:33:10 PM org.ros.time.RemoteUptimeClock update
INFO: Latency: 7,0000 s, Delta ratio: 1,0000, Drift: 1,000, Error reduction coefficient: 0,000, Error: 0,0000 s
abr 04, 2013 12:33:10 PM org.ros.time.RemoteUptimeClock update
INFO: Latency: 7,0000 s, Delta ratio: 1,0000, Drift: 1,000, Error reduction coefficient: 0,000, Error: 0,0000 s
abr 04, 2013 12:33:10 PM org.ros.time.RemoteUptimeClock update
INFO: Latency: 7,0000 s, Delta ratio: 1,0000, Drift: 1,000, Error reduction coefficient: 0,000, Error: 0,0000 s
abr 04, 2013 12:33:10 PM org.ros.time.RemoteUptimeClock update
INFO: Latency: 7,0000 s, Delta ratio: 1,0000, Drift: 1,000, Error reduction coefficient: 0,000, Error: 0,0000 s
abr 04, 2013 12:33:10 PM org.ros.time.RemoteUptimeClock update
INFO: Latency: 7,0000 s, Delta ratio: 1,0000, Drift: 1,000, Error reduction coefficient: 0,000, Error: 0,0000 s
abr 04, 2013 12:33:10 PM org.ros.time.RemoteUptimeClock update
INFO: Latency: 7,0000 s, Delta ratio: 1,0000, Drift: 1,000, Error reduction coefficient: 0,000, Error: 0,0000 s
abr 04, 2013 12:33:10 PM org.ros.time.RemoteUptimeClock update
INFO: Latency: 7,0000 s, Delta ratio: 1,0000, Drift: 1,000, Error reduction coefficient: 0,000, Error: 0,0000 s
abr 04, 2013 12:33:10 PM org.ros.time.RemoteUptimeClock update
INFO: Latency: 7,0000 s, Delta ratio: 1,0000, Drift: 1,000, Error reduction coefficient: 0,000, Error: 0,0000 s
abr 04, 2013 12:33:10 PM org.ros.time.RemoteUptimeClock update
INFO: Latency: 7,0000 s, Delta ratio: 1,0000, Drift: 1,000, Error reduction coefficient: 0,000, Error: 0,0000 s
abr 04, 2013 12:33:10 PM org.ros.time.RemoteUptimeClock update
INFO: Latency: 7,0000 s, Delta ratio: 1,0000, Drift: 1,000, Error reduction coefficient: 0,000, Error: 0,0000 s
abr 04, 2013 12:33:10 PM org.ros.time.RemoteUptimeClock update
INFO: Latency: 7,0000 s, Delta ratio: 1,0000, Drift: 1,000, Error reduction coefficient: 0,000, Error: 0,0000 s
abr 04, 2013 12:33:10 PM org.ros.time.RemoteUptimeClock update
INFO: Latency: 7,0000 s, Delta ratio: 1,0000, Drift: 1,000, Error reduction coefficient: 0,000, Error: 0,0000 s
abr 04, 2013 12:33:10 PM org.ros.time.RemoteUptimeClock update
INFO: Latency: 7,0000 s, Delta ratio: 1,0000, Drift: 1,000, Error reduction coefficient: 0,000, Error: 0,0000 s
abr 04, 2013 12:33:10 PM org.ros.time.RemoteUptimeClock update
INFO: Latency: 7,0000 s, Delta ratio: 1,0000, Drift: 1,000, Error reduction coefficient: 0,000, Error: 0,0000 s
abr 04, 2013 12:33:10 PM org.ros.time.RemoteUptimeClock update
INFO: Latency: 7,0000 s, Delta ratio: 1,0000, Drift: 1,000, Error reduction coefficient: 0,000, Error: 0,0000 s
abr 04, 2013 12:33:10 PM org.ros.time.RemoteUptimeClock update
INFO: Latency: 7,0000 s, Delta ratio: 1,0000, Drift: 1,000, Error reduction coefficient: 0,000, Error: 0,0000 s
abr 04, 2013 12:33:10 PM org.ros.time.RemoteUptimeClock update
INFO: Latency: 7,0000 s, Delta ratio: 1,0000, Drift: 1,000, Error reduction coefficient: 0,000, Error: 0,0000 s
abr 04, 2013 12:33:10 PM org.ros.time.RemoteUptimeClock update
INFO: Latency: 7,0000 s, Delta ratio: 1,0000, Drift: 1,000, Error reduction coefficient: 0,000, Error: 0,0000 s
abr 04, 2013 12:33:10 PM org.ros.time.RemoteUptimeClock update
INFO: Latency: 7,0000 s, Delta ratio: 1,0000, Drift: 1,000, Error reduction coefficient: 0,000, Error: 0,0000 s
abr 04, 2013 12:33:10 PM org.ros.time.RemoteUptimeClock update
INFO: Latency: 7,0000 s, Delta ratio: 1,0000, Drift: 1,000, Error reduction coefficient: 0,000, Error: 0,0000 s
abr 04, 2013 12:33:10 PM org.ros.time.RemoteUptimeClock update
INFO: Latency: 7,0000 s, Delta ratio: 1,0000, Drift: 1,000, Error reduction coefficient: 0,000, Error: 0,0000 s
abr 04, 2013 12:33:10 PM org.ros.time.RemoteUptimeClock update
INFO: Latency: 7,0000 s, Delta ratio: 1,0000, Drift: 1,000, Error reduction coefficient: 0,000, Error: 0,0000 s
abr 04, 2013 12:33:10 PM org.ros.time.RemoteUptimeClock update
INFO: Latency: 7,0000 s, Delta ratio: 1,0000, Drift: 1,000, Error reduction coefficient: 0,000, Error: 0,0000 s
abr 04, 2013 12:33:10 PM org.ros.time.RemoteUptimeClock update
INFO: Latency: 7,0000 s, Delta ratio: 1,0000, Drift: 1,000, Error reduction coefficient: 0,000, Error: 0,0000 s
abr 04, 2013 12:33:10 PM org.ros.time.RemoteUptimeClock update
INFO: Latency: 7,0000 s, Delta ratio: 1,0000, Drift: 1,000, Error reduction coefficient: 0,000, Error: 0,0000 s
abr 04, 2013 12:33:10 PM org.ros.time.RemoteUptimeClock update
INFO: Latency: 7,0000 s, Delta ratio: 1,0000, Drift: 1,000, Error reduction coefficient: 0,000, Error: 0,0000 s
abr 04, 2013 12:33:10 PM org.ros.time.RemoteUptimeClock update
INFO: Latency: 7,0000 s, Delta ratio: 1,0000, Drift: 1,000, Error reduction coefficient: 0,000, Error: 0,0000 s
abr 04, 2013 12:33:10 PM org.ros.time.RemoteUptimeClock update
INFO: Latency: 7,0000 s, Delta ratio: 1,0000, Drift: 1,000, Error reduction coefficient: 0,000, Error: 0,0000 s
abr 04, 2013 12:33:10 PM org.ros.time.RemoteUptimeClock update
INFO: Latency: 7,0000 s, Delta ratio: 1,0000, Drift: 1,000, Error reduction coefficient: 0,000, Error: 0,0000 s
abr 04, 2013 12:33:10 PM org.ros.time.RemoteUptimeClock update
INFO: Latency: 7,0000 s, Delta ratio: 1,0000, Drift: 1,000, Error reduction coefficient: 0,000, Error: 0,0000 s
abr 04, 2013 12:33:10 PM org.ros.time.RemoteUptimeClock update
INFO: Latency: 7,0000 s, Delta ratio: 1,0000, Drift: 1,000, Error reduction coefficient: 0,000, Error: 0,0000 s
abr 04, 2013 12:33:10 PM org.ros.time.RemoteUptimeClock update
INFO: Latency: 7,0000 s, Delta ratio: 1,0000, Drift: 1,000, Error reduction coefficient: 0,000, Error: 0,0000 s
abr 04, 2013 12:33:10 PM org.ros.time.RemoteUptimeClock update
INFO: Latency: 7,0000 s, Delta ratio: 1,0000, Drift: 1,000, Error reduction coefficient: 0,000, Error: 0,0000 s
abr 04, 2013 12:33:10 PM org.ros.time.RemoteUptimeClock update
INFO: Latency: 7,0000 s, Delta ratio: 1,0000, Drift: 1,000, Error reduction coefficient: 0,000, Error: 0,0000 s
abr 04, 2013 12:33:10 PM org.ros.time.RemoteUptimeClock update
INFO: Latency: 7,0000 s, Delta ratio: 1,0000, Drift: 1,000, Error reduction coefficient: 0,000, Error: 0,0000 s
abr 04, 2013 12:33:10 PM org.ros.time.RemoteUptimeClock update
INFO: Latency: 7,0000 s, Delta ratio: 1,0000, Drift: 1,000, Error reduction coefficient: 0,000, Error: 0,0000 s
abr 04, 2013 12:33:10 PM org.ros.time.RemoteUptimeClock update
INFO: Latency: 7,0000 s, Delta ratio: 1,0000, Drift: 1,000, Error reduction coefficient: 0,000, Error: 0,0000 s
abr 04, 2013 12:33:10 PM org.ros.time.RemoteUptimeClock update
INFO: Latency: 7,0000 s, Delta ratio: 1,0000, Drift: 1,000, Error reduction coefficient: 0,000, Error: 0,0000 s
abr 04, 2013 12:33:10 PM org.ros.time.RemoteUptimeClock update
INFO: Latency: 7,0000 s, Delta ratio: 1,0000, Drift: 1,000, Error reduction coefficient: 0,000, Error: 0,0000 s
abr 04, 2013 12:33:10 PM org.ros.time.RemoteUptimeClock update
INFO: Latency: 7,0000 s, Delta ratio: 1,0000, Drift: 1,000, Error reduction coefficient: 0,000, Error: 0,0000 s
abr 04, 2013 12:33:10 PM org.ros.time.RemoteUptimeClock update
INFO: Latency: 7,0000 s, Delta ratio: 1,0000, Drift: 1,000, Error reduction coefficient: 0,000, Error: 0,0000 s
abr 04, 2013 12:33:10 PM org.ros.time.RemoteUptimeClock update
INFO: Latency: 7,0000 s, Delta ratio: 1,0000, Drift: 1,000, Error reduction coefficient: 0,000, Error: 0,0000 s
abr 04, 2013 12:33:10 PM org.ros.time.RemoteUptimeClock update
INFO: Latency: 7,0000 s, Delta ratio: 1,0000, Drift: 1,000, Error reduction coefficient: 0,000, Error: 0,0000 s
abr 04, 2013 12:33:10 PM org.ros.time.RemoteUptimeClock update
INFO: Latency: 7,0000 s, Delta ratio: 1,0000, Drift: 1,000, Error reduction coefficient: 0,000, Error: 0,0000 s
abr 04, 2013 12:33:10 PM org.ros.time.RemoteUptimeClock update
INFO: Latency: 7,0000 s, Delta ratio: 1,0000, Drift: 1,000, Error reduction coefficient: 0,000, Error: 0,0000 s
abr 04, 2013 12:33:10 PM org.ros.time.RemoteUptimeClock update
INFO: Latency: 7,0000 s, Delta ratio: 1,0000, Drift: 1,000, Error reduction coefficient: 0,000, Error: 0,0000 s
abr 04, 2013 12:33:10 PM org.ros.time.RemoteUptimeClock update
INFO: Latency: 7,0000 s, Delta ratio: 1,0000, Drift: 1,000, Error reduction coefficient: 0,000, Error: 0,0000 s
abr 04, 2013 12:33:10 PM org.ros.time.RemoteUptimeClock update
INFO: Latency: 7,0000 s, Delta ratio: 1,0000, Drift: 1,000, Error reduction coefficient: 0,000, Error: 0,0000 s
abr 04, 2013 12:33:10 PM org.ros.time.RemoteUptimeClock update
INFO: Latency: 7,0000 s, Delta ratio: 1,0000, Drift: 1,000, Error reduction coefficient: 0,000, Error: 0,0000 s
abr 04, 2013 12:33:10 PM org.ros.time.RemoteUptimeClock update
INFO: Latency: 7,0000 s, Delta ratio: 1,0000, Drift: 1,000, Error reduction coefficient: 0,000, Error: 0,0000 s
abr 04, 2013 12:33:10 PM org.ros.time.RemoteUptimeClock update
INFO: Latency: 7,0000 s, Delta ratio: 1,0000, Drift: 1,000, Error reduction coefficient: 0,000, Error: 0,0000 s
abr 04, 2013 12:33:10 PM org.ros.time.RemoteUptimeClock update
INFO: Latency: 7,0000 s, Delta ratio: 1,0000, Drift: 1,000, Error reduction coefficient: 0,000, Error: 0,0000 s
abr 04, 2013 12:33:10 PM org.ros.time.RemoteUptimeClock update
INFO: Latency: 7,0000 s, Delta ratio: 1,0000, Drift: 1,000, Error reduction coefficient: 0,000, Error: 0,0000 s
abr 04, 2013 12:33:10 PM org.ros.time.RemoteUptimeClock update
INFO: Latency: 7,0000 s, Delta ratio: 1,0000, Drift: 1,000, Error reduction coefficient: 0,000, Error: 0,0000 s
abr 04, 2013 12:33:10 PM org.ros.time.RemoteUptimeClock update
INFO: Latency: 7,0000 s, Delta ratio: 1,0000, Drift: 1,000, Error reduction coefficient: 0,000, Error: 0,0000 s
abr 04, 2013 12:33:10 PM org.ros.time.RemoteUptimeClock update
INFO: Latency: 7,0000 s, Delta ratio: 1,0000, Drift: 1,000, Error reduction coefficient: 0,000, Error: 0,0000 s
abr 04, 2013 12:33:10 PM org.ros.time.RemoteUptimeClock update
INFO: Latency: 7,0000 s, Delta ratio: 1,0000, Drift: 1,000, Error reduction coefficient: 0,000, Error: 0,0000 s
abr 04, 2013 12:33:10 PM org.ros.time.RemoteUptimeClock update
INFO: Latency: 7,0000 s, Delta ratio: 1,0000, Drift: 1,000, Error reduction coefficient: 0,000, Error: 0,0000 s
abr 04, 2013 12:33:10 PM org.ros.time.RemoteUptimeClock update
INFO: Latency: 7,0000 s, Delta ratio: 1,0000, Drift: 1,000, Error reduction coefficient: 0,000, Error: 0,0000 s
abr 04, 2013 12:33:10 PM org.ros.time.RemoteUptimeClock update
INFO: Latency: 7,0000 s, Delta ratio: 1,0000, Drift: 1,000, Error reduction coefficient: 0,000, Error: 0,0000 s
abr 04, 2013 12:33:10 PM org.ros.time.RemoteUptimeClock update
INFO: Latency: 7,0000 s, Delta ratio: 1,0000, Drift: 1,000, Error reduction coefficient: 0,000, Error: 0,0000 s
abr 04, 2013 12:33:10 PM org.ros.time.RemoteUptimeClock update
INFO: Latency: 7,0000 s, Delta ratio: 1,0000, Drift: 1,000, Error reduction coefficient: 0,000, Error: 0,0000 s
abr 04, 2013 12:33:10 PM org.ros.time.RemoteUptimeClock update
INFO: Latency: 7,0000 s, Delta ratio: 1,0000, Drift: 1,000, Error reduction coefficient: 0,000, Error: 0,0000 s
abr 04, 2013 12:33:10 PM org.ros.time.RemoteUptimeClock update
INFO: Latency: 7,0000 s, Delta ratio: 1,0000, Drift: 1,000, Error reduction coefficient: 0,000, Error: 0,0000 s
abr 04, 2013 12:33:10 PM org.ros.time.RemoteUptimeClock update
INFO: Latency: 7,0000 s, Delta ratio: 1,0000, Drift: 1,000, Error reduction coefficient: 0,000, Error: 0,0000 s
abr 04, 2013 12:33:10 PM org.ros.time.RemoteUptimeClock update
INFO: Latency: 7,0000 s, Delta ratio: 1,0000, Drift: 1,000, Error reduction coefficient: 0,000, Error: 0,0000 s
abr 04, 2013 12:33:10 PM org.ros.time.RemoteUptimeClock update
INFO: Latency: 7,0000 s, Delta ratio: 1,0000, Drift: 1,000, Error reduction coefficient: 0,000, Error: 0,0000 s
abr 04, 2013 12:33:10 PM org.ros.time.RemoteUptimeClock update
INFO: Latency: 7,0000 s, Delta ratio: 1,0000, Drift: 1,000, Error reduction coefficient: 0,000, Error: 0,0000 s
abr 04, 2013 12:33:10 PM org.ros.time.RemoteUptimeClock update
INFO: Latency: 7,0000 s, Delta ratio: 1,0000, Drift: 1,000, Error reduction coefficient: 0,000, Error: 0,0000 s
abr 04, 2013 12:33:10 PM org.ros.time.RemoteUptimeClock update
INFO: Latency: 7,0000 s, Delta ratio: 1,0000, Drift: 1,000, Error reduction coefficient: 0,000, Error: 0,0000 s
abr 04, 2013 12:33:10 PM org.ros.time.RemoteUptimeClock update
INFO: Latency: 7,0000 s, Delta ratio: 1,0000, Drift: 1,000, Error reduction coefficient: 0,000, Error: 0,0000 s
abr 04, 2013 12:33:10 PM org.ros.time.RemoteUptimeClock update
INFO: Latency: 7,0000 s, Delta ratio: 1,0000, Drift: 1,000, Error reduction coefficient: 0,000, Error: 0,0000 s
abr 04, 2013 12:33:10 PM org.ros.time.RemoteUptimeClock update
INFO: Latency: 7,0000 s, Delta ratio: 1,0000, Drift: 1,000, Error reduction coefficient: 0,000, Error: 0,0000 s
abr 04, 2013 12:33:10 PM org.ros.time.RemoteUptimeClock update
INFO: Latency: 7,0000 s, Delta ratio: 1,0000, Drift: 1,000, Error reduction coefficient: 0,000, Error: 0,0000 s
abr 04, 2013 12:33:10 PM org.ros.time.RemoteUptimeClock update
INFO: Latency: 7,0000 s, Delta ratio: 1,0000, Drift: 1,000, Error reduction coefficient: 0,000, Error: 0,0000 s
abr 04, 2013 12:33:10 PM org.ros.time.RemoteUptimeClock update
INFO: Latency: 7,0000 s, Delta ratio: 1,0000, Drift: 1,000, Error reduction coefficient: 0,000, Error: 0,0000 s
abr 04, 2013 12:33:10 PM org.ros.time.RemoteUptimeClock update
INFO: Latency: 7,0000 s, Delta ratio: 1,0000, Drift: 1,000, Error reduction coefficient: 0,000, Error: 0,0000 s
abr 04, 2013 12:33:10 PM org.ros.time.RemoteUptimeClock update
INFO: Latency: 7,0000 s, Delta ratio: 1,0000, Drift: 1,000, Error reduction coefficient: 0,000, Error: 0,0000 s
abr 04, 2013 12:33:10 PM org.ros.time.RemoteUptimeClock update
INFO: Latency: 7,0000 s, Delta ratio: 1,0000, Drift: 1,000, Error reduction coefficient: 0,000, Error: 0,0000 s
abr 04, 2013 12:33:10 PM org.ros.time.RemoteUptimeClock update
INFO: Latency: 7,0000 s, Delta ratio: 1,0000, Drift: 1,000, Error reduction coefficient: 0,000, Error: 0,0000 s
abr 04, 2013 12:33:10 PM org.ros.time.RemoteUptimeClock update
INFO: Latency: 7,0000 s, Delta ratio: 1,0000, Drift: 1,000, Error reduction coefficient: 0,000, Error: 0,0000 s
abr 04, 2013 12:33:10 PM org.ros.time.RemoteUptimeClock update
INFO: Latency: 7,0000 s, Delta ratio: 1,0000, Drift: 1,000, Error reduction coefficient: 0,000, Error: 0,0000 s
abr 04, 2013 12:33:10 PM org.ros.time.RemoteUptimeClock update
INFO: Latency: 7,0000 s, Delta ratio: 1,0000, Drift: 1,000, Error reduction coefficient: 0,000, Error: 0,0000 s
abr 04, 2013 12:33:10 PM org.ros.time.RemoteUptimeClock update
INFO: Latency: 7,0000 s, Delta ratio: 1,0000, Drift: 1,000, Error reduction coefficient: 0,000, Error: 0,0000 s
abr 04, 2013 12:33:10 PM org.ros.time.RemoteUptimeClock update
INFO: Latency: 7,0000 s, Delta ratio: 1,0000, Drift: 1,000, Error reduction coefficient: 0,000, Error: 0,0000 s
abr 04, 2013 12:33:10 PM org.ros.time.RemoteUptimeClock update
INFO: Latency: 7,0000 s, Delta ratio: 1,0000, Drift: 1,000, Error reduction coefficient: 0,000, Error: 0,0000 s
abr 04, 2013 12:33:10 PM org.ros.time.RemoteUptimeClock update
INFO: Latency: 7,0000 s, Delta ratio: 1,0000, Drift: 1,000, Error reduction coefficient: 0,000, Error: 0,0000 s
abr 04, 2013 12:33:10 PM org.ros.time.RemoteUptimeClock update
INFO: Latency: 7,0000 s, Delta ratio: 1,0000, Drift: 1,000, Error reduction coefficient: 0,000, Error: 0,0000 s
abr 04, 2013 12:33:10 PM org.ros.time.RemoteUptimeClock update
INFO: Latency: 7,0000 s, Delta ratio: 1,0000, Drift: 1,000, Error reduction coefficient: 0,000, Error: 0,0000 s
abr 04, 2013 12:33:10 PM org.ros.time.RemoteUptimeClock update
INFO: Latency: 7,0000 s, Delta ratio: 1,0000, Drift: 1,000, Error reduction coefficient: 0,000, Error: 0,0000 s
abr 04, 2013 12:33:10 PM org.ros.time.RemoteUptimeClock update
INFO: Latency: 7,0000 s, Delta ratio: 1,0000, Drift: 1,000, Error reduction coefficient: 0,000, Error: 0,0000 s
abr 04, 2013 12:33:10 PM org.ros.time.RemoteUptimeClock update
INFO: Latency: 7,0000 s, Delta ratio: 1,0000, Drift: 1,000, Error reduction coefficient: 0,000, Error: 0,0000 s
abr 04, 2013 12:33:10 PM org.ros.time.RemoteUptimeClock update
INFO: Latency: 7,0000 s, Delta ratio: 1,0000, Drift: 1,000, Error reduction coefficient: 0,000, Error: 0,0000 s
abr 04, 2013 12:33:10 PM org.ros.time.RemoteUptimeClock update
INFO: Latency: 7,0000 s, Delta ratio: 1,0000, Drift: 1,000, Error reduction coefficient: 0,000, Error: 0,0000 s
abr 04, 2013 12:33:10 PM org.ros.time.RemoteUptimeClock update
INFO: Latency: 7,0000 s, Delta ratio: 1,0000, Drift: 1,000, Error reduction coefficient: 0,000, Error: 0,0000 s
abr 04, 2013 12:33:10 PM org.ros.time.RemoteUptimeClock update
INFO: Latency: 7,0000 s, Delta ratio: 1,0000, Drift: 1,000, Error reduction coefficient: 0,000, Error: 0,0000 s
abr 04, 2013 12:33:10 PM org.ros.time.RemoteUptimeClock update
INFO: Latency: 7,0000 s, Delta ratio: 1,0000, Drift: 1,000, Error reduction coefficient: 0,000, Error: 0,0000 s
abr 04, 2013 12:33:10 PM org.ros.time.RemoteUptimeClock update
INFO: Latency: 7,0000 s, Delta ratio: 1,0000, Drift: 1,000, Error reduction coefficient: 0,000, Error: 0,0000 s
abr 04, 2013 12:33:10 PM org.ros.time.RemoteUptimeClock update
INFO: Latency: 7,0000 s, Delta ratio: 1,0000, Drift: 1,000, Error reduction coefficient: 0,000, Error: 0,0000 s
abr 04, 2013 12:33:10 PM org.ros.time.RemoteUptimeClock update
INFO: Latency: 7,0000 s, Delta ratio: 1,0000, Drift: 1,000, Error reduction coefficient: 0,000, Error: 0,0000 s
abr 04, 2013 12:33:10 PM org.ros.time.RemoteUptimeClock update
INFO: Latency: 7,0000 s, Delta ratio: 1,0000, Drift: 1,000, Error reduction coefficient: 0,000, Error: 0,0000 s
abr 04, 2013 12:33:10 PM org.ros.time.RemoteUptimeClock update
INFO: Latency: 7,0000 s, Delta ratio: 1,0000, Drift: 1,000, Error reduction coefficient: 0,000, Error: 0,0000 s
abr 04, 2013 12:33:10 PM org.ros.time.RemoteUptimeClock update
INFO: Latency: 7,0000 s, Delta ratio: 1,0000, Drift: 1,000, Error reduction coefficient: 0,000, Error: 0,0000 s
abr 04, 2013 12:33:10 PM org.ros.time.RemoteUptimeClock update
INFO: Latency: 7,0000 s, Delta ratio: 1,0000, Drift: 1,000, Error reduction coefficient: 0,000, Error: 0,0000 s
abr 04, 2013 12:33:10 PM org.ros.time.RemoteUptimeClock update
INFO: Latency: 7,0000 s, Delta ratio: 1,0000, Drift: 1,000, Error reduction coefficient: 0,000, Error: 0,0000 s
abr 04, 2013 12:33:10 PM org.ros.time.RemoteUptimeClock update
INFO: Latency: 7,0000 s, Delta ratio: 1,0000, Drift: 1,000, Error reduction coefficient: 0,000, Error: 0,0000 s
abr 04, 2013 12:33:10 PM org.ros.time.RemoteUptimeClock update
INFO: Latency: 7,0000 s, Delta ratio: 1,0000, Drift: 1,000, Error reduction coefficient: 0,000, Error: 0,0000 s
abr 04, 2013 12:33:10 PM org.ros.time.RemoteUptimeClock update
INFO: Latency: 7,0000 s, Delta ratio: 1,0000, Drift: 1,000, Error reduction coefficient: 0,000, Error: 0,0000 s
abr 04, 2013 12:33:10 PM org.ros.time.RemoteUptimeClock update
INFO: Latency: 7,0000 s, Delta ratio: 1,0000, Drift: 1,000, Error reduction coefficient: 0,000, Error: 0,0000 s
abr 04, 2013 12:33:10 PM org.ros.time.RemoteUptimeClock update
INFO: Latency: 7,0000 s, Delta ratio: 1,0000, Drift: 1,000, Error reduction coefficient: 0,000, Error: 0,0000 s
abr 04, 2013 12:33:10 PM org.ros.time.RemoteUptimeClock update
INFO: Latency: 7,0000 s, Delta ratio: 1,0000, Drift: 1,000, Error reduction coefficient: 0,000, Error: 0,0000 s
abr 04, 2013 12:33:10 PM org.ros.time.RemoteUptimeClock update
INFO: Latency: 7,0000 s, Delta ratio: 1,0000, Drift: 1,000, Error reduction coefficient: 0,000, Error: 0,0000 s
abr 04, 2013 12:33:10 PM org.ros.time.RemoteUptimeClock update
INFO: Latency: 7,0000 s, Delta ratio: 1,0000, Drift: 1,000, Error reduction coefficient: 0,000, Error: 0,0000 s
abr 04, 2013 12:33:10 PM org.ros.time.RemoteUptimeClock update
INFO: Latency: 7,0000 s, Delta ratio: 1,0000, Drift: 1,000, Error reduction coefficient: 0,000, Error: 0,0000 s
abr 04, 2013 12:33:10 PM org.ros.time.RemoteUptimeClock update
INFO: Latency: 7,0000 s, Delta ratio: 1,0000, Drift: 1,000, Error reduction coefficient: 0,000, Error: 0,0000 s
abr 04, 2013 12:33:10 PM org.ros.time.RemoteUptimeClock update
INFO: Latency: 7,0000 s, Delta ratio: 1,0000, Drift: 1,000, Error reduction coefficient: 0,000, Error: 0,0000 s
abr 04, 2013 12:33:10 PM org.ros.time.RemoteUptimeClock update
INFO: Latency: 7,0000 s, Delta ratio: 1,0000, Drift: 1,000, Error reduction coefficient: 0,000, Error: 0,0000 s
abr 04, 2013 12:33:10 PM org.ros.time.RemoteUptimeClock update
INFO: Latency: 7,0000 s, Delta ratio: 1,0000, Drift: 1,000, Error reduction coefficient: 0,000, Error: 0,0000 s
abr 04, 2013 12:33:10 PM org.ros.time.RemoteUptimeClock update
INFO: Latency: 7,0000 s, Delta ratio: 1,0000, Drift: 1,000, Error reduction coefficient: 0,000, Error: 0,0000 s
abr 04, 2013 12:33:10 PM org.ros.time.RemoteUptimeClock update
INFO: Latency: 7,0000 s, Delta ratio: 1,0000, Drift: 1,000, Error reduction coefficient: 0,000, Error: 0,0000 s
abr 04, 2013 12:33:10 PM org.ros.time.RemoteUptimeClock update
INFO: Latency: 7,0000 s, Delta ratio: 1,0000, Drift: 1,000, Error reduction coefficient: 0,000, Error: 0,0000 s
abr 04, 2013 12:33:10 PM org.ros.time.RemoteUptimeClock update
INFO: Latency: 7,0000 s, Delta ratio: 1,0000, Drift: 1,000, Error reduction coefficient: 0,000, Error: 0,0000 s
abr 04, 2013 12:33:10 PM org.ros.time.RemoteUptimeClock update
INFO: Latency: 7,0000 s, Delta ratio: 1,0000, Drift: 1,000, Error reduction coefficient: 0,000, Error: 0,0000 s
abr 04, 2013 12:33:10 PM org.ros.time.RemoteUptimeClock update
INFO: Latency: 7,0000 s, Delta ratio: 1,0000, Drift: 1,000, Error reduction coefficient: 0,000, Error: 0,0000 s
abr 04, 2013 12:33:10 PM org.ros.time.RemoteUptimeClock update
INFO: Latency: 7,0000 s, Delta ratio: 1,0000, Drift: 1,000, Error reduction coefficient: 0,000, Error: 0,0000 s
abr 04, 2013 12:33:10 PM org.ros.time.RemoteUptimeClock update
INFO: Latency: 7,0000 s, Delta ratio: 1,0000, Drift: 1,000, Error reduction coefficient: 0,000, Error: 0,0000 s
abr 04, 2013 12:33:10 PM org.ros.time.RemoteUptimeClock update
INFO: Latency: 7,0000 s, Delta ratio: 1,0000, Drift: 1,000, Error reduction coefficient: 0,000, Error: 0,0000 s
abr 04, 2013 12:33:10 PM org.ros.time.RemoteUptimeClock update
INFO: Latency: 7,0000 s, Delta ratio: 1,0000, Drift: 1,000, Error reduction coefficient: 0,000, Error: 0,0000 s
abr 04, 2013 12:33:10 PM org.ros.time.RemoteUptimeClock update
INFO: Latency: 7,0000 s, Delta ratio: 1,0000, Drift: 1,000, Error reduction coefficient: 0,000, Error: 0,0000 s
abr 04, 2013 12:33:10 PM org.ros.time.RemoteUptimeClock update
INFO: Latency: 7,0000 s, Delta ratio: 1,0000, Drift: 1,000, Error reduction coefficient: 0,000, Error: 0,0000 s
abr 04, 2013 12:33:10 PM org.ros.time.RemoteUptimeClock update
INFO: Latency: 7,0000 s, Delta ratio: 1,0000, Drift: 1,000, Error reduction coefficient: 0,000, Error: 0,0000 s
abr 04, 2013 12:33:10 PM org.ros.time.RemoteUptimeClock update
INFO: Latency: 7,0000 s, Delta ratio: 1,0000, Drift: 1,000, Error reduction coefficient: 0,000, Error: 0,0000 s
abr 04, 2013 12:33:10 PM org.ros.time.RemoteUptimeClock update
INFO: Latency: 7,0000 s, Delta ratio: 1,0000, Drift: 1,000, Error reduction coefficient: 0,000, Error: 0,0000 s
abr 04, 2013 12:33:10 PM org.ros.time.RemoteUptimeClock update
INFO: Latency: 7,0000 s, Delta ratio: 1,0000, Drift: 1,000, Error reduction coefficient: 0,000, Error: 0,0000 s
abr 04, 2013 12:33:10 PM org.ros.time.RemoteUptimeClock update
INFO: Latency: 7,0000 s, Delta ratio: 1,0000, Drift: 1,000, Error reduction coefficient: 0,000, Error: 0,0000 s
abr 04, 2013 12:33:10 PM org.ros.time.RemoteUptimeClock update
INFO: Latency: 7,0000 s, Delta ratio: 1,0000, Drift: 1,000, Error reduction coefficient: 0,000, Error: 0,0000 s
abr 04, 2013 12:33:10 PM org.ros.time.RemoteUptimeClock update
INFO: Latency: 7,0000 s, Delta ratio: 1,0000, Drift: 1,000, Error reduction coefficient: 0,000, Error: 0,0000 s
abr 04, 2013 12:33:10 PM org.ros.time.RemoteUptimeClock update
INFO: Latency: 7,0000 s, Delta ratio: 1,0000, Drift: 1,000, Error reduction coefficient: 0,000, Error: 0,0000 s
abr 04, 2013 12:33:10 PM org.ros.time.RemoteUptimeClock update
INFO: Latency: 7,0000 s, Delta ratio: 1,0000, Drift: 1,000, Error reduction coefficient: 0,000, Error: 0,0000 s
abr 04, 2013 12:33:10 PM org.ros.time.RemoteUptimeClock update
INFO: Latency: 7,0000 s, Delta ratio: 1,0000, Drift: 1,000, Error reduction coefficient: 0,000, Error: 0,0000 s
abr 04, 2013 12:33:10 PM org.ros.time.RemoteUptimeClock update
INFO: Latency: 7,0000 s, Delta ratio: 1,0000, Drift: 1,000, Error reduction coefficient: 0,000, Error: 0,0000 s
abr 04, 2013 12:33:10 PM org.ros.time.RemoteUptimeClock update
INFO: Latency: 7,0000 s, Delta ratio: 1,0000, Drift: 1,000, Error reduction coefficient: 0,000, Error: 0,0000 s
abr 04, 2013 12:33:10 PM org.ros.time.RemoteUptimeClock update
INFO: Latency: 7,0000 s, Delta ratio: 1,0000, Drift: 1,000, Error reduction coefficient: 0,000, Error: 0,0000 s
abr 04, 2013 12:33:10 PM org.ros.time.RemoteUptimeClock update
INFO: Latency: 7,0000 s, Delta ratio: 1,0000, Drift: 1,000, Error reduction coefficient: 0,000, Error: 0,0000 s
abr 04, 2013 12:33:10 PM org.ros.time.RemoteUptimeClock update
INFO: Latency: 7,0000 s, Delta ratio: 1,0000, Drift: 1,000, Error reduction coefficient: 0,000, Error: 0,0000 s
abr 04, 2013 12:33:10 PM org.ros.time.RemoteUptimeClock update
INFO: Latency: 7,0000 s, Delta ratio: 1,0000, Drift: 1,000, Error reduction coefficient: 0,000, Error: 0,0000 s
abr 04, 2013 12:33:10 PM org.ros.time.RemoteUptimeClock update
INFO: Latency: 7,0000 s, Delta ratio: 1,0000, Drift: 1,000, Error reduction coefficient: 0,000, Error: 0,0000 s
abr 04, 2013 12:33:10 PM org.ros.time.RemoteUptimeClock update
INFO: Latency: 7,0000 s, Delta ratio: 1,0000, Drift: 1,000, Error reduction coefficient: 0,000, Error: 0,0000 s
abr 04, 2013 12:33:10 PM org.ros.time.RemoteUptimeClock update
INFO: Latency: 7,0000 s, Delta ratio: 1,0000, Drift: 1,000, Error reduction coefficient: 0,000, Error: 0,0000 s
abr 04, 2013 12:33:10 PM org.ros.time.RemoteUptimeClock update
INFO: Latency: 7,0000 s, Delta ratio: 1,0000, Drift: 1,000, Error reduction coefficient: 0,000, Error: 0,0000 s
abr 04, 2013 12:33:10 PM org.ros.time.RemoteUptimeClock update
INFO: Latency: 7,0000 s, Delta ratio: 1,0000, Drift: 1,000, Error reduction coefficient: 0,000, Error: 0,0000 s
abr 04, 2013 12:33:10 PM org.ros.time.RemoteUptimeClock update
INFO: Latency: 7,0000 s, Delta ratio: 1,0000, Drift: 1,000, Error reduction coefficient: 0,000, Error: 0,0000 s
abr 04, 2013 12:33:10 PM org.ros.time.RemoteUptimeClock update
INFO: Latency: 7,0000 s, Delta ratio: 1,0000, Drift: 1,000, Error reduction coefficient: 0,000, Error: 0,0000 s
abr 04, 2013 12:33:10 PM org.ros.time.RemoteUptimeClock update
INFO: Latency: 7,0000 s, Delta ratio: 1,0000, Drift: 1,000, Error reduction coefficient: 0,000, Error: 0,0000 s
abr 04, 2013 12:33:10 PM org.ros.time.RemoteUptimeClock update
INFO: Latency: 7,0000 s, Delta ratio: 1,0000, Drift: 1,000, Error reduction coefficient: 0,000, Error: 0,0000 s
abr 04, 2013 12:33:10 PM org.ros.time.RemoteUptimeClock update
INFO: Latency: 7,0000 s, Delta ratio: 1,0000, Drift: 1,000, Error reduction coefficient: 0,000, Error: 0,0000 s
abr 04, 2013 12:33:10 PM org.ros.time.RemoteUptimeClock update
INFO: Latency: 7,0000 s, Delta ratio: 1,0000, Drift: 1,000, Error reduction coefficient: 0,000, Error: 0,0000 s
abr 04, 2013 12:33:10 PM org.ros.time.RemoteUptimeClock update
INFO: Latency: 7,0000 s, Delta ratio: 1,0000, Drift: 1,000, Error reduction coefficient: 0,000, Error: 0,0000 s
abr 04, 2013 12:33:10 PM org.ros.time.RemoteUptimeClock update
INFO: Latency: 7,0000 s, Delta ratio: 1,0000, Drift: 1,000, Error reduction coefficient: 0,000, Error: 0,0000 s
abr 04, 2013 12:33:10 PM org.ros.time.RemoteUptimeClock update
INFO: Latency: 7,0000 s, Delta ratio: 1,0000, Drift: 1,000, Error reduction coefficient: 0,000, Error: 0,0000 s
abr 04, 2013 12:33:10 PM org.ros.time.RemoteUptimeClock update
INFO: Latency: 7,0000 s, Delta ratio: 1,0000, Drift: 1,000, Error reduction coefficient: 0,000, Error: 0,0000 s
abr 04, 2013 12:33:10 PM org.ros.time.RemoteUptimeClock update
INFO: Latency: 7,0000 s, Delta ratio: 1,0000, Drift: 1,000, Error reduction coefficient: 0,000, Error: 0,0000 s
abr 04, 2013 12:33:10 PM org.ros.time.RemoteUptimeClock update
INFO: Latency: 7,0000 s, Delta ratio: 1,0000, Drift: 1,000, Error reduction coefficient: 0,000, Error: 0,0000 s
abr 04, 2013 12:33:10 PM org.ros.time.RemoteUptimeClock update
INFO: Latency: 7,0000 s, Delta ratio: 1,0000, Drift: 1,000, Error reduction coefficient: 0,000, Error: 0,0000 s
abr 04, 2013 12:33:10 PM org.ros.time.RemoteUptimeClock update
INFO: Latency: 7,0000 s, Delta ratio: 1,0000, Drift: 1,000, Error reduction coefficient: 0,000, Error: 0,0000 s
abr 04, 2013 12:33:10 PM org.ros.time.RemoteUptimeClock update
INFO: Latency: 7,0000 s, Delta ratio: 1,0000, Drift: 1,000, Error reduction coefficient: 0,000, Error: 0,0000 s
abr 04, 2013 12:33:10 PM org.ros.time.RemoteUptimeClock update
INFO: Latency: 7,0000 s, Delta ratio: 1,0000, Drift: 1,000, Error reduction coefficient: 0,000, Error: 0,0000 s
abr 04, 2013 12:33:10 PM org.ros.time.RemoteUptimeClock update
INFO: Latency: 7,0000 s, Delta ratio: 1,0000, Drift: 1,000, Error reduction coefficient: 0,000, Error: 0,0000 s
abr 04, 2013 12:33:10 PM org.ros.time.RemoteUptimeClock update
INFO: Latency: 7,0000 s, Delta ratio: 1,0000, Drift: 1,000, Error reduction coefficient: 0,000, Error: 0,0000 s
abr 04, 2013 12:33:10 PM org.ros.time.RemoteUptimeClock update
INFO: Latency: 7,0000 s, Delta ratio: 1,0000, Drift: 1,000, Error reduction coefficient: 0,000, Error: 0,0000 s
abr 04, 2013 12:33:10 PM org.ros.time.RemoteUptimeClock update
INFO: Latency: 7,0000 s, Delta ratio: 1,0000, Drift: 1,000, Error reduction coefficient: 0,000, Error: 0,0000 s
abr 04, 2013 12:33:10 PM org.ros.time.RemoteUptimeClock update
INFO: Latency: 7,0000 s, Delta ratio: 1,0000, Drift: 1,000, Error reduction coefficient: 0,000, Error: 0,0000 s
abr 04, 2013 12:33:10 PM org.ros.time.RemoteUptimeClock update
INFO: Latency: 7,0000 s, Delta ratio: 1,0000, Drift: 1,000, Error reduction coefficient: 0,000, Error: 0,0000 s
abr 04, 2013 12:33:10 PM org.ros.time.RemoteUptimeClock update
INFO: Latency: 7,0000 s, Delta ratio: 1,0000, Drift: 1,000, Error reduction coefficient: 0,000, Error: 0,0000 s
abr 04, 2013 12:33:10 PM org.ros.time.RemoteUptimeClock update
INFO: Latency: 7,0000 s, Delta ratio: 1,0000, Drift: 1,000, Error reduction coefficient: 0,000, Error: 0,0000 s
abr 04, 2013 12:33:10 PM org.ros.time.RemoteUptimeClock update
INFO: Latency: 7,0000 s, Delta ratio: 1,0000, Drift: 1,000, Error reduction coefficient: 0,000, Error: 0,0000 s
abr 04, 2013 12:33:10 PM org.ros.time.RemoteUptimeClock update
INFO: Latency: 7,0000 s, Delta ratio: 1,0000, Drift: 1,000, Error reduction coefficient: 0,000, Error: 0,0000 s
abr 04, 2013 12:33:10 PM org.ros.time.RemoteUptimeClock update
INFO: Latency: 7,0000 s, Delta ratio: 1,0000, Drift: 1,000, Error reduction coefficient: 0,000, Error: 0,0000 s
abr 04, 2013 12:33:10 PM org.ros.time.RemoteUptimeClock update
INFO: Latency: 7,0000 s, Delta ratio: 1,0000, Drift: 1,000, Error reduction coefficient: 0,000, Error: 0,0000 s
abr 04, 2013 12:33:10 PM org.ros.time.RemoteUptimeClock update
INFO: Latency: 7,0000 s, Delta ratio: 1,0000, Drift: 1,000, Error reduction coefficient: 0,000, Error: 0,0000 s
abr 04, 2013 12:33:10 PM org.ros.time.RemoteUptimeClock update
INFO: Latency: 7,0000 s, Delta ratio: 1,0000, Drift: 1,000, Error reduction coefficient: 0,000, Error: 0,0000 s
abr 04, 2013 12:33:10 PM org.ros.time.RemoteUptimeClock update
INFO: Latency: 7,0000 s, Delta ratio: 1,0000, Drift: 1,000, Error reduction coefficient: 0,000, Error: 0,0000 s
abr 04, 2013 12:33:10 PM org.ros.time.RemoteUptimeClock update
INFO: Latency: 7,0000 s, Delta ratio: 1,0000, Drift: 1,000, Error reduction coefficient: 0,000, Error: 0,0000 s
abr 04, 2013 12:33:10 PM org.ros.time.RemoteUptimeClock update
INFO: Latency: 7,0000 s, Delta ratio: 1,0000, Drift: 1,000, Error reduction coefficient: 0,000, Error: 0,0000 s
abr 04, 2013 12:33:10 PM org.ros.time.RemoteUptimeClock update
INFO: Latency: 7,0000 s, Delta ratio: 1,0000, Drift: 1,000, Error reduction coefficient: 0,000, Error: 0,0000 s
abr 04, 2013 12:33:10 PM org.ros.time.RemoteUptimeClock update
INFO: Latency: 7,0000 s, Delta ratio: 1,0000, Drift: 1,000, Error reduction coefficient: 0,000, Error: 0,0000 s
abr 04, 2013 12:33:10 PM org.ros.time.RemoteUptimeClock update
INFO: Latency: 7,0000 s, Delta ratio: 1,0000, Drift: 1,000, Error reduction coefficient: 0,000, Error: 0,0000 s
abr 04, 2013 12:33:10 PM org.ros.time.RemoteUptimeClock update
INFO: Latency: 7,0000 s, Delta ratio: 1,0000, Drift: 1,000, Error reduction coefficient: 0,000, Error: 0,0000 s
abr 04, 2013 12:33:10 PM org.ros.time.RemoteUptimeClock update
INFO: Latency: 7,0000 s, Delta ratio: 1,0000, Drift: 1,000, Error reduction coefficient: 0,000, Error: 0,0000 s
abr 04, 2013 12:33:10 PM org.ros.time.RemoteUptimeClock update
INFO: Latency: 7,0000 s, Delta ratio: 1,0000, Drift: 1,000, Error reduction coefficient: 0,000, Error: 0,0000 s
abr 04, 2013 12:33:10 PM org.ros.time.RemoteUptimeClock update
INFO: Latency: 7,0000 s, Delta ratio: 1,0000, Drift: 1,000, Error reduction coefficient: 0,000, Error: 0,0000 s
abr 04, 2013 12:33:10 PM org.ros.time.RemoteUptimeClock update
INFO: Latency: 7,0000 s, Delta ratio: 1,0000, Drift: 1,000, Error reduction coefficient: 0,000, Error: 0,0000 s
abr 04, 2013 12:33:10 PM org.ros.time.RemoteUptimeClock update
INFO: Latency: 7,0000 s, Delta ratio: 1,0000, Drift: 1,000, Error reduction coefficient: 0,000, Error: 0,0000 s
abr 04, 2013 12:33:10 PM org.ros.time.RemoteUptimeClock update
INFO: Latency: 7,0000 s, Delta ratio: 1,0000, Drift: 1,000, Error reduction coefficient: 0,000, Error: 0,0000 s
abr 04, 2013 12:33:10 PM org.ros.time.RemoteUptimeClock update
INFO: Latency: 7,0000 s, Delta ratio: 1,0000, Drift: 1,000, Error reduction coefficient: 0,000, Error: 0,0000 s
abr 04, 2013 12:33:10 PM org.ros.time.RemoteUptimeClock update
INFO: Latency: 7,0000 s, Delta ratio: 1,0000, Drift: 1,000, Error reduction coefficient: 0,000, Error: 0,0000 s
abr 04, 2013 12:33:10 PM org.ros.time.RemoteUptimeClock update
INFO: Latency: 7,0000 s, Delta ratio: 1,0000, Drift: 1,000, Error reduction coefficient: 0,000, Error: 0,0000 s
abr 04, 2013 12:33:10 PM org.ros.time.RemoteUptimeClock update
INFO: Latency: 7,0000 s, Delta ratio: 1,0000, Drift: 1,000, Error reduction coefficient: 0,000, Error: 0,0000 s
abr 04, 2013 12:33:10 PM org.ros.time.RemoteUptimeClock update
INFO: Latency: 7,0000 s, Delta ratio: 1,0000, Drift: 1,000, Error reduction coefficient: 0,000, Error: 0,0000 s
abr 04, 2013 12:33:10 PM org.ros.time.RemoteUptimeClock update
INFO: Latency: 7,0000 s, Delta ratio: 1,0000, Drift: 1,000, Error reduction coefficient: 0,000, Error: 0,0000 s
abr 04, 2013 12:33:10 PM org.ros.time.RemoteUptimeClock update
INFO: Latency: 7,0000 s, Delta ratio: 1,0000, Drift: 1,000, Error reduction coefficient: 0,000, Error: 0,0000 s
abr 04, 2013 12:33:10 PM org.ros.time.RemoteUptimeClock update
INFO: Latency: 7,0000 s, Delta ratio: 1,0000, Drift: 1,000, Error reduction coefficient: 0,000, Error: 0,0000 s
abr 04, 2013 12:33:10 PM org.ros.time.RemoteUptimeClock update
INFO: Latency: 7,0000 s, Delta ratio: 1,0000, Drift: 1,000, Error reduction coefficient: 0,000, Error: 0,0000 s
abr 04, 2013 12:33:10 PM org.ros.time.RemoteUptimeClock update
INFO: Latency: 7,0000 s, Delta ratio: 1,0000, Drift: 1,000, Error reduction coefficient: 0,000, Error: 0,0000 s
abr 04, 2013 12:33:10 PM org.ros.time.RemoteUptimeClock update
INFO: Latency: 7,0000 s, Delta ratio: 1,0000, Drift: 1,000, Error reduction coefficient: 0,000, Error: 0,0000 s
abr 04, 2013 12:33:10 PM org.ros.time.RemoteUptimeClock update
INFO: Latency: 7,0000 s, Delta ratio: 1,0000, Drift: 1,000, Error reduction coefficient: 0,000, Error: 0,0000 s
abr 04, 2013 12:33:10 PM org.ros.time.RemoteUptimeClock update
INFO: Latency: 7,0000 s, Delta ratio: 1,0000, Drift: 1,000, Error reduction coefficient: 0,000, Error: 0,0000 s
abr 04, 2013 12:33:10 PM org.ros.time.RemoteUptimeClock update
INFO: Latency: 7,0000 s, Delta ratio: 1,0000, Drift: 1,000, Error reduction coefficient: 0,000, Error: 0,0000 s
abr 04, 2013 12:33:10 PM org.ros.time.RemoteUptimeClock update
INFO: Latency: 7,0000 s, Delta ratio: 1,0000, Drift: 1,000, Error reduction coefficient: 0,000, Error: 0,0000 s
abr 04, 2013 12:33:10 PM org.ros.time.RemoteUptimeClock update
INFO: Latency: 7,0000 s, Delta ratio: 1,0000, Drift: 1,000, Error reduction coefficient: 0,000, Error: 0,0000 s
abr 04, 2013 12:33:10 PM org.ros.time.RemoteUptimeClock update
INFO: Latency: 7,0000 s, Delta ratio: 1,0000, Drift: 1,000, Error reduction coefficient: 0,000, Error: 0,0000 s
abr 04, 2013 12:33:10 PM org.ros.time.RemoteUptimeClock update
INFO: Latency: 7,0000 s, Delta ratio: 1,0000, Drift: 1,000, Error reduction coefficient: 0,000, Error: 0,0000 s
abr 04, 2013 12:33:10 PM org.ros.time.RemoteUptimeClock update
INFO: Latency: 7,0000 s, Delta ratio: 1,0000, Drift: 1,000, Error reduction coefficient: 0,000, Error: 0,0000 s
abr 04, 2013 12:33:10 PM org.ros.time.RemoteUptimeClock update
INFO: Latency: 7,0000 s, Delta ratio: 1,0000, Drift: 1,000, Error reduction coefficient: 0,000, Error: 0,0000 s
abr 04, 2013 12:33:10 PM org.ros.time.RemoteUptimeClock update
INFO: Latency: 7,0000 s, Delta ratio: 1,0000, Drift: 1,000, Error reduction coefficient: 0,000, Error: 0,0000 s
abr 04, 2013 12:33:10 PM org.ros.time.RemoteUptimeClock update
INFO: Latency: 7,0000 s, Delta ratio: 1,0000, Drift: 1,000, Error reduction coefficient: 0,000, Error: 0,0000 s
abr 04, 2013 12:33:10 PM org.ros.time.RemoteUptimeClock update
INFO: Latency: 7,0000 s, Delta ratio: 1,0000, Drift: 1,000, Error reduction coefficient: 0,000, Error: 0,0000 s
abr 04, 2013 12:33:10 PM org.ros.time.RemoteUptimeClock update
INFO: Latency: 7,0000 s, Delta ratio: 1,0000, Drift: 1,000, Error reduction coefficient: 0,000, Error: 0,0000 s
abr 04, 2013 12:33:10 PM org.ros.time.RemoteUptimeClock update
INFO: Latency: 7,0000 s, Delta ratio: 1,0000, Drift: 1,000, Error reduction coefficient: 0,000, Error: 0,0000 s
abr 04, 2013 12:33:10 PM org.ros.time.RemoteUptimeClock update
INFO: Latency: 7,0000 s, Delta ratio: 1,0000, Drift: 1,000, Error reduction coefficient: 0,000, Error: 0,0000 s
abr 04, 2013 12:33:10 PM org.ros.time.RemoteUptimeClock update
INFO: Latency: 7,0000 s, Delta ratio: 1,0000, Drift: 1,000, Error reduction coefficient: 0,000, Error: 0,0000 s
abr 04, 2013 12:33:10 PM org.ros.time.RemoteUptimeClock update
INFO: Latency: 7,0000 s, Delta ratio: 1,0000, Drift: 1,000, Error reduction coefficient: 0,000, Error: 0,0000 s
abr 04, 2013 12:33:10 PM org.ros.time.RemoteUptimeClock update
INFO: Latency: 7,0000 s, Delta ratio: 1,0000, Drift: 1,000, Error reduction coefficient: 0,000, Error: 0,0000 s
abr 04, 2013 12:33:10 PM org.ros.time.RemoteUptimeClock update
INFO: Latency: 7,0000 s, Delta ratio: 1,0000, Drift: 1,000, Error reduction coefficient: 0,000, Error: 0,0000 s
abr 04, 2013 12:33:10 PM org.ros.time.RemoteUptimeClock update
INFO: Latency: 7,0000 s, Delta ratio: 1,0000, Drift: 1,000, Error reduction coefficient: 0,000, Error: 0,0000 s
abr 04, 2013 12:33:10 PM org.ros.time.RemoteUptimeClock update
INFO: Latency: 7,0000 s, Delta ratio: 1,0000, Drift: 1,000, Error reduction coefficient: 0,000, Error: 0,0000 s
abr 04, 2013 12:33:10 PM org.ros.time.RemoteUptimeClock update
INFO: Latency: 7,0000 s, Delta ratio: 1,0000, Drift: 1,000, Error reduction coefficient: 0,000, Error: 0,0000 s
abr 04, 2013 12:33:10 PM org.ros.time.RemoteUptimeClock update
INFO: Latency: 7,0000 s, Delta ratio: 1,0000, Drift: 1,000, Error reduction coefficient: 0,000, Error: 0,0000 s
abr 04, 2013 12:33:10 PM org.ros.time.RemoteUptimeClock update
INFO: Latency: 7,0000 s, Delta ratio: 1,0000, Drift: 1,000, Error reduction coefficient: 0,000, Error: 0,0000 s
abr 04, 2013 12:33:10 PM org.ros.time.RemoteUptimeClock update
INFO: Latency: 7,0000 s, Delta ratio: 1,0000, Drift: 1,000, Error reduction coefficient: 0,000, Error: 0,0000 s
abr 04, 2013 12:33:10 PM org.ros.time.RemoteUptimeClock update
INFO: Latency: 7,0000 s, Delta ratio: 1,0000, Drift: 1,000, Error reduction coefficient: 0,000, Error: 0,0000 s
abr 04, 2013 12:33:10 PM org.ros.time.RemoteUptimeClock update
INFO: Latency: 7,0000 s, Delta ratio: 1,0000, Drift: 1,000, Error reduction coefficient: 0,000, Error: 0,0000 s
abr 04, 2013 12:33:10 PM org.ros.time.RemoteUptimeClock update
INFO: Latency: 7,0000 s, Delta ratio: 1,0000, Drift: 1,000, Error reduction coefficient: 0,000, Error: 0,0000 s
abr 04, 2013 12:33:10 PM org.ros.time.RemoteUptimeClock update
INFO: Latency: 7,0000 s, Delta ratio: 1,0000, Drift: 1,000, Error reduction coefficient: 0,000, Error: 0,0000 s
abr 04, 2013 12:33:10 PM org.ros.time.RemoteUptimeClock update
INFO: Latency: 7,0000 s, Delta ratio: 1,0000, Drift: 1,000, Error reduction coefficient: 0,000, Error: 0,0000 s
abr 04, 2013 12:33:10 PM org.ros.time.RemoteUptimeClock update
INFO: Latency: 7,0000 s, Delta ratio: 1,0000, Drift: 1,000, Error reduction coefficient: 0,000, Error: 0,0000 s
abr 04, 2013 12:33:10 PM org.ros.time.RemoteUptimeClock update
INFO: Latency: 7,0000 s, Delta ratio: 1,0000, Drift: 1,000, Error reduction coefficient: 0,000, Error: 0,0000 s
abr 04, 2013 12:33:10 PM org.ros.time.RemoteUptimeClock update
INFO: Latency: 7,0000 s, Delta ratio: 1,0000, Drift: 1,000, Error reduction coefficient: 0,000, Error: 0,0000 s
abr 04, 2013 12:33:10 PM org.ros.time.RemoteUptimeClock update
INFO: Latency: 7,0000 s, Delta ratio: 1,0000, Drift: 1,000, Error reduction coefficient: 0,000, Error: 0,0000 s
abr 04, 2013 12:33:10 PM org.ros.time.RemoteUptimeClock update
INFO: Latency: 7,0000 s, Delta ratio: 1,0000, Drift: 1,000, Error reduction coefficient: 0,000, Error: 0,0000 s
abr 04, 2013 12:33:10 PM org.ros.time.RemoteUptimeClock update
INFO: Latency: 7,0000 s, Delta ratio: 1,0000, Drift: 1,000, Error reduction coefficient: 0,000, Error: 0,0000 s
abr 04, 2013 12:33:10 PM org.ros.time.RemoteUptimeClock update
INFO: Latency: 7,0000 s, Delta ratio: 1,0000, Drift: 1,000, Error reduction coefficient: 0,000, Error: 0,0000 s
abr 04, 2013 12:33:10 PM org.ros.time.RemoteUptimeClock update
INFO: Latency: 7,0000 s, Delta ratio: 1,0000, Drift: 1,000, Error reduction coefficient: 0,000, Error: 0,0000 s
abr 04, 2013 12:33:10 PM org.ros.time.RemoteUptimeClock update
INFO: Latency: 7,0000 s, Delta ratio: 1,0000, Drift: 1,000, Error reduction coefficient: 0,000, Error: 0,0000 s
abr 04, 2013 12:33:10 PM org.ros.time.RemoteUptimeClock update
INFO: Latency: 7,0000 s, Delta ratio: 1,0000, Drift: 1,000, Error reduction coefficient: 0,000, Error: 0,0000 s
abr 04, 2013 12:33:10 PM org.ros.time.RemoteUptimeClock update
INFO: Latency: 7,0000 s, Delta ratio: 1,0000, Drift: 1,000, Error reduction coefficient: 0,000, Error: 0,0000 s
abr 04, 2013 12:33:10 PM org.ros.time.RemoteUptimeClock update
INFO: Latency: 7,0000 s, Delta ratio: 1,0000, Drift: 1,000, Error reduction coefficient: 0,000, Error: 0,0000 s
abr 04, 2013 12:33:10 PM org.ros.time.RemoteUptimeClock update
INFO: Latency: 7,0000 s, Delta ratio: 1,0000, Drift: 1,000, Error reduction coefficient: 0,000, Error: 0,0000 s
abr 04, 2013 12:33:10 PM org.ros.time.RemoteUptimeClock update
INFO: Latency: 7,0000 s, Delta ratio: 1,0000, Drift: 1,000, Error reduction coefficient: 0,000, Error: 0,0000 s
abr 04, 2013 12:33:10 PM org.ros.time.RemoteUptimeClock update
INFO: Latency: 7,0000 s, Delta ratio: 1,0000, Drift: 1,000, Error reduction coefficient: 0,000, Error: 0,0000 s
abr 04, 2013 12:33:10 PM org.ros.time.RemoteUptimeClock update
INFO: Latency: 7,0000 s, Delta ratio: 1,0000, Drift: 1,000, Error reduction coefficient: 0,000, Error: 0,0000 s
abr 04, 2013 12:33:10 PM org.ros.time.RemoteUptimeClock update
INFO: Latency: 7,0000 s, Delta ratio: 1,0000, Drift: 1,000, Error reduction coefficient: 0,000, Error: 0,0000 s
abr 04, 2013 12:33:10 PM org.ros.time.RemoteUptimeClock update
INFO: Latency: 7,0000 s, Delta ratio: 1,0000, Drift: 1,000, Error reduction coefficient: 0,000, Error: 0,0000 s
abr 04, 2013 12:33:10 PM org.ros.time.RemoteUptimeClock update
INFO: Latency: 7,0000 s, Delta ratio: 1,0000, Drift: 1,000, Error reduction coefficient: 0,000, Error: 0,0000 s
abr 04, 2013 12:33:10 PM org.ros.time.RemoteUptimeClock update
INFO: Latency: 7,0000 s, Delta ratio: 1,0000, Drift: 1,000, Error reduction coefficient: 0,000, Error: 0,0000 s
abr 04, 2013 12:33:10 PM org.ros.time.RemoteUptimeClock update
INFO: Latency: 7,0000 s, Delta ratio: 1,0000, Drift: 1,000, Error reduction coefficient: 0,000, Error: 0,0000 s
abr 04, 2013 12:33:10 PM org.ros.time.RemoteUptimeClock update
INFO: Latency: 7,0000 s, Delta ratio: 1,0000, Drift: 1,000, Error reduction coefficient: 0,000, Error: 0,0000 s
abr 04, 2013 12:33:10 PM org.ros.time.RemoteUptimeClock update
INFO: Latency: 7,0000 s, Delta ratio: 1,0000, Drift: 1,000, Error reduction coefficient: 0,000, Error: 0,0000 s
abr 04, 2013 12:33:10 PM org.ros.time.RemoteUptimeClock update
INFO: Latency: 7,0000 s, Delta ratio: 1,0000, Drift: 1,000, Error reduction coefficient: 0,000, Error: 0,0000 s
abr 04, 2013 12:33:10 PM org.ros.time.RemoteUptimeClock update
INFO: Latency: 7,0000 s, Delta ratio: 1,0000, Drift: 1,000, Error reduction coefficient: 0,000, Error: 0,0000 s
abr 04, 2013 12:33:10 PM org.ros.time.RemoteUptimeClock update
INFO: Latency: 7,0000 s, Delta ratio: 1,0000, Drift: 1,000, Error reduction coefficient: 0,000, Error: 0,0000 s
abr 04, 2013 12:33:10 PM org.ros.time.RemoteUptimeClock update
INFO: Latency: 7,0000 s, Delta ratio: 1,0000, Drift: 1,000, Error reduction coefficient: 0,000, Error: 0,0000 s
abr 04, 2013 12:33:10 PM org.ros.time.RemoteUptimeClock update
INFO: Latency: 7,0000 s, Delta ratio: 1,0000, Drift: 1,000, Error reduction coefficient: 0,000, Error: 0,0000 s
abr 04, 2013 12:33:10 PM org.ros.time.RemoteUptimeClock update
INFO: Latency: 7,0000 s, Delta ratio: 1,0000, Drift: 1,000, Error reduction coefficient: 0,000, Error: 0,0000 s
abr 04, 2013 12:33:10 PM org.ros.time.RemoteUptimeClock update
INFO: Latency: 7,0000 s, Delta ratio: 1,0000, Drift: 1,000, Error reduction coefficient: 0,000, Error: 0,0000 s
abr 04, 2013 12:33:10 PM org.ros.time.RemoteUptimeClock update
INFO: Latency: 7,0000 s, Delta ratio: 1,0000, Drift: 1,000, Error reduction coefficient: 0,000, Error: 0,0000 s
abr 04, 2013 12:33:10 PM org.ros.time.RemoteUptimeClock update
INFO: Latency: 7,0000 s, Delta ratio: 1,0000, Drift: 1,000, Error reduction coefficient: 0,000, Error: 0,0000 s
abr 04, 2013 12:33:10 PM org.ros.time.RemoteUptimeClock update
INFO: Latency: 7,0000 s, Delta ratio: 1,0000, Drift: 1,000, Error reduction coefficient: 0,000, Error: 0,0000 s
abr 04, 2013 12:33:10 PM org.ros.time.RemoteUptimeClock update
INFO: Latency: 7,0000 s, Delta ratio: 1,0000, Drift: 1,000, Error reduction coefficient: 0,000, Error: 0,0000 s
abr 04, 2013 12:33:10 PM org.ros.time.RemoteUptimeClock update
INFO: Latency: 7,0000 s, Delta ratio: 1,0000, Drift: 1,000, Error reduction coefficient: 0,000, Error: 0,0000 s
abr 04, 2013 12:33:10 PM org.ros.time.RemoteUptimeClock update
INFO: Latency: 7,0000 s, Delta ratio: 1,0000, Drift: 1,000, Error reduction coefficient: 0,000, Error: 0,0000 s
abr 04, 2013 12:33:10 PM org.ros.time.RemoteUptimeClock update
INFO: Latency: 7,0000 s, Delta ratio: 1,0000, Drift: 1,000, Error reduction coefficient: 0,000, Error: 0,0000 s
abr 04, 2013 12:33:10 PM org.ros.time.RemoteUptimeClock update
INFO: Latency: 7,0000 s, Delta ratio: 1,0000, Drift: 1,000, Error reduction coefficient: 0,000, Error: 0,0000 s
abr 04, 2013 12:33:10 PM org.ros.time.RemoteUptimeClock update
INFO: Latency: 7,0000 s, Delta ratio: 1,0000, Drift: 1,000, Error reduction coefficient: 0,000, Error: 0,0000 s
abr 04, 2013 12:33:10 PM org.ros.time.RemoteUptimeClock update
INFO: Latency: 7,0000 s, Delta ratio: 1,0000, Drift: 1,000, Error reduction coefficient: 0,000, Error: 0,0000 s
abr 04, 2013 12:33:10 PM org.ros.time.RemoteUptimeClock update
INFO: Latency: 7,0000 s, Delta ratio: 1,0000, Drift: 1,000, Error reduction coefficient: 0,000, Error: 0,0000 s
abr 04, 2013 12:33:10 PM org.ros.time.RemoteUptimeClock update
INFO: Latency: 7,0000 s, Delta ratio: 1,0000, Drift: 1,000, Error reduction coefficient: 0,000, Error: 0,0000 s
abr 04, 2013 12:33:10 PM org.ros.time.RemoteUptimeClock update
INFO: Latency: 7,0000 s, Delta ratio: 1,0000, Drift: 1,000, Error reduction coefficient: 0,000, Error: 0,0000 s
abr 04, 2013 12:33:10 PM org.ros.time.RemoteUptimeClock update
INFO: Latency: 7,0000 s, Delta ratio: 1,0000, Drift: 1,000, Error reduction coefficient: 0,000, Error: 0,0000 s
abr 04, 2013 12:33:10 PM org.ros.time.RemoteUptimeClock update
INFO: Latency: 7,0000 s, Delta ratio: 1,0000, Drift: 1,000, Error reduction coefficient: 0,000, Error: 0,0000 s
abr 04, 2013 12:33:10 PM org.ros.time.RemoteUptimeClock update
INFO: Latency: 7,0000 s, Delta ratio: 1,0000, Drift: 1,000, Error reduction coefficient: 0,000, Error: 0,0000 s
abr 04, 2013 12:33:10 PM org.ros.time.RemoteUptimeClock update
INFO: Latency: 7,0000 s, Delta ratio: 1,0000, Drift: 1,000, Error reduction coefficient: 0,000, Error: 0,0000 s
abr 04, 2013 12:33:10 PM org.ros.time.RemoteUptimeClock update
INFO: Latency: 7,0000 s, Delta ratio: 1,0000, Drift: 1,000, Error reduction coefficient: 0,000, Error: 0,0000 s
abr 04, 2013 12:33:10 PM org.ros.time.RemoteUptimeClock update
INFO: Latency: 7,0000 s, Delta ratio: 1,0000, Drift: 1,000, Error reduction coefficient: 0,000, Error: 0,0000 s
abr 04, 2013 12:33:10 PM org.ros.time.RemoteUptimeClock update
INFO: Latency: 7,0000 s, Delta ratio: 1,0000, Drift: 1,000, Error reduction coefficient: 0,000, Error: 0,0000 s
abr 04, 2013 12:33:10 PM org.ros.time.RemoteUptimeClock update
INFO: Latency: 7,0000 s, Delta ratio: 1,0000, Drift: 1,000, Error reduction coefficient: 0,000, Error: 0,0000 s
abr 04, 2013 12:33:10 PM org.ros.time.RemoteUptimeClock update
INFO: Latency: 7,0000 s, Delta ratio: 1,0000, Drift: 1,000, Error reduction coefficient: 0,000, Error: 0,0000 s
abr 04, 2013 12:33:10 PM org.ros.time.RemoteUptimeClock update
INFO: Latency: 7,0000 s, Delta ratio: 1,0000, Drift: 1,000, Error reduction coefficient: 0,000, Error: 0,0000 s
abr 04, 2013 12:33:10 PM org.ros.time.RemoteUptimeClock update
INFO: Latency: 7,0000 s, Delta ratio: 1,0000, Drift: 1,000, Error reduction coefficient: 0,000, Error: 0,0000 s
abr 04, 2013 12:33:10 PM org.ros.time.RemoteUptimeClock update
INFO: Latency: 7,0000 s, Delta ratio: 1,0000, Drift: 1,000, Error reduction coefficient: 0,000, Error: 0,0000 s
abr 04, 2013 12:33:10 PM org.ros.time.RemoteUptimeClock update
INFO: Latency: 7,0000 s, Delta ratio: 1,0000, Drift: 1,000, Error reduction coefficient: 0,000, Error: 0,0000 s
abr 04, 2013 12:33:10 PM org.ros.time.RemoteUptimeClock update
INFO: Latency: 7,0000 s, Delta ratio: 1,0000, Drift: 1,000, Error reduction coefficient: 0,000, Error: 0,0000 s
abr 04, 2013 12:33:10 PM org.ros.time.RemoteUptimeClock update
INFO: Latency: 7,0000 s, Delta ratio: 1,0000, Drift: 1,000, Error reduction coefficient: 0,000, Error: 0,0000 s
abr 04, 2013 12:33:10 PM org.ros.time.RemoteUptimeClock update
INFO: Latency: 7,0000 s, Delta ratio: 1,0000, Drift: 1,000, Error reduction coefficient: 0,000, Error: 0,0000 s
abr 04, 2013 12:33:10 PM org.ros.time.RemoteUptimeClock update
INFO: Latency: 7,0000 s, Delta ratio: 1,0000, Drift: 1,000, Error reduction coefficient: 0,000, Error: 0,0000 s
abr 04, 2013 12:33:10 PM org.ros.time.RemoteUptimeClock update
INFO: Latency: 7,0000 s, Delta ratio: 1,0000, Drift: 1,000, Error reduction coefficient: 0,000, Error: 0,0000 s
abr 04, 2013 12:33:10 PM org.ros.time.RemoteUptimeClock update
INFO: Latency: 7,0000 s, Delta ratio: 1,0000, Drift: 1,000, Error reduction coefficient: 0,000, Error: 0,0000 s
abr 04, 2013 12:33:10 PM org.ros.time.RemoteUptimeClock update
INFO: Latency: 7,0000 s, Delta ratio: 1,0000, Drift: 1,000, Error reduction coefficient: 0,000, Error: 0,0000 s
abr 04, 2013 12:33:10 PM org.ros.time.RemoteUptimeClock update
INFO: Latency: 7,0000 s, Delta ratio: 1,0000, Drift: 1,000, Error reduction coefficient: 0,000, Error: 0,0000 s
abr 04, 2013 12:33:10 PM org.ros.time.RemoteUptimeClock update
INFO: Latency: 7,0000 s, Delta ratio: 1,0000, Drift: 1,000, Error reduction coefficient: 0,000, Error: 0,0000 s
abr 04, 2013 12:33:10 PM org.ros.time.RemoteUptimeClock update
INFO: Latency: 7,0000 s, Delta ratio: 1,0000, Drift: 1,000, Error reduction coefficient: 0,000, Error: 0,0000 s
abr 04, 2013 12:33:10 PM org.ros.time.RemoteUptimeClock update
INFO: Latency: 7,0000 s, Delta ratio: 1,0000, Drift: 1,000, Error reduction coefficient: 0,000, Error: 0,0000 s
abr 04, 2013 12:33:10 PM org.ros.time.RemoteUptimeClock update
INFO: Latency: 7,0000 s, Delta ratio: 1,0000, Drift: 1,000, Error reduction coefficient: 0,000, Error: 0,0000 s
abr 04, 2013 12:33:10 PM org.ros.time.RemoteUptimeClock update
INFO: Latency: 7,0000 s, Delta ratio: 1,0000, Drift: 1,000, Error reduction coefficient: 0,000, Error: 0,0000 s
abr 04, 2013 12:33:10 PM org.ros.time.RemoteUptimeClock update
INFO: Latency: 7,0000 s, Delta ratio: 1,0000, Drift: 1,000, Error reduction coefficient: 0,000, Error: 0,0000 s
abr 04, 2013 12:33:10 PM org.ros.time.RemoteUptimeClock update
INFO: Latency: 7,0000 s, Delta ratio: 1,0000, Drift: 1,000, Error reduction coefficient: 0,000, Error: 0,0000 s
abr 04, 2013 12:33:10 PM org.ros.time.RemoteUptimeClock update
INFO: Latency: 7,0000 s, Delta ratio: 1,0000, Drift: 1,000, Error reduction coefficient: 0,000, Error: 0,0000 s
abr 04, 2013 12:33:10 PM org.ros.time.RemoteUptimeClock update
INFO: Latency: 7,0000 s, Delta ratio: 1,0000, Drift: 1,000, Error reduction coefficient: 0,000, Error: 0,0000 s
abr 04, 2013 12:33:10 PM org.ros.time.RemoteUptimeClock update
INFO: Latency: 7,0000 s, Delta ratio: 1,0000, Drift: 1,000, Error reduction coefficient: 0,000, Error: 0,0000 s
abr 04, 2013 12:33:10 PM org.ros.time.RemoteUptimeClock update
INFO: Latency: 7,0000 s, Delta ratio: 1,0000, Drift: 1,000, Error reduction coefficient: 0,000, Error: 0,0000 s
abr 04, 2013 12:33:10 PM org.ros.time.RemoteUptimeClock update
INFO: Latency: 7,0000 s, Delta ratio: 1,0000, Drift: 1,000, Error reduction coefficient: 0,000, Error: 0,0000 s
abr 04, 2013 12:33:10 PM org.ros.time.RemoteUptimeClock update
INFO: Latency: 7,0000 s, Delta ratio: 1,0000, Drift: 1,000, Error reduction coefficient: 0,000, Error: 0,0000 s
abr 04, 2013 12:33:10 PM org.ros.time.RemoteUptimeClock update
INFO: Latency: 7,0000 s, Delta ratio: 1,0000, Drift: 1,000, Error reduction coefficient: 0,000, Error: 0,0000 s
abr 04, 2013 12:33:10 PM org.ros.time.RemoteUptimeClock update
INFO: Latency: 7,0000 s, Delta ratio: 1,0000, Drift: 1,000, Error reduction coefficient: 0,000, Error: 0,0000 s
abr 04, 2013 12:33:10 PM org.ros.time.RemoteUptimeClock update
INFO: Latency: 7,0000 s, Delta ratio: 1,0000, Drift: 1,000, Error reduction coefficient: 0,000, Error: 0,0000 s
abr 04, 2013 12:33:10 PM org.ros.time.RemoteUptimeClock update
INFO: Latency: 7,0000 s, Delta ratio: 1,0000, Drift: 1,000, Error reduction coefficient: 0,000, Error: 0,0000 s
abr 04, 2013 12:33:10 PM org.ros.time.RemoteUptimeClock update
INFO: Latency: 7,0000 s, Delta ratio: 1,0000, Drift: 1,000, Error reduction coefficient: 0,000, Error: 0,0000 s
abr 04, 2013 12:33:10 PM org.ros.time.RemoteUptimeClock update
INFO: Latency: 7,0000 s, Delta ratio: 1,0000, Drift: 1,000, Error reduction coefficient: 0,000, Error: 0,0000 s
abr 04, 2013 12:33:10 PM org.ros.time.RemoteUptimeClock update
INFO: Latency: 7,0000 s, Delta ratio: 1,0000, Drift: 1,000, Error reduction coefficient: 0,000, Error: 0,0000 s
abr 04, 2013 12:33:10 PM org.ros.time.RemoteUptimeClock update
INFO: Latency: 7,0000 s, Delta ratio: 1,0000, Drift: 1,000, Error reduction coefficient: 0,000, Error: 0,0000 s
abr 04, 2013 12:33:10 PM org.ros.time.RemoteUptimeClock update
INFO: Latency: 7,0000 s, Delta ratio: 1,0000, Drift: 1,000, Error reduction coefficient: 0,000, Error: 0,0000 s
abr 04, 2013 12:33:10 PM org.ros.time.RemoteUptimeClock update
INFO: Latency: 7,0000 s, Delta ratio: 1,0000, Drift: 1,000, Error reduction coefficient: 0,000, Error: 0,0000 s
abr 04, 2013 12:33:10 PM org.ros.time.RemoteUptimeClock update
INFO: Latency: 7,0000 s, Delta ratio: 1,0000, Drift: 1,000, Error reduction coefficient: 0,000, Error: 0,0000 s
abr 04, 2013 12:33:10 PM org.ros.time.RemoteUptimeClock update
INFO: Latency: 7,0000 s, Delta ratio: 1,0000, Drift: 1,000, Error reduction coefficient: 0,000, Error: 0,0000 s
abr 04, 2013 12:33:10 PM org.ros.time.RemoteUptimeClock update
INFO: Latency: 7,0000 s, Delta ratio: 1,0000, Drift: 1,000, Error reduction coefficient: 0,000, Error: 0,0000 s
abr 04, 2013 12:33:10 PM org.ros.time.RemoteUptimeClock update
INFO: Latency: 7,0000 s, Delta ratio: 1,0000, Drift: 1,000, Error reduction coefficient: 0,000, Error: 0,0000 s
abr 04, 2013 12:33:10 PM org.ros.time.RemoteUptimeClock update
INFO: Latency: 7,0000 s, Delta ratio: 1,0000, Drift: 1,000, Error reduction coefficient: 0,000, Error: 0,0000 s
abr 04, 2013 12:33:10 PM org.ros.time.RemoteUptimeClock update
INFO: Latency: 7,0000 s, Delta ratio: 1,0000, Drift: 1,000, Error reduction coefficient: 0,000, Error: 0,0000 s
abr 04, 2013 12:33:10 PM org.ros.time.RemoteUptimeClock update
INFO: Latency: 7,0000 s, Delta ratio: 1,0000, Drift: 1,000, Error reduction coefficient: 0,000, Error: 0,0000 s
abr 04, 2013 12:33:10 PM org.ros.time.RemoteUptimeClock update
INFO: Latency: 7,0000 s, Delta ratio: 1,0000, Drift: 1,000, Error reduction coefficient: 0,000, Error: 0,0000 s
abr 04, 2013 12:33:10 PM org.ros.time.RemoteUptimeClock update
INFO: Latency: 7,0000 s, Delta ratio: 1,0000, Drift: 1,000, Error reduction coefficient: 0,000, Error: 0,0000 s
abr 04, 2013 12:33:10 PM org.ros.time.RemoteUptimeClock update
INFO: Latency: 7,0000 s, Delta ratio: 1,0000, Drift: 1,000, Error reduction coefficient: 0,000, Error: 0,0000 s
abr 04, 2013 12:33:10 PM org.ros.time.RemoteUptimeClock update
INFO: Latency: 7,0000 s, Delta ratio: 1,0000, Drift: 1,000, Error reduction coefficient: 0,000, Error: 0,0000 s
abr 04, 2013 12:33:10 PM org.ros.time.RemoteUptimeClock update
INFO: Latency: 7,0000 s, Delta ratio: 1,0000, Drift: 1,000, Error reduction coefficient: 0,000, Error: 0,0000 s
abr 04, 2013 12:33:10 PM org.ros.time.RemoteUptimeClock update
INFO: Latency: 7,0000 s, Delta ratio: 1,0000, Drift: 1,000, Error reduction coefficient: 0,000, Error: 0,0000 s
abr 04, 2013 12:33:10 PM org.ros.time.RemoteUptimeClock update
INFO: Latency: 7,0000 s, Delta ratio: 1,0000, Drift: 1,000, Error reduction coefficient: 0,000, Error: 0,0000 s
abr 04, 2013 12:33:10 PM org.ros.time.RemoteUptimeClock update
INFO: Latency: 7,0000 s, Delta ratio: 1,0000, Drift: 1,000, Error reduction coefficient: 0,000, Error: 0,0000 s
abr 04, 2013 12:33:10 PM org.ros.time.RemoteUptimeClock update
INFO: Latency: 7,0000 s, Delta ratio: 1,0000, Drift: 1,000, Error reduction coefficient: 0,000, Error: 0,0000 s
abr 04, 2013 12:33:10 PM org.ros.time.RemoteUptimeClock update
INFO: Latency: 7,0000 s, Delta ratio: 1,0000, Drift: 1,000, Error reduction coefficient: 0,000, Error: 0,0000 s
abr 04, 2013 12:33:10 PM org.ros.time.RemoteUptimeClock update
INFO: Latency: 7,0000 s, Delta ratio: 1,0000, Drift: 1,000, Error reduction coefficient: 0,000, Error: 0,0000 s
abr 04, 2013 12:33:10 PM org.ros.time.RemoteUptimeClock update
INFO: Latency: 7,0000 s, Delta ratio: 1,0000, Drift: 1,000, Error reduction coefficient: 0,000, Error: 0,0000 s
abr 04, 2013 12:33:10 PM org.ros.time.RemoteUptimeClock update
INFO: Latency: 7,0000 s, Delta ratio: 1,0000, Drift: 1,000, Error reduction coefficient: 0,000, Error: 0,0000 s
abr 04, 2013 12:33:10 PM org.ros.time.RemoteUptimeClock update
INFO: Latency: 7,0000 s, Delta ratio: 1,0000, Drift: 1,000, Error reduction coefficient: 0,000, Error: 0,0000 s
abr 04, 2013 12:33:10 PM org.ros.time.RemoteUptimeClock update
INFO: Latency: 7,0000 s, Delta ratio: 1,0000, Drift: 1,000, Error reduction coefficient: 0,000, Error: 0,0000 s
abr 04, 2013 12:33:10 PM org.ros.time.RemoteUptimeClock update
INFO: Latency: 7,0000 s, Delta ratio: 1,0000, Drift: 1,000, Error reduction coefficient: 0,000, Error: 0,0000 s
abr 04, 2013 12:33:10 PM org.ros.time.RemoteUptimeClock update
INFO: Latency: 7,0000 s, Delta ratio: 1,0000, Drift: 1,000, Error reduction coefficient: 0,000, Error: 0,0000 s
abr 04, 2013 12:33:10 PM org.ros.time.RemoteUptimeClock update
INFO: Latency: 7,0000 s, Delta ratio: 1,0000, Drift: 1,000, Error reduction coefficient: 0,000, Error: 0,0000 s
abr 04, 2013 12:33:10 PM org.ros.time.RemoteUptimeClock update
INFO: Latency: 7,0000 s, Delta ratio: 1,0000, Drift: 1,000, Error reduction coefficient: 0,000, Error: 0,0000 s
abr 04, 2013 12:33:10 PM org.ros.time.RemoteUptimeClock update
INFO: Latency: 7,0000 s, Delta ratio: 1,0000, Drift: 1,000, Error reduction coefficient: 0,000, Error: 0,0000 s
abr 04, 2013 12:33:10 PM org.ros.time.RemoteUptimeClock update
INFO: Latency: 7,0000 s, Delta ratio: 1,0000, Drift: 1,000, Error reduction coefficient: 0,000, Error: 0,0000 s
abr 04, 2013 12:33:10 PM org.ros.time.RemoteUptimeClock update
INFO: Latency: 7,0000 s, Delta ratio: 1,0000, Drift: 1,000, Error reduction coefficient: 0,000, Error: 0,0000 s
abr 04, 2013 12:33:10 PM org.ros.time.RemoteUptimeClock update
INFO: Latency: 7,0000 s, Delta ratio: 1,0000, Drift: 1,000, Error reduction coefficient: 0,000, Error: 0,0000 s
abr 04, 2013 12:33:10 PM org.ros.time.RemoteUptimeClock update
INFO: Latency: 7,0000 s, Delta ratio: 1,0000, Drift: 1,000, Error reduction coefficient: 0,000, Error: 0,0000 s
abr 04, 2013 12:33:10 PM org.ros.time.RemoteUptimeClock update
INFO: Latency: 7,0000 s, Delta ratio: 1,0000, Drift: 1,000, Error reduction coefficient: 0,000, Error: 0,0000 s
abr 04, 2013 12:33:10 PM org.ros.time.RemoteUptimeClock update
INFO: Latency: 7,0000 s, Delta ratio: 1,0000, Drift: 1,000, Error reduction coefficient: 0,000, Error: 0,0000 s
abr 04, 2013 12:33:10 PM org.ros.time.RemoteUptimeClock update
INFO: Latency: 7,0000 s, Delta ratio: 1,0000, Drift: 1,000, Error reduction coefficient: 0,000, Error: 0,0000 s
abr 04, 2013 12:33:10 PM org.ros.time.RemoteUptimeClock update
INFO: Latency: 7,0000 s, Delta ratio: 1,0000, Drift: 1,000, Error reduction coefficient: 0,000, Error: 0,0000 s
abr 04, 2013 12:33:10 PM org.ros.time.RemoteUptimeClock update
INFO: Latency: 7,0000 s, Delta ratio: 1,0000, Drift: 1,000, Error reduction coefficient: 0,000, Error: 0,0000 s
abr 04, 2013 12:33:10 PM org.ros.time.RemoteUptimeClock update
INFO: Latency: 7,0000 s, Delta ratio: 1,0000, Drift: 1,000, Error reduction coefficient: 0,000, Error: 0,0000 s
abr 04, 2013 12:33:10 PM org.ros.time.RemoteUptimeClock update
INFO: Latency: 7,0000 s, Delta ratio: 1,0000, Drift: 1,000, Error reduction coefficient: 0,000, Error: 0,0000 s
abr 04, 2013 12:33:10 PM org.ros.time.RemoteUptimeClock update
INFO: Latency: 7,0000 s, Delta ratio: 1,0000, Drift: 1,000, Error reduction coefficient: 0,000, Error: 0,0000 s
abr 04, 2013 12:33:10 PM org.ros.time.RemoteUptimeClock update
INFO: Latency: 7,0000 s, Delta ratio: 1,0000, Drift: 1,000, Error reduction coefficient: 0,000, Error: 0,0000 s
abr 04, 2013 12:33:10 PM org.ros.time.RemoteUptimeClock update
INFO: Latency: 7,0000 s, Delta ratio: 1,0000, Drift: 1,000, Error reduction coefficient: 0,000, Error: 0,0000 s
abr 04, 2013 12:33:10 PM org.ros.time.RemoteUptimeClock update
INFO: Latency: 7,0000 s, Delta ratio: 1,0000, Drift: 1,000, Error reduction coefficient: 0,000, Error: 0,0000 s
abr 04, 2013 12:33:10 PM org.ros.time.RemoteUptimeClock update
INFO: Latency: 7,0000 s, Delta ratio: 1,0000, Drift: 1,000, Error reduction coefficient: 0,000, Error: 0,0000 s
abr 04, 2013 12:33:10 PM org.ros.time.RemoteUptimeClock update
INFO: Latency: 7,0000 s, Delta ratio: 1,0000, Drift: 1,000, Error reduction coefficient: 0,000, Error: 0,0000 s
abr 04, 2013 12:33:10 PM org.ros.time.RemoteUptimeClock update
INFO: Latency: 7,0000 s, Delta ratio: 1,0000, Drift: 1,000, Error reduction coefficient: 0,000, Error: 0,0000 s
abr 04, 2013 12:33:10 PM org.ros.time.RemoteUptimeClock update
INFO: Latency: 7,0000 s, Delta ratio: 1,0000, Drift: 1,000, Error reduction coefficient: 0,000, Error: 0,0000 s
abr 04, 2013 12:33:10 PM org.ros.time.RemoteUptimeClock update
INFO: Latency: 7,0000 s, Delta ratio: 1,0000, Drift: 1,000, Error reduction coefficient: 0,000, Error: 0,0000 s
abr 04, 2013 12:33:10 PM org.ros.time.RemoteUptimeClock update
INFO: Latency: 7,0000 s, Delta ratio: 1,0000, Drift: 1,000, Error reduction coefficient: 0,000, Error: 0,0000 s
abr 04, 2013 12:33:10 PM org.ros.time.RemoteUptimeClock update
INFO: Latency: 7,0000 s, Delta ratio: 1,0000, Drift: 1,000, Error reduction coefficient: 0,000, Error: 0,0000 s
abr 04, 2013 12:33:10 PM org.ros.time.RemoteUptimeClock update
INFO: Latency: 7,0000 s, Delta ratio: 1,0000, Drift: 1,000, Error reduction coefficient: 0,000, Error: 0,0000 s
abr 04, 2013 12:33:10 PM org.ros.time.RemoteUptimeClock update
INFO: Latency: 7,0000 s, Delta ratio: 1,0000, Drift: 1,000, Error reduction coefficient: 0,000, Error: 0,0000 s
abr 04, 2013 12:33:10 PM org.ros.time.RemoteUptimeClock update
INFO: Latency: 7,0000 s, Delta ratio: 1,0000, Drift: 1,000, Error reduction coefficient: 0,000, Error: 0,0000 s
abr 04, 2013 12:33:10 PM org.ros.time.RemoteUptimeClock update
INFO: Latency: 7,0000 s, Delta ratio: 1,0000, Drift: 1,000, Error reduction coefficient: 0,000, Error: 0,0000 s
abr 04, 2013 12:33:10 PM org.ros.time.RemoteUptimeClock update
INFO: Latency: 7,0000 s, Delta ratio: 1,0000, Drift: 1,000, Error reduction coefficient: 0,000, Error: 0,0000 s
abr 04, 2013 12:33:10 PM org.ros.time.RemoteUptimeClock update
INFO: Latency: 7,0000 s, Delta ratio: 1,0000, Drift: 1,000, Error reduction coefficient: 0,000, Error: 0,0000 s
abr 04, 2013 12:33:10 PM org.ros.time.RemoteUptimeClock update
INFO: Latency: 7,0000 s, Delta ratio: 1,0000, Drift: 1,000, Error reduction coefficient: 0,000, Error: 0,0000 s
abr 04, 2013 12:33:10 PM org.ros.time.RemoteUptimeClock update
INFO: Latency: 7,0000 s, Delta ratio: 1,0000, Drift: 1,000, Error reduction coefficient: 0,000, Error: 0,0000 s
abr 04, 2013 12:33:10 PM org.ros.time.RemoteUptimeClock update
INFO: Latency: 7,0000 s, Delta ratio: 1,0000, Drift: 1,000, Error reduction coefficient: 0,000, Error: 0,0000 s
abr 04, 2013 12:33:10 PM org.ros.time.RemoteUptimeClock update
INFO: Latency: 7,0000 s, Delta ratio: 1,0000, Drift: 1,000, Error reduction coefficient: 0,000, Error: 0,0000 s
abr 04, 2013 12:33:10 PM org.ros.time.RemoteUptimeClock update
INFO: Latency: 7,0000 s, Delta ratio: 1,0000, Drift: 1,000, Error reduction coefficient: 0,000, Error: 0,0000 s
abr 04, 2013 12:33:10 PM org.ros.time.RemoteUptimeClock update
INFO: Latency: 7,0000 s, Delta ratio: 1,0000, Drift: 1,000, Error reduction coefficient: 0,000, Error: 0,0000 s
abr 04, 2013 12:33:10 PM org.ros.time.RemoteUptimeClock update
INFO: Latency: 7,0000 s, Delta ratio: 1,0000, Drift: 1,000, Error reduction coefficient: 0,000, Error: 0,0000 s
abr 04, 2013 12:33:10 PM org.ros.time.RemoteUptimeClock update
INFO: Latency: 7,0000 s, Delta ratio: 1,0000, Drift: 1,000, Error reduction coefficient: 0,000, Error: 0,0000 s
abr 04, 2013 12:33:10 PM org.ros.time.RemoteUptimeClock update
INFO: Latency: 7,0000 s, Delta ratio: 1,0000, Drift: 1,000, Error reduction coefficient: 0,000, Error: 0,0000 s
abr 04, 2013 12:33:10 PM org.ros.time.RemoteUptimeClock update
INFO: Latency: 7,0000 s, Delta ratio: 1,0000, Drift: 1,000, Error reduction coefficient: 0,000, Error: 0,0000 s
abr 04, 2013 12:33:10 PM org.ros.time.RemoteUptimeClock update
INFO: Latency: 7,0000 s, Delta ratio: 1,0000, Drift: 1,000, Error reduction coefficient: 0,000, Error: 0,0000 s
abr 04, 2013 12:33:10 PM org.ros.time.RemoteUptimeClock update
INFO: Latency: 7,0000 s, Delta ratio: 1,0000, Drift: 1,000, Error reduction coefficient: 0,000, Error: 0,0000 s
abr 04, 2013 12:33:10 PM org.ros.time.RemoteUptimeClock update
INFO: Latency: 7,0000 s, Delta ratio: 1,0000, Drift: 1,000, Error reduction coefficient: 0,000, Error: 0,0000 s
abr 04, 2013 12:33:10 PM org.ros.time.RemoteUptimeClock update
INFO: Latency: 7,0000 s, Delta ratio: 1,0000, Drift: 1,000, Error reduction coefficient: 0,000, Error: 0,0000 s
abr 04, 2013 12:33:10 PM org.ros.time.RemoteUptimeClock update
INFO: Latency: 7,0000 s, Delta ratio: 1,0000, Drift: 1,000, Error reduction coefficient: 0,000, Error: 0,0000 s
abr 04, 2013 12:33:10 PM org.ros.time.RemoteUptimeClock update
INFO: Latency: 7,0000 s, Delta ratio: 1,0000, Drift: 1,000, Error reduction coefficient: 0,000, Error: 0,0000 s
abr 04, 2013 12:33:10 PM org.ros.time.RemoteUptimeClock update
INFO: Latency: 7,0000 s, Delta ratio: 1,0000, Drift: 1,000, Error reduction coefficient: 0,000, Error: 0,0000 s
abr 04, 2013 12:33:10 PM org.ros.time.RemoteUptimeClock update
INFO: Latency: 7,0000 s, Delta ratio: 1,0000, Drift: 1,000, Error reduction coefficient: 0,000, Error: 0,0000 s
abr 04, 2013 12:33:10 PM org.ros.time.RemoteUptimeClock update
INFO: Latency: 7,0000 s, Delta ratio: 1,0000, Drift: 1,000, Error reduction coefficient: 0,000, Error: 0,0000 s
abr 04, 2013 12:33:10 PM org.ros.time.RemoteUptimeClock update
INFO: Latency: 7,0000 s, Delta ratio: 1,0000, Drift: 1,000, Error reduction coefficient: 0,000, Error: 0,0000 s
abr 04, 2013 12:33:10 PM org.ros.time.RemoteUptimeClock update
INFO: Latency: 7,0000 s, Delta ratio: 1,0000, Drift: 1,000, Error reduction coefficient: 0,000, Error: 0,0000 s
abr 04, 2013 12:33:10 PM org.ros.time.RemoteUptimeClock update
INFO: Latency: 7,0000 s, Delta ratio: 1,0000, Drift: 1,000, Error reduction coefficient: 0,000, Error: 0,0000 s
abr 04, 2013 12:33:10 PM org.ros.time.RemoteUptimeClock update
INFO: Latency: 7,0000 s, Delta ratio: 1,0000, Drift: 1,000, Error reduction coefficient: 0,000, Error: 0,0000 s
abr 04, 2013 12:33:10 PM org.ros.time.RemoteUptimeClock update
INFO: Latency: 7,0000 s, Delta ratio: 1,0000, Drift: 1,000, Error reduction coefficient: 0,000, Error: 0,0000 s
abr 04, 2013 12:33:10 PM org.ros.time.RemoteUptimeClock update
INFO: Latency: 7,0000 s, Delta ratio: 1,0000, Drift: 1,000, Error reduction coefficient: 0,000, Error: 0,0000 s
abr 04, 2013 12:33:10 PM org.ros.time.RemoteUptimeClock update
INFO: Latency: 7,0000 s, Delta ratio: 1,0000, Drift: 1,000, Error reduction coefficient: 0,000, Error: 0,0000 s
abr 04, 2013 12:33:10 PM org.ros.time.RemoteUptimeClock update
INFO: Latency: 7,0000 s, Delta ratio: 1,0000, Drift: 1,000, Error reduction coefficient: 0,000, Error: 0,0000 s
abr 04, 2013 12:33:10 PM org.ros.time.RemoteUptimeClock update
INFO: Latency: 7,0000 s, Delta ratio: 1,0000, Drift: 1,000, Error reduction coefficient: 0,000, Error: 0,0000 s
abr 04, 2013 12:33:10 PM org.ros.time.RemoteUptimeClock update
INFO: Latency: 7,0000 s, Delta ratio: 1,0000, Drift: 1,000, Error reduction coefficient: 0,000, Error: 0,0000 s
abr 04, 2013 12:33:10 PM org.ros.time.RemoteUptimeClock update
INFO: Latency: 7,0000 s, Delta ratio: 1,0000, Drift: 1,000, Error reduction coefficient: 0,000, Error: 0,0000 s
abr 04, 2013 12:33:10 PM org.ros.time.RemoteUptimeClock update
INFO: Latency: 7,0000 s, Delta ratio: 1,0000, Drift: 1,000, Error reduction coefficient: 0,000, Error: 0,0000 s
abr 04, 2013 12:33:10 PM org.ros.time.RemoteUptimeClock update
INFO: Latency: 7,0000 s, Delta ratio: 1,0000, Drift: 1,000, Error reduction coefficient: 0,000, Error: 0,0000 s
abr 04, 2013 12:33:10 PM org.ros.time.RemoteUptimeClock update
INFO: Latency: 7,0000 s, Delta ratio: 1,0000, Drift: 1,000, Error reduction coefficient: 0,000, Error: 0,0000 s
abr 04, 2013 12:33:10 PM org.ros.time.RemoteUptimeClock update
INFO: Latency: 7,0000 s, Delta ratio: 1,0000, Drift: 1,000, Error reduction coefficient: 0,000, Error: 0,0000 s
abr 04, 2013 12:33:10 PM org.ros.time.RemoteUptimeClock update
INFO: Latency: 7,0000 s, Delta ratio: 1,0000, Drift: 1,000, Error reduction coefficient: 0,000, Error: 0,0000 s
abr 04, 2013 12:33:10 PM org.ros.time.RemoteUptimeClock update
INFO: Latency: 7,0000 s, Delta ratio: 1,0000, Drift: 1,000, Error reduction coefficient: 0,000, Error: 0,0000 s
abr 04, 2013 12:33:10 PM org.ros.time.RemoteUptimeClock update
INFO: Latency: 7,0000 s, Delta ratio: 1,0000, Drift: 1,000, Error reduction coefficient: 0,000, Error: 0,0000 s
abr 04, 2013 12:33:10 PM org.ros.time.RemoteUptimeClock update
INFO: Latency: 7,0000 s, Delta ratio: 1,0000, Drift: 1,000, Error reduction coefficient: 0,000, Error: 0,0000 s
abr 04, 2013 12:33:10 PM org.ros.time.RemoteUptimeClock update
INFO: Latency: 7,0000 s, Delta ratio: 1,0000, Drift: 1,000, Error reduction coefficient: 0,000, Error: 0,0000 s
abr 04, 2013 12:33:10 PM org.ros.time.RemoteUptimeClock update
INFO: Latency: 7,0000 s, Delta ratio: 1,0000, Drift: 1,000, Error reduction coefficient: 0,000, Error: 0,0000 s
abr 04, 2013 12:33:10 PM org.ros.time.RemoteUptimeClock update
INFO: Latency: 7,0000 s, Delta ratio: 1,0000, Drift: 1,000, Error reduction coefficient: 0,000, Error: 0,0000 s
abr 04, 2013 12:33:10 PM org.ros.time.RemoteUptimeClock update
INFO: Latency: 7,0000 s, Delta ratio: 1,0000, Drift: 1,000, Error reduction coefficient: 0,000, Error: 0,0000 s
abr 04, 2013 12:33:10 PM org.ros.time.RemoteUptimeClock update
INFO: Latency: 7,0000 s, Delta ratio: 1,0000, Drift: 1,000, Error reduction coefficient: 0,000, Error: 0,0000 s
abr 04, 2013 12:33:10 PM org.ros.time.RemoteUptimeClock update
INFO: Latency: 7,0000 s, Delta ratio: 1,0000, Drift: 1,000, Error reduction coefficient: 0,000, Error: 0,0000 s
abr 04, 2013 12:33:10 PM org.ros.time.RemoteUptimeClock update
INFO: Latency: 7,0000 s, Delta ratio: 1,0000, Drift: 1,000, Error reduction coefficient: 0,000, Error: 0,0000 s
abr 04, 2013 12:33:10 PM org.ros.time.RemoteUptimeClock update
INFO: Latency: 7,0000 s, Delta ratio: 1,0000, Drift: 1,000, Error reduction coefficient: 0,000, Error: 0,0000 s
abr 04, 2013 12:33:10 PM org.ros.time.RemoteUptimeClock update
INFO: Latency: 7,0000 s, Delta ratio: 1,0000, Drift: 1,000, Error reduction coefficient: 0,000, Error: 0,0000 s
abr 04, 2013 12:33:10 PM org.ros.time.RemoteUptimeClock update
INFO: Latency: 7,0000 s, Delta ratio: 1,0000, Drift: 1,000, Error reduction coefficient: 0,000, Error: 0,0000 s
abr 04, 2013 12:33:10 PM org.ros.time.RemoteUptimeClock update
INFO: Latency: 7,0000 s, Delta ratio: 1,0000, Drift: 1,000, Error reduction coefficient: 0,000, Error: 0,0000 s
abr 04, 2013 12:33:10 PM org.ros.time.RemoteUptimeClock update
INFO: Latency: 7,0000 s, Delta ratio: 1,0000, Drift: 1,000, Error reduction coefficient: 0,000, Error: 0,0000 s
abr 04, 2013 12:33:10 PM org.ros.time.RemoteUptimeClock update
INFO: Latency: 7,0000 s, Delta ratio: 1,0000, Drift: 1,000, Error reduction coefficient: 0,000, Error: 0,0000 s
abr 04, 2013 12:33:10 PM org.ros.time.RemoteUptimeClock update
INFO: Latency: 7,0000 s, Delta ratio: 1,0000, Drift: 1,000, Error reduction coefficient: 0,000, Error: 0,0000 s
abr 04, 2013 12:33:10 PM org.ros.time.RemoteUptimeClock update
INFO: Latency: 7,0000 s, Delta ratio: 1,0000, Drift: 1,000, Error reduction coefficient: 0,000, Error: 0,0000 s
abr 04, 2013 12:33:10 PM org.ros.time.RemoteUptimeClock update
INFO: Latency: 7,0000 s, Delta ratio: 1,0000, Drift: 1,000, Error reduction coefficient: 0,000, Error: 0,0000 s
abr 04, 2013 12:33:10 PM org.ros.time.RemoteUptimeClock update
INFO: Latency: 7,0000 s, Delta ratio: 1,0000, Drift: 1,000, Error reduction coefficient: 0,000, Error: 0,0000 s
abr 04, 2013 12:33:10 PM org.ros.time.RemoteUptimeClock update
INFO: Latency: 7,0000 s, Delta ratio: 1,0000, Drift: 1,000, Error reduction coefficient: 0,000, Error: 0,0000 s
abr 04, 2013 12:33:10 PM org.ros.time.RemoteUptimeClock update
INFO: Latency: 7,0000 s, Delta ratio: 1,0000, Drift: 1,000, Error reduction coefficient: 0,000, Error: 0,0000 s
abr 04, 2013 12:33:10 PM org.ros.time.RemoteUptimeClock update
INFO: Latency: 7,0000 s, Delta ratio: 1,0000, Drift: 1,000, Error reduction coefficient: 0,000, Error: 0,0000 s
abr 04, 2013 12:33:10 PM org.ros.time.RemoteUptimeClock update
INFO: Latency: 7,0000 s, Delta ratio: 1,0000, Drift: 1,000, Error reduction coefficient: 0,000, Error: 0,0000 s
abr 04, 2013 12:33:10 PM org.ros.time.RemoteUptimeClock update
INFO: Latency: 7,0000 s, Delta ratio: 1,0000, Drift: 1,000, Error reduction coefficient: 0,000, Error: 0,0000 s
abr 04, 2013 12:33:10 PM org.ros.time.RemoteUptimeClock update
INFO: Latency: 7,0000 s, Delta ratio: 1,0000, Drift: 1,000, Error reduction coefficient: 0,000, Error: 0,0000 s
abr 04, 2013 12:33:10 PM org.ros.time.RemoteUptimeClock update
INFO: Latency: 7,0000 s, Delta ratio: 1,0000, Drift: 1,000, Error reduction coefficient: 0,000, Error: 0,0000 s
abr 04, 2013 12:33:10 PM org.ros.time.RemoteUptimeClock update
INFO: Latency: 7,0000 s, Delta ratio: 1,0000, Drift: 1,000, Error reduction coefficient: 0,000, Error: 0,0000 s
abr 04, 2013 12:33:10 PM org.ros.time.RemoteUptimeClock update
INFO: Latency: 7,0000 s, Delta ratio: 1,0000, Drift: 1,000, Error reduction coefficient: 0,000, Error: 0,0000 s
abr 04, 2013 12:33:10 PM org.ros.time.RemoteUptimeClock update
INFO: Latency: 7,0000 s, Delta ratio: 1,0000, Drift: 1,000, Error reduction coefficient: 0,000, Error: 0,0000 s
abr 04, 2013 12:33:10 PM org.ros.time.RemoteUptimeClock update
INFO: Latency: 7,0000 s, Delta ratio: 1,0000, Drift: 1,000, Error reduction coefficient: 0,000, Error: 0,0000 s
abr 04, 2013 12:33:10 PM org.ros.time.RemoteUptimeClock update
INFO: Latency: 7,0000 s, Delta ratio: 1,0000, Drift: 1,000, Error reduction coefficient: 0,000, Error: 0,0000 s
abr 04, 2013 12:33:10 PM org.ros.time.RemoteUptimeClock update
INFO: Latency: 7,0000 s, Delta ratio: 1,0000, Drift: 1,000, Error reduction coefficient: 0,000, Error: 0,0000 s
abr 04, 2013 12:33:10 PM org.ros.time.RemoteUptimeClock update
INFO: Latency: 7,0000 s, Delta ratio: 1,0000, Drift: 1,000, Error reduction coefficient: 0,000, Error: 0,0000 s
abr 04, 2013 12:33:10 PM org.ros.time.RemoteUptimeClock update
INFO: Latency: 7,0000 s, Delta ratio: 1,0000, Drift: 1,000, Error reduction coefficient: 0,000, Error: 0,0000 s
abr 04, 2013 12:33:10 PM org.ros.time.RemoteUptimeClock update
INFO: Latency: 7,0000 s, Delta ratio: 1,0000, Drift: 1,000, Error reduction coefficient: 0,000, Error: 0,0000 s
abr 04, 2013 12:33:10 PM org.ros.time.RemoteUptimeClock update
INFO: Latency: 7,0000 s, Delta ratio: 1,0000, Drift: 1,000, Error reduction coefficient: 0,000, Error: 0,0000 s
abr 04, 2013 12:33:10 PM org.ros.time.RemoteUptimeClock update
INFO: Latency: 7,0000 s, Delta ratio: 1,0000, Drift: 1,000, Error reduction coefficient: 0,000, Error: 0,0000 s
abr 04, 2013 12:33:10 PM org.ros.time.RemoteUptimeClock update
INFO: Latency: 7,0000 s, Delta ratio: 1,0000, Drift: 1,000, Error reduction coefficient: 0,000, Error: 0,0000 s
abr 04, 2013 12:33:10 PM org.ros.time.RemoteUptimeClock update
INFO: Latency: 7,0000 s, Delta ratio: 1,0000, Drift: 1,000, Error reduction coefficient: 0,000, Error: 0,0000 s
abr 04, 2013 12:33:10 PM org.ros.time.RemoteUptimeClock update
INFO: Latency: 7,0000 s, Delta ratio: 1,0000, Drift: 1,000, Error reduction coefficient: 0,000, Error: 0,0000 s
abr 04, 2013 12:33:10 PM org.ros.time.RemoteUptimeClock update
INFO: Latency: 7,0000 s, Delta ratio: 1,0000, Drift: 1,000, Error reduction coefficient: 0,000, Error: 0,0000 s
abr 04, 2013 12:33:10 PM org.ros.time.RemoteUptimeClock update
INFO: Latency: 7,0000 s, Delta ratio: 1,0000, Drift: 1,000, Error reduction coefficient: 0,000, Error: 0,0000 s
abr 04, 2013 12:33:10 PM org.ros.time.RemoteUptimeClock update
INFO: Latency: 7,0000 s, Delta ratio: 1,0000, Drift: 1,000, Error reduction coefficient: 0,000, Error: 0,0000 s
abr 04, 2013 12:33:10 PM org.ros.time.RemoteUptimeClock update
INFO: Latency: 7,0000 s, Delta ratio: 1,0000, Drift: 1,000, Error reduction coefficient: 0,000, Error: 0,0000 s
abr 04, 2013 12:33:10 PM org.ros.time.RemoteUptimeClock update
INFO: Latency: 7,0000 s, Delta ratio: 1,0000, Drift: 1,000, Error reduction coefficient: 0,000, Error: 0,0000 s
abr 04, 2013 12:33:10 PM org.ros.time.RemoteUptimeClock update
INFO: Latency: 7,0000 s, Delta ratio: 1,0000, Drift: 1,000, Error reduction coefficient: 0,000, Error: 0,0000 s
abr 04, 2013 12:33:10 PM org.ros.time.RemoteUptimeClock update
INFO: Latency: 7,0000 s, Delta ratio: 1,0000, Drift: 1,000, Error reduction coefficient: 0,000, Error: 0,0000 s
abr 04, 2013 12:33:10 PM org.ros.time.RemoteUptimeClock update
INFO: Latency: 7,0000 s, Delta ratio: 1,0000, Drift: 1,000, Error reduction coefficient: 0,000, Error: 0,0000 s
abr 04, 2013 12:33:10 PM org.ros.time.RemoteUptimeClock update
INFO: Latency: 7,0000 s, Delta ratio: 1,0000, Drift: 1,000, Error reduction coefficient: 0,000, Error: 0,0000 s
abr 04, 2013 12:33:10 PM org.ros.time.RemoteUptimeClock update
INFO: Latency: 7,0000 s, Delta ratio: 1,0000, Drift: 1,000, Error reduction coefficient: 0,000, Error: 0,0000 s
abr 04, 2013 12:33:10 PM org.ros.time.RemoteUptimeClock update
INFO: Latency: 7,0000 s, Delta ratio: 1,0000, Drift: 1,000, Error reduction coefficient: 0,000, Error: 0,0000 s
abr 04, 2013 12:33:10 PM org.ros.time.RemoteUptimeClock update
INFO: Latency: 7,0000 s, Delta ratio: 1,0000, Drift: 1,000, Error reduction coefficient: 0,000, Error: 0,0000 s
abr 04, 2013 12:33:10 PM org.ros.time.RemoteUptimeClock update
INFO: Latency: 7,0000 s, Delta ratio: 1,0000, Drift: 1,000, Error reduction coefficient: 0,000, Error: 0,0000 s
abr 04, 2013 12:33:10 PM org.ros.time.RemoteUptimeClock update
INFO: Latency: 7,0000 s, Delta ratio: 1,0000, Drift: 1,000, Error reduction coefficient: 0,000, Error: 0,0000 s
abr 04, 2013 12:33:10 PM org.ros.time.RemoteUptimeClock update
INFO: Latency: 7,0000 s, Delta ratio: 1,0000, Drift: 1,000, Error reduction coefficient: 0,000, Error: 0,0000 s
abr 04, 2013 12:33:10 PM org.ros.time.RemoteUptimeClock update
INFO: Latency: 7,0000 s, Delta ratio: 1,0000, Drift: 1,000, Error reduction coefficient: 0,000, Error: 0,0000 s
abr 04, 2013 12:33:10 PM org.ros.time.RemoteUptimeClock update
INFO: Latency: 7,0000 s, Delta ratio: 1,0000, Drift: 1,000, Error reduction coefficient: 0,000, Error: 0,0000 s
abr 04, 2013 12:33:10 PM org.ros.time.RemoteUptimeClock update
INFO: Latency: 7,0000 s, Delta ratio: 1,0000, Drift: 1,000, Error reduction coefficient: 0,000, Error: 0,0000 s
abr 04, 2013 12:33:10 PM org.ros.time.RemoteUptimeClock update
INFO: Latency: 7,0000 s, Delta ratio: 1,0000, Drift: 1,000, Error reduction coefficient: 0,000, Error: 0,0000 s
abr 04, 2013 12:33:10 PM org.ros.time.RemoteUptimeClock update
INFO: Latency: 7,0000 s, Delta ratio: 1,0000, Drift: 1,000, Error reduction coefficient: 0,000, Error: 0,0000 s
abr 04, 2013 12:33:10 PM org.ros.time.RemoteUptimeClock update
INFO: Latency: 7,0000 s, Delta ratio: 1,0000, Drift: 1,000, Error reduction coefficient: 0,000, Error: 0,0000 s
abr 04, 2013 12:33:10 PM org.ros.time.RemoteUptimeClock update
INFO: Latency: 7,0000 s, Delta ratio: 1,0000, Drift: 1,000, Error reduction coefficient: 0,000, Error: 0,0000 s
abr 04, 2013 12:33:10 PM org.ros.time.RemoteUptimeClock update
INFO: Latency: 7,0000 s, Delta ratio: 1,0000, Drift: 1,000, Error reduction coefficient: 0,000, Error: 0,0000 s
abr 04, 2013 12:33:10 PM org.ros.time.RemoteUptimeClock update
INFO: Latency: 7,0000 s, Delta ratio: 1,0000, Drift: 1,000, Error reduction coefficient: 0,000, Error: 0,0000 s
abr 04, 2013 12:33:10 PM org.ros.time.RemoteUptimeClock update
INFO: Latency: 7,0000 s, Delta ratio: 1,0000, Drift: 1,000, Error reduction coefficient: 0,000, Error: 0,0000 s
abr 04, 2013 12:33:10 PM org.ros.time.RemoteUptimeClock update
INFO: Latency: 7,0000 s, Delta ratio: 1,0000, Drift: 1,000, Error reduction coefficient: 0,000, Error: 0,0000 s
abr 04, 2013 12:33:10 PM org.ros.time.RemoteUptimeClock update
INFO: Latency: 7,0000 s, Delta ratio: 1,0000, Drift: 1,000, Error reduction coefficient: 0,000, Error: 0,0000 s
abr 04, 2013 12:33:10 PM org.ros.time.RemoteUptimeClock update
INFO: Latency: 7,0000 s, Delta ratio: 1,0000, Drift: 1,000, Error reduction coefficient: 0,000, Error: 0,0000 s
abr 04, 2013 12:33:10 PM org.ros.time.RemoteUptimeClock update
INFO: Latency: 7,0000 s, Delta ratio: 1,0000, Drift: 1,000, Error reduction coefficient: 0,000, Error: 0,0000 s
abr 04, 2013 12:33:10 PM org.ros.time.RemoteUptimeClock update
INFO: Latency: 7,0000 s, Delta ratio: 1,0000, Drift: 1,000, Error reduction coefficient: 0,000, Error: 0,0000 s
abr 04, 2013 12:33:10 PM org.ros.time.RemoteUptimeClock update
INFO: Latency: 7,0000 s, Delta ratio: 1,0000, Drift: 1,000, Error reduction coefficient: 0,000, Error: 0,0000 s
abr 04, 2013 12:33:10 PM org.ros.time.RemoteUptimeClock update
INFO: Latency: 7,0000 s, Delta ratio: 1,0000, Drift: 1,000, Error reduction coefficient: 0,000, Error: 0,0000 s
abr 04, 2013 12:33:10 PM org.ros.time.RemoteUptimeClock update
INFO: Latency: 7,0000 s, Delta ratio: 1,0000, Drift: 1,000, Error reduction coefficient: 0,000, Error: 0,0000 s
abr 04, 2013 12:33:10 PM org.ros.time.RemoteUptimeClock update
INFO: Latency: 7,0000 s, Delta ratio: 1,0000, Drift: 1,000, Error reduction coefficient: 0,000, Error: 0,0000 s
abr 04, 2013 12:33:10 PM org.ros.time.RemoteUptimeClock update
INFO: Latency: 7,0000 s, Delta ratio: 1,0000, Drift: 1,000, Error reduction coefficient: 0,000, Error: 0,0000 s
abr 04, 2013 12:33:10 PM org.ros.time.RemoteUptimeClock update
INFO: Latency: 7,0000 s, Delta ratio: 1,0000, Drift: 1,000, Error reduction coefficient: 0,000, Error: 0,0000 s
abr 04, 2013 12:33:10 PM org.ros.time.RemoteUptimeClock update
INFO: Latency: 7,0000 s, Delta ratio: 1,0000, Drift: 1,000, Error reduction coefficient: 0,000, Error: 0,0000 s
abr 04, 2013 12:33:10 PM org.ros.time.RemoteUptimeClock update
INFO: Latency: 7,0000 s, Delta ratio: 1,0000, Drift: 1,000, Error reduction coefficient: 0,000, Error: 0,0000 s
abr 04, 2013 12:33:10 PM org.ros.time.RemoteUptimeClock update
INFO: Latency: 7,0000 s, Delta ratio: 1,0000, Drift: 1,000, Error reduction coefficient: 0,000, Error: 0,0000 s
abr 04, 2013 12:33:10 PM org.ros.time.RemoteUptimeClock update
INFO: Latency: 7,0000 s, Delta ratio: 1,0000, Drift: 1,000, Error reduction coefficient: 0,000, Error: 0,0000 s
abr 04, 2013 12:33:10 PM org.ros.time.RemoteUptimeClock update
INFO: Latency: 7,0000 s, Delta ratio: 1,0000, Drift: 1,000, Error reduction coefficient: 0,000, Error: 0,0000 s
abr 04, 2013 12:33:10 PM org.ros.time.RemoteUptimeClock update
INFO: Latency: 7,0000 s, Delta ratio: 1,0000, Drift: 1,000, Error reduction coefficient: 0,000, Error: 0,0000 s
abr 04, 2013 12:33:10 PM org.ros.time.RemoteUptimeClock update
INFO: Latency: 7,0000 s, Delta ratio: 1,0000, Drift: 1,000, Error reduction coefficient: 0,000, Error: 0,0000 s
abr 04, 2013 12:33:10 PM org.ros.time.RemoteUptimeClock update
INFO: Latency: 7,0000 s, Delta ratio: 1,0000, Drift: 1,000, Error reduction coefficient: 0,000, Error: 0,0000 s
abr 04, 2013 12:33:10 PM org.ros.time.RemoteUptimeClock update
INFO: Latency: 7,0000 s, Delta ratio: 1,0000, Drift: 1,000, Error reduction coefficient: 0,000, Error: 0,0000 s
abr 04, 2013 12:33:10 PM org.ros.time.RemoteUptimeClock update
INFO: Latency: 7,0000 s, Delta ratio: 1,0000, Drift: 1,000, Error reduction coefficient: 0,000, Error: 0,0000 s
abr 04, 2013 12:33:10 PM org.ros.time.RemoteUptimeClock update
INFO: Latency: 7,0000 s, Delta ratio: 1,0000, Drift: 1,000, Error reduction coefficient: 0,000, Error: 0,0000 s
abr 04, 2013 12:33:10 PM org.ros.time.RemoteUptimeClock update
INFO: Latency: 7,0000 s, Delta ratio: 1,0000, Drift: 1,000, Error reduction coefficient: 0,000, Error: 0,0000 s
abr 04, 2013 12:33:10 PM org.ros.time.RemoteUptimeClock update
INFO: Latency: 7,0000 s, Delta ratio: 1,0000, Drift: 1,000, Error reduction coefficient: 0,000, Error: 0,0000 s
abr 04, 2013 12:33:10 PM org.ros.time.RemoteUptimeClock update
INFO: Latency: 7,0000 s, Delta ratio: 1,0000, Drift: 1,000, Error reduction coefficient: 0,000, Error: 0,0000 s
abr 04, 2013 12:33:10 PM org.ros.time.RemoteUptimeClock update
INFO: Latency: 7,0000 s, Delta ratio: 1,0000, Drift: 1,000, Error reduction coefficient: 0,000, Error: 0,0000 s
abr 04, 2013 12:33:10 PM org.ros.time.RemoteUptimeClock update
INFO: Latency: 7,0000 s, Delta ratio: 1,0000, Drift: 1,000, Error reduction coefficient: 0,000, Error: 0,0000 s
abr 04, 2013 12:33:10 PM org.ros.time.RemoteUptimeClock update
INFO: Latency: 7,0000 s, Delta ratio: 1,0000, Drift: 1,000, Error reduction coefficient: 0,000, Error: 0,0000 s
abr 04, 2013 12:33:10 PM org.ros.time.RemoteUptimeClock update
INFO: Latency: 7,0000 s, Delta ratio: 1,0000, Drift: 1,000, Error reduction coefficient: 0,000, Error: 0,0000 s
abr 04, 2013 12:33:10 PM org.ros.time.RemoteUptimeClock update
INFO: Latency: 7,0000 s, Delta ratio: 1,0000, Drift: 1,000, Error reduction coefficient: 0,000, Error: 0,0000 s
abr 04, 2013 12:33:10 PM org.ros.time.RemoteUptimeClock update
INFO: Latency: 7,0000 s, Delta ratio: 1,0000, Drift: 1,000, Error reduction coefficient: 0,000, Error: 0,0000 s
abr 04, 2013 12:33:10 PM org.ros.time.RemoteUptimeClock update
INFO: Latency: 7,0000 s, Delta ratio: 1,0000, Drift: 1,000, Error reduction coefficient: 0,000, Error: 0,0000 s
abr 04, 2013 12:33:10 PM org.ros.time.RemoteUptimeClock update
INFO: Latency: 7,0000 s, Delta ratio: 1,0000, Drift: 1,000, Error reduction coefficient: 0,000, Error: 0,0000 s
abr 04, 2013 12:33:10 PM org.ros.time.RemoteUptimeClock calibrate
INFO: Starting calibration...
abr 04, 2013 12:33:10 PM org.ros.time.RemoteUptimeClock calibrate
INFO: Calibration complete. Drift: 2,000, Offset: -15,5000 s
abr 04, 2013 12:33:10 PM org.ros.time.RemoteUptimeClock update
INFO: Latency: 31,0000 s, Delta ratio: 0,5000, Drift: 2,000, Error reduction coefficient: 0,000, Error: 0,0000 s
abr 04, 2013 12:33:10 PM org.ros.time.RemoteUptimeClock update
INFO: Latency: 31,0000 s, Delta ratio: 0,5000, Drift: 2,000, Error reduction coefficient: 0,000, Error: 0,0000 s
abr 04, 2013 12:33:10 PM org.ros.time.RemoteUptimeClock update
INFO: Latency: 31,0000 s, Delta ratio: 0,5000, Drift: 2,000, Error reduction coefficient: 0,000, Error: 0,0000 s
abr 04, 2013 12:33:10 PM org.ros.time.RemoteUptimeClock update
INFO: Latency: 31,0000 s, Delta ratio: 0,5000, Drift: 2,000, Error reduction coefficient: 0,000, Error: 0,0000 s
abr 04, 2013 12:33:10 PM org.ros.time.RemoteUptimeClock update
INFO: Latency: 31,0000 s, Delta ratio: 0,5000, Drift: 2,000, Error reduction coefficient: 0,000, Error: 0,0000 s
abr 04, 2013 12:33:10 PM org.ros.time.RemoteUptimeClock update
INFO: Latency: 31,0000 s, Delta ratio: 0,5000, Drift: 2,000, Error reduction coefficient: 0,000, Error: 0,0000 s
abr 04, 2013 12:33:10 PM org.ros.time.RemoteUptimeClock update
INFO: Latency: 31,0000 s, Delta ratio: 0,5000, Drift: 2,000, Error reduction coefficient: 0,000, Error: 0,0000 s
abr 04, 2013 12:33:10 PM org.ros.time.RemoteUptimeClock update
INFO: Latency: 31,0000 s, Delta ratio: 0,5000, Drift: 2,000, Error reduction coefficient: 0,000, Error: 0,0000 s
abr 04, 2013 12:33:10 PM org.ros.time.RemoteUptimeClock update
INFO: Latency: 31,0000 s, Delta ratio: 0,5000, Drift: 2,000, Error reduction coefficient: 0,000, Error: 0,0000 s
abr 04, 2013 12:33:10 PM org.ros.time.RemoteUptimeClock update
INFO: Latency: 31,0000 s, Delta ratio: 0,5000, Drift: 2,000, Error reduction coefficient: 0,000, Error: 0,0000 s
abr 04, 2013 12:33:10 PM org.ros.time.RemoteUptimeClock update
INFO: Latency: 31,0000 s, Delta ratio: 0,5000, Drift: 2,000, Error reduction coefficient: 0,000, Error: 0,0000 s
abr 04, 2013 12:33:10 PM org.ros.time.RemoteUptimeClock update
INFO: Latency: 31,0000 s, Delta ratio: 0,5000, Drift: 2,000, Error reduction coefficient: 0,000, Error: 0,0000 s
abr 04, 2013 12:33:10 PM org.ros.time.RemoteUptimeClock update
INFO: Latency: 31,0000 s, Delta ratio: 0,5000, Drift: 2,000, Error reduction coefficient: 0,000, Error: 0,0000 s
abr 04, 2013 12:33:10 PM org.ros.time.RemoteUptimeClock update
INFO: Latency: 31,0000 s, Delta ratio: 0,5000, Drift: 2,000, Error reduction coefficient: 0,000, Error: 0,0000 s
abr 04, 2013 12:33:10 PM org.ros.time.RemoteUptimeClock update
INFO: Latency: 31,0000 s, Delta ratio: 0,5000, Drift: 2,000, Error reduction coefficient: 0,000, Error: 0,0000 s
abr 04, 2013 12:33:10 PM org.ros.time.RemoteUptimeClock update
INFO: Latency: 31,0000 s, Delta ratio: 0,5000, Drift: 2,000, Error reduction coefficient: 0,000, Error: 0,0000 s
abr 04, 2013 12:33:10 PM org.ros.time.RemoteUptimeClock update
INFO: Latency: 31,0000 s, Delta ratio: 0,5000, Drift: 2,000, Error reduction coefficient: 0,000, Error: 0,0000 s
abr 04, 2013 12:33:10 PM org.ros.time.RemoteUptimeClock update
INFO: Latency: 31,0000 s, Delta ratio: 0,5000, Drift: 2,000, Error reduction coefficient: 0,000, Error: 0,0000 s
abr 04, 2013 12:33:10 PM org.ros.time.RemoteUptimeClock update
INFO: Latency: 31,0000 s, Delta ratio: 0,5000, Drift: 2,000, Error reduction coefficient: 0,000, Error: 0,0000 s
abr 04, 2013 12:33:10 PM org.ros.time.RemoteUptimeClock update
INFO: Latency: 31,0000 s, Delta ratio: 0,5000, Drift: 2,000, Error reduction coefficient: 0,000, Error: 0,0000 s
abr 04, 2013 12:33:10 PM org.ros.time.RemoteUptimeClock update
INFO: Latency: 31,0000 s, Delta ratio: 0,5000, Drift: 2,000, Error reduction coefficient: 0,000, Error: 0,0000 s
abr 04, 2013 12:33:10 PM org.ros.time.RemoteUptimeClock update
INFO: Latency: 31,0000 s, Delta ratio: 0,5000, Drift: 2,000, Error reduction coefficient: 0,000, Error: 0,0000 s
abr 04, 2013 12:33:10 PM org.ros.time.RemoteUptimeClock update
INFO: Latency: 31,0000 s, Delta ratio: 0,5000, Drift: 2,000, Error reduction coefficient: 0,000, Error: 0,0000 s
abr 04, 2013 12:33:10 PM org.ros.time.RemoteUptimeClock update
INFO: Latency: 31,0000 s, Delta ratio: 0,5000, Drift: 2,000, Error reduction coefficient: 0,000, Error: 0,0000 s
abr 04, 2013 12:33:10 PM org.ros.time.RemoteUptimeClock update
INFO: Latency: 31,0000 s, Delta ratio: 0,5000, Drift: 2,000, Error reduction coefficient: 0,000, Error: 0,0000 s
abr 04, 2013 12:33:10 PM org.ros.time.RemoteUptimeClock update
INFO: Latency: 31,0000 s, Delta ratio: 0,5000, Drift: 2,000, Error reduction coefficient: 0,000, Error: 0,0000 s
abr 04, 2013 12:33:10 PM org.ros.time.RemoteUptimeClock update
INFO: Latency: 31,0000 s, Delta ratio: 0,5000, Drift: 2,000, Error reduction coefficient: 0,000, Error: 0,0000 s
abr 04, 2013 12:33:10 PM org.ros.time.RemoteUptimeClock update
INFO: Latency: 31,0000 s, Delta ratio: 0,5000, Drift: 2,000, Error reduction coefficient: 0,000, Error: 0,0000 s
abr 04, 2013 12:33:10 PM org.ros.time.RemoteUptimeClock update
INFO: Latency: 31,0000 s, Delta ratio: 0,5000, Drift: 2,000, Error reduction coefficient: 0,000, Error: 0,0000 s
abr 04, 2013 12:33:10 PM org.ros.time.RemoteUptimeClock update
INFO: Latency: 31,0000 s, Delta ratio: 0,5000, Drift: 2,000, Error reduction coefficient: 0,000, Error: 0,0000 s
abr 04, 2013 12:33:10 PM org.ros.time.RemoteUptimeClock update
INFO: Latency: 31,0000 s, Delta ratio: 0,5000, Drift: 2,000, Error reduction coefficient: 0,000, Error: 0,0000 s
abr 04, 2013 12:33:11 PM org.ros.time.RemoteUptimeClock update
INFO: Latency: 31,0000 s, Delta ratio: 0,5000, Drift: 2,000, Error reduction coefficient: 0,000, Error: 0,0000 s
abr 04, 2013 12:33:11 PM org.ros.time.RemoteUptimeClock update
INFO: Latency: 31,0000 s, Delta ratio: 0,5000, Drift: 2,000, Error reduction coefficient: 0,000, Error: 0,0000 s
abr 04, 2013 12:33:11 PM org.ros.time.RemoteUptimeClock update
INFO: Latency: 31,0000 s, Delta ratio: 0,5000, Drift: 2,000, Error reduction coefficient: 0,000, Error: 0,0000 s
abr 04, 2013 12:33:11 PM org.ros.time.RemoteUptimeClock update
INFO: Latency: 31,0000 s, Delta ratio: 0,5000, Drift: 2,000, Error reduction coefficient: 0,000, Error: 0,0000 s
abr 04, 2013 12:33:11 PM org.ros.time.RemoteUptimeClock update
INFO: Latency: 31,0000 s, Delta ratio: 0,5000, Drift: 2,000, Error reduction coefficient: 0,000, Error: 0,0000 s
abr 04, 2013 12:33:11 PM org.ros.time.RemoteUptimeClock update
INFO: Latency: 31,0000 s, Delta ratio: 0,5000, Drift: 2,000, Error reduction coefficient: 0,000, Error: 0,0000 s
abr 04, 2013 12:33:11 PM org.ros.time.RemoteUptimeClock update
INFO: Latency: 31,0000 s, Delta ratio: 0,5000, Drift: 2,000, Error reduction coefficient: 0,000, Error: 0,0000 s
abr 04, 2013 12:33:11 PM org.ros.time.RemoteUptimeClock update
INFO: Latency: 31,0000 s, Delta ratio: 0,5000, Drift: 2,000, Error reduction coefficient: 0,000, Error: 0,0000 s
abr 04, 2013 12:33:11 PM org.ros.time.RemoteUptimeClock update
INFO: Latency: 31,0000 s, Delta ratio: 0,5000, Drift: 2,000, Error reduction coefficient: 0,000, Error: 0,0000 s
abr 04, 2013 12:33:11 PM org.ros.time.RemoteUptimeClock update
INFO: Latency: 31,0000 s, Delta ratio: 0,5000, Drift: 2,000, Error reduction coefficient: 0,000, Error: 0,0000 s
abr 04, 2013 12:33:11 PM org.ros.time.RemoteUptimeClock update
INFO: Latency: 31,0000 s, Delta ratio: 0,5000, Drift: 2,000, Error reduction coefficient: 0,000, Error: 0,0000 s
abr 04, 2013 12:33:11 PM org.ros.time.RemoteUptimeClock update
INFO: Latency: 31,0000 s, Delta ratio: 0,5000, Drift: 2,000, Error reduction coefficient: 0,000, Error: 0,0000 s
abr 04, 2013 12:33:11 PM org.ros.time.RemoteUptimeClock update
INFO: Latency: 31,0000 s, Delta ratio: 0,5000, Drift: 2,000, Error reduction coefficient: 0,000, Error: 0,0000 s
abr 04, 2013 12:33:11 PM org.ros.time.RemoteUptimeClock update
INFO: Latency: 31,0000 s, Delta ratio: 0,5000, Drift: 2,000, Error reduction coefficient: 0,000, Error: 0,0000 s
abr 04, 2013 12:33:11 PM org.ros.time.RemoteUptimeClock update
INFO: Latency: 31,0000 s, Delta ratio: 0,5000, Drift: 2,000, Error reduction coefficient: 0,000, Error: 0,0000 s
abr 04, 2013 12:33:11 PM org.ros.time.RemoteUptimeClock update
INFO: Latency: 31,0000 s, Delta ratio: 0,5000, Drift: 2,000, Error reduction coefficient: 0,000, Error: 0,0000 s
abr 04, 2013 12:33:11 PM org.ros.time.RemoteUptimeClock update
INFO: Latency: 31,0000 s, Delta ratio: 0,5000, Drift: 2,000, Error reduction coefficient: 0,000, Error: 0,0000 s
abr 04, 2013 12:33:11 PM org.ros.time.RemoteUptimeClock update
INFO: Latency: 31,0000 s, Delta ratio: 0,5000, Drift: 2,000, Error reduction coefficient: 0,000, Error: 0,0000 s
abr 04, 2013 12:33:11 PM org.ros.time.RemoteUptimeClock update
INFO: Latency: 31,0000 s, Delta ratio: 0,5000, Drift: 2,000, Error reduction coefficient: 0,000, Error: 0,0000 s
abr 04, 2013 12:33:11 PM org.ros.time.RemoteUptimeClock update
INFO: Latency: 31,0000 s, Delta ratio: 0,5000, Drift: 2,000, Error reduction coefficient: 0,000, Error: 0,0000 s
abr 04, 2013 12:33:11 PM org.ros.time.RemoteUptimeClock update
INFO: Latency: 31,0000 s, Delta ratio: 0,5000, Drift: 2,000, Error reduction coefficient: 0,000, Error: 0,0000 s
abr 04, 2013 12:33:11 PM org.ros.time.RemoteUptimeClock update
INFO: Latency: 31,0000 s, Delta ratio: 0,5000, Drift: 2,000, Error reduction coefficient: 0,000, Error: 0,0000 s
abr 04, 2013 12:33:11 PM org.ros.time.RemoteUptimeClock update
INFO: Latency: 31,0000 s, Delta ratio: 0,5000, Drift: 2,000, Error reduction coefficient: 0,000, Error: 0,0000 s
abr 04, 2013 12:33:11 PM org.ros.time.RemoteUptimeClock update
INFO: Latency: 31,0000 s, Delta ratio: 0,5000, Drift: 2,000, Error reduction coefficient: 0,000, Error: 0,0000 s
abr 04, 2013 12:33:11 PM org.ros.time.RemoteUptimeClock update
INFO: Latency: 31,0000 s, Delta ratio: 0,5000, Drift: 2,000, Error reduction coefficient: 0,000, Error: 0,0000 s
abr 04, 2013 12:33:11 PM org.ros.time.RemoteUptimeClock update
INFO: Latency: 31,0000 s, Delta ratio: 0,5000, Drift: 2,000, Error reduction coefficient: 0,000, Error: 0,0000 s
abr 04, 2013 12:33:11 PM org.ros.time.RemoteUptimeClock update
INFO: Latency: 31,0000 s, Delta ratio: 0,5000, Drift: 2,000, Error reduction coefficient: 0,000, Error: 0,0000 s
abr 04, 2013 12:33:11 PM org.ros.time.RemoteUptimeClock update
INFO: Latency: 31,0000 s, Delta ratio: 0,5000, Drift: 2,000, Error reduction coefficient: 0,000, Error: 0,0000 s
abr 04, 2013 12:33:11 PM org.ros.time.RemoteUptimeClock update
INFO: Latency: 31,0000 s, Delta ratio: 0,5000, Drift: 2,000, Error reduction coefficient: 0,000, Error: 0,0000 s
abr 04, 2013 12:33:11 PM org.ros.time.RemoteUptimeClock update
INFO: Latency: 31,0000 s, Delta ratio: 0,5000, Drift: 2,000, Error reduction coefficient: 0,000, Error: 0,0000 s
abr 04, 2013 12:33:11 PM org.ros.time.RemoteUptimeClock update
INFO: Latency: 31,0000 s, Delta ratio: 0,5000, Drift: 2,000, Error reduction coefficient: 0,000, Error: 0,0000 s
abr 04, 2013 12:33:11 PM org.ros.time.RemoteUptimeClock update
INFO: Latency: 31,0000 s, Delta ratio: 0,5000, Drift: 2,000, Error reduction coefficient: 0,000, Error: 0,0000 s
abr 04, 2013 12:33:11 PM org.ros.time.RemoteUptimeClock update
INFO: Latency: 31,0000 s, Delta ratio: 0,5000, Drift: 2,000, Error reduction coefficient: 0,000, Error: 0,0000 s
abr 04, 2013 12:33:11 PM org.ros.time.RemoteUptimeClock update
INFO: Latency: 31,0000 s, Delta ratio: 0,5000, Drift: 2,000, Error reduction coefficient: 0,000, Error: 0,0000 s
abr 04, 2013 12:33:11 PM org.ros.time.RemoteUptimeClock update
INFO: Latency: 31,0000 s, Delta ratio: 0,5000, Drift: 2,000, Error reduction coefficient: 0,000, Error: 0,0000 s
abr 04, 2013 12:33:11 PM org.ros.time.RemoteUptimeClock update
INFO: Latency: 31,0000 s, Delta ratio: 0,5000, Drift: 2,000, Error reduction coefficient: 0,000, Error: 0,0000 s
abr 04, 2013 12:33:11 PM org.ros.time.RemoteUptimeClock update
INFO: Latency: 31,0000 s, Delta ratio: 0,5000, Drift: 2,000, Error reduction coefficient: 0,000, Error: 0,0000 s
abr 04, 2013 12:33:11 PM org.ros.time.RemoteUptimeClock update
INFO: Latency: 31,0000 s, Delta ratio: 0,5000, Drift: 2,000, Error reduction coefficient: 0,000, Error: 0,0000 s
abr 04, 2013 12:33:11 PM org.ros.time.RemoteUptimeClock update
INFO: Latency: 31,0000 s, Delta ratio: 0,5000, Drift: 2,000, Error reduction coefficient: 0,000, Error: 0,0000 s
abr 04, 2013 12:33:11 PM org.ros.time.RemoteUptimeClock update
INFO: Latency: 31,0000 s, Delta ratio: 0,5000, Drift: 2,000, Error reduction coefficient: 0,000, Error: 0,0000 s
abr 04, 2013 12:33:11 PM org.ros.time.RemoteUptimeClock update
INFO: Latency: 31,0000 s, Delta ratio: 0,5000, Drift: 2,000, Error reduction coefficient: 0,000, Error: 0,0000 s
abr 04, 2013 12:33:11 PM org.ros.time.RemoteUptimeClock update
INFO: Latency: 31,0000 s, Delta ratio: 0,5000, Drift: 2,000, Error reduction coefficient: 0,000, Error: 0,0000 s
abr 04, 2013 12:33:11 PM org.ros.time.RemoteUptimeClock update
INFO: Latency: 31,0000 s, Delta ratio: 0,5000, Drift: 2,000, Error reduction coefficient: 0,000, Error: 0,0000 s
abr 04, 2013 12:33:11 PM org.ros.time.RemoteUptimeClock update
INFO: Latency: 31,0000 s, Delta ratio: 0,5000, Drift: 2,000, Error reduction coefficient: 0,000, Error: 0,0000 s
abr 04, 2013 12:33:11 PM org.ros.time.RemoteUptimeClock update
INFO: Latency: 31,0000 s, Delta ratio: 0,5000, Drift: 2,000, Error reduction coefficient: 0,000, Error: 0,0000 s
abr 04, 2013 12:33:11 PM org.ros.time.RemoteUptimeClock update
INFO: Latency: 31,0000 s, Delta ratio: 0,5000, Drift: 2,000, Error reduction coefficient: 0,000, Error: 0,0000 s
abr 04, 2013 12:33:11 PM org.ros.time.RemoteUptimeClock update
INFO: Latency: 31,0000 s, Delta ratio: 0,5000, Drift: 2,000, Error reduction coefficient: 0,000, Error: 0,0000 s
abr 04, 2013 12:33:11 PM org.ros.time.RemoteUptimeClock update
INFO: Latency: 31,0000 s, Delta ratio: 0,5000, Drift: 2,000, Error reduction coefficient: 0,000, Error: 0,0000 s
abr 04, 2013 12:33:11 PM org.ros.time.RemoteUptimeClock update
INFO: Latency: 31,0000 s, Delta ratio: 0,5000, Drift: 2,000, Error reduction coefficient: 0,000, Error: 0,0000 s
abr 04, 2013 12:33:11 PM org.ros.time.RemoteUptimeClock update
INFO: Latency: 31,0000 s, Delta ratio: 0,5000, Drift: 2,000, Error reduction coefficient: 0,000, Error: 0,0000 s
abr 04, 2013 12:33:11 PM org.ros.time.RemoteUptimeClock update
INFO: Latency: 31,0000 s, Delta ratio: 0,5000, Drift: 2,000, Error reduction coefficient: 0,000, Error: 0,0000 s
abr 04, 2013 12:33:11 PM org.ros.time.RemoteUptimeClock update
INFO: Latency: 31,0000 s, Delta ratio: 0,5000, Drift: 2,000, Error reduction coefficient: 0,000, Error: 0,0000 s
abr 04, 2013 12:33:11 PM org.ros.time.RemoteUptimeClock update
INFO: Latency: 31,0000 s, Delta ratio: 0,5000, Drift: 2,000, Error reduction coefficient: 0,000, Error: 0,0000 s
abr 04, 2013 12:33:11 PM org.ros.time.RemoteUptimeClock update
INFO: Latency: 31,0000 s, Delta ratio: 0,5000, Drift: 2,000, Error reduction coefficient: 0,000, Error: 0,0000 s
abr 04, 2013 12:33:11 PM org.ros.time.RemoteUptimeClock update
INFO: Latency: 31,0000 s, Delta ratio: 0,5000, Drift: 2,000, Error reduction coefficient: 0,000, Error: 0,0000 s
abr 04, 2013 12:33:11 PM org.ros.time.RemoteUptimeClock update
INFO: Latency: 31,0000 s, Delta ratio: 0,5000, Drift: 2,000, Error reduction coefficient: 0,000, Error: 0,0000 s
abr 04, 2013 12:33:11 PM org.ros.time.RemoteUptimeClock update
INFO: Latency: 31,0000 s, Delta ratio: 0,5000, Drift: 2,000, Error reduction coefficient: 0,000, Error: 0,0000 s
abr 04, 2013 12:33:11 PM org.ros.time.RemoteUptimeClock update
INFO: Latency: 31,0000 s, Delta ratio: 0,5000, Drift: 2,000, Error reduction coefficient: 0,000, Error: 0,0000 s
abr 04, 2013 12:33:11 PM org.ros.time.RemoteUptimeClock update
INFO: Latency: 31,0000 s, Delta ratio: 0,5000, Drift: 2,000, Error reduction coefficient: 0,000, Error: 0,0000 s
abr 04, 2013 12:33:11 PM org.ros.time.RemoteUptimeClock update
INFO: Latency: 31,0000 s, Delta ratio: 0,5000, Drift: 2,000, Error reduction coefficient: 0,000, Error: 0,0000 s
abr 04, 2013 12:33:11 PM org.ros.time.RemoteUptimeClock update
INFO: Latency: 31,0000 s, Delta ratio: 0,5000, Drift: 2,000, Error reduction coefficient: 0,000, Error: 0,0000 s
abr 04, 2013 12:33:11 PM org.ros.time.RemoteUptimeClock update
INFO: Latency: 31,0000 s, Delta ratio: 0,5000, Drift: 2,000, Error reduction coefficient: 0,000, Error: 0,0000 s
abr 04, 2013 12:33:11 PM org.ros.time.RemoteUptimeClock update
INFO: Latency: 31,0000 s, Delta ratio: 0,5000, Drift: 2,000, Error reduction coefficient: 0,000, Error: 0,0000 s
abr 04, 2013 12:33:11 PM org.ros.time.RemoteUptimeClock update
INFO: Latency: 31,0000 s, Delta ratio: 0,5000, Drift: 2,000, Error reduction coefficient: 0,000, Error: 0,0000 s
abr 04, 2013 12:33:11 PM org.ros.time.RemoteUptimeClock update
INFO: Latency: 31,0000 s, Delta ratio: 0,5000, Drift: 2,000, Error reduction coefficient: 0,000, Error: 0,0000 s
abr 04, 2013 12:33:11 PM org.ros.time.RemoteUptimeClock update
INFO: Latency: 31,0000 s, Delta ratio: 0,5000, Drift: 2,000, Error reduction coefficient: 0,000, Error: 0,0000 s
abr 04, 2013 12:33:11 PM org.ros.time.RemoteUptimeClock update
INFO: Latency: 31,0000 s, Delta ratio: 0,5000, Drift: 2,000, Error reduction coefficient: 0,000, Error: 0,0000 s
abr 04, 2013 12:33:11 PM org.ros.time.RemoteUptimeClock update
INFO: Latency: 31,0000 s, Delta ratio: 0,5000, Drift: 2,000, Error reduction coefficient: 0,000, Error: 0,0000 s
abr 04, 2013 12:33:11 PM org.ros.time.RemoteUptimeClock update
INFO: Latency: 31,0000 s, Delta ratio: 0,5000, Drift: 2,000, Error reduction coefficient: 0,000, Error: 0,0000 s
abr 04, 2013 12:33:11 PM org.ros.time.RemoteUptimeClock update
INFO: Latency: 31,0000 s, Delta ratio: 0,5000, Drift: 2,000, Error reduction coefficient: 0,000, Error: 0,0000 s
abr 04, 2013 12:33:11 PM org.ros.time.RemoteUptimeClock update
INFO: Latency: 31,0000 s, Delta ratio: 0,5000, Drift: 2,000, Error reduction coefficient: 0,000, Error: 0,0000 s
abr 04, 2013 12:33:11 PM org.ros.time.RemoteUptimeClock update
INFO: Latency: 31,0000 s, Delta ratio: 0,5000, Drift: 2,000, Error reduction coefficient: 0,000, Error: 0,0000 s
abr 04, 2013 12:33:11 PM org.ros.time.RemoteUptimeClock update
INFO: Latency: 31,0000 s, Delta ratio: 0,5000, Drift: 2,000, Error reduction coefficient: 0,000, Error: 0,0000 s
abr 04, 2013 12:33:11 PM org.ros.time.RemoteUptimeClock update
INFO: Latency: 31,0000 s, Delta ratio: 0,5000, Drift: 2,000, Error reduction coefficient: 0,000, Error: 0,0000 s
abr 04, 2013 12:33:11 PM org.ros.time.RemoteUptimeClock update
INFO: Latency: 31,0000 s, Delta ratio: 0,5000, Drift: 2,000, Error reduction coefficient: 0,000, Error: 0,0000 s
abr 04, 2013 12:33:11 PM org.ros.time.RemoteUptimeClock update
INFO: Latency: 31,0000 s, Delta ratio: 0,5000, Drift: 2,000, Error reduction coefficient: 0,000, Error: 0,0000 s
abr 04, 2013 12:33:11 PM org.ros.time.RemoteUptimeClock update
INFO: Latency: 31,0000 s, Delta ratio: 0,5000, Drift: 2,000, Error reduction coefficient: 0,000, Error: 0,0000 s
abr 04, 2013 12:33:11 PM org.ros.time.RemoteUptimeClock update
INFO: Latency: 31,0000 s, Delta ratio: 0,5000, Drift: 2,000, Error reduction coefficient: 0,000, Error: 0,0000 s
abr 04, 2013 12:33:11 PM org.ros.time.RemoteUptimeClock update
INFO: Latency: 31,0000 s, Delta ratio: 0,5000, Drift: 2,000, Error reduction coefficient: 0,000, Error: 0,0000 s
abr 04, 2013 12:33:11 PM org.ros.time.RemoteUptimeClock update
INFO: Latency: 31,0000 s, Delta ratio: 0,5000, Drift: 2,000, Error reduction coefficient: 0,000, Error: 0,0000 s
abr 04, 2013 12:33:11 PM org.ros.time.RemoteUptimeClock update
INFO: Latency: 31,0000 s, Delta ratio: 0,5000, Drift: 2,000, Error reduction coefficient: 0,000, Error: 0,0000 s
abr 04, 2013 12:33:11 PM org.ros.time.RemoteUptimeClock update
INFO: Latency: 31,0000 s, Delta ratio: 0,5000, Drift: 2,000, Error reduction coefficient: 0,000, Error: 0,0000 s
abr 04, 2013 12:33:11 PM org.ros.time.RemoteUptimeClock update
INFO: Latency: 31,0000 s, Delta ratio: 0,5000, Drift: 2,000, Error reduction coefficient: 0,000, Error: 0,0000 s
abr 04, 2013 12:33:11 PM org.ros.time.RemoteUptimeClock update
INFO: Latency: 31,0000 s, Delta ratio: 0,5000, Drift: 2,000, Error reduction coefficient: 0,000, Error: 0,0000 s
abr 04, 2013 12:33:11 PM org.ros.time.RemoteUptimeClock update
INFO: Latency: 31,0000 s, Delta ratio: 0,5000, Drift: 2,000, Error reduction coefficient: 0,000, Error: 0,0000 s
abr 04, 2013 12:33:11 PM org.ros.time.RemoteUptimeClock update
INFO: Latency: 31,0000 s, Delta ratio: 0,5000, Drift: 2,000, Error reduction coefficient: 0,000, Error: 0,0000 s
abr 04, 2013 12:33:11 PM org.ros.time.RemoteUptimeClock update
INFO: Latency: 31,0000 s, Delta ratio: 0,5000, Drift: 2,000, Error reduction coefficient: 0,000, Error: 0,0000 s
abr 04, 2013 12:33:11 PM org.ros.time.RemoteUptimeClock update
INFO: Latency: 31,0000 s, Delta ratio: 0,5000, Drift: 2,000, Error reduction coefficient: 0,000, Error: 0,0000 s
abr 04, 2013 12:33:11 PM org.ros.time.RemoteUptimeClock update
INFO: Latency: 31,0000 s, Delta ratio: 0,5000, Drift: 2,000, Error reduction coefficient: 0,000, Error: 0,0000 s
abr 04, 2013 12:33:11 PM org.ros.time.RemoteUptimeClock update
INFO: Latency: 31,0000 s, Delta ratio: 0,5000, Drift: 2,000, Error reduction coefficient: 0,000, Error: 0,0000 s
abr 04, 2013 12:33:11 PM org.ros.time.RemoteUptimeClock update
INFO: Latency: 31,0000 s, Delta ratio: 0,5000, Drift: 2,000, Error reduction coefficient: 0,000, Error: 0,0000 s
abr 04, 2013 12:33:11 PM org.ros.time.RemoteUptimeClock update
INFO: Latency: 31,0000 s, Delta ratio: 0,5000, Drift: 2,000, Error reduction coefficient: 0,000, Error: 0,0000 s
abr 04, 2013 12:33:11 PM org.ros.time.RemoteUptimeClock update
INFO: Latency: 31,0000 s, Delta ratio: 0,5000, Drift: 2,000, Error reduction coefficient: 0,000, Error: 0,0000 s
abr 04, 2013 12:33:11 PM org.ros.time.RemoteUptimeClock update
INFO: Latency: 31,0000 s, Delta ratio: 0,5000, Drift: 2,000, Error reduction coefficient: 0,000, Error: 0,0000 s
abr 04, 2013 12:33:11 PM org.ros.time.RemoteUptimeClock update
INFO: Latency: 31,0000 s, Delta ratio: 0,5000, Drift: 2,000, Error reduction coefficient: 0,000, Error: 0,0000 s
abr 04, 2013 12:33:11 PM org.ros.time.RemoteUptimeClock update
INFO: Latency: 31,0000 s, Delta ratio: 0,5000, Drift: 2,000, Error reduction coefficient: 0,000, Error: 0,0000 s
abr 04, 2013 12:33:11 PM org.ros.time.RemoteUptimeClock update
INFO: Latency: 31,0000 s, Delta ratio: 0,5000, Drift: 2,000, Error reduction coefficient: 0,000, Error: 0,0000 s
abr 04, 2013 12:33:11 PM org.ros.time.RemoteUptimeClock update
INFO: Latency: 31,0000 s, Delta ratio: 0,5000, Drift: 2,000, Error reduction coefficient: 0,000, Error: 0,0000 s
abr 04, 2013 12:33:11 PM org.ros.time.RemoteUptimeClock update
INFO: Latency: 31,0000 s, Delta ratio: 0,5000, Drift: 2,000, Error reduction coefficient: 0,000, Error: 0,0000 s
abr 04, 2013 12:33:11 PM org.ros.time.RemoteUptimeClock update
INFO: Latency: 31,0000 s, Delta ratio: 0,5000, Drift: 2,000, Error reduction coefficient: 0,000, Error: 0,0000 s
abr 04, 2013 12:33:11 PM org.ros.time.RemoteUptimeClock update
INFO: Latency: 31,0000 s, Delta ratio: 0,5000, Drift: 2,000, Error reduction coefficient: 0,000, Error: 0,0000 s
abr 04, 2013 12:33:11 PM org.ros.time.RemoteUptimeClock update
INFO: Latency: 31,0000 s, Delta ratio: 0,5000, Drift: 2,000, Error reduction coefficient: 0,000, Error: 0,0000 s
abr 04, 2013 12:33:11 PM org.ros.time.RemoteUptimeClock update
INFO: Latency: 31,0000 s, Delta ratio: 0,5000, Drift: 2,000, Error reduction coefficient: 0,000, Error: 0,0000 s
abr 04, 2013 12:33:11 PM org.ros.time.RemoteUptimeClock update
INFO: Latency: 31,0000 s, Delta ratio: 0,5000, Drift: 2,000, Error reduction coefficient: 0,000, Error: 0,0000 s
abr 04, 2013 12:33:11 PM org.ros.time.RemoteUptimeClock update
INFO: Latency: 31,0000 s, Delta ratio: 0,5000, Drift: 2,000, Error reduction coefficient: 0,000, Error: 0,0000 s
abr 04, 2013 12:33:11 PM org.ros.time.RemoteUptimeClock update
INFO: Latency: 31,0000 s, Delta ratio: 0,5000, Drift: 2,000, Error reduction coefficient: 0,000, Error: 0,0000 s
abr 04, 2013 12:33:11 PM org.ros.time.RemoteUptimeClock update
INFO: Latency: 31,0000 s, Delta ratio: 0,5000, Drift: 2,000, Error reduction coefficient: 0,000, Error: 0,0000 s
abr 04, 2013 12:33:11 PM org.ros.time.RemoteUptimeClock update
INFO: Latency: 31,0000 s, Delta ratio: 0,5000, Drift: 2,000, Error reduction coefficient: 0,000, Error: 0,0000 s
abr 04, 2013 12:33:11 PM org.ros.time.RemoteUptimeClock update
INFO: Latency: 31,0000 s, Delta ratio: 0,5000, Drift: 2,000, Error reduction coefficient: 0,000, Error: 0,0000 s
abr 04, 2013 12:33:11 PM org.ros.time.RemoteUptimeClock update
INFO: Latency: 31,0000 s, Delta ratio: 0,5000, Drift: 2,000, Error reduction coefficient: 0,000, Error: 0,0000 s
abr 04, 2013 12:33:11 PM org.ros.time.RemoteUptimeClock update
INFO: Latency: 31,0000 s, Delta ratio: 0,5000, Drift: 2,000, Error reduction coefficient: 0,000, Error: 0,0000 s
abr 04, 2013 12:33:11 PM org.ros.time.RemoteUptimeClock update
INFO: Latency: 31,0000 s, Delta ratio: 0,5000, Drift: 2,000, Error reduction coefficient: 0,000, Error: 0,0000 s
abr 04, 2013 12:33:11 PM org.ros.time.RemoteUptimeClock update
INFO: Latency: 31,0000 s, Delta ratio: 0,5000, Drift: 2,000, Error reduction coefficient: 0,000, Error: 0,0000 s
abr 04, 2013 12:33:11 PM org.ros.time.RemoteUptimeClock update
INFO: Latency: 31,0000 s, Delta ratio: 0,5000, Drift: 2,000, Error reduction coefficient: 0,000, Error: 0,0000 s
abr 04, 2013 12:33:11 PM org.ros.time.RemoteUptimeClock update
INFO: Latency: 31,0000 s, Delta ratio: 0,5000, Drift: 2,000, Error reduction coefficient: 0,000, Error: 0,0000 s
abr 04, 2013 12:33:11 PM org.ros.time.RemoteUptimeClock update
INFO: Latency: 31,0000 s, Delta ratio: 0,5000, Drift: 2,000, Error reduction coefficient: 0,000, Error: 0,0000 s
abr 04, 2013 12:33:11 PM org.ros.time.RemoteUptimeClock update
INFO: Latency: 31,0000 s, Delta ratio: 0,5000, Drift: 2,000, Error reduction coefficient: 0,000, Error: 0,0000 s
abr 04, 2013 12:33:11 PM org.ros.time.RemoteUptimeClock update
INFO: Latency: 31,0000 s, Delta ratio: 0,5000, Drift: 2,000, Error reduction coefficient: 0,000, Error: 0,0000 s
abr 04, 2013 12:33:11 PM org.ros.time.RemoteUptimeClock update
INFO: Latency: 31,0000 s, Delta ratio: 0,5000, Drift: 2,000, Error reduction coefficient: 0,000, Error: 0,0000 s
abr 04, 2013 12:33:11 PM org.ros.time.RemoteUptimeClock update
INFO: Latency: 31,0000 s, Delta ratio: 0,5000, Drift: 2,000, Error reduction coefficient: 0,000, Error: 0,0000 s
abr 04, 2013 12:33:11 PM org.ros.time.RemoteUptimeClock update
INFO: Latency: 31,0000 s, Delta ratio: 0,5000, Drift: 2,000, Error reduction coefficient: 0,000, Error: 0,0000 s
abr 04, 2013 12:33:11 PM org.ros.time.RemoteUptimeClock update
INFO: Latency: 31,0000 s, Delta ratio: 0,5000, Drift: 2,000, Error reduction coefficient: 0,000, Error: 0,0000 s
abr 04, 2013 12:33:11 PM org.ros.time.RemoteUptimeClock update
INFO: Latency: 31,0000 s, Delta ratio: 0,5000, Drift: 2,000, Error reduction coefficient: 0,000, Error: 0,0000 s
abr 04, 2013 12:33:11 PM org.ros.time.RemoteUptimeClock update
INFO: Latency: 31,0000 s, Delta ratio: 0,5000, Drift: 2,000, Error reduction coefficient: 0,000, Error: 0,0000 s
abr 04, 2013 12:33:11 PM org.ros.time.RemoteUptimeClock update
INFO: Latency: 31,0000 s, Delta ratio: 0,5000, Drift: 2,000, Error reduction coefficient: 0,000, Error: 0,0000 s
abr 04, 2013 12:33:11 PM org.ros.time.RemoteUptimeClock update
INFO: Latency: 31,0000 s, Delta ratio: 0,5000, Drift: 2,000, Error reduction coefficient: 0,000, Error: 0,0000 s
abr 04, 2013 12:33:11 PM org.ros.time.RemoteUptimeClock update
INFO: Latency: 31,0000 s, Delta ratio: 0,5000, Drift: 2,000, Error reduction coefficient: 0,000, Error: 0,0000 s
abr 04, 2013 12:33:11 PM org.ros.time.RemoteUptimeClock update
INFO: Latency: 31,0000 s, Delta ratio: 0,5000, Drift: 2,000, Error reduction coefficient: 0,000, Error: 0,0000 s
abr 04, 2013 12:33:11 PM org.ros.time.RemoteUptimeClock update
INFO: Latency: 31,0000 s, Delta ratio: 0,5000, Drift: 2,000, Error reduction coefficient: 0,000, Error: 0,0000 s
abr 04, 2013 12:33:11 PM org.ros.time.RemoteUptimeClock update
INFO: Latency: 31,0000 s, Delta ratio: 0,5000, Drift: 2,000, Error reduction coefficient: 0,000, Error: 0,0000 s
abr 04, 2013 12:33:11 PM org.ros.time.RemoteUptimeClock update
INFO: Latency: 31,0000 s, Delta ratio: 0,5000, Drift: 2,000, Error reduction coefficient: 0,000, Error: 0,0000 s
abr 04, 2013 12:33:11 PM org.ros.time.RemoteUptimeClock update
INFO: Latency: 31,0000 s, Delta ratio: 0,5000, Drift: 2,000, Error reduction coefficient: 0,000, Error: 0,0000 s
abr 04, 2013 12:33:11 PM org.ros.time.RemoteUptimeClock update
INFO: Latency: 31,0000 s, Delta ratio: 0,5000, Drift: 2,000, Error reduction coefficient: 0,000, Error: 0,0000 s
abr 04, 2013 12:33:11 PM org.ros.time.RemoteUptimeClock update
INFO: Latency: 31,0000 s, Delta ratio: 0,5000, Drift: 2,000, Error reduction coefficient: 0,000, Error: 0,0000 s
abr 04, 2013 12:33:11 PM org.ros.time.RemoteUptimeClock update
INFO: Latency: 31,0000 s, Delta ratio: 0,5000, Drift: 2,000, Error reduction coefficient: 0,000, Error: 0,0000 s
abr 04, 2013 12:33:11 PM org.ros.time.RemoteUptimeClock update
INFO: Latency: 31,0000 s, Delta ratio: 0,5000, Drift: 2,000, Error reduction coefficient: 0,000, Error: 0,0000 s
abr 04, 2013 12:33:11 PM org.ros.time.RemoteUptimeClock update
INFO: Latency: 31,0000 s, Delta ratio: 0,5000, Drift: 2,000, Error reduction coefficient: 0,000, Error: 0,0000 s
abr 04, 2013 12:33:11 PM org.ros.time.RemoteUptimeClock update
INFO: Latency: 31,0000 s, Delta ratio: 0,5000, Drift: 2,000, Error reduction coefficient: 0,000, Error: 0,0000 s
abr 04, 2013 12:33:11 PM org.ros.time.RemoteUptimeClock update
INFO: Latency: 31,0000 s, Delta ratio: 0,5000, Drift: 2,000, Error reduction coefficient: 0,000, Error: 0,0000 s
abr 04, 2013 12:33:11 PM org.ros.time.RemoteUptimeClock update
INFO: Latency: 31,0000 s, Delta ratio: 0,5000, Drift: 2,000, Error reduction coefficient: 0,000, Error: 0,0000 s
abr 04, 2013 12:33:11 PM org.ros.time.RemoteUptimeClock update
INFO: Latency: 31,0000 s, Delta ratio: 0,5000, Drift: 2,000, Error reduction coefficient: 0,000, Error: 0,0000 s
abr 04, 2013 12:33:11 PM org.ros.time.RemoteUptimeClock update
INFO: Latency: 31,0000 s, Delta ratio: 0,5000, Drift: 2,000, Error reduction coefficient: 0,000, Error: 0,0000 s
abr 04, 2013 12:33:11 PM org.ros.time.RemoteUptimeClock update
INFO: Latency: 31,0000 s, Delta ratio: 0,5000, Drift: 2,000, Error reduction coefficient: 0,000, Error: 0,0000 s
abr 04, 2013 12:33:11 PM org.ros.time.RemoteUptimeClock update
INFO: Latency: 31,0000 s, Delta ratio: 0,5000, Drift: 2,000, Error reduction coefficient: 0,000, Error: 0,0000 s
abr 04, 2013 12:33:11 PM org.ros.time.RemoteUptimeClock update
INFO: Latency: 31,0000 s, Delta ratio: 0,5000, Drift: 2,000, Error reduction coefficient: 0,000, Error: 0,0000 s
abr 04, 2013 12:33:11 PM org.ros.time.RemoteUptimeClock update
INFO: Latency: 31,0000 s, Delta ratio: 0,5000, Drift: 2,000, Error reduction coefficient: 0,000, Error: 0,0000 s
abr 04, 2013 12:33:11 PM org.ros.time.RemoteUptimeClock update
INFO: Latency: 31,0000 s, Delta ratio: 0,5000, Drift: 2,000, Error reduction coefficient: 0,000, Error: 0,0000 s
abr 04, 2013 12:33:11 PM org.ros.time.RemoteUptimeClock update
INFO: Latency: 31,0000 s, Delta ratio: 0,5000, Drift: 2,000, Error reduction coefficient: 0,000, Error: 0,0000 s
abr 04, 2013 12:33:11 PM org.ros.time.RemoteUptimeClock update
INFO: Latency: 31,0000 s, Delta ratio: 0,5000, Drift: 2,000, Error reduction coefficient: 0,000, Error: 0,0000 s
abr 04, 2013 12:33:11 PM org.ros.time.RemoteUptimeClock update
INFO: Latency: 31,0000 s, Delta ratio: 0,5000, Drift: 2,000, Error reduction coefficient: 0,000, Error: 0,0000 s
abr 04, 2013 12:33:11 PM org.ros.time.RemoteUptimeClock update
INFO: Latency: 31,0000 s, Delta ratio: 0,5000, Drift: 2,000, Error reduction coefficient: 0,000, Error: 0,0000 s
abr 04, 2013 12:33:11 PM org.ros.time.RemoteUptimeClock update
INFO: Latency: 31,0000 s, Delta ratio: 0,5000, Drift: 2,000, Error reduction coefficient: 0,000, Error: 0,0000 s
abr 04, 2013 12:33:11 PM org.ros.time.RemoteUptimeClock update
INFO: Latency: 31,0000 s, Delta ratio: 0,5000, Drift: 2,000, Error reduction coefficient: 0,000, Error: 0,0000 s
abr 04, 2013 12:33:11 PM org.ros.time.RemoteUptimeClock update
INFO: Latency: 31,0000 s, Delta ratio: 0,5000, Drift: 2,000, Error reduction coefficient: 0,000, Error: 0,0000 s
abr 04, 2013 12:33:11 PM org.ros.time.RemoteUptimeClock update
INFO: Latency: 31,0000 s, Delta ratio: 0,5000, Drift: 2,000, Error reduction coefficient: 0,000, Error: 0,0000 s
abr 04, 2013 12:33:11 PM org.ros.time.RemoteUptimeClock update
INFO: Latency: 31,0000 s, Delta ratio: 0,5000, Drift: 2,000, Error reduction coefficient: 0,000, Error: 0,0000 s
abr 04, 2013 12:33:11 PM org.ros.time.RemoteUptimeClock update
INFO: Latency: 31,0000 s, Delta ratio: 0,5000, Drift: 2,000, Error reduction coefficient: 0,000, Error: 0,0000 s
abr 04, 2013 12:33:11 PM org.ros.time.RemoteUptimeClock update
INFO: Latency: 31,0000 s, Delta ratio: 0,5000, Drift: 2,000, Error reduction coefficient: 0,000, Error: 0,0000 s
abr 04, 2013 12:33:11 PM org.ros.time.RemoteUptimeClock update
INFO: Latency: 31,0000 s, Delta ratio: 0,5000, Drift: 2,000, Error reduction coefficient: 0,000, Error: 0,0000 s
abr 04, 2013 12:33:11 PM org.ros.time.RemoteUptimeClock update
INFO: Latency: 31,0000 s, Delta ratio: 0,5000, Drift: 2,000, Error reduction coefficient: 0,000, Error: 0,0000 s
abr 04, 2013 12:33:11 PM org.ros.time.RemoteUptimeClock update
INFO: Latency: 31,0000 s, Delta ratio: 0,5000, Drift: 2,000, Error reduction coefficient: 0,000, Error: 0,0000 s
abr 04, 2013 12:33:11 PM org.ros.time.RemoteUptimeClock update
INFO: Latency: 31,0000 s, Delta ratio: 0,5000, Drift: 2,000, Error reduction coefficient: 0,000, Error: 0,0000 s
abr 04, 2013 12:33:11 PM org.ros.time.RemoteUptimeClock update
INFO: Latency: 31,0000 s, Delta ratio: 0,5000, Drift: 2,000, Error reduction coefficient: 0,000, Error: 0,0000 s
abr 04, 2013 12:33:11 PM org.ros.time.RemoteUptimeClock update
INFO: Latency: 31,0000 s, Delta ratio: 0,5000, Drift: 2,000, Error reduction coefficient: 0,000, Error: 0,0000 s
abr 04, 2013 12:33:11 PM org.ros.time.RemoteUptimeClock update
INFO: Latency: 31,0000 s, Delta ratio: 0,5000, Drift: 2,000, Error reduction coefficient: 0,000, Error: 0,0000 s
abr 04, 2013 12:33:11 PM org.ros.time.RemoteUptimeClock update
INFO: Latency: 31,0000 s, Delta ratio: 0,5000, Drift: 2,000, Error reduction coefficient: 0,000, Error: 0,0000 s
abr 04, 2013 12:33:11 PM org.ros.time.RemoteUptimeClock update
INFO: Latency: 31,0000 s, Delta ratio: 0,5000, Drift: 2,000, Error reduction coefficient: 0,000, Error: 0,0000 s
abr 04, 2013 12:33:11 PM org.ros.time.RemoteUptimeClock update
INFO: Latency: 31,0000 s, Delta ratio: 0,5000, Drift: 2,000, Error reduction coefficient: 0,000, Error: 0,0000 s
abr 04, 2013 12:33:11 PM org.ros.time.RemoteUptimeClock update
INFO: Latency: 31,0000 s, Delta ratio: 0,5000, Drift: 2,000, Error reduction coefficient: 0,000, Error: 0,0000 s
abr 04, 2013 12:33:11 PM org.ros.time.RemoteUptimeClock update
INFO: Latency: 31,0000 s, Delta ratio: 0,5000, Drift: 2,000, Error reduction coefficient: 0,000, Error: 0,0000 s
abr 04, 2013 12:33:11 PM org.ros.time.RemoteUptimeClock update
INFO: Latency: 31,0000 s, Delta ratio: 0,5000, Drift: 2,000, Error reduction coefficient: 0,000, Error: 0,0000 s
abr 04, 2013 12:33:11 PM org.ros.time.RemoteUptimeClock update
INFO: Latency: 31,0000 s, Delta ratio: 0,5000, Drift: 2,000, Error reduction coefficient: 0,000, Error: 0,0000 s
abr 04, 2013 12:33:11 PM org.ros.time.RemoteUptimeClock update
INFO: Latency: 31,0000 s, Delta ratio: 0,5000, Drift: 2,000, Error reduction coefficient: 0,000, Error: 0,0000 s
abr 04, 2013 12:33:11 PM org.ros.time.RemoteUptimeClock update
INFO: Latency: 31,0000 s, Delta ratio: 0,5000, Drift: 2,000, Error reduction coefficient: 0,000, Error: 0,0000 s
abr 04, 2013 12:33:11 PM org.ros.time.RemoteUptimeClock update
INFO: Latency: 31,0000 s, Delta ratio: 0,5000, Drift: 2,000, Error reduction coefficient: 0,000, Error: 0,0000 s
abr 04, 2013 12:33:11 PM org.ros.time.RemoteUptimeClock update
INFO: Latency: 31,0000 s, Delta ratio: 0,5000, Drift: 2,000, Error reduction coefficient: 0,000, Error: 0,0000 s
abr 04, 2013 12:33:11 PM org.ros.time.RemoteUptimeClock update
INFO: Latency: 31,0000 s, Delta ratio: 0,5000, Drift: 2,000, Error reduction coefficient: 0,000, Error: 0,0000 s
abr 04, 2013 12:33:11 PM org.ros.time.RemoteUptimeClock update
INFO: Latency: 31,0000 s, Delta ratio: 0,5000, Drift: 2,000, Error reduction coefficient: 0,000, Error: 0,0000 s
abr 04, 2013 12:33:11 PM org.ros.time.RemoteUptimeClock update
INFO: Latency: 31,0000 s, Delta ratio: 0,5000, Drift: 2,000, Error reduction coefficient: 0,000, Error: 0,0000 s
abr 04, 2013 12:33:11 PM org.ros.time.RemoteUptimeClock update
INFO: Latency: 31,0000 s, Delta ratio: 0,5000, Drift: 2,000, Error reduction coefficient: 0,000, Error: 0,0000 s
abr 04, 2013 12:33:11 PM org.ros.time.RemoteUptimeClock update
INFO: Latency: 31,0000 s, Delta ratio: 0,5000, Drift: 2,000, Error reduction coefficient: 0,000, Error: 0,0000 s
abr 04, 2013 12:33:11 PM org.ros.time.RemoteUptimeClock update
INFO: Latency: 31,0000 s, Delta ratio: 0,5000, Drift: 2,000, Error reduction coefficient: 0,000, Error: 0,0000 s
abr 04, 2013 12:33:11 PM org.ros.time.RemoteUptimeClock update
INFO: Latency: 31,0000 s, Delta ratio: 0,5000, Drift: 2,000, Error reduction coefficient: 0,000, Error: 0,0000 s
abr 04, 2013 12:33:11 PM org.ros.time.RemoteUptimeClock update
INFO: Latency: 31,0000 s, Delta ratio: 0,5000, Drift: 2,000, Error reduction coefficient: 0,000, Error: 0,0000 s
abr 04, 2013 12:33:11 PM org.ros.time.RemoteUptimeClock update
INFO: Latency: 31,0000 s, Delta ratio: 0,5000, Drift: 2,000, Error reduction coefficient: 0,000, Error: 0,0000 s
abr 04, 2013 12:33:11 PM org.ros.time.RemoteUptimeClock update
INFO: Latency: 31,0000 s, Delta ratio: 0,5000, Drift: 2,000, Error reduction coefficient: 0,000, Error: 0,0000 s
abr 04, 2013 12:33:11 PM org.ros.time.RemoteUptimeClock update
INFO: Latency: 31,0000 s, Delta ratio: 0,5000, Drift: 2,000, Error reduction coefficient: 0,000, Error: 0,0000 s
abr 04, 2013 12:33:11 PM org.ros.time.RemoteUptimeClock update
INFO: Latency: 31,0000 s, Delta ratio: 0,5000, Drift: 2,000, Error reduction coefficient: 0,000, Error: 0,0000 s
abr 04, 2013 12:33:11 PM org.ros.time.RemoteUptimeClock update
INFO: Latency: 31,0000 s, Delta ratio: 0,5000, Drift: 2,000, Error reduction coefficient: 0,000, Error: 0,0000 s
abr 04, 2013 12:33:11 PM org.ros.time.RemoteUptimeClock update
INFO: Latency: 31,0000 s, Delta ratio: 0,5000, Drift: 2,000, Error reduction coefficient: 0,000, Error: 0,0000 s
abr 04, 2013 12:33:11 PM org.ros.time.RemoteUptimeClock update
INFO: Latency: 31,0000 s, Delta ratio: 0,5000, Drift: 2,000, Error reduction coefficient: 0,000, Error: 0,0000 s
abr 04, 2013 12:33:11 PM org.ros.time.RemoteUptimeClock update
INFO: Latency: 31,0000 s, Delta ratio: 0,5000, Drift: 2,000, Error reduction coefficient: 0,000, Error: 0,0000 s
abr 04, 2013 12:33:11 PM org.ros.time.RemoteUptimeClock update
INFO: Latency: 31,0000 s, Delta ratio: 0,5000, Drift: 2,000, Error reduction coefficient: 0,000, Error: 0,0000 s
abr 04, 2013 12:33:11 PM org.ros.time.RemoteUptimeClock update
INFO: Latency: 31,0000 s, Delta ratio: 0,5000, Drift: 2,000, Error reduction coefficient: 0,000, Error: 0,0000 s
abr 04, 2013 12:33:11 PM org.ros.time.RemoteUptimeClock update
INFO: Latency: 31,0000 s, Delta ratio: 0,5000, Drift: 2,000, Error reduction coefficient: 0,000, Error: 0,0000 s
abr 04, 2013 12:33:11 PM org.ros.time.RemoteUptimeClock update
INFO: Latency: 31,0000 s, Delta ratio: 0,5000, Drift: 2,000, Error reduction coefficient: 0,000, Error: 0,0000 s
abr 04, 2013 12:33:11 PM org.ros.time.RemoteUptimeClock update
INFO: Latency: 31,0000 s, Delta ratio: 0,5000, Drift: 2,000, Error reduction coefficient: 0,000, Error: 0,0000 s
abr 04, 2013 12:33:11 PM org.ros.time.RemoteUptimeClock update
INFO: Latency: 31,0000 s, Delta ratio: 0,5000, Drift: 2,000, Error reduction coefficient: 0,000, Error: 0,0000 s
abr 04, 2013 12:33:11 PM org.ros.time.RemoteUptimeClock update
INFO: Latency: 31,0000 s, Delta ratio: 0,5000, Drift: 2,000, Error reduction coefficient: 0,000, Error: 0,0000 s
abr 04, 2013 12:33:11 PM org.ros.time.RemoteUptimeClock update
INFO: Latency: 31,0000 s, Delta ratio: 0,5000, Drift: 2,000, Error reduction coefficient: 0,000, Error: 0,0000 s
abr 04, 2013 12:33:11 PM org.ros.time.RemoteUptimeClock update
INFO: Latency: 31,0000 s, Delta ratio: 0,5000, Drift: 2,000, Error reduction coefficient: 0,000, Error: 0,0000 s
abr 04, 2013 12:33:11 PM org.ros.time.RemoteUptimeClock update
INFO: Latency: 31,0000 s, Delta ratio: 0,5000, Drift: 2,000, Error reduction coefficient: 0,000, Error: 0,0000 s
abr 04, 2013 12:33:11 PM org.ros.time.RemoteUptimeClock update
INFO: Latency: 31,0000 s, Delta ratio: 0,5000, Drift: 2,000, Error reduction coefficient: 0,000, Error: 0,0000 s
abr 04, 2013 12:33:11 PM org.ros.time.RemoteUptimeClock update
INFO: Latency: 31,0000 s, Delta ratio: 0,5000, Drift: 2,000, Error reduction coefficient: 0,000, Error: 0,0000 s
abr 04, 2013 12:33:11 PM org.ros.time.RemoteUptimeClock update
INFO: Latency: 31,0000 s, Delta ratio: 0,5000, Drift: 2,000, Error reduction coefficient: 0,000, Error: 0,0000 s
abr 04, 2013 12:33:11 PM org.ros.time.RemoteUptimeClock update
INFO: Latency: 31,0000 s, Delta ratio: 0,5000, Drift: 2,000, Error reduction coefficient: 0,000, Error: 0,0000 s
abr 04, 2013 12:33:11 PM org.ros.time.RemoteUptimeClock update
INFO: Latency: 31,0000 s, Delta ratio: 0,5000, Drift: 2,000, Error reduction coefficient: 0,000, Error: 0,0000 s
abr 04, 2013 12:33:11 PM org.ros.time.RemoteUptimeClock update
INFO: Latency: 31,0000 s, Delta ratio: 0,5000, Drift: 2,000, Error reduction coefficient: 0,000, Error: 0,0000 s
abr 04, 2013 12:33:11 PM org.ros.time.RemoteUptimeClock update
INFO: Latency: 31,0000 s, Delta ratio: 0,5000, Drift: 2,000, Error reduction coefficient: 0,000, Error: 0,0000 s
abr 04, 2013 12:33:11 PM org.ros.time.RemoteUptimeClock update
INFO: Latency: 31,0000 s, Delta ratio: 0,5000, Drift: 2,000, Error reduction coefficient: 0,000, Error: 0,0000 s
abr 04, 2013 12:33:11 PM org.ros.time.RemoteUptimeClock update
INFO: Latency: 31,0000 s, Delta ratio: 0,5000, Drift: 2,000, Error reduction coefficient: 0,000, Error: 0,0000 s
abr 04, 2013 12:33:11 PM org.ros.time.RemoteUptimeClock update
INFO: Latency: 31,0000 s, Delta ratio: 0,5000, Drift: 2,000, Error reduction coefficient: 0,000, Error: 0,0000 s
abr 04, 2013 12:33:11 PM org.ros.time.RemoteUptimeClock update
INFO: Latency: 31,0000 s, Delta ratio: 0,5000, Drift: 2,000, Error reduction coefficient: 0,000, Error: 0,0000 s
abr 04, 2013 12:33:11 PM org.ros.time.RemoteUptimeClock update
INFO: Latency: 31,0000 s, Delta ratio: 0,5000, Drift: 2,000, Error reduction coefficient: 0,000, Error: 0,0000 s
abr 04, 2013 12:33:11 PM org.ros.time.RemoteUptimeClock update
INFO: Latency: 31,0000 s, Delta ratio: 0,5000, Drift: 2,000, Error reduction coefficient: 0,000, Error: 0,0000 s
abr 04, 2013 12:33:11 PM org.ros.time.RemoteUptimeClock update
INFO: Latency: 31,0000 s, Delta ratio: 0,5000, Drift: 2,000, Error reduction coefficient: 0,000, Error: 0,0000 s
abr 04, 2013 12:33:11 PM org.ros.time.RemoteUptimeClock update
INFO: Latency: 31,0000 s, Delta ratio: 0,5000, Drift: 2,000, Error reduction coefficient: 0,000, Error: 0,0000 s
abr 04, 2013 12:33:11 PM org.ros.time.RemoteUptimeClock update
INFO: Latency: 31,0000 s, Delta ratio: 0,5000, Drift: 2,000, Error reduction coefficient: 0,000, Error: 0,0000 s
abr 04, 2013 12:33:11 PM org.ros.time.RemoteUptimeClock update
INFO: Latency: 31,0000 s, Delta ratio: 0,5000, Drift: 2,000, Error reduction coefficient: 0,000, Error: 0,0000 s
abr 04, 2013 12:33:11 PM org.ros.time.RemoteUptimeClock update
INFO: Latency: 31,0000 s, Delta ratio: 0,5000, Drift: 2,000, Error reduction coefficient: 0,000, Error: 0,0000 s
abr 04, 2013 12:33:11 PM org.ros.time.RemoteUptimeClock update
INFO: Latency: 31,0000 s, Delta ratio: 0,5000, Drift: 2,000, Error reduction coefficient: 0,000, Error: 0,0000 s
abr 04, 2013 12:33:11 PM org.ros.time.RemoteUptimeClock update
INFO: Latency: 31,0000 s, Delta ratio: 0,5000, Drift: 2,000, Error reduction coefficient: 0,000, Error: 0,0000 s
abr 04, 2013 12:33:11 PM org.ros.time.RemoteUptimeClock update
INFO: Latency: 31,0000 s, Delta ratio: 0,5000, Drift: 2,000, Error reduction coefficient: 0,000, Error: 0,0000 s
abr 04, 2013 12:33:11 PM org.ros.time.RemoteUptimeClock update
INFO: Latency: 31,0000 s, Delta ratio: 0,5000, Drift: 2,000, Error reduction coefficient: 0,000, Error: 0,0000 s
abr 04, 2013 12:33:11 PM org.ros.time.RemoteUptimeClock update
INFO: Latency: 31,0000 s, Delta ratio: 0,5000, Drift: 2,000, Error reduction coefficient: 0,000, Error: 0,0000 s
abr 04, 2013 12:33:11 PM org.ros.time.RemoteUptimeClock update
INFO: Latency: 31,0000 s, Delta ratio: 0,5000, Drift: 2,000, Error reduction coefficient: 0,000, Error: 0,0000 s
abr 04, 2013 12:33:11 PM org.ros.time.RemoteUptimeClock update
INFO: Latency: 31,0000 s, Delta ratio: 0,5000, Drift: 2,000, Error reduction coefficient: 0,000, Error: 0,0000 s
abr 04, 2013 12:33:11 PM org.ros.time.RemoteUptimeClock update
INFO: Latency: 31,0000 s, Delta ratio: 0,5000, Drift: 2,000, Error reduction coefficient: 0,000, Error: 0,0000 s
abr 04, 2013 12:33:11 PM org.ros.time.RemoteUptimeClock update
INFO: Latency: 31,0000 s, Delta ratio: 0,5000, Drift: 2,000, Error reduction coefficient: 0,000, Error: 0,0000 s
abr 04, 2013 12:33:11 PM org.ros.time.RemoteUptimeClock update
INFO: Latency: 31,0000 s, Delta ratio: 0,5000, Drift: 2,000, Error reduction coefficient: 0,000, Error: 0,0000 s
abr 04, 2013 12:33:11 PM org.ros.time.RemoteUptimeClock update
INFO: Latency: 31,0000 s, Delta ratio: 0,5000, Drift: 2,000, Error reduction coefficient: 0,000, Error: 0,0000 s
abr 04, 2013 12:33:11 PM org.ros.time.RemoteUptimeClock update
INFO: Latency: 31,0000 s, Delta ratio: 0,5000, Drift: 2,000, Error reduction coefficient: 0,000, Error: 0,0000 s
abr 04, 2013 12:33:11 PM org.ros.time.RemoteUptimeClock update
INFO: Latency: 31,0000 s, Delta ratio: 0,5000, Drift: 2,000, Error reduction coefficient: 0,000, Error: 0,0000 s
abr 04, 2013 12:33:11 PM org.ros.time.RemoteUptimeClock update
INFO: Latency: 31,0000 s, Delta ratio: 0,5000, Drift: 2,000, Error reduction coefficient: 0,000, Error: 0,0000 s
abr 04, 2013 12:33:11 PM org.ros.time.RemoteUptimeClock update
INFO: Latency: 31,0000 s, Delta ratio: 0,5000, Drift: 2,000, Error reduction coefficient: 0,000, Error: 0,0000 s
abr 04, 2013 12:33:11 PM org.ros.time.RemoteUptimeClock update
INFO: Latency: 31,0000 s, Delta ratio: 0,5000, Drift: 2,000, Error reduction coefficient: 0,000, Error: 0,0000 s
abr 04, 2013 12:33:11 PM org.ros.time.RemoteUptimeClock update
INFO: Latency: 31,0000 s, Delta ratio: 0,5000, Drift: 2,000, Error reduction coefficient: 0,000, Error: 0,0000 s
abr 04, 2013 12:33:11 PM org.ros.time.RemoteUptimeClock update
INFO: Latency: 31,0000 s, Delta ratio: 0,5000, Drift: 2,000, Error reduction coefficient: 0,000, Error: 0,0000 s
abr 04, 2013 12:33:11 PM org.ros.time.RemoteUptimeClock update
INFO: Latency: 31,0000 s, Delta ratio: 0,5000, Drift: 2,000, Error reduction coefficient: 0,000, Error: 0,0000 s
abr 04, 2013 12:33:11 PM org.ros.time.RemoteUptimeClock update
INFO: Latency: 31,0000 s, Delta ratio: 0,5000, Drift: 2,000, Error reduction coefficient: 0,000, Error: 0,0000 s
abr 04, 2013 12:33:11 PM org.ros.time.RemoteUptimeClock update
INFO: Latency: 31,0000 s, Delta ratio: 0,5000, Drift: 2,000, Error reduction coefficient: 0,000, Error: 0,0000 s
abr 04, 2013 12:33:11 PM org.ros.time.RemoteUptimeClock update
INFO: Latency: 31,0000 s, Delta ratio: 0,5000, Drift: 2,000, Error reduction coefficient: 0,000, Error: 0,0000 s
abr 04, 2013 12:33:11 PM org.ros.time.RemoteUptimeClock update
INFO: Latency: 31,0000 s, Delta ratio: 0,5000, Drift: 2,000, Error reduction coefficient: 0,000, Error: 0,0000 s
abr 04, 2013 12:33:11 PM org.ros.time.RemoteUptimeClock update
INFO: Latency: 31,0000 s, Delta ratio: 0,5000, Drift: 2,000, Error reduction coefficient: 0,000, Error: 0,0000 s
abr 04, 2013 12:33:11 PM org.ros.time.RemoteUptimeClock update
INFO: Latency: 31,0000 s, Delta ratio: 0,5000, Drift: 2,000, Error reduction coefficient: 0,000, Error: 0,0000 s
abr 04, 2013 12:33:11 PM org.ros.time.RemoteUptimeClock update
INFO: Latency: 31,0000 s, Delta ratio: 0,5000, Drift: 2,000, Error reduction coefficient: 0,000, Error: 0,0000 s
abr 04, 2013 12:33:11 PM org.ros.time.RemoteUptimeClock update
INFO: Latency: 31,0000 s, Delta ratio: 0,5000, Drift: 2,000, Error reduction coefficient: 0,000, Error: 0,0000 s
abr 04, 2013 12:33:11 PM org.ros.time.RemoteUptimeClock update
INFO: Latency: 31,0000 s, Delta ratio: 0,5000, Drift: 2,000, Error reduction coefficient: 0,000, Error: 0,0000 s
abr 04, 2013 12:33:11 PM org.ros.time.RemoteUptimeClock update
INFO: Latency: 31,0000 s, Delta ratio: 0,5000, Drift: 2,000, Error reduction coefficient: 0,000, Error: 0,0000 s
abr 04, 2013 12:33:11 PM org.ros.time.RemoteUptimeClock update
INFO: Latency: 31,0000 s, Delta ratio: 0,5000, Drift: 2,000, Error reduction coefficient: 0,000, Error: 0,0000 s
abr 04, 2013 12:33:11 PM org.ros.time.RemoteUptimeClock update
INFO: Latency: 31,0000 s, Delta ratio: 0,5000, Drift: 2,000, Error reduction coefficient: 0,000, Error: 0,0000 s
abr 04, 2013 12:33:11 PM org.ros.time.RemoteUptimeClock update
INFO: Latency: 31,0000 s, Delta ratio: 0,5000, Drift: 2,000, Error reduction coefficient: 0,000, Error: 0,0000 s
abr 04, 2013 12:33:11 PM org.ros.time.RemoteUptimeClock update
INFO: Latency: 31,0000 s, Delta ratio: 0,5000, Drift: 2,000, Error reduction coefficient: 0,000, Error: 0,0000 s
abr 04, 2013 12:33:11 PM org.ros.time.RemoteUptimeClock update
INFO: Latency: 31,0000 s, Delta ratio: 0,5000, Drift: 2,000, Error reduction coefficient: 0,000, Error: 0,0000 s
abr 04, 2013 12:33:11 PM org.ros.time.RemoteUptimeClock update
INFO: Latency: 31,0000 s, Delta ratio: 0,5000, Drift: 2,000, Error reduction coefficient: 0,000, Error: 0,0000 s
abr 04, 2013 12:33:11 PM org.ros.time.RemoteUptimeClock update
INFO: Latency: 31,0000 s, Delta ratio: 0,5000, Drift: 2,000, Error reduction coefficient: 0,000, Error: 0,0000 s
abr 04, 2013 12:33:11 PM org.ros.time.RemoteUptimeClock update
INFO: Latency: 31,0000 s, Delta ratio: 0,5000, Drift: 2,000, Error reduction coefficient: 0,000, Error: 0,0000 s
abr 04, 2013 12:33:11 PM org.ros.time.RemoteUptimeClock update
INFO: Latency: 31,0000 s, Delta ratio: 0,5000, Drift: 2,000, Error reduction coefficient: 0,000, Error: 0,0000 s
abr 04, 2013 12:33:11 PM org.ros.time.RemoteUptimeClock update
INFO: Latency: 31,0000 s, Delta ratio: 0,5000, Drift: 2,000, Error reduction coefficient: 0,000, Error: 0,0000 s
abr 04, 2013 12:33:11 PM org.ros.time.RemoteUptimeClock update
INFO: Latency: 31,0000 s, Delta ratio: 0,5000, Drift: 2,000, Error reduction coefficient: 0,000, Error: 0,0000 s
abr 04, 2013 12:33:11 PM org.ros.time.RemoteUptimeClock update
INFO: Latency: 31,0000 s, Delta ratio: 0,5000, Drift: 2,000, Error reduction coefficient: 0,000, Error: 0,0000 s
abr 04, 2013 12:33:11 PM org.ros.time.RemoteUptimeClock update
INFO: Latency: 31,0000 s, Delta ratio: 0,5000, Drift: 2,000, Error reduction coefficient: 0,000, Error: 0,0000 s
abr 04, 2013 12:33:11 PM org.ros.time.RemoteUptimeClock update
INFO: Latency: 31,0000 s, Delta ratio: 0,5000, Drift: 2,000, Error reduction coefficient: 0,000, Error: 0,0000 s
abr 04, 2013 12:33:11 PM org.ros.time.RemoteUptimeClock update
INFO: Latency: 31,0000 s, Delta ratio: 0,5000, Drift: 2,000, Error reduction coefficient: 0,000, Error: 0,0000 s
abr 04, 2013 12:33:11 PM org.ros.time.RemoteUptimeClock update
INFO: Latency: 31,0000 s, Delta ratio: 0,5000, Drift: 2,000, Error reduction coefficient: 0,000, Error: 0,0000 s
abr 04, 2013 12:33:11 PM org.ros.time.RemoteUptimeClock update
INFO: Latency: 31,0000 s, Delta ratio: 0,5000, Drift: 2,000, Error reduction coefficient: 0,000, Error: 0,0000 s
abr 04, 2013 12:33:11 PM org.ros.time.RemoteUptimeClock update
INFO: Latency: 31,0000 s, Delta ratio: 0,5000, Drift: 2,000, Error reduction coefficient: 0,000, Error: 0,0000 s
abr 04, 2013 12:33:11 PM org.ros.time.RemoteUptimeClock update
INFO: Latency: 31,0000 s, Delta ratio: 0,5000, Drift: 2,000, Error reduction coefficient: 0,000, Error: 0,0000 s
abr 04, 2013 12:33:11 PM org.ros.time.RemoteUptimeClock update
INFO: Latency: 31,0000 s, Delta ratio: 0,5000, Drift: 2,000, Error reduction coefficient: 0,000, Error: 0,0000 s
abr 04, 2013 12:33:11 PM org.ros.time.RemoteUptimeClock update
INFO: Latency: 31,0000 s, Delta ratio: 0,5000, Drift: 2,000, Error reduction coefficient: 0,000, Error: 0,0000 s
abr 04, 2013 12:33:11 PM org.ros.time.RemoteUptimeClock update
INFO: Latency: 31,0000 s, Delta ratio: 0,5000, Drift: 2,000, Error reduction coefficient: 0,000, Error: 0,0000 s
abr 04, 2013 12:33:11 PM org.ros.time.RemoteUptimeClock update
INFO: Latency: 31,0000 s, Delta ratio: 0,5000, Drift: 2,000, Error reduction coefficient: 0,000, Error: 0,0000 s
abr 04, 2013 12:33:11 PM org.ros.time.RemoteUptimeClock update
INFO: Latency: 31,0000 s, Delta ratio: 0,5000, Drift: 2,000, Error reduction coefficient: 0,000, Error: 0,0000 s
abr 04, 2013 12:33:11 PM org.ros.time.RemoteUptimeClock update
INFO: Latency: 31,0000 s, Delta ratio: 0,5000, Drift: 2,000, Error reduction coefficient: 0,000, Error: 0,0000 s
abr 04, 2013 12:33:11 PM org.ros.time.RemoteUptimeClock update
INFO: Latency: 31,0000 s, Delta ratio: 0,5000, Drift: 2,000, Error reduction coefficient: 0,000, Error: 0,0000 s
abr 04, 2013 12:33:11 PM org.ros.time.RemoteUptimeClock update
INFO: Latency: 31,0000 s, Delta ratio: 0,5000, Drift: 2,000, Error reduction coefficient: 0,000, Error: 0,0000 s
abr 04, 2013 12:33:11 PM org.ros.time.RemoteUptimeClock update
INFO: Latency: 31,0000 s, Delta ratio: 0,5000, Drift: 2,000, Error reduction coefficient: 0,000, Error: 0,0000 s
abr 04, 2013 12:33:11 PM org.ros.time.RemoteUptimeClock update
INFO: Latency: 31,0000 s, Delta ratio: 0,5000, Drift: 2,000, Error reduction coefficient: 0,000, Error: 0,0000 s
abr 04, 2013 12:33:11 PM org.ros.time.RemoteUptimeClock update
INFO: Latency: 31,0000 s, Delta ratio: 0,5000, Drift: 2,000, Error reduction coefficient: 0,000, Error: 0,0000 s
abr 04, 2013 12:33:11 PM org.ros.time.RemoteUptimeClock update
INFO: Latency: 31,0000 s, Delta ratio: 0,5000, Drift: 2,000, Error reduction coefficient: 0,000, Error: 0,0000 s
abr 04, 2013 12:33:11 PM org.ros.time.RemoteUptimeClock update
INFO: Latency: 31,0000 s, Delta ratio: 0,5000, Drift: 2,000, Error reduction coefficient: 0,000, Error: 0,0000 s
abr 04, 2013 12:33:11 PM org.ros.time.RemoteUptimeClock update
INFO: Latency: 31,0000 s, Delta ratio: 0,5000, Drift: 2,000, Error reduction coefficient: 0,000, Error: 0,0000 s
abr 04, 2013 12:33:11 PM org.ros.time.RemoteUptimeClock update
INFO: Latency: 31,0000 s, Delta ratio: 0,5000, Drift: 2,000, Error reduction coefficient: 0,000, Error: 0,0000 s
abr 04, 2013 12:33:11 PM org.ros.time.RemoteUptimeClock update
INFO: Latency: 31,0000 s, Delta ratio: 0,5000, Drift: 2,000, Error reduction coefficient: 0,000, Error: 0,0000 s
abr 04, 2013 12:33:11 PM org.ros.time.RemoteUptimeClock update
INFO: Latency: 31,0000 s, Delta ratio: 0,5000, Drift: 2,000, Error reduction coefficient: 0,000, Error: 0,0000 s
abr 04, 2013 12:33:11 PM org.ros.time.RemoteUptimeClock update
INFO: Latency: 31,0000 s, Delta ratio: 0,5000, Drift: 2,000, Error reduction coefficient: 0,000, Error: 0,0000 s
abr 04, 2013 12:33:11 PM org.ros.time.RemoteUptimeClock update
INFO: Latency: 31,0000 s, Delta ratio: 0,5000, Drift: 2,000, Error reduction coefficient: 0,000, Error: 0,0000 s
abr 04, 2013 12:33:11 PM org.ros.time.RemoteUptimeClock update
INFO: Latency: 31,0000 s, Delta ratio: 0,5000, Drift: 2,000, Error reduction coefficient: 0,000, Error: 0,0000 s
abr 04, 2013 12:33:11 PM org.ros.time.RemoteUptimeClock update
INFO: Latency: 31,0000 s, Delta ratio: 0,5000, Drift: 2,000, Error reduction coefficient: 0,000, Error: 0,0000 s
abr 04, 2013 12:33:11 PM org.ros.time.RemoteUptimeClock update
INFO: Latency: 31,0000 s, Delta ratio: 0,5000, Drift: 2,000, Error reduction coefficient: 0,000, Error: 0,0000 s
abr 04, 2013 12:33:11 PM org.ros.time.RemoteUptimeClock update
INFO: Latency: 31,0000 s, Delta ratio: 0,5000, Drift: 2,000, Error reduction coefficient: 0,000, Error: 0,0000 s
abr 04, 2013 12:33:11 PM org.ros.time.RemoteUptimeClock update
INFO: Latency: 31,0000 s, Delta ratio: 0,5000, Drift: 2,000, Error reduction coefficient: 0,000, Error: 0,0000 s
abr 04, 2013 12:33:11 PM org.ros.time.RemoteUptimeClock update
INFO: Latency: 31,0000 s, Delta ratio: 0,5000, Drift: 2,000, Error reduction coefficient: 0,000, Error: 0,0000 s
abr 04, 2013 12:33:11 PM org.ros.time.RemoteUptimeClock update
INFO: Latency: 31,0000 s, Delta ratio: 0,5000, Drift: 2,000, Error reduction coefficient: 0,000, Error: 0,0000 s
abr 04, 2013 12:33:11 PM org.ros.time.RemoteUptimeClock update
INFO: Latency: 31,0000 s, Delta ratio: 0,5000, Drift: 2,000, Error reduction coefficient: 0,000, Error: 0,0000 s
abr 04, 2013 12:33:11 PM org.ros.time.RemoteUptimeClock update
INFO: Latency: 31,0000 s, Delta ratio: 0,5000, Drift: 2,000, Error reduction coefficient: 0,000, Error: 0,0000 s
abr 04, 2013 12:33:11 PM org.ros.time.RemoteUptimeClock update
INFO: Latency: 31,0000 s, Delta ratio: 0,5000, Drift: 2,000, Error reduction coefficient: 0,000, Error: 0,0000 s
abr 04, 2013 12:33:11 PM org.ros.time.RemoteUptimeClock update
INFO: Latency: 31,0000 s, Delta ratio: 0,5000, Drift: 2,000, Error reduction coefficient: 0,000, Error: 0,0000 s
abr 04, 2013 12:33:11 PM org.ros.time.RemoteUptimeClock update
INFO: Latency: 31,0000 s, Delta ratio: 0,5000, Drift: 2,000, Error reduction coefficient: 0,000, Error: 0,0000 s
abr 04, 2013 12:33:11 PM org.ros.time.RemoteUptimeClock update
INFO: Latency: 31,0000 s, Delta ratio: 0,5000, Drift: 2,000, Error reduction coefficient: 0,000, Error: 0,0000 s
abr 04, 2013 12:33:11 PM org.ros.time.RemoteUptimeClock update
INFO: Latency: 31,0000 s, Delta ratio: 0,5000, Drift: 2,000, Error reduction coefficient: 0,000, Error: 0,0000 s
abr 04, 2013 12:33:11 PM org.ros.time.RemoteUptimeClock update
INFO: Latency: 31,0000 s, Delta ratio: 0,5000, Drift: 2,000, Error reduction coefficient: 0,000, Error: 0,0000 s
abr 04, 2013 12:33:11 PM org.ros.time.RemoteUptimeClock update
INFO: Latency: 31,0000 s, Delta ratio: 0,5000, Drift: 2,000, Error reduction coefficient: 0,000, Error: 0,0000 s
abr 04, 2013 12:33:11 PM org.ros.time.RemoteUptimeClock update
INFO: Latency: 31,0000 s, Delta ratio: 0,5000, Drift: 2,000, Error reduction coefficient: 0,000, Error: 0,0000 s
abr 04, 2013 12:33:11 PM org.ros.time.RemoteUptimeClock update
INFO: Latency: 31,0000 s, Delta ratio: 0,5000, Drift: 2,000, Error reduction coefficient: 0,000, Error: 0,0000 s
abr 04, 2013 12:33:11 PM org.ros.time.RemoteUptimeClock update
INFO: Latency: 31,0000 s, Delta ratio: 0,5000, Drift: 2,000, Error reduction coefficient: 0,000, Error: 0,0000 s
abr 04, 2013 12:33:11 PM org.ros.time.RemoteUptimeClock update
INFO: Latency: 31,0000 s, Delta ratio: 0,5000, Drift: 2,000, Error reduction coefficient: 0,000, Error: 0,0000 s
abr 04, 2013 12:33:11 PM org.ros.time.RemoteUptimeClock update
INFO: Latency: 31,0000 s, Delta ratio: 0,5000, Drift: 2,000, Error reduction coefficient: 0,000, Error: 0,0000 s
abr 04, 2013 12:33:11 PM org.ros.time.RemoteUptimeClock update
INFO: Latency: 31,0000 s, Delta ratio: 0,5000, Drift: 2,000, Error reduction coefficient: 0,000, Error: 0,0000 s
abr 04, 2013 12:33:11 PM org.ros.time.RemoteUptimeClock update
INFO: Latency: 31,0000 s, Delta ratio: 0,5000, Drift: 2,000, Error reduction coefficient: 0,000, Error: 0,0000 s
abr 04, 2013 12:33:11 PM org.ros.time.RemoteUptimeClock update
INFO: Latency: 31,0000 s, Delta ratio: 0,5000, Drift: 2,000, Error reduction coefficient: 0,000, Error: 0,0000 s
abr 04, 2013 12:33:11 PM org.ros.time.RemoteUptimeClock update
INFO: Latency: 31,0000 s, Delta ratio: 0,5000, Drift: 2,000, Error reduction coefficient: 0,000, Error: 0,0000 s
abr 04, 2013 12:33:11 PM org.ros.time.RemoteUptimeClock update
INFO: Latency: 31,0000 s, Delta ratio: 0,5000, Drift: 2,000, Error reduction coefficient: 0,000, Error: 0,0000 s
abr 04, 2013 12:33:11 PM org.ros.time.RemoteUptimeClock update
INFO: Latency: 31,0000 s, Delta ratio: 0,5000, Drift: 2,000, Error reduction coefficient: 0,000, Error: 0,0000 s
abr 04, 2013 12:33:11 PM org.ros.time.RemoteUptimeClock update
INFO: Latency: 31,0000 s, Delta ratio: 0,5000, Drift: 2,000, Error reduction coefficient: 0,000, Error: 0,0000 s
abr 04, 2013 12:33:11 PM org.ros.time.RemoteUptimeClock update
INFO: Latency: 31,0000 s, Delta ratio: 0,5000, Drift: 2,000, Error reduction coefficient: 0,000, Error: 0,0000 s
abr 04, 2013 12:33:11 PM org.ros.time.RemoteUptimeClock update
INFO: Latency: 31,0000 s, Delta ratio: 0,5000, Drift: 2,000, Error reduction coefficient: 0,000, Error: 0,0000 s
abr 04, 2013 12:33:11 PM org.ros.time.RemoteUptimeClock update
INFO: Latency: 31,0000 s, Delta ratio: 0,5000, Drift: 2,000, Error reduction coefficient: 0,000, Error: 0,0000 s
abr 04, 2013 12:33:11 PM org.ros.time.RemoteUptimeClock update
INFO: Latency: 31,0000 s, Delta ratio: 0,5000, Drift: 2,000, Error reduction coefficient: 0,000, Error: 0,0000 s
abr 04, 2013 12:33:11 PM org.ros.time.RemoteUptimeClock update
INFO: Latency: 31,0000 s, Delta ratio: 0,5000, Drift: 2,000, Error reduction coefficient: 0,000, Error: 0,0000 s
abr 04, 2013 12:33:11 PM org.ros.time.RemoteUptimeClock update
INFO: Latency: 31,0000 s, Delta ratio: 0,5000, Drift: 2,000, Error reduction coefficient: 0,000, Error: 0,0000 s
abr 04, 2013 12:33:11 PM org.ros.time.RemoteUptimeClock update
INFO: Latency: 31,0000 s, Delta ratio: 0,5000, Drift: 2,000, Error reduction coefficient: 0,000, Error: 0,0000 s
abr 04, 2013 12:33:11 PM org.ros.time.RemoteUptimeClock update
INFO: Latency: 31,0000 s, Delta ratio: 0,5000, Drift: 2,000, Error reduction coefficient: 0,000, Error: 0,0000 s
abr 04, 2013 12:33:11 PM org.ros.time.RemoteUptimeClock update
INFO: Latency: 31,0000 s, Delta ratio: 0,5000, Drift: 2,000, Error reduction coefficient: 0,000, Error: 0,0000 s
abr 04, 2013 12:33:11 PM org.ros.time.RemoteUptimeClock update
INFO: Latency: 31,0000 s, Delta ratio: 0,5000, Drift: 2,000, Error reduction coefficient: 0,000, Error: 0,0000 s
abr 04, 2013 12:33:11 PM org.ros.time.RemoteUptimeClock update
INFO: Latency: 31,0000 s, Delta ratio: 0,5000, Drift: 2,000, Error reduction coefficient: 0,000, Error: 0,0000 s
abr 04, 2013 12:33:11 PM org.ros.time.RemoteUptimeClock update
INFO: Latency: 31,0000 s, Delta ratio: 0,5000, Drift: 2,000, Error reduction coefficient: 0,000, Error: 0,0000 s
abr 04, 2013 12:33:11 PM org.ros.time.RemoteUptimeClock update
INFO: Latency: 31,0000 s, Delta ratio: 0,5000, Drift: 2,000, Error reduction coefficient: 0,000, Error: 0,0000 s
abr 04, 2013 12:33:11 PM org.ros.time.RemoteUptimeClock update
INFO: Latency: 31,0000 s, Delta ratio: 0,5000, Drift: 2,000, Error reduction coefficient: 0,000, Error: 0,0000 s
abr 04, 2013 12:33:11 PM org.ros.time.RemoteUptimeClock update
INFO: Latency: 31,0000 s, Delta ratio: 0,5000, Drift: 2,000, Error reduction coefficient: 0,000, Error: 0,0000 s
abr 04, 2013 12:33:11 PM org.ros.time.RemoteUptimeClock update
INFO: Latency: 31,0000 s, Delta ratio: 0,5000, Drift: 2,000, Error reduction coefficient: 0,000, Error: 0,0000 s
abr 04, 2013 12:33:11 PM org.ros.time.RemoteUptimeClock update
INFO: Latency: 31,0000 s, Delta ratio: 0,5000, Drift: 2,000, Error reduction coefficient: 0,000, Error: 0,0000 s
abr 04, 2013 12:33:11 PM org.ros.time.RemoteUptimeClock update
INFO: Latency: 31,0000 s, Delta ratio: 0,5000, Drift: 2,000, Error reduction coefficient: 0,000, Error: 0,0000 s
abr 04, 2013 12:33:11 PM org.ros.time.RemoteUptimeClock update
INFO: Latency: 31,0000 s, Delta ratio: 0,5000, Drift: 2,000, Error reduction coefficient: 0,000, Error: 0,0000 s
abr 04, 2013 12:33:11 PM org.ros.time.RemoteUptimeClock update
INFO: Latency: 31,0000 s, Delta ratio: 0,5000, Drift: 2,000, Error reduction coefficient: 0,000, Error: 0,0000 s
abr 04, 2013 12:33:11 PM org.ros.time.RemoteUptimeClock update
INFO: Latency: 31,0000 s, Delta ratio: 0,5000, Drift: 2,000, Error reduction coefficient: 0,000, Error: 0,0000 s
abr 04, 2013 12:33:11 PM org.ros.time.RemoteUptimeClock update
INFO: Latency: 31,0000 s, Delta ratio: 0,5000, Drift: 2,000, Error reduction coefficient: 0,000, Error: 0,0000 s
abr 04, 2013 12:33:11 PM org.ros.time.RemoteUptimeClock update
INFO: Latency: 31,0000 s, Delta ratio: 0,5000, Drift: 2,000, Error reduction coefficient: 0,000, Error: 0,0000 s
abr 04, 2013 12:33:11 PM org.ros.time.RemoteUptimeClock update
INFO: Latency: 31,0000 s, Delta ratio: 0,5000, Drift: 2,000, Error reduction coefficient: 0,000, Error: 0,0000 s
abr 04, 2013 12:33:11 PM org.ros.time.RemoteUptimeClock update
INFO: Latency: 31,0000 s, Delta ratio: 0,5000, Drift: 2,000, Error reduction coefficient: 0,000, Error: 0,0000 s
abr 04, 2013 12:33:11 PM org.ros.time.RemoteUptimeClock update
INFO: Latency: 31,0000 s, Delta ratio: 0,5000, Drift: 2,000, Error reduction coefficient: 0,000, Error: 0,0000 s
abr 04, 2013 12:33:11 PM org.ros.time.RemoteUptimeClock update
INFO: Latency: 31,0000 s, Delta ratio: 0,5000, Drift: 2,000, Error reduction coefficient: 0,000, Error: 0,0000 s
abr 04, 2013 12:33:11 PM org.ros.time.RemoteUptimeClock update
INFO: Latency: 31,0000 s, Delta ratio: 0,5000, Drift: 2,000, Error reduction coefficient: 0,000, Error: 0,0000 s
abr 04, 2013 12:33:11 PM org.ros.time.RemoteUptimeClock update
INFO: Latency: 31,0000 s, Delta ratio: 0,5000, Drift: 2,000, Error reduction coefficient: 0,000, Error: 0,0000 s
abr 04, 2013 12:33:11 PM org.ros.time.RemoteUptimeClock update
INFO: Latency: 31,0000 s, Delta ratio: 0,5000, Drift: 2,000, Error reduction coefficient: 0,000, Error: 0,0000 s
abr 04, 2013 12:33:11 PM org.ros.time.RemoteUptimeClock update
INFO: Latency: 31,0000 s, Delta ratio: 0,5000, Drift: 2,000, Error reduction coefficient: 0,000, Error: 0,0000 s
abr 04, 2013 12:33:11 PM org.ros.time.RemoteUptimeClock update
INFO: Latency: 31,0000 s, Delta ratio: 0,5000, Drift: 2,000, Error reduction coefficient: 0,000, Error: 0,0000 s
abr 04, 2013 12:33:11 PM org.ros.time.RemoteUptimeClock update
INFO: Latency: 31,0000 s, Delta ratio: 0,5000, Drift: 2,000, Error reduction coefficient: 0,000, Error: 0,0000 s
abr 04, 2013 12:33:11 PM org.ros.time.RemoteUptimeClock update
INFO: Latency: 31,0000 s, Delta ratio: 0,5000, Drift: 2,000, Error reduction coefficient: 0,000, Error: 0,0000 s
abr 04, 2013 12:33:11 PM org.ros.time.RemoteUptimeClock update
INFO: Latency: 31,0000 s, Delta ratio: 0,5000, Drift: 2,000, Error reduction coefficient: 0,000, Error: 0,0000 s
abr 04, 2013 12:33:11 PM org.ros.time.RemoteUptimeClock update
INFO: Latency: 31,0000 s, Delta ratio: 0,5000, Drift: 2,000, Error reduction coefficient: 0,000, Error: 0,0000 s
abr 04, 2013 12:33:11 PM org.ros.time.RemoteUptimeClock update
INFO: Latency: 31,0000 s, Delta ratio: 0,5000, Drift: 2,000, Error reduction coefficient: 0,000, Error: 0,0000 s
abr 04, 2013 12:33:11 PM org.ros.time.RemoteUptimeClock update
INFO: Latency: 31,0000 s, Delta ratio: 0,5000, Drift: 2,000, Error reduction coefficient: 0,000, Error: 0,0000 s
abr 04, 2013 12:33:11 PM org.ros.time.RemoteUptimeClock update
INFO: Latency: 31,0000 s, Delta ratio: 0,5000, Drift: 2,000, Error reduction coefficient: 0,000, Error: 0,0000 s
abr 04, 2013 12:33:11 PM org.ros.time.RemoteUptimeClock update
INFO: Latency: 31,0000 s, Delta ratio: 0,5000, Drift: 2,000, Error reduction coefficient: 0,000, Error: 0,0000 s
abr 04, 2013 12:33:11 PM org.ros.time.RemoteUptimeClock update
INFO: Latency: 31,0000 s, Delta ratio: 0,5000, Drift: 2,000, Error reduction coefficient: 0,000, Error: 0,0000 s
abr 04, 2013 12:33:11 PM org.ros.time.RemoteUptimeClock update
INFO: Latency: 31,0000 s, Delta ratio: 0,5000, Drift: 2,000, Error reduction coefficient: 0,000, Error: 0,0000 s
abr 04, 2013 12:33:11 PM org.ros.time.RemoteUptimeClock update
INFO: Latency: 31,0000 s, Delta ratio: 0,5000, Drift: 2,000, Error reduction coefficient: 0,000, Error: 0,0000 s
abr 04, 2013 12:33:11 PM org.ros.time.RemoteUptimeClock update
INFO: Latency: 31,0000 s, Delta ratio: 0,5000, Drift: 2,000, Error reduction coefficient: 0,000, Error: 0,0000 s
abr 04, 2013 12:33:11 PM org.ros.time.RemoteUptimeClock update
INFO: Latency: 31,0000 s, Delta ratio: 0,5000, Drift: 2,000, Error reduction coefficient: 0,000, Error: 0,0000 s
abr 04, 2013 12:33:11 PM org.ros.time.RemoteUptimeClock update
INFO: Latency: 31,0000 s, Delta ratio: 0,5000, Drift: 2,000, Error reduction coefficient: 0,000, Error: 0,0000 s
abr 04, 2013 12:33:11 PM org.ros.time.RemoteUptimeClock update
INFO: Latency: 31,0000 s, Delta ratio: 0,5000, Drift: 2,000, Error reduction coefficient: 0,000, Error: 0,0000 s
abr 04, 2013 12:33:11 PM org.ros.time.RemoteUptimeClock update
INFO: Latency: 31,0000 s, Delta ratio: 0,5000, Drift: 2,000, Error reduction coefficient: 0,000, Error: 0,0000 s
abr 04, 2013 12:33:11 PM org.ros.time.RemoteUptimeClock update
INFO: Latency: 31,0000 s, Delta ratio: 0,5000, Drift: 2,000, Error reduction coefficient: 0,000, Error: 0,0000 s
abr 04, 2013 12:33:11 PM org.ros.time.RemoteUptimeClock update
INFO: Latency: 31,0000 s, Delta ratio: 0,5000, Drift: 2,000, Error reduction coefficient: 0,000, Error: 0,0000 s
abr 04, 2013 12:33:11 PM org.ros.time.RemoteUptimeClock update
INFO: Latency: 31,0000 s, Delta ratio: 0,5000, Drift: 2,000, Error reduction coefficient: 0,000, Error: 0,0000 s
abr 04, 2013 12:33:11 PM org.ros.time.RemoteUptimeClock update
INFO: Latency: 31,0000 s, Delta ratio: 0,5000, Drift: 2,000, Error reduction coefficient: 0,000, Error: 0,0000 s
abr 04, 2013 12:33:11 PM org.ros.time.RemoteUptimeClock update
INFO: Latency: 31,0000 s, Delta ratio: 0,5000, Drift: 2,000, Error reduction coefficient: 0,000, Error: 0,0000 s
abr 04, 2013 12:33:11 PM org.ros.time.RemoteUptimeClock update
INFO: Latency: 31,0000 s, Delta ratio: 0,5000, Drift: 2,000, Error reduction coefficient: 0,000, Error: 0,0000 s
abr 04, 2013 12:33:11 PM org.ros.time.RemoteUptimeClock update
INFO: Latency: 31,0000 s, Delta ratio: 0,5000, Drift: 2,000, Error reduction coefficient: 0,000, Error: 0,0000 s
abr 04, 2013 12:33:11 PM org.ros.time.RemoteUptimeClock update
INFO: Latency: 31,0000 s, Delta ratio: 0,5000, Drift: 2,000, Error reduction coefficient: 0,000, Error: 0,0000 s
abr 04, 2013 12:33:11 PM org.ros.time.RemoteUptimeClock update
INFO: Latency: 31,0000 s, Delta ratio: 0,5000, Drift: 2,000, Error reduction coefficient: 0,000, Error: 0,0000 s
abr 04, 2013 12:33:11 PM org.ros.time.RemoteUptimeClock update
INFO: Latency: 31,0000 s, Delta ratio: 0,5000, Drift: 2,000, Error reduction coefficient: 0,000, Error: 0,0000 s
abr 04, 2013 12:33:11 PM org.ros.time.RemoteUptimeClock update
INFO: Latency: 31,0000 s, Delta ratio: 0,5000, Drift: 2,000, Error reduction coefficient: 0,000, Error: 0,0000 s
abr 04, 2013 12:33:11 PM org.ros.time.RemoteUptimeClock update
INFO: Latency: 31,0000 s, Delta ratio: 0,5000, Drift: 2,000, Error reduction coefficient: 0,000, Error: 0,0000 s
abr 04, 2013 12:33:11 PM org.ros.time.RemoteUptimeClock update
INFO: Latency: 31,0000 s, Delta ratio: 0,5000, Drift: 2,000, Error reduction coefficient: 0,000, Error: 0,0000 s
abr 04, 2013 12:33:11 PM org.ros.time.RemoteUptimeClock update
INFO: Latency: 31,0000 s, Delta ratio: 0,5000, Drift: 2,000, Error reduction coefficient: 0,000, Error: 0,0000 s
abr 04, 2013 12:33:11 PM org.ros.time.RemoteUptimeClock update
INFO: Latency: 31,0000 s, Delta ratio: 0,5000, Drift: 2,000, Error reduction coefficient: 0,000, Error: 0,0000 s
abr 04, 2013 12:33:11 PM org.ros.time.RemoteUptimeClock update
INFO: Latency: 31,0000 s, Delta ratio: 0,5000, Drift: 2,000, Error reduction coefficient: 0,000, Error: 0,0000 s
abr 04, 2013 12:33:11 PM org.ros.time.RemoteUptimeClock update
INFO: Latency: 31,0000 s, Delta ratio: 0,5000, Drift: 2,000, Error reduction coefficient: 0,000, Error: 0,0000 s
abr 04, 2013 12:33:11 PM org.ros.time.RemoteUptimeClock update
INFO: Latency: 31,0000 s, Delta ratio: 0,5000, Drift: 2,000, Error reduction coefficient: 0,000, Error: 0,0000 s
abr 04, 2013 12:33:11 PM org.ros.time.RemoteUptimeClock update
INFO: Latency: 31,0000 s, Delta ratio: 0,5000, Drift: 2,000, Error reduction coefficient: 0,000, Error: 0,0000 s
abr 04, 2013 12:33:11 PM org.ros.time.RemoteUptimeClock update
INFO: Latency: 31,0000 s, Delta ratio: 0,5000, Drift: 2,000, Error reduction coefficient: 0,000, Error: 0,0000 s
abr 04, 2013 12:33:11 PM org.ros.time.RemoteUptimeClock update
INFO: Latency: 31,0000 s, Delta ratio: 0,5000, Drift: 2,000, Error reduction coefficient: 0,000, Error: 0,0000 s
abr 04, 2013 12:33:11 PM org.ros.time.RemoteUptimeClock update
INFO: Latency: 31,0000 s, Delta ratio: 0,5000, Drift: 2,000, Error reduction coefficient: 0,000, Error: 0,0000 s
abr 04, 2013 12:33:11 PM org.ros.time.RemoteUptimeClock update
INFO: Latency: 31,0000 s, Delta ratio: 0,5000, Drift: 2,000, Error reduction coefficient: 0,000, Error: 0,0000 s
abr 04, 2013 12:33:11 PM org.ros.time.RemoteUptimeClock update
INFO: Latency: 31,0000 s, Delta ratio: 0,5000, Drift: 2,000, Error reduction coefficient: 0,000, Error: 0,0000 s
abr 04, 2013 12:33:11 PM org.ros.time.RemoteUptimeClock update
INFO: Latency: 31,0000 s, Delta ratio: 0,5000, Drift: 2,000, Error reduction coefficient: 0,000, Error: 0,0000 s
abr 04, 2013 12:33:11 PM org.ros.time.RemoteUptimeClock update
INFO: Latency: 31,0000 s, Delta ratio: 0,5000, Drift: 2,000, Error reduction coefficient: 0,000, Error: 0,0000 s
abr 04, 2013 12:33:11 PM org.ros.time.RemoteUptimeClock update
INFO: Latency: 31,0000 s, Delta ratio: 0,5000, Drift: 2,000, Error reduction coefficient: 0,000, Error: 0,0000 s
abr 04, 2013 12:33:11 PM org.ros.time.RemoteUptimeClock update
INFO: Latency: 31,0000 s, Delta ratio: 0,5000, Drift: 2,000, Error reduction coefficient: 0,000, Error: 0,0000 s
abr 04, 2013 12:33:11 PM org.ros.time.RemoteUptimeClock update
INFO: Latency: 31,0000 s, Delta ratio: 0,5000, Drift: 2,000, Error reduction coefficient: 0,000, Error: 0,0000 s
abr 04, 2013 12:33:11 PM org.ros.time.RemoteUptimeClock update
INFO: Latency: 31,0000 s, Delta ratio: 0,5000, Drift: 2,000, Error reduction coefficient: 0,000, Error: 0,0000 s
abr 04, 2013 12:33:11 PM org.ros.time.RemoteUptimeClock update
INFO: Latency: 31,0000 s, Delta ratio: 0,5000, Drift: 2,000, Error reduction coefficient: 0,000, Error: 0,0000 s
abr 04, 2013 12:33:11 PM org.ros.time.RemoteUptimeClock update
INFO: Latency: 31,0000 s, Delta ratio: 0,5000, Drift: 2,000, Error reduction coefficient: 0,000, Error: 0,0000 s
abr 04, 2013 12:33:11 PM org.ros.time.RemoteUptimeClock update
INFO: Latency: 31,0000 s, Delta ratio: 0,5000, Drift: 2,000, Error reduction coefficient: 0,000, Error: 0,0000 s
abr 04, 2013 12:33:11 PM org.ros.time.RemoteUptimeClock update
INFO: Latency: 31,0000 s, Delta ratio: 0,5000, Drift: 2,000, Error reduction coefficient: 0,000, Error: 0,0000 s
abr 04, 2013 12:33:11 PM org.ros.time.RemoteUptimeClock update
INFO: Latency: 31,0000 s, Delta ratio: 0,5000, Drift: 2,000, Error reduction coefficient: 0,000, Error: 0,0000 s
abr 04, 2013 12:33:11 PM org.ros.time.RemoteUptimeClock update
INFO: Latency: 31,0000 s, Delta ratio: 0,5000, Drift: 2,000, Error reduction coefficient: 0,000, Error: 0,0000 s
abr 04, 2013 12:33:11 PM org.ros.time.RemoteUptimeClock update
INFO: Latency: 31,0000 s, Delta ratio: 0,5000, Drift: 2,000, Error reduction coefficient: 0,000, Error: 0,0000 s
abr 04, 2013 12:33:11 PM org.ros.time.RemoteUptimeClock update
INFO: Latency: 31,0000 s, Delta ratio: 0,5000, Drift: 2,000, Error reduction coefficient: 0,000, Error: 0,0000 s
abr 04, 2013 12:33:11 PM org.ros.time.RemoteUptimeClock update
INFO: Latency: 31,0000 s, Delta ratio: 0,5000, Drift: 2,000, Error reduction coefficient: 0,000, Error: 0,0000 s
abr 04, 2013 12:33:11 PM org.ros.time.RemoteUptimeClock update
INFO: Latency: 31,0000 s, Delta ratio: 0,5000, Drift: 2,000, Error reduction coefficient: 0,000, Error: 0,0000 s
abr 04, 2013 12:33:11 PM org.ros.time.RemoteUptimeClock update
INFO: Latency: 31,0000 s, Delta ratio: 0,5000, Drift: 2,000, Error reduction coefficient: 0,000, Error: 0,0000 s
abr 04, 2013 12:33:11 PM org.ros.time.RemoteUptimeClock update
INFO: Latency: 31,0000 s, Delta ratio: 0,5000, Drift: 2,000, Error reduction coefficient: 0,000, Error: 0,0000 s
abr 04, 2013 12:33:11 PM org.ros.time.RemoteUptimeClock update
INFO: Latency: 31,0000 s, Delta ratio: 0,5000, Drift: 2,000, Error reduction coefficient: 0,000, Error: 0,0000 s
abr 04, 2013 12:33:11 PM org.ros.time.RemoteUptimeClock update
INFO: Latency: 31,0000 s, Delta ratio: 0,5000, Drift: 2,000, Error reduction coefficient: 0,000, Error: 0,0000 s
abr 04, 2013 12:33:11 PM org.ros.time.RemoteUptimeClock update
INFO: Latency: 31,0000 s, Delta ratio: 0,5000, Drift: 2,000, Error reduction coefficient: 0,000, Error: 0,0000 s
abr 04, 2013 12:33:11 PM org.ros.time.RemoteUptimeClock update
INFO: Latency: 31,0000 s, Delta ratio: 0,5000, Drift: 2,000, Error reduction coefficient: 0,000, Error: 0,0000 s
abr 04, 2013 12:33:11 PM org.ros.time.RemoteUptimeClock update
INFO: Latency: 31,0000 s, Delta ratio: 0,5000, Drift: 2,000, Error reduction coefficient: 0,000, Error: 0,0000 s
abr 04, 2013 12:33:11 PM org.ros.time.RemoteUptimeClock update
INFO: Latency: 31,0000 s, Delta ratio: 0,5000, Drift: 2,000, Error reduction coefficient: 0,000, Error: 0,0000 s
abr 04, 2013 12:33:11 PM org.ros.time.RemoteUptimeClock update
INFO: Latency: 31,0000 s, Delta ratio: 0,5000, Drift: 2,000, Error reduction coefficient: 0,000, Error: 0,0000 s
abr 04, 2013 12:33:11 PM org.ros.time.RemoteUptimeClock update
INFO: Latency: 31,0000 s, Delta ratio: 0,5000, Drift: 2,000, Error reduction coefficient: 0,000, Error: 0,0000 s
abr 04, 2013 12:33:11 PM org.ros.time.RemoteUptimeClock update
INFO: Latency: 31,0000 s, Delta ratio: 0,5000, Drift: 2,000, Error reduction coefficient: 0,000, Error: 0,0000 s
abr 04, 2013 12:33:11 PM org.ros.time.RemoteUptimeClock update
INFO: Latency: 31,0000 s, Delta ratio: 0,5000, Drift: 2,000, Error reduction coefficient: 0,000, Error: 0,0000 s
abr 04, 2013 12:33:11 PM org.ros.time.RemoteUptimeClock update
INFO: Latency: 31,0000 s, Delta ratio: 0,5000, Drift: 2,000, Error reduction coefficient: 0,000, Error: 0,0000 s
abr 04, 2013 12:33:11 PM org.ros.time.RemoteUptimeClock update
INFO: Latency: 31,0000 s, Delta ratio: 0,5000, Drift: 2,000, Error reduction coefficient: 0,000, Error: 0,0000 s
abr 04, 2013 12:33:11 PM org.ros.time.RemoteUptimeClock update
INFO: Latency: 31,0000 s, Delta ratio: 0,5000, Drift: 2,000, Error reduction coefficient: 0,000, Error: 0,0000 s
abr 04, 2013 12:33:11 PM org.ros.time.RemoteUptimeClock update
INFO: Latency: 31,0000 s, Delta ratio: 0,5000, Drift: 2,000, Error reduction coefficient: 0,000, Error: 0,0000 s
abr 04, 2013 12:33:11 PM org.ros.time.RemoteUptimeClock update
INFO: Latency: 31,0000 s, Delta ratio: 0,5000, Drift: 2,000, Error reduction coefficient: 0,000, Error: 0,0000 s
abr 04, 2013 12:33:11 PM org.ros.time.RemoteUptimeClock update
INFO: Latency: 31,0000 s, Delta ratio: 0,5000, Drift: 2,000, Error reduction coefficient: 0,000, Error: 0,0000 s
abr 04, 2013 12:33:11 PM org.ros.time.RemoteUptimeClock update
INFO: Latency: 31,0000 s, Delta ratio: 0,5000, Drift: 2,000, Error reduction coefficient: 0,000, Error: 0,0000 s
abr 04, 2013 12:33:11 PM org.ros.time.RemoteUptimeClock update
INFO: Latency: 31,0000 s, Delta ratio: 0,5000, Drift: 2,000, Error reduction coefficient: 0,000, Error: 0,0000 s
abr 04, 2013 12:33:11 PM org.ros.time.RemoteUptimeClock update
INFO: Latency: 31,0000 s, Delta ratio: 0,5000, Drift: 2,000, Error reduction coefficient: 0,000, Error: 0,0000 s
abr 04, 2013 12:33:11 PM org.ros.time.RemoteUptimeClock update
INFO: Latency: 31,0000 s, Delta ratio: 0,5000, Drift: 2,000, Error reduction coefficient: 0,000, Error: 0,0000 s
abr 04, 2013 12:33:11 PM org.ros.time.RemoteUptimeClock update
INFO: Latency: 31,0000 s, Delta ratio: 0,5000, Drift: 2,000, Error reduction coefficient: 0,000, Error: 0,0000 s
abr 04, 2013 12:33:11 PM org.ros.time.RemoteUptimeClock update
INFO: Latency: 31,0000 s, Delta ratio: 0,5000, Drift: 2,000, Error reduction coefficient: 0,000, Error: 0,0000 s
abr 04, 2013 12:33:11 PM org.ros.time.RemoteUptimeClock update
INFO: Latency: 31,0000 s, Delta ratio: 0,5000, Drift: 2,000, Error reduction coefficient: 0,000, Error: 0,0000 s
abr 04, 2013 12:33:11 PM org.ros.time.RemoteUptimeClock update
INFO: Latency: 31,0000 s, Delta ratio: 0,5000, Drift: 2,000, Error reduction coefficient: 0,000, Error: 0,0000 s
abr 04, 2013 12:33:11 PM org.ros.time.RemoteUptimeClock update
INFO: Latency: 31,0000 s, Delta ratio: 0,5000, Drift: 2,000, Error reduction coefficient: 0,000, Error: 0,0000 s
abr 04, 2013 12:33:11 PM org.ros.time.RemoteUptimeClock update
INFO: Latency: 31,0000 s, Delta ratio: 0,5000, Drift: 2,000, Error reduction coefficient: 0,000, Error: 0,0000 s
abr 04, 2013 12:33:11 PM org.ros.time.RemoteUptimeClock update
INFO: Latency: 31,0000 s, Delta ratio: 0,5000, Drift: 2,000, Error reduction coefficient: 0,000, Error: 0,0000 s
abr 04, 2013 12:33:11 PM org.ros.time.RemoteUptimeClock update
INFO: Latency: 31,0000 s, Delta ratio: 0,5000, Drift: 2,000, Error reduction coefficient: 0,000, Error: 0,0000 s
abr 04, 2013 12:33:11 PM org.ros.time.RemoteUptimeClock update
INFO: Latency: 31,0000 s, Delta ratio: 0,5000, Drift: 2,000, Error reduction coefficient: 0,000, Error: 0,0000 s
abr 04, 2013 12:33:11 PM org.ros.time.RemoteUptimeClock update
INFO: Latency: 31,0000 s, Delta ratio: 0,5000, Drift: 2,000, Error reduction coefficient: 0,000, Error: 0,0000 s
abr 04, 2013 12:33:11 PM org.ros.time.RemoteUptimeClock update
INFO: Latency: 31,0000 s, Delta ratio: 0,5000, Drift: 2,000, Error reduction coefficient: 0,000, Error: 0,0000 s
abr 04, 2013 12:33:11 PM org.ros.time.RemoteUptimeClock update
INFO: Latency: 31,0000 s, Delta ratio: 0,5000, Drift: 2,000, Error reduction coefficient: 0,000, Error: 0,0000 s
abr 04, 2013 12:33:11 PM org.ros.time.RemoteUptimeClock update
INFO: Latency: 31,0000 s, Delta ratio: 0,5000, Drift: 2,000, Error reduction coefficient: 0,000, Error: 0,0000 s
abr 04, 2013 12:33:11 PM org.ros.time.RemoteUptimeClock update
INFO: Latency: 31,0000 s, Delta ratio: 0,5000, Drift: 2,000, Error reduction coefficient: 0,000, Error: 0,0000 s
abr 04, 2013 12:33:11 PM org.ros.time.RemoteUptimeClock update
INFO: Latency: 31,0000 s, Delta ratio: 0,5000, Drift: 2,000, Error reduction coefficient: 0,000, Error: 0,0000 s
abr 04, 2013 12:33:11 PM org.ros.time.RemoteUptimeClock update
INFO: Latency: 31,0000 s, Delta ratio: 0,5000, Drift: 2,000, Error reduction coefficient: 0,000, Error: 0,0000 s
abr 04, 2013 12:33:11 PM org.ros.time.RemoteUptimeClock update
INFO: Latency: 31,0000 s, Delta ratio: 0,5000, Drift: 2,000, Error reduction coefficient: 0,000, Error: 0,0000 s
abr 04, 2013 12:33:11 PM org.ros.time.RemoteUptimeClock update
INFO: Latency: 31,0000 s, Delta ratio: 0,5000, Drift: 2,000, Error reduction coefficient: 0,000, Error: 0,0000 s
abr 04, 2013 12:33:11 PM org.ros.time.RemoteUptimeClock update
INFO: Latency: 31,0000 s, Delta ratio: 0,5000, Drift: 2,000, Error reduction coefficient: 0,000, Error: 0,0000 s
abr 04, 2013 12:33:11 PM org.ros.time.RemoteUptimeClock update
INFO: Latency: 31,0000 s, Delta ratio: 0,5000, Drift: 2,000, Error reduction coefficient: 0,000, Error: 0,0000 s
abr 04, 2013 12:33:11 PM org.ros.time.RemoteUptimeClock update
INFO: Latency: 31,0000 s, Delta ratio: 0,5000, Drift: 2,000, Error reduction coefficient: 0,000, Error: 0,0000 s
abr 04, 2013 12:33:11 PM org.ros.time.RemoteUptimeClock update
INFO: Latency: 31,0000 s, Delta ratio: 0,5000, Drift: 2,000, Error reduction coefficient: 0,000, Error: 0,0000 s
abr 04, 2013 12:33:11 PM org.ros.time.RemoteUptimeClock update
INFO: Latency: 31,0000 s, Delta ratio: 0,5000, Drift: 2,000, Error reduction coefficient: 0,000, Error: 0,0000 s
abr 04, 2013 12:33:11 PM org.ros.time.RemoteUptimeClock update
INFO: Latency: 31,0000 s, Delta ratio: 0,5000, Drift: 2,000, Error reduction coefficient: 0,000, Error: 0,0000 s
abr 04, 2013 12:33:11 PM org.ros.time.RemoteUptimeClock update
INFO: Latency: 31,0000 s, Delta ratio: 0,5000, Drift: 2,000, Error reduction coefficient: 0,000, Error: 0,0000 s
abr 04, 2013 12:33:11 PM org.ros.time.RemoteUptimeClock update
INFO: Latency: 31,0000 s, Delta ratio: 0,5000, Drift: 2,000, Error reduction coefficient: 0,000, Error: 0,0000 s
abr 04, 2013 12:33:11 PM org.ros.time.RemoteUptimeClock update
INFO: Latency: 31,0000 s, Delta ratio: 0,5000, Drift: 2,000, Error reduction coefficient: 0,000, Error: 0,0000 s
abr 04, 2013 12:33:11 PM org.ros.time.RemoteUptimeClock update
INFO: Latency: 31,0000 s, Delta ratio: 0,5000, Drift: 2,000, Error reduction coefficient: 0,000, Error: 0,0000 s
abr 04, 2013 12:33:11 PM org.ros.time.RemoteUptimeClock update
INFO: Latency: 31,0000 s, Delta ratio: 0,5000, Drift: 2,000, Error reduction coefficient: 0,000, Error: 0,0000 s
abr 04, 2013 12:33:11 PM org.ros.time.RemoteUptimeClock update
INFO: Latency: 31,0000 s, Delta ratio: 0,5000, Drift: 2,000, Error reduction coefficient: 0,000, Error: 0,0000 s
abr 04, 2013 12:33:11 PM org.ros.time.RemoteUptimeClock update
INFO: Latency: 31,0000 s, Delta ratio: 0,5000, Drift: 2,000, Error reduction coefficient: 0,000, Error: 0,0000 s
abr 04, 2013 12:33:11 PM org.ros.time.RemoteUptimeClock update
INFO: Latency: 31,0000 s, Delta ratio: 0,5000, Drift: 2,000, Error reduction coefficient: 0,000, Error: 0,0000 s
abr 04, 2013 12:33:11 PM org.ros.time.RemoteUptimeClock update
INFO: Latency: 31,0000 s, Delta ratio: 0,5000, Drift: 2,000, Error reduction coefficient: 0,000, Error: 0,0000 s
abr 04, 2013 12:33:11 PM org.ros.time.RemoteUptimeClock update
INFO: Latency: 31,0000 s, Delta ratio: 0,5000, Drift: 2,000, Error reduction coefficient: 0,000, Error: 0,0000 s
abr 04, 2013 12:33:11 PM org.ros.time.RemoteUptimeClock update
INFO: Latency: 31,0000 s, Delta ratio: 0,5000, Drift: 2,000, Error reduction coefficient: 0,000, Error: 0,0000 s
abr 04, 2013 12:33:11 PM org.ros.time.RemoteUptimeClock update
INFO: Latency: 31,0000 s, Delta ratio: 0,5000, Drift: 2,000, Error reduction coefficient: 0,000, Error: 0,0000 s
abr 04, 2013 12:33:11 PM org.ros.time.RemoteUptimeClock update
INFO: Latency: 31,0000 s, Delta ratio: 0,5000, Drift: 2,000, Error reduction coefficient: 0,000, Error: 0,0000 s
abr 04, 2013 12:33:11 PM org.ros.time.RemoteUptimeClock update
INFO: Latency: 31,0000 s, Delta ratio: 0,5000, Drift: 2,000, Error reduction coefficient: 0,000, Error: 0,0000 s
abr 04, 2013 12:33:11 PM org.ros.time.RemoteUptimeClock update
INFO: Latency: 31,0000 s, Delta ratio: 0,5000, Drift: 2,000, Error reduction coefficient: 0,000, Error: 0,0000 s
abr 04, 2013 12:33:11 PM org.ros.time.RemoteUptimeClock update
INFO: Latency: 31,0000 s, Delta ratio: 0,5000, Drift: 2,000, Error reduction coefficient: 0,000, Error: 0,0000 s
abr 04, 2013 12:33:11 PM org.ros.time.RemoteUptimeClock update
INFO: Latency: 31,0000 s, Delta ratio: 0,5000, Drift: 2,000, Error reduction coefficient: 0,000, Error: 0,0000 s
abr 04, 2013 12:33:11 PM org.ros.time.RemoteUptimeClock update
INFO: Latency: 31,0000 s, Delta ratio: 0,5000, Drift: 2,000, Error reduction coefficient: 0,000, Error: 0,0000 s
abr 04, 2013 12:33:11 PM org.ros.time.RemoteUptimeClock update
INFO: Latency: 31,0000 s, Delta ratio: 0,5000, Drift: 2,000, Error reduction coefficient: 0,000, Error: 0,0000 s
abr 04, 2013 12:33:11 PM org.ros.time.RemoteUptimeClock update
INFO: Latency: 31,0000 s, Delta ratio: 0,5000, Drift: 2,000, Error reduction coefficient: 0,000, Error: 0,0000 s
abr 04, 2013 12:33:11 PM org.ros.time.RemoteUptimeClock update
INFO: Latency: 31,0000 s, Delta ratio: 0,5000, Drift: 2,000, Error reduction coefficient: 0,000, Error: 0,0000 s
abr 04, 2013 12:33:11 PM org.ros.time.RemoteUptimeClock update
INFO: Latency: 31,0000 s, Delta ratio: 0,5000, Drift: 2,000, Error reduction coefficient: 0,000, Error: 0,0000 s
abr 04, 2013 12:33:11 PM org.ros.time.RemoteUptimeClock update
INFO: Latency: 31,0000 s, Delta ratio: 0,5000, Drift: 2,000, Error reduction coefficient: 0,000, Error: 0,0000 s
abr 04, 2013 12:33:11 PM org.ros.time.RemoteUptimeClock update
INFO: Latency: 31,0000 s, Delta ratio: 0,5000, Drift: 2,000, Error reduction coefficient: 0,000, Error: 0,0000 s
abr 04, 2013 12:33:11 PM org.ros.time.RemoteUptimeClock update
INFO: Latency: 31,0000 s, Delta ratio: 0,5000, Drift: 2,000, Error reduction coefficient: 0,000, Error: 0,0000 s
abr 04, 2013 12:33:11 PM org.ros.time.RemoteUptimeClock update
INFO: Latency: 31,0000 s, Delta ratio: 0,5000, Drift: 2,000, Error reduction coefficient: 0,000, Error: 0,0000 s
abr 04, 2013 12:33:11 PM org.ros.time.RemoteUptimeClock update
INFO: Latency: 31,0000 s, Delta ratio: 0,5000, Drift: 2,000, Error reduction coefficient: 0,000, Error: 0,0000 s
abr 04, 2013 12:33:11 PM org.ros.time.RemoteUptimeClock update
INFO: Latency: 31,0000 s, Delta ratio: 0,5000, Drift: 2,000, Error reduction coefficient: 0,000, Error: 0,0000 s
abr 04, 2013 12:33:11 PM org.ros.time.RemoteUptimeClock update
INFO: Latency: 31,0000 s, Delta ratio: 0,5000, Drift: 2,000, Error reduction coefficient: 0,000, Error: 0,0000 s
abr 04, 2013 12:33:11 PM org.ros.time.RemoteUptimeClock update
INFO: Latency: 31,0000 s, Delta ratio: 0,5000, Drift: 2,000, Error reduction coefficient: 0,000, Error: 0,0000 s
abr 04, 2013 12:33:11 PM org.ros.time.RemoteUptimeClock update
INFO: Latency: 31,0000 s, Delta ratio: 0,5000, Drift: 2,000, Error reduction coefficient: 0,000, Error: 0,0000 s
abr 04, 2013 12:33:11 PM org.ros.time.RemoteUptimeClock update
INFO: Latency: 31,0000 s, Delta ratio: 0,5000, Drift: 2,000, Error reduction coefficient: 0,000, Error: 0,0000 s
abr 04, 2013 12:33:11 PM org.ros.time.RemoteUptimeClock update
INFO: Latency: 31,0000 s, Delta ratio: 0,5000, Drift: 2,000, Error reduction coefficient: 0,000, Error: 0,0000 s
abr 04, 2013 12:33:11 PM org.ros.time.RemoteUptimeClock update
INFO: Latency: 31,0000 s, Delta ratio: 0,5000, Drift: 2,000, Error reduction coefficient: 0,000, Error: 0,0000 s
abr 04, 2013 12:33:11 PM org.ros.time.RemoteUptimeClock update
INFO: Latency: 31,0000 s, Delta ratio: 0,5000, Drift: 2,000, Error reduction coefficient: 0,000, Error: 0,0000 s
abr 04, 2013 12:33:11 PM org.ros.time.RemoteUptimeClock update
INFO: Latency: 31,0000 s, Delta ratio: 0,5000, Drift: 2,000, Error reduction coefficient: 0,000, Error: 0,0000 s
abr 04, 2013 12:33:11 PM org.ros.time.RemoteUptimeClock update
INFO: Latency: 31,0000 s, Delta ratio: 0,5000, Drift: 2,000, Error reduction coefficient: 0,000, Error: 0,0000 s
abr 04, 2013 12:33:11 PM org.ros.time.RemoteUptimeClock update
INFO: Latency: 31,0000 s, Delta ratio: 0,5000, Drift: 2,000, Error reduction coefficient: 0,000, Error: 0,0000 s
abr 04, 2013 12:33:11 PM org.ros.time.RemoteUptimeClock update
INFO: Latency: 31,0000 s, Delta ratio: 0,5000, Drift: 2,000, Error reduction coefficient: 0,000, Error: 0,0000 s
abr 04, 2013 12:33:11 PM org.ros.time.RemoteUptimeClock update
INFO: Latency: 31,0000 s, Delta ratio: 0,5000, Drift: 2,000, Error reduction coefficient: 0,000, Error: 0,0000 s
abr 04, 2013 12:33:11 PM org.ros.time.RemoteUptimeClock update
INFO: Latency: 31,0000 s, Delta ratio: 0,5000, Drift: 2,000, Error reduction coefficient: 0,000, Error: 0,0000 s
abr 04, 2013 12:33:11 PM org.ros.time.RemoteUptimeClock update
INFO: Latency: 31,0000 s, Delta ratio: 0,5000, Drift: 2,000, Error reduction coefficient: 0,000, Error: 0,0000 s
abr 04, 2013 12:33:11 PM org.ros.time.RemoteUptimeClock update
INFO: Latency: 31,0000 s, Delta ratio: 0,5000, Drift: 2,000, Error reduction coefficient: 0,000, Error: 0,0000 s
abr 04, 2013 12:33:11 PM org.ros.time.RemoteUptimeClock update
INFO: Latency: 31,0000 s, Delta ratio: 0,5000, Drift: 2,000, Error reduction coefficient: 0,000, Error: 0,0000 s
abr 04, 2013 12:33:11 PM org.ros.time.RemoteUptimeClock update
INFO: Latency: 31,0000 s, Delta ratio: 0,5000, Drift: 2,000, Error reduction coefficient: 0,000, Error: 0,0000 s
abr 04, 2013 12:33:11 PM org.ros.time.RemoteUptimeClock update
INFO: Latency: 31,0000 s, Delta ratio: 0,5000, Drift: 2,000, Error reduction coefficient: 0,000, Error: 0,0000 s
abr 04, 2013 12:33:11 PM org.ros.time.RemoteUptimeClock update
INFO: Latency: 31,0000 s, Delta ratio: 0,5000, Drift: 2,000, Error reduction coefficient: 0,000, Error: 0,0000 s
abr 04, 2013 12:33:11 PM org.ros.time.RemoteUptimeClock update
INFO: Latency: 31,0000 s, Delta ratio: 0,5000, Drift: 2,000, Error reduction coefficient: 0,000, Error: 0,0000 s
abr 04, 2013 12:33:11 PM org.ros.time.RemoteUptimeClock update
INFO: Latency: 31,0000 s, Delta ratio: 0,5000, Drift: 2,000, Error reduction coefficient: 0,000, Error: 0,0000 s
abr 04, 2013 12:33:11 PM org.ros.time.RemoteUptimeClock update
INFO: Latency: 31,0000 s, Delta ratio: 0,5000, Drift: 2,000, Error reduction coefficient: 0,000, Error: 0,0000 s
abr 04, 2013 12:33:11 PM org.ros.time.RemoteUptimeClock update
INFO: Latency: 31,0000 s, Delta ratio: 0,5000, Drift: 2,000, Error reduction coefficient: 0,000, Error: 0,0000 s
abr 04, 2013 12:33:11 PM org.ros.time.RemoteUptimeClock update
INFO: Latency: 31,0000 s, Delta ratio: 0,5000, Drift: 2,000, Error reduction coefficient: 0,000, Error: 0,0000 s
abr 04, 2013 12:33:11 PM org.ros.time.RemoteUptimeClock update
INFO: Latency: 31,0000 s, Delta ratio: 0,5000, Drift: 2,000, Error reduction coefficient: 0,000, Error: 0,0000 s
abr 04, 2013 12:33:11 PM org.ros.time.RemoteUptimeClock update
INFO: Latency: 31,0000 s, Delta ratio: 0,5000, Drift: 2,000, Error reduction coefficient: 0,000, Error: 0,0000 s
abr 04, 2013 12:33:11 PM org.ros.time.RemoteUptimeClock update
INFO: Latency: 31,0000 s, Delta ratio: 0,5000, Drift: 2,000, Error reduction coefficient: 0,000, Error: 0,0000 s
abr 04, 2013 12:33:11 PM org.ros.time.RemoteUptimeClock update
INFO: Latency: 31,0000 s, Delta ratio: 0,5000, Drift: 2,000, Error reduction coefficient: 0,000, Error: 0,0000 s
abr 04, 2013 12:33:11 PM org.ros.time.RemoteUptimeClock update
INFO: Latency: 31,0000 s, Delta ratio: 0,5000, Drift: 2,000, Error reduction coefficient: 0,000, Error: 0,0000 s
abr 04, 2013 12:33:11 PM org.ros.time.RemoteUptimeClock update
INFO: Latency: 31,0000 s, Delta ratio: 0,5000, Drift: 2,000, Error reduction coefficient: 0,000, Error: 0,0000 s
abr 04, 2013 12:33:11 PM org.ros.time.RemoteUptimeClock update
INFO: Latency: 31,0000 s, Delta ratio: 0,5000, Drift: 2,000, Error reduction coefficient: 0,000, Error: 0,0000 s
abr 04, 2013 12:33:11 PM org.ros.time.RemoteUptimeClock update
INFO: Latency: 31,0000 s, Delta ratio: 0,5000, Drift: 2,000, Error reduction coefficient: 0,000, Error: 0,0000 s
abr 04, 2013 12:33:11 PM org.ros.time.RemoteUptimeClock update
INFO: Latency: 31,0000 s, Delta ratio: 0,5000, Drift: 2,000, Error reduction coefficient: 0,000, Error: 0,0000 s
abr 04, 2013 12:33:11 PM org.ros.time.RemoteUptimeClock update
INFO: Latency: 31,0000 s, Delta ratio: 0,5000, Drift: 2,000, Error reduction coefficient: 0,000, Error: 0,0000 s
abr 04, 2013 12:33:11 PM org.ros.time.RemoteUptimeClock update
INFO: Latency: 31,0000 s, Delta ratio: 0,5000, Drift: 2,000, Error reduction coefficient: 0,000, Error: 0,0000 s
abr 04, 2013 12:33:11 PM org.ros.time.RemoteUptimeClock update
INFO: Latency: 31,0000 s, Delta ratio: 0,5000, Drift: 2,000, Error reduction coefficient: 0,000, Error: 0,0000 s
abr 04, 2013 12:33:11 PM org.ros.time.RemoteUptimeClock update
INFO: Latency: 31,0000 s, Delta ratio: 0,5000, Drift: 2,000, Error reduction coefficient: 0,000, Error: 0,0000 s
abr 04, 2013 12:33:11 PM org.ros.time.RemoteUptimeClock update
INFO: Latency: 31,0000 s, Delta ratio: 0,5000, Drift: 2,000, Error reduction coefficient: 0,000, Error: 0,0000 s
abr 04, 2013 12:33:11 PM org.ros.time.RemoteUptimeClock update
INFO: Latency: 31,0000 s, Delta ratio: 0,5000, Drift: 2,000, Error reduction coefficient: 0,000, Error: 0,0000 s
abr 04, 2013 12:33:11 PM org.ros.time.RemoteUptimeClock update
INFO: Latency: 31,0000 s, Delta ratio: 0,5000, Drift: 2,000, Error reduction coefficient: 0,000, Error: 0,0000 s
abr 04, 2013 12:33:11 PM org.ros.time.RemoteUptimeClock update
INFO: Latency: 31,0000 s, Delta ratio: 0,5000, Drift: 2,000, Error reduction coefficient: 0,000, Error: 0,0000 s
abr 04, 2013 12:33:11 PM org.ros.time.RemoteUptimeClock update
INFO: Latency: 31,0000 s, Delta ratio: 0,5000, Drift: 2,000, Error reduction coefficient: 0,000, Error: 0,0000 s
abr 04, 2013 12:33:11 PM org.ros.time.RemoteUptimeClock update
INFO: Latency: 31,0000 s, Delta ratio: 0,5000, Drift: 2,000, Error reduction coefficient: 0,000, Error: 0,0000 s
abr 04, 2013 12:33:11 PM org.ros.time.RemoteUptimeClock update
INFO: Latency: 31,0000 s, Delta ratio: 0,5000, Drift: 2,000, Error reduction coefficient: 0,000, Error: 0,0000 s
abr 04, 2013 12:33:11 PM org.ros.time.RemoteUptimeClock update
INFO: Latency: 31,0000 s, Delta ratio: 0,5000, Drift: 2,000, Error reduction coefficient: 0,000, Error: 0,0000 s
abr 04, 2013 12:33:11 PM org.ros.time.RemoteUptimeClock update
INFO: Latency: 31,0000 s, Delta ratio: 0,5000, Drift: 2,000, Error reduction coefficient: 0,000, Error: 0,0000 s
abr 04, 2013 12:33:11 PM org.ros.time.RemoteUptimeClock update
INFO: Latency: 31,0000 s, Delta ratio: 0,5000, Drift: 2,000, Error reduction coefficient: 0,000, Error: 0,0000 s
abr 04, 2013 12:33:11 PM org.ros.time.RemoteUptimeClock update
INFO: Latency: 31,0000 s, Delta ratio: 0,5000, Drift: 2,000, Error reduction coefficient: 0,000, Error: 0,0000 s
abr 04, 2013 12:33:11 PM org.ros.time.RemoteUptimeClock update
INFO: Latency: 31,0000 s, Delta ratio: 0,5000, Drift: 2,000, Error reduction coefficient: 0,000, Error: 0,0000 s
abr 04, 2013 12:33:11 PM org.ros.time.RemoteUptimeClock update
INFO: Latency: 31,0000 s, Delta ratio: 0,5000, Drift: 2,000, Error reduction coefficient: 0,000, Error: 0,0000 s
abr 04, 2013 12:33:11 PM org.ros.time.RemoteUptimeClock update
INFO: Latency: 31,0000 s, Delta ratio: 0,5000, Drift: 2,000, Error reduction coefficient: 0,000, Error: 0,0000 s
abr 04, 2013 12:33:11 PM org.ros.time.RemoteUptimeClock update
INFO: Latency: 31,0000 s, Delta ratio: 0,5000, Drift: 2,000, Error reduction coefficient: 0,000, Error: 0,0000 s
abr 04, 2013 12:33:11 PM org.ros.time.RemoteUptimeClock update
INFO: Latency: 31,0000 s, Delta ratio: 0,5000, Drift: 2,000, Error reduction coefficient: 0,000, Error: 0,0000 s
abr 04, 2013 12:33:11 PM org.ros.time.RemoteUptimeClock update
INFO: Latency: 31,0000 s, Delta ratio: 0,5000, Drift: 2,000, Error reduction coefficient: 0,000, Error: 0,0000 s
abr 04, 2013 12:33:11 PM org.ros.time.RemoteUptimeClock update
INFO: Latency: 31,0000 s, Delta ratio: 0,5000, Drift: 2,000, Error reduction coefficient: 0,000, Error: 0,0000 s
abr 04, 2013 12:33:11 PM org.ros.time.RemoteUptimeClock update
INFO: Latency: 31,0000 s, Delta ratio: 0,5000, Drift: 2,000, Error reduction coefficient: 0,000, Error: 0,0000 s
abr 04, 2013 12:33:11 PM org.ros.time.RemoteUptimeClock update
INFO: Latency: 31,0000 s, Delta ratio: 0,5000, Drift: 2,000, Error reduction coefficient: 0,000, Error: 0,0000 s
abr 04, 2013 12:33:11 PM org.ros.time.RemoteUptimeClock update
INFO: Latency: 31,0000 s, Delta ratio: 0,5000, Drift: 2,000, Error reduction coefficient: 0,000, Error: 0,0000 s
abr 04, 2013 12:33:11 PM org.ros.time.RemoteUptimeClock update
INFO: Latency: 31,0000 s, Delta ratio: 0,5000, Drift: 2,000, Error reduction coefficient: 0,000, Error: 0,0000 s
abr 04, 2013 12:33:11 PM org.ros.time.RemoteUptimeClock update
INFO: Latency: 31,0000 s, Delta ratio: 0,5000, Drift: 2,000, Error reduction coefficient: 0,000, Error: 0,0000 s
abr 04, 2013 12:33:11 PM org.ros.time.RemoteUptimeClock update
INFO: Latency: 31,0000 s, Delta ratio: 0,5000, Drift: 2,000, Error reduction coefficient: 0,000, Error: 0,0000 s
abr 04, 2013 12:33:11 PM org.ros.time.RemoteUptimeClock update
INFO: Latency: 31,0000 s, Delta ratio: 0,5000, Drift: 2,000, Error reduction coefficient: 0,000, Error: 0,0000 s
abr 04, 2013 12:33:11 PM org.ros.time.RemoteUptimeClock update
INFO: Latency: 31,0000 s, Delta ratio: 0,5000, Drift: 2,000, Error reduction coefficient: 0,000, Error: 0,0000 s
abr 04, 2013 12:33:11 PM org.ros.time.RemoteUptimeClock update
INFO: Latency: 31,0000 s, Delta ratio: 0,5000, Drift: 2,000, Error reduction coefficient: 0,000, Error: 0,0000 s
abr 04, 2013 12:33:11 PM org.ros.time.RemoteUptimeClock update
INFO: Latency: 31,0000 s, Delta ratio: 0,5000, Drift: 2,000, Error reduction coefficient: 0,000, Error: 0,0000 s
abr 04, 2013 12:33:11 PM org.ros.time.RemoteUptimeClock update
INFO: Latency: 31,0000 s, Delta ratio: 0,5000, Drift: 2,000, Error reduction coefficient: 0,000, Error: 0,0000 s
abr 04, 2013 12:33:11 PM org.ros.time.RemoteUptimeClock update
INFO: Latency: 31,0000 s, Delta ratio: 0,5000, Drift: 2,000, Error reduction coefficient: 0,000, Error: 0,0000 s
abr 04, 2013 12:33:11 PM org.ros.time.RemoteUptimeClock update
INFO: Latency: 31,0000 s, Delta ratio: 0,5000, Drift: 2,000, Error reduction coefficient: 0,000, Error: 0,0000 s
abr 04, 2013 12:33:11 PM org.ros.time.RemoteUptimeClock update
INFO: Latency: 31,0000 s, Delta ratio: 0,5000, Drift: 2,000, Error reduction coefficient: 0,000, Error: 0,0000 s
abr 04, 2013 12:33:11 PM org.ros.time.RemoteUptimeClock update
INFO: Latency: 31,0000 s, Delta ratio: 0,5000, Drift: 2,000, Error reduction coefficient: 0,000, Error: 0,0000 s
abr 04, 2013 12:33:11 PM org.ros.time.RemoteUptimeClock update
INFO: Latency: 31,0000 s, Delta ratio: 0,5000, Drift: 2,000, Error reduction coefficient: 0,000, Error: 0,0000 s
abr 04, 2013 12:33:11 PM org.ros.time.RemoteUptimeClock update
INFO: Latency: 31,0000 s, Delta ratio: 0,5000, Drift: 2,000, Error reduction coefficient: 0,000, Error: 0,0000 s
abr 04, 2013 12:33:11 PM org.ros.time.RemoteUptimeClock update
INFO: Latency: 31,0000 s, Delta ratio: 0,5000, Drift: 2,000, Error reduction coefficient: 0,000, Error: 0,0000 s
abr 04, 2013 12:33:11 PM org.ros.time.RemoteUptimeClock update
INFO: Latency: 31,0000 s, Delta ratio: 0,5000, Drift: 2,000, Error reduction coefficient: 0,000, Error: 0,0000 s
abr 04, 2013 12:33:11 PM org.ros.time.RemoteUptimeClock update
INFO: Latency: 31,0000 s, Delta ratio: 0,5000, Drift: 2,000, Error reduction coefficient: 0,000, Error: 0,0000 s
abr 04, 2013 12:33:11 PM org.ros.time.RemoteUptimeClock update
INFO: Latency: 31,0000 s, Delta ratio: 0,5000, Drift: 2,000, Error reduction coefficient: 0,000, Error: 0,0000 s
abr 04, 2013 12:33:11 PM org.ros.time.RemoteUptimeClock update
INFO: Latency: 31,0000 s, Delta ratio: 0,5000, Drift: 2,000, Error reduction coefficient: 0,000, Error: 0,0000 s
abr 04, 2013 12:33:11 PM org.ros.time.RemoteUptimeClock update
INFO: Latency: 31,0000 s, Delta ratio: 0,5000, Drift: 2,000, Error reduction coefficient: 0,000, Error: 0,0000 s
abr 04, 2013 12:33:11 PM org.ros.time.RemoteUptimeClock update
INFO: Latency: 31,0000 s, Delta ratio: 0,5000, Drift: 2,000, Error reduction coefficient: 0,000, Error: 0,0000 s
abr 04, 2013 12:33:11 PM org.ros.time.RemoteUptimeClock update
INFO: Latency: 31,0000 s, Delta ratio: 0,5000, Drift: 2,000, Error reduction coefficient: 0,000, Error: 0,0000 s
abr 04, 2013 12:33:11 PM org.ros.time.RemoteUptimeClock update
INFO: Latency: 31,0000 s, Delta ratio: 0,5000, Drift: 2,000, Error reduction coefficient: 0,000, Error: 0,0000 s
abr 04, 2013 12:33:11 PM org.ros.time.RemoteUptimeClock update
INFO: Latency: 31,0000 s, Delta ratio: 0,5000, Drift: 2,000, Error reduction coefficient: 0,000, Error: 0,0000 s
abr 04, 2013 12:33:11 PM org.ros.time.RemoteUptimeClock update
INFO: Latency: 31,0000 s, Delta ratio: 0,5000, Drift: 2,000, Error reduction coefficient: 0,000, Error: 0,0000 s
abr 04, 2013 12:33:11 PM org.ros.time.RemoteUptimeClock update
INFO: Latency: 31,0000 s, Delta ratio: 0,5000, Drift: 2,000, Error reduction coefficient: 0,000, Error: 0,0000 s
abr 04, 2013 12:33:11 PM org.ros.time.RemoteUptimeClock update
INFO: Latency: 31,0000 s, Delta ratio: 0,5000, Drift: 2,000, Error reduction coefficient: 0,000, Error: 0,0000 s
abr 04, 2013 12:33:11 PM org.ros.time.RemoteUptimeClock update
INFO: Latency: 31,0000 s, Delta ratio: 0,5000, Drift: 2,000, Error reduction coefficient: 0,000, Error: 0,0000 s
abr 04, 2013 12:33:11 PM org.ros.time.RemoteUptimeClock update
INFO: Latency: 31,0000 s, Delta ratio: 0,5000, Drift: 2,000, Error reduction coefficient: 0,000, Error: 0,0000 s
abr 04, 2013 12:33:11 PM org.ros.time.RemoteUptimeClock update
INFO: Latency: 31,0000 s, Delta ratio: 0,5000, Drift: 2,000, Error reduction coefficient: 0,000, Error: 0,0000 s
abr 04, 2013 12:33:11 PM org.ros.time.RemoteUptimeClock update
INFO: Latency: 31,0000 s, Delta ratio: 0,5000, Drift: 2,000, Error reduction coefficient: 0,000, Error: 0,0000 s
abr 04, 2013 12:33:11 PM org.ros.time.RemoteUptimeClock update
INFO: Latency: 31,0000 s, Delta ratio: 0,5000, Drift: 2,000, Error reduction coefficient: 0,000, Error: 0,0000 s
abr 04, 2013 12:33:11 PM org.ros.time.RemoteUptimeClock update
INFO: Latency: 31,0000 s, Delta ratio: 0,5000, Drift: 2,000, Error reduction coefficient: 0,000, Error: 0,0000 s
abr 04, 2013 12:33:11 PM org.ros.time.RemoteUptimeClock update
INFO: Latency: 31,0000 s, Delta ratio: 0,5000, Drift: 2,000, Error reduction coefficient: 0,000, Error: 0,0000 s
abr 04, 2013 12:33:11 PM org.ros.time.RemoteUptimeClock update
INFO: Latency: 31,0000 s, Delta ratio: 0,5000, Drift: 2,000, Error reduction coefficient: 0,000, Error: 0,0000 s
abr 04, 2013 12:33:11 PM org.ros.time.RemoteUptimeClock update
INFO: Latency: 31,0000 s, Delta ratio: 0,5000, Drift: 2,000, Error reduction coefficient: 0,000, Error: 0,0000 s
abr 04, 2013 12:33:11 PM org.ros.time.RemoteUptimeClock update
INFO: Latency: 31,0000 s, Delta ratio: 0,5000, Drift: 2,000, Error reduction coefficient: 0,000, Error: 0,0000 s
abr 04, 2013 12:33:11 PM org.ros.time.RemoteUptimeClock update
INFO: Latency: 31,0000 s, Delta ratio: 0,5000, Drift: 2,000, Error reduction coefficient: 0,000, Error: 0,0000 s
abr 04, 2013 12:33:11 PM org.ros.time.RemoteUptimeClock update
INFO: Latency: 31,0000 s, Delta ratio: 0,5000, Drift: 2,000, Error reduction coefficient: 0,000, Error: 0,0000 s
abr 04, 2013 12:33:11 PM org.ros.time.RemoteUptimeClock update
INFO: Latency: 31,0000 s, Delta ratio: 0,5000, Drift: 2,000, Error reduction coefficient: 0,000, Error: 0,0000 s
abr 04, 2013 12:33:11 PM org.ros.time.RemoteUptimeClock update
INFO: Latency: 31,0000 s, Delta ratio: 0,5000, Drift: 2,000, Error reduction coefficient: 0,000, Error: 0,0000 s
abr 04, 2013 12:33:11 PM org.ros.time.RemoteUptimeClock update
INFO: Latency: 31,0000 s, Delta ratio: 0,5000, Drift: 2,000, Error reduction coefficient: 0,000, Error: 0,0000 s
abr 04, 2013 12:33:11 PM org.ros.time.RemoteUptimeClock update
INFO: Latency: 31,0000 s, Delta ratio: 0,5000, Drift: 2,000, Error reduction coefficient: 0,000, Error: 0,0000 s
abr 04, 2013 12:33:11 PM org.ros.time.RemoteUptimeClock update
INFO: Latency: 31,0000 s, Delta ratio: 0,5000, Drift: 2,000, Error reduction coefficient: 0,000, Error: 0,0000 s
abr 04, 2013 12:33:11 PM org.ros.time.RemoteUptimeClock update
INFO: Latency: 31,0000 s, Delta ratio: 0,5000, Drift: 2,000, Error reduction coefficient: 0,000, Error: 0,0000 s
abr 04, 2013 12:33:11 PM org.ros.time.RemoteUptimeClock update
INFO: Latency: 31,0000 s, Delta ratio: 0,5000, Drift: 2,000, Error reduction coefficient: 0,000, Error: 0,0000 s
abr 04, 2013 12:33:11 PM org.ros.time.RemoteUptimeClock update
INFO: Latency: 31,0000 s, Delta ratio: 0,5000, Drift: 2,000, Error reduction coefficient: 0,000, Error: 0,0000 s
abr 04, 2013 12:33:11 PM org.ros.time.RemoteUptimeClock update
INFO: Latency: 31,0000 s, Delta ratio: 0,5000, Drift: 2,000, Error reduction coefficient: 0,000, Error: 0,0000 s
abr 04, 2013 12:33:11 PM org.ros.time.RemoteUptimeClock update
INFO: Latency: 31,0000 s, Delta ratio: 0,5000, Drift: 2,000, Error reduction coefficient: 0,000, Error: 0,0000 s
abr 04, 2013 12:33:11 PM org.ros.time.RemoteUptimeClock update
INFO: Latency: 31,0000 s, Delta ratio: 0,5000, Drift: 2,000, Error reduction coefficient: 0,000, Error: 0,0000 s
abr 04, 2013 12:33:11 PM org.ros.time.RemoteUptimeClock update
INFO: Latency: 31,0000 s, Delta ratio: 0,5000, Drift: 2,000, Error reduction coefficient: 0,000, Error: 0,0000 s
abr 04, 2013 12:33:11 PM org.ros.time.RemoteUptimeClock update
INFO: Latency: 31,0000 s, Delta ratio: 0,5000, Drift: 2,000, Error reduction coefficient: 0,000, Error: 0,0000 s
abr 04, 2013 12:33:11 PM org.ros.time.RemoteUptimeClock update
INFO: Latency: 31,0000 s, Delta ratio: 0,5000, Drift: 2,000, Error reduction coefficient: 0,000, Error: 0,0000 s
abr 04, 2013 12:33:11 PM org.ros.time.RemoteUptimeClock update
INFO: Latency: 31,0000 s, Delta ratio: 0,5000, Drift: 2,000, Error reduction coefficient: 0,000, Error: 0,0000 s
abr 04, 2013 12:33:11 PM org.ros.time.RemoteUptimeClock update
INFO: Latency: 31,0000 s, Delta ratio: 0,5000, Drift: 2,000, Error reduction coefficient: 0,000, Error: 0,0000 s
abr 04, 2013 12:33:11 PM org.ros.time.RemoteUptimeClock update
INFO: Latency: 31,0000 s, Delta ratio: 0,5000, Drift: 2,000, Error reduction coefficient: 0,000, Error: 0,0000 s
abr 04, 2013 12:33:11 PM org.ros.time.RemoteUptimeClock update
INFO: Latency: 31,0000 s, Delta ratio: 0,5000, Drift: 2,000, Error reduction coefficient: 0,000, Error: 0,0000 s
abr 04, 2013 12:33:11 PM org.ros.time.RemoteUptimeClock update
INFO: Latency: 31,0000 s, Delta ratio: 0,5000, Drift: 2,000, Error reduction coefficient: 0,000, Error: 0,0000 s
abr 04, 2013 12:33:11 PM org.ros.time.RemoteUptimeClock update
INFO: Latency: 31,0000 s, Delta ratio: 0,5000, Drift: 2,000, Error reduction coefficient: 0,000, Error: 0,0000 s
abr 04, 2013 12:33:11 PM org.ros.time.RemoteUptimeClock update
INFO: Latency: 31,0000 s, Delta ratio: 0,5000, Drift: 2,000, Error reduction coefficient: 0,000, Error: 0,0000 s
abr 04, 2013 12:33:11 PM org.ros.time.RemoteUptimeClock update
INFO: Latency: 31,0000 s, Delta ratio: 0,5000, Drift: 2,000, Error reduction coefficient: 0,000, Error: 0,0000 s
abr 04, 2013 12:33:11 PM org.ros.time.RemoteUptimeClock update
INFO: Latency: 31,0000 s, Delta ratio: 0,5000, Drift: 2,000, Error reduction coefficient: 0,000, Error: 0,0000 s
abr 04, 2013 12:33:11 PM org.ros.time.RemoteUptimeClock update
INFO: Latency: 31,0000 s, Delta ratio: 0,5000, Drift: 2,000, Error reduction coefficient: 0,000, Error: 0,0000 s
abr 04, 2013 12:33:11 PM org.ros.time.RemoteUptimeClock update
INFO: Latency: 31,0000 s, Delta ratio: 0,5000, Drift: 2,000, Error reduction coefficient: 0,000, Error: 0,0000 s
abr 04, 2013 12:33:11 PM org.ros.time.RemoteUptimeClock update
INFO: Latency: 31,0000 s, Delta ratio: 0,5000, Drift: 2,000, Error reduction coefficient: 0,000, Error: 0,0000 s
abr 04, 2013 12:33:11 PM org.ros.time.RemoteUptimeClock update
INFO: Latency: 31,0000 s, Delta ratio: 0,5000, Drift: 2,000, Error reduction coefficient: 0,000, Error: 0,0000 s
abr 04, 2013 12:33:11 PM org.ros.time.RemoteUptimeClock update
INFO: Latency: 31,0000 s, Delta ratio: 0,5000, Drift: 2,000, Error reduction coefficient: 0,000, Error: 0,0000 s
abr 04, 2013 12:33:11 PM org.ros.time.RemoteUptimeClock update
INFO: Latency: 31,0000 s, Delta ratio: 0,5000, Drift: 2,000, Error reduction coefficient: 0,000, Error: 0,0000 s
abr 04, 2013 12:33:11 PM org.ros.time.RemoteUptimeClock update
INFO: Latency: 31,0000 s, Delta ratio: 0,5000, Drift: 2,000, Error reduction coefficient: 0,000, Error: 0,0000 s
abr 04, 2013 12:33:11 PM org.ros.time.RemoteUptimeClock update
INFO: Latency: 31,0000 s, Delta ratio: 0,5000, Drift: 2,000, Error reduction coefficient: 0,000, Error: 0,0000 s
abr 04, 2013 12:33:11 PM org.ros.time.RemoteUptimeClock update
INFO: Latency: 31,0000 s, Delta ratio: 0,5000, Drift: 2,000, Error reduction coefficient: 0,000, Error: 0,0000 s
abr 04, 2013 12:33:11 PM org.ros.time.RemoteUptimeClock update
INFO: Latency: 31,0000 s, Delta ratio: 0,5000, Drift: 2,000, Error reduction coefficient: 0,000, Error: 0,0000 s
abr 04, 2013 12:33:11 PM org.ros.time.RemoteUptimeClock update
INFO: Latency: 31,0000 s, Delta ratio: 0,5000, Drift: 2,000, Error reduction coefficient: 0,000, Error: 0,0000 s
abr 04, 2013 12:33:11 PM org.ros.time.RemoteUptimeClock update
INFO: Latency: 31,0000 s, Delta ratio: 0,5000, Drift: 2,000, Error reduction coefficient: 0,000, Error: 0,0000 s
abr 04, 2013 12:33:11 PM org.ros.time.RemoteUptimeClock update
INFO: Latency: 31,0000 s, Delta ratio: 0,5000, Drift: 2,000, Error reduction coefficient: 0,000, Error: 0,0000 s
abr 04, 2013 12:33:11 PM org.ros.time.RemoteUptimeClock update
INFO: Latency: 31,0000 s, Delta ratio: 0,5000, Drift: 2,000, Error reduction coefficient: 0,000, Error: 0,0000 s
abr 04, 2013 12:33:11 PM org.ros.time.RemoteUptimeClock update
INFO: Latency: 31,0000 s, Delta ratio: 0,5000, Drift: 2,000, Error reduction coefficient: 0,000, Error: 0,0000 s
abr 04, 2013 12:33:11 PM org.ros.time.RemoteUptimeClock update
INFO: Latency: 31,0000 s, Delta ratio: 0,5000, Drift: 2,000, Error reduction coefficient: 0,000, Error: 0,0000 s
abr 04, 2013 12:33:11 PM org.ros.time.RemoteUptimeClock update
INFO: Latency: 31,0000 s, Delta ratio: 0,5000, Drift: 2,000, Error reduction coefficient: 0,000, Error: 0,0000 s
abr 04, 2013 12:33:11 PM org.ros.time.RemoteUptimeClock update
INFO: Latency: 31,0000 s, Delta ratio: 0,5000, Drift: 2,000, Error reduction coefficient: 0,000, Error: 0,0000 s
abr 04, 2013 12:33:11 PM org.ros.time.RemoteUptimeClock update
INFO: Latency: 31,0000 s, Delta ratio: 0,5000, Drift: 2,000, Error reduction coefficient: 0,000, Error: 0,0000 s
abr 04, 2013 12:33:11 PM org.ros.time.RemoteUptimeClock update
INFO: Latency: 31,0000 s, Delta ratio: 0,5000, Drift: 2,000, Error reduction coefficient: 0,000, Error: 0,0000 s
abr 04, 2013 12:33:11 PM org.ros.time.RemoteUptimeClock update
INFO: Latency: 31,0000 s, Delta ratio: 0,5000, Drift: 2,000, Error reduction coefficient: 0,000, Error: 0,0000 s
abr 04, 2013 12:33:11 PM org.ros.time.RemoteUptimeClock update
INFO: Latency: 31,0000 s, Delta ratio: 0,5000, Drift: 2,000, Error reduction coefficient: 0,000, Error: 0,0000 s
abr 04, 2013 12:33:11 PM org.ros.time.RemoteUptimeClock update
INFO: Latency: 31,0000 s, Delta ratio: 0,5000, Drift: 2,000, Error reduction coefficient: 0,000, Error: 0,0000 s
abr 04, 2013 12:33:11 PM org.ros.time.RemoteUptimeClock update
INFO: Latency: 31,0000 s, Delta ratio: 0,5000, Drift: 2,000, Error reduction coefficient: 0,000, Error: 0,0000 s
abr 04, 2013 12:33:11 PM org.ros.time.RemoteUptimeClock update
INFO: Latency: 31,0000 s, Delta ratio: 0,5000, Drift: 2,000, Error reduction coefficient: 0,000, Error: 0,0000 s
abr 04, 2013 12:33:11 PM org.ros.time.RemoteUptimeClock update
INFO: Latency: 31,0000 s, Delta ratio: 0,5000, Drift: 2,000, Error reduction coefficient: 0,000, Error: 0,0000 s
abr 04, 2013 12:33:11 PM org.ros.time.RemoteUptimeClock update
INFO: Latency: 31,0000 s, Delta ratio: 0,5000, Drift: 2,000, Error reduction coefficient: 0,000, Error: 0,0000 s
abr 04, 2013 12:33:11 PM org.ros.time.RemoteUptimeClock update
INFO: Latency: 31,0000 s, Delta ratio: 0,5000, Drift: 2,000, Error reduction coefficient: 0,000, Error: 0,0000 s
abr 04, 2013 12:33:11 PM org.ros.time.RemoteUptimeClock update
INFO: Latency: 31,0000 s, Delta ratio: 0,5000, Drift: 2,000, Error reduction coefficient: 0,000, Error: 0,0000 s
abr 04, 2013 12:33:11 PM org.ros.time.RemoteUptimeClock update
INFO: Latency: 31,0000 s, Delta ratio: 0,5000, Drift: 2,000, Error reduction coefficient: 0,000, Error: 0,0000 s
abr 04, 2013 12:33:11 PM org.ros.time.RemoteUptimeClock update
INFO: Latency: 31,0000 s, Delta ratio: 0,5000, Drift: 2,000, Error reduction coefficient: 0,000, Error: 0,0000 s
abr 04, 2013 12:33:11 PM org.ros.time.RemoteUptimeClock update
INFO: Latency: 31,0000 s, Delta ratio: 0,5000, Drift: 2,000, Error reduction coefficient: 0,000, Error: 0,0000 s
abr 04, 2013 12:33:11 PM org.ros.time.RemoteUptimeClock update
INFO: Latency: 31,0000 s, Delta ratio: 0,5000, Drift: 2,000, Error reduction coefficient: 0,000, Error: 0,0000 s
abr 04, 2013 12:33:11 PM org.ros.time.RemoteUptimeClock update
INFO: Latency: 31,0000 s, Delta ratio: 0,5000, Drift: 2,000, Error reduction coefficient: 0,000, Error: 0,0000 s
abr 04, 2013 12:33:11 PM org.ros.time.RemoteUptimeClock update
INFO: Latency: 31,0000 s, Delta ratio: 0,5000, Drift: 2,000, Error reduction coefficient: 0,000, Error: 0,0000 s
abr 04, 2013 12:33:11 PM org.ros.time.RemoteUptimeClock update
INFO: Latency: 31,0000 s, Delta ratio: 0,5000, Drift: 2,000, Error reduction coefficient: 0,000, Error: 0,0000 s
abr 04, 2013 12:33:11 PM org.ros.time.RemoteUptimeClock update
INFO: Latency: 31,0000 s, Delta ratio: 0,5000, Drift: 2,000, Error reduction coefficient: 0,000, Error: 0,0000 s
abr 04, 2013 12:33:11 PM org.ros.time.RemoteUptimeClock update
INFO: Latency: 31,0000 s, Delta ratio: 0,5000, Drift: 2,000, Error reduction coefficient: 0,000, Error: 0,0000 s
abr 04, 2013 12:33:11 PM org.ros.time.RemoteUptimeClock update
INFO: Latency: 31,0000 s, Delta ratio: 0,5000, Drift: 2,000, Error reduction coefficient: 0,000, Error: 0,0000 s
abr 04, 2013 12:33:11 PM org.ros.time.RemoteUptimeClock update
INFO: Latency: 31,0000 s, Delta ratio: 0,5000, Drift: 2,000, Error reduction coefficient: 0,000, Error: 0,0000 s
abr 04, 2013 12:33:11 PM org.ros.time.RemoteUptimeClock update
INFO: Latency: 31,0000 s, Delta ratio: 0,5000, Drift: 2,000, Error reduction coefficient: 0,000, Error: 0,0000 s
abr 04, 2013 12:33:11 PM org.ros.time.RemoteUptimeClock update
INFO: Latency: 31,0000 s, Delta ratio: 0,5000, Drift: 2,000, Error reduction coefficient: 0,000, Error: 0,0000 s
abr 04, 2013 12:33:11 PM org.ros.time.RemoteUptimeClock update
INFO: Latency: 31,0000 s, Delta ratio: 0,5000, Drift: 2,000, Error reduction coefficient: 0,000, Error: 0,0000 s
abr 04, 2013 12:33:11 PM org.ros.time.RemoteUptimeClock update
INFO: Latency: 31,0000 s, Delta ratio: 0,5000, Drift: 2,000, Error reduction coefficient: 0,000, Error: 0,0000 s
abr 04, 2013 12:33:11 PM org.ros.time.RemoteUptimeClock update
INFO: Latency: 31,0000 s, Delta ratio: 0,5000, Drift: 2,000, Error reduction coefficient: 0,000, Error: 0,0000 s
abr 04, 2013 12:33:11 PM org.ros.time.RemoteUptimeClock update
INFO: Latency: 31,0000 s, Delta ratio: 0,5000, Drift: 2,000, Error reduction coefficient: 0,000, Error: 0,0000 s
abr 04, 2013 12:33:11 PM org.ros.time.RemoteUptimeClock update
INFO: Latency: 31,0000 s, Delta ratio: 0,5000, Drift: 2,000, Error reduction coefficient: 0,000, Error: 0,0000 s
abr 04, 2013 12:33:11 PM org.ros.time.RemoteUptimeClock update
INFO: Latency: 31,0000 s, Delta ratio: 0,5000, Drift: 2,000, Error reduction coefficient: 0,000, Error: 0,0000 s
abr 04, 2013 12:33:11 PM org.ros.time.RemoteUptimeClock update
INFO: Latency: 31,0000 s, Delta ratio: 0,5000, Drift: 2,000, Error reduction coefficient: 0,000, Error: 0,0000 s
abr 04, 2013 12:33:11 PM org.ros.time.RemoteUptimeClock update
INFO: Latency: 31,0000 s, Delta ratio: 0,5000, Drift: 2,000, Error reduction coefficient: 0,000, Error: 0,0000 s
abr 04, 2013 12:33:11 PM org.ros.time.RemoteUptimeClock update
INFO: Latency: 31,0000 s, Delta ratio: 0,5000, Drift: 2,000, Error reduction coefficient: 0,000, Error: 0,0000 s
abr 04, 2013 12:33:11 PM org.ros.time.RemoteUptimeClock update
INFO: Latency: 31,0000 s, Delta ratio: 0,5000, Drift: 2,000, Error reduction coefficient: 0,000, Error: 0,0000 s
abr 04, 2013 12:33:11 PM org.ros.time.RemoteUptimeClock update
INFO: Latency: 31,0000 s, Delta ratio: 0,5000, Drift: 2,000, Error reduction coefficient: 0,000, Error: 0,0000 s
abr 04, 2013 12:33:11 PM org.ros.time.RemoteUptimeClock update
INFO: Latency: 31,0000 s, Delta ratio: 0,5000, Drift: 2,000, Error reduction coefficient: 0,000, Error: 0,0000 s
abr 04, 2013 12:33:11 PM org.ros.time.RemoteUptimeClock update
INFO: Latency: 31,0000 s, Delta ratio: 0,5000, Drift: 2,000, Error reduction coefficient: 0,000, Error: 0,0000 s
abr 04, 2013 12:33:11 PM org.ros.time.RemoteUptimeClock update
INFO: Latency: 31,0000 s, Delta ratio: 0,5000, Drift: 2,000, Error reduction coefficient: 0,000, Error: 0,0000 s
abr 04, 2013 12:33:11 PM org.ros.time.RemoteUptimeClock update
INFO: Latency: 31,0000 s, Delta ratio: 0,5000, Drift: 2,000, Error reduction coefficient: 0,000, Error: 0,0000 s
abr 04, 2013 12:33:11 PM org.ros.time.RemoteUptimeClock update
INFO: Latency: 31,0000 s, Delta ratio: 0,5000, Drift: 2,000, Error reduction coefficient: 0,000, Error: 0,0000 s
abr 04, 2013 12:33:11 PM org.ros.time.RemoteUptimeClock update
INFO: Latency: 31,0000 s, Delta ratio: 0,5000, Drift: 2,000, Error reduction coefficient: 0,000, Error: 0,0000 s
abr 04, 2013 12:33:11 PM org.ros.time.RemoteUptimeClock update
INFO: Latency: 31,0000 s, Delta ratio: 0,5000, Drift: 2,000, Error reduction coefficient: 0,000, Error: 0,0000 s
abr 04, 2013 12:33:11 PM org.ros.time.RemoteUptimeClock update
INFO: Latency: 31,0000 s, Delta ratio: 0,5000, Drift: 2,000, Error reduction coefficient: 0,000, Error: 0,0000 s
abr 04, 2013 12:33:11 PM org.ros.time.RemoteUptimeClock update
INFO: Latency: 31,0000 s, Delta ratio: 0,5000, Drift: 2,000, Error reduction coefficient: 0,000, Error: 0,0000 s
abr 04, 2013 12:33:11 PM org.ros.time.RemoteUptimeClock update
INFO: Latency: 31,0000 s, Delta ratio: 0,5000, Drift: 2,000, Error reduction coefficient: 0,000, Error: 0,0000 s
abr 04, 2013 12:33:11 PM org.ros.time.RemoteUptimeClock update
INFO: Latency: 31,0000 s, Delta ratio: 0,5000, Drift: 2,000, Error reduction coefficient: 0,000, Error: 0,0000 s
abr 04, 2013 12:33:11 PM org.ros.time.RemoteUptimeClock update
INFO: Latency: 31,0000 s, Delta ratio: 0,5000, Drift: 2,000, Error reduction coefficient: 0,000, Error: 0,0000 s
abr 04, 2013 12:33:11 PM org.ros.time.RemoteUptimeClock update
INFO: Latency: 31,0000 s, Delta ratio: 0,5000, Drift: 2,000, Error reduction coefficient: 0,000, Error: 0,0000 s
abr 04, 2013 12:33:11 PM org.ros.time.RemoteUptimeClock update
INFO: Latency: 31,0000 s, Delta ratio: 0,5000, Drift: 2,000, Error reduction coefficient: 0,000, Error: 0,0000 s
abr 04, 2013 12:33:11 PM org.ros.time.RemoteUptimeClock update
INFO: Latency: 31,0000 s, Delta ratio: 0,5000, Drift: 2,000, Error reduction coefficient: 0,000, Error: 0,0000 s
abr 04, 2013 12:33:11 PM org.ros.time.RemoteUptimeClock update
INFO: Latency: 31,0000 s, Delta ratio: 0,5000, Drift: 2,000, Error reduction coefficient: 0,000, Error: 0,0000 s
abr 04, 2013 12:33:11 PM org.ros.time.RemoteUptimeClock update
INFO: Latency: 31,0000 s, Delta ratio: 0,5000, Drift: 2,000, Error reduction coefficient: 0,000, Error: 0,0000 s
abr 04, 2013 12:33:11 PM org.ros.time.RemoteUptimeClock update
INFO: Latency: 31,0000 s, Delta ratio: 0,5000, Drift: 2,000, Error reduction coefficient: 0,000, Error: 0,0000 s
abr 04, 2013 12:33:11 PM org.ros.time.RemoteUptimeClock update
INFO: Latency: 31,0000 s, Delta ratio: 0,5000, Drift: 2,000, Error reduction coefficient: 0,000, Error: 0,0000 s
abr 04, 2013 12:33:11 PM org.ros.time.RemoteUptimeClock update
INFO: Latency: 31,0000 s, Delta ratio: 0,5000, Drift: 2,000, Error reduction coefficient: 0,000, Error: 0,0000 s
abr 04, 2013 12:33:11 PM org.ros.time.RemoteUptimeClock update
INFO: Latency: 31,0000 s, Delta ratio: 0,5000, Drift: 2,000, Error reduction coefficient: 0,000, Error: 0,0000 s
abr 04, 2013 12:33:11 PM org.ros.time.RemoteUptimeClock update
INFO: Latency: 31,0000 s, Delta ratio: 0,5000, Drift: 2,000, Error reduction coefficient: 0,000, Error: 0,0000 s
abr 04, 2013 12:33:11 PM org.ros.time.RemoteUptimeClock update
INFO: Latency: 31,0000 s, Delta ratio: 0,5000, Drift: 2,000, Error reduction coefficient: 0,000, Error: 0,0000 s
abr 04, 2013 12:33:11 PM org.ros.time.RemoteUptimeClock update
INFO: Latency: 31,0000 s, Delta ratio: 0,5000, Drift: 2,000, Error reduction coefficient: 0,000, Error: 0,0000 s
abr 04, 2013 12:33:11 PM org.ros.time.RemoteUptimeClock update
INFO: Latency: 31,0000 s, Delta ratio: 0,5000, Drift: 2,000, Error reduction coefficient: 0,000, Error: 0,0000 s
abr 04, 2013 12:33:11 PM org.ros.time.RemoteUptimeClock update
INFO: Latency: 31,0000 s, Delta ratio: 0,5000, Drift: 2,000, Error reduction coefficient: 0,000, Error: 0,0000 s
abr 04, 2013 12:33:11 PM org.ros.time.RemoteUptimeClock update
INFO: Latency: 31,0000 s, Delta ratio: 0,5000, Drift: 2,000, Error reduction coefficient: 0,000, Error: 0,0000 s
abr 04, 2013 12:33:11 PM org.ros.time.RemoteUptimeClock update
INFO: Latency: 31,0000 s, Delta ratio: 0,5000, Drift: 2,000, Error reduction coefficient: 0,000, Error: 0,0000 s
abr 04, 2013 12:33:11 PM org.ros.time.RemoteUptimeClock update
INFO: Latency: 31,0000 s, Delta ratio: 0,5000, Drift: 2,000, Error reduction coefficient: 0,000, Error: 0,0000 s
abr 04, 2013 12:33:11 PM org.ros.time.RemoteUptimeClock update
INFO: Latency: 31,0000 s, Delta ratio: 0,5000, Drift: 2,000, Error reduction coefficient: 0,000, Error: 0,0000 s
abr 04, 2013 12:33:11 PM org.ros.time.RemoteUptimeClock update
INFO: Latency: 31,0000 s, Delta ratio: 0,5000, Drift: 2,000, Error reduction coefficient: 0,000, Error: 0,0000 s
abr 04, 2013 12:33:11 PM org.ros.time.RemoteUptimeClock update
INFO: Latency: 31,0000 s, Delta ratio: 0,5000, Drift: 2,000, Error reduction coefficient: 0,000, Error: 0,0000 s
abr 04, 2013 12:33:11 PM org.ros.time.RemoteUptimeClock update
INFO: Latency: 31,0000 s, Delta ratio: 0,5000, Drift: 2,000, Error reduction coefficient: 0,000, Error: 0,0000 s
abr 04, 2013 12:33:11 PM org.ros.time.RemoteUptimeClock update
INFO: Latency: 31,0000 s, Delta ratio: 0,5000, Drift: 2,000, Error reduction coefficient: 0,000, Error: 0,0000 s
abr 04, 2013 12:33:11 PM org.ros.time.RemoteUptimeClock update
INFO: Latency: 31,0000 s, Delta ratio: 0,5000, Drift: 2,000, Error reduction coefficient: 0,000, Error: 0,0000 s
abr 04, 2013 12:33:11 PM org.ros.time.RemoteUptimeClock update
INFO: Latency: 31,0000 s, Delta ratio: 0,5000, Drift: 2,000, Error reduction coefficient: 0,000, Error: 0,0000 s
abr 04, 2013 12:33:11 PM org.ros.time.RemoteUptimeClock update
INFO: Latency: 31,0000 s, Delta ratio: 0,5000, Drift: 2,000, Error reduction coefficient: 0,000, Error: 0,0000 s
abr 04, 2013 12:33:11 PM org.ros.time.RemoteUptimeClock update
INFO: Latency: 31,0000 s, Delta ratio: 0,5000, Drift: 2,000, Error reduction coefficient: 0,000, Error: 0,0000 s
abr 04, 2013 12:33:11 PM org.ros.time.RemoteUptimeClock update
INFO: Latency: 31,0000 s, Delta ratio: 0,5000, Drift: 2,000, Error reduction coefficient: 0,000, Error: 0,0000 s
abr 04, 2013 12:33:11 PM org.ros.time.RemoteUptimeClock update
INFO: Latency: 31,0000 s, Delta ratio: 0,5000, Drift: 2,000, Error reduction coefficient: 0,000, Error: 0,0000 s
abr 04, 2013 12:33:11 PM org.ros.time.RemoteUptimeClock update
INFO: Latency: 31,0000 s, Delta ratio: 0,5000, Drift: 2,000, Error reduction coefficient: 0,000, Error: 0,0000 s
abr 04, 2013 12:33:11 PM org.ros.time.RemoteUptimeClock update
INFO: Latency: 31,0000 s, Delta ratio: 0,5000, Drift: 2,000, Error reduction coefficient: 0,000, Error: 0,0000 s
abr 04, 2013 12:33:11 PM org.ros.time.RemoteUptimeClock update
INFO: Latency: 31,0000 s, Delta ratio: 0,5000, Drift: 2,000, Error reduction coefficient: 0,000, Error: 0,0000 s
abr 04, 2013 12:33:11 PM org.ros.time.RemoteUptimeClock update
INFO: Latency: 31,0000 s, Delta ratio: 0,5000, Drift: 2,000, Error reduction coefficient: 0,000, Error: 0,0000 s
abr 04, 2013 12:33:11 PM org.ros.time.RemoteUptimeClock update
INFO: Latency: 31,0000 s, Delta ratio: 0,5000, Drift: 2,000, Error reduction coefficient: 0,000, Error: 0,0000 s
abr 04, 2013 12:33:11 PM org.ros.time.RemoteUptimeClock update
INFO: Latency: 31,0000 s, Delta ratio: 0,5000, Drift: 2,000, Error reduction coefficient: 0,000, Error: 0,0000 s
abr 04, 2013 12:33:11 PM org.ros.time.RemoteUptimeClock update
INFO: Latency: 31,0000 s, Delta ratio: 0,5000, Drift: 2,000, Error reduction coefficient: 0,000, Error: 0,0000 s
abr 04, 2013 12:33:11 PM org.ros.time.RemoteUptimeClock update
INFO: Latency: 31,0000 s, Delta ratio: 0,5000, Drift: 2,000, Error reduction coefficient: 0,000, Error: 0,0000 s
abr 04, 2013 12:33:11 PM org.ros.time.RemoteUptimeClock update
INFO: Latency: 31,0000 s, Delta ratio: 0,5000, Drift: 2,000, Error reduction coefficient: 0,000, Error: 0,0000 s
abr 04, 2013 12:33:11 PM org.ros.time.RemoteUptimeClock update
INFO: Latency: 31,0000 s, Delta ratio: 0,5000, Drift: 2,000, Error reduction coefficient: 0,000, Error: 0,0000 s
abr 04, 2013 12:33:11 PM org.ros.time.RemoteUptimeClock update
INFO: Latency: 31,0000 s, Delta ratio: 0,5000, Drift: 2,000, Error reduction coefficient: 0,000, Error: 0,0000 s
abr 04, 2013 12:33:11 PM org.ros.time.RemoteUptimeClock update
INFO: Latency: 31,0000 s, Delta ratio: 0,5000, Drift: 2,000, Error reduction coefficient: 0,000, Error: 0,0000 s
abr 04, 2013 12:33:11 PM org.ros.time.RemoteUptimeClock update
INFO: Latency: 31,0000 s, Delta ratio: 0,5000, Drift: 2,000, Error reduction coefficient: 0,000, Error: 0,0000 s
abr 04, 2013 12:33:11 PM org.ros.time.RemoteUptimeClock update
INFO: Latency: 31,0000 s, Delta ratio: 0,5000, Drift: 2,000, Error reduction coefficient: 0,000, Error: 0,0000 s
abr 04, 2013 12:33:11 PM org.ros.time.RemoteUptimeClock update
INFO: Latency: 31,0000 s, Delta ratio: 0,5000, Drift: 2,000, Error reduction coefficient: 0,000, Error: 0,0000 s
abr 04, 2013 12:33:11 PM org.ros.time.RemoteUptimeClock update
INFO: Latency: 31,0000 s, Delta ratio: 0,5000, Drift: 2,000, Error reduction coefficient: 0,000, Error: 0,0000 s
abr 04, 2013 12:33:11 PM org.ros.time.RemoteUptimeClock update
INFO: Latency: 31,0000 s, Delta ratio: 0,5000, Drift: 2,000, Error reduction coefficient: 0,000, Error: 0,0000 s
abr 04, 2013 12:33:11 PM org.ros.time.RemoteUptimeClock update
INFO: Latency: 31,0000 s, Delta ratio: 0,5000, Drift: 2,000, Error reduction coefficient: 0,000, Error: 0,0000 s
abr 04, 2013 12:33:11 PM org.ros.time.RemoteUptimeClock update
INFO: Latency: 31,0000 s, Delta ratio: 0,5000, Drift: 2,000, Error reduction coefficient: 0,000, Error: 0,0000 s
abr 04, 2013 12:33:11 PM org.ros.time.RemoteUptimeClock update
INFO: Latency: 31,0000 s, Delta ratio: 0,5000, Drift: 2,000, Error reduction coefficient: 0,000, Error: 0,0000 s
abr 04, 2013 12:33:11 PM org.ros.time.RemoteUptimeClock update
INFO: Latency: 31,0000 s, Delta ratio: 0,5000, Drift: 2,000, Error reduction coefficient: 0,000, Error: 0,0000 s
abr 04, 2013 12:33:11 PM org.ros.time.RemoteUptimeClock update
INFO: Latency: 31,0000 s, Delta ratio: 0,5000, Drift: 2,000, Error reduction coefficient: 0,000, Error: 0,0000 s
abr 04, 2013 12:33:11 PM org.ros.time.RemoteUptimeClock update
INFO: Latency: 31,0000 s, Delta ratio: 0,5000, Drift: 2,000, Error reduction coefficient: 0,000, Error: 0,0000 s
abr 04, 2013 12:33:11 PM org.ros.time.RemoteUptimeClock update
INFO: Latency: 31,0000 s, Delta ratio: 0,5000, Drift: 2,000, Error reduction coefficient: 0,000, Error: 0,0000 s
abr 04, 2013 12:33:11 PM org.ros.time.RemoteUptimeClock update
INFO: Latency: 31,0000 s, Delta ratio: 0,5000, Drift: 2,000, Error reduction coefficient: 0,000, Error: 0,0000 s
abr 04, 2013 12:33:11 PM org.ros.time.RemoteUptimeClock update
INFO: Latency: 31,0000 s, Delta ratio: 0,5000, Drift: 2,000, Error reduction coefficient: 0,000, Error: 0,0000 s
abr 04, 2013 12:33:11 PM org.ros.time.RemoteUptimeClock update
INFO: Latency: 31,0000 s, Delta ratio: 0,5000, Drift: 2,000, Error reduction coefficient: 0,000, Error: 0,0000 s
abr 04, 2013 12:33:11 PM org.ros.time.RemoteUptimeClock update
INFO: Latency: 31,0000 s, Delta ratio: 0,5000, Drift: 2,000, Error reduction coefficient: 0,000, Error: 0,0000 s
abr 04, 2013 12:33:11 PM org.ros.time.RemoteUptimeClock update
INFO: Latency: 31,0000 s, Delta ratio: 0,5000, Drift: 2,000, Error reduction coefficient: 0,000, Error: 0,0000 s
abr 04, 2013 12:33:11 PM org.ros.time.RemoteUptimeClock update
INFO: Latency: 31,0000 s, Delta ratio: 0,5000, Drift: 2,000, Error reduction coefficient: 0,000, Error: 0,0000 s
abr 04, 2013 12:33:11 PM org.ros.time.RemoteUptimeClock update
INFO: Latency: 31,0000 s, Delta ratio: 0,5000, Drift: 2,000, Error reduction coefficient: 0,000, Error: 0,0000 s
abr 04, 2013 12:33:11 PM org.ros.time.RemoteUptimeClock update
INFO: Latency: 31,0000 s, Delta ratio: 0,5000, Drift: 2,000, Error reduction coefficient: 0,000, Error: 0,0000 s
abr 04, 2013 12:33:11 PM org.ros.time.RemoteUptimeClock update
INFO: Latency: 31,0000 s, Delta ratio: 0,5000, Drift: 2,000, Error reduction coefficient: 0,000, Error: 0,0000 s
abr 04, 2013 12:33:11 PM org.ros.time.RemoteUptimeClock update
INFO: Latency: 31,0000 s, Delta ratio: 0,5000, Drift: 2,000, Error reduction coefficient: 0,000, Error: 0,0000 s
abr 04, 2013 12:33:11 PM org.ros.time.RemoteUptimeClock update
INFO: Latency: 31,0000 s, Delta ratio: 0,5000, Drift: 2,000, Error reduction coefficient: 0,000, Error: 0,0000 s
abr 04, 2013 12:33:11 PM org.ros.time.RemoteUptimeClock update
INFO: Latency: 31,0000 s, Delta ratio: 0,5000, Drift: 2,000, Error reduction coefficient: 0,000, Error: 0,0000 s
abr 04, 2013 12:33:11 PM org.ros.time.RemoteUptimeClock update
INFO: Latency: 31,0000 s, Delta ratio: 0,5000, Drift: 2,000, Error reduction coefficient: 0,000, Error: 0,0000 s
abr 04, 2013 12:33:11 PM org.ros.time.RemoteUptimeClock update
INFO: Latency: 31,0000 s, Delta ratio: 0,5000, Drift: 2,000, Error reduction coefficient: 0,000, Error: 0,0000 s
abr 04, 2013 12:33:11 PM org.ros.time.RemoteUptimeClock update
INFO: Latency: 31,0000 s, Delta ratio: 0,5000, Drift: 2,000, Error reduction coefficient: 0,000, Error: 0,0000 s
abr 04, 2013 12:33:11 PM org.ros.time.RemoteUptimeClock update
INFO: Latency: 31,0000 s, Delta ratio: 0,5000, Drift: 2,000, Error reduction coefficient: 0,000, Error: 0,0000 s
abr 04, 2013 12:33:11 PM org.ros.time.RemoteUptimeClock update
INFO: Latency: 31,0000 s, Delta ratio: 0,5000, Drift: 2,000, Error reduction coefficient: 0,000, Error: 0,0000 s
abr 04, 2013 12:33:11 PM org.ros.time.RemoteUptimeClock update
INFO: Latency: 31,0000 s, Delta ratio: 0,5000, Drift: 2,000, Error reduction coefficient: 0,000, Error: 0,0000 s
abr 04, 2013 12:33:11 PM org.ros.time.RemoteUptimeClock update
INFO: Latency: 31,0000 s, Delta ratio: 0,5000, Drift: 2,000, Error reduction coefficient: 0,000, Error: 0,0000 s
abr 04, 2013 12:33:11 PM org.ros.time.RemoteUptimeClock update
INFO: Latency: 31,0000 s, Delta ratio: 0,5000, Drift: 2,000, Error reduction coefficient: 0,000, Error: 0,0000 s
abr 04, 2013 12:33:11 PM org.ros.time.RemoteUptimeClock update
INFO: Latency: 31,0000 s, Delta ratio: 0,5000, Drift: 2,000, Error reduction coefficient: 0,000, Error: 0,0000 s
abr 04, 2013 12:33:11 PM org.ros.time.RemoteUptimeClock update
INFO: Latency: 31,0000 s, Delta ratio: 0,5000, Drift: 2,000, Error reduction coefficient: 0,000, Error: 0,0000 s
abr 04, 2013 12:33:11 PM org.ros.time.RemoteUptimeClock update
INFO: Latency: 31,0000 s, Delta ratio: 0,5000, Drift: 2,000, Error reduction coefficient: 0,000, Error: 0,0000 s
abr 04, 2013 12:33:11 PM org.ros.time.RemoteUptimeClock update
INFO: Latency: 31,0000 s, Delta ratio: 0,5000, Drift: 2,000, Error reduction coefficient: 0,000, Error: 0,0000 s
abr 04, 2013 12:33:11 PM org.ros.time.RemoteUptimeClock update
INFO: Latency: 31,0000 s, Delta ratio: 0,5000, Drift: 2,000, Error reduction coefficient: 0,000, Error: 0,0000 s
abr 04, 2013 12:33:11 PM org.ros.time.RemoteUptimeClock update
INFO: Latency: 31,0000 s, Delta ratio: 0,5000, Drift: 2,000, Error reduction coefficient: 0,000, Error: 0,0000 s
abr 04, 2013 12:33:11 PM org.ros.time.RemoteUptimeClock update
INFO: Latency: 31,0000 s, Delta ratio: 0,5000, Drift: 2,000, Error reduction coefficient: 0,000, Error: 0,0000 s
abr 04, 2013 12:33:11 PM org.ros.time.RemoteUptimeClock update
INFO: Latency: 31,0000 s, Delta ratio: 0,5000, Drift: 2,000, Error reduction coefficient: 0,000, Error: 0,0000 s
abr 04, 2013 12:33:11 PM org.ros.time.RemoteUptimeClock update
INFO: Latency: 31,0000 s, Delta ratio: 0,5000, Drift: 2,000, Error reduction coefficient: 0,000, Error: 0,0000 s
abr 04, 2013 12:33:11 PM org.ros.time.RemoteUptimeClock update
INFO: Latency: 31,0000 s, Delta ratio: 0,5000, Drift: 2,000, Error reduction coefficient: 0,000, Error: 0,0000 s
abr 04, 2013 12:33:11 PM org.ros.time.RemoteUptimeClock update
INFO: Latency: 31,0000 s, Delta ratio: 0,5000, Drift: 2,000, Error reduction coefficient: 0,000, Error: 0,0000 s
abr 04, 2013 12:33:11 PM org.ros.time.RemoteUptimeClock update
INFO: Latency: 31,0000 s, Delta ratio: 0,5000, Drift: 2,000, Error reduction coefficient: 0,000, Error: 0,0000 s
abr 04, 2013 12:33:11 PM org.ros.time.RemoteUptimeClock update
INFO: Latency: 31,0000 s, Delta ratio: 0,5000, Drift: 2,000, Error reduction coefficient: 0,000, Error: 0,0000 s
abr 04, 2013 12:33:11 PM org.ros.time.RemoteUptimeClock update
INFO: Latency: 31,0000 s, Delta ratio: 0,5000, Drift: 2,000, Error reduction coefficient: 0,000, Error: 0,0000 s
abr 04, 2013 12:33:11 PM org.ros.time.RemoteUptimeClock update
INFO: Latency: 31,0000 s, Delta ratio: 0,5000, Drift: 2,000, Error reduction coefficient: 0,000, Error: 0,0000 s
abr 04, 2013 12:33:11 PM org.ros.time.RemoteUptimeClock update
INFO: Latency: 31,0000 s, Delta ratio: 0,5000, Drift: 2,000, Error reduction coefficient: 0,000, Error: 0,0000 s
abr 04, 2013 12:33:11 PM org.ros.time.RemoteUptimeClock update
INFO: Latency: 31,0000 s, Delta ratio: 0,5000, Drift: 2,000, Error reduction coefficient: 0,000, Error: 0,0000 s
abr 04, 2013 12:33:11 PM org.ros.time.RemoteUptimeClock update
INFO: Latency: 31,0000 s, Delta ratio: 0,5000, Drift: 2,000, Error reduction coefficient: 0,000, Error: 0,0000 s
abr 04, 2013 12:33:11 PM org.ros.time.RemoteUptimeClock update
INFO: Latency: 31,0000 s, Delta ratio: 0,5000, Drift: 2,000, Error reduction coefficient: 0,000, Error: 0,0000 s
abr 04, 2013 12:33:11 PM org.ros.time.RemoteUptimeClock update
INFO: Latency: 31,0000 s, Delta ratio: 0,5000, Drift: 2,000, Error reduction coefficient: 0,000, Error: 0,0000 s
abr 04, 2013 12:33:11 PM org.ros.time.RemoteUptimeClock update
INFO: Latency: 31,0000 s, Delta ratio: 0,5000, Drift: 2,000, Error reduction coefficient: 0,000, Error: 0,0000 s
abr 04, 2013 12:33:11 PM org.ros.time.RemoteUptimeClock update
INFO: Latency: 31,0000 s, Delta ratio: 0,5000, Drift: 2,000, Error reduction coefficient: 0,000, Error: 0,0000 s
abr 04, 2013 12:33:11 PM org.ros.time.RemoteUptimeClock update
INFO: Latency: 31,0000 s, Delta ratio: 0,5000, Drift: 2,000, Error reduction coefficient: 0,000, Error: 0,0000 s
abr 04, 2013 12:33:11 PM org.ros.time.RemoteUptimeClock update
INFO: Latency: 31,0000 s, Delta ratio: 0,5000, Drift: 2,000, Error reduction coefficient: 0,000, Error: 0,0000 s
abr 04, 2013 12:33:11 PM org.ros.time.RemoteUptimeClock update
INFO: Latency: 31,0000 s, Delta ratio: 0,5000, Drift: 2,000, Error reduction coefficient: 0,000, Error: 0,0000 s
abr 04, 2013 12:33:11 PM org.ros.time.RemoteUptimeClock update
INFO: Latency: 31,0000 s, Delta ratio: 0,5000, Drift: 2,000, Error reduction coefficient: 0,000, Error: 0,0000 s
abr 04, 2013 12:33:11 PM org.ros.time.RemoteUptimeClock update
INFO: Latency: 31,0000 s, Delta ratio: 0,5000, Drift: 2,000, Error reduction coefficient: 0,000, Error: 0,0000 s
abr 04, 2013 12:33:11 PM org.ros.time.RemoteUptimeClock update
INFO: Latency: 31,0000 s, Delta ratio: 0,5000, Drift: 2,000, Error reduction coefficient: 0,000, Error: 0,0000 s
abr 04, 2013 12:33:11 PM org.ros.time.RemoteUptimeClock update
INFO: Latency: 31,0000 s, Delta ratio: 0,5000, Drift: 2,000, Error reduction coefficient: 0,000, Error: 0,0000 s
abr 04, 2013 12:33:11 PM org.ros.time.RemoteUptimeClock update
INFO: Latency: 31,0000 s, Delta ratio: 0,5000, Drift: 2,000, Error reduction coefficient: 0,000, Error: 0,0000 s
abr 04, 2013 12:33:11 PM org.ros.time.RemoteUptimeClock update
INFO: Latency: 31,0000 s, Delta ratio: 0,5000, Drift: 2,000, Error reduction coefficient: 0,000, Error: 0,0000 s
abr 04, 2013 12:33:11 PM org.ros.time.RemoteUptimeClock update
INFO: Latency: 31,0000 s, Delta ratio: 0,5000, Drift: 2,000, Error reduction coefficient: 0,000, Error: 0,0000 s
abr 04, 2013 12:33:11 PM org.ros.time.RemoteUptimeClock update
INFO: Latency: 31,0000 s, Delta ratio: 0,5000, Drift: 2,000, Error reduction coefficient: 0,000, Error: 0,0000 s
abr 04, 2013 12:33:11 PM org.ros.time.RemoteUptimeClock update
INFO: Latency: 31,0000 s, Delta ratio: 0,5000, Drift: 2,000, Error reduction coefficient: 0,000, Error: 0,0000 s
abr 04, 2013 12:33:11 PM org.ros.time.RemoteUptimeClock update
INFO: Latency: 31,0000 s, Delta ratio: 0,5000, Drift: 2,000, Error reduction coefficient: 0,000, Error: 0,0000 s
abr 04, 2013 12:33:11 PM org.ros.time.RemoteUptimeClock update
INFO: Latency: 31,0000 s, Delta ratio: 0,5000, Drift: 2,000, Error reduction coefficient: 0,000, Error: 0,0000 s
abr 04, 2013 12:33:11 PM org.ros.time.RemoteUptimeClock update
INFO: Latency: 31,0000 s, Delta ratio: 0,5000, Drift: 2,000, Error reduction coefficient: 0,000, Error: 0,0000 s
abr 04, 2013 12:33:11 PM org.ros.time.RemoteUptimeClock update
INFO: Latency: 31,0000 s, Delta ratio: 0,5000, Drift: 2,000, Error reduction coefficient: 0,000, Error: 0,0000 s
abr 04, 2013 12:33:11 PM org.ros.time.RemoteUptimeClock update
INFO: Latency: 31,0000 s, Delta ratio: 0,5000, Drift: 2,000, Error reduction coefficient: 0,000, Error: 0,0000 s
abr 04, 2013 12:33:11 PM org.ros.time.RemoteUptimeClock update
INFO: Latency: 31,0000 s, Delta ratio: 0,5000, Drift: 2,000, Error reduction coefficient: 0,000, Error: 0,0000 s
abr 04, 2013 12:33:11 PM org.ros.time.RemoteUptimeClock update
INFO: Latency: 31,0000 s, Delta ratio: 0,5000, Drift: 2,000, Error reduction coefficient: 0,000, Error: 0,0000 s
abr 04, 2013 12:33:11 PM org.ros.time.RemoteUptimeClock update
INFO: Latency: 31,0000 s, Delta ratio: 0,5000, Drift: 2,000, Error reduction coefficient: 0,000, Error: 0,0000 s
abr 04, 2013 12:33:11 PM org.ros.time.RemoteUptimeClock update
INFO: Latency: 31,0000 s, Delta ratio: 0,5000, Drift: 2,000, Error reduction coefficient: 0,000, Error: 0,0000 s
abr 04, 2013 12:33:11 PM org.ros.time.RemoteUptimeClock update
INFO: Latency: 31,0000 s, Delta ratio: 0,5000, Drift: 2,000, Error reduction coefficient: 0,000, Error: 0,0000 s
abr 04, 2013 12:33:11 PM org.ros.time.RemoteUptimeClock update
INFO: Latency: 31,0000 s, Delta ratio: 0,5000, Drift: 2,000, Error reduction coefficient: 0,000, Error: 0,0000 s
abr 04, 2013 12:33:11 PM org.ros.time.RemoteUptimeClock update
INFO: Latency: 31,0000 s, Delta ratio: 0,5000, Drift: 2,000, Error reduction coefficient: 0,000, Error: 0,0000 s
abr 04, 2013 12:33:11 PM org.ros.time.RemoteUptimeClock update
INFO: Latency: 31,0000 s, Delta ratio: 0,5000, Drift: 2,000, Error reduction coefficient: 0,000, Error: 0,0000 s
abr 04, 2013 12:33:11 PM org.ros.time.RemoteUptimeClock update
INFO: Latency: 31,0000 s, Delta ratio: 0,5000, Drift: 2,000, Error reduction coefficient: 0,000, Error: 0,0000 s
abr 04, 2013 12:33:11 PM org.ros.time.RemoteUptimeClock update
INFO: Latency: 31,0000 s, Delta ratio: 0,5000, Drift: 2,000, Error reduction coefficient: 0,000, Error: 0,0000 s
abr 04, 2013 12:33:11 PM org.ros.time.RemoteUptimeClock update
INFO: Latency: 31,0000 s, Delta ratio: 0,5000, Drift: 2,000, Error reduction coefficient: 0,000, Error: 0,0000 s
abr 04, 2013 12:33:11 PM org.ros.time.RemoteUptimeClock update
INFO: Latency: 31,0000 s, Delta ratio: 0,5000, Drift: 2,000, Error reduction coefficient: 0,000, Error: 0,0000 s
abr 04, 2013 12:33:11 PM org.ros.time.RemoteUptimeClock update
INFO: Latency: 31,0000 s, Delta ratio: 0,5000, Drift: 2,000, Error reduction coefficient: 0,000, Error: 0,0000 s
abr 04, 2013 12:33:11 PM org.ros.time.RemoteUptimeClock update
INFO: Latency: 31,0000 s, Delta ratio: 0,5000, Drift: 2,000, Error reduction coefficient: 0,000, Error: 0,0000 s
abr 04, 2013 12:33:11 PM org.ros.time.RemoteUptimeClock update
INFO: Latency: 31,0000 s, Delta ratio: 0,5000, Drift: 2,000, Error reduction coefficient: 0,000, Error: 0,0000 s
abr 04, 2013 12:33:11 PM org.ros.time.RemoteUptimeClock update
INFO: Latency: 31,0000 s, Delta ratio: 0,5000, Drift: 2,000, Error reduction coefficient: 0,000, Error: 0,0000 s
abr 04, 2013 12:33:11 PM org.ros.time.RemoteUptimeClock update
INFO: Latency: 31,0000 s, Delta ratio: 0,5000, Drift: 2,000, Error reduction coefficient: 0,000, Error: 0,0000 s
abr 04, 2013 12:33:11 PM org.ros.time.RemoteUptimeClock update
INFO: Latency: 31,0000 s, Delta ratio: 0,5000, Drift: 2,000, Error reduction coefficient: 0,000, Error: 0,0000 s
abr 04, 2013 12:33:11 PM org.ros.time.RemoteUptimeClock update
INFO: Latency: 31,0000 s, Delta ratio: 0,5000, Drift: 2,000, Error reduction coefficient: 0,000, Error: 0,0000 s
abr 04, 2013 12:33:11 PM org.ros.time.RemoteUptimeClock update
INFO: Latency: 31,0000 s, Delta ratio: 0,5000, Drift: 2,000, Error reduction coefficient: 0,000, Error: 0,0000 s
abr 04, 2013 12:33:11 PM org.ros.time.RemoteUptimeClock update
INFO: Latency: 31,0000 s, Delta ratio: 0,5000, Drift: 2,000, Error reduction coefficient: 0,000, Error: 0,0000 s
abr 04, 2013 12:33:11 PM org.ros.time.RemoteUptimeClock update
INFO: Latency: 31,0000 s, Delta ratio: 0,5000, Drift: 2,000, Error reduction coefficient: 0,000, Error: 0,0000 s
abr 04, 2013 12:33:11 PM org.ros.time.RemoteUptimeClock update
INFO: Latency: 31,0000 s, Delta ratio: 0,5000, Drift: 2,000, Error reduction coefficient: 0,000, Error: 0,0000 s
abr 04, 2013 12:33:11 PM org.ros.time.RemoteUptimeClock update
INFO: Latency: 31,0000 s, Delta ratio: 0,5000, Drift: 2,000, Error reduction coefficient: 0,000, Error: 0,0000 s
abr 04, 2013 12:33:11 PM org.ros.time.RemoteUptimeClock update
INFO: Latency: 31,0000 s, Delta ratio: 0,5000, Drift: 2,000, Error reduction coefficient: 0,000, Error: 0,0000 s
abr 04, 2013 12:33:11 PM org.ros.time.RemoteUptimeClock update
INFO: Latency: 31,0000 s, Delta ratio: 0,5000, Drift: 2,000, Error reduction coefficient: 0,000, Error: 0,0000 s
abr 04, 2013 12:33:11 PM org.ros.time.RemoteUptimeClock update
INFO: Latency: 31,0000 s, Delta ratio: 0,5000, Drift: 2,000, Error reduction coefficient: 0,000, Error: 0,0000 s
abr 04, 2013 12:33:11 PM org.ros.time.RemoteUptimeClock update
INFO: Latency: 31,0000 s, Delta ratio: 0,5000, Drift: 2,000, Error reduction coefficient: 0,000, Error: 0,0000 s
abr 04, 2013 12:33:11 PM org.ros.time.RemoteUptimeClock update
INFO: Latency: 31,0000 s, Delta ratio: 0,5000, Drift: 2,000, Error reduction coefficient: 0,000, Error: 0,0000 s
abr 04, 2013 12:33:11 PM org.ros.time.RemoteUptimeClock update
INFO: Latency: 31,0000 s, Delta ratio: 0,5000, Drift: 2,000, Error reduction coefficient: 0,000, Error: 0,0000 s
abr 04, 2013 12:33:11 PM org.ros.time.RemoteUptimeClock update
INFO: Latency: 31,0000 s, Delta ratio: 0,5000, Drift: 2,000, Error reduction coefficient: 0,000, Error: 0,0000 s
abr 04, 2013 12:33:11 PM org.ros.time.RemoteUptimeClock update
INFO: Latency: 31,0000 s, Delta ratio: 0,5000, Drift: 2,000, Error reduction coefficient: 0,000, Error: 0,0000 s
abr 04, 2013 12:33:11 PM org.ros.time.RemoteUptimeClock update
INFO: Latency: 31,0000 s, Delta ratio: 0,5000, Drift: 2,000, Error reduction coefficient: 0,000, Error: 0,0000 s
abr 04, 2013 12:33:11 PM org.ros.time.RemoteUptimeClock update
INFO: Latency: 31,0000 s, Delta ratio: 0,5000, Drift: 2,000, Error reduction coefficient: 0,000, Error: 0,0000 s
abr 04, 2013 12:33:11 PM org.ros.time.RemoteUptimeClock update
INFO: Latency: 31,0000 s, Delta ratio: 0,5000, Drift: 2,000, Error reduction coefficient: 0,000, Error: 0,0000 s
abr 04, 2013 12:33:11 PM org.ros.time.RemoteUptimeClock update
INFO: Latency: 31,0000 s, Delta ratio: 0,5000, Drift: 2,000, Error reduction coefficient: 0,000, Error: 0,0000 s
abr 04, 2013 12:33:11 PM org.ros.time.RemoteUptimeClock update
INFO: Latency: 31,0000 s, Delta ratio: 0,5000, Drift: 2,000, Error reduction coefficient: 0,000, Error: 0,0000 s
abr 04, 2013 12:33:11 PM org.ros.time.RemoteUptimeClock update
INFO: Latency: 31,0000 s, Delta ratio: 0,5000, Drift: 2,000, Error reduction coefficient: 0,000, Error: 0,0000 s
abr 04, 2013 12:33:11 PM org.ros.time.RemoteUptimeClock update
INFO: Latency: 31,0000 s, Delta ratio: 0,5000, Drift: 2,000, Error reduction coefficient: 0,000, Error: 0,0000 s
abr 04, 2013 12:33:11 PM org.ros.time.RemoteUptimeClock update
INFO: Latency: 31,0000 s, Delta ratio: 0,5000, Drift: 2,000, Error reduction coefficient: 0,000, Error: 0,0000 s
abr 04, 2013 12:33:11 PM org.ros.time.RemoteUptimeClock update
INFO: Latency: 31,0000 s, Delta ratio: 0,5000, Drift: 2,000, Error reduction coefficient: 0,000, Error: 0,0000 s
abr 04, 2013 12:33:11 PM org.ros.time.RemoteUptimeClock update
INFO: Latency: 31,0000 s, Delta ratio: 0,5000, Drift: 2,000, Error reduction coefficient: 0,000, Error: 0,0000 s
abr 04, 2013 12:33:11 PM org.ros.time.RemoteUptimeClock update
INFO: Latency: 31,0000 s, Delta ratio: 0,5000, Drift: 2,000, Error reduction coefficient: 0,000, Error: 0,0000 s
abr 04, 2013 12:33:11 PM org.ros.time.RemoteUptimeClock update
INFO: Latency: 31,0000 s, Delta ratio: 0,5000, Drift: 2,000, Error reduction coefficient: 0,000, Error: 0,0000 s
abr 04, 2013 12:33:11 PM org.ros.time.RemoteUptimeClock update
INFO: Latency: 31,0000 s, Delta ratio: 0,5000, Drift: 2,000, Error reduction coefficient: 0,000, Error: 0,0000 s
abr 04, 2013 12:33:11 PM org.ros.time.RemoteUptimeClock update
INFO: Latency: 31,0000 s, Delta ratio: 0,5000, Drift: 2,000, Error reduction coefficient: 0,000, Error: 0,0000 s
abr 04, 2013 12:33:11 PM org.ros.time.RemoteUptimeClock update
INFO: Latency: 31,0000 s, Delta ratio: 0,5000, Drift: 2,000, Error reduction coefficient: 0,000, Error: 0,0000 s
abr 04, 2013 12:33:11 PM org.ros.time.RemoteUptimeClock update
INFO: Latency: 31,0000 s, Delta ratio: 0,5000, Drift: 2,000, Error reduction coefficient: 0,000, Error: 0,0000 s
abr 04, 2013 12:33:11 PM org.ros.time.RemoteUptimeClock update
INFO: Latency: 31,0000 s, Delta ratio: 0,5000, Drift: 2,000, Error reduction coefficient: 0,000, Error: 0,0000 s
abr 04, 2013 12:33:11 PM org.ros.time.RemoteUptimeClock update
INFO: Latency: 31,0000 s, Delta ratio: 0,5000, Drift: 2,000, Error reduction coefficient: 0,000, Error: 0,0000 s
abr 04, 2013 12:33:11 PM org.ros.time.RemoteUptimeClock update
INFO: Latency: 31,0000 s, Delta ratio: 0,5000, Drift: 2,000, Error reduction coefficient: 0,000, Error: 0,0000 s
abr 04, 2013 12:33:11 PM org.ros.time.RemoteUptimeClock update
INFO: Latency: 31,0000 s, Delta ratio: 0,5000, Drift: 2,000, Error reduction coefficient: 0,000, Error: 0,0000 s
abr 04, 2013 12:33:11 PM org.ros.time.RemoteUptimeClock update
INFO: Latency: 31,0000 s, Delta ratio: 0,5000, Drift: 2,000, Error reduction coefficient: 0,000, Error: 0,0000 s
abr 04, 2013 12:33:11 PM org.ros.time.RemoteUptimeClock update
INFO: Latency: 31,0000 s, Delta ratio: 0,5000, Drift: 2,000, Error reduction coefficient: 0,000, Error: 0,0000 s
abr 04, 2013 12:33:11 PM org.ros.time.RemoteUptimeClock update
INFO: Latency: 31,0000 s, Delta ratio: 0,5000, Drift: 2,000, Error reduction coefficient: 0,000, Error: 0,0000 s
abr 04, 2013 12:33:11 PM org.ros.time.RemoteUptimeClock update
INFO: Latency: 31,0000 s, Delta ratio: 0,5000, Drift: 2,000, Error reduction coefficient: 0,000, Error: 0,0000 s
abr 04, 2013 12:33:11 PM org.ros.time.RemoteUptimeClock update
INFO: Latency: 31,0000 s, Delta ratio: 0,5000, Drift: 2,000, Error reduction coefficient: 0,000, Error: 0,0000 s
abr 04, 2013 12:33:11 PM org.ros.time.RemoteUptimeClock update
INFO: Latency: 31,0000 s, Delta ratio: 0,5000, Drift: 2,000, Error reduction coefficient: 0,000, Error: 0,0000 s
abr 04, 2013 12:33:11 PM org.ros.time.RemoteUptimeClock update
INFO: Latency: 31,0000 s, Delta ratio: 0,5000, Drift: 2,000, Error reduction coefficient: 0,000, Error: 0,0000 s
abr 04, 2013 12:33:11 PM org.ros.time.RemoteUptimeClock update
INFO: Latency: 31,0000 s, Delta ratio: 0,5000, Drift: 2,000, Error reduction coefficient: 0,000, Error: 0,0000 s
abr 04, 2013 12:33:11 PM org.ros.time.RemoteUptimeClock update
INFO: Latency: 31,0000 s, Delta ratio: 0,5000, Drift: 2,000, Error reduction coefficient: 0,000, Error: 0,0000 s
abr 04, 2013 12:33:11 PM org.ros.time.RemoteUptimeClock update
INFO: Latency: 31,0000 s, Delta ratio: 0,5000, Drift: 2,000, Error reduction coefficient: 0,000, Error: 0,0000 s
abr 04, 2013 12:33:11 PM org.ros.time.RemoteUptimeClock update
INFO: Latency: 31,0000 s, Delta ratio: 0,5000, Drift: 2,000, Error reduction coefficient: 0,000, Error: 0,0000 s
abr 04, 2013 12:33:11 PM org.ros.time.RemoteUptimeClock update
INFO: Latency: 31,0000 s, Delta ratio: 0,5000, Drift: 2,000, Error reduction coefficient: 0,000, Error: 0,0000 s
abr 04, 2013 12:33:11 PM org.ros.time.RemoteUptimeClock update
INFO: Latency: 31,0000 s, Delta ratio: 0,5000, Drift: 2,000, Error reduction coefficient: 0,000, Error: 0,0000 s
abr 04, 2013 12:33:11 PM org.ros.time.RemoteUptimeClock update
INFO: Latency: 31,0000 s, Delta ratio: 0,5000, Drift: 2,000, Error reduction coefficient: 0,000, Error: 0,0000 s
abr 04, 2013 12:33:11 PM org.ros.time.RemoteUptimeClock update
INFO: Latency: 31,0000 s, Delta ratio: 0,5000, Drift: 2,000, Error reduction coefficient: 0,000, Error: 0,0000 s
abr 04, 2013 12:33:11 PM org.ros.time.RemoteUptimeClock update
INFO: Latency: 31,0000 s, Delta ratio: 0,5000, Drift: 2,000, Error reduction coefficient: 0,000, Error: 0,0000 s
abr 04, 2013 12:33:11 PM org.ros.time.RemoteUptimeClock update
INFO: Latency: 31,0000 s, Delta ratio: 0,5000, Drift: 2,000, Error reduction coefficient: 0,000, Error: 0,0000 s
abr 04, 2013 12:33:11 PM org.ros.time.RemoteUptimeClock update
INFO: Latency: 31,0000 s, Delta ratio: 0,5000, Drift: 2,000, Error reduction coefficient: 0,000, Error: 0,0000 s
abr 04, 2013 12:33:11 PM org.ros.time.RemoteUptimeClock update
INFO: Latency: 31,0000 s, Delta ratio: 0,5000, Drift: 2,000, Error reduction coefficient: 0,000, Error: 0,0000 s
abr 04, 2013 12:33:11 PM org.ros.time.RemoteUptimeClock update
INFO: Latency: 31,0000 s, Delta ratio: 0,5000, Drift: 2,000, Error reduction coefficient: 0,000, Error: 0,0000 s
abr 04, 2013 12:33:11 PM org.ros.time.RemoteUptimeClock update
INFO: Latency: 31,0000 s, Delta ratio: 0,5000, Drift: 2,000, Error reduction coefficient: 0,000, Error: 0,0000 s
abr 04, 2013 12:33:11 PM org.ros.time.RemoteUptimeClock update
INFO: Latency: 31,0000 s, Delta ratio: 0,5000, Drift: 2,000, Error reduction coefficient: 0,000, Error: 0,0000 s
abr 04, 2013 12:33:11 PM org.ros.time.RemoteUptimeClock update
INFO: Latency: 31,0000 s, Delta ratio: 0,5000, Drift: 2,000, Error reduction coefficient: 0,000, Error: 0,0000 s
abr 04, 2013 12:33:11 PM org.ros.time.RemoteUptimeClock update
INFO: Latency: 31,0000 s, Delta ratio: 0,5000, Drift: 2,000, Error reduction coefficient: 0,000, Error: 0,0000 s
abr 04, 2013 12:33:11 PM org.ros.time.RemoteUptimeClock update
INFO: Latency: 31,0000 s, Delta ratio: 0,5000, Drift: 2,000, Error reduction coefficient: 0,000, Error: 0,0000 s
abr 04, 2013 12:33:11 PM org.ros.time.RemoteUptimeClock update
INFO: Latency: 31,0000 s, Delta ratio: 0,5000, Drift: 2,000, Error reduction coefficient: 0,000, Error: 0,0000 s
abr 04, 2013 12:33:11 PM org.ros.time.RemoteUptimeClock update
INFO: Latency: 31,0000 s, Delta ratio: 0,5000, Drift: 2,000, Error reduction coefficient: 0,000, Error: 0,0000 s
abr 04, 2013 12:33:11 PM org.ros.time.RemoteUptimeClock update
INFO: Latency: 31,0000 s, Delta ratio: 0,5000, Drift: 2,000, Error reduction coefficient: 0,000, Error: 0,0000 s
abr 04, 2013 12:33:11 PM org.ros.time.RemoteUptimeClock update
INFO: Latency: 31,0000 s, Delta ratio: 0,5000, Drift: 2,000, Error reduction coefficient: 0,000, Error: 0,0000 s
abr 04, 2013 12:33:11 PM org.ros.time.RemoteUptimeClock update
INFO: Latency: 31,0000 s, Delta ratio: 0,5000, Drift: 2,000, Error reduction coefficient: 0,000, Error: 0,0000 s
abr 04, 2013 12:33:11 PM org.ros.time.RemoteUptimeClock update
INFO: Latency: 31,0000 s, Delta ratio: 0,5000, Drift: 2,000, Error reduction coefficient: 0,000, Error: 0,0000 s
abr 04, 2013 12:33:11 PM org.ros.time.RemoteUptimeClock update
INFO: Latency: 31,0000 s, Delta ratio: 0,5000, Drift: 2,000, Error reduction coefficient: 0,000, Error: 0,0000 s
abr 04, 2013 12:33:11 PM org.ros.time.RemoteUptimeClock update
INFO: Latency: 31,0000 s, Delta ratio: 0,5000, Drift: 2,000, Error reduction coefficient: 0,000, Error: 0,0000 s
abr 04, 2013 12:33:11 PM org.ros.time.RemoteUptimeClock update
INFO: Latency: 31,0000 s, Delta ratio: 0,5000, Drift: 2,000, Error reduction coefficient: 0,000, Error: 0,0000 s
abr 04, 2013 12:33:11 PM org.ros.time.RemoteUptimeClock update
INFO: Latency: 31,0000 s, Delta ratio: 0,5000, Drift: 2,000, Error reduction coefficient: 0,000, Error: 0,0000 s
abr 04, 2013 12:33:11 PM org.ros.time.RemoteUptimeClock update
INFO: Latency: 31,0000 s, Delta ratio: 0,5000, Drift: 2,000, Error reduction coefficient: 0,000, Error: 0,0000 s
abr 04, 2013 12:33:11 PM org.ros.time.RemoteUptimeClock update
INFO: Latency: 31,0000 s, Delta ratio: 0,5000, Drift: 2,000, Error reduction coefficient: 0,000, Error: 0,0000 s
abr 04, 2013 12:33:11 PM org.ros.time.RemoteUptimeClock update
INFO: Latency: 31,0000 s, Delta ratio: 0,5000, Drift: 2,000, Error reduction coefficient: 0,000, Error: 0,0000 s
abr 04, 2013 12:33:11 PM org.ros.time.RemoteUptimeClock update
INFO: Latency: 31,0000 s, Delta ratio: 0,5000, Drift: 2,000, Error reduction coefficient: 0,000, Error: 0,0000 s
abr 04, 2013 12:33:11 PM org.ros.time.RemoteUptimeClock update
INFO: Latency: 31,0000 s, Delta ratio: 0,5000, Drift: 2,000, Error reduction coefficient: 0,000, Error: 0,0000 s
abr 04, 2013 12:33:11 PM org.ros.time.RemoteUptimeClock update
INFO: Latency: 31,0000 s, Delta ratio: 0,5000, Drift: 2,000, Error reduction coefficient: 0,000, Error: 0,0000 s
abr 04, 2013 12:33:11 PM org.ros.time.RemoteUptimeClock update
INFO: Latency: 31,0000 s, Delta ratio: 0,5000, Drift: 2,000, Error reduction coefficient: 0,000, Error: 0,0000 s
abr 04, 2013 12:33:11 PM org.ros.time.RemoteUptimeClock update
INFO: Latency: 31,0000 s, Delta ratio: 0,5000, Drift: 2,000, Error reduction coefficient: 0,000, Error: 0,0000 s
abr 04, 2013 12:33:11 PM org.ros.time.RemoteUptimeClock update
INFO: Latency: 31,0000 s, Delta ratio: 0,5000, Drift: 2,000, Error reduction coefficient: 0,000, Error: 0,0000 s
abr 04, 2013 12:33:11 PM org.ros.time.RemoteUptimeClock update
INFO: Latency: 31,0000 s, Delta ratio: 0,5000, Drift: 2,000, Error reduction coefficient: 0,000, Error: 0,0000 s
abr 04, 2013 12:33:11 PM org.ros.time.RemoteUptimeClock update
INFO: Latency: 31,0000 s, Delta ratio: 0,5000, Drift: 2,000, Error reduction coefficient: 0,000, Error: 0,0000 s
abr 04, 2013 12:33:11 PM org.ros.time.RemoteUptimeClock update
INFO: Latency: 31,0000 s, Delta ratio: 0,5000, Drift: 2,000, Error reduction coefficient: 0,000, Error: 0,0000 s
abr 04, 2013 12:33:11 PM org.ros.time.RemoteUptimeClock update
INFO: Latency: 31,0000 s, Delta ratio: 0,5000, Drift: 2,000, Error reduction coefficient: 0,000, Error: 0,0000 s
abr 04, 2013 12:33:11 PM org.ros.time.RemoteUptimeClock update
INFO: Latency: 31,0000 s, Delta ratio: 0,5000, Drift: 2,000, Error reduction coefficient: 0,000, Error: 0,0000 s
abr 04, 2013 12:33:11 PM org.ros.time.RemoteUptimeClock update
INFO: Latency: 31,0000 s, Delta ratio: 0,5000, Drift: 2,000, Error reduction coefficient: 0,000, Error: 0,0000 s
abr 04, 2013 12:33:11 PM org.ros.time.RemoteUptimeClock update
INFO: Latency: 31,0000 s, Delta ratio: 0,5000, Drift: 2,000, Error reduction coefficient: 0,000, Error: 0,0000 s
abr 04, 2013 12:33:11 PM org.ros.time.RemoteUptimeClock update
INFO: Latency: 31,0000 s, Delta ratio: 0,5000, Drift: 2,000, Error reduction coefficient: 0,000, Error: 0,0000 s
abr 04, 2013 12:33:11 PM org.ros.time.RemoteUptimeClock update
INFO: Latency: 31,0000 s, Delta ratio: 0,5000, Drift: 2,000, Error reduction coefficient: 0,000, Error: 0,0000 s
abr 04, 2013 12:33:11 PM org.ros.time.RemoteUptimeClock update
INFO: Latency: 31,0000 s, Delta ratio: 0,5000, Drift: 2,000, Error reduction coefficient: 0,000, Error: 0,0000 s
abr 04, 2013 12:33:11 PM org.ros.time.RemoteUptimeClock update
INFO: Latency: 31,0000 s, Delta ratio: 0,5000, Drift: 2,000, Error reduction coefficient: 0,000, Error: 0,0000 s
abr 04, 2013 12:33:11 PM org.ros.time.RemoteUptimeClock update
INFO: Latency: 31,0000 s, Delta ratio: 0,5000, Drift: 2,000, Error reduction coefficient: 0,000, Error: 0,0000 s
abr 04, 2013 12:33:11 PM org.ros.time.RemoteUptimeClock update
INFO: Latency: 31,0000 s, Delta ratio: 0,5000, Drift: 2,000, Error reduction coefficient: 0,000, Error: 0,0000 s
abr 04, 2013 12:33:11 PM org.ros.time.RemoteUptimeClock update
INFO: Latency: 31,0000 s, Delta ratio: 0,5000, Drift: 2,000, Error reduction coefficient: 0,000, Error: 0,0000 s
abr 04, 2013 12:33:11 PM org.ros.time.RemoteUptimeClock update
INFO: Latency: 31,0000 s, Delta ratio: 0,5000, Drift: 2,000, Error reduction coefficient: 0,000, Error: 0,0000 s
abr 04, 2013 12:33:11 PM org.ros.time.RemoteUptimeClock update
INFO: Latency: 31,0000 s, Delta ratio: 0,5000, Drift: 2,000, Error reduction coefficient: 0,000, Error: 0,0000 s
abr 04, 2013 12:33:11 PM org.ros.time.RemoteUptimeClock update
INFO: Latency: 31,0000 s, Delta ratio: 0,5000, Drift: 2,000, Error reduction coefficient: 0,000, Error: 0,0000 s
abr 04, 2013 12:33:11 PM org.ros.time.RemoteUptimeClock update
INFO: Latency: 31,0000 s, Delta ratio: 0,5000, Drift: 2,000, Error reduction coefficient: 0,000, Error: 0,0000 s
abr 04, 2013 12:33:11 PM org.ros.time.RemoteUptimeClock update
INFO: Latency: 31,0000 s, Delta ratio: 0,5000, Drift: 2,000, Error reduction coefficient: 0,000, Error: 0,0000 s
abr 04, 2013 12:33:11 PM org.ros.time.RemoteUptimeClock update
INFO: Latency: 31,0000 s, Delta ratio: 0,5000, Drift: 2,000, Error reduction coefficient: 0,000, Error: 0,0000 s
abr 04, 2013 12:33:11 PM org.ros.time.RemoteUptimeClock update
INFO: Latency: 31,0000 s, Delta ratio: 0,5000, Drift: 2,000, Error reduction coefficient: 0,000, Error: 0,0000 s
abr 04, 2013 12:33:11 PM org.ros.time.RemoteUptimeClock update
INFO: Latency: 31,0000 s, Delta ratio: 0,5000, Drift: 2,000, Error reduction coefficient: 0,000, Error: 0,0000 s
abr 04, 2013 12:33:11 PM org.ros.time.RemoteUptimeClock update
INFO: Latency: 31,0000 s, Delta ratio: 0,5000, Drift: 2,000, Error reduction coefficient: 0,000, Error: 0,0000 s
abr 04, 2013 12:33:11 PM org.ros.time.RemoteUptimeClock update
INFO: Latency: 31,0000 s, Delta ratio: 0,5000, Drift: 2,000, Error reduction coefficient: 0,000, Error: 0,0000 s
abr 04, 2013 12:33:11 PM org.ros.time.RemoteUptimeClock update
INFO: Latency: 31,0000 s, Delta ratio: 0,5000, Drift: 2,000, Error reduction coefficient: 0,000, Error: 0,0000 s
abr 04, 2013 12:33:11 PM org.ros.time.RemoteUptimeClock update
INFO: Latency: 31,0000 s, Delta ratio: 0,5000, Drift: 2,000, Error reduction coefficient: 0,000, Error: 0,0000 s
abr 04, 2013 12:33:11 PM org.ros.time.RemoteUptimeClock update
INFO: Latency: 31,0000 s, Delta ratio: 0,5000, Drift: 2,000, Error reduction coefficient: 0,000, Error: 0,0000 s
abr 04, 2013 12:33:11 PM org.ros.time.RemoteUptimeClock update
INFO: Latency: 31,0000 s, Delta ratio: 0,5000, Drift: 2,000, Error reduction coefficient: 0,000, Error: 0,0000 s
abr 04, 2013 12:33:11 PM org.ros.time.RemoteUptimeClock update
INFO: Latency: 31,0000 s, Delta ratio: 0,5000, Drift: 2,000, Error reduction coefficient: 0,000, Error: 0,0000 s
abr 04, 2013 12:33:11 PM org.ros.time.RemoteUptimeClock update
INFO: Latency: 31,0000 s, Delta ratio: 0,5000, Drift: 2,000, Error reduction coefficient: 0,000, Error: 0,0000 s
abr 04, 2013 12:33:11 PM org.ros.time.RemoteUptimeClock update
INFO: Latency: 31,0000 s, Delta ratio: 0,5000, Drift: 2,000, Error reduction coefficient: 0,000, Error: 0,0000 s
abr 04, 2013 12:33:11 PM org.ros.time.RemoteUptimeClock update
INFO: Latency: 31,0000 s, Delta ratio: 0,5000, Drift: 2,000, Error reduction coefficient: 0,000, Error: 0,0000 s
abr 04, 2013 12:33:11 PM org.ros.time.RemoteUptimeClock update
INFO: Latency: 31,0000 s, Delta ratio: 0,5000, Drift: 2,000, Error reduction coefficient: 0,000, Error: 0,0000 s
abr 04, 2013 12:33:11 PM org.ros.time.RemoteUptimeClock update
INFO: Latency: 31,0000 s, Delta ratio: 0,5000, Drift: 2,000, Error reduction coefficient: 0,000, Error: 0,0000 s
abr 04, 2013 12:33:11 PM org.ros.time.RemoteUptimeClock update
INFO: Latency: 31,0000 s, Delta ratio: 0,5000, Drift: 2,000, Error reduction coefficient: 0,000, Error: 0,0000 s
abr 04, 2013 12:33:11 PM org.ros.time.RemoteUptimeClock update
INFO: Latency: 31,0000 s, Delta ratio: 0,5000, Drift: 2,000, Error reduction coefficient: 0,000, Error: 0,0000 s
abr 04, 2013 12:33:11 PM org.ros.time.RemoteUptimeClock update
INFO: Latency: 31,0000 s, Delta ratio: 0,5000, Drift: 2,000, Error reduction coefficient: 0,000, Error: 0,0000 s
abr 04, 2013 12:33:11 PM org.ros.time.RemoteUptimeClock update
INFO: Latency: 31,0000 s, Delta ratio: 0,5000, Drift: 2,000, Error reduction coefficient: 0,000, Error: 0,0000 s
abr 04, 2013 12:33:11 PM org.ros.time.RemoteUptimeClock update
INFO: Latency: 31,0000 s, Delta ratio: 0,5000, Drift: 2,000, Error reduction coefficient: 0,000, Error: 0,0000 s
abr 04, 2013 12:33:11 PM org.ros.time.RemoteUptimeClock update
INFO: Latency: 31,0000 s, Delta ratio: 0,5000, Drift: 2,000, Error reduction coefficient: 0,000, Error: 0,0000 s
abr 04, 2013 12:33:11 PM org.ros.time.RemoteUptimeClock update
INFO: Latency: 31,0000 s, Delta ratio: 0,5000, Drift: 2,000, Error reduction coefficient: 0,000, Error: 0,0000 s
abr 04, 2013 12:33:11 PM org.ros.time.RemoteUptimeClock update
INFO: Latency: 31,0000 s, Delta ratio: 0,5000, Drift: 2,000, Error reduction coefficient: 0,000, Error: 0,0000 s
abr 04, 2013 12:33:11 PM org.ros.time.RemoteUptimeClock update
INFO: Latency: 31,0000 s, Delta ratio: 0,5000, Drift: 2,000, Error reduction coefficient: 0,000, Error: 0,0000 s
abr 04, 2013 12:33:11 PM org.ros.time.RemoteUptimeClock update
INFO: Latency: 31,0000 s, Delta ratio: 0,5000, Drift: 2,000, Error reduction coefficient: 0,000, Error: 0,0000 s
abr 04, 2013 12:33:11 PM org.ros.time.RemoteUptimeClock update
INFO: Latency: 31,0000 s, Delta ratio: 0,5000, Drift: 2,000, Error reduction coefficient: 0,000, Error: 0,0000 s
abr 04, 2013 12:33:11 PM org.ros.time.RemoteUptimeClock update
INFO: Latency: 31,0000 s, Delta ratio: 0,5000, Drift: 2,000, Error reduction coefficient: 0,000, Error: 0,0000 s
abr 04, 2013 12:33:11 PM org.ros.time.RemoteUptimeClock update
INFO: Latency: 31,0000 s, Delta ratio: 0,5000, Drift: 2,000, Error reduction coefficient: 0,000, Error: 0,0000 s
abr 04, 2013 12:33:11 PM org.ros.time.RemoteUptimeClock update
INFO: Latency: 31,0000 s, Delta ratio: 0,5000, Drift: 2,000, Error reduction coefficient: 0,000, Error: 0,0000 s
abr 04, 2013 12:33:11 PM org.ros.time.RemoteUptimeClock update
INFO: Latency: 31,0000 s, Delta ratio: 0,5000, Drift: 2,000, Error reduction coefficient: 0,000, Error: 0,0000 s
abr 04, 2013 12:33:11 PM org.ros.time.RemoteUptimeClock update
INFO: Latency: 31,0000 s, Delta ratio: 0,5000, Drift: 2,000, Error reduction coefficient: 0,000, Error: 0,0000 s
abr 04, 2013 12:33:11 PM org.ros.time.RemoteUptimeClock update
INFO: Latency: 31,0000 s, Delta ratio: 0,5000, Drift: 2,000, Error reduction coefficient: 0,000, Error: 0,0000 s
abr 04, 2013 12:33:11 PM org.ros.time.RemoteUptimeClock update
INFO: Latency: 31,0000 s, Delta ratio: 0,5000, Drift: 2,000, Error reduction coefficient: 0,000, Error: 0,0000 s
abr 04, 2013 12:33:11 PM org.ros.time.RemoteUptimeClock update
INFO: Latency: 31,0000 s, Delta ratio: 0,5000, Drift: 2,000, Error reduction coefficient: 0,000, Error: 0,0000 s
abr 04, 2013 12:33:11 PM org.ros.time.RemoteUptimeClock update
INFO: Latency: 31,0000 s, Delta ratio: 0,5000, Drift: 2,000, Error reduction coefficient: 0,000, Error: 0,0000 s
abr 04, 2013 12:33:11 PM org.ros.time.RemoteUptimeClock update
INFO: Latency: 31,0000 s, Delta ratio: 0,5000, Drift: 2,000, Error reduction coefficient: 0,000, Error: 0,0000 s
abr 04, 2013 12:33:11 PM org.ros.time.RemoteUptimeClock update
INFO: Latency: 31,0000 s, Delta ratio: 0,5000, Drift: 2,000, Error reduction coefficient: 0,000, Error: 0,0000 s
abr 04, 2013 12:33:11 PM org.ros.time.RemoteUptimeClock update
INFO: Latency: 31,0000 s, Delta ratio: 0,5000, Drift: 2,000, Error reduction coefficient: 0,000, Error: 0,0000 s
abr 04, 2013 12:33:11 PM org.ros.time.RemoteUptimeClock update
INFO: Latency: 31,0000 s, Delta ratio: 0,5000, Drift: 2,000, Error reduction coefficient: 0,000, Error: 0,0000 s
abr 04, 2013 12:33:11 PM org.ros.time.RemoteUptimeClock update
INFO: Latency: 31,0000 s, Delta ratio: 0,5000, Drift: 2,000, Error reduction coefficient: 0,000, Error: 0,0000 s
abr 04, 2013 12:33:11 PM org.ros.time.RemoteUptimeClock update
INFO: Latency: 31,0000 s, Delta ratio: 0,5000, Drift: 2,000, Error reduction coefficient: 0,000, Error: 0,0000 s
abr 04, 2013 12:33:11 PM org.ros.time.RemoteUptimeClock update
INFO: Latency: 31,0000 s, Delta ratio: 0,5000, Drift: 2,000, Error reduction coefficient: 0,000, Error: 0,0000 s
abr 04, 2013 12:33:11 PM org.ros.time.RemoteUptimeClock update
INFO: Latency: 31,0000 s, Delta ratio: 0,5000, Drift: 2,000, Error reduction coefficient: 0,000, Error: 0,0000 s
abr 04, 2013 12:33:11 PM org.ros.time.RemoteUptimeClock update
INFO: Latency: 31,0000 s, Delta ratio: 0,5000, Drift: 2,000, Error reduction coefficient: 0,000, Error: 0,0000 s
abr 04, 2013 12:33:11 PM org.ros.time.RemoteUptimeClock update
INFO: Latency: 31,0000 s, Delta ratio: 0,5000, Drift: 2,000, Error reduction coefficient: 0,000, Error: 0,0000 s
abr 04, 2013 12:33:11 PM org.ros.time.RemoteUptimeClock update
INFO: Latency: 31,0000 s, Delta ratio: 0,5000, Drift: 2,000, Error reduction coefficient: 0,000, Error: 0,0000 s
abr 04, 2013 12:33:11 PM org.ros.time.RemoteUptimeClock update
INFO: Latency: 31,0000 s, Delta ratio: 0,5000, Drift: 2,000, Error reduction coefficient: 0,000, Error: 0,0000 s
abr 04, 2013 12:33:11 PM org.ros.time.RemoteUptimeClock update
INFO: Latency: 31,0000 s, Delta ratio: 0,5000, Drift: 2,000, Error reduction coefficient: 0,000, Error: 0,0000 s
abr 04, 2013 12:33:11 PM org.ros.time.RemoteUptimeClock update
INFO: Latency: 31,0000 s, Delta ratio: 0,5000, Drift: 2,000, Error reduction coefficient: 0,000, Error: 0,0000 s
abr 04, 2013 12:33:11 PM org.ros.time.RemoteUptimeClock update
INFO: Latency: 31,0000 s, Delta ratio: 0,5000, Drift: 2,000, Error reduction coefficient: 0,000, Error: 0,0000 s
abr 04, 2013 12:33:11 PM org.ros.time.RemoteUptimeClock update
INFO: Latency: 31,0000 s, Delta ratio: 0,5000, Drift: 2,000, Error reduction coefficient: 0,000, Error: 0,0000 s
abr 04, 2013 12:33:11 PM org.ros.time.RemoteUptimeClock update
INFO: Latency: 31,0000 s, Delta ratio: 0,5000, Drift: 2,000, Error reduction coefficient: 0,000, Error: 0,0000 s
abr 04, 2013 12:33:11 PM org.ros.time.RemoteUptimeClock update
INFO: Latency: 31,0000 s, Delta ratio: 0,5000, Drift: 2,000, Error reduction coefficient: 0,000, Error: 0,0000 s
abr 04, 2013 12:33:11 PM org.ros.time.RemoteUptimeClock update
INFO: Latency: 31,0000 s, Delta ratio: 0,5000, Drift: 2,000, Error reduction coefficient: 0,000, Error: 0,0000 s
abr 04, 2013 12:33:11 PM org.ros.time.RemoteUptimeClock update
INFO: Latency: 31,0000 s, Delta ratio: 0,5000, Drift: 2,000, Error reduction coefficient: 0,000, Error: 0,0000 s
abr 04, 2013 12:33:11 PM org.ros.time.RemoteUptimeClock update
INFO: Latency: 31,0000 s, Delta ratio: 0,5000, Drift: 2,000, Error reduction coefficient: 0,000, Error: 0,0000 s
abr 04, 2013 12:33:11 PM org.ros.time.RemoteUptimeClock update
INFO: Latency: 31,0000 s, Delta ratio: 0,5000, Drift: 2,000, Error reduction coefficient: 0,000, Error: 0,0000 s
abr 04, 2013 12:33:11 PM org.ros.time.RemoteUptimeClock update
INFO: Latency: 31,0000 s, Delta ratio: 0,5000, Drift: 2,000, Error reduction coefficient: 0,000, Error: 0,0000 s
abr 04, 2013 12:33:11 PM org.ros.time.RemoteUptimeClock update
INFO: Latency: 31,0000 s, Delta ratio: 0,5000, Drift: 2,000, Error reduction coefficient: 0,000, Error: 0,0000 s
abr 04, 2013 12:33:11 PM org.ros.time.RemoteUptimeClock update
INFO: Latency: 31,0000 s, Delta ratio: 0,5000, Drift: 2,000, Error reduction coefficient: 0,000, Error: 0,0000 s
abr 04, 2013 12:33:11 PM org.ros.time.RemoteUptimeClock update
INFO: Latency: 31,0000 s, Delta ratio: 0,5000, Drift: 2,000, Error reduction coefficient: 0,000, Error: 0,0000 s
abr 04, 2013 12:33:11 PM org.ros.time.RemoteUptimeClock update
INFO: Latency: 31,0000 s, Delta ratio: 0,5000, Drift: 2,000, Error reduction coefficient: 0,000, Error: 0,0000 s
abr 04, 2013 12:33:11 PM org.ros.time.RemoteUptimeClock update
INFO: Latency: 31,0000 s, Delta ratio: 0,5000, Drift: 2,000, Error reduction coefficient: 0,000, Error: 0,0000 s
abr 04, 2013 12:33:11 PM org.ros.time.RemoteUptimeClock update
INFO: Latency: 31,0000 s, Delta ratio: 0,5000, Drift: 2,000, Error reduction coefficient: 0,000, Error: 0,0000 s
abr 04, 2013 12:33:11 PM org.ros.time.RemoteUptimeClock update
INFO: Latency: 31,0000 s, Delta ratio: 0,5000, Drift: 2,000, Error reduction coefficient: 0,000, Error: 0,0000 s
abr 04, 2013 12:33:11 PM org.ros.time.RemoteUptimeClock update
INFO: Latency: 31,0000 s, Delta ratio: 0,5000, Drift: 2,000, Error reduction coefficient: 0,000, Error: 0,0000 s
abr 04, 2013 12:33:11 PM org.ros.time.RemoteUptimeClock update
INFO: Latency: 31,0000 s, Delta ratio: 0,5000, Drift: 2,000, Error reduction coefficient: 0,000, Error: 0,0000 s
abr 04, 2013 12:33:11 PM org.ros.time.RemoteUptimeClock update
INFO: Latency: 31,0000 s, Delta ratio: 0,5000, Drift: 2,000, Error reduction coefficient: 0,000, Error: 0,0000 s
abr 04, 2013 12:33:11 PM org.ros.time.RemoteUptimeClock update
INFO: Latency: 31,0000 s, Delta ratio: 0,5000, Drift: 2,000, Error reduction coefficient: 0,000, Error: 0,0000 s
abr 04, 2013 12:33:11 PM org.ros.time.RemoteUptimeClock update
INFO: Latency: 31,0000 s, Delta ratio: 0,5000, Drift: 2,000, Error reduction coefficient: 0,000, Error: 0,0000 s
abr 04, 2013 12:33:11 PM org.ros.time.RemoteUptimeClock update
INFO: Latency: 31,0000 s, Delta ratio: 0,5000, Drift: 2,000, Error reduction coefficient: 0,000, Error: 0,0000 s
abr 04, 2013 12:33:11 PM org.ros.time.RemoteUptimeClock update
INFO: Latency: 31,0000 s, Delta ratio: 0,5000, Drift: 2,000, Error reduction coefficient: 0,000, Error: 0,0000 s
abr 04, 2013 12:33:11 PM org.ros.time.RemoteUptimeClock update
INFO: Latency: 31,0000 s, Delta ratio: 0,5000, Drift: 2,000, Error reduction coefficient: 0,000, Error: 0,0000 s
abr 04, 2013 12:33:11 PM org.ros.time.RemoteUptimeClock update
INFO: Latency: 31,0000 s, Delta ratio: 0,5000, Drift: 2,000, Error reduction coefficient: 0,000, Error: 0,0000 s
abr 04, 2013 12:33:11 PM org.ros.time.RemoteUptimeClock update
INFO: Latency: 31,0000 s, Delta ratio: 0,5000, Drift: 2,000, Error reduction coefficient: 0,000, Error: 0,0000 s
abr 04, 2013 12:33:11 PM org.ros.time.RemoteUptimeClock update
INFO: Latency: 31,0000 s, Delta ratio: 0,5000, Drift: 2,000, Error reduction coefficient: 0,000, Error: 0,0000 s
abr 04, 2013 12:33:11 PM org.ros.time.RemoteUptimeClock update
INFO: Latency: 31,0000 s, Delta ratio: 0,5000, Drift: 2,000, Error reduction coefficient: 0,000, Error: 0,0000 s
abr 04, 2013 12:33:11 PM org.ros.time.RemoteUptimeClock update
INFO: Latency: 31,0000 s, Delta ratio: 0,5000, Drift: 2,000, Error reduction coefficient: 0,000, Error: 0,0000 s
abr 04, 2013 12:33:11 PM org.ros.time.RemoteUptimeClock update
INFO: Latency: 31,0000 s, Delta ratio: 0,5000, Drift: 2,000, Error reduction coefficient: 0,000, Error: 0,0000 s
abr 04, 2013 12:33:11 PM org.ros.time.RemoteUptimeClock update
INFO: Latency: 31,0000 s, Delta ratio: 0,5000, Drift: 2,000, Error reduction coefficient: 0,000, Error: 0,0000 s
abr 04, 2013 12:33:11 PM org.ros.time.RemoteUptimeClock update
INFO: Latency: 31,0000 s, Delta ratio: 0,5000, Drift: 2,000, Error reduction coefficient: 0,000, Error: 0,0000 s
abr 04, 2013 12:33:11 PM org.ros.time.RemoteUptimeClock update
INFO: Latency: 31,0000 s, Delta ratio: 0,5000, Drift: 2,000, Error reduction coefficient: 0,000, Error: 0,0000 s
abr 04, 2013 12:33:11 PM org.ros.time.RemoteUptimeClock update
INFO: Latency: 31,0000 s, Delta ratio: 0,5000, Drift: 2,000, Error reduction coefficient: 0,000, Error: 0,0000 s
abr 04, 2013 12:33:11 PM org.ros.time.RemoteUptimeClock update
INFO: Latency: 31,0000 s, Delta ratio: 0,5000, Drift: 2,000, Error reduction coefficient: 0,000, Error: 0,0000 s
abr 04, 2013 12:33:11 PM org.ros.time.RemoteUptimeClock update
INFO: Latency: 31,0000 s, Delta ratio: 0,5000, Drift: 2,000, Error reduction coefficient: 0,000, Error: 0,0000 s
abr 04, 2013 12:33:11 PM org.ros.time.RemoteUptimeClock update
INFO: Latency: 31,0000 s, Delta ratio: 0,5000, Drift: 2,000, Error reduction coefficient: 0,000, Error: 0,0000 s
abr 04, 2013 12:33:11 PM org.ros.time.RemoteUptimeClock update
INFO: Latency: 31,0000 s, Delta ratio: 0,5000, Drift: 2,000, Error reduction coefficient: 0,000, Error: 0,0000 s
abr 04, 2013 12:33:11 PM org.ros.time.RemoteUptimeClock update
INFO: Latency: 31,0000 s, Delta ratio: 0,5000, Drift: 2,000, Error reduction coefficient: 0,000, Error: 0,0000 s
abr 04, 2013 12:33:11 PM org.ros.time.RemoteUptimeClock update
INFO: Latency: 31,0000 s, Delta ratio: 0,5000, Drift: 2,000, Error reduction coefficient: 0,000, Error: 0,0000 s
abr 04, 2013 12:33:11 PM org.ros.time.RemoteUptimeClock update
INFO: Latency: 31,0000 s, Delta ratio: 0,5000, Drift: 2,000, Error reduction coefficient: 0,000, Error: 0,0000 s
abr 04, 2013 12:33:11 PM org.ros.time.RemoteUptimeClock update
INFO: Latency: 31,0000 s, Delta ratio: 0,5000, Drift: 2,000, Error reduction coefficient: 0,000, Error: 0,0000 s
abr 04, 2013 12:33:11 PM org.ros.time.RemoteUptimeClock update
INFO: Latency: 31,0000 s, Delta ratio: 0,5000, Drift: 2,000, Error reduction coefficient: 0,000, Error: 0,0000 s
abr 04, 2013 12:33:11 PM org.ros.time.RemoteUptimeClock update
INFO: Latency: 31,0000 s, Delta ratio: 0,5000, Drift: 2,000, Error reduction coefficient: 0,000, Error: 0,0000 s
abr 04, 2013 12:33:11 PM org.ros.time.RemoteUptimeClock update
INFO: Latency: 31,0000 s, Delta ratio: 0,5000, Drift: 2,000, Error reduction coefficient: 0,000, Error: 0,0000 s
abr 04, 2013 12:33:11 PM org.ros.time.RemoteUptimeClock update
INFO: Latency: 31,0000 s, Delta ratio: 0,5000, Drift: 2,000, Error reduction coefficient: 0,000, Error: 0,0000 s
abr 04, 2013 12:33:11 PM org.ros.time.RemoteUptimeClock update
INFO: Latency: 31,0000 s, Delta ratio: 0,5000, Drift: 2,000, Error reduction coefficient: 0,000, Error: 0,0000 s
abr 04, 2013 12:33:11 PM org.ros.time.RemoteUptimeClock update
INFO: Latency: 31,0000 s, Delta ratio: 0,5000, Drift: 2,000, Error reduction coefficient: 0,000, Error: 0,0000 s
abr 04, 2013 12:33:11 PM org.ros.time.RemoteUptimeClock update
INFO: Latency: 31,0000 s, Delta ratio: 0,5000, Drift: 2,000, Error reduction coefficient: 0,000, Error: 0,0000 s
abr 04, 2013 12:33:11 PM org.ros.time.RemoteUptimeClock update
INFO: Latency: 31,0000 s, Delta ratio: 0,5000, Drift: 2,000, Error reduction coefficient: 0,000, Error: 0,0000 s
abr 04, 2013 12:33:11 PM org.ros.time.RemoteUptimeClock update
INFO: Latency: 31,0000 s, Delta ratio: 0,5000, Drift: 2,000, Error reduction coefficient: 0,000, Error: 0,0000 s
abr 04, 2013 12:33:11 PM org.ros.time.RemoteUptimeClock update
INFO: Latency: 31,0000 s, Delta ratio: 0,5000, Drift: 2,000, Error reduction coefficient: 0,000, Error: 0,0000 s
abr 04, 2013 12:33:11 PM org.ros.time.RemoteUptimeClock update
INFO: Latency: 31,0000 s, Delta ratio: 0,5000, Drift: 2,000, Error reduction coefficient: 0,000, Error: 0,0000 s
abr 04, 2013 12:33:11 PM org.ros.time.RemoteUptimeClock update
INFO: Latency: 31,0000 s, Delta ratio: 0,5000, Drift: 2,000, Error reduction coefficient: 0,000, Error: 0,0000 s
abr 04, 2013 12:33:11 PM org.ros.time.RemoteUptimeClock update
INFO: Latency: 31,0000 s, Delta ratio: 0,5000, Drift: 2,000, Error reduction coefficient: 0,000, Error: 0,0000 s
abr 04, 2013 12:33:11 PM org.ros.time.RemoteUptimeClock update
INFO: Latency: 31,0000 s, Delta ratio: 0,5000, Drift: 2,000, Error reduction coefficient: 0,000, Error: 0,0000 s
abr 04, 2013 12:33:11 PM org.ros.time.RemoteUptimeClock update
INFO: Latency: 31,0000 s, Delta ratio: 0,5000, Drift: 2,000, Error reduction coefficient: 0,000, Error: 0,0000 s
abr 04, 2013 12:33:11 PM org.ros.time.RemoteUptimeClock update
INFO: Latency: 31,0000 s, Delta ratio: 0,5000, Drift: 2,000, Error reduction coefficient: 0,000, Error: 0,0000 s
abr 04, 2013 12:33:11 PM org.ros.time.RemoteUptimeClock update
INFO: Latency: 31,0000 s, Delta ratio: 0,5000, Drift: 2,000, Error reduction coefficient: 0,000, Error: 0,0000 s
abr 04, 2013 12:33:11 PM org.ros.time.RemoteUptimeClock update
INFO: Latency: 31,0000 s, Delta ratio: 0,5000, Drift: 2,000, Error reduction coefficient: 0,000, Error: 0,0000 s
abr 04, 2013 12:33:11 PM org.ros.time.RemoteUptimeClock update
INFO: Latency: 31,0000 s, Delta ratio: 0,5000, Drift: 2,000, Error reduction coefficient: 0,000, Error: 0,0000 s
abr 04, 2013 12:33:11 PM org.ros.time.RemoteUptimeClock update
INFO: Latency: 31,0000 s, Delta ratio: 0,5000, Drift: 2,000, Error reduction coefficient: 0,000, Error: 0,0000 s
abr 04, 2013 12:33:11 PM org.ros.time.RemoteUptimeClock update
INFO: Latency: 31,0000 s, Delta ratio: 0,5000, Drift: 2,000, Error reduction coefficient: 0,000, Error: 0,0000 s
abr 04, 2013 12:33:11 PM org.ros.time.RemoteUptimeClock update
INFO: Latency: 31,0000 s, Delta ratio: 0,5000, Drift: 2,000, Error reduction coefficient: 0,000, Error: 0,0000 s
abr 04, 2013 12:33:11 PM org.ros.time.RemoteUptimeClock update
INFO: Latency: 31,0000 s, Delta ratio: 0,5000, Drift: 2,000, Error reduction coefficient: 0,000, Error: 0,0000 s
abr 04, 2013 12:33:11 PM org.ros.time.RemoteUptimeClock update
INFO: Latency: 31,0000 s, Delta ratio: 0,5000, Drift: 2,000, Error reduction coefficient: 0,000, Error: 0,0000 s
abr 04, 2013 12:33:11 PM org.ros.time.RemoteUptimeClock update
INFO: Latency: 31,0000 s, Delta ratio: 0,5000, Drift: 2,000, Error reduction coefficient: 0,000, Error: 0,0000 s
abr 04, 2013 12:33:11 PM org.ros.time.RemoteUptimeClock update
INFO: Latency: 31,0000 s, Delta ratio: 0,5000, Drift: 2,000, Error reduction coefficient: 0,000, Error: 0,0000 s
abr 04, 2013 12:33:11 PM org.ros.time.RemoteUptimeClock update
INFO: Latency: 31,0000 s, Delta ratio: 0,5000, Drift: 2,000, Error reduction coefficient: 0,000, Error: 0,0000 s
abr 04, 2013 12:33:11 PM org.ros.time.RemoteUptimeClock update
INFO: Latency: 31,0000 s, Delta ratio: 0,5000, Drift: 2,000, Error reduction coefficient: 0,000, Error: 0,0000 s
abr 04, 2013 12:33:11 PM org.ros.time.RemoteUptimeClock update
INFO: Latency: 31,0000 s, Delta ratio: 0,5000, Drift: 2,000, Error reduction coefficient: 0,000, Error: 0,0000 s
abr 04, 2013 12:33:11 PM org.ros.time.RemoteUptimeClock update
INFO: Latency: 31,0000 s, Delta ratio: 0,5000, Drift: 2,000, Error reduction coefficient: 0,000, Error: 0,0000 s
abr 04, 2013 12:33:11 PM org.ros.time.RemoteUptimeClock update
INFO: Latency: 31,0000 s, Delta ratio: 0,5000, Drift: 2,000, Error reduction coefficient: 0,000, Error: 0,0000 s
abr 04, 2013 12:33:11 PM org.ros.time.RemoteUptimeClock update
INFO: Latency: 31,0000 s, Delta ratio: 0,5000, Drift: 2,000, Error reduction coefficient: 0,000, Error: 0,0000 s
abr 04, 2013 12:33:11 PM org.ros.time.RemoteUptimeClock update
INFO: Latency: 31,0000 s, Delta ratio: 0,5000, Drift: 2,000, Error reduction coefficient: 0,000, Error: 0,0000 s
abr 04, 2013 12:33:11 PM org.ros.time.RemoteUptimeClock update
INFO: Latency: 31,0000 s, Delta ratio: 0,5000, Drift: 2,000, Error reduction coefficient: 0,000, Error: 0,0000 s
abr 04, 2013 12:33:11 PM org.ros.time.RemoteUptimeClock update
INFO: Latency: 31,0000 s, Delta ratio: 0,5000, Drift: 2,000, Error reduction coefficient: 0,000, Error: 0,0000 s
abr 04, 2013 12:33:11 PM org.ros.time.RemoteUptimeClock update
INFO: Latency: 31,0000 s, Delta ratio: 0,5000, Drift: 2,000, Error reduction coefficient: 0,000, Error: 0,0000 s
abr 04, 2013 12:33:11 PM org.ros.time.RemoteUptimeClock update
INFO: Latency: 31,0000 s, Delta ratio: 0,5000, Drift: 2,000, Error reduction coefficient: 0,000, Error: 0,0000 s
abr 04, 2013 12:33:11 PM org.ros.time.RemoteUptimeClock update
INFO: Latency: 31,0000 s, Delta ratio: 0,5000, Drift: 2,000, Error reduction coefficient: 0,000, Error: 0,0000 s
abr 04, 2013 12:33:11 PM org.ros.time.RemoteUptimeClock update
INFO: Latency: 31,0000 s, Delta ratio: 0,5000, Drift: 2,000, Error reduction coefficient: 0,000, Error: 0,0000 s
abr 04, 2013 12:33:11 PM org.ros.time.RemoteUptimeClock update
INFO: Latency: 31,0000 s, Delta ratio: 0,5000, Drift: 2,000, Error reduction coefficient: 0,000, Error: 0,0000 s
abr 04, 2013 12:33:11 PM org.ros.time.RemoteUptimeClock update
INFO: Latency: 31,0000 s, Delta ratio: 0,5000, Drift: 2,000, Error reduction coefficient: 0,000, Error: 0,0000 s
abr 04, 2013 12:33:11 PM org.ros.time.RemoteUptimeClock update
INFO: Latency: 31,0000 s, Delta ratio: 0,5000, Drift: 2,000, Error reduction coefficient: 0,000, Error: 0,0000 s
abr 04, 2013 12:33:11 PM org.ros.time.RemoteUptimeClock update
INFO: Latency: 31,0000 s, Delta ratio: 0,5000, Drift: 2,000, Error reduction coefficient: 0,000, Error: 0,0000 s
abr 04, 2013 12:33:11 PM org.ros.time.RemoteUptimeClock update
INFO: Latency: 31,0000 s, Delta ratio: 0,5000, Drift: 2,000, Error reduction coefficient: 0,000, Error: 0,0000 s
abr 04, 2013 12:33:11 PM org.ros.time.RemoteUptimeClock update
INFO: Latency: 31,0000 s, Delta ratio: 0,5000, Drift: 2,000, Error reduction coefficient: 0,000, Error: 0,0000 s
abr 04, 2013 12:33:11 PM org.ros.time.RemoteUptimeClock update
INFO: Latency: 31,0000 s, Delta ratio: 0,5000, Drift: 2,000, Error reduction coefficient: 0,000, Error: 0,0000 s
abr 04, 2013 12:33:11 PM org.ros.time.RemoteUptimeClock update
INFO: Latency: 31,0000 s, Delta ratio: 0,5000, Drift: 2,000, Error reduction coefficient: 0,000, Error: 0,0000 s
abr 04, 2013 12:33:11 PM org.ros.time.RemoteUptimeClock update
INFO: Latency: 31,0000 s, Delta ratio: 0,5000, Drift: 2,000, Error reduction coefficient: 0,000, Error: 0,0000 s
abr 04, 2013 12:33:11 PM org.ros.time.RemoteUptimeClock update
INFO: Latency: 31,0000 s, Delta ratio: 0,5000, Drift: 2,000, Error reduction coefficient: 0,000, Error: 0,0000 s
abr 04, 2013 12:33:11 PM org.ros.time.RemoteUptimeClock update
INFO: Latency: 31,0000 s, Delta ratio: 0,5000, Drift: 2,000, Error reduction coefficient: 0,000, Error: 0,0000 s
abr 04, 2013 12:33:11 PM org.ros.time.RemoteUptimeClock update
INFO: Latency: 31,0000 s, Delta ratio: 0,5000, Drift: 2,000, Error reduction coefficient: 0,000, Error: 0,0000 s
abr 04, 2013 12:33:11 PM org.ros.time.RemoteUptimeClock update
INFO: Latency: 31,0000 s, Delta ratio: 0,5000, Drift: 2,000, Error reduction coefficient: 0,000, Error: 0,0000 s
abr 04, 2013 12:33:11 PM org.ros.time.RemoteUptimeClock update
INFO: Latency: 31,0000 s, Delta ratio: 0,5000, Drift: 2,000, Error reduction coefficient: 0,000, Error: 0,0000 s
abr 04, 2013 12:33:11 PM org.ros.time.RemoteUptimeClock update
INFO: Latency: 31,0000 s, Delta ratio: 0,5000, Drift: 2,000, Error reduction coefficient: 0,000, Error: 0,0000 s
abr 04, 2013 12:33:11 PM org.ros.time.RemoteUptimeClock update
INFO: Latency: 31,0000 s, Delta ratio: 0,5000, Drift: 2,000, Error reduction coefficient: 0,000, Error: 0,0000 s
abr 04, 2013 12:33:11 PM org.ros.time.RemoteUptimeClock update
INFO: Latency: 31,0000 s, Delta ratio: 0,5000, Drift: 2,000, Error reduction coefficient: 0,000, Error: 0,0000 s
abr 04, 2013 12:33:11 PM org.ros.time.RemoteUptimeClock update
INFO: Latency: 31,0000 s, Delta ratio: 0,5000, Drift: 2,000, Error reduction coefficient: 0,000, Error: 0,0000 s
abr 04, 2013 12:33:11 PM org.ros.time.RemoteUptimeClock update
INFO: Latency: 31,0000 s, Delta ratio: 0,5000, Drift: 2,000, Error reduction coefficient: 0,000, Error: 0,0000 s
abr 04, 2013 12:33:11 PM org.ros.time.RemoteUptimeClock update
INFO: Latency: 31,0000 s, Delta ratio: 0,5000, Drift: 2,000, Error reduction coefficient: 0,000, Error: 0,0000 s
abr 04, 2013 12:33:11 PM org.ros.time.RemoteUptimeClock update
INFO: Latency: 31,0000 s, Delta ratio: 0,5000, Drift: 2,000, Error reduction coefficient: 0,000, Error: 0,0000 s
abr 04, 2013 12:33:11 PM org.ros.time.RemoteUptimeClock update
INFO: Latency: 31,0000 s, Delta ratio: 0,5000, Drift: 2,000, Error reduction coefficient: 0,000, Error: 0,0000 s
abr 04, 2013 12:33:11 PM org.ros.time.RemoteUptimeClock update
INFO: Latency: 31,0000 s, Delta ratio: 0,5000, Drift: 2,000, Error reduction coefficient: 0,000, Error: 0,0000 s
abr 04, 2013 12:33:11 PM org.ros.time.RemoteUptimeClock update
INFO: Latency: 31,0000 s, Delta ratio: 0,5000, Drift: 2,000, Error reduction coefficient: 0,000, Error: 0,0000 s
abr 04, 2013 12:33:11 PM org.ros.time.RemoteUptimeClock update
INFO: Latency: 31,0000 s, Delta ratio: 0,5000, Drift: 2,000, Error reduction coefficient: 0,000, Error: 0,0000 s
abr 04, 2013 12:33:11 PM org.ros.time.RemoteUptimeClock update
INFO: Latency: 31,0000 s, Delta ratio: 0,5000, Drift: 2,000, Error reduction coefficient: 0,000, Error: 0,0000 s
abr 04, 2013 12:33:11 PM org.ros.time.RemoteUptimeClock update
INFO: Latency: 31,0000 s, Delta ratio: 0,5000, Drift: 2,000, Error reduction coefficient: 0,000, Error: 0,0000 s
abr 04, 2013 12:33:11 PM org.ros.time.RemoteUptimeClock update
INFO: Latency: 31,0000 s, Delta ratio: 0,5000, Drift: 2,000, Error reduction coefficient: 0,000, Error: 0,0000 s
abr 04, 2013 12:33:11 PM org.ros.time.RemoteUptimeClock update
INFO: Latency: 31,0000 s, Delta ratio: 0,5000, Drift: 2,000, Error reduction coefficient: 0,000, Error: 0,0000 s
abr 04, 2013 12:33:11 PM org.ros.time.RemoteUptimeClock update
INFO: Latency: 31,0000 s, Delta ratio: 0,5000, Drift: 2,000, Error reduction coefficient: 0,000, Error: 0,0000 s
abr 04, 2013 12:33:11 PM org.ros.time.RemoteUptimeClock update
INFO: Latency: 31,0000 s, Delta ratio: 0,5000, Drift: 2,000, Error reduction coefficient: 0,000, Error: 0,0000 s
abr 04, 2013 12:33:11 PM org.ros.time.RemoteUptimeClock update
INFO: Latency: 31,0000 s, Delta ratio: 0,5000, Drift: 2,000, Error reduction coefficient: 0,000, Error: 0,0000 s
abr 04, 2013 12:33:11 PM org.ros.time.RemoteUptimeClock update
INFO: Latency: 31,0000 s, Delta ratio: 0,5000, Drift: 2,000, Error reduction coefficient: 0,000, Error: 0,0000 s
abr 04, 2013 12:33:11 PM org.ros.time.RemoteUptimeClock update
INFO: Latency: 31,0000 s, Delta ratio: 0,5000, Drift: 2,000, Error reduction coefficient: 0,000, Error: 0,0000 s
abr 04, 2013 12:33:11 PM org.ros.time.RemoteUptimeClock update
INFO: Latency: 31,0000 s, Delta ratio: 0,5000, Drift: 2,000, Error reduction coefficient: 0,000, Error: 0,0000 s
abr 04, 2013 12:33:11 PM org.ros.time.RemoteUptimeClock update
INFO: Latency: 31,0000 s, Delta ratio: 0,5000, Drift: 2,000, Error reduction coefficient: 0,000, Error: 0,0000 s
abr 04, 2013 12:33:11 PM org.ros.time.RemoteUptimeClock update
INFO: Latency: 31,0000 s, Delta ratio: 0,5000, Drift: 2,000, Error reduction coefficient: 0,000, Error: 0,0000 s
abr 04, 2013 12:33:11 PM org.ros.time.RemoteUptimeClock update
INFO: Latency: 31,0000 s, Delta ratio: 0,5000, Drift: 2,000, Error reduction coefficient: 0,000, Error: 0,0000 s
abr 04, 2013 12:33:11 PM org.ros.time.RemoteUptimeClock update
INFO: Latency: 31,0000 s, Delta ratio: 0,5000, Drift: 2,000, Error reduction coefficient: 0,000, Error: 0,0000 s
abr 04, 2013 12:33:11 PM org.ros.time.RemoteUptimeClock update
INFO: Latency: 31,0000 s, Delta ratio: 0,5000, Drift: 2,000, Error reduction coefficient: 0,000, Error: 0,0000 s
abr 04, 2013 12:33:11 PM org.ros.time.RemoteUptimeClock update
INFO: Latency: 31,0000 s, Delta ratio: 0,5000, Drift: 2,000, Error reduction coefficient: 0,000, Error: 0,0000 s
abr 04, 2013 12:33:11 PM org.ros.time.RemoteUptimeClock update
INFO: Latency: 31,0000 s, Delta ratio: 0,5000, Drift: 2,000, Error reduction coefficient: 0,000, Error: 0,0000 s
abr 04, 2013 12:33:11 PM org.ros.time.RemoteUptimeClock update
INFO: Latency: 31,0000 s, Delta ratio: 0,5000, Drift: 2,000, Error reduction coefficient: 0,000, Error: 0,0000 s
abr 04, 2013 12:33:11 PM org.ros.time.RemoteUptimeClock update
INFO: Latency: 31,0000 s, Delta ratio: 0,5000, Drift: 2,000, Error reduction coefficient: 0,000, Error: 0,0000 s
abr 04, 2013 12:33:11 PM org.ros.time.RemoteUptimeClock update
INFO: Latency: 31,0000 s, Delta ratio: 0,5000, Drift: 2,000, Error reduction coefficient: 0,000, Error: 0,0000 s
abr 04, 2013 12:33:11 PM org.ros.time.RemoteUptimeClock update
INFO: Latency: 31,0000 s, Delta ratio: 0,5000, Drift: 2,000, Error reduction coefficient: 0,000, Error: 0,0000 s
abr 04, 2013 12:33:11 PM org.ros.time.RemoteUptimeClock update
INFO: Latency: 31,0000 s, Delta ratio: 0,5000, Drift: 2,000, Error reduction coefficient: 0,000, Error: 0,0000 s
abr 04, 2013 12:33:11 PM org.ros.time.RemoteUptimeClock update
INFO: Latency: 31,0000 s, Delta ratio: 0,5000, Drift: 2,000, Error reduction coefficient: 0,000, Error: 0,0000 s
abr 04, 2013 12:33:11 PM org.ros.time.RemoteUptimeClock update
INFO: Latency: 31,0000 s, Delta ratio: 0,5000, Drift: 2,000, Error reduction coefficient: 0,000, Error: 0,0000 s
abr 04, 2013 12:33:11 PM org.ros.time.RemoteUptimeClock update
INFO: Latency: 31,0000 s, Delta ratio: 0,5000, Drift: 2,000, Error reduction coefficient: 0,000, Error: 0,0000 s
abr 04, 2013 12:33:11 PM org.ros.time.RemoteUptimeClock update
INFO: Latency: 31,0000 s, Delta ratio: 0,5000, Drift: 2,000, Error reduction coefficient: 0,000, Error: 0,0000 s
abr 04, 2013 12:33:11 PM org.ros.time.RemoteUptimeClock update
INFO: Latency: 31,0000 s, Delta ratio: 0,5000, Drift: 2,000, Error reduction coefficient: 0,000, Error: 0,0000 s
abr 04, 2013 12:33:11 PM org.ros.time.RemoteUptimeClock update
INFO: Latency: 31,0000 s, Delta ratio: 0,5000, Drift: 2,000, Error reduction coefficient: 0,000, Error: 0,0000 s
abr 04, 2013 12:33:11 PM org.ros.time.RemoteUptimeClock update
INFO: Latency: 31,0000 s, Delta ratio: 0,5000, Drift: 2,000, Error reduction coefficient: 0,000, Error: 0,0000 s
abr 04, 2013 12:33:11 PM org.ros.time.RemoteUptimeClock update
INFO: Latency: 31,0000 s, Delta ratio: 0,5000, Drift: 2,000, Error reduction coefficient: 0,000, Error: 0,0000 s
abr 04, 2013 12:33:11 PM org.ros.time.RemoteUptimeClock update
INFO: Latency: 31,0000 s, Delta ratio: 0,5000, Drift: 2,000, Error reduction coefficient: 0,000, Error: 0,0000 s
abr 04, 2013 12:33:11 PM org.ros.time.RemoteUptimeClock update
INFO: Latency: 31,0000 s, Delta ratio: 0,5000, Drift: 2,000, Error reduction coefficient: 0,000, Error: 0,0000 s
abr 04, 2013 12:33:11 PM org.ros.time.RemoteUptimeClock update
INFO: Latency: 31,0000 s, Delta ratio: 0,5000, Drift: 2,000, Error reduction coefficient: 0,000, Error: 0,0000 s
abr 04, 2013 12:33:11 PM org.ros.time.RemoteUptimeClock update
INFO: Latency: 31,0000 s, Delta ratio: 0,5000, Drift: 2,000, Error reduction coefficient: 0,000, Error: 0,0000 s
abr 04, 2013 12:33:11 PM org.ros.time.RemoteUptimeClock update
INFO: Latency: 31,0000 s, Delta ratio: 0,5000, Drift: 2,000, Error reduction coefficient: 0,000, Error: 0,0000 s
abr 04, 2013 12:33:11 PM org.ros.time.RemoteUptimeClock update
INFO: Latency: 31,0000 s, Delta ratio: 0,5000, Drift: 2,000, Error reduction coefficient: 0,000, Error: 0,0000 s
abr 04, 2013 12:33:12 PM org.ros.time.RemoteUptimeClock update
INFO: Latency: 31,0000 s, Delta ratio: 0,5000, Drift: 2,000, Error reduction coefficient: 0,000, Error: 0,0000 s
abr 04, 2013 12:33:12 PM org.ros.time.RemoteUptimeClock update
INFO: Latency: 31,0000 s, Delta ratio: 0,5000, Drift: 2,000, Error reduction coefficient: 0,000, Error: 0,0000 s
abr 04, 2013 12:33:12 PM org.ros.time.RemoteUptimeClock update
INFO: Latency: 31,0000 s, Delta ratio: 0,5000, Drift: 2,000, Error reduction coefficient: 0,000, Error: 0,0000 s
abr 04, 2013 12:33:12 PM org.ros.time.RemoteUptimeClock update
INFO: Latency: 31,0000 s, Delta ratio: 0,5000, Drift: 2,000, Error reduction coefficient: 0,000, Error: 0,0000 s
abr 04, 2013 12:33:12 PM org.ros.time.RemoteUptimeClock update
INFO: Latency: 31,0000 s, Delta ratio: 0,5000, Drift: 2,000, Error reduction coefficient: 0,000, Error: 0,0000 s
abr 04, 2013 12:33:12 PM org.ros.time.RemoteUptimeClock update
INFO: Latency: 31,0000 s, Delta ratio: 0,5000, Drift: 2,000, Error reduction coefficient: 0,000, Error: 0,0000 s
abr 04, 2013 12:33:12 PM org.ros.time.RemoteUptimeClock update
INFO: Latency: 31,0000 s, Delta ratio: 0,5000, Drift: 2,000, Error reduction coefficient: 0,000, Error: 0,0000 s
abr 04, 2013 12:33:12 PM org.ros.time.RemoteUptimeClock update
INFO: Latency: 31,0000 s, Delta ratio: 0,5000, Drift: 2,000, Error reduction coefficient: 0,000, Error: 0,0000 s
abr 04, 2013 12:33:12 PM org.ros.time.RemoteUptimeClock update
INFO: Latency: 31,0000 s, Delta ratio: 0,5000, Drift: 2,000, Error reduction coefficient: 0,000, Error: 0,0000 s
abr 04, 2013 12:33:12 PM org.ros.time.RemoteUptimeClock update
INFO: Latency: 31,0000 s, Delta ratio: 0,5000, Drift: 2,000, Error reduction coefficient: 0,000, Error: 0,0000 s
abr 04, 2013 12:33:12 PM org.ros.time.RemoteUptimeClock update
INFO: Latency: 31,0000 s, Delta ratio: 0,5000, Drift: 2,000, Error reduction coefficient: 0,000, Error: 0,0000 s
abr 04, 2013 12:33:12 PM org.ros.time.RemoteUptimeClock update
INFO: Latency: 31,0000 s, Delta ratio: 0,5000, Drift: 2,000, Error reduction coefficient: 0,000, Error: 0,0000 s
abr 04, 2013 12:33:12 PM org.ros.time.RemoteUptimeClock update
INFO: Latency: 31,0000 s, Delta ratio: 0,5000, Drift: 2,000, Error reduction coefficient: 0,000, Error: 0,0000 s
abr 04, 2013 12:33:12 PM org.ros.time.RemoteUptimeClock update
INFO: Latency: 31,0000 s, Delta ratio: 0,5000, Drift: 2,000, Error reduction coefficient: 0,000, Error: 0,0000 s
abr 04, 2013 12:33:12 PM org.ros.time.RemoteUptimeClock update
INFO: Latency: 31,0000 s, Delta ratio: 0,5000, Drift: 2,000, Error reduction coefficient: 0,000, Error: 0,0000 s
abr 04, 2013 12:33:12 PM org.ros.time.RemoteUptimeClock update
INFO: Latency: 31,0000 s, Delta ratio: 0,5000, Drift: 2,000, Error reduction coefficient: 0,000, Error: 0,0000 s
abr 04, 2013 12:33:12 PM org.ros.time.RemoteUptimeClock update
INFO: Latency: 31,0000 s, Delta ratio: 0,5000, Drift: 2,000, Error reduction coefficient: 0,000, Error: 0,0000 s
abr 04, 2013 12:33:12 PM org.ros.time.RemoteUptimeClock update
INFO: Latency: 31,0000 s, Delta ratio: 0,5000, Drift: 2,000, Error reduction coefficient: 0,000, Error: 0,0000 s
abr 04, 2013 12:33:12 PM org.ros.time.RemoteUptimeClock update
INFO: Latency: 31,0000 s, Delta ratio: 0,5000, Drift: 2,000, Error reduction coefficient: 0,000, Error: 0,0000 s
abr 04, 2013 12:33:12 PM org.ros.time.RemoteUptimeClock update
INFO: Latency: 31,0000 s, Delta ratio: 0,5000, Drift: 2,000, Error reduction coefficient: 0,000, Error: 0,0000 s
abr 04, 2013 12:33:12 PM org.ros.time.RemoteUptimeClock update
INFO: Latency: 31,0000 s, Delta ratio: 0,5000, Drift: 2,000, Error reduction coefficient: 0,000, Error: 0,0000 s
abr 04, 2013 12:33:12 PM org.ros.time.RemoteUptimeClock update
INFO: Latency: 31,0000 s, Delta ratio: 0,5000, Drift: 2,000, Error reduction coefficient: 0,000, Error: 0,0000 s
abr 04, 2013 12:33:12 PM org.ros.time.RemoteUptimeClock update
INFO: Latency: 31,0000 s, Delta ratio: 0,5000, Drift: 2,000, Error reduction coefficient: 0,000, Error: 0,0000 s
abr 04, 2013 12:33:12 PM org.ros.time.RemoteUptimeClock update
INFO: Latency: 31,0000 s, Delta ratio: 0,5000, Drift: 2,000, Error reduction coefficient: 0,000, Error: 0,0000 s
abr 04, 2013 12:33:12 PM org.ros.time.RemoteUptimeClock update
INFO: Latency: 31,0000 s, Delta ratio: 0,5000, Drift: 2,000, Error reduction coefficient: 0,000, Error: 0,0000 s
abr 04, 2013 12:33:12 PM org.ros.time.RemoteUptimeClock update
INFO: Latency: 31,0000 s, Delta ratio: 0,5000, Drift: 2,000, Error reduction coefficient: 0,000, Error: 0,0000 s
abr 04, 2013 12:33:12 PM org.ros.time.RemoteUptimeClock update
INFO: Latency: 31,0000 s, Delta ratio: 0,5000, Drift: 2,000, Error reduction coefficient: 0,000, Error: 0,0000 s
abr 04, 2013 12:33:12 PM org.ros.time.RemoteUptimeClock update
INFO: Latency: 31,0000 s, Delta ratio: 0,5000, Drift: 2,000, Error reduction coefficient: 0,000, Error: 0,0000 s
abr 04, 2013 12:33:12 PM org.ros.time.RemoteUptimeClock update
INFO: Latency: 31,0000 s, Delta ratio: 0,5000, Drift: 2,000, Error reduction coefficient: 0,000, Error: 0,0000 s
abr 04, 2013 12:33:12 PM org.ros.time.RemoteUptimeClock update
INFO: Latency: 31,0000 s, Delta ratio: 0,5000, Drift: 2,000, Error reduction coefficient: 0,000, Error: 0,0000 s
abr 04, 2013 12:33:12 PM org.ros.time.RemoteUptimeClock update
INFO: Latency: 31,0000 s, Delta ratio: 0,5000, Drift: 2,000, Error reduction coefficient: 0,000, Error: 0,0000 s
abr 04, 2013 12:33:12 PM org.ros.time.RemoteUptimeClock update
INFO: Latency: 31,0000 s, Delta ratio: 0,5000, Drift: 2,000, Error reduction coefficient: 0,000, Error: 0,0000 s
abr 04, 2013 12:33:12 PM org.ros.time.RemoteUptimeClock update
INFO: Latency: 31,0000 s, Delta ratio: 0,5000, Drift: 2,000, Error reduction coefficient: 0,000, Error: 0,0000 s
abr 04, 2013 12:33:12 PM org.ros.time.RemoteUptimeClock update
INFO: Latency: 31,0000 s, Delta ratio: 0,5000, Drift: 2,000, Error reduction coefficient: 0,000, Error: 0,0000 s
abr 04, 2013 12:33:12 PM org.ros.time.RemoteUptimeClock update
INFO: Latency: 31,0000 s, Delta ratio: 0,5000, Drift: 2,000, Error reduction coefficient: 0,000, Error: 0,0000 s
abr 04, 2013 12:33:12 PM org.ros.time.RemoteUptimeClock update
INFO: Latency: 31,0000 s, Delta ratio: 0,5000, Drift: 2,000, Error reduction coefficient: 0,000, Error: 0,0000 s
abr 04, 2013 12:33:12 PM org.ros.time.RemoteUptimeClock update
INFO: Latency: 31,0000 s, Delta ratio: 0,5000, Drift: 2,000, Error reduction coefficient: 0,000, Error: 0,0000 s
abr 04, 2013 12:33:12 PM org.ros.time.RemoteUptimeClock update
INFO: Latency: 31,0000 s, Delta ratio: 0,5000, Drift: 2,000, Error reduction coefficient: 0,000, Error: 0,0000 s
abr 04, 2013 12:33:12 PM org.ros.time.RemoteUptimeClock update
INFO: Latency: 31,0000 s, Delta ratio: 0,5000, Drift: 2,000, Error reduction coefficient: 0,000, Error: 0,0000 s
abr 04, 2013 12:33:12 PM org.ros.time.RemoteUptimeClock update
INFO: Latency: 31,0000 s, Delta ratio: 0,5000, Drift: 2,000, Error reduction coefficient: 0,000, Error: 0,0000 s
abr 04, 2013 12:33:12 PM org.ros.time.RemoteUptimeClock update
INFO: Latency: 31,0000 s, Delta ratio: 0,5000, Drift: 2,000, Error reduction coefficient: 0,000, Error: 0,0000 s
abr 04, 2013 12:33:12 PM org.ros.time.RemoteUptimeClock update
INFO: Latency: 31,0000 s, Delta ratio: 0,5000, Drift: 2,000, Error reduction coefficient: 0,000, Error: 0,0000 s
abr 04, 2013 12:33:12 PM org.ros.time.RemoteUptimeClock update
INFO: Latency: 31,0000 s, Delta ratio: 0,5000, Drift: 2,000, Error reduction coefficient: 0,000, Error: 0,0000 s
abr 04, 2013 12:33:12 PM org.ros.time.RemoteUptimeClock update
INFO: Latency: 31,0000 s, Delta ratio: 0,5000, Drift: 2,000, Error reduction coefficient: 0,000, Error: 0,0000 s
abr 04, 2013 12:33:12 PM org.ros.time.RemoteUptimeClock update
INFO: Latency: 31,0000 s, Delta ratio: 0,5000, Drift: 2,000, Error reduction coefficient: 0,000, Error: 0,0000 s
abr 04, 2013 12:33:12 PM org.ros.time.RemoteUptimeClock update
INFO: Latency: 31,0000 s, Delta ratio: 0,5000, Drift: 2,000, Error reduction coefficient: 0,000, Error: 0,0000 s
abr 04, 2013 12:33:12 PM org.ros.time.RemoteUptimeClock update
INFO: Latency: 31,0000 s, Delta ratio: 0,5000, Drift: 2,000, Error reduction coefficient: 0,000, Error: 0,0000 s
abr 04, 2013 12:33:12 PM org.ros.time.RemoteUptimeClock update
INFO: Latency: 31,0000 s, Delta ratio: 0,5000, Drift: 2,000, Error reduction coefficient: 0,000, Error: 0,0000 s
abr 04, 2013 12:33:12 PM org.ros.time.RemoteUptimeClock update
INFO: Latency: 31,0000 s, Delta ratio: 0,5000, Drift: 2,000, Error reduction coefficient: 0,000, Error: 0,0000 s
abr 04, 2013 12:33:12 PM org.ros.time.RemoteUptimeClock update
INFO: Latency: 31,0000 s, Delta ratio: 0,5000, Drift: 2,000, Error reduction coefficient: 0,000, Error: 0,0000 s
abr 04, 2013 12:33:12 PM org.ros.time.RemoteUptimeClock update
INFO: Latency: 31,0000 s, Delta ratio: 0,5000, Drift: 2,000, Error reduction coefficient: 0,000, Error: 0,0000 s
abr 04, 2013 12:33:12 PM org.ros.time.RemoteUptimeClock update
INFO: Latency: 31,0000 s, Delta ratio: 0,5000, Drift: 2,000, Error reduction coefficient: 0,000, Error: 0,0000 s
abr 04, 2013 12:33:12 PM org.ros.time.RemoteUptimeClock update
INFO: Latency: 31,0000 s, Delta ratio: 0,5000, Drift: 2,000, Error reduction coefficient: 0,000, Error: 0,0000 s
abr 04, 2013 12:33:12 PM org.ros.time.RemoteUptimeClock update
INFO: Latency: 31,0000 s, Delta ratio: 0,5000, Drift: 2,000, Error reduction coefficient: 0,000, Error: 0,0000 s
abr 04, 2013 12:33:12 PM org.ros.time.RemoteUptimeClock update
INFO: Latency: 31,0000 s, Delta ratio: 0,5000, Drift: 2,000, Error reduction coefficient: 0,000, Error: 0,0000 s
abr 04, 2013 12:33:12 PM org.ros.time.RemoteUptimeClock update
INFO: Latency: 31,0000 s, Delta ratio: 0,5000, Drift: 2,000, Error reduction coefficient: 0,000, Error: 0,0000 s
abr 04, 2013 12:33:12 PM org.ros.time.RemoteUptimeClock update
INFO: Latency: 31,0000 s, Delta ratio: 0,5000, Drift: 2,000, Error reduction coefficient: 0,000, Error: 0,0000 s
abr 04, 2013 12:33:12 PM org.ros.time.RemoteUptimeClock update
INFO: Latency: 31,0000 s, Delta ratio: 0,5000, Drift: 2,000, Error reduction coefficient: 0,000, Error: 0,0000 s
abr 04, 2013 12:33:12 PM org.ros.time.RemoteUptimeClock update
INFO: Latency: 31,0000 s, Delta ratio: 0,5000, Drift: 2,000, Error reduction coefficient: 0,000, Error: 0,0000 s
abr 04, 2013 12:33:12 PM org.ros.time.RemoteUptimeClock update
INFO: Latency: 31,0000 s, Delta ratio: 0,5000, Drift: 2,000, Error reduction coefficient: 0,000, Error: 0,0000 s
abr 04, 2013 12:33:12 PM org.ros.time.RemoteUptimeClock update
INFO: Latency: 31,0000 s, Delta ratio: 0,5000, Drift: 2,000, Error reduction coefficient: 0,000, Error: 0,0000 s
abr 04, 2013 12:33:12 PM org.ros.time.RemoteUptimeClock update
INFO: Latency: 31,0000 s, Delta ratio: 0,5000, Drift: 2,000, Error reduction coefficient: 0,000, Error: 0,0000 s
abr 04, 2013 12:33:12 PM org.ros.time.RemoteUptimeClock update
INFO: Latency: 31,0000 s, Delta ratio: 0,5000, Drift: 2,000, Error reduction coefficient: 0,000, Error: 0,0000 s
abr 04, 2013 12:33:12 PM org.ros.time.RemoteUptimeClock update
INFO: Latency: 31,0000 s, Delta ratio: 0,5000, Drift: 2,000, Error reduction coefficient: 0,000, Error: 0,0000 s
abr 04, 2013 12:33:12 PM org.ros.time.RemoteUptimeClock update
INFO: Latency: 31,0000 s, Delta ratio: 0,5000, Drift: 2,000, Error reduction coefficient: 0,000, Error: 0,0000 s
abr 04, 2013 12:33:12 PM org.ros.time.RemoteUptimeClock update
INFO: Latency: 31,0000 s, Delta ratio: 0,5000, Drift: 2,000, Error reduction coefficient: 0,000, Error: 0,0000 s
abr 04, 2013 12:33:12 PM org.ros.time.RemoteUptimeClock update
INFO: Latency: 31,0000 s, Delta ratio: 0,5000, Drift: 2,000, Error reduction coefficient: 0,000, Error: 0,0000 s
abr 04, 2013 12:33:12 PM org.ros.time.RemoteUptimeClock update
INFO: Latency: 31,0000 s, Delta ratio: 0,5000, Drift: 2,000, Error reduction coefficient: 0,000, Error: 0,0000 s
abr 04, 2013 12:33:12 PM org.ros.time.RemoteUptimeClock update
INFO: Latency: 31,0000 s, Delta ratio: 0,5000, Drift: 2,000, Error reduction coefficient: 0,000, Error: 0,0000 s
abr 04, 2013 12:33:12 PM org.ros.time.RemoteUptimeClock update
INFO: Latency: 31,0000 s, Delta ratio: 0,5000, Drift: 2,000, Error reduction coefficient: 0,000, Error: 0,0000 s
abr 04, 2013 12:33:12 PM org.ros.time.RemoteUptimeClock update
INFO: Latency: 31,0000 s, Delta ratio: 0,5000, Drift: 2,000, Error reduction coefficient: 0,000, Error: 0,0000 s
abr 04, 2013 12:33:12 PM org.ros.time.RemoteUptimeClock update
INFO: Latency: 31,0000 s, Delta ratio: 0,5000, Drift: 2,000, Error reduction coefficient: 0,000, Error: 0,0000 s
abr 04, 2013 12:33:12 PM org.ros.time.RemoteUptimeClock update
INFO: Latency: 31,0000 s, Delta ratio: 0,5000, Drift: 2,000, Error reduction coefficient: 0,000, Error: 0,0000 s
abr 04, 2013 12:33:12 PM org.ros.time.RemoteUptimeClock update
INFO: Latency: 31,0000 s, Delta ratio: 0,5000, Drift: 2,000, Error reduction coefficient: 0,000, Error: 0,0000 s
abr 04, 2013 12:33:12 PM org.ros.time.RemoteUptimeClock update
INFO: Latency: 31,0000 s, Delta ratio: 0,5000, Drift: 2,000, Error reduction coefficient: 0,000, Error: 0,0000 s
abr 04, 2013 12:33:12 PM org.ros.time.RemoteUptimeClock update
INFO: Latency: 31,0000 s, Delta ratio: 0,5000, Drift: 2,000, Error reduction coefficient: 0,000, Error: 0,0000 s
abr 04, 2013 12:33:12 PM org.ros.time.RemoteUptimeClock update
INFO: Latency: 31,0000 s, Delta ratio: 0,5000, Drift: 2,000, Error reduction coefficient: 0,000, Error: 0,0000 s
abr 04, 2013 12:33:12 PM org.ros.time.RemoteUptimeClock update
INFO: Latency: 31,0000 s, Delta ratio: 0,5000, Drift: 2,000, Error reduction coefficient: 0,000, Error: 0,0000 s
abr 04, 2013 12:33:12 PM org.ros.time.RemoteUptimeClock update
INFO: Latency: 31,0000 s, Delta ratio: 0,5000, Drift: 2,000, Error reduction coefficient: 0,000, Error: 0,0000 s
abr 04, 2013 12:33:12 PM org.ros.time.RemoteUptimeClock update
INFO: Latency: 31,0000 s, Delta ratio: 0,5000, Drift: 2,000, Error reduction coefficient: 0,000, Error: 0,0000 s
abr 04, 2013 12:33:12 PM org.ros.time.RemoteUptimeClock update
INFO: Latency: 31,0000 s, Delta ratio: 0,5000, Drift: 2,000, Error reduction coefficient: 0,000, Error: 0,0000 s
abr 04, 2013 12:33:12 PM org.ros.time.RemoteUptimeClock update
INFO: Latency: 31,0000 s, Delta ratio: 0,5000, Drift: 2,000, Error reduction coefficient: 0,000, Error: 0,0000 s
abr 04, 2013 12:33:12 PM org.ros.time.RemoteUptimeClock update
INFO: Latency: 31,0000 s, Delta ratio: 0,5000, Drift: 2,000, Error reduction coefficient: 0,000, Error: 0,0000 s
abr 04, 2013 12:33:12 PM org.ros.time.RemoteUptimeClock update
INFO: Latency: 31,0000 s, Delta ratio: 0,5000, Drift: 2,000, Error reduction coefficient: 0,000, Error: 0,0000 s
abr 04, 2013 12:33:12 PM org.ros.time.RemoteUptimeClock update
INFO: Latency: 31,0000 s, Delta ratio: 0,5000, Drift: 2,000, Error reduction coefficient: 0,000, Error: 0,0000 s
abr 04, 2013 12:33:12 PM org.ros.time.RemoteUptimeClock update
INFO: Latency: 31,0000 s, Delta ratio: 0,5000, Drift: 2,000, Error reduction coefficient: 0,000, Error: 0,0000 s
abr 04, 2013 12:33:12 PM org.ros.time.RemoteUptimeClock update
INFO: Latency: 31,0000 s, Delta ratio: 0,5000, Drift: 2,000, Error reduction coefficient: 0,000, Error: 0,0000 s
abr 04, 2013 12:33:12 PM org.ros.time.RemoteUptimeClock update
INFO: Latency: 31,0000 s, Delta ratio: 0,5000, Drift: 2,000, Error reduction coefficient: 0,000, Error: 0,0000 s
abr 04, 2013 12:33:12 PM org.ros.time.RemoteUptimeClock update
INFO: Latency: 31,0000 s, Delta ratio: 0,5000, Drift: 2,000, Error reduction coefficient: 0,000, Error: 0,0000 s
abr 04, 2013 12:33:12 PM org.ros.time.RemoteUptimeClock update
INFO: Latency: 31,0000 s, Delta ratio: 0,5000, Drift: 2,000, Error reduction coefficient: 0,000, Error: 0,0000 s
abr 04, 2013 12:33:12 PM org.ros.time.RemoteUptimeClock update
INFO: Latency: 31,0000 s, Delta ratio: 0,5000, Drift: 2,000, Error reduction coefficient: 0,000, Error: 0,0000 s
abr 04, 2013 12:33:12 PM org.ros.time.RemoteUptimeClock update
INFO: Latency: 31,0000 s, Delta ratio: 0,5000, Drift: 2,000, Error reduction coefficient: 0,000, Error: 0,0000 s
abr 04, 2013 12:33:12 PM org.ros.time.RemoteUptimeClock update
INFO: Latency: 31,0000 s, Delta ratio: 0,5000, Drift: 2,000, Error reduction coefficient: 0,000, Error: 0,0000 s
abr 04, 2013 12:33:12 PM org.ros.time.RemoteUptimeClock update
INFO: Latency: 31,0000 s, Delta ratio: 0,5000, Drift: 2,000, Error reduction coefficient: 0,000, Error: 0,0000 s
abr 04, 2013 12:33:12 PM org.ros.time.RemoteUptimeClock update
INFO: Latency: 31,0000 s, Delta ratio: 0,5000, Drift: 2,000, Error reduction coefficient: 0,000, Error: 0,0000 s
abr 04, 2013 12:33:12 PM org.ros.time.RemoteUptimeClock update
INFO: Latency: 31,0000 s, Delta ratio: 0,5000, Drift: 2,000, Error reduction coefficient: 0,000, Error: 0,0000 s
abr 04, 2013 12:33:12 PM org.ros.time.RemoteUptimeClock update
INFO: Latency: 31,0000 s, Delta ratio: 0,5000, Drift: 2,000, Error reduction coefficient: 0,000, Error: 0,0000 s
abr 04, 2013 12:33:12 PM org.ros.time.RemoteUptimeClock update
INFO: Latency: 31,0000 s, Delta ratio: 0,5000, Drift: 2,000, Error reduction coefficient: 0,000, Error: 0,0000 s
abr 04, 2013 12:33:12 PM org.ros.time.RemoteUptimeClock update
INFO: Latency: 31,0000 s, Delta ratio: 0,5000, Drift: 2,000, Error reduction coefficient: 0,000, Error: 0,0000 s
abr 04, 2013 12:33:12 PM org.ros.time.RemoteUptimeClock update
INFO: Latency: 31,0000 s, Delta ratio: 0,5000, Drift: 2,000, Error reduction coefficient: 0,000, Error: 0,0000 s
abr 04, 2013 12:33:12 PM org.ros.time.RemoteUptimeClock update
INFO: Latency: 31,0000 s, Delta ratio: 0,5000, Drift: 2,000, Error reduction coefficient: 0,000, Error: 0,0000 s
abr 04, 2013 12:33:12 PM org.ros.time.RemoteUptimeClock update
INFO: Latency: 31,0000 s, Delta ratio: 0,5000, Drift: 2,000, Error reduction coefficient: 0,000, Error: 0,0000 s
abr 04, 2013 12:33:12 PM org.ros.time.RemoteUptimeClock update
INFO: Latency: 31,0000 s, Delta ratio: 0,5000, Drift: 2,000, Error reduction coefficient: 0,000, Error: 0,0000 s
abr 04, 2013 12:33:12 PM org.ros.time.RemoteUptimeClock update
INFO: Latency: 31,0000 s, Delta ratio: 0,5000, Drift: 2,000, Error reduction coefficient: 0,000, Error: 0,0000 s
abr 04, 2013 12:33:12 PM org.ros.time.RemoteUptimeClock update
INFO: Latency: 31,0000 s, Delta ratio: 0,5000, Drift: 2,000, Error reduction coefficient: 0,000, Error: 0,0000 s
abr 04, 2013 12:33:12 PM org.ros.time.RemoteUptimeClock update
INFO: Latency: 31,0000 s, Delta ratio: 0,5000, Drift: 2,000, Error reduction coefficient: 0,000, Error: 0,0000 s
abr 04, 2013 12:33:12 PM org.ros.time.RemoteUptimeClock update
INFO: Latency: 31,0000 s, Delta ratio: 0,5000, Drift: 2,000, Error reduction coefficient: 0,000, Error: 0,0000 s
abr 04, 2013 12:33:12 PM org.ros.time.RemoteUptimeClock update
INFO: Latency: 31,0000 s, Delta ratio: 0,5000, Drift: 2,000, Error reduction coefficient: 0,000, Error: 0,0000 s
abr 04, 2013 12:33:12 PM org.ros.time.RemoteUptimeClock update
INFO: Latency: 31,0000 s, Delta ratio: 0,5000, Drift: 2,000, Error reduction coefficient: 0,000, Error: 0,0000 s
abr 04, 2013 12:33:12 PM org.ros.time.RemoteUptimeClock update
INFO: Latency: 31,0000 s, Delta ratio: 0,5000, Drift: 2,000, Error reduction coefficient: 0,000, Error: 0,0000 s
abr 04, 2013 12:33:12 PM org.ros.time.RemoteUptimeClock update
INFO: Latency: 31,0000 s, Delta ratio: 0,5000, Drift: 2,000, Error reduction coefficient: 0,000, Error: 0,0000 s
abr 04, 2013 12:33:12 PM org.ros.time.RemoteUptimeClock update
INFO: Latency: 31,0000 s, Delta ratio: 0,5000, Drift: 2,000, Error reduction coefficient: 0,000, Error: 0,0000 s
abr 04, 2013 12:33:12 PM org.ros.time.RemoteUptimeClock update
INFO: Latency: 31,0000 s, Delta ratio: 0,5000, Drift: 2,000, Error reduction coefficient: 0,000, Error: 0,0000 s
abr 04, 2013 12:33:12 PM org.ros.time.RemoteUptimeClock update
INFO: Latency: 31,0000 s, Delta ratio: 0,5000, Drift: 2,000, Error reduction coefficient: 0,000, Error: 0,0000 s
abr 04, 2013 12:33:12 PM org.ros.time.RemoteUptimeClock update
INFO: Latency: 31,0000 s, Delta ratio: 0,5000, Drift: 2,000, Error reduction coefficient: 0,000, Error: 0,0000 s
abr 04, 2013 12:33:12 PM org.ros.time.RemoteUptimeClock update
INFO: Latency: 31,0000 s, Delta ratio: 0,5000, Drift: 2,000, Error reduction coefficient: 0,000, Error: 0,0000 s
abr 04, 2013 12:33:12 PM org.ros.time.RemoteUptimeClock update
INFO: Latency: 31,0000 s, Delta ratio: 0,5000, Drift: 2,000, Error reduction coefficient: 0,000, Error: 0,0000 s
abr 04, 2013 12:33:12 PM org.ros.time.RemoteUptimeClock update
INFO: Latency: 31,0000 s, Delta ratio: 0,5000, Drift: 2,000, Error reduction coefficient: 0,000, Error: 0,0000 s
abr 04, 2013 12:33:12 PM org.ros.time.RemoteUptimeClock update
INFO: Latency: 31,0000 s, Delta ratio: 0,5000, Drift: 2,000, Error reduction coefficient: 0,000, Error: 0,0000 s
abr 04, 2013 12:33:12 PM org.ros.time.RemoteUptimeClock update
INFO: Latency: 31,0000 s, Delta ratio: 0,5000, Drift: 2,000, Error reduction coefficient: 0,000, Error: 0,0000 s
abr 04, 2013 12:33:12 PM org.ros.time.RemoteUptimeClock update
INFO: Latency: 31,0000 s, Delta ratio: 0,5000, Drift: 2,000, Error reduction coefficient: 0,000, Error: 0,0000 s
abr 04, 2013 12:33:12 PM org.ros.time.RemoteUptimeClock update
INFO: Latency: 31,0000 s, Delta ratio: 0,5000, Drift: 2,000, Error reduction coefficient: 0,000, Error: 0,0000 s
abr 04, 2013 12:33:12 PM org.ros.time.RemoteUptimeClock update
INFO: Latency: 31,0000 s, Delta ratio: 0,5000, Drift: 2,000, Error reduction coefficient: 0,000, Error: 0,0000 s
abr 04, 2013 12:33:12 PM org.ros.time.RemoteUptimeClock update
INFO: Latency: 31,0000 s, Delta ratio: 0,5000, Drift: 2,000, Error reduction coefficient: 0,000, Error: 0,0000 s
abr 04, 2013 12:33:12 PM org.ros.time.RemoteUptimeClock update
INFO: Latency: 31,0000 s, Delta ratio: 0,5000, Drift: 2,000, Error reduction coefficient: 0,000, Error: 0,0000 s
abr 04, 2013 12:33:12 PM org.ros.time.RemoteUptimeClock update
INFO: Latency: 31,0000 s, Delta ratio: 0,5000, Drift: 2,000, Error reduction coefficient: 0,000, Error: 0,0000 s
abr 04, 2013 12:33:12 PM org.ros.time.RemoteUptimeClock update
INFO: Latency: 31,0000 s, Delta ratio: 0,5000, Drift: 2,000, Error reduction coefficient: 0,000, Error: 0,0000 s
abr 04, 2013 12:33:12 PM org.ros.time.RemoteUptimeClock update
INFO: Latency: 31,0000 s, Delta ratio: 0,5000, Drift: 2,000, Error reduction coefficient: 0,000, Error: 0,0000 s
abr 04, 2013 12:33:12 PM org.ros.time.RemoteUptimeClock update
INFO: Latency: 31,0000 s, Delta ratio: 0,5000, Drift: 2,000, Error reduction coefficient: 0,000, Error: 0,0000 s
abr 04, 2013 12:33:12 PM org.ros.time.RemoteUptimeClock update
INFO: Latency: 31,0000 s, Delta ratio: 0,5000, Drift: 2,000, Error reduction coefficient: 0,000, Error: 0,0000 s
abr 04, 2013 12:33:12 PM org.ros.time.RemoteUptimeClock update
INFO: Latency: 31,0000 s, Delta ratio: 0,5000, Drift: 2,000, Error reduction coefficient: 0,000, Error: 0,0000 s
abr 04, 2013 12:33:12 PM org.ros.time.RemoteUptimeClock update
INFO: Latency: 31,0000 s, Delta ratio: 0,5000, Drift: 2,000, Error reduction coefficient: 0,000, Error: 0,0000 s
abr 04, 2013 12:33:12 PM org.ros.time.RemoteUptimeClock update
INFO: Latency: 31,0000 s, Delta ratio: 0,5000, Drift: 2,000, Error reduction coefficient: 0,000, Error: 0,0000 s
abr 04, 2013 12:33:12 PM org.ros.time.RemoteUptimeClock update
INFO: Latency: 31,0000 s, Delta ratio: 0,5000, Drift: 2,000, Error reduction coefficient: 0,000, Error: 0,0000 s
abr 04, 2013 12:33:12 PM org.ros.time.RemoteUptimeClock update
INFO: Latency: 31,0000 s, Delta ratio: 0,5000, Drift: 2,000, Error reduction coefficient: 0,000, Error: 0,0000 s
abr 04, 2013 12:33:12 PM org.ros.time.RemoteUptimeClock update
INFO: Latency: 31,0000 s, Delta ratio: 0,5000, Drift: 2,000, Error reduction coefficient: 0,000, Error: 0,0000 s
abr 04, 2013 12:33:12 PM org.ros.time.RemoteUptimeClock update
INFO: Latency: 31,0000 s, Delta ratio: 0,5000, Drift: 2,000, Error reduction coefficient: 0,000, Error: 0,0000 s
abr 04, 2013 12:33:12 PM org.ros.time.RemoteUptimeClock update
INFO: Latency: 31,0000 s, Delta ratio: 0,5000, Drift: 2,000, Error reduction coefficient: 0,000, Error: 0,0000 s
abr 04, 2013 12:33:12 PM org.ros.time.RemoteUptimeClock update
INFO: Latency: 31,0000 s, Delta ratio: 0,5000, Drift: 2,000, Error reduction coefficient: 0,000, Error: 0,0000 s
abr 04, 2013 12:33:12 PM org.ros.time.RemoteUptimeClock update
INFO: Latency: 31,0000 s, Delta ratio: 0,5000, Drift: 2,000, Error reduction coefficient: 0,000, Error: 0,0000 s
abr 04, 2013 12:33:12 PM org.ros.time.RemoteUptimeClock update
INFO: Latency: 31,0000 s, Delta ratio: 0,5000, Drift: 2,000, Error reduction coefficient: 0,000, Error: 0,0000 s
abr 04, 2013 12:33:12 PM org.ros.time.RemoteUptimeClock update
INFO: Latency: 31,0000 s, Delta ratio: 0,5000, Drift: 2,000, Error reduction coefficient: 0,000, Error: 0,0000 s
abr 04, 2013 12:33:12 PM org.ros.time.RemoteUptimeClock update
INFO: Latency: 31,0000 s, Delta ratio: 0,5000, Drift: 2,000, Error reduction coefficient: 0,000, Error: 0,0000 s
abr 04, 2013 12:33:12 PM org.ros.time.RemoteUptimeClock update
INFO: Latency: 31,0000 s, Delta ratio: 0,5000, Drift: 2,000, Error reduction coefficient: 0,000, Error: 0,0000 s
abr 04, 2013 12:33:12 PM org.ros.time.RemoteUptimeClock update
INFO: Latency: 31,0000 s, Delta ratio: 0,5000, Drift: 2,000, Error reduction coefficient: 0,000, Error: 0,0000 s
abr 04, 2013 12:33:12 PM org.ros.time.RemoteUptimeClock update
INFO: Latency: 31,0000 s, Delta ratio: 0,5000, Drift: 2,000, Error reduction coefficient: 0,000, Error: 0,0000 s
abr 04, 2013 12:33:12 PM org.ros.time.RemoteUptimeClock update
INFO: Latency: 31,0000 s, Delta ratio: 0,5000, Drift: 2,000, Error reduction coefficient: 0,000, Error: 0,0000 s
abr 04, 2013 12:33:12 PM org.ros.time.RemoteUptimeClock update
INFO: Latency: 31,0000 s, Delta ratio: 0,5000, Drift: 2,000, Error reduction coefficient: 0,000, Error: 0,0000 s
abr 04, 2013 12:33:12 PM org.ros.time.RemoteUptimeClock update
INFO: Latency: 31,0000 s, Delta ratio: 0,5000, Drift: 2,000, Error reduction coefficient: 0,000, Error: 0,0000 s
abr 04, 2013 12:33:12 PM org.ros.time.RemoteUptimeClock update
INFO: Latency: 31,0000 s, Delta ratio: 0,5000, Drift: 2,000, Error reduction coefficient: 0,000, Error: 0,0000 s
abr 04, 2013 12:33:12 PM org.ros.time.RemoteUptimeClock update
INFO: Latency: 31,0000 s, Delta ratio: 0,5000, Drift: 2,000, Error reduction coefficient: 0,000, Error: 0,0000 s
abr 04, 2013 12:33:12 PM org.ros.time.RemoteUptimeClock update
INFO: Latency: 31,0000 s, Delta ratio: 0,5000, Drift: 2,000, Error reduction coefficient: 0,000, Error: 0,0000 s
abr 04, 2013 12:33:12 PM org.ros.time.RemoteUptimeClock update
INFO: Latency: 31,0000 s, Delta ratio: 0,5000, Drift: 2,000, Error reduction coefficient: 0,000, Error: 0,0000 s
abr 04, 2013 12:33:12 PM org.ros.time.RemoteUptimeClock update
INFO: Latency: 31,0000 s, Delta ratio: 0,5000, Drift: 2,000, Error reduction coefficient: 0,000, Error: 0,0000 s
abr 04, 2013 12:33:12 PM org.ros.time.RemoteUptimeClock update
INFO: Latency: 31,0000 s, Delta ratio: 0,5000, Drift: 2,000, Error reduction coefficient: 0,000, Error: 0,0000 s
abr 04, 2013 12:33:12 PM org.ros.time.RemoteUptimeClock update
INFO: Latency: 31,0000 s, Delta ratio: 0,5000, Drift: 2,000, Error reduction coefficient: 0,000, Error: 0,0000 s
abr 04, 2013 12:33:12 PM org.ros.time.RemoteUptimeClock update
INFO: Latency: 31,0000 s, Delta ratio: 0,5000, Drift: 2,000, Error reduction coefficient: 0,000, Error: 0,0000 s
abr 04, 2013 12:33:12 PM org.ros.time.RemoteUptimeClock update
INFO: Latency: 31,0000 s, Delta ratio: 0,5000, Drift: 2,000, Error reduction coefficient: 0,000, Error: 0,0000 s
abr 04, 2013 12:33:12 PM org.ros.time.RemoteUptimeClock update
INFO: Latency: 31,0000 s, Delta ratio: 0,5000, Drift: 2,000, Error reduction coefficient: 0,000, Error: 0,0000 s
abr 04, 2013 12:33:12 PM org.ros.time.RemoteUptimeClock update
INFO: Latency: 31,0000 s, Delta ratio: 0,5000, Drift: 2,000, Error reduction coefficient: 0,000, Error: 0,0000 s
abr 04, 2013 12:33:12 PM org.ros.time.RemoteUptimeClock update
INFO: Latency: 31,0000 s, Delta ratio: 0,5000, Drift: 2,000, Error reduction coefficient: 0,000, Error: 0,0000 s
abr 04, 2013 12:33:12 PM org.ros.time.RemoteUptimeClock update
INFO: Latency: 31,0000 s, Delta ratio: 0,5000, Drift: 2,000, Error reduction coefficient: 0,000, Error: 0,0000 s
abr 04, 2013 12:33:12 PM org.ros.time.RemoteUptimeClock update
INFO: Latency: 31,0000 s, Delta ratio: 0,5000, Drift: 2,000, Error reduction coefficient: 0,000, Error: 0,0000 s
abr 04, 2013 12:33:12 PM org.ros.time.RemoteUptimeClock update
INFO: Latency: 31,0000 s, Delta ratio: 0,5000, Drift: 2,000, Error reduction coefficient: 0,000, Error: 0,0000 s
abr 04, 2013 12:33:12 PM org.ros.time.RemoteUptimeClock update
INFO: Latency: 31,0000 s, Delta ratio: 0,5000, Drift: 2,000, Error reduction coefficient: 0,000, Error: 0,0000 s
abr 04, 2013 12:33:12 PM org.ros.time.RemoteUptimeClock update
INFO: Latency: 31,0000 s, Delta ratio: 0,5000, Drift: 2,000, Error reduction coefficient: 0,000, Error: 0,0000 s
abr 04, 2013 12:33:12 PM org.ros.time.RemoteUptimeClock update
INFO: Latency: 31,0000 s, Delta ratio: 0,5000, Drift: 2,000, Error reduction coefficient: 0,000, Error: 0,0000 s
abr 04, 2013 12:33:12 PM org.ros.time.RemoteUptimeClock update
INFO: Latency: 31,0000 s, Delta ratio: 0,5000, Drift: 2,000, Error reduction coefficient: 0,000, Error: 0,0000 s
abr 04, 2013 12:33:12 PM org.ros.time.RemoteUptimeClock update
INFO: Latency: 31,0000 s, Delta ratio: 0,5000, Drift: 2,000, Error reduction coefficient: 0,000, Error: 0,0000 s
abr 04, 2013 12:33:12 PM org.ros.time.RemoteUptimeClock update
INFO: Latency: 31,0000 s, Delta ratio: 0,5000, Drift: 2,000, Error reduction coefficient: 0,000, Error: 0,0000 s
abr 04, 2013 12:33:12 PM org.ros.time.RemoteUptimeClock update
INFO: Latency: 31,0000 s, Delta ratio: 0,5000, Drift: 2,000, Error reduction coefficient: 0,000, Error: 0,0000 s
abr 04, 2013 12:33:12 PM org.ros.time.RemoteUptimeClock update
INFO: Latency: 31,0000 s, Delta ratio: 0,5000, Drift: 2,000, Error reduction coefficient: 0,000, Error: 0,0000 s
abr 04, 2013 12:33:12 PM org.ros.time.RemoteUptimeClock update
INFO: Latency: 31,0000 s, Delta ratio: 0,5000, Drift: 2,000, Error reduction coefficient: 0,000, Error: 0,0000 s
abr 04, 2013 12:33:12 PM org.ros.time.RemoteUptimeClock update
INFO: Latency: 31,0000 s, Delta ratio: 0,5000, Drift: 2,000, Error reduction coefficient: 0,000, Error: 0,0000 s
abr 04, 2013 12:33:12 PM org.ros.time.RemoteUptimeClock update
INFO: Latency: 31,0000 s, Delta ratio: 0,5000, Drift: 2,000, Error reduction coefficient: 0,000, Error: 0,0000 s
abr 04, 2013 12:33:12 PM org.ros.time.RemoteUptimeClock update
INFO: Latency: 31,0000 s, Delta ratio: 0,5000, Drift: 2,000, Error reduction coefficient: 0,000, Error: 0,0000 s
abr 04, 2013 12:33:12 PM org.ros.time.RemoteUptimeClock update
INFO: Latency: 31,0000 s, Delta ratio: 0,5000, Drift: 2,000, Error reduction coefficient: 0,000, Error: 0,0000 s
abr 04, 2013 12:33:12 PM org.ros.time.RemoteUptimeClock update
INFO: Latency: 31,0000 s, Delta ratio: 0,5000, Drift: 2,000, Error reduction coefficient: 0,000, Error: 0,0000 s
abr 04, 2013 12:33:12 PM org.ros.time.RemoteUptimeClock update
INFO: Latency: 31,0000 s, Delta ratio: 0,5000, Drift: 2,000, Error reduction coefficient: 0,000, Error: 0,0000 s
abr 04, 2013 12:33:12 PM org.ros.time.RemoteUptimeClock update
INFO: Latency: 31,0000 s, Delta ratio: 0,5000, Drift: 2,000, Error reduction coefficient: 0,000, Error: 0,0000 s
abr 04, 2013 12:33:12 PM org.ros.time.RemoteUptimeClock update
INFO: Latency: 31,0000 s, Delta ratio: 0,5000, Drift: 2,000, Error reduction coefficient: 0,000, Error: 0,0000 s
abr 04, 2013 12:33:12 PM org.ros.time.RemoteUptimeClock update
INFO: Latency: 31,0000 s, Delta ratio: 0,5000, Drift: 2,000, Error reduction coefficient: 0,000, Error: 0,0000 s
abr 04, 2013 12:33:12 PM org.ros.time.RemoteUptimeClock update
INFO: Latency: 31,0000 s, Delta ratio: 0,5000, Drift: 2,000, Error reduction coefficient: 0,000, Error: 0,0000 s
abr 04, 2013 12:33:12 PM org.ros.time.RemoteUptimeClock update
INFO: Latency: 31,0000 s, Delta ratio: 0,5000, Drift: 2,000, Error reduction coefficient: 0,000, Error: 0,0000 s
abr 04, 2013 12:33:12 PM org.ros.time.RemoteUptimeClock update
INFO: Latency: 31,0000 s, Delta ratio: 0,5000, Drift: 2,000, Error reduction coefficient: 0,000, Error: 0,0000 s
abr 04, 2013 12:33:12 PM org.ros.time.RemoteUptimeClock update
INFO: Latency: 31,0000 s, Delta ratio: 0,5000, Drift: 2,000, Error reduction coefficient: 0,000, Error: 0,0000 s
abr 04, 2013 12:33:12 PM org.ros.time.RemoteUptimeClock update
INFO: Latency: 31,0000 s, Delta ratio: 0,5000, Drift: 2,000, Error reduction coefficient: 0,000, Error: 0,0000 s
abr 04, 2013 12:33:12 PM org.ros.time.RemoteUptimeClock update
INFO: Latency: 31,0000 s, Delta ratio: 0,5000, Drift: 2,000, Error reduction coefficient: 0,000, Error: 0,0000 s
abr 04, 2013 12:33:12 PM org.ros.time.RemoteUptimeClock update
INFO: Latency: 31,0000 s, Delta ratio: 0,5000, Drift: 2,000, Error reduction coefficient: 0,000, Error: 0,0000 s
abr 04, 2013 12:33:12 PM org.ros.time.RemoteUptimeClock update
INFO: Latency: 31,0000 s, Delta ratio: 0,5000, Drift: 2,000, Error reduction coefficient: 0,000, Error: 0,0000 s
abr 04, 2013 12:33:12 PM org.ros.time.RemoteUptimeClock update
INFO: Latency: 31,0000 s, Delta ratio: 0,5000, Drift: 2,000, Error reduction coefficient: 0,000, Error: 0,0000 s
abr 04, 2013 12:33:12 PM org.ros.time.RemoteUptimeClock update
INFO: Latency: 31,0000 s, Delta ratio: 0,5000, Drift: 2,000, Error reduction coefficient: 0,000, Error: 0,0000 s
abr 04, 2013 12:33:12 PM org.ros.time.RemoteUptimeClock update
INFO: Latency: 31,0000 s, Delta ratio: 0,5000, Drift: 2,000, Error reduction coefficient: 0,000, Error: 0,0000 s
abr 04, 2013 12:33:12 PM org.ros.time.RemoteUptimeClock update
INFO: Latency: 31,0000 s, Delta ratio: 0,5000, Drift: 2,000, Error reduction coefficient: 0,000, Error: 0,0000 s
abr 04, 2013 12:33:12 PM org.ros.time.RemoteUptimeClock update
INFO: Latency: 31,0000 s, Delta ratio: 0,5000, Drift: 2,000, Error reduction coefficient: 0,000, Error: 0,0000 s
abr 04, 2013 12:33:12 PM org.ros.time.RemoteUptimeClock update
INFO: Latency: 31,0000 s, Delta ratio: 0,5000, Drift: 2,000, Error reduction coefficient: 0,000, Error: 0,0000 s
abr 04, 2013 12:33:12 PM org.ros.time.RemoteUptimeClock update
INFO: Latency: 31,0000 s, Delta ratio: 0,5000, Drift: 2,000, Error reduction coefficient: 0,000, Error: 0,0000 s
abr 04, 2013 12:33:12 PM org.ros.time.RemoteUptimeClock update
INFO: Latency: 31,0000 s, Delta ratio: 0,5000, Drift: 2,000, Error reduction coefficient: 0,000, Error: 0,0000 s
abr 04, 2013 12:33:12 PM org.ros.time.RemoteUptimeClock update
INFO: Latency: 31,0000 s, Delta ratio: 0,5000, Drift: 2,000, Error reduction coefficient: 0,000, Error: 0,0000 s
abr 04, 2013 12:33:12 PM org.ros.time.RemoteUptimeClock update
INFO: Latency: 31,0000 s, Delta ratio: 0,5000, Drift: 2,000, Error reduction coefficient: 0,000, Error: 0,0000 s
abr 04, 2013 12:33:12 PM org.ros.time.RemoteUptimeClock update
INFO: Latency: 31,0000 s, Delta ratio: 0,5000, Drift: 2,000, Error reduction coefficient: 0,000, Error: 0,0000 s
abr 04, 2013 12:33:12 PM org.ros.time.RemoteUptimeClock update
INFO: Latency: 31,0000 s, Delta ratio: 0,5000, Drift: 2,000, Error reduction coefficient: 0,000, Error: 0,0000 s
abr 04, 2013 12:33:12 PM org.ros.time.RemoteUptimeClock update
INFO: Latency: 31,0000 s, Delta ratio: 0,5000, Drift: 2,000, Error reduction coefficient: 0,000, Error: 0,0000 s
abr 04, 2013 12:33:12 PM org.ros.time.RemoteUptimeClock update
INFO: Latency: 31,0000 s, Delta ratio: 0,5000, Drift: 2,000, Error reduction coefficient: 0,000, Error: 0,0000 s
abr 04, 2013 12:33:12 PM org.ros.time.RemoteUptimeClock update
INFO: Latency: 31,0000 s, Delta ratio: 0,5000, Drift: 2,000, Error reduction coefficient: 0,000, Error: 0,0000 s
abr 04, 2013 12:33:12 PM org.ros.time.RemoteUptimeClock update
INFO: Latency: 31,0000 s, Delta ratio: 0,5000, Drift: 2,000, Error reduction coefficient: 0,000, Error: 0,0000 s
abr 04, 2013 12:33:12 PM org.ros.time.RemoteUptimeClock update
INFO: Latency: 31,0000 s, Delta ratio: 0,5000, Drift: 2,000, Error reduction coefficient: 0,000, Error: 0,0000 s
abr 04, 2013 12:33:12 PM org.ros.time.RemoteUptimeClock update
INFO: Latency: 31,0000 s, Delta ratio: 0,5000, Drift: 2,000, Error reduction coefficient: 0,000, Error: 0,0000 s
abr 04, 2013 12:33:12 PM org.ros.time.RemoteUptimeClock update
INFO: Latency: 31,0000 s, Delta ratio: 0,5000, Drift: 2,000, Error reduction coefficient: 0,000, Error: 0,0000 s
abr 04, 2013 12:33:12 PM org.ros.time.RemoteUptimeClock update
INFO: Latency: 31,0000 s, Delta ratio: 0,5000, Drift: 2,000, Error reduction coefficient: 0,000, Error: 0,0000 s
abr 04, 2013 12:33:12 PM org.ros.time.RemoteUptimeClock update
INFO: Latency: 31,0000 s, Delta ratio: 0,5000, Drift: 2,000, Error reduction coefficient: 0,000, Error: 0,0000 s
abr 04, 2013 12:33:12 PM org.ros.time.RemoteUptimeClock update
INFO: Latency: 31,0000 s, Delta ratio: 0,5000, Drift: 2,000, Error reduction coefficient: 0,000, Error: 0,0000 s
abr 04, 2013 12:33:12 PM org.ros.time.RemoteUptimeClock update
INFO: Latency: 31,0000 s, Delta ratio: 0,5000, Drift: 2,000, Error reduction coefficient: 0,000, Error: 0,0000 s
abr 04, 2013 12:33:12 PM org.ros.time.RemoteUptimeClock update
INFO: Latency: 31,0000 s, Delta ratio: 0,5000, Drift: 2,000, Error reduction coefficient: 0,000, Error: 0,0000 s
abr 04, 2013 12:33:12 PM org.ros.time.RemoteUptimeClock update
INFO: Latency: 31,0000 s, Delta ratio: 0,5000, Drift: 2,000, Error reduction coefficient: 0,000, Error: 0,0000 s
abr 04, 2013 12:33:12 PM org.ros.time.RemoteUptimeClock update
INFO: Latency: 31,0000 s, Delta ratio: 0,5000, Drift: 2,000, Error reduction coefficient: 0,000, Error: 0,0000 s
abr 04, 2013 12:33:12 PM org.ros.time.RemoteUptimeClock update
INFO: Latency: 31,0000 s, Delta ratio: 0,5000, Drift: 2,000, Error reduction coefficient: 0,000, Error: 0,0000 s
abr 04, 2013 12:33:12 PM org.ros.time.RemoteUptimeClock update
INFO: Latency: 31,0000 s, Delta ratio: 0,5000, Drift: 2,000, Error reduction coefficient: 0,000, Error: 0,0000 s
abr 04, 2013 12:33:12 PM org.ros.time.RemoteUptimeClock update
INFO: Latency: 31,0000 s, Delta ratio: 0,5000, Drift: 2,000, Error reduction coefficient: 0,000, Error: 0,0000 s
abr 04, 2013 12:33:12 PM org.ros.time.RemoteUptimeClock update
INFO: Latency: 31,0000 s, Delta ratio: 0,5000, Drift: 2,000, Error reduction coefficient: 0,000, Error: 0,0000 s
abr 04, 2013 12:33:12 PM org.ros.time.RemoteUptimeClock update
INFO: Latency: 31,0000 s, Delta ratio: 0,5000, Drift: 2,000, Error reduction coefficient: 0,000, Error: 0,0000 s
abr 04, 2013 12:33:12 PM org.ros.time.RemoteUptimeClock update
INFO: Latency: 31,0000 s, Delta ratio: 0,5000, Drift: 2,000, Error reduction coefficient: 0,000, Error: 0,0000 s
abr 04, 2013 12:33:12 PM org.ros.time.RemoteUptimeClock update
INFO: Latency: 31,0000 s, Delta ratio: 0,5000, Drift: 2,000, Error reduction coefficient: 0,000, Error: 0,0000 s
abr 04, 2013 12:33:12 PM org.ros.time.RemoteUptimeClock update
INFO: Latency: 31,0000 s, Delta ratio: 0,5000, Drift: 2,000, Error reduction coefficient: 0,000, Error: 0,0000 s
abr 04, 2013 12:33:12 PM org.ros.time.RemoteUptimeClock update
INFO: Latency: 31,0000 s, Delta ratio: 0,5000, Drift: 2,000, Error reduction coefficient: 0,000, Error: 0,0000 s
abr 04, 2013 12:33:12 PM org.ros.time.RemoteUptimeClock update
INFO: Latency: 31,0000 s, Delta ratio: 0,5000, Drift: 2,000, Error reduction coefficient: 0,000, Error: 0,0000 s
abr 04, 2013 12:33:12 PM org.ros.time.RemoteUptimeClock update
INFO: Latency: 31,0000 s, Delta ratio: 0,5000, Drift: 2,000, Error reduction coefficient: 0,000, Error: 0,0000 s
abr 04, 2013 12:33:12 PM org.ros.time.RemoteUptimeClock update
INFO: Latency: 31,0000 s, Delta ratio: 0,5000, Drift: 2,000, Error reduction coefficient: 0,000, Error: 0,0000 s
abr 04, 2013 12:33:12 PM org.ros.time.RemoteUptimeClock update
INFO: Latency: 31,0000 s, Delta ratio: 0,5000, Drift: 2,000, Error reduction coefficient: 0,000, Error: 0,0000 s
abr 04, 2013 12:33:12 PM org.ros.time.RemoteUptimeClock update
INFO: Latency: 31,0000 s, Delta ratio: 0,5000, Drift: 2,000, Error reduction coefficient: 0,000, Error: 0,0000 s
abr 04, 2013 12:33:12 PM org.ros.time.RemoteUptimeClock update
INFO: Latency: 31,0000 s, Delta ratio: 0,5000, Drift: 2,000, Error reduction coefficient: 0,000, Error: 0,0000 s
abr 04, 2013 12:33:12 PM org.ros.time.RemoteUptimeClock update
INFO: Latency: 31,0000 s, Delta ratio: 0,5000, Drift: 2,000, Error reduction coefficient: 0,000, Error: 0,0000 s
abr 04, 2013 12:33:12 PM org.ros.time.RemoteUptimeClock update
INFO: Latency: 31,0000 s, Delta ratio: 0,5000, Drift: 2,000, Error reduction coefficient: 0,000, Error: 0,0000 s
abr 04, 2013 12:33:12 PM org.ros.time.RemoteUptimeClock update
INFO: Latency: 31,0000 s, Delta ratio: 0,5000, Drift: 2,000, Error reduction coefficient: 0,000, Error: 0,0000 s
abr 04, 2013 12:33:12 PM org.ros.time.RemoteUptimeClock update
INFO: Latency: 31,0000 s, Delta ratio: 0,5000, Drift: 2,000, Error reduction coefficient: 0,000, Error: 0,0000 s
abr 04, 2013 12:33:12 PM org.ros.time.RemoteUptimeClock update
INFO: Latency: 31,0000 s, Delta ratio: 0,5000, Drift: 2,000, Error reduction coefficient: 0,000, Error: 0,0000 s
abr 04, 2013 12:33:12 PM org.ros.time.RemoteUptimeClock update
INFO: Latency: 31,0000 s, Delta ratio: 0,5000, Drift: 2,000, Error reduction coefficient: 0,000, Error: 0,0000 s
abr 04, 2013 12:33:12 PM org.ros.time.RemoteUptimeClock update
INFO: Latency: 31,0000 s, Delta ratio: 0,5000, Drift: 2,000, Error reduction coefficient: 0,000, Error: 0,0000 s
abr 04, 2013 12:33:12 PM org.ros.time.RemoteUptimeClock update
INFO: Latency: 31,0000 s, Delta ratio: 0,5000, Drift: 2,000, Error reduction coefficient: 0,000, Error: 0,0000 s
abr 04, 2013 12:33:12 PM org.ros.time.RemoteUptimeClock update
INFO: Latency: 31,0000 s, Delta ratio: 0,5000, Drift: 2,000, Error reduction coefficient: 0,000, Error: 0,0000 s
abr 04, 2013 12:33:12 PM org.ros.time.RemoteUptimeClock update
INFO: Latency: 31,0000 s, Delta ratio: 0,5000, Drift: 2,000, Error reduction coefficient: 0,000, Error: 0,0000 s
abr 04, 2013 12:33:12 PM org.ros.time.RemoteUptimeClock update
INFO: Latency: 31,0000 s, Delta ratio: 0,5000, Drift: 2,000, Error reduction coefficient: 0,000, Error: 0,0000 s
abr 04, 2013 12:33:12 PM org.ros.time.RemoteUptimeClock update
INFO: Latency: 31,0000 s, Delta ratio: 0,5000, Drift: 2,000, Error reduction coefficient: 0,000, Error: 0,0000 s
abr 04, 2013 12:33:12 PM org.ros.time.RemoteUptimeClock update
INFO: Latency: 31,0000 s, Delta ratio: 0,5000, Drift: 2,000, Error reduction coefficient: 0,000, Error: 0,0000 s
abr 04, 2013 12:33:12 PM org.ros.time.RemoteUptimeClock update
INFO: Latency: 31,0000 s, Delta ratio: 0,5000, Drift: 2,000, Error reduction coefficient: 0,000, Error: 0,0000 s
abr 04, 2013 12:33:12 PM org.ros.time.RemoteUptimeClock update
INFO: Latency: 31,0000 s, Delta ratio: 0,5000, Drift: 2,000, Error reduction coefficient: 0,000, Error: 0,0000 s
abr 04, 2013 12:33:12 PM org.ros.time.RemoteUptimeClock update
INFO: Latency: 31,0000 s, Delta ratio: 0,5000, Drift: 2,000, Error reduction coefficient: 0,000, Error: 0,0000 s
abr 04, 2013 12:33:12 PM org.ros.time.RemoteUptimeClock update
INFO: Latency: 31,0000 s, Delta ratio: 0,5000, Drift: 2,000, Error reduction coefficient: 0,000, Error: 0,0000 s
abr 04, 2013 12:33:12 PM org.ros.time.RemoteUptimeClock update
INFO: Latency: 31,0000 s, Delta ratio: 0,5000, Drift: 2,000, Error reduction coefficient: 0,000, Error: 0,0000 s
abr 04, 2013 12:33:12 PM org.ros.time.RemoteUptimeClock update
INFO: Latency: 31,0000 s, Delta ratio: 0,5000, Drift: 2,000, Error reduction coefficient: 0,000, Error: 0,0000 s
abr 04, 2013 12:33:12 PM org.ros.time.RemoteUptimeClock update
INFO: Latency: 31,0000 s, Delta ratio: 0,5000, Drift: 2,000, Error reduction coefficient: 0,000, Error: 0,0000 s
abr 04, 2013 12:33:12 PM org.ros.time.RemoteUptimeClock update
INFO: Latency: 31,0000 s, Delta ratio: 0,5000, Drift: 2,000, Error reduction coefficient: 0,000, Error: 0,0000 s
abr 04, 2013 12:33:12 PM org.ros.time.RemoteUptimeClock update
INFO: Latency: 31,0000 s, Delta ratio: 0,5000, Drift: 2,000, Error reduction coefficient: 0,000, Error: 0,0000 s
abr 04, 2013 12:33:12 PM org.ros.time.RemoteUptimeClock update
INFO: Latency: 31,0000 s, Delta ratio: 0,5000, Drift: 2,000, Error reduction coefficient: 0,000, Error: 0,0000 s
abr 04, 2013 12:33:12 PM org.ros.time.RemoteUptimeClock update
INFO: Latency: 31,0000 s, Delta ratio: 0,5000, Drift: 2,000, Error reduction coefficient: 0,000, Error: 0,0000 s
abr 04, 2013 12:33:12 PM org.ros.time.RemoteUptimeClock update
INFO: Latency: 31,0000 s, Delta ratio: 0,5000, Drift: 2,000, Error reduction coefficient: 0,000, Error: 0,0000 s
abr 04, 2013 12:33:12 PM org.ros.time.RemoteUptimeClock update
INFO: Latency: 31,0000 s, Delta ratio: 0,5000, Drift: 2,000, Error reduction coefficient: 0,000, Error: 0,0000 s
abr 04, 2013 12:33:12 PM org.ros.time.RemoteUptimeClock update
INFO: Latency: 31,0000 s, Delta ratio: 0,5000, Drift: 2,000, Error reduction coefficient: 0,000, Error: 0,0000 s
abr 04, 2013 12:33:12 PM org.ros.time.RemoteUptimeClock update
INFO: Latency: 31,0000 s, Delta ratio: 0,5000, Drift: 2,000, Error reduction coefficient: 0,000, Error: 0,0000 s
abr 04, 2013 12:33:12 PM org.ros.time.RemoteUptimeClock update
INFO: Latency: 31,0000 s, Delta ratio: 0,5000, Drift: 2,000, Error reduction coefficient: 0,000, Error: 0,0000 s
abr 04, 2013 12:33:12 PM org.ros.time.RemoteUptimeClock update
INFO: Latency: 31,0000 s, Delta ratio: 0,5000, Drift: 2,000, Error reduction coefficient: 0,000, Error: 0,0000 s
abr 04, 2013 12:33:12 PM org.ros.time.RemoteUptimeClock update
INFO: Latency: 31,0000 s, Delta ratio: 0,5000, Drift: 2,000, Error reduction coefficient: 0,000, Error: 0,0000 s
abr 04, 2013 12:33:12 PM org.ros.time.RemoteUptimeClock update
INFO: Latency: 31,0000 s, Delta ratio: 0,5000, Drift: 2,000, Error reduction coefficient: 0,000, Error: 0,0000 s
abr 04, 2013 12:33:12 PM org.ros.time.RemoteUptimeClock update
INFO: Latency: 31,0000 s, Delta ratio: 0,5000, Drift: 2,000, Error reduction coefficient: 0,000, Error: 0,0000 s
abr 04, 2013 12:33:12 PM org.ros.time.RemoteUptimeClock update
INFO: Latency: 31,0000 s, Delta ratio: 0,5000, Drift: 2,000, Error reduction coefficient: 0,000, Error: 0,0000 s
abr 04, 2013 12:33:12 PM org.ros.time.RemoteUptimeClock update
INFO: Latency: 31,0000 s, Delta ratio: 0,5000, Drift: 2,000, Error reduction coefficient: 0,000, Error: 0,0000 s
abr 04, 2013 12:33:12 PM org.ros.time.RemoteUptimeClock update
INFO: Latency: 31,0000 s, Delta ratio: 0,5000, Drift: 2,000, Error reduction coefficient: 0,000, Error: 0,0000 s
abr 04, 2013 12:33:12 PM org.ros.time.RemoteUptimeClock update
INFO: Latency: 31,0000 s, Delta ratio: 0,5000, Drift: 2,000, Error reduction coefficient: 0,000, Error: 0,0000 s
abr 04, 2013 12:33:12 PM org.ros.time.RemoteUptimeClock update
INFO: Latency: 31,0000 s, Delta ratio: 0,5000, Drift: 2,000, Error reduction coefficient: 0,000, Error: 0,0000 s
abr 04, 2013 12:33:12 PM org.ros.time.RemoteUptimeClock update
INFO: Latency: 31,0000 s, Delta ratio: 0,5000, Drift: 2,000, Error reduction coefficient: 0,000, Error: 0,0000 s
abr 04, 2013 12:33:12 PM org.ros.time.RemoteUptimeClock update
INFO: Latency: 31,0000 s, Delta ratio: 0,5000, Drift: 2,000, Error reduction coefficient: 0,000, Error: 0,0000 s
abr 04, 2013 12:33:12 PM org.ros.time.RemoteUptimeClock update
INFO: Latency: 31,0000 s, Delta ratio: 0,5000, Drift: 2,000, Error reduction coefficient: 0,000, Error: 0,0000 s
abr 04, 2013 12:33:12 PM org.ros.time.RemoteUptimeClock update
INFO: Latency: 31,0000 s, Delta ratio: 0,5000, Drift: 2,000, Error reduction coefficient: 0,000, Error: 0,0000 s
abr 04, 2013 12:33:12 PM org.ros.time.RemoteUptimeClock update
INFO: Latency: 31,0000 s, Delta ratio: 0,5000, Drift: 2,000, Error reduction coefficient: 0,000, Error: 0,0000 s
abr 04, 2013 12:33:12 PM org.ros.time.RemoteUptimeClock update
INFO: Latency: 31,0000 s, Delta ratio: 0,5000, Drift: 2,000, Error reduction coefficient: 0,000, Error: 0,0000 s
abr 04, 2013 12:33:12 PM org.ros.time.RemoteUptimeClock update
INFO: Latency: 31,0000 s, Delta ratio: 0,5000, Drift: 2,000, Error reduction coefficient: 0,000, Error: 0,0000 s
abr 04, 2013 12:33:12 PM org.ros.time.RemoteUptimeClock update
INFO: Latency: 31,0000 s, Delta ratio: 0,5000, Drift: 2,000, Error reduction coefficient: 0,000, Error: 0,0000 s
abr 04, 2013 12:33:12 PM org.ros.time.RemoteUptimeClock update
INFO: Latency: 31,0000 s, Delta ratio: 0,5000, Drift: 2,000, Error reduction coefficient: 0,000, Error: 0,0000 s
abr 04, 2013 12:33:12 PM org.ros.time.RemoteUptimeClock update
INFO: Latency: 31,0000 s, Delta ratio: 0,5000, Drift: 2,000, Error reduction coefficient: 0,000, Error: 0,0000 s
abr 04, 2013 12:33:12 PM org.ros.time.RemoteUptimeClock update
INFO: Latency: 31,0000 s, Delta ratio: 0,5000, Drift: 2,000, Error reduction coefficient: 0,000, Error: 0,0000 s
abr 04, 2013 12:33:12 PM org.ros.time.RemoteUptimeClock update
INFO: Latency: 31,0000 s, Delta ratio: 0,5000, Drift: 2,000, Error reduction coefficient: 0,000, Error: 0,0000 s
abr 04, 2013 12:33:12 PM org.ros.time.RemoteUptimeClock update
INFO: Latency: 31,0000 s, Delta ratio: 0,5000, Drift: 2,000, Error reduction coefficient: 0,000, Error: 0,0000 s
abr 04, 2013 12:33:12 PM org.ros.time.RemoteUptimeClock update
INFO: Latency: 31,0000 s, Delta ratio: 0,5000, Drift: 2,000, Error reduction coefficient: 0,000, Error: 0,0000 s
abr 04, 2013 12:33:12 PM org.ros.time.RemoteUptimeClock update
INFO: Latency: 31,0000 s, Delta ratio: 0,5000, Drift: 2,000, Error reduction coefficient: 0,000, Error: 0,0000 s
abr 04, 2013 12:33:12 PM org.ros.time.RemoteUptimeClock update
INFO: Latency: 31,0000 s, Delta ratio: 0,5000, Drift: 2,000, Error reduction coefficient: 0,000, Error: 0,0000 s
abr 04, 2013 12:33:12 PM org.ros.time.RemoteUptimeClock update
INFO: Latency: 31,0000 s, Delta ratio: 0,5000, Drift: 2,000, Error reduction coefficient: 0,000, Error: 0,0000 s
abr 04, 2013 12:33:12 PM org.ros.time.RemoteUptimeClock update
INFO: Latency: 31,0000 s, Delta ratio: 0,5000, Drift: 2,000, Error reduction coefficient: 0,000, Error: 0,0000 s
abr 04, 2013 12:33:12 PM org.ros.time.RemoteUptimeClock update
INFO: Latency: 31,0000 s, Delta ratio: 0,5000, Drift: 2,000, Error reduction coefficient: 0,000, Error: 0,0000 s
abr 04, 2013 12:33:12 PM org.ros.time.RemoteUptimeClock update
INFO: Latency: 31,0000 s, Delta ratio: 0,5000, Drift: 2,000, Error reduction coefficient: 0,000, Error: 0,0000 s
abr 04, 2013 12:33:12 PM org.ros.time.RemoteUptimeClock update
INFO: Latency: 31,0000 s, Delta ratio: 0,5000, Drift: 2,000, Error reduction coefficient: 0,000, Error: 0,0000 s
abr 04, 2013 12:33:12 PM org.ros.time.RemoteUptimeClock update
INFO: Latency: 31,0000 s, Delta ratio: 0,5000, Drift: 2,000, Error reduction coefficient: 0,000, Error: 0,0000 s
abr 04, 2013 12:33:12 PM org.ros.time.RemoteUptimeClock update
INFO: Latency: 31,0000 s, Delta ratio: 0,5000, Drift: 2,000, Error reduction coefficient: 0,000, Error: 0,0000 s
abr 04, 2013 12:33:12 PM org.ros.time.RemoteUptimeClock update
INFO: Latency: 31,0000 s, Delta ratio: 0,5000, Drift: 2,000, Error reduction coefficient: 0,000, Error: 0,0000 s
abr 04, 2013 12:33:12 PM org.ros.time.RemoteUptimeClock update
INFO: Latency: 31,0000 s, Delta ratio: 0,5000, Drift: 2,000, Error reduction coefficient: 0,000, Error: 0,0000 s
abr 04, 2013 12:33:12 PM org.ros.time.RemoteUptimeClock update
INFO: Latency: 31,0000 s, Delta ratio: 0,5000, Drift: 2,000, Error reduction coefficient: 0,000, Error: 0,0000 s
abr 04, 2013 12:33:12 PM org.ros.time.RemoteUptimeClock update
INFO: Latency: 31,0000 s, Delta ratio: 0,5000, Drift: 2,000, Error reduction coefficient: 0,000, Error: 0,0000 s
abr 04, 2013 12:33:12 PM org.ros.time.RemoteUptimeClock update
INFO: Latency: 31,0000 s, Delta ratio: 0,5000, Drift: 2,000, Error reduction coefficient: 0,000, Error: 0,0000 s
abr 04, 2013 12:33:12 PM org.ros.time.RemoteUptimeClock update
INFO: Latency: 31,0000 s, Delta ratio: 0,5000, Drift: 2,000, Error reduction coefficient: 0,000, Error: 0,0000 s
abr 04, 2013 12:33:12 PM org.ros.time.RemoteUptimeClock update
INFO: Latency: 31,0000 s, Delta ratio: 0,5000, Drift: 2,000, Error reduction coefficient: 0,000, Error: 0,0000 s
abr 04, 2013 12:33:12 PM org.ros.time.RemoteUptimeClock update
INFO: Latency: 31,0000 s, Delta ratio: 0,5000, Drift: 2,000, Error reduction coefficient: 0,000, Error: 0,0000 s
abr 04, 2013 12:33:12 PM org.ros.time.RemoteUptimeClock update
INFO: Latency: 31,0000 s, Delta ratio: 0,5000, Drift: 2,000, Error reduction coefficient: 0,000, Error: 0,0000 s
abr 04, 2013 12:33:12 PM org.ros.time.RemoteUptimeClock update
INFO: Latency: 31,0000 s, Delta ratio: 0,5000, Drift: 2,000, Error reduction coefficient: 0,000, Error: 0,0000 s
abr 04, 2013 12:33:12 PM org.ros.time.RemoteUptimeClock update
INFO: Latency: 31,0000 s, Delta ratio: 0,5000, Drift: 2,000, Error reduction coefficient: 0,000, Error: 0,0000 s
abr 04, 2013 12:33:12 PM org.ros.time.RemoteUptimeClock update
INFO: Latency: 31,0000 s, Delta ratio: 0,5000, Drift: 2,000, Error reduction coefficient: 0,000, Error: 0,0000 s
abr 04, 2013 12:33:12 PM org.ros.time.RemoteUptimeClock update
INFO: Latency: 31,0000 s, Delta ratio: 0,5000, Drift: 2,000, Error reduction coefficient: 0,000, Error: 0,0000 s
abr 04, 2013 12:33:12 PM org.ros.time.RemoteUptimeClock update
INFO: Latency: 31,0000 s, Delta ratio: 0,5000, Drift: 2,000, Error reduction coefficient: 0,000, Error: 0,0000 s
abr 04, 2013 12:33:12 PM org.ros.time.RemoteUptimeClock update
INFO: Latency: 31,0000 s, Delta ratio: 0,5000, Drift: 2,000, Error reduction coefficient: 0,000, Error: 0,0000 s
abr 04, 2013 12:33:12 PM org.ros.time.RemoteUptimeClock update
INFO: Latency: 31,0000 s, Delta ratio: 0,5000, Drift: 2,000, Error reduction coefficient: 0,000, Error: 0,0000 s
abr 04, 2013 12:33:12 PM org.ros.time.RemoteUptimeClock update
INFO: Latency: 31,0000 s, Delta ratio: 0,5000, Drift: 2,000, Error reduction coefficient: 0,000, Error: 0,0000 s
abr 04, 2013 12:33:12 PM org.ros.time.RemoteUptimeClock update
INFO: Latency: 31,0000 s, Delta ratio: 0,5000, Drift: 2,000, Error reduction coefficient: 0,000, Error: 0,0000 s
abr 04, 2013 12:33:12 PM org.ros.time.RemoteUptimeClock update
INFO: Latency: 31,0000 s, Delta ratio: 0,5000, Drift: 2,000, Error reduction coefficient: 0,000, Error: 0,0000 s
abr 04, 2013 12:33:12 PM org.ros.time.RemoteUptimeClock update
INFO: Latency: 31,0000 s, Delta ratio: 0,5000, Drift: 2,000, Error reduction coefficient: 0,000, Error: 0,0000 s
abr 04, 2013 12:33:12 PM org.ros.time.RemoteUptimeClock update
INFO: Latency: 31,0000 s, Delta ratio: 0,5000, Drift: 2,000, Error reduction coefficient: 0,000, Error: 0,0000 s
abr 04, 2013 12:33:12 PM org.ros.time.RemoteUptimeClock update
INFO: Latency: 31,0000 s, Delta ratio: 0,5000, Drift: 2,000, Error reduction coefficient: 0,000, Error: 0,0000 s
abr 04, 2013 12:33:12 PM org.ros.time.RemoteUptimeClock update
INFO: Latency: 31,0000 s, Delta ratio: 0,5000, Drift: 2,000, Error reduction coefficient: 0,000, Error: 0,0000 s
abr 04, 2013 12:33:12 PM org.ros.time.RemoteUptimeClock update
INFO: Latency: 31,0000 s, Delta ratio: 0,5000, Drift: 2,000, Error reduction coefficient: 0,000, Error: 0,0000 s
abr 04, 2013 12:33:12 PM org.ros.time.RemoteUptimeClock update
INFO: Latency: 31,0000 s, Delta ratio: 0,5000, Drift: 2,000, Error reduction coefficient: 0,000, Error: 0,0000 s
abr 04, 2013 12:33:12 PM org.ros.time.RemoteUptimeClock update
INFO: Latency: 31,0000 s, Delta ratio: 0,5000, Drift: 2,000, Error reduction coefficient: 0,000, Error: 0,0000 s
abr 04, 2013 12:33:12 PM org.ros.time.RemoteUptimeClock update
INFO: Latency: 31,0000 s, Delta ratio: 0,5000, Drift: 2,000, Error reduction coefficient: 0,000, Error: 0,0000 s
abr 04, 2013 12:33:12 PM org.ros.time.RemoteUptimeClock update
INFO: Latency: 31,0000 s, Delta ratio: 0,5000, Drift: 2,000, Error reduction coefficient: 0,000, Error: 0,0000 s
abr 04, 2013 12:33:12 PM org.ros.time.RemoteUptimeClock update
INFO: Latency: 31,0000 s, Delta ratio: 0,5000, Drift: 2,000, Error reduction coefficient: 0,000, Error: 0,0000 s
abr 04, 2013 12:33:12 PM org.ros.time.RemoteUptimeClock update
INFO: Latency: 31,0000 s, Delta ratio: 0,5000, Drift: 2,000, Error reduction coefficient: 0,000, Error: 0,0000 s
abr 04, 2013 12:33:12 PM org.ros.time.RemoteUptimeClock update
INFO: Latency: 31,0000 s, Delta ratio: 0,5000, Drift: 2,000, Error reduction coefficient: 0,000, Error: 0,0000 s
abr 04, 2013 12:33:12 PM org.ros.time.RemoteUptimeClock update
INFO: Latency: 31,0000 s, Delta ratio: 0,5000, Drift: 2,000, Error reduction coefficient: 0,000, Error: 0,0000 s
abr 04, 2013 12:33:12 PM org.ros.time.RemoteUptimeClock update
INFO: Latency: 31,0000 s, Delta ratio: 0,5000, Drift: 2,000, Error reduction coefficient: 0,000, Error: 0,0000 s
abr 04, 2013 12:33:12 PM org.ros.time.RemoteUptimeClock update
INFO: Latency: 31,0000 s, Delta ratio: 0,5000, Drift: 2,000, Error reduction coefficient: 0,000, Error: 0,0000 s
abr 04, 2013 12:33:12 PM org.ros.time.RemoteUptimeClock update
INFO: Latency: 31,0000 s, Delta ratio: 0,5000, Drift: 2,000, Error reduction coefficient: 0,000, Error: 0,0000 s
abr 04, 2013 12:33:12 PM org.ros.time.RemoteUptimeClock update
INFO: Latency: 31,0000 s, Delta ratio: 0,5000, Drift: 2,000, Error reduction coefficient: 0,000, Error: 0,0000 s
abr 04, 2013 12:33:12 PM org.ros.time.RemoteUptimeClock update
INFO: Latency: 31,0000 s, Delta ratio: 0,5000, Drift: 2,000, Error reduction coefficient: 0,000, Error: 0,0000 s
abr 04, 2013 12:33:12 PM org.ros.time.RemoteUptimeClock update
INFO: Latency: 31,0000 s, Delta ratio: 0,5000, Drift: 2,000, Error reduction coefficient: 0,000, Error: 0,0000 s
abr 04, 2013 12:33:12 PM org.ros.time.RemoteUptimeClock update
INFO: Latency: 31,0000 s, Delta ratio: 0,5000, Drift: 2,000, Error reduction coefficient: 0,000, Error: 0,0000 s
abr 04, 2013 12:33:12 PM org.ros.time.RemoteUptimeClock update
INFO: Latency: 31,0000 s, Delta ratio: 0,5000, Drift: 2,000, Error reduction coefficient: 0,000, Error: 0,0000 s
abr 04, 2013 12:33:12 PM org.ros.time.RemoteUptimeClock update
INFO: Latency: 31,0000 s, Delta ratio: 0,5000, Drift: 2,000, Error reduction coefficient: 0,000, Error: 0,0000 s
abr 04, 2013 12:33:12 PM org.ros.time.RemoteUptimeClock update
INFO: Latency: 31,0000 s, Delta ratio: 0,5000, Drift: 2,000, Error reduction coefficient: 0,000, Error: 0,0000 s
abr 04, 2013 12:33:12 PM org.ros.time.RemoteUptimeClock update
INFO: Latency: 31,0000 s, Delta ratio: 0,5000, Drift: 2,000, Error reduction coefficient: 0,000, Error: 0,0000 s
abr 04, 2013 12:33:12 PM org.ros.time.RemoteUptimeClock update
INFO: Latency: 31,0000 s, Delta ratio: 0,5000, Drift: 2,000, Error reduction coefficient: 0,000, Error: 0,0000 s
abr 04, 2013 12:33:12 PM org.ros.time.RemoteUptimeClock update
INFO: Latency: 31,0000 s, Delta ratio: 0,5000, Drift: 2,000, Error reduction coefficient: 0,000, Error: 0,0000 s
abr 04, 2013 12:33:12 PM org.ros.time.RemoteUptimeClock update
INFO: Latency: 31,0000 s, Delta ratio: 0,5000, Drift: 2,000, Error reduction coefficient: 0,000, Error: 0,0000 s
abr 04, 2013 12:33:12 PM org.ros.time.RemoteUptimeClock update
INFO: Latency: 31,0000 s, Delta ratio: 0,5000, Drift: 2,000, Error reduction coefficient: 0,000, Error: 0,0000 s
abr 04, 2013 12:33:12 PM org.ros.time.RemoteUptimeClock update
INFO: Latency: 31,0000 s, Delta ratio: 0,5000, Drift: 2,000, Error reduction coefficient: 0,000, Error: 0,0000 s
abr 04, 2013 12:33:12 PM org.ros.time.RemoteUptimeClock update
INFO: Latency: 31,0000 s, Delta ratio: 0,5000, Drift: 2,000, Error reduction coefficient: 0,000, Error: 0,0000 s
abr 04, 2013 12:33:12 PM org.ros.time.RemoteUptimeClock update
INFO: Latency: 31,0000 s, Delta ratio: 0,5000, Drift: 2,000, Error reduction coefficient: 0,000, Error: 0,0000 s
abr 04, 2013 12:33:12 PM org.ros.time.RemoteUptimeClock update
INFO: Latency: 31,0000 s, Delta ratio: 0,5000, Drift: 2,000, Error reduction coefficient: 0,000, Error: 0,0000 s
abr 04, 2013 12:33:12 PM org.ros.time.RemoteUptimeClock update
INFO: Latency: 31,0000 s, Delta ratio: 0,5000, Drift: 2,000, Error reduction coefficient: 0,000, Error: 0,0000 s
abr 04, 2013 12:33:12 PM org.ros.time.RemoteUptimeClock update
INFO: Latency: 31,0000 s, Delta ratio: 0,5000, Drift: 2,000, Error reduction coefficient: 0,000, Error: 0,0000 s
abr 04, 2013 12:33:12 PM org.ros.time.RemoteUptimeClock update
INFO: Latency: 31,0000 s, Delta ratio: 0,5000, Drift: 2,000, Error reduction coefficient: 0,000, Error: 0,0000 s
abr 04, 2013 12:33:12 PM org.ros.time.RemoteUptimeClock update
INFO: Latency: 31,0000 s, Delta ratio: 0,5000, Drift: 2,000, Error reduction coefficient: 0,000, Error: 0,0000 s
abr 04, 2013 12:33:12 PM org.ros.time.RemoteUptimeClock update
INFO: Latency: 31,0000 s, Delta ratio: 0,5000, Drift: 2,000, Error reduction coefficient: 0,000, Error: 0,0000 s
abr 04, 2013 12:33:12 PM org.ros.time.RemoteUptimeClock update
INFO: Latency: 31,0000 s, Delta ratio: 0,5000, Drift: 2,000, Error reduction coefficient: 0,000, Error: 0,0000 s
abr 04, 2013 12:33:12 PM org.ros.time.RemoteUptimeClock update
INFO: Latency: 31,0000 s, Delta ratio: 0,5000, Drift: 2,000, Error reduction coefficient: 0,000, Error: 0,0000 s
abr 04, 2013 12:33:12 PM org.ros.time.RemoteUptimeClock update
INFO: Latency: 31,0000 s, Delta ratio: 0,5000, Drift: 2,000, Error reduction coefficient: 0,000, Error: 0,0000 s
abr 04, 2013 12:33:12 PM org.ros.time.RemoteUptimeClock update
INFO: Latency: 31,0000 s, Delta ratio: 0,5000, Drift: 2,000, Error reduction coefficient: 0,000, Error: 0,0000 s
abr 04, 2013 12:33:12 PM org.ros.time.RemoteUptimeClock update
INFO: Latency: 31,0000 s, Delta ratio: 0,5000, Drift: 2,000, Error reduction coefficient: 0,000, Error: 0,0000 s
abr 04, 2013 12:33:12 PM org.ros.time.RemoteUptimeClock update
INFO: Latency: 31,0000 s, Delta ratio: 0,5000, Drift: 2,000, Error reduction coefficient: 0,000, Error: 0,0000 s
abr 04, 2013 12:33:12 PM org.ros.time.RemoteUptimeClock update
INFO: Latency: 31,0000 s, Delta ratio: 0,5000, Drift: 2,000, Error reduction coefficient: 0,000, Error: 0,0000 s
abr 04, 2013 12:33:12 PM org.ros.time.RemoteUptimeClock update
INFO: Latency: 31,0000 s, Delta ratio: 0,5000, Drift: 2,000, Error reduction coefficient: 0,000, Error: 0,0000 s
abr 04, 2013 12:33:12 PM org.ros.time.RemoteUptimeClock update
INFO: Latency: 31,0000 s, Delta ratio: 0,5000, Drift: 2,000, Error reduction coefficient: 0,000, Error: 0,0000 s
abr 04, 2013 12:33:12 PM org.ros.time.RemoteUptimeClock update
INFO: Latency: 31,0000 s, Delta ratio: 0,5000, Drift: 2,000, Error reduction coefficient: 0,000, Error: 0,0000 s
abr 04, 2013 12:33:12 PM org.ros.time.RemoteUptimeClock update
INFO: Latency: 31,0000 s, Delta ratio: 0,5000, Drift: 2,000, Error reduction coefficient: 0,000, Error: 0,0000 s
abr 04, 2013 12:33:12 PM org.ros.time.RemoteUptimeClock update
INFO: Latency: 31,0000 s, Delta ratio: 0,5000, Drift: 2,000, Error reduction coefficient: 0,000, Error: 0,0000 s
abr 04, 2013 12:33:12 PM org.ros.time.RemoteUptimeClock update
INFO: Latency: 31,0000 s, Delta ratio: 0,5000, Drift: 2,000, Error reduction coefficient: 0,000, Error: 0,0000 s
abr 04, 2013 12:33:12 PM org.ros.time.RemoteUptimeClock update
INFO: Latency: 31,0000 s, Delta ratio: 0,5000, Drift: 2,000, Error reduction coefficient: 0,000, Error: 0,0000 s
abr 04, 2013 12:33:12 PM org.ros.time.RemoteUptimeClock update
INFO: Latency: 31,0000 s, Delta ratio: 0,5000, Drift: 2,000, Error reduction coefficient: 0,000, Error: 0,0000 s
abr 04, 2013 12:33:12 PM org.ros.time.RemoteUptimeClock update
INFO: Latency: 31,0000 s, Delta ratio: 0,5000, Drift: 2,000, Error reduction coefficient: 0,000, Error: 0,0000 s
abr 04, 2013 12:33:12 PM org.ros.time.RemoteUptimeClock update
INFO: Latency: 31,0000 s, Delta ratio: 0,5000, Drift: 2,000, Error reduction coefficient: 0,000, Error: 0,0000 s
abr 04, 2013 12:33:12 PM org.ros.time.RemoteUptimeClock update
INFO: Latency: 31,0000 s, Delta ratio: 0,5000, Drift: 2,000, Error reduction coefficient: 0,000, Error: 0,0000 s
abr 04, 2013 12:33:12 PM org.ros.time.RemoteUptimeClock update
INFO: Latency: 31,0000 s, Delta ratio: 0,5000, Drift: 2,000, Error reduction coefficient: 0,000, Error: 0,0000 s
abr 04, 2013 12:33:12 PM org.ros.time.RemoteUptimeClock update
INFO: Latency: 31,0000 s, Delta ratio: 0,5000, Drift: 2,000, Error reduction coefficient: 0,000, Error: 0,0000 s
abr 04, 2013 12:33:12 PM org.ros.time.RemoteUptimeClock update
INFO: Latency: 31,0000 s, Delta ratio: 0,5000, Drift: 2,000, Error reduction coefficient: 0,000, Error: 0,0000 s
abr 04, 2013 12:33:12 PM org.ros.time.RemoteUptimeClock update
INFO: Latency: 31,0000 s, Delta ratio: 0,5000, Drift: 2,000, Error reduction coefficient: 0,000, Error: 0,0000 s
abr 04, 2013 12:33:12 PM org.ros.time.RemoteUptimeClock update
INFO: Latency: 31,0000 s, Delta ratio: 0,5000, Drift: 2,000, Error reduction coefficient: 0,000, Error: 0,0000 s
abr 04, 2013 12:33:12 PM org.ros.time.RemoteUptimeClock update
INFO: Latency: 31,0000 s, Delta ratio: 0,5000, Drift: 2,000, Error reduction coefficient: 0,000, Error: 0,0000 s
abr 04, 2013 12:33:12 PM org.ros.time.RemoteUptimeClock update
INFO: Latency: 31,0000 s, Delta ratio: 0,5000, Drift: 2,000, Error reduction coefficient: 0,000, Error: 0,0000 s
abr 04, 2013 12:33:12 PM org.ros.time.RemoteUptimeClock update
INFO: Latency: 31,0000 s, Delta ratio: 0,5000, Drift: 2,000, Error reduction coefficient: 0,000, Error: 0,0000 s
abr 04, 2013 12:33:12 PM org.ros.time.RemoteUptimeClock update
INFO: Latency: 31,0000 s, Delta ratio: 0,5000, Drift: 2,000, Error reduction coefficient: 0,000, Error: 0,0000 s
abr 04, 2013 12:33:12 PM org.ros.time.RemoteUptimeClock update
INFO: Latency: 31,0000 s, Delta ratio: 0,5000, Drift: 2,000, Error reduction coefficient: 0,000, Error: 0,0000 s
abr 04, 2013 12:33:12 PM org.ros.time.RemoteUptimeClock update
INFO: Latency: 31,0000 s, Delta ratio: 0,5000, Drift: 2,000, Error reduction coefficient: 0,000, Error: 0,0000 s
abr 04, 2013 12:33:12 PM org.ros.time.RemoteUptimeClock update
INFO: Latency: 31,0000 s, Delta ratio: 0,5000, Drift: 2,000, Error reduction coefficient: 0,000, Error: 0,0000 s
abr 04, 2013 12:33:12 PM org.ros.time.RemoteUptimeClock update
INFO: Latency: 31,0000 s, Delta ratio: 0,5000, Drift: 2,000, Error reduction coefficient: 0,000, Error: 0,0000 s
abr 04, 2013 12:33:12 PM org.ros.time.RemoteUptimeClock update
INFO: Latency: 31,0000 s, Delta ratio: 0,5000, Drift: 2,000, Error reduction coefficient: 0,000, Error: 0,0000 s
abr 04, 2013 12:33:12 PM org.ros.time.RemoteUptimeClock update
INFO: Latency: 31,0000 s, Delta ratio: 0,5000, Drift: 2,000, Error reduction coefficient: 0,000, Error: 0,0000 s
abr 04, 2013 12:33:12 PM org.ros.time.RemoteUptimeClock update
INFO: Latency: 31,0000 s, Delta ratio: 0,5000, Drift: 2,000, Error reduction coefficient: 0,000, Error: 0,0000 s
abr 04, 2013 12:33:12 PM org.ros.time.RemoteUptimeClock update
INFO: Latency: 31,0000 s, Delta ratio: 0,5000, Drift: 2,000, Error reduction coefficient: 0,000, Error: 0,0000 s
abr 04, 2013 12:33:12 PM org.ros.time.RemoteUptimeClock update
INFO: Latency: 31,0000 s, Delta ratio: 0,5000, Drift: 2,000, Error reduction coefficient: 0,000, Error: 0,0000 s
abr 04, 2013 12:33:12 PM org.ros.time.RemoteUptimeClock update
INFO: Latency: 31,0000 s, Delta ratio: 0,5000, Drift: 2,000, Error reduction coefficient: 0,000, Error: 0,0000 s
abr 04, 2013 12:33:12 PM org.ros.time.RemoteUptimeClock update
INFO: Latency: 31,0000 s, Delta ratio: 0,5000, Drift: 2,000, Error reduction coefficient: 0,000, Error: 0,0000 s
abr 04, 2013 12:33:12 PM org.ros.time.RemoteUptimeClock update
INFO: Latency: 31,0000 s, Delta ratio: 0,5000, Drift: 2,000, Error reduction coefficient: 0,000, Error: 0,0000 s
abr 04, 2013 12:33:12 PM org.ros.time.RemoteUptimeClock update
INFO: Latency: 31,0000 s, Delta ratio: 0,5000, Drift: 2,000, Error reduction coefficient: 0,000, Error: 0,0000 s
abr 04, 2013 12:33:12 PM org.ros.time.RemoteUptimeClock update
INFO: Latency: 31,0000 s, Delta ratio: 0,5000, Drift: 2,000, Error reduction coefficient: 0,000, Error: 0,0000 s
abr 04, 2013 12:33:12 PM org.ros.time.RemoteUptimeClock update
INFO: Latency: 31,0000 s, Delta ratio: 0,5000, Drift: 2,000, Error reduction coefficient: 0,000, Error: 0,0000 s
abr 04, 2013 12:33:12 PM org.ros.time.RemoteUptimeClock update
INFO: Latency: 31,0000 s, Delta ratio: 0,5000, Drift: 2,000, Error reduction coefficient: 0,000, Error: 0,0000 s
abr 04, 2013 12:33:12 PM org.ros.time.RemoteUptimeClock update
INFO: Latency: 31,0000 s, Delta ratio: 0,5000, Drift: 2,000, Error reduction coefficient: 0,000, Error: 0,0000 s
abr 04, 2013 12:33:12 PM org.ros.time.RemoteUptimeClock update
INFO: Latency: 31,0000 s, Delta ratio: 0,5000, Drift: 2,000, Error reduction coefficient: 0,000, Error: 0,0000 s
abr 04, 2013 12:33:12 PM org.ros.time.RemoteUptimeClock update
INFO: Latency: 31,0000 s, Delta ratio: 0,5000, Drift: 2,000, Error reduction coefficient: 0,000, Error: 0,0000 s
abr 04, 2013 12:33:12 PM org.ros.time.RemoteUptimeClock update
INFO: Latency: 31,0000 s, Delta ratio: 0,5000, Drift: 2,000, Error reduction coefficient: 0,000, Error: 0,0000 s
abr 04, 2013 12:33:12 PM org.ros.time.RemoteUptimeClock update
INFO: Latency: 31,0000 s, Delta ratio: 0,5000, Drift: 2,000, Error reduction coefficient: 0,000, Error: 0,0000 s
abr 04, 2013 12:33:12 PM org.ros.time.RemoteUptimeClock update
INFO: Latency: 31,0000 s, Delta ratio: 0,5000, Drift: 2,000, Error reduction coefficient: 0,000, Error: 0,0000 s
abr 04, 2013 12:33:12 PM org.ros.time.RemoteUptimeClock update
INFO: Latency: 31,0000 s, Delta ratio: 0,5000, Drift: 2,000, Error reduction coefficient: 0,000, Error: 0,0000 s
abr 04, 2013 12:33:12 PM org.ros.time.RemoteUptimeClock update
INFO: Latency: 31,0000 s, Delta ratio: 0,5000, Drift: 2,000, Error reduction coefficient: 0,000, Error: 0,0000 s
abr 04, 2013 12:33:12 PM org.ros.time.RemoteUptimeClock update
INFO: Latency: 31,0000 s, Delta ratio: 0,5000, Drift: 2,000, Error reduction coefficient: 0,000, Error: 0,0000 s
abr 04, 2013 12:33:12 PM org.ros.time.RemoteUptimeClock update
INFO: Latency: 31,0000 s, Delta ratio: 0,5000, Drift: 2,000, Error reduction coefficient: 0,000, Error: 0,0000 s
abr 04, 2013 12:33:12 PM org.ros.time.RemoteUptimeClock update
INFO: Latency: 31,0000 s, Delta ratio: 0,5000, Drift: 2,000, Error reduction coefficient: 0,000, Error: 0,0000 s
abr 04, 2013 12:33:12 PM org.ros.time.RemoteUptimeClock update
INFO: Latency: 31,0000 s, Delta ratio: 0,5000, Drift: 2,000, Error reduction coefficient: 0,000, Error: 0,0000 s
abr 04, 2013 12:33:12 PM org.ros.time.RemoteUptimeClock update
INFO: Latency: 31,0000 s, Delta ratio: 0,5000, Drift: 2,000, Error reduction coefficient: 0,000, Error: 0,0000 s
abr 04, 2013 12:33:12 PM org.ros.time.RemoteUptimeClock update
INFO: Latency: 31,0000 s, Delta ratio: 0,5000, Drift: 2,000, Error reduction coefficient: 0,000, Error: 0,0000 s
abr 04, 2013 12:33:12 PM org.ros.time.RemoteUptimeClock update
INFO: Latency: 31,0000 s, Delta ratio: 0,5000, Drift: 2,000, Error reduction coefficient: 0,000, Error: 0,0000 s
abr 04, 2013 12:33:12 PM org.ros.time.RemoteUptimeClock update
INFO: Latency: 31,0000 s, Delta ratio: 0,5000, Drift: 2,000, Error reduction coefficient: 0,000, Error: 0,0000 s
abr 04, 2013 12:33:12 PM org.ros.time.RemoteUptimeClock update
INFO: Latency: 31,0000 s, Delta ratio: 0,5000, Drift: 2,000, Error reduction coefficient: 0,000, Error: 0,0000 s
abr 04, 2013 12:33:12 PM org.ros.time.RemoteUptimeClock update
INFO: Latency: 31,0000 s, Delta ratio: 0,5000, Drift: 2,000, Error reduction coefficient: 0,000, Error: 0,0000 s
abr 04, 2013 12:33:12 PM org.ros.time.RemoteUptimeClock update
INFO: Latency: 31,0000 s, Delta ratio: 0,5000, Drift: 2,000, Error reduction coefficient: 0,000, Error: 0,0000 s
abr 04, 2013 12:33:12 PM org.ros.time.RemoteUptimeClock update
INFO: Latency: 31,0000 s, Delta ratio: 0,5000, Drift: 2,000, Error reduction coefficient: 0,000, Error: 0,0000 s
abr 04, 2013 12:33:12 PM org.ros.time.RemoteUptimeClock update
INFO: Latency: 31,0000 s, Delta ratio: 0,5000, Drift: 2,000, Error reduction coefficient: 0,000, Error: 0,0000 s
abr 04, 2013 12:33:12 PM org.ros.time.RemoteUptimeClock update
INFO: Latency: 31,0000 s, Delta ratio: 0,5000, Drift: 2,000, Error reduction coefficient: 0,000, Error: 0,0000 s
abr 04, 2013 12:33:12 PM org.ros.time.RemoteUptimeClock update
INFO: Latency: 31,0000 s, Delta ratio: 0,5000, Drift: 2,000, Error reduction coefficient: 0,000, Error: 0,0000 s
abr 04, 2013 12:33:12 PM org.ros.time.RemoteUptimeClock update
INFO: Latency: 31,0000 s, Delta ratio: 0,5000, Drift: 2,000, Error reduction coefficient: 0,000, Error: 0,0000 s
abr 04, 2013 12:33:12 PM org.ros.time.RemoteUptimeClock update
INFO: Latency: 31,0000 s, Delta ratio: 0,5000, Drift: 2,000, Error reduction coefficient: 0,000, Error: 0,0000 s
abr 04, 2013 12:33:12 PM org.ros.time.RemoteUptimeClock update
INFO: Latency: 31,0000 s, Delta ratio: 0,5000, Drift: 2,000, Error reduction coefficient: 0,000, Error: 0,0000 s
abr 04, 2013 12:33:12 PM org.ros.time.RemoteUptimeClock update
INFO: Latency: 31,0000 s, Delta ratio: 0,5000, Drift: 2,000, Error reduction coefficient: 0,000, Error: 0,0000 s
abr 04, 2013 12:33:12 PM org.ros.time.RemoteUptimeClock update
INFO: Latency: 31,0000 s, Delta ratio: 0,5000, Drift: 2,000, Error reduction coefficient: 0,000, Error: 0,0000 s
abr 04, 2013 12:33:12 PM org.ros.time.RemoteUptimeClock update
INFO: Latency: 31,0000 s, Delta ratio: 0,5000, Drift: 2,000, Error reduction coefficient: 0,000, Error: 0,0000 s
abr 04, 2013 12:33:12 PM org.ros.time.RemoteUptimeClock update
INFO: Latency: 31,0000 s, Delta ratio: 0,5000, Drift: 2,000, Error reduction coefficient: 0,000, Error: 0,0000 s
abr 04, 2013 12:33:12 PM org.ros.time.RemoteUptimeClock update
INFO: Latency: 31,0000 s, Delta ratio: 0,5000, Drift: 2,000, Error reduction coefficient: 0,000, Error: 0,0000 s
abr 04, 2013 12:33:12 PM org.ros.time.RemoteUptimeClock update
INFO: Latency: 31,0000 s, Delta ratio: 0,5000, Drift: 2,000, Error reduction coefficient: 0,000, Error: 0,0000 s
abr 04, 2013 12:33:12 PM org.ros.time.RemoteUptimeClock update
INFO: Latency: 31,0000 s, Delta ratio: 0,5000, Drift: 2,000, Error reduction coefficient: 0,000, Error: 0,0000 s
abr 04, 2013 12:33:12 PM org.ros.time.RemoteUptimeClock update
INFO: Latency: 31,0000 s, Delta ratio: 0,5000, Drift: 2,000, Error reduction coefficient: 0,000, Error: 0,0000 s
abr 04, 2013 12:33:12 PM org.ros.time.RemoteUptimeClock update
INFO: Latency: 31,0000 s, Delta ratio: 0,5000, Drift: 2,000, Error reduction coefficient: 0,000, Error: 0,0000 s
abr 04, 2013 12:33:12 PM org.ros.time.RemoteUptimeClock update
INFO: Latency: 31,0000 s, Delta ratio: 0,5000, Drift: 2,000, Error reduction coefficient: 0,000, Error: 0,0000 s
abr 04, 2013 12:33:12 PM org.ros.time.RemoteUptimeClock update
INFO: Latency: 31,0000 s, Delta ratio: 0,5000, Drift: 2,000, Error reduction coefficient: 0,000, Error: 0,0000 s
abr 04, 2013 12:33:12 PM org.ros.time.RemoteUptimeClock update
INFO: Latency: 31,0000 s, Delta ratio: 0,5000, Drift: 2,000, Error reduction coefficient: 0,000, Error: 0,0000 s
abr 04, 2013 12:33:12 PM org.ros.time.RemoteUptimeClock update
INFO: Latency: 31,0000 s, Delta ratio: 0,5000, Drift: 2,000, Error reduction coefficient: 0,000, Error: 0,0000 s
abr 04, 2013 12:33:12 PM org.ros.time.RemoteUptimeClock update
INFO: Latency: 31,0000 s, Delta ratio: 0,5000, Drift: 2,000, Error reduction coefficient: 0,000, Error: 0,0000 s
abr 04, 2013 12:33:12 PM org.ros.time.RemoteUptimeClock update
INFO: Latency: 31,0000 s, Delta ratio: 0,5000, Drift: 2,000, Error reduction coefficient: 0,000, Error: 0,0000 s
abr 04, 2013 12:33:12 PM org.ros.time.RemoteUptimeClock update
INFO: Latency: 31,0000 s, Delta ratio: 0,5000, Drift: 2,000, Error reduction coefficient: 0,000, Error: 0,0000 s
abr 04, 2013 12:33:12 PM org.ros.time.RemoteUptimeClock update
INFO: Latency: 31,0000 s, Delta ratio: 0,5000, Drift: 2,000, Error reduction coefficient: 0,000, Error: 0,0000 s
abr 04, 2013 12:33:12 PM org.ros.time.RemoteUptimeClock update
INFO: Latency: 31,0000 s, Delta ratio: 0,5000, Drift: 2,000, Error reduction coefficient: 0,000, Error: 0,0000 s
abr 04, 2013 12:33:12 PM org.ros.time.RemoteUptimeClock update
INFO: Latency: 31,0000 s, Delta ratio: 0,5000, Drift: 2,000, Error reduction coefficient: 0,000, Error: 0,0000 s
abr 04, 2013 12:33:12 PM org.ros.time.RemoteUptimeClock update
INFO: Latency: 31,0000 s, Delta ratio: 0,5000, Drift: 2,000, Error reduction coefficient: 0,000, Error: 0,0000 s
abr 04, 2013 12:33:12 PM org.ros.time.RemoteUptimeClock update
INFO: Latency: 31,0000 s, Delta ratio: 0,5000, Drift: 2,000, Error reduction coefficient: 0,000, Error: 0,0000 s
abr 04, 2013 12:33:12 PM org.ros.time.RemoteUptimeClock update
INFO: Latency: 31,0000 s, Delta ratio: 0,5000, Drift: 2,000, Error reduction coefficient: 0,000, Error: 0,0000 s
abr 04, 2013 12:33:12 PM org.ros.time.RemoteUptimeClock update
INFO: Latency: 31,0000 s, Delta ratio: 0,5000, Drift: 2,000, Error reduction coefficient: 0,000, Error: 0,0000 s
abr 04, 2013 12:33:12 PM org.ros.time.RemoteUptimeClock update
INFO: Latency: 31,0000 s, Delta ratio: 0,5000, Drift: 2,000, Error reduction coefficient: 0,000, Error: 0,0000 s
abr 04, 2013 12:33:12 PM org.ros.time.RemoteUptimeClock update
INFO: Latency: 31,0000 s, Delta ratio: 0,5000, Drift: 2,000, Error reduction coefficient: 0,000, Error: 0,0000 s
abr 04, 2013 12:33:12 PM org.ros.time.RemoteUptimeClock update
INFO: Latency: 31,0000 s, Delta ratio: 0,5000, Drift: 2,000, Error reduction coefficient: 0,000, Error: 0,0000 s
abr 04, 2013 12:33:12 PM org.ros.time.RemoteUptimeClock update
INFO: Latency: 31,0000 s, Delta ratio: 0,5000, Drift: 2,000, Error reduction coefficient: 0,000, Error: 0,0000 s
abr 04, 2013 12:33:12 PM org.ros.time.RemoteUptimeClock update
INFO: Latency: 31,0000 s, Delta ratio: 0,5000, Drift: 2,000, Error reduction coefficient: 0,000, Error: 0,0000 s
abr 04, 2013 12:33:12 PM org.ros.time.RemoteUptimeClock update
INFO: Latency: 31,0000 s, Delta ratio: 0,5000, Drift: 2,000, Error reduction coefficient: 0,000, Error: 0,0000 s
abr 04, 2013 12:33:12 PM org.ros.time.RemoteUptimeClock update
INFO: Latency: 31,0000 s, Delta ratio: 0,5000, Drift: 2,000, Error reduction coefficient: 0,000, Error: 0,0000 s
abr 04, 2013 12:33:12 PM org.ros.time.RemoteUptimeClock update
INFO: Latency: 31,0000 s, Delta ratio: 0,5000, Drift: 2,000, Error reduction coefficient: 0,000, Error: 0,0000 s
abr 04, 2013 12:33:12 PM org.ros.time.RemoteUptimeClock update
INFO: Latency: 31,0000 s, Delta ratio: 0,5000, Drift: 2,000, Error reduction coefficient: 0,000, Error: 0,0000 s
abr 04, 2013 12:33:12 PM org.ros.time.RemoteUptimeClock update
INFO: Latency: 31,0000 s, Delta ratio: 0,5000, Drift: 2,000, Error reduction coefficient: 0,000, Error: 0,0000 s
abr 04, 2013 12:33:12 PM org.ros.time.RemoteUptimeClock update
INFO: Latency: 31,0000 s, Delta ratio: 0,5000, Drift: 2,000, Error reduction coefficient: 0,000, Error: 0,0000 s
abr 04, 2013 12:33:12 PM org.ros.time.RemoteUptimeClock update
INFO: Latency: 31,0000 s, Delta ratio: 0,5000, Drift: 2,000, Error reduction coefficient: 0,000, Error: 0,0000 s
abr 04, 2013 12:33:12 PM org.ros.time.RemoteUptimeClock update
INFO: Latency: 31,0000 s, Delta ratio: 0,5000, Drift: 2,000, Error reduction coefficient: 0,000, Error: 0,0000 s
abr 04, 2013 12:33:12 PM org.ros.time.RemoteUptimeClock update
INFO: Latency: 31,0000 s, Delta ratio: 0,5000, Drift: 2,000, Error reduction coefficient: 0,000, Error: 0,0000 s
abr 04, 2013 12:33:12 PM org.ros.time.RemoteUptimeClock update
INFO: Latency: 31,0000 s, Delta ratio: 0,5000, Drift: 2,000, Error reduction coefficient: 0,000, Error: 0,0000 s
abr 04, 2013 12:33:12 PM org.ros.time.RemoteUptimeClock update
INFO: Latency: 31,0000 s, Delta ratio: 0,5000, Drift: 2,000, Error reduction coefficient: 0,000, Error: 0,0000 s
abr 04, 2013 12:33:12 PM org.ros.time.RemoteUptimeClock update
INFO: Latency: 31,0000 s, Delta ratio: 0,5000, Drift: 2,000, Error reduction coefficient: 0,000, Error: 0,0000 s
abr 04, 2013 12:33:12 PM org.ros.time.RemoteUptimeClock update
INFO: Latency: 31,0000 s, Delta ratio: 0,5000, Drift: 2,000, Error reduction coefficient: 0,000, Error: 0,0000 s
abr 04, 2013 12:33:12 PM org.ros.time.RemoteUptimeClock update
INFO: Latency: 31,0000 s, Delta ratio: 0,5000, Drift: 2,000, Error reduction coefficient: 0,000, Error: 0,0000 s
abr 04, 2013 12:33:12 PM org.ros.time.RemoteUptimeClock update
INFO: Latency: 31,0000 s, Delta ratio: 0,5000, Drift: 2,000, Error reduction coefficient: 0,000, Error: 0,0000 s
abr 04, 2013 12:33:12 PM org.ros.time.RemoteUptimeClock update
INFO: Latency: 31,0000 s, Delta ratio: 0,5000, Drift: 2,000, Error reduction coefficient: 0,000, Error: 0,0000 s
abr 04, 2013 12:33:12 PM org.ros.time.RemoteUptimeClock update
INFO: Latency: 31,0000 s, Delta ratio: 0,5000, Drift: 2,000, Error reduction coefficient: 0,000, Error: 0,0000 s
abr 04, 2013 12:33:12 PM org.ros.time.RemoteUptimeClock update
INFO: Latency: 31,0000 s, Delta ratio: 0,5000, Drift: 2,000, Error reduction coefficient: 0,000, Error: 0,0000 s
abr 04, 2013 12:33:12 PM org.ros.time.RemoteUptimeClock update
INFO: Latency: 31,0000 s, Delta ratio: 0,5000, Drift: 2,000, Error reduction coefficient: 0,000, Error: 0,0000 s
abr 04, 2013 12:33:12 PM org.ros.time.RemoteUptimeClock update
INFO: Latency: 31,0000 s, Delta ratio: 0,5000, Drift: 2,000, Error reduction coefficient: 0,000, Error: 0,0000 s
abr 04, 2013 12:33:12 PM org.ros.time.RemoteUptimeClock update
INFO: Latency: 31,0000 s, Delta ratio: 0,5000, Drift: 2,000, Error reduction coefficient: 0,000, Error: 0,0000 s
abr 04, 2013 12:33:12 PM org.ros.time.RemoteUptimeClock update
INFO: Latency: 31,0000 s, Delta ratio: 0,5000, Drift: 2,000, Error reduction coefficient: 0,000, Error: 0,0000 s
abr 04, 2013 12:33:12 PM org.ros.time.RemoteUptimeClock update
INFO: Latency: 31,0000 s, Delta ratio: 0,5000, Drift: 2,000, Error reduction coefficient: 0,000, Error: 0,0000 s
abr 04, 2013 12:33:12 PM org.ros.time.RemoteUptimeClock update
INFO: Latency: 31,0000 s, Delta ratio: 0,5000, Drift: 2,000, Error reduction coefficient: 0,000, Error: 0,0000 s
abr 04, 2013 12:33:12 PM org.ros.time.RemoteUptimeClock update
INFO: Latency: 31,0000 s, Delta ratio: 0,5000, Drift: 2,000, Error reduction coefficient: 0,000, Error: 0,0000 s
abr 04, 2013 12:33:12 PM org.ros.time.RemoteUptimeClock update
INFO: Latency: 31,0000 s, Delta ratio: 0,5000, Drift: 2,000, Error reduction coefficient: 0,000, Error: 0,0000 s
abr 04, 2013 12:33:12 PM org.ros.time.RemoteUptimeClock update
INFO: Latency: 31,0000 s, Delta ratio: 0,5000, Drift: 2,000, Error reduction coefficient: 0,000, Error: 0,0000 s
abr 04, 2013 12:33:12 PM org.ros.time.RemoteUptimeClock update
INFO: Latency: 31,0000 s, Delta ratio: 0,5000, Drift: 2,000, Error reduction coefficient: 0,000, Error: 0,0000 s
abr 04, 2013 12:33:12 PM org.ros.time.RemoteUptimeClock update
INFO: Latency: 31,0000 s, Delta ratio: 0,5000, Drift: 2,000, Error reduction coefficient: 0,000, Error: 0,0000 s
abr 04, 2013 12:33:12 PM org.ros.time.RemoteUptimeClock update
INFO: Latency: 31,0000 s, Delta ratio: 0,5000, Drift: 2,000, Error reduction coefficient: 0,000, Error: 0,0000 s
abr 04, 2013 12:33:12 PM org.ros.time.RemoteUptimeClock update
INFO: Latency: 31,0000 s, Delta ratio: 0,5000, Drift: 2,000, Error reduction coefficient: 0,000, Error: 0,0000 s
abr 04, 2013 12:33:12 PM org.ros.time.RemoteUptimeClock update
INFO: Latency: 31,0000 s, Delta ratio: 0,5000, Drift: 2,000, Error reduction coefficient: 0,000, Error: 0,0000 s
abr 04, 2013 12:33:12 PM org.ros.time.RemoteUptimeClock update
INFO: Latency: 31,0000 s, Delta ratio: 0,5000, Drift: 2,000, Error reduction coefficient: 0,000, Error: 0,0000 s
abr 04, 2013 12:33:12 PM org.ros.time.RemoteUptimeClock update
INFO: Latency: 31,0000 s, Delta ratio: 0,5000, Drift: 2,000, Error reduction coefficient: 0,000, Error: 0,0000 s
abr 04, 2013 12:33:12 PM org.ros.time.RemoteUptimeClock update
INFO: Latency: 31,0000 s, Delta ratio: 0,5000, Drift: 2,000, Error reduction coefficient: 0,000, Error: 0,0000 s
abr 04, 2013 12:33:12 PM org.ros.time.RemoteUptimeClock update
INFO: Latency: 31,0000 s, Delta ratio: 0,5000, Drift: 2,000, Error reduction coefficient: 0,000, Error: 0,0000 s
abr 04, 2013 12:33:12 PM org.ros.time.RemoteUptimeClock update
INFO: Latency: 31,0000 s, Delta ratio: 0,5000, Drift: 2,000, Error reduction coefficient: 0,000, Error: 0,0000 s
abr 04, 2013 12:33:12 PM org.ros.time.RemoteUptimeClock update
INFO: Latency: 31,0000 s, Delta ratio: 0,5000, Drift: 2,000, Error reduction coefficient: 0,000, Error: 0,0000 s
abr 04, 2013 12:33:12 PM org.ros.time.RemoteUptimeClock update
INFO: Latency: 31,0000 s, Delta ratio: 0,5000, Drift: 2,000, Error reduction coefficient: 0,000, Error: 0,0000 s
abr 04, 2013 12:33:12 PM org.ros.time.RemoteUptimeClock update
INFO: Latency: 31,0000 s, Delta ratio: 0,5000, Drift: 2,000, Error reduction coefficient: 0,000, Error: 0,0000 s
abr 04, 2013 12:33:12 PM org.ros.time.RemoteUptimeClock update
INFO: Latency: 31,0000 s, Delta ratio: 0,5000, Drift: 2,000, Error reduction coefficient: 0,000, Error: 0,0000 s
abr 04, 2013 12:33:12 PM org.ros.time.RemoteUptimeClock update
INFO: Latency: 31,0000 s, Delta ratio: 0,5000, Drift: 2,000, Error reduction coefficient: 0,000, Error: 0,0000 s
abr 04, 2013 12:33:12 PM org.ros.time.RemoteUptimeClock update
INFO: Latency: 31,0000 s, Delta ratio: 0,5000, Drift: 2,000, Error reduction coefficient: 0,000, Error: 0,0000 s
abr 04, 2013 12:33:12 PM org.ros.time.RemoteUptimeClock update
INFO: Latency: 31,0000 s, Delta ratio: 0,5000, Drift: 2,000, Error reduction coefficient: 0,000, Error: 0,0000 s
abr 04, 2013 12:33:12 PM org.ros.time.RemoteUptimeClock update
INFO: Latency: 31,0000 s, Delta ratio: 0,5000, Drift: 2,000, Error reduction coefficient: 0,000, Error: 0,0000 s
abr 04, 2013 12:33:12 PM org.ros.time.RemoteUptimeClock update
INFO: Latency: 31,0000 s, Delta ratio: 0,5000, Drift: 2,000, Error reduction coefficient: 0,000, Error: 0,0000 s
abr 04, 2013 12:33:12 PM org.ros.time.RemoteUptimeClock update
INFO: Latency: 31,0000 s, Delta ratio: 0,5000, Drift: 2,000, Error reduction coefficient: 0,000, Error: 0,0000 s
abr 04, 2013 12:33:12 PM org.ros.time.RemoteUptimeClock update
INFO: Latency: 31,0000 s, Delta ratio: 0,5000, Drift: 2,000, Error reduction coefficient: 0,000, Error: 0,0000 s
abr 04, 2013 12:33:12 PM org.ros.time.RemoteUptimeClock update
INFO: Latency: 31,0000 s, Delta ratio: 0,5000, Drift: 2,000, Error reduction coefficient: 0,000, Error: 0,0000 s
abr 04, 2013 12:33:12 PM org.ros.time.RemoteUptimeClock update
INFO: Latency: 31,0000 s, Delta ratio: 0,5000, Drift: 2,000, Error reduction coefficient: 0,000, Error: 0,0000 s
abr 04, 2013 12:33:12 PM org.ros.time.RemoteUptimeClock update
INFO: Latency: 31,0000 s, Delta ratio: 0,5000, Drift: 2,000, Error reduction coefficient: 0,000, Error: 0,0000 s
abr 04, 2013 12:33:12 PM org.ros.time.RemoteUptimeClock update
INFO: Latency: 31,0000 s, Delta ratio: 0,5000, Drift: 2,000, Error reduction coefficient: 0,000, Error: 0,0000 s
abr 04, 2013 12:33:12 PM org.ros.time.RemoteUptimeClock update
INFO: Latency: 31,0000 s, Delta ratio: 0,5000, Drift: 2,000, Error reduction coefficient: 0,000, Error: 0,0000 s
abr 04, 2013 12:33:12 PM org.ros.time.RemoteUptimeClock update
INFO: Latency: 31,0000 s, Delta ratio: 0,5000, Drift: 2,000, Error reduction coefficient: 0,000, Error: 0,0000 s
abr 04, 2013 12:33:12 PM org.ros.time.RemoteUptimeClock update
INFO: Latency: 31,0000 s, Delta ratio: 0,5000, Drift: 2,000, Error reduction coefficient: 0,000, Error: 0,0000 s
abr 04, 2013 12:33:12 PM org.ros.time.RemoteUptimeClock update
INFO: Latency: 31,0000 s, Delta ratio: 0,5000, Drift: 2,000, Error reduction coefficient: 0,000, Error: 0,0000 s
abr 04, 2013 12:33:12 PM org.ros.time.RemoteUptimeClock update
INFO: Latency: 31,0000 s, Delta ratio: 0,5000, Drift: 2,000, Error reduction coefficient: 0,000, Error: 0,0000 s
abr 04, 2013 12:33:12 PM org.ros.time.RemoteUptimeClock update
INFO: Latency: 31,0000 s, Delta ratio: 0,5000, Drift: 2,000, Error reduction coefficient: 0,000, Error: 0,0000 s
abr 04, 2013 12:33:12 PM org.ros.time.RemoteUptimeClock update
INFO: Latency: 31,0000 s, Delta ratio: 0,5000, Drift: 2,000, Error reduction coefficient: 0,000, Error: 0,0000 s
abr 04, 2013 12:33:12 PM org.ros.time.RemoteUptimeClock update
INFO: Latency: 31,0000 s, Delta ratio: 0,5000, Drift: 2,000, Error reduction coefficient: 0,000, Error: 0,0000 s
abr 04, 2013 12:33:12 PM org.ros.time.RemoteUptimeClock update
INFO: Latency: 31,0000 s, Delta ratio: 0,5000, Drift: 2,000, Error reduction coefficient: 0,000, Error: 0,0000 s
abr 04, 2013 12:33:12 PM org.ros.time.RemoteUptimeClock update
INFO: Latency: 31,0000 s, Delta ratio: 0,5000, Drift: 2,000, Error reduction coefficient: 0,000, Error: 0,0000 s
abr 04, 2013 12:33:12 PM org.ros.time.RemoteUptimeClock update
INFO: Latency: 31,0000 s, Delta ratio: 0,5000, Drift: 2,000, Error reduction coefficient: 0,000, Error: 0,0000 s
abr 04, 2013 12:33:12 PM org.ros.time.RemoteUptimeClock update
INFO: Latency: 31,0000 s, Delta ratio: 0,5000, Drift: 2,000, Error reduction coefficient: 0,000, Error: 0,0000 s
abr 04, 2013 12:33:12 PM org.ros.time.RemoteUptimeClock update
INFO: Latency: 31,0000 s, Delta ratio: 0,5000, Drift: 2,000, Error reduction coefficient: 0,000, Error: 0,0000 s
abr 04, 2013 12:33:12 PM org.ros.time.RemoteUptimeClock update
INFO: Latency: 31,0000 s, Delta ratio: 0,5000, Drift: 2,000, Error reduction coefficient: 0,000, Error: 0,0000 s
abr 04, 2013 12:33:12 PM org.ros.time.RemoteUptimeClock update
INFO: Latency: 31,0000 s, Delta ratio: 0,5000, Drift: 2,000, Error reduction coefficient: 0,000, Error: 0,0000 s
abr 04, 2013 12:33:12 PM org.ros.time.RemoteUptimeClock update
INFO: Latency: 31,0000 s, Delta ratio: 0,5000, Drift: 2,000, Error reduction coefficient: 0,000, Error: 0,0000 s
abr 04, 2013 12:33:12 PM org.ros.time.RemoteUptimeClock update
INFO: Latency: 31,0000 s, Delta ratio: 0,5000, Drift: 2,000, Error reduction coefficient: 0,000, Error: 0,0000 s
abr 04, 2013 12:33:12 PM org.ros.time.RemoteUptimeClock update
INFO: Latency: 31,0000 s, Delta ratio: 0,5000, Drift: 2,000, Error reduction coefficient: 0,000, Error: 0,0000 s
abr 04, 2013 12:33:12 PM org.ros.time.RemoteUptimeClock update
INFO: Latency: 31,0000 s, Delta ratio: 0,5000, Drift: 2,000, Error reduction coefficient: 0,000, Error: 0,0000 s
abr 04, 2013 12:33:12 PM org.ros.time.RemoteUptimeClock update
INFO: Latency: 31,0000 s, Delta ratio: 0,5000, Drift: 2,000, Error reduction coefficient: 0,000, Error: 0,0000 s
abr 04, 2013 12:33:12 PM org.ros.time.RemoteUptimeClock update
INFO: Latency: 31,0000 s, Delta ratio: 0,5000, Drift: 2,000, Error reduction coefficient: 0,000, Error: 0,0000 s
abr 04, 2013 12:33:12 PM org.ros.time.RemoteUptimeClock update
INFO: Latency: 31,0000 s, Delta ratio: 0,5000, Drift: 2,000, Error reduction coefficient: 0,000, Error: 0,0000 s
abr 04, 2013 12:33:12 PM org.ros.time.RemoteUptimeClock update
INFO: Latency: 31,0000 s, Delta ratio: 0,5000, Drift: 2,000, Error reduction coefficient: 0,000, Error: 0,0000 s
abr 04, 2013 12:33:12 PM org.ros.time.RemoteUptimeClock update
INFO: Latency: 31,0000 s, Delta ratio: 0,5000, Drift: 2,000, Error reduction coefficient: 0,000, Error: 0,0000 s
abr 04, 2013 12:33:12 PM org.ros.time.RemoteUptimeClock update
INFO: Latency: 31,0000 s, Delta ratio: 0,5000, Drift: 2,000, Error reduction coefficient: 0,000, Error: 0,0000 s
abr 04, 2013 12:33:12 PM org.ros.time.RemoteUptimeClock update
INFO: Latency: 31,0000 s, Delta ratio: 0,5000, Drift: 2,000, Error reduction coefficient: 0,000, Error: 0,0000 s
abr 04, 2013 12:33:12 PM org.ros.time.RemoteUptimeClock update
INFO: Latency: 31,0000 s, Delta ratio: 0,5000, Drift: 2,000, Error reduction coefficient: 0,000, Error: 0,0000 s
abr 04, 2013 12:33:12 PM org.ros.time.RemoteUptimeClock update
INFO: Latency: 31,0000 s, Delta ratio: 0,5000, Drift: 2,000, Error reduction coefficient: 0,000, Error: 0,0000 s
abr 04, 2013 12:33:12 PM org.ros.time.RemoteUptimeClock update
INFO: Latency: 31,0000 s, Delta ratio: 0,5000, Drift: 2,000, Error reduction coefficient: 0,000, Error: 0,0000 s
abr 04, 2013 12:33:12 PM org.ros.time.RemoteUptimeClock update
INFO: Latency: 31,0000 s, Delta ratio: 0,5000, Drift: 2,000, Error reduction coefficient: 0,000, Error: 0,0000 s
abr 04, 2013 12:33:12 PM org.ros.time.RemoteUptimeClock update
INFO: Latency: 31,0000 s, Delta ratio: 0,5000, Drift: 2,000, Error reduction coefficient: 0,000, Error: 0,0000 s
abr 04, 2013 12:33:12 PM org.ros.time.RemoteUptimeClock update
INFO: Latency: 31,0000 s, Delta ratio: 0,5000, Drift: 2,000, Error reduction coefficient: 0,000, Error: 0,0000 s
abr 04, 2013 12:33:12 PM org.ros.time.RemoteUptimeClock update
INFO: Latency: 31,0000 s, Delta ratio: 0,5000, Drift: 2,000, Error reduction coefficient: 0,000, Error: 0,0000 s
abr 04, 2013 12:33:12 PM org.ros.time.RemoteUptimeClock update
INFO: Latency: 31,0000 s, Delta ratio: 0,5000, Drift: 2,000, Error reduction coefficient: 0,000, Error: 0,0000 s
abr 04, 2013 12:33:12 PM org.ros.time.RemoteUptimeClock update
INFO: Latency: 31,0000 s, Delta ratio: 0,5000, Drift: 2,000, Error reduction coefficient: 0,000, Error: 0,0000 s
abr 04, 2013 12:33:12 PM org.ros.time.RemoteUptimeClock update
INFO: Latency: 31,0000 s, Delta ratio: 0,5000, Drift: 2,000, Error reduction coefficient: 0,000, Error: 0,0000 s
abr 04, 2013 12:33:12 PM org.ros.time.RemoteUptimeClock update
INFO: Latency: 31,0000 s, Delta ratio: 0,5000, Drift: 2,000, Error reduction coefficient: 0,000, Error: 0,0000 s
abr 04, 2013 12:33:12 PM org.ros.time.RemoteUptimeClock update
INFO: Latency: 31,0000 s, Delta ratio: 0,5000, Drift: 2,000, Error reduction coefficient: 0,000, Error: 0,0000 s
abr 04, 2013 12:33:12 PM org.ros.time.RemoteUptimeClock update
INFO: Latency: 31,0000 s, Delta ratio: 0,5000, Drift: 2,000, Error reduction coefficient: 0,000, Error: 0,0000 s
abr 04, 2013 12:33:12 PM org.ros.time.RemoteUptimeClock update
INFO: Latency: 31,0000 s, Delta ratio: 0,5000, Drift: 2,000, Error reduction coefficient: 0,000, Error: 0,0000 s
abr 04, 2013 12:33:12 PM org.ros.time.RemoteUptimeClock update
INFO: Latency: 31,0000 s, Delta ratio: 0,5000, Drift: 2,000, Error reduction coefficient: 0,000, Error: 0,0000 s
abr 04, 2013 12:33:12 PM org.ros.time.RemoteUptimeClock update
INFO: Latency: 31,0000 s, Delta ratio: 0,5000, Drift: 2,000, Error reduction coefficient: 0,000, Error: 0,0000 s
abr 04, 2013 12:33:12 PM org.ros.time.RemoteUptimeClock update
INFO: Latency: 31,0000 s, Delta ratio: 0,5000, Drift: 2,000, Error reduction coefficient: 0,000, Error: 0,0000 s
abr 04, 2013 12:33:12 PM org.ros.time.RemoteUptimeClock update
INFO: Latency: 31,0000 s, Delta ratio: 0,5000, Drift: 2,000, Error reduction coefficient: 0,000, Error: 0,0000 s
abr 04, 2013 12:33:12 PM org.ros.time.RemoteUptimeClock update
INFO: Latency: 31,0000 s, Delta ratio: 0,5000, Drift: 2,000, Error reduction coefficient: 0,000, Error: 0,0000 s
abr 04, 2013 12:33:12 PM org.ros.time.RemoteUptimeClock update
INFO: Latency: 31,0000 s, Delta ratio: 0,5000, Drift: 2,000, Error reduction coefficient: 0,000, Error: 0,0000 s
abr 04, 2013 12:33:12 PM org.ros.time.RemoteUptimeClock update
INFO: Latency: 31,0000 s, Delta ratio: 0,5000, Drift: 2,000, Error reduction coefficient: 0,000, Error: 0,0000 s
abr 04, 2013 12:33:12 PM org.ros.time.RemoteUptimeClock update
INFO: Latency: 31,0000 s, Delta ratio: 0,5000, Drift: 2,000, Error reduction coefficient: 0,000, Error: 0,0000 s
abr 04, 2013 12:33:12 PM org.ros.time.RemoteUptimeClock update
INFO: Latency: 31,0000 s, Delta ratio: 0,5000, Drift: 2,000, Error reduction coefficient: 0,000, Error: 0,0000 s
abr 04, 2013 12:33:12 PM org.ros.time.RemoteUptimeClock update
INFO: Latency: 31,0000 s, Delta ratio: 0,5000, Drift: 2,000, Error reduction coefficient: 0,000, Error: 0,0000 s
abr 04, 2013 12:33:12 PM org.ros.time.RemoteUptimeClock update
INFO: Latency: 31,0000 s, Delta ratio: 0,5000, Drift: 2,000, Error reduction coefficient: 0,000, Error: 0,0000 s
abr 04, 2013 12:33:12 PM org.ros.time.RemoteUptimeClock update
INFO: Latency: 31,0000 s, Delta ratio: 0,5000, Drift: 2,000, Error reduction coefficient: 0,000, Error: 0,0000 s
abr 04, 2013 12:33:12 PM org.ros.time.RemoteUptimeClock update
INFO: Latency: 31,0000 s, Delta ratio: 0,5000, Drift: 2,000, Error reduction coefficient: 0,000, Error: 0,0000 s
abr 04, 2013 12:33:12 PM org.ros.time.RemoteUptimeClock update
INFO: Latency: 31,0000 s, Delta ratio: 0,5000, Drift: 2,000, Error reduction coefficient: 0,000, Error: 0,0000 s
abr 04, 2013 12:33:12 PM org.ros.time.RemoteUptimeClock update
INFO: Latency: 31,0000 s, Delta ratio: 0,5000, Drift: 2,000, Error reduction coefficient: 0,000, Error: 0,0000 s
abr 04, 2013 12:33:12 PM org.ros.time.RemoteUptimeClock update
INFO: Latency: 31,0000 s, Delta ratio: 0,5000, Drift: 2,000, Error reduction coefficient: 0,000, Error: 0,0000 s
abr 04, 2013 12:33:12 PM org.ros.time.RemoteUptimeClock update
INFO: Latency: 31,0000 s, Delta ratio: 0,5000, Drift: 2,000, Error reduction coefficient: 0,000, Error: 0,0000 s
abr 04, 2013 12:33:12 PM org.ros.time.RemoteUptimeClock update
INFO: Latency: 31,0000 s, Delta ratio: 0,5000, Drift: 2,000, Error reduction coefficient: 0,000, Error: 0,0000 s
abr 04, 2013 12:33:12 PM org.ros.time.RemoteUptimeClock update
INFO: Latency: 31,0000 s, Delta ratio: 0,5000, Drift: 2,000, Error reduction coefficient: 0,000, Error: 0,0000 s
abr 04, 2013 12:33:12 PM org.ros.time.RemoteUptimeClock update
INFO: Latency: 31,0000 s, Delta ratio: 0,5000, Drift: 2,000, Error reduction coefficient: 0,000, Error: 0,0000 s
abr 04, 2013 12:33:12 PM org.ros.time.RemoteUptimeClock update
INFO: Latency: 31,0000 s, Delta ratio: 0,5000, Drift: 2,000, Error reduction coefficient: 0,000, Error: 0,0000 s
abr 04, 2013 12:33:12 PM org.ros.time.RemoteUptimeClock update
INFO: Latency: 31,0000 s, Delta ratio: 0,5000, Drift: 2,000, Error reduction coefficient: 0,000, Error: 0,0000 s
abr 04, 2013 12:33:12 PM org.ros.time.RemoteUptimeClock update
INFO: Latency: 31,0000 s, Delta ratio: 0,5000, Drift: 2,000, Error reduction coefficient: 0,000, Error: 0,0000 s
abr 04, 2013 12:33:12 PM org.ros.time.RemoteUptimeClock update
INFO: Latency: 31,0000 s, Delta ratio: 0,5000, Drift: 2,000, Error reduction coefficient: 0,000, Error: 0,0000 s
abr 04, 2013 12:33:12 PM org.ros.time.RemoteUptimeClock update
INFO: Latency: 31,0000 s, Delta ratio: 0,5000, Drift: 2,000, Error reduction coefficient: 0,000, Error: 0,0000 s
abr 04, 2013 12:33:12 PM org.ros.time.RemoteUptimeClock update
INFO: Latency: 31,0000 s, Delta ratio: 0,5000, Drift: 2,000, Error reduction coefficient: 0,000, Error: 0,0000 s
abr 04, 2013 12:33:12 PM org.ros.time.RemoteUptimeClock update
INFO: Latency: 31,0000 s, Delta ratio: 0,5000, Drift: 2,000, Error reduction coefficient: 0,000, Error: 0,0000 s
abr 04, 2013 12:33:12 PM org.ros.time.RemoteUptimeClock update
INFO: Latency: 31,0000 s, Delta ratio: 0,5000, Drift: 2,000, Error reduction coefficient: 0,000, Error: 0,0000 s
abr 04, 2013 12:33:12 PM org.ros.time.RemoteUptimeClock update
INFO: Latency: 31,0000 s, Delta ratio: 0,5000, Drift: 2,000, Error reduction coefficient: 0,000, Error: 0,0000 s
abr 04, 2013 12:33:12 PM org.ros.time.RemoteUptimeClock update
INFO: Latency: 31,0000 s, Delta ratio: 0,5000, Drift: 2,000, Error reduction coefficient: 0,000, Error: 0,0000 s
abr 04, 2013 12:33:12 PM org.ros.time.RemoteUptimeClock update
INFO: Latency: 31,0000 s, Delta ratio: 0,5000, Drift: 2,000, Error reduction coefficient: 0,000, Error: 0,0000 s
abr 04, 2013 12:33:12 PM org.ros.time.RemoteUptimeClock update
INFO: Latency: 31,0000 s, Delta ratio: 0,5000, Drift: 2,000, Error reduction coefficient: 0,000, Error: 0,0000 s
abr 04, 2013 12:33:12 PM org.ros.time.RemoteUptimeClock update
INFO: Latency: 31,0000 s, Delta ratio: 0,5000, Drift: 2,000, Error reduction coefficient: 0,000, Error: 0,0000 s
abr 04, 2013 12:33:12 PM org.ros.time.RemoteUptimeClock update
INFO: Latency: 31,0000 s, Delta ratio: 0,5000, Drift: 2,000, Error reduction coefficient: 0,000, Error: 0,0000 s
abr 04, 2013 12:33:12 PM org.ros.time.RemoteUptimeClock update
INFO: Latency: 31,0000 s, Delta ratio: 0,5000, Drift: 2,000, Error reduction coefficient: 0,000, Error: 0,0000 s
abr 04, 2013 12:33:12 PM org.ros.time.RemoteUptimeClock update
INFO: Latency: 31,0000 s, Delta ratio: 0,5000, Drift: 2,000, Error reduction coefficient: 0,000, Error: 0,0000 s
abr 04, 2013 12:33:12 PM org.ros.time.RemoteUptimeClock update
INFO: Latency: 31,0000 s, Delta ratio: 0,5000, Drift: 2,000, Error reduction coefficient: 0,000, Error: 0,0000 s
abr 04, 2013 12:33:12 PM org.ros.time.RemoteUptimeClock update
INFO: Latency: 31,0000 s, Delta ratio: 0,5000, Drift: 2,000, Error reduction coefficient: 0,000, Error: 0,0000 s
abr 04, 2013 12:33:12 PM org.ros.time.RemoteUptimeClock update
INFO: Latency: 31,0000 s, Delta ratio: 0,5000, Drift: 2,000, Error reduction coefficient: 0,000, Error: 0,0000 s
abr 04, 2013 12:33:12 PM org.ros.time.RemoteUptimeClock update
INFO: Latency: 31,0000 s, Delta ratio: 0,5000, Drift: 2,000, Error reduction coefficient: 0,000, Error: 0,0000 s
abr 04, 2013 12:33:12 PM org.ros.time.RemoteUptimeClock update
INFO: Latency: 31,0000 s, Delta ratio: 0,5000, Drift: 2,000, Error reduction coefficient: 0,000, Error: 0,0000 s
abr 04, 2013 12:33:12 PM org.ros.time.RemoteUptimeClock update
INFO: Latency: 31,0000 s, Delta ratio: 0,5000, Drift: 2,000, Error reduction coefficient: 0,000, Error: 0,0000 s
abr 04, 2013 12:33:12 PM org.ros.time.RemoteUptimeClock update
INFO: Latency: 31,0000 s, Delta ratio: 0,5000, Drift: 2,000, Error reduction coefficient: 0,000, Error: 0,0000 s
abr 04, 2013 12:33:12 PM org.ros.time.RemoteUptimeClock update
INFO: Latency: 31,0000 s, Delta ratio: 0,5000, Drift: 2,000, Error reduction coefficient: 0,000, Error: 0,0000 s
abr 04, 2013 12:33:12 PM org.ros.time.RemoteUptimeClock update
INFO: Latency: 31,0000 s, Delta ratio: 0,5000, Drift: 2,000, Error reduction coefficient: 0,000, Error: 0,0000 s
abr 04, 2013 12:33:12 PM org.ros.time.RemoteUptimeClock update
INFO: Latency: 31,0000 s, Delta ratio: 0,5000, Drift: 2,000, Error reduction coefficient: 0,000, Error: 0,0000 s
abr 04, 2013 12:33:12 PM org.ros.time.RemoteUptimeClock update
INFO: Latency: 31,0000 s, Delta ratio: 0,5000, Drift: 2,000, Error reduction coefficient: 0,000, Error: 0,0000 s
abr 04, 2013 12:33:12 PM org.ros.time.RemoteUptimeClock update
INFO: Latency: 31,0000 s, Delta ratio: 0,5000, Drift: 2,000, Error reduction coefficient: 0,000, Error: 0,0000 s
abr 04, 2013 12:33:12 PM org.ros.time.RemoteUptimeClock update
INFO: Latency: 31,0000 s, Delta ratio: 0,5000, Drift: 2,000, Error reduction coefficient: 0,000, Error: 0,0000 s
abr 04, 2013 12:33:12 PM org.ros.time.RemoteUptimeClock update
INFO: Latency: 31,0000 s, Delta ratio: 0,5000, Drift: 2,000, Error reduction coefficient: 0,000, Error: 0,0000 s
abr 04, 2013 12:33:12 PM org.ros.time.RemoteUptimeClock update
INFO: Latency: 31,0000 s, Delta ratio: 0,5000, Drift: 2,000, Error reduction coefficient: 0,000, Error: 0,0000 s
abr 04, 2013 12:33:12 PM org.ros.time.RemoteUptimeClock update
INFO: Latency: 31,0000 s, Delta ratio: 0,5000, Drift: 2,000, Error reduction coefficient: 0,000, Error: 0,0000 s
abr 04, 2013 12:33:12 PM org.ros.time.RemoteUptimeClock update
INFO: Latency: 31,0000 s, Delta ratio: 0,5000, Drift: 2,000, Error reduction coefficient: 0,000, Error: 0,0000 s
abr 04, 2013 12:33:12 PM org.ros.time.RemoteUptimeClock update
INFO: Latency: 31,0000 s, Delta ratio: 0,5000, Drift: 2,000, Error reduction coefficient: 0,000, Error: 0,0000 s
abr 04, 2013 12:33:12 PM org.ros.time.RemoteUptimeClock update
INFO: Latency: 31,0000 s, Delta ratio: 0,5000, Drift: 2,000, Error reduction coefficient: 0,000, Error: 0,0000 s
abr 04, 2013 12:33:12 PM org.ros.time.RemoteUptimeClock update
INFO: Latency: 31,0000 s, Delta ratio: 0,5000, Drift: 2,000, Error reduction coefficient: 0,000, Error: 0,0000 s
abr 04, 2013 12:33:12 PM org.ros.time.RemoteUptimeClock update
INFO: Latency: 31,0000 s, Delta ratio: 0,5000, Drift: 2,000, Error reduction coefficient: 0,000, Error: 0,0000 s
abr 04, 2013 12:33:12 PM org.ros.time.RemoteUptimeClock update
INFO: Latency: 31,0000 s, Delta ratio: 0,5000, Drift: 2,000, Error reduction coefficient: 0,000, Error: 0,0000 s
abr 04, 2013 12:33:12 PM org.ros.time.RemoteUptimeClock update
INFO: Latency: 31,0000 s, Delta ratio: 0,5000, Drift: 2,000, Error reduction coefficient: 0,000, Error: 0,0000 s
abr 04, 2013 12:33:12 PM org.ros.time.RemoteUptimeClock update
INFO: Latency: 31,0000 s, Delta ratio: 0,5000, Drift: 2,000, Error reduction coefficient: 0,000, Error: 0,0000 s
abr 04, 2013 12:33:12 PM org.ros.time.RemoteUptimeClock update
INFO: Latency: 31,0000 s, Delta ratio: 0,5000, Drift: 2,000, Error reduction coefficient: 0,000, Error: 0,0000 s
abr 04, 2013 12:33:12 PM org.ros.time.RemoteUptimeClock update
INFO: Latency: 31,0000 s, Delta ratio: 0,5000, Drift: 2,000, Error reduction coefficient: 0,000, Error: 0,0000 s
abr 04, 2013 12:33:12 PM org.ros.time.RemoteUptimeClock update
INFO: Latency: 31,0000 s, Delta ratio: 0,5000, Drift: 2,000, Error reduction coefficient: 0,000, Error: 0,0000 s
abr 04, 2013 12:33:12 PM org.ros.time.RemoteUptimeClock update
INFO: Latency: 31,0000 s, Delta ratio: 0,5000, Drift: 2,000, Error reduction coefficient: 0,000, Error: 0,0000 s
abr 04, 2013 12:33:12 PM org.ros.time.RemoteUptimeClock update
INFO: Latency: 31,0000 s, Delta ratio: 0,5000, Drift: 2,000, Error reduction coefficient: 0,000, Error: 0,0000 s
abr 04, 2013 12:33:12 PM org.ros.time.RemoteUptimeClock update
INFO: Latency: 31,0000 s, Delta ratio: 0,5000, Drift: 2,000, Error reduction coefficient: 0,000, Error: 0,0000 s
abr 04, 2013 12:33:12 PM org.ros.time.RemoteUptimeClock update
INFO: Latency: 31,0000 s, Delta ratio: 0,5000, Drift: 2,000, Error reduction coefficient: 0,000, Error: 0,0000 s
abr 04, 2013 12:33:12 PM org.ros.time.RemoteUptimeClock update
INFO: Latency: 31,0000 s, Delta ratio: 0,5000, Drift: 2,000, Error reduction coefficient: 0,000, Error: 0,0000 s
abr 04, 2013 12:33:12 PM org.ros.time.RemoteUptimeClock update
INFO: Latency: 31,0000 s, Delta ratio: 0,5000, Drift: 2,000, Error reduction coefficient: 0,000, Error: 0,0000 s
abr 04, 2013 12:33:12 PM org.ros.time.RemoteUptimeClock update
INFO: Latency: 31,0000 s, Delta ratio: 0,5000, Drift: 2,000, Error reduction coefficient: 0,000, Error: 0,0000 s
abr 04, 2013 12:33:12 PM org.ros.time.RemoteUptimeClock update
INFO: Latency: 31,0000 s, Delta ratio: 0,5000, Drift: 2,000, Error reduction coefficient: 0,000, Error: 0,0000 s
abr 04, 2013 12:33:12 PM org.ros.time.RemoteUptimeClock update
INFO: Latency: 31,0000 s, Delta ratio: 0,5000, Drift: 2,000, Error reduction coefficient: 0,000, Error: 0,0000 s
abr 04, 2013 12:33:12 PM org.ros.time.RemoteUptimeClock update
INFO: Latency: 31,0000 s, Delta ratio: 0,5000, Drift: 2,000, Error reduction coefficient: 0,000, Error: 0,0000 s
abr 04, 2013 12:33:12 PM org.ros.time.RemoteUptimeClock update
INFO: Latency: 31,0000 s, Delta ratio: 0,5000, Drift: 2,000, Error reduction coefficient: 0,000, Error: 0,0000 s
abr 04, 2013 12:33:12 PM org.ros.time.RemoteUptimeClock update
INFO: Latency: 31,0000 s, Delta ratio: 0,5000, Drift: 2,000, Error reduction coefficient: 0,000, Error: 0,0000 s
abr 04, 2013 12:33:12 PM org.ros.time.RemoteUptimeClock update
INFO: Latency: 31,0000 s, Delta ratio: 0,5000, Drift: 2,000, Error reduction coefficient: 0,000, Error: 0,0000 s
abr 04, 2013 12:33:12 PM org.ros.time.RemoteUptimeClock update
INFO: Latency: 31,0000 s, Delta ratio: 0,5000, Drift: 2,000, Error reduction coefficient: 0,000, Error: 0,0000 s
abr 04, 2013 12:33:12 PM org.ros.time.RemoteUptimeClock update
INFO: Latency: 31,0000 s, Delta ratio: 0,5000, Drift: 2,000, Error reduction coefficient: 0,000, Error: 0,0000 s
abr 04, 2013 12:33:12 PM org.ros.time.RemoteUptimeClock update
INFO: Latency: 31,0000 s, Delta ratio: 0,5000, Drift: 2,000, Error reduction coefficient: 0,000, Error: 0,0000 s
abr 04, 2013 12:33:12 PM org.ros.time.RemoteUptimeClock update
INFO: Latency: 31,0000 s, Delta ratio: 0,5000, Drift: 2,000, Error reduction coefficient: 0,000, Error: 0,0000 s
abr 04, 2013 12:33:12 PM org.ros.time.RemoteUptimeClock update
INFO: Latency: 31,0000 s, Delta ratio: 0,5000, Drift: 2,000, Error reduction coefficient: 0,000, Error: 0,0000 s
abr 04, 2013 12:33:12 PM org.ros.time.RemoteUptimeClock update
INFO: Latency: 31,0000 s, Delta ratio: 0,5000, Drift: 2,000, Error reduction coefficient: 0,000, Error: 0,0000 s
abr 04, 2013 12:33:12 PM org.ros.time.RemoteUptimeClock update
INFO: Latency: 31,0000 s, Delta ratio: 0,5000, Drift: 2,000, Error reduction coefficient: 0,000, Error: 0,0000 s
abr 04, 2013 12:33:12 PM org.ros.time.RemoteUptimeClock update
INFO: Latency: 31,0000 s, Delta ratio: 0,5000, Drift: 2,000, Error reduction coefficient: 0,000, Error: 0,0000 s
abr 04, 2013 12:33:12 PM org.ros.time.RemoteUptimeClock update
INFO: Latency: 31,0000 s, Delta ratio: 0,5000, Drift: 2,000, Error reduction coefficient: 0,000, Error: 0,0000 s
abr 04, 2013 12:33:12 PM org.ros.time.RemoteUptimeClock update
INFO: Latency: 31,0000 s, Delta ratio: 0,5000, Drift: 2,000, Error reduction coefficient: 0,000, Error: 0,0000 s
abr 04, 2013 12:33:12 PM org.ros.time.RemoteUptimeClock update
INFO: Latency: 31,0000 s, Delta ratio: 0,5000, Drift: 2,000, Error reduction coefficient: 0,000, Error: 0,0000 s
abr 04, 2013 12:33:12 PM org.ros.time.RemoteUptimeClock update
INFO: Latency: 31,0000 s, Delta ratio: 0,5000, Drift: 2,000, Error reduction coefficient: 0,000, Error: 0,0000 s
abr 04, 2013 12:33:12 PM org.ros.time.RemoteUptimeClock update
INFO: Latency: 31,0000 s, Delta ratio: 0,5000, Drift: 2,000, Error reduction coefficient: 0,000, Error: 0,0000 s
abr 04, 2013 12:33:12 PM org.ros.time.RemoteUptimeClock update
INFO: Latency: 31,0000 s, Delta ratio: 0,5000, Drift: 2,000, Error reduction coefficient: 0,000, Error: 0,0000 s
abr 04, 2013 12:33:12 PM org.ros.time.RemoteUptimeClock update
INFO: Latency: 31,0000 s, Delta ratio: 0,5000, Drift: 2,000, Error reduction coefficient: 0,000, Error: 0,0000 s
abr 04, 2013 12:33:12 PM org.ros.time.RemoteUptimeClock update
INFO: Latency: 31,0000 s, Delta ratio: 0,5000, Drift: 2,000, Error reduction coefficient: 0,000, Error: 0,0000 s
abr 04, 2013 12:33:12 PM org.ros.time.RemoteUptimeClock update
INFO: Latency: 31,0000 s, Delta ratio: 0,5000, Drift: 2,000, Error reduction coefficient: 0,000, Error: 0,0000 s
abr 04, 2013 12:33:12 PM org.ros.time.RemoteUptimeClock update
INFO: Latency: 31,0000 s, Delta ratio: 0,5000, Drift: 2,000, Error reduction coefficient: 0,000, Error: 0,0000 s
abr 04, 2013 12:33:12 PM org.ros.time.RemoteUptimeClock update
INFO: Latency: 31,0000 s, Delta ratio: 0,5000, Drift: 2,000, Error reduction coefficient: 0,000, Error: 0,0000 s
abr 04, 2013 12:33:12 PM org.ros.time.RemoteUptimeClock update
INFO: Latency: 31,0000 s, Delta ratio: 0,5000, Drift: 2,000, Error reduction coefficient: 0,000, Error: 0,0000 s
abr 04, 2013 12:33:12 PM org.ros.time.RemoteUptimeClock update
INFO: Latency: 31,0000 s, Delta ratio: 0,5000, Drift: 2,000, Error reduction coefficient: 0,000, Error: 0,0000 s
abr 04, 2013 12:33:12 PM org.ros.time.RemoteUptimeClock update
INFO: Latency: 31,0000 s, Delta ratio: 0,5000, Drift: 2,000, Error reduction coefficient: 0,000, Error: 0,0000 s
abr 04, 2013 12:33:12 PM org.ros.time.RemoteUptimeClock update
INFO: Latency: 31,0000 s, Delta ratio: 0,5000, Drift: 2,000, Error reduction coefficient: 0,000, Error: 0,0000 s
abr 04, 2013 12:33:12 PM org.ros.time.RemoteUptimeClock update
INFO: Latency: 31,0000 s, Delta ratio: 0,5000, Drift: 2,000, Error reduction coefficient: 0,000, Error: 0,0000 s
abr 04, 2013 12:33:12 PM org.ros.time.RemoteUptimeClock update
INFO: Latency: 31,0000 s, Delta ratio: 0,5000, Drift: 2,000, Error reduction coefficient: 0,000, Error: 0,0000 s
abr 04, 2013 12:33:12 PM org.ros.time.RemoteUptimeClock update
INFO: Latency: 31,0000 s, Delta ratio: 0,5000, Drift: 2,000, Error reduction coefficient: 0,000, Error: 0,0000 s
abr 04, 2013 12:33:12 PM org.ros.time.RemoteUptimeClock update
INFO: Latency: 31,0000 s, Delta ratio: 0,5000, Drift: 2,000, Error reduction coefficient: 0,000, Error: 0,0000 s
abr 04, 2013 12:33:12 PM org.ros.time.RemoteUptimeClock update
INFO: Latency: 31,0000 s, Delta ratio: 0,5000, Drift: 2,000, Error reduction coefficient: 0,000, Error: 0,0000 s
abr 04, 2013 12:33:12 PM org.ros.time.RemoteUptimeClock update
INFO: Latency: 31,0000 s, Delta ratio: 0,5000, Drift: 2,000, Error reduction coefficient: 0,000, Error: 0,0000 s
abr 04, 2013 12:33:12 PM org.ros.time.RemoteUptimeClock update
INFO: Latency: 31,0000 s, Delta ratio: 0,5000, Drift: 2,000, Error reduction coefficient: 0,000, Error: 0,0000 s
abr 04, 2013 12:33:12 PM org.ros.time.RemoteUptimeClock update
INFO: Latency: 31,0000 s, Delta ratio: 0,5000, Drift: 2,000, Error reduction coefficient: 0,000, Error: 0,0000 s
abr 04, 2013 12:33:12 PM org.ros.time.RemoteUptimeClock update
INFO: Latency: 31,0000 s, Delta ratio: 0,5000, Drift: 2,000, Error reduction coefficient: 0,000, Error: 0,0000 s
abr 04, 2013 12:33:12 PM org.ros.time.RemoteUptimeClock update
INFO: Latency: 31,0000 s, Delta ratio: 0,5000, Drift: 2,000, Error reduction coefficient: 0,000, Error: 0,0000 s
abr 04, 2013 12:33:12 PM org.ros.time.RemoteUptimeClock update
INFO: Latency: 31,0000 s, Delta ratio: 0,5000, Drift: 2,000, Error reduction coefficient: 0,000, Error: 0,0000 s
abr 04, 2013 12:33:12 PM org.ros.time.RemoteUptimeClock update
INFO: Latency: 31,0000 s, Delta ratio: 0,5000, Drift: 2,000, Error reduction coefficient: 0,000, Error: 0,0000 s
abr 04, 2013 12:33:12 PM org.ros.time.RemoteUptimeClock update
INFO: Latency: 31,0000 s, Delta ratio: 0,5000, Drift: 2,000, Error reduction coefficient: 0,000, Error: 0,0000 s
abr 04, 2013 12:33:12 PM org.ros.time.RemoteUptimeClock update
INFO: Latency: 31,0000 s, Delta ratio: 0,5000, Drift: 2,000, Error reduction coefficient: 0,000, Error: 0,0000 s
abr 04, 2013 12:33:12 PM org.ros.time.RemoteUptimeClock update
INFO: Latency: 31,0000 s, Delta ratio: 0,5000, Drift: 2,000, Error reduction coefficient: 0,000, Error: 0,0000 s
abr 04, 2013 12:33:12 PM org.ros.time.RemoteUptimeClock update
INFO: Latency: 31,0000 s, Delta ratio: 0,5000, Drift: 2,000, Error reduction coefficient: 0,000, Error: 0,0000 s
abr 04, 2013 12:33:12 PM org.ros.time.RemoteUptimeClock update
INFO: Latency: 31,0000 s, Delta ratio: 0,5000, Drift: 2,000, Error reduction coefficient: 0,000, Error: 0,0000 s
abr 04, 2013 12:33:12 PM org.ros.time.RemoteUptimeClock update
INFO: Latency: 31,0000 s, Delta ratio: 0,5000, Drift: 2,000, Error reduction coefficient: 0,000, Error: 0,0000 s
abr 04, 2013 12:33:12 PM org.ros.time.RemoteUptimeClock update
INFO: Latency: 31,0000 s, Delta ratio: 0,5000, Drift: 2,000, Error reduction coefficient: 0,000, Error: 0,0000 s
abr 04, 2013 12:33:12 PM org.ros.time.RemoteUptimeClock update
INFO: Latency: 31,0000 s, Delta ratio: 0,5000, Drift: 2,000, Error reduction coefficient: 0,000, Error: 0,0000 s
abr 04, 2013 12:33:12 PM org.ros.time.RemoteUptimeClock update
INFO: Latency: 31,0000 s, Delta ratio: 0,5000, Drift: 2,000, Error reduction coefficient: 0,000, Error: 0,0000 s
abr 04, 2013 12:33:12 PM org.ros.time.RemoteUptimeClock update
INFO: Latency: 31,0000 s, Delta ratio: 0,5000, Drift: 2,000, Error reduction coefficient: 0,000, Error: 0,0000 s
abr 04, 2013 12:33:12 PM org.ros.time.RemoteUptimeClock update
INFO: Latency: 31,0000 s, Delta ratio: 0,5000, Drift: 2,000, Error reduction coefficient: 0,000, Error: 0,0000 s
abr 04, 2013 12:33:12 PM org.ros.time.RemoteUptimeClock update
INFO: Latency: 31,0000 s, Delta ratio: 0,5000, Drift: 2,000, Error reduction coefficient: 0,000, Error: 0,0000 s
abr 04, 2013 12:33:12 PM org.ros.time.RemoteUptimeClock update
INFO: Latency: 31,0000 s, Delta ratio: 0,5000, Drift: 2,000, Error reduction coefficient: 0,000, Error: 0,0000 s
abr 04, 2013 12:33:12 PM org.ros.time.RemoteUptimeClock update
INFO: Latency: 31,0000 s, Delta ratio: 0,5000, Drift: 2,000, Error reduction coefficient: 0,000, Error: 0,0000 s
abr 04, 2013 12:33:12 PM org.ros.time.RemoteUptimeClock update
INFO: Latency: 31,0000 s, Delta ratio: 0,5000, Drift: 2,000, Error reduction coefficient: 0,000, Error: 0,0000 s
abr 04, 2013 12:33:12 PM org.ros.time.RemoteUptimeClock update
INFO: Latency: 31,0000 s, Delta ratio: 0,5000, Drift: 2,000, Error reduction coefficient: 0,000, Error: 0,0000 s
abr 04, 2013 12:33:12 PM org.ros.time.RemoteUptimeClock update
INFO: Latency: 31,0000 s, Delta ratio: 0,5000, Drift: 2,000, Error reduction coefficient: 0,000, Error: 0,0000 s
abr 04, 2013 12:33:12 PM org.ros.time.RemoteUptimeClock update
INFO: Latency: 31,0000 s, Delta ratio: 0,5000, Drift: 2,000, Error reduction coefficient: 0,000, Error: 0,0000 s
abr 04, 2013 12:33:12 PM org.ros.time.RemoteUptimeClock update
INFO: Latency: 31,0000 s, Delta ratio: 0,5000, Drift: 2,000, Error reduction coefficient: 0,000, Error: 0,0000 s
abr 04, 2013 12:33:12 PM org.ros.time.RemoteUptimeClock update
INFO: Latency: 31,0000 s, Delta ratio: 0,5000, Drift: 2,000, Error reduction coefficient: 0,000, Error: 0,0000 s
abr 04, 2013 12:33:12 PM org.ros.time.RemoteUptimeClock update
INFO: Latency: 31,0000 s, Delta ratio: 0,5000, Drift: 2,000, Error reduction coefficient: 0,000, Error: 0,0000 s
abr 04, 2013 12:33:12 PM org.ros.time.RemoteUptimeClock update
INFO: Latency: 31,0000 s, Delta ratio: 0,5000, Drift: 2,000, Error reduction coefficient: 0,000, Error: 0,0000 s
abr 04, 2013 12:33:12 PM org.ros.time.RemoteUptimeClock update
INFO: Latency: 31,0000 s, Delta ratio: 0,5000, Drift: 2,000, Error reduction coefficient: 0,000, Error: 0,0000 s
abr 04, 2013 12:33:12 PM org.ros.time.RemoteUptimeClock update
INFO: Latency: 31,0000 s, Delta ratio: 0,5000, Drift: 2,000, Error reduction coefficient: 0,000, Error: 0,0000 s
abr 04, 2013 12:33:12 PM org.ros.time.RemoteUptimeClock update
INFO: Latency: 31,0000 s, Delta ratio: 0,5000, Drift: 2,000, Error reduction coefficient: 0,000, Error: 0,0000 s
abr 04, 2013 12:33:12 PM org.ros.time.RemoteUptimeClock update
INFO: Latency: 31,0000 s, Delta ratio: 0,5000, Drift: 2,000, Error reduction coefficient: 0,000, Error: 0,0000 s
abr 04, 2013 12:33:12 PM org.ros.time.RemoteUptimeClock update
INFO: Latency: 31,0000 s, Delta ratio: 0,5000, Drift: 2,000, Error reduction coefficient: 0,000, Error: 0,0000 s
abr 04, 2013 12:33:12 PM org.ros.time.RemoteUptimeClock update
INFO: Latency: 31,0000 s, Delta ratio: 0,5000, Drift: 2,000, Error reduction coefficient: 0,000, Error: 0,0000 s
abr 04, 2013 12:33:12 PM org.ros.time.RemoteUptimeClock update
INFO: Latency: 31,0000 s, Delta ratio: 0,5000, Drift: 2,000, Error reduction coefficient: 0,000, Error: 0,0000 s
abr 04, 2013 12:33:12 PM org.ros.time.RemoteUptimeClock update
INFO: Latency: 31,0000 s, Delta ratio: 0,5000, Drift: 2,000, Error reduction coefficient: 0,000, Error: 0,0000 s
abr 04, 2013 12:33:12 PM org.ros.time.RemoteUptimeClock update
INFO: Latency: 31,0000 s, Delta ratio: 0,5000, Drift: 2,000, Error reduction coefficient: 0,000, Error: 0,0000 s
abr 04, 2013 12:33:12 PM org.ros.time.RemoteUptimeClock update
INFO: Latency: 31,0000 s, Delta ratio: 0,5000, Drift: 2,000, Error reduction coefficient: 0,000, Error: 0,0000 s
abr 04, 2013 12:33:12 PM org.ros.time.RemoteUptimeClock update
INFO: Latency: 31,0000 s, Delta ratio: 0,5000, Drift: 2,000, Error reduction coefficient: 0,000, Error: 0,0000 s
abr 04, 2013 12:33:12 PM org.ros.time.RemoteUptimeClock update
INFO: Latency: 31,0000 s, Delta ratio: 0,5000, Drift: 2,000, Error reduction coefficient: 0,000, Error: 0,0000 s
abr 04, 2013 12:33:12 PM org.ros.time.RemoteUptimeClock update
INFO: Latency: 31,0000 s, Delta ratio: 0,5000, Drift: 2,000, Error reduction coefficient: 0,000, Error: 0,0000 s
abr 04, 2013 12:33:12 PM org.ros.time.RemoteUptimeClock update
INFO: Latency: 31,0000 s, Delta ratio: 0,5000, Drift: 2,000, Error reduction coefficient: 0,000, Error: 0,0000 s
abr 04, 2013 12:33:12 PM org.ros.time.RemoteUptimeClock update
INFO: Latency: 31,0000 s, Delta ratio: 0,5000, Drift: 2,000, Error reduction coefficient: 0,000, Error: 0,0000 s
abr 04, 2013 12:33:12 PM org.ros.time.RemoteUptimeClock update
INFO: Latency: 31,0000 s, Delta ratio: 0,5000, Drift: 2,000, Error reduction coefficient: 0,000, Error: 0,0000 s
abr 04, 2013 12:33:12 PM org.ros.time.RemoteUptimeClock update
INFO: Latency: 31,0000 s, Delta ratio: 0,5000, Drift: 2,000, Error reduction coefficient: 0,000, Error: 0,0000 s
abr 04, 2013 12:33:12 PM org.ros.time.RemoteUptimeClock update
INFO: Latency: 31,0000 s, Delta ratio: 0,5000, Drift: 2,000, Error reduction coefficient: 0,000, Error: 0,0000 s
abr 04, 2013 12:33:12 PM org.ros.time.RemoteUptimeClock update
INFO: Latency: 31,0000 s, Delta ratio: 0,5000, Drift: 2,000, Error reduction coefficient: 0,000, Error: 0,0000 s
abr 04, 2013 12:33:12 PM org.ros.time.RemoteUptimeClock update
INFO: Latency: 31,0000 s, Delta ratio: 0,5000, Drift: 2,000, Error reduction coefficient: 0,000, Error: 0,0000 s
abr 04, 2013 12:33:12 PM org.ros.time.RemoteUptimeClock update
INFO: Latency: 31,0000 s, Delta ratio: 0,5000, Drift: 2,000, Error reduction coefficient: 0,000, Error: 0,0000 s
abr 04, 2013 12:33:12 PM org.ros.time.RemoteUptimeClock update
INFO: Latency: 31,0000 s, Delta ratio: 0,5000, Drift: 2,000, Error reduction coefficient: 0,000, Error: 0,0000 s
abr 04, 2013 12:33:12 PM org.ros.time.RemoteUptimeClock update
INFO: Latency: 31,0000 s, Delta ratio: 0,5000, Drift: 2,000, Error reduction coefficient: 0,000, Error: 0,0000 s
abr 04, 2013 12:33:12 PM org.ros.time.RemoteUptimeClock update
INFO: Latency: 31,0000 s, Delta ratio: 0,5000, Drift: 2,000, Error reduction coefficient: 0,000, Error: 0,0000 s
abr 04, 2013 12:33:12 PM org.ros.time.RemoteUptimeClock update
INFO: Latency: 31,0000 s, Delta ratio: 0,5000, Drift: 2,000, Error reduction coefficient: 0,000, Error: 0,0000 s
abr 04, 2013 12:33:12 PM org.ros.time.RemoteUptimeClock update
INFO: Latency: 31,0000 s, Delta ratio: 0,5000, Drift: 2,000, Error reduction coefficient: 0,000, Error: 0,0000 s
abr 04, 2013 12:33:12 PM org.ros.time.RemoteUptimeClock update
INFO: Latency: 31,0000 s, Delta ratio: 0,5000, Drift: 2,000, Error reduction coefficient: 0,000, Error: 0,0000 s
abr 04, 2013 12:33:12 PM org.ros.time.RemoteUptimeClock update
INFO: Latency: 31,0000 s, Delta ratio: 0,5000, Drift: 2,000, Error reduction coefficient: 0,000, Error: 0,0000 s
abr 04, 2013 12:33:12 PM org.ros.time.RemoteUptimeClock update
INFO: Latency: 31,0000 s, Delta ratio: 0,5000, Drift: 2,000, Error reduction coefficient: 0,000, Error: 0,0000 s
abr 04, 2013 12:33:12 PM org.ros.time.RemoteUptimeClock update
INFO: Latency: 31,0000 s, Delta ratio: 0,5000, Drift: 2,000, Error reduction coefficient: 0,000, Error: 0,0000 s
abr 04, 2013 12:33:12 PM org.ros.time.RemoteUptimeClock update
INFO: Latency: 31,0000 s, Delta ratio: 0,5000, Drift: 2,000, Error reduction coefficient: 0,000, Error: 0,0000 s
abr 04, 2013 12:33:12 PM org.ros.time.RemoteUptimeClock update
INFO: Latency: 31,0000 s, Delta ratio: 0,5000, Drift: 2,000, Error reduction coefficient: 0,000, Error: 0,0000 s
abr 04, 2013 12:33:12 PM org.ros.time.RemoteUptimeClock update
INFO: Latency: 31,0000 s, Delta ratio: 0,5000, Drift: 2,000, Error reduction coefficient: 0,000, Error: 0,0000 s
abr 04, 2013 12:33:12 PM org.ros.time.RemoteUptimeClock update
INFO: Latency: 31,0000 s, Delta ratio: 0,5000, Drift: 2,000, Error reduction coefficient: 0,000, Error: 0,0000 s
abr 04, 2013 12:33:12 PM org.ros.time.RemoteUptimeClock update
INFO: Latency: 31,0000 s, Delta ratio: 0,5000, Drift: 2,000, Error reduction coefficient: 0,000, Error: 0,0000 s
abr 04, 2013 12:33:12 PM org.ros.time.RemoteUptimeClock update
INFO: Latency: 31,0000 s, Delta ratio: 0,5000, Drift: 2,000, Error reduction coefficient: 0,000, Error: 0,0000 s
abr 04, 2013 12:33:12 PM org.ros.time.RemoteUptimeClock update
INFO: Latency: 31,0000 s, Delta ratio: 0,5000, Drift: 2,000, Error reduction coefficient: 0,000, Error: 0,0000 s
abr 04, 2013 12:33:12 PM org.ros.time.RemoteUptimeClock update
INFO: Latency: 31,0000 s, Delta ratio: 0,5000, Drift: 2,000, Error reduction coefficient: 0,000, Error: 0,0000 s
abr 04, 2013 12:33:12 PM org.ros.time.RemoteUptimeClock update
INFO: Latency: 31,0000 s, Delta ratio: 0,5000, Drift: 2,000, Error reduction coefficient: 0,000, Error: 0,0000 s
abr 04, 2013 12:33:12 PM org.ros.time.RemoteUptimeClock update
INFO: Latency: 31,0000 s, Delta ratio: 0,5000, Drift: 2,000, Error reduction coefficient: 0,000, Error: 0,0000 s
abr 04, 2013 12:33:12 PM org.ros.time.RemoteUptimeClock update
INFO: Latency: 31,0000 s, Delta ratio: 0,5000, Drift: 2,000, Error reduction coefficient: 0,000, Error: 0,0000 s
abr 04, 2013 12:33:12 PM org.ros.time.RemoteUptimeClock update
INFO: Latency: 31,0000 s, Delta ratio: 0,5000, Drift: 2,000, Error reduction coefficient: 0,000, Error: 0,0000 s
abr 04, 2013 12:33:12 PM org.ros.time.RemoteUptimeClock update
INFO: Latency: 31,0000 s, Delta ratio: 0,5000, Drift: 2,000, Error reduction coefficient: 0,000, Error: 0,0000 s
abr 04, 2013 12:33:12 PM org.ros.time.RemoteUptimeClock update
INFO: Latency: 31,0000 s, Delta ratio: 0,5000, Drift: 2,000, Error reduction coefficient: 0,000, Error: 0,0000 s
abr 04, 2013 12:33:12 PM org.ros.time.RemoteUptimeClock update
INFO: Latency: 31,0000 s, Delta ratio: 0,5000, Drift: 2,000, Error reduction coefficient: 0,000, Error: 0,0000 s
abr 04, 2013 12:33:12 PM org.ros.time.RemoteUptimeClock update
INFO: Latency: 31,0000 s, Delta ratio: 0,5000, Drift: 2,000, Error reduction coefficient: 0,000, Error: 0,0000 s
abr 04, 2013 12:33:12 PM org.ros.time.RemoteUptimeClock update
INFO: Latency: 31,0000 s, Delta ratio: 0,5000, Drift: 2,000, Error reduction coefficient: 0,000, Error: 0,0000 s
abr 04, 2013 12:33:12 PM org.ros.time.RemoteUptimeClock update
INFO: Latency: 31,0000 s, Delta ratio: 0,5000, Drift: 2,000, Error reduction coefficient: 0,000, Error: 0,0000 s
abr 04, 2013 12:33:12 PM org.ros.time.RemoteUptimeClock update
INFO: Latency: 31,0000 s, Delta ratio: 0,5000, Drift: 2,000, Error reduction coefficient: 0,000, Error: 0,0000 s
abr 04, 2013 12:33:12 PM org.ros.time.RemoteUptimeClock update
INFO: Latency: 31,0000 s, Delta ratio: 0,5000, Drift: 2,000, Error reduction coefficient: 0,000, Error: 0,0000 s
abr 04, 2013 12:33:12 PM org.ros.time.RemoteUptimeClock update
INFO: Latency: 31,0000 s, Delta ratio: 0,5000, Drift: 2,000, Error reduction coefficient: 0,000, Error: 0,0000 s
abr 04, 2013 12:33:12 PM org.ros.time.RemoteUptimeClock update
INFO: Latency: 31,0000 s, Delta ratio: 0,5000, Drift: 2,000, Error reduction coefficient: 0,000, Error: 0,0000 s
abr 04, 2013 12:33:12 PM org.ros.time.RemoteUptimeClock update
INFO: Latency: 31,0000 s, Delta ratio: 0,5000, Drift: 2,000, Error reduction coefficient: 0,000, Error: 0,0000 s
abr 04, 2013 12:33:12 PM org.ros.time.RemoteUptimeClock update
INFO: Latency: 31,0000 s, Delta ratio: 0,5000, Drift: 2,000, Error reduction coefficient: 0,000, Error: 0,0000 s
abr 04, 2013 12:33:12 PM org.ros.time.RemoteUptimeClock update
INFO: Latency: 31,0000 s, Delta ratio: 0,5000, Drift: 2,000, Error reduction coefficient: 0,000, Error: 0,0000 s
abr 04, 2013 12:33:12 PM org.ros.time.RemoteUptimeClock update
INFO: Latency: 31,0000 s, Delta ratio: 0,5000, Drift: 2,000, Error reduction coefficient: 0,000, Error: 0,0000 s
abr 04, 2013 12:33:12 PM org.ros.time.RemoteUptimeClock update
INFO: Latency: 31,0000 s, Delta ratio: 0,5000, Drift: 2,000, Error reduction coefficient: 0,000, Error: 0,0000 s
abr 04, 2013 12:33:12 PM org.ros.time.RemoteUptimeClock update
INFO: Latency: 31,0000 s, Delta ratio: 0,5000, Drift: 2,000, Error reduction coefficient: 0,000, Error: 0,0000 s
abr 04, 2013 12:33:12 PM org.ros.time.RemoteUptimeClock update
INFO: Latency: 31,0000 s, Delta ratio: 0,5000, Drift: 2,000, Error reduction coefficient: 0,000, Error: 0,0000 s
abr 04, 2013 12:33:12 PM org.ros.time.RemoteUptimeClock update
INFO: Latency: 31,0000 s, Delta ratio: 0,5000, Drift: 2,000, Error reduction coefficient: 0,000, Error: 0,0000 s
abr 04, 2013 12:33:12 PM org.ros.time.RemoteUptimeClock update
INFO: Latency: 31,0000 s, Delta ratio: 0,5000, Drift: 2,000, Error reduction coefficient: 0,000, Error: 0,0000 s
abr 04, 2013 12:33:12 PM org.ros.time.RemoteUptimeClock update
INFO: Latency: 31,0000 s, Delta ratio: 0,5000, Drift: 2,000, Error reduction coefficient: 0,000, Error: 0,0000 s
abr 04, 2013 12:33:12 PM org.ros.time.RemoteUptimeClock update
INFO: Latency: 31,0000 s, Delta ratio: 0,5000, Drift: 2,000, Error reduction coefficient: 0,000, Error: 0,0000 s
abr 04, 2013 12:33:12 PM org.ros.time.RemoteUptimeClock update
INFO: Latency: 31,0000 s, Delta ratio: 0,5000, Drift: 2,000, Error reduction coefficient: 0,000, Error: 0,0000 s
abr 04, 2013 12:33:12 PM org.ros.time.RemoteUptimeClock update
INFO: Latency: 31,0000 s, Delta ratio: 0,5000, Drift: 2,000, Error reduction coefficient: 0,000, Error: 0,0000 s
abr 04, 2013 12:33:12 PM org.ros.time.RemoteUptimeClock update
INFO: Latency: 31,0000 s, Delta ratio: 0,5000, Drift: 2,000, Error reduction coefficient: 0,000, Error: 0,0000 s
abr 04, 2013 12:33:12 PM org.ros.time.RemoteUptimeClock update
INFO: Latency: 31,0000 s, Delta ratio: 0,5000, Drift: 2,000, Error reduction coefficient: 0,000, Error: 0,0000 s
abr 04, 2013 12:33:12 PM org.ros.time.RemoteUptimeClock update
INFO: Latency: 31,0000 s, Delta ratio: 0,5000, Drift: 2,000, Error reduction coefficient: 0,000, Error: 0,0000 s
abr 04, 2013 12:33:12 PM org.ros.time.RemoteUptimeClock update
INFO: Latency: 31,0000 s, Delta ratio: 0,5000, Drift: 2,000, Error reduction coefficient: 0,000, Error: 0,0000 s
abr 04, 2013 12:33:12 PM org.ros.time.RemoteUptimeClock update
INFO: Latency: 31,0000 s, Delta ratio: 0,5000, Drift: 2,000, Error reduction coefficient: 0,000, Error: 0,0000 s
abr 04, 2013 12:33:12 PM org.ros.time.RemoteUptimeClock update
INFO: Latency: 31,0000 s, Delta ratio: 0,5000, Drift: 2,000, Error reduction coefficient: 0,000, Error: 0,0000 s
abr 04, 2013 12:33:12 PM org.ros.time.RemoteUptimeClock update
INFO: Latency: 31,0000 s, Delta ratio: 0,5000, Drift: 2,000, Error reduction coefficient: 0,000, Error: 0,0000 s
abr 04, 2013 12:33:12 PM org.ros.time.RemoteUptimeClock update
INFO: Latency: 31,0000 s, Delta ratio: 0,5000, Drift: 2,000, Error reduction coefficient: 0,000, Error: 0,0000 s
abr 04, 2013 12:33:12 PM org.ros.time.RemoteUptimeClock update
INFO: Latency: 31,0000 s, Delta ratio: 0,5000, Drift: 2,000, Error reduction coefficient: 0,000, Error: 0,0000 s
abr 04, 2013 12:33:12 PM org.ros.time.RemoteUptimeClock update
INFO: Latency: 31,0000 s, Delta ratio: 0,5000, Drift: 2,000, Error reduction coefficient: 0,000, Error: 0,0000 s
abr 04, 2013 12:33:12 PM org.ros.time.RemoteUptimeClock update
INFO: Latency: 31,0000 s, Delta ratio: 0,5000, Drift: 2,000, Error reduction coefficient: 0,000, Error: 0,0000 s
abr 04, 2013 12:33:12 PM org.ros.time.RemoteUptimeClock update
INFO: Latency: 31,0000 s, Delta ratio: 0,5000, Drift: 2,000, Error reduction coefficient: 0,000, Error: 0,0000 s
abr 04, 2013 12:33:12 PM org.ros.time.RemoteUptimeClock update
INFO: Latency: 31,0000 s, Delta ratio: 0,5000, Drift: 2,000, Error reduction coefficient: 0,000, Error: 0,0000 s
abr 04, 2013 12:33:12 PM org.ros.time.RemoteUptimeClock update
INFO: Latency: 31,0000 s, Delta ratio: 0,5000, Drift: 2,000, Error reduction coefficient: 0,000, Error: 0,0000 s
abr 04, 2013 12:33:12 PM org.ros.time.RemoteUptimeClock update
INFO: Latency: 31,0000 s, Delta ratio: 0,5000, Drift: 2,000, Error reduction coefficient: 0,000, Error: 0,0000 s
abr 04, 2013 12:33:12 PM org.ros.time.RemoteUptimeClock update
INFO: Latency: 31,0000 s, Delta ratio: 0,5000, Drift: 2,000, Error reduction coefficient: 0,000, Error: 0,0000 s
abr 04, 2013 12:33:12 PM org.ros.time.RemoteUptimeClock update
INFO: Latency: 31,0000 s, Delta ratio: 0,5000, Drift: 2,000, Error reduction coefficient: 0,000, Error: 0,0000 s
abr 04, 2013 12:33:12 PM org.ros.time.RemoteUptimeClock update
INFO: Latency: 31,0000 s, Delta ratio: 0,5000, Drift: 2,000, Error reduction coefficient: 0,000, Error: 0,0000 s
abr 04, 2013 12:33:12 PM org.ros.time.RemoteUptimeClock update
INFO: Latency: 31,0000 s, Delta ratio: 0,5000, Drift: 2,000, Error reduction coefficient: 0,000, Error: 0,0000 s
abr 04, 2013 12:33:12 PM org.ros.time.RemoteUptimeClock update
INFO: Latency: 31,0000 s, Delta ratio: 0,5000, Drift: 2,000, Error reduction coefficient: 0,000, Error: 0,0000 s
abr 04, 2013 12:33:12 PM org.ros.time.RemoteUptimeClock update
INFO: Latency: 31,0000 s, Delta ratio: 0,5000, Drift: 2,000, Error reduction coefficient: 0,000, Error: 0,0000 s
abr 04, 2013 12:33:12 PM org.ros.time.RemoteUptimeClock update
INFO: Latency: 31,0000 s, Delta ratio: 0,5000, Drift: 2,000, Error reduction coefficient: 0,000, Error: 0,0000 s
abr 04, 2013 12:33:12 PM org.ros.time.RemoteUptimeClock update
INFO: Latency: 31,0000 s, Delta ratio: 0,5000, Drift: 2,000, Error reduction coefficient: 0,000, Error: 0,0000 s
abr 04, 2013 12:33:12 PM org.ros.time.RemoteUptimeClock update
INFO: Latency: 31,0000 s, Delta ratio: 0,5000, Drift: 2,000, Error reduction coefficient: 0,000, Error: 0,0000 s
abr 04, 2013 12:33:12 PM org.ros.time.RemoteUptimeClock update
INFO: Latency: 31,0000 s, Delta ratio: 0,5000, Drift: 2,000, Error reduction coefficient: 0,000, Error: 0,0000 s
abr 04, 2013 12:33:12 PM org.ros.time.RemoteUptimeClock update
INFO: Latency: 31,0000 s, Delta ratio: 0,5000, Drift: 2,000, Error reduction coefficient: 0,000, Error: 0,0000 s
abr 04, 2013 12:33:12 PM org.ros.time.RemoteUptimeClock update
INFO: Latency: 31,0000 s, Delta ratio: 0,5000, Drift: 2,000, Error reduction coefficient: 0,000, Error: 0,0000 s
abr 04, 2013 12:33:12 PM org.ros.time.RemoteUptimeClock update
INFO: Latency: 31,0000 s, Delta ratio: 0,5000, Drift: 2,000, Error reduction coefficient: 0,000, Error: 0,0000 s
abr 04, 2013 12:33:12 PM org.ros.time.RemoteUptimeClock update
INFO: Latency: 31,0000 s, Delta ratio: 0,5000, Drift: 2,000, Error reduction coefficient: 0,000, Error: 0,0000 s
abr 04, 2013 12:33:12 PM org.ros.time.RemoteUptimeClock update
INFO: Latency: 31,0000 s, Delta ratio: 0,5000, Drift: 2,000, Error reduction coefficient: 0,000, Error: 0,0000 s
abr 04, 2013 12:33:12 PM org.ros.time.RemoteUptimeClock update
INFO: Latency: 31,0000 s, Delta ratio: 0,5000, Drift: 2,000, Error reduction coefficient: 0,000, Error: 0,0000 s
abr 04, 2013 12:33:12 PM org.ros.time.RemoteUptimeClock update
INFO: Latency: 31,0000 s, Delta ratio: 0,5000, Drift: 2,000, Error reduction coefficient: 0,000, Error: 0,0000 s
abr 04, 2013 12:33:12 PM org.ros.time.RemoteUptimeClock update
INFO: Latency: 31,0000 s, Delta ratio: 0,5000, Drift: 2,000, Error reduction coefficient: 0,000, Error: 0,0000 s
abr 04, 2013 12:33:12 PM org.ros.time.RemoteUptimeClock update
INFO: Latency: 31,0000 s, Delta ratio: 0,5000, Drift: 2,000, Error reduction coefficient: 0,000, Error: 0,0000 s
abr 04, 2013 12:33:12 PM org.ros.time.RemoteUptimeClock update
INFO: Latency: 31,0000 s, Delta ratio: 0,5000, Drift: 2,000, Error reduction coefficient: 0,000, Error: 0,0000 s
abr 04, 2013 12:33:12 PM org.ros.time.RemoteUptimeClock update
INFO: Latency: 31,0000 s, Delta ratio: 0,5000, Drift: 2,000, Error reduction coefficient: 0,000, Error: 0,0000 s
abr 04, 2013 12:33:12 PM org.ros.time.RemoteUptimeClock update
INFO: Latency: 31,0000 s, Delta ratio: 0,5000, Drift: 2,000, Error reduction coefficient: 0,000, Error: 0,0000 s
abr 04, 2013 12:33:12 PM org.ros.time.RemoteUptimeClock update
INFO: Latency: 31,0000 s, Delta ratio: 0,5000, Drift: 2,000, Error reduction coefficient: 0,000, Error: 0,0000 s
abr 04, 2013 12:33:12 PM org.ros.time.RemoteUptimeClock update
INFO: Latency: 31,0000 s, Delta ratio: 0,5000, Drift: 2,000, Error reduction coefficient: 0,000, Error: 0,0000 s
abr 04, 2013 12:33:12 PM org.ros.time.RemoteUptimeClock update
INFO: Latency: 31,0000 s, Delta ratio: 0,5000, Drift: 2,000, Error reduction coefficient: 0,000, Error: 0,0000 s
abr 04, 2013 12:33:12 PM org.ros.time.RemoteUptimeClock update
INFO: Latency: 31,0000 s, Delta ratio: 0,5000, Drift: 2,000, Error reduction coefficient: 0,000, Error: 0,0000 s
abr 04, 2013 12:33:12 PM org.ros.time.RemoteUptimeClock update
INFO: Latency: 31,0000 s, Delta ratio: 0,5000, Drift: 2,000, Error reduction coefficient: 0,000, Error: 0,0000 s
abr 04, 2013 12:33:12 PM org.ros.time.RemoteUptimeClock update
INFO: Latency: 31,0000 s, Delta ratio: 0,5000, Drift: 2,000, Error reduction coefficient: 0,000, Error: 0,0000 s
abr 04, 2013 12:33:12 PM org.ros.time.RemoteUptimeClock update
INFO: Latency: 31,0000 s, Delta ratio: 0,5000, Drift: 2,000, Error reduction coefficient: 0,000, Error: 0,0000 s
abr 04, 2013 12:33:12 PM org.ros.time.RemoteUptimeClock update
INFO: Latency: 31,0000 s, Delta ratio: 0,5000, Drift: 2,000, Error reduction coefficient: 0,000, Error: 0,0000 s
abr 04, 2013 12:33:12 PM org.ros.time.RemoteUptimeClock update
INFO: Latency: 31,0000 s, Delta ratio: 0,5000, Drift: 2,000, Error reduction coefficient: 0,000, Error: 0,0000 s
abr 04, 2013 12:33:12 PM org.ros.time.RemoteUptimeClock update
INFO: Latency: 31,0000 s, Delta ratio: 0,5000, Drift: 2,000, Error reduction coefficient: 0,000, Error: 0,0000 s
abr 04, 2013 12:33:12 PM org.ros.time.RemoteUptimeClock update
INFO: Latency: 31,0000 s, Delta ratio: 0,5000, Drift: 2,000, Error reduction coefficient: 0,000, Error: 0,0000 s
abr 04, 2013 12:33:12 PM org.ros.time.RemoteUptimeClock update
INFO: Latency: 31,0000 s, Delta ratio: 0,5000, Drift: 2,000, Error reduction coefficient: 0,000, Error: 0,0000 s
abr 04, 2013 12:33:12 PM org.ros.time.RemoteUptimeClock update
INFO: Latency: 31,0000 s, Delta ratio: 0,5000, Drift: 2,000, Error reduction coefficient: 0,000, Error: 0,0000 s
abr 04, 2013 12:33:12 PM org.ros.time.RemoteUptimeClock update
INFO: Latency: 31,0000 s, Delta ratio: 0,5000, Drift: 2,000, Error reduction coefficient: 0,000, Error: 0,0000 s
abr 04, 2013 12:33:12 PM org.ros.time.RemoteUptimeClock update
INFO: Latency: 31,0000 s, Delta ratio: 0,5000, Drift: 2,000, Error reduction coefficient: 0,000, Error: 0,0000 s
abr 04, 2013 12:33:12 PM org.ros.time.RemoteUptimeClock update
INFO: Latency: 31,0000 s, Delta ratio: 0,5000, Drift: 2,000, Error reduction coefficient: 0,000, Error: 0,0000 s
abr 04, 2013 12:33:12 PM org.ros.time.RemoteUptimeClock update
INFO: Latency: 31,0000 s, Delta ratio: 0,5000, Drift: 2,000, Error reduction coefficient: 0,000, Error: 0,0000 s
abr 04, 2013 12:33:12 PM org.ros.time.RemoteUptimeClock update
INFO: Latency: 31,0000 s, Delta ratio: 0,5000, Drift: 2,000, Error reduction coefficient: 0,000, Error: 0,0000 s
abr 04, 2013 12:33:12 PM org.ros.time.RemoteUptimeClock update
INFO: Latency: 31,0000 s, Delta ratio: 0,5000, Drift: 2,000, Error reduction coefficient: 0,000, Error: 0,0000 s
abr 04, 2013 12:33:12 PM org.ros.time.RemoteUptimeClock update
INFO: Latency: 31,0000 s, Delta ratio: 0,5000, Drift: 2,000, Error reduction coefficient: 0,000, Error: 0,0000 s
abr 04, 2013 12:33:12 PM org.ros.time.RemoteUptimeClock update
INFO: Latency: 31,0000 s, Delta ratio: 0,5000, Drift: 2,000, Error reduction coefficient: 0,000, Error: 0,0000 s
abr 04, 2013 12:33:12 PM org.ros.time.RemoteUptimeClock update
INFO: Latency: 31,0000 s, Delta ratio: 0,5000, Drift: 2,000, Error reduction coefficient: 0,000, Error: 0,0000 s
abr 04, 2013 12:33:12 PM org.ros.time.RemoteUptimeClock update
INFO: Latency: 31,0000 s, Delta ratio: 0,5000, Drift: 2,000, Error reduction coefficient: 0,000, Error: 0,0000 s
abr 04, 2013 12:33:12 PM org.ros.time.RemoteUptimeClock update
INFO: Latency: 31,0000 s, Delta ratio: 0,5000, Drift: 2,000, Error reduction coefficient: 0,000, Error: 0,0000 s
abr 04, 2013 12:33:12 PM org.ros.time.RemoteUptimeClock update
INFO: Latency: 31,0000 s, Delta ratio: 0,5000, Drift: 2,000, Error reduction coefficient: 0,000, Error: 0,0000 s
abr 04, 2013 12:33:12 PM org.ros.time.RemoteUptimeClock update
INFO: Latency: 31,0000 s, Delta ratio: 0,5000, Drift: 2,000, Error reduction coefficient: 0,000, Error: 0,0000 s
abr 04, 2013 12:33:12 PM org.ros.time.RemoteUptimeClock update
INFO: Latency: 31,0000 s, Delta ratio: 0,5000, Drift: 2,000, Error reduction coefficient: 0,000, Error: 0,0000 s
abr 04, 2013 12:33:12 PM org.ros.time.RemoteUptimeClock update
INFO: Latency: 31,0000 s, Delta ratio: 0,5000, Drift: 2,000, Error reduction coefficient: 0,000, Error: 0,0000 s
abr 04, 2013 12:33:12 PM org.ros.time.RemoteUptimeClock update
INFO: Latency: 31,0000 s, Delta ratio: 0,5000, Drift: 2,000, Error reduction coefficient: 0,000, Error: 0,0000 s
abr 04, 2013 12:33:12 PM org.ros.time.RemoteUptimeClock update
INFO: Latency: 31,0000 s, Delta ratio: 0,5000, Drift: 2,000, Error reduction coefficient: 0,000, Error: 0,0000 s
abr 04, 2013 12:33:12 PM org.ros.time.RemoteUptimeClock update
INFO: Latency: 31,0000 s, Delta ratio: 0,5000, Drift: 2,000, Error reduction coefficient: 0,000, Error: 0,0000 s
abr 04, 2013 12:33:12 PM org.ros.time.RemoteUptimeClock update
INFO: Latency: 31,0000 s, Delta ratio: 0,5000, Drift: 2,000, Error reduction coefficient: 0,000, Error: 0,0000 s
abr 04, 2013 12:33:12 PM org.ros.time.RemoteUptimeClock update
INFO: Latency: 31,0000 s, Delta ratio: 0,5000, Drift: 2,000, Error reduction coefficient: 0,000, Error: 0,0000 s
abr 04, 2013 12:33:12 PM org.ros.time.RemoteUptimeClock update
INFO: Latency: 31,0000 s, Delta ratio: 0,5000, Drift: 2,000, Error reduction coefficient: 0,000, Error: 0,0000 s
abr 04, 2013 12:33:12 PM org.ros.time.RemoteUptimeClock update
INFO: Latency: 31,0000 s, Delta ratio: 0,5000, Drift: 2,000, Error reduction coefficient: 0,000, Error: 0,0000 s
abr 04, 2013 12:33:12 PM org.ros.time.RemoteUptimeClock update
INFO: Latency: 31,0000 s, Delta ratio: 0,5000, Drift: 2,000, Error reduction coefficient: 0,000, Error: 0,0000 s
abr 04, 2013 12:33:12 PM org.ros.time.RemoteUptimeClock update
INFO: Latency: 31,0000 s, Delta ratio: 0,5000, Drift: 2,000, Error reduction coefficient: 0,000, Error: 0,0000 s
abr 04, 2013 12:33:12 PM org.ros.time.RemoteUptimeClock update
INFO: Latency: 31,0000 s, Delta ratio: 0,5000, Drift: 2,000, Error reduction coefficient: 0,000, Error: 0,0000 s
abr 04, 2013 12:33:12 PM org.ros.time.RemoteUptimeClock update
INFO: Latency: 31,0000 s, Delta ratio: 0,5000, Drift: 2,000, Error reduction coefficient: 0,000, Error: 0,0000 s
abr 04, 2013 12:33:12 PM org.ros.time.RemoteUptimeClock update
INFO: Latency: 31,0000 s, Delta ratio: 0,5000, Drift: 2,000, Error reduction coefficient: 0,000, Error: 0,0000 s
abr 04, 2013 12:33:12 PM org.ros.time.RemoteUptimeClock update
INFO: Latency: 31,0000 s, Delta ratio: 0,5000, Drift: 2,000, Error reduction coefficient: 0,000, Error: 0,0000 s
abr 04, 2013 12:33:12 PM org.ros.time.RemoteUptimeClock update
INFO: Latency: 31,0000 s, Delta ratio: 0,5000, Drift: 2,000, Error reduction coefficient: 0,000, Error: 0,0000 s
abr 04, 2013 12:33:12 PM org.ros.time.RemoteUptimeClock update
INFO: Latency: 31,0000 s, Delta ratio: 0,5000, Drift: 2,000, Error reduction coefficient: 0,000, Error: 0,0000 s
abr 04, 2013 12:33:12 PM org.ros.time.RemoteUptimeClock update
INFO: Latency: 31,0000 s, Delta ratio: 0,5000, Drift: 2,000, Error reduction coefficient: 0,000, Error: 0,0000 s
abr 04, 2013 12:33:12 PM org.ros.time.RemoteUptimeClock update
INFO: Latency: 31,0000 s, Delta ratio: 0,5000, Drift: 2,000, Error reduction coefficient: 0,000, Error: 0,0000 s
abr 04, 2013 12:33:12 PM org.ros.time.RemoteUptimeClock update
INFO: Latency: 31,0000 s, Delta ratio: 0,5000, Drift: 2,000, Error reduction coefficient: 0,000, Error: 0,0000 s
abr 04, 2013 12:33:12 PM org.ros.time.RemoteUptimeClock update
INFO: Latency: 31,0000 s, Delta ratio: 0,5000, Drift: 2,000, Error reduction coefficient: 0,000, Error: 0,0000 s
abr 04, 2013 12:33:12 PM org.ros.time.RemoteUptimeClock update
INFO: Latency: 31,0000 s, Delta ratio: 0,5000, Drift: 2,000, Error reduction coefficient: 0,000, Error: 0,0000 s
abr 04, 2013 12:33:12 PM org.ros.time.RemoteUptimeClock update
INFO: Latency: 31,0000 s, Delta ratio: 0,5000, Drift: 2,000, Error reduction coefficient: 0,000, Error: 0,0000 s
abr 04, 2013 12:33:12 PM org.ros.time.RemoteUptimeClock update
INFO: Latency: 31,0000 s, Delta ratio: 0,5000, Drift: 2,000, Error reduction coefficient: 0,000, Error: 0,0000 s
abr 04, 2013 12:33:12 PM org.ros.time.RemoteUptimeClock update
INFO: Latency: 31,0000 s, Delta ratio: 0,5000, Drift: 2,000, Error reduction coefficient: 0,000, Error: 0,0000 s
abr 04, 2013 12:33:12 PM org.ros.time.RemoteUptimeClock update
INFO: Latency: 31,0000 s, Delta ratio: 0,5000, Drift: 2,000, Error reduction coefficient: 0,000, Error: 0,0000 s
abr 04, 2013 12:33:12 PM org.ros.time.RemoteUptimeClock update
INFO: Latency: 31,0000 s, Delta ratio: 0,5000, Drift: 2,000, Error reduction coefficient: 0,000, Error: 0,0000 s
abr 04, 2013 12:33:12 PM org.ros.time.RemoteUptimeClock update
INFO: Latency: 31,0000 s, Delta ratio: 0,5000, Drift: 2,000, Error reduction coefficient: 0,000, Error: 0,0000 s
abr 04, 2013 12:33:12 PM org.ros.time.RemoteUptimeClock update
INFO: Latency: 31,0000 s, Delta ratio: 0,5000, Drift: 2,000, Error reduction coefficient: 0,000, Error: 0,0000 s
abr 04, 2013 12:33:12 PM org.ros.time.RemoteUptimeClock update
INFO: Latency: 31,0000 s, Delta ratio: 0,5000, Drift: 2,000, Error reduction coefficient: 0,000, Error: 0,0000 s
abr 04, 2013 12:33:12 PM org.ros.time.RemoteUptimeClock update
INFO: Latency: 31,0000 s, Delta ratio: 0,5000, Drift: 2,000, Error reduction coefficient: 0,000, Error: 0,0000 s
abr 04, 2013 12:33:12 PM org.ros.time.RemoteUptimeClock update
INFO: Latency: 31,0000 s, Delta ratio: 0,5000, Drift: 2,000, Error reduction coefficient: 0,000, Error: 0,0000 s
abr 04, 2013 12:33:12 PM org.ros.time.RemoteUptimeClock update
INFO: Latency: 31,0000 s, Delta ratio: 0,5000, Drift: 2,000, Error reduction coefficient: 0,000, Error: 0,0000 s
abr 04, 2013 12:33:12 PM org.ros.time.RemoteUptimeClock update
INFO: Latency: 31,0000 s, Delta ratio: 0,5000, Drift: 2,000, Error reduction coefficient: 0,000, Error: 0,0000 s
abr 04, 2013 12:33:12 PM org.ros.time.RemoteUptimeClock update
INFO: Latency: 31,0000 s, Delta ratio: 0,5000, Drift: 2,000, Error reduction coefficient: 0,000, Error: 0,0000 s
abr 04, 2013 12:33:12 PM org.ros.time.RemoteUptimeClock update
INFO: Latency: 31,0000 s, Delta ratio: 0,5000, Drift: 2,000, Error reduction coefficient: 0,000, Error: 0,0000 s
abr 04, 2013 12:33:12 PM org.ros.time.RemoteUptimeClock update
INFO: Latency: 31,0000 s, Delta ratio: 0,5000, Drift: 2,000, Error reduction coefficient: 0,000, Error: 0,0000 s
abr 04, 2013 12:33:12 PM org.ros.time.RemoteUptimeClock update
INFO: Latency: 31,0000 s, Delta ratio: 0,5000, Drift: 2,000, Error reduction coefficient: 0,000, Error: 0,0000 s
abr 04, 2013 12:33:12 PM org.ros.time.RemoteUptimeClock update
INFO: Latency: 31,0000 s, Delta ratio: 0,5000, Drift: 2,000, Error reduction coefficient: 0,000, Error: 0,0000 s
abr 04, 2013 12:33:12 PM org.ros.time.RemoteUptimeClock update
INFO: Latency: 31,0000 s, Delta ratio: 0,5000, Drift: 2,000, Error reduction coefficient: 0,000, Error: 0,0000 s
abr 04, 2013 12:33:12 PM org.ros.time.RemoteUptimeClock update
INFO: Latency: 31,0000 s, Delta ratio: 0,5000, Drift: 2,000, Error reduction coefficient: 0,000, Error: 0,0000 s
abr 04, 2013 12:33:12 PM org.ros.time.RemoteUptimeClock update
INFO: Latency: 31,0000 s, Delta ratio: 0,5000, Drift: 2,000, Error reduction coefficient: 0,000, Error: 0,0000 s
abr 04, 2013 12:33:12 PM org.ros.time.RemoteUptimeClock update
INFO: Latency: 31,0000 s, Delta ratio: 0,5000, Drift: 2,000, Error reduction coefficient: 0,000, Error: 0,0000 s
abr 04, 2013 12:33:12 PM org.ros.time.RemoteUptimeClock update
INFO: Latency: 31,0000 s, Delta ratio: 0,5000, Drift: 2,000, Error reduction coefficient: 0,000, Error: 0,0000 s
abr 04, 2013 12:33:12 PM org.ros.time.RemoteUptimeClock update
INFO: Latency: 31,0000 s, Delta ratio: 0,5000, Drift: 2,000, Error reduction coefficient: 0,000, Error: 0,0000 s
abr 04, 2013 12:33:12 PM org.ros.time.RemoteUptimeClock update
INFO: Latency: 31,0000 s, Delta ratio: 0,5000, Drift: 2,000, Error reduction coefficient: 0,000, Error: 0,0000 s
abr 04, 2013 12:33:12 PM org.ros.time.RemoteUptimeClock update
INFO: Latency: 31,0000 s, Delta ratio: 0,5000, Drift: 2,000, Error reduction coefficient: 0,000, Error: 0,0000 s
abr 04, 2013 12:33:12 PM org.ros.time.RemoteUptimeClock update
INFO: Latency: 31,0000 s, Delta ratio: 0,5000, Drift: 2,000, Error reduction coefficient: 0,000, Error: 0,0000 s
abr 04, 2013 12:33:12 PM org.ros.time.RemoteUptimeClock update
INFO: Latency: 31,0000 s, Delta ratio: 0,5000, Drift: 2,000, Error reduction coefficient: 0,000, Error: 0,0000 s
abr 04, 2013 12:33:12 PM org.ros.time.RemoteUptimeClock update
INFO: Latency: 31,0000 s, Delta ratio: 0,5000, Drift: 2,000, Error reduction coefficient: 0,000, Error: 0,0000 s
abr 04, 2013 12:33:12 PM org.ros.time.RemoteUptimeClock update
INFO: Latency: 31,0000 s, Delta ratio: 0,5000, Drift: 2,000, Error reduction coefficient: 0,000, Error: 0,0000 s
abr 04, 2013 12:33:12 PM org.ros.time.RemoteUptimeClock update
INFO: Latency: 31,0000 s, Delta ratio: 0,5000, Drift: 2,000, Error reduction coefficient: 0,000, Error: 0,0000 s
abr 04, 2013 12:33:12 PM org.ros.time.RemoteUptimeClock update
INFO: Latency: 31,0000 s, Delta ratio: 0,5000, Drift: 2,000, Error reduction coefficient: 0,000, Error: 0,0000 s
abr 04, 2013 12:33:12 PM org.ros.time.RemoteUptimeClock update
INFO: Latency: 31,0000 s, Delta ratio: 0,5000, Drift: 2,000, Error reduction coefficient: 0,000, Error: 0,0000 s
abr 04, 2013 12:33:12 PM org.ros.time.RemoteUptimeClock update
INFO: Latency: 31,0000 s, Delta ratio: 0,5000, Drift: 2,000, Error reduction coefficient: 0,000, Error: 0,0000 s
abr 04, 2013 12:33:12 PM org.ros.time.RemoteUptimeClock update
INFO: Latency: 31,0000 s, Delta ratio: 0,5000, Drift: 2,000, Error reduction coefficient: 0,000, Error: 0,0000 s
abr 04, 2013 12:33:12 PM org.ros.time.RemoteUptimeClock update
INFO: Latency: 31,0000 s, Delta ratio: 0,5000, Drift: 2,000, Error reduction coefficient: 0,000, Error: 0,0000 s
abr 04, 2013 12:33:12 PM org.ros.time.RemoteUptimeClock update
INFO: Latency: 31,0000 s, Delta ratio: 0,5000, Drift: 2,000, Error reduction coefficient: 0,000, Error: 0,0000 s
abr 04, 2013 12:33:12 PM org.ros.time.RemoteUptimeClock update
INFO: Latency: 31,0000 s, Delta ratio: 0,5000, Drift: 2,000, Error reduction coefficient: 0,000, Error: 0,0000 s
abr 04, 2013 12:33:12 PM org.ros.time.RemoteUptimeClock update
INFO: Latency: 31,0000 s, Delta ratio: 0,5000, Drift: 2,000, Error reduction coefficient: 0,000, Error: 0,0000 s
abr 04, 2013 12:33:12 PM org.ros.time.RemoteUptimeClock update
INFO: Latency: 31,0000 s, Delta ratio: 0,5000, Drift: 2,000, Error reduction coefficient: 0,000, Error: 0,0000 s
abr 04, 2013 12:33:12 PM org.ros.time.RemoteUptimeClock update
INFO: Latency: 31,0000 s, Delta ratio: 0,5000, Drift: 2,000, Error reduction coefficient: 0,000, Error: 0,0000 s
abr 04, 2013 12:33:12 PM org.ros.time.RemoteUptimeClock update
INFO: Latency: 31,0000 s, Delta ratio: 0,5000, Drift: 2,000, Error reduction coefficient: 0,000, Error: 0,0000 s
abr 04, 2013 12:33:12 PM org.ros.time.RemoteUptimeClock update
INFO: Latency: 31,0000 s, Delta ratio: 0,5000, Drift: 2,000, Error reduction coefficient: 0,000, Error: 0,0000 s
abr 04, 2013 12:33:12 PM org.ros.time.RemoteUptimeClock update
INFO: Latency: 31,0000 s, Delta ratio: 0,5000, Drift: 2,000, Error reduction coefficient: 0,000, Error: 0,0000 s
abr 04, 2013 12:33:12 PM org.ros.time.RemoteUptimeClock update
INFO: Latency: 31,0000 s, Delta ratio: 0,5000, Drift: 2,000, Error reduction coefficient: 0,000, Error: 0,0000 s
abr 04, 2013 12:33:12 PM org.ros.time.RemoteUptimeClock update
INFO: Latency: 31,0000 s, Delta ratio: 0,5000, Drift: 2,000, Error reduction coefficient: 0,000, Error: 0,0000 s
abr 04, 2013 12:33:12 PM org.ros.time.RemoteUptimeClock update
INFO: Latency: 31,0000 s, Delta ratio: 0,5000, Drift: 2,000, Error reduction coefficient: 0,000, Error: 0,0000 s
abr 04, 2013 12:33:12 PM org.ros.time.RemoteUptimeClock update
INFO: Latency: 31,0000 s, Delta ratio: 0,5000, Drift: 2,000, Error reduction coefficient: 0,000, Error: 0,0000 s
abr 04, 2013 12:33:12 PM org.ros.time.RemoteUptimeClock update
INFO: Latency: 31,0000 s, Delta ratio: 0,5000, Drift: 2,000, Error reduction coefficient: 0,000, Error: 0,0000 s
abr 04, 2013 12:33:12 PM org.ros.time.RemoteUptimeClock update
INFO: Latency: 31,0000 s, Delta ratio: 0,5000, Drift: 2,000, Error reduction coefficient: 0,000, Error: 0,0000 s
abr 04, 2013 12:33:12 PM org.ros.time.RemoteUptimeClock update
INFO: Latency: 31,0000 s, Delta ratio: 0,5000, Drift: 2,000, Error reduction coefficient: 0,000, Error: 0,0000 s
abr 04, 2013 12:33:12 PM org.ros.time.RemoteUptimeClock update
INFO: Latency: 31,0000 s, Delta ratio: 0,5000, Drift: 2,000, Error reduction coefficient: 0,000, Error: 0,0000 s
abr 04, 2013 12:33:12 PM org.ros.time.RemoteUptimeClock update
INFO: Latency: 31,0000 s, Delta ratio: 0,5000, Drift: 2,000, Error reduction coefficient: 0,000, Error: 0,0000 s
abr 04, 2013 12:33:12 PM org.ros.time.RemoteUptimeClock update
INFO: Latency: 31,0000 s, Delta ratio: 0,5000, Drift: 2,000, Error reduction coefficient: 0,000, Error: 0,0000 s
abr 04, 2013 12:33:12 PM org.ros.time.RemoteUptimeClock update
INFO: Latency: 31,0000 s, Delta ratio: 0,5000, Drift: 2,000, Error reduction coefficient: 0,000, Error: 0,0000 s
abr 04, 2013 12:33:12 PM org.ros.time.RemoteUptimeClock update
INFO: Latency: 31,0000 s, Delta ratio: 0,5000, Drift: 2,000, Error reduction coefficient: 0,000, Error: 0,0000 s
abr 04, 2013 12:33:12 PM org.ros.time.RemoteUptimeClock update
INFO: Latency: 31,0000 s, Delta ratio: 0,5000, Drift: 2,000, Error reduction coefficient: 0,000, Error: 0,0000 s
abr 04, 2013 12:33:12 PM org.ros.time.RemoteUptimeClock update
INFO: Latency: 31,0000 s, Delta ratio: 0,5000, Drift: 2,000, Error reduction coefficient: 0,000, Error: 0,0000 s
abr 04, 2013 12:33:12 PM org.ros.time.RemoteUptimeClock update
INFO: Latency: 31,0000 s, Delta ratio: 0,5000, Drift: 2,000, Error reduction coefficient: 0,000, Error: 0,0000 s
abr 04, 2013 12:33:12 PM org.ros.time.RemoteUptimeClock update
INFO: Latency: 31,0000 s, Delta ratio: 0,5000, Drift: 2,000, Error reduction coefficient: 0,000, Error: 0,0000 s
abr 04, 2013 12:33:12 PM org.ros.time.RemoteUptimeClock update
INFO: Latency: 31,0000 s, Delta ratio: 0,5000, Drift: 2,000, Error reduction coefficient: 0,000, Error: 0,0000 s
abr 04, 2013 12:33:12 PM org.ros.time.RemoteUptimeClock update
INFO: Latency: 31,0000 s, Delta ratio: 0,5000, Drift: 2,000, Error reduction coefficient: 0,000, Error: 0,0000 s
abr 04, 2013 12:33:12 PM org.ros.time.RemoteUptimeClock update
INFO: Latency: 31,0000 s, Delta ratio: 0,5000, Drift: 2,000, Error reduction coefficient: 0,000, Error: 0,0000 s
abr 04, 2013 12:33:12 PM org.ros.time.RemoteUptimeClock update
INFO: Latency: 31,0000 s, Delta ratio: 0,5000, Drift: 2,000, Error reduction coefficient: 0,000, Error: 0,0000 s
abr 04, 2013 12:33:12 PM org.ros.time.RemoteUptimeClock update
INFO: Latency: 31,0000 s, Delta ratio: 0,5000, Drift: 2,000, Error reduction coefficient: 0,000, Error: 0,0000 s
abr 04, 2013 12:33:12 PM org.ros.time.RemoteUptimeClock update
INFO: Latency: 31,0000 s, Delta ratio: 0,5000, Drift: 2,000, Error reduction coefficient: 0,000, Error: 0,0000 s
abr 04, 2013 12:33:12 PM org.ros.time.RemoteUptimeClock update
INFO: Latency: 31,0000 s, Delta ratio: 0,5000, Drift: 2,000, Error reduction coefficient: 0,000, Error: 0,0000 s
abr 04, 2013 12:33:12 PM org.ros.time.RemoteUptimeClock update
INFO: Latency: 31,0000 s, Delta ratio: 0,5000, Drift: 2,000, Error reduction coefficient: 0,000, Error: 0,0000 s
abr 04, 2013 12:33:12 PM org.ros.time.RemoteUptimeClock update
INFO: Latency: 31,0000 s, Delta ratio: 0,5000, Drift: 2,000, Error reduction coefficient: 0,000, Error: 0,0000 s
abr 04, 2013 12:33:12 PM org.ros.time.RemoteUptimeClock update
INFO: Latency: 31,0000 s, Delta ratio: 0,5000, Drift: 2,000, Error reduction coefficient: 0,000, Error: 0,0000 s
abr 04, 2013 12:33:12 PM org.ros.time.RemoteUptimeClock update
INFO: Latency: 31,0000 s, Delta ratio: 0,5000, Drift: 2,000, Error reduction coefficient: 0,000, Error: 0,0000 s
abr 04, 2013 12:33:12 PM org.ros.time.RemoteUptimeClock update
INFO: Latency: 31,0000 s, Delta ratio: 0,5000, Drift: 2,000, Error reduction coefficient: 0,000, Error: 0,0000 s
abr 04, 2013 12:33:12 PM org.ros.time.RemoteUptimeClock update
INFO: Latency: 31,0000 s, Delta ratio: 0,5000, Drift: 2,000, Error reduction coefficient: 0,000, Error: 0,0000 s
abr 04, 2013 12:33:12 PM org.ros.time.RemoteUptimeClock update
INFO: Latency: 31,0000 s, Delta ratio: 0,5000, Drift: 2,000, Error reduction coefficient: 0,000, Error: 0,0000 s
abr 04, 2013 12:33:12 PM org.ros.time.RemoteUptimeClock update
INFO: Latency: 31,0000 s, Delta ratio: 0,5000, Drift: 2,000, Error reduction coefficient: 0,000, Error: 0,0000 s
abr 04, 2013 12:33:12 PM org.ros.time.RemoteUptimeClock update
INFO: Latency: 31,0000 s, Delta ratio: 0,5000, Drift: 2,000, Error reduction coefficient: 0,000, Error: 0,0000 s
abr 04, 2013 12:33:12 PM org.ros.time.RemoteUptimeClock update
INFO: Latency: 31,0000 s, Delta ratio: 0,5000, Drift: 2,000, Error reduction coefficient: 0,000, Error: 0,0000 s
abr 04, 2013 12:33:12 PM org.ros.time.RemoteUptimeClock update
INFO: Latency: 31,0000 s, Delta ratio: 0,5000, Drift: 2,000, Error reduction coefficient: 0,000, Error: 0,0000 s
abr 04, 2013 12:33:12 PM org.ros.time.RemoteUptimeClock update
INFO: Latency: 31,0000 s, Delta ratio: 0,5000, Drift: 2,000, Error reduction coefficient: 0,000, Error: 0,0000 s
abr 04, 2013 12:33:12 PM org.ros.time.RemoteUptimeClock update
INFO: Latency: 31,0000 s, Delta ratio: 0,5000, Drift: 2,000, Error reduction coefficient: 0,000, Error: 0,0000 s
abr 04, 2013 12:33:12 PM org.ros.time.RemoteUptimeClock update
INFO: Latency: 31,0000 s, Delta ratio: 0,5000, Drift: 2,000, Error reduction coefficient: 0,000, Error: 0,0000 s
abr 04, 2013 12:33:12 PM org.ros.time.RemoteUptimeClock update
INFO: Latency: 31,0000 s, Delta ratio: 0,5000, Drift: 2,000, Error reduction coefficient: 0,000, Error: 0,0000 s
abr 04, 2013 12:33:12 PM org.ros.time.RemoteUptimeClock update
INFO: Latency: 31,0000 s, Delta ratio: 0,5000, Drift: 2,000, Error reduction coefficient: 0,000, Error: 0,0000 s
abr 04, 2013 12:33:12 PM org.ros.time.RemoteUptimeClock update
INFO: Latency: 31,0000 s, Delta ratio: 0,5000, Drift: 2,000, Error reduction coefficient: 0,000, Error: 0,0000 s
abr 04, 2013 12:33:12 PM org.ros.time.RemoteUptimeClock update
INFO: Latency: 31,0000 s, Delta ratio: 0,5000, Drift: 2,000, Error reduction coefficient: 0,000, Error: 0,0000 s
abr 04, 2013 12:33:12 PM org.ros.time.RemoteUptimeClock update
INFO: Latency: 31,0000 s, Delta ratio: 0,5000, Drift: 2,000, Error reduction coefficient: 0,000, Error: 0,0000 s
abr 04, 2013 12:33:12 PM org.ros.time.RemoteUptimeClock update
INFO: Latency: 31,0000 s, Delta ratio: 0,5000, Drift: 2,000, Error reduction coefficient: 0,000, Error: 0,0000 s
abr 04, 2013 12:33:12 PM org.ros.time.RemoteUptimeClock update
INFO: Latency: 31,0000 s, Delta ratio: 0,5000, Drift: 2,000, Error reduction coefficient: 0,000, Error: 0,0000 s
abr 04, 2013 12:33:12 PM org.ros.time.RemoteUptimeClock update
INFO: Latency: 31,0000 s, Delta ratio: 0,5000, Drift: 2,000, Error reduction coefficient: 0,000, Error: 0,0000 s
abr 04, 2013 12:33:12 PM org.ros.time.RemoteUptimeClock update
INFO: Latency: 31,0000 s, Delta ratio: 0,5000, Drift: 2,000, Error reduction coefficient: 0,000, Error: 0,0000 s
abr 04, 2013 12:33:12 PM org.ros.time.RemoteUptimeClock update
INFO: Latency: 31,0000 s, Delta ratio: 0,5000, Drift: 2,000, Error reduction coefficient: 0,000, Error: 0,0000 s
abr 04, 2013 12:33:12 PM org.ros.time.RemoteUptimeClock update
INFO: Latency: 31,0000 s, Delta ratio: 0,5000, Drift: 2,000, Error reduction coefficient: 0,000, Error: 0,0000 s
abr 04, 2013 12:33:12 PM org.ros.time.RemoteUptimeClock update
INFO: Latency: 31,0000 s, Delta ratio: 0,5000, Drift: 2,000, Error reduction coefficient: 0,000, Error: 0,0000 s
abr 04, 2013 12:33:12 PM org.ros.time.RemoteUptimeClock update
INFO: Latency: 31,0000 s, Delta ratio: 0,5000, Drift: 2,000, Error reduction coefficient: 0,000, Error: 0,0000 s
abr 04, 2013 12:33:12 PM org.ros.time.RemoteUptimeClock update
INFO: Latency: 31,0000 s, Delta ratio: 0,5000, Drift: 2,000, Error reduction coefficient: 0,000, Error: 0,0000 s
abr 04, 2013 12:33:12 PM org.ros.time.RemoteUptimeClock update
INFO: Latency: 31,0000 s, Delta ratio: 0,5000, Drift: 2,000, Error reduction coefficient: 0,000, Error: 0,0000 s
abr 04, 2013 12:33:12 PM org.ros.time.RemoteUptimeClock update
INFO: Latency: 31,0000 s, Delta ratio: 0,5000, Drift: 2,000, Error reduction coefficient: 0,000, Error: 0,0000 s
abr 04, 2013 12:33:12 PM org.ros.time.RemoteUptimeClock update
INFO: Latency: 31,0000 s, Delta ratio: 0,5000, Drift: 2,000, Error reduction coefficient: 0,000, Error: 0,0000 s
abr 04, 2013 12:33:12 PM org.ros.time.RemoteUptimeClock update
INFO: Latency: 31,0000 s, Delta ratio: 0,5000, Drift: 2,000, Error reduction coefficient: 0,000, Error: 0,0000 s
abr 04, 2013 12:33:12 PM org.ros.time.RemoteUptimeClock update
INFO: Latency: 31,0000 s, Delta ratio: 0,5000, Drift: 2,000, Error reduction coefficient: 0,000, Error: 0,0000 s
abr 04, 2013 12:33:12 PM org.ros.time.RemoteUptimeClock update
INFO: Latency: 31,0000 s, Delta ratio: 0,5000, Drift: 2,000, Error reduction coefficient: 0,000, Error: 0,0000 s
abr 04, 2013 12:33:12 PM org.ros.time.RemoteUptimeClock update
INFO: Latency: 31,0000 s, Delta ratio: 0,5000, Drift: 2,000, Error reduction coefficient: 0,000, Error: 0,0000 s
abr 04, 2013 12:33:12 PM org.ros.time.RemoteUptimeClock update
INFO: Latency: 31,0000 s, Delta ratio: 0,5000, Drift: 2,000, Error reduction coefficient: 0,000, Error: 0,0000 s
abr 04, 2013 12:33:12 PM org.ros.time.RemoteUptimeClock update
INFO: Latency: 31,0000 s, Delta ratio: 0,5000, Drift: 2,000, Error reduction coefficient: 0,000, Error: 0,0000 s
abr 04, 2013 12:33:12 PM org.ros.time.RemoteUptimeClock update
INFO: Latency: 31,0000 s, Delta ratio: 0,5000, Drift: 2,000, Error reduction coefficient: 0,000, Error: 0,0000 s
abr 04, 2013 12:33:12 PM org.ros.time.RemoteUptimeClock update
INFO: Latency: 31,0000 s, Delta ratio: 0,5000, Drift: 2,000, Error reduction coefficient: 0,000, Error: 0,0000 s
abr 04, 2013 12:33:12 PM org.ros.time.RemoteUptimeClock update
INFO: Latency: 31,0000 s, Delta ratio: 0,5000, Drift: 2,000, Error reduction coefficient: 0,000, Error: 0,0000 s
abr 04, 2013 12:33:12 PM org.ros.time.RemoteUptimeClock update
INFO: Latency: 31,0000 s, Delta ratio: 0,5000, Drift: 2,000, Error reduction coefficient: 0,000, Error: 0,0000 s
abr 04, 2013 12:33:12 PM org.ros.time.RemoteUptimeClock update
INFO: Latency: 31,0000 s, Delta ratio: 0,5000, Drift: 2,000, Error reduction coefficient: 0,000, Error: 0,0000 s
abr 04, 2013 12:33:12 PM org.ros.time.RemoteUptimeClock update
INFO: Latency: 31,0000 s, Delta ratio: 0,5000, Drift: 2,000, Error reduction coefficient: 0,000, Error: 0,0000 s
abr 04, 2013 12:33:12 PM org.ros.time.RemoteUptimeClock update
INFO: Latency: 31,0000 s, Delta ratio: 0,5000, Drift: 2,000, Error reduction coefficient: 0,000, Error: 0,0000 s
abr 04, 2013 12:33:12 PM org.ros.time.RemoteUptimeClock update
INFO: Latency: 31,0000 s, Delta ratio: 0,5000, Drift: 2,000, Error reduction coefficient: 0,000, Error: 0,0000 s
abr 04, 2013 12:33:12 PM org.ros.time.RemoteUptimeClock update
INFO: Latency: 31,0000 s, Delta ratio: 0,5000, Drift: 2,000, Error reduction coefficient: 0,000, Error: 0,0000 s
abr 04, 2013 12:33:12 PM org.ros.time.RemoteUptimeClock update
INFO: Latency: 31,0000 s, Delta ratio: 0,5000, Drift: 2,000, Error reduction coefficient: 0,000, Error: 0,0000 s
abr 04, 2013 12:33:12 PM org.ros.time.RemoteUptimeClock update
INFO: Latency: 31,0000 s, Delta ratio: 0,5000, Drift: 2,000, Error reduction coefficient: 0,000, Error: 0,0000 s
abr 04, 2013 12:33:12 PM org.ros.time.RemoteUptimeClock update
INFO: Latency: 31,0000 s, Delta ratio: 0,5000, Drift: 2,000, Error reduction coefficient: 0,000, Error: 0,0000 s
abr 04, 2013 12:33:12 PM org.ros.time.RemoteUptimeClock update
INFO: Latency: 31,0000 s, Delta ratio: 0,5000, Drift: 2,000, Error reduction coefficient: 0,000, Error: 0,0000 s
abr 04, 2013 12:33:12 PM org.ros.time.RemoteUptimeClock update
INFO: Latency: 31,0000 s, Delta ratio: 0,5000, Drift: 2,000, Error reduction coefficient: 0,000, Error: 0,0000 s
abr 04, 2013 12:33:12 PM org.ros.time.RemoteUptimeClock update
INFO: Latency: 31,0000 s, Delta ratio: 0,5000, Drift: 2,000, Error reduction coefficient: 0,000, Error: 0,0000 s
abr 04, 2013 12:33:12 PM org.ros.time.RemoteUptimeClock update
INFO: Latency: 31,0000 s, Delta ratio: 0,5000, Drift: 2,000, Error reduction coefficient: 0,000, Error: 0,0000 s
abr 04, 2013 12:33:12 PM org.ros.time.RemoteUptimeClock update
INFO: Latency: 31,0000 s, Delta ratio: 0,5000, Drift: 2,000, Error reduction coefficient: 0,000, Error: 0,0000 s
abr 04, 2013 12:33:12 PM org.ros.time.RemoteUptimeClock update
INFO: Latency: 31,0000 s, Delta ratio: 0,5000, Drift: 2,000, Error reduction coefficient: 0,000, Error: 0,0000 s
abr 04, 2013 12:33:12 PM org.ros.time.RemoteUptimeClock update
INFO: Latency: 31,0000 s, Delta ratio: 0,5000, Drift: 2,000, Error reduction coefficient: 0,000, Error: 0,0000 s
abr 04, 2013 12:33:12 PM org.ros.time.RemoteUptimeClock update
INFO: Latency: 31,0000 s, Delta ratio: 0,5000, Drift: 2,000, Error reduction coefficient: 0,000, Error: 0,0000 s
abr 04, 2013 12:33:12 PM org.ros.time.RemoteUptimeClock update
INFO: Latency: 31,0000 s, Delta ratio: 0,5000, Drift: 2,000, Error reduction coefficient: 0,000, Error: 0,0000 s
abr 04, 2013 12:33:12 PM org.ros.time.RemoteUptimeClock update
INFO: Latency: 31,0000 s, Delta ratio: 0,5000, Drift: 2,000, Error reduction coefficient: 0,000, Error: 0,0000 s
abr 04, 2013 12:33:12 PM org.ros.time.RemoteUptimeClock update
INFO: Latency: 31,0000 s, Delta ratio: 0,5000, Drift: 2,000, Error reduction coefficient: 0,000, Error: 0,0000 s
abr 04, 2013 12:33:12 PM org.ros.time.RemoteUptimeClock update
INFO: Latency: 31,0000 s, Delta ratio: 0,5000, Drift: 2,000, Error reduction coefficient: 0,000, Error: 0,0000 s
abr 04, 2013 12:33:12 PM org.ros.time.RemoteUptimeClock update
INFO: Latency: 31,0000 s, Delta ratio: 0,5000, Drift: 2,000, Error reduction coefficient: 0,000, Error: 0,0000 s
abr 04, 2013 12:33:12 PM org.ros.time.RemoteUptimeClock update
INFO: Latency: 31,0000 s, Delta ratio: 0,5000, Drift: 2,000, Error reduction coefficient: 0,000, Error: 0,0000 s
abr 04, 2013 12:33:12 PM org.ros.time.RemoteUptimeClock update
INFO: Latency: 31,0000 s, Delta ratio: 0,5000, Drift: 2,000, Error reduction coefficient: 0,000, Error: 0,0000 s
abr 04, 2013 12:33:12 PM org.ros.time.RemoteUptimeClock update
INFO: Latency: 31,0000 s, Delta ratio: 0,5000, Drift: 2,000, Error reduction coefficient: 0,000, Error: 0,0000 s
abr 04, 2013 12:33:12 PM org.ros.time.RemoteUptimeClock update
INFO: Latency: 31,0000 s, Delta ratio: 0,5000, Drift: 2,000, Error reduction coefficient: 0,000, Error: 0,0000 s
abr 04, 2013 12:33:12 PM org.ros.time.RemoteUptimeClock update
INFO: Latency: 31,0000 s, Delta ratio: 0,5000, Drift: 2,000, Error reduction coefficient: 0,000, Error: 0,0000 s
abr 04, 2013 12:33:12 PM org.ros.time.RemoteUptimeClock update
INFO: Latency: 31,0000 s, Delta ratio: 0,5000, Drift: 2,000, Error reduction coefficient: 0,000, Error: 0,0000 s
abr 04, 2013 12:33:12 PM org.ros.time.RemoteUptimeClock update
INFO: Latency: 31,0000 s, Delta ratio: 0,5000, Drift: 2,000, Error reduction coefficient: 0,000, Error: 0,0000 s
abr 04, 2013 12:33:12 PM org.ros.time.RemoteUptimeClock update
INFO: Latency: 31,0000 s, Delta ratio: 0,5000, Drift: 2,000, Error reduction coefficient: 0,000, Error: 0,0000 s
abr 04, 2013 12:33:12 PM org.ros.time.RemoteUptimeClock update
INFO: Latency: 31,0000 s, Delta ratio: 0,5000, Drift: 2,000, Error reduction coefficient: 0,000, Error: 0,0000 s
abr 04, 2013 12:33:12 PM org.ros.time.RemoteUptimeClock update
INFO: Latency: 31,0000 s, Delta ratio: 0,5000, Drift: 2,000, Error reduction coefficient: 0,000, Error: 0,0000 s
abr 04, 2013 12:33:12 PM org.ros.time.RemoteUptimeClock update
INFO: Latency: 31,0000 s, Delta ratio: 0,5000, Drift: 2,000, Error reduction coefficient: 0,000, Error: 0,0000 s
abr 04, 2013 12:33:12 PM org.ros.time.RemoteUptimeClock update
INFO: Latency: 31,0000 s, Delta ratio: 0,5000, Drift: 2,000, Error reduction coefficient: 0,000, Error: 0,0000 s
abr 04, 2013 12:33:12 PM org.ros.time.RemoteUptimeClock update
INFO: Latency: 31,0000 s, Delta ratio: 0,5000, Drift: 2,000, Error reduction coefficient: 0,000, Error: 0,0000 s
abr 04, 2013 12:33:12 PM org.ros.time.RemoteUptimeClock update
INFO: Latency: 31,0000 s, Delta ratio: 0,5000, Drift: 2,000, Error reduction coefficient: 0,000, Error: 0,0000 s
abr 04, 2013 12:33:12 PM org.ros.time.RemoteUptimeClock update
INFO: Latency: 31,0000 s, Delta ratio: 0,5000, Drift: 2,000, Error reduction coefficient: 0,000, Error: 0,0000 s
abr 04, 2013 12:33:12 PM org.ros.time.RemoteUptimeClock update
INFO: Latency: 31,0000 s, Delta ratio: 0,5000, Drift: 2,000, Error reduction coefficient: 0,000, Error: 0,0000 s
abr 04, 2013 12:33:12 PM org.ros.time.RemoteUptimeClock update
INFO: Latency: 31,0000 s, Delta ratio: 0,5000, Drift: 2,000, Error reduction coefficient: 0,000, Error: 0,0000 s
abr 04, 2013 12:33:12 PM org.ros.time.RemoteUptimeClock update
INFO: Latency: 31,0000 s, Delta ratio: 0,5000, Drift: 2,000, Error reduction coefficient: 0,000, Error: 0,0000 s
abr 04, 2013 12:33:12 PM org.ros.time.RemoteUptimeClock update
INFO: Latency: 31,0000 s, Delta ratio: 0,5000, Drift: 2,000, Error reduction coefficient: 0,000, Error: 0,0000 s
abr 04, 2013 12:33:12 PM org.ros.time.RemoteUptimeClock update
INFO: Latency: 31,0000 s, Delta ratio: 0,5000, Drift: 2,000, Error reduction coefficient: 0,000, Error: 0,0000 s
abr 04, 2013 12:33:12 PM org.ros.time.RemoteUptimeClock update
INFO: Latency: 31,0000 s, Delta ratio: 0,5000, Drift: 2,000, Error reduction coefficient: 0,000, Error: 0,0000 s
abr 04, 2013 12:33:12 PM org.ros.time.RemoteUptimeClock update
INFO: Latency: 31,0000 s, Delta ratio: 0,5000, Drift: 2,000, Error reduction coefficient: 0,000, Error: 0,0000 s
abr 04, 2013 12:33:12 PM org.ros.time.RemoteUptimeClock update
INFO: Latency: 31,0000 s, Delta ratio: 0,5000, Drift: 2,000, Error reduction coefficient: 0,000, Error: 0,0000 s
abr 04, 2013 12:33:12 PM org.ros.time.RemoteUptimeClock update
INFO: Latency: 31,0000 s, Delta ratio: 0,5000, Drift: 2,000, Error reduction coefficient: 0,000, Error: 0,0000 s
abr 04, 2013 12:33:12 PM org.ros.time.RemoteUptimeClock update
INFO: Latency: 31,0000 s, Delta ratio: 0,5000, Drift: 2,000, Error reduction coefficient: 0,000, Error: 0,0000 s
abr 04, 2013 12:33:12 PM org.ros.time.RemoteUptimeClock update
INFO: Latency: 31,0000 s, Delta ratio: 0,5000, Drift: 2,000, Error reduction coefficient: 0,000, Error: 0,0000 s
abr 04, 2013 12:33:12 PM org.ros.time.RemoteUptimeClock update
INFO: Latency: 31,0000 s, Delta ratio: 0,5000, Drift: 2,000, Error reduction coefficient: 0,000, Error: 0,0000 s
abr 04, 2013 12:33:12 PM org.ros.time.RemoteUptimeClock update
INFO: Latency: 31,0000 s, Delta ratio: 0,5000, Drift: 2,000, Error reduction coefficient: 0,000, Error: 0,0000 s
abr 04, 2013 12:33:12 PM org.ros.time.RemoteUptimeClock update
INFO: Latency: 31,0000 s, Delta ratio: 0,5000, Drift: 2,000, Error reduction coefficient: 0,000, Error: 0,0000 s
abr 04, 2013 12:33:12 PM org.ros.time.RemoteUptimeClock update
INFO: Latency: 31,0000 s, Delta ratio: 0,5000, Drift: 2,000, Error reduction coefficient: 0,000, Error: 0,0000 s
abr 04, 2013 12:33:12 PM org.ros.time.RemoteUptimeClock update
INFO: Latency: 31,0000 s, Delta ratio: 0,5000, Drift: 2,000, Error reduction coefficient: 0,000, Error: 0,0000 s
abr 04, 2013 12:33:12 PM org.ros.time.RemoteUptimeClock update
INFO: Latency: 31,0000 s, Delta ratio: 0,5000, Drift: 2,000, Error reduction coefficient: 0,000, Error: 0,0000 s
abr 04, 2013 12:33:12 PM org.ros.time.RemoteUptimeClock update
INFO: Latency: 31,0000 s, Delta ratio: 0,5000, Drift: 2,000, Error reduction coefficient: 0,000, Error: 0,0000 s
abr 04, 2013 12:33:12 PM org.ros.time.RemoteUptimeClock update
INFO: Latency: 31,0000 s, Delta ratio: 0,5000, Drift: 2,000, Error reduction coefficient: 0,000, Error: 0,0000 s
abr 04, 2013 12:33:12 PM org.ros.time.RemoteUptimeClock update
INFO: Latency: 31,0000 s, Delta ratio: 0,5000, Drift: 2,000, Error reduction coefficient: 0,000, Error: 0,0000 s
abr 04, 2013 12:33:12 PM org.ros.time.RemoteUptimeClock update
INFO: Latency: 31,0000 s, Delta ratio: 0,5000, Drift: 2,000, Error reduction coefficient: 0,000, Error: 0,0000 s
abr 04, 2013 12:33:12 PM org.ros.time.RemoteUptimeClock update
INFO: Latency: 31,0000 s, Delta ratio: 0,5000, Drift: 2,000, Error reduction coefficient: 0,000, Error: 0,0000 s
abr 04, 2013 12:33:12 PM org.ros.time.RemoteUptimeClock update
INFO: Latency: 31,0000 s, Delta ratio: 0,5000, Drift: 2,000, Error reduction coefficient: 0,000, Error: 0,0000 s
abr 04, 2013 12:33:12 PM org.ros.time.RemoteUptimeClock update
INFO: Latency: 31,0000 s, Delta ratio: 0,5000, Drift: 2,000, Error reduction coefficient: 0,000, Error: 0,0000 s
abr 04, 2013 12:33:12 PM org.ros.time.RemoteUptimeClock update
INFO: Latency: 31,0000 s, Delta ratio: 0,5000, Drift: 2,000, Error reduction coefficient: 0,000, Error: 0,0000 s
abr 04, 2013 12:33:12 PM org.ros.time.RemoteUptimeClock update
INFO: Latency: 31,0000 s, Delta ratio: 0,5000, Drift: 2,000, Error reduction coefficient: 0,000, Error: 0,0000 s
abr 04, 2013 12:33:12 PM org.ros.time.RemoteUptimeClock update
INFO: Latency: 31,0000 s, Delta ratio: 0,5000, Drift: 2,000, Error reduction coefficient: 0,000, Error: 0,0000 s
abr 04, 2013 12:33:12 PM org.ros.time.RemoteUptimeClock update
INFO: Latency: 31,0000 s, Delta ratio: 0,5000, Drift: 2,000, Error reduction coefficient: 0,000, Error: 0,0000 s
abr 04, 2013 12:33:12 PM org.ros.time.RemoteUptimeClock update
INFO: Latency: 31,0000 s, Delta ratio: 0,5000, Drift: 2,000, Error reduction coefficient: 0,000, Error: 0,0000 s
abr 04, 2013 12:33:12 PM org.ros.time.RemoteUptimeClock update
INFO: Latency: 31,0000 s, Delta ratio: 0,5000, Drift: 2,000, Error reduction coefficient: 0,000, Error: 0,0000 s
abr 04, 2013 12:33:12 PM org.ros.time.RemoteUptimeClock update
INFO: Latency: 31,0000 s, Delta ratio: 0,5000, Drift: 2,000, Error reduction coefficient: 0,000, Error: 0,0000 s
abr 04, 2013 12:33:12 PM org.ros.time.RemoteUptimeClock update
INFO: Latency: 31,0000 s, Delta ratio: 0,5000, Drift: 2,000, Error reduction coefficient: 0,000, Error: 0,0000 s
abr 04, 2013 12:33:12 PM org.ros.time.RemoteUptimeClock update
INFO: Latency: 31,0000 s, Delta ratio: 0,5000, Drift: 2,000, Error reduction coefficient: 0,000, Error: 0,0000 s
abr 04, 2013 12:33:12 PM org.ros.time.RemoteUptimeClock update
INFO: Latency: 31,0000 s, Delta ratio: 0,5000, Drift: 2,000, Error reduction coefficient: 0,000, Error: 0,0000 s
abr 04, 2013 12:33:12 PM org.ros.time.RemoteUptimeClock update
INFO: Latency: 31,0000 s, Delta ratio: 0,5000, Drift: 2,000, Error reduction coefficient: 0,000, Error: 0,0000 s
abr 04, 2013 12:33:12 PM org.ros.time.RemoteUptimeClock update
INFO: Latency: 31,0000 s, Delta ratio: 0,5000, Drift: 2,000, Error reduction coefficient: 0,000, Error: 0,0000 s
abr 04, 2013 12:33:12 PM org.ros.time.RemoteUptimeClock update
INFO: Latency: 31,0000 s, Delta ratio: 0,5000, Drift: 2,000, Error reduction coefficient: 0,000, Error: 0,0000 s
abr 04, 2013 12:33:12 PM org.ros.time.RemoteUptimeClock update
INFO: Latency: 31,0000 s, Delta ratio: 0,5000, Drift: 2,000, Error reduction coefficient: 0,000, Error: 0,0000 s
abr 04, 2013 12:33:12 PM org.ros.time.RemoteUptimeClock update
INFO: Latency: 31,0000 s, Delta ratio: 0,5000, Drift: 2,000, Error reduction coefficient: 0,000, Error: 0,0000 s
abr 04, 2013 12:33:12 PM org.ros.time.RemoteUptimeClock update
INFO: Latency: 31,0000 s, Delta ratio: 0,5000, Drift: 2,000, Error reduction coefficient: 0,000, Error: 0,0000 s
abr 04, 2013 12:33:12 PM org.ros.time.RemoteUptimeClock update
INFO: Latency: 31,0000 s, Delta ratio: 0,5000, Drift: 2,000, Error reduction coefficient: 0,000, Error: 0,0000 s
abr 04, 2013 12:33:12 PM org.ros.time.RemoteUptimeClock update
INFO: Latency: 31,0000 s, Delta ratio: 0,5000, Drift: 2,000, Error reduction coefficient: 0,000, Error: 0,0000 s
abr 04, 2013 12:33:12 PM org.ros.time.RemoteUptimeClock update
INFO: Latency: 31,0000 s, Delta ratio: 0,5000, Drift: 2,000, Error reduction coefficient: 0,000, Error: 0,0000 s
abr 04, 2013 12:33:12 PM org.ros.time.RemoteUptimeClock update
INFO: Latency: 31,0000 s, Delta ratio: 0,5000, Drift: 2,000, Error reduction coefficient: 0,000, Error: 0,0000 s
abr 04, 2013 12:33:12 PM org.ros.time.RemoteUptimeClock update
INFO: Latency: 31,0000 s, Delta ratio: 0,5000, Drift: 2,000, Error reduction coefficient: 0,000, Error: 0,0000 s
abr 04, 2013 12:33:12 PM org.ros.time.RemoteUptimeClock update
INFO: Latency: 31,0000 s, Delta ratio: 0,5000, Drift: 2,000, Error reduction coefficient: 0,000, Error: 0,0000 s
abr 04, 2013 12:33:12 PM org.ros.time.RemoteUptimeClock update
INFO: Latency: 31,0000 s, Delta ratio: 0,5000, Drift: 2,000, Error reduction coefficient: 0,000, Error: 0,0000 s
abr 04, 2013 12:33:12 PM org.ros.time.RemoteUptimeClock update
INFO: Latency: 31,0000 s, Delta ratio: 0,5000, Drift: 2,000, Error reduction coefficient: 0,000, Error: 0,0000 s
abr 04, 2013 12:33:12 PM org.ros.time.RemoteUptimeClock update
INFO: Latency: 31,0000 s, Delta ratio: 0,5000, Drift: 2,000, Error reduction coefficient: 0,000, Error: 0,0000 s
abr 04, 2013 12:33:12 PM org.ros.time.RemoteUptimeClock update
INFO: Latency: 31,0000 s, Delta ratio: 0,5000, Drift: 2,000, Error reduction coefficient: 0,000, Error: 0,0000 s
abr 04, 2013 12:33:12 PM org.ros.time.RemoteUptimeClock update
INFO: Latency: 31,0000 s, Delta ratio: 0,5000, Drift: 2,000, Error reduction coefficient: 0,000, Error: 0,0000 s
abr 04, 2013 12:33:12 PM org.ros.time.RemoteUptimeClock update
INFO: Latency: 31,0000 s, Delta ratio: 0,5000, Drift: 2,000, Error reduction coefficient: 0,000, Error: 0,0000 s
abr 04, 2013 12:33:12 PM org.ros.time.RemoteUptimeClock update
INFO: Latency: 31,0000 s, Delta ratio: 0,5000, Drift: 2,000, Error reduction coefficient: 0,000, Error: 0,0000 s
abr 04, 2013 12:33:12 PM org.ros.time.RemoteUptimeClock update
INFO: Latency: 31,0000 s, Delta ratio: 0,5000, Drift: 2,000, Error reduction coefficient: 0,000, Error: 0,0000 s
abr 04, 2013 12:33:12 PM org.ros.time.RemoteUptimeClock update
INFO: Latency: 31,0000 s, Delta ratio: 0,5000, Drift: 2,000, Error reduction coefficient: 0,000, Error: 0,0000 s
abr 04, 2013 12:33:12 PM org.ros.time.RemoteUptimeClock update
INFO: Latency: 31,0000 s, Delta ratio: 0,5000, Drift: 2,000, Error reduction coefficient: 0,000, Error: 0,0000 s
abr 04, 2013 12:33:12 PM org.ros.time.RemoteUptimeClock update
INFO: Latency: 31,0000 s, Delta ratio: 0,5000, Drift: 2,000, Error reduction coefficient: 0,000, Error: 0,0000 s
abr 04, 2013 12:33:12 PM org.ros.time.RemoteUptimeClock update
INFO: Latency: 31,0000 s, Delta ratio: 0,5000, Drift: 2,000, Error reduction coefficient: 0,000, Error: 0,0000 s
abr 04, 2013 12:33:12 PM org.ros.time.RemoteUptimeClock update
INFO: Latency: 31,0000 s, Delta ratio: 0,5000, Drift: 2,000, Error reduction coefficient: 0,000, Error: 0,0000 s
abr 04, 2013 12:33:12 PM org.ros.time.RemoteUptimeClock update
INFO: Latency: 31,0000 s, Delta ratio: 0,5000, Drift: 2,000, Error reduction coefficient: 0,000, Error: 0,0000 s
abr 04, 2013 12:33:12 PM org.ros.time.RemoteUptimeClock update
INFO: Latency: 31,0000 s, Delta ratio: 0,5000, Drift: 2,000, Error reduction coefficient: 0,000, Error: 0,0000 s
abr 04, 2013 12:33:12 PM org.ros.time.RemoteUptimeClock update
INFO: Latency: 31,0000 s, Delta ratio: 0,5000, Drift: 2,000, Error reduction coefficient: 0,000, Error: 0,0000 s
abr 04, 2013 12:33:12 PM org.ros.time.RemoteUptimeClock update
INFO: Latency: 31,0000 s, Delta ratio: 0,5000, Drift: 2,000, Error reduction coefficient: 0,000, Error: 0,0000 s
abr 04, 2013 12:33:12 PM org.ros.time.RemoteUptimeClock update
INFO: Latency: 31,0000 s, Delta ratio: 0,5000, Drift: 2,000, Error reduction coefficient: 0,000, Error: 0,0000 s
abr 04, 2013 12:33:12 PM org.ros.time.RemoteUptimeClock update
INFO: Latency: 31,0000 s, Delta ratio: 0,5000, Drift: 2,000, Error reduction coefficient: 0,000, Error: 0,0000 s
abr 04, 2013 12:33:12 PM org.ros.time.RemoteUptimeClock update
INFO: Latency: 31,0000 s, Delta ratio: 0,5000, Drift: 2,000, Error reduction coefficient: 0,000, Error: 0,0000 s
abr 04, 2013 12:33:12 PM org.ros.time.RemoteUptimeClock update
INFO: Latency: 31,0000 s, Delta ratio: 0,5000, Drift: 2,000, Error reduction coefficient: 0,000, Error: 0,0000 s
abr 04, 2013 12:33:12 PM org.ros.time.RemoteUptimeClock update
INFO: Latency: 31,0000 s, Delta ratio: 0,5000, Drift: 2,000, Error reduction coefficient: 0,000, Error: 0,0000 s
abr 04, 2013 12:33:12 PM org.ros.time.RemoteUptimeClock update
INFO: Latency: 31,0000 s, Delta ratio: 0,5000, Drift: 2,000, Error reduction coefficient: 0,000, Error: 0,0000 s
abr 04, 2013 12:33:12 PM org.ros.time.RemoteUptimeClock update
INFO: Latency: 31,0000 s, Delta ratio: 0,5000, Drift: 2,000, Error reduction coefficient: 0,000, Error: 0,0000 s
abr 04, 2013 12:33:12 PM org.ros.time.RemoteUptimeClock update
INFO: Latency: 31,0000 s, Delta ratio: 0,5000, Drift: 2,000, Error reduction coefficient: 0,000, Error: 0,0000 s
abr 04, 2013 12:33:12 PM org.ros.time.RemoteUptimeClock update
INFO: Latency: 31,0000 s, Delta ratio: 0,5000, Drift: 2,000, Error reduction coefficient: 0,000, Error: 0,0000 s
abr 04, 2013 12:33:12 PM org.ros.time.RemoteUptimeClock update
INFO: Latency: 31,0000 s, Delta ratio: 0,5000, Drift: 2,000, Error reduction coefficient: 0,000, Error: 0,0000 s
abr 04, 2013 12:33:12 PM org.ros.time.RemoteUptimeClock update
INFO: Latency: 31,0000 s, Delta ratio: 0,5000, Drift: 2,000, Error reduction coefficient: 0,000, Error: 0,0000 s
abr 04, 2013 12:33:12 PM org.ros.time.RemoteUptimeClock update
INFO: Latency: 31,0000 s, Delta ratio: 0,5000, Drift: 2,000, Error reduction coefficient: 0,000, Error: 0,0000 s
abr 04, 2013 12:33:12 PM org.ros.time.RemoteUptimeClock update
INFO: Latency: 31,0000 s, Delta ratio: 0,5000, Drift: 2,000, Error reduction coefficient: 0,000, Error: 0,0000 s
abr 04, 2013 12:33:12 PM org.ros.time.RemoteUptimeClock update
INFO: Latency: 31,0000 s, Delta ratio: 0,5000, Drift: 2,000, Error reduction coefficient: 0,000, Error: 0,0000 s
abr 04, 2013 12:33:12 PM org.ros.time.RemoteUptimeClock update
INFO: Latency: 31,0000 s, Delta ratio: 0,5000, Drift: 2,000, Error reduction coefficient: 0,000, Error: 0,0000 s
abr 04, 2013 12:33:12 PM org.ros.time.RemoteUptimeClock update
INFO: Latency: 31,0000 s, Delta ratio: 0,5000, Drift: 2,000, Error reduction coefficient: 0,000, Error: 0,0000 s
abr 04, 2013 12:33:12 PM org.ros.time.RemoteUptimeClock update
INFO: Latency: 31,0000 s, Delta ratio: 0,5000, Drift: 2,000, Error reduction coefficient: 0,000, Error: 0,0000 s
abr 04, 2013 12:33:12 PM org.ros.time.RemoteUptimeClock update
INFO: Latency: 31,0000 s, Delta ratio: 0,5000, Drift: 2,000, Error reduction coefficient: 0,000, Error: 0,0000 s
abr 04, 2013 12:33:12 PM org.ros.time.RemoteUptimeClock update
INFO: Latency: 31,0000 s, Delta ratio: 0,5000, Drift: 2,000, Error reduction coefficient: 0,000, Error: 0,0000 s
abr 04, 2013 12:33:12 PM org.ros.time.RemoteUptimeClock update
INFO: Latency: 31,0000 s, Delta ratio: 0,5000, Drift: 2,000, Error reduction coefficient: 0,000, Error: 0,0000 s
abr 04, 2013 12:33:12 PM org.ros.time.RemoteUptimeClock update
INFO: Latency: 31,0000 s, Delta ratio: 0,5000, Drift: 2,000, Error reduction coefficient: 0,000, Error: 0,0000 s
abr 04, 2013 12:33:12 PM org.ros.time.RemoteUptimeClock update
INFO: Latency: 31,0000 s, Delta ratio: 0,5000, Drift: 2,000, Error reduction coefficient: 0,000, Error: 0,0000 s
abr 04, 2013 12:33:12 PM org.ros.time.RemoteUptimeClock update
INFO: Latency: 31,0000 s, Delta ratio: 0,5000, Drift: 2,000, Error reduction coefficient: 0,000, Error: 0,0000 s
abr 04, 2013 12:33:12 PM org.ros.time.RemoteUptimeClock update
INFO: Latency: 31,0000 s, Delta ratio: 0,5000, Drift: 2,000, Error reduction coefficient: 0,000, Error: 0,0000 s
abr 04, 2013 12:33:12 PM org.ros.time.RemoteUptimeClock update
INFO: Latency: 31,0000 s, Delta ratio: 0,5000, Drift: 2,000, Error reduction coefficient: 0,000, Error: 0,0000 s
abr 04, 2013 12:33:12 PM org.ros.time.RemoteUptimeClock update
INFO: Latency: 31,0000 s, Delta ratio: 0,5000, Drift: 2,000, Error reduction coefficient: 0,000, Error: 0,0000 s
abr 04, 2013 12:33:12 PM org.ros.time.RemoteUptimeClock update
INFO: Latency: 31,0000 s, Delta ratio: 0,5000, Drift: 2,000, Error reduction coefficient: 0,000, Error: 0,0000 s
abr 04, 2013 12:33:12 PM org.ros.time.RemoteUptimeClock update
INFO: Latency: 31,0000 s, Delta ratio: 0,5000, Drift: 2,000, Error reduction coefficient: 0,000, Error: 0,0000 s
abr 04, 2013 12:33:12 PM org.ros.time.RemoteUptimeClock update
INFO: Latency: 31,0000 s, Delta ratio: 0,5000, Drift: 2,000, Error reduction coefficient: 0,000, Error: 0,0000 s
abr 04, 2013 12:33:12 PM org.ros.time.RemoteUptimeClock update
INFO: Latency: 31,0000 s, Delta ratio: 0,5000, Drift: 2,000, Error reduction coefficient: 0,000, Error: 0,0000 s
abr 04, 2013 12:33:12 PM org.ros.time.RemoteUptimeClock update
INFO: Latency: 31,0000 s, Delta ratio: 0,5000, Drift: 2,000, Error reduction coefficient: 0,000, Error: 0,0000 s
abr 04, 2013 12:33:12 PM org.ros.time.RemoteUptimeClock update
INFO: Latency: 31,0000 s, Delta ratio: 0,5000, Drift: 2,000, Error reduction coefficient: 0,000, Error: 0,0000 s
abr 04, 2013 12:33:12 PM org.ros.time.RemoteUptimeClock update
INFO: Latency: 31,0000 s, Delta ratio: 0,5000, Drift: 2,000, Error reduction coefficient: 0,000, Error: 0,0000 s
abr 04, 2013 12:33:12 PM org.ros.time.RemoteUptimeClock update
INFO: Latency: 31,0000 s, Delta ratio: 0,5000, Drift: 2,000, Error reduction coefficient: 0,000, Error: 0,0000 s
abr 04, 2013 12:33:12 PM org.ros.time.RemoteUptimeClock update
INFO: Latency: 31,0000 s, Delta ratio: 0,5000, Drift: 2,000, Error reduction coefficient: 0,000, Error: 0,0000 s
abr 04, 2013 12:33:12 PM org.ros.time.RemoteUptimeClock update
INFO: Latency: 31,0000 s, Delta ratio: 0,5000, Drift: 2,000, Error reduction coefficient: 0,000, Error: 0,0000 s
abr 04, 2013 12:33:12 PM org.ros.time.RemoteUptimeClock update
INFO: Latency: 31,0000 s, Delta ratio: 0,5000, Drift: 2,000, Error reduction coefficient: 0,000, Error: 0,0000 s
abr 04, 2013 12:33:12 PM org.ros.time.RemoteUptimeClock update
INFO: Latency: 31,0000 s, Delta ratio: 0,5000, Drift: 2,000, Error reduction coefficient: 0,000, Error: 0,0000 s
abr 04, 2013 12:33:12 PM org.ros.time.RemoteUptimeClock update
INFO: Latency: 31,0000 s, Delta ratio: 0,5000, Drift: 2,000, Error reduction coefficient: 0,000, Error: 0,0000 s
abr 04, 2013 12:33:12 PM org.ros.time.RemoteUptimeClock update
INFO: Latency: 31,0000 s, Delta ratio: 0,5000, Drift: 2,000, Error reduction coefficient: 0,000, Error: 0,0000 s
abr 04, 2013 12:33:12 PM org.ros.time.RemoteUptimeClock update
INFO: Latency: 31,0000 s, Delta ratio: 0,5000, Drift: 2,000, Error reduction coefficient: 0,000, Error: 0,0000 s
abr 04, 2013 12:33:12 PM org.ros.time.RemoteUptimeClock update
INFO: Latency: 31,0000 s, Delta ratio: 0,5000, Drift: 2,000, Error reduction coefficient: 0,000, Error: 0,0000 s
abr 04, 2013 12:33:12 PM org.ros.time.RemoteUptimeClock update
INFO: Latency: 31,0000 s, Delta ratio: 0,5000, Drift: 2,000, Error reduction coefficient: 0,000, Error: 0,0000 s
abr 04, 2013 12:33:12 PM org.ros.time.RemoteUptimeClock update
INFO: Latency: 31,0000 s, Delta ratio: 0,5000, Drift: 2,000, Error reduction coefficient: 0,000, Error: 0,0000 s
abr 04, 2013 12:33:12 PM org.ros.time.RemoteUptimeClock update
INFO: Latency: 31,0000 s, Delta ratio: 0,5000, Drift: 2,000, Error reduction coefficient: 0,000, Error: 0,0000 s
abr 04, 2013 12:33:12 PM org.ros.time.RemoteUptimeClock update
INFO: Latency: 31,0000 s, Delta ratio: 0,5000, Drift: 2,000, Error reduction coefficient: 0,000, Error: 0,0000 s
abr 04, 2013 12:33:12 PM org.ros.time.RemoteUptimeClock update
INFO: Latency: 31,0000 s, Delta ratio: 0,5000, Drift: 2,000, Error reduction coefficient: 0,000, Error: 0,0000 s
abr 04, 2013 12:33:12 PM org.ros.time.RemoteUptimeClock update
INFO: Latency: 31,0000 s, Delta ratio: 0,5000, Drift: 2,000, Error reduction coefficient: 0,000, Error: 0,0000 s
abr 04, 2013 12:33:12 PM org.ros.time.RemoteUptimeClock update
INFO: Latency: 31,0000 s, Delta ratio: 0,5000, Drift: 2,000, Error reduction coefficient: 0,000, Error: 0,0000 s
abr 04, 2013 12:33:12 PM org.ros.time.RemoteUptimeClock update
INFO: Latency: 31,0000 s, Delta ratio: 0,5000, Drift: 2,000, Error reduction coefficient: 0,000, Error: 0,0000 s
abr 04, 2013 12:33:12 PM org.ros.time.RemoteUptimeClock update
INFO: Latency: 31,0000 s, Delta ratio: 0,5000, Drift: 2,000, Error reduction coefficient: 0,000, Error: 0,0000 s
abr 04, 2013 12:33:12 PM org.ros.time.RemoteUptimeClock update
INFO: Latency: 31,0000 s, Delta ratio: 0,5000, Drift: 2,000, Error reduction coefficient: 0,000, Error: 0,0000 s
abr 04, 2013 12:33:12 PM org.ros.time.RemoteUptimeClock update
INFO: Latency: 31,0000 s, Delta ratio: 0,5000, Drift: 2,000, Error reduction coefficient: 0,000, Error: 0,0000 s
abr 04, 2013 12:33:12 PM org.ros.time.RemoteUptimeClock update
INFO: Latency: 31,0000 s, Delta ratio: 0,5000, Drift: 2,000, Error reduction coefficient: 0,000, Error: 0,0000 s
abr 04, 2013 12:33:12 PM org.ros.time.RemoteUptimeClock update
INFO: Latency: 31,0000 s, Delta ratio: 0,5000, Drift: 2,000, Error reduction coefficient: 0,000, Error: 0,0000 s
abr 04, 2013 12:33:12 PM org.ros.time.RemoteUptimeClock update
INFO: Latency: 31,0000 s, Delta ratio: 0,5000, Drift: 2,000, Error reduction coefficient: 0,000, Error: 0,0000 s
abr 04, 2013 12:33:12 PM org.ros.time.RemoteUptimeClock update
INFO: Latency: 31,0000 s, Delta ratio: 0,5000, Drift: 2,000, Error reduction coefficient: 0,000, Error: 0,0000 s
abr 04, 2013 12:33:12 PM org.ros.time.RemoteUptimeClock update
INFO: Latency: 31,0000 s, Delta ratio: 0,5000, Drift: 2,000, Error reduction coefficient: 0,000, Error: 0,0000 s
abr 04, 2013 12:33:12 PM org.ros.time.RemoteUptimeClock update
INFO: Latency: 31,0000 s, Delta ratio: 0,5000, Drift: 2,000, Error reduction coefficient: 0,000, Error: 0,0000 s
abr 04, 2013 12:33:12 PM org.ros.time.RemoteUptimeClock update
INFO: Latency: 31,0000 s, Delta ratio: 0,5000, Drift: 2,000, Error reduction coefficient: 0,000, Error: 0,0000 s
abr 04, 2013 12:33:13 PM org.ros.time.RemoteUptimeClock update
INFO: Latency: 31,0000 s, Delta ratio: 0,5000, Drift: 2,000, Error reduction coefficient: 0,000, Error: 0,0000 s
abr 04, 2013 12:33:13 PM org.ros.time.RemoteUptimeClock update
INFO: Latency: 31,0000 s, Delta ratio: 0,5000, Drift: 2,000, Error reduction coefficient: 0,000, Error: 0,0000 s
abr 04, 2013 12:33:13 PM org.ros.time.RemoteUptimeClock update
INFO: Latency: 31,0000 s, Delta ratio: 0,5000, Drift: 2,000, Error reduction coefficient: 0,000, Error: 0,0000 s
abr 04, 2013 12:33:13 PM org.ros.time.RemoteUptimeClock update
INFO: Latency: 31,0000 s, Delta ratio: 0,5000, Drift: 2,000, Error reduction coefficient: 0,000, Error: 0,0000 s
abr 04, 2013 12:33:13 PM org.ros.time.RemoteUptimeClock update
INFO: Latency: 31,0000 s, Delta ratio: 0,5000, Drift: 2,000, Error reduction coefficient: 0,000, Error: 0,0000 s
abr 04, 2013 12:33:13 PM org.ros.time.RemoteUptimeClock update
INFO: Latency: 31,0000 s, Delta ratio: 0,5000, Drift: 2,000, Error reduction coefficient: 0,000, Error: 0,0000 s
abr 04, 2013 12:33:13 PM org.ros.time.RemoteUptimeClock update
INFO: Latency: 31,0000 s, Delta ratio: 0,5000, Drift: 2,000, Error reduction coefficient: 0,000, Error: 0,0000 s
abr 04, 2013 12:33:13 PM org.ros.time.RemoteUptimeClock update
INFO: Latency: 31,0000 s, Delta ratio: 0,5000, Drift: 2,000, Error reduction coefficient: 0,000, Error: 0,0000 s
abr 04, 2013 12:33:13 PM org.ros.time.RemoteUptimeClock update
INFO: Latency: 31,0000 s, Delta ratio: 0,5000, Drift: 2,000, Error reduction coefficient: 0,000, Error: 0,0000 s
abr 04, 2013 12:33:13 PM org.ros.time.RemoteUptimeClock update
INFO: Latency: 31,0000 s, Delta ratio: 0,5000, Drift: 2,000, Error reduction coefficient: 0,000, Error: 0,0000 s
abr 04, 2013 12:33:13 PM org.ros.time.RemoteUptimeClock update
INFO: Latency: 31,0000 s, Delta ratio: 0,5000, Drift: 2,000, Error reduction coefficient: 0,000, Error: 0,0000 s
abr 04, 2013 12:33:13 PM org.ros.time.RemoteUptimeClock update
INFO: Latency: 31,0000 s, Delta ratio: 0,5000, Drift: 2,000, Error reduction coefficient: 0,000, Error: 0,0000 s
abr 04, 2013 12:33:13 PM org.ros.time.RemoteUptimeClock update
INFO: Latency: 31,0000 s, Delta ratio: 0,5000, Drift: 2,000, Error reduction coefficient: 0,000, Error: 0,0000 s
abr 04, 2013 12:33:13 PM org.ros.time.RemoteUptimeClock update
INFO: Latency: 31,0000 s, Delta ratio: 0,5000, Drift: 2,000, Error reduction coefficient: 0,000, Error: 0,0000 s
abr 04, 2013 12:33:13 PM org.ros.time.RemoteUptimeClock update
INFO: Latency: 31,0000 s, Delta ratio: 0,5000, Drift: 2,000, Error reduction coefficient: 0,000, Error: 0,0000 s
abr 04, 2013 12:33:13 PM org.ros.time.RemoteUptimeClock update
INFO: Latency: 31,0000 s, Delta ratio: 0,5000, Drift: 2,000, Error reduction coefficient: 0,000, Error: 0,0000 s
abr 04, 2013 12:33:13 PM org.ros.time.RemoteUptimeClock update
INFO: Latency: 31,0000 s, Delta ratio: 0,5000, Drift: 2,000, Error reduction coefficient: 0,000, Error: 0,0000 s
abr 04, 2013 12:33:13 PM org.ros.time.RemoteUptimeClock update
INFO: Latency: 31,0000 s, Delta ratio: 0,5000, Drift: 2,000, Error reduction coefficient: 0,000, Error: 0,0000 s
abr 04, 2013 12:33:13 PM org.ros.time.RemoteUptimeClock update
INFO: Latency: 31,0000 s, Delta ratio: 0,5000, Drift: 2,000, Error reduction coefficient: 0,000, Error: 0,0000 s
abr 04, 2013 12:33:13 PM org.ros.time.RemoteUptimeClock update
INFO: Latency: 31,0000 s, Delta ratio: 0,5000, Drift: 2,000, Error reduction coefficient: 0,000, Error: 0,0000 s
abr 04, 2013 12:33:13 PM org.ros.time.RemoteUptimeClock update
INFO: Latency: 31,0000 s, Delta ratio: 0,5000, Drift: 2,000, Error reduction coefficient: 0,000, Error: 0,0000 s
abr 04, 2013 12:33:13 PM org.ros.time.RemoteUptimeClock update
INFO: Latency: 31,0000 s, Delta ratio: 0,5000, Drift: 2,000, Error reduction coefficient: 0,000, Error: 0,0000 s
abr 04, 2013 12:33:13 PM org.ros.time.RemoteUptimeClock update
INFO: Latency: 31,0000 s, Delta ratio: 0,5000, Drift: 2,000, Error reduction coefficient: 0,000, Error: 0,0000 s
abr 04, 2013 12:33:13 PM org.ros.time.RemoteUptimeClock update
INFO: Latency: 31,0000 s, Delta ratio: 0,5000, Drift: 2,000, Error reduction coefficient: 0,000, Error: 0,0000 s
abr 04, 2013 12:33:13 PM org.ros.time.RemoteUptimeClock update
INFO: Latency: 31,0000 s, Delta ratio: 0,5000, Drift: 2,000, Error reduction coefficient: 0,000, Error: 0,0000 s
abr 04, 2013 12:33:13 PM org.ros.time.RemoteUptimeClock update
INFO: Latency: 31,0000 s, Delta ratio: 0,5000, Drift: 2,000, Error reduction coefficient: 0,000, Error: 0,0000 s
abr 04, 2013 12:33:13 PM org.ros.time.RemoteUptimeClock update
INFO: Latency: 31,0000 s, Delta ratio: 0,5000, Drift: 2,000, Error reduction coefficient: 0,000, Error: 0,0000 s
abr 04, 2013 12:33:13 PM org.ros.time.RemoteUptimeClock update
INFO: Latency: 31,0000 s, Delta ratio: 0,5000, Drift: 2,000, Error reduction coefficient: 0,000, Error: 0,0000 s
abr 04, 2013 12:33:13 PM org.ros.time.RemoteUptimeClock update
INFO: Latency: 31,0000 s, Delta ratio: 0,5000, Drift: 2,000, Error reduction coefficient: 0,000, Error: 0,0000 s
abr 04, 2013 12:33:13 PM org.ros.time.RemoteUptimeClock update
INFO: Latency: 31,0000 s, Delta ratio: 0,5000, Drift: 2,000, Error reduction coefficient: 0,000, Error: 0,0000 s
abr 04, 2013 12:33:13 PM org.ros.time.RemoteUptimeClock update
INFO: Latency: 31,0000 s, Delta ratio: 0,5000, Drift: 2,000, Error reduction coefficient: 0,000, Error: 0,0000 s
abr 04, 2013 12:33:13 PM org.ros.time.RemoteUptimeClock update
INFO: Latency: 31,0000 s, Delta ratio: 0,5000, Drift: 2,000, Error reduction coefficient: 0,000, Error: 0,0000 s
abr 04, 2013 12:33:13 PM org.ros.time.RemoteUptimeClock update
INFO: Latency: 31,0000 s, Delta ratio: 0,5000, Drift: 2,000, Error reduction coefficient: 0,000, Error: 0,0000 s
abr 04, 2013 12:33:13 PM org.ros.time.RemoteUptimeClock update
INFO: Latency: 31,0000 s, Delta ratio: 0,5000, Drift: 2,000, Error reduction coefficient: 0,000, Error: 0,0000 s
abr 04, 2013 12:33:13 PM org.ros.time.RemoteUptimeClock update
INFO: Latency: 31,0000 s, Delta ratio: 0,5000, Drift: 2,000, Error reduction coefficient: 0,000, Error: 0,0000 s
abr 04, 2013 12:33:13 PM org.ros.time.RemoteUptimeClock update
INFO: Latency: 31,0000 s, Delta ratio: 0,5000, Drift: 2,000, Error reduction coefficient: 0,000, Error: 0,0000 s
abr 04, 2013 12:33:13 PM org.ros.time.RemoteUptimeClock update
INFO: Latency: 31,0000 s, Delta ratio: 0,5000, Drift: 2,000, Error reduction coefficient: 0,000, Error: 0,0000 s
abr 04, 2013 12:33:13 PM org.ros.time.RemoteUptimeClock update
INFO: Latency: 31,0000 s, Delta ratio: 0,5000, Drift: 2,000, Error reduction coefficient: 0,000, Error: 0,0000 s
abr 04, 2013 12:33:13 PM org.ros.time.RemoteUptimeClock update
INFO: Latency: 31,0000 s, Delta ratio: 0,5000, Drift: 2,000, Error reduction coefficient: 0,000, Error: 0,0000 s
abr 04, 2013 12:33:13 PM org.ros.time.RemoteUptimeClock update
INFO: Latency: 31,0000 s, Delta ratio: 0,5000, Drift: 2,000, Error reduction coefficient: 0,000, Error: 0,0000 s
abr 04, 2013 12:33:13 PM org.ros.time.RemoteUptimeClock update
INFO: Latency: 31,0000 s, Delta ratio: 0,5000, Drift: 2,000, Error reduction coefficient: 0,000, Error: 0,0000 s
abr 04, 2013 12:33:13 PM org.ros.time.RemoteUptimeClock update
INFO: Latency: 31,0000 s, Delta ratio: 0,5000, Drift: 2,000, Error reduction coefficient: 0,000, Error: 0,0000 s
abr 04, 2013 12:33:13 PM org.ros.time.RemoteUptimeClock update
INFO: Latency: 31,0000 s, Delta ratio: 0,5000, Drift: 2,000, Error reduction coefficient: 0,000, Error: 0,0000 s
abr 04, 2013 12:33:13 PM org.ros.time.RemoteUptimeClock update
INFO: Latency: 31,0000 s, Delta ratio: 0,5000, Drift: 2,000, Error reduction coefficient: 0,000, Error: 0,0000 s
abr 04, 2013 12:33:13 PM org.ros.time.RemoteUptimeClock update
INFO: Latency: 31,0000 s, Delta ratio: 0,5000, Drift: 2,000, Error reduction coefficient: 0,000, Error: 0,0000 s
abr 04, 2013 12:33:13 PM org.ros.time.RemoteUptimeClock update
INFO: Latency: 31,0000 s, Delta ratio: 0,5000, Drift: 2,000, Error reduction coefficient: 0,000, Error: 0,0000 s
abr 04, 2013 12:33:13 PM org.ros.time.RemoteUptimeClock update
INFO: Latency: 31,0000 s, Delta ratio: 0,5000, Drift: 2,000, Error reduction coefficient: 0,000, Error: 0,0000 s
abr 04, 2013 12:33:13 PM org.ros.time.RemoteUptimeClock update
INFO: Latency: 31,0000 s, Delta ratio: 0,5000, Drift: 2,000, Error reduction coefficient: 0,000, Error: 0,0000 s
abr 04, 2013 12:33:13 PM org.ros.time.RemoteUptimeClock update
INFO: Latency: 31,0000 s, Delta ratio: 0,5000, Drift: 2,000, Error reduction coefficient: 0,000, Error: 0,0000 s
abr 04, 2013 12:33:13 PM org.ros.time.RemoteUptimeClock update
INFO: Latency: 31,0000 s, Delta ratio: 0,5000, Drift: 2,000, Error reduction coefficient: 0,000, Error: 0,0000 s
abr 04, 2013 12:33:13 PM org.ros.time.RemoteUptimeClock update
INFO: Latency: 31,0000 s, Delta ratio: 0,5000, Drift: 2,000, Error reduction coefficient: 0,000, Error: 0,0000 s
abr 04, 2013 12:33:13 PM org.ros.time.RemoteUptimeClock update
INFO: Latency: 31,0000 s, Delta ratio: 0,5000, Drift: 2,000, Error reduction coefficient: 0,000, Error: 0,0000 s
abr 04, 2013 12:33:13 PM org.ros.time.RemoteUptimeClock update
INFO: Latency: 31,0000 s, Delta ratio: 0,5000, Drift: 2,000, Error reduction coefficient: 0,000, Error: 0,0000 s
abr 04, 2013 12:33:13 PM org.ros.time.RemoteUptimeClock update
INFO: Latency: 31,0000 s, Delta ratio: 0,5000, Drift: 2,000, Error reduction coefficient: 0,000, Error: 0,0000 s
abr 04, 2013 12:33:13 PM org.ros.time.RemoteUptimeClock update
INFO: Latency: 31,0000 s, Delta ratio: 0,5000, Drift: 2,000, Error reduction coefficient: 0,000, Error: 0,0000 s
abr 04, 2013 12:33:13 PM org.ros.time.RemoteUptimeClock update
INFO: Latency: 31,0000 s, Delta ratio: 0,5000, Drift: 2,000, Error reduction coefficient: 0,000, Error: 0,0000 s
abr 04, 2013 12:33:13 PM org.ros.time.RemoteUptimeClock update
INFO: Latency: 31,0000 s, Delta ratio: 0,5000, Drift: 2,000, Error reduction coefficient: 0,000, Error: 0,0000 s
abr 04, 2013 12:33:13 PM org.ros.time.RemoteUptimeClock update
INFO: Latency: 31,0000 s, Delta ratio: 0,5000, Drift: 2,000, Error reduction coefficient: 0,000, Error: 0,0000 s
abr 04, 2013 12:33:13 PM org.ros.time.RemoteUptimeClock update
INFO: Latency: 31,0000 s, Delta ratio: 0,5000, Drift: 2,000, Error reduction coefficient: 0,000, Error: 0,0000 s
abr 04, 2013 12:33:13 PM org.ros.time.RemoteUptimeClock update
INFO: Latency: 31,0000 s, Delta ratio: 0,5000, Drift: 2,000, Error reduction coefficient: 0,000, Error: 0,0000 s
abr 04, 2013 12:33:13 PM org.ros.time.RemoteUptimeClock update
INFO: Latency: 31,0000 s, Delta ratio: 0,5000, Drift: 2,000, Error reduction coefficient: 0,000, Error: 0,0000 s
abr 04, 2013 12:33:13 PM org.ros.time.RemoteUptimeClock update
INFO: Latency: 31,0000 s, Delta ratio: 0,5000, Drift: 2,000, Error reduction coefficient: 0,000, Error: 0,0000 s
abr 04, 2013 12:33:13 PM org.ros.time.RemoteUptimeClock update
INFO: Latency: 31,0000 s, Delta ratio: 0,5000, Drift: 2,000, Error reduction coefficient: 0,000, Error: 0,0000 s
abr 04, 2013 12:33:13 PM org.ros.time.RemoteUptimeClock update
INFO: Latency: 31,0000 s, Delta ratio: 0,5000, Drift: 2,000, Error reduction coefficient: 0,000, Error: 0,0000 s
abr 04, 2013 12:33:13 PM org.ros.time.RemoteUptimeClock update
INFO: Latency: 31,0000 s, Delta ratio: 0,5000, Drift: 2,000, Error reduction coefficient: 0,000, Error: 0,0000 s
abr 04, 2013 12:33:13 PM org.ros.time.RemoteUptimeClock update
INFO: Latency: 31,0000 s, Delta ratio: 0,5000, Drift: 2,000, Error reduction coefficient: 0,000, Error: 0,0000 s
abr 04, 2013 12:33:13 PM org.ros.time.RemoteUptimeClock update
INFO: Latency: 31,0000 s, Delta ratio: 0,5000, Drift: 2,000, Error reduction coefficient: 0,000, Error: 0,0000 s
abr 04, 2013 12:33:13 PM org.ros.time.RemoteUptimeClock update
INFO: Latency: 31,0000 s, Delta ratio: 0,5000, Drift: 2,000, Error reduction coefficient: 0,000, Error: 0,0000 s
abr 04, 2013 12:33:13 PM org.ros.time.RemoteUptimeClock update
INFO: Latency: 31,0000 s, Delta ratio: 0,5000, Drift: 2,000, Error reduction coefficient: 0,000, Error: 0,0000 s
abr 04, 2013 12:33:13 PM org.ros.time.RemoteUptimeClock update
INFO: Latency: 31,0000 s, Delta ratio: 0,5000, Drift: 2,000, Error reduction coefficient: 0,000, Error: 0,0000 s
abr 04, 2013 12:33:13 PM org.ros.time.RemoteUptimeClock update
INFO: Latency: 31,0000 s, Delta ratio: 0,5000, Drift: 2,000, Error reduction coefficient: 0,000, Error: 0,0000 s
abr 04, 2013 12:33:13 PM org.ros.time.RemoteUptimeClock update
INFO: Latency: 31,0000 s, Delta ratio: 0,5000, Drift: 2,000, Error reduction coefficient: 0,000, Error: 0,0000 s
abr 04, 2013 12:33:13 PM org.ros.time.RemoteUptimeClock update
INFO: Latency: 31,0000 s, Delta ratio: 0,5000, Drift: 2,000, Error reduction coefficient: 0,000, Error: 0,0000 s
abr 04, 2013 12:33:13 PM org.ros.time.RemoteUptimeClock update
INFO: Latency: 31,0000 s, Delta ratio: 0,5000, Drift: 2,000, Error reduction coefficient: 0,000, Error: 0,0000 s
abr 04, 2013 12:33:13 PM org.ros.time.RemoteUptimeClock update
INFO: Latency: 31,0000 s, Delta ratio: 0,5000, Drift: 2,000, Error reduction coefficient: 0,000, Error: 0,0000 s
abr 04, 2013 12:33:13 PM org.ros.time.RemoteUptimeClock update
INFO: Latency: 31,0000 s, Delta ratio: 0,5000, Drift: 2,000, Error reduction coefficient: 0,000, Error: 0,0000 s
abr 04, 2013 12:33:13 PM org.ros.time.RemoteUptimeClock update
INFO: Latency: 31,0000 s, Delta ratio: 0,5000, Drift: 2,000, Error reduction coefficient: 0,000, Error: 0,0000 s
abr 04, 2013 12:33:13 PM org.ros.time.RemoteUptimeClock update
INFO: Latency: 31,0000 s, Delta ratio: 0,5000, Drift: 2,000, Error reduction coefficient: 0,000, Error: 0,0000 s
abr 04, 2013 12:33:13 PM org.ros.time.RemoteUptimeClock update
INFO: Latency: 31,0000 s, Delta ratio: 0,5000, Drift: 2,000, Error reduction coefficient: 0,000, Error: 0,0000 s
abr 04, 2013 12:33:13 PM org.ros.time.RemoteUptimeClock update
INFO: Latency: 31,0000 s, Delta ratio: 0,5000, Drift: 2,000, Error reduction coefficient: 0,000, Error: 0,0000 s
abr 04, 2013 12:33:13 PM org.ros.time.RemoteUptimeClock update
INFO: Latency: 31,0000 s, Delta ratio: 0,5000, Drift: 2,000, Error reduction coefficient: 0,000, Error: 0,0000 s
abr 04, 2013 12:33:13 PM org.ros.time.RemoteUptimeClock update
INFO: Latency: 31,0000 s, Delta ratio: 0,5000, Drift: 2,000, Error reduction coefficient: 0,000, Error: 0,0000 s
abr 04, 2013 12:33:13 PM org.ros.time.RemoteUptimeClock update
INFO: Latency: 31,0000 s, Delta ratio: 0,5000, Drift: 2,000, Error reduction coefficient: 0,000, Error: 0,0000 s
abr 04, 2013 12:33:13 PM org.ros.time.RemoteUptimeClock update
INFO: Latency: 31,0000 s, Delta ratio: 0,5000, Drift: 2,000, Error reduction coefficient: 0,000, Error: 0,0000 s
abr 04, 2013 12:33:13 PM org.ros.time.RemoteUptimeClock update
INFO: Latency: 31,0000 s, Delta ratio: 0,5000, Drift: 2,000, Error reduction coefficient: 0,000, Error: 0,0000 s
abr 04, 2013 12:33:13 PM org.ros.time.RemoteUptimeClock update
INFO: Latency: 31,0000 s, Delta ratio: 0,5000, Drift: 2,000, Error reduction coefficient: 0,000, Error: 0,0000 s
abr 04, 2013 12:33:13 PM org.ros.time.RemoteUptimeClock update
INFO: Latency: 31,0000 s, Delta ratio: 0,5000, Drift: 2,000, Error reduction coefficient: 0,000, Error: 0,0000 s
abr 04, 2013 12:33:13 PM org.ros.time.RemoteUptimeClock update
INFO: Latency: 31,0000 s, Delta ratio: 0,5000, Drift: 2,000, Error reduction coefficient: 0,000, Error: 0,0000 s
abr 04, 2013 12:33:13 PM org.ros.time.RemoteUptimeClock update
INFO: Latency: 31,0000 s, Delta ratio: 0,5000, Drift: 2,000, Error reduction coefficient: 0,000, Error: 0,0000 s
abr 04, 2013 12:33:13 PM org.ros.time.RemoteUptimeClock update
INFO: Latency: 31,0000 s, Delta ratio: 0,5000, Drift: 2,000, Error reduction coefficient: 0,000, Error: 0,0000 s
abr 04, 2013 12:33:13 PM org.ros.time.RemoteUptimeClock update
INFO: Latency: 31,0000 s, Delta ratio: 0,5000, Drift: 2,000, Error reduction coefficient: 0,000, Error: 0,0000 s
abr 04, 2013 12:33:13 PM org.ros.time.RemoteUptimeClock update
INFO: Latency: 31,0000 s, Delta ratio: 0,5000, Drift: 2,000, Error reduction coefficient: 0,000, Error: 0,0000 s
abr 04, 2013 12:33:13 PM org.ros.time.RemoteUptimeClock update
INFO: Latency: 31,0000 s, Delta ratio: 0,5000, Drift: 2,000, Error reduction coefficient: 0,000, Error: 0,0000 s
abr 04, 2013 12:33:13 PM org.ros.time.RemoteUptimeClock update
INFO: Latency: 31,0000 s, Delta ratio: 0,5000, Drift: 2,000, Error reduction coefficient: 0,000, Error: 0,0000 s
abr 04, 2013 12:33:13 PM org.ros.time.RemoteUptimeClock update
INFO: Latency: 31,0000 s, Delta ratio: 0,5000, Drift: 2,000, Error reduction coefficient: 0,000, Error: 0,0000 s
abr 04, 2013 12:33:13 PM org.ros.time.RemoteUptimeClock update
INFO: Latency: 31,0000 s, Delta ratio: 0,5000, Drift: 2,000, Error reduction coefficient: 0,000, Error: 0,0000 s
abr 04, 2013 12:33:13 PM org.ros.time.RemoteUptimeClock update
INFO: Latency: 31,0000 s, Delta ratio: 0,5000, Drift: 2,000, Error reduction coefficient: 0,000, Error: 0,0000 s
abr 04, 2013 12:33:13 PM org.ros.time.RemoteUptimeClock update
INFO: Latency: 31,0000 s, Delta ratio: 0,5000, Drift: 2,000, Error reduction coefficient: 0,000, Error: 0,0000 s
abr 04, 2013 12:33:13 PM org.ros.time.RemoteUptimeClock update
INFO: Latency: 31,0000 s, Delta ratio: 0,5000, Drift: 2,000, Error reduction coefficient: 0,000, Error: 0,0000 s
abr 04, 2013 12:33:13 PM org.ros.time.RemoteUptimeClock update
INFO: Latency: 31,0000 s, Delta ratio: 0,5000, Drift: 2,000, Error reduction coefficient: 0,000, Error: 0,0000 s
abr 04, 2013 12:33:13 PM org.ros.time.RemoteUptimeClock update
INFO: Latency: 31,0000 s, Delta ratio: 0,5000, Drift: 2,000, Error reduction coefficient: 0,000, Error: 0,0000 s
abr 04, 2013 12:33:13 PM org.ros.time.RemoteUptimeClock update
INFO: Latency: 31,0000 s, Delta ratio: 0,5000, Drift: 2,000, Error reduction coefficient: 0,000, Error: 0,0000 s
abr 04, 2013 12:33:13 PM org.ros.time.RemoteUptimeClock update
INFO: Latency: 31,0000 s, Delta ratio: 0,5000, Drift: 2,000, Error reduction coefficient: 0,000, Error: 0,0000 s
abr 04, 2013 12:33:13 PM org.ros.time.RemoteUptimeClock update
INFO: Latency: 31,0000 s, Delta ratio: 0,5000, Drift: 2,000, Error reduction coefficient: 0,000, Error: 0,0000 s
abr 04, 2013 12:33:13 PM org.ros.time.RemoteUptimeClock update
INFO: Latency: 31,0000 s, Delta ratio: 0,5000, Drift: 2,000, Error reduction coefficient: 0,000, Error: 0,0000 s
abr 04, 2013 12:33:13 PM org.ros.time.RemoteUptimeClock update
INFO: Latency: 31,0000 s, Delta ratio: 0,5000, Drift: 2,000, Error reduction coefficient: 0,000, Error: 0,0000 s
abr 04, 2013 12:33:13 PM org.ros.time.RemoteUptimeClock update
INFO: Latency: 31,0000 s, Delta ratio: 0,5000, Drift: 2,000, Error reduction coefficient: 0,000, Error: 0,0000 s
abr 04, 2013 12:33:13 PM org.ros.time.RemoteUptimeClock update
INFO: Latency: 31,0000 s, Delta ratio: 0,5000, Drift: 2,000, Error reduction coefficient: 0,000, Error: 0,0000 s
abr 04, 2013 12:33:13 PM org.ros.time.RemoteUptimeClock update
INFO: Latency: 31,0000 s, Delta ratio: 0,5000, Drift: 2,000, Error reduction coefficient: 0,000, Error: 0,0000 s
abr 04, 2013 12:33:13 PM org.ros.time.RemoteUptimeClock update
INFO: Latency: 31,0000 s, Delta ratio: 0,5000, Drift: 2,000, Error reduction coefficient: 0,000, Error: 0,0000 s
abr 04, 2013 12:33:13 PM org.ros.time.RemoteUptimeClock update
INFO: Latency: 31,0000 s, Delta ratio: 0,5000, Drift: 2,000, Error reduction coefficient: 0,000, Error: 0,0000 s
abr 04, 2013 12:33:13 PM org.ros.time.RemoteUptimeClock update
INFO: Latency: 31,0000 s, Delta ratio: 0,5000, Drift: 2,000, Error reduction coefficient: 0,000, Error: 0,0000 s
abr 04, 2013 12:33:13 PM org.ros.time.RemoteUptimeClock update
INFO: Latency: 31,0000 s, Delta ratio: 0,5000, Drift: 2,000, Error reduction coefficient: 0,000, Error: 0,0000 s
abr 04, 2013 12:33:13 PM org.ros.time.RemoteUptimeClock update
INFO: Latency: 31,0000 s, Delta ratio: 0,5000, Drift: 2,000, Error reduction coefficient: 0,000, Error: 0,0000 s
abr 04, 2013 12:33:13 PM org.ros.time.RemoteUptimeClock update
INFO: Latency: 31,0000 s, Delta ratio: 0,5000, Drift: 2,000, Error reduction coefficient: 0,000, Error: 0,0000 s
abr 04, 2013 12:33:13 PM org.ros.time.RemoteUptimeClock update
INFO: Latency: 31,0000 s, Delta ratio: 0,5000, Drift: 2,000, Error reduction coefficient: 0,000, Error: 0,0000 s
abr 04, 2013 12:33:13 PM org.ros.time.RemoteUptimeClock update
INFO: Latency: 31,0000 s, Delta ratio: 0,5000, Drift: 2,000, Error reduction coefficient: 0,000, Error: 0,0000 s
abr 04, 2013 12:33:13 PM org.ros.time.RemoteUptimeClock update
INFO: Latency: 31,0000 s, Delta ratio: 0,5000, Drift: 2,000, Error reduction coefficient: 0,000, Error: 0,0000 s
abr 04, 2013 12:33:13 PM org.ros.time.RemoteUptimeClock update
INFO: Latency: 31,0000 s, Delta ratio: 0,5000, Drift: 2,000, Error reduction coefficient: 0,000, Error: 0,0000 s
abr 04, 2013 12:33:13 PM org.ros.time.RemoteUptimeClock update
INFO: Latency: 31,0000 s, Delta ratio: 0,5000, Drift: 2,000, Error reduction coefficient: 0,000, Error: 0,0000 s
abr 04, 2013 12:33:13 PM org.ros.time.RemoteUptimeClock update
INFO: Latency: 31,0000 s, Delta ratio: 0,5000, Drift: 2,000, Error reduction coefficient: 0,000, Error: 0,0000 s
abr 04, 2013 12:33:13 PM org.ros.time.RemoteUptimeClock update
INFO: Latency: 31,0000 s, Delta ratio: 0,5000, Drift: 2,000, Error reduction coefficient: 0,000, Error: 0,0000 s
abr 04, 2013 12:33:13 PM org.ros.time.RemoteUptimeClock update
INFO: Latency: 31,0000 s, Delta ratio: 0,5000, Drift: 2,000, Error reduction coefficient: 0,000, Error: 0,0000 s
abr 04, 2013 12:33:13 PM org.ros.time.RemoteUptimeClock update
INFO: Latency: 31,0000 s, Delta ratio: 0,5000, Drift: 2,000, Error reduction coefficient: 0,000, Error: 0,0000 s
abr 04, 2013 12:33:13 PM org.ros.time.RemoteUptimeClock update
INFO: Latency: 31,0000 s, Delta ratio: 0,5000, Drift: 2,000, Error reduction coefficient: 0,000, Error: 0,0000 s
abr 04, 2013 12:33:13 PM org.ros.time.RemoteUptimeClock update
INFO: Latency: 31,0000 s, Delta ratio: 0,5000, Drift: 2,000, Error reduction coefficient: 0,000, Error: 0,0000 s
abr 04, 2013 12:33:13 PM org.ros.time.RemoteUptimeClock update
INFO: Latency: 31,0000 s, Delta ratio: 0,5000, Drift: 2,000, Error reduction coefficient: 0,000, Error: 0,0000 s
abr 04, 2013 12:33:13 PM org.ros.time.RemoteUptimeClock update
INFO: Latency: 31,0000 s, Delta ratio: 0,5000, Drift: 2,000, Error reduction coefficient: 0,000, Error: 0,0000 s
abr 04, 2013 12:33:13 PM org.ros.time.RemoteUptimeClock update
INFO: Latency: 31,0000 s, Delta ratio: 0,5000, Drift: 2,000, Error reduction coefficient: 0,000, Error: 0,0000 s
abr 04, 2013 12:33:13 PM org.ros.time.RemoteUptimeClock update
INFO: Latency: 31,0000 s, Delta ratio: 0,5000, Drift: 2,000, Error reduction coefficient: 0,000, Error: 0,0000 s
abr 04, 2013 12:33:13 PM org.ros.time.RemoteUptimeClock update
INFO: Latency: 31,0000 s, Delta ratio: 0,5000, Drift: 2,000, Error reduction coefficient: 0,000, Error: 0,0000 s
abr 04, 2013 12:33:13 PM org.ros.time.RemoteUptimeClock update
INFO: Latency: 31,0000 s, Delta ratio: 0,5000, Drift: 2,000, Error reduction coefficient: 0,000, Error: 0,0000 s
abr 04, 2013 12:33:13 PM org.ros.time.RemoteUptimeClock update
INFO: Latency: 31,0000 s, Delta ratio: 0,5000, Drift: 2,000, Error reduction coefficient: 0,000, Error: 0,0000 s
abr 04, 2013 12:33:13 PM org.ros.time.RemoteUptimeClock update
INFO: Latency: 31,0000 s, Delta ratio: 0,5000, Drift: 2,000, Error reduction coefficient: 0,000, Error: 0,0000 s
abr 04, 2013 12:33:13 PM org.ros.time.RemoteUptimeClock update
INFO: Latency: 31,0000 s, Delta ratio: 0,5000, Drift: 2,000, Error reduction coefficient: 0,000, Error: 0,0000 s
abr 04, 2013 12:33:13 PM org.ros.time.RemoteUptimeClock update
INFO: Latency: 31,0000 s, Delta ratio: 0,5000, Drift: 2,000, Error reduction coefficient: 0,000, Error: 0,0000 s
abr 04, 2013 12:33:13 PM org.ros.time.RemoteUptimeClock update
INFO: Latency: 31,0000 s, Delta ratio: 0,5000, Drift: 2,000, Error reduction coefficient: 0,000, Error: 0,0000 s
abr 04, 2013 12:33:13 PM org.ros.time.RemoteUptimeClock update
INFO: Latency: 31,0000 s, Delta ratio: 0,5000, Drift: 2,000, Error reduction coefficient: 0,000, Error: 0,0000 s
abr 04, 2013 12:33:13 PM org.ros.time.RemoteUptimeClock update
INFO: Latency: 31,0000 s, Delta ratio: 0,5000, Drift: 2,000, Error reduction coefficient: 0,000, Error: 0,0000 s
abr 04, 2013 12:33:13 PM org.ros.time.RemoteUptimeClock update
INFO: Latency: 31,0000 s, Delta ratio: 0,5000, Drift: 2,000, Error reduction coefficient: 0,000, Error: 0,0000 s
abr 04, 2013 12:33:13 PM org.ros.time.RemoteUptimeClock update
INFO: Latency: 31,0000 s, Delta ratio: 0,5000, Drift: 2,000, Error reduction coefficient: 0,000, Error: 0,0000 s
abr 04, 2013 12:33:13 PM org.ros.time.RemoteUptimeClock update
INFO: Latency: 31,0000 s, Delta ratio: 0,5000, Drift: 2,000, Error reduction coefficient: 0,000, Error: 0,0000 s
abr 04, 2013 12:33:13 PM org.ros.time.RemoteUptimeClock update
INFO: Latency: 31,0000 s, Delta ratio: 0,5000, Drift: 2,000, Error reduction coefficient: 0,000, Error: 0,0000 s
abr 04, 2013 12:33:13 PM org.ros.time.RemoteUptimeClock update
INFO: Latency: 31,0000 s, Delta ratio: 0,5000, Drift: 2,000, Error reduction coefficient: 0,000, Error: 0,0000 s
abr 04, 2013 12:33:13 PM org.ros.time.RemoteUptimeClock update
INFO: Latency: 31,0000 s, Delta ratio: 0,5000, Drift: 2,000, Error reduction coefficient: 0,000, Error: 0,0000 s
abr 04, 2013 12:33:13 PM org.ros.time.RemoteUptimeClock update
INFO: Latency: 31,0000 s, Delta ratio: 0,5000, Drift: 2,000, Error reduction coefficient: 0,000, Error: 0,0000 s
abr 04, 2013 12:33:13 PM org.ros.time.RemoteUptimeClock update
INFO: Latency: 31,0000 s, Delta ratio: 0,5000, Drift: 2,000, Error reduction coefficient: 0,000, Error: 0,0000 s
abr 04, 2013 12:33:13 PM org.ros.time.RemoteUptimeClock update
INFO: Latency: 31,0000 s, Delta ratio: 0,5000, Drift: 2,000, Error reduction coefficient: 0,000, Error: 0,0000 s
abr 04, 2013 12:33:13 PM org.ros.time.RemoteUptimeClock update
INFO: Latency: 31,0000 s, Delta ratio: 0,5000, Drift: 2,000, Error reduction coefficient: 0,000, Error: 0,0000 s
abr 04, 2013 12:33:13 PM org.ros.time.RemoteUptimeClock update
INFO: Latency: 31,0000 s, Delta ratio: 0,5000, Drift: 2,000, Error reduction coefficient: 0,000, Error: 0,0000 s
abr 04, 2013 12:33:13 PM org.ros.time.RemoteUptimeClock update
INFO: Latency: 31,0000 s, Delta ratio: 0,5000, Drift: 2,000, Error reduction coefficient: 0,000, Error: 0,0000 s
abr 04, 2013 12:33:13 PM org.ros.time.RemoteUptimeClock update
INFO: Latency: 31,0000 s, Delta ratio: 0,5000, Drift: 2,000, Error reduction coefficient: 0,000, Error: 0,0000 s
abr 04, 2013 12:33:13 PM org.ros.time.RemoteUptimeClock update
INFO: Latency: 31,0000 s, Delta ratio: 0,5000, Drift: 2,000, Error reduction coefficient: 0,000, Error: 0,0000 s
abr 04, 2013 12:33:13 PM org.ros.time.RemoteUptimeClock update
INFO: Latency: 31,0000 s, Delta ratio: 0,5000, Drift: 2,000, Error reduction coefficient: 0,000, Error: 0,0000 s
abr 04, 2013 12:33:13 PM org.ros.time.RemoteUptimeClock update
INFO: Latency: 31,0000 s, Delta ratio: 0,5000, Drift: 2,000, Error reduction coefficient: 0,000, Error: 0,0000 s
abr 04, 2013 12:33:13 PM org.ros.time.RemoteUptimeClock update
INFO: Latency: 31,0000 s, Delta ratio: 0,5000, Drift: 2,000, Error reduction coefficient: 0,000, Error: 0,0000 s
abr 04, 2013 12:33:13 PM org.ros.time.RemoteUptimeClock update
INFO: Latency: 31,0000 s, Delta ratio: 0,5000, Drift: 2,000, Error reduction coefficient: 0,000, Error: 0,0000 s
abr 04, 2013 12:33:13 PM org.ros.time.RemoteUptimeClock update
INFO: Latency: 31,0000 s, Delta ratio: 0,5000, Drift: 2,000, Error reduction coefficient: 0,000, Error: 0,0000 s
abr 04, 2013 12:33:13 PM org.ros.time.RemoteUptimeClock update
INFO: Latency: 31,0000 s, Delta ratio: 0,5000, Drift: 2,000, Error reduction coefficient: 0,000, Error: 0,0000 s
abr 04, 2013 12:33:13 PM org.ros.time.RemoteUptimeClock update
INFO: Latency: 31,0000 s, Delta ratio: 0,5000, Drift: 2,000, Error reduction coefficient: 0,000, Error: 0,0000 s
abr 04, 2013 12:33:13 PM org.ros.time.RemoteUptimeClock update
INFO: Latency: 31,0000 s, Delta ratio: 0,5000, Drift: 2,000, Error reduction coefficient: 0,000, Error: 0,0000 s
abr 04, 2013 12:33:13 PM org.ros.time.RemoteUptimeClock update
INFO: Latency: 31,0000 s, Delta ratio: 0,5000, Drift: 2,000, Error reduction coefficient: 0,000, Error: 0,0000 s
abr 04, 2013 12:33:13 PM org.ros.time.RemoteUptimeClock update
INFO: Latency: 31,0000 s, Delta ratio: 0,5000, Drift: 2,000, Error reduction coefficient: 0,000, Error: 0,0000 s
abr 04, 2013 12:33:13 PM org.ros.time.RemoteUptimeClock update
INFO: Latency: 31,0000 s, Delta ratio: 0,5000, Drift: 2,000, Error reduction coefficient: 0,000, Error: 0,0000 s
abr 04, 2013 12:33:13 PM org.ros.time.RemoteUptimeClock update
INFO: Latency: 31,0000 s, Delta ratio: 0,5000, Drift: 2,000, Error reduction coefficient: 0,000, Error: 0,0000 s
abr 04, 2013 12:33:13 PM org.ros.time.RemoteUptimeClock update
INFO: Latency: 31,0000 s, Delta ratio: 0,5000, Drift: 2,000, Error reduction coefficient: 0,000, Error: 0,0000 s
abr 04, 2013 12:33:13 PM org.ros.time.RemoteUptimeClock update
INFO: Latency: 31,0000 s, Delta ratio: 0,5000, Drift: 2,000, Error reduction coefficient: 0,000, Error: 0,0000 s
abr 04, 2013 12:33:13 PM org.ros.time.RemoteUptimeClock update
INFO: Latency: 31,0000 s, Delta ratio: 0,5000, Drift: 2,000, Error reduction coefficient: 0,000, Error: 0,0000 s
abr 04, 2013 12:33:13 PM org.ros.time.RemoteUptimeClock update
INFO: Latency: 31,0000 s, Delta ratio: 0,5000, Drift: 2,000, Error reduction coefficient: 0,000, Error: 0,0000 s
abr 04, 2013 12:33:13 PM org.ros.time.RemoteUptimeClock update
INFO: Latency: 31,0000 s, Delta ratio: 0,5000, Drift: 2,000, Error reduction coefficient: 0,000, Error: 0,0000 s
abr 04, 2013 12:33:13 PM org.ros.time.RemoteUptimeClock update
INFO: Latency: 31,0000 s, Delta ratio: 0,5000, Drift: 2,000, Error reduction coefficient: 0,000, Error: 0,0000 s
abr 04, 2013 12:33:13 PM org.ros.time.RemoteUptimeClock update
INFO: Latency: 31,0000 s, Delta ratio: 0,5000, Drift: 2,000, Error reduction coefficient: 0,000, Error: 0,0000 s
abr 04, 2013 12:33:13 PM org.ros.time.RemoteUptimeClock update
INFO: Latency: 31,0000 s, Delta ratio: 0,5000, Drift: 2,000, Error reduction coefficient: 0,000, Error: 0,0000 s
abr 04, 2013 12:33:13 PM org.ros.time.RemoteUptimeClock update
INFO: Latency: 31,0000 s, Delta ratio: 0,5000, Drift: 2,000, Error reduction coefficient: 0,000, Error: 0,0000 s
abr 04, 2013 12:33:13 PM org.ros.time.RemoteUptimeClock update
INFO: Latency: 31,0000 s, Delta ratio: 0,5000, Drift: 2,000, Error reduction coefficient: 0,000, Error: 0,0000 s
abr 04, 2013 12:33:13 PM org.ros.time.RemoteUptimeClock update
INFO: Latency: 31,0000 s, Delta ratio: 0,5000, Drift: 2,000, Error reduction coefficient: 0,000, Error: 0,0000 s
abr 04, 2013 12:33:13 PM org.ros.time.RemoteUptimeClock update
INFO: Latency: 31,0000 s, Delta ratio: 0,5000, Drift: 2,000, Error reduction coefficient: 0,000, Error: 0,0000 s
abr 04, 2013 12:33:13 PM org.ros.time.RemoteUptimeClock update
INFO: Latency: 31,0000 s, Delta ratio: 0,5000, Drift: 2,000, Error reduction coefficient: 0,000, Error: 0,0000 s
abr 04, 2013 12:33:13 PM org.ros.time.RemoteUptimeClock update
INFO: Latency: 31,0000 s, Delta ratio: 0,5000, Drift: 2,000, Error reduction coefficient: 0,000, Error: 0,0000 s
abr 04, 2013 12:33:13 PM org.ros.time.RemoteUptimeClock update
INFO: Latency: 31,0000 s, Delta ratio: 0,5000, Drift: 2,000, Error reduction coefficient: 0,000, Error: 0,0000 s
abr 04, 2013 12:33:13 PM org.ros.time.RemoteUptimeClock update
INFO: Latency: 31,0000 s, Delta ratio: 0,5000, Drift: 2,000, Error reduction coefficient: 0,000, Error: 0,0000 s
abr 04, 2013 12:33:13 PM org.ros.time.RemoteUptimeClock update
INFO: Latency: 31,0000 s, Delta ratio: 0,5000, Drift: 2,000, Error reduction coefficient: 0,000, Error: 0,0000 s
abr 04, 2013 12:33:13 PM org.ros.time.RemoteUptimeClock update
INFO: Latency: 31,0000 s, Delta ratio: 0,5000, Drift: 2,000, Error reduction coefficient: 0,000, Error: 0,0000 s
abr 04, 2013 12:33:13 PM org.ros.time.RemoteUptimeClock update
INFO: Latency: 31,0000 s, Delta ratio: 0,5000, Drift: 2,000, Error reduction coefficient: 0,000, Error: 0,0000 s
abr 04, 2013 12:33:13 PM org.ros.time.RemoteUptimeClock update
INFO: Latency: 31,0000 s, Delta ratio: 0,5000, Drift: 2,000, Error reduction coefficient: 0,000, Error: 0,0000 s
abr 04, 2013 12:33:13 PM org.ros.time.RemoteUptimeClock update
INFO: Latency: 31,0000 s, Delta ratio: 0,5000, Drift: 2,000, Error reduction coefficient: 0,000, Error: 0,0000 s
abr 04, 2013 12:33:13 PM org.ros.time.RemoteUptimeClock update
INFO: Latency: 31,0000 s, Delta ratio: 0,5000, Drift: 2,000, Error reduction coefficient: 0,000, Error: 0,0000 s
abr 04, 2013 12:33:13 PM org.ros.time.RemoteUptimeClock update
INFO: Latency: 31,0000 s, Delta ratio: 0,5000, Drift: 2,000, Error reduction coefficient: 0,000, Error: 0,0000 s
abr 04, 2013 12:33:13 PM org.ros.time.RemoteUptimeClock update
INFO: Latency: 31,0000 s, Delta ratio: 0,5000, Drift: 2,000, Error reduction coefficient: 0,000, Error: 0,0000 s
abr 04, 2013 12:33:13 PM org.ros.time.RemoteUptimeClock update
INFO: Latency: 31,0000 s, Delta ratio: 0,5000, Drift: 2,000, Error reduction coefficient: 0,000, Error: 0,0000 s
abr 04, 2013 12:33:13 PM org.ros.time.RemoteUptimeClock update
INFO: Latency: 31,0000 s, Delta ratio: 0,5000, Drift: 2,000, Error reduction coefficient: 0,000, Error: 0,0000 s
abr 04, 2013 12:33:13 PM org.ros.time.RemoteUptimeClock update
INFO: Latency: 31,0000 s, Delta ratio: 0,5000, Drift: 2,000, Error reduction coefficient: 0,000, Error: 0,0000 s
abr 04, 2013 12:33:13 PM org.ros.time.RemoteUptimeClock update
INFO: Latency: 31,0000 s, Delta ratio: 0,5000, Drift: 2,000, Error reduction coefficient: 0,000, Error: 0,0000 s
abr 04, 2013 12:33:13 PM org.ros.time.RemoteUptimeClock update
INFO: Latency: 31,0000 s, Delta ratio: 0,5000, Drift: 2,000, Error reduction coefficient: 0,000, Error: 0,0000 s
abr 04, 2013 12:33:13 PM org.ros.time.RemoteUptimeClock update
INFO: Latency: 31,0000 s, Delta ratio: 0,5000, Drift: 2,000, Error reduction coefficient: 0,000, Error: 0,0000 s
abr 04, 2013 12:33:13 PM org.ros.time.RemoteUptimeClock update
INFO: Latency: 31,0000 s, Delta ratio: 0,5000, Drift: 2,000, Error reduction coefficient: 0,000, Error: 0,0000 s
abr 04, 2013 12:33:13 PM org.ros.time.RemoteUptimeClock update
INFO: Latency: 31,0000 s, Delta ratio: 0,5000, Drift: 2,000, Error reduction coefficient: 0,000, Error: 0,0000 s
abr 04, 2013 12:33:13 PM org.ros.time.RemoteUptimeClock update
INFO: Latency: 31,0000 s, Delta ratio: 0,5000, Drift: 2,000, Error reduction coefficient: 0,000, Error: 0,0000 s
abr 04, 2013 12:33:13 PM org.ros.time.RemoteUptimeClock update
INFO: Latency: 31,0000 s, Delta ratio: 0,5000, Drift: 2,000, Error reduction coefficient: 0,000, Error: 0,0000 s
abr 04, 2013 12:33:13 PM org.ros.time.RemoteUptimeClock update
INFO: Latency: 31,0000 s, Delta ratio: 0,5000, Drift: 2,000, Error reduction coefficient: 0,000, Error: 0,0000 s
abr 04, 2013 12:33:13 PM org.ros.time.RemoteUptimeClock update
INFO: Latency: 31,0000 s, Delta ratio: 0,5000, Drift: 2,000, Error reduction coefficient: 0,000, Error: 0,0000 s
abr 04, 2013 12:33:13 PM org.ros.time.RemoteUptimeClock update
INFO: Latency: 31,0000 s, Delta ratio: 0,5000, Drift: 2,000, Error reduction coefficient: 0,000, Error: 0,0000 s
abr 04, 2013 12:33:13 PM org.ros.time.RemoteUptimeClock update
INFO: Latency: 31,0000 s, Delta ratio: 0,5000, Drift: 2,000, Error reduction coefficient: 0,000, Error: 0,0000 s
abr 04, 2013 12:33:13 PM org.ros.time.RemoteUptimeClock update
INFO: Latency: 31,0000 s, Delta ratio: 0,5000, Drift: 2,000, Error reduction coefficient: 0,000, Error: 0,0000 s
abr 04, 2013 12:33:13 PM org.ros.time.RemoteUptimeClock update
INFO: Latency: 31,0000 s, Delta ratio: 0,5000, Drift: 2,000, Error reduction coefficient: 0,000, Error: 0,0000 s
abr 04, 2013 12:33:13 PM org.ros.time.RemoteUptimeClock update
INFO: Latency: 31,0000 s, Delta ratio: 0,5000, Drift: 2,000, Error reduction coefficient: 0,000, Error: 0,0000 s
abr 04, 2013 12:33:13 PM org.ros.time.RemoteUptimeClock update
INFO: Latency: 31,0000 s, Delta ratio: 0,5000, Drift: 2,000, Error reduction coefficient: 0,000, Error: 0,0000 s
abr 04, 2013 12:33:13 PM org.ros.time.RemoteUptimeClock update
INFO: Latency: 31,0000 s, Delta ratio: 0,5000, Drift: 2,000, Error reduction coefficient: 0,000, Error: 0,0000 s
abr 04, 2013 12:33:13 PM org.ros.time.RemoteUptimeClock update
INFO: Latency: 31,0000 s, Delta ratio: 0,5000, Drift: 2,000, Error reduction coefficient: 0,000, Error: 0,0000 s
abr 04, 2013 12:33:13 PM org.ros.time.RemoteUptimeClock update
INFO: Latency: 31,0000 s, Delta ratio: 0,5000, Drift: 2,000, Error reduction coefficient: 0,000, Error: 0,0000 s
abr 04, 2013 12:33:13 PM org.ros.time.RemoteUptimeClock update
INFO: Latency: 31,0000 s, Delta ratio: 0,5000, Drift: 2,000, Error reduction coefficient: 0,000, Error: 0,0000 s
abr 04, 2013 12:33:13 PM org.ros.time.RemoteUptimeClock update
INFO: Latency: 31,0000 s, Delta ratio: 0,5000, Drift: 2,000, Error reduction coefficient: 0,000, Error: 0,0000 s
abr 04, 2013 12:33:13 PM org.ros.time.RemoteUptimeClock update
INFO: Latency: 31,0000 s, Delta ratio: 0,5000, Drift: 2,000, Error reduction coefficient: 0,000, Error: 0,0000 s
abr 04, 2013 12:33:13 PM org.ros.time.RemoteUptimeClock update
INFO: Latency: 31,0000 s, Delta ratio: 0,5000, Drift: 2,000, Error reduction coefficient: 0,000, Error: 0,0000 s
abr 04, 2013 12:33:13 PM org.ros.time.RemoteUptimeClock update
INFO: Latency: 31,0000 s, Delta ratio: 0,5000, Drift: 2,000, Error reduction coefficient: 0,000, Error: 0,0000 s
abr 04, 2013 12:33:13 PM org.ros.time.RemoteUptimeClock update
INFO: Latency: 31,0000 s, Delta ratio: 0,5000, Drift: 2,000, Error reduction coefficient: 0,000, Error: 0,0000 s
abr 04, 2013 12:33:13 PM org.ros.time.RemoteUptimeClock update
INFO: Latency: 31,0000 s, Delta ratio: 0,5000, Drift: 2,000, Error reduction coefficient: 0,000, Error: 0,0000 s
abr 04, 2013 12:33:13 PM org.ros.time.RemoteUptimeClock update
INFO: Latency: 31,0000 s, Delta ratio: 0,5000, Drift: 2,000, Error reduction coefficient: 0,000, Error: 0,0000 s
abr 04, 2013 12:33:13 PM org.ros.time.RemoteUptimeClock update
INFO: Latency: 31,0000 s, Delta ratio: 0,5000, Drift: 2,000, Error reduction coefficient: 0,000, Error: 0,0000 s
abr 04, 2013 12:33:13 PM org.ros.time.RemoteUptimeClock update
INFO: Latency: 31,0000 s, Delta ratio: 0,5000, Drift: 2,000, Error reduction coefficient: 0,000, Error: 0,0000 s
abr 04, 2013 12:33:13 PM org.ros.time.RemoteUptimeClock update
INFO: Latency: 31,0000 s, Delta ratio: 0,5000, Drift: 2,000, Error reduction coefficient: 0,000, Error: 0,0000 s
abr 04, 2013 12:33:13 PM org.ros.time.RemoteUptimeClock update
INFO: Latency: 31,0000 s, Delta ratio: 0,5000, Drift: 2,000, Error reduction coefficient: 0,000, Error: 0,0000 s
abr 04, 2013 12:33:13 PM org.ros.time.RemoteUptimeClock update
INFO: Latency: 31,0000 s, Delta ratio: 0,5000, Drift: 2,000, Error reduction coefficient: 0,000, Error: 0,0000 s
abr 04, 2013 12:33:13 PM org.ros.time.RemoteUptimeClock update
INFO: Latency: 31,0000 s, Delta ratio: 0,5000, Drift: 2,000, Error reduction coefficient: 0,000, Error: 0,0000 s
abr 04, 2013 12:33:13 PM org.ros.time.RemoteUptimeClock update
INFO: Latency: 31,0000 s, Delta ratio: 0,5000, Drift: 2,000, Error reduction coefficient: 0,000, Error: 0,0000 s
abr 04, 2013 12:33:13 PM org.ros.time.RemoteUptimeClock update
INFO: Latency: 31,0000 s, Delta ratio: 0,5000, Drift: 2,000, Error reduction coefficient: 0,000, Error: 0,0000 s
abr 04, 2013 12:33:13 PM org.ros.time.RemoteUptimeClock update
INFO: Latency: 31,0000 s, Delta ratio: 0,5000, Drift: 2,000, Error reduction coefficient: 0,000, Error: 0,0000 s
abr 04, 2013 12:33:13 PM org.ros.time.RemoteUptimeClock update
INFO: Latency: 31,0000 s, Delta ratio: 0,5000, Drift: 2,000, Error reduction coefficient: 0,000, Error: 0,0000 s
abr 04, 2013 12:33:13 PM org.ros.time.RemoteUptimeClock update
INFO: Latency: 31,0000 s, Delta ratio: 0,5000, Drift: 2,000, Error reduction coefficient: 0,000, Error: 0,0000 s
abr 04, 2013 12:33:13 PM org.ros.time.RemoteUptimeClock update
INFO: Latency: 31,0000 s, Delta ratio: 0,5000, Drift: 2,000, Error reduction coefficient: 0,000, Error: 0,0000 s
abr 04, 2013 12:33:13 PM org.ros.time.RemoteUptimeClock update
INFO: Latency: 31,0000 s, Delta ratio: 0,5000, Drift: 2,000, Error reduction coefficient: 0,000, Error: 0,0000 s
abr 04, 2013 12:33:13 PM org.ros.time.RemoteUptimeClock update
INFO: Latency: 31,0000 s, Delta ratio: 0,5000, Drift: 2,000, Error reduction coefficient: 0,000, Error: 0,0000 s
abr 04, 2013 12:33:13 PM org.ros.time.RemoteUptimeClock update
INFO: Latency: 31,0000 s, Delta ratio: 0,5000, Drift: 2,000, Error reduction coefficient: 0,000, Error: 0,0000 s
abr 04, 2013 12:33:13 PM org.ros.time.RemoteUptimeClock update
INFO: Latency: 31,0000 s, Delta ratio: 0,5000, Drift: 2,000, Error reduction coefficient: 0,000, Error: 0,0000 s
abr 04, 2013 12:33:13 PM org.ros.time.RemoteUptimeClock update
INFO: Latency: 31,0000 s, Delta ratio: 0,5000, Drift: 2,000, Error reduction coefficient: 0,000, Error: 0,0000 s
abr 04, 2013 12:33:13 PM org.ros.time.RemoteUptimeClock update
INFO: Latency: 31,0000 s, Delta ratio: 0,5000, Drift: 2,000, Error reduction coefficient: 0,000, Error: 0,0000 s
abr 04, 2013 12:33:13 PM org.ros.time.RemoteUptimeClock update
INFO: Latency: 31,0000 s, Delta ratio: 0,5000, Drift: 2,000, Error reduction coefficient: 0,000, Error: 0,0000 s
abr 04, 2013 12:33:13 PM org.ros.time.RemoteUptimeClock update
INFO: Latency: 31,0000 s, Delta ratio: 0,5000, Drift: 2,000, Error reduction coefficient: 0,000, Error: 0,0000 s
abr 04, 2013 12:33:13 PM org.ros.time.RemoteUptimeClock update
INFO: Latency: 31,0000 s, Delta ratio: 0,5000, Drift: 2,000, Error reduction coefficient: 0,000, Error: 0,0000 s
abr 04, 2013 12:33:13 PM org.ros.time.RemoteUptimeClock update
INFO: Latency: 31,0000 s, Delta ratio: 0,5000, Drift: 2,000, Error reduction coefficient: 0,000, Error: 0,0000 s
abr 04, 2013 12:33:13 PM org.ros.time.RemoteUptimeClock update
INFO: Latency: 31,0000 s, Delta ratio: 0,5000, Drift: 2,000, Error reduction coefficient: 0,000, Error: 0,0000 s
abr 04, 2013 12:33:13 PM org.ros.time.RemoteUptimeClock update
INFO: Latency: 31,0000 s, Delta ratio: 0,5000, Drift: 2,000, Error reduction coefficient: 0,000, Error: 0,0000 s
abr 04, 2013 12:33:13 PM org.ros.time.RemoteUptimeClock update
INFO: Latency: 31,0000 s, Delta ratio: 0,5000, Drift: 2,000, Error reduction coefficient: 0,000, Error: 0,0000 s
abr 04, 2013 12:33:13 PM org.ros.time.RemoteUptimeClock update
INFO: Latency: 31,0000 s, Delta ratio: 0,5000, Drift: 2,000, Error reduction coefficient: 0,000, Error: 0,0000 s
abr 04, 2013 12:33:13 PM org.ros.time.RemoteUptimeClock update
INFO: Latency: 31,0000 s, Delta ratio: 0,5000, Drift: 2,000, Error reduction coefficient: 0,000, Error: 0,0000 s
abr 04, 2013 12:33:13 PM org.ros.time.RemoteUptimeClock update
INFO: Latency: 31,0000 s, Delta ratio: 0,5000, Drift: 2,000, Error reduction coefficient: 0,000, Error: 0,0000 s
abr 04, 2013 12:33:13 PM org.ros.time.RemoteUptimeClock update
INFO: Latency: 31,0000 s, Delta ratio: 0,5000, Drift: 2,000, Error reduction coefficient: 0,000, Error: 0,0000 s
abr 04, 2013 12:33:13 PM org.ros.time.RemoteUptimeClock update
INFO: Latency: 31,0000 s, Delta ratio: 0,5000, Drift: 2,000, Error reduction coefficient: 0,000, Error: 0,0000 s
abr 04, 2013 12:33:13 PM org.ros.time.RemoteUptimeClock update
INFO: Latency: 31,0000 s, Delta ratio: 0,5000, Drift: 2,000, Error reduction coefficient: 0,000, Error: 0,0000 s
abr 04, 2013 12:33:13 PM org.ros.time.RemoteUptimeClock update
INFO: Latency: 31,0000 s, Delta ratio: 0,5000, Drift: 2,000, Error reduction coefficient: 0,000, Error: 0,0000 s
abr 04, 2013 12:33:13 PM org.ros.time.RemoteUptimeClock update
INFO: Latency: 31,0000 s, Delta ratio: 0,5000, Drift: 2,000, Error reduction coefficient: 0,000, Error: 0,0000 s
abr 04, 2013 12:33:13 PM org.ros.time.RemoteUptimeClock update
INFO: Latency: 31,0000 s, Delta ratio: 0,5000, Drift: 2,000, Error reduction coefficient: 0,000, Error: 0,0000 s
abr 04, 2013 12:33:13 PM org.ros.time.RemoteUptimeClock update
INFO: Latency: 31,0000 s, Delta ratio: 0,5000, Drift: 2,000, Error reduction coefficient: 0,000, Error: 0,0000 s
abr 04, 2013 12:33:13 PM org.ros.time.RemoteUptimeClock update
INFO: Latency: 31,0000 s, Delta ratio: 0,5000, Drift: 2,000, Error reduction coefficient: 0,000, Error: 0,0000 s
abr 04, 2013 12:33:13 PM org.ros.time.RemoteUptimeClock update
INFO: Latency: 31,0000 s, Delta ratio: 0,5000, Drift: 2,000, Error reduction coefficient: 0,000, Error: 0,0000 s
abr 04, 2013 12:33:13 PM org.ros.time.RemoteUptimeClock update
INFO: Latency: 31,0000 s, Delta ratio: 0,5000, Drift: 2,000, Error reduction coefficient: 0,000, Error: 0,0000 s
abr 04, 2013 12:33:13 PM org.ros.time.RemoteUptimeClock update
INFO: Latency: 31,0000 s, Delta ratio: 0,5000, Drift: 2,000, Error reduction coefficient: 0,000, Error: 0,0000 s
abr 04, 2013 12:33:13 PM org.ros.time.RemoteUptimeClock update
INFO: Latency: 31,0000 s, Delta ratio: 0,5000, Drift: 2,000, Error reduction coefficient: 0,000, Error: 0,0000 s
abr 04, 2013 12:33:13 PM org.ros.time.RemoteUptimeClock update
INFO: Latency: 31,0000 s, Delta ratio: 0,5000, Drift: 2,000, Error reduction coefficient: 0,000, Error: 0,0000 s
abr 04, 2013 12:33:13 PM org.ros.time.RemoteUptimeClock update
INFO: Latency: 31,0000 s, Delta ratio: 0,5000, Drift: 2,000, Error reduction coefficient: 0,000, Error: 0,0000 s
abr 04, 2013 12:33:13 PM org.ros.time.RemoteUptimeClock update
INFO: Latency: 31,0000 s, Delta ratio: 0,5000, Drift: 2,000, Error reduction coefficient: 0,000, Error: 0,0000 s
abr 04, 2013 12:33:13 PM org.ros.time.RemoteUptimeClock update
INFO: Latency: 31,0000 s, Delta ratio: 0,5000, Drift: 2,000, Error reduction coefficient: 0,000, Error: 0,0000 s
abr 04, 2013 12:33:13 PM org.ros.time.RemoteUptimeClock update
INFO: Latency: 31,0000 s, Delta ratio: 0,5000, Drift: 2,000, Error reduction coefficient: 0,000, Error: 0,0000 s
abr 04, 2013 12:33:13 PM org.ros.time.RemoteUptimeClock update
INFO: Latency: 31,0000 s, Delta ratio: 0,5000, Drift: 2,000, Error reduction coefficient: 0,000, Error: 0,0000 s
abr 04, 2013 12:33:13 PM org.ros.time.RemoteUptimeClock update
INFO: Latency: 31,0000 s, Delta ratio: 0,5000, Drift: 2,000, Error reduction coefficient: 0,000, Error: 0,0000 s
abr 04, 2013 12:33:13 PM org.ros.time.RemoteUptimeClock update
INFO: Latency: 31,0000 s, Delta ratio: 0,5000, Drift: 2,000, Error reduction coefficient: 0,000, Error: 0,0000 s
abr 04, 2013 12:33:13 PM org.ros.time.RemoteUptimeClock update
INFO: Latency: 31,0000 s, Delta ratio: 0,5000, Drift: 2,000, Error reduction coefficient: 0,000, Error: 0,0000 s
abr 04, 2013 12:33:13 PM org.ros.time.RemoteUptimeClock update
INFO: Latency: 31,0000 s, Delta ratio: 0,5000, Drift: 2,000, Error reduction coefficient: 0,000, Error: 0,0000 s
abr 04, 2013 12:33:13 PM org.ros.time.RemoteUptimeClock update
INFO: Latency: 31,0000 s, Delta ratio: 0,5000, Drift: 2,000, Error reduction coefficient: 0,000, Error: 0,0000 s
abr 04, 2013 12:33:13 PM org.ros.time.RemoteUptimeClock update
INFO: Latency: 31,0000 s, Delta ratio: 0,5000, Drift: 2,000, Error reduction coefficient: 0,000, Error: 0,0000 s
abr 04, 2013 12:33:13 PM org.ros.time.RemoteUptimeClock update
INFO: Latency: 31,0000 s, Delta ratio: 0,5000, Drift: 2,000, Error reduction coefficient: 0,000, Error: 0,0000 s
abr 04, 2013 12:33:13 PM org.ros.time.RemoteUptimeClock update
INFO: Latency: 31,0000 s, Delta ratio: 0,5000, Drift: 2,000, Error reduction coefficient: 0,000, Error: 0,0000 s
abr 04, 2013 12:33:13 PM org.ros.time.RemoteUptimeClock update
INFO: Latency: 31,0000 s, Delta ratio: 0,5000, Drift: 2,000, Error reduction coefficient: 0,000, Error: 0,0000 s
abr 04, 2013 12:33:13 PM org.ros.time.RemoteUptimeClock update
INFO: Latency: 31,0000 s, Delta ratio: 0,5000, Drift: 2,000, Error reduction coefficient: 0,000, Error: 0,0000 s
abr 04, 2013 12:33:13 PM org.ros.time.RemoteUptimeClock update
INFO: Latency: 31,0000 s, Delta ratio: 0,5000, Drift: 2,000, Error reduction coefficient: 0,000, Error: 0,0000 s
abr 04, 2013 12:33:13 PM org.ros.time.RemoteUptimeClock update
INFO: Latency: 31,0000 s, Delta ratio: 0,5000, Drift: 2,000, Error reduction coefficient: 0,000, Error: 0,0000 s
abr 04, 2013 12:33:13 PM org.ros.time.RemoteUptimeClock update
INFO: Latency: 31,0000 s, Delta ratio: 0,5000, Drift: 2,000, Error reduction coefficient: 0,000, Error: 0,0000 s
abr 04, 2013 12:33:13 PM org.ros.time.RemoteUptimeClock update
INFO: Latency: 31,0000 s, Delta ratio: 0,5000, Drift: 2,000, Error reduction coefficient: 0,000, Error: 0,0000 s
abr 04, 2013 12:33:13 PM org.ros.time.RemoteUptimeClock update
INFO: Latency: 31,0000 s, Delta ratio: 0,5000, Drift: 2,000, Error reduction coefficient: 0,000, Error: 0,0000 s
abr 04, 2013 12:33:13 PM org.ros.time.RemoteUptimeClock update
INFO: Latency: 31,0000 s, Delta ratio: 0,5000, Drift: 2,000, Error reduction coefficient: 0,000, Error: 0,0000 s
abr 04, 2013 12:33:13 PM org.ros.time.RemoteUptimeClock update
INFO: Latency: 31,0000 s, Delta ratio: 0,5000, Drift: 2,000, Error reduction coefficient: 0,000, Error: 0,0000 s
abr 04, 2013 12:33:13 PM org.ros.time.RemoteUptimeClock update
INFO: Latency: 31,0000 s, Delta ratio: 0,5000, Drift: 2,000, Error reduction coefficient: 0,000, Error: 0,0000 s
abr 04, 2013 12:33:13 PM org.ros.time.RemoteUptimeClock update
INFO: Latency: 31,0000 s, Delta ratio: 0,5000, Drift: 2,000, Error reduction coefficient: 0,000, Error: 0,0000 s
abr 04, 2013 12:33:13 PM org.ros.time.RemoteUptimeClock update
INFO: Latency: 31,0000 s, Delta ratio: 0,5000, Drift: 2,000, Error reduction coefficient: 0,000, Error: 0,0000 s
abr 04, 2013 12:33:13 PM org.ros.time.RemoteUptimeClock update
INFO: Latency: 31,0000 s, Delta ratio: 0,5000, Drift: 2,000, Error reduction coefficient: 0,000, Error: 0,0000 s
abr 04, 2013 12:33:13 PM org.ros.time.RemoteUptimeClock update
INFO: Latency: 31,0000 s, Delta ratio: 0,5000, Drift: 2,000, Error reduction coefficient: 0,000, Error: 0,0000 s
abr 04, 2013 12:33:13 PM org.ros.time.RemoteUptimeClock update
INFO: Latency: 31,0000 s, Delta ratio: 0,5000, Drift: 2,000, Error reduction coefficient: 0,000, Error: 0,0000 s
abr 04, 2013 12:33:13 PM org.ros.time.RemoteUptimeClock update
INFO: Latency: 31,0000 s, Delta ratio: 0,5000, Drift: 2,000, Error reduction coefficient: 0,000, Error: 0,0000 s
abr 04, 2013 12:33:13 PM org.ros.time.RemoteUptimeClock update
INFO: Latency: 31,0000 s, Delta ratio: 0,5000, Drift: 2,000, Error reduction coefficient: 0,000, Error: 0,0000 s
abr 04, 2013 12:33:13 PM org.ros.time.RemoteUptimeClock update
INFO: Latency: 31,0000 s, Delta ratio: 0,5000, Drift: 2,000, Error reduction coefficient: 0,000, Error: 0,0000 s
abr 04, 2013 12:33:13 PM org.ros.time.RemoteUptimeClock update
INFO: Latency: 31,0000 s, Delta ratio: 0,5000, Drift: 2,000, Error reduction coefficient: 0,000, Error: 0,0000 s
abr 04, 2013 12:33:13 PM org.ros.time.RemoteUptimeClock update
INFO: Latency: 31,0000 s, Delta ratio: 0,5000, Drift: 2,000, Error reduction coefficient: 0,000, Error: 0,0000 s
abr 04, 2013 12:33:13 PM org.ros.time.RemoteUptimeClock update
INFO: Latency: 31,0000 s, Delta ratio: 0,5000, Drift: 2,000, Error reduction coefficient: 0,000, Error: 0,0000 s
abr 04, 2013 12:33:13 PM org.ros.time.RemoteUptimeClock update
INFO: Latency: 31,0000 s, Delta ratio: 0,5000, Drift: 2,000, Error reduction coefficient: 0,000, Error: 0,0000 s
abr 04, 2013 12:33:13 PM org.ros.time.RemoteUptimeClock update
INFO: Latency: 31,0000 s, Delta ratio: 0,5000, Drift: 2,000, Error reduction coefficient: 0,000, Error: 0,0000 s
abr 04, 2013 12:33:13 PM org.ros.time.RemoteUptimeClock update
INFO: Latency: 31,0000 s, Delta ratio: 0,5000, Drift: 2,000, Error reduction coefficient: 0,000, Error: 0,0000 s
abr 04, 2013 12:33:13 PM org.ros.time.RemoteUptimeClock update
INFO: Latency: 31,0000 s, Delta ratio: 0,5000, Drift: 2,000, Error reduction coefficient: 0,000, Error: 0,0000 s
abr 04, 2013 12:33:13 PM org.ros.time.RemoteUptimeClock update
INFO: Latency: 31,0000 s, Delta ratio: 0,5000, Drift: 2,000, Error reduction coefficient: 0,000, Error: 0,0000 s
abr 04, 2013 12:33:13 PM org.ros.time.RemoteUptimeClock update
INFO: Latency: 31,0000 s, Delta ratio: 0,5000, Drift: 2,000, Error reduction coefficient: 0,000, Error: 0,0000 s
abr 04, 2013 12:33:13 PM org.ros.time.RemoteUptimeClock update
INFO: Latency: 31,0000 s, Delta ratio: 0,5000, Drift: 2,000, Error reduction coefficient: 0,000, Error: 0,0000 s
abr 04, 2013 12:33:13 PM org.ros.time.RemoteUptimeClock update
INFO: Latency: 31,0000 s, Delta ratio: 0,5000, Drift: 2,000, Error reduction coefficient: 0,000, Error: 0,0000 s
abr 04, 2013 12:33:13 PM org.ros.time.RemoteUptimeClock update
INFO: Latency: 31,0000 s, Delta ratio: 0,5000, Drift: 2,000, Error reduction coefficient: 0,000, Error: 0,0000 s
abr 04, 2013 12:33:13 PM org.ros.time.RemoteUptimeClock update
INFO: Latency: 31,0000 s, Delta ratio: 0,5000, Drift: 2,000, Error reduction coefficient: 0,000, Error: 0,0000 s
abr 04, 2013 12:33:13 PM org.ros.time.RemoteUptimeClock update
INFO: Latency: 31,0000 s, Delta ratio: 0,5000, Drift: 2,000, Error reduction coefficient: 0,000, Error: 0,0000 s
abr 04, 2013 12:33:13 PM org.ros.time.RemoteUptimeClock update
INFO: Latency: 31,0000 s, Delta ratio: 0,5000, Drift: 2,000, Error reduction coefficient: 0,000, Error: 0,0000 s
abr 04, 2013 12:33:13 PM org.ros.time.RemoteUptimeClock update
INFO: Latency: 31,0000 s, Delta ratio: 0,5000, Drift: 2,000, Error reduction coefficient: 0,000, Error: 0,0000 s
abr 04, 2013 12:33:13 PM org.ros.time.RemoteUptimeClock update
INFO: Latency: 31,0000 s, Delta ratio: 0,5000, Drift: 2,000, Error reduction coefficient: 0,000, Error: 0,0000 s
abr 04, 2013 12:33:13 PM org.ros.time.RemoteUptimeClock update
INFO: Latency: 31,0000 s, Delta ratio: 0,5000, Drift: 2,000, Error reduction coefficient: 0,000, Error: 0,0000 s
abr 04, 2013 12:33:13 PM org.ros.time.RemoteUptimeClock update
INFO: Latency: 31,0000 s, Delta ratio: 0,5000, Drift: 2,000, Error reduction coefficient: 0,000, Error: 0,0000 s
abr 04, 2013 12:33:13 PM org.ros.time.RemoteUptimeClock update
INFO: Latency: 31,0000 s, Delta ratio: 0,5000, Drift: 2,000, Error reduction coefficient: 0,000, Error: 0,0000 s
abr 04, 2013 12:33:13 PM org.ros.time.RemoteUptimeClock update
INFO: Latency: 31,0000 s, Delta ratio: 0,5000, Drift: 2,000, Error reduction coefficient: 0,000, Error: 0,0000 s
abr 04, 2013 12:33:13 PM org.ros.time.RemoteUptimeClock update
INFO: Latency: 31,0000 s, Delta ratio: 0,5000, Drift: 2,000, Error reduction coefficient: 0,000, Error: 0,0000 s
abr 04, 2013 12:33:13 PM org.ros.time.RemoteUptimeClock update
INFO: Latency: 31,0000 s, Delta ratio: 0,5000, Drift: 2,000, Error reduction coefficient: 0,000, Error: 0,0000 s
abr 04, 2013 12:33:13 PM org.ros.time.RemoteUptimeClock update
INFO: Latency: 31,0000 s, Delta ratio: 0,5000, Drift: 2,000, Error reduction coefficient: 0,000, Error: 0,0000 s
abr 04, 2013 12:33:13 PM org.ros.time.RemoteUptimeClock update
INFO: Latency: 31,0000 s, Delta ratio: 0,5000, Drift: 2,000, Error reduction coefficient: 0,000, Error: 0,0000 s
abr 04, 2013 12:33:13 PM org.ros.time.RemoteUptimeClock update
INFO: Latency: 31,0000 s, Delta ratio: 0,5000, Drift: 2,000, Error reduction coefficient: 0,000, Error: 0,0000 s
abr 04, 2013 12:33:13 PM org.ros.time.RemoteUptimeClock update
INFO: Latency: 31,0000 s, Delta ratio: 0,5000, Drift: 2,000, Error reduction coefficient: 0,000, Error: 0,0000 s
abr 04, 2013 12:33:13 PM org.ros.time.RemoteUptimeClock update
INFO: Latency: 31,0000 s, Delta ratio: 0,5000, Drift: 2,000, Error reduction coefficient: 0,000, Error: 0,0000 s
abr 04, 2013 12:33:13 PM org.ros.time.RemoteUptimeClock update
INFO: Latency: 31,0000 s, Delta ratio: 0,5000, Drift: 2,000, Error reduction coefficient: 0,000, Error: 0,0000 s
abr 04, 2013 12:33:13 PM org.ros.time.RemoteUptimeClock update
INFO: Latency: 31,0000 s, Delta ratio: 0,5000, Drift: 2,000, Error reduction coefficient: 0,000, Error: 0,0000 s
abr 04, 2013 12:33:13 PM org.ros.time.RemoteUptimeClock update
INFO: Latency: 31,0000 s, Delta ratio: 0,5000, Drift: 2,000, Error reduction coefficient: 0,000, Error: 0,0000 s
abr 04, 2013 12:33:13 PM org.ros.time.RemoteUptimeClock update
INFO: Latency: 31,0000 s, Delta ratio: 0,5000, Drift: 2,000, Error reduction coefficient: 0,000, Error: 0,0000 s
abr 04, 2013 12:33:13 PM org.ros.time.RemoteUptimeClock update
INFO: Latency: 31,0000 s, Delta ratio: 0,5000, Drift: 2,000, Error reduction coefficient: 0,000, Error: 0,0000 s
abr 04, 2013 12:33:13 PM org.ros.time.RemoteUptimeClock update
INFO: Latency: 31,0000 s, Delta ratio: 0,5000, Drift: 2,000, Error reduction coefficient: 0,000, Error: 0,0000 s
abr 04, 2013 12:33:13 PM org.ros.time.RemoteUptimeClock update
INFO: Latency: 31,0000 s, Delta ratio: 0,5000, Drift: 2,000, Error reduction coefficient: 0,000, Error: 0,0000 s
abr 04, 2013 12:33:13 PM org.ros.time.RemoteUptimeClock update
INFO: Latency: 31,0000 s, Delta ratio: 0,5000, Drift: 2,000, Error reduction coefficient: 0,000, Error: 0,0000 s
abr 04, 2013 12:33:13 PM org.ros.time.RemoteUptimeClock update
INFO: Latency: 31,0000 s, Delta ratio: 0,5000, Drift: 2,000, Error reduction coefficient: 0,000, Error: 0,0000 s
abr 04, 2013 12:33:13 PM org.ros.time.RemoteUptimeClock update
INFO: Latency: 31,0000 s, Delta ratio: 0,5000, Drift: 2,000, Error reduction coefficient: 0,000, Error: 0,0000 s
abr 04, 2013 12:33:13 PM org.ros.time.RemoteUptimeClock update
INFO: Latency: 31,0000 s, Delta ratio: 0,5000, Drift: 2,000, Error reduction coefficient: 0,000, Error: 0,0000 s
abr 04, 2013 12:33:13 PM org.ros.time.RemoteUptimeClock update
INFO: Latency: 31,0000 s, Delta ratio: 0,5000, Drift: 2,000, Error reduction coefficient: 0,000, Error: 0,0000 s
abr 04, 2013 12:33:13 PM org.ros.time.RemoteUptimeClock update
INFO: Latency: 31,0000 s, Delta ratio: 0,5000, Drift: 2,000, Error reduction coefficient: 0,000, Error: 0,0000 s
abr 04, 2013 12:33:13 PM org.ros.time.RemoteUptimeClock update
INFO: Latency: 31,0000 s, Delta ratio: 0,5000, Drift: 2,000, Error reduction coefficient: 0,000, Error: 0,0000 s
abr 04, 2013 12:33:13 PM org.ros.time.RemoteUptimeClock update
INFO: Latency: 31,0000 s, Delta ratio: 0,5000, Drift: 2,000, Error reduction coefficient: 0,000, Error: 0,0000 s
abr 04, 2013 12:33:13 PM org.ros.time.RemoteUptimeClock update
INFO: Latency: 31,0000 s, Delta ratio: 0,5000, Drift: 2,000, Error reduction coefficient: 0,000, Error: 0,0000 s
abr 04, 2013 12:33:13 PM org.ros.time.RemoteUptimeClock update
INFO: Latency: 31,0000 s, Delta ratio: 0,5000, Drift: 2,000, Error reduction coefficient: 0,000, Error: 0,0000 s
abr 04, 2013 12:33:13 PM org.ros.time.RemoteUptimeClock update
INFO: Latency: 31,0000 s, Delta ratio: 0,5000, Drift: 2,000, Error reduction coefficient: 0,000, Error: 0,0000 s
abr 04, 2013 12:33:13 PM org.ros.time.RemoteUptimeClock update
INFO: Latency: 31,0000 s, Delta ratio: 0,5000, Drift: 2,000, Error reduction coefficient: 0,000, Error: 0,0000 s
abr 04, 2013 12:33:13 PM org.ros.time.RemoteUptimeClock update
INFO: Latency: 31,0000 s, Delta ratio: 0,5000, Drift: 2,000, Error reduction coefficient: 0,000, Error: 0,0000 s
abr 04, 2013 12:33:13 PM org.ros.time.RemoteUptimeClock update
INFO: Latency: 31,0000 s, Delta ratio: 0,5000, Drift: 2,000, Error reduction coefficient: 0,000, Error: 0,0000 s
abr 04, 2013 12:33:13 PM org.ros.time.RemoteUptimeClock update
INFO: Latency: 31,0000 s, Delta ratio: 0,5000, Drift: 2,000, Error reduction coefficient: 0,000, Error: 0,0000 s
abr 04, 2013 12:33:13 PM org.ros.time.RemoteUptimeClock update
INFO: Latency: 31,0000 s, Delta ratio: 0,5000, Drift: 2,000, Error reduction coefficient: 0,000, Error: 0,0000 s
abr 04, 2013 12:33:13 PM org.ros.time.RemoteUptimeClock update
INFO: Latency: 31,0000 s, Delta ratio: 0,5000, Drift: 2,000, Error reduction coefficient: 0,000, Error: 0,0000 s
abr 04, 2013 12:33:13 PM org.ros.time.RemoteUptimeClock update
INFO: Latency: 31,0000 s, Delta ratio: 0,5000, Drift: 2,000, Error reduction coefficient: 0,000, Error: 0,0000 s
abr 04, 2013 12:33:13 PM org.ros.time.RemoteUptimeClock update
INFO: Latency: 31,0000 s, Delta ratio: 0,5000, Drift: 2,000, Error reduction coefficient: 0,000, Error: 0,0000 s
abr 04, 2013 12:33:13 PM org.ros.time.RemoteUptimeClock update
INFO: Latency: 31,0000 s, Delta ratio: 0,5000, Drift: 2,000, Error reduction coefficient: 0,000, Error: 0,0000 s
abr 04, 2013 12:33:13 PM org.ros.time.RemoteUptimeClock update
INFO: Latency: 31,0000 s, Delta ratio: 0,5000, Drift: 2,000, Error reduction coefficient: 0,000, Error: 0,0000 s
abr 04, 2013 12:33:13 PM org.ros.time.RemoteUptimeClock update
INFO: Latency: 31,0000 s, Delta ratio: 0,5000, Drift: 2,000, Error reduction coefficient: 0,000, Error: 0,0000 s
abr 04, 2013 12:33:13 PM org.ros.time.RemoteUptimeClock update
INFO: Latency: 31,0000 s, Delta ratio: 0,5000, Drift: 2,000, Error reduction coefficient: 0,000, Error: 0,0000 s
abr 04, 2013 12:33:13 PM org.ros.time.RemoteUptimeClock update
INFO: Latency: 31,0000 s, Delta ratio: 0,5000, Drift: 2,000, Error reduction coefficient: 0,000, Error: 0,0000 s
abr 04, 2013 12:33:13 PM org.ros.time.RemoteUptimeClock update
INFO: Latency: 31,0000 s, Delta ratio: 0,5000, Drift: 2,000, Error reduction coefficient: 0,000, Error: 0,0000 s
abr 04, 2013 12:33:13 PM org.ros.time.RemoteUptimeClock update
INFO: Latency: 31,0000 s, Delta ratio: 0,5000, Drift: 2,000, Error reduction coefficient: 0,000, Error: 0,0000 s
abr 04, 2013 12:33:13 PM org.ros.time.RemoteUptimeClock update
INFO: Latency: 31,0000 s, Delta ratio: 0,5000, Drift: 2,000, Error reduction coefficient: 0,000, Error: 0,0000 s
abr 04, 2013 12:33:13 PM org.ros.time.RemoteUptimeClock update
INFO: Latency: 31,0000 s, Delta ratio: 0,5000, Drift: 2,000, Error reduction coefficient: 0,000, Error: 0,0000 s
abr 04, 2013 12:33:13 PM org.ros.time.RemoteUptimeClock update
INFO: Latency: 31,0000 s, Delta ratio: 0,5000, Drift: 2,000, Error reduction coefficient: 0,000, Error: 0,0000 s
abr 04, 2013 12:33:13 PM org.ros.time.RemoteUptimeClock update
INFO: Latency: 31,0000 s, Delta ratio: 0,5000, Drift: 2,000, Error reduction coefficient: 0,000, Error: 0,0000 s
abr 04, 2013 12:33:13 PM org.ros.time.RemoteUptimeClock update
INFO: Latency: 31,0000 s, Delta ratio: 0,5000, Drift: 2,000, Error reduction coefficient: 0,000, Error: 0,0000 s
abr 04, 2013 12:33:13 PM org.ros.time.RemoteUptimeClock update
INFO: Latency: 31,0000 s, Delta ratio: 0,5000, Drift: 2,000, Error reduction coefficient: 0,000, Error: 0,0000 s
abr 04, 2013 12:33:13 PM org.ros.time.RemoteUptimeClock update
INFO: Latency: 31,0000 s, Delta ratio: 0,5000, Drift: 2,000, Error reduction coefficient: 0,000, Error: 0,0000 s
abr 04, 2013 12:33:13 PM org.ros.time.RemoteUptimeClock update
INFO: Latency: 31,0000 s, Delta ratio: 0,5000, Drift: 2,000, Error reduction coefficient: 0,000, Error: 0,0000 s
abr 04, 2013 12:33:13 PM org.ros.time.RemoteUptimeClock update
INFO: Latency: 31,0000 s, Delta ratio: 0,5000, Drift: 2,000, Error reduction coefficient: 0,000, Error: 0,0000 s
abr 04, 2013 12:33:13 PM org.ros.time.RemoteUptimeClock update
INFO: Latency: 31,0000 s, Delta ratio: 0,5000, Drift: 2,000, Error reduction coefficient: 0,000, Error: 0,0000 s
abr 04, 2013 12:33:13 PM org.ros.time.RemoteUptimeClock update
INFO: Latency: 31,0000 s, Delta ratio: 0,5000, Drift: 2,000, Error reduction coefficient: 0,000, Error: 0,0000 s
abr 04, 2013 12:33:13 PM org.ros.time.RemoteUptimeClock update
INFO: Latency: 31,0000 s, Delta ratio: 0,5000, Drift: 2,000, Error reduction coefficient: 0,000, Error: 0,0000 s
abr 04, 2013 12:33:13 PM org.ros.time.RemoteUptimeClock update
INFO: Latency: 31,0000 s, Delta ratio: 0,5000, Drift: 2,000, Error reduction coefficient: 0,000, Error: 0,0000 s
abr 04, 2013 12:33:13 PM org.ros.time.RemoteUptimeClock update
INFO: Latency: 31,0000 s, Delta ratio: 0,5000, Drift: 2,000, Error reduction coefficient: 0,000, Error: 0,0000 s
abr 04, 2013 12:33:13 PM org.ros.time.RemoteUptimeClock update
INFO: Latency: 31,0000 s, Delta ratio: 0,5000, Drift: 2,000, Error reduction coefficient: 0,000, Error: 0,0000 s
abr 04, 2013 12:33:13 PM org.ros.time.RemoteUptimeClock update
INFO: Latency: 31,0000 s, Delta ratio: 0,5000, Drift: 2,000, Error reduction coefficient: 0,000, Error: 0,0000 s
abr 04, 2013 12:33:13 PM org.ros.time.RemoteUptimeClock update
INFO: Latency: 31,0000 s, Delta ratio: 0,5000, Drift: 2,000, Error reduction coefficient: 0,000, Error: 0,0000 s
abr 04, 2013 12:33:13 PM org.ros.time.RemoteUptimeClock update
INFO: Latency: 31,0000 s, Delta ratio: 0,5000, Drift: 2,000, Error reduction coefficient: 0,000, Error: 0,0000 s
abr 04, 2013 12:33:13 PM org.ros.time.RemoteUptimeClock update
INFO: Latency: 31,0000 s, Delta ratio: 0,5000, Drift: 2,000, Error reduction coefficient: 0,000, Error: 0,0000 s
abr 04, 2013 12:33:13 PM org.ros.time.RemoteUptimeClock update
INFO: Latency: 31,0000 s, Delta ratio: 0,5000, Drift: 2,000, Error reduction coefficient: 0,000, Error: 0,0000 s
abr 04, 2013 12:33:13 PM org.ros.time.RemoteUptimeClock update
INFO: Latency: 31,0000 s, Delta ratio: 0,5000, Drift: 2,000, Error reduction coefficient: 0,000, Error: 0,0000 s
abr 04, 2013 12:33:13 PM org.ros.time.RemoteUptimeClock update
INFO: Latency: 31,0000 s, Delta ratio: 0,5000, Drift: 2,000, Error reduction coefficient: 0,000, Error: 0,0000 s
abr 04, 2013 12:33:13 PM org.ros.time.RemoteUptimeClock update
INFO: Latency: 31,0000 s, Delta ratio: 0,5000, Drift: 2,000, Error reduction coefficient: 0,000, Error: 0,0000 s
abr 04, 2013 12:33:13 PM org.ros.time.RemoteUptimeClock update
INFO: Latency: 31,0000 s, Delta ratio: 0,5000, Drift: 2,000, Error reduction coefficient: 0,000, Error: 0,0000 s
abr 04, 2013 12:33:13 PM org.ros.time.RemoteUptimeClock update
INFO: Latency: 31,0000 s, Delta ratio: 0,5000, Drift: 2,000, Error reduction coefficient: 0,000, Error: 0,0000 s
abr 04, 2013 12:33:13 PM org.ros.time.RemoteUptimeClock update
INFO: Latency: 31,0000 s, Delta ratio: 0,5000, Drift: 2,000, Error reduction coefficient: 0,000, Error: 0,0000 s
abr 04, 2013 12:33:13 PM org.ros.time.RemoteUptimeClock update
INFO: Latency: 31,0000 s, Delta ratio: 0,5000, Drift: 2,000, Error reduction coefficient: 0,000, Error: 0,0000 s
abr 04, 2013 12:33:13 PM org.ros.time.RemoteUptimeClock update
INFO: Latency: 31,0000 s, Delta ratio: 0,5000, Drift: 2,000, Error reduction coefficient: 0,000, Error: 0,0000 s
abr 04, 2013 12:33:13 PM org.ros.time.RemoteUptimeClock update
INFO: Latency: 31,0000 s, Delta ratio: 0,5000, Drift: 2,000, Error reduction coefficient: 0,000, Error: 0,0000 s
abr 04, 2013 12:33:13 PM org.ros.time.RemoteUptimeClock update
INFO: Latency: 31,0000 s, Delta ratio: 0,5000, Drift: 2,000, Error reduction coefficient: 0,000, Error: 0,0000 s
abr 04, 2013 12:33:13 PM org.ros.time.RemoteUptimeClock update
INFO: Latency: 31,0000 s, Delta ratio: 0,5000, Drift: 2,000, Error reduction coefficient: 0,000, Error: 0,0000 s
abr 04, 2013 12:33:13 PM org.ros.time.RemoteUptimeClock update
INFO: Latency: 31,0000 s, Delta ratio: 0,5000, Drift: 2,000, Error reduction coefficient: 0,000, Error: 0,0000 s
abr 04, 2013 12:33:13 PM org.ros.time.RemoteUptimeClock update
INFO: Latency: 31,0000 s, Delta ratio: 0,5000, Drift: 2,000, Error reduction coefficient: 0,000, Error: 0,0000 s
abr 04, 2013 12:33:13 PM org.ros.time.RemoteUptimeClock update
INFO: Latency: 31,0000 s, Delta ratio: 0,5000, Drift: 2,000, Error reduction coefficient: 0,000, Error: 0,0000 s
abr 04, 2013 12:33:13 PM org.ros.time.RemoteUptimeClock update
INFO: Latency: 31,0000 s, Delta ratio: 0,5000, Drift: 2,000, Error reduction coefficient: 0,000, Error: 0,0000 s
abr 04, 2013 12:33:13 PM org.ros.time.RemoteUptimeClock update
INFO: Latency: 31,0000 s, Delta ratio: 0,5000, Drift: 2,000, Error reduction coefficient: 0,000, Error: 0,0000 s
abr 04, 2013 12:33:13 PM org.ros.time.RemoteUptimeClock update
INFO: Latency: 31,0000 s, Delta ratio: 0,5000, Drift: 2,000, Error reduction coefficient: 0,000, Error: 0,0000 s
abr 04, 2013 12:33:13 PM org.ros.time.RemoteUptimeClock update
INFO: Latency: 31,0000 s, Delta ratio: 0,5000, Drift: 2,000, Error reduction coefficient: 0,000, Error: 0,0000 s
abr 04, 2013 12:33:13 PM org.ros.time.RemoteUptimeClock update
INFO: Latency: 31,0000 s, Delta ratio: 0,5000, Drift: 2,000, Error reduction coefficient: 0,000, Error: 0,0000 s
abr 04, 2013 12:33:13 PM org.ros.time.RemoteUptimeClock update
INFO: Latency: 31,0000 s, Delta ratio: 0,5000, Drift: 2,000, Error reduction coefficient: 0,000, Error: 0,0000 s
abr 04, 2013 12:33:13 PM org.ros.time.RemoteUptimeClock update
INFO: Latency: 31,0000 s, Delta ratio: 0,5000, Drift: 2,000, Error reduction coefficient: 0,000, Error: 0,0000 s
abr 04, 2013 12:33:13 PM org.ros.time.RemoteUptimeClock update
INFO: Latency: 31,0000 s, Delta ratio: 0,5000, Drift: 2,000, Error reduction coefficient: 0,000, Error: 0,0000 s
abr 04, 2013 12:33:13 PM org.ros.time.RemoteUptimeClock update
INFO: Latency: 31,0000 s, Delta ratio: 0,5000, Drift: 2,000, Error reduction coefficient: 0,000, Error: 0,0000 s
abr 04, 2013 12:33:13 PM org.ros.time.RemoteUptimeClock update
INFO: Latency: 31,0000 s, Delta ratio: 0,5000, Drift: 2,000, Error reduction coefficient: 0,000, Error: 0,0000 s
abr 04, 2013 12:33:13 PM org.ros.time.RemoteUptimeClock update
INFO: Latency: 31,0000 s, Delta ratio: 0,5000, Drift: 2,000, Error reduction coefficient: 0,000, Error: 0,0000 s
abr 04, 2013 12:33:13 PM org.ros.time.RemoteUptimeClock update
INFO: Latency: 31,0000 s, Delta ratio: 0,5000, Drift: 2,000, Error reduction coefficient: 0,000, Error: 0,0000 s
abr 04, 2013 12:33:13 PM org.ros.time.RemoteUptimeClock update
INFO: Latency: 31,0000 s, Delta ratio: 0,5000, Drift: 2,000, Error reduction coefficient: 0,000, Error: 0,0000 s
abr 04, 2013 12:33:13 PM org.ros.time.RemoteUptimeClock update
INFO: Latency: 31,0000 s, Delta ratio: 0,5000, Drift: 2,000, Error reduction coefficient: 0,000, Error: 0,0000 s
abr 04, 2013 12:33:13 PM org.ros.time.RemoteUptimeClock update
INFO: Latency: 31,0000 s, Delta ratio: 0,5000, Drift: 2,000, Error reduction coefficient: 0,000, Error: 0,0000 s
abr 04, 2013 12:33:13 PM org.ros.time.RemoteUptimeClock update
INFO: Latency: 31,0000 s, Delta ratio: 0,5000, Drift: 2,000, Error reduction coefficient: 0,000, Error: 0,0000 s
abr 04, 2013 12:33:13 PM org.ros.time.RemoteUptimeClock update
INFO: Latency: 31,0000 s, Delta ratio: 0,5000, Drift: 2,000, Error reduction coefficient: 0,000, Error: 0,0000 s
abr 04, 2013 12:33:13 PM org.ros.time.RemoteUptimeClock update
INFO: Latency: 31,0000 s, Delta ratio: 0,5000, Drift: 2,000, Error reduction coefficient: 0,000, Error: 0,0000 s
abr 04, 2013 12:33:13 PM org.ros.time.RemoteUptimeClock update
INFO: Latency: 31,0000 s, Delta ratio: 0,5000, Drift: 2,000, Error reduction coefficient: 0,000, Error: 0,0000 s
abr 04, 2013 12:33:13 PM org.ros.time.RemoteUptimeClock update
INFO: Latency: 31,0000 s, Delta ratio: 0,5000, Drift: 2,000, Error reduction coefficient: 0,000, Error: 0,0000 s
abr 04, 2013 12:33:13 PM org.ros.time.RemoteUptimeClock update
INFO: Latency: 31,0000 s, Delta ratio: 0,5000, Drift: 2,000, Error reduction coefficient: 0,000, Error: 0,0000 s
abr 04, 2013 12:33:13 PM org.ros.time.RemoteUptimeClock update
INFO: Latency: 31,0000 s, Delta ratio: 0,5000, Drift: 2,000, Error reduction coefficient: 0,000, Error: 0,0000 s
abr 04, 2013 12:33:13 PM org.ros.time.RemoteUptimeClock update
INFO: Latency: 31,0000 s, Delta ratio: 0,5000, Drift: 2,000, Error reduction coefficient: 0,000, Error: 0,0000 s
abr 04, 2013 12:33:13 PM org.ros.time.RemoteUptimeClock update
INFO: Latency: 31,0000 s, Delta ratio: 0,5000, Drift: 2,000, Error reduction coefficient: 0,000, Error: 0,0000 s
abr 04, 2013 12:33:13 PM org.ros.time.RemoteUptimeClock update
INFO: Latency: 31,0000 s, Delta ratio: 0,5000, Drift: 2,000, Error reduction coefficient: 0,000, Error: 0,0000 s
abr 04, 2013 12:33:13 PM org.ros.time.RemoteUptimeClock update
INFO: Latency: 31,0000 s, Delta ratio: 0,5000, Drift: 2,000, Error reduction coefficient: 0,000, Error: 0,0000 s
abr 04, 2013 12:33:13 PM org.ros.time.RemoteUptimeClock update
INFO: Latency: 31,0000 s, Delta ratio: 0,5000, Drift: 2,000, Error reduction coefficient: 0,000, Error: 0,0000 s
abr 04, 2013 12:33:13 PM org.ros.time.RemoteUptimeClock update
INFO: Latency: 31,0000 s, Delta ratio: 0,5000, Drift: 2,000, Error reduction coefficient: 0,000, Error: 0,0000 s
abr 04, 2013 12:33:13 PM org.ros.time.RemoteUptimeClock update
INFO: Latency: 31,0000 s, Delta ratio: 0,5000, Drift: 2,000, Error reduction coefficient: 0,000, Error: 0,0000 s
abr 04, 2013 12:33:13 PM org.ros.time.RemoteUptimeClock update
INFO: Latency: 31,0000 s, Delta ratio: 0,5000, Drift: 2,000, Error reduction coefficient: 0,000, Error: 0,0000 s
abr 04, 2013 12:33:13 PM org.ros.time.RemoteUptimeClock update
INFO: Latency: 31,0000 s, Delta ratio: 0,5000, Drift: 2,000, Error reduction coefficient: 0,000, Error: 0,0000 s
abr 04, 2013 12:33:13 PM org.ros.time.RemoteUptimeClock update
INFO: Latency: 31,0000 s, Delta ratio: 0,5000, Drift: 2,000, Error reduction coefficient: 0,000, Error: 0,0000 s
abr 04, 2013 12:33:13 PM org.ros.time.RemoteUptimeClock update
INFO: Latency: 31,0000 s, Delta ratio: 0,5000, Drift: 2,000, Error reduction coefficient: 0,000, Error: 0,0000 s
abr 04, 2013 12:33:13 PM org.ros.time.RemoteUptimeClock update
INFO: Latency: 31,0000 s, Delta ratio: 0,5000, Drift: 2,000, Error reduction coefficient: 0,000, Error: 0,0000 s
abr 04, 2013 12:33:13 PM org.ros.time.RemoteUptimeClock update
INFO: Latency: 31,0000 s, Delta ratio: 0,5000, Drift: 2,000, Error reduction coefficient: 0,000, Error: 0,0000 s
abr 04, 2013 12:33:13 PM org.ros.time.RemoteUptimeClock update
INFO: Latency: 31,0000 s, Delta ratio: 0,5000, Drift: 2,000, Error reduction coefficient: 0,000, Error: 0,0000 s
abr 04, 2013 12:33:13 PM org.ros.time.RemoteUptimeClock update
INFO: Latency: 31,0000 s, Delta ratio: 0,5000, Drift: 2,000, Error reduction coefficient: 0,000, Error: 0,0000 s
abr 04, 2013 12:33:13 PM org.ros.time.RemoteUptimeClock update
INFO: Latency: 31,0000 s, Delta ratio: 0,5000, Drift: 2,000, Error reduction coefficient: 0,000, Error: 0,0000 s
abr 04, 2013 12:33:13 PM org.ros.time.RemoteUptimeClock update
INFO: Latency: 31,0000 s, Delta ratio: 0,5000, Drift: 2,000, Error reduction coefficient: 0,000, Error: 0,0000 s
abr 04, 2013 12:33:13 PM org.ros.time.RemoteUptimeClock update
INFO: Latency: 31,0000 s, Delta ratio: 0,5000, Drift: 2,000, Error reduction coefficient: 0,000, Error: 0,0000 s
abr 04, 2013 12:33:13 PM org.ros.time.RemoteUptimeClock update
INFO: Latency: 31,0000 s, Delta ratio: 0,5000, Drift: 2,000, Error reduction coefficient: 0,000, Error: 0,0000 s
abr 04, 2013 12:33:13 PM org.ros.time.RemoteUptimeClock update
INFO: Latency: 31,0000 s, Delta ratio: 0,5000, Drift: 2,000, Error reduction coefficient: 0,000, Error: 0,0000 s
abr 04, 2013 12:33:13 PM org.ros.time.RemoteUptimeClock update
INFO: Latency: 31,0000 s, Delta ratio: 0,5000, Drift: 2,000, Error reduction coefficient: 0,000, Error: 0,0000 s
abr 04, 2013 12:33:13 PM org.ros.time.RemoteUptimeClock update
INFO: Latency: 31,0000 s, Delta ratio: 0,5000, Drift: 2,000, Error reduction coefficient: 0,000, Error: 0,0000 s
abr 04, 2013 12:33:13 PM org.ros.time.RemoteUptimeClock update
INFO: Latency: 31,0000 s, Delta ratio: 0,5000, Drift: 2,000, Error reduction coefficient: 0,000, Error: 0,0000 s
abr 04, 2013 12:33:13 PM org.ros.time.RemoteUptimeClock update
INFO: Latency: 31,0000 s, Delta ratio: 0,5000, Drift: 2,000, Error reduction coefficient: 0,000, Error: 0,0000 s
abr 04, 2013 12:33:13 PM org.ros.time.RemoteUptimeClock update
INFO: Latency: 31,0000 s, Delta ratio: 0,5000, Drift: 2,000, Error reduction coefficient: 0,000, Error: 0,0000 s
abr 04, 2013 12:33:13 PM org.ros.time.RemoteUptimeClock update
INFO: Latency: 31,0000 s, Delta ratio: 0,5000, Drift: 2,000, Error reduction coefficient: 0,000, Error: 0,0000 s
abr 04, 2013 12:33:13 PM org.ros.time.RemoteUptimeClock update
INFO: Latency: 31,0000 s, Delta ratio: 0,5000, Drift: 2,000, Error reduction coefficient: 0,000, Error: 0,0000 s
abr 04, 2013 12:33:13 PM org.ros.time.RemoteUptimeClock update
INFO: Latency: 31,0000 s, Delta ratio: 0,5000, Drift: 2,000, Error reduction coefficient: 0,000, Error: 0,0000 s
abr 04, 2013 12:33:13 PM org.ros.time.RemoteUptimeClock update
INFO: Latency: 31,0000 s, Delta ratio: 0,5000, Drift: 2,000, Error reduction coefficient: 0,000, Error: 0,0000 s
abr 04, 2013 12:33:13 PM org.ros.time.RemoteUptimeClock update
INFO: Latency: 31,0000 s, Delta ratio: 0,5000, Drift: 2,000, Error reduction coefficient: 0,000, Error: 0,0000 s
abr 04, 2013 12:33:13 PM org.ros.time.RemoteUptimeClock update
INFO: Latency: 31,0000 s, Delta ratio: 0,5000, Drift: 2,000, Error reduction coefficient: 0,000, Error: 0,0000 s
abr 04, 2013 12:33:13 PM org.ros.time.RemoteUptimeClock update
INFO: Latency: 31,0000 s, Delta ratio: 0,5000, Drift: 2,000, Error reduction coefficient: 0,000, Error: 0,0000 s
abr 04, 2013 12:33:13 PM org.ros.time.RemoteUptimeClock update
INFO: Latency: 31,0000 s, Delta ratio: 0,5000, Drift: 2,000, Error reduction coefficient: 0,000, Error: 0,0000 s
abr 04, 2013 12:33:13 PM org.ros.time.RemoteUptimeClock update
INFO: Latency: 31,0000 s, Delta ratio: 0,5000, Drift: 2,000, Error reduction coefficient: 0,000, Error: 0,0000 s
abr 04, 2013 12:33:13 PM org.ros.time.RemoteUptimeClock update
INFO: Latency: 31,0000 s, Delta ratio: 0,5000, Drift: 2,000, Error reduction coefficient: 0,000, Error: 0,0000 s
abr 04, 2013 12:33:13 PM org.ros.time.RemoteUptimeClock update
INFO: Latency: 31,0000 s, Delta ratio: 0,5000, Drift: 2,000, Error reduction coefficient: 0,000, Error: 0,0000 s
abr 04, 2013 12:33:13 PM org.ros.time.RemoteUptimeClock update
INFO: Latency: 31,0000 s, Delta ratio: 0,5000, Drift: 2,000, Error reduction coefficient: 0,000, Error: 0,0000 s
abr 04, 2013 12:33:13 PM org.ros.time.RemoteUptimeClock update
INFO: Latency: 31,0000 s, Delta ratio: 0,5000, Drift: 2,000, Error reduction coefficient: 0,000, Error: 0,0000 s
abr 04, 2013 12:33:13 PM org.ros.time.RemoteUptimeClock update
INFO: Latency: 31,0000 s, Delta ratio: 0,5000, Drift: 2,000, Error reduction coefficient: 0,000, Error: 0,0000 s
abr 04, 2013 12:33:13 PM org.ros.time.RemoteUptimeClock update
INFO: Latency: 31,0000 s, Delta ratio: 0,5000, Drift: 2,000, Error reduction coefficient: 0,000, Error: 0,0000 s
abr 04, 2013 12:33:13 PM org.ros.time.RemoteUptimeClock update
INFO: Latency: 31,0000 s, Delta ratio: 0,5000, Drift: 2,000, Error reduction coefficient: 0,000, Error: 0,0000 s
abr 04, 2013 12:33:13 PM org.ros.time.RemoteUptimeClock update
INFO: Latency: 31,0000 s, Delta ratio: 0,5000, Drift: 2,000, Error reduction coefficient: 0,000, Error: 0,0000 s
abr 04, 2013 12:33:13 PM org.ros.time.RemoteUptimeClock update
INFO: Latency: 31,0000 s, Delta ratio: 0,5000, Drift: 2,000, Error reduction coefficient: 0,000, Error: 0,0000 s
abr 04, 2013 12:33:13 PM org.ros.time.RemoteUptimeClock update
INFO: Latency: 31,0000 s, Delta ratio: 0,5000, Drift: 2,000, Error reduction coefficient: 0,000, Error: 0,0000 s
abr 04, 2013 12:33:13 PM org.ros.time.RemoteUptimeClock update
INFO: Latency: 31,0000 s, Delta ratio: 0,5000, Drift: 2,000, Error reduction coefficient: 0,000, Error: 0,0000 s
abr 04, 2013 12:33:13 PM org.ros.time.RemoteUptimeClock update
INFO: Latency: 31,0000 s, Delta ratio: 0,5000, Drift: 2,000, Error reduction coefficient: 0,000, Error: 0,0000 s
abr 04, 2013 12:33:13 PM org.ros.time.RemoteUptimeClock update
INFO: Latency: 31,0000 s, Delta ratio: 0,5000, Drift: 2,000, Error reduction coefficient: 0,000, Error: 0,0000 s
abr 04, 2013 12:33:13 PM org.ros.time.RemoteUptimeClock update
INFO: Latency: 31,0000 s, Delta ratio: 0,5000, Drift: 2,000, Error reduction coefficient: 0,000, Error: 0,0000 s
abr 04, 2013 12:33:13 PM org.ros.time.RemoteUptimeClock update
INFO: Latency: 31,0000 s, Delta ratio: 0,5000, Drift: 2,000, Error reduction coefficient: 0,000, Error: 0,0000 s
abr 04, 2013 12:33:13 PM org.ros.time.RemoteUptimeClock update
INFO: Latency: 31,0000 s, Delta ratio: 0,5000, Drift: 2,000, Error reduction coefficient: 0,000, Error: 0,0000 s
abr 04, 2013 12:33:13 PM org.ros.time.RemoteUptimeClock update
INFO: Latency: 31,0000 s, Delta ratio: 0,5000, Drift: 2,000, Error reduction coefficient: 0,000, Error: 0,0000 s
abr 04, 2013 12:33:13 PM org.ros.time.RemoteUptimeClock update
INFO: Latency: 31,0000 s, Delta ratio: 0,5000, Drift: 2,000, Error reduction coefficient: 0,000, Error: 0,0000 s
abr 04, 2013 12:33:13 PM org.ros.time.RemoteUptimeClock update
INFO: Latency: 31,0000 s, Delta ratio: 0,5000, Drift: 2,000, Error reduction coefficient: 0,000, Error: 0,0000 s
abr 04, 2013 12:33:13 PM org.ros.time.RemoteUptimeClock update
INFO: Latency: 31,0000 s, Delta ratio: 0,5000, Drift: 2,000, Error reduction coefficient: 0,000, Error: 0,0000 s
abr 04, 2013 12:33:13 PM org.ros.time.RemoteUptimeClock update
INFO: Latency: 31,0000 s, Delta ratio: 0,5000, Drift: 2,000, Error reduction coefficient: 0,000, Error: 0,0000 s
abr 04, 2013 12:33:13 PM org.ros.time.RemoteUptimeClock update
INFO: Latency: 31,0000 s, Delta ratio: 0,5000, Drift: 2,000, Error reduction coefficient: 0,000, Error: 0,0000 s
abr 04, 2013 12:33:13 PM org.ros.time.RemoteUptimeClock update
INFO: Latency: 31,0000 s, Delta ratio: 0,5000, Drift: 2,000, Error reduction coefficient: 0,000, Error: 0,0000 s
abr 04, 2013 12:33:13 PM org.ros.time.RemoteUptimeClock update
INFO: Latency: 31,0000 s, Delta ratio: 0,5000, Drift: 2,000, Error reduction coefficient: 0,000, Error: 0,0000 s
abr 04, 2013 12:33:13 PM org.ros.time.RemoteUptimeClock update
INFO: Latency: 31,0000 s, Delta ratio: 0,5000, Drift: 2,000, Error reduction coefficient: 0,000, Error: 0,0000 s
abr 04, 2013 12:33:13 PM org.ros.time.RemoteUptimeClock update
INFO: Latency: 31,0000 s, Delta ratio: 0,5000, Drift: 2,000, Error reduction coefficient: 0,000, Error: 0,0000 s
abr 04, 2013 12:33:13 PM org.ros.time.RemoteUptimeClock update
INFO: Latency: 31,0000 s, Delta ratio: 0,5000, Drift: 2,000, Error reduction coefficient: 0,000, Error: 0,0000 s
abr 04, 2013 12:33:13 PM org.ros.time.RemoteUptimeClock update
INFO: Latency: 31,0000 s, Delta ratio: 0,5000, Drift: 2,000, Error reduction coefficient: 0,000, Error: 0,0000 s
abr 04, 2013 12:33:13 PM org.ros.time.RemoteUptimeClock update
INFO: Latency: 31,0000 s, Delta ratio: 0,5000, Drift: 2,000, Error reduction coefficient: 0,000, Error: 0,0000 s
abr 04, 2013 12:33:13 PM org.ros.time.RemoteUptimeClock update
INFO: Latency: 31,0000 s, Delta ratio: 0,5000, Drift: 2,000, Error reduction coefficient: 0,000, Error: 0,0000 s
abr 04, 2013 12:33:13 PM org.ros.time.RemoteUptimeClock update
INFO: Latency: 31,0000 s, Delta ratio: 0,5000, Drift: 2,000, Error reduction coefficient: 0,000, Error: 0,0000 s
abr 04, 2013 12:33:13 PM org.ros.time.RemoteUptimeClock update
INFO: Latency: 31,0000 s, Delta ratio: 0,5000, Drift: 2,000, Error reduction coefficient: 0,000, Error: 0,0000 s
abr 04, 2013 12:33:13 PM org.ros.time.RemoteUptimeClock update
INFO: Latency: 31,0000 s, Delta ratio: 0,5000, Drift: 2,000, Error reduction coefficient: 0,000, Error: 0,0000 s
abr 04, 2013 12:33:13 PM org.ros.time.RemoteUptimeClock update
INFO: Latency: 31,0000 s, Delta ratio: 0,5000, Drift: 2,000, Error reduction coefficient: 0,000, Error: 0,0000 s
abr 04, 2013 12:33:13 PM org.ros.time.RemoteUptimeClock update
INFO: Latency: 31,0000 s, Delta ratio: 0,5000, Drift: 2,000, Error reduction coefficient: 0,000, Error: 0,0000 s
abr 04, 2013 12:33:13 PM org.ros.time.RemoteUptimeClock update
INFO: Latency: 31,0000 s, Delta ratio: 0,5000, Drift: 2,000, Error reduction coefficient: 0,000, Error: 0,0000 s
abr 04, 2013 12:33:13 PM org.ros.time.RemoteUptimeClock update
INFO: Latency: 31,0000 s, Delta ratio: 0,5000, Drift: 2,000, Error reduction coefficient: 0,000, Error: 0,0000 s
abr 04, 2013 12:33:13 PM org.ros.time.RemoteUptimeClock update
INFO: Latency: 31,0000 s, Delta ratio: 0,5000, Drift: 2,000, Error reduction coefficient: 0,000, Error: 0,0000 s
abr 04, 2013 12:33:13 PM org.ros.time.RemoteUptimeClock update
INFO: Latency: 31,0000 s, Delta ratio: 0,5000, Drift: 2,000, Error reduction coefficient: 0,000, Error: 0,0000 s
abr 04, 2013 12:33:13 PM org.ros.time.RemoteUptimeClock update
INFO: Latency: 31,0000 s, Delta ratio: 0,5000, Drift: 2,000, Error reduction coefficient: 0,000, Error: 0,0000 s
abr 04, 2013 12:33:13 PM org.ros.time.RemoteUptimeClock update
INFO: Latency: 31,0000 s, Delta ratio: 0,5000, Drift: 2,000, Error reduction coefficient: 0,000, Error: 0,0000 s
abr 04, 2013 12:33:13 PM org.ros.time.RemoteUptimeClock update
INFO: Latency: 31,0000 s, Delta ratio: 0,5000, Drift: 2,000, Error reduction coefficient: 0,000, Error: 0,0000 s
abr 04, 2013 12:33:13 PM org.ros.time.RemoteUptimeClock update
INFO: Latency: 31,0000 s, Delta ratio: 0,5000, Drift: 2,000, Error reduction coefficient: 0,000, Error: 0,0000 s
abr 04, 2013 12:33:13 PM org.ros.time.RemoteUptimeClock update
INFO: Latency: 31,0000 s, Delta ratio: 0,5000, Drift: 2,000, Error reduction coefficient: 0,000, Error: 0,0000 s
abr 04, 2013 12:33:13 PM org.ros.time.RemoteUptimeClock update
INFO: Latency: 31,0000 s, Delta ratio: 0,5000, Drift: 2,000, Error reduction coefficient: 0,000, Error: 0,0000 s
abr 04, 2013 12:33:13 PM org.ros.time.RemoteUptimeClock update
INFO: Latency: 31,0000 s, Delta ratio: 0,5000, Drift: 2,000, Error reduction coefficient: 0,000, Error: 0,0000 s
abr 04, 2013 12:33:13 PM org.ros.time.RemoteUptimeClock update
INFO: Latency: 31,0000 s, Delta ratio: 0,5000, Drift: 2,000, Error reduction coefficient: 0,000, Error: 0,0000 s
abr 04, 2013 12:33:13 PM org.ros.time.RemoteUptimeClock update
INFO: Latency: 31,0000 s, Delta ratio: 0,5000, Drift: 2,000, Error reduction coefficient: 0,000, Error: 0,0000 s
abr 04, 2013 12:33:13 PM org.ros.time.RemoteUptimeClock update
INFO: Latency: 31,0000 s, Delta ratio: 0,5000, Drift: 2,000, Error reduction coefficient: 0,000, Error: 0,0000 s
abr 04, 2013 12:33:13 PM org.ros.time.RemoteUptimeClock update
INFO: Latency: 31,0000 s, Delta ratio: 0,5000, Drift: 2,000, Error reduction coefficient: 0,000, Error: 0,0000 s
abr 04, 2013 12:33:13 PM org.ros.time.RemoteUptimeClock update
INFO: Latency: 31,0000 s, Delta ratio: 0,5000, Drift: 2,000, Error reduction coefficient: 0,000, Error: 0,0000 s
abr 04, 2013 12:33:13 PM org.ros.time.RemoteUptimeClock update
INFO: Latency: 31,0000 s, Delta ratio: 0,5000, Drift: 2,000, Error reduction coefficient: 0,000, Error: 0,0000 s
abr 04, 2013 12:33:13 PM org.ros.time.RemoteUptimeClock update
INFO: Latency: 31,0000 s, Delta ratio: 0,5000, Drift: 2,000, Error reduction coefficient: 0,000, Error: 0,0000 s
abr 04, 2013 12:33:13 PM org.ros.time.RemoteUptimeClock update
INFO: Latency: 31,0000 s, Delta ratio: 0,5000, Drift: 2,000, Error reduction coefficient: 0,000, Error: 0,0000 s
abr 04, 2013 12:33:13 PM org.ros.time.RemoteUptimeClock update
INFO: Latency: 31,0000 s, Delta ratio: 0,5000, Drift: 2,000, Error reduction coefficient: 0,000, Error: 0,0000 s
abr 04, 2013 12:33:13 PM org.ros.time.RemoteUptimeClock update
INFO: Latency: 31,0000 s, Delta ratio: 0,5000, Drift: 2,000, Error reduction coefficient: 0,000, Error: 0,0000 s
abr 04, 2013 12:33:13 PM org.ros.time.RemoteUptimeClock update
INFO: Latency: 31,0000 s, Delta ratio: 0,5000, Drift: 2,000, Error reduction coefficient: 0,000, Error: 0,0000 s
abr 04, 2013 12:33:13 PM org.ros.time.RemoteUptimeClock update
INFO: Latency: 31,0000 s, Delta ratio: 0,5000, Drift: 2,000, Error reduction coefficient: 0,000, Error: 0,0000 s
abr 04, 2013 12:33:13 PM org.ros.time.RemoteUptimeClock update
INFO: Latency: 31,0000 s, Delta ratio: 0,5000, Drift: 2,000, Error reduction coefficient: 0,000, Error: 0,0000 s
abr 04, 2013 12:33:13 PM org.ros.time.RemoteUptimeClock update
INFO: Latency: 31,0000 s, Delta ratio: 0,5000, Drift: 2,000, Error reduction coefficient: 0,000, Error: 0,0000 s
abr 04, 2013 12:33:13 PM org.ros.time.RemoteUptimeClock update
INFO: Latency: 31,0000 s, Delta ratio: 0,5000, Drift: 2,000, Error reduction coefficient: 0,000, Error: 0,0000 s
abr 04, 2013 12:33:13 PM org.ros.time.RemoteUptimeClock update
INFO: Latency: 31,0000 s, Delta ratio: 0,5000, Drift: 2,000, Error reduction coefficient: 0,000, Error: 0,0000 s
abr 04, 2013 12:33:13 PM org.ros.time.RemoteUptimeClock update
INFO: Latency: 31,0000 s, Delta ratio: 0,5000, Drift: 2,000, Error reduction coefficient: 0,000, Error: 0,0000 s
abr 04, 2013 12:33:13 PM org.ros.time.RemoteUptimeClock update
INFO: Latency: 31,0000 s, Delta ratio: 0,5000, Drift: 2,000, Error reduction coefficient: 0,000, Error: 0,0000 s
abr 04, 2013 12:33:13 PM org.ros.time.RemoteUptimeClock update
INFO: Latency: 31,0000 s, Delta ratio: 0,5000, Drift: 2,000, Error reduction coefficient: 0,000, Error: 0,0000 s
abr 04, 2013 12:33:13 PM org.ros.time.RemoteUptimeClock update
INFO: Latency: 31,0000 s, Delta ratio: 0,5000, Drift: 2,000, Error reduction coefficient: 0,000, Error: 0,0000 s
abr 04, 2013 12:33:13 PM org.ros.time.RemoteUptimeClock update
INFO: Latency: 31,0000 s, Delta ratio: 0,5000, Drift: 2,000, Error reduction coefficient: 0,000, Error: 0,0000 s
abr 04, 2013 12:33:13 PM org.ros.time.RemoteUptimeClock update
INFO: Latency: 31,0000 s, Delta ratio: 0,5000, Drift: 2,000, Error reduction coefficient: 0,000, Error: 0,0000 s
abr 04, 2013 12:33:13 PM org.ros.time.RemoteUptimeClock update
INFO: Latency: 31,0000 s, Delta ratio: 0,5000, Drift: 2,000, Error reduction coefficient: 0,000, Error: 0,0000 s
abr 04, 2013 12:33:13 PM org.ros.time.RemoteUptimeClock update
INFO: Latency: 31,0000 s, Delta ratio: 0,5000, Drift: 2,000, Error reduction coefficient: 0,000, Error: 0,0000 s
abr 04, 2013 12:33:13 PM org.ros.time.RemoteUptimeClock update
INFO: Latency: 31,0000 s, Delta ratio: 0,5000, Drift: 2,000, Error reduction coefficient: 0,000, Error: 0,0000 s
abr 04, 2013 12:33:13 PM org.ros.time.RemoteUptimeClock update
INFO: Latency: 31,0000 s, Delta ratio: 0,5000, Drift: 2,000, Error reduction coefficient: 0,000, Error: 0,0000 s
abr 04, 2013 12:33:13 PM org.ros.time.RemoteUptimeClock update
INFO: Latency: 31,0000 s, Delta ratio: 0,5000, Drift: 2,000, Error reduction coefficient: 0,000, Error: 0,0000 s
abr 04, 2013 12:33:13 PM org.ros.time.RemoteUptimeClock update
INFO: Latency: 31,0000 s, Delta ratio: 0,5000, Drift: 2,000, Error reduction coefficient: 0,000, Error: 0,0000 s
abr 04, 2013 12:33:13 PM org.ros.time.RemoteUptimeClock update
INFO: Latency: 31,0000 s, Delta ratio: 0,5000, Drift: 2,000, Error reduction coefficient: 0,000, Error: 0,0000 s
abr 04, 2013 12:33:13 PM org.ros.time.RemoteUptimeClock update
INFO: Latency: 31,0000 s, Delta ratio: 0,5000, Drift: 2,000, Error reduction coefficient: 0,000, Error: 0,0000 s
abr 04, 2013 12:33:13 PM org.ros.time.RemoteUptimeClock update
INFO: Latency: 31,0000 s, Delta ratio: 0,5000, Drift: 2,000, Error reduction coefficient: 0,000, Error: 0,0000 s
abr 04, 2013 12:33:13 PM org.ros.time.RemoteUptimeClock update
INFO: Latency: 31,0000 s, Delta ratio: 0,5000, Drift: 2,000, Error reduction coefficient: 0,000, Error: 0,0000 s
abr 04, 2013 12:33:13 PM org.ros.time.RemoteUptimeClock update
INFO: Latency: 31,0000 s, Delta ratio: 0,5000, Drift: 2,000, Error reduction coefficient: 0,000, Error: 0,0000 s
abr 04, 2013 12:33:13 PM org.ros.time.RemoteUptimeClock update
INFO: Latency: 31,0000 s, Delta ratio: 0,5000, Drift: 2,000, Error reduction coefficient: 0,000, Error: 0,0000 s
abr 04, 2013 12:33:13 PM org.ros.time.RemoteUptimeClock update
INFO: Latency: 31,0000 s, Delta ratio: 0,5000, Drift: 2,000, Error reduction coefficient: 0,000, Error: 0,0000 s
abr 04, 2013 12:33:13 PM org.ros.time.RemoteUptimeClock update
INFO: Latency: 31,0000 s, Delta ratio: 0,5000, Drift: 2,000, Error reduction coefficient: 0,000, Error: 0,0000 s
abr 04, 2013 12:33:13 PM org.ros.time.RemoteUptimeClock update
INFO: Latency: 31,0000 s, Delta ratio: 0,5000, Drift: 2,000, Error reduction coefficient: 0,000, Error: 0,0000 s
abr 04, 2013 12:33:13 PM org.ros.time.RemoteUptimeClock update
INFO: Latency: 31,0000 s, Delta ratio: 0,5000, Drift: 2,000, Error reduction coefficient: 0,000, Error: 0,0000 s
abr 04, 2013 12:33:13 PM org.ros.time.RemoteUptimeClock update
INFO: Latency: 31,0000 s, Delta ratio: 0,5000, Drift: 2,000, Error reduction coefficient: 0,000, Error: 0,0000 s
abr 04, 2013 12:33:13 PM org.ros.time.RemoteUptimeClock update
INFO: Latency: 31,0000 s, Delta ratio: 0,5000, Drift: 2,000, Error reduction coefficient: 0,000, Error: 0,0000 s
abr 04, 2013 12:33:13 PM org.ros.time.RemoteUptimeClock update
INFO: Latency: 31,0000 s, Delta ratio: 0,5000, Drift: 2,000, Error reduction coefficient: 0,000, Error: 0,0000 s
abr 04, 2013 12:33:13 PM org.ros.time.RemoteUptimeClock update
INFO: Latency: 31,0000 s, Delta ratio: 0,5000, Drift: 2,000, Error reduction coefficient: 0,000, Error: 0,0000 s
abr 04, 2013 12:33:13 PM org.ros.time.RemoteUptimeClock update
INFO: Latency: 31,0000 s, Delta ratio: 0,5000, Drift: 2,000, Error reduction coefficient: 0,000, Error: 0,0000 s
abr 04, 2013 12:33:13 PM org.ros.time.RemoteUptimeClock update
INFO: Latency: 31,0000 s, Delta ratio: 0,5000, Drift: 2,000, Error reduction coefficient: 0,000, Error: 0,0000 s
abr 04, 2013 12:33:13 PM org.ros.time.RemoteUptimeClock update
INFO: Latency: 31,0000 s, Delta ratio: 0,5000, Drift: 2,000, Error reduction coefficient: 0,000, Error: 0,0000 s
abr 04, 2013 12:33:13 PM org.ros.time.RemoteUptimeClock update
INFO: Latency: 31,0000 s, Delta ratio: 0,5000, Drift: 2,000, Error reduction coefficient: 0,000, Error: 0,0000 s
abr 04, 2013 12:33:13 PM org.ros.time.RemoteUptimeClock update
INFO: Latency: 31,0000 s, Delta ratio: 0,5000, Drift: 2,000, Error reduction coefficient: 0,000, Error: 0,0000 s
abr 04, 2013 12:33:13 PM org.ros.time.RemoteUptimeClock update
INFO: Latency: 31,0000 s, Delta ratio: 0,5000, Drift: 2,000, Error reduction coefficient: 0,000, Error: 0,0000 s
abr 04, 2013 12:33:13 PM org.ros.time.RemoteUptimeClock update
INFO: Latency: 31,0000 s, Delta ratio: 0,5000, Drift: 2,000, Error reduction coefficient: 0,000, Error: 0,0000 s
abr 04, 2013 12:33:13 PM org.ros.time.RemoteUptimeClock update
INFO: Latency: 31,0000 s, Delta ratio: 0,5000, Drift: 2,000, Error reduction coefficient: 0,000, Error: 0,0000 s
abr 04, 2013 12:33:13 PM org.ros.time.RemoteUptimeClock update
INFO: Latency: 31,0000 s, Delta ratio: 0,5000, Drift: 2,000, Error reduction coefficient: 0,000, Error: 0,0000 s
abr 04, 2013 12:33:13 PM org.ros.time.RemoteUptimeClock update
INFO: Latency: 31,0000 s, Delta ratio: 0,5000, Drift: 2,000, Error reduction coefficient: 0,000, Error: 0,0000 s
abr 04, 2013 12:33:13 PM org.ros.time.RemoteUptimeClock update
INFO: Latency: 31,0000 s, Delta ratio: 0,5000, Drift: 2,000, Error reduction coefficient: 0,000, Error: 0,0000 s
abr 04, 2013 12:33:13 PM org.ros.time.RemoteUptimeClock update
INFO: Latency: 31,0000 s, Delta ratio: 0,5000, Drift: 2,000, Error reduction coefficient: 0,000, Error: 0,0000 s
abr 04, 2013 12:33:13 PM org.ros.time.RemoteUptimeClock update
INFO: Latency: 31,0000 s, Delta ratio: 0,5000, Drift: 2,000, Error reduction coefficient: 0,000, Error: 0,0000 s
abr 04, 2013 12:33:13 PM org.ros.time.RemoteUptimeClock update
INFO: Latency: 31,0000 s, Delta ratio: 0,5000, Drift: 2,000, Error reduction coefficient: 0,000, Error: 0,0000 s
abr 04, 2013 12:33:13 PM org.ros.time.RemoteUptimeClock update
INFO: Latency: 31,0000 s, Delta ratio: 0,5000, Drift: 2,000, Error reduction coefficient: 0,000, Error: 0,0000 s
abr 04, 2013 12:33:13 PM org.ros.time.RemoteUptimeClock update
INFO: Latency: 31,0000 s, Delta ratio: 0,5000, Drift: 2,000, Error reduction coefficient: 0,000, Error: 0,0000 s
abr 04, 2013 12:33:13 PM org.ros.time.RemoteUptimeClock update
INFO: Latency: 31,0000 s, Delta ratio: 0,5000, Drift: 2,000, Error reduction coefficient: 0,000, Error: 0,0000 s
abr 04, 2013 12:33:13 PM org.ros.time.RemoteUptimeClock update
INFO: Latency: 31,0000 s, Delta ratio: 0,5000, Drift: 2,000, Error reduction coefficient: 0,000, Error: 0,0000 s
abr 04, 2013 12:33:13 PM org.ros.time.RemoteUptimeClock update
INFO: Latency: 31,0000 s, Delta ratio: 0,5000, Drift: 2,000, Error reduction coefficient: 0,000, Error: 0,0000 s
abr 04, 2013 12:33:13 PM org.ros.time.RemoteUptimeClock update
INFO: Latency: 31,0000 s, Delta ratio: 0,5000, Drift: 2,000, Error reduction coefficient: 0,000, Error: 0,0000 s
abr 04, 2013 12:33:13 PM org.ros.time.RemoteUptimeClock update
INFO: Latency: 31,0000 s, Delta ratio: 0,5000, Drift: 2,000, Error reduction coefficient: 0,000, Error: 0,0000 s
abr 04, 2013 12:33:13 PM org.ros.time.RemoteUptimeClock update
INFO: Latency: 31,0000 s, Delta ratio: 0,5000, Drift: 2,000, Error reduction coefficient: 0,000, Error: 0,0000 s
abr 04, 2013 12:33:13 PM org.ros.time.RemoteUptimeClock update
INFO: Latency: 31,0000 s, Delta ratio: 0,5000, Drift: 2,000, Error reduction coefficient: 0,000, Error: 0,0000 s
abr 04, 2013 12:33:13 PM org.ros.time.RemoteUptimeClock update
INFO: Latency: 31,0000 s, Delta ratio: 0,5000, Drift: 2,000, Error reduction coefficient: 0,000, Error: 0,0000 s
abr 04, 2013 12:33:13 PM org.ros.time.RemoteUptimeClock update
INFO: Latency: 31,0000 s, Delta ratio: 0,5000, Drift: 2,000, Error reduction coefficient: 0,000, Error: 0,0000 s
abr 04, 2013 12:33:13 PM org.ros.time.RemoteUptimeClock update
INFO: Latency: 31,0000 s, Delta ratio: 0,5000, Drift: 2,000, Error reduction coefficient: 0,000, Error: 0,0000 s
abr 04, 2013 12:33:13 PM org.ros.time.RemoteUptimeClock update
INFO: Latency: 31,0000 s, Delta ratio: 0,5000, Drift: 2,000, Error reduction coefficient: 0,000, Error: 0,0000 s
abr 04, 2013 12:33:13 PM org.ros.time.RemoteUptimeClock update
INFO: Latency: 31,0000 s, Delta ratio: 0,5000, Drift: 2,000, Error reduction coefficient: 0,000, Error: 0,0000 s
abr 04, 2013 12:33:13 PM org.ros.time.RemoteUptimeClock update
INFO: Latency: 31,0000 s, Delta ratio: 0,5000, Drift: 2,000, Error reduction coefficient: 0,000, Error: 0,0000 s
abr 04, 2013 12:33:13 PM org.ros.time.RemoteUptimeClock update
INFO: Latency: 31,0000 s, Delta ratio: 0,5000, Drift: 2,000, Error reduction coefficient: 0,000, Error: 0,0000 s
abr 04, 2013 12:33:13 PM org.ros.time.RemoteUptimeClock update
INFO: Latency: 31,0000 s, Delta ratio: 0,5000, Drift: 2,000, Error reduction coefficient: 0,000, Error: 0,0000 s
abr 04, 2013 12:33:13 PM org.ros.time.RemoteUptimeClock update
INFO: Latency: 31,0000 s, Delta ratio: 0,5000, Drift: 2,000, Error reduction coefficient: 0,000, Error: 0,0000 s
abr 04, 2013 12:33:13 PM org.ros.time.RemoteUptimeClock update
INFO: Latency: 31,0000 s, Delta ratio: 0,5000, Drift: 2,000, Error reduction coefficient: 0,000, Error: 0,0000 s
abr 04, 2013 12:33:13 PM org.ros.time.RemoteUptimeClock update
INFO: Latency: 31,0000 s, Delta ratio: 0,5000, Drift: 2,000, Error reduction coefficient: 0,000, Error: 0,0000 s
abr 04, 2013 12:33:13 PM org.ros.time.RemoteUptimeClock update
INFO: Latency: 31,0000 s, Delta ratio: 0,5000, Drift: 2,000, Error reduction coefficient: 0,000, Error: 0,0000 s
abr 04, 2013 12:33:13 PM org.ros.time.RemoteUptimeClock update
INFO: Latency: 31,0000 s, Delta ratio: 0,5000, Drift: 2,000, Error reduction coefficient: 0,000, Error: 0,0000 s
abr 04, 2013 12:33:13 PM org.ros.time.RemoteUptimeClock update
INFO: Latency: 31,0000 s, Delta ratio: 0,5000, Drift: 2,000, Error reduction coefficient: 0,000, Error: 0,0000 s
abr 04, 2013 12:33:13 PM org.ros.time.RemoteUptimeClock update
INFO: Latency: 31,0000 s, Delta ratio: 0,5000, Drift: 2,000, Error reduction coefficient: 0,000, Error: 0,0000 s
abr 04, 2013 12:33:13 PM org.ros.time.RemoteUptimeClock update
INFO: Latency: 31,0000 s, Delta ratio: 0,5000, Drift: 2,000, Error reduction coefficient: 0,000, Error: 0,0000 s
abr 04, 2013 12:33:13 PM org.ros.time.RemoteUptimeClock update
INFO: Latency: 31,0000 s, Delta ratio: 0,5000, Drift: 2,000, Error reduction coefficient: 0,000, Error: 0,0000 s
abr 04, 2013 12:33:13 PM org.ros.time.RemoteUptimeClock update
INFO: Latency: 31,0000 s, Delta ratio: 0,5000, Drift: 2,000, Error reduction coefficient: 0,000, Error: 0,0000 s
abr 04, 2013 12:33:13 PM org.ros.time.RemoteUptimeClock update
INFO: Latency: 31,0000 s, Delta ratio: 0,5000, Drift: 2,000, Error reduction coefficient: 0,000, Error: 0,0000 s
abr 04, 2013 12:33:13 PM org.ros.time.RemoteUptimeClock update
INFO: Latency: 31,0000 s, Delta ratio: 0,5000, Drift: 2,000, Error reduction coefficient: 0,000, Error: 0,0000 s
abr 04, 2013 12:33:13 PM org.ros.time.RemoteUptimeClock update
INFO: Latency: 31,0000 s, Delta ratio: 0,5000, Drift: 2,000, Error reduction coefficient: 0,000, Error: 0,0000 s
abr 04, 2013 12:33:13 PM org.ros.time.RemoteUptimeClock update
INFO: Latency: 31,0000 s, Delta ratio: 0,5000, Drift: 2,000, Error reduction coefficient: 0,000, Error: 0,0000 s
abr 04, 2013 12:33:13 PM org.ros.time.RemoteUptimeClock update
INFO: Latency: 31,0000 s, Delta ratio: 0,5000, Drift: 2,000, Error reduction coefficient: 0,000, Error: 0,0000 s
abr 04, 2013 12:33:13 PM org.ros.time.RemoteUptimeClock update
INFO: Latency: 31,0000 s, Delta ratio: 0,5000, Drift: 2,000, Error reduction coefficient: 0,000, Error: 0,0000 s
abr 04, 2013 12:33:13 PM org.ros.time.RemoteUptimeClock update
INFO: Latency: 31,0000 s, Delta ratio: 0,5000, Drift: 2,000, Error reduction coefficient: 0,000, Error: 0,0000 s
abr 04, 2013 12:33:13 PM org.ros.time.RemoteUptimeClock update
INFO: Latency: 31,0000 s, Delta ratio: 0,5000, Drift: 2,000, Error reduction coefficient: 0,000, Error: 0,0000 s
abr 04, 2013 12:33:13 PM org.ros.time.RemoteUptimeClock update
INFO: Latency: 31,0000 s, Delta ratio: 0,5000, Drift: 2,000, Error reduction coefficient: 0,000, Error: 0,0000 s
abr 04, 2013 12:33:13 PM org.ros.time.RemoteUptimeClock update
INFO: Latency: 31,0000 s, Delta ratio: 0,5000, Drift: 2,000, Error reduction coefficient: 0,000, Error: 0,0000 s
abr 04, 2013 12:33:13 PM org.ros.time.RemoteUptimeClock update
INFO: Latency: 31,0000 s, Delta ratio: 0,5000, Drift: 2,000, Error reduction coefficient: 0,000, Error: 0,0000 s
abr 04, 2013 12:33:13 PM org.ros.time.RemoteUptimeClock update
INFO: Latency: 31,0000 s, Delta ratio: 0,5000, Drift: 2,000, Error reduction coefficient: 0,000, Error: 0,0000 s
abr 04, 2013 12:33:13 PM org.ros.time.RemoteUptimeClock update
INFO: Latency: 31,0000 s, Delta ratio: 0,5000, Drift: 2,000, Error reduction coefficient: 0,000, Error: 0,0000 s
abr 04, 2013 12:33:13 PM org.ros.time.RemoteUptimeClock update
INFO: Latency: 31,0000 s, Delta ratio: 0,5000, Drift: 2,000, Error reduction coefficient: 0,000, Error: 0,0000 s
abr 04, 2013 12:33:13 PM org.ros.time.RemoteUptimeClock update
INFO: Latency: 31,0000 s, Delta ratio: 0,5000, Drift: 2,000, Error reduction coefficient: 0,000, Error: 0,0000 s
abr 04, 2013 12:33:13 PM org.ros.time.RemoteUptimeClock update
INFO: Latency: 31,0000 s, Delta ratio: 0,5000, Drift: 2,000, Error reduction coefficient: 0,000, Error: 0,0000 s
abr 04, 2013 12:33:13 PM org.ros.time.RemoteUptimeClock update
INFO: Latency: 31,0000 s, Delta ratio: 0,5000, Drift: 2,000, Error reduction coefficient: 0,000, Error: 0,0000 s
abr 04, 2013 12:33:13 PM org.ros.time.RemoteUptimeClock update
INFO: Latency: 31,0000 s, Delta ratio: 0,5000, Drift: 2,000, Error reduction coefficient: 0,000, Error: 0,0000 s
abr 04, 2013 12:33:13 PM org.ros.time.RemoteUptimeClock update
INFO: Latency: 31,0000 s, Delta ratio: 0,5000, Drift: 2,000, Error reduction coefficient: 0,000, Error: 0,0000 s
abr 04, 2013 12:33:13 PM org.ros.time.RemoteUptimeClock update
INFO: Latency: 31,0000 s, Delta ratio: 0,5000, Drift: 2,000, Error reduction coefficient: 0,000, Error: 0,0000 s
abr 04, 2013 12:33:13 PM org.ros.time.RemoteUptimeClock update
INFO: Latency: 31,0000 s, Delta ratio: 0,5000, Drift: 2,000, Error reduction coefficient: 0,000, Error: 0,0000 s
abr 04, 2013 12:33:13 PM org.ros.time.RemoteUptimeClock update
INFO: Latency: 31,0000 s, Delta ratio: 0,5000, Drift: 2,000, Error reduction coefficient: 0,000, Error: 0,0000 s
abr 04, 2013 12:33:13 PM org.ros.time.RemoteUptimeClock update
INFO: Latency: 31,0000 s, Delta ratio: 0,5000, Drift: 2,000, Error reduction coefficient: 0,000, Error: 0,0000 s
abr 04, 2013 12:33:13 PM org.ros.time.RemoteUptimeClock update
INFO: Latency: 31,0000 s, Delta ratio: 0,5000, Drift: 2,000, Error reduction coefficient: 0,000, Error: 0,0000 s
abr 04, 2013 12:33:13 PM org.ros.time.RemoteUptimeClock update
INFO: Latency: 31,0000 s, Delta ratio: 0,5000, Drift: 2,000, Error reduction coefficient: 0,000, Error: 0,0000 s
abr 04, 2013 12:33:13 PM org.ros.time.RemoteUptimeClock update
INFO: Latency: 31,0000 s, Delta ratio: 0,5000, Drift: 2,000, Error reduction coefficient: 0,000, Error: 0,0000 s
abr 04, 2013 12:33:13 PM org.ros.time.RemoteUptimeClock update
INFO: Latency: 31,0000 s, Delta ratio: 0,5000, Drift: 2,000, Error reduction coefficient: 0,000, Error: 0,0000 s
abr 04, 2013 12:33:13 PM org.ros.time.RemoteUptimeClock update
INFO: Latency: 31,0000 s, Delta ratio: 0,5000, Drift: 2,000, Error reduction coefficient: 0,000, Error: 0,0000 s
abr 04, 2013 12:33:13 PM org.ros.time.RemoteUptimeClock update
INFO: Latency: 31,0000 s, Delta ratio: 0,5000, Drift: 2,000, Error reduction coefficient: 0,000, Error: 0,0000 s
abr 04, 2013 12:33:13 PM org.ros.time.RemoteUptimeClock update
INFO: Latency: 31,0000 s, Delta ratio: 0,5000, Drift: 2,000, Error reduction coefficient: 0,000, Error: 0,0000 s
abr 04, 2013 12:33:13 PM org.ros.time.RemoteUptimeClock update
INFO: Latency: 31,0000 s, Delta ratio: 0,5000, Drift: 2,000, Error reduction coefficient: 0,000, Error: 0,0000 s
abr 04, 2013 12:33:13 PM org.ros.time.RemoteUptimeClock update
INFO: Latency: 31,0000 s, Delta ratio: 0,5000, Drift: 2,000, Error reduction coefficient: 0,000, Error: 0,0000 s
abr 04, 2013 12:33:13 PM org.ros.time.RemoteUptimeClock update
INFO: Latency: 31,0000 s, Delta ratio: 0,5000, Drift: 2,000, Error reduction coefficient: 0,000, Error: 0,0000 s
abr 04, 2013 12:33:13 PM org.ros.time.RemoteUptimeClock update
INFO: Latency: 31,0000 s, Delta ratio: 0,5000, Drift: 2,000, Error reduction coefficient: 0,000, Error: 0,0000 s
abr 04, 2013 12:33:13 PM org.ros.time.RemoteUptimeClock update
INFO: Latency: 31,0000 s, Delta ratio: 0,5000, Drift: 2,000, Error reduction coefficient: 0,000, Error: 0,0000 s
abr 04, 2013 12:33:13 PM org.ros.time.RemoteUptimeClock update
INFO: Latency: 31,0000 s, Delta ratio: 0,5000, Drift: 2,000, Error reduction coefficient: 0,000, Error: 0,0000 s
abr 04, 2013 12:33:13 PM org.ros.time.RemoteUptimeClock update
INFO: Latency: 31,0000 s, Delta ratio: 0,5000, Drift: 2,000, Error reduction coefficient: 0,000, Error: 0,0000 s
abr 04, 2013 12:33:13 PM org.ros.time.RemoteUptimeClock update
INFO: Latency: 31,0000 s, Delta ratio: 0,5000, Drift: 2,000, Error reduction coefficient: 0,000, Error: 0,0000 s
abr 04, 2013 12:33:13 PM org.ros.time.RemoteUptimeClock update
INFO: Latency: 31,0000 s, Delta ratio: 0,5000, Drift: 2,000, Error reduction coefficient: 0,000, Error: 0,0000 s
abr 04, 2013 12:33:13 PM org.ros.time.RemoteUptimeClock update
INFO: Latency: 31,0000 s, Delta ratio: 0,5000, Drift: 2,000, Error reduction coefficient: 0,000, Error: 0,0000 s
abr 04, 2013 12:33:13 PM org.ros.time.RemoteUptimeClock update
INFO: Latency: 31,0000 s, Delta ratio: 0,5000, Drift: 2,000, Error reduction coefficient: 0,000, Error: 0,0000 s
abr 04, 2013 12:33:13 PM org.ros.time.RemoteUptimeClock update
INFO: Latency: 31,0000 s, Delta ratio: 0,5000, Drift: 2,000, Error reduction coefficient: 0,000, Error: 0,0000 s
abr 04, 2013 12:33:13 PM org.ros.time.RemoteUptimeClock update
INFO: Latency: 31,0000 s, Delta ratio: 0,5000, Drift: 2,000, Error reduction coefficient: 0,000, Error: 0,0000 s
abr 04, 2013 12:33:13 PM org.ros.time.RemoteUptimeClock update
INFO: Latency: 31,0000 s, Delta ratio: 0,5000, Drift: 2,000, Error reduction coefficient: 0,000, Error: 0,0000 s
abr 04, 2013 12:33:13 PM org.ros.time.RemoteUptimeClock update
INFO: Latency: 31,0000 s, Delta ratio: 0,5000, Drift: 2,000, Error reduction coefficient: 0,000, Error: 0,0000 s
abr 04, 2013 12:33:13 PM org.ros.time.RemoteUptimeClock update
INFO: Latency: 31,0000 s, Delta ratio: 0,5000, Drift: 2,000, Error reduction coefficient: 0,000, Error: 0,0000 s
abr 04, 2013 12:33:13 PM org.ros.time.RemoteUptimeClock update
INFO: Latency: 31,0000 s, Delta ratio: 0,5000, Drift: 2,000, Error reduction coefficient: 0,000, Error: 0,0000 s
abr 04, 2013 12:33:13 PM org.ros.time.RemoteUptimeClock update
INFO: Latency: 31,0000 s, Delta ratio: 0,5000, Drift: 2,000, Error reduction coefficient: 0,000, Error: 0,0000 s
abr 04, 2013 12:33:13 PM org.ros.time.RemoteUptimeClock update
INFO: Latency: 31,0000 s, Delta ratio: 0,5000, Drift: 2,000, Error reduction coefficient: 0,000, Error: 0,0000 s
abr 04, 2013 12:33:13 PM org.ros.time.RemoteUptimeClock update
INFO: Latency: 31,0000 s, Delta ratio: 0,5000, Drift: 2,000, Error reduction coefficient: 0,000, Error: 0,0000 s
abr 04, 2013 12:33:13 PM org.ros.time.RemoteUptimeClock update
INFO: Latency: 31,0000 s, Delta ratio: 0,5000, Drift: 2,000, Error reduction coefficient: 0,000, Error: 0,0000 s
abr 04, 2013 12:33:13 PM org.ros.time.RemoteUptimeClock update
INFO: Latency: 31,0000 s, Delta ratio: 0,5000, Drift: 2,000, Error reduction coefficient: 0,000, Error: 0,0000 s
abr 04, 2013 12:33:13 PM org.ros.time.RemoteUptimeClock update
INFO: Latency: 31,0000 s, Delta ratio: 0,5000, Drift: 2,000, Error reduction coefficient: 0,000, Error: 0,0000 s
abr 04, 2013 12:33:13 PM org.ros.time.RemoteUptimeClock update
INFO: Latency: 31,0000 s, Delta ratio: 0,5000, Drift: 2,000, Error reduction coefficient: 0,000, Error: 0,0000 s
abr 04, 2013 12:33:13 PM org.ros.time.RemoteUptimeClock update
INFO: Latency: 31,0000 s, Delta ratio: 0,5000, Drift: 2,000, Error reduction coefficient: 0,000, Error: 0,0000 s
abr 04, 2013 12:33:13 PM org.ros.time.RemoteUptimeClock update
INFO: Latency: 31,0000 s, Delta ratio: 0,5000, Drift: 2,000, Error reduction coefficient: 0,000, Error: 0,0000 s
abr 04, 2013 12:33:13 PM org.ros.time.RemoteUptimeClock update
INFO: Latency: 31,0000 s, Delta ratio: 0,5000, Drift: 2,000, Error reduction coefficient: 0,000, Error: 0,0000 s
abr 04, 2013 12:33:13 PM org.ros.time.RemoteUptimeClock update
INFO: Latency: 31,0000 s, Delta ratio: 0,5000, Drift: 2,000, Error reduction coefficient: 0,000, Error: 0,0000 s
abr 04, 2013 12:33:13 PM org.ros.time.RemoteUptimeClock update
INFO: Latency: 31,0000 s, Delta ratio: 0,5000, Drift: 2,000, Error reduction coefficient: 0,000, Error: 0,0000 s
abr 04, 2013 12:33:13 PM org.ros.time.RemoteUptimeClock update
INFO: Latency: 31,0000 s, Delta ratio: 0,5000, Drift: 2,000, Error reduction coefficient: 0,000, Error: 0,0000 s
abr 04, 2013 12:33:13 PM org.ros.time.RemoteUptimeClock update
INFO: Latency: 31,0000 s, Delta ratio: 0,5000, Drift: 2,000, Error reduction coefficient: 0,000, Error: 0,0000 s
abr 04, 2013 12:33:13 PM org.ros.time.RemoteUptimeClock update
INFO: Latency: 31,0000 s, Delta ratio: 0,5000, Drift: 2,000, Error reduction coefficient: 0,000, Error: 0,0000 s
abr 04, 2013 12:33:13 PM org.ros.time.RemoteUptimeClock update
INFO: Latency: 31,0000 s, Delta ratio: 0,5000, Drift: 2,000, Error reduction coefficient: 0,000, Error: 0,0000 s
abr 04, 2013 12:33:13 PM org.ros.time.RemoteUptimeClock update
INFO: Latency: 31,0000 s, Delta ratio: 0,5000, Drift: 2,000, Error reduction coefficient: 0,000, Error: 0,0000 s
abr 04, 2013 12:33:13 PM org.ros.time.RemoteUptimeClock update
INFO: Latency: 31,0000 s, Delta ratio: 0,5000, Drift: 2,000, Error reduction coefficient: 0,000, Error: 0,0000 s
abr 04, 2013 12:33:13 PM org.ros.time.RemoteUptimeClock update
INFO: Latency: 31,0000 s, Delta ratio: 0,5000, Drift: 2,000, Error reduction coefficient: 0,000, Error: 0,0000 s
abr 04, 2013 12:33:13 PM org.ros.time.RemoteUptimeClock update
INFO: Latency: 31,0000 s, Delta ratio: 0,5000, Drift: 2,000, Error reduction coefficient: 0,000, Error: 0,0000 s
abr 04, 2013 12:33:13 PM org.ros.time.RemoteUptimeClock update
INFO: Latency: 31,0000 s, Delta ratio: 0,5000, Drift: 2,000, Error reduction coefficient: 0,000, Error: 0,0000 s
abr 04, 2013 12:33:13 PM org.ros.time.RemoteUptimeClock update
INFO: Latency: 31,0000 s, Delta ratio: 0,5000, Drift: 2,000, Error reduction coefficient: 0,000, Error: 0,0000 s
abr 04, 2013 12:33:13 PM org.ros.time.RemoteUptimeClock update
INFO: Latency: 31,0000 s, Delta ratio: 0,5000, Drift: 2,000, Error reduction coefficient: 0,000, Error: 0,0000 s
abr 04, 2013 12:33:13 PM org.ros.time.RemoteUptimeClock update
INFO: Latency: 31,0000 s, Delta ratio: 0,5000, Drift: 2,000, Error reduction coefficient: 0,000, Error: 0,0000 s
abr 04, 2013 12:33:13 PM org.ros.time.RemoteUptimeClock update
INFO: Latency: 31,0000 s, Delta ratio: 0,5000, Drift: 2,000, Error reduction coefficient: 0,000, Error: 0,0000 s
abr 04, 2013 12:33:13 PM org.ros.time.RemoteUptimeClock update
INFO: Latency: 31,0000 s, Delta ratio: 0,5000, Drift: 2,000, Error reduction coefficient: 0,000, Error: 0,0000 s
abr 04, 2013 12:33:13 PM org.ros.time.RemoteUptimeClock update
INFO: Latency: 31,0000 s, Delta ratio: 0,5000, Drift: 2,000, Error reduction coefficient: 0,000, Error: 0,0000 s
abr 04, 2013 12:33:13 PM org.ros.time.RemoteUptimeClock update
INFO: Latency: 31,0000 s, Delta ratio: 0,5000, Drift: 2,000, Error reduction coefficient: 0,000, Error: 0,0000 s
abr 04, 2013 12:33:13 PM org.ros.time.RemoteUptimeClock update
INFO: Latency: 31,0000 s, Delta ratio: 0,5000, Drift: 2,000, Error reduction coefficient: 0,000, Error: 0,0000 s
abr 04, 2013 12:33:13 PM org.ros.time.RemoteUptimeClock update
INFO: Latency: 31,0000 s, Delta ratio: 0,5000, Drift: 2,000, Error reduction coefficient: 0,000, Error: 0,0000 s
abr 04, 2013 12:33:13 PM org.ros.time.RemoteUptimeClock update
INFO: Latency: 31,0000 s, Delta ratio: 0,5000, Drift: 2,000, Error reduction coefficient: 0,000, Error: 0,0000 s
abr 04, 2013 12:33:13 PM org.ros.time.RemoteUptimeClock update
INFO: Latency: 31,0000 s, Delta ratio: 0,5000, Drift: 2,000, Error reduction coefficient: 0,000, Error: 0,0000 s
abr 04, 2013 12:33:13 PM org.ros.time.RemoteUptimeClock update
INFO: Latency: 31,0000 s, Delta ratio: 0,5000, Drift: 2,000, Error reduction coefficient: 0,000, Error: 0,0000 s
abr 04, 2013 12:33:13 PM org.ros.time.RemoteUptimeClock update
INFO: Latency: 31,0000 s, Delta ratio: 0,5000, Drift: 2,000, Error reduction coefficient: 0,000, Error: 0,0000 s
abr 04, 2013 12:33:13 PM org.ros.time.RemoteUptimeClock update
INFO: Latency: 31,0000 s, Delta ratio: 0,5000, Drift: 2,000, Error reduction coefficient: 0,000, Error: 0,0000 s
abr 04, 2013 12:33:13 PM org.ros.time.RemoteUptimeClock update
INFO: Latency: 31,0000 s, Delta ratio: 0,5000, Drift: 2,000, Error reduction coefficient: 0,000, Error: 0,0000 s
abr 04, 2013 12:33:13 PM org.ros.time.RemoteUptimeClock update
INFO: Latency: 31,0000 s, Delta ratio: 0,5000, Drift: 2,000, Error reduction coefficient: 0,000, Error: 0,0000 s
abr 04, 2013 12:33:13 PM org.ros.time.RemoteUptimeClock update
INFO: Latency: 31,0000 s, Delta ratio: 0,5000, Drift: 2,000, Error reduction coefficient: 0,000, Error: 0,0000 s
abr 04, 2013 12:33:13 PM org.ros.time.RemoteUptimeClock update
INFO: Latency: 31,0000 s, Delta ratio: 0,5000, Drift: 2,000, Error reduction coefficient: 0,000, Error: 0,0000 s
abr 04, 2013 12:33:13 PM org.ros.time.RemoteUptimeClock update
INFO: Latency: 31,0000 s, Delta ratio: 0,5000, Drift: 2,000, Error reduction coefficient: 0,000, Error: 0,0000 s
abr 04, 2013 12:33:13 PM org.ros.time.RemoteUptimeClock update
INFO: Latency: 31,0000 s, Delta ratio: 0,5000, Drift: 2,000, Error reduction coefficient: 0,000, Error: 0,0000 s
abr 04, 2013 12:33:13 PM org.ros.time.RemoteUptimeClock update
INFO: Latency: 31,0000 s, Delta ratio: 0,5000, Drift: 2,000, Error reduction coefficient: 0,000, Error: 0,0000 s
abr 04, 2013 12:33:13 PM org.ros.time.RemoteUptimeClock update
INFO: Latency: 31,0000 s, Delta ratio: 0,5000, Drift: 2,000, Error reduction coefficient: 0,000, Error: 0,0000 s
abr 04, 2013 12:33:13 PM org.ros.time.RemoteUptimeClock update
INFO: Latency: 31,0000 s, Delta ratio: 0,5000, Drift: 2,000, Error reduction coefficient: 0,000, Error: 0,0000 s
abr 04, 2013 12:33:13 PM org.ros.time.RemoteUptimeClock update
INFO: Latency: 31,0000 s, Delta ratio: 0,5000, Drift: 2,000, Error reduction coefficient: 0,000, Error: 0,0000 s
abr 04, 2013 12:33:13 PM org.ros.time.RemoteUptimeClock update
INFO: Latency: 31,0000 s, Delta ratio: 0,5000, Drift: 2,000, Error reduction coefficient: 0,000, Error: 0,0000 s
abr 04, 2013 12:33:13 PM org.ros.time.RemoteUptimeClock update
INFO: Latency: 31,0000 s, Delta ratio: 0,5000, Drift: 2,000, Error reduction coefficient: 0,000, Error: 0,0000 s
abr 04, 2013 12:33:13 PM org.ros.time.RemoteUptimeClock update
INFO: Latency: 31,0000 s, Delta ratio: 0,5000, Drift: 2,000, Error reduction coefficient: 0,000, Error: 0,0000 s
abr 04, 2013 12:33:13 PM org.ros.time.RemoteUptimeClock update
INFO: Latency: 31,0000 s, Delta ratio: 0,5000, Drift: 2,000, Error reduction coefficient: 0,000, Error: 0,0000 s
abr 04, 2013 12:33:13 PM org.ros.time.RemoteUptimeClock update
INFO: Latency: 31,0000 s, Delta ratio: 0,5000, Drift: 2,000, Error reduction coefficient: 0,000, Error: 0,0000 s
abr 04, 2013 12:33:13 PM org.ros.time.RemoteUptimeClock update
INFO: Latency: 31,0000 s, Delta ratio: 0,5000, Drift: 2,000, Error reduction coefficient: 0,000, Error: 0,0000 s
abr 04, 2013 12:33:13 PM org.ros.time.RemoteUptimeClock update
INFO: Latency: 31,0000 s, Delta ratio: 0,5000, Drift: 2,000, Error reduction coefficient: 0,000, Error: 0,0000 s
abr 04, 2013 12:33:13 PM org.ros.time.RemoteUptimeClock update
INFO: Latency: 31,0000 s, Delta ratio: 0,5000, Drift: 2,000, Error reduction coefficient: 0,000, Error: 0,0000 s
abr 04, 2013 12:33:13 PM org.ros.time.RemoteUptimeClock update
INFO: Latency: 31,0000 s, Delta ratio: 0,5000, Drift: 2,000, Error reduction coefficient: 0,000, Error: 0,0000 s
abr 04, 2013 12:33:13 PM org.ros.time.RemoteUptimeClock update
INFO: Latency: 31,0000 s, Delta ratio: 0,5000, Drift: 2,000, Error reduction coefficient: 0,000, Error: 0,0000 s
abr 04, 2013 12:33:13 PM org.ros.time.RemoteUptimeClock update
INFO: Latency: 31,0000 s, Delta ratio: 0,5000, Drift: 2,000, Error reduction coefficient: 0,000, Error: 0,0000 s
abr 04, 2013 12:33:13 PM org.ros.time.RemoteUptimeClock update
INFO: Latency: 31,0000 s, Delta ratio: 0,5000, Drift: 2,000, Error reduction coefficient: 0,000, Error: 0,0000 s
abr 04, 2013 12:33:13 PM org.ros.time.RemoteUptimeClock update
INFO: Latency: 31,0000 s, Delta ratio: 0,5000, Drift: 2,000, Error reduction coefficient: 0,000, Error: 0,0000 s
abr 04, 2013 12:33:13 PM org.ros.time.RemoteUptimeClock update
INFO: Latency: 31,0000 s, Delta ratio: 0,5000, Drift: 2,000, Error reduction coefficient: 0,000, Error: 0,0000 s
abr 04, 2013 12:33:13 PM org.ros.time.RemoteUptimeClock update
INFO: Latency: 31,0000 s, Delta ratio: 0,5000, Drift: 2,000, Error reduction coefficient: 0,000, Error: 0,0000 s
abr 04, 2013 12:33:13 PM org.ros.time.RemoteUptimeClock update
INFO: Latency: 31,0000 s, Delta ratio: 0,5000, Drift: 2,000, Error reduction coefficient: 0,000, Error: 0,0000 s
abr 04, 2013 12:33:13 PM org.ros.time.RemoteUptimeClock update
INFO: Latency: 31,0000 s, Delta ratio: 0,5000, Drift: 2,000, Error reduction coefficient: 0,000, Error: 0,0000 s
abr 04, 2013 12:33:13 PM org.ros.time.RemoteUptimeClock update
INFO: Latency: 31,0000 s, Delta ratio: 0,5000, Drift: 2,000, Error reduction coefficient: 0,000, Error: 0,0000 s
abr 04, 2013 12:33:13 PM org.ros.time.RemoteUptimeClock update
INFO: Latency: 31,0000 s, Delta ratio: 0,5000, Drift: 2,000, Error reduction coefficient: 0,000, Error: 0,0000 s
abr 04, 2013 12:33:13 PM org.ros.time.RemoteUptimeClock update
INFO: Latency: 31,0000 s, Delta ratio: 0,5000, Drift: 2,000, Error reduction coefficient: 0,000, Error: 0,0000 s
abr 04, 2013 12:33:13 PM org.ros.time.RemoteUptimeClock update
INFO: Latency: 31,0000 s, Delta ratio: 0,5000, Drift: 2,000, Error reduction coefficient: 0,000, Error: 0,0000 s
abr 04, 2013 12:33:13 PM org.ros.time.RemoteUptimeClock update
INFO: Latency: 31,0000 s, Delta ratio: 0,5000, Drift: 2,000, Error reduction coefficient: 0,000, Error: 0,0000 s
abr 04, 2013 12:33:13 PM org.ros.time.RemoteUptimeClock update
INFO: Latency: 31,0000 s, Delta ratio: 0,5000, Drift: 2,000, Error reduction coefficient: 0,000, Error: 0,0000 s
abr 04, 2013 12:33:13 PM org.ros.time.RemoteUptimeClock update
INFO: Latency: 31,0000 s, Delta ratio: 0,5000, Drift: 2,000, Error reduction coefficient: 0,000, Error: 0,0000 s
abr 04, 2013 12:33:13 PM org.ros.time.RemoteUptimeClock update
INFO: Latency: 31,0000 s, Delta ratio: 0,5000, Drift: 2,000, Error reduction coefficient: 0,000, Error: 0,0000 s
abr 04, 2013 12:33:13 PM org.ros.time.RemoteUptimeClock update
INFO: Latency: 31,0000 s, Delta ratio: 0,5000, Drift: 2,000, Error reduction coefficient: 0,000, Error: 0,0000 s
abr 04, 2013 12:33:13 PM org.ros.time.RemoteUptimeClock update
INFO: Latency: 31,0000 s, Delta ratio: 0,5000, Drift: 2,000, Error reduction coefficient: 0,000, Error: 0,0000 s
abr 04, 2013 12:33:13 PM org.ros.time.RemoteUptimeClock update
INFO: Latency: 31,0000 s, Delta ratio: 0,5000, Drift: 2,000, Error reduction coefficient: 0,000, Error: 0,0000 s
abr 04, 2013 12:33:13 PM org.ros.time.RemoteUptimeClock update
INFO: Latency: 31,0000 s, Delta ratio: 0,5000, Drift: 2,000, Error reduction coefficient: 0,000, Error: 0,0000 s
abr 04, 2013 12:33:13 PM org.ros.time.RemoteUptimeClock update
INFO: Latency: 31,0000 s, Delta ratio: 0,5000, Drift: 2,000, Error reduction coefficient: 0,000, Error: 0,0000 s
abr 04, 2013 12:33:13 PM org.ros.time.RemoteUptimeClock update
INFO: Latency: 31,0000 s, Delta ratio: 0,5000, Drift: 2,000, Error reduction coefficient: 0,000, Error: 0,0000 s
abr 04, 2013 12:33:13 PM org.ros.time.RemoteUptimeClock update
INFO: Latency: 31,0000 s, Delta ratio: 0,5000, Drift: 2,000, Error reduction coefficient: 0,000, Error: 0,0000 s
abr 04, 2013 12:33:13 PM org.ros.time.RemoteUptimeClock update
INFO: Latency: 31,0000 s, Delta ratio: 0,5000, Drift: 2,000, Error reduction coefficient: 0,000, Error: 0,0000 s
abr 04, 2013 12:33:13 PM org.ros.time.RemoteUptimeClock update
INFO: Latency: 31,0000 s, Delta ratio: 0,5000, Drift: 2,000, Error reduction coefficient: 0,000, Error: 0,0000 s
abr 04, 2013 12:33:13 PM org.ros.time.RemoteUptimeClock update
INFO: Latency: 31,0000 s, Delta ratio: 0,5000, Drift: 2,000, Error reduction coefficient: 0,000, Error: 0,0000 s
abr 04, 2013 12:33:13 PM org.ros.time.RemoteUptimeClock update
INFO: Latency: 31,0000 s, Delta ratio: 0,5000, Drift: 2,000, Error reduction coefficient: 0,000, Error: 0,0000 s
abr 04, 2013 12:33:13 PM org.ros.time.RemoteUptimeClock update
INFO: Latency: 31,0000 s, Delta ratio: 0,5000, Drift: 2,000, Error reduction coefficient: 0,000, Error: 0,0000 s
abr 04, 2013 12:33:13 PM org.ros.time.RemoteUptimeClock update
INFO: Latency: 31,0000 s, Delta ratio: 0,5000, Drift: 2,000, Error reduction coefficient: 0,000, Error: 0,0000 s
abr 04, 2013 12:33:13 PM org.ros.time.RemoteUptimeClock update
INFO: Latency: 31,0000 s, Delta ratio: 0,5000, Drift: 2,000, Error reduction coefficient: 0,000, Error: 0,0000 s
abr 04, 2013 12:33:13 PM org.ros.time.RemoteUptimeClock update
INFO: Latency: 31,0000 s, Delta ratio: 0,5000, Drift: 2,000, Error reduction coefficient: 0,000, Error: 0,0000 s
abr 04, 2013 12:33:13 PM org.ros.time.RemoteUptimeClock update
INFO: Latency: 31,0000 s, Delta ratio: 0,5000, Drift: 2,000, Error reduction coefficient: 0,000, Error: 0,0000 s
abr 04, 2013 12:33:13 PM org.ros.time.RemoteUptimeClock update
INFO: Latency: 31,0000 s, Delta ratio: 0,5000, Drift: 2,000, Error reduction coefficient: 0,000, Error: 0,0000 s
abr 04, 2013 12:33:13 PM org.ros.time.RemoteUptimeClock update
INFO: Latency: 31,0000 s, Delta ratio: 0,5000, Drift: 2,000, Error reduction coefficient: 0,000, Error: 0,0000 s
abr 04, 2013 12:33:13 PM org.ros.time.RemoteUptimeClock update
INFO: Latency: 31,0000 s, Delta ratio: 0,5000, Drift: 2,000, Error reduction coefficient: 0,000, Error: 0,0000 s
abr 04, 2013 12:33:13 PM org.ros.time.RemoteUptimeClock update
INFO: Latency: 31,0000 s, Delta ratio: 0,5000, Drift: 2,000, Error reduction coefficient: 0,000, Error: 0,0000 s
abr 04, 2013 12:33:13 PM org.ros.time.RemoteUptimeClock update
INFO: Latency: 31,0000 s, Delta ratio: 0,5000, Drift: 2,000, Error reduction coefficient: 0,000, Error: 0,0000 s
abr 04, 2013 12:33:13 PM org.ros.time.RemoteUptimeClock update
INFO: Latency: 31,0000 s, Delta ratio: 0,5000, Drift: 2,000, Error reduction coefficient: 0,000, Error: 0,0000 s
abr 04, 2013 12:33:13 PM org.ros.time.RemoteUptimeClock update
INFO: Latency: 31,0000 s, Delta ratio: 0,5000, Drift: 2,000, Error reduction coefficient: 0,000, Error: 0,0000 s
abr 04, 2013 12:33:13 PM org.ros.time.RemoteUptimeClock update
INFO: Latency: 31,0000 s, Delta ratio: 0,5000, Drift: 2,000, Error reduction coefficient: 0,000, Error: 0,0000 s
abr 04, 2013 12:33:13 PM org.ros.time.RemoteUptimeClock update
INFO: Latency: 31,0000 s, Delta ratio: 0,5000, Drift: 2,000, Error reduction coefficient: 0,000, Error: 0,0000 s
abr 04, 2013 12:33:13 PM org.ros.time.RemoteUptimeClock update
INFO: Latency: 31,0000 s, Delta ratio: 0,5000, Drift: 2,000, Error reduction coefficient: 0,000, Error: 0,0000 s
abr 04, 2013 12:33:13 PM org.ros.time.RemoteUptimeClock update
INFO: Latency: 31,0000 s, Delta ratio: 0,5000, Drift: 2,000, Error reduction coefficient: 0,000, Error: 0,0000 s
abr 04, 2013 12:33:13 PM org.ros.time.RemoteUptimeClock update
INFO: Latency: 31,0000 s, Delta ratio: 0,5000, Drift: 2,000, Error reduction coefficient: 0,000, Error: 0,0000 s
abr 04, 2013 12:33:13 PM org.ros.time.RemoteUptimeClock update
INFO: Latency: 31,0000 s, Delta ratio: 0,5000, Drift: 2,000, Error reduction coefficient: 0,000, Error: 0,0000 s
abr 04, 2013 12:33:13 PM org.ros.time.RemoteUptimeClock update
INFO: Latency: 31,0000 s, Delta ratio: 0,5000, Drift: 2,000, Error reduction coefficient: 0,000, Error: 0,0000 s
abr 04, 2013 12:33:13 PM org.ros.time.RemoteUptimeClock update
INFO: Latency: 31,0000 s, Delta ratio: 0,5000, Drift: 2,000, Error reduction coefficient: 0,000, Error: 0,0000 s
abr 04, 2013 12:33:13 PM org.ros.time.RemoteUptimeClock update
INFO: Latency: 31,0000 s, Delta ratio: 0,5000, Drift: 2,000, Error reduction coefficient: 0,000, Error: 0,0000 s
abr 04, 2013 12:33:13 PM org.ros.time.RemoteUptimeClock update
INFO: Latency: 31,0000 s, Delta ratio: 0,5000, Drift: 2,000, Error reduction coefficient: 0,000, Error: 0,0000 s
abr 04, 2013 12:33:13 PM org.ros.time.RemoteUptimeClock update
INFO: Latency: 31,0000 s, Delta ratio: 0,5000, Drift: 2,000, Error reduction coefficient: 0,000, Error: 0,0000 s
abr 04, 2013 12:33:13 PM org.ros.time.RemoteUptimeClock update
INFO: Latency: 31,0000 s, Delta ratio: 0,5000, Drift: 2,000, Error reduction coefficient: 0,000, Error: 0,0000 s
abr 04, 2013 12:33:13 PM org.ros.time.RemoteUptimeClock update
INFO: Latency: 31,0000 s, Delta ratio: 0,5000, Drift: 2,000, Error reduction coefficient: 0,000, Error: 0,0000 s
abr 04, 2013 12:33:13 PM org.ros.time.RemoteUptimeClock update
INFO: Latency: 31,0000 s, Delta ratio: 0,5000, Drift: 2,000, Error reduction coefficient: 0,000, Error: 0,0000 s
abr 04, 2013 12:33:13 PM org.ros.time.RemoteUptimeClock update
INFO: Latency: 31,0000 s, Delta ratio: 0,5000, Drift: 2,000, Error reduction coefficient: 0,000, Error: 0,0000 s
abr 04, 2013 12:33:13 PM org.ros.time.RemoteUptimeClock update
INFO: Latency: 31,0000 s, Delta ratio: 0,5000, Drift: 2,000, Error reduction coefficient: 0,000, Error: 0,0000 s
abr 04, 2013 12:33:13 PM org.ros.time.RemoteUptimeClock update
INFO: Latency: 31,0000 s, Delta ratio: 0,5000, Drift: 2,000, Error reduction coefficient: 0,000, Error: 0,0000 s
abr 04, 2013 12:33:13 PM org.ros.time.RemoteUptimeClock update
INFO: Latency: 31,0000 s, Delta ratio: 0,5000, Drift: 2,000, Error reduction coefficient: 0,000, Error: 0,0000 s
abr 04, 2013 12:33:13 PM org.ros.time.RemoteUptimeClock update
INFO: Latency: 31,0000 s, Delta ratio: 0,5000, Drift: 2,000, Error reduction coefficient: 0,000, Error: 0,0000 s
abr 04, 2013 12:33:13 PM org.ros.time.RemoteUptimeClock update
INFO: Latency: 31,0000 s, Delta ratio: 0,5000, Drift: 2,000, Error reduction coefficient: 0,000, Error: 0,0000 s
abr 04, 2013 12:33:13 PM org.ros.time.RemoteUptimeClock update
INFO: Latency: 31,0000 s, Delta ratio: 0,5000, Drift: 2,000, Error reduction coefficient: 0,000, Error: 0,0000 s
abr 04, 2013 12:33:13 PM org.ros.time.RemoteUptimeClock update
INFO: Latency: 31,0000 s, Delta ratio: 0,5000, Drift: 2,000, Error reduction coefficient: 0,000, Error: 0,0000 s
abr 04, 2013 12:33:13 PM org.ros.time.RemoteUptimeClock update
INFO: Latency: 31,0000 s, Delta ratio: 0,5000, Drift: 2,000, Error reduction coefficient: 0,000, Error: 0,0000 s
abr 04, 2013 12:33:13 PM org.ros.time.RemoteUptimeClock update
INFO: Latency: 31,0000 s, Delta ratio: 0,5000, Drift: 2,000, Error reduction coefficient: 0,000, Error: 0,0000 s
abr 04, 2013 12:33:13 PM org.ros.time.RemoteUptimeClock update
INFO: Latency: 31,0000 s, Delta ratio: 0,5000, Drift: 2,000, Error reduction coefficient: 0,000, Error: 0,0000 s
abr 04, 2013 12:33:13 PM org.ros.time.RemoteUptimeClock update
INFO: Latency: 31,0000 s, Delta ratio: 0,5000, Drift: 2,000, Error reduction coefficient: 0,000, Error: 0,0000 s
abr 04, 2013 12:33:13 PM org.ros.time.RemoteUptimeClock update
INFO: Latency: 31,0000 s, Delta ratio: 0,5000, Drift: 2,000, Error reduction coefficient: 0,000, Error: 0,0000 s
abr 04, 2013 12:33:13 PM org.ros.time.RemoteUptimeClock update
INFO: Latency: 31,0000 s, Delta ratio: 0,5000, Drift: 2,000, Error reduction coefficient: 0,000, Error: 0,0000 s
abr 04, 2013 12:33:13 PM org.ros.time.RemoteUptimeClock update
INFO: Latency: 31,0000 s, Delta ratio: 0,5000, Drift: 2,000, Error reduction coefficient: 0,000, Error: 0,0000 s
abr 04, 2013 12:33:13 PM org.ros.time.RemoteUptimeClock update
INFO: Latency: 31,0000 s, Delta ratio: 0,5000, Drift: 2,000, Error reduction coefficient: 0,000, Error: 0,0000 s
abr 04, 2013 12:33:13 PM org.ros.time.RemoteUptimeClock update
INFO: Latency: 31,0000 s, Delta ratio: 0,5000, Drift: 2,000, Error reduction coefficient: 0,000, Error: 0,0000 s
abr 04, 2013 12:33:13 PM org.ros.time.RemoteUptimeClock update
INFO: Latency: 31,0000 s, Delta ratio: 0,5000, Drift: 2,000, Error reduction coefficient: 0,000, Error: 0,0000 s
abr 04, 2013 12:33:13 PM org.ros.time.RemoteUptimeClock update
INFO: Latency: 31,0000 s, Delta ratio: 0,5000, Drift: 2,000, Error reduction coefficient: 0,000, Error: 0,0000 s
abr 04, 2013 12:33:13 PM org.ros.time.RemoteUptimeClock update
INFO: Latency: 31,0000 s, Delta ratio: 0,5000, Drift: 2,000, Error reduction coefficient: 0,000, Error: 0,0000 s
abr 04, 2013 12:33:13 PM org.ros.time.RemoteUptimeClock update
INFO: Latency: 31,0000 s, Delta ratio: 0,5000, Drift: 2,000, Error reduction coefficient: 0,000, Error: 0,0000 s
abr 04, 2013 12:33:13 PM org.ros.time.RemoteUptimeClock update
INFO: Latency: 31,0000 s, Delta ratio: 0,5000, Drift: 2,000, Error reduction coefficient: 0,000, Error: 0,0000 s
abr 04, 2013 12:33:13 PM org.ros.time.RemoteUptimeClock update
INFO: Latency: 31,0000 s, Delta ratio: 0,5000, Drift: 2,000, Error reduction coefficient: 0,000, Error: 0,0000 s
abr 04, 2013 12:33:13 PM org.ros.time.RemoteUptimeClock update
INFO: Latency: 31,0000 s, Delta ratio: 0,5000, Drift: 2,000, Error reduction coefficient: 0,000, Error: 0,0000 s
abr 04, 2013 12:33:13 PM org.ros.time.RemoteUptimeClock update
INFO: Latency: 31,0000 s, Delta ratio: 0,5000, Drift: 2,000, Error reduction coefficient: 0,000, Error: 0,0000 s
abr 04, 2013 12:33:13 PM org.ros.time.RemoteUptimeClock update
INFO: Latency: 31,0000 s, Delta ratio: 0,5000, Drift: 2,000, Error reduction coefficient: 0,000, Error: 0,0000 s
abr 04, 2013 12:33:13 PM org.ros.time.RemoteUptimeClock update
INFO: Latency: 31,0000 s, Delta ratio: 0,5000, Drift: 2,000, Error reduction coefficient: 0,000, Error: 0,0000 s
abr 04, 2013 12:33:13 PM org.ros.time.RemoteUptimeClock update
INFO: Latency: 31,0000 s, Delta ratio: 0,5000, Drift: 2,000, Error reduction coefficient: 0,000, Error: 0,0000 s
abr 04, 2013 12:33:13 PM org.ros.time.RemoteUptimeClock update
INFO: Latency: 31,0000 s, Delta ratio: 0,5000, Drift: 2,000, Error reduction coefficient: 0,000, Error: 0,0000 s
abr 04, 2013 12:33:13 PM org.ros.time.RemoteUptimeClock update
INFO: Latency: 31,0000 s, Delta ratio: 0,5000, Drift: 2,000, Error reduction coefficient: 0,000, Error: 0,0000 s
abr 04, 2013 12:33:13 PM org.ros.time.RemoteUptimeClock update
INFO: Latency: 31,0000 s, Delta ratio: 0,5000, Drift: 2,000, Error reduction coefficient: 0,000, Error: 0,0000 s
abr 04, 2013 12:33:13 PM org.ros.time.RemoteUptimeClock update
INFO: Latency: 31,0000 s, Delta ratio: 0,5000, Drift: 2,000, Error reduction coefficient: 0,000, Error: 0,0000 s
abr 04, 2013 12:33:13 PM org.ros.time.RemoteUptimeClock update
INFO: Latency: 31,0000 s, Delta ratio: 0,5000, Drift: 2,000, Error reduction coefficient: 0,000, Error: 0,0000 s
abr 04, 2013 12:33:13 PM org.ros.time.RemoteUptimeClock update
INFO: Latency: 31,0000 s, Delta ratio: 0,5000, Drift: 2,000, Error reduction coefficient: 0,000, Error: 0,0000 s
abr 04, 2013 12:33:13 PM org.ros.time.RemoteUptimeClock update
INFO: Latency: 31,0000 s, Delta ratio: 0,5000, Drift: 2,000, Error reduction coefficient: 0,000, Error: 0,0000 s
abr 04, 2013 12:33:13 PM org.ros.time.RemoteUptimeClock update
INFO: Latency: 31,0000 s, Delta ratio: 0,5000, Drift: 2,000, Error reduction coefficient: 0,000, Error: 0,0000 s
abr 04, 2013 12:33:13 PM org.ros.time.RemoteUptimeClock update
INFO: Latency: 31,0000 s, Delta ratio: 0,5000, Drift: 2,000, Error reduction coefficient: 0,000, Error: 0,0000 s
abr 04, 2013 12:33:13 PM org.ros.time.RemoteUptimeClock update
INFO: Latency: 31,0000 s, Delta ratio: 0,5000, Drift: 2,000, Error reduction coefficient: 0,000, Error: 0,0000 s
abr 04, 2013 12:33:13 PM org.ros.time.RemoteUptimeClock update
INFO: Latency: 31,0000 s, Delta ratio: 0,5000, Drift: 2,000, Error reduction coefficient: 0,000, Error: 0,0000 s
abr 04, 2013 12:33:13 PM org.ros.time.RemoteUptimeClock update
INFO: Latency: 31,0000 s, Delta ratio: 0,5000, Drift: 2,000, Error reduction coefficient: 0,000, Error: 0,0000 s
abr 04, 2013 12:33:13 PM org.ros.time.RemoteUptimeClock update
INFO: Latency: 31,0000 s, Delta ratio: 0,5000, Drift: 2,000, Error reduction coefficient: 0,000, Error: 0,0000 s
abr 04, 2013 12:33:13 PM org.ros.time.RemoteUptimeClock update
INFO: Latency: 31,0000 s, Delta ratio: 0,5000, Drift: 2,000, Error reduction coefficient: 0,000, Error: 0,0000 s
abr 04, 2013 12:33:13 PM org.ros.time.RemoteUptimeClock update
INFO: Latency: 31,0000 s, Delta ratio: 0,5000, Drift: 2,000, Error reduction coefficient: 0,000, Error: 0,0000 s
abr 04, 2013 12:33:13 PM org.ros.time.RemoteUptimeClock update
INFO: Latency: 31,0000 s, Delta ratio: 0,5000, Drift: 2,000, Error reduction coefficient: 0,000, Error: 0,0000 s
abr 04, 2013 12:33:13 PM org.ros.time.RemoteUptimeClock update
INFO: Latency: 31,0000 s, Delta ratio: 0,5000, Drift: 2,000, Error reduction coefficient: 0,000, Error: 0,0000 s
abr 04, 2013 12:33:13 PM org.ros.time.RemoteUptimeClock update
INFO: Latency: 31,0000 s, Delta ratio: 0,5000, Drift: 2,000, Error reduction coefficient: 0,000, Error: 0,0000 s
abr 04, 2013 12:33:13 PM org.ros.time.RemoteUptimeClock update
INFO: Latency: 31,0000 s, Delta ratio: 0,5000, Drift: 2,000, Error reduction coefficient: 0,000, Error: 0,0000 s
abr 04, 2013 12:33:13 PM org.ros.time.RemoteUptimeClock update
INFO: Latency: 31,0000 s, Delta ratio: 0,5000, Drift: 2,000, Error reduction coefficient: 0,000, Error: 0,0000 s
abr 04, 2013 12:33:13 PM org.ros.time.RemoteUptimeClock update
INFO: Latency: 31,0000 s, Delta ratio: 0,5000, Drift: 2,000, Error reduction coefficient: 0,000, Error: 0,0000 s
abr 04, 2013 12:33:13 PM org.ros.time.RemoteUptimeClock update
INFO: Latency: 31,0000 s, Delta ratio: 0,5000, Drift: 2,000, Error reduction coefficient: 0,000, Error: 0,0000 s
abr 04, 2013 12:33:13 PM org.ros.time.RemoteUptimeClock update
INFO: Latency: 31,0000 s, Delta ratio: 0,5000, Drift: 2,000, Error reduction coefficient: 0,000, Error: 0,0000 s
abr 04, 2013 12:33:13 PM org.ros.time.RemoteUptimeClock update
INFO: Latency: 31,0000 s, Delta ratio: 0,5000, Drift: 2,000, Error reduction coefficient: 0,000, Error: 0,0000 s
abr 04, 2013 12:33:13 PM org.ros.time.RemoteUptimeClock update
INFO: Latency: 31,0000 s, Delta ratio: 0,5000, Drift: 2,000, Error reduction coefficient: 0,000, Error: 0,0000 s
abr 04, 2013 12:33:13 PM org.ros.time.RemoteUptimeClock update
INFO: Latency: 31,0000 s, Delta ratio: 0,5000, Drift: 2,000, Error reduction coefficient: 0,000, Error: 0,0000 s
abr 04, 2013 12:33:13 PM org.ros.time.RemoteUptimeClock update
INFO: Latency: 31,0000 s, Delta ratio: 0,5000, Drift: 2,000, Error reduction coefficient: 0,000, Error: 0,0000 s
abr 04, 2013 12:33:13 PM org.ros.time.RemoteUptimeClock update
INFO: Latency: 31,0000 s, Delta ratio: 0,5000, Drift: 2,000, Error reduction coefficient: 0,000, Error: 0,0000 s
abr 04, 2013 12:33:13 PM org.ros.time.RemoteUptimeClock update
INFO: Latency: 31,0000 s, Delta ratio: 0,5000, Drift: 2,000, Error reduction coefficient: 0,000, Error: 0,0000 s
abr 04, 2013 12:33:13 PM org.ros.time.RemoteUptimeClock update
INFO: Latency: 31,0000 s, Delta ratio: 0,5000, Drift: 2,000, Error reduction coefficient: 0,000, Error: 0,0000 s
abr 04, 2013 12:33:13 PM org.ros.time.RemoteUptimeClock update
INFO: Latency: 31,0000 s, Delta ratio: 0,5000, Drift: 2,000, Error reduction coefficient: 0,000, Error: 0,0000 s
abr 04, 2013 12:33:13 PM org.ros.time.RemoteUptimeClock update
INFO: Latency: 31,0000 s, Delta ratio: 0,5000, Drift: 2,000, Error reduction coefficient: 0,000, Error: 0,0000 s
abr 04, 2013 12:33:13 PM org.ros.time.RemoteUptimeClock update
INFO: Latency: 31,0000 s, Delta ratio: 0,5000, Drift: 2,000, Error reduction coefficient: 0,000, Error: 0,0000 s
abr 04, 2013 12:33:13 PM org.ros.time.RemoteUptimeClock update
INFO: Latency: 31,0000 s, Delta ratio: 0,5000, Drift: 2,000, Error reduction coefficient: 0,000, Error: 0,0000 s
abr 04, 2013 12:33:13 PM org.ros.time.RemoteUptimeClock update
INFO: Latency: 31,0000 s, Delta ratio: 0,5000, Drift: 2,000, Error reduction coefficient: 0,000, Error: 0,0000 s
abr 04, 2013 12:33:13 PM org.ros.time.RemoteUptimeClock update
INFO: Latency: 31,0000 s, Delta ratio: 0,5000, Drift: 2,000, Error reduction coefficient: 0,000, Error: 0,0000 s
abr 04, 2013 12:33:13 PM org.ros.time.RemoteUptimeClock update
INFO: Latency: 31,0000 s, Delta ratio: 0,5000, Drift: 2,000, Error reduction coefficient: 0,000, Error: 0,0000 s
abr 04, 2013 12:33:13 PM org.ros.time.RemoteUptimeClock update
INFO: Latency: 31,0000 s, Delta ratio: 0,5000, Drift: 2,000, Error reduction coefficient: 0,000, Error: 0,0000 s
abr 04, 2013 12:33:13 PM org.ros.time.RemoteUptimeClock update
INFO: Latency: 31,0000 s, Delta ratio: 0,5000, Drift: 2,000, Error reduction coefficient: 0,000, Error: 0,0000 s
abr 04, 2013 12:33:13 PM org.ros.time.RemoteUptimeClock update
INFO: Latency: 31,0000 s, Delta ratio: 0,5000, Drift: 2,000, Error reduction coefficient: 0,000, Error: 0,0000 s
abr 04, 2013 12:33:13 PM org.ros.time.RemoteUptimeClock update
INFO: Latency: 31,0000 s, Delta ratio: 0,5000, Drift: 2,000, Error reduction coefficient: 0,000, Error: 0,0000 s
abr 04, 2013 12:33:13 PM org.ros.time.RemoteUptimeClock update
INFO: Latency: 31,0000 s, Delta ratio: 0,5000, Drift: 2,000, Error reduction coefficient: 0,000, Error: 0,0000 s
abr 04, 2013 12:33:13 PM org.ros.time.RemoteUptimeClock update
INFO: Latency: 31,0000 s, Delta ratio: 0,5000, Drift: 2,000, Error reduction coefficient: 0,000, Error: 0,0000 s
abr 04, 2013 12:33:13 PM org.ros.time.RemoteUptimeClock update
INFO: Latency: 31,0000 s, Delta ratio: 0,5000, Drift: 2,000, Error reduction coefficient: 0,000, Error: 0,0000 s
abr 04, 2013 12:33:13 PM org.ros.time.RemoteUptimeClock update
INFO: Latency: 31,0000 s, Delta ratio: 0,5000, Drift: 2,000, Error reduction coefficient: 0,000, Error: 0,0000 s
abr 04, 2013 12:33:13 PM org.ros.time.RemoteUptimeClock update
INFO: Latency: 31,0000 s, Delta ratio: 0,5000, Drift: 2,000, Error reduction coefficient: 0,000, Error: 0,0000 s
abr 04, 2013 12:33:13 PM org.ros.time.RemoteUptimeClock update
INFO: Latency: 31,0000 s, Delta ratio: 0,5000, Drift: 2,000, Error reduction coefficient: 0,000, Error: 0,0000 s
abr 04, 2013 12:33:13 PM org.ros.time.RemoteUptimeClock update
INFO: Latency: 31,0000 s, Delta ratio: 0,5000, Drift: 2,000, Error reduction coefficient: 0,000, Error: 0,0000 s
abr 04, 2013 12:33:13 PM org.ros.time.RemoteUptimeClock update
INFO: Latency: 31,0000 s, Delta ratio: 0,5000, Drift: 2,000, Error reduction coefficient: 0,000, Error: 0,0000 s
abr 04, 2013 12:33:13 PM org.ros.time.RemoteUptimeClock update
INFO: Latency: 31,0000 s, Delta ratio: 0,5000, Drift: 2,000, Error reduction coefficient: 0,000, Error: 0,0000 s
abr 04, 2013 12:33:13 PM org.ros.time.RemoteUptimeClock update
INFO: Latency: 31,0000 s, Delta ratio: 0,5000, Drift: 2,000, Error reduction coefficient: 0,000, Error: 0,0000 s
abr 04, 2013 12:33:13 PM org.ros.time.RemoteUptimeClock update
INFO: Latency: 31,0000 s, Delta ratio: 0,5000, Drift: 2,000, Error reduction coefficient: 0,000, Error: 0,0000 s
abr 04, 2013 12:33:13 PM org.ros.time.RemoteUptimeClock update
INFO: Latency: 31,0000 s, Delta ratio: 0,5000, Drift: 2,000, Error reduction coefficient: 0,000, Error: 0,0000 s
abr 04, 2013 12:33:13 PM org.ros.time.RemoteUptimeClock update
INFO: Latency: 31,0000 s, Delta ratio: 0,5000, Drift: 2,000, Error reduction coefficient: 0,000, Error: 0,0000 s
abr 04, 2013 12:33:13 PM org.ros.time.RemoteUptimeClock update
INFO: Latency: 31,0000 s, Delta ratio: 0,5000, Drift: 2,000, Error reduction coefficient: 0,000, Error: 0,0000 s
abr 04, 2013 12:33:13 PM org.ros.time.RemoteUptimeClock update
INFO: Latency: 31,0000 s, Delta ratio: 0,5000, Drift: 2,000, Error reduction coefficient: 0,000, Error: 0,0000 s
abr 04, 2013 12:33:13 PM org.ros.time.RemoteUptimeClock update
INFO: Latency: 31,0000 s, Delta ratio: 0,5000, Drift: 2,000, Error reduction coefficient: 0,000, Error: 0,0000 s
abr 04, 2013 12:33:13 PM org.ros.time.RemoteUptimeClock update
INFO: Latency: 31,0000 s, Delta ratio: 0,5000, Drift: 2,000, Error reduction coefficient: 0,000, Error: 0,0000 s
abr 04, 2013 12:33:13 PM org.ros.time.RemoteUptimeClock update
INFO: Latency: 31,0000 s, Delta ratio: 0,5000, Drift: 2,000, Error reduction coefficient: 0,000, Error: 0,0000 s
abr 04, 2013 12:33:13 PM org.ros.time.RemoteUptimeClock update
INFO: Latency: 31,0000 s, Delta ratio: 0,5000, Drift: 2,000, Error reduction coefficient: 0,000, Error: 0,0000 s
abr 04, 2013 12:33:13 PM org.ros.time.RemoteUptimeClock update
INFO: Latency: 31,0000 s, Delta ratio: 0,5000, Drift: 2,000, Error reduction coefficient: 0,000, Error: 0,0000 s
abr 04, 2013 12:33:13 PM org.ros.time.RemoteUptimeClock update
INFO: Latency: 31,0000 s, Delta ratio: 0,5000, Drift: 2,000, Error reduction coefficient: 0,000, Error: 0,0000 s
abr 04, 2013 12:33:13 PM org.ros.time.RemoteUptimeClock update
INFO: Latency: 31,0000 s, Delta ratio: 0,5000, Drift: 2,000, Error reduction coefficient: 0,000, Error: 0,0000 s
abr 04, 2013 12:33:13 PM org.ros.time.RemoteUptimeClock update
INFO: Latency: 31,0000 s, Delta ratio: 0,5000, Drift: 2,000, Error reduction coefficient: 0,000, Error: 0,0000 s
abr 04, 2013 12:33:13 PM org.ros.time.RemoteUptimeClock update
INFO: Latency: 31,0000 s, Delta ratio: 0,5000, Drift: 2,000, Error reduction coefficient: 0,000, Error: 0,0000 s
abr 04, 2013 12:33:13 PM org.ros.time.RemoteUptimeClock update
INFO: Latency: 31,0000 s, Delta ratio: 0,5000, Drift: 2,000, Error reduction coefficient: 0,000, Error: 0,0000 s
abr 04, 2013 12:33:13 PM org.ros.time.RemoteUptimeClock update
INFO: Latency: 31,0000 s, Delta ratio: 0,5000, Drift: 2,000, Error reduction coefficient: 0,000, Error: 0,0000 s
abr 04, 2013 12:33:13 PM org.ros.time.RemoteUptimeClock update
INFO: Latency: 31,0000 s, Delta ratio: 0,5000, Drift: 2,000, Error reduction coefficient: 0,000, Error: 0,0000 s
abr 04, 2013 12:33:13 PM org.ros.time.RemoteUptimeClock update
INFO: Latency: 31,0000 s, Delta ratio: 0,5000, Drift: 2,000, Error reduction coefficient: 0,000, Error: 0,0000 s
abr 04, 2013 12:33:13 PM org.ros.time.RemoteUptimeClock update
INFO: Latency: 31,0000 s, Delta ratio: 0,5000, Drift: 2,000, Error reduction coefficient: 0,000, Error: 0,0000 s
abr 04, 2013 12:33:13 PM org.ros.time.RemoteUptimeClock update
INFO: Latency: 31,0000 s, Delta ratio: 0,5000, Drift: 2,000, Error reduction coefficient: 0,000, Error: 0,0000 s
abr 04, 2013 12:33:13 PM org.ros.time.RemoteUptimeClock update
INFO: Latency: 31,0000 s, Delta ratio: 0,5000, Drift: 2,000, Error reduction coefficient: 0,000, Error: 0,0000 s
abr 04, 2013 12:33:13 PM org.ros.time.RemoteUptimeClock update
INFO: Latency: 31,0000 s, Delta ratio: 0,5000, Drift: 2,000, Error reduction coefficient: 0,000, Error: 0,0000 s
abr 04, 2013 12:33:13 PM org.ros.time.RemoteUptimeClock update
INFO: Latency: 31,0000 s, Delta ratio: 0,5000, Drift: 2,000, Error reduction coefficient: 0,000, Error: 0,0000 s
abr 04, 2013 12:33:13 PM org.ros.time.RemoteUptimeClock update
INFO: Latency: 31,0000 s, Delta ratio: 0,5000, Drift: 2,000, Error reduction coefficient: 0,000, Error: 0,0000 s
abr 04, 2013 12:33:13 PM org.ros.time.RemoteUptimeClock update
INFO: Latency: 31,0000 s, Delta ratio: 0,5000, Drift: 2,000, Error reduction coefficient: 0,000, Error: 0,0000 s
abr 04, 2013 12:33:13 PM org.ros.time.RemoteUptimeClock update
INFO: Latency: 31,0000 s, Delta ratio: 0,5000, Drift: 2,000, Error reduction coefficient: 0,000, Error: 0,0000 s
abr 04, 2013 12:33:13 PM org.ros.time.RemoteUptimeClock update
INFO: Latency: 31,0000 s, Delta ratio: 0,5000, Drift: 2,000, Error reduction coefficient: 0,000, Error: 0,0000 s
abr 04, 2013 12:33:13 PM org.ros.time.RemoteUptimeClock update
INFO: Latency: 31,0000 s, Delta ratio: 0,5000, Drift: 2,000, Error reduction coefficient: 0,000, Error: 0,0000 s
abr 04, 2013 12:33:13 PM org.ros.time.RemoteUptimeClock update
INFO: Latency: 31,0000 s, Delta ratio: 0,5000, Drift: 2,000, Error reduction coefficient: 0,000, Error: 0,0000 s
abr 04, 2013 12:33:13 PM org.ros.time.RemoteUptimeClock update
INFO: Latency: 31,0000 s, Delta ratio: 0,5000, Drift: 2,000, Error reduction coefficient: 0,000, Error: 0,0000 s
abr 04, 2013 12:33:13 PM org.ros.time.RemoteUptimeClock update
INFO: Latency: 31,0000 s, Delta ratio: 0,5000, Drift: 2,000, Error reduction coefficient: 0,000, Error: 0,0000 s
abr 04, 2013 12:33:13 PM org.ros.time.RemoteUptimeClock update
INFO: Latency: 31,0000 s, Delta ratio: 0,5000, Drift: 2,000, Error reduction coefficient: 0,000, Error: 0,0000 s
abr 04, 2013 12:33:13 PM org.ros.time.RemoteUptimeClock update
INFO: Latency: 31,0000 s, Delta ratio: 0,5000, Drift: 2,000, Error reduction coefficient: 0,000, Error: 0,0000 s
abr 04, 2013 12:33:13 PM org.ros.time.RemoteUptimeClock update
INFO: Latency: 31,0000 s, Delta ratio: 0,5000, Drift: 2,000, Error reduction coefficient: 0,000, Error: 0,0000 s
abr 04, 2013 12:33:13 PM org.ros.time.RemoteUptimeClock update
INFO: Latency: 31,0000 s, Delta ratio: 0,5000, Drift: 2,000, Error reduction coefficient: 0,000, Error: 0,0000 s
abr 04, 2013 12:33:13 PM org.ros.time.RemoteUptimeClock update
INFO: Latency: 31,0000 s, Delta ratio: 0,5000, Drift: 2,000, Error reduction coefficient: 0,000, Error: 0,0000 s
abr 04, 2013 12:33:13 PM org.ros.time.RemoteUptimeClock update
INFO: Latency: 31,0000 s, Delta ratio: 0,5000, Drift: 2,000, Error reduction coefficient: 0,000, Error: 0,0000 s
abr 04, 2013 12:33:13 PM org.ros.time.RemoteUptimeClock update
INFO: Latency: 31,0000 s, Delta ratio: 0,5000, Drift: 2,000, Error reduction coefficient: 0,000, Error: 0,0000 s
abr 04, 2013 12:33:13 PM org.ros.time.RemoteUptimeClock update
INFO: Latency: 31,0000 s, Delta ratio: 0,5000, Drift: 2,000, Error reduction coefficient: 0,000, Error: 0,0000 s
abr 04, 2013 12:33:13 PM org.ros.time.RemoteUptimeClock update
INFO: Latency: 31,0000 s, Delta ratio: 0,5000, Drift: 2,000, Error reduction coefficient: 0,000, Error: 0,0000 s
abr 04, 2013 12:33:13 PM org.ros.time.RemoteUptimeClock update
INFO: Latency: 31,0000 s, Delta ratio: 0,5000, Drift: 2,000, Error reduction coefficient: 0,000, Error: 0,0000 s
abr 04, 2013 12:33:13 PM org.ros.time.RemoteUptimeClock update
INFO: Latency: 31,0000 s, Delta ratio: 0,5000, Drift: 2,000, Error reduction coefficient: 0,000, Error: 0,0000 s
abr 04, 2013 12:33:13 PM org.ros.time.RemoteUptimeClock update
INFO: Latency: 31,0000 s, Delta ratio: 0,5000, Drift: 2,000, Error reduction coefficient: 0,000, Error: 0,0000 s
abr 04, 2013 12:33:13 PM org.ros.time.RemoteUptimeClock update
INFO: Latency: 31,0000 s, Delta ratio: 0,5000, Drift: 2,000, Error reduction coefficient: 0,000, Error: 0,0000 s
abr 04, 2013 12:33:13 PM org.ros.time.RemoteUptimeClock update
INFO: Latency: 31,0000 s, Delta ratio: 0,5000, Drift: 2,000, Error reduction coefficient: 0,000, Error: 0,0000 s
abr 04, 2013 12:33:13 PM org.ros.time.RemoteUptimeClock update
INFO: Latency: 31,0000 s, Delta ratio: 0,5000, Drift: 2,000, Error reduction coefficient: 0,000, Error: 0,0000 s
abr 04, 2013 12:33:13 PM org.ros.time.RemoteUptimeClock update
INFO: Latency: 31,0000 s, Delta ratio: 0,5000, Drift: 2,000, Error reduction coefficient: 0,000, Error: 0,0000 s
abr 04, 2013 12:33:13 PM org.ros.time.RemoteUptimeClock update
INFO: Latency: 31,0000 s, Delta ratio: 0,5000, Drift: 2,000, Error reduction coefficient: 0,000, Error: 0,0000 s
abr 04, 2013 12:33:13 PM org.ros.time.RemoteUptimeClock update
INFO: Latency: 31,0000 s, Delta ratio: 0,5000, Drift: 2,000, Error reduction coefficient: 0,000, Error: 0,0000 s
abr 04, 2013 12:33:13 PM org.ros.time.RemoteUptimeClock update
INFO: Latency: 31,0000 s, Delta ratio: 0,5000, Drift: 2,000, Error reduction coefficient: 0,000, Error: 0,0000 s
abr 04, 2013 12:33:13 PM org.ros.time.RemoteUptimeClock update
INFO: Latency: 31,0000 s, Delta ratio: 0,5000, Drift: 2,000, Error reduction coefficient: 0,000, Error: 0,0000 s
abr 04, 2013 12:33:13 PM org.ros.time.RemoteUptimeClock update
INFO: Latency: 31,0000 s, Delta ratio: 0,5000, Drift: 2,000, Error reduction coefficient: 0,000, Error: 0,0000 s
abr 04, 2013 12:33:13 PM org.ros.time.RemoteUptimeClock update
INFO: Latency: 31,0000 s, Delta ratio: 0,5000, Drift: 2,000, Error reduction coefficient: 0,000, Error: 0,0000 s
abr 04, 2013 12:33:13 PM org.ros.time.RemoteUptimeClock update
INFO: Latency: 31,0000 s, Delta ratio: 0,5000, Drift: 2,000, Error reduction coefficient: 0,000, Error: 0,0000 s
abr 04, 2013 12:33:13 PM org.ros.time.RemoteUptimeClock update
INFO: Latency: 31,0000 s, Delta ratio: 0,5000, Drift: 2,000, Error reduction coefficient: 0,000, Error: 0,0000 s
abr 04, 2013 12:33:13 PM org.ros.time.RemoteUptimeClock update
INFO: Latency: 31,0000 s, Delta ratio: 0,5000, Drift: 2,000, Error reduction coefficient: 0,000, Error: 0,0000 s
abr 04, 2013 12:33:13 PM org.ros.time.RemoteUptimeClock update
INFO: Latency: 31,0000 s, Delta ratio: 0,5000, Drift: 2,000, Error reduction coefficient: 0,000, Error: 0,0000 s
abr 04, 2013 12:33:13 PM org.ros.time.RemoteUptimeClock update
INFO: Latency: 31,0000 s, Delta ratio: 0,5000, Drift: 2,000, Error reduction coefficient: 0,000, Error: 0,0000 s
abr 04, 2013 12:33:13 PM org.ros.time.RemoteUptimeClock update
INFO: Latency: 31,0000 s, Delta ratio: 0,5000, Drift: 2,000, Error reduction coefficient: 0,000, Error: 0,0000 s
abr 04, 2013 12:33:13 PM org.ros.time.RemoteUptimeClock update
INFO: Latency: 31,0000 s, Delta ratio: 0,5000, Drift: 2,000, Error reduction coefficient: 0,000, Error: 0,0000 s
abr 04, 2013 12:33:13 PM org.ros.time.RemoteUptimeClock update
INFO: Latency: 31,0000 s, Delta ratio: 0,5000, Drift: 2,000, Error reduction coefficient: 0,000, Error: 0,0000 s
abr 04, 2013 12:33:13 PM org.ros.time.RemoteUptimeClock update
INFO: Latency: 31,0000 s, Delta ratio: 0,5000, Drift: 2,000, Error reduction coefficient: 0,000, Error: 0,0000 s
abr 04, 2013 12:33:13 PM org.ros.time.RemoteUptimeClock update
INFO: Latency: 31,0000 s, Delta ratio: 0,5000, Drift: 2,000, Error reduction coefficient: 0,000, Error: 0,0000 s
abr 04, 2013 12:33:13 PM org.ros.time.RemoteUptimeClock update
INFO: Latency: 31,0000 s, Delta ratio: 0,5000, Drift: 2,000, Error reduction coefficient: 0,000, Error: 0,0000 s
abr 04, 2013 12:33:13 PM org.ros.time.RemoteUptimeClock update
INFO: Latency: 31,0000 s, Delta ratio: 0,5000, Drift: 2,000, Error reduction coefficient: 0,000, Error: 0,0000 s
abr 04, 2013 12:33:13 PM org.ros.time.RemoteUptimeClock update
INFO: Latency: 31,0000 s, Delta ratio: 0,5000, Drift: 2,000, Error reduction coefficient: 0,000, Error: 0,0000 s
abr 04, 2013 12:33:13 PM org.ros.time.RemoteUptimeClock update
INFO: Latency: 31,0000 s, Delta ratio: 0,5000, Drift: 2,000, Error reduction coefficient: 0,000, Error: 0,0000 s
abr 04, 2013 12:33:13 PM org.ros.time.RemoteUptimeClock update
INFO: Latency: 31,0000 s, Delta ratio: 0,5000, Drift: 2,000, Error reduction coefficient: 0,000, Error: 0,0000 s
abr 04, 2013 12:33:13 PM org.ros.time.RemoteUptimeClock update
INFO: Latency: 31,0000 s, Delta ratio: 0,5000, Drift: 2,000, Error reduction coefficient: 0,000, Error: 0,0000 s
abr 04, 2013 12:33:13 PM org.ros.time.RemoteUptimeClock update
INFO: Latency: 31,0000 s, Delta ratio: 0,5000, Drift: 2,000, Error reduction coefficient: 0,000, Error: 0,0000 s
abr 04, 2013 12:33:13 PM org.ros.time.RemoteUptimeClock update
INFO: Latency: 31,0000 s, Delta ratio: 0,5000, Drift: 2,000, Error reduction coefficient: 0,000, Error: 0,0000 s
abr 04, 2013 12:33:13 PM org.ros.time.RemoteUptimeClock update
INFO: Latency: 31,0000 s, Delta ratio: 0,5000, Drift: 2,000, Error reduction coefficient: 0,000, Error: 0,0000 s
abr 04, 2013 12:33:13 PM org.ros.time.RemoteUptimeClock update
INFO: Latency: 31,0000 s, Delta ratio: 0,5000, Drift: 2,000, Error reduction coefficient: 0,000, Error: 0,0000 s
abr 04, 2013 12:33:13 PM org.ros.time.RemoteUptimeClock update
INFO: Latency: 31,0000 s, Delta ratio: 0,5000, Drift: 2,000, Error reduction coefficient: 0,000, Error: 0,0000 s
abr 04, 2013 12:33:13 PM org.ros.time.RemoteUptimeClock update
INFO: Latency: 31,0000 s, Delta ratio: 0,5000, Drift: 2,000, Error reduction coefficient: 0,000, Error: 0,0000 s
abr 04, 2013 12:33:13 PM org.ros.time.RemoteUptimeClock update
INFO: Latency: 31,0000 s, Delta ratio: 0,5000, Drift: 2,000, Error reduction coefficient: 0,000, Error: 0,0000 s
abr 04, 2013 12:33:13 PM org.ros.time.RemoteUptimeClock update
INFO: Latency: 31,0000 s, Delta ratio: 0,5000, Drift: 2,000, Error reduction coefficient: 0,000, Error: 0,0000 s
abr 04, 2013 12:33:13 PM org.ros.time.RemoteUptimeClock update
INFO: Latency: 31,0000 s, Delta ratio: 0,5000, Drift: 2,000, Error reduction coefficient: 0,000, Error: 0,0000 s
abr 04, 2013 12:33:13 PM org.ros.time.RemoteUptimeClock update
INFO: Latency: 31,0000 s, Delta ratio: 0,5000, Drift: 2,000, Error reduction coefficient: 0,000, Error: 0,0000 s
abr 04, 2013 12:33:13 PM org.ros.time.RemoteUptimeClock update
INFO: Latency: 31,0000 s, Delta ratio: 0,5000, Drift: 2,000, Error reduction coefficient: 0,000, Error: 0,0000 s
abr 04, 2013 12:33:13 PM org.ros.time.RemoteUptimeClock update
INFO: Latency: 31,0000 s, Delta ratio: 0,5000, Drift: 2,000, Error reduction coefficient: 0,000, Error: 0,0000 s
abr 04, 2013 12:33:13 PM org.ros.time.RemoteUptimeClock update
INFO: Latency: 31,0000 s, Delta ratio: 0,5000, Drift: 2,000, Error reduction coefficient: 0,000, Error: 0,0000 s
abr 04, 2013 12:33:13 PM org.ros.time.RemoteUptimeClock update
INFO: Latency: 31,0000 s, Delta ratio: 0,5000, Drift: 2,000, Error reduction coefficient: 0,000, Error: 0,0000 s
abr 04, 2013 12:33:13 PM org.ros.time.RemoteUptimeClock update
INFO: Latency: 31,0000 s, Delta ratio: 0,5000, Drift: 2,000, Error reduction coefficient: 0,000, Error: 0,0000 s
abr 04, 2013 12:33:13 PM org.ros.time.RemoteUptimeClock update
INFO: Latency: 31,0000 s, Delta ratio: 0,5000, Drift: 2,000, Error reduction coefficient: 0,000, Error: 0,0000 s
abr 04, 2013 12:33:13 PM org.ros.time.RemoteUptimeClock update
INFO: Latency: 31,0000 s, Delta ratio: 0,5000, Drift: 2,000, Error reduction coefficient: 0,000, Error: 0,0000 s
abr 04, 2013 12:33:13 PM org.ros.time.RemoteUptimeClock update
INFO: Latency: 31,0000 s, Delta ratio: 0,5000, Drift: 2,000, Error reduction coefficient: 0,000, Error: 0,0000 s
abr 04, 2013 12:33:13 PM org.ros.time.RemoteUptimeClock update
INFO: Latency: 31,0000 s, Delta ratio: 0,5000, Drift: 2,000, Error reduction coefficient: 0,000, Error: 0,0000 s
abr 04, 2013 12:33:13 PM org.ros.time.RemoteUptimeClock update
INFO: Latency: 31,0000 s, Delta ratio: 0,5000, Drift: 2,000, Error reduction coefficient: 0,000, Error: 0,0000 s
abr 04, 2013 12:33:13 PM org.ros.time.RemoteUptimeClock update
INFO: Latency: 31,0000 s, Delta ratio: 0,5000, Drift: 2,000, Error reduction coefficient: 0,000, Error: 0,0000 s
abr 04, 2013 12:33:13 PM org.ros.time.RemoteUptimeClock update
INFO: Latency: 31,0000 s, Delta ratio: 0,5000, Drift: 2,000, Error reduction coefficient: 0,000, Error: 0,0000 s
abr 04, 2013 12:33:13 PM org.ros.time.RemoteUptimeClock update
INFO: Latency: 31,0000 s, Delta ratio: 0,5000, Drift: 2,000, Error reduction coefficient: 0,000, Error: 0,0000 s
abr 04, 2013 12:33:13 PM org.ros.time.RemoteUptimeClock update
INFO: Latency: 31,0000 s, Delta ratio: 0,5000, Drift: 2,000, Error reduction coefficient: 0,000, Error: 0,0000 s
abr 04, 2013 12:33:13 PM org.ros.time.RemoteUptimeClock update
INFO: Latency: 31,0000 s, Delta ratio: 0,5000, Drift: 2,000, Error reduction coefficient: 0,000, Error: 0,0000 s
abr 04, 2013 12:33:13 PM org.ros.time.RemoteUptimeClock update
INFO: Latency: 31,0000 s, Delta ratio: 0,5000, Drift: 2,000, Error reduction coefficient: 0,000, Error: 0,0000 s
abr 04, 2013 12:33:13 PM org.ros.time.RemoteUptimeClock update
INFO: Latency: 31,0000 s, Delta ratio: 0,5000, Drift: 2,000, Error reduction coefficient: 0,000, Error: 0,0000 s
abr 04, 2013 12:33:13 PM org.ros.time.RemoteUptimeClock update
INFO: Latency: 31,0000 s, Delta ratio: 0,5000, Drift: 2,000, Error reduction coefficient: 0,000, Error: 0,0000 s
abr 04, 2013 12:33:13 PM org.ros.time.RemoteUptimeClock update
INFO: Latency: 31,0000 s, Delta ratio: 0,5000, Drift: 2,000, Error reduction coefficient: 0,000, Error: 0,0000 s
abr 04, 2013 12:33:13 PM org.ros.time.RemoteUptimeClock update
INFO: Latency: 31,0000 s, Delta ratio: 0,5000, Drift: 2,000, Error reduction coefficient: 0,000, Error: 0,0000 s
abr 04, 2013 12:33:13 PM org.ros.time.RemoteUptimeClock update
INFO: Latency: 31,0000 s, Delta ratio: 0,5000, Drift: 2,000, Error reduction coefficient: 0,000, Error: 0,0000 s
abr 04, 2013 12:33:13 PM org.ros.time.RemoteUptimeClock update
INFO: Latency: 31,0000 s, Delta ratio: 0,5000, Drift: 2,000, Error reduction coefficient: 0,000, Error: 0,0000 s
abr 04, 2013 12:33:13 PM org.ros.time.RemoteUptimeClock update
INFO: Latency: 31,0000 s, Delta ratio: 0,5000, Drift: 2,000, Error reduction coefficient: 0,000, Error: 0,0000 s
abr 04, 2013 12:33:13 PM org.ros.time.RemoteUptimeClock update
INFO: Latency: 31,0000 s, Delta ratio: 0,5000, Drift: 2,000, Error reduction coefficient: 0,000, Error: 0,0000 s
abr 04, 2013 12:33:13 PM org.ros.time.RemoteUptimeClock update
INFO: Latency: 31,0000 s, Delta ratio: 0,5000, Drift: 2,000, Error reduction coefficient: 0,000, Error: 0,0000 s
abr 04, 2013 12:33:13 PM org.ros.time.RemoteUptimeClock update
INFO: Latency: 31,0000 s, Delta ratio: 0,5000, Drift: 2,000, Error reduction coefficient: 0,000, Error: 0,0000 s
abr 04, 2013 12:33:13 PM org.ros.time.RemoteUptimeClock update
INFO: Latency: 31,0000 s, Delta ratio: 0,5000, Drift: 2,000, Error reduction coefficient: 0,000, Error: 0,0000 s
abr 04, 2013 12:33:13 PM org.ros.time.RemoteUptimeClock update
INFO: Latency: 31,0000 s, Delta ratio: 0,5000, Drift: 2,000, Error reduction coefficient: 0,000, Error: 0,0000 s
abr 04, 2013 12:33:13 PM org.ros.time.RemoteUptimeClock update
INFO: Latency: 31,0000 s, Delta ratio: 0,5000, Drift: 2,000, Error reduction coefficient: 0,000, Error: 0,0000 s
abr 04, 2013 12:33:13 PM org.ros.time.RemoteUptimeClock update
INFO: Latency: 31,0000 s, Delta ratio: 0,5000, Drift: 2,000, Error reduction coefficient: 0,000, Error: 0,0000 s
abr 04, 2013 12:33:13 PM org.ros.time.RemoteUptimeClock update
INFO: Latency: 31,0000 s, Delta ratio: 0,5000, Drift: 2,000, Error reduction coefficient: 0,000, Error: 0,0000 s
abr 04, 2013 12:33:13 PM org.ros.time.RemoteUptimeClock update
INFO: Latency: 31,0000 s, Delta ratio: 0,5000, Drift: 2,000, Error reduction coefficient: 0,000, Error: 0,0000 s
abr 04, 2013 12:33:13 PM org.ros.time.RemoteUptimeClock update
INFO: Latency: 31,0000 s, Delta ratio: 0,5000, Drift: 2,000, Error reduction coefficient: 0,000, Error: 0,0000 s
abr 04, 2013 12:33:13 PM org.ros.time.RemoteUptimeClock update
INFO: Latency: 31,0000 s, Delta ratio: 0,5000, Drift: 2,000, Error reduction coefficient: 0,000, Error: 0,0000 s
abr 04, 2013 12:33:13 PM org.ros.time.RemoteUptimeClock update
INFO: Latency: 31,0000 s, Delta ratio: 0,5000, Drift: 2,000, Error reduction coefficient: 0,000, Error: 0,0000 s
abr 04, 2013 12:33:13 PM org.ros.time.RemoteUptimeClock update
INFO: Latency: 31,0000 s, Delta ratio: 0,5000, Drift: 2,000, Error reduction coefficient: 0,000, Error: 0,0000 s
abr 04, 2013 12:33:13 PM org.ros.time.RemoteUptimeClock update
INFO: Latency: 31,0000 s, Delta ratio: 0,5000, Drift: 2,000, Error reduction coefficient: 0,000, Error: 0,0000 s
abr 04, 2013 12:33:13 PM org.ros.time.RemoteUptimeClock update
INFO: Latency: 31,0000 s, Delta ratio: 0,5000, Drift: 2,000, Error reduction coefficient: 0,000, Error: 0,0000 s
abr 04, 2013 12:33:13 PM org.ros.time.RemoteUptimeClock update
INFO: Latency: 31,0000 s, Delta ratio: 0,5000, Drift: 2,000, Error reduction coefficient: 0,000, Error: 0,0000 s
abr 04, 2013 12:33:13 PM org.ros.time.RemoteUptimeClock update
INFO: Latency: 31,0000 s, Delta ratio: 0,5000, Drift: 2,000, Error reduction coefficient: 0,000, Error: 0,0000 s
abr 04, 2013 12:33:13 PM org.ros.time.RemoteUptimeClock update
INFO: Latency: 31,0000 s, Delta ratio: 0,5000, Drift: 2,000, Error reduction coefficient: 0,000, Error: 0,0000 s
abr 04, 2013 12:33:13 PM org.ros.time.RemoteUptimeClock update
INFO: Latency: 31,0000 s, Delta ratio: 0,5000, Drift: 2,000, Error reduction coefficient: 0,000, Error: 0,0000 s
abr 04, 2013 12:33:13 PM org.ros.time.RemoteUptimeClock update
INFO: Latency: 31,0000 s, Delta ratio: 0,5000, Drift: 2,000, Error reduction coefficient: 0,000, Error: 0,0000 s
abr 04, 2013 12:33:13 PM org.ros.time.RemoteUptimeClock update
INFO: Latency: 31,0000 s, Delta ratio: 0,5000, Drift: 2,000, Error reduction coefficient: 0,000, Error: 0,0000 s
abr 04, 2013 12:33:13 PM org.ros.time.RemoteUptimeClock update
INFO: Latency: 31,0000 s, Delta ratio: 0,5000, Drift: 2,000, Error reduction coefficient: 0,000, Error: 0,0000 s
abr 04, 2013 12:33:13 PM org.ros.time.RemoteUptimeClock update
INFO: Latency: 31,0000 s, Delta ratio: 0,5000, Drift: 2,000, Error reduction coefficient: 0,000, Error: 0,0000 s
abr 04, 2013 12:33:13 PM org.ros.time.RemoteUptimeClock update
INFO: Latency: 31,0000 s, Delta ratio: 0,5000, Drift: 2,000, Error reduction coefficient: 0,000, Error: 0,0000 s
abr 04, 2013 12:33:13 PM org.ros.time.RemoteUptimeClock update
INFO: Latency: 31,0000 s, Delta ratio: 0,5000, Drift: 2,000, Error reduction coefficient: 0,000, Error: 0,0000 s
abr 04, 2013 12:33:13 PM org.ros.time.RemoteUptimeClock update
INFO: Latency: 31,0000 s, Delta ratio: 0,5000, Drift: 2,000, Error reduction coefficient: 0,000, Error: 0,0000 s
abr 04, 2013 12:33:13 PM org.ros.time.RemoteUptimeClock update
INFO: Latency: 31,0000 s, Delta ratio: 0,5000, Drift: 2,000, Error reduction coefficient: 0,000, Error: 0,0000 s
abr 04, 2013 12:33:13 PM org.ros.time.RemoteUptimeClock update
INFO: Latency: 31,0000 s, Delta ratio: 0,5000, Drift: 2,000, Error reduction coefficient: 0,000, Error: 0,0000 s
abr 04, 2013 12:33:13 PM org.ros.time.RemoteUptimeClock update
INFO: Latency: 31,0000 s, Delta ratio: 0,5000, Drift: 2,000, Error reduction coefficient: 0,000, Error: 0,0000 s
abr 04, 2013 12:33:13 PM org.ros.time.RemoteUptimeClock update
INFO: Latency: 31,0000 s, Delta ratio: 0,5000, Drift: 2,000, Error reduction coefficient: 0,000, Error: 0,0000 s
abr 04, 2013 12:33:13 PM org.ros.time.RemoteUptimeClock update
INFO: Latency: 31,0000 s, Delta ratio: 0,5000, Drift: 2,000, Error reduction coefficient: 0,000, Error: 0,0000 s
abr 04, 2013 12:33:13 PM org.ros.time.RemoteUptimeClock update
INFO: Latency: 31,0000 s, Delta ratio: 0,5000, Drift: 2,000, Error reduction coefficient: 0,000, Error: 0,0000 s
abr 04, 2013 12:33:13 PM org.ros.time.RemoteUptimeClock update
INFO: Latency: 31,0000 s, Delta ratio: 0,5000, Drift: 2,000, Error reduction coefficient: 0,000, Error: 0,0000 s
abr 04, 2013 12:33:13 PM org.ros.time.RemoteUptimeClock update
INFO: Latency: 31,0000 s, Delta ratio: 0,5000, Drift: 2,000, Error reduction coefficient: 0,000, Error: 0,0000 s
abr 04, 2013 12:33:13 PM org.ros.time.RemoteUptimeClock update
INFO: Latency: 31,0000 s, Delta ratio: 0,5000, Drift: 2,000, Error reduction coefficient: 0,000, Error: 0,0000 s
abr 04, 2013 12:33:13 PM org.ros.time.RemoteUptimeClock update
INFO: Latency: 31,0000 s, Delta ratio: 0,5000, Drift: 2,000, Error reduction coefficient: 0,000, Error: 0,0000 s
abr 04, 2013 12:33:13 PM org.ros.time.RemoteUptimeClock update
INFO: Latency: 31,0000 s, Delta ratio: 0,5000, Drift: 2,000, Error reduction coefficient: 0,000, Error: 0,0000 s
abr 04, 2013 12:33:13 PM org.ros.time.RemoteUptimeClock update
INFO: Latency: 31,0000 s, Delta ratio: 0,5000, Drift: 2,000, Error reduction coefficient: 0,000, Error: 0,0000 s
abr 04, 2013 12:33:13 PM org.ros.time.RemoteUptimeClock update
INFO: Latency: 31,0000 s, Delta ratio: 0,5000, Drift: 2,000, Error reduction coefficient: 0,000, Error: 0,0000 s
abr 04, 2013 12:33:13 PM org.ros.time.RemoteUptimeClock update
INFO: Latency: 31,0000 s, Delta ratio: 0,5000, Drift: 2,000, Error reduction coefficient: 0,000, Error: 0,0000 s
abr 04, 2013 12:33:13 PM org.ros.time.RemoteUptimeClock update
INFO: Latency: 31,0000 s, Delta ratio: 0,5000, Drift: 2,000, Error reduction coefficient: 0,000, Error: 0,0000 s
abr 04, 2013 12:33:13 PM org.ros.time.RemoteUptimeClock update
INFO: Latency: 31,0000 s, Delta ratio: 0,5000, Drift: 2,000, Error reduction coefficient: 0,000, Error: 0,0000 s
abr 04, 2013 12:33:13 PM org.ros.time.RemoteUptimeClock update
INFO: Latency: 31,0000 s, Delta ratio: 0,5000, Drift: 2,000, Error reduction coefficient: 0,000, Error: 0,0000 s
abr 04, 2013 12:33:13 PM org.ros.time.RemoteUptimeClock update
INFO: Latency: 31,0000 s, Delta ratio: 0,5000, Drift: 2,000, Error reduction coefficient: 0,000, Error: 0,0000 s
abr 04, 2013 12:33:13 PM org.ros.time.RemoteUptimeClock update
INFO: Latency: 31,0000 s, Delta ratio: 0,5000, Drift: 2,000, Error reduction coefficient: 0,000, Error: 0,0000 s
abr 04, 2013 12:33:13 PM org.ros.time.RemoteUptimeClock update
INFO: Latency: 31,0000 s, Delta ratio: 0,5000, Drift: 2,000, Error reduction coefficient: 0,000, Error: 0,0000 s
abr 04, 2013 12:33:13 PM org.ros.time.RemoteUptimeClock update
INFO: Latency: 31,0000 s, Delta ratio: 0,5000, Drift: 2,000, Error reduction coefficient: 0,000, Error: 0,0000 s
abr 04, 2013 12:33:13 PM org.ros.time.RemoteUptimeClock update
INFO: Latency: 31,0000 s, Delta ratio: 0,5000, Drift: 2,000, Error reduction coefficient: 0,000, Error: 0,0000 s
abr 04, 2013 12:33:13 PM org.ros.time.RemoteUptimeClock update
INFO: Latency: 31,0000 s, Delta ratio: 0,5000, Drift: 2,000, Error reduction coefficient: 0,000, Error: 0,0000 s
abr 04, 2013 12:33:13 PM org.ros.time.RemoteUptimeClock update
INFO: Latency: 31,0000 s, Delta ratio: 0,5000, Drift: 2,000, Error reduction coefficient: 0,000, Error: 0,0000 s
abr 04, 2013 12:33:13 PM org.ros.time.RemoteUptimeClock update
INFO: Latency: 31,0000 s, Delta ratio: 0,5000, Drift: 2,000, Error reduction coefficient: 0,000, Error: 0,0000 s
abr 04, 2013 12:33:13 PM org.ros.time.RemoteUptimeClock update
INFO: Latency: 31,0000 s, Delta ratio: 0,5000, Drift: 2,000, Error reduction coefficient: 0,000, Error: 0,0000 s
abr 04, 2013 12:33:13 PM org.ros.time.RemoteUptimeClock update
INFO: Latency: 31,0000 s, Delta ratio: 0,5000, Drift: 2,000, Error reduction coefficient: 0,000, Error: 0,0000 s
abr 04, 2013 12:33:13 PM org.ros.time.RemoteUptimeClock update
INFO: Latency: 31,0000 s, Delta ratio: 0,5000, Drift: 2,000, Error reduction coefficient: 0,000, Error: 0,0000 s
abr 04, 2013 12:33:13 PM org.ros.time.RemoteUptimeClock update
INFO: Latency: 31,0000 s, Delta ratio: 0,5000, Drift: 2,000, Error reduction coefficient: 0,000, Error: 0,0000 s
abr 04, 2013 12:33:13 PM org.ros.time.RemoteUptimeClock update
INFO: Latency: 31,0000 s, Delta ratio: 0,5000, Drift: 2,000, Error reduction coefficient: 0,000, Error: 0,0000 s
abr 04, 2013 12:33:13 PM org.ros.time.RemoteUptimeClock update
INFO: Latency: 31,0000 s, Delta ratio: 0,5000, Drift: 2,000, Error reduction coefficient: 0,000, Error: 0,0000 s
abr 04, 2013 12:33:13 PM org.ros.time.RemoteUptimeClock update
INFO: Latency: 31,0000 s, Delta ratio: 0,5000, Drift: 2,000, Error reduction coefficient: 0,000, Error: 0,0000 s
abr 04, 2013 12:33:13 PM org.ros.time.RemoteUptimeClock update
INFO: Latency: 31,0000 s, Delta ratio: 0,5000, Drift: 2,000, Error reduction coefficient: 0,000, Error: 0,0000 s
abr 04, 2013 12:33:13 PM org.ros.time.RemoteUptimeClock update
INFO: Latency: 31,0000 s, Delta ratio: 0,5000, Drift: 2,000, Error reduction coefficient: 0,000, Error: 0,0000 s
abr 04, 2013 12:33:13 PM org.ros.time.RemoteUptimeClock update
INFO: Latency: 31,0000 s, Delta ratio: 0,5000, Drift: 2,000, Error reduction coefficient: 0,000, Error: 0,0000 s
abr 04, 2013 12:33:13 PM org.ros.time.RemoteUptimeClock update
INFO: Latency: 31,0000 s, Delta ratio: 0,5000, Drift: 2,000, Error reduction coefficient: 0,000, Error: 0,0000 s
abr 04, 2013 12:33:13 PM org.ros.time.RemoteUptimeClock update
INFO: Latency: 31,0000 s, Delta ratio: 0,5000, Drift: 2,000, Error reduction coefficient: 0,000, Error: 0,0000 s
abr 04, 2013 12:33:13 PM org.ros.time.RemoteUptimeClock update
INFO: Latency: 31,0000 s, Delta ratio: 0,5000, Drift: 2,000, Error reduction coefficient: 0,000, Error: 0,0000 s
abr 04, 2013 12:33:13 PM org.ros.time.RemoteUptimeClock update
INFO: Latency: 31,0000 s, Delta ratio: 0,5000, Drift: 2,000, Error reduction coefficient: 0,000, Error: 0,0000 s
abr 04, 2013 12:33:13 PM org.ros.time.RemoteUptimeClock update
INFO: Latency: 31,0000 s, Delta ratio: 0,5000, Drift: 2,000, Error reduction coefficient: 0,000, Error: 0,0000 s
abr 04, 2013 12:33:13 PM org.ros.time.RemoteUptimeClock update
INFO: Latency: 31,0000 s, Delta ratio: 0,5000, Drift: 2,000, Error reduction coefficient: 0,000, Error: 0,0000 s
abr 04, 2013 12:33:13 PM org.ros.time.RemoteUptimeClock update
INFO: Latency: 31,0000 s, Delta ratio: 0,5000, Drift: 2,000, Error reduction coefficient: 0,000, Error: 0,0000 s
abr 04, 2013 12:33:13 PM org.ros.time.RemoteUptimeClock update
INFO: Latency: 31,0000 s, Delta ratio: 0,5000, Drift: 2,000, Error reduction coefficient: 0,000, Error: 0,0000 s
abr 04, 2013 12:33:13 PM org.ros.time.RemoteUptimeClock update
INFO: Latency: 31,0000 s, Delta ratio: 0,5000, Drift: 2,000, Error reduction coefficient: 0,000, Error: 0,0000 s
abr 04, 2013 12:33:13 PM org.ros.time.RemoteUptimeClock update
INFO: Latency: 31,0000 s, Delta ratio: 0,5000, Drift: 2,000, Error reduction coefficient: 0,000, Error: 0,0000 s
abr 04, 2013 12:33:13 PM org.ros.time.RemoteUptimeClock update
INFO: Latency: 31,0000 s, Delta ratio: 0,5000, Drift: 2,000, Error reduction coefficient: 0,000, Error: 0,0000 s
abr 04, 2013 12:33:13 PM org.ros.time.RemoteUptimeClock update
INFO: Latency: 31,0000 s, Delta ratio: 0,5000, Drift: 2,000, Error reduction coefficient: 0,000, Error: 0,0000 s
abr 04, 2013 12:33:13 PM org.ros.time.RemoteUptimeClock update
INFO: Latency: 31,0000 s, Delta ratio: 0,5000, Drift: 2,000, Error reduction coefficient: 0,000, Error: 0,0000 s
abr 04, 2013 12:33:13 PM org.ros.time.RemoteUptimeClock update
INFO: Latency: 31,0000 s, Delta ratio: 0,5000, Drift: 2,000, Error reduction coefficient: 0,000, Error: 0,0000 s
abr 04, 2013 12:33:13 PM org.ros.time.RemoteUptimeClock update
INFO: Latency: 31,0000 s, Delta ratio: 0,5000, Drift: 2,000, Error reduction coefficient: 0,000, Error: 0,0000 s
abr 04, 2013 12:33:13 PM org.ros.time.RemoteUptimeClock update
INFO: Latency: 31,0000 s, Delta ratio: 0,5000, Drift: 2,000, Error reduction coefficient: 0,000, Error: 0,0000 s
abr 04, 2013 12:33:13 PM org.ros.time.RemoteUptimeClock update
INFO: Latency: 31,0000 s, Delta ratio: 0,5000, Drift: 2,000, Error reduction coefficient: 0,000, Error: 0,0000 s
abr 04, 2013 12:33:13 PM org.ros.time.RemoteUptimeClock update
INFO: Latency: 31,0000 s, Delta ratio: 0,5000, Drift: 2,000, Error reduction coefficient: 0,000, Error: 0,0000 s
abr 04, 2013 12:33:13 PM org.ros.time.RemoteUptimeClock update
INFO: Latency: 31,0000 s, Delta ratio: 0,5000, Drift: 2,000, Error reduction coefficient: 0,000, Error: 0,0000 s
abr 04, 2013 12:33:13 PM org.ros.time.RemoteUptimeClock update
INFO: Latency: 31,0000 s, Delta ratio: 0,5000, Drift: 2,000, Error reduction coefficient: 0,000, Error: 0,0000 s
abr 04, 2013 12:33:13 PM org.ros.time.RemoteUptimeClock update
INFO: Latency: 31,0000 s, Delta ratio: 0,5000, Drift: 2,000, Error reduction coefficient: 0,000, Error: 0,0000 s
abr 04, 2013 12:33:13 PM org.ros.time.RemoteUptimeClock update
INFO: Latency: 31,0000 s, Delta ratio: 0,5000, Drift: 2,000, Error reduction coefficient: 0,000, Error: 0,0000 s
abr 04, 2013 12:33:13 PM org.ros.time.RemoteUptimeClock update
INFO: Latency: 31,0000 s, Delta ratio: 0,5000, Drift: 2,000, Error reduction coefficient: 0,000, Error: 0,0000 s
abr 04, 2013 12:33:13 PM org.ros.time.RemoteUptimeClock update
INFO: Latency: 31,0000 s, Delta ratio: 0,5000, Drift: 2,000, Error reduction coefficient: 0,000, Error: 0,0000 s
abr 04, 2013 12:33:13 PM org.ros.time.RemoteUptimeClock update
INFO: Latency: 31,0000 s, Delta ratio: 0,5000, Drift: 2,000, Error reduction coefficient: 0,000, Error: 0,0000 s
abr 04, 2013 12:33:13 PM org.ros.time.RemoteUptimeClock update
INFO: Latency: 31,0000 s, Delta ratio: 0,5000, Drift: 2,000, Error reduction coefficient: 0,000, Error: 0,0000 s
abr 04, 2013 12:33:13 PM org.ros.time.RemoteUptimeClock update
INFO: Latency: 31,0000 s, Delta ratio: 0,5000, Drift: 2,000, Error reduction coefficient: 0,000, Error: 0,0000 s
abr 04, 2013 12:33:13 PM org.ros.time.RemoteUptimeClock update
INFO: Latency: 31,0000 s, Delta ratio: 0,5000, Drift: 2,000, Error reduction coefficient: 0,000, Error: 0,0000 s
abr 04, 2013 12:33:13 PM org.ros.time.RemoteUptimeClock update
INFO: Latency: 31,0000 s, Delta ratio: 0,5000, Drift: 2,000, Error reduction coefficient: 0,000, Error: 0,0000 s
abr 04, 2013 12:33:13 PM org.ros.time.RemoteUptimeClock update
INFO: Latency: 31,0000 s, Delta ratio: 0,5000, Drift: 2,000, Error reduction coefficient: 0,000, Error: 0,0000 s
abr 04, 2013 12:33:13 PM org.ros.time.RemoteUptimeClock update
INFO: Latency: 31,0000 s, Delta ratio: 0,5000, Drift: 2,000, Error reduction coefficient: 0,000, Error: 0,0000 s
abr 04, 2013 12:33:13 PM org.ros.time.RemoteUptimeClock update
INFO: Latency: 31,0000 s, Delta ratio: 0,5000, Drift: 2,000, Error reduction coefficient: 0,000, Error: 0,0000 s
abr 04, 2013 12:33:13 PM org.ros.time.RemoteUptimeClock update
INFO: Latency: 31,0000 s, Delta ratio: 0,5000, Drift: 2,000, Error reduction coefficient: 0,000, Error: 0,0000 s
abr 04, 2013 12:33:13 PM org.ros.time.RemoteUptimeClock update
INFO: Latency: 31,0000 s, Delta ratio: 0,5000, Drift: 2,000, Error reduction coefficient: 0,000, Error: 0,0000 s
abr 04, 2013 12:33:13 PM org.ros.time.RemoteUptimeClock update
INFO: Latency: 31,0000 s, Delta ratio: 0,5000, Drift: 2,000, Error reduction coefficient: 0,000, Error: 0,0000 s
abr 04, 2013 12:33:13 PM org.ros.time.RemoteUptimeClock update
INFO: Latency: 31,0000 s, Delta ratio: 0,5000, Drift: 2,000, Error reduction coefficient: 0,000, Error: 0,0000 s
abr 04, 2013 12:33:13 PM org.ros.time.RemoteUptimeClock update
INFO: Latency: 31,0000 s, Delta ratio: 0,5000, Drift: 2,000, Error reduction coefficient: 0,000, Error: 0,0000 s
abr 04, 2013 12:33:13 PM org.ros.time.RemoteUptimeClock update
INFO: Latency: 31,0000 s, Delta ratio: 0,5000, Drift: 2,000, Error reduction coefficient: 0,000, Error: 0,0000 s
abr 04, 2013 12:33:13 PM org.ros.time.RemoteUptimeClock update
INFO: Latency: 31,0000 s, Delta ratio: 0,5000, Drift: 2,000, Error reduction coefficient: 0,000, Error: 0,0000 s
abr 04, 2013 12:33:13 PM org.ros.time.RemoteUptimeClock update
INFO: Latency: 31,0000 s, Delta ratio: 0,5000, Drift: 2,000, Error reduction coefficient: 0,000, Error: 0,0000 s
abr 04, 2013 12:33:13 PM org.ros.time.RemoteUptimeClock update
INFO: Latency: 31,0000 s, Delta ratio: 0,5000, Drift: 2,000, Error reduction coefficient: 0,000, Error: 0,0000 s
abr 04, 2013 12:33:13 PM org.ros.time.RemoteUptimeClock update
INFO: Latency: 31,0000 s, Delta ratio: 0,5000, Drift: 2,000, Error reduction coefficient: 0,000, Error: 0,0000 s
abr 04, 2013 12:33:13 PM org.ros.time.RemoteUptimeClock update
INFO: Latency: 31,0000 s, Delta ratio: 0,5000, Drift: 2,000, Error reduction coefficient: 0,000, Error: 0,0000 s
abr 04, 2013 12:33:13 PM org.ros.time.RemoteUptimeClock update
INFO: Latency: 31,0000 s, Delta ratio: 0,5000, Drift: 2,000, Error reduction coefficient: 0,000, Error: 0,0000 s
abr 04, 2013 12:33:13 PM org.ros.time.RemoteUptimeClock update
INFO: Latency: 31,0000 s, Delta ratio: 0,5000, Drift: 2,000, Error reduction coefficient: 0,000, Error: 0,0000 s
abr 04, 2013 12:33:13 PM org.ros.time.RemoteUptimeClock update
INFO: Latency: 31,0000 s, Delta ratio: 0,5000, Drift: 2,000, Error reduction coefficient: 0,000, Error: 0,0000 s
abr 04, 2013 12:33:13 PM org.ros.time.RemoteUptimeClock update
INFO: Latency: 31,0000 s, Delta ratio: 0,5000, Drift: 2,000, Error reduction coefficient: 0,000, Error: 0,0000 s
abr 04, 2013 12:33:13 PM org.ros.time.RemoteUptimeClock update
INFO: Latency: 31,0000 s, Delta ratio: 0,5000, Drift: 2,000, Error reduction coefficient: 0,000, Error: 0,0000 s
abr 04, 2013 12:33:13 PM org.ros.time.RemoteUptimeClock update
INFO: Latency: 31,0000 s, Delta ratio: 0,5000, Drift: 2,000, Error reduction coefficient: 0,000, Error: 0,0000 s
abr 04, 2013 12:33:13 PM org.ros.time.RemoteUptimeClock update
INFO: Latency: 31,0000 s, Delta ratio: 0,5000, Drift: 2,000, Error reduction coefficient: 0,000, Error: 0,0000 s
abr 04, 2013 12:33:13 PM org.ros.time.RemoteUptimeClock update
INFO: Latency: 31,0000 s, Delta ratio: 0,5000, Drift: 2,000, Error reduction coefficient: 0,000, Error: 0,0000 s
abr 04, 2013 12:33:13 PM org.ros.time.RemoteUptimeClock update
INFO: Latency: 31,0000 s, Delta ratio: 0,5000, Drift: 2,000, Error reduction coefficient: 0,000, Error: 0,0000 s
abr 04, 2013 12:33:13 PM org.ros.time.RemoteUptimeClock update
INFO: Latency: 31,0000 s, Delta ratio: 0,5000, Drift: 2,000, Error reduction coefficient: 0,000, Error: 0,0000 s
abr 04, 2013 12:33:13 PM org.ros.time.RemoteUptimeClock update
INFO: Latency: 31,0000 s, Delta ratio: 0,5000, Drift: 2,000, Error reduction coefficient: 0,000, Error: 0,0000 s
abr 04, 2013 12:33:13 PM org.ros.time.RemoteUptimeClock update
INFO: Latency: 31,0000 s, Delta ratio: 0,5000, Drift: 2,000, Error reduction coefficient: 0,000, Error: 0,0000 s
abr 04, 2013 12:33:13 PM org.ros.time.RemoteUptimeClock update
INFO: Latency: 31,0000 s, Delta ratio: 0,5000, Drift: 2,000, Error reduction coefficient: 0,000, Error: 0,0000 s
abr 04, 2013 12:33:13 PM org.ros.time.RemoteUptimeClock update
INFO: Latency: 31,0000 s, Delta ratio: 0,5000, Drift: 2,000, Error reduction coefficient: 0,000, Error: 0,0000 s
abr 04, 2013 12:33:13 PM org.ros.time.RemoteUptimeClock update
INFO: Latency: 31,0000 s, Delta ratio: 0,5000, Drift: 2,000, Error reduction coefficient: 0,000, Error: 0,0000 s
abr 04, 2013 12:33:13 PM org.ros.time.RemoteUptimeClock update
INFO: Latency: 31,0000 s, Delta ratio: 0,5000, Drift: 2,000, Error reduction coefficient: 0,000, Error: 0,0000 s
abr 04, 2013 12:33:13 PM org.ros.time.RemoteUptimeClock update
INFO: Latency: 31,0000 s, Delta ratio: 0,5000, Drift: 2,000, Error reduction coefficient: 0,000, Error: 0,0000 s
abr 04, 2013 12:33:13 PM org.ros.time.RemoteUptimeClock update
INFO: Latency: 31,0000 s, Delta ratio: 0,5000, Drift: 2,000, Error reduction coefficient: 0,000, Error: 0,0000 s
abr 04, 2013 12:33:13 PM org.ros.time.RemoteUptimeClock update
INFO: Latency: 31,0000 s, Delta ratio: 0,5000, Drift: 2,000, Error reduction coefficient: 0,000, Error: 0,0000 s
abr 04, 2013 12:33:13 PM org.ros.time.RemoteUptimeClock update
INFO: Latency: 31,0000 s, Delta ratio: 0,5000, Drift: 2,000, Error reduction coefficient: 0,000, Error: 0,0000 s
abr 04, 2013 12:33:13 PM org.ros.time.RemoteUptimeClock update
INFO: Latency: 31,0000 s, Delta ratio: 0,5000, Drift: 2,000, Error reduction coefficient: 0,000, Error: 0,0000 s
abr 04, 2013 12:33:13 PM org.ros.time.RemoteUptimeClock update
INFO: Latency: 31,0000 s, Delta ratio: 0,5000, Drift: 2,000, Error reduction coefficient: 0,000, Error: 0,0000 s
abr 04, 2013 12:33:13 PM org.ros.time.RemoteUptimeClock update
INFO: Latency: 31,0000 s, Delta ratio: 0,5000, Drift: 2,000, Error reduction coefficient: 0,000, Error: 0,0000 s
abr 04, 2013 12:33:13 PM org.ros.time.RemoteUptimeClock update
INFO: Latency: 31,0000 s, Delta ratio: 0,5000, Drift: 2,000, Error reduction coefficient: 0,000, Error: 0,0000 s
abr 04, 2013 12:33:13 PM org.ros.time.RemoteUptimeClock update
INFO: Latency: 31,0000 s, Delta ratio: 0,5000, Drift: 2,000, Error reduction coefficient: 0,000, Error: 0,0000 s
abr 04, 2013 12:33:13 PM org.ros.time.RemoteUptimeClock update
INFO: Latency: 31,0000 s, Delta ratio: 0,5000, Drift: 2,000, Error reduction coefficient: 0,000, Error: 0,0000 s
abr 04, 2013 12:33:13 PM org.ros.time.RemoteUptimeClock update
INFO: Latency: 31,0000 s, Delta ratio: 0,5000, Drift: 2,000, Error reduction coefficient: 0,000, Error: 0,0000 s
abr 04, 2013 12:33:13 PM org.ros.time.RemoteUptimeClock update
INFO: Latency: 31,0000 s, Delta ratio: 0,5000, Drift: 2,000, Error reduction coefficient: 0,000, Error: 0,0000 s
abr 04, 2013 12:33:13 PM org.ros.time.RemoteUptimeClock update
INFO: Latency: 31,0000 s, Delta ratio: 0,5000, Drift: 2,000, Error reduction coefficient: 0,000, Error: 0,0000 s
abr 04, 2013 12:33:13 PM org.ros.time.RemoteUptimeClock update
INFO: Latency: 31,0000 s, Delta ratio: 0,5000, Drift: 2,000, Error reduction coefficient: 0,000, Error: 0,0000 s
abr 04, 2013 12:33:13 PM org.ros.time.RemoteUptimeClock update
INFO: Latency: 31,0000 s, Delta ratio: 0,5000, Drift: 2,000, Error reduction coefficient: 0,000, Error: 0,0000 s
abr 04, 2013 12:33:13 PM org.ros.time.RemoteUptimeClock update
INFO: Latency: 31,0000 s, Delta ratio: 0,5000, Drift: 2,000, Error reduction coefficient: 0,000, Error: 0,0000 s
abr 04, 2013 12:33:13 PM org.ros.time.RemoteUptimeClock update
INFO: Latency: 31,0000 s, Delta ratio: 0,5000, Drift: 2,000, Error reduction coefficient: 0,000, Error: 0,0000 s
abr 04, 2013 12:33:13 PM org.ros.time.RemoteUptimeClock update
INFO: Latency: 31,0000 s, Delta ratio: 0,5000, Drift: 2,000, Error reduction coefficient: 0,000, Error: 0,0000 s
abr 04, 2013 12:33:13 PM org.ros.time.RemoteUptimeClock update
INFO: Latency: 31,0000 s, Delta ratio: 0,5000, Drift: 2,000, Error reduction coefficient: 0,000, Error: 0,0000 s
abr 04, 2013 12:33:13 PM org.ros.time.RemoteUptimeClock update
INFO: Latency: 31,0000 s, Delta ratio: 0,5000, Drift: 2,000, Error reduction coefficient: 0,000, Error: 0,0000 s
abr 04, 2013 12:33:13 PM org.ros.time.RemoteUptimeClock update
INFO: Latency: 31,0000 s, Delta ratio: 0,5000, Drift: 2,000, Error reduction coefficient: 0,000, Error: 0,0000 s
abr 04, 2013 12:33:13 PM org.ros.time.RemoteUptimeClock update
INFO: Latency: 31,0000 s, Delta ratio: 0,5000, Drift: 2,000, Error reduction coefficient: 0,000, Error: 0,0000 s
abr 04, 2013 12:33:13 PM org.ros.time.RemoteUptimeClock update
INFO: Latency: 31,0000 s, Delta ratio: 0,5000, Drift: 2,000, Error reduction coefficient: 0,000, Error: 0,0000 s
abr 04, 2013 12:33:13 PM org.ros.time.RemoteUptimeClock update
INFO: Latency: 31,0000 s, Delta ratio: 0,5000, Drift: 2,000, Error reduction coefficient: 0,000, Error: 0,0000 s
abr 04, 2013 12:33:13 PM org.ros.time.RemoteUptimeClock update
INFO: Latency: 31,0000 s, Delta ratio: 0,5000, Drift: 2,000, Error reduction coefficient: 0,000, Error: 0,0000 s
abr 04, 2013 12:33:13 PM org.ros.time.RemoteUptimeClock update
INFO: Latency: 31,0000 s, Delta ratio: 0,5000, Drift: 2,000, Error reduction coefficient: 0,000, Error: 0,0000 s
abr 04, 2013 12:33:13 PM org.ros.time.RemoteUptimeClock update
INFO: Latency: 31,0000 s, Delta ratio: 0,5000, Drift: 2,000, Error reduction coefficient: 0,000, Error: 0,0000 s
abr 04, 2013 12:33:13 PM org.ros.time.RemoteUptimeClock update
INFO: Latency: 31,0000 s, Delta ratio: 0,5000, Drift: 2,000, Error reduction coefficient: 0,000, Error: 0,0000 s
abr 04, 2013 12:33:13 PM org.ros.time.RemoteUptimeClock update
INFO: Latency: 31,0000 s, Delta ratio: 0,5000, Drift: 2,000, Error reduction coefficient: 0,000, Error: 0,0000 s
abr 04, 2013 12:33:13 PM org.ros.time.RemoteUptimeClock update
INFO: Latency: 31,0000 s, Delta ratio: 0,5000, Drift: 2,000, Error reduction coefficient: 0,000, Error: 0,0000 s
abr 04, 2013 12:33:13 PM org.ros.time.RemoteUptimeClock update
INFO: Latency: 31,0000 s, Delta ratio: 0,5000, Drift: 2,000, Error reduction coefficient: 0,000, Error: 0,0000 s
abr 04, 2013 12:33:13 PM org.ros.time.RemoteUptimeClock update
INFO: Latency: 31,0000 s, Delta ratio: 0,5000, Drift: 2,000, Error reduction coefficient: 0,000, Error: 0,0000 s
abr 04, 2013 12:33:13 PM org.ros.time.RemoteUptimeClock update
INFO: Latency: 31,0000 s, Delta ratio: 0,5000, Drift: 2,000, Error reduction coefficient: 0,000, Error: 0,0000 s
abr 04, 2013 12:33:13 PM org.ros.time.RemoteUptimeClock update
INFO: Latency: 31,0000 s, Delta ratio: 0,5000, Drift: 2,000, Error reduction coefficient: 0,000, Error: 0,0000 s
abr 04, 2013 12:33:13 PM org.ros.time.RemoteUptimeClock update
INFO: Latency: 31,0000 s, Delta ratio: 0,5000, Drift: 2,000, Error reduction coefficient: 0,000, Error: 0,0000 s
abr 04, 2013 12:33:13 PM org.ros.time.RemoteUptimeClock update
INFO: Latency: 31,0000 s, Delta ratio: 0,5000, Drift: 2,000, Error reduction coefficient: 0,000, Error: 0,0000 s
abr 04, 2013 12:33:13 PM org.ros.time.RemoteUptimeClock update
INFO: Latency: 31,0000 s, Delta ratio: 0,5000, Drift: 2,000, Error reduction coefficient: 0,000, Error: 0,0000 s
abr 04, 2013 12:33:13 PM org.ros.time.RemoteUptimeClock update
INFO: Latency: 31,0000 s, Delta ratio: 0,5000, Drift: 2,000, Error reduction coefficient: 0,000, Error: 0,0000 s
abr 04, 2013 12:33:13 PM org.ros.time.RemoteUptimeClock update
INFO: Latency: 31,0000 s, Delta ratio: 0,5000, Drift: 2,000, Error reduction coefficient: 0,000, Error: 0,0000 s
abr 04, 2013 12:33:13 PM org.ros.time.RemoteUptimeClock update
INFO: Latency: 31,0000 s, Delta ratio: 0,5000, Drift: 2,000, Error reduction coefficient: 0,000, Error: 0,0000 s
abr 04, 2013 12:33:13 PM org.ros.time.RemoteUptimeClock update
INFO: Latency: 31,0000 s, Delta ratio: 0,5000, Drift: 2,000, Error reduction coefficient: 0,000, Error: 0,0000 s
abr 04, 2013 12:33:13 PM org.ros.time.RemoteUptimeClock update
INFO: Latency: 31,0000 s, Delta ratio: 0,5000, Drift: 2,000, Error reduction coefficient: 0,000, Error: 0,0000 s
abr 04, 2013 12:33:13 PM org.ros.time.RemoteUptimeClock update
INFO: Latency: 31,0000 s, Delta ratio: 0,5000, Drift: 2,000, Error reduction coefficient: 0,000, Error: 0,0000 s
abr 04, 2013 12:33:13 PM org.ros.time.RemoteUptimeClock update
INFO: Latency: 31,0000 s, Delta ratio: 0,5000, Drift: 2,000, Error reduction coefficient: 0,000, Error: 0,0000 s
abr 04, 2013 12:33:13 PM org.ros.time.RemoteUptimeClock update
INFO: Latency: 31,0000 s, Delta ratio: 0,5000, Drift: 2,000, Error reduction coefficient: 0,000, Error: 0,0000 s
abr 04, 2013 12:33:13 PM org.ros.time.RemoteUptimeClock update
INFO: Latency: 31,0000 s, Delta ratio: 0,5000, Drift: 2,000, Error reduction coefficient: 0,000, Error: 0,0000 s
abr 04, 2013 12:33:13 PM org.ros.time.RemoteUptimeClock update
INFO: Latency: 31,0000 s, Delta ratio: 0,5000, Drift: 2,000, Error reduction coefficient: 0,000, Error: 0,0000 s
abr 04, 2013 12:33:13 PM org.ros.time.RemoteUptimeClock update
INFO: Latency: 31,0000 s, Delta ratio: 0,5000, Drift: 2,000, Error reduction coefficient: 0,000, Error: 0,0000 s
abr 04, 2013 12:33:13 PM org.ros.time.RemoteUptimeClock update
INFO: Latency: 31,0000 s, Delta ratio: 0,5000, Drift: 2,000, Error reduction coefficient: 0,000, Error: 0,0000 s
abr 04, 2013 12:33:13 PM org.ros.time.RemoteUptimeClock update
INFO: Latency: 31,0000 s, Delta ratio: 0,5000, Drift: 2,000, Error reduction coefficient: 0,000, Error: 0,0000 s
abr 04, 2013 12:33:13 PM org.ros.time.RemoteUptimeClock update
INFO: Latency: 31,0000 s, Delta ratio: 0,5000, Drift: 2,000, Error reduction coefficient: 0,000, Error: 0,0000 s
abr 04, 2013 12:33:13 PM org.ros.time.RemoteUptimeClock update
INFO: Latency: 31,0000 s, Delta ratio: 0,5000, Drift: 2,000, Error reduction coefficient: 0,000, Error: 0,0000 s
abr 04, 2013 12:33:13 PM org.ros.time.RemoteUptimeClock update
INFO: Latency: 31,0000 s, Delta ratio: 0,5000, Drift: 2,000, Error reduction coefficient: 0,000, Error: 0,0000 s
abr 04, 2013 12:33:13 PM org.ros.time.RemoteUptimeClock update
INFO: Latency: 31,0000 s, Delta ratio: 0,5000, Drift: 2,000, Error reduction coefficient: 0,000, Error: 0,0000 s
abr 04, 2013 12:33:14 PM org.ros.time.RemoteUptimeClock update
INFO: Latency: 31,0000 s, Delta ratio: 0,5000, Drift: 2,000, Error reduction coefficient: 0,000, Error: 0,0000 s
abr 04, 2013 12:33:14 PM org.ros.time.RemoteUptimeClock update
INFO: Latency: 31,0000 s, Delta ratio: 0,5000, Drift: 2,000, Error reduction coefficient: 0,000, Error: 0,0000 s
abr 04, 2013 12:33:14 PM org.ros.time.RemoteUptimeClock update
INFO: Latency: 31,0000 s, Delta ratio: 0,5000, Drift: 2,000, Error reduction coefficient: 0,000, Error: 0,0000 s
abr 04, 2013 12:33:14 PM org.ros.time.RemoteUptimeClock update
INFO: Latency: 31,0000 s, Delta ratio: 0,5000, Drift: 2,000, Error reduction coefficient: 0,000, Error: 0,0000 s
abr 04, 2013 12:33:14 PM org.ros.time.RemoteUptimeClock update
INFO: Latency: 31,0000 s, Delta ratio: 0,5000, Drift: 2,000, Error reduction coefficient: 0,000, Error: 0,0000 s
abr 04, 2013 12:33:14 PM org.ros.time.RemoteUptimeClock update
INFO: Latency: 31,0000 s, Delta ratio: 0,5000, Drift: 2,000, Error reduction coefficient: 0,000, Error: 0,0000 s
abr 04, 2013 12:33:14 PM org.ros.time.RemoteUptimeClock update
INFO: Latency: 31,0000 s, Delta ratio: 0,5000, Drift: 2,000, Error reduction coefficient: 0,000, Error: 0,0000 s
abr 04, 2013 12:33:14 PM org.ros.time.RemoteUptimeClock update
INFO: Latency: 31,0000 s, Delta ratio: 0,5000, Drift: 2,000, Error reduction coefficient: 0,000, Error: 0,0000 s
abr 04, 2013 12:33:14 PM org.ros.time.RemoteUptimeClock update
INFO: Latency: 31,0000 s, Delta ratio: 0,5000, Drift: 2,000, Error reduction coefficient: 0,000, Error: 0,0000 s
abr 04, 2013 12:33:14 PM org.ros.time.RemoteUptimeClock update
INFO: Latency: 31,0000 s, Delta ratio: 0,5000, Drift: 2,000, Error reduction coefficient: 0,000, Error: 0,0000 s
abr 04, 2013 12:33:14 PM org.ros.time.RemoteUptimeClock update
INFO: Latency: 31,0000 s, Delta ratio: 0,5000, Drift: 2,000, Error reduction coefficient: 0,000, Error: 0,0000 s
abr 04, 2013 12:33:14 PM org.ros.time.RemoteUptimeClock update
INFO: Latency: 31,0000 s, Delta ratio: 0,5000, Drift: 2,000, Error reduction coefficient: 0,000, Error: 0,0000 s
abr 04, 2013 12:33:14 PM org.ros.time.RemoteUptimeClock update
INFO: Latency: 31,0000 s, Delta ratio: 0,5000, Drift: 2,000, Error reduction coefficient: 0,000, Error: 0,0000 s
abr 04, 2013 12:33:14 PM org.ros.time.RemoteUptimeClock update
INFO: Latency: 31,0000 s, Delta ratio: 0,5000, Drift: 2,000, Error reduction coefficient: 0,000, Error: 0,0000 s
abr 04, 2013 12:33:14 PM org.ros.time.RemoteUptimeClock update
INFO: Latency: 31,0000 s, Delta ratio: 0,5000, Drift: 2,000, Error reduction coefficient: 0,000, Error: 0,0000 s
abr 04, 2013 12:33:14 PM org.ros.time.RemoteUptimeClock update
INFO: Latency: 31,0000 s, Delta ratio: 0,5000, Drift: 2,000, Error reduction coefficient: 0,000, Error: 0,0000 s
abr 04, 2013 12:33:14 PM org.ros.time.RemoteUptimeClock update
INFO: Latency: 31,0000 s, Delta ratio: 0,5000, Drift: 2,000, Error reduction coefficient: 0,000, Error: 0,0000 s
abr 04, 2013 12:33:14 PM org.ros.time.RemoteUptimeClock update
INFO: Latency: 31,0000 s, Delta ratio: 0,5000, Drift: 2,000, Error reduction coefficient: 0,000, Error: 0,0000 s
abr 04, 2013 12:33:14 PM org.ros.time.RemoteUptimeClock update
INFO: Latency: 31,0000 s, Delta ratio: 0,5000, Drift: 2,000, Error reduction coefficient: 0,000, Error: 0,0000 s
abr 04, 2013 12:33:14 PM org.ros.time.RemoteUptimeClock update
INFO: Latency: 31,0000 s, Delta ratio: 0,5000, Drift: 2,000, Error reduction coefficient: 0,000, Error: 0,0000 s
abr 04, 2013 12:33:14 PM org.ros.time.RemoteUptimeClock update
INFO: Latency: 31,0000 s, Delta ratio: 0,5000, Drift: 2,000, Error reduction coefficient: 0,000, Error: 0,0000 s
abr 04, 2013 12:33:14 PM org.ros.time.RemoteUptimeClock update
INFO: Latency: 31,0000 s, Delta ratio: 0,5000, Drift: 2,000, Error reduction coefficient: 0,000, Error: 0,0000 s
abr 04, 2013 12:33:14 PM org.ros.time.RemoteUptimeClock update
INFO: Latency: 31,0000 s, Delta ratio: 0,5000, Drift: 2,000, Error reduction coefficient: 0,000, Error: 0,0000 s
abr 04, 2013 12:33:14 PM org.ros.time.RemoteUptimeClock update
INFO: Latency: 31,0000 s, Delta ratio: 0,5000, Drift: 2,000, Error reduction coefficient: 0,000, Error: 0,0000 s
abr 04, 2013 12:33:14 PM org.ros.time.RemoteUptimeClock update
INFO: Latency: 31,0000 s, Delta ratio: 0,5000, Drift: 2,000, Error reduction coefficient: 0,000, Error: 0,0000 s
abr 04, 2013 12:33:14 PM org.ros.time.RemoteUptimeClock update
INFO: Latency: 31,0000 s, Delta ratio: 0,5000, Drift: 2,000, Error reduction coefficient: 0,000, Error: 0,0000 s
abr 04, 2013 12:33:14 PM org.ros.time.RemoteUptimeClock update
INFO: Latency: 31,0000 s, Delta ratio: 0,5000, Drift: 2,000, Error reduction coefficient: 0,000, Error: 0,0000 s
abr 04, 2013 12:33:14 PM org.ros.time.RemoteUptimeClock update
INFO: Latency: 31,0000 s, Delta ratio: 0,5000, Drift: 2,000, Error reduction coefficient: 0,000, Error: 0,0000 s
abr 04, 2013 12:33:14 PM org.ros.time.RemoteUptimeClock update
INFO: Latency: 31,0000 s, Delta ratio: 0,5000, Drift: 2,000, Error reduction coefficient: 0,000, Error: 0,0000 s
abr 04, 2013 12:33:14 PM org.ros.time.RemoteUptimeClock update
INFO: Latency: 31,0000 s, Delta ratio: 0,5000, Drift: 2,000, Error reduction coefficient: 0,000, Error: 0,0000 s
abr 04, 2013 12:33:14 PM org.ros.time.RemoteUptimeClock update
INFO: Latency: 31,0000 s, Delta ratio: 0,5000, Drift: 2,000, Error reduction coefficient: 0,000, Error: 0,0000 s
abr 04, 2013 12:33:14 PM org.ros.time.RemoteUptimeClock update
INFO: Latency: 31,0000 s, Delta ratio: 0,5000, Drift: 2,000, Error reduction coefficient: 0,000, Error: 0,0000 s
abr 04, 2013 12:33:14 PM org.ros.time.RemoteUptimeClock update
INFO: Latency: 31,0000 s, Delta ratio: 0,5000, Drift: 2,000, Error reduction coefficient: 0,000, Error: 0,0000 s
abr 04, 2013 12:33:14 PM org.ros.time.RemoteUptimeClock update
INFO: Latency: 31,0000 s, Delta ratio: 0,5000, Drift: 2,000, Error reduction coefficient: 0,000, Error: 0,0000 s
abr 04, 2013 12:33:14 PM org.ros.time.RemoteUptimeClock update
INFO: Latency: 31,0000 s, Delta ratio: 0,5000, Drift: 2,000, Error reduction coefficient: 0,000, Error: 0,0000 s
abr 04, 2013 12:33:14 PM org.ros.time.RemoteUptimeClock update
INFO: Latency: 31,0000 s, Delta ratio: 0,5000, Drift: 2,000, Error reduction coefficient: 0,000, Error: 0,0000 s
abr 04, 2013 12:33:14 PM org.ros.time.RemoteUptimeClock update
INFO: Latency: 31,0000 s, Delta ratio: 0,5000, Drift: 2,000, Error reduction coefficient: 0,000, Error: 0,0000 s
abr 04, 2013 12:33:14 PM org.ros.time.RemoteUptimeClock update
INFO: Latency: 31,0000 s, Delta ratio: 0,5000, Drift: 2,000, Error reduction coefficient: 0,000, Error: 0,0000 s
abr 04, 2013 12:33:14 PM org.ros.time.RemoteUptimeClock update
INFO: Latency: 31,0000 s, Delta ratio: 0,5000, Drift: 2,000, Error reduction coefficient: 0,000, Error: 0,0000 s
abr 04, 2013 12:33:14 PM org.ros.time.RemoteUptimeClock update
INFO: Latency: 31,0000 s, Delta ratio: 0,5000, Drift: 2,000, Error reduction coefficient: 0,000, Error: 0,0000 s
abr 04, 2013 12:33:14 PM org.ros.time.RemoteUptimeClock update
INFO: Latency: 31,0000 s, Delta ratio: 0,5000, Drift: 2,000, Error reduction coefficient: 0,000, Error: 0,0000 s
abr 04, 2013 12:33:14 PM org.ros.time.RemoteUptimeClock update
INFO: Latency: 31,0000 s, Delta ratio: 0,5000, Drift: 2,000, Error reduction coefficient: 0,000, Error: 0,0000 s
abr 04, 2013 12:33:14 PM org.ros.time.RemoteUptimeClock update
INFO: Latency: 31,0000 s, Delta ratio: 0,5000, Drift: 2,000, Error reduction coefficient: 0,000, Error: 0,0000 s
abr 04, 2013 12:33:14 PM org.ros.time.RemoteUptimeClock update
INFO: Latency: 31,0000 s, Delta ratio: 0,5000, Drift: 2,000, Error reduction coefficient: 0,000, Error: 0,0000 s
abr 04, 2013 12:33:14 PM org.ros.time.RemoteUptimeClock update
INFO: Latency: 31,0000 s, Delta ratio: 0,5000, Drift: 2,000, Error reduction coefficient: 0,000, Error: 0,0000 s
abr 04, 2013 12:33:14 PM org.ros.time.RemoteUptimeClock update
INFO: Latency: 31,0000 s, Delta ratio: 0,5000, Drift: 2,000, Error reduction coefficient: 0,000, Error: 0,0000 s
abr 04, 2013 12:33:14 PM org.ros.time.RemoteUptimeClock update
INFO: Latency: 31,0000 s, Delta ratio: 0,5000, Drift: 2,000, Error reduction coefficient: 0,000, Error: 0,0000 s
abr 04, 2013 12:33:14 PM org.ros.time.RemoteUptimeClock update
INFO: Latency: 31,0000 s, Delta ratio: 0,5000, Drift: 2,000, Error reduction coefficient: 0,000, Error: 0,0000 s
abr 04, 2013 12:33:14 PM org.ros.time.RemoteUptimeClock update
INFO: Latency: 31,0000 s, Delta ratio: 0,5000, Drift: 2,000, Error reduction coefficient: 0,000, Error: 0,0000 s
abr 04, 2013 12:33:14 PM org.ros.time.RemoteUptimeClock update
INFO: Latency: 31,0000 s, Delta ratio: 0,5000, Drift: 2,000, Error reduction coefficient: 0,000, Error: 0,0000 s
abr 04, 2013 12:33:14 PM org.ros.time.RemoteUptimeClock update
INFO: Latency: 31,0000 s, Delta ratio: 0,5000, Drift: 2,000, Error reduction coefficient: 0,000, Error: 0,0000 s
abr 04, 2013 12:33:14 PM org.ros.time.RemoteUptimeClock update
INFO: Latency: 31,0000 s, Delta ratio: 0,5000, Drift: 2,000, Error reduction coefficient: 0,000, Error: 0,0000 s
abr 04, 2013 12:33:14 PM org.ros.time.RemoteUptimeClock update
INFO: Latency: 31,0000 s, Delta ratio: 0,5000, Drift: 2,000, Error reduction coefficient: 0,000, Error: 0,0000 s
abr 04, 2013 12:33:14 PM org.ros.time.RemoteUptimeClock update
INFO: Latency: 31,0000 s, Delta ratio: 0,5000, Drift: 2,000, Error reduction coefficient: 0,000, Error: 0,0000 s
abr 04, 2013 12:33:14 PM org.ros.time.RemoteUptimeClock update
INFO: Latency: 31,0000 s, Delta ratio: 0,5000, Drift: 2,000, Error reduction coefficient: 0,000, Error: 0,0000 s
abr 04, 2013 12:33:14 PM org.ros.time.RemoteUptimeClock update
INFO: Latency: 31,0000 s, Delta ratio: 0,5000, Drift: 2,000, Error reduction coefficient: 0,000, Error: 0,0000 s
abr 04, 2013 12:33:14 PM org.ros.time.RemoteUptimeClock update
INFO: Latency: 31,0000 s, Delta ratio: 0,5000, Drift: 2,000, Error reduction coefficient: 0,000, Error: 0,0000 s
abr 04, 2013 12:33:14 PM org.ros.time.RemoteUptimeClock update
INFO: Latency: 31,0000 s, Delta ratio: 0,5000, Drift: 2,000, Error reduction coefficient: 0,000, Error: 0,0000 s
abr 04, 2013 12:33:14 PM org.ros.time.RemoteUptimeClock update
INFO: Latency: 31,0000 s, Delta ratio: 0,5000, Drift: 2,000, Error reduction coefficient: 0,000, Error: 0,0000 s
abr 04, 2013 12:33:14 PM org.ros.time.RemoteUptimeClock update
INFO: Latency: 31,0000 s, Delta ratio: 0,5000, Drift: 2,000, Error reduction coefficient: 0,000, Error: 0,0000 s
abr 04, 2013 12:33:14 PM org.ros.time.RemoteUptimeClock update
INFO: Latency: 31,0000 s, Delta ratio: 0,5000, Drift: 2,000, Error reduction coefficient: 0,000, Error: 0,0000 s
abr 04, 2013 12:33:14 PM org.ros.time.RemoteUptimeClock update
INFO: Latency: 31,0000 s, Delta ratio: 0,5000, Drift: 2,000, Error reduction coefficient: 0,000, Error: 0,0000 s
abr 04, 2013 12:33:14 PM org.ros.time.RemoteUptimeClock update
INFO: Latency: 31,0000 s, Delta ratio: 0,5000, Drift: 2,000, Error reduction coefficient: 0,000, Error: 0,0000 s
abr 04, 2013 12:33:14 PM org.ros.time.RemoteUptimeClock update
INFO: Latency: 31,0000 s, Delta ratio: 0,5000, Drift: 2,000, Error reduction coefficient: 0,000, Error: 0,0000 s
abr 04, 2013 12:33:14 PM org.ros.time.RemoteUptimeClock update
INFO: Latency: 31,0000 s, Delta ratio: 0,5000, Drift: 2,000, Error reduction coefficient: 0,000, Error: 0,0000 s
abr 04, 2013 12:33:14 PM org.ros.time.RemoteUptimeClock update
INFO: Latency: 31,0000 s, Delta ratio: 0,5000, Drift: 2,000, Error reduction coefficient: 0,000, Error: 0,0000 s
abr 04, 2013 12:33:14 PM org.ros.time.RemoteUptimeClock update
INFO: Latency: 31,0000 s, Delta ratio: 0,5000, Drift: 2,000, Error reduction coefficient: 0,000, Error: 0,0000 s
abr 04, 2013 12:33:14 PM org.ros.time.RemoteUptimeClock update
INFO: Latency: 31,0000 s, Delta ratio: 0,5000, Drift: 2,000, Error reduction coefficient: 0,000, Error: 0,0000 s
abr 04, 2013 12:33:14 PM org.ros.time.RemoteUptimeClock update
INFO: Latency: 31,0000 s, Delta ratio: 0,5000, Drift: 2,000, Error reduction coefficient: 0,000, Error: 0,0000 s
abr 04, 2013 12:33:14 PM org.ros.time.RemoteUptimeClock update
INFO: Latency: 31,0000 s, Delta ratio: 0,5000, Drift: 2,000, Error reduction coefficient: 0,000, Error: 0,0000 s
abr 04, 2013 12:33:14 PM org.ros.time.RemoteUptimeClock update
INFO: Latency: 31,0000 s, Delta ratio: 0,5000, Drift: 2,000, Error reduction coefficient: 0,000, Error: 0,0000 s
abr 04, 2013 12:33:14 PM org.ros.time.RemoteUptimeClock update
INFO: Latency: 31,0000 s, Delta ratio: 0,5000, Drift: 2,000, Error reduction coefficient: 0,000, Error: 0,0000 s
abr 04, 2013 12:33:14 PM org.ros.time.RemoteUptimeClock update
INFO: Latency: 31,0000 s, Delta ratio: 0,5000, Drift: 2,000, Error reduction coefficient: 0,000, Error: 0,0000 s
abr 04, 2013 12:33:14 PM org.ros.time.RemoteUptimeClock update
INFO: Latency: 31,0000 s, Delta ratio: 0,5000, Drift: 2,000, Error reduction coefficient: 0,000, Error: 0,0000 s
abr 04, 2013 12:33:14 PM org.ros.time.RemoteUptimeClock update
INFO: Latency: 31,0000 s, Delta ratio: 0,5000, Drift: 2,000, Error reduction coefficient: 0,000, Error: 0,0000 s
abr 04, 2013 12:33:14 PM org.ros.time.RemoteUptimeClock update
INFO: Latency: 31,0000 s, Delta ratio: 0,5000, Drift: 2,000, Error reduction coefficient: 0,000, Error: 0,0000 s
abr 04, 2013 12:33:14 PM org.ros.time.RemoteUptimeClock update
INFO: Latency: 31,0000 s, Delta ratio: 0,5000, Drift: 2,000, Error reduction coefficient: 0,000, Error: 0,0000 s
abr 04, 2013 12:33:14 PM org.ros.time.RemoteUptimeClock update
INFO: Latency: 31,0000 s, Delta ratio: 0,5000, Drift: 2,000, Error reduction coefficient: 0,000, Error: 0,0000 s
abr 04, 2013 12:33:14 PM org.ros.time.RemoteUptimeClock update
INFO: Latency: 31,0000 s, Delta ratio: 0,5000, Drift: 2,000, Error reduction coefficient: 0,000, Error: 0,0000 s
abr 04, 2013 12:33:14 PM org.ros.time.RemoteUptimeClock update
INFO: Latency: 31,0000 s, Delta ratio: 0,5000, Drift: 2,000, Error reduction coefficient: 0,000, Error: 0,0000 s
abr 04, 2013 12:33:14 PM org.ros.time.RemoteUptimeClock update
INFO: Latency: 31,0000 s, Delta ratio: 0,5000, Drift: 2,000, Error reduction coefficient: 0,000, Error: 0,0000 s
abr 04, 2013 12:33:14 PM org.ros.time.RemoteUptimeClock update
INFO: Latency: 31,0000 s, Delta ratio: 0,5000, Drift: 2,000, Error reduction coefficient: 0,000, Error: 0,0000 s
abr 04, 2013 12:33:14 PM org.ros.time.RemoteUptimeClock update
INFO: Latency: 31,0000 s, Delta ratio: 0,5000, Drift: 2,000, Error reduction coefficient: 0,000, Error: 0,0000 s
abr 04, 2013 12:33:14 PM org.ros.time.RemoteUptimeClock update
INFO: Latency: 31,0000 s, Delta ratio: 0,5000, Drift: 2,000, Error reduction coefficient: 0,000, Error: 0,0000 s
abr 04, 2013 12:33:14 PM org.ros.time.RemoteUptimeClock update
INFO: Latency: 31,0000 s, Delta ratio: 0,5000, Drift: 2,000, Error reduction coefficient: 0,000, Error: 0,0000 s
abr 04, 2013 12:33:14 PM org.ros.time.RemoteUptimeClock update
INFO: Latency: 31,0000 s, Delta ratio: 0,5000, Drift: 2,000, Error reduction coefficient: 0,000, Error: 0,0000 s
abr 04, 2013 12:33:14 PM org.ros.time.RemoteUptimeClock update
INFO: Latency: 31,0000 s, Delta ratio: 0,5000, Drift: 2,000, Error reduction coefficient: 0,000, Error: 0,0000 s
abr 04, 2013 12:33:14 PM org.ros.time.RemoteUptimeClock update
INFO: Latency: 31,0000 s, Delta ratio: 0,5000, Drift: 2,000, Error reduction coefficient: 0,000, Error: 0,0000 s
abr 04, 2013 12:33:14 PM org.ros.time.RemoteUptimeClock update
INFO: Latency: 31,0000 s, Delta ratio: 0,5000, Drift: 2,000, Error reduction coefficient: 0,000, Error: 0,0000 s
abr 04, 2013 12:33:14 PM org.ros.time.RemoteUptimeClock update
INFO: Latency: 31,0000 s, Delta ratio: 0,5000, Drift: 2,000, Error reduction coefficient: 0,000, Error: 0,0000 s
abr 04, 2013 12:33:14 PM org.ros.time.RemoteUptimeClock update
INFO: Latency: 31,0000 s, Delta ratio: 0,5000, Drift: 2,000, Error reduction coefficient: 0,000, Error: 0,0000 s
abr 04, 2013 12:33:14 PM org.ros.time.RemoteUptimeClock update
INFO: Latency: 31,0000 s, Delta ratio: 0,5000, Drift: 2,000, Error reduction coefficient: 0,000, Error: 0,0000 s
abr 04, 2013 12:33:14 PM org.ros.time.RemoteUptimeClock update
INFO: Latency: 31,0000 s, Delta ratio: 0,5000, Drift: 2,000, Error reduction coefficient: 0,000, Error: 0,0000 s
abr 04, 2013 12:33:14 PM org.ros.time.RemoteUptimeClock update
INFO: Latency: 31,0000 s, Delta ratio: 0,5000, Drift: 2,000, Error reduction coefficient: 0,000, Error: 0,0000 s
abr 04, 2013 12:33:14 PM org.ros.time.RemoteUptimeClock update
INFO: Latency: 31,0000 s, Delta ratio: 0,5000, Drift: 2,000, Error reduction coefficient: 0,000, Error: 0,0000 s
abr 04, 2013 12:33:14 PM org.ros.time.RemoteUptimeClock update
INFO: Latency: 31,0000 s, Delta ratio: 0,5000, Drift: 2,000, Error reduction coefficient: 0,000, Error: 0,0000 s
abr 04, 2013 12:33:14 PM org.ros.time.RemoteUptimeClock update
INFO: Latency: 31,0000 s, Delta ratio: 0,5000, Drift: 2,000, Error reduction coefficient: 0,000, Error: 0,0000 s
abr 04, 2013 12:33:14 PM org.ros.time.RemoteUptimeClock update
INFO: Latency: 31,0000 s, Delta ratio: 0,5000, Drift: 2,000, Error reduction coefficient: 0,000, Error: 0,0000 s
abr 04, 2013 12:33:14 PM org.ros.time.RemoteUptimeClock update
INFO: Latency: 31,0000 s, Delta ratio: 0,5000, Drift: 2,000, Error reduction coefficient: 0,000, Error: 0,0000 s
abr 04, 2013 12:33:14 PM org.ros.time.RemoteUptimeClock update
INFO: Latency: 31,0000 s, Delta ratio: 0,5000, Drift: 2,000, Error reduction coefficient: 0,000, Error: 0,0000 s
abr 04, 2013 12:33:14 PM org.ros.time.RemoteUptimeClock update
INFO: Latency: 31,0000 s, Delta ratio: 0,5000, Drift: 2,000, Error reduction coefficient: 0,000, Error: 0,0000 s
abr 04, 2013 12:33:14 PM org.ros.time.RemoteUptimeClock update
INFO: Latency: 31,0000 s, Delta ratio: 0,5000, Drift: 2,000, Error reduction coefficient: 0,000, Error: 0,0000 s
abr 04, 2013 12:33:14 PM org.ros.time.RemoteUptimeClock update
INFO: Latency: 31,0000 s, Delta ratio: 0,5000, Drift: 2,000, Error reduction coefficient: 0,000, Error: 0,0000 s
abr 04, 2013 12:33:14 PM org.ros.time.RemoteUptimeClock update
INFO: Latency: 31,0000 s, Delta ratio: 0,5000, Drift: 2,000, Error reduction coefficient: 0,000, Error: 0,0000 s
abr 04, 2013 12:33:14 PM org.ros.time.RemoteUptimeClock update
INFO: Latency: 31,0000 s, Delta ratio: 0,5000, Drift: 2,000, Error reduction coefficient: 0,000, Error: 0,0000 s
abr 04, 2013 12:33:14 PM org.ros.time.RemoteUptimeClock update
INFO: Latency: 31,0000 s, Delta ratio: 0,5000, Drift: 2,000, Error reduction coefficient: 0,000, Error: 0,0000 s
abr 04, 2013 12:33:14 PM org.ros.time.RemoteUptimeClock update
INFO: Latency: 31,0000 s, Delta ratio: 0,5000, Drift: 2,000, Error reduction coefficient: 0,000, Error: 0,0000 s
abr 04, 2013 12:33:14 PM org.ros.time.RemoteUptimeClock update
INFO: Latency: 31,0000 s, Delta ratio: 0,5000, Drift: 2,000, Error reduction coefficient: 0,000, Error: 0,0000 s
abr 04, 2013 12:33:14 PM org.ros.time.RemoteUptimeClock update
INFO: Latency: 31,0000 s, Delta ratio: 0,5000, Drift: 2,000, Error reduction coefficient: 0,000, Error: 0,0000 s
abr 04, 2013 12:33:14 PM org.ros.time.RemoteUptimeClock update
INFO: Latency: 31,0000 s, Delta ratio: 0,5000, Drift: 2,000, Error reduction coefficient: 0,000, Error: 0,0000 s
abr 04, 2013 12:33:14 PM org.ros.time.RemoteUptimeClock update
INFO: Latency: 31,0000 s, Delta ratio: 0,5000, Drift: 2,000, Error reduction coefficient: 0,000, Error: 0,0000 s
abr 04, 2013 12:33:14 PM org.ros.time.RemoteUptimeClock update
INFO: Latency: 31,0000 s, Delta ratio: 0,5000, Drift: 2,000, Error reduction coefficient: 0,000, Error: 0,0000 s
abr 04, 2013 12:33:14 PM org.ros.time.RemoteUptimeClock update
INFO: Latency: 31,0000 s, Delta ratio: 0,5000, Drift: 2,000, Error reduction coefficient: 0,000, Error: 0,0000 s
abr 04, 2013 12:33:14 PM org.ros.time.RemoteUptimeClock update
INFO: Latency: 31,0000 s, Delta ratio: 0,5000, Drift: 2,000, Error reduction coefficient: 0,000, Error: 0,0000 s
abr 04, 2013 12:33:14 PM org.ros.time.RemoteUptimeClock update
INFO: Latency: 31,0000 s, Delta ratio: 0,5000, Drift: 2,000, Error reduction coefficient: 0,000, Error: 0,0000 s
abr 04, 2013 12:33:14 PM org.ros.time.RemoteUptimeClock update
INFO: Latency: 31,0000 s, Delta ratio: 0,5000, Drift: 2,000, Error reduction coefficient: 0,000, Error: 0,0000 s
abr 04, 2013 12:33:14 PM org.ros.time.RemoteUptimeClock update
INFO: Latency: 31,0000 s, Delta ratio: 0,5000, Drift: 2,000, Error reduction coefficient: 0,000, Error: 0,0000 s
abr 04, 2013 12:33:14 PM org.ros.time.RemoteUptimeClock update
INFO: Latency: 31,0000 s, Delta ratio: 0,5000, Drift: 2,000, Error reduction coefficient: 0,000, Error: 0,0000 s
abr 04, 2013 12:33:14 PM org.ros.time.RemoteUptimeClock update
INFO: Latency: 31,0000 s, Delta ratio: 0,5000, Drift: 2,000, Error reduction coefficient: 0,000, Error: 0,0000 s
abr 04, 2013 12:33:14 PM org.ros.time.RemoteUptimeClock update
INFO: Latency: 31,0000 s, Delta ratio: 0,5000, Drift: 2,000, Error reduction coefficient: 0,000, Error: 0,0000 s
abr 04, 2013 12:33:14 PM org.ros.time.RemoteUptimeClock update
INFO: Latency: 31,0000 s, Delta ratio: 0,5000, Drift: 2,000, Error reduction coefficient: 0,000, Error: 0,0000 s
abr 04, 2013 12:33:14 PM org.ros.time.RemoteUptimeClock update
INFO: Latency: 31,0000 s, Delta ratio: 0,5000, Drift: 2,000, Error reduction coefficient: 0,000, Error: 0,0000 s
abr 04, 2013 12:33:14 PM org.ros.time.RemoteUptimeClock update
INFO: Latency: 31,0000 s, Delta ratio: 0,5000, Drift: 2,000, Error reduction coefficient: 0,000, Error: 0,0000 s
abr 04, 2013 12:33:14 PM org.ros.time.RemoteUptimeClock update
INFO: Latency: 31,0000 s, Delta ratio: 0,5000, Drift: 2,000, Error reduction coefficient: 0,000, Error: 0,0000 s
abr 04, 2013 12:33:14 PM org.ros.time.RemoteUptimeClock update
INFO: Latency: 31,0000 s, Delta ratio: 0,5000, Drift: 2,000, Error reduction coefficient: 0,000, Error: 0,0000 s
abr 04, 2013 12:33:14 PM org.ros.time.RemoteUptimeClock update
INFO: Latency: 31,0000 s, Delta ratio: 0,5000, Drift: 2,000, Error reduction coefficient: 0,000, Error: 0,0000 s
abr 04, 2013 12:33:14 PM org.ros.time.RemoteUptimeClock update
INFO: Latency: 31,0000 s, Delta ratio: 0,5000, Drift: 2,000, Error reduction coefficient: 0,000, Error: 0,0000 s
abr 04, 2013 12:33:14 PM org.ros.time.RemoteUptimeClock update
INFO: Latency: 31,0000 s, Delta ratio: 0,5000, Drift: 2,000, Error reduction coefficient: 0,000, Error: 0,0000 s
abr 04, 2013 12:33:14 PM org.ros.time.RemoteUptimeClock update
INFO: Latency: 31,0000 s, Delta ratio: 0,5000, Drift: 2,000, Error reduction coefficient: 0,000, Error: 0,0000 s
abr 04, 2013 12:33:14 PM org.ros.time.RemoteUptimeClock update
INFO: Latency: 31,0000 s, Delta ratio: 0,5000, Drift: 2,000, Error reduction coefficient: 0,000, Error: 0,0000 s
abr 04, 2013 12:33:14 PM org.ros.time.RemoteUptimeClock update
INFO: Latency: 31,0000 s, Delta ratio: 0,5000, Drift: 2,000, Error reduction coefficient: 0,000, Error: 0,0000 s
abr 04, 2013 12:33:14 PM org.ros.time.RemoteUptimeClock update
INFO: Latency: 31,0000 s, Delta ratio: 0,5000, Drift: 2,000, Error reduction coefficient: 0,000, Error: 0,0000 s
abr 04, 2013 12:33:14 PM org.ros.time.RemoteUptimeClock update
INFO: Latency: 31,0000 s, Delta ratio: 0,5000, Drift: 2,000, Error reduction coefficient: 0,000, Error: 0,0000 s
abr 04, 2013 12:33:14 PM org.ros.time.RemoteUptimeClock update
INFO: Latency: 31,0000 s, Delta ratio: 0,5000, Drift: 2,000, Error reduction coefficient: 0,000, Error: 0,0000 s
abr 04, 2013 12:33:14 PM org.ros.time.RemoteUptimeClock update
INFO: Latency: 31,0000 s, Delta ratio: 0,5000, Drift: 2,000, Error reduction coefficient: 0,000, Error: 0,0000 s
abr 04, 2013 12:33:14 PM org.ros.time.RemoteUptimeClock update
INFO: Latency: 31,0000 s, Delta ratio: 0,5000, Drift: 2,000, Error reduction coefficient: 0,000, Error: 0,0000 s
abr 04, 2013 12:33:14 PM org.ros.time.RemoteUptimeClock update
INFO: Latency: 31,0000 s, Delta ratio: 0,5000, Drift: 2,000, Error reduction coefficient: 0,000, Error: 0,0000 s
abr 04, 2013 12:33:14 PM org.ros.time.RemoteUptimeClock update
INFO: Latency: 31,0000 s, Delta ratio: 0,5000, Drift: 2,000, Error reduction coefficient: 0,000, Error: 0,0000 s
abr 04, 2013 12:33:14 PM org.ros.time.RemoteUptimeClock update
INFO: Latency: 31,0000 s, Delta ratio: 0,5000, Drift: 2,000, Error reduction coefficient: 0,000, Error: 0,0000 s
abr 04, 2013 12:33:14 PM org.ros.time.RemoteUptimeClock update
INFO: Latency: 31,0000 s, Delta ratio: 0,5000, Drift: 2,000, Error reduction coefficient: 0,000, Error: 0,0000 s
abr 04, 2013 12:33:14 PM org.ros.time.RemoteUptimeClock update
INFO: Latency: 31,0000 s, Delta ratio: 0,5000, Drift: 2,000, Error reduction coefficient: 0,000, Error: 0,0000 s
abr 04, 2013 12:33:14 PM org.ros.time.RemoteUptimeClock update
INFO: Latency: 31,0000 s, Delta ratio: 0,5000, Drift: 2,000, Error reduction coefficient: 0,000, Error: 0,0000 s
abr 04, 2013 12:33:14 PM org.ros.time.RemoteUptimeClock update
INFO: Latency: 31,0000 s, Delta ratio: 0,5000, Drift: 2,000, Error reduction coefficient: 0,000, Error: 0,0000 s
abr 04, 2013 12:33:14 PM org.ros.time.RemoteUptimeClock update
INFO: Latency: 31,0000 s, Delta ratio: 0,5000, Drift: 2,000, Error reduction coefficient: 0,000, Error: 0,0000 s
abr 04, 2013 12:33:14 PM org.ros.time.RemoteUptimeClock update
INFO: Latency: 31,0000 s, Delta ratio: 0,5000, Drift: 2,000, Error reduction coefficient: 0,000, Error: 0,0000 s
abr 04, 2013 12:33:14 PM org.ros.time.RemoteUptimeClock update
INFO: Latency: 31,0000 s, Delta ratio: 0,5000, Drift: 2,000, Error reduction coefficient: 0,000, Error: 0,0000 s
abr 04, 2013 12:33:14 PM org.ros.time.RemoteUptimeClock update
INFO: Latency: 31,0000 s, Delta ratio: 0,5000, Drift: 2,000, Error reduction coefficient: 0,000, Error: 0,0000 s
abr 04, 2013 12:33:14 PM org.ros.time.RemoteUptimeClock update
INFO: Latency: 31,0000 s, Delta ratio: 0,5000, Drift: 2,000, Error reduction coefficient: 0,000, Error: 0,0000 s
abr 04, 2013 12:33:14 PM org.ros.time.RemoteUptimeClock update
INFO: Latency: 31,0000 s, Delta ratio: 0,5000, Drift: 2,000, Error reduction coefficient: 0,000, Error: 0,0000 s
abr 04, 2013 12:33:14 PM org.ros.time.RemoteUptimeClock update
INFO: Latency: 31,0000 s, Delta ratio: 0,5000, Drift: 2,000, Error reduction coefficient: 0,000, Error: 0,0000 s
abr 04, 2013 12:33:14 PM org.ros.time.RemoteUptimeClock update
INFO: Latency: 31,0000 s, Delta ratio: 0,5000, Drift: 2,000, Error reduction coefficient: 0,000, Error: 0,0000 s
abr 04, 2013 12:33:14 PM org.ros.time.RemoteUptimeClock update
INFO: Latency: 31,0000 s, Delta ratio: 0,5000, Drift: 2,000, Error reduction coefficient: 0,000, Error: 0,0000 s
abr 04, 2013 12:33:14 PM org.ros.time.RemoteUptimeClock update
INFO: Latency: 31,0000 s, Delta ratio: 0,5000, Drift: 2,000, Error reduction coefficient: 0,000, Error: 0,0000 s
abr 04, 2013 12:33:14 PM org.ros.time.RemoteUptimeClock update
INFO: Latency: 31,0000 s, Delta ratio: 0,5000, Drift: 2,000, Error reduction coefficient: 0,000, Error: 0,0000 s
abr 04, 2013 12:33:14 PM org.ros.time.RemoteUptimeClock update
INFO: Latency: 31,0000 s, Delta ratio: 0,5000, Drift: 2,000, Error reduction coefficient: 0,000, Error: 0,0000 s
abr 04, 2013 12:33:14 PM org.ros.time.RemoteUptimeClock update
INFO: Latency: 31,0000 s, Delta ratio: 0,5000, Drift: 2,000, Error reduction coefficient: 0,000, Error: 0,0000 s
abr 04, 2013 12:33:14 PM org.ros.time.RemoteUptimeClock update
INFO: Latency: 31,0000 s, Delta ratio: 0,5000, Drift: 2,000, Error reduction coefficient: 0,000, Error: 0,0000 s
abr 04, 2013 12:33:14 PM org.ros.time.RemoteUptimeClock update
INFO: Latency: 31,0000 s, Delta ratio: 0,5000, Drift: 2,000, Error reduction coefficient: 0,000, Error: 0,0000 s
abr 04, 2013 12:33:14 PM org.ros.time.RemoteUptimeClock update
INFO: Latency: 31,0000 s, Delta ratio: 0,5000, Drift: 2,000, Error reduction coefficient: 0,000, Error: 0,0000 s
abr 04, 2013 12:33:14 PM org.ros.time.RemoteUptimeClock update
INFO: Latency: 31,0000 s, Delta ratio: 0,5000, Drift: 2,000, Error reduction coefficient: 0,000, Error: 0,0000 s
abr 04, 2013 12:33:14 PM org.ros.time.RemoteUptimeClock update
INFO: Latency: 31,0000 s, Delta ratio: 0,5000, Drift: 2,000, Error reduction coefficient: 0,000, Error: 0,0000 s
abr 04, 2013 12:33:14 PM org.ros.time.RemoteUptimeClock update
INFO: Latency: 31,0000 s, Delta ratio: 0,5000, Drift: 2,000, Error reduction coefficient: 0,000, Error: 0,0000 s
abr 04, 2013 12:33:14 PM org.ros.time.RemoteUptimeClock update
INFO: Latency: 31,0000 s, Delta ratio: 0,5000, Drift: 2,000, Error reduction coefficient: 0,000, Error: 0,0000 s
abr 04, 2013 12:33:14 PM org.ros.time.RemoteUptimeClock update
INFO: Latency: 31,0000 s, Delta ratio: 0,5000, Drift: 2,000, Error reduction coefficient: 0,000, Error: 0,0000 s
abr 04, 2013 12:33:14 PM org.ros.time.RemoteUptimeClock update
INFO: Latency: 31,0000 s, Delta ratio: 0,5000, Drift: 2,000, Error reduction coefficient: 0,000, Error: 0,0000 s
abr 04, 2013 12:33:14 PM org.ros.time.RemoteUptimeClock update
INFO: Latency: 31,0000 s, Delta ratio: 0,5000, Drift: 2,000, Error reduction coefficient: 0,000, Error: 0,0000 s
abr 04, 2013 12:33:14 PM org.ros.time.RemoteUptimeClock update
INFO: Latency: 31,0000 s, Delta ratio: 0,5000, Drift: 2,000, Error reduction coefficient: 0,000, Error: 0,0000 s
abr 04, 2013 12:33:14 PM org.ros.time.RemoteUptimeClock update
INFO: Latency: 31,0000 s, Delta ratio: 0,5000, Drift: 2,000, Error reduction coefficient: 0,000, Error: 0,0000 s
abr 04, 2013 12:33:14 PM org.ros.time.RemoteUptimeClock update
INFO: Latency: 31,0000 s, Delta ratio: 0,5000, Drift: 2,000, Error reduction coefficient: 0,000, Error: 0,0000 s
abr 04, 2013 12:33:14 PM org.ros.time.RemoteUptimeClock update
INFO: Latency: 31,0000 s, Delta ratio: 0,5000, Drift: 2,000, Error reduction coefficient: 0,000, Error: 0,0000 s
abr 04, 2013 12:33:14 PM org.ros.time.RemoteUptimeClock update
INFO: Latency: 31,0000 s, Delta ratio: 0,5000, Drift: 2,000, Error reduction coefficient: 0,000, Error: 0,0000 s
abr 04, 2013 12:33:14 PM org.ros.time.RemoteUptimeClock update
INFO: Latency: 31,0000 s, Delta ratio: 0,5000, Drift: 2,000, Error reduction coefficient: 0,000, Error: 0,0000 s
abr 04, 2013 12:33:14 PM org.ros.time.RemoteUptimeClock update
INFO: Latency: 31,0000 s, Delta ratio: 0,5000, Drift: 2,000, Error reduction coefficient: 0,000, Error: 0,0000 s
abr 04, 2013 12:33:14 PM org.ros.time.RemoteUptimeClock update
INFO: Latency: 31,0000 s, Delta ratio: 0,5000, Drift: 2,000, Error reduction coefficient: 0,000, Error: 0,0000 s
abr 04, 2013 12:33:14 PM org.ros.time.RemoteUptimeClock update
INFO: Latency: 31,0000 s, Delta ratio: 0,5000, Drift: 2,000, Error reduction coefficient: 0,000, Error: 0,0000 s
abr 04, 2013 12:33:14 PM org.ros.time.RemoteUptimeClock update
INFO: Latency: 31,0000 s, Delta ratio: 0,5000, Drift: 2,000, Error reduction coefficient: 0,000, Error: 0,0000 s
abr 04, 2013 12:33:14 PM org.ros.time.RemoteUptimeClock update
INFO: Latency: 31,0000 s, Delta ratio: 0,5000, Drift: 2,000, Error reduction coefficient: 0,000, Error: 0,0000 s
abr 04, 2013 12:33:14 PM org.ros.time.RemoteUptimeClock update
INFO: Latency: 31,0000 s, Delta ratio: 0,5000, Drift: 2,000, Error reduction coefficient: 0,000, Error: 0,0000 s
abr 04, 2013 12:33:14 PM org.ros.time.RemoteUptimeClock update
INFO: Latency: 31,0000 s, Delta ratio: 0,5000, Drift: 2,000, Error reduction coefficient: 0,000, Error: 0,0000 s
abr 04, 2013 12:33:14 PM org.ros.time.RemoteUptimeClock update
INFO: Latency: 31,0000 s, Delta ratio: 0,5000, Drift: 2,000, Error reduction coefficient: 0,000, Error: 0,0000 s
abr 04, 2013 12:33:14 PM org.ros.time.RemoteUptimeClock update
INFO: Latency: 31,0000 s, Delta ratio: 0,5000, Drift: 2,000, Error reduction coefficient: 0,000, Error: 0,0000 s
abr 04, 2013 12:33:14 PM org.ros.time.RemoteUptimeClock update
INFO: Latency: 31,0000 s, Delta ratio: 0,5000, Drift: 2,000, Error reduction coefficient: 0,000, Error: 0,0000 s
abr 04, 2013 12:33:14 PM org.ros.time.RemoteUptimeClock update
INFO: Latency: 31,0000 s, Delta ratio: 0,5000, Drift: 2,000, Error reduction coefficient: 0,000, Error: 0,0000 s
abr 04, 2013 12:33:14 PM org.ros.time.RemoteUptimeClock update
INFO: Latency: 31,0000 s, Delta ratio: 0,5000, Drift: 2,000, Error reduction coefficient: 0,000, Error: 0,0000 s
abr 04, 2013 12:33:14 PM org.ros.time.RemoteUptimeClock update
INFO: Latency: 31,0000 s, Delta ratio: 0,5000, Drift: 2,000, Error reduction coefficient: 0,000, Error: 0,0000 s
abr 04, 2013 12:33:14 PM org.ros.time.RemoteUptimeClock update
INFO: Latency: 31,0000 s, Delta ratio: 0,5000, Drift: 2,000, Error reduction coefficient: 0,000, Error: 0,0000 s
abr 04, 2013 12:33:14 PM org.ros.time.RemoteUptimeClock update
INFO: Latency: 31,0000 s, Delta ratio: 0,5000, Drift: 2,000, Error reduction coefficient: 0,000, Error: 0,0000 s
abr 04, 2013 12:33:14 PM org.ros.time.RemoteUptimeClock update
INFO: Latency: 31,0000 s, Delta ratio: 0,5000, Drift: 2,000, Error reduction coefficient: 0,000, Error: 0,0000 s
abr 04, 2013 12:33:14 PM org.ros.time.RemoteUptimeClock update
INFO: Latency: 31,0000 s, Delta ratio: 0,5000, Drift: 2,000, Error reduction coefficient: 0,000, Error: 0,0000 s
abr 04, 2013 12:33:14 PM org.ros.time.RemoteUptimeClock update
INFO: Latency: 31,0000 s, Delta ratio: 0,5000, Drift: 2,000, Error reduction coefficient: 0,000, Error: 0,0000 s
abr 04, 2013 12:33:14 PM org.ros.time.RemoteUptimeClock update
INFO: Latency: 31,0000 s, Delta ratio: 0,5000, Drift: 2,000, Error reduction coefficient: 0,000, Error: 0,0000 s
abr 04, 2013 12:33:14 PM org.ros.time.RemoteUptimeClock update
INFO: Latency: 31,0000 s, Delta ratio: 0,5000, Drift: 2,000, Error reduction coefficient: 0,000, Error: 0,0000 s
abr 04, 2013 12:33:14 PM org.ros.time.RemoteUptimeClock update
INFO: Latency: 31,0000 s, Delta ratio: 0,5000, Drift: 2,000, Error reduction coefficient: 0,000, Error: 0,0000 s
abr 04, 2013 12:33:14 PM org.ros.time.RemoteUptimeClock update
INFO: Latency: 31,0000 s, Delta ratio: 0,5000, Drift: 2,000, Error reduction coefficient: 0,000, Error: 0,0000 s
abr 04, 2013 12:33:14 PM org.ros.time.RemoteUptimeClock update
INFO: Latency: 31,0000 s, Delta ratio: 0,5000, Drift: 2,000, Error reduction coefficient: 0,000, Error: 0,0000 s
abr 04, 2013 12:33:14 PM org.ros.time.RemoteUptimeClock update
INFO: Latency: 31,0000 s, Delta ratio: 0,5000, Drift: 2,000, Error reduction coefficient: 0,000, Error: 0,0000 s
abr 04, 2013 12:33:14 PM org.ros.time.RemoteUptimeClock update
INFO: Latency: 31,0000 s, Delta ratio: 0,5000, Drift: 2,000, Error reduction coefficient: 0,000, Error: 0,0000 s
abr 04, 2013 12:33:14 PM org.ros.time.RemoteUptimeClock update
INFO: Latency: 31,0000 s, Delta ratio: 0,5000, Drift: 2,000, Error reduction coefficient: 0,000, Error: 0,0000 s
abr 04, 2013 12:33:14 PM org.ros.time.RemoteUptimeClock update
INFO: Latency: 31,0000 s, Delta ratio: 0,5000, Drift: 2,000, Error reduction coefficient: 0,000, Error: 0,0000 s
abr 04, 2013 12:33:14 PM org.ros.time.RemoteUptimeClock update
INFO: Latency: 31,0000 s, Delta ratio: 0,5000, Drift: 2,000, Error reduction coefficient: 0,000, Error: 0,0000 s
abr 04, 2013 12:33:14 PM org.ros.time.RemoteUptimeClock update
INFO: Latency: 31,0000 s, Delta ratio: 0,5000, Drift: 2,000, Error reduction coefficient: 0,000, Error: 0,0000 s
abr 04, 2013 12:33:14 PM org.ros.time.RemoteUptimeClock update
INFO: Latency: 31,0000 s, Delta ratio: 0,5000, Drift: 2,000, Error reduction coefficient: 0,000, Error: 0,0000 s
abr 04, 2013 12:33:14 PM org.ros.time.RemoteUptimeClock update
INFO: Latency: 31,0000 s, Delta ratio: 0,5000, Drift: 2,000, Error reduction coefficient: 0,000, Error: 0,0000 s
abr 04, 2013 12:33:14 PM org.ros.time.RemoteUptimeClock update
INFO: Latency: 31,0000 s, Delta ratio: 0,5000, Drift: 2,000, Error reduction coefficient: 0,000, Error: 0,0000 s
abr 04, 2013 12:33:14 PM org.ros.time.RemoteUptimeClock update
INFO: Latency: 31,0000 s, Delta ratio: 0,5000, Drift: 2,000, Error reduction coefficient: 0,000, Error: 0,0000 s
abr 04, 2013 12:33:14 PM org.ros.time.RemoteUptimeClock update
INFO: Latency: 31,0000 s, Delta ratio: 0,5000, Drift: 2,000, Error reduction coefficient: 0,000, Error: 0,0000 s
abr 04, 2013 12:33:14 PM org.ros.time.RemoteUptimeClock update
INFO: Latency: 31,0000 s, Delta ratio: 0,5000, Drift: 2,000, Error reduction coefficient: 0,000, Error: 0,0000 s
abr 04, 2013 12:33:14 PM org.ros.time.RemoteUptimeClock update
INFO: Latency: 31,0000 s, Delta ratio: 0,5000, Drift: 2,000, Error reduction coefficient: 0,000, Error: 0,0000 s
abr 04, 2013 12:33:14 PM org.ros.time.RemoteUptimeClock update
INFO: Latency: 31,0000 s, Delta ratio: 0,5000, Drift: 2,000, Error reduction coefficient: 0,000, Error: 0,0000 s
abr 04, 2013 12:33:14 PM org.ros.time.RemoteUptimeClock update
INFO: Latency: 31,0000 s, Delta ratio: 0,5000, Drift: 2,000, Error reduction coefficient: 0,000, Error: 0,0000 s
abr 04, 2013 12:33:14 PM org.ros.time.RemoteUptimeClock update
INFO: Latency: 31,0000 s, Delta ratio: 0,5000, Drift: 2,000, Error reduction coefficient: 0,000, Error: 0,0000 s
abr 04, 2013 12:33:14 PM org.ros.time.RemoteUptimeClock update
INFO: Latency: 31,0000 s, Delta ratio: 0,5000, Drift: 2,000, Error reduction coefficient: 0,000, Error: 0,0000 s
abr 04, 2013 12:33:14 PM org.ros.time.RemoteUptimeClock update
INFO: Latency: 31,0000 s, Delta ratio: 0,5000, Drift: 2,000, Error reduction coefficient: 0,000, Error: 0,0000 s
abr 04, 2013 12:33:14 PM org.ros.time.RemoteUptimeClock update
INFO: Latency: 31,0000 s, Delta ratio: 0,5000, Drift: 2,000, Error reduction coefficient: 0,000, Error: 0,0000 s
abr 04, 2013 12:33:14 PM org.ros.time.RemoteUptimeClock update
INFO: Latency: 31,0000 s, Delta ratio: 0,5000, Drift: 2,000, Error reduction coefficient: 0,000, Error: 0,0000 s
abr 04, 2013 12:33:14 PM org.ros.time.RemoteUptimeClock update
INFO: Latency: 31,0000 s, Delta ratio: 0,5000, Drift: 2,000, Error reduction coefficient: 0,000, Error: 0,0000 s
abr 04, 2013 12:33:14 PM org.ros.time.RemoteUptimeClock update
INFO: Latency: 31,0000 s, Delta ratio: 0,5000, Drift: 2,000, Error reduction coefficient: 0,000, Error: 0,0000 s
abr 04, 2013 12:33:14 PM org.ros.time.RemoteUptimeClock update
INFO: Latency: 31,0000 s, Delta ratio: 0,5000, Drift: 2,000, Error reduction coefficient: 0,000, Error: 0,0000 s
abr 04, 2013 12:33:14 PM org.ros.time.RemoteUptimeClock update
INFO: Latency: 31,0000 s, Delta ratio: 0,5000, Drift: 2,000, Error reduction coefficient: 0,000, Error: 0,0000 s
abr 04, 2013 12:33:14 PM org.ros.time.RemoteUptimeClock update
INFO: Latency: 31,0000 s, Delta ratio: 0,5000, Drift: 2,000, Error reduction coefficient: 0,000, Error: 0,0000 s
abr 04, 2013 12:33:14 PM org.ros.time.RemoteUptimeClock update
INFO: Latency: 31,0000 s, Delta ratio: 0,5000, Drift: 2,000, Error reduction coefficient: 0,000, Error: 0,0000 s
abr 04, 2013 12:33:14 PM org.ros.time.RemoteUptimeClock update
INFO: Latency: 31,0000 s, Delta ratio: 0,5000, Drift: 2,000, Error reduction coefficient: 0,000, Error: 0,0000 s
abr 04, 2013 12:33:14 PM org.ros.time.RemoteUptimeClock update
INFO: Latency: 31,0000 s, Delta ratio: 0,5000, Drift: 2,000, Error reduction coefficient: 0,000, Error: 0,0000 s
abr 04, 2013 12:33:14 PM org.ros.time.RemoteUptimeClock update
INFO: Latency: 31,0000 s, Delta ratio: 0,5000, Drift: 2,000, Error reduction coefficient: 0,000, Error: 0,0000 s
abr 04, 2013 12:33:14 PM org.ros.time.RemoteUptimeClock update
INFO: Latency: 31,0000 s, Delta ratio: 0,5000, Drift: 2,000, Error reduction coefficient: 0,000, Error: 0,0000 s
abr 04, 2013 12:33:14 PM org.ros.time.RemoteUptimeClock update
INFO: Latency: 31,0000 s, Delta ratio: 0,5000, Drift: 2,000, Error reduction coefficient: 0,000, Error: 0,0000 s
abr 04, 2013 12:33:14 PM org.ros.time.RemoteUptimeClock update
INFO: Latency: 31,0000 s, Delta ratio: 0,5000, Drift: 2,000, Error reduction coefficient: 0,000, Error: 0,0000 s
abr 04, 2013 12:33:14 PM org.ros.time.RemoteUptimeClock update
INFO: Latency: 31,0000 s, Delta ratio: 0,5000, Drift: 2,000, Error reduction coefficient: 0,000, Error: 0,0000 s
abr 04, 2013 12:33:14 PM org.ros.time.RemoteUptimeClock update
INFO: Latency: 31,0000 s, Delta ratio: 0,5000, Drift: 2,000, Error reduction coefficient: 0,000, Error: 0,0000 s
abr 04, 2013 12:33:14 PM org.ros.time.RemoteUptimeClock update
INFO: Latency: 31,0000 s, Delta ratio: 0,5000, Drift: 2,000, Error reduction coefficient: 0,000, Error: 0,0000 s
abr 04, 2013 12:33:14 PM org.ros.time.RemoteUptimeClock update
INFO: Latency: 31,0000 s, Delta ratio: 0,5000, Drift: 2,000, Error reduction coefficient: 0,000, Error: 0,0000 s
abr 04, 2013 12:33:14 PM org.ros.time.RemoteUptimeClock update
INFO: Latency: 31,0000 s, Delta ratio: 0,5000, Drift: 2,000, Error reduction coefficient: 0,000, Error: 0,0000 s
abr 04, 2013 12:33:14 PM org.ros.time.RemoteUptimeClock update
INFO: Latency: 31,0000 s, Delta ratio: 0,5000, Drift: 2,000, Error reduction coefficient: 0,000, Error: 0,0000 s
abr 04, 2013 12:33:14 PM org.ros.time.RemoteUptimeClock update
INFO: Latency: 31,0000 s, Delta ratio: 0,5000, Drift: 2,000, Error reduction coefficient: 0,000, Error: 0,0000 s
abr 04, 2013 12:33:14 PM org.ros.time.RemoteUptimeClock update
INFO: Latency: 31,0000 s, Delta ratio: 0,5000, Drift: 2,000, Error reduction coefficient: 0,000, Error: 0,0000 s
abr 04, 2013 12:33:14 PM org.ros.time.RemoteUptimeClock update
INFO: Latency: 31,0000 s, Delta ratio: 0,5000, Drift: 2,000, Error reduction coefficient: 0,000, Error: 0,0000 s
abr 04, 2013 12:33:14 PM org.ros.time.RemoteUptimeClock update
INFO: Latency: 31,0000 s, Delta ratio: 0,5000, Drift: 2,000, Error reduction coefficient: 0,000, Error: 0,0000 s
abr 04, 2013 12:33:14 PM org.ros.time.RemoteUptimeClock update
INFO: Latency: 31,0000 s, Delta ratio: 0,5000, Drift: 2,000, Error reduction coefficient: 0,000, Error: 0,0000 s
abr 04, 2013 12:33:14 PM org.ros.time.RemoteUptimeClock update
INFO: Latency: 31,0000 s, Delta ratio: 0,5000, Drift: 2,000, Error reduction coefficient: 0,000, Error: 0,0000 s
abr 04, 2013 12:33:14 PM org.ros.time.RemoteUptimeClock update
INFO: Latency: 31,0000 s, Delta ratio: 0,5000, Drift: 2,000, Error reduction coefficient: 0,000, Error: 0,0000 s
abr 04, 2013 12:33:14 PM org.ros.time.RemoteUptimeClock update
INFO: Latency: 31,0000 s, Delta ratio: 0,5000, Drift: 2,000, Error reduction coefficient: 0,000, Error: 0,0000 s
abr 04, 2013 12:33:14 PM org.ros.time.RemoteUptimeClock update
INFO: Latency: 31,0000 s, Delta ratio: 0,5000, Drift: 2,000, Error reduction coefficient: 0,000, Error: 0,0000 s
abr 04, 2013 12:33:14 PM org.ros.time.RemoteUptimeClock update
INFO: Latency: 31,0000 s, Delta ratio: 0,5000, Drift: 2,000, Error reduction coefficient: 0,000, Error: 0,0000 s
abr 04, 2013 12:33:14 PM org.ros.time.RemoteUptimeClock update
INFO: Latency: 31,0000 s, Delta ratio: 0,5000, Drift: 2,000, Error reduction coefficient: 0,000, Error: 0,0000 s
abr 04, 2013 12:33:14 PM org.ros.time.RemoteUptimeClock update
INFO: Latency: 31,0000 s, Delta ratio: 0,5000, Drift: 2,000, Error reduction coefficient: 0,000, Error: 0,0000 s
abr 04, 2013 12:33:14 PM org.ros.time.RemoteUptimeClock update
INFO: Latency: 31,0000 s, Delta ratio: 0,5000, Drift: 2,000, Error reduction coefficient: 0,000, Error: 0,0000 s
abr 04, 2013 12:33:14 PM org.ros.time.RemoteUptimeClock update
INFO: Latency: 31,0000 s, Delta ratio: 0,5000, Drift: 2,000, Error reduction coefficient: 0,000, Error: 0,0000 s
abr 04, 2013 12:33:14 PM org.ros.time.RemoteUptimeClock update
INFO: Latency: 31,0000 s, Delta ratio: 0,5000, Drift: 2,000, Error reduction coefficient: 0,000, Error: 0,0000 s
abr 04, 2013 12:33:14 PM org.ros.time.RemoteUptimeClock update
INFO: Latency: 31,0000 s, Delta ratio: 0,5000, Drift: 2,000, Error reduction coefficient: 0,000, Error: 0,0000 s
abr 04, 2013 12:33:14 PM org.ros.time.RemoteUptimeClock update
INFO: Latency: 31,0000 s, Delta ratio: 0,5000, Drift: 2,000, Error reduction coefficient: 0,000, Error: 0,0000 s
abr 04, 2013 12:33:14 PM org.ros.time.RemoteUptimeClock update
INFO: Latency: 31,0000 s, Delta ratio: 0,5000, Drift: 2,000, Error reduction coefficient: 0,000, Error: 0,0000 s
abr 04, 2013 12:33:14 PM org.ros.time.RemoteUptimeClock update
INFO: Latency: 31,0000 s, Delta ratio: 0,5000, Drift: 2,000, Error reduction coefficient: 0,000, Error: 0,0000 s
abr 04, 2013 12:33:14 PM org.ros.time.RemoteUptimeClock update
INFO: Latency: 31,0000 s, Delta ratio: 0,5000, Drift: 2,000, Error reduction coefficient: 0,000, Error: 0,0000 s
abr 04, 2013 12:33:14 PM org.ros.time.RemoteUptimeClock update
INFO: Latency: 31,0000 s, Delta ratio: 0,5000, Drift: 2,000, Error reduction coefficient: 0,000, Error: 0,0000 s
abr 04, 2013 12:33:14 PM org.ros.time.RemoteUptimeClock update
INFO: Latency: 31,0000 s, Delta ratio: 0,5000, Drift: 2,000, Error reduction coefficient: 0,000, Error: 0,0000 s
abr 04, 2013 12:33:14 PM org.ros.time.RemoteUptimeClock update
INFO: Latency: 31,0000 s, Delta ratio: 0,5000, Drift: 2,000, Error reduction coefficient: 0,000, Error: 0,0000 s
abr 04, 2013 12:33:14 PM org.ros.time.RemoteUptimeClock update
INFO: Latency: 31,0000 s, Delta ratio: 0,5000, Drift: 2,000, Error reduction coefficient: 0,000, Error: 0,0000 s
abr 04, 2013 12:33:14 PM org.ros.time.RemoteUptimeClock update
INFO: Latency: 31,0000 s, Delta ratio: 0,5000, Drift: 2,000, Error reduction coefficient: 0,000, Error: 0,0000 s
abr 04, 2013 12:33:14 PM org.ros.time.RemoteUptimeClock update
INFO: Latency: 31,0000 s, Delta ratio: 0,5000, Drift: 2,000, Error reduction coefficient: 0,000, Error: 0,0000 s
abr 04, 2013 12:33:14 PM org.ros.time.RemoteUptimeClock update
INFO: Latency: 31,0000 s, Delta ratio: 0,5000, Drift: 2,000, Error reduction coefficient: 0,000, Error: 0,0000 s
abr 04, 2013 12:33:14 PM org.ros.time.RemoteUptimeClock update
INFO: Latency: 31,0000 s, Delta ratio: 0,5000, Drift: 2,000, Error reduction coefficient: 0,000, Error: 0,0000 s
abr 04, 2013 12:33:14 PM org.ros.time.RemoteUptimeClock update
INFO: Latency: 31,0000 s, Delta ratio: 0,5000, Drift: 2,000, Error reduction coefficient: 0,000, Error: 0,0000 s
abr 04, 2013 12:33:14 PM org.ros.time.RemoteUptimeClock update
INFO: Latency: 31,0000 s, Delta ratio: 0,5000, Drift: 2,000, Error reduction coefficient: 0,000, Error: 0,0000 s
abr 04, 2013 12:33:14 PM org.ros.time.RemoteUptimeClock update
INFO: Latency: 31,0000 s, Delta ratio: 0,5000, Drift: 2,000, Error reduction coefficient: 0,000, Error: 0,0000 s
abr 04, 2013 12:33:14 PM org.ros.time.RemoteUptimeClock update
INFO: Latency: 31,0000 s, Delta ratio: 0,5000, Drift: 2,000, Error reduction coefficient: 0,000, Error: 0,0000 s
abr 04, 2013 12:33:14 PM org.ros.time.RemoteUptimeClock update
INFO: Latency: 31,0000 s, Delta ratio: 0,5000, Drift: 2,000, Error reduction coefficient: 0,000, Error: 0,0000 s
abr 04, 2013 12:33:14 PM org.ros.time.RemoteUptimeClock update
INFO: Latency: 31,0000 s, Delta ratio: 0,5000, Drift: 2,000, Error reduction coefficient: 0,000, Error: 0,0000 s
abr 04, 2013 12:33:14 PM org.ros.time.RemoteUptimeClock update
INFO: Latency: 31,0000 s, Delta ratio: 0,5000, Drift: 2,000, Error reduction coefficient: 0,000, Error: 0,0000 s
abr 04, 2013 12:33:14 PM org.ros.time.RemoteUptimeClock update
INFO: Latency: 31,0000 s, Delta ratio: 0,5000, Drift: 2,000, Error reduction coefficient: 0,000, Error: 0,0000 s
abr 04, 2013 12:33:14 PM org.ros.time.RemoteUptimeClock update
INFO: Latency: 31,0000 s, Delta ratio: 0,5000, Drift: 2,000, Error reduction coefficient: 0,000, Error: 0,0000 s
abr 04, 2013 12:33:14 PM org.ros.time.RemoteUptimeClock update
INFO: Latency: 31,0000 s, Delta ratio: 0,5000, Drift: 2,000, Error reduction coefficient: 0,000, Error: 0,0000 s
abr 04, 2013 12:33:14 PM org.ros.time.RemoteUptimeClock update
INFO: Latency: 31,0000 s, Delta ratio: 0,5000, Drift: 2,000, Error reduction coefficient: 0,000, Error: 0,0000 s
abr 04, 2013 12:33:14 PM org.ros.time.RemoteUptimeClock update
INFO: Latency: 31,0000 s, Delta ratio: 0,5000, Drift: 2,000, Error reduction coefficient: 0,000, Error: 0,0000 s
abr 04, 2013 12:33:14 PM org.ros.time.RemoteUptimeClock update
INFO: Latency: 31,0000 s, Delta ratio: 0,5000, Drift: 2,000, Error reduction coefficient: 0,000, Error: 0,0000 s
abr 04, 2013 12:33:14 PM org.ros.time.RemoteUptimeClock update
INFO: Latency: 31,0000 s, Delta ratio: 0,5000, Drift: 2,000, Error reduction coefficient: 0,000, Error: 0,0000 s
abr 04, 2013 12:33:14 PM org.ros.time.RemoteUptimeClock update
INFO: Latency: 31,0000 s, Delta ratio: 0,5000, Drift: 2,000, Error reduction coefficient: 0,000, Error: 0,0000 s
abr 04, 2013 12:33:14 PM org.ros.time.RemoteUptimeClock update
INFO: Latency: 31,0000 s, Delta ratio: 0,5000, Drift: 2,000, Error reduction coefficient: 0,000, Error: 0,0000 s
abr 04, 2013 12:33:14 PM org.ros.time.RemoteUptimeClock update
INFO: Latency: 31,0000 s, Delta ratio: 0,5000, Drift: 2,000, Error reduction coefficient: 0,000, Error: 0,0000 s
abr 04, 2013 12:33:14 PM org.ros.time.RemoteUptimeClock update
INFO: Latency: 31,0000 s, Delta ratio: 0,5000, Drift: 2,000, Error reduction coefficient: 0,000, Error: 0,0000 s
abr 04, 2013 12:33:14 PM org.ros.time.RemoteUptimeClock update
INFO: Latency: 31,0000 s, Delta ratio: 0,5000, Drift: 2,000, Error reduction coefficient: 0,000, Error: 0,0000 s
abr 04, 2013 12:33:14 PM org.ros.time.RemoteUptimeClock update
INFO: Latency: 31,0000 s, Delta ratio: 0,5000, Drift: 2,000, Error reduction coefficient: 0,000, Error: 0,0000 s
abr 04, 2013 12:33:14 PM org.ros.time.RemoteUptimeClock update
INFO: Latency: 31,0000 s, Delta ratio: 0,5000, Drift: 2,000, Error reduction coefficient: 0,000, Error: 0,0000 s
abr 04, 2013 12:33:14 PM org.ros.time.RemoteUptimeClock update
INFO: Latency: 31,0000 s, Delta ratio: 0,5000, Drift: 2,000, Error reduction coefficient: 0,000, Error: 0,0000 s
abr 04, 2013 12:33:14 PM org.ros.time.RemoteUptimeClock update
INFO: Latency: 31,0000 s, Delta ratio: 0,5000, Drift: 2,000, Error reduction coefficient: 0,000, Error: 0,0000 s
abr 04, 2013 12:33:14 PM org.ros.time.RemoteUptimeClock update
INFO: Latency: 31,0000 s, Delta ratio: 0,5000, Drift: 2,000, Error reduction coefficient: 0,000, Error: 0,0000 s
abr 04, 2013 12:33:14 PM org.ros.time.RemoteUptimeClock update
INFO: Latency: 31,0000 s, Delta ratio: 0,5000, Drift: 2,000, Error reduction coefficient: 0,000, Error: 0,0000 s
abr 04, 2013 12:33:14 PM org.ros.time.RemoteUptimeClock update
INFO: Latency: 31,0000 s, Delta ratio: 0,5000, Drift: 2,000, Error reduction coefficient: 0,000, Error: 0,0000 s
abr 04, 2013 12:33:14 PM org.ros.time.RemoteUptimeClock update
INFO: Latency: 31,0000 s, Delta ratio: 0,5000, Drift: 2,000, Error reduction coefficient: 0,000, Error: 0,0000 s
abr 04, 2013 12:33:14 PM org.ros.time.RemoteUptimeClock update
INFO: Latency: 31,0000 s, Delta ratio: 0,5000, Drift: 2,000, Error reduction coefficient: 0,000, Error: 0,0000 s
abr 04, 2013 12:33:14 PM org.ros.time.RemoteUptimeClock update
INFO: Latency: 31,0000 s, Delta ratio: 0,5000, Drift: 2,000, Error reduction coefficient: 0,000, Error: 0,0000 s
abr 04, 2013 12:33:14 PM org.ros.time.RemoteUptimeClock update
INFO: Latency: 31,0000 s, Delta ratio: 0,5000, Drift: 2,000, Error reduction coefficient: 0,000, Error: 0,0000 s
abr 04, 2013 12:33:14 PM org.ros.time.RemoteUptimeClock update
INFO: Latency: 31,0000 s, Delta ratio: 0,5000, Drift: 2,000, Error reduction coefficient: 0,000, Error: 0,0000 s
abr 04, 2013 12:33:14 PM org.ros.time.RemoteUptimeClock update
INFO: Latency: 31,0000 s, Delta ratio: 0,5000, Drift: 2,000, Error reduction coefficient: 0,000, Error: 0,0000 s
abr 04, 2013 12:33:14 PM org.ros.time.RemoteUptimeClock update
INFO: Latency: 31,0000 s, Delta ratio: 0,5000, Drift: 2,000, Error reduction coefficient: 0,000, Error: 0,0000 s
abr 04, 2013 12:33:14 PM org.ros.time.RemoteUptimeClock update
INFO: Latency: 31,0000 s, Delta ratio: 0,5000, Drift: 2,000, Error reduction coefficient: 0,000, Error: 0,0000 s
abr 04, 2013 12:33:14 PM org.ros.time.RemoteUptimeClock update
INFO: Latency: 31,0000 s, Delta ratio: 0,5000, Drift: 2,000, Error reduction coefficient: 0,000, Error: 0,0000 s
abr 04, 2013 12:33:14 PM org.ros.time.RemoteUptimeClock update
INFO: Latency: 31,0000 s, Delta ratio: 0,5000, Drift: 2,000, Error reduction coefficient: 0,000, Error: 0,0000 s
abr 04, 2013 12:33:14 PM org.ros.time.RemoteUptimeClock update
INFO: Latency: 31,0000 s, Delta ratio: 0,5000, Drift: 2,000, Error reduction coefficient: 0,000, Error: 0,0000 s
abr 04, 2013 12:33:14 PM org.ros.time.RemoteUptimeClock update
INFO: Latency: 31,0000 s, Delta ratio: 0,5000, Drift: 2,000, Error reduction coefficient: 0,000, Error: 0,0000 s
abr 04, 2013 12:33:14 PM org.ros.time.RemoteUptimeClock update
INFO: Latency: 31,0000 s, Delta ratio: 0,5000, Drift: 2,000, Error reduction coefficient: 0,000, Error: 0,0000 s
abr 04, 2013 12:33:14 PM org.ros.time.RemoteUptimeClock update
INFO: Latency: 31,0000 s, Delta ratio: 0,5000, Drift: 2,000, Error reduction coefficient: 0,000, Error: 0,0000 s
abr 04, 2013 12:33:14 PM org.ros.time.RemoteUptimeClock update
INFO: Latency: 31,0000 s, Delta ratio: 0,5000, Drift: 2,000, Error reduction coefficient: 0,000, Error: 0,0000 s
abr 04, 2013 12:33:14 PM org.ros.time.RemoteUptimeClock update
INFO: Latency: 31,0000 s, Delta ratio: 0,5000, Drift: 2,000, Error reduction coefficient: 0,000, Error: 0,0000 s
abr 04, 2013 12:33:14 PM org.ros.time.RemoteUptimeClock update
INFO: Latency: 31,0000 s, Delta ratio: 0,5000, Drift: 2,000, Error reduction coefficient: 0,000, Error: 0,0000 s
abr 04, 2013 12:33:14 PM org.ros.time.RemoteUptimeClock update
INFO: Latency: 31,0000 s, Delta ratio: 0,5000, Drift: 2,000, Error reduction coefficient: 0,000, Error: 0,0000 s
abr 04, 2013 12:33:14 PM org.ros.time.RemoteUptimeClock update
INFO: Latency: 31,0000 s, Delta ratio: 0,5000, Drift: 2,000, Error reduction coefficient: 0,000, Error: 0,0000 s
abr 04, 2013 12:33:14 PM org.ros.time.RemoteUptimeClock update
INFO: Latency: 31,0000 s, Delta ratio: 0,5000, Drift: 2,000, Error reduction coefficient: 0,000, Error: 0,0000 s
abr 04, 2013 12:33:14 PM org.ros.time.RemoteUptimeClock update
INFO: Latency: 31,0000 s, Delta ratio: 0,5000, Drift: 2,000, Error reduction coefficient: 0,000, Error: 0,0000 s
abr 04, 2013 12:33:14 PM org.ros.time.RemoteUptimeClock update
INFO: Latency: 31,0000 s, Delta ratio: 0,5000, Drift: 2,000, Error reduction coefficient: 0,000, Error: 0,0000 s
abr 04, 2013 12:33:14 PM org.ros.time.RemoteUptimeClock update
INFO: Latency: 31,0000 s, Delta ratio: 0,5000, Drift: 2,000, Error reduction coefficient: 0,000, Error: 0,0000 s
abr 04, 2013 12:33:14 PM org.ros.time.RemoteUptimeClock update
INFO: Latency: 31,0000 s, Delta ratio: 0,5000, Drift: 2,000, Error reduction coefficient: 0,000, Error: 0,0000 s
abr 04, 2013 12:33:14 PM org.ros.time.RemoteUptimeClock update
INFO: Latency: 31,0000 s, Delta ratio: 0,5000, Drift: 2,000, Error reduction coefficient: 0,000, Error: 0,0000 s
abr 04, 2013 12:33:14 PM org.ros.time.RemoteUptimeClock update
INFO: Latency: 31,0000 s, Delta ratio: 0,5000, Drift: 2,000, Error reduction coefficient: 0,000, Error: 0,0000 s
abr 04, 2013 12:33:14 PM org.ros.time.RemoteUptimeClock update
INFO: Latency: 31,0000 s, Delta ratio: 0,5000, Drift: 2,000, Error reduction coefficient: 0,000, Error: 0,0000 s
abr 04, 2013 12:33:14 PM org.ros.time.RemoteUptimeClock update
INFO: Latency: 31,0000 s, Delta ratio: 0,5000, Drift: 2,000, Error reduction coefficient: 0,000, Error: 0,0000 s
abr 04, 2013 12:33:14 PM org.ros.time.RemoteUptimeClock update
INFO: Latency: 31,0000 s, Delta ratio: 0,5000, Drift: 2,000, Error reduction coefficient: 0,000, Error: 0,0000 s
abr 04, 2013 12:33:14 PM org.ros.time.RemoteUptimeClock update
INFO: Latency: 31,0000 s, Delta ratio: 0,5000, Drift: 2,000, Error reduction coefficient: 0,000, Error: 0,0000 s
abr 04, 2013 12:33:14 PM org.ros.time.RemoteUptimeClock update
INFO: Latency: 31,0000 s, Delta ratio: 0,5000, Drift: 2,000, Error reduction coefficient: 0,000, Error: 0,0000 s
abr 04, 2013 12:33:14 PM org.ros.time.RemoteUptimeClock update
INFO: Latency: 31,0000 s, Delta ratio: 0,5000, Drift: 2,000, Error reduction coefficient: 0,000, Error: 0,0000 s
abr 04, 2013 12:33:14 PM org.ros.time.RemoteUptimeClock update
INFO: Latency: 31,0000 s, Delta ratio: 0,5000, Drift: 2,000, Error reduction coefficient: 0,000, Error: 0,0000 s
abr 04, 2013 12:33:14 PM org.ros.time.RemoteUptimeClock update
INFO: Latency: 31,0000 s, Delta ratio: 0,5000, Drift: 2,000, Error reduction coefficient: 0,000, Error: 0,0000 s
abr 04, 2013 12:33:14 PM org.ros.time.RemoteUptimeClock update
INFO: Latency: 31,0000 s, Delta ratio: 0,5000, Drift: 2,000, Error reduction coefficient: 0,000, Error: 0,0000 s
abr 04, 2013 12:33:14 PM org.ros.time.RemoteUptimeClock update
INFO: Latency: 31,0000 s, Delta ratio: 0,5000, Drift: 2,000, Error reduction coefficient: 0,000, Error: 0,0000 s
abr 04, 2013 12:33:14 PM org.ros.time.RemoteUptimeClock update
INFO: Latency: 31,0000 s, Delta ratio: 0,5000, Drift: 2,000, Error reduction coefficient: 0,000, Error: 0,0000 s
abr 04, 2013 12:33:14 PM org.ros.time.RemoteUptimeClock update
INFO: Latency: 31,0000 s, Delta ratio: 0,5000, Drift: 2,000, Error reduction coefficient: 0,000, Error: 0,0000 s
abr 04, 2013 12:33:14 PM org.ros.time.RemoteUptimeClock update
INFO: Latency: 31,0000 s, Delta ratio: 0,5000, Drift: 2,000, Error reduction coefficient: 0,000, Error: 0,0000 s
abr 04, 2013 12:33:14 PM org.ros.time.RemoteUptimeClock update
INFO: Latency: 31,0000 s, Delta ratio: 0,5000, Drift: 2,000, Error reduction coefficient: 0,000, Error: 0,0000 s
abr 04, 2013 12:33:14 PM org.ros.time.RemoteUptimeClock update
INFO: Latency: 31,0000 s, Delta ratio: 0,5000, Drift: 2,000, Error reduction coefficient: 0,000, Error: 0,0000 s
abr 04, 2013 12:33:14 PM org.ros.time.RemoteUptimeClock update
INFO: Latency: 31,0000 s, Delta ratio: 0,5000, Drift: 2,000, Error reduction coefficient: 0,000, Error: 0,0000 s
abr 04, 2013 12:33:14 PM org.ros.time.RemoteUptimeClock update
INFO: Latency: 31,0000 s, Delta ratio: 0,5000, Drift: 2,000, Error reduction coefficient: 0,000, Error: 0,0000 s
abr 04, 2013 12:33:14 PM org.ros.time.RemoteUptimeClock update
INFO: Latency: 31,0000 s, Delta ratio: 0,5000, Drift: 2,000, Error reduction coefficient: 0,000, Error: 0,0000 s
abr 04, 2013 12:33:14 PM org.ros.time.RemoteUptimeClock update
INFO: Latency: 31,0000 s, Delta ratio: 0,5000, Drift: 2,000, Error reduction coefficient: 0,000, Error: 0,0000 s
abr 04, 2013 12:33:14 PM org.ros.time.RemoteUptimeClock update
INFO: Latency: 31,0000 s, Delta ratio: 0,5000, Drift: 2,000, Error reduction coefficient: 0,000, Error: 0,0000 s
abr 04, 2013 12:33:14 PM org.ros.time.RemoteUptimeClock update
INFO: Latency: 31,0000 s, Delta ratio: 0,5000, Drift: 2,000, Error reduction coefficient: 0,000, Error: 0,0000 s
abr 04, 2013 12:33:14 PM org.ros.time.RemoteUptimeClock update
INFO: Latency: 31,0000 s, Delta ratio: 0,5000, Drift: 2,000, Error reduction coefficient: 0,000, Error: 0,0000 s
abr 04, 2013 12:33:14 PM org.ros.time.RemoteUptimeClock update
INFO: Latency: 31,0000 s, Delta ratio: 0,5000, Drift: 2,000, Error reduction coefficient: 0,000, Error: 0,0000 s
abr 04, 2013 12:33:14 PM org.ros.time.RemoteUptimeClock update
INFO: Latency: 31,0000 s, Delta ratio: 0,5000, Drift: 2,000, Error reduction coefficient: 0,000, Error: 0,0000 s
abr 04, 2013 12:33:14 PM org.ros.time.RemoteUptimeClock update
INFO: Latency: 31,0000 s, Delta ratio: 0,5000, Drift: 2,000, Error reduction coefficient: 0,000, Error: 0,0000 s
abr 04, 2013 12:33:14 PM org.ros.time.RemoteUptimeClock update
INFO: Latency: 31,0000 s, Delta ratio: 0,5000, Drift: 2,000, Error reduction coefficient: 0,000, Error: 0,0000 s
abr 04, 2013 12:33:14 PM org.ros.time.RemoteUptimeClock update
INFO: Latency: 31,0000 s, Delta ratio: 0,5000, Drift: 2,000, Error reduction coefficient: 0,000, Error: 0,0000 s
abr 04, 2013 12:33:14 PM org.ros.time.RemoteUptimeClock update
INFO: Latency: 31,0000 s, Delta ratio: 0,5000, Drift: 2,000, Error reduction coefficient: 0,000, Error: 0,0000 s
abr 04, 2013 12:33:14 PM org.ros.time.RemoteUptimeClock update
INFO: Latency: 31,0000 s, Delta ratio: 0,5000, Drift: 2,000, Error reduction coefficient: 0,000, Error: 0,0000 s
abr 04, 2013 12:33:14 PM org.ros.time.RemoteUptimeClock update
INFO: Latency: 31,0000 s, Delta ratio: 0,5000, Drift: 2,000, Error reduction coefficient: 0,000, Error: 0,0000 s
abr 04, 2013 12:33:14 PM org.ros.time.RemoteUptimeClock update
INFO: Latency: 31,0000 s, Delta ratio: 0,5000, Drift: 2,000, Error reduction coefficient: 0,000, Error: 0,0000 s
abr 04, 2013 12:33:14 PM org.ros.time.RemoteUptimeClock update
INFO: Latency: 31,0000 s, Delta ratio: 0,5000, Drift: 2,000, Error reduction coefficient: 0,000, Error: 0,0000 s
abr 04, 2013 12:33:14 PM org.ros.time.RemoteUptimeClock update
INFO: Latency: 31,0000 s, Delta ratio: 0,5000, Drift: 2,000, Error reduction coefficient: 0,000, Error: 0,0000 s
abr 04, 2013 12:33:14 PM org.ros.time.RemoteUptimeClock update
INFO: Latency: 31,0000 s, Delta ratio: 0,5000, Drift: 2,000, Error reduction coefficient: 0,000, Error: 0,0000 s
abr 04, 2013 12:33:14 PM org.ros.time.RemoteUptimeClock update
INFO: Latency: 31,0000 s, Delta ratio: 0,5000, Drift: 2,000, Error reduction coefficient: 0,000, Error: 0,0000 s
abr 04, 2013 12:33:14 PM org.ros.time.RemoteUptimeClock update
INFO: Latency: 31,0000 s, Delta ratio: 0,5000, Drift: 2,000, Error reduction coefficient: 0,000, Error: 0,0000 s
abr 04, 2013 12:33:14 PM org.ros.time.RemoteUptimeClock update
INFO: Latency: 31,0000 s, Delta ratio: 0,5000, Drift: 2,000, Error reduction coefficient: 0,000, Error: 0,0000 s
abr 04, 2013 12:33:14 PM org.ros.time.RemoteUptimeClock update
INFO: Latency: 31,0000 s, Delta ratio: 0,5000, Drift: 2,000, Error reduction coefficient: 0,000, Error: 0,0000 s
abr 04, 2013 12:33:14 PM org.ros.time.RemoteUptimeClock update
INFO: Latency: 31,0000 s, Delta ratio: 0,5000, Drift: 2,000, Error reduction coefficient: 0,000, Error: 0,0000 s
abr 04, 2013 12:33:14 PM org.ros.time.RemoteUptimeClock update
INFO: Latency: 31,0000 s, Delta ratio: 0,5000, Drift: 2,000, Error reduction coefficient: 0,000, Error: 0,0000 s
abr 04, 2013 12:33:14 PM org.ros.time.RemoteUptimeClock update
INFO: Latency: 31,0000 s, Delta ratio: 0,5000, Drift: 2,000, Error reduction coefficient: 0,000, Error: 0,0000 s
abr 04, 2013 12:33:14 PM org.ros.time.RemoteUptimeClock update
INFO: Latency: 31,0000 s, Delta ratio: 0,5000, Drift: 2,000, Error reduction coefficient: 0,000, Error: 0,0000 s
abr 04, 2013 12:33:14 PM org.ros.time.RemoteUptimeClock update
INFO: Latency: 31,0000 s, Delta ratio: 0,5000, Drift: 2,000, Error reduction coefficient: 0,000, Error: 0,0000 s
abr 04, 2013 12:33:14 PM org.ros.time.RemoteUptimeClock update
INFO: Latency: 31,0000 s, Delta ratio: 0,5000, Drift: 2,000, Error reduction coefficient: 0,000, Error: 0,0000 s
abr 04, 2013 12:33:14 PM org.ros.time.RemoteUptimeClock update
INFO: Latency: 31,0000 s, Delta ratio: 0,5000, Drift: 2,000, Error reduction coefficient: 0,000, Error: 0,0000 s
abr 04, 2013 12:33:14 PM org.ros.time.RemoteUptimeClock update
INFO: Latency: 31,0000 s, Delta ratio: 0,5000, Drift: 2,000, Error reduction coefficient: 0,000, Error: 0,0000 s
abr 04, 2013 12:33:14 PM org.ros.time.RemoteUptimeClock update
INFO: Latency: 31,0000 s, Delta ratio: 0,5000, Drift: 2,000, Error reduction coefficient: 0,000, Error: 0,0000 s
abr 04, 2013 12:33:14 PM org.ros.time.RemoteUptimeClock update
INFO: Latency: 31,0000 s, Delta ratio: 0,5000, Drift: 2,000, Error reduction coefficient: 0,000, Error: 0,0000 s
abr 04, 2013 12:33:14 PM org.ros.time.RemoteUptimeClock update
INFO: Latency: 31,0000 s, Delta ratio: 0,5000, Drift: 2,000, Error reduction coefficient: 0,000, Error: 0,0000 s
abr 04, 2013 12:33:14 PM org.ros.time.RemoteUptimeClock update
INFO: Latency: 31,0000 s, Delta ratio: 0,5000, Drift: 2,000, Error reduction coefficient: 0,000, Error: 0,0000 s
abr 04, 2013 12:33:14 PM org.ros.time.RemoteUptimeClock update
INFO: Latency: 31,0000 s, Delta ratio: 0,5000, Drift: 2,000, Error reduction coefficient: 0,000, Error: 0,0000 s
abr 04, 2013 12:33:14 PM org.ros.time.RemoteUptimeClock update
INFO: Latency: 31,0000 s, Delta ratio: 0,5000, Drift: 2,000, Error reduction coefficient: 0,000, Error: 0,0000 s
abr 04, 2013 12:33:14 PM org.ros.time.RemoteUptimeClock update
INFO: Latency: 31,0000 s, Delta ratio: 0,5000, Drift: 2,000, Error reduction coefficient: 0,000, Error: 0,0000 s
abr 04, 2013 12:33:14 PM org.ros.time.RemoteUptimeClock update
INFO: Latency: 31,0000 s, Delta ratio: 0,5000, Drift: 2,000, Error reduction coefficient: 0,000, Error: 0,0000 s
abr 04, 2013 12:33:14 PM org.ros.time.RemoteUptimeClock update
INFO: Latency: 31,0000 s, Delta ratio: 0,5000, Drift: 2,000, Error reduction coefficient: 0,000, Error: 0,0000 s
abr 04, 2013 12:33:14 PM org.ros.time.RemoteUptimeClock update
INFO: Latency: 31,0000 s, Delta ratio: 0,5000, Drift: 2,000, Error reduction coefficient: 0,000, Error: 0,0000 s
abr 04, 2013 12:33:14 PM org.ros.time.RemoteUptimeClock update
INFO: Latency: 31,0000 s, Delta ratio: 0,5000, Drift: 2,000, Error reduction coefficient: 0,000, Error: 0,0000 s
abr 04, 2013 12:33:14 PM org.ros.time.RemoteUptimeClock update
INFO: Latency: 31,0000 s, Delta ratio: 0,5000, Drift: 2,000, Error reduction coefficient: 0,000, Error: 0,0000 s
abr 04, 2013 12:33:14 PM org.ros.time.RemoteUptimeClock update
INFO: Latency: 31,0000 s, Delta ratio: 0,5000, Drift: 2,000, Error reduction coefficient: 0,000, Error: 0,0000 s
abr 04, 2013 12:33:14 PM org.ros.time.RemoteUptimeClock update
INFO: Latency: 31,0000 s, Delta ratio: 0,5000, Drift: 2,000, Error reduction coefficient: 0,000, Error: 0,0000 s
abr 04, 2013 12:33:14 PM org.ros.time.RemoteUptimeClock update
INFO: Latency: 31,0000 s, Delta ratio: 0,5000, Drift: 2,000, Error reduction coefficient: 0,000, Error: 0,0000 s
abr 04, 2013 12:33:14 PM org.ros.time.RemoteUptimeClock update
INFO: Latency: 31,0000 s, Delta ratio: 0,5000, Drift: 2,000, Error reduction coefficient: 0,000, Error: 0,0000 s
abr 04, 2013 12:33:14 PM org.ros.time.RemoteUptimeClock update
INFO: Latency: 31,0000 s, Delta ratio: 0,5000, Drift: 2,000, Error reduction coefficient: 0,000, Error: 0,0000 s
abr 04, 2013 12:33:14 PM org.ros.time.RemoteUptimeClock update
INFO: Latency: 31,0000 s, Delta ratio: 0,5000, Drift: 2,000, Error reduction coefficient: 0,000, Error: 0,0000 s
abr 04, 2013 12:33:14 PM org.ros.time.RemoteUptimeClock update
INFO: Latency: 31,0000 s, Delta ratio: 0,5000, Drift: 2,000, Error reduction coefficient: 0,000, Error: 0,0000 s
abr 04, 2013 12:33:14 PM org.ros.time.RemoteUptimeClock update
INFO: Latency: 31,0000 s, Delta ratio: 0,5000, Drift: 2,000, Error reduction coefficient: 0,000, Error: 0,0000 s
abr 04, 2013 12:33:14 PM org.ros.time.RemoteUptimeClock update
INFO: Latency: 31,0000 s, Delta ratio: 0,5000, Drift: 2,000, Error reduction coefficient: 0,000, Error: 0,0000 s
abr 04, 2013 12:33:14 PM org.ros.time.RemoteUptimeClock update
INFO: Latency: 31,0000 s, Delta ratio: 0,5000, Drift: 2,000, Error reduction coefficient: 0,000, Error: 0,0000 s
abr 04, 2013 12:33:14 PM org.ros.time.RemoteUptimeClock update
INFO: Latency: 31,0000 s, Delta ratio: 0,5000, Drift: 2,000, Error reduction coefficient: 0,000, Error: 0,0000 s
abr 04, 2013 12:33:14 PM org.ros.time.RemoteUptimeClock update
INFO: Latency: 31,0000 s, Delta ratio: 0,5000, Drift: 2,000, Error reduction coefficient: 0,000, Error: 0,0000 s
abr 04, 2013 12:33:14 PM org.ros.time.RemoteUptimeClock update
INFO: Latency: 31,0000 s, Delta ratio: 0,5000, Drift: 2,000, Error reduction coefficient: 0,000, Error: 0,0000 s
abr 04, 2013 12:33:14 PM org.ros.time.RemoteUptimeClock update
INFO: Latency: 31,0000 s, Delta ratio: 0,5000, Drift: 2,000, Error reduction coefficient: 0,000, Error: 0,0000 s
abr 04, 2013 12:33:14 PM org.ros.time.RemoteUptimeClock update
INFO: Latency: 31,0000 s, Delta ratio: 0,5000, Drift: 2,000, Error reduction coefficient: 0,000, Error: 0,0000 s
abr 04, 2013 12:33:14 PM org.ros.time.RemoteUptimeClock update
INFO: Latency: 31,0000 s, Delta ratio: 0,5000, Drift: 2,000, Error reduction coefficient: 0,000, Error: 0,0000 s
abr 04, 2013 12:33:14 PM org.ros.time.RemoteUptimeClock update
INFO: Latency: 31,0000 s, Delta ratio: 0,5000, Drift: 2,000, Error reduction coefficient: 0,000, Error: 0,0000 s
abr 04, 2013 12:33:14 PM org.ros.time.RemoteUptimeClock update
INFO: Latency: 31,0000 s, Delta ratio: 0,5000, Drift: 2,000, Error reduction coefficient: 0,000, Error: 0,0000 s
abr 04, 2013 12:33:14 PM org.ros.time.RemoteUptimeClock update
INFO: Latency: 31,0000 s, Delta ratio: 0,5000, Drift: 2,000, Error reduction coefficient: 0,000, Error: 0,0000 s
abr 04, 2013 12:33:14 PM org.ros.time.RemoteUptimeClock update
INFO: Latency: 31,0000 s, Delta ratio: 0,5000, Drift: 2,000, Error reduction coefficient: 0,000, Error: 0,0000 s
abr 04, 2013 12:33:14 PM org.ros.time.RemoteUptimeClock update
INFO: Latency: 31,0000 s, Delta ratio: 0,5000, Drift: 2,000, Error reduction coefficient: 0,000, Error: 0,0000 s
abr 04, 2013 12:33:14 PM org.ros.time.RemoteUptimeClock update
INFO: Latency: 31,0000 s, Delta ratio: 0,5000, Drift: 2,000, Error reduction coefficient: 0,000, Error: 0,0000 s
abr 04, 2013 12:33:14 PM org.ros.time.RemoteUptimeClock update
INFO: Latency: 31,0000 s, Delta ratio: 0,5000, Drift: 2,000, Error reduction coefficient: 0,000, Error: 0,0000 s
abr 04, 2013 12:33:14 PM org.ros.time.RemoteUptimeClock update
INFO: Latency: 31,0000 s, Delta ratio: 0,5000, Drift: 2,000, Error reduction coefficient: 0,000, Error: 0,0000 s
abr 04, 2013 12:33:14 PM org.ros.time.RemoteUptimeClock update
INFO: Latency: 31,0000 s, Delta ratio: 0,5000, Drift: 2,000, Error reduction coefficient: 0,000, Error: 0,0000 s
abr 04, 2013 12:33:14 PM org.ros.time.RemoteUptimeClock update
INFO: Latency: 31,0000 s, Delta ratio: 0,5000, Drift: 2,000, Error reduction coefficient: 0,000, Error: 0,0000 s
abr 04, 2013 12:33:14 PM org.ros.time.RemoteUptimeClock update
INFO: Latency: 31,0000 s, Delta ratio: 0,5000, Drift: 2,000, Error reduction coefficient: 0,000, Error: 0,0000 s
abr 04, 2013 12:33:14 PM org.ros.time.RemoteUptimeClock update
INFO: Latency: 31,0000 s, Delta ratio: 0,5000, Drift: 2,000, Error reduction coefficient: 0,000, Error: 0,0000 s
abr 04, 2013 12:33:14 PM org.ros.time.RemoteUptimeClock update
INFO: Latency: 31,0000 s, Delta ratio: 0,5000, Drift: 2,000, Error reduction coefficient: 0,000, Error: 0,0000 s
abr 04, 2013 12:33:14 PM org.ros.time.RemoteUptimeClock update
INFO: Latency: 31,0000 s, Delta ratio: 0,5000, Drift: 2,000, Error reduction coefficient: 0,000, Error: 0,0000 s
abr 04, 2013 12:33:14 PM org.ros.time.RemoteUptimeClock update
INFO: Latency: 31,0000 s, Delta ratio: 0,5000, Drift: 2,000, Error reduction coefficient: 0,000, Error: 0,0000 s
abr 04, 2013 12:33:14 PM org.ros.time.RemoteUptimeClock update
INFO: Latency: 31,0000 s, Delta ratio: 0,5000, Drift: 2,000, Error reduction coefficient: 0,000, Error: 0,0000 s
abr 04, 2013 12:33:14 PM org.ros.time.RemoteUptimeClock update
INFO: Latency: 31,0000 s, Delta ratio: 0,5000, Drift: 2,000, Error reduction coefficient: 0,000, Error: 0,0000 s
abr 04, 2013 12:33:14 PM org.ros.time.RemoteUptimeClock update
INFO: Latency: 31,0000 s, Delta ratio: 0,5000, Drift: 2,000, Error reduction coefficient: 0,000, Error: 0,0000 s
abr 04, 2013 12:33:14 PM org.ros.time.RemoteUptimeClock update
INFO: Latency: 31,0000 s, Delta ratio: 0,5000, Drift: 2,000, Error reduction coefficient: 0,000, Error: 0,0000 s
abr 04, 2013 12:33:14 PM org.ros.time.RemoteUptimeClock update
INFO: Latency: 31,0000 s, Delta ratio: 0,5000, Drift: 2,000, Error reduction coefficient: 0,000, Error: 0,0000 s
abr 04, 2013 12:33:14 PM org.ros.time.RemoteUptimeClock update
INFO: Latency: 31,0000 s, Delta ratio: 0,5000, Drift: 2,000, Error reduction coefficient: 0,000, Error: 0,0000 s
abr 04, 2013 12:33:14 PM org.ros.time.RemoteUptimeClock update
INFO: Latency: 31,0000 s, Delta ratio: 0,5000, Drift: 2,000, Error reduction coefficient: 0,000, Error: 0,0000 s
abr 04, 2013 12:33:14 PM org.ros.time.RemoteUptimeClock update
INFO: Latency: 31,0000 s, Delta ratio: 0,5000, Drift: 2,000, Error reduction coefficient: 0,000, Error: 0,0000 s
abr 04, 2013 12:33:14 PM org.ros.time.RemoteUptimeClock update
INFO: Latency: 31,0000 s, Delta ratio: 0,5000, Drift: 2,000, Error reduction coefficient: 0,000, Error: 0,0000 s
abr 04, 2013 12:33:14 PM org.ros.time.RemoteUptimeClock update
INFO: Latency: 31,0000 s, Delta ratio: 0,5000, Drift: 2,000, Error reduction coefficient: 0,000, Error: 0,0000 s
abr 04, 2013 12:33:14 PM org.ros.time.RemoteUptimeClock update
INFO: Latency: 31,0000 s, Delta ratio: 0,5000, Drift: 2,000, Error reduction coefficient: 0,000, Error: 0,0000 s
abr 04, 2013 12:33:14 PM org.ros.time.RemoteUptimeClock update
INFO: Latency: 31,0000 s, Delta ratio: 0,5000, Drift: 2,000, Error reduction coefficient: 0,000, Error: 0,0000 s
abr 04, 2013 12:33:14 PM org.ros.time.RemoteUptimeClock update
INFO: Latency: 31,0000 s, Delta ratio: 0,5000, Drift: 2,000, Error reduction coefficient: 0,000, Error: 0,0000 s
abr 04, 2013 12:33:14 PM org.ros.time.RemoteUptimeClock update
INFO: Latency: 31,0000 s, Delta ratio: 0,5000, Drift: 2,000, Error reduction coefficient: 0,000, Error: 0,0000 s
abr 04, 2013 12:33:14 PM org.ros.time.RemoteUptimeClock update
INFO: Latency: 31,0000 s, Delta ratio: 0,5000, Drift: 2,000, Error reduction coefficient: 0,000, Error: 0,0000 s
abr 04, 2013 12:33:14 PM org.ros.time.RemoteUptimeClock update
INFO: Latency: 31,0000 s, Delta ratio: 0,5000, Drift: 2,000, Error reduction coefficient: 0,000, Error: 0,0000 s
abr 04, 2013 12:33:14 PM org.ros.time.RemoteUptimeClock update
INFO: Latency: 31,0000 s, Delta ratio: 0,5000, Drift: 2,000, Error reduction coefficient: 0,000, Error: 0,0000 s
abr 04, 2013 12:33:14 PM org.ros.time.RemoteUptimeClock update
INFO: Latency: 31,0000 s, Delta ratio: 0,5000, Drift: 2,000, Error reduction coefficient: 0,000, Error: 0,0000 s
abr 04, 2013 12:33:14 PM org.ros.time.RemoteUptimeClock update
INFO: Latency: 31,0000 s, Delta ratio: 0,5000, Drift: 2,000, Error reduction coefficient: 0,000, Error: 0,0000 s
abr 04, 2013 12:33:14 PM org.ros.time.RemoteUptimeClock update
INFO: Latency: 31,0000 s, Delta ratio: 0,5000, Drift: 2,000, Error reduction coefficient: 0,000, Error: 0,0000 s
abr 04, 2013 12:33:14 PM org.ros.time.RemoteUptimeClock update
INFO: Latency: 31,0000 s, Delta ratio: 0,5000, Drift: 2,000, Error reduction coefficient: 0,000, Error: 0,0000 s
abr 04, 2013 12:33:14 PM org.ros.time.RemoteUptimeClock update
INFO: Latency: 31,0000 s, Delta ratio: 0,5000, Drift: 2,000, Error reduction coefficient: 0,000, Error: 0,0000 s
abr 04, 2013 12:33:14 PM org.ros.time.RemoteUptimeClock update
INFO: Latency: 31,0000 s, Delta ratio: 0,5000, Drift: 2,000, Error reduction coefficient: 0,000, Error: 0,0000 s
abr 04, 2013 12:33:14 PM org.ros.time.RemoteUptimeClock update
INFO: Latency: 31,0000 s, Delta ratio: 0,5000, Drift: 2,000, Error reduction coefficient: 0,000, Error: 0,0000 s
abr 04, 2013 12:33:14 PM org.ros.time.RemoteUptimeClock update
INFO: Latency: 31,0000 s, Delta ratio: 0,5000, Drift: 2,000, Error reduction coefficient: 0,000, Error: 0,0000 s
abr 04, 2013 12:33:14 PM org.ros.time.RemoteUptimeClock update
INFO: Latency: 31,0000 s, Delta ratio: 0,5000, Drift: 2,000, Error reduction coefficient: 0,000, Error: 0,0000 s
abr 04, 2013 12:33:14 PM org.ros.time.RemoteUptimeClock update
INFO: Latency: 31,0000 s, Delta ratio: 0,5000, Drift: 2,000, Error reduction coefficient: 0,000, Error: 0,0000 s
abr 04, 2013 12:33:14 PM org.ros.time.RemoteUptimeClock update
INFO: Latency: 31,0000 s, Delta ratio: 0,5000, Drift: 2,000, Error reduction coefficient: 0,000, Error: 0,0000 s
abr 04, 2013 12:33:14 PM org.ros.time.RemoteUptimeClock update
INFO: Latency: 31,0000 s, Delta ratio: 0,5000, Drift: 2,000, Error reduction coefficient: 0,000, Error: 0,0000 s
abr 04, 2013 12:33:14 PM org.ros.time.RemoteUptimeClock update
INFO: Latency: 31,0000 s, Delta ratio: 0,5000, Drift: 2,000, Error reduction coefficient: 0,000, Error: 0,0000 s
abr 04, 2013 12:33:14 PM org.ros.time.RemoteUptimeClock update
INFO: Latency: 31,0000 s, Delta ratio: 0,5000, Drift: 2,000, Error reduction coefficient: 0,000, Error: 0,0000 s
abr 04, 2013 12:33:14 PM org.ros.time.RemoteUptimeClock update
INFO: Latency: 31,0000 s, Delta ratio: 0,5000, Drift: 2,000, Error reduction coefficient: 0,000, Error: 0,0000 s
abr 04, 2013 12:33:14 PM org.ros.time.RemoteUptimeClock update
INFO: Latency: 31,0000 s, Delta ratio: 0,5000, Drift: 2,000, Error reduction coefficient: 0,000, Error: 0,0000 s
abr 04, 2013 12:33:14 PM org.ros.time.RemoteUptimeClock update
INFO: Latency: 31,0000 s, Delta ratio: 0,5000, Drift: 2,000, Error reduction coefficient: 0,000, Error: 0,0000 s
abr 04, 2013 12:33:14 PM org.ros.time.RemoteUptimeClock update
INFO: Latency: 31,0000 s, Delta ratio: 0,5000, Drift: 2,000, Error reduction coefficient: 0,000, Error: 0,0000 s
abr 04, 2013 12:33:14 PM org.ros.time.RemoteUptimeClock update
INFO: Latency: 31,0000 s, Delta ratio: 0,5000, Drift: 2,000, Error reduction coefficient: 0,000, Error: 0,0000 s
abr 04, 2013 12:33:14 PM org.ros.time.RemoteUptimeClock update
INFO: Latency: 31,0000 s, Delta ratio: 0,5000, Drift: 2,000, Error reduction coefficient: 0,000, Error: 0,0000 s
abr 04, 2013 12:33:14 PM org.ros.time.RemoteUptimeClock update
INFO: Latency: 31,0000 s, Delta ratio: 0,5000, Drift: 2,000, Error reduction coefficient: 0,000, Error: 0,0000 s
abr 04, 2013 12:33:14 PM org.ros.time.RemoteUptimeClock update
INFO: Latency: 31,0000 s, Delta ratio: 0,5000, Drift: 2,000, Error reduction coefficient: 0,000, Error: 0,0000 s
abr 04, 2013 12:33:14 PM org.ros.time.RemoteUptimeClock update
INFO: Latency: 31,0000 s, Delta ratio: 0,5000, Drift: 2,000, Error reduction coefficient: 0,000, Error: 0,0000 s
abr 04, 2013 12:33:14 PM org.ros.time.RemoteUptimeClock update
INFO: Latency: 31,0000 s, Delta ratio: 0,5000, Drift: 2,000, Error reduction coefficient: 0,000, Error: 0,0000 s
abr 04, 2013 12:33:14 PM org.ros.time.RemoteUptimeClock update
INFO: Latency: 31,0000 s, Delta ratio: 0,5000, Drift: 2,000, Error reduction coefficient: 0,000, Error: 0,0000 s
abr 04, 2013 12:33:14 PM org.ros.time.RemoteUptimeClock update
INFO: Latency: 31,0000 s, Delta ratio: 0,5000, Drift: 2,000, Error reduction coefficient: 0,000, Error: 0,0000 s
abr 04, 2013 12:33:14 PM org.ros.time.RemoteUptimeClock update
INFO: Latency: 31,0000 s, Delta ratio: 0,5000, Drift: 2,000, Error reduction coefficient: 0,000, Error: 0,0000 s
abr 04, 2013 12:33:14 PM org.ros.time.RemoteUptimeClock update
INFO: Latency: 31,0000 s, Delta ratio: 0,5000, Drift: 2,000, Error reduction coefficient: 0,000, Error: 0,0000 s
abr 04, 2013 12:33:14 PM org.ros.time.RemoteUptimeClock update
INFO: Latency: 31,0000 s, Delta ratio: 0,5000, Drift: 2,000, Error reduction coefficient: 0,000, Error: 0,0000 s
abr 04, 2013 12:33:14 PM org.ros.time.RemoteUptimeClock update
INFO: Latency: 31,0000 s, Delta ratio: 0,5000, Drift: 2,000, Error reduction coefficient: 0,000, Error: 0,0000 s
abr 04, 2013 12:33:14 PM org.ros.time.RemoteUptimeClock update
INFO: Latency: 31,0000 s, Delta ratio: 0,5000, Drift: 2,000, Error reduction coefficient: 0,000, Error: 0,0000 s
abr 04, 2013 12:33:14 PM org.ros.time.RemoteUptimeClock update
INFO: Latency: 31,0000 s, Delta ratio: 0,5000, Drift: 2,000, Error reduction coefficient: 0,000, Error: 0,0000 s
abr 04, 2013 12:33:14 PM org.ros.time.RemoteUptimeClock update
INFO: Latency: 31,0000 s, Delta ratio: 0,5000, Drift: 2,000, Error reduction coefficient: 0,000, Error: 0,0000 s
abr 04, 2013 12:33:14 PM org.ros.time.RemoteUptimeClock update
INFO: Latency: 31,0000 s, Delta ratio: 0,5000, Drift: 2,000, Error reduction coefficient: 0,000, Error: 0,0000 s
abr 04, 2013 12:33:14 PM org.ros.time.RemoteUptimeClock update
INFO: Latency: 31,0000 s, Delta ratio: 0,5000, Drift: 2,000, Error reduction coefficient: 0,000, Error: 0,0000 s
abr 04, 2013 12:33:14 PM org.ros.time.RemoteUptimeClock update
INFO: Latency: 31,0000 s, Delta ratio: 0,5000, Drift: 2,000, Error reduction coefficient: 0,000, Error: 0,0000 s
abr 04, 2013 12:33:14 PM org.ros.time.RemoteUptimeClock update
INFO: Latency: 31,0000 s, Delta ratio: 0,5000, Drift: 2,000, Error reduction coefficient: 0,000, Error: 0,0000 s
abr 04, 2013 12:33:14 PM org.ros.time.RemoteUptimeClock update
INFO: Latency: 31,0000 s, Delta ratio: 0,5000, Drift: 2,000, Error reduction coefficient: 0,000, Error: 0,0000 s
abr 04, 2013 12:33:14 PM org.ros.time.RemoteUptimeClock update
INFO: Latency: 31,0000 s, Delta ratio: 0,5000, Drift: 2,000, Error reduction coefficient: 0,000, Error: 0,0000 s
abr 04, 2013 12:33:14 PM org.ros.time.RemoteUptimeClock update
INFO: Latency: 31,0000 s, Delta ratio: 0,5000, Drift: 2,000, Error reduction coefficient: 0,000, Error: 0,0000 s
abr 04, 2013 12:33:14 PM org.ros.time.RemoteUptimeClock update
INFO: Latency: 31,0000 s, Delta ratio: 0,5000, Drift: 2,000, Error reduction coefficient: 0,000, Error: 0,0000 s
abr 04, 2013 12:33:14 PM org.ros.time.RemoteUptimeClock update
INFO: Latency: 31,0000 s, Delta ratio: 0,5000, Drift: 2,000, Error reduction coefficient: 0,000, Error: 0,0000 s
abr 04, 2013 12:33:14 PM org.ros.time.RemoteUptimeClock update
INFO: Latency: 31,0000 s, Delta ratio: 0,5000, Drift: 2,000, Error reduction coefficient: 0,000, Error: 0,0000 s
abr 04, 2013 12:33:14 PM org.ros.time.RemoteUptimeClock update
INFO: Latency: 31,0000 s, Delta ratio: 0,5000, Drift: 2,000, Error reduction coefficient: 0,000, Error: 0,0000 s
abr 04, 2013 12:33:14 PM org.ros.time.RemoteUptimeClock update
INFO: Latency: 31,0000 s, Delta ratio: 0,5000, Drift: 2,000, Error reduction coefficient: 0,000, Error: 0,0000 s
abr 04, 2013 12:33:14 PM org.ros.time.RemoteUptimeClock update
INFO: Latency: 31,0000 s, Delta ratio: 0,5000, Drift: 2,000, Error reduction coefficient: 0,000, Error: 0,0000 s
abr 04, 2013 12:33:14 PM org.ros.time.RemoteUptimeClock update
INFO: Latency: 31,0000 s, Delta ratio: 0,5000, Drift: 2,000, Error reduction coefficient: 0,000, Error: 0,0000 s
abr 04, 2013 12:33:14 PM org.ros.time.RemoteUptimeClock update
INFO: Latency: 31,0000 s, Delta ratio: 0,5000, Drift: 2,000, Error reduction coefficient: 0,000, Error: 0,0000 s
abr 04, 2013 12:33:14 PM org.ros.time.RemoteUptimeClock update
INFO: Latency: 31,0000 s, Delta ratio: 0,5000, Drift: 2,000, Error reduction coefficient: 0,000, Error: 0,0000 s
abr 04, 2013 12:33:14 PM org.ros.time.RemoteUptimeClock update
INFO: Latency: 31,0000 s, Delta ratio: 0,5000, Drift: 2,000, Error reduction coefficient: 0,000, Error: 0,0000 s
abr 04, 2013 12:33:14 PM org.ros.time.RemoteUptimeClock update
INFO: Latency: 31,0000 s, Delta ratio: 0,5000, Drift: 2,000, Error reduction coefficient: 0,000, Error: 0,0000 s
abr 04, 2013 12:33:14 PM org.ros.time.RemoteUptimeClock update
INFO: Latency: 31,0000 s, Delta ratio: 0,5000, Drift: 2,000, Error reduction coefficient: 0,000, Error: 0,0000 s
abr 04, 2013 12:33:14 PM org.ros.time.RemoteUptimeClock update
INFO: Latency: 31,0000 s, Delta ratio: 0,5000, Drift: 2,000, Error reduction coefficient: 0,000, Error: 0,0000 s
abr 04, 2013 12:33:14 PM org.ros.time.RemoteUptimeClock update
INFO: Latency: 31,0000 s, Delta ratio: 0,5000, Drift: 2,000, Error reduction coefficient: 0,000, Error: 0,0000 s
abr 04, 2013 12:33:14 PM org.ros.time.RemoteUptimeClock update
INFO: Latency: 31,0000 s, Delta ratio: 0,5000, Drift: 2,000, Error reduction coefficient: 0,000, Error: 0,0000 s
abr 04, 2013 12:33:14 PM org.ros.time.RemoteUptimeClock update
INFO: Latency: 31,0000 s, Delta ratio: 0,5000, Drift: 2,000, Error reduction coefficient: 0,000, Error: 0,0000 s
abr 04, 2013 12:33:14 PM org.ros.time.RemoteUptimeClock update
INFO: Latency: 31,0000 s, Delta ratio: 0,5000, Drift: 2,000, Error reduction coefficient: 0,000, Error: 0,0000 s
abr 04, 2013 12:33:14 PM org.ros.time.RemoteUptimeClock update
INFO: Latency: 31,0000 s, Delta ratio: 0,5000, Drift: 2,000, Error reduction coefficient: 0,000, Error: 0,0000 s
abr 04, 2013 12:33:14 PM org.ros.time.RemoteUptimeClock update
INFO: Latency: 31,0000 s, Delta ratio: 0,5000, Drift: 2,000, Error reduction coefficient: 0,000, Error: 0,0000 s
abr 04, 2013 12:33:14 PM org.ros.time.RemoteUptimeClock update
INFO: Latency: 31,0000 s, Delta ratio: 0,5000, Drift: 2,000, Error reduction coefficient: 0,000, Error: 0,0000 s
abr 04, 2013 12:33:14 PM org.ros.time.RemoteUptimeClock update
INFO: Latency: 31,0000 s, Delta ratio: 0,5000, Drift: 2,000, Error reduction coefficient: 0,000, Error: 0,0000 s
abr 04, 2013 12:33:14 PM org.ros.time.RemoteUptimeClock update
INFO: Latency: 31,0000 s, Delta ratio: 0,5000, Drift: 2,000, Error reduction coefficient: 0,000, Error: 0,0000 s
abr 04, 2013 12:33:14 PM org.ros.time.RemoteUptimeClock update
INFO: Latency: 31,0000 s, Delta ratio: 0,5000, Drift: 2,000, Error reduction coefficient: 0,000, Error: 0,0000 s
abr 04, 2013 12:33:14 PM org.ros.time.RemoteUptimeClock update
INFO: Latency: 31,0000 s, Delta ratio: 0,5000, Drift: 2,000, Error reduction coefficient: 0,000, Error: 0,0000 s
abr 04, 2013 12:33:14 PM org.ros.time.RemoteUptimeClock update
INFO: Latency: 31,0000 s, Delta ratio: 0,5000, Drift: 2,000, Error reduction coefficient: 0,000, Error: 0,0000 s
abr 04, 2013 12:33:14 PM org.ros.time.RemoteUptimeClock update
INFO: Latency: 31,0000 s, Delta ratio: 0,5000, Drift: 2,000, Error reduction coefficient: 0,000, Error: 0,0000 s
abr 04, 2013 12:33:14 PM org.ros.time.RemoteUptimeClock update
INFO: Latency: 31,0000 s, Delta ratio: 0,5000, Drift: 2,000, Error reduction coefficient: 0,000, Error: 0,0000 s
abr 04, 2013 12:33:14 PM org.ros.time.RemoteUptimeClock update
INFO: Latency: 31,0000 s, Delta ratio: 0,5000, Drift: 2,000, Error reduction coefficient: 0,000, Error: 0,0000 s
abr 04, 2013 12:33:14 PM org.ros.time.RemoteUptimeClock update
INFO: Latency: 31,0000 s, Delta ratio: 0,5000, Drift: 2,000, Error reduction coefficient: 0,000, Error: 0,0000 s
abr 04, 2013 12:33:14 PM org.ros.time.RemoteUptimeClock update
INFO: Latency: 31,0000 s, Delta ratio: 0,5000, Drift: 2,000, Error reduction coefficient: 0,000, Error: 0,0000 s
abr 04, 2013 12:33:14 PM org.ros.time.RemoteUptimeClock update
INFO: Latency: 31,0000 s, Delta ratio: 0,5000, Drift: 2,000, Error reduction coefficient: 0,000, Error: 0,0000 s
abr 04, 2013 12:33:14 PM org.ros.time.RemoteUptimeClock update
INFO: Latency: 31,0000 s, Delta ratio: 0,5000, Drift: 2,000, Error reduction coefficient: 0,000, Error: 0,0000 s
abr 04, 2013 12:33:14 PM org.ros.time.RemoteUptimeClock update
INFO: Latency: 31,0000 s, Delta ratio: 0,5000, Drift: 2,000, Error reduction coefficient: 0,000, Error: 0,0000 s
abr 04, 2013 12:33:14 PM org.ros.time.RemoteUptimeClock update
INFO: Latency: 31,0000 s, Delta ratio: 0,5000, Drift: 2,000, Error reduction coefficient: 0,000, Error: 0,0000 s
abr 04, 2013 12:33:14 PM org.ros.time.RemoteUptimeClock update
INFO: Latency: 31,0000 s, Delta ratio: 0,5000, Drift: 2,000, Error reduction coefficient: 0,000, Error: 0,0000 s
abr 04, 2013 12:33:14 PM org.ros.time.RemoteUptimeClock update
INFO: Latency: 31,0000 s, Delta ratio: 0,5000, Drift: 2,000, Error reduction coefficient: 0,000, Error: 0,0000 s
abr 04, 2013 12:33:14 PM org.ros.time.RemoteUptimeClock update
INFO: Latency: 31,0000 s, Delta ratio: 0,5000, Drift: 2,000, Error reduction coefficient: 0,000, Error: 0,0000 s
abr 04, 2013 12:33:14 PM org.ros.time.RemoteUptimeClock update
INFO: Latency: 31,0000 s, Delta ratio: 0,5000, Drift: 2,000, Error reduction coefficient: 0,000, Error: 0,0000 s
abr 04, 2013 12:33:14 PM org.ros.time.RemoteUptimeClock update
INFO: Latency: 31,0000 s, Delta ratio: 0,5000, Drift: 2,000, Error reduction coefficient: 0,000, Error: 0,0000 s
abr 04, 2013 12:33:14 PM org.ros.time.RemoteUptimeClock update
INFO: Latency: 31,0000 s, Delta ratio: 0,5000, Drift: 2,000, Error reduction coefficient: 0,000, Error: 0,0000 s
abr 04, 2013 12:33:14 PM org.ros.time.RemoteUptimeClock update
INFO: Latency: 31,0000 s, Delta ratio: 0,5000, Drift: 2,000, Error reduction coefficient: 0,000, Error: 0,0000 s
abr 04, 2013 12:33:14 PM org.ros.time.RemoteUptimeClock update
INFO: Latency: 31,0000 s, Delta ratio: 0,5000, Drift: 2,000, Error reduction coefficient: 0,000, Error: 0,0000 s
abr 04, 2013 12:33:14 PM org.ros.time.RemoteUptimeClock update
INFO: Latency: 31,0000 s, Delta ratio: 0,5000, Drift: 2,000, Error reduction coefficient: 0,000, Error: 0,0000 s
abr 04, 2013 12:33:14 PM org.ros.time.RemoteUptimeClock update
INFO: Latency: 31,0000 s, Delta ratio: 0,5000, Drift: 2,000, Error reduction coefficient: 0,000, Error: 0,0000 s
abr 04, 2013 12:33:14 PM org.ros.time.RemoteUptimeClock update
INFO: Latency: 31,0000 s, Delta ratio: 0,5000, Drift: 2,000, Error reduction coefficient: 0,000, Error: 0,0000 s
abr 04, 2013 12:33:14 PM org.ros.time.RemoteUptimeClock update
INFO: Latency: 31,0000 s, Delta ratio: 0,5000, Drift: 2,000, Error reduction coefficient: 0,000, Error: 0,0000 s
abr 04, 2013 12:33:14 PM org.ros.time.RemoteUptimeClock update
INFO: Latency: 31,0000 s, Delta ratio: 0,5000, Drift: 2,000, Error reduction coefficient: 0,000, Error: 0,0000 s
abr 04, 2013 12:33:14 PM org.ros.time.RemoteUptimeClock update
INFO: Latency: 31,0000 s, Delta ratio: 0,5000, Drift: 2,000, Error reduction coefficient: 0,000, Error: 0,0000 s
abr 04, 2013 12:33:14 PM org.ros.time.RemoteUptimeClock update
INFO: Latency: 31,0000 s, Delta ratio: 0,5000, Drift: 2,000, Error reduction coefficient: 0,000, Error: 0,0000 s
abr 04, 2013 12:33:14 PM org.ros.time.RemoteUptimeClock update
INFO: Latency: 31,0000 s, Delta ratio: 0,5000, Drift: 2,000, Error reduction coefficient: 0,000, Error: 0,0000 s
abr 04, 2013 12:33:14 PM org.ros.time.RemoteUptimeClock update
INFO: Latency: 31,0000 s, Delta ratio: 0,5000, Drift: 2,000, Error reduction coefficient: 0,000, Error: 0,0000 s
abr 04, 2013 12:33:14 PM org.ros.time.RemoteUptimeClock update
INFO: Latency: 31,0000 s, Delta ratio: 0,5000, Drift: 2,000, Error reduction coefficient: 0,000, Error: 0,0000 s
abr 04, 2013 12:33:14 PM org.ros.time.RemoteUptimeClock update
INFO: Latency: 31,0000 s, Delta ratio: 0,5000, Drift: 2,000, Error reduction coefficient: 0,000, Error: 0,0000 s
abr 04, 2013 12:33:14 PM org.ros.time.RemoteUptimeClock update
INFO: Latency: 31,0000 s, Delta ratio: 0,5000, Drift: 2,000, Error reduction coefficient: 0,000, Error: 0,0000 s
abr 04, 2013 12:33:14 PM org.ros.time.RemoteUptimeClock update
INFO: Latency: 31,0000 s, Delta ratio: 0,5000, Drift: 2,000, Error reduction coefficient: 0,000, Error: 0,0000 s
abr 04, 2013 12:33:14 PM org.ros.time.RemoteUptimeClock update
INFO: Latency: 31,0000 s, Delta ratio: 0,5000, Drift: 2,000, Error reduction coefficient: 0,000, Error: 0,0000 s
abr 04, 2013 12:33:14 PM org.ros.time.RemoteUptimeClock update
INFO: Latency: 31,0000 s, Delta ratio: 0,5000, Drift: 2,000, Error reduction coefficient: 0,000, Error: 0,0000 s
abr 04, 2013 12:33:14 PM org.ros.time.RemoteUptimeClock update
INFO: Latency: 31,0000 s, Delta ratio: 0,5000, Drift: 2,000, Error reduction coefficient: 0,000, Error: 0,0000 s
abr 04, 2013 12:33:14 PM org.ros.time.RemoteUptimeClock update
INFO: Latency: 31,0000 s, Delta ratio: 0,5000, Drift: 2,000, Error reduction coefficient: 0,000, Error: 0,0000 s
abr 04, 2013 12:33:14 PM org.ros.time.RemoteUptimeClock update
INFO: Latency: 31,0000 s, Delta ratio: 0,5000, Drift: 2,000, Error reduction coefficient: 0,000, Error: 0,0000 s
abr 04, 2013 12:33:14 PM org.ros.time.RemoteUptimeClock update
INFO: Latency: 31,0000 s, Delta ratio: 0,5000, Drift: 2,000, Error reduction coefficient: 0,000, Error: 0,0000 s
abr 04, 2013 12:33:14 PM org.ros.time.RemoteUptimeClock update
INFO: Latency: 31,0000 s, Delta ratio: 0,5000, Drift: 2,000, Error reduction coefficient: 0,000, Error: 0,0000 s
abr 04, 2013 12:33:14 PM org.ros.time.RemoteUptimeClock update
INFO: Latency: 31,0000 s, Delta ratio: 0,5000, Drift: 2,000, Error reduction coefficient: 0,000, Error: 0,0000 s
abr 04, 2013 12:33:14 PM org.ros.time.RemoteUptimeClock update
INFO: Latency: 31,0000 s, Delta ratio: 0,5000, Drift: 2,000, Error reduction coefficient: 0,000, Error: 0,0000 s
abr 04, 2013 12:33:14 PM org.ros.time.RemoteUptimeClock update
INFO: Latency: 31,0000 s, Delta ratio: 0,5000, Drift: 2,000, Error reduction coefficient: 0,000, Error: 0,0000 s
abr 04, 2013 12:33:14 PM org.ros.time.RemoteUptimeClock update
INFO: Latency: 31,0000 s, Delta ratio: 0,5000, Drift: 2,000, Error reduction coefficient: 0,000, Error: 0,0000 s
abr 04, 2013 12:33:14 PM org.ros.time.RemoteUptimeClock update
INFO: Latency: 31,0000 s, Delta ratio: 0,5000, Drift: 2,000, Error reduction coefficient: 0,000, Error: 0,0000 s
abr 04, 2013 12:33:14 PM org.ros.time.RemoteUptimeClock update
INFO: Latency: 31,0000 s, Delta ratio: 0,5000, Drift: 2,000, Error reduction coefficient: 0,000, Error: 0,0000 s
abr 04, 2013 12:33:14 PM org.ros.time.RemoteUptimeClock update
INFO: Latency: 31,0000 s, Delta ratio: 0,5000, Drift: 2,000, Error reduction coefficient: 0,000, Error: 0,0000 s
abr 04, 2013 12:33:14 PM org.ros.time.RemoteUptimeClock update
INFO: Latency: 31,0000 s, Delta ratio: 0,5000, Drift: 2,000, Error reduction coefficient: 0,000, Error: 0,0000 s
abr 04, 2013 12:33:14 PM org.ros.time.RemoteUptimeClock update
INFO: Latency: 31,0000 s, Delta ratio: 0,5000, Drift: 2,000, Error reduction coefficient: 0,000, Error: 0,0000 s
abr 04, 2013 12:33:14 PM org.ros.time.RemoteUptimeClock update
INFO: Latency: 31,0000 s, Delta ratio: 0,5000, Drift: 2,000, Error reduction coefficient: 0,000, Error: 0,0000 s
abr 04, 2013 12:33:14 PM org.ros.time.RemoteUptimeClock update
INFO: Latency: 31,0000 s, Delta ratio: 0,5000, Drift: 2,000, Error reduction coefficient: 0,000, Error: 0,0000 s
abr 04, 2013 12:33:14 PM org.ros.time.RemoteUptimeClock update
INFO: Latency: 31,0000 s, Delta ratio: 0,5000, Drift: 2,000, Error reduction coefficient: 0,000, Error: 0,0000 s
abr 04, 2013 12:33:14 PM org.ros.time.RemoteUptimeClock update
INFO: Latency: 31,0000 s, Delta ratio: 0,5000, Drift: 2,000, Error reduction coefficient: 0,000, Error: 0,0000 s
abr 04, 2013 12:33:14 PM org.ros.time.RemoteUptimeClock update
INFO: Latency: 31,0000 s, Delta ratio: 0,5000, Drift: 2,000, Error reduction coefficient: 0,000, Error: 0,0000 s
abr 04, 2013 12:33:14 PM org.ros.time.RemoteUptimeClock update
INFO: Latency: 31,0000 s, Delta ratio: 0,5000, Drift: 2,000, Error reduction coefficient: 0,000, Error: 0,0000 s
abr 04, 2013 12:33:14 PM org.ros.time.RemoteUptimeClock update
INFO: Latency: 31,0000 s, Delta ratio: 0,5000, Drift: 2,000, Error reduction coefficient: 0,000, Error: 0,0000 s
abr 04, 2013 12:33:14 PM org.ros.time.RemoteUptimeClock update
INFO: Latency: 31,0000 s, Delta ratio: 0,5000, Drift: 2,000, Error reduction coefficient: 0,000, Error: 0,0000 s
abr 04, 2013 12:33:14 PM org.ros.time.RemoteUptimeClock update
INFO: Latency: 31,0000 s, Delta ratio: 0,5000, Drift: 2,000, Error reduction coefficient: 0,000, Error: 0,0000 s
abr 04, 2013 12:33:14 PM org.ros.time.RemoteUptimeClock update
INFO: Latency: 31,0000 s, Delta ratio: 0,5000, Drift: 2,000, Error reduction coefficient: 0,000, Error: 0,0000 s
abr 04, 2013 12:33:14 PM org.ros.time.RemoteUptimeClock update
INFO: Latency: 31,0000 s, Delta ratio: 0,5000, Drift: 2,000, Error reduction coefficient: 0,000, Error: 0,0000 s
abr 04, 2013 12:33:14 PM org.ros.time.RemoteUptimeClock update
INFO: Latency: 31,0000 s, Delta ratio: 0,5000, Drift: 2,000, Error reduction coefficient: 0,000, Error: 0,0000 s
abr 04, 2013 12:33:14 PM org.ros.time.RemoteUptimeClock update
INFO: Latency: 31,0000 s, Delta ratio: 0,5000, Drift: 2,000, Error reduction coefficient: 0,000, Error: 0,0000 s
abr 04, 2013 12:33:14 PM org.ros.time.RemoteUptimeClock update
INFO: Latency: 31,0000 s, Delta ratio: 0,5000, Drift: 2,000, Error reduction coefficient: 0,000, Error: 0,0000 s
abr 04, 2013 12:33:14 PM org.ros.time.RemoteUptimeClock update
INFO: Latency: 31,0000 s, Delta ratio: 0,5000, Drift: 2,000, Error reduction coefficient: 0,000, Error: 0,0000 s
abr 04, 2013 12:33:14 PM org.ros.time.RemoteUptimeClock update
INFO: Latency: 31,0000 s, Delta ratio: 0,5000, Drift: 2,000, Error reduction coefficient: 0,000, Error: 0,0000 s
abr 04, 2013 12:33:14 PM org.ros.time.RemoteUptimeClock update
INFO: Latency: 31,0000 s, Delta ratio: 0,5000, Drift: 2,000, Error reduction coefficient: 0,000, Error: 0,0000 s
abr 04, 2013 12:33:14 PM org.ros.time.RemoteUptimeClock update
INFO: Latency: 31,0000 s, Delta ratio: 0,5000, Drift: 2,000, Error reduction coefficient: 0,000, Error: 0,0000 s
abr 04, 2013 12:33:14 PM org.ros.time.RemoteUptimeClock update
INFO: Latency: 31,0000 s, Delta ratio: 0,5000, Drift: 2,000, Error reduction coefficient: 0,000, Error: 0,0000 s
abr 04, 2013 12:33:14 PM org.ros.time.RemoteUptimeClock update
INFO: Latency: 31,0000 s, Delta ratio: 0,5000, Drift: 2,000, Error reduction coefficient: 0,000, Error: 0,0000 s
abr 04, 2013 12:33:14 PM org.ros.time.RemoteUptimeClock update
INFO: Latency: 31,0000 s, Delta ratio: 0,5000, Drift: 2,000, Error reduction coefficient: 0,000, Error: 0,0000 s
abr 04, 2013 12:33:14 PM org.ros.time.RemoteUptimeClock update
INFO: Latency: 31,0000 s, Delta ratio: 0,5000, Drift: 2,000, Error reduction coefficient: 0,000, Error: 0,0000 s
abr 04, 2013 12:33:14 PM org.ros.time.RemoteUptimeClock update
INFO: Latency: 31,0000 s, Delta ratio: 0,5000, Drift: 2,000, Error reduction coefficient: 0,000, Error: 0,0000 s
abr 04, 2013 12:33:14 PM org.ros.time.RemoteUptimeClock update
INFO: Latency: 31,0000 s, Delta ratio: 0,5000, Drift: 2,000, Error reduction coefficient: 0,000, Error: 0,0000 s
abr 04, 2013 12:33:14 PM org.ros.time.RemoteUptimeClock update
INFO: Latency: 31,0000 s, Delta ratio: 0,5000, Drift: 2,000, Error reduction coefficient: 0,000, Error: 0,0000 s
abr 04, 2013 12:33:14 PM org.ros.time.RemoteUptimeClock update
INFO: Latency: 31,0000 s, Delta ratio: 0,5000, Drift: 2,000, Error reduction coefficient: 0,000, Error: 0,0000 s
abr 04, 2013 12:33:14 PM org.ros.time.RemoteUptimeClock update
INFO: Latency: 31,0000 s, Delta ratio: 0,5000, Drift: 2,000, Error reduction coefficient: 0,000, Error: 0,0000 s
abr 04, 2013 12:33:14 PM org.ros.time.RemoteUptimeClock update
INFO: Latency: 31,0000 s, Delta ratio: 0,5000, Drift: 2,000, Error reduction coefficient: 0,000, Error: 0,0000 s
abr 04, 2013 12:33:14 PM org.ros.time.RemoteUptimeClock update
INFO: Latency: 31,0000 s, Delta ratio: 0,5000, Drift: 2,000, Error reduction coefficient: 0,000, Error: 0,0000 s
abr 04, 2013 12:33:14 PM org.ros.time.RemoteUptimeClock update
INFO: Latency: 31,0000 s, Delta ratio: 0,5000, Drift: 2,000, Error reduction coefficient: 0,000, Error: 0,0000 s
abr 04, 2013 12:33:14 PM org.ros.time.RemoteUptimeClock update
INFO: Latency: 31,0000 s, Delta ratio: 0,5000, Drift: 2,000, Error reduction coefficient: 0,000, Error: 0,0000 s
abr 04, 2013 12:33:14 PM org.ros.time.RemoteUptimeClock update
INFO: Latency: 31,0000 s, Delta ratio: 0,5000, Drift: 2,000, Error reduction coefficient: 0,000, Error: 0,0000 s
abr 04, 2013 12:33:14 PM org.ros.time.RemoteUptimeClock update
INFO: Latency: 31,0000 s, Delta ratio: 0,5000, Drift: 2,000, Error reduction coefficient: 0,000, Error: 0,0000 s
abr 04, 2013 12:33:14 PM org.ros.time.RemoteUptimeClock update
INFO: Latency: 31,0000 s, Delta ratio: 0,5000, Drift: 2,000, Error reduction coefficient: 0,000, Error: 0,0000 s
abr 04, 2013 12:33:14 PM org.ros.time.RemoteUptimeClock update
INFO: Latency: 31,0000 s, Delta ratio: 0,5000, Drift: 2,000, Error reduction coefficient: 0,000, Error: 0,0000 s
abr 04, 2013 12:33:14 PM org.ros.time.RemoteUptimeClock update
INFO: Latency: 31,0000 s, Delta ratio: 0,5000, Drift: 2,000, Error reduction coefficient: 0,000, Error: 0,0000 s
abr 04, 2013 12:33:14 PM org.ros.time.RemoteUptimeClock update
INFO: Latency: 31,0000 s, Delta ratio: 0,5000, Drift: 2,000, Error reduction coefficient: 0,000, Error: 0,0000 s
abr 04, 2013 12:33:14 PM org.ros.time.RemoteUptimeClock update
INFO: Latency: 31,0000 s, Delta ratio: 0,5000, Drift: 2,000, Error reduction coefficient: 0,000, Error: 0,0000 s
abr 04, 2013 12:33:14 PM org.ros.time.RemoteUptimeClock update
INFO: Latency: 31,0000 s, Delta ratio: 0,5000, Drift: 2,000, Error reduction coefficient: 0,000, Error: 0,0000 s
abr 04, 2013 12:33:14 PM org.ros.time.RemoteUptimeClock update
INFO: Latency: 31,0000 s, Delta ratio: 0,5000, Drift: 2,000, Error reduction coefficient: 0,000, Error: 0,0000 s
abr 04, 2013 12:33:14 PM org.ros.time.RemoteUptimeClock update
INFO: Latency: 31,0000 s, Delta ratio: 0,5000, Drift: 2,000, Error reduction coefficient: 0,000, Error: 0,0000 s
abr 04, 2013 12:33:14 PM org.ros.time.RemoteUptimeClock update
INFO: Latency: 31,0000 s, Delta ratio: 0,5000, Drift: 2,000, Error reduction coefficient: 0,000, Error: 0,0000 s
abr 04, 2013 12:33:14 PM org.ros.time.RemoteUptimeClock update
INFO: Latency: 31,0000 s, Delta ratio: 0,5000, Drift: 2,000, Error reduction coefficient: 0,000, Error: 0,0000 s
abr 04, 2013 12:33:14 PM org.ros.time.RemoteUptimeClock update
INFO: Latency: 31,0000 s, Delta ratio: 0,5000, Drift: 2,000, Error reduction coefficient: 0,000, Error: 0,0000 s
abr 04, 2013 12:33:14 PM org.ros.time.RemoteUptimeClock update
INFO: Latency: 31,0000 s, Delta ratio: 0,5000, Drift: 2,000, Error reduction coefficient: 0,000, Error: 0,0000 s
abr 04, 2013 12:33:14 PM org.ros.time.RemoteUptimeClock update
INFO: Latency: 31,0000 s, Delta ratio: 0,5000, Drift: 2,000, Error reduction coefficient: 0,000, Error: 0,0000 s
abr 04, 2013 12:33:14 PM org.ros.time.RemoteUptimeClock update
INFO: Latency: 31,0000 s, Delta ratio: 0,5000, Drift: 2,000, Error reduction coefficient: 0,000, Error: 0,0000 s
abr 04, 2013 12:33:14 PM org.ros.time.RemoteUptimeClock update
INFO: Latency: 31,0000 s, Delta ratio: 0,5000, Drift: 2,000, Error reduction coefficient: 0,000, Error: 0,0000 s
abr 04, 2013 12:33:14 PM org.ros.time.RemoteUptimeClock update
INFO: Latency: 31,0000 s, Delta ratio: 0,5000, Drift: 2,000, Error reduction coefficient: 0,000, Error: 0,0000 s
abr 04, 2013 12:33:14 PM org.ros.time.RemoteUptimeClock update
INFO: Latency: 31,0000 s, Delta ratio: 0,5000, Drift: 2,000, Error reduction coefficient: 0,000, Error: 0,0000 s
abr 04, 2013 12:33:14 PM org.ros.time.RemoteUptimeClock update
INFO: Latency: 31,0000 s, Delta ratio: 0,5000, Drift: 2,000, Error reduction coefficient: 0,000, Error: 0,0000 s
abr 04, 2013 12:33:14 PM org.ros.time.RemoteUptimeClock update
INFO: Latency: 31,0000 s, Delta ratio: 0,5000, Drift: 2,000, Error reduction coefficient: 0,000, Error: 0,0000 s
abr 04, 2013 12:33:14 PM org.ros.time.RemoteUptimeClock update
INFO: Latency: 31,0000 s, Delta ratio: 0,5000, Drift: 2,000, Error reduction coefficient: 0,000, Error: 0,0000 s
abr 04, 2013 12:33:14 PM org.ros.time.RemoteUptimeClock update
INFO: Latency: 31,0000 s, Delta ratio: 0,5000, Drift: 2,000, Error reduction coefficient: 0,000, Error: 0,0000 s
abr 04, 2013 12:33:14 PM org.ros.time.RemoteUptimeClock update
INFO: Latency: 31,0000 s, Delta ratio: 0,5000, Drift: 2,000, Error reduction coefficient: 0,000, Error: 0,0000 s
abr 04, 2013 12:33:14 PM org.ros.time.RemoteUptimeClock update
INFO: Latency: 31,0000 s, Delta ratio: 0,5000, Drift: 2,000, Error reduction coefficient: 0,000, Error: 0,0000 s
abr 04, 2013 12:33:14 PM org.ros.time.RemoteUptimeClock update
INFO: Latency: 31,0000 s, Delta ratio: 0,5000, Drift: 2,000, Error reduction coefficient: 0,000, Error: 0,0000 s
abr 04, 2013 12:33:14 PM org.ros.time.RemoteUptimeClock update
INFO: Latency: 31,0000 s, Delta ratio: 0,5000, Drift: 2,000, Error reduction coefficient: 0,000, Error: 0,0000 s
abr 04, 2013 12:33:14 PM org.ros.time.RemoteUptimeClock update
INFO: Latency: 31,0000 s, Delta ratio: 0,5000, Drift: 2,000, Error reduction coefficient: 0,000, Error: 0,0000 s
abr 04, 2013 12:33:14 PM org.ros.time.RemoteUptimeClock update
INFO: Latency: 31,0000 s, Delta ratio: 0,5000, Drift: 2,000, Error reduction coefficient: 0,000, Error: 0,0000 s
abr 04, 2013 12:33:14 PM org.ros.time.RemoteUptimeClock update
INFO: Latency: 31,0000 s, Delta ratio: 0,5000, Drift: 2,000, Error reduction coefficient: 0,000, Error: 0,0000 s
abr 04, 2013 12:33:14 PM org.ros.time.RemoteUptimeClock update
INFO: Latency: 31,0000 s, Delta ratio: 0,5000, Drift: 2,000, Error reduction coefficient: 0,000, Error: 0,0000 s
abr 04, 2013 12:33:14 PM org.ros.time.RemoteUptimeClock update
INFO: Latency: 31,0000 s, Delta ratio: 0,5000, Drift: 2,000, Error reduction coefficient: 0,000, Error: 0,0000 s
abr 04, 2013 12:33:14 PM org.ros.time.RemoteUptimeClock update
INFO: Latency: 31,0000 s, Delta ratio: 0,5000, Drift: 2,000, Error reduction coefficient: 0,000, Error: 0,0000 s
abr 04, 2013 12:33:14 PM org.ros.time.RemoteUptimeClock update
INFO: Latency: 31,0000 s, Delta ratio: 0,5000, Drift: 2,000, Error reduction coefficient: 0,000, Error: 0,0000 s
abr 04, 2013 12:33:14 PM org.ros.time.RemoteUptimeClock update
INFO: Latency: 31,0000 s, Delta ratio: 0,5000, Drift: 2,000, Error reduction coefficient: 0,000, Error: 0,0000 s
abr 04, 2013 12:33:14 PM org.ros.time.RemoteUptimeClock update
INFO: Latency: 31,0000 s, Delta ratio: 0,5000, Drift: 2,000, Error reduction coefficient: 0,000, Error: 0,0000 s
abr 04, 2013 12:33:14 PM org.ros.time.RemoteUptimeClock update
INFO: Latency: 31,0000 s, Delta ratio: 0,5000, Drift: 2,000, Error reduction coefficient: 0,000, Error: 0,0000 s
abr 04, 2013 12:33:14 PM org.ros.time.RemoteUptimeClock update
INFO: Latency: 31,0000 s, Delta ratio: 0,5000, Drift: 2,000, Error reduction coefficient: 0,000, Error: 0,0000 s
abr 04, 2013 12:33:14 PM org.ros.time.RemoteUptimeClock update
INFO: Latency: 31,0000 s, Delta ratio: 0,5000, Drift: 2,000, Error reduction coefficient: 0,000, Error: 0,0000 s
abr 04, 2013 12:33:14 PM org.ros.time.RemoteUptimeClock update
INFO: Latency: 31,0000 s, Delta ratio: 0,5000, Drift: 2,000, Error reduction coefficient: 0,000, Error: 0,0000 s
abr 04, 2013 12:33:14 PM org.ros.time.RemoteUptimeClock update
INFO: Latency: 31,0000 s, Delta ratio: 0,5000, Drift: 2,000, Error reduction coefficient: 0,000, Error: 0,0000 s
abr 04, 2013 12:33:14 PM org.ros.time.RemoteUptimeClock update
INFO: Latency: 31,0000 s, Delta ratio: 0,5000, Drift: 2,000, Error reduction coefficient: 0,000, Error: 0,0000 s
abr 04, 2013 12:33:14 PM org.ros.time.RemoteUptimeClock update
INFO: Latency: 31,0000 s, Delta ratio: 0,5000, Drift: 2,000, Error reduction coefficient: 0,000, Error: 0,0000 s
abr 04, 2013 12:33:14 PM org.ros.time.RemoteUptimeClock update
INFO: Latency: 31,0000 s, Delta ratio: 0,5000, Drift: 2,000, Error reduction coefficient: 0,000, Error: 0,0000 s
abr 04, 2013 12:33:14 PM org.ros.time.RemoteUptimeClock update
INFO: Latency: 31,0000 s, Delta ratio: 0,5000, Drift: 2,000, Error reduction coefficient: 0,000, Error: 0,0000 s
abr 04, 2013 12:33:14 PM org.ros.time.RemoteUptimeClock update
INFO: Latency: 31,0000 s, Delta ratio: 0,5000, Drift: 2,000, Error reduction coefficient: 0,000, Error: 0,0000 s
abr 04, 2013 12:33:14 PM org.ros.time.RemoteUptimeClock update
INFO: Latency: 31,0000 s, Delta ratio: 0,5000, Drift: 2,000, Error reduction coefficient: 0,000, Error: 0,0000 s
abr 04, 2013 12:33:14 PM org.ros.time.RemoteUptimeClock update
INFO: Latency: 31,0000 s, Delta ratio: 0,5000, Drift: 2,000, Error reduction coefficient: 0,000, Error: 0,0000 s
abr 04, 2013 12:33:14 PM org.ros.time.RemoteUptimeClock update
INFO: Latency: 31,0000 s, Delta ratio: 0,5000, Drift: 2,000, Error reduction coefficient: 0,000, Error: 0,0000 s
abr 04, 2013 12:33:14 PM org.ros.time.RemoteUptimeClock update
INFO: Latency: 31,0000 s, Delta ratio: 0,5000, Drift: 2,000, Error reduction coefficient: 0,000, Error: 0,0000 s
abr 04, 2013 12:33:14 PM org.ros.time.RemoteUptimeClock update
INFO: Latency: 31,0000 s, Delta ratio: 0,5000, Drift: 2,000, Error reduction coefficient: 0,000, Error: 0,0000 s
abr 04, 2013 12:33:14 PM org.ros.time.RemoteUptimeClock update
INFO: Latency: 31,0000 s, Delta ratio: 0,5000, Drift: 2,000, Error reduction coefficient: 0,000, Error: 0,0000 s
abr 04, 2013 12:33:14 PM org.ros.time.RemoteUptimeClock update
INFO: Latency: 31,0000 s, Delta ratio: 0,5000, Drift: 2,000, Error reduction coefficient: 0,000, Error: 0,0000 s
abr 04, 2013 12:33:14 PM org.ros.time.RemoteUptimeClock update
INFO: Latency: 31,0000 s, Delta ratio: 0,5000, Drift: 2,000, Error reduction coefficient: 0,000, Error: 0,0000 s
abr 04, 2013 12:33:14 PM org.ros.time.RemoteUptimeClock update
INFO: Latency: 31,0000 s, Delta ratio: 0,5000, Drift: 2,000, Error reduction coefficient: 0,000, Error: 0,0000 s
abr 04, 2013 12:33:14 PM org.ros.time.RemoteUptimeClock update
INFO: Latency: 31,0000 s, Delta ratio: 0,5000, Drift: 2,000, Error reduction coefficient: 0,000, Error: 0,0000 s
abr 04, 2013 12:33:14 PM org.ros.time.RemoteUptimeClock update
INFO: Latency: 31,0000 s, Delta ratio: 0,5000, Drift: 2,000, Error reduction coefficient: 0,000, Error: 0,0000 s
abr 04, 2013 12:33:14 PM org.ros.time.RemoteUptimeClock update
INFO: Latency: 31,0000 s, Delta ratio: 0,5000, Drift: 2,000, Error reduction coefficient: 0,000, Error: 0,0000 s
abr 04, 2013 12:33:14 PM org.ros.time.RemoteUptimeClock update
INFO: Latency: 31,0000 s, Delta ratio: 0,5000, Drift: 2,000, Error reduction coefficient: 0,000, Error: 0,0000 s
abr 04, 2013 12:33:14 PM org.ros.time.RemoteUptimeClock update
INFO: Latency: 31,0000 s, Delta ratio: 0,5000, Drift: 2,000, Error reduction coefficient: 0,000, Error: 0,0000 s
abr 04, 2013 12:33:14 PM org.ros.time.RemoteUptimeClock update
INFO: Latency: 31,0000 s, Delta ratio: 0,5000, Drift: 2,000, Error reduction coefficient: 0,000, Error: 0,0000 s
abr 04, 2013 12:33:14 PM org.ros.time.RemoteUptimeClock update
INFO: Latency: 31,0000 s, Delta ratio: 0,5000, Drift: 2,000, Error reduction coefficient: 0,000, Error: 0,0000 s
abr 04, 2013 12:33:14 PM org.ros.time.RemoteUptimeClock update
INFO: Latency: 31,0000 s, Delta ratio: 0,5000, Drift: 2,000, Error reduction coefficient: 0,000, Error: 0,0000 s
abr 04, 2013 12:33:14 PM org.ros.time.RemoteUptimeClock update
INFO: Latency: 31,0000 s, Delta ratio: 0,5000, Drift: 2,000, Error reduction coefficient: 0,000, Error: 0,0000 s
abr 04, 2013 12:33:14 PM org.ros.time.RemoteUptimeClock update
INFO: Latency: 31,0000 s, Delta ratio: 0,5000, Drift: 2,000, Error reduction coefficient: 0,000, Error: 0,0000 s
abr 04, 2013 12:33:14 PM org.ros.time.RemoteUptimeClock update
INFO: Latency: 31,0000 s, Delta ratio: 0,5000, Drift: 2,000, Error reduction coefficient: 0,000, Error: 0,0000 s
abr 04, 2013 12:33:14 PM org.ros.time.RemoteUptimeClock update
INFO: Latency: 31,0000 s, Delta ratio: 0,5000, Drift: 2,000, Error reduction coefficient: 0,000, Error: 0,0000 s
abr 04, 2013 12:33:14 PM org.ros.time.RemoteUptimeClock update
INFO: Latency: 31,0000 s, Delta ratio: 0,5000, Drift: 2,000, Error reduction coefficient: 0,000, Error: 0,0000 s
abr 04, 2013 12:33:14 PM org.ros.time.RemoteUptimeClock update
INFO: Latency: 31,0000 s, Delta ratio: 0,5000, Drift: 2,000, Error reduction coefficient: 0,000, Error: 0,0000 s
abr 04, 2013 12:33:14 PM org.ros.time.RemoteUptimeClock update
INFO: Latency: 31,0000 s, Delta ratio: 0,5000, Drift: 2,000, Error reduction coefficient: 0,000, Error: 0,0000 s
abr 04, 2013 12:33:14 PM org.ros.time.RemoteUptimeClock update
INFO: Latency: 31,0000 s, Delta ratio: 0,5000, Drift: 2,000, Error reduction coefficient: 0,000, Error: 0,0000 s
abr 04, 2013 12:33:14 PM org.ros.time.RemoteUptimeClock update
INFO: Latency: 31,0000 s, Delta ratio: 0,5000, Drift: 2,000, Error reduction coefficient: 0,000, Error: 0,0000 s
abr 04, 2013 12:33:14 PM org.ros.time.RemoteUptimeClock update
INFO: Latency: 31,0000 s, Delta ratio: 0,5000, Drift: 2,000, Error reduction coefficient: 0,000, Error: 0,0000 s
abr 04, 2013 12:33:14 PM org.ros.time.RemoteUptimeClock update
INFO: Latency: 31,0000 s, Delta ratio: 0,5000, Drift: 2,000, Error reduction coefficient: 0,000, Error: 0,0000 s
abr 04, 2013 12:33:14 PM org.ros.time.RemoteUptimeClock update
INFO: Latency: 31,0000 s, Delta ratio: 0,5000, Drift: 2,000, Error reduction coefficient: 0,000, Error: 0,0000 s
abr 04, 2013 12:33:14 PM org.ros.time.RemoteUptimeClock update
INFO: Latency: 31,0000 s, Delta ratio: 0,5000, Drift: 2,000, Error reduction coefficient: 0,000, Error: 0,0000 s
abr 04, 2013 12:33:14 PM org.ros.time.RemoteUptimeClock update
INFO: Latency: 31,0000 s, Delta ratio: 0,5000, Drift: 2,000, Error reduction coefficient: 0,000, Error: 0,0000 s
abr 04, 2013 12:33:14 PM org.ros.time.RemoteUptimeClock update
INFO: Latency: 31,0000 s, Delta ratio: 0,5000, Drift: 2,000, Error reduction coefficient: 0,000, Error: 0,0000 s
abr 04, 2013 12:33:14 PM org.ros.time.RemoteUptimeClock update
INFO: Latency: 31,0000 s, Delta ratio: 0,5000, Drift: 2,000, Error reduction coefficient: 0,000, Error: 0,0000 s
abr 04, 2013 12:33:14 PM org.ros.time.RemoteUptimeClock update
INFO: Latency: 31,0000 s, Delta ratio: 0,5000, Drift: 2,000, Error reduction coefficient: 0,000, Error: 0,0000 s
abr 04, 2013 12:33:14 PM org.ros.time.RemoteUptimeClock update
INFO: Latency: 31,0000 s, Delta ratio: 0,5000, Drift: 2,000, Error reduction coefficient: 0,000, Error: 0,0000 s
abr 04, 2013 12:33:14 PM org.ros.time.RemoteUptimeClock update
INFO: Latency: 31,0000 s, Delta ratio: 0,5000, Drift: 2,000, Error reduction coefficient: 0,000, Error: 0,0000 s
abr 04, 2013 12:33:14 PM org.ros.time.RemoteUptimeClock update
INFO: Latency: 31,0000 s, Delta ratio: 0,5000, Drift: 2,000, Error reduction coefficient: 0,000, Error: 0,0000 s
abr 04, 2013 12:33:14 PM org.ros.time.RemoteUptimeClock update
INFO: Latency: 31,0000 s, Delta ratio: 0,5000, Drift: 2,000, Error reduction coefficient: 0,000, Error: 0,0000 s
abr 04, 2013 12:33:14 PM org.ros.time.RemoteUptimeClock update
INFO: Latency: 31,0000 s, Delta ratio: 0,5000, Drift: 2,000, Error reduction coefficient: 0,000, Error: 0,0000 s
abr 04, 2013 12:33:14 PM org.ros.time.RemoteUptimeClock update
INFO: Latency: 31,0000 s, Delta ratio: 0,5000, Drift: 2,000, Error reduction coefficient: 0,000, Error: 0,0000 s
abr 04, 2013 12:33:14 PM org.ros.time.RemoteUptimeClock update
INFO: Latency: 31,0000 s, Delta ratio: 0,5000, Drift: 2,000, Error reduction coefficient: 0,000, Error: 0,0000 s
abr 04, 2013 12:33:14 PM org.ros.time.RemoteUptimeClock update
INFO: Latency: 31,0000 s, Delta ratio: 0,5000, Drift: 2,000, Error reduction coefficient: 0,000, Error: 0,0000 s
abr 04, 2013 12:33:14 PM org.ros.time.RemoteUptimeClock update
INFO: Latency: 31,0000 s, Delta ratio: 0,5000, Drift: 2,000, Error reduction coefficient: 0,000, Error: 0,0000 s
abr 04, 2013 12:33:14 PM org.ros.time.RemoteUptimeClock update
INFO: Latency: 31,0000 s, Delta ratio: 0,5000, Drift: 2,000, Error reduction coefficient: 0,000, Error: 0,0000 s
abr 04, 2013 12:33:14 PM org.ros.time.RemoteUptimeClock update
INFO: Latency: 31,0000 s, Delta ratio: 0,5000, Drift: 2,000, Error reduction coefficient: 0,000, Error: 0,0000 s
abr 04, 2013 12:33:14 PM org.ros.time.RemoteUptimeClock update
INFO: Latency: 31,0000 s, Delta ratio: 0,5000, Drift: 2,000, Error reduction coefficient: 0,000, Error: 0,0000 s
abr 04, 2013 12:33:14 PM org.ros.time.RemoteUptimeClock update
INFO: Latency: 31,0000 s, Delta ratio: 0,5000, Drift: 2,000, Error reduction coefficient: 0,000, Error: 0,0000 s
abr 04, 2013 12:33:14 PM org.ros.time.RemoteUptimeClock update
INFO: Latency: 31,0000 s, Delta ratio: 0,5000, Drift: 2,000, Error reduction coefficient: 0,000, Error: 0,0000 s
abr 04, 2013 12:33:14 PM org.ros.time.RemoteUptimeClock update
INFO: Latency: 31,0000 s, Delta ratio: 0,5000, Drift: 2,000, Error reduction coefficient: 0,000, Error: 0,0000 s
abr 04, 2013 12:33:14 PM org.ros.time.RemoteUptimeClock update
INFO: Latency: 31,0000 s, Delta ratio: 0,5000, Drift: 2,000, Error reduction coefficient: 0,000, Error: 0,0000 s
abr 04, 2013 12:33:14 PM org.ros.time.RemoteUptimeClock update
INFO: Latency: 31,0000 s, Delta ratio: 0,5000, Drift: 2,000, Error reduction coefficient: 0,000, Error: 0,0000 s
abr 04, 2013 12:33:14 PM org.ros.time.RemoteUptimeClock update
INFO: Latency: 31,0000 s, Delta ratio: 0,5000, Drift: 2,000, Error reduction coefficient: 0,000, Error: 0,0000 s
abr 04, 2013 12:33:14 PM org.ros.time.RemoteUptimeClock update
INFO: Latency: 31,0000 s, Delta ratio: 0,5000, Drift: 2,000, Error reduction coefficient: 0,000, Error: 0,0000 s
abr 04, 2013 12:33:14 PM org.ros.time.RemoteUptimeClock update
INFO: Latency: 31,0000 s, Delta ratio: 0,5000, Drift: 2,000, Error reduction coefficient: 0,000, Error: 0,0000 s
abr 04, 2013 12:33:14 PM org.ros.time.RemoteUptimeClock update
INFO: Latency: 31,0000 s, Delta ratio: 0,5000, Drift: 2,000, Error reduction coefficient: 0,000, Error: 0,0000 s
abr 04, 2013 12:33:14 PM org.ros.time.RemoteUptimeClock update
INFO: Latency: 31,0000 s, Delta ratio: 0,5000, Drift: 2,000, Error reduction coefficient: 0,000, Error: 0,0000 s
abr 04, 2013 12:33:14 PM org.ros.time.RemoteUptimeClock update
INFO: Latency: 31,0000 s, Delta ratio: 0,5000, Drift: 2,000, Error reduction coefficient: 0,000, Error: 0,0000 s
abr 04, 2013 12:33:14 PM org.ros.time.RemoteUptimeClock update
INFO: Latency: 31,0000 s, Delta ratio: 0,5000, Drift: 2,000, Error reduction coefficient: 0,000, Error: 0,0000 s
abr 04, 2013 12:33:14 PM org.ros.time.RemoteUptimeClock update
INFO: Latency: 31,0000 s, Delta ratio: 0,5000, Drift: 2,000, Error reduction coefficient: 0,000, Error: 0,0000 s
abr 04, 2013 12:33:14 PM org.ros.time.RemoteUptimeClock update
INFO: Latency: 31,0000 s, Delta ratio: 0,5000, Drift: 2,000, Error reduction coefficient: 0,000, Error: 0,0000 s
abr 04, 2013 12:33:14 PM org.ros.time.RemoteUptimeClock update
INFO: Latency: 31,0000 s, Delta ratio: 0,5000, Drift: 2,000, Error reduction coefficient: 0,000, Error: 0,0000 s
abr 04, 2013 12:33:14 PM org.ros.time.RemoteUptimeClock update
INFO: Latency: 31,0000 s, Delta ratio: 0,5000, Drift: 2,000, Error reduction coefficient: 0,000, Error: 0,0000 s
abr 04, 2013 12:33:14 PM org.ros.time.RemoteUptimeClock update
INFO: Latency: 31,0000 s, Delta ratio: 0,5000, Drift: 2,000, Error reduction coefficient: 0,000, Error: 0,0000 s
abr 04, 2013 12:33:14 PM org.ros.time.RemoteUptimeClock update
INFO: Latency: 31,0000 s, Delta ratio: 0,5000, Drift: 2,000, Error reduction coefficient: 0,000, Error: 0,0000 s
abr 04, 2013 12:33:14 PM org.ros.time.RemoteUptimeClock update
INFO: Latency: 31,0000 s, Delta ratio: 0,5000, Drift: 2,000, Error reduction coefficient: 0,000, Error: 0,0000 s
abr 04, 2013 12:33:14 PM org.ros.time.RemoteUptimeClock update
INFO: Latency: 31,0000 s, Delta ratio: 0,5000, Drift: 2,000, Error reduction coefficient: 0,000, Error: 0,0000 s
abr 04, 2013 12:33:14 PM org.ros.time.RemoteUptimeClock update
INFO: Latency: 31,0000 s, Delta ratio: 0,5000, Drift: 2,000, Error reduction coefficient: 0,000, Error: 0,0000 s
abr 04, 2013 12:33:14 PM org.ros.time.RemoteUptimeClock update
INFO: Latency: 31,0000 s, Delta ratio: 0,5000, Drift: 2,000, Error reduction coefficient: 0,000, Error: 0,0000 s
abr 04, 2013 12:33:14 PM org.ros.time.RemoteUptimeClock update
INFO: Latency: 31,0000 s, Delta ratio: 0,5000, Drift: 2,000, Error reduction coefficient: 0,000, Error: 0,0000 s
abr 04, 2013 12:33:14 PM org.ros.time.RemoteUptimeClock update
INFO: Latency: 31,0000 s, Delta ratio: 0,5000, Drift: 2,000, Error reduction coefficient: 0,000, Error: 0,0000 s
abr 04, 2013 12:33:14 PM org.ros.time.RemoteUptimeClock update
INFO: Latency: 31,0000 s, Delta ratio: 0,5000, Drift: 2,000, Error reduction coefficient: 0,000, Error: 0,0000 s
abr 04, 2013 12:33:14 PM org.ros.time.RemoteUptimeClock update
INFO: Latency: 31,0000 s, Delta ratio: 0,5000, Drift: 2,000, Error reduction coefficient: 0,000, Error: 0,0000 s
abr 04, 2013 12:33:14 PM org.ros.time.RemoteUptimeClock update
INFO: Latency: 31,0000 s, Delta ratio: 0,5000, Drift: 2,000, Error reduction coefficient: 0,000, Error: 0,0000 s
abr 04, 2013 12:33:14 PM org.ros.time.RemoteUptimeClock update
INFO: Latency: 31,0000 s, Delta ratio: 0,5000, Drift: 2,000, Error reduction coefficient: 0,000, Error: 0,0000 s
abr 04, 2013 12:33:14 PM org.ros.time.RemoteUptimeClock update
INFO: Latency: 31,0000 s, Delta ratio: 0,5000, Drift: 2,000, Error reduction coefficient: 0,000, Error: 0,0000 s
abr 04, 2013 12:33:14 PM org.ros.time.RemoteUptimeClock update
INFO: Latency: 31,0000 s, Delta ratio: 0,5000, Drift: 2,000, Error reduction coefficient: 0,000, Error: 0,0000 s
abr 04, 2013 12:33:14 PM org.ros.time.RemoteUptimeClock update
INFO: Latency: 31,0000 s, Delta ratio: 0,5000, Drift: 2,000, Error reduction coefficient: 0,000, Error: 0,0000 s
abr 04, 2013 12:33:14 PM org.ros.time.RemoteUptimeClock update
INFO: Latency: 31,0000 s, Delta ratio: 0,5000, Drift: 2,000, Error reduction coefficient: 0,000, Error: 0,0000 s
abr 04, 2013 12:33:14 PM org.ros.time.RemoteUptimeClock update
INFO: Latency: 31,0000 s, Delta ratio: 0,5000, Drift: 2,000, Error reduction coefficient: 0,000, Error: 0,0000 s
abr 04, 2013 12:33:14 PM org.ros.time.RemoteUptimeClock update
INFO: Latency: 31,0000 s, Delta ratio: 0,5000, Drift: 2,000, Error reduction coefficient: 0,000, Error: 0,0000 s
abr 04, 2013 12:33:14 PM org.ros.time.RemoteUptimeClock update
INFO: Latency: 31,0000 s, Delta ratio: 0,5000, Drift: 2,000, Error reduction coefficient: 0,000, Error: 0,0000 s
abr 04, 2013 12:33:14 PM org.ros.time.RemoteUptimeClock update
INFO: Latency: 31,0000 s, Delta ratio: 0,5000, Drift: 2,000, Error reduction coefficient: 0,000, Error: 0,0000 s
abr 04, 2013 12:33:14 PM org.ros.time.RemoteUptimeClock update
INFO: Latency: 31,0000 s, Delta ratio: 0,5000, Drift: 2,000, Error reduction coefficient: 0,000, Error: 0,0000 s
abr 04, 2013 12:33:14 PM org.ros.time.RemoteUptimeClock update
INFO: Latency: 31,0000 s, Delta ratio: 0,5000, Drift: 2,000, Error reduction coefficient: 0,000, Error: 0,0000 s
abr 04, 2013 12:33:14 PM org.ros.time.RemoteUptimeClock update
INFO: Latency: 31,0000 s, Delta ratio: 0,5000, Drift: 2,000, Error reduction coefficient: 0,000, Error: 0,0000 s
abr 04, 2013 12:33:14 PM org.ros.time.RemoteUptimeClock update
INFO: Latency: 31,0000 s, Delta ratio: 0,5000, Drift: 2,000, Error reduction coefficient: 0,000, Error: 0,0000 s
abr 04, 2013 12:33:14 PM org.ros.time.RemoteUptimeClock update
INFO: Latency: 31,0000 s, Delta ratio: 0,5000, Drift: 2,000, Error reduction coefficient: 0,000, Error: 0,0000 s
abr 04, 2013 12:33:14 PM org.ros.time.RemoteUptimeClock update
INFO: Latency: 31,0000 s, Delta ratio: 0,5000, Drift: 2,000, Error reduction coefficient: 0,000, Error: 0,0000 s
abr 04, 2013 12:33:14 PM org.ros.time.RemoteUptimeClock update
INFO: Latency: 31,0000 s, Delta ratio: 0,5000, Drift: 2,000, Error reduction coefficient: 0,000, Error: 0,0000 s
abr 04, 2013 12:33:14 PM org.ros.time.RemoteUptimeClock update
INFO: Latency: 31,0000 s, Delta ratio: 0,5000, Drift: 2,000, Error reduction coefficient: 0,000, Error: 0,0000 s
abr 04, 2013 12:33:14 PM org.ros.time.RemoteUptimeClock update
INFO: Latency: 31,0000 s, Delta ratio: 0,5000, Drift: 2,000, Error reduction coefficient: 0,000, Error: 0,0000 s
abr 04, 2013 12:33:14 PM org.ros.time.RemoteUptimeClock update
INFO: Latency: 31,0000 s, Delta ratio: 0,5000, Drift: 2,000, Error reduction coefficient: 0,000, Error: 0,0000 s
abr 04, 2013 12:33:14 PM org.ros.time.RemoteUptimeClock update
INFO: Latency: 31,0000 s, Delta ratio: 0,5000, Drift: 2,000, Error reduction coefficient: 0,000, Error: 0,0000 s
abr 04, 2013 12:33:14 PM org.ros.time.RemoteUptimeClock update
INFO: Latency: 31,0000 s, Delta ratio: 0,5000, Drift: 2,000, Error reduction coefficient: 0,000, Error: 0,0000 s
abr 04, 2013 12:33:14 PM org.ros.time.RemoteUptimeClock update
INFO: Latency: 31,0000 s, Delta ratio: 0,5000, Drift: 2,000, Error reduction coefficient: 0,000, Error: 0,0000 s
abr 04, 2013 12:33:14 PM org.ros.time.RemoteUptimeClock update
INFO: Latency: 31,0000 s, Delta ratio: 0,5000, Drift: 2,000, Error reduction coefficient: 0,000, Error: 0,0000 s
abr 04, 2013 12:33:14 PM org.ros.time.RemoteUptimeClock update
INFO: Latency: 31,0000 s, Delta ratio: 0,5000, Drift: 2,000, Error reduction coefficient: 0,000, Error: 0,0000 s
abr 04, 2013 12:33:14 PM org.ros.time.RemoteUptimeClock update
INFO: Latency: 31,0000 s, Delta ratio: 0,5000, Drift: 2,000, Error reduction coefficient: 0,000, Error: 0,0000 s
abr 04, 2013 12:33:14 PM org.ros.time.RemoteUptimeClock update
INFO: Latency: 31,0000 s, Delta ratio: 0,5000, Drift: 2,000, Error reduction coefficient: 0,000, Error: 0,0000 s
abr 04, 2013 12:33:14 PM org.ros.time.RemoteUptimeClock update
INFO: Latency: 31,0000 s, Delta ratio: 0,5000, Drift: 2,000, Error reduction coefficient: 0,000, Error: 0,0000 s
abr 04, 2013 12:33:14 PM org.ros.time.RemoteUptimeClock update
INFO: Latency: 31,0000 s, Delta ratio: 0,5000, Drift: 2,000, Error reduction coefficient: 0,000, Error: 0,0000 s
abr 04, 2013 12:33:14 PM org.ros.time.RemoteUptimeClock update
INFO: Latency: 31,0000 s, Delta ratio: 0,5000, Drift: 2,000, Error reduction coefficient: 0,000, Error: 0,0000 s
abr 04, 2013 12:33:14 PM org.ros.time.RemoteUptimeClock update
INFO: Latency: 31,0000 s, Delta ratio: 0,5000, Drift: 2,000, Error reduction coefficient: 0,000, Error: 0,0000 s
abr 04, 2013 12:33:14 PM org.ros.time.RemoteUptimeClock update
INFO: Latency: 31,0000 s, Delta ratio: 0,5000, Drift: 2,000, Error reduction coefficient: 0,000, Error: 0,0000 s
abr 04, 2013 12:33:14 PM org.ros.time.RemoteUptimeClock update
INFO: Latency: 31,0000 s, Delta ratio: 0,5000, Drift: 2,000, Error reduction coefficient: 0,000, Error: 0,0000 s
abr 04, 2013 12:33:14 PM org.ros.time.RemoteUptimeClock update
INFO: Latency: 31,0000 s, Delta ratio: 0,5000, Drift: 2,000, Error reduction coefficient: 0,000, Error: 0,0000 s
abr 04, 2013 12:33:14 PM org.ros.time.RemoteUptimeClock update
INFO: Latency: 31,0000 s, Delta ratio: 0,5000, Drift: 2,000, Error reduction coefficient: 0,000, Error: 0,0000 s
abr 04, 2013 12:33:14 PM org.ros.time.RemoteUptimeClock update
INFO: Latency: 31,0000 s, Delta ratio: 0,5000, Drift: 2,000, Error reduction coefficient: 0,000, Error: 0,0000 s
abr 04, 2013 12:33:14 PM org.ros.time.RemoteUptimeClock update
INFO: Latency: 31,0000 s, Delta ratio: 0,5000, Drift: 2,000, Error reduction coefficient: 0,000, Error: 0,0000 s
abr 04, 2013 12:33:14 PM org.ros.time.RemoteUptimeClock update
INFO: Latency: 31,0000 s, Delta ratio: 0,5000, Drift: 2,000, Error reduction coefficient: 0,000, Error: 0,0000 s
abr 04, 2013 12:33:14 PM org.ros.time.RemoteUptimeClock update
INFO: Latency: 31,0000 s, Delta ratio: 0,5000, Drift: 2,000, Error reduction coefficient: 0,000, Error: 0,0000 s
abr 04, 2013 12:33:14 PM org.ros.time.RemoteUptimeClock update
INFO: Latency: 31,0000 s, Delta ratio: 0,5000, Drift: 2,000, Error reduction coefficient: 0,000, Error: 0,0000 s
abr 04, 2013 12:33:14 PM org.ros.time.RemoteUptimeClock update
INFO: Latency: 31,0000 s, Delta ratio: 0,5000, Drift: 2,000, Error reduction coefficient: 0,000, Error: 0,0000 s
abr 04, 2013 12:33:14 PM org.ros.time.RemoteUptimeClock update
INFO: Latency: 31,0000 s, Delta ratio: 0,5000, Drift: 2,000, Error reduction coefficient: 0,000, Error: 0,0000 s
abr 04, 2013 12:33:14 PM org.ros.time.RemoteUptimeClock update
INFO: Latency: 31,0000 s, Delta ratio: 0,5000, Drift: 2,000, Error reduction coefficient: 0,000, Error: 0,0000 s
abr 04, 2013 12:33:14 PM org.ros.time.RemoteUptimeClock update
INFO: Latency: 31,0000 s, Delta ratio: 0,5000, Drift: 2,000, Error reduction coefficient: 0,000, Error: 0,0000 s
abr 04, 2013 12:33:14 PM org.ros.time.RemoteUptimeClock update
INFO: Latency: 31,0000 s, Delta ratio: 0,5000, Drift: 2,000, Error reduction coefficient: 0,000, Error: 0,0000 s
abr 04, 2013 12:33:14 PM org.ros.time.RemoteUptimeClock update
INFO: Latency: 31,0000 s, Delta ratio: 0,5000, Drift: 2,000, Error reduction coefficient: 0,000, Error: 0,0000 s
abr 04, 2013 12:33:14 PM org.ros.time.RemoteUptimeClock update
INFO: Latency: 31,0000 s, Delta ratio: 0,5000, Drift: 2,000, Error reduction coefficient: 0,000, Error: 0,0000 s
abr 04, 2013 12:33:14 PM org.ros.time.RemoteUptimeClock update
INFO: Latency: 31,0000 s, Delta ratio: 0,5000, Drift: 2,000, Error reduction coefficient: 0,000, Error: 0,0000 s
abr 04, 2013 12:33:14 PM org.ros.time.RemoteUptimeClock update
INFO: Latency: 31,0000 s, Delta ratio: 0,5000, Drift: 2,000, Error reduction coefficient: 0,000, Error: 0,0000 s
abr 04, 2013 12:33:14 PM org.ros.time.RemoteUptimeClock update
INFO: Latency: 31,0000 s, Delta ratio: 0,5000, Drift: 2,000, Error reduction coefficient: 0,000, Error: 0,0000 s
abr 04, 2013 12:33:14 PM org.ros.time.RemoteUptimeClock update
INFO: Latency: 31,0000 s, Delta ratio: 0,5000, Drift: 2,000, Error reduction coefficient: 0,000, Error: 0,0000 s
abr 04, 2013 12:33:14 PM org.ros.time.RemoteUptimeClock update
INFO: Latency: 31,0000 s, Delta ratio: 0,5000, Drift: 2,000, Error reduction coefficient: 0,000, Error: 0,0000 s
abr 04, 2013 12:33:14 PM org.ros.time.RemoteUptimeClock update
INFO: Latency: 31,0000 s, Delta ratio: 0,5000, Drift: 2,000, Error reduction coefficient: 0,000, Error: 0,0000 s
abr 04, 2013 12:33:14 PM org.ros.time.RemoteUptimeClock update
INFO: Latency: 31,0000 s, Delta ratio: 0,5000, Drift: 2,000, Error reduction coefficient: 0,000, Error: 0,0000 s
abr 04, 2013 12:33:14 PM org.ros.time.RemoteUptimeClock update
INFO: Latency: 31,0000 s, Delta ratio: 0,5000, Drift: 2,000, Error reduction coefficient: 0,000, Error: 0,0000 s
abr 04, 2013 12:33:14 PM org.ros.time.RemoteUptimeClock update
INFO: Latency: 31,0000 s, Delta ratio: 0,5000, Drift: 2,000, Error reduction coefficient: 0,000, Error: 0,0000 s
abr 04, 2013 12:33:14 PM org.ros.time.RemoteUptimeClock update
INFO: Latency: 31,0000 s, Delta ratio: 0,5000, Drift: 2,000, Error reduction coefficient: 0,000, Error: 0,0000 s
abr 04, 2013 12:33:14 PM org.ros.time.RemoteUptimeClock update
INFO: Latency: 31,0000 s, Delta ratio: 0,5000, Drift: 2,000, Error reduction coefficient: 0,000, Error: 0,0000 s
abr 04, 2013 12:33:14 PM org.ros.time.RemoteUptimeClock update
INFO: Latency: 31,0000 s, Delta ratio: 0,5000, Drift: 2,000, Error reduction coefficient: 0,000, Error: 0,0000 s
abr 04, 2013 12:33:14 PM org.ros.time.RemoteUptimeClock update
INFO: Latency: 31,0000 s, Delta ratio: 0,5000, Drift: 2,000, Error reduction coefficient: 0,000, Error: 0,0000 s
abr 04, 2013 12:33:14 PM org.ros.time.RemoteUptimeClock update
INFO: Latency: 31,0000 s, Delta ratio: 0,5000, Drift: 2,000, Error reduction coefficient: 0,000, Error: 0,0000 s
abr 04, 2013 12:33:14 PM org.ros.time.RemoteUptimeClock update
INFO: Latency: 31,0000 s, Delta ratio: 0,5000, Drift: 2,000, Error reduction coefficient: 0,000, Error: 0,0000 s
abr 04, 2013 12:33:14 PM org.ros.time.RemoteUptimeClock update
INFO: Latency: 31,0000 s, Delta ratio: 0,5000, Drift: 2,000, Error reduction coefficient: 0,000, Error: 0,0000 s
abr 04, 2013 12:33:14 PM org.ros.time.RemoteUptimeClock update
INFO: Latency: 31,0000 s, Delta ratio: 0,5000, Drift: 2,000, Error reduction coefficient: 0,000, Error: 0,0000 s
abr 04, 2013 12:33:14 PM org.ros.time.RemoteUptimeClock update
INFO: Latency: 31,0000 s, Delta ratio: 0,5000, Drift: 2,000, Error reduction coefficient: 0,000, Error: 0,0000 s
abr 04, 2013 12:33:14 PM org.ros.time.RemoteUptimeClock update
INFO: Latency: 31,0000 s, Delta ratio: 0,5000, Drift: 2,000, Error reduction coefficient: 0,000, Error: 0,0000 s
abr 04, 2013 12:33:14 PM org.ros.time.RemoteUptimeClock update
INFO: Latency: 31,0000 s, Delta ratio: 0,5000, Drift: 2,000, Error reduction coefficient: 0,000, Error: 0,0000 s
abr 04, 2013 12:33:14 PM org.ros.time.RemoteUptimeClock update
INFO: Latency: 31,0000 s, Delta ratio: 0,5000, Drift: 2,000, Error reduction coefficient: 0,000, Error: 0,0000 s
abr 04, 2013 12:33:14 PM org.ros.time.RemoteUptimeClock update
INFO: Latency: 31,0000 s, Delta ratio: 0,5000, Drift: 2,000, Error reduction coefficient: 0,000, Error: 0,0000 s
abr 04, 2013 12:33:14 PM org.ros.time.RemoteUptimeClock update
INFO: Latency: 31,0000 s, Delta ratio: 0,5000, Drift: 2,000, Error reduction coefficient: 0,000, Error: 0,0000 s
abr 04, 2013 12:33:14 PM org.ros.time.RemoteUptimeClock update
INFO: Latency: 31,0000 s, Delta ratio: 0,5000, Drift: 2,000, Error reduction coefficient: 0,000, Error: 0,0000 s
abr 04, 2013 12:33:14 PM org.ros.time.RemoteUptimeClock update
INFO: Latency: 31,0000 s, Delta ratio: 0,5000, Drift: 2,000, Error reduction coefficient: 0,000, Error: 0,0000 s
abr 04, 2013 12:33:14 PM org.ros.time.RemoteUptimeClock update
INFO: Latency: 31,0000 s, Delta ratio: 0,5000, Drift: 2,000, Error reduction coefficient: 0,000, Error: 0,0000 s
abr 04, 2013 12:33:14 PM org.ros.time.RemoteUptimeClock update
INFO: Latency: 31,0000 s, Delta ratio: 0,5000, Drift: 2,000, Error reduction coefficient: 0,000, Error: 0,0000 s
abr 04, 2013 12:33:14 PM org.ros.time.RemoteUptimeClock update
INFO: Latency: 31,0000 s, Delta ratio: 0,5000, Drift: 2,000, Error reduction coefficient: 0,000, Error: 0,0000 s
abr 04, 2013 12:33:14 PM org.ros.time.RemoteUptimeClock update
INFO: Latency: 31,0000 s, Delta ratio: 0,5000, Drift: 2,000, Error reduction coefficient: 0,000, Error: 0,0000 s
abr 04, 2013 12:33:14 PM org.ros.time.RemoteUptimeClock update
INFO: Latency: 31,0000 s, Delta ratio: 0,5000, Drift: 2,000, Error reduction coefficient: 0,000, Error: 0,0000 s
abr 04, 2013 12:33:14 PM org.ros.time.RemoteUptimeClock update
INFO: Latency: 31,0000 s, Delta ratio: 0,5000, Drift: 2,000, Error reduction coefficient: 0,000, Error: 0,0000 s
abr 04, 2013 12:33:14 PM org.ros.time.RemoteUptimeClock update
INFO: Latency: 31,0000 s, Delta ratio: 0,5000, Drift: 2,000, Error reduction coefficient: 0,000, Error: 0,0000 s
abr 04, 2013 12:33:14 PM org.ros.time.RemoteUptimeClock update
INFO: Latency: 31,0000 s, Delta ratio: 0,5000, Drift: 2,000, Error reduction coefficient: 0,000, Error: 0,0000 s
abr 04, 2013 12:33:14 PM org.ros.time.RemoteUptimeClock update
INFO: Latency: 31,0000 s, Delta ratio: 0,5000, Drift: 2,000, Error reduction coefficient: 0,000, Error: 0,0000 s
abr 04, 2013 12:33:14 PM org.ros.time.RemoteUptimeClock update
INFO: Latency: 31,0000 s, Delta ratio: 0,5000, Drift: 2,000, Error reduction coefficient: 0,000, Error: 0,0000 s
abr 04, 2013 12:33:14 PM org.ros.time.RemoteUptimeClock update
INFO: Latency: 31,0000 s, Delta ratio: 0,5000, Drift: 2,000, Error reduction coefficient: 0,000, Error: 0,0000 s
abr 04, 2013 12:33:14 PM org.ros.time.RemoteUptimeClock update
INFO: Latency: 31,0000 s, Delta ratio: 0,5000, Drift: 2,000, Error reduction coefficient: 0,000, Error: 0,0000 s
abr 04, 2013 12:33:14 PM org.ros.time.RemoteUptimeClock update
INFO: Latency: 31,0000 s, Delta ratio: 0,5000, Drift: 2,000, Error reduction coefficient: 0,000, Error: 0,0000 s
abr 04, 2013 12:33:14 PM org.ros.time.RemoteUptimeClock update
INFO: Latency: 31,0000 s, Delta ratio: 0,5000, Drift: 2,000, Error reduction coefficient: 0,000, Error: 0,0000 s
abr 04, 2013 12:33:14 PM org.ros.time.RemoteUptimeClock update
INFO: Latency: 31,0000 s, Delta ratio: 0,5000, Drift: 2,000, Error reduction coefficient: 0,000, Error: 0,0000 s
abr 04, 2013 12:33:14 PM org.ros.time.RemoteUptimeClock update
INFO: Latency: 31,0000 s, Delta ratio: 0,5000, Drift: 2,000, Error reduction coefficient: 0,000, Error: 0,0000 s
abr 04, 2013 12:33:14 PM org.ros.time.RemoteUptimeClock update
INFO: Latency: 31,0000 s, Delta ratio: 0,5000, Drift: 2,000, Error reduction coefficient: 0,000, Error: 0,0000 s
abr 04, 2013 12:33:14 PM org.ros.time.RemoteUptimeClock update
INFO: Latency: 31,0000 s, Delta ratio: 0,5000, Drift: 2,000, Error reduction coefficient: 0,000, Error: 0,0000 s
abr 04, 2013 12:33:14 PM org.ros.time.RemoteUptimeClock update
INFO: Latency: 31,0000 s, Delta ratio: 0,5000, Drift: 2,000, Error reduction coefficient: 0,000, Error: 0,0000 s
abr 04, 2013 12:33:14 PM org.ros.time.RemoteUptimeClock update
INFO: Latency: 31,0000 s, Delta ratio: 0,5000, Drift: 2,000, Error reduction coefficient: 0,000, Error: 0,0000 s
abr 04, 2013 12:33:14 PM org.ros.time.RemoteUptimeClock update
INFO: Latency: 31,0000 s, Delta ratio: 0,5000, Drift: 2,000, Error reduction coefficient: 0,000, Error: 0,0000 s
abr 04, 2013 12:33:14 PM org.ros.time.RemoteUptimeClock update
INFO: Latency: 31,0000 s, Delta ratio: 0,5000, Drift: 2,000, Error reduction coefficient: 0,000, Error: 0,0000 s
abr 04, 2013 12:33:14 PM org.ros.time.RemoteUptimeClock update
INFO: Latency: 31,0000 s, Delta ratio: 0,5000, Drift: 2,000, Error reduction coefficient: 0,000, Error: 0,0000 s
abr 04, 2013 12:33:14 PM org.ros.time.RemoteUptimeClock update
INFO: Latency: 31,0000 s, Delta ratio: 0,5000, Drift: 2,000, Error reduction coefficient: 0,000, Error: 0,0000 s
abr 04, 2013 12:33:14 PM org.ros.time.RemoteUptimeClock update
INFO: Latency: 31,0000 s, Delta ratio: 0,5000, Drift: 2,000, Error reduction coefficient: 0,000, Error: 0,0000 s
abr 04, 2013 12:33:14 PM org.ros.time.RemoteUptimeClock update
INFO: Latency: 31,0000 s, Delta ratio: 0,5000, Drift: 2,000, Error reduction coefficient: 0,000, Error: 0,0000 s
abr 04, 2013 12:33:14 PM org.ros.time.RemoteUptimeClock update
INFO: Latency: 31,0000 s, Delta ratio: 0,5000, Drift: 2,000, Error reduction coefficient: 0,000, Error: 0,0000 s
abr 04, 2013 12:33:14 PM org.ros.time.RemoteUptimeClock update
INFO: Latency: 31,0000 s, Delta ratio: 0,5000, Drift: 2,000, Error reduction coefficient: 0,000, Error: 0,0000 s
abr 04, 2013 12:33:14 PM org.ros.time.RemoteUptimeClock update
INFO: Latency: 31,0000 s, Delta ratio: 0,5000, Drift: 2,000, Error reduction coefficient: 0,000, Error: 0,0000 s
abr 04, 2013 12:33:14 PM org.ros.time.RemoteUptimeClock update
INFO: Latency: 31,0000 s, Delta ratio: 0,5000, Drift: 2,000, Error reduction coefficient: 0,000, Error: 0,0000 s
abr 04, 2013 12:33:14 PM org.ros.time.RemoteUptimeClock update
INFO: Latency: 31,0000 s, Delta ratio: 0,5000, Drift: 2,000, Error reduction coefficient: 0,000, Error: 0,0000 s
abr 04, 2013 12:33:14 PM org.ros.time.RemoteUptimeClock update
INFO: Latency: 31,0000 s, Delta ratio: 0,5000, Drift: 2,000, Error reduction coefficient: 0,000, Error: 0,0000 s
abr 04, 2013 12:33:14 PM org.ros.time.RemoteUptimeClock update
INFO: Latency: 31,0000 s, Delta ratio: 0,5000, Drift: 2,000, Error reduction coefficient: 0,000, Error: 0,0000 s
abr 04, 2013 12:33:14 PM org.ros.time.RemoteUptimeClock update
INFO: Latency: 31,0000 s, Delta ratio: 0,5000, Drift: 2,000, Error reduction coefficient: 0,000, Error: 0,0000 s
abr 04, 2013 12:33:14 PM org.ros.time.RemoteUptimeClock update
INFO: Latency: 31,0000 s, Delta ratio: 0,5000, Drift: 2,000, Error reduction coefficient: 0,000, Error: 0,0000 s
abr 04, 2013 12:33:14 PM org.ros.time.RemoteUptimeClock update
INFO: Latency: 31,0000 s, Delta ratio: 0,5000, Drift: 2,000, Error reduction coefficient: 0,000, Error: 0,0000 s
abr 04, 2013 12:33:14 PM org.ros.time.RemoteUptimeClock update
INFO: Latency: 31,0000 s, Delta ratio: 0,5000, Drift: 2,000, Error reduction coefficient: 0,000, Error: 0,0000 s
abr 04, 2013 12:33:14 PM org.ros.time.RemoteUptimeClock update
INFO: Latency: 31,0000 s, Delta ratio: 0,5000, Drift: 2,000, Error reduction coefficient: 0,000, Error: 0,0000 s
abr 04, 2013 12:33:14 PM org.ros.time.RemoteUptimeClock update
INFO: Latency: 31,0000 s, Delta ratio: 0,5000, Drift: 2,000, Error reduction coefficient: 0,000, Error: 0,0000 s
abr 04, 2013 12:33:14 PM org.ros.time.RemoteUptimeClock update
INFO: Latency: 31,0000 s, Delta ratio: 0,5000, Drift: 2,000, Error reduction coefficient: 0,000, Error: 0,0000 s
abr 04, 2013 12:33:14 PM org.ros.time.RemoteUptimeClock update
INFO: Latency: 31,0000 s, Delta ratio: 0,5000, Drift: 2,000, Error reduction coefficient: 0,000, Error: 0,0000 s
abr 04, 2013 12:33:14 PM org.ros.time.RemoteUptimeClock update
INFO: Latency: 31,0000 s, Delta ratio: 0,5000, Drift: 2,000, Error reduction coefficient: 0,000, Error: 0,0000 s
abr 04, 2013 12:33:14 PM org.ros.time.RemoteUptimeClock update
INFO: Latency: 31,0000 s, Delta ratio: 0,5000, Drift: 2,000, Error reduction coefficient: 0,000, Error: 0,0000 s
abr 04, 2013 12:33:14 PM org.ros.time.RemoteUptimeClock update
INFO: Latency: 31,0000 s, Delta ratio: 0,5000, Drift: 2,000, Error reduction coefficient: 0,000, Error: 0,0000 s
abr 04, 2013 12:33:14 PM org.ros.time.RemoteUptimeClock update
INFO: Latency: 31,0000 s, Delta ratio: 0,5000, Drift: 2,000, Error reduction coefficient: 0,000, Error: 0,0000 s
abr 04, 2013 12:33:14 PM org.ros.time.RemoteUptimeClock update
INFO: Latency: 31,0000 s, Delta ratio: 0,5000, Drift: 2,000, Error reduction coefficient: 0,000, Error: 0,0000 s
abr 04, 2013 12:33:14 PM org.ros.time.RemoteUptimeClock update
INFO: Latency: 31,0000 s, Delta ratio: 0,5000, Drift: 2,000, Error reduction coefficient: 0,000, Error: 0,0000 s
abr 04, 2013 12:33:14 PM org.ros.time.RemoteUptimeClock update
INFO: Latency: 31,0000 s, Delta ratio: 0,5000, Drift: 2,000, Error reduction coefficient: 0,000, Error: 0,0000 s
abr 04, 2013 12:33:14 PM org.ros.time.RemoteUptimeClock update
INFO: Latency: 31,0000 s, Delta ratio: 0,5000, Drift: 2,000, Error reduction coefficient: 0,000, Error: 0,0000 s
abr 04, 2013 12:33:14 PM org.ros.time.RemoteUptimeClock update
INFO: Latency: 31,0000 s, Delta ratio: 0,5000, Drift: 2,000, Error reduction coefficient: 0,000, Error: 0,0000 s
abr 04, 2013 12:33:14 PM org.ros.time.RemoteUptimeClock update
INFO: Latency: 31,0000 s, Delta ratio: 0,5000, Drift: 2,000, Error reduction coefficient: 0,000, Error: 0,0000 s
abr 04, 2013 12:33:14 PM org.ros.time.RemoteUptimeClock update
INFO: Latency: 31,0000 s, Delta ratio: 0,5000, Drift: 2,000, Error reduction coefficient: 0,000, Error: 0,0000 s
abr 04, 2013 12:33:14 PM org.ros.time.RemoteUptimeClock update
INFO: Latency: 31,0000 s, Delta ratio: 0,5000, Drift: 2,000, Error reduction coefficient: 0,000, Error: 0,0000 s
abr 04, 2013 12:33:14 PM org.ros.time.RemoteUptimeClock update
INFO: Latency: 31,0000 s, Delta ratio: 0,5000, Drift: 2,000, Error reduction coefficient: 0,000, Error: 0,0000 s
abr 04, 2013 12:33:14 PM org.ros.time.RemoteUptimeClock update
INFO: Latency: 31,0000 s, Delta ratio: 0,5000, Drift: 2,000, Error reduction coefficient: 0,000, Error: 0,0000 s
abr 04, 2013 12:33:14 PM org.ros.time.RemoteUptimeClock update
INFO: Latency: 31,0000 s, Delta ratio: 0,5000, Drift: 2,000, Error reduction coefficient: 0,000, Error: 0,0000 s
abr 04, 2013 12:33:14 PM org.ros.time.RemoteUptimeClock update
INFO: Latency: 31,0000 s, Delta ratio: 0,5000, Drift: 2,000, Error reduction coefficient: 0,000, Error: 0,0000 s
abr 04, 2013 12:33:14 PM org.ros.time.RemoteUptimeClock update
INFO: Latency: 31,0000 s, Delta ratio: 0,5000, Drift: 2,000, Error reduction coefficient: 0,000, Error: 0,0000 s
abr 04, 2013 12:33:14 PM org.ros.time.RemoteUptimeClock update
INFO: Latency: 31,0000 s, Delta ratio: 0,5000, Drift: 2,000, Error reduction coefficient: 0,000, Error: 0,0000 s
abr 04, 2013 12:33:14 PM org.ros.time.RemoteUptimeClock update
INFO: Latency: 31,0000 s, Delta ratio: 0,5000, Drift: 2,000, Error reduction coefficient: 0,000, Error: 0,0000 s
abr 04, 2013 12:33:14 PM org.ros.time.RemoteUptimeClock update
INFO: Latency: 31,0000 s, Delta ratio: 0,5000, Drift: 2,000, Error reduction coefficient: 0,000, Error: 0,0000 s
abr 04, 2013 12:33:14 PM org.ros.time.RemoteUptimeClock update
INFO: Latency: 31,0000 s, Delta ratio: 0,5000, Drift: 2,000, Error reduction coefficient: 0,000, Error: 0,0000 s
abr 04, 2013 12:33:14 PM org.ros.time.RemoteUptimeClock update
INFO: Latency: 31,0000 s, Delta ratio: 0,5000, Drift: 2,000, Error reduction coefficient: 0,000, Error: 0,0000 s
abr 04, 2013 12:33:14 PM org.ros.time.RemoteUptimeClock update
INFO: Latency: 31,0000 s, Delta ratio: 0,5000, Drift: 2,000, Error reduction coefficient: 0,000, Error: 0,0000 s
abr 04, 2013 12:33:14 PM org.ros.time.RemoteUptimeClock update
INFO: Latency: 31,0000 s, Delta ratio: 0,5000, Drift: 2,000, Error reduction coefficient: 0,000, Error: 0,0000 s
abr 04, 2013 12:33:14 PM org.ros.time.RemoteUptimeClock update
INFO: Latency: 31,0000 s, Delta ratio: 0,5000, Drift: 2,000, Error reduction coefficient: 0,000, Error: 0,0000 s
abr 04, 2013 12:33:14 PM org.ros.time.RemoteUptimeClock update
INFO: Latency: 31,0000 s, Delta ratio: 0,5000, Drift: 2,000, Error reduction coefficient: 0,000, Error: 0,0000 s
abr 04, 2013 12:33:14 PM org.ros.time.RemoteUptimeClock update
INFO: Latency: 31,0000 s, Delta ratio: 0,5000, Drift: 2,000, Error reduction coefficient: 0,000, Error: 0,0000 s
abr 04, 2013 12:33:14 PM org.ros.time.RemoteUptimeClock update
INFO: Latency: 31,0000 s, Delta ratio: 0,5000, Drift: 2,000, Error reduction coefficient: 0,000, Error: 0,0000 s
abr 04, 2013 12:33:14 PM org.ros.time.RemoteUptimeClock update
INFO: Latency: 31,0000 s, Delta ratio: 0,5000, Drift: 2,000, Error reduction coefficient: 0,000, Error: 0,0000 s
abr 04, 2013 12:33:14 PM org.ros.time.RemoteUptimeClock update
INFO: Latency: 31,0000 s, Delta ratio: 0,5000, Drift: 2,000, Error reduction coefficient: 0,000, Error: 0,0000 s
abr 04, 2013 12:33:14 PM org.ros.time.RemoteUptimeClock update
INFO: Latency: 31,0000 s, Delta ratio: 0,5000, Drift: 2,000, Error reduction coefficient: 0,000, Error: 0,0000 s
abr 04, 2013 12:33:14 PM org.ros.time.RemoteUptimeClock update
INFO: Latency: 31,0000 s, Delta ratio: 0,5000, Drift: 2,000, Error reduction coefficient: 0,000, Error: 0,0000 s
abr 04, 2013 12:33:14 PM org.ros.time.RemoteUptimeClock update
INFO: Latency: 31,0000 s, Delta ratio: 0,5000, Drift: 2,000, Error reduction coefficient: 0,000, Error: 0,0000 s
abr 04, 2013 12:33:14 PM org.ros.time.RemoteUptimeClock update
INFO: Latency: 31,0000 s, Delta ratio: 0,5000, Drift: 2,000, Error reduction coefficient: 0,000, Error: 0,0000 s
abr 04, 2013 12:33:14 PM org.ros.time.RemoteUptimeClock update
INFO: Latency: 31,0000 s, Delta ratio: 0,5000, Drift: 2,000, Error reduction coefficient: 0,000, Error: 0,0000 s
abr 04, 2013 12:33:14 PM org.ros.time.RemoteUptimeClock update
INFO: Latency: 31,0000 s, Delta ratio: 0,5000, Drift: 2,000, Error reduction coefficient: 0,000, Error: 0,0000 s
abr 04, 2013 12:33:14 PM org.ros.time.RemoteUptimeClock update
INFO: Latency: 31,0000 s, Delta ratio: 0,5000, Drift: 2,000, Error reduction coefficient: 0,000, Error: 0,0000 s
abr 04, 2013 12:33:14 PM org.ros.time.RemoteUptimeClock update
INFO: Latency: 31,0000 s, Delta ratio: 0,5000, Drift: 2,000, Error reduction coefficient: 0,000, Error: 0,0000 s
abr 04, 2013 12:33:14 PM org.ros.time.RemoteUptimeClock update
INFO: Latency: 31,0000 s, Delta ratio: 0,5000, Drift: 2,000, Error reduction coefficient: 0,000, Error: 0,0000 s
abr 04, 2013 12:33:14 PM org.ros.time.RemoteUptimeClock update
INFO: Latency: 31,0000 s, Delta ratio: 0,5000, Drift: 2,000, Error reduction coefficient: 0,000, Error: 0,0000 s
abr 04, 2013 12:33:14 PM org.ros.time.RemoteUptimeClock update
INFO: Latency: 31,0000 s, Delta ratio: 0,5000, Drift: 2,000, Error reduction coefficient: 0,000, Error: 0,0000 s
abr 04, 2013 12:33:14 PM org.ros.time.RemoteUptimeClock update
INFO: Latency: 31,0000 s, Delta ratio: 0,5000, Drift: 2,000, Error reduction coefficient: 0,000, Error: 0,0000 s
abr 04, 2013 12:33:14 PM org.ros.time.RemoteUptimeClock update
INFO: Latency: 31,0000 s, Delta ratio: 0,5000, Drift: 2,000, Error reduction coefficient: 0,000, Error: 0,0000 s
abr 04, 2013 12:33:14 PM org.ros.time.RemoteUptimeClock update
INFO: Latency: 31,0000 s, Delta ratio: 0,5000, Drift: 2,000, Error reduction coefficient: 0,000, Error: 0,0000 s
abr 04, 2013 12:33:14 PM org.ros.time.RemoteUptimeClock update
INFO: Latency: 31,0000 s, Delta ratio: 0,5000, Drift: 2,000, Error reduction coefficient: 0,000, Error: 0,0000 s
abr 04, 2013 12:33:14 PM org.ros.time.RemoteUptimeClock update
INFO: Latency: 31,0000 s, Delta ratio: 0,5000, Drift: 2,000, Error reduction coefficient: 0,000, Error: 0,0000 s
abr 04, 2013 12:33:14 PM org.ros.time.RemoteUptimeClock update
INFO: Latency: 31,0000 s, Delta ratio: 0,5000, Drift: 2,000, Error reduction coefficient: 0,000, Error: 0,0000 s
abr 04, 2013 12:33:14 PM org.ros.time.RemoteUptimeClock update
INFO: Latency: 31,0000 s, Delta ratio: 0,5000, Drift: 2,000, Error reduction coefficient: 0,000, Error: 0,0000 s
abr 04, 2013 12:33:14 PM org.ros.time.RemoteUptimeClock update
INFO: Latency: 31,0000 s, Delta ratio: 0,5000, Drift: 2,000, Error reduction coefficient: 0,000, Error: 0,0000 s
abr 04, 2013 12:33:14 PM org.ros.time.RemoteUptimeClock update
INFO: Latency: 31,0000 s, Delta ratio: 0,5000, Drift: 2,000, Error reduction coefficient: 0,000, Error: 0,0000 s
abr 04, 2013 12:33:14 PM org.ros.time.RemoteUptimeClock update
INFO: Latency: 31,0000 s, Delta ratio: 0,5000, Drift: 2,000, Error reduction coefficient: 0,000, Error: 0,0000 s
abr 04, 2013 12:33:14 PM org.ros.time.RemoteUptimeClock update
INFO: Latency: 31,0000 s, Delta ratio: 0,5000, Drift: 2,000, Error reduction coefficient: 0,000, Error: 0,0000 s
abr 04, 2013 12:33:14 PM org.ros.time.RemoteUptimeClock update
INFO: Latency: 31,0000 s, Delta ratio: 0,5000, Drift: 2,000, Error reduction coefficient: 0,000, Error: 0,0000 s
abr 04, 2013 12:33:14 PM org.ros.time.RemoteUptimeClock update
INFO: Latency: 31,0000 s, Delta ratio: 0,5000, Drift: 2,000, Error reduction coefficient: 0,000, Error: 0,0000 s
abr 04, 2013 12:33:14 PM org.ros.time.RemoteUptimeClock update
INFO: Latency: 31,0000 s, Delta ratio: 0,5000, Drift: 2,000, Error reduction coefficient: 0,000, Error: 0,0000 s
abr 04, 2013 12:33:14 PM org.ros.time.RemoteUptimeClock update
INFO: Latency: 31,0000 s, Delta ratio: 0,5000, Drift: 2,000, Error reduction coefficient: 0,000, Error: 0,0000 s
abr 04, 2013 12:33:14 PM org.ros.time.RemoteUptimeClock update
INFO: Latency: 31,0000 s, Delta ratio: 0,5000, Drift: 2,000, Error reduction coefficient: 0,000, Error: 0,0000 s
abr 04, 2013 12:33:14 PM org.ros.time.RemoteUptimeClock update
INFO: Latency: 31,0000 s, Delta ratio: 0,5000, Drift: 2,000, Error reduction coefficient: 0,000, Error: 0,0000 s
abr 04, 2013 12:33:14 PM org.ros.time.RemoteUptimeClock update
INFO: Latency: 31,0000 s, Delta ratio: 0,5000, Drift: 2,000, Error reduction coefficient: 0,000, Error: 0,0000 s
abr 04, 2013 12:33:14 PM org.ros.time.RemoteUptimeClock update
INFO: Latency: 31,0000 s, Delta ratio: 0,5000, Drift: 2,000, Error reduction coefficient: 0,000, Error: 0,0000 s
abr 04, 2013 12:33:14 PM org.ros.time.RemoteUptimeClock update
INFO: Latency: 31,0000 s, Delta ratio: 0,5000, Drift: 2,000, Error reduction coefficient: 0,000, Error: 0,0000 s
abr 04, 2013 12:33:14 PM org.ros.time.RemoteUptimeClock update
INFO: Latency: 31,0000 s, Delta ratio: 0,5000, Drift: 2,000, Error reduction coefficient: 0,000, Error: 0,0000 s
abr 04, 2013 12:33:14 PM org.ros.time.RemoteUptimeClock update
INFO: Latency: 31,0000 s, Delta ratio: 0,5000, Drift: 2,000, Error reduction coefficient: 0,000, Error: 0,0000 s
abr 04, 2013 12:33:14 PM org.ros.time.RemoteUptimeClock update
INFO: Latency: 31,0000 s, Delta ratio: 0,5000, Drift: 2,000, Error reduction coefficient: 0,000, Error: 0,0000 s
abr 04, 2013 12:33:14 PM org.ros.time.RemoteUptimeClock update
INFO: Latency: 31,0000 s, Delta ratio: 0,5000, Drift: 2,000, Error reduction coefficient: 0,000, Error: 0,0000 s
abr 04, 2013 12:33:14 PM org.ros.time.RemoteUptimeClock update
INFO: Latency: 31,0000 s, Delta ratio: 0,5000, Drift: 2,000, Error reduction coefficient: 0,000, Error: 0,0000 s
abr 04, 2013 12:33:14 PM org.ros.time.RemoteUptimeClock update
INFO: Latency: 31,0000 s, Delta ratio: 0,5000, Drift: 2,000, Error reduction coefficient: 0,000, Error: 0,0000 s
abr 04, 2013 12:33:14 PM org.ros.time.RemoteUptimeClock update
INFO: Latency: 31,0000 s, Delta ratio: 0,5000, Drift: 2,000, Error reduction coefficient: 0,000, Error: 0,0000 s
abr 04, 2013 12:33:14 PM org.ros.time.RemoteUptimeClock update
INFO: Latency: 31,0000 s, Delta ratio: 0,5000, Drift: 2,000, Error reduction coefficient: 0,000, Error: 0,0000 s
abr 04, 2013 12:33:14 PM org.ros.time.RemoteUptimeClock update
INFO: Latency: 31,0000 s, Delta ratio: 0,5000, Drift: 2,000, Error reduction coefficient: 0,000, Error: 0,0000 s
abr 04, 2013 12:33:14 PM org.ros.time.RemoteUptimeClock update
INFO: Latency: 31,0000 s, Delta ratio: 0,5000, Drift: 2,000, Error reduction coefficient: 0,000, Error: 0,0000 s
abr 04, 2013 12:33:14 PM org.ros.time.RemoteUptimeClock update
INFO: Latency: 31,0000 s, Delta ratio: 0,5000, Drift: 2,000, Error reduction coefficient: 0,000, Error: 0,0000 s
abr 04, 2013 12:33:14 PM org.ros.time.RemoteUptimeClock update
INFO: Latency: 31,0000 s, Delta ratio: 0,5000, Drift: 2,000, Error reduction coefficient: 0,000, Error: 0,0000 s
abr 04, 2013 12:33:14 PM org.ros.time.RemoteUptimeClock update
INFO: Latency: 31,0000 s, Delta ratio: 0,5000, Drift: 2,000, Error reduction coefficient: 0,000, Error: 0,0000 s
abr 04, 2013 12:33:14 PM org.ros.time.RemoteUptimeClock update
INFO: Latency: 31,0000 s, Delta ratio: 0,5000, Drift: 2,000, Error reduction coefficient: 0,000, Error: 0,0000 s
abr 04, 2013 12:33:14 PM org.ros.time.RemoteUptimeClock update
INFO: Latency: 31,0000 s, Delta ratio: 0,5000, Drift: 2,000, Error reduction coefficient: 0,000, Error: 0,0000 s
abr 04, 2013 12:33:14 PM org.ros.time.RemoteUptimeClock update
INFO: Latency: 31,0000 s, Delta ratio: 0,5000, Drift: 2,000, Error reduction coefficient: 0,000, Error: 0,0000 s
abr 04, 2013 12:33:14 PM org.ros.time.RemoteUptimeClock update
INFO: Latency: 31,0000 s, Delta ratio: 0,5000, Drift: 2,000, Error reduction coefficient: 0,000, Error: 0,0000 s
abr 04, 2013 12:33:14 PM org.ros.time.RemoteUptimeClock update
INFO: Latency: 31,0000 s, Delta ratio: 0,5000, Drift: 2,000, Error reduction coefficient: 0,000, Error: 0,0000 s
abr 04, 2013 12:33:14 PM org.ros.time.RemoteUptimeClock update
INFO: Latency: 31,0000 s, Delta ratio: 0,5000, Drift: 2,000, Error reduction coefficient: 0,000, Error: 0,0000 s
abr 04, 2013 12:33:14 PM org.ros.time.RemoteUptimeClock update
INFO: Latency: 31,0000 s, Delta ratio: 0,5000, Drift: 2,000, Error reduction coefficient: 0,000, Error: 0,0000 s
abr 04, 2013 12:33:14 PM org.ros.time.RemoteUptimeClock update
INFO: Latency: 31,0000 s, Delta ratio: 0,5000, Drift: 2,000, Error reduction coefficient: 0,000, Error: 0,0000 s
abr 04, 2013 12:33:14 PM org.ros.time.RemoteUptimeClock update
INFO: Latency: 31,0000 s, Delta ratio: 0,5000, Drift: 2,000, Error reduction coefficient: 0,000, Error: 0,0000 s
abr 04, 2013 12:33:14 PM org.ros.time.RemoteUptimeClock update
INFO: Latency: 31,0000 s, Delta ratio: 0,5000, Drift: 2,000, Error reduction coefficient: 0,000, Error: 0,0000 s
abr 04, 2013 12:33:14 PM org.ros.time.RemoteUptimeClock update
INFO: Latency: 31,0000 s, Delta ratio: 0,5000, Drift: 2,000, Error reduction coefficient: 0,000, Error: 0,0000 s
abr 04, 2013 12:33:14 PM org.ros.time.RemoteUptimeClock update
INFO: Latency: 31,0000 s, Delta ratio: 0,5000, Drift: 2,000, Error reduction coefficient: 0,000, Error: 0,0000 s
abr 04, 2013 12:33:14 PM org.ros.time.RemoteUptimeClock update
INFO: Latency: 31,0000 s, Delta ratio: 0,5000, Drift: 2,000, Error reduction coefficient: 0,000, Error: 0,0000 s
abr 04, 2013 12:33:14 PM org.ros.time.RemoteUptimeClock update
INFO: Latency: 31,0000 s, Delta ratio: 0,5000, Drift: 2,000, Error reduction coefficient: 0,000, Error: 0,0000 s
abr 04, 2013 12:33:14 PM org.ros.time.RemoteUptimeClock update
INFO: Latency: 31,0000 s, Delta ratio: 0,5000, Drift: 2,000, Error reduction coefficient: 0,000, Error: 0,0000 s
abr 04, 2013 12:33:14 PM org.ros.time.RemoteUptimeClock update
INFO: Latency: 31,0000 s, Delta ratio: 0,5000, Drift: 2,000, Error reduction coefficient: 0,000, Error: 0,0000 s
abr 04, 2013 12:33:14 PM org.ros.time.RemoteUptimeClock update
INFO: Latency: 31,0000 s, Delta ratio: 0,5000, Drift: 2,000, Error reduction coefficient: 0,000, Error: 0,0000 s
abr 04, 2013 12:33:14 PM org.ros.time.RemoteUptimeClock update
INFO: Latency: 31,0000 s, Delta ratio: 0,5000, Drift: 2,000, Error reduction coefficient: 0,000, Error: 0,0000 s
abr 04, 2013 12:33:14 PM org.ros.time.RemoteUptimeClock update
INFO: Latency: 31,0000 s, Delta ratio: 0,5000, Drift: 2,000, Error reduction coefficient: 0,000, Error: 0,0000 s
abr 04, 2013 12:33:14 PM org.ros.time.RemoteUptimeClock update
INFO: Latency: 31,0000 s, Delta ratio: 0,5000, Drift: 2,000, Error reduction coefficient: 0,000, Error: 0,0000 s
abr 04, 2013 12:33:14 PM org.ros.time.RemoteUptimeClock update
INFO: Latency: 31,0000 s, Delta ratio: 0,5000, Drift: 2,000, Error reduction coefficient: 0,000, Error: 0,0000 s
abr 04, 2013 12:33:14 PM org.ros.time.RemoteUptimeClock update
INFO: Latency: 31,0000 s, Delta ratio: 0,5000, Drift: 2,000, Error reduction coefficient: 0,000, Error: 0,0000 s
abr 04, 2013 12:33:14 PM org.ros.time.RemoteUptimeClock update
INFO: Latency: 31,0000 s, Delta ratio: 0,5000, Drift: 2,000, Error reduction coefficient: 0,000, Error: 0,0000 s
abr 04, 2013 12:33:14 PM org.ros.time.RemoteUptimeClock update
INFO: Latency: 31,0000 s, Delta ratio: 0,5000, Drift: 2,000, Error reduction coefficient: 0,000, Error: 0,0000 s
abr 04, 2013 12:33:14 PM org.ros.time.RemoteUptimeClock update
INFO: Latency: 31,0000 s, Delta ratio: 0,5000, Drift: 2,000, Error reduction coefficient: 0,000, Error: 0,0000 s
abr 04, 2013 12:33:14 PM org.ros.time.RemoteUptimeClock update
INFO: Latency: 31,0000 s, Delta ratio: 0,5000, Drift: 2,000, Error reduction coefficient: 0,000, Error: 0,0000 s
abr 04, 2013 12:33:14 PM org.ros.time.RemoteUptimeClock update
INFO: Latency: 31,0000 s, Delta ratio: 0,5000, Drift: 2,000, Error reduction coefficient: 0,000, Error: 0,0000 s
abr 04, 2013 12:33:14 PM org.ros.time.RemoteUptimeClock update
INFO: Latency: 31,0000 s, Delta ratio: 0,5000, Drift: 2,000, Error reduction coefficient: 0,000, Error: 0,0000 s
abr 04, 2013 12:33:14 PM org.ros.time.RemoteUptimeClock update
INFO: Latency: 31,0000 s, Delta ratio: 0,5000, Drift: 2,000, Error reduction coefficient: 0,000, Error: 0,0000 s
abr 04, 2013 12:33:14 PM org.ros.time.RemoteUptimeClock update
INFO: Latency: 31,0000 s, Delta ratio: 0,5000, Drift: 2,000, Error reduction coefficient: 0,000, Error: 0,0000 s
abr 04, 2013 12:33:14 PM org.ros.time.RemoteUptimeClock update
INFO: Latency: 31,0000 s, Delta ratio: 0,5000, Drift: 2,000, Error reduction coefficient: 0,000, Error: 0,0000 s
abr 04, 2013 12:33:14 PM org.ros.time.RemoteUptimeClock update
INFO: Latency: 31,0000 s, Delta ratio: 0,5000, Drift: 2,000, Error reduction coefficient: 0,000, Error: 0,0000 s
abr 04, 2013 12:33:14 PM org.ros.time.RemoteUptimeClock update
INFO: Latency: 31,0000 s, Delta ratio: 0,5000, Drift: 2,000, Error reduction coefficient: 0,000, Error: 0,0000 s
abr 04, 2013 12:33:14 PM org.ros.time.RemoteUptimeClock update
INFO: Latency: 31,0000 s, Delta ratio: 0,5000, Drift: 2,000, Error reduction coefficient: 0,000, Error: 0,0000 s
abr 04, 2013 12:33:14 PM org.ros.time.RemoteUptimeClock update
INFO: Latency: 31,0000 s, Delta ratio: 0,5000, Drift: 2,000, Error reduction coefficient: 0,000, Error: 0,0000 s
abr 04, 2013 12:33:14 PM org.ros.time.RemoteUptimeClock update
INFO: Latency: 31,0000 s, Delta ratio: 0,5000, Drift: 2,000, Error reduction coefficient: 0,000, Error: 0,0000 s
abr 04, 2013 12:33:14 PM org.ros.time.RemoteUptimeClock update
INFO: Latency: 31,0000 s, Delta ratio: 0,5000, Drift: 2,000, Error reduction coefficient: 0,000, Error: 0,0000 s
abr 04, 2013 12:33:14 PM org.ros.time.RemoteUptimeClock update
INFO: Latency: 31,0000 s, Delta ratio: 0,5000, Drift: 2,000, Error reduction coefficient: 0,000, Error: 0,0000 s
abr 04, 2013 12:33:14 PM org.ros.time.RemoteUptimeClock update
INFO: Latency: 31,0000 s, Delta ratio: 0,5000, Drift: 2,000, Error reduction coefficient: 0,000, Error: 0,0000 s
abr 04, 2013 12:33:14 PM org.ros.time.RemoteUptimeClock update
INFO: Latency: 31,0000 s, Delta ratio: 0,5000, Drift: 2,000, Error reduction coefficient: 0,000, Error: 0,0000 s
abr 04, 2013 12:33:14 PM org.ros.time.RemoteUptimeClock update
INFO: Latency: 31,0000 s, Delta ratio: 0,5000, Drift: 2,000, Error reduction coefficient: 0,000, Error: 0,0000 s
abr 04, 2013 12:33:14 PM org.ros.time.RemoteUptimeClock update
INFO: Latency: 31,0000 s, Delta ratio: 0,5000, Drift: 2,000, Error reduction coefficient: 0,000, Error: 0,0000 s
abr 04, 2013 12:33:14 PM org.ros.time.RemoteUptimeClock update
INFO: Latency: 31,0000 s, Delta ratio: 0,5000, Drift: 2,000, Error reduction coefficient: 0,000, Error: 0,0000 s
abr 04, 2013 12:33:14 PM org.ros.time.RemoteUptimeClock update
INFO: Latency: 31,0000 s, Delta ratio: 0,5000, Drift: 2,000, Error reduction coefficient: 0,000, Error: 0,0000 s
abr 04, 2013 12:33:14 PM org.ros.time.RemoteUptimeClock update
INFO: Latency: 31,0000 s, Delta ratio: 0,5000, Drift: 2,000, Error reduction coefficient: 0,000, Error: 0,0000 s
abr 04, 2013 12:33:14 PM org.ros.time.RemoteUptimeClock update
INFO: Latency: 31,0000 s, Delta ratio: 0,5000, Drift: 2,000, Error reduction coefficient: 0,000, Error: 0,0000 s
abr 04, 2013 12:33:14 PM org.ros.time.RemoteUptimeClock update
INFO: Latency: 31,0000 s, Delta ratio: 0,5000, Drift: 2,000, Error reduction coefficient: 0,000, Error: 0,0000 s
abr 04, 2013 12:33:14 PM org.ros.time.RemoteUptimeClock update
INFO: Latency: 31,0000 s, Delta ratio: 0,5000, Drift: 2,000, Error reduction coefficient: 0,000, Error: 0,0000 s
abr 04, 2013 12:33:14 PM org.ros.time.RemoteUptimeClock update
INFO: Latency: 31,0000 s, Delta ratio: 0,5000, Drift: 2,000, Error reduction coefficient: 0,000, Error: 0,0000 s
abr 04, 2013 12:33:14 PM org.ros.time.RemoteUptimeClock update
INFO: Latency: 31,0000 s, Delta ratio: 0,5000, Drift: 2,000, Error reduction coefficient: 0,000, Error: 0,0000 s
abr 04, 2013 12:33:14 PM org.ros.time.RemoteUptimeClock update
INFO: Latency: 31,0000 s, Delta ratio: 0,5000, Drift: 2,000, Error reduction coefficient: 0,000, Error: 0,0000 s
abr 04, 2013 12:33:14 PM org.ros.time.RemoteUptimeClock update
INFO: Latency: 31,0000 s, Delta ratio: 0,5000, Drift: 2,000, Error reduction coefficient: 0,000, Error: 0,0000 s
abr 04, 2013 12:33:14 PM org.ros.time.RemoteUptimeClock update
INFO: Latency: 31,0000 s, Delta ratio: 0,5000, Drift: 2,000, Error reduction coefficient: 0,000, Error: 0,0000 s
abr 04, 2013 12:33:14 PM org.ros.time.RemoteUptimeClock update
INFO: Latency: 31,0000 s, Delta ratio: 0,5000, Drift: 2,000, Error reduction coefficient: 0,000, Error: 0,0000 s
abr 04, 2013 12:33:14 PM org.ros.time.RemoteUptimeClock update
INFO: Latency: 31,0000 s, Delta ratio: 0,5000, Drift: 2,000, Error reduction coefficient: 0,000, Error: 0,0000 s
abr 04, 2013 12:33:14 PM org.ros.time.RemoteUptimeClock update
INFO: Latency: 31,0000 s, Delta ratio: 0,5000, Drift: 2,000, Error reduction coefficient: 0,000, Error: 0,0000 s
abr 04, 2013 12:33:14 PM org.ros.time.RemoteUptimeClock update
INFO: Latency: 31,0000 s, Delta ratio: 0,5000, Drift: 2,000, Error reduction coefficient: 0,000, Error: 0,0000 s
abr 04, 2013 12:33:14 PM org.ros.time.RemoteUptimeClock update
INFO: Latency: 31,0000 s, Delta ratio: 0,5000, Drift: 2,000, Error reduction coefficient: 0,000, Error: 0,0000 s
abr 04, 2013 12:33:14 PM org.ros.time.RemoteUptimeClock update
INFO: Latency: 31,0000 s, Delta ratio: 0,5000, Drift: 2,000, Error reduction coefficient: 0,000, Error: 0,0000 s
abr 04, 2013 12:33:14 PM org.ros.time.RemoteUptimeClock update
INFO: Latency: 31,0000 s, Delta ratio: 0,5000, Drift: 2,000, Error reduction coefficient: 0,000, Error: 0,0000 s
abr 04, 2013 12:33:14 PM org.ros.time.RemoteUptimeClock update
INFO: Latency: 31,0000 s, Delta ratio: 0,5000, Drift: 2,000, Error reduction coefficient: 0,000, Error: 0,0000 s
abr 04, 2013 12:33:14 PM org.ros.time.RemoteUptimeClock update
INFO: Latency: 31,0000 s, Delta ratio: 0,5000, Drift: 2,000, Error reduction coefficient: 0,000, Error: 0,0000 s
abr 04, 2013 12:33:14 PM org.ros.time.RemoteUptimeClock update
INFO: Latency: 31,0000 s, Delta ratio: 0,5000, Drift: 2,000, Error reduction coefficient: 0,000, Error: 0,0000 s
abr 04, 2013 12:33:14 PM org.ros.time.RemoteUptimeClock update
INFO: Latency: 31,0000 s, Delta ratio: 0,5000, Drift: 2,000, Error reduction coefficient: 0,000, Error: 0,0000 s
abr 04, 2013 12:33:14 PM org.ros.time.RemoteUptimeClock update
INFO: Latency: 31,0000 s, Delta ratio: 0,5000, Drift: 2,000, Error reduction coefficient: 0,000, Error: 0,0000 s
abr 04, 2013 12:33:14 PM org.ros.time.RemoteUptimeClock update
INFO: Latency: 31,0000 s, Delta ratio: 0,5000, Drift: 2,000, Error reduction coefficient: 0,000, Error: 0,0000 s
abr 04, 2013 12:33:14 PM org.ros.time.RemoteUptimeClock update
INFO: Latency: 31,0000 s, Delta ratio: 0,5000, Drift: 2,000, Error reduction coefficient: 0,000, Error: 0,0000 s
abr 04, 2013 12:33:14 PM org.ros.time.RemoteUptimeClock update
INFO: Latency: 31,0000 s, Delta ratio: 0,5000, Drift: 2,000, Error reduction coefficient: 0,000, Error: 0,0000 s
abr 04, 2013 12:33:14 PM org.ros.time.RemoteUptimeClock update
INFO: Latency: 31,0000 s, Delta ratio: 0,5000, Drift: 2,000, Error reduction coefficient: 0,000, Error: 0,0000 s
abr 04, 2013 12:33:14 PM org.ros.time.RemoteUptimeClock update
INFO: Latency: 31,0000 s, Delta ratio: 0,5000, Drift: 2,000, Error reduction coefficient: 0,000, Error: 0,0000 s
abr 04, 2013 12:33:14 PM org.ros.time.RemoteUptimeClock update
INFO: Latency: 31,0000 s, Delta ratio: 0,5000, Drift: 2,000, Error reduction coefficient: 0,000, Error: 0,0000 s
abr 04, 2013 12:33:14 PM org.ros.time.RemoteUptimeClock update
INFO: Latency: 31,0000 s, Delta ratio: 0,5000, Drift: 2,000, Error reduction coefficient: 0,000, Error: 0,0000 s
abr 04, 2013 12:33:14 PM org.ros.time.RemoteUptimeClock update
INFO: Latency: 31,0000 s, Delta ratio: 0,5000, Drift: 2,000, Error reduction coefficient: 0,000, Error: 0,0000 s
abr 04, 2013 12:33:14 PM org.ros.time.RemoteUptimeClock update
INFO: Latency: 31,0000 s, Delta ratio: 0,5000, Drift: 2,000, Error reduction coefficient: 0,000, Error: 0,0000 s
abr 04, 2013 12:33:14 PM org.ros.time.RemoteUptimeClock update
INFO: Latency: 31,0000 s, Delta ratio: 0,5000, Drift: 2,000, Error reduction coefficient: 0,000, Error: 0,0000 s
abr 04, 2013 12:33:14 PM org.ros.time.RemoteUptimeClock update
INFO: Latency: 31,0000 s, Delta ratio: 0,5000, Drift: 2,000, Error reduction coefficient: 0,000, Error: 0,0000 s
abr 04, 2013 12:33:14 PM org.ros.time.RemoteUptimeClock update
INFO: Latency: 31,0000 s, Delta ratio: 0,5000, Drift: 2,000, Error reduction coefficient: 0,000, Error: 0,0000 s
abr 04, 2013 12:33:14 PM org.ros.time.RemoteUptimeClock update
INFO: Latency: 31,0000 s, Delta ratio: 0,5000, Drift: 2,000, Error reduction coefficient: 0,000, Error: 0,0000 s
abr 04, 2013 12:33:14 PM org.ros.time.RemoteUptimeClock update
INFO: Latency: 31,0000 s, Delta ratio: 0,5000, Drift: 2,000, Error reduction coefficient: 0,000, Error: 0,0000 s
abr 04, 2013 12:33:14 PM org.ros.time.RemoteUptimeClock update
INFO: Latency: 31,0000 s, Delta ratio: 0,5000, Drift: 2,000, Error reduction coefficient: 0,000, Error: 0,0000 s
abr 04, 2013 12:33:14 PM org.ros.time.RemoteUptimeClock update
INFO: Latency: 31,0000 s, Delta ratio: 0,5000, Drift: 2,000, Error reduction coefficient: 0,000, Error: 0,0000 s
abr 04, 2013 12:33:14 PM org.ros.time.RemoteUptimeClock update
INFO: Latency: 31,0000 s, Delta ratio: 0,5000, Drift: 2,000, Error reduction coefficient: 0,000, Error: 0,0000 s
abr 04, 2013 12:33:14 PM org.ros.time.RemoteUptimeClock update
INFO: Latency: 31,0000 s, Delta ratio: 0,5000, Drift: 2,000, Error reduction coefficient: 0,000, Error: 0,0000 s
abr 04, 2013 12:33:14 PM org.ros.time.RemoteUptimeClock update
INFO: Latency: 31,0000 s, Delta ratio: 0,5000, Drift: 2,000, Error reduction coefficient: 0,000, Error: 0,0000 s
abr 04, 2013 12:33:14 PM org.ros.time.RemoteUptimeClock update
INFO: Latency: 31,0000 s, Delta ratio: 0,5000, Drift: 2,000, Error reduction coefficient: 0,000, Error: 0,0000 s
abr 04, 2013 12:33:14 PM org.ros.time.RemoteUptimeClock update
INFO: Latency: 31,0000 s, Delta ratio: 0,5000, Drift: 2,000, Error reduction coefficient: 0,000, Error: 0,0000 s
abr 04, 2013 12:33:14 PM org.ros.time.RemoteUptimeClock update
INFO: Latency: 31,0000 s, Delta ratio: 0,5000, Drift: 2,000, Error reduction coefficient: 0,000, Error: 0,0000 s
abr 04, 2013 12:33:14 PM org.ros.time.RemoteUptimeClock update
INFO: Latency: 31,0000 s, Delta ratio: 0,5000, Drift: 2,000, Error reduction coefficient: 0,000, Error: 0,0000 s
abr 04, 2013 12:33:14 PM org.ros.time.RemoteUptimeClock update
INFO: Latency: 31,0000 s, Delta ratio: 0,5000, Drift: 2,000, Error reduction coefficient: 0,000, Error: 0,0000 s
abr 04, 2013 12:33:14 PM org.ros.time.RemoteUptimeClock update
INFO: Latency: 31,0000 s, Delta ratio: 0,5000, Drift: 2,000, Error reduction coefficient: 0,000, Error: 0,0000 s
abr 04, 2013 12:33:14 PM org.ros.time.RemoteUptimeClock update
INFO: Latency: 31,0000 s, Delta ratio: 0,5000, Drift: 2,000, Error reduction coefficient: 0,000, Error: 0,0000 s
abr 04, 2013 12:33:14 PM org.ros.time.RemoteUptimeClock update
INFO: Latency: 31,0000 s, Delta ratio: 0,5000, Drift: 2,000, Error reduction coefficient: 0,000, Error: 0,0000 s
abr 04, 2013 12:33:14 PM org.ros.time.RemoteUptimeClock update
INFO: Latency: 31,0000 s, Delta ratio: 0,5000, Drift: 2,000, Error reduction coefficient: 0,000, Error: 0,0000 s
abr 04, 2013 12:33:14 PM org.ros.time.RemoteUptimeClock update
INFO: Latency: 31,0000 s, Delta ratio: 0,5000, Drift: 2,000, Error reduction coefficient: 0,000, Error: 0,0000 s
abr 04, 2013 12:33:14 PM org.ros.time.RemoteUptimeClock update
INFO: Latency: 31,0000 s, Delta ratio: 0,5000, Drift: 2,000, Error reduction coefficient: 0,000, Error: 0,0000 s
abr 04, 2013 12:33:14 PM org.ros.time.RemoteUptimeClock update
INFO: Latency: 31,0000 s, Delta ratio: 0,5000, Drift: 2,000, Error reduction coefficient: 0,000, Error: 0,0000 s
abr 04, 2013 12:33:14 PM org.ros.time.RemoteUptimeClock update
INFO: Latency: 31,0000 s, Delta ratio: 0,5000, Drift: 2,000, Error reduction coefficient: 0,000, Error: 0,0000 s
abr 04, 2013 12:33:14 PM org.ros.time.RemoteUptimeClock update
INFO: Latency: 31,0000 s, Delta ratio: 0,5000, Drift: 2,000, Error reduction coefficient: 0,000, Error: 0,0000 s
abr 04, 2013 12:33:14 PM org.ros.time.RemoteUptimeClock update
INFO: Latency: 31,0000 s, Delta ratio: 0,5000, Drift: 2,000, Error reduction coefficient: 0,000, Error: 0,0000 s
abr 04, 2013 12:33:14 PM org.ros.time.RemoteUptimeClock update
INFO: Latency: 31,0000 s, Delta ratio: 0,5000, Drift: 2,000, Error reduction coefficient: 0,000, Error: 0,0000 s
abr 04, 2013 12:33:14 PM org.ros.time.RemoteUptimeClock update
INFO: Latency: 31,0000 s, Delta ratio: 0,5000, Drift: 2,000, Error reduction coefficient: 0,000, Error: 0,0000 s
abr 04, 2013 12:33:14 PM org.ros.time.RemoteUptimeClock update
INFO: Latency: 31,0000 s, Delta ratio: 0,5000, Drift: 2,000, Error reduction coefficient: 0,000, Error: 0,0000 s
abr 04, 2013 12:33:14 PM org.ros.time.RemoteUptimeClock update
INFO: Latency: 31,0000 s, Delta ratio: 0,5000, Drift: 2,000, Error reduction coefficient: 0,000, Error: 0,0000 s
abr 04, 2013 12:33:14 PM org.ros.time.RemoteUptimeClock update
INFO: Latency: 31,0000 s, Delta ratio: 0,5000, Drift: 2,000, Error reduction coefficient: 0,000, Error: 0,0000 s
abr 04, 2013 12:33:14 PM org.ros.time.RemoteUptimeClock update
INFO: Latency: 31,0000 s, Delta ratio: 0,5000, Drift: 2,000, Error reduction coefficient: 0,000, Error: 0,0000 s
abr 04, 2013 12:33:14 PM org.ros.time.RemoteUptimeClock update
INFO: Latency: 31,0000 s, Delta ratio: 0,5000, Drift: 2,000, Error reduction coefficient: 0,000, Error: 0,0000 s
abr 04, 2013 12:33:14 PM org.ros.time.RemoteUptimeClock update
INFO: Latency: 31,0000 s, Delta ratio: 0,5000, Drift: 2,000, Error reduction coefficient: 0,000, Error: 0,0000 s
abr 04, 2013 12:33:14 PM org.ros.time.RemoteUptimeClock update
INFO: Latency: 31,0000 s, Delta ratio: 0,5000, Drift: 2,000, Error reduction coefficient: 0,000, Error: 0,0000 s
abr 04, 2013 12:33:14 PM org.ros.time.RemoteUptimeClock update
INFO: Latency: 31,0000 s, Delta ratio: 0,5000, Drift: 2,000, Error reduction coefficient: 0,000, Error: 0,0000 s
abr 04, 2013 12:33:14 PM org.ros.time.RemoteUptimeClock update
INFO: Latency: 31,0000 s, Delta ratio: 0,5000, Drift: 2,000, Error reduction coefficient: 0,000, Error: 0,0000 s
abr 04, 2013 12:33:14 PM org.ros.time.RemoteUptimeClock update
INFO: Latency: 31,0000 s, Delta ratio: 0,5000, Drift: 2,000, Error reduction coefficient: 0,000, Error: 0,0000 s
abr 04, 2013 12:33:14 PM org.ros.time.RemoteUptimeClock update
INFO: Latency: 31,0000 s, Delta ratio: 0,5000, Drift: 2,000, Error reduction coefficient: 0,000, Error: 0,0000 s
abr 04, 2013 12:33:14 PM org.ros.time.RemoteUptimeClock update
INFO: Latency: 31,0000 s, Delta ratio: 0,5000, Drift: 2,000, Error reduction coefficient: 0,000, Error: 0,0000 s
abr 04, 2013 12:33:14 PM org.ros.time.RemoteUptimeClock update
INFO: Latency: 31,0000 s, Delta ratio: 0,5000, Drift: 2,000, Error reduction coefficient: 0,000, Error: 0,0000 s
abr 04, 2013 12:33:14 PM org.ros.time.RemoteUptimeClock update
INFO: Latency: 31,0000 s, Delta ratio: 0,5000, Drift: 2,000, Error reduction coefficient: 0,000, Error: 0,0000 s
abr 04, 2013 12:33:14 PM org.ros.time.RemoteUptimeClock update
INFO: Latency: 31,0000 s, Delta ratio: 0,5000, Drift: 2,000, Error reduction coefficient: 0,000, Error: 0,0000 s
abr 04, 2013 12:33:14 PM org.ros.time.RemoteUptimeClock update
INFO: Latency: 31,0000 s, Delta ratio: 0,5000, Drift: 2,000, Error reduction coefficient: 0,000, Error: 0,0000 s
abr 04, 2013 12:33:14 PM org.ros.time.RemoteUptimeClock update
INFO: Latency: 31,0000 s, Delta ratio: 0,5000, Drift: 2,000, Error reduction coefficient: 0,000, Error: 0,0000 s
abr 04, 2013 12:33:14 PM org.ros.time.RemoteUptimeClock update
INFO: Latency: 31,0000 s, Delta ratio: 0,5000, Drift: 2,000, Error reduction coefficient: 0,000, Error: 0,0000 s
abr 04, 2013 12:33:14 PM org.ros.time.RemoteUptimeClock update
INFO: Latency: 31,0000 s, Delta ratio: 0,5000, Drift: 2,000, Error reduction coefficient: 0,000, Error: 0,0000 s
abr 04, 2013 12:33:14 PM org.ros.time.RemoteUptimeClock update
INFO: Latency: 31,0000 s, Delta ratio: 0,5000, Drift: 2,000, Error reduction coefficient: 0,000, Error: 0,0000 s
abr 04, 2013 12:33:14 PM org.ros.time.RemoteUptimeClock update
INFO: Latency: 31,0000 s, Delta ratio: 0,5000, Drift: 2,000, Error reduction coefficient: 0,000, Error: 0,0000 s
abr 04, 2013 12:33:14 PM org.ros.time.RemoteUptimeClock update
INFO: Latency: 31,0000 s, Delta ratio: 0,5000, Drift: 2,000, Error reduction coefficient: 0,000, Error: 0,0000 s
abr 04, 2013 12:33:14 PM org.ros.time.RemoteUptimeClock update
INFO: Latency: 31,0000 s, Delta ratio: 0,5000, Drift: 2,000, Error reduction coefficient: 0,000, Error: 0,0000 s
abr 04, 2013 12:33:14 PM org.ros.time.RemoteUptimeClock update
INFO: Latency: 31,0000 s, Delta ratio: 0,5000, Drift: 2,000, Error reduction coefficient: 0,000, Error: 0,0000 s
abr 04, 2013 12:33:14 PM org.ros.time.RemoteUptimeClock update
INFO: Latency: 31,0000 s, Delta ratio: 0,5000, Drift: 2,000, Error reduction coefficient: 0,000, Error: 0,0000 s
abr 04, 2013 12:33:14 PM org.ros.time.RemoteUptimeClock update
INFO: Latency: 31,0000 s, Delta ratio: 0,5000, Drift: 2,000, Error reduction coefficient: 0,000, Error: 0,0000 s
abr 04, 2013 12:33:14 PM org.ros.time.RemoteUptimeClock update
INFO: Latency: 31,0000 s, Delta ratio: 0,5000, Drift: 2,000, Error reduction coefficient: 0,000, Error: 0,0000 s
abr 04, 2013 12:33:14 PM org.ros.time.RemoteUptimeClock update
INFO: Latency: 31,0000 s, Delta ratio: 0,5000, Drift: 2,000, Error reduction coefficient: 0,000, Error: 0,0000 s
abr 04, 2013 12:33:14 PM org.ros.time.RemoteUptimeClock update
INFO: Latency: 31,0000 s, Delta ratio: 0,5000, Drift: 2,000, Error reduction coefficient: 0,000, Error: 0,0000 s
abr 04, 2013 12:33:14 PM org.ros.time.RemoteUptimeClock update
INFO: Latency: 31,0000 s, Delta ratio: 0,5000, Drift: 2,000, Error reduction coefficient: 0,000, Error: 0,0000 s
abr 04, 2013 12:33:14 PM org.ros.time.RemoteUptimeClock update
INFO: Latency: 31,0000 s, Delta ratio: 0,5000, Drift: 2,000, Error reduction coefficient: 0,000, Error: 0,0000 s
abr 04, 2013 12:33:14 PM org.ros.time.RemoteUptimeClock update
INFO: Latency: 31,0000 s, Delta ratio: 0,5000, Drift: 2,000, Error reduction coefficient: 0,000, Error: 0,0000 s
abr 04, 2013 12:33:14 PM org.ros.time.RemoteUptimeClock update
INFO: Latency: 31,0000 s, Delta ratio: 0,5000, Drift: 2,000, Error reduction coefficient: 0,000, Error: 0,0000 s
abr 04, 2013 12:33:14 PM org.ros.time.RemoteUptimeClock update
INFO: Latency: 31,0000 s, Delta ratio: 0,5000, Drift: 2,000, Error reduction coefficient: 0,000, Error: 0,0000 s
abr 04, 2013 12:33:14 PM org.ros.time.RemoteUptimeClock update
INFO: Latency: 31,0000 s, Delta ratio: 0,5000, Drift: 2,000, Error reduction coefficient: 0,000, Error: 0,0000 s
abr 04, 2013 12:33:14 PM org.ros.time.RemoteUptimeClock update
INFO: Latency: 31,0000 s, Delta ratio: 0,5000, Drift: 2,000, Error reduction coefficient: 0,000, Error: 0,0000 s
abr 04, 2013 12:33:14 PM org.ros.time.RemoteUptimeClock update
INFO: Latency: 31,0000 s, Delta ratio: 0,5000, Drift: 2,000, Error reduction coefficient: 0,000, Error: 0,0000 s
abr 04, 2013 12:33:14 PM org.ros.time.RemoteUptimeClock update
INFO: Latency: 31,0000 s, Delta ratio: 0,5000, Drift: 2,000, Error reduction coefficient: 0,000, Error: 0,0000 s
abr 04, 2013 12:33:14 PM org.ros.time.RemoteUptimeClock update
INFO: Latency: 31,0000 s, Delta ratio: 0,5000, Drift: 2,000, Error reduction coefficient: 0,000, Error: 0,0000 s
abr 04, 2013 12:33:14 PM org.ros.time.RemoteUptimeClock update
INFO: Latency: 31,0000 s, Delta ratio: 0,5000, Drift: 2,000, Error reduction coefficient: 0,000, Error: 0,0000 s
abr 04, 2013 12:33:14 PM org.ros.time.RemoteUptimeClock update
INFO: Latency: 31,0000 s, Delta ratio: 0,5000, Drift: 2,000, Error reduction coefficient: 0,000, Error: 0,0000 s
abr 04, 2013 12:33:14 PM org.ros.time.RemoteUptimeClock update
INFO: Latency: 31,0000 s, Delta ratio: 0,5000, Drift: 2,000, Error reduction coefficient: 0,000, Error: 0,0000 s
abr 04, 2013 12:33:14 PM org.ros.time.RemoteUptimeClock update
INFO: Latency: 31,0000 s, Delta ratio: 0,5000, Drift: 2,000, Error reduction coefficient: 0,000, Error: 0,0000 s
abr 04, 2013 12:33:14 PM org.ros.time.RemoteUptimeClock update
INFO: Latency: 31,0000 s, Delta ratio: 0,5000, Drift: 2,000, Error reduction coefficient: 0,000, Error: 0,0000 s
abr 04, 2013 12:33:14 PM org.ros.time.RemoteUptimeClock update
INFO: Latency: 31,0000 s, Delta ratio: 0,5000, Drift: 2,000, Error reduction coefficient: 0,000, Error: 0,0000 s
abr 04, 2013 12:33:14 PM org.ros.time.RemoteUptimeClock update
INFO: Latency: 31,0000 s, Delta ratio: 0,5000, Drift: 2,000, Error reduction coefficient: 0,000, Error: 0,0000 s
abr 04, 2013 12:33:14 PM org.ros.time.RemoteUptimeClock update
INFO: Latency: 31,0000 s, Delta ratio: 0,5000, Drift: 2,000, Error reduction coefficient: 0,000, Error: 0,0000 s
abr 04, 2013 12:33:14 PM org.ros.time.RemoteUptimeClock update
INFO: Latency: 31,0000 s, Delta ratio: 0,5000, Drift: 2,000, Error reduction coefficient: 0,000, Error: 0,0000 s
abr 04, 2013 12:33:14 PM org.ros.time.RemoteUptimeClock update
INFO: Latency: 31,0000 s, Delta ratio: 0,5000, Drift: 2,000, Error reduction coefficient: 0,000, Error: 0,0000 s
abr 04, 2013 12:33:14 PM org.ros.time.RemoteUptimeClock update
INFO: Latency: 31,0000 s, Delta ratio: 0,5000, Drift: 2,000, Error reduction coefficient: 0,000, Error: 0,0000 s
abr 04, 2013 12:33:14 PM org.ros.time.RemoteUptimeClock update
INFO: Latency: 31,0000 s, Delta ratio: 0,5000, Drift: 2,000, Error reduction coefficient: 0,000, Error: 0,0000 s
abr 04, 2013 12:33:14 PM org.ros.time.RemoteUptimeClock update
INFO: Latency: 31,0000 s, Delta ratio: 0,5000, Drift: 2,000, Error reduction coefficient: 0,000, Error: 0,0000 s
abr 04, 2013 12:33:14 PM org.ros.time.RemoteUptimeClock update
INFO: Latency: 31,0000 s, Delta ratio: 0,5000, Drift: 2,000, Error reduction coefficient: 0,000, Error: 0,0000 s
abr 04, 2013 12:33:14 PM org.ros.time.RemoteUptimeClock update
INFO: Latency: 31,0000 s, Delta ratio: 0,5000, Drift: 2,000, Error reduction coefficient: 0,000, Error: 0,0000 s
abr 04, 2013 12:33:14 PM org.ros.time.RemoteUptimeClock update
INFO: Latency: 31,0000 s, Delta ratio: 0,5000, Drift: 2,000, Error reduction coefficient: 0,000, Error: 0,0000 s
abr 04, 2013 12:33:14 PM org.ros.time.RemoteUptimeClock update
INFO: Latency: 31,0000 s, Delta ratio: 0,5000, Drift: 2,000, Error reduction coefficient: 0,000, Error: 0,0000 s
abr 04, 2013 12:33:14 PM org.ros.time.RemoteUptimeClock update
INFO: Latency: 31,0000 s, Delta ratio: 0,5000, Drift: 2,000, Error reduction coefficient: 0,000, Error: 0,0000 s
abr 04, 2013 12:33:14 PM org.ros.time.RemoteUptimeClock update
INFO: Latency: 31,0000 s, Delta ratio: 0,5000, Drift: 2,000, Error reduction coefficient: 0,000, Error: 0,0000 s
abr 04, 2013 12:33:14 PM org.ros.time.RemoteUptimeClock update
INFO: Latency: 31,0000 s, Delta ratio: 0,5000, Drift: 2,000, Error reduction coefficient: 0,000, Error: 0,0000 s
abr 04, 2013 12:33:14 PM org.ros.time.RemoteUptimeClock update
INFO: Latency: 31,0000 s, Delta ratio: 0,5000, Drift: 2,000, Error reduction coefficient: 0,000, Error: 0,0000 s
abr 04, 2013 12:33:14 PM org.ros.time.RemoteUptimeClock update
INFO: Latency: 31,0000 s, Delta ratio: 0,5000, Drift: 2,000, Error reduction coefficient: 0,000, Error: 0,0000 s
abr 04, 2013 12:33:14 PM org.ros.time.RemoteUptimeClock update
INFO: Latency: 31,0000 s, Delta ratio: 0,5000, Drift: 2,000, Error reduction coefficient: 0,000, Error: 0,0000 s
abr 04, 2013 12:33:14 PM org.ros.time.RemoteUptimeClock update
INFO: Latency: 31,0000 s, Delta ratio: 0,5000, Drift: 2,000, Error reduction coefficient: 0,000, Error: 0,0000 s
abr 04, 2013 12:33:14 PM org.ros.time.RemoteUptimeClock update
INFO: Latency: 31,0000 s, Delta ratio: 0,5000, Drift: 2,000, Error reduction coefficient: 0,000, Error: 0,0000 s
abr 04, 2013 12:33:14 PM org.ros.time.RemoteUptimeClock update
INFO: Latency: 31,0000 s, Delta ratio: 0,5000, Drift: 2,000, Error reduction coefficient: 0,000, Error: 0,0000 s
abr 04, 2013 12:33:14 PM org.ros.time.RemoteUptimeClock update
INFO: Latency: 31,0000 s, Delta ratio: 0,5000, Drift: 2,000, Error reduction coefficient: 0,000, Error: 0,0000 s
abr 04, 2013 12:33:14 PM org.ros.time.RemoteUptimeClock update
INFO: Latency: 31,0000 s, Delta ratio: 0,5000, Drift: 2,000, Error reduction coefficient: 0,000, Error: 0,0000 s
abr 04, 2013 12:33:14 PM org.ros.time.RemoteUptimeClock update
INFO: Latency: 31,0000 s, Delta ratio: 0,5000, Drift: 2,000, Error reduction coefficient: 0,000, Error: 0,0000 s
abr 04, 2013 12:33:14 PM org.ros.time.RemoteUptimeClock update
INFO: Latency: 31,0000 s, Delta ratio: 0,5000, Drift: 2,000, Error reduction coefficient: 0,000, Error: 0,0000 s
abr 04, 2013 12:33:14 PM org.ros.time.RemoteUptimeClock update
INFO: Latency: 31,0000 s, Delta ratio: 0,5000, Drift: 2,000, Error reduction coefficient: 0,000, Error: 0,0000 s
abr 04, 2013 12:33:14 PM org.ros.time.RemoteUptimeClock update
INFO: Latency: 31,0000 s, Delta ratio: 0,5000, Drift: 2,000, Error reduction coefficient: 0,000, Error: 0,0000 s
abr 04, 2013 12:33:14 PM org.ros.time.RemoteUptimeClock update
INFO: Latency: 31,0000 s, Delta ratio: 0,5000, Drift: 2,000, Error reduction coefficient: 0,000, Error: 0,0000 s
abr 04, 2013 12:33:14 PM org.ros.time.RemoteUptimeClock update
INFO: Latency: 31,0000 s, Delta ratio: 0,5000, Drift: 2,000, Error reduction coefficient: 0,000, Error: 0,0000 s
abr 04, 2013 12:33:14 PM org.ros.time.RemoteUptimeClock update
INFO: Latency: 31,0000 s, Delta ratio: 0,5000, Drift: 2,000, Error reduction coefficient: 0,000, Error: 0,0000 s
abr 04, 2013 12:33:14 PM org.ros.time.RemoteUptimeClock update
INFO: Latency: 31,0000 s, Delta ratio: 0,5000, Drift: 2,000, Error reduction coefficient: 0,000, Error: 0,0000 s
abr 04, 2013 12:33:14 PM org.ros.time.RemoteUptimeClock update
INFO: Latency: 31,0000 s, Delta ratio: 0,5000, Drift: 2,000, Error reduction coefficient: 0,000, Error: 0,0000 s
abr 04, 2013 12:33:14 PM org.ros.time.RemoteUptimeClock update
INFO: Latency: 31,0000 s, Delta ratio: 0,5000, Drift: 2,000, Error reduction coefficient: 0,000, Error: 0,0000 s
abr 04, 2013 12:33:14 PM org.ros.time.RemoteUptimeClock update
INFO: Latency: 31,0000 s, Delta ratio: 0,5000, Drift: 2,000, Error reduction coefficient: 0,000, Error: 0,0000 s
abr 04, 2013 12:33:14 PM org.ros.time.RemoteUptimeClock update
INFO: Latency: 31,0000 s, Delta ratio: 0,5000, Drift: 2,000, Error reduction coefficient: 0,000, Error: 0,0000 s
abr 04, 2013 12:33:14 PM org.ros.time.RemoteUptimeClock update
INFO: Latency: 31,0000 s, Delta ratio: 0,5000, Drift: 2,000, Error reduction coefficient: 0,000, Error: 0,0000 s
abr 04, 2013 12:33:14 PM org.ros.time.RemoteUptimeClock update
INFO: Latency: 31,0000 s, Delta ratio: 0,5000, Drift: 2,000, Error reduction coefficient: 0,000, Error: 0,0000 s
abr 04, 2013 12:33:14 PM org.ros.time.RemoteUptimeClock update
INFO: Latency: 31,0000 s, Delta ratio: 0,5000, Drift: 2,000, Error reduction coefficient: 0,000, Error: 0,0000 s
abr 04, 2013 12:33:14 PM org.ros.time.RemoteUptimeClock update
INFO: Latency: 31,0000 s, Delta ratio: 0,5000, Drift: 2,000, Error reduction coefficient: 0,000, Error: 0,0000 s
abr 04, 2013 12:33:14 PM org.ros.time.RemoteUptimeClock update
INFO: Latency: 31,0000 s, Delta ratio: 0,5000, Drift: 2,000, Error reduction coefficient: 0,000, Error: 0,0000 s
abr 04, 2013 12:33:14 PM org.ros.time.RemoteUptimeClock update
INFO: Latency: 31,0000 s, Delta ratio: 0,5000, Drift: 2,000, Error reduction coefficient: 0,000, Error: 0,0000 s
abr 04, 2013 12:33:14 PM org.ros.time.RemoteUptimeClock update
INFO: Latency: 31,0000 s, Delta ratio: 0,5000, Drift: 2,000, Error reduction coefficient: 0,000, Error: 0,0000 s
abr 04, 2013 12:33:14 PM org.ros.time.RemoteUptimeClock update
INFO: Latency: 31,0000 s, Delta ratio: 0,5000, Drift: 2,000, Error reduction coefficient: 0,000, Error: 0,0000 s
abr 04, 2013 12:33:14 PM org.ros.time.RemoteUptimeClock update
INFO: Latency: 31,0000 s, Delta ratio: 0,5000, Drift: 2,000, Error reduction coefficient: 0,000, Error: 0,0000 s
abr 04, 2013 12:33:14 PM org.ros.time.RemoteUptimeClock update
INFO: Latency: 31,0000 s, Delta ratio: 0,5000, Drift: 2,000, Error reduction coefficient: 0,000, Error: 0,0000 s
abr 04, 2013 12:33:14 PM org.ros.time.RemoteUptimeClock update
INFO: Latency: 31,0000 s, Delta ratio: 0,5000, Drift: 2,000, Error reduction coefficient: 0,000, Error: 0,0000 s
abr 04, 2013 12:33:14 PM org.ros.time.RemoteUptimeClock update
INFO: Latency: 31,0000 s, Delta ratio: 0,5000, Drift: 2,000, Error reduction coefficient: 0,000, Error: 0,0000 s
abr 04, 2013 12:33:14 PM org.ros.time.RemoteUptimeClock update
INFO: Latency: 31,0000 s, Delta ratio: 0,5000, Drift: 2,000, Error reduction coefficient: 0,000, Error: 0,0000 s
abr 04, 2013 12:33:14 PM org.ros.time.RemoteUptimeClock update
INFO: Latency: 31,0000 s, Delta ratio: 0,5000, Drift: 2,000, Error reduction coefficient: 0,000, Error: 0,0000 s
abr 04, 2013 12:33:14 PM org.ros.time.RemoteUptimeClock update
INFO: Latency: 31,0000 s, Delta ratio: 0,5000, Drift: 2,000, Error reduction coefficient: 0,000, Error: 0,0000 s
abr 04, 2013 12:33:14 PM org.ros.time.RemoteUptimeClock update
INFO: Latency: 31,0000 s, Delta ratio: 0,5000, Drift: 2,000, Error reduction coefficient: 0,000, Error: 0,0000 s
abr 04, 2013 12:33:14 PM org.ros.time.RemoteUptimeClock update
INFO: Latency: 31,0000 s, Delta ratio: 0,5000, Drift: 2,000, Error reduction coefficient: 0,000, Error: 0,0000 s
abr 04, 2013 12:33:14 PM org.ros.time.RemoteUptimeClock update
INFO: Latency: 31,0000 s, Delta ratio: 0,5000, Drift: 2,000, Error reduction coefficient: 0,000, Error: 0,0000 s
abr 04, 2013 12:33:14 PM org.ros.time.RemoteUptimeClock update
INFO: Latency: 31,0000 s, Delta ratio: 0,5000, Drift: 2,000, Error reduction coefficient: 0,000, Error: 0,0000 s
abr 04, 2013 12:33:14 PM org.ros.time.RemoteUptimeClock update
INFO: Latency: 31,0000 s, Delta ratio: 0,5000, Drift: 2,000, Error reduction coefficient: 0,000, Error: 0,0000 s
abr 04, 2013 12:33:14 PM org.ros.time.RemoteUptimeClock update
INFO: Latency: 31,0000 s, Delta ratio: 0,5000, Drift: 2,000, Error reduction coefficient: 0,000, Error: 0,0000 s
abr 04, 2013 12:33:14 PM org.ros.time.RemoteUptimeClock update
INFO: Latency: 31,0000 s, Delta ratio: 0,5000, Drift: 2,000, Error reduction coefficient: 0,000, Error: 0,0000 s
abr 04, 2013 12:33:14 PM org.ros.time.RemoteUptimeClock update
INFO: Latency: 31,0000 s, Delta ratio: 0,5000, Drift: 2,000, Error reduction coefficient: 0,000, Error: 0,0000 s
abr 04, 2013 12:33:14 PM org.ros.time.RemoteUptimeClock update
INFO: Latency: 31,0000 s, Delta ratio: 0,5000, Drift: 2,000, Error reduction coefficient: 0,000, Error: 0,0000 s
abr 04, 2013 12:33:14 PM org.ros.time.RemoteUptimeClock update
INFO: Latency: 31,0000 s, Delta ratio: 0,5000, Drift: 2,000, Error reduction coefficient: 0,000, Error: 0,0000 s
abr 04, 2013 12:33:14 PM org.ros.time.RemoteUptimeClock update
INFO: Latency: 31,0000 s, Delta ratio: 0,5000, Drift: 2,000, Error reduction coefficient: 0,000, Error: 0,0000 s
abr 04, 2013 12:33:15 PM org.ros.time.RemoteUptimeClock update
INFO: Latency: 31,0000 s, Delta ratio: 0,5000, Drift: 2,000, Error reduction coefficient: 0,000, Error: 0,0000 s
abr 04, 2013 12:33:15 PM org.ros.time.RemoteUptimeClock update
INFO: Latency: 31,0000 s, Delta ratio: 0,5000, Drift: 2,000, Error reduction coefficient: 0,000, Error: 0,0000 s
abr 04, 2013 12:33:15 PM org.ros.time.RemoteUptimeClock update
INFO: Latency: 31,0000 s, Delta ratio: 0,5000, Drift: 2,000, Error reduction coefficient: 0,000, Error: 0,0000 s
abr 04, 2013 12:33:15 PM org.ros.time.RemoteUptimeClock update
INFO: Latency: 31,0000 s, Delta ratio: 0,5000, Drift: 2,000, Error reduction coefficient: 0,000, Error: 0,0000 s
abr 04, 2013 12:33:15 PM org.ros.time.RemoteUptimeClock update
INFO: Latency: 31,0000 s, Delta ratio: 0,5000, Drift: 2,000, Error reduction coefficient: 0,000, Error: 0,0000 s
abr 04, 2013 12:33:15 PM org.ros.time.RemoteUptimeClock update
INFO: Latency: 31,0000 s, Delta ratio: 0,5000, Drift: 2,000, Error reduction coefficient: 0,000, Error: 0,0000 s
abr 04, 2013 12:33:15 PM org.ros.time.RemoteUptimeClock update
INFO: Latency: 31,0000 s, Delta ratio: 0,5000, Drift: 2,000, Error reduction coefficient: 0,000, Error: 0,0000 s
abr 04, 2013 12:33:15 PM org.ros.time.RemoteUptimeClock update
INFO: Latency: 31,0000 s, Delta ratio: 0,5000, Drift: 2,000, Error reduction coefficient: 0,000, Error: 0,0000 s
abr 04, 2013 12:33:15 PM org.ros.time.RemoteUptimeClock update
INFO: Latency: 31,0000 s, Delta ratio: 0,5000, Drift: 2,000, Error reduction coefficient: 0,000, Error: 0,0000 s
abr 04, 2013 12:33:15 PM org.ros.time.RemoteUptimeClock update
INFO: Latency: 31,0000 s, Delta ratio: 0,5000, Drift: 2,000, Error reduction coefficient: 0,000, Error: 0,0000 s
abr 04, 2013 12:33:15 PM org.ros.time.RemoteUptimeClock update
INFO: Latency: 31,0000 s, Delta ratio: 0,5000, Drift: 2,000, Error reduction coefficient: 0,000, Error: 0,0000 s
abr 04, 2013 12:33:15 PM org.ros.time.RemoteUptimeClock update
INFO: Latency: 31,0000 s, Delta ratio: 0,5000, Drift: 2,000, Error reduction coefficient: 0,000, Error: 0,0000 s
abr 04, 2013 12:33:15 PM org.ros.time.RemoteUptimeClock update
INFO: Latency: 31,0000 s, Delta ratio: 0,5000, Drift: 2,000, Error reduction coefficient: 0,000, Error: 0,0000 s
abr 04, 2013 12:33:15 PM org.ros.time.RemoteUptimeClock update
INFO: Latency: 31,0000 s, Delta ratio: 0,5000, Drift: 2,000, Error reduction coefficient: 0,000, Error: 0,0000 s
abr 04, 2013 12:33:15 PM org.ros.time.RemoteUptimeClock update
INFO: Latency: 31,0000 s, Delta ratio: 0,5000, Drift: 2,000, Error reduction coefficient: 0,000, Error: 0,0000 s
abr 04, 2013 12:33:15 PM org.ros.time.RemoteUptimeClock update
INFO: Latency: 31,0000 s, Delta ratio: 0,5000, Drift: 2,000, Error reduction coefficient: 0,000, Error: 0,0000 s
abr 04, 2013 12:33:15 PM org.ros.time.RemoteUptimeClock update
INFO: Latency: 31,0000 s, Delta ratio: 0,5000, Drift: 2,000, Error reduction coefficient: 0,000, Error: 0,0000 s
abr 04, 2013 12:33:15 PM org.ros.time.RemoteUptimeClock update
INFO: Latency: 31,0000 s, Delta ratio: 0,5000, Drift: 2,000, Error reduction coefficient: 0,000, Error: 0,0000 s
abr 04, 2013 12:33:15 PM org.ros.time.RemoteUptimeClock update
INFO: Latency: 31,0000 s, Delta ratio: 0,5000, Drift: 2,000, Error reduction coefficient: 0,000, Error: 0,0000 s
abr 04, 2013 12:33:15 PM org.ros.time.RemoteUptimeClock update
INFO: Latency: 31,0000 s, Delta ratio: 0,5000, Drift: 2,000, Error reduction coefficient: 0,000, Error: 0,0000 s
abr 04, 2013 12:33:15 PM org.ros.time.RemoteUptimeClock update
INFO: Latency: 31,0000 s, Delta ratio: 0,5000, Drift: 2,000, Error reduction coefficient: 0,000, Error: 0,0000 s
abr 04, 2013 12:33:15 PM org.ros.time.RemoteUptimeClock update
INFO: Latency: 31,0000 s, Delta ratio: 0,5000, Drift: 2,000, Error reduction coefficient: 0,000, Error: 0,0000 s
abr 04, 2013 12:33:15 PM org.ros.time.RemoteUptimeClock update
INFO: Latency: 31,0000 s, Delta ratio: 0,5000, Drift: 2,000, Error reduction coefficient: 0,000, Error: 0,0000 s
abr 04, 2013 12:33:15 PM org.ros.time.RemoteUptimeClock update
INFO: Latency: 31,0000 s, Delta ratio: 0,5000, Drift: 2,000, Error reduction coefficient: 0,000, Error: 0,0000 s
abr 04, 2013 12:33:15 PM org.ros.time.RemoteUptimeClock update
INFO: Latency: 31,0000 s, Delta ratio: 0,5000, Drift: 2,000, Error reduction coefficient: 0,000, Error: 0,0000 s
abr 04, 2013 12:33:15 PM org.ros.time.RemoteUptimeClock update
INFO: Latency: 31,0000 s, Delta ratio: 0,5000, Drift: 2,000, Error reduction coefficient: 0,000, Error: 0,0000 s
abr 04, 2013 12:33:15 PM org.ros.time.RemoteUptimeClock update
INFO: Latency: 31,0000 s, Delta ratio: 0,5000, Drift: 2,000, Error reduction coefficient: 0,000, Error: 0,0000 s
abr 04, 2013 12:33:15 PM org.ros.time.RemoteUptimeClock update
INFO: Latency: 31,0000 s, Delta ratio: 0,5000, Drift: 2,000, Error reduction coefficient: 0,000, Error: 0,0000 s
abr 04, 2013 12:33:15 PM org.ros.time.RemoteUptimeClock update
INFO: Latency: 31,0000 s, Delta ratio: 0,5000, Drift: 2,000, Error reduction coefficient: 0,000, Error: 0,0000 s
abr 04, 2013 12:33:15 PM org.ros.time.RemoteUptimeClock update
INFO: Latency: 31,0000 s, Delta ratio: 0,5000, Drift: 2,000, Error reduction coefficient: 0,000, Error: 0,0000 s
abr 04, 2013 12:33:15 PM org.ros.time.RemoteUptimeClock update
INFO: Latency: 31,0000 s, Delta ratio: 0,5000, Drift: 2,000, Error reduction coefficient: 0,000, Error: 0,0000 s
abr 04, 2013 12:33:15 PM org.ros.time.RemoteUptimeClock update
INFO: Latency: 31,0000 s, Delta ratio: 0,5000, Drift: 2,000, Error reduction coefficient: 0,000, Error: 0,0000 s
abr 04, 2013 12:33:15 PM org.ros.time.RemoteUptimeClock update
INFO: Latency: 31,0000 s, Delta ratio: 0,5000, Drift: 2,000, Error reduction coefficient: 0,000, Error: 0,0000 s
abr 04, 2013 12:33:15 PM org.ros.time.RemoteUptimeClock update
INFO: Latency: 31,0000 s, Delta ratio: 0,5000, Drift: 2,000, Error reduction coefficient: 0,000, Error: 0,0000 s
abr 04, 2013 12:33:15 PM org.ros.time.RemoteUptimeClock update
INFO: Latency: 31,0000 s, Delta ratio: 0,5000, Drift: 2,000, Error reduction coefficient: 0,000, Error: 0,0000 s
abr 04, 2013 12:33:15 PM org.ros.time.RemoteUptimeClock update
INFO: Latency: 31,0000 s, Delta ratio: 0,5000, Drift: 2,000, Error reduction coefficient: 0,000, Error: 0,0000 s
abr 04, 2013 12:33:15 PM org.ros.time.RemoteUptimeClock update
INFO: Latency: 31,0000 s, Delta ratio: 0,5000, Drift: 2,000, Error reduction coefficient: 0,000, Error: 0,0000 s
abr 04, 2013 12:33:15 PM org.ros.time.RemoteUptimeClock update
INFO: Latency: 31,0000 s, Delta ratio: 0,5000, Drift: 2,000, Error reduction coefficient: 0,000, Error: 0,0000 s
abr 04, 2013 12:33:15 PM org.ros.time.RemoteUptimeClock update
INFO: Latency: 31,0000 s, Delta ratio: 0,5000, Drift: 2,000, Error reduction coefficient: 0,000, Error: 0,0000 s
abr 04, 2013 12:33:15 PM org.ros.time.RemoteUptimeClock update
INFO: Latency: 31,0000 s, Delta ratio: 0,5000, Drift: 2,000, Error reduction coefficient: 0,000, Error: 0,0000 s
abr 04, 2013 12:33:15 PM org.ros.time.RemoteUptimeClock update
INFO: Latency: 31,0000 s, Delta ratio: 0,5000, Drift: 2,000, Error reduction coefficient: 0,000, Error: 0,0000 s
abr 04, 2013 12:33:15 PM org.ros.time.RemoteUptimeClock update
INFO: Latency: 31,0000 s, Delta ratio: 0,5000, Drift: 2,000, Error reduction coefficient: 0,000, Error: 0,0000 s
abr 04, 2013 12:33:15 PM org.ros.time.RemoteUptimeClock update
INFO: Latency: 31,0000 s, Delta ratio: 0,5000, Drift: 2,000, Error reduction coefficient: 0,000, Error: 0,0000 s
abr 04, 2013 12:33:15 PM org.ros.time.RemoteUptimeClock update
INFO: Latency: 31,0000 s, Delta ratio: 0,5000, Drift: 2,000, Error reduction coefficient: 0,000, Error: 0,0000 s
abr 04, 2013 12:33:15 PM org.ros.time.RemoteUptimeClock update
INFO: Latency: 31,0000 s, Delta ratio: 0,5000, Drift: 2,000, Error reduction coefficient: 0,000, Error: 0,0000 s
abr 04, 2013 12:33:15 PM org.ros.time.RemoteUptimeClock update
INFO: Latency: 31,0000 s, Delta ratio: 0,5000, Drift: 2,000, Error reduction coefficient: 0,000, Error: 0,0000 s
abr 04, 2013 12:33:15 PM org.ros.time.RemoteUptimeClock update
INFO: Latency: 31,0000 s, Delta ratio: 0,5000, Drift: 2,000, Error reduction coefficient: 0,000, Error: 0,0000 s
abr 04, 2013 12:33:15 PM org.ros.time.RemoteUptimeClock update
INFO: Latency: 31,0000 s, Delta ratio: 0,5000, Drift: 2,000, Error reduction coefficient: 0,000, Error: 0,0000 s
abr 04, 2013 12:33:15 PM org.ros.time.RemoteUptimeClock update
INFO: Latency: 31,0000 s, Delta ratio: 0,5000, Drift: 2,000, Error reduction coefficient: 0,000, Error: 0,0000 s
abr 04, 2013 12:33:15 PM org.ros.time.RemoteUptimeClock update
INFO: Latency: 31,0000 s, Delta ratio: 0,5000, Drift: 2,000, Error reduction coefficient: 0,000, Error: 0,0000 s
abr 04, 2013 12:33:15 PM org.ros.time.RemoteUptimeClock update
INFO: Latency: 31,0000 s, Delta ratio: 0,5000, Drift: 2,000, Error reduction coefficient: 0,000, Error: 0,0000 s
abr 04, 2013 12:33:15 PM org.ros.time.RemoteUptimeClock update
INFO: Latency: 31,0000 s, Delta ratio: 0,5000, Drift: 2,000, Error reduction coefficient: 0,000, Error: 0,0000 s
abr 04, 2013 12:33:15 PM org.ros.time.RemoteUptimeClock update
INFO: Latency: 31,0000 s, Delta ratio: 0,5000, Drift: 2,000, Error reduction coefficient: 0,000, Error: 0,0000 s
abr 04, 2013 12:33:15 PM org.ros.time.RemoteUptimeClock update
INFO: Latency: 31,0000 s, Delta ratio: 0,5000, Drift: 2,000, Error reduction coefficient: 0,000, Error: 0,0000 s
abr 04, 2013 12:33:15 PM org.ros.time.RemoteUptimeClock update
INFO: Latency: 31,0000 s, Delta ratio: 0,5000, Drift: 2,000, Error reduction coefficient: 0,000, Error: 0,0000 s
abr 04, 2013 12:33:15 PM org.ros.time.RemoteUptimeClock update
INFO: Latency: 31,0000 s, Delta ratio: 0,5000, Drift: 2,000, Error reduction coefficient: 0,000, Error: 0,0000 s
abr 04, 2013 12:33:15 PM org.ros.time.RemoteUptimeClock update
INFO: Latency: 31,0000 s, Delta ratio: 0,5000, Drift: 2,000, Error reduction coefficient: 0,000, Error: 0,0000 s
abr 04, 2013 12:33:15 PM org.ros.time.RemoteUptimeClock update
INFO: Latency: 31,0000 s, Delta ratio: 0,5000, Drift: 2,000, Error reduction coefficient: 0,000, Error: 0,0000 s
abr 04, 2013 12:33:15 PM org.ros.time.RemoteUptimeClock update
INFO: Latency: 31,0000 s, Delta ratio: 0,5000, Drift: 2,000, Error reduction coefficient: 0,000, Error: 0,0000 s
abr 04, 2013 12:33:15 PM org.ros.time.RemoteUptimeClock update
INFO: Latency: 31,0000 s, Delta ratio: 0,5000, Drift: 2,000, Error reduction coefficient: 0,000, Error: 0,0000 s
abr 04, 2013 12:33:15 PM org.ros.time.RemoteUptimeClock update
INFO: Latency: 31,0000 s, Delta ratio: 0,5000, Drift: 2,000, Error reduction coefficient: 0,000, Error: 0,0000 s
abr 04, 2013 12:33:15 PM org.ros.time.RemoteUptimeClock update
INFO: Latency: 31,0000 s, Delta ratio: 0,5000, Drift: 2,000, Error reduction coefficient: 0,000, Error: 0,0000 s
abr 04, 2013 12:33:15 PM org.ros.time.RemoteUptimeClock update
INFO: Latency: 31,0000 s, Delta ratio: 0,5000, Drift: 2,000, Error reduction coefficient: 0,000, Error: 0,0000 s
abr 04, 2013 12:33:15 PM org.ros.time.RemoteUptimeClock update
INFO: Latency: 31,0000 s, Delta ratio: 0,5000, Drift: 2,000, Error reduction coefficient: 0,000, Error: 0,0000 s
abr 04, 2013 12:33:15 PM org.ros.time.RemoteUptimeClock update
INFO: Latency: 31,0000 s, Delta ratio: 0,5000, Drift: 2,000, Error reduction coefficient: 0,000, Error: 0,0000 s
abr 04, 2013 12:33:15 PM org.ros.time.RemoteUptimeClock update
INFO: Latency: 31,0000 s, Delta ratio: 0,5000, Drift: 2,000, Error reduction coefficient: 0,000, Error: 0,0000 s
abr 04, 2013 12:33:15 PM org.ros.time.RemoteUptimeClock update
INFO: Latency: 31,0000 s, Delta ratio: 0,5000, Drift: 2,000, Error reduction coefficient: 0,000, Error: 0,0000 s
abr 04, 2013 12:33:15 PM org.ros.time.RemoteUptimeClock update
INFO: Latency: 31,0000 s, Delta ratio: 0,5000, Drift: 2,000, Error reduction coefficient: 0,000, Error: 0,0000 s
abr 04, 2013 12:33:15 PM org.ros.time.RemoteUptimeClock update
INFO: Latency: 31,0000 s, Delta ratio: 0,5000, Drift: 2,000, Error reduction coefficient: 0,000, Error: 0,0000 s
abr 04, 2013 12:33:15 PM org.ros.time.RemoteUptimeClock update
INFO: Latency: 31,0000 s, Delta ratio: 0,5000, Drift: 2,000, Error reduction coefficient: 0,000, Error: 0,0000 s
abr 04, 2013 12:33:15 PM org.ros.time.RemoteUptimeClock update
INFO: Latency: 31,0000 s, Delta ratio: 0,5000, Drift: 2,000, Error reduction coefficient: 0,000, Error: 0,0000 s
abr 04, 2013 12:33:15 PM org.ros.time.RemoteUptimeClock update
INFO: Latency: 31,0000 s, Delta ratio: 0,5000, Drift: 2,000, Error reduction coefficient: 0,000, Error: 0,0000 s
abr 04, 2013 12:33:15 PM org.ros.time.RemoteUptimeClock update
INFO: Latency: 31,0000 s, Delta ratio: 0,5000, Drift: 2,000, Error reduction coefficient: 0,000, Error: 0,0000 s
abr 04, 2013 12:33:15 PM org.ros.time.RemoteUptimeClock update
INFO: Latency: 31,0000 s, Delta ratio: 0,5000, Drift: 2,000, Error reduction coefficient: 0,000, Error: 0,0000 s
abr 04, 2013 12:33:15 PM org.ros.time.RemoteUptimeClock update
INFO: Latency: 31,0000 s, Delta ratio: 0,5000, Drift: 2,000, Error reduction coefficient: 0,000, Error: 0,0000 s
abr 04, 2013 12:33:15 PM org.ros.time.RemoteUptimeClock update
INFO: Latency: 31,0000 s, Delta ratio: 0,5000, Drift: 2,000, Error reduction coefficient: 0,000, Error: 0,0000 s
abr 04, 2013 12:33:15 PM org.ros.time.RemoteUptimeClock update
INFO: Latency: 31,0000 s, Delta ratio: 0,5000, Drift: 2,000, Error reduction coefficient: 0,000, Error: 0,0000 s
abr 04, 2013 12:33:15 PM org.ros.time.RemoteUptimeClock update
INFO: Latency: 31,0000 s, Delta ratio: 0,5000, Drift: 2,000, Error reduction coefficient: 0,000, Error: 0,0000 s
abr 04, 2013 12:33:15 PM org.ros.time.RemoteUptimeClock update
INFO: Latency: 31,0000 s, Delta ratio: 0,5000, Drift: 2,000, Error reduction coefficient: 0,000, Error: 0,0000 s
abr 04, 2013 12:33:15 PM org.ros.time.RemoteUptimeClock update
INFO: Latency: 31,0000 s, Delta ratio: 0,5000, Drift: 2,000, Error reduction coefficient: 0,000, Error: 0,0000 s
abr 04, 2013 12:33:15 PM org.ros.time.RemoteUptimeClock update
INFO: Latency: 31,0000 s, Delta ratio: 0,5000, Drift: 2,000, Error reduction coefficient: 0,000, Error: 0,0000 s
abr 04, 2013 12:33:15 PM org.ros.time.RemoteUptimeClock update
INFO: Latency: 31,0000 s, Delta ratio: 0,5000, Drift: 2,000, Error reduction coefficient: 0,000, Error: 0,0000 s
abr 04, 2013 12:33:15 PM org.ros.time.RemoteUptimeClock update
INFO: Latency: 31,0000 s, Delta ratio: 0,5000, Drift: 2,000, Error reduction coefficient: 0,000, Error: 0,0000 s
abr 04, 2013 12:33:15 PM org.ros.time.RemoteUptimeClock update
INFO: Latency: 31,0000 s, Delta ratio: 0,5000, Drift: 2,000, Error reduction coefficient: 0,000, Error: 0,0000 s
abr 04, 2013 12:33:15 PM org.ros.time.RemoteUptimeClock update
INFO: Latency: 31,0000 s, Delta ratio: 0,5000, Drift: 2,000, Error reduction coefficient: 0,000, Error: 0,0000 s
abr 04, 2013 12:33:15 PM org.ros.time.RemoteUptimeClock update
INFO: Latency: 31,0000 s, Delta ratio: 0,5000, Drift: 2,000, Error reduction coefficient: 0,000, Error: 0,0000 s
abr 04, 2013 12:33:15 PM org.ros.time.RemoteUptimeClock update
INFO: Latency: 31,0000 s, Delta ratio: 0,5000, Drift: 2,000, Error reduction coefficient: 0,000, Error: 0,0000 s
abr 04, 2013 12:33:15 PM org.ros.time.RemoteUptimeClock update
INFO: Latency: 31,0000 s, Delta ratio: 0,5000, Drift: 2,000, Error reduction coefficient: 0,000, Error: 0,0000 s
abr 04, 2013 12:33:15 PM org.ros.time.RemoteUptimeClock update
INFO: Latency: 31,0000 s, Delta ratio: 0,5000, Drift: 2,000, Error reduction coefficient: 0,000, Error: 0,0000 s
abr 04, 2013 12:33:15 PM org.ros.time.RemoteUptimeClock update
INFO: Latency: 31,0000 s, Delta ratio: 0,5000, Drift: 2,000, Error reduction coefficient: 0,000, Error: 0,0000 s
abr 04, 2013 12:33:15 PM org.ros.time.RemoteUptimeClock update
INFO: Latency: 31,0000 s, Delta ratio: 0,5000, Drift: 2,000, Error reduction coefficient: 0,000, Error: 0,0000 s
abr 04, 2013 12:33:15 PM org.ros.time.RemoteUptimeClock update
INFO: Latency: 31,0000 s, Delta ratio: 0,5000, Drift: 2,000, Error reduction coefficient: 0,000, Error: 0,0000 s
abr 04, 2013 12:33:15 PM org.ros.time.RemoteUptimeClock update
INFO: Latency: 31,0000 s, Delta ratio: 0,5000, Drift: 2,000, Error reduction coefficient: 0,000, Error: 0,0000 s
abr 04, 2013 12:33:15 PM org.ros.time.RemoteUptimeClock update
INFO: Latency: 31,0000 s, Delta ratio: 0,5000, Drift: 2,000, Error reduction coefficient: 0,000, Error: 0,0000 s
abr 04, 2013 12:33:15 PM org.ros.time.RemoteUptimeClock update
INFO: Latency: 31,0000 s, Delta ratio: 0,5000, Drift: 2,000, Error reduction coefficient: 0,000, Error: 0,0000 s
abr 04, 2013 12:33:15 PM org.ros.time.RemoteUptimeClock update
INFO: Latency: 31,0000 s, Delta ratio: 0,5000, Drift: 2,000, Error reduction coefficient: 0,000, Error: 0,0000 s
abr 04, 2013 12:33:15 PM org.ros.time.RemoteUptimeClock update
INFO: Latency: 31,0000 s, Delta ratio: 0,5000, Drift: 2,000, Error reduction coefficient: 0,000, Error: 0,0000 s
abr 04, 2013 12:33:15 PM org.ros.time.RemoteUptimeClock update
INFO: Latency: 31,0000 s, Delta ratio: 0,5000, Drift: 2,000, Error reduction coefficient: 0,000, Error: 0,0000 s
abr 04, 2013 12:33:15 PM org.ros.time.RemoteUptimeClock update
INFO: Latency: 31,0000 s, Delta ratio: 0,5000, Drift: 2,000, Error reduction coefficient: 0,000, Error: 0,0000 s
abr 04, 2013 12:33:15 PM org.ros.time.RemoteUptimeClock update
INFO: Latency: 31,0000 s, Delta ratio: 0,5000, Drift: 2,000, Error reduction coefficient: 0,000, Error: 0,0000 s
abr 04, 2013 12:33:15 PM org.ros.time.RemoteUptimeClock update
INFO: Latency: 31,0000 s, Delta ratio: 0,5000, Drift: 2,000, Error reduction coefficient: 0,000, Error: 0,0000 s
abr 04, 2013 12:33:15 PM org.ros.time.RemoteUptimeClock update
INFO: Latency: 31,0000 s, Delta ratio: 0,5000, Drift: 2,000, Error reduction coefficient: 0,000, Error: 0,0000 s
abr 04, 2013 12:33:15 PM org.ros.time.RemoteUptimeClock update
INFO: Latency: 31,0000 s, Delta ratio: 0,5000, Drift: 2,000, Error reduction coefficient: 0,000, Error: 0,0000 s
abr 04, 2013 12:33:15 PM org.ros.time.RemoteUptimeClock update
INFO: Latency: 31,0000 s, Delta ratio: 0,5000, Drift: 2,000, Error reduction coefficient: 0,000, Error: 0,0000 s
abr 04, 2013 12:33:15 PM org.ros.time.RemoteUptimeClock update
INFO: Latency: 31,0000 s, Delta ratio: 0,5000, Drift: 2,000, Error reduction coefficient: 0,000, Error: 0,0000 s
abr 04, 2013 12:33:15 PM org.ros.time.RemoteUptimeClock update
INFO: Latency: 31,0000 s, Delta ratio: 0,5000, Drift: 2,000, Error reduction coefficient: 0,000, Error: 0,0000 s
abr 04, 2013 12:33:15 PM org.ros.time.RemoteUptimeClock update
INFO: Latency: 31,0000 s, Delta ratio: 0,5000, Drift: 2,000, Error reduction coefficient: 0,000, Error: 0,0000 s
abr 04, 2013 12:33:15 PM org.ros.time.RemoteUptimeClock update
INFO: Latency: 31,0000 s, Delta ratio: 0,5000, Drift: 2,000, Error reduction coefficient: 0,000, Error: 0,0000 s
abr 04, 2013 12:33:15 PM org.ros.time.RemoteUptimeClock update
INFO: Latency: 31,0000 s, Delta ratio: 0,5000, Drift: 2,000, Error reduction coefficient: 0,000, Error: 0,0000 s
abr 04, 2013 12:33:15 PM org.ros.time.RemoteUptimeClock update
INFO: Latency: 31,0000 s, Delta ratio: 0,5000, Drift: 2,000, Error reduction coefficient: 0,000, Error: 0,0000 s
abr 04, 2013 12:33:15 PM org.ros.time.RemoteUptimeClock update
INFO: Latency: 31,0000 s, Delta ratio: 0,5000, Drift: 2,000, Error reduction coefficient: 0,000, Error: 0,0000 s
abr 04, 2013 12:33:15 PM org.ros.time.RemoteUptimeClock update
INFO: Latency: 31,0000 s, Delta ratio: 0,5000, Drift: 2,000, Error reduction coefficient: 0,000, Error: 0,0000 s
abr 04, 2013 12:33:15 PM org.ros.time.RemoteUptimeClock update
INFO: Latency: 31,0000 s, Delta ratio: 0,5000, Drift: 2,000, Error reduction coefficient: 0,000, Error: 0,0000 s
abr 04, 2013 12:33:15 PM org.ros.time.RemoteUptimeClock update
INFO: Latency: 31,0000 s, Delta ratio: 0,5000, Drift: 2,000, Error reduction coefficient: 0,000, Error: 0,0000 s
abr 04, 2013 12:33:15 PM org.ros.time.RemoteUptimeClock update
INFO: Latency: 31,0000 s, Delta ratio: 0,5000, Drift: 2,000, Error reduction coefficient: 0,000, Error: 0,0000 s
abr 04, 2013 12:33:15 PM org.ros.time.RemoteUptimeClock update
INFO: Latency: 31,0000 s, Delta ratio: 0,5000, Drift: 2,000, Error reduction coefficient: 0,000, Error: 0,0000 s
abr 04, 2013 12:33:15 PM org.ros.time.RemoteUptimeClock update
INFO: Latency: 31,0000 s, Delta ratio: 0,5000, Drift: 2,000, Error reduction coefficient: 0,000, Error: 0,0000 s
abr 04, 2013 12:33:15 PM org.ros.time.RemoteUptimeClock update
INFO: Latency: 31,0000 s, Delta ratio: 0,5000, Drift: 2,000, Error reduction coefficient: 0,000, Error: 0,0000 s
abr 04, 2013 12:33:15 PM org.ros.time.RemoteUptimeClock update
INFO: Latency: 31,0000 s, Delta ratio: 0,5000, Drift: 2,000, Error reduction coefficient: 0,000, Error: 0,0000 s
abr 04, 2013 12:33:15 PM org.ros.time.RemoteUptimeClock update
INFO: Latency: 31,0000 s, Delta ratio: 0,5000, Drift: 2,000, Error reduction coefficient: 0,000, Error: 0,0000 s
abr 04, 2013 12:33:15 PM org.ros.time.RemoteUptimeClock update
INFO: Latency: 31,0000 s, Delta ratio: 0,5000, Drift: 2,000, Error reduction coefficient: 0,000, Error: 0,0000 s
abr 04, 2013 12:33:15 PM org.ros.time.RemoteUptimeClock update
INFO: Latency: 31,0000 s, Delta ratio: 0,5000, Drift: 2,000, Error reduction coefficient: 0,000, Error: 0,0000 s
abr 04, 2013 12:33:15 PM org.ros.time.RemoteUptimeClock update
INFO: Latency: 31,0000 s, Delta ratio: 0,5000, Drift: 2,000, Error reduction coefficient: 0,000, Error: 0,0000 s
abr 04, 2013 12:33:15 PM org.ros.time.RemoteUptimeClock update
INFO: Latency: 31,0000 s, Delta ratio: 0,5000, Drift: 2,000, Error reduction coefficient: 0,000, Error: 0,0000 s
abr 04, 2013 12:33:15 PM org.ros.time.RemoteUptimeClock update
INFO: Latency: 31,0000 s, Delta ratio: 0,5000, Drift: 2,000, Error reduction coefficient: 0,000, Error: 0,0000 s
abr 04, 2013 12:33:15 PM org.ros.time.RemoteUptimeClock update
INFO: Latency: 31,0000 s, Delta ratio: 0,5000, Drift: 2,000, Error reduction coefficient: 0,000, Error: 0,0000 s
abr 04, 2013 12:33:15 PM org.ros.time.RemoteUptimeClock update
INFO: Latency: 31,0000 s, Delta ratio: 0,5000, Drift: 2,000, Error reduction coefficient: 0,000, Error: 0,0000 s
abr 04, 2013 12:33:15 PM org.ros.time.RemoteUptimeClock update
INFO: Latency: 31,0000 s, Delta ratio: 0,5000, Drift: 2,000, Error reduction coefficient: 0,000, Error: 0,0000 s
abr 04, 2013 12:33:15 PM org.ros.time.RemoteUptimeClock update
INFO: Latency: 31,0000 s, Delta ratio: 0,5000, Drift: 2,000, Error reduction coefficient: 0,000, Error: 0,0000 s
abr 04, 2013 12:33:15 PM org.ros.time.RemoteUptimeClock update
INFO: Latency: 31,0000 s, Delta ratio: 0,5000, Drift: 2,000, Error reduction coefficient: 0,000, Error: 0,0000 s
abr 04, 2013 12:33:15 PM org.ros.time.RemoteUptimeClock update
INFO: Latency: 31,0000 s, Delta ratio: 0,5000, Drift: 2,000, Error reduction coefficient: 0,000, Error: 0,0000 s
abr 04, 2013 12:33:15 PM org.ros.time.RemoteUptimeClock update
INFO: Latency: 31,0000 s, Delta ratio: 0,5000, Drift: 2,000, Error reduction coefficient: 0,000, Error: 0,0000 s
abr 04, 2013 12:33:15 PM org.ros.time.RemoteUptimeClock update
INFO: Latency: 31,0000 s, Delta ratio: 0,5000, Drift: 2,000, Error reduction coefficient: 0,000, Error: 0,0000 s
abr 04, 2013 12:33:15 PM org.ros.time.RemoteUptimeClock update
INFO: Latency: 31,0000 s, Delta ratio: 0,5000, Drift: 2,000, Error reduction coefficient: 0,000, Error: 0,0000 s
abr 04, 2013 12:33:15 PM org.ros.time.RemoteUptimeClock update
INFO: Latency: 31,0000 s, Delta ratio: 0,5000, Drift: 2,000, Error reduction coefficient: 0,000, Error: 0,0000 s
abr 04, 2013 12:33:15 PM org.ros.time.RemoteUptimeClock update
INFO: Latency: 31,0000 s, Delta ratio: 0,5000, Drift: 2,000, Error reduction coefficient: 0,000, Error: 0,0000 s
abr 04, 2013 12:33:15 PM org.ros.time.RemoteUptimeClock update
INFO: Latency: 31,0000 s, Delta ratio: 0,5000, Drift: 2,000, Error reduction coefficient: 0,000, Error: 0,0000 s
abr 04, 2013 12:33:15 PM org.ros.time.RemoteUptimeClock update
INFO: Latency: 31,0000 s, Delta ratio: 0,5000, Drift: 2,000, Error reduction coefficient: 0,000, Error: 0,0000 s
abr 04, 2013 12:33:15 PM org.ros.time.RemoteUptimeClock update
INFO: Latency: 31,0000 s, Delta ratio: 0,5000, Drift: 2,000, Error reduction coefficient: 0,000, Error: 0,0000 s
abr 04, 2013 12:33:15 PM org.ros.time.RemoteUptimeClock update
INFO: Latency: 31,0000 s, Delta ratio: 0,5000, Drift: 2,000, Error reduction coefficient: 0,000, Error: 0,0000 s
abr 04, 2013 12:33:15 PM org.ros.time.RemoteUptimeClock update
INFO: Latency: 31,0000 s, Delta ratio: 0,5000, Drift: 2,000, Error reduction coefficient: 0,000, Error: 0,0000 s
abr 04, 2013 12:33:15 PM org.ros.time.RemoteUptimeClock update
INFO: Latency: 31,0000 s, Delta ratio: 0,5000, Drift: 2,000, Error reduction coefficient: 0,000, Error: 0,0000 s
abr 04, 2013 12:33:15 PM org.ros.time.RemoteUptimeClock update
INFO: Latency: 31,0000 s, Delta ratio: 0,5000, Drift: 2,000, Error reduction coefficient: 0,000, Error: 0,0000 s
abr 04, 2013 12:33:15 PM org.ros.time.RemoteUptimeClock update
INFO: Latency: 31,0000 s, Delta ratio: 0,5000, Drift: 2,000, Error reduction coefficient: 0,000, Error: 0,0000 s
abr 04, 2013 12:33:15 PM org.ros.time.RemoteUptimeClock update
INFO: Latency: 31,0000 s, Delta ratio: 0,5000, Drift: 2,000, Error reduction coefficient: 0,000, Error: 0,0000 s
abr 04, 2013 12:33:15 PM org.ros.time.RemoteUptimeClock update
INFO: Latency: 31,0000 s, Delta ratio: 0,5000, Drift: 2,000, Error reduction coefficient: 0,000, Error: 0,0000 s
abr 04, 2013 12:33:15 PM org.ros.time.RemoteUptimeClock update
INFO: Latency: 31,0000 s, Delta ratio: 0,5000, Drift: 2,000, Error reduction coefficient: 0,000, Error: 0,0000 s
abr 04, 2013 12:33:15 PM org.ros.time.RemoteUptimeClock update
INFO: Latency: 31,0000 s, Delta ratio: 0,5000, Drift: 2,000, Error reduction coefficient: 0,000, Error: 0,0000 s
abr 04, 2013 12:33:15 PM org.ros.time.RemoteUptimeClock update
INFO: Latency: 31,0000 s, Delta ratio: 0,5000, Drift: 2,000, Error reduction coefficient: 0,000, Error: 0,0000 s
abr 04, 2013 12:33:15 PM org.ros.time.RemoteUptimeClock update
INFO: Latency: 31,0000 s, Delta ratio: 0,5000, Drift: 2,000, Error reduction coefficient: 0,000, Error: 0,0000 s
abr 04, 2013 12:33:15 PM org.ros.time.RemoteUptimeClock update
INFO: Latency: 31,0000 s, Delta ratio: 0,5000, Drift: 2,000, Error reduction coefficient: 0,000, Error: 0,0000 s
abr 04, 2013 12:33:15 PM org.ros.time.RemoteUptimeClock update
INFO: Latency: 31,0000 s, Delta ratio: 0,5000, Drift: 2,000, Error reduction coefficient: 0,000, Error: 0,0000 s
abr 04, 2013 12:33:15 PM org.ros.time.RemoteUptimeClock update
INFO: Latency: 31,0000 s, Delta ratio: 0,5000, Drift: 2,000, Error reduction coefficient: 0,000, Error: 0,0000 s
abr 04, 2013 12:33:15 PM org.ros.time.RemoteUptimeClock update
INFO: Latency: 31,0000 s, Delta ratio: 0,5000, Drift: 2,000, Error reduction coefficient: 0,000, Error: 0,0000 s
abr 04, 2013 12:33:15 PM org.ros.time.RemoteUptimeClock update
INFO: Latency: 31,0000 s, Delta ratio: 0,5000, Drift: 2,000, Error reduction coefficient: 0,000, Error: 0,0000 s
abr 04, 2013 12:33:15 PM org.ros.time.RemoteUptimeClock update
INFO: Latency: 31,0000 s, Delta ratio: 0,5000, Drift: 2,000, Error reduction coefficient: 0,000, Error: 0,0000 s
abr 04, 2013 12:33:15 PM org.ros.time.RemoteUptimeClock update
INFO: Latency: 31,0000 s, Delta ratio: 0,5000, Drift: 2,000, Error reduction coefficient: 0,000, Error: 0,0000 s
abr 04, 2013 12:33:15 PM org.ros.time.RemoteUptimeClock update
INFO: Latency: 31,0000 s, Delta ratio: 0,5000, Drift: 2,000, Error reduction coefficient: 0,000, Error: 0,0000 s
abr 04, 2013 12:33:15 PM org.ros.time.RemoteUptimeClock update
INFO: Latency: 31,0000 s, Delta ratio: 0,5000, Drift: 2,000, Error reduction coefficient: 0,000, Error: 0,0000 s
abr 04, 2013 12:33:15 PM org.ros.time.RemoteUptimeClock update
INFO: Latency: 31,0000 s, Delta ratio: 0,5000, Drift: 2,000, Error reduction coefficient: 0,000, Error: 0,0000 s
abr 04, 2013 12:33:15 PM org.ros.time.RemoteUptimeClock update
INFO: Latency: 31,0000 s, Delta ratio: 0,5000, Drift: 2,000, Error reduction coefficient: 0,000, Error: 0,0000 s
abr 04, 2013 12:33:15 PM org.ros.time.RemoteUptimeClock update
INFO: Latency: 31,0000 s, Delta ratio: 0,5000, Drift: 2,000, Error reduction coefficient: 0,000, Error: 0,0000 s
abr 04, 2013 12:33:15 PM org.ros.time.RemoteUptimeClock update
INFO: Latency: 31,0000 s, Delta ratio: 0,5000, Drift: 2,000, Error reduction coefficient: 0,000, Error: 0,0000 s
abr 04, 2013 12:33:15 PM org.ros.time.RemoteUptimeClock update
INFO: Latency: 31,0000 s, Delta ratio: 0,5000, Drift: 2,000, Error reduction coefficient: 0,000, Error: 0,0000 s
abr 04, 2013 12:33:15 PM org.ros.time.RemoteUptimeClock update
INFO: Latency: 31,0000 s, Delta ratio: 0,5000, Drift: 2,000, Error reduction coefficient: 0,000, Error: 0,0000 s
abr 04, 2013 12:33:15 PM org.ros.time.RemoteUptimeClock update
INFO: Latency: 31,0000 s, Delta ratio: 0,5000, Drift: 2,000, Error reduction coefficient: 0,000, Error: 0,0000 s
abr 04, 2013 12:33:15 PM org.ros.time.RemoteUptimeClock update
INFO: Latency: 31,0000 s, Delta ratio: 0,5000, Drift: 2,000, Error reduction coefficient: 0,000, Error: 0,0000 s
abr 04, 2013 12:33:15 PM org.ros.time.RemoteUptimeClock update
INFO: Latency: 31,0000 s, Delta ratio: 0,5000, Drift: 2,000, Error reduction coefficient: 0,000, Error: 0,0000 s
abr 04, 2013 12:33:15 PM org.ros.time.RemoteUptimeClock update
INFO: Latency: 31,0000 s, Delta ratio: 0,5000, Drift: 2,000, Error reduction coefficient: 0,000, Error: 0,0000 s
abr 04, 2013 12:33:15 PM org.ros.time.RemoteUptimeClock update
INFO: Latency: 31,0000 s, Delta ratio: 0,5000, Drift: 2,000, Error reduction coefficient: 0,000, Error: 0,0000 s
abr 04, 2013 12:33:15 PM org.ros.time.RemoteUptimeClock update
INFO: Latency: 31,0000 s, Delta ratio: 0,5000, Drift: 2,000, Error reduction coefficient: 0,000, Error: 0,0000 s
abr 04, 2013 12:33:15 PM org.ros.time.RemoteUptimeClock update
INFO: Latency: 31,0000 s, Delta ratio: 0,5000, Drift: 2,000, Error reduction coefficient: 0,000, Error: 0,0000 s
abr 04, 2013 12:33:15 PM org.ros.time.RemoteUptimeClock update
INFO: Latency: 31,0000 s, Delta ratio: 0,5000, Drift: 2,000, Error reduction coefficient: 0,000, Error: 0,0000 s
abr 04, 2013 12:33:15 PM org.ros.time.RemoteUptimeClock update
INFO: Latency: 31,0000 s, Delta ratio: 0,5000, Drift: 2,000, Error reduction coefficient: 0,000, Error: 0,0000 s
abr 04, 2013 12:33:15 PM org.ros.time.RemoteUptimeClock update
INFO: Latency: 31,0000 s, Delta ratio: 0,5000, Drift: 2,000, Error reduction coefficient: 0,000, Error: 0,0000 s
abr 04, 2013 12:33:15 PM org.ros.time.RemoteUptimeClock update
INFO: Latency: 31,0000 s, Delta ratio: 0,5000, Drift: 2,000, Error reduction coefficient: 0,000, Error: 0,0000 s
abr 04, 2013 12:33:15 PM org.ros.time.RemoteUptimeClock update
INFO: Latency: 31,0000 s, Delta ratio: 0,5000, Drift: 2,000, Error reduction coefficient: 0,000, Error: 0,0000 s
abr 04, 2013 12:33:15 PM org.ros.time.RemoteUptimeClock update
INFO: Latency: 31,0000 s, Delta ratio: 0,5000, Drift: 2,000, Error reduction coefficient: 0,000, Error: 0,0000 s
abr 04, 2013 12:33:15 PM org.ros.time.RemoteUptimeClock update
INFO: Latency: 31,0000 s, Delta ratio: 0,5000, Drift: 2,000, Error reduction coefficient: 0,000, Error: 0,0000 s
abr 04, 2013 12:33:15 PM org.ros.time.RemoteUptimeClock update
INFO: Latency: 31,0000 s, Delta ratio: 0,5000, Drift: 2,000, Error reduction coefficient: 0,000, Error: 0,0000 s
abr 04, 2013 12:33:15 PM org.ros.time.RemoteUptimeClock update
INFO: Latency: 31,0000 s, Delta ratio: 0,5000, Drift: 2,000, Error reduction coefficient: 0,000, Error: 0,0000 s
abr 04, 2013 12:33:15 PM org.ros.time.RemoteUptimeClock update
INFO: Latency: 31,0000 s, Delta ratio: 0,5000, Drift: 2,000, Error reduction coefficient: 0,000, Error: 0,0000 s
abr 04, 2013 12:33:15 PM org.ros.time.RemoteUptimeClock update
INFO: Latency: 31,0000 s, Delta ratio: 0,5000, Drift: 2,000, Error reduction coefficient: 0,000, Error: 0,0000 s
abr 04, 2013 12:33:15 PM org.ros.time.RemoteUptimeClock update
INFO: Latency: 31,0000 s, Delta ratio: 0,5000, Drift: 2,000, Error reduction coefficient: 0,000, Error: 0,0000 s
abr 04, 2013 12:33:15 PM org.ros.time.RemoteUptimeClock update
INFO: Latency: 31,0000 s, Delta ratio: 0,5000, Drift: 2,000, Error reduction coefficient: 0,000, Error: 0,0000 s
abr 04, 2013 12:33:15 PM org.ros.time.RemoteUptimeClock update
INFO: Latency: 31,0000 s, Delta ratio: 0,5000, Drift: 2,000, Error reduction coefficient: 0,000, Error: 0,0000 s
abr 04, 2013 12:33:15 PM org.ros.time.RemoteUptimeClock update
INFO: Latency: 31,0000 s, Delta ratio: 0,5000, Drift: 2,000, Error reduction coefficient: 0,000, Error: 0,0000 s
abr 04, 2013 12:33:15 PM org.ros.time.RemoteUptimeClock update
INFO: Latency: 31,0000 s, Delta ratio: 0,5000, Drift: 2,000, Error reduction coefficient: 0,000, Error: 0,0000 s
abr 04, 2013 12:33:15 PM org.ros.time.RemoteUptimeClock update
INFO: Latency: 31,0000 s, Delta ratio: 0,5000, Drift: 2,000, Error reduction coefficient: 0,000, Error: 0,0000 s
abr 04, 2013 12:33:15 PM org.ros.time.RemoteUptimeClock update
INFO: Latency: 31,0000 s, Delta ratio: 0,5000, Drift: 2,000, Error reduction coefficient: 0,000, Error: 0,0000 s
abr 04, 2013 12:33:15 PM org.ros.time.RemoteUptimeClock update
INFO: Latency: 31,0000 s, Delta ratio: 0,5000, Drift: 2,000, Error reduction coefficient: 0,000, Error: 0,0000 s
abr 04, 2013 12:33:15 PM org.ros.time.RemoteUptimeClock update
INFO: Latency: 31,0000 s, Delta ratio: 0,5000, Drift: 2,000, Error reduction coefficient: 0,000, Error: 0,0000 s
abr 04, 2013 12:33:15 PM org.ros.time.RemoteUptimeClock update
INFO: Latency: 31,0000 s, Delta ratio: 0,5000, Drift: 2,000, Error reduction coefficient: 0,000, Error: 0,0000 s
abr 04, 2013 12:33:15 PM org.ros.time.RemoteUptimeClock update
INFO: Latency: 31,0000 s, Delta ratio: 0,5000, Drift: 2,000, Error reduction coefficient: 0,000, Error: 0,0000 s
abr 04, 2013 12:33:15 PM org.ros.time.RemoteUptimeClock update
INFO: Latency: 31,0000 s, Delta ratio: 0,5000, Drift: 2,000, Error reduction coefficient: 0,000, Error: 0,0000 s
abr 04, 2013 12:33:15 PM org.ros.time.RemoteUptimeClock update
INFO: Latency: 31,0000 s, Delta ratio: 0,5000, Drift: 2,000, Error reduction coefficient: 0,000, Error: 0,0000 s
abr 04, 2013 12:33:15 PM org.ros.time.RemoteUptimeClock update
INFO: Latency: 31,0000 s, Delta ratio: 0,5000, Drift: 2,000, Error reduction coefficient: 0,000, Error: 0,0000 s
abr 04, 2013 12:33:15 PM org.ros.time.RemoteUptimeClock update
INFO: Latency: 31,0000 s, Delta ratio: 0,5000, Drift: 2,000, Error reduction coefficient: 0,000, Error: 0,0000 s
abr 04, 2013 12:33:15 PM org.ros.time.RemoteUptimeClock update
INFO: Latency: 31,0000 s, Delta ratio: 0,5000, Drift: 2,000, Error reduction coefficient: 0,000, Error: 0,0000 s
abr 04, 2013 12:33:15 PM org.ros.time.RemoteUptimeClock update
INFO: Latency: 31,0000 s, Delta ratio: 0,5000, Drift: 2,000, Error reduction coefficient: 0,000, Error: 0,0000 s
abr 04, 2013 12:33:15 PM org.ros.time.RemoteUptimeClock update
INFO: Latency: 31,0000 s, Delta ratio: 0,5000, Drift: 2,000, Error reduction coefficient: 0,000, Error: 0,0000 s
abr 04, 2013 12:33:15 PM org.ros.time.RemoteUptimeClock update
INFO: Latency: 31,0000 s, Delta ratio: 0,5000, Drift: 2,000, Error reduction coefficient: 0,000, Error: 0,0000 s
abr 04, 2013 12:33:15 PM org.ros.time.RemoteUptimeClock update
INFO: Latency: 31,0000 s, Delta ratio: 0,5000, Drift: 2,000, Error reduction coefficient: 0,000, Error: 0,0000 s
abr 04, 2013 12:33:15 PM org.ros.time.RemoteUptimeClock update
INFO: Latency: 31,0000 s, Delta ratio: 0,5000, Drift: 2,000, Error reduction coefficient: 0,000, Error: 0,0000 s
abr 04, 2013 12:33:15 PM org.ros.time.RemoteUptimeClock update
INFO: Latency: 31,0000 s, Delta ratio: 0,5000, Drift: 2,000, Error reduction coefficient: 0,000, Error: 0,0000 s
abr 04, 2013 12:33:15 PM org.ros.time.RemoteUptimeClock update
INFO: Latency: 31,0000 s, Delta ratio: 0,5000, Drift: 2,000, Error reduction coefficient: 0,000, Error: 0,0000 s
abr 04, 2013 12:33:15 PM org.ros.time.RemoteUptimeClock update
INFO: Latency: 31,0000 s, Delta ratio: 0,5000, Drift: 2,000, Error reduction coefficient: 0,000, Error: 0,0000 s
abr 04, 2013 12:33:15 PM org.ros.time.RemoteUptimeClock update
INFO: Latency: 31,0000 s, Delta ratio: 0,5000, Drift: 2,000, Error reduction coefficient: 0,000, Error: 0,0000 s
abr 04, 2013 12:33:15 PM org.ros.time.RemoteUptimeClock update
INFO: Latency: 31,0000 s, Delta ratio: 0,5000, Drift: 2,000, Error reduction coefficient: 0,000, Error: 0,0000 s
abr 04, 2013 12:33:15 PM org.ros.time.RemoteUptimeClock update
INFO: Latency: 31,0000 s, Delta ratio: 0,5000, Drift: 2,000, Error reduction coefficient: 0,000, Error: 0,0000 s
abr 04, 2013 12:33:15 PM org.ros.time.RemoteUptimeClock update
INFO: Latency: 31,0000 s, Delta ratio: 0,5000, Drift: 2,000, Error reduction coefficient: 0,000, Error: 0,0000 s
abr 04, 2013 12:33:15 PM org.ros.time.RemoteUptimeClock update
INFO: Latency: 31,0000 s, Delta ratio: 0,5000, Drift: 2,000, Error reduction coefficient: 0,000, Error: 0,0000 s
abr 04, 2013 12:33:15 PM org.ros.time.RemoteUptimeClock update
INFO: Latency: 31,0000 s, Delta ratio: 0,5000, Drift: 2,000, Error reduction coefficient: 0,000, Error: 0,0000 s
abr 04, 2013 12:33:15 PM org.ros.time.RemoteUptimeClock update
INFO: Latency: 31,0000 s, Delta ratio: 0,5000, Drift: 2,000, Error reduction coefficient: 0,000, Error: 0,0000 s
abr 04, 2013 12:33:15 PM org.ros.time.RemoteUptimeClock update
INFO: Latency: 31,0000 s, Delta ratio: 0,5000, Drift: 2,000, Error reduction coefficient: 0,000, Error: 0,0000 s
abr 04, 2013 12:33:15 PM org.ros.time.RemoteUptimeClock update
INFO: Latency: 31,0000 s, Delta ratio: 0,5000, Drift: 2,000, Error reduction coefficient: 0,000, Error: 0,0000 s
abr 04, 2013 12:33:15 PM org.ros.time.RemoteUptimeClock update
INFO: Latency: 31,0000 s, Delta ratio: 0,5000, Drift: 2,000, Error reduction coefficient: 0,000, Error: 0,0000 s
abr 04, 2013 12:33:15 PM org.ros.time.RemoteUptimeClock update
INFO: Latency: 31,0000 s, Delta ratio: 0,5000, Drift: 2,000, Error reduction coefficient: 0,000, Error: 0,0000 s
abr 04, 2013 12:33:15 PM org.ros.time.RemoteUptimeClock update
INFO: Latency: 31,0000 s, Delta ratio: 0,5000, Drift: 2,000, Error reduction coefficient: 0,000, Error: 0,0000 s
abr 04, 2013 12:33:15 PM org.ros.time.RemoteUptimeClock update
INFO: Latency: 31,0000 s, Delta ratio: 0,5000, Drift: 2,000, Error reduction coefficient: 0,000, Error: 0,0000 s
abr 04, 2013 12:33:15 PM org.ros.time.RemoteUptimeClock update
INFO: Latency: 31,0000 s, Delta ratio: 0,5000, Drift: 2,000, Error reduction coefficient: 0,000, Error: 0,0000 s
abr 04, 2013 12:33:15 PM org.ros.time.RemoteUptimeClock update
INFO: Latency: 31,0000 s, Delta ratio: 0,5000, Drift: 2,000, Error reduction coefficient: 0,000, Error: 0,0000 s
abr 04, 2013 12:33:15 PM org.ros.time.RemoteUptimeClock update
INFO: Latency: 31,0000 s, Delta ratio: 0,5000, Drift: 2,000, Error reduction coefficient: 0,000, Error: 0,0000 s
abr 04, 2013 12:33:15 PM org.ros.time.RemoteUptimeClock update
INFO: Latency: 31,0000 s, Delta ratio: 0,5000, Drift: 2,000, Error reduction coefficient: 0,000, Error: 0,0000 s
abr 04, 2013 12:33:15 PM org.ros.time.RemoteUptimeClock update
INFO: Latency: 31,0000 s, Delta ratio: 0,5000, Drift: 2,000, Error reduction coefficient: 0,000, Error: 0,0000 s
abr 04, 2013 12:33:15 PM org.ros.time.RemoteUptimeClock update
INFO: Latency: 31,0000 s, Delta ratio: 0,5000, Drift: 2,000, Error reduction coefficient: 0,000, Error: 0,0000 s
abr 04, 2013 12:33:15 PM org.ros.time.RemoteUptimeClock update
INFO: Latency: 31,0000 s, Delta ratio: 0,5000, Drift: 2,000, Error reduction coefficient: 0,000, Error: 0,0000 s
abr 04, 2013 12:33:15 PM org.ros.time.RemoteUptimeClock update
INFO: Latency: 31,0000 s, Delta ratio: 0,5000, Drift: 2,000, Error reduction coefficient: 0,000, Error: 0,0000 s
abr 04, 2013 12:33:15 PM org.ros.time.RemoteUptimeClock update
INFO: Latency: 31,0000 s, Delta ratio: 0,5000, Drift: 2,000, Error reduction coefficient: 0,000, Error: 0,0000 s
abr 04, 2013 12:33:15 PM org.ros.time.RemoteUptimeClock update
INFO: Latency: 31,0000 s, Delta ratio: 0,5000, Drift: 2,000, Error reduction coefficient: 0,000, Error: 0,0000 s
abr 04, 2013 12:33:15 PM org.ros.time.RemoteUptimeClock update
INFO: Latency: 31,0000 s, Delta ratio: 0,5000, Drift: 2,000, Error reduction coefficient: 0,000, Error: 0,0000 s
abr 04, 2013 12:33:15 PM org.ros.time.RemoteUptimeClock update
INFO: Latency: 31,0000 s, Delta ratio: 0,5000, Drift: 2,000, Error reduction coefficient: 0,000, Error: 0,0000 s
abr 04, 2013 12:33:15 PM org.ros.time.RemoteUptimeClock update
INFO: Latency: 31,0000 s, Delta ratio: 0,5000, Drift: 2,000, Error reduction coefficient: 0,000, Error: 0,0000 s
abr 04, 2013 12:33:15 PM org.ros.time.RemoteUptimeClock update
INFO: Latency: 31,0000 s, Delta ratio: 0,5000, Drift: 2,000, Error reduction coefficient: 0,000, Error: 0,0000 s
abr 04, 2013 12:33:15 PM org.ros.time.RemoteUptimeClock update
INFO: Latency: 31,0000 s, Delta ratio: 0,5000, Drift: 2,000, Error reduction coefficient: 0,000, Error: 0,0000 s
abr 04, 2013 12:33:15 PM org.ros.time.RemoteUptimeClock update
INFO: Latency: 31,0000 s, Delta ratio: 0,5000, Drift: 2,000, Error reduction coefficient: 0,000, Error: 0,0000 s
abr 04, 2013 12:33:15 PM org.ros.time.RemoteUptimeClock update
INFO: Latency: 31,0000 s, Delta ratio: 0,5000, Drift: 2,000, Error reduction coefficient: 0,000, Error: 0,0000 s
abr 04, 2013 12:33:15 PM org.ros.time.RemoteUptimeClock update
INFO: Latency: 31,0000 s, Delta ratio: 0,5000, Drift: 2,000, Error reduction coefficient: 0,000, Error: 0,0000 s
abr 04, 2013 12:33:15 PM org.ros.time.RemoteUptimeClock update
INFO: Latency: 31,0000 s, Delta ratio: 0,5000, Drift: 2,000, Error reduction coefficient: 0,000, Error: 0,0000 s
abr 04, 2013 12:33:15 PM org.ros.time.RemoteUptimeClock update
INFO: Latency: 31,0000 s, Delta ratio: 0,5000, Drift: 2,000, Error reduction coefficient: 0,000, Error: 0,0000 s
abr 04, 2013 12:33:15 PM org.ros.time.RemoteUptimeClock update
INFO: Latency: 31,0000 s, Delta ratio: 0,5000, Drift: 2,000, Error reduction coefficient: 0,000, Error: 0,0000 s
abr 04, 2013 12:33:15 PM org.ros.time.RemoteUptimeClock update
INFO: Latency: 31,0000 s, Delta ratio: 0,5000, Drift: 2,000, Error reduction coefficient: 0,000, Error: 0,0000 s
abr 04, 2013 12:33:15 PM org.ros.time.RemoteUptimeClock update
INFO: Latency: 31,0000 s, Delta ratio: 0,5000, Drift: 2,000, Error reduction coefficient: 0,000, Error: 0,0000 s
abr 04, 2013 12:33:15 PM org.ros.time.RemoteUptimeClock update
INFO: Latency: 31,0000 s, Delta ratio: 0,5000, Drift: 2,000, Error reduction coefficient: 0,000, Error: 0,0000 s
abr 04, 2013 12:33:15 PM org.ros.time.RemoteUptimeClock update
INFO: Latency: 31,0000 s, Delta ratio: 0,5000, Drift: 2,000, Error reduction coefficient: 0,000, Error: 0,0000 s
abr 04, 2013 12:33:15 PM org.ros.time.RemoteUptimeClock update
INFO: Latency: 31,0000 s, Delta ratio: 0,5000, Drift: 2,000, Error reduction coefficient: 0,000, Error: 0,0000 s
abr 04, 2013 12:33:15 PM org.ros.time.RemoteUptimeClock update
INFO: Latency: 31,0000 s, Delta ratio: 0,5000, Drift: 2,000, Error reduction coefficient: 0,000, Error: 0,0000 s
abr 04, 2013 12:33:15 PM org.ros.time.RemoteUptimeClock update
INFO: Latency: 31,0000 s, Delta ratio: 0,5000, Drift: 2,000, Error reduction coefficient: 0,000, Error: 0,0000 s
abr 04, 2013 12:33:15 PM org.ros.time.RemoteUptimeClock update
INFO: Latency: 31,0000 s, Delta ratio: 0,5000, Drift: 2,000, Error reduction coefficient: 0,000, Error: 0,0000 s
abr 04, 2013 12:33:15 PM org.ros.time.RemoteUptimeClock update
INFO: Latency: 31,0000 s, Delta ratio: 0,5000, Drift: 2,000, Error reduction coefficient: 0,000, Error: 0,0000 s
abr 04, 2013 12:33:15 PM org.ros.time.RemoteUptimeClock update
INFO: Latency: 31,0000 s, Delta ratio: 0,5000, Drift: 2,000, Error reduction coefficient: 0,000, Error: 0,0000 s
abr 04, 2013 12:33:15 PM org.ros.time.RemoteUptimeClock update
INFO: Latency: 31,0000 s, Delta ratio: 0,5000, Drift: 2,000, Error reduction coefficient: 0,000, Error: 0,0000 s
abr 04, 2013 12:33:15 PM org.ros.time.RemoteUptimeClock update
INFO: Latency: 31,0000 s, Delta ratio: 0,5000, Drift: 2,000, Error reduction coefficient: 0,000, Error: 0,0000 s
abr 04, 2013 12:33:15 PM org.ros.time.RemoteUptimeClock update
INFO: Latency: 31,0000 s, Delta ratio: 0,5000, Drift: 2,000, Error reduction coefficient: 0,000, Error: 0,0000 s
abr 04, 2013 12:33:15 PM org.ros.time.RemoteUptimeClock update
INFO: Latency: 31,0000 s, Delta ratio: 0,5000, Drift: 2,000, Error reduction coefficient: 0,000, Error: 0,0000 s
abr 04, 2013 12:33:15 PM org.ros.time.RemoteUptimeClock update
INFO: Latency: 31,0000 s, Delta ratio: 0,5000, Drift: 2,000, Error reduction coefficient: 0,000, Error: 0,0000 s
abr 04, 2013 12:33:15 PM org.ros.time.RemoteUptimeClock update
INFO: Latency: 31,0000 s, Delta ratio: 0,5000, Drift: 2,000, Error reduction coefficient: 0,000, Error: 0,0000 s
abr 04, 2013 12:33:15 PM org.ros.time.RemoteUptimeClock update
INFO: Latency: 31,0000 s, Delta ratio: 0,5000, Drift: 2,000, Error reduction coefficient: 0,000, Error: 0,0000 s
abr 04, 2013 12:33:15 PM org.ros.time.RemoteUptimeClock update
INFO: Latency: 31,0000 s, Delta ratio: 0,5000, Drift: 2,000, Error reduction coefficient: 0,000, Error: 0,0000 s
abr 04, 2013 12:33:15 PM org.ros.time.RemoteUptimeClock update
INFO: Latency: 31,0000 s, Delta ratio: 0,5000, Drift: 2,000, Error reduction coefficient: 0,000, Error: 0,0000 s
abr 04, 2013 12:33:15 PM org.ros.time.RemoteUptimeClock update
INFO: Latency: 31,0000 s, Delta ratio: 0,5000, Drift: 2,000, Error reduction coefficient: 0,000, Error: 0,0000 s
abr 04, 2013 12:33:15 PM org.ros.time.RemoteUptimeClock update
INFO: Latency: 31,0000 s, Delta ratio: 0,5000, Drift: 2,000, Error reduction coefficient: 0,000, Error: 0,0000 s
abr 04, 2013 12:33:15 PM org.ros.time.RemoteUptimeClock update
INFO: Latency: 31,0000 s, Delta ratio: 0,5000, Drift: 2,000, Error reduction coefficient: 0,000, Error: 0,0000 s
abr 04, 2013 12:33:15 PM org.ros.time.RemoteUptimeClock update
INFO: Latency: 31,0000 s, Delta ratio: 0,5000, Drift: 2,000, Error reduction coefficient: 0,000, Error: 0,0000 s
abr 04, 2013 12:33:15 PM org.ros.time.RemoteUptimeClock update
INFO: Latency: 31,0000 s, Delta ratio: 0,5000, Drift: 2,000, Error reduction coefficient: 0,000, Error: 0,0000 s
abr 04, 2013 12:33:15 PM org.ros.time.RemoteUptimeClock update
INFO: Latency: 31,0000 s, Delta ratio: 0,5000, Drift: 2,000, Error reduction coefficient: 0,000, Error: 0,0000 s
abr 04, 2013 12:33:15 PM org.ros.time.RemoteUptimeClock update
INFO: Latency: 31,0000 s, Delta ratio: 0,5000, Drift: 2,000, Error reduction coefficient: 0,000, Error: 0,0000 s
abr 04, 2013 12:33:15 PM org.ros.time.RemoteUptimeClock update
INFO: Latency: 31,0000 s, Delta ratio: 0,5000, Drift: 2,000, Error reduction coefficient: 0,000, Error: 0,0000 s
abr 04, 2013 12:33:15 PM org.ros.time.RemoteUptimeClock update
INFO: Latency: 31,0000 s, Delta ratio: 0,5000, Drift: 2,000, Error reduction coefficient: 0,000, Error: 0,0000 s
abr 04, 2013 12:33:15 PM org.ros.time.RemoteUptimeClock update
INFO: Latency: 31,0000 s, Delta ratio: 0,5000, Drift: 2,000, Error reduction coefficient: 0,000, Error: 0,0000 s
abr 04, 2013 12:33:15 PM org.ros.time.RemoteUptimeClock update
INFO: Latency: 31,0000 s, Delta ratio: 0,5000, Drift: 2,000, Error reduction coefficient: 0,000, Error: 0,0000 s
abr 04, 2013 12:33:15 PM org.ros.time.RemoteUptimeClock update
INFO: Latency: 31,0000 s, Delta ratio: 0,5000, Drift: 2,000, Error reduction coefficient: 0,000, Error: 0,0000 s
abr 04, 2013 12:33:15 PM org.ros.time.RemoteUptimeClock update
INFO: Latency: 31,0000 s, Delta ratio: 0,5000, Drift: 2,000, Error reduction coefficient: 0,000, Error: 0,0000 s
abr 04, 2013 12:33:15 PM org.ros.time.RemoteUptimeClock update
INFO: Latency: 31,0000 s, Delta ratio: 0,5000, Drift: 2,000, Error reduction coefficient: 0,000, Error: 0,0000 s
abr 04, 2013 12:33:15 PM org.ros.time.RemoteUptimeClock update
INFO: Latency: 31,0000 s, Delta ratio: 0,5000, Drift: 2,000, Error reduction coefficient: 0,000, Error: 0,0000 s
abr 04, 2013 12:33:15 PM org.ros.time.RemoteUptimeClock update
INFO: Latency: 31,0000 s, Delta ratio: 0,5000, Drift: 2,000, Error reduction coefficient: 0,000, Error: 0,0000 s
abr 04, 2013 12:33:15 PM org.ros.time.RemoteUptimeClock update
INFO: Latency: 31,0000 s, Delta ratio: 0,5000, Drift: 2,000, Error reduction coefficient: 0,000, Error: 0,0000 s
abr 04, 2013 12:33:15 PM org.ros.time.RemoteUptimeClock update
INFO: Latency: 31,0000 s, Delta ratio: 0,5000, Drift: 2,000, Error reduction coefficient: 0,000, Error: 0,0000 s
abr 04, 2013 12:33:15 PM org.ros.time.RemoteUptimeClock update
INFO: Latency: 31,0000 s, Delta ratio: 0,5000, Drift: 2,000, Error reduction coefficient: 0,000, Error: 0,0000 s
abr 04, 2013 12:33:15 PM org.ros.time.RemoteUptimeClock update
INFO: Latency: 31,0000 s, Delta ratio: 0,5000, Drift: 2,000, Error reduction coefficient: 0,000, Error: 0,0000 s
abr 04, 2013 12:33:15 PM org.ros.time.RemoteUptimeClock update
INFO: Latency: 31,0000 s, Delta ratio: 0,5000, Drift: 2,000, Error reduction coefficient: 0,000, Error: 0,0000 s
abr 04, 2013 12:33:15 PM org.ros.time.RemoteUptimeClock update
INFO: Latency: 31,0000 s, Delta ratio: 0,5000, Drift: 2,000, Error reduction coefficient: 0,000, Error: 0,0000 s
abr 04, 2013 12:33:15 PM org.ros.time.RemoteUptimeClock update
INFO: Latency: 31,0000 s, Delta ratio: 0,5000, Drift: 2,000, Error reduction coefficient: 0,000, Error: 0,0000 s
abr 04, 2013 12:33:15 PM org.ros.time.RemoteUptimeClock update
INFO: Latency: 31,0000 s, Delta ratio: 0,5000, Drift: 2,000, Error reduction coefficient: 0,000, Error: 0,0000 s
abr 04, 2013 12:33:15 PM org.ros.time.RemoteUptimeClock update
INFO: Latency: 31,0000 s, Delta ratio: 0,5000, Drift: 2,000, Error reduction coefficient: 0,000, Error: 0,0000 s
abr 04, 2013 12:33:15 PM org.ros.time.RemoteUptimeClock update
INFO: Latency: 31,0000 s, Delta ratio: 0,5000, Drift: 2,000, Error reduction coefficient: 0,000, Error: 0,0000 s
abr 04, 2013 12:33:15 PM org.ros.time.RemoteUptimeClock update
INFO: Latency: 31,0000 s, Delta ratio: 0,5000, Drift: 2,000, Error reduction coefficient: 0,000, Error: 0,0000 s
abr 04, 2013 12:33:15 PM org.ros.time.RemoteUptimeClock update
INFO: Latency: 31,0000 s, Delta ratio: 0,5000, Drift: 2,000, Error reduction coefficient: 0,000, Error: 0,0000 s
abr 04, 2013 12:33:15 PM org.ros.time.RemoteUptimeClock update
INFO: Latency: 31,0000 s, Delta ratio: 0,5000, Drift: 2,000, Error reduction coefficient: 0,000, Error: 0,0000 s
abr 04, 2013 12:33:15 PM org.ros.time.RemoteUptimeClock update
INFO: Latency: 31,0000 s, Delta ratio: 0,5000, Drift: 2,000, Error reduction coefficient: 0,000, Error: 0,0000 s
abr 04, 2013 12:33:15 PM org.ros.time.RemoteUptimeClock update
INFO: Latency: 31,0000 s, Delta ratio: 0,5000, Drift: 2,000, Error reduction coefficient: 0,000, Error: 0,0000 s
abr 04, 2013 12:33:15 PM org.ros.time.RemoteUptimeClock update
INFO: Latency: 31,0000 s, Delta ratio: 0,5000, Drift: 2,000, Error reduction coefficient: 0,000, Error: 0,0000 s
abr 04, 2013 12:33:15 PM org.ros.time.RemoteUptimeClock update
INFO: Latency: 31,0000 s, Delta ratio: 0,5000, Drift: 2,000, Error reduction coefficient: 0,000, Error: 0,0000 s
abr 04, 2013 12:33:15 PM org.ros.time.RemoteUptimeClock update
INFO: Latency: 31,0000 s, Delta ratio: 0,5000, Drift: 2,000, Error reduction coefficient: 0,000, Error: 0,0000 s
abr 04, 2013 12:33:15 PM org.ros.time.RemoteUptimeClock update
INFO: Latency: 31,0000 s, Delta ratio: 0,5000, Drift: 2,000, Error reduction coefficient: 0,000, Error: 0,0000 s
abr 04, 2013 12:33:15 PM org.ros.time.RemoteUptimeClock update
INFO: Latency: 31,0000 s, Delta ratio: 0,5000, Drift: 2,000, Error reduction coefficient: 0,000, Error: 0,0000 s
abr 04, 2013 12:33:15 PM org.ros.time.RemoteUptimeClock update
INFO: Latency: 31,0000 s, Delta ratio: 0,5000, Drift: 2,000, Error reduction coefficient: 0,000, Error: 0,0000 s
abr 04, 2013 12:33:15 PM org.ros.time.RemoteUptimeClock update
INFO: Latency: 31,0000 s, Delta ratio: 0,5000, Drift: 2,000, Error reduction coefficient: 0,000, Error: 0,0000 s
abr 04, 2013 12:33:15 PM org.ros.time.RemoteUptimeClock update
INFO: Latency: 31,0000 s, Delta ratio: 0,5000, Drift: 2,000, Error reduction coefficient: 0,000, Error: 0,0000 s
abr 04, 2013 12:33:15 PM org.ros.time.RemoteUptimeClock update
INFO: Latency: 31,0000 s, Delta ratio: 0,5000, Drift: 2,000, Error reduction coefficient: 0,000, Error: 0,0000 s
abr 04, 2013 12:33:15 PM org.ros.time.RemoteUptimeClock update
INFO: Latency: 31,0000 s, Delta ratio: 0,5000, Drift: 2,000, Error reduction coefficient: 0,000, Error: 0,0000 s
abr 04, 2013 12:33:15 PM org.ros.time.RemoteUptimeClock update
INFO: Latency: 31,0000 s, Delta ratio: 0,5000, Drift: 2,000, Error reduction coefficient: 0,000, Error: 0,0000 s
abr 04, 2013 12:33:15 PM org.ros.time.RemoteUptimeClock update
INFO: Latency: 31,0000 s, Delta ratio: 0,5000, Drift: 2,000, Error reduction coefficient: 0,000, Error: 0,0000 s
abr 04, 2013 12:33:15 PM org.ros.time.RemoteUptimeClock update
INFO: Latency: 31,0000 s, Delta ratio: 0,5000, Drift: 2,000, Error reduction coefficient: 0,000, Error: 0,0000 s
abr 04, 2013 12:33:15 PM org.ros.time.RemoteUptimeClock update
INFO: Latency: 31,0000 s, Delta ratio: 0,5000, Drift: 2,000, Error reduction coefficient: 0,000, Error: 0,0000 s
abr 04, 2013 12:33:15 PM org.ros.time.RemoteUptimeClock update
INFO: Latency: 31,0000 s, Delta ratio: 0,5000, Drift: 2,000, Error reduction coefficient: 0,000, Error: 0,0000 s
abr 04, 2013 12:33:15 PM org.ros.time.RemoteUptimeClock update
INFO: Latency: 31,0000 s, Delta ratio: 0,5000, Drift: 2,000, Error reduction coefficient: 0,000, Error: 0,0000 s
abr 04, 2013 12:33:15 PM org.ros.time.RemoteUptimeClock update
INFO: Latency: 31,0000 s, Delta ratio: 0,5000, Drift: 2,000, Error reduction coefficient: 0,000, Error: 0,0000 s
abr 04, 2013 12:33:15 PM org.ros.time.RemoteUptimeClock update
INFO: Latency: 31,0000 s, Delta ratio: 0,5000, Drift: 2,000, Error reduction coefficient: 0,000, Error: 0,0000 s
abr 04, 2013 12:33:15 PM org.ros.time.RemoteUptimeClock update
INFO: Latency: 31,0000 s, Delta ratio: 0,5000, Drift: 2,000, Error reduction coefficient: 0,000, Error: 0,0000 s
abr 04, 2013 12:33:15 PM org.ros.time.RemoteUptimeClock update
INFO: Latency: 31,0000 s, Delta ratio: 0,5000, Drift: 2,000, Error reduction coefficient: 0,000, Error: 0,0000 s
abr 04, 2013 12:33:15 PM org.ros.time.RemoteUptimeClock update
INFO: Latency: 31,0000 s, Delta ratio: 0,5000, Drift: 2,000, Error reduction coefficient: 0,000, Error: 0,0000 s
abr 04, 2013 12:33:15 PM org.ros.time.RemoteUptimeClock update
INFO: Latency: 31,0000 s, Delta ratio: 0,5000, Drift: 2,000, Error reduction coefficient: 0,000, Error: 0,0000 s
abr 04, 2013 12:33:15 PM org.ros.time.RemoteUptimeClock update
INFO: Latency: 31,0000 s, Delta ratio: 0,5000, Drift: 2,000, Error reduction coefficient: 0,000, Error: 0,0000 s
abr 04, 2013 12:33:15 PM org.ros.time.RemoteUptimeClock update
INFO: Latency: 31,0000 s, Delta ratio: 0,5000, Drift: 2,000, Error reduction coefficient: 0,000, Error: 0,0000 s
abr 04, 2013 12:33:15 PM org.ros.time.RemoteUptimeClock update
INFO: Latency: 31,0000 s, Delta ratio: 0,5000, Drift: 2,000, Error reduction coefficient: 0,000, Error: 0,0000 s
abr 04, 2013 12:33:15 PM org.ros.time.RemoteUptimeClock update
INFO: Latency: 31,0000 s, Delta ratio: 0,5000, Drift: 2,000, Error reduction coefficient: 0,000, Error: 0,0000 s
abr 04, 2013 12:33:15 PM org.ros.time.RemoteUptimeClock update
INFO: Latency: 31,0000 s, Delta ratio: 0,5000, Drift: 2,000, Error reduction coefficient: 0,000, Error: 0,0000 s
abr 04, 2013 12:33:15 PM org.ros.time.RemoteUptimeClock update
INFO: Latency: 31,0000 s, Delta ratio: 0,5000, Drift: 2,000, Error reduction coefficient: 0,000, Error: 0,0000 s
abr 04, 2013 12:33:15 PM org.ros.time.RemoteUptimeClock update
INFO: Latency: 31,0000 s, Delta ratio: 0,5000, Drift: 2,000, Error reduction coefficient: 0,000, Error: 0,0000 s
abr 04, 2013 12:33:15 PM org.ros.time.RemoteUptimeClock update
INFO: Latency: 31,0000 s, Delta ratio: 0,5000, Drift: 2,000, Error reduction coefficient: 0,000, Error: 0,0000 s
abr 04, 2013 12:33:15 PM org.ros.time.RemoteUptimeClock update
INFO: Latency: 31,0000 s, Delta ratio: 0,5000, Drift: 2,000, Error reduction coefficient: 0,000, Error: 0,0000 s
abr 04, 2013 12:33:15 PM org.ros.time.RemoteUptimeClock update
INFO: Latency: 31,0000 s, Delta ratio: 0,5000, Drift: 2,000, Error reduction coefficient: 0,000, Error: 0,0000 s
abr 04, 2013 12:33:15 PM org.ros.time.RemoteUptimeClock update
INFO: Latency: 31,0000 s, Delta ratio: 0,5000, Drift: 2,000, Error reduction coefficient: 0,000, Error: 0,0000 s
abr 04, 2013 12:33:15 PM org.ros.time.RemoteUptimeClock update
INFO: Latency: 31,0000 s, Delta ratio: 0,5000, Drift: 2,000, Error reduction coefficient: 0,000, Error: 0,0000 s
abr 04, 2013 12:33:15 PM org.ros.time.RemoteUptimeClock update
INFO: Latency: 31,0000 s, Delta ratio: 0,5000, Drift: 2,000, Error reduction coefficient: 0,000, Error: 0,0000 s
abr 04, 2013 12:33:15 PM org.ros.time.RemoteUptimeClock update
INFO: Latency: 31,0000 s, Delta ratio: 0,5000, Drift: 2,000, Error reduction coefficient: 0,000, Error: 0,0000 s
abr 04, 2013 12:33:15 PM org.ros.time.RemoteUptimeClock update
INFO: Latency: 31,0000 s, Delta ratio: 0,5000, Drift: 2,000, Error reduction coefficient: 0,000, Error: 0,0000 s
abr 04, 2013 12:33:15 PM org.ros.time.RemoteUptimeClock update
INFO: Latency: 31,0000 s, Delta ratio: 0,5000, Drift: 2,000, Error reduction coefficient: 0,000, Error: 0,0000 s
abr 04, 2013 12:33:15 PM org.ros.time.RemoteUptimeClock update
INFO: Latency: 31,0000 s, Delta ratio: 0,5000, Drift: 2,000, Error reduction coefficient: 0,000, Error: 0,0000 s
abr 04, 2013 12:33:15 PM org.ros.time.RemoteUptimeClock update
INFO: Latency: 31,0000 s, Delta ratio: 0,5000, Drift: 2,000, Error reduction coefficient: 0,000, Error: 0,0000 s
abr 04, 2013 12:33:15 PM org.ros.time.RemoteUptimeClock update
INFO: Latency: 31,0000 s, Delta ratio: 0,5000, Drift: 2,000, Error reduction coefficient: 0,000, Error: 0,0000 s
abr 04, 2013 12:33:15 PM org.ros.time.RemoteUptimeClock update
INFO: Latency: 31,0000 s, Delta ratio: 0,5000, Drift: 2,000, Error reduction coefficient: 0,000, Error: 0,0000 s
abr 04, 2013 12:33:15 PM org.ros.time.RemoteUptimeClock update
INFO: Latency: 31,0000 s, Delta ratio: 0,5000, Drift: 2,000, Error reduction coefficient: 0,000, Error: 0,0000 s
abr 04, 2013 12:33:15 PM org.ros.time.RemoteUptimeClock update
INFO: Latency: 31,0000 s, Delta ratio: 0,5000, Drift: 2,000, Error reduction coefficient: 0,000, Error: 0,0000 s
abr 04, 2013 12:33:15 PM org.ros.time.RemoteUptimeClock update
INFO: Latency: 31,0000 s, Delta ratio: 0,5000, Drift: 2,000, Error reduction coefficient: 0,000, Error: 0,0000 s
abr 04, 2013 12:33:15 PM org.ros.time.RemoteUptimeClock update
INFO: Latency: 31,0000 s, Delta ratio: 0,5000, Drift: 2,000, Error reduction coefficient: 0,000, Error: 0,0000 s
abr 04, 2013 12:33:15 PM org.ros.time.RemoteUptimeClock update
INFO: Latency: 31,0000 s, Delta ratio: 0,5000, Drift: 2,000, Error reduction coefficient: 0,000, Error: 0,0000 s
abr 04, 2013 12:33:15 PM org.ros.time.RemoteUptimeClock update
INFO: Latency: 31,0000 s, Delta ratio: 0,5000, Drift: 2,000, Error reduction coefficient: 0,000, Error: 0,0000 s
abr 04, 2013 12:33:15 PM org.ros.time.RemoteUptimeClock update
INFO: Latency: 31,0000 s, Delta ratio: 0,5000, Drift: 2,000, Error reduction coefficient: 0,000, Error: 0,0000 s
abr 04, 2013 12:33:15 PM org.ros.time.RemoteUptimeClock update
INFO: Latency: 31,0000 s, Delta ratio: 0,5000, Drift: 2,000, Error reduction coefficient: 0,000, Error: 0,0000 s
abr 04, 2013 12:33:15 PM org.ros.time.RemoteUptimeClock update
INFO: Latency: 31,0000 s, Delta ratio: 0,5000, Drift: 2,000, Error reduction coefficient: 0,000, Error: 0,0000 s
abr 04, 2013 12:33:15 PM org.ros.time.RemoteUptimeClock update
INFO: Latency: 31,0000 s, Delta ratio: 0,5000, Drift: 2,000, Error reduction coefficient: 0,000, Error: 0,0000 s
abr 04, 2013 12:33:15 PM org.ros.time.RemoteUptimeClock update
INFO: Latency: 31,0000 s, Delta ratio: 0,5000, Drift: 2,000, Error reduction coefficient: 0,000, Error: 0,0000 s
abr 04, 2013 12:33:15 PM org.ros.time.RemoteUptimeClock update
INFO: Latency: 31,0000 s, Delta ratio: 0,5000, Drift: 2,000, Error reduction coefficient: 0,000, Error: 0,0000 s
abr 04, 2013 12:33:15 PM org.ros.time.RemoteUptimeClock update
INFO: Latency: 31,0000 s, Delta ratio: 0,5000, Drift: 2,000, Error reduction coefficient: 0,000, Error: 0,0000 s
abr 04, 2013 12:33:15 PM org.ros.time.RemoteUptimeClock update
INFO: Latency: 31,0000 s, Delta ratio: 0,5000, Drift: 2,000, Error reduction coefficient: 0,000, Error: 0,0000 s
abr 04, 2013 12:33:15 PM org.ros.time.RemoteUptimeClock update
INFO: Latency: 31,0000 s, Delta ratio: 0,5000, Drift: 2,000, Error reduction coefficient: 0,000, Error: 0,0000 s
abr 04, 2013 12:33:15 PM org.ros.time.RemoteUptimeClock update
INFO: Latency: 31,0000 s, Delta ratio: 0,5000, Drift: 2,000, Error reduction coefficient: 0,000, Error: 0,0000 s
abr 04, 2013 12:33:15 PM org.ros.time.RemoteUptimeClock update
INFO: Latency: 31,0000 s, Delta ratio: 0,5000, Drift: 2,000, Error reduction coefficient: 0,000, Error: 0,0000 s
abr 04, 2013 12:33:15 PM org.ros.time.RemoteUptimeClock update
INFO: Latency: 31,0000 s, Delta ratio: 0,5000, Drift: 2,000, Error reduction coefficient: 0,000, Error: 0,0000 s
abr 04, 2013 12:33:15 PM org.ros.time.RemoteUptimeClock update
INFO: Latency: 31,0000 s, Delta ratio: 0,5000, Drift: 2,000, Error reduction coefficient: 0,000, Error: 0,0000 s
abr 04, 2013 12:33:15 PM org.ros.time.RemoteUptimeClock update
INFO: Latency: 31,0000 s, Delta ratio: 0,5000, Drift: 2,000, Error reduction coefficient: 0,000, Error: 0,0000 s
abr 04, 2013 12:33:15 PM org.ros.time.RemoteUptimeClock update
INFO: Latency: 31,0000 s, Delta ratio: 0,5000, Drift: 2,000, Error reduction coefficient: 0,000, Error: 0,0000 s
abr 04, 2013 12:33:15 PM org.ros.time.RemoteUptimeClock update
INFO: Latency: 31,0000 s, Delta ratio: 0,5000, Drift: 2,000, Error reduction coefficient: 0,000, Error: 0,0000 s
abr 04, 2013 12:33:15 PM org.ros.time.RemoteUptimeClock update
INFO: Latency: 31,0000 s, Delta ratio: 0,5000, Drift: 2,000, Error reduction coefficient: 0,000, Error: 0,0000 s
abr 04, 2013 12:33:15 PM org.ros.time.RemoteUptimeClock update
INFO: Latency: 31,0000 s, Delta ratio: 0,5000, Drift: 2,000, Error reduction coefficient: 0,000, Error: 0,0000 s
abr 04, 2013 12:33:15 PM org.ros.time.RemoteUptimeClock update
INFO: Latency: 31,0000 s, Delta ratio: 0,5000, Drift: 2,000, Error reduction coefficient: 0,000, Error: 0,0000 s
abr 04, 2013 12:33:15 PM org.ros.time.RemoteUptimeClock update
INFO: Latency: 31,0000 s, Delta ratio: 0,5000, Drift: 2,000, Error reduction coefficient: 0,000, Error: 0,0000 s
abr 04, 2013 12:33:15 PM org.ros.time.RemoteUptimeClock update
INFO: Latency: 31,0000 s, Delta ratio: 0,5000, Drift: 2,000, Error reduction coefficient: 0,000, Error: 0,0000 s
abr 04, 2013 12:33:15 PM org.ros.time.RemoteUptimeClock update
INFO: Latency: 31,0000 s, Delta ratio: 0,5000, Drift: 2,000, Error reduction coefficient: 0,000, Error: 0,0000 s
abr 04, 2013 12:33:15 PM org.ros.time.RemoteUptimeClock update
INFO: Latency: 31,0000 s, Delta ratio: 0,5000, Drift: 2,000, Error reduction coefficient: 0,000, Error: 0,0000 s
abr 04, 2013 12:33:15 PM org.ros.time.RemoteUptimeClock update
INFO: Latency: 31,0000 s, Delta ratio: 0,5000, Drift: 2,000, Error reduction coefficient: 0,000, Error: 0,0000 s
abr 04, 2013 12:33:15 PM org.ros.time.RemoteUptimeClock update
INFO: Latency: 31,0000 s, Delta ratio: 0,5000, Drift: 2,000, Error reduction coefficient: 0,000, Error: 0,0000 s
abr 04, 2013 12:33:15 PM org.ros.time.RemoteUptimeClock update
INFO: Latency: 31,0000 s, Delta ratio: 0,5000, Drift: 2,000, Error reduction coefficient: 0,000, Error: 0,0000 s
abr 04, 2013 12:33:15 PM org.ros.time.RemoteUptimeClock update
INFO: Latency: 31,0000 s, Delta ratio: 0,5000, Drift: 2,000, Error reduction coefficient: 0,000, Error: 0,0000 s
abr 04, 2013 12:33:15 PM org.ros.time.RemoteUptimeClock update
INFO: Latency: 31,0000 s, Delta ratio: 0,5000, Drift: 2,000, Error reduction coefficient: 0,000, Error: 0,0000 s
abr 04, 2013 12:33:15 PM org.ros.time.RemoteUptimeClock update
INFO: Latency: 31,0000 s, Delta ratio: 0,5000, Drift: 2,000, Error reduction coefficient: 0,000, Error: 0,0000 s
abr 04, 2013 12:33:15 PM org.ros.time.RemoteUptimeClock update
INFO: Latency: 31,0000 s, Delta ratio: 0,5000, Drift: 2,000, Error reduction coefficient: 0,000, Error: 0,0000 s
abr 04, 2013 12:33:15 PM org.ros.time.RemoteUptimeClock update
INFO: Latency: 31,0000 s, Delta ratio: 0,5000, Drift: 2,000, Error reduction coefficient: 0,000, Error: 0,0000 s
abr 04, 2013 12:33:15 PM org.ros.time.RemoteUptimeClock update
INFO: Latency: 31,0000 s, Delta ratio: 0,5000, Drift: 2,000, Error reduction coefficient: 0,000, Error: 0,0000 s
abr 04, 2013 12:33:15 PM org.ros.time.RemoteUptimeClock update
INFO: Latency: 31,0000 s, Delta ratio: 0,5000, Drift: 2,000, Error reduction coefficient: 0,000, Error: 0,0000 s
abr 04, 2013 12:33:15 PM org.ros.time.RemoteUptimeClock update
INFO: Latency: 31,0000 s, Delta ratio: 0,5000, Drift: 2,000, Error reduction coefficient: 0,000, Error: 0,0000 s
abr 04, 2013 12:33:15 PM org.ros.time.RemoteUptimeClock update
INFO: Latency: 31,0000 s, Delta ratio: 0,5000, Drift: 2,000, Error reduction coefficient: 0,000, Error: 0,0000 s
abr 04, 2013 12:33:15 PM org.ros.time.RemoteUptimeClock update
INFO: Latency: 31,0000 s, Delta ratio: 0,5000, Drift: 2,000, Error reduction coefficient: 0,000, Error: 0,0000 s
abr 04, 2013 12:33:15 PM org.ros.time.RemoteUptimeClock update
INFO: Latency: 31,0000 s, Delta ratio: 0,5000, Drift: 2,000, Error reduction coefficient: 0,000, Error: 0,0000 s
abr 04, 2013 12:33:15 PM org.ros.time.RemoteUptimeClock update
INFO: Latency: 31,0000 s, Delta ratio: 0,5000, Drift: 2,000, Error reduction coefficient: 0,000, Error: 0,0000 s
abr 04, 2013 12:33:15 PM org.ros.time.RemoteUptimeClock update
INFO: Latency: 31,0000 s, Delta ratio: 0,5000, Drift: 2,000, Error reduction coefficient: 0,000, Error: 0,0000 s
abr 04, 2013 12:33:15 PM org.ros.time.RemoteUptimeClock update
INFO: Latency: 31,0000 s, Delta ratio: 0,5000, Drift: 2,000, Error reduction coefficient: 0,000, Error: 0,0000 s
abr 04, 2013 12:33:15 PM org.ros.time.RemoteUptimeClock update
INFO: Latency: 31,0000 s, Delta ratio: 0,5000, Drift: 2,000, Error reduction coefficient: 0,000, Error: 0,0000 s
abr 04, 2013 12:33:15 PM org.ros.time.RemoteUptimeClock update
INFO: Latency: 31,0000 s, Delta ratio: 0,5000, Drift: 2,000, Error reduction coefficient: 0,000, Error: 0,0000 s
abr 04, 2013 12:33:15 PM org.ros.time.RemoteUptimeClock update
INFO: Latency: 31,0000 s, Delta ratio: 0,5000, Drift: 2,000, Error reduction coefficient: 0,000, Error: 0,0000 s
abr 04, 2013 12:33:15 PM org.ros.time.RemoteUptimeClock update
INFO: Latency: 31,0000 s, Delta ratio: 0,5000, Drift: 2,000, Error reduction coefficient: 0,000, Error: 0,0000 s
abr 04, 2013 12:33:15 PM org.ros.time.RemoteUptimeClock update
INFO: Latency: 31,0000 s, Delta ratio: 0,5000, Drift: 2,000, Error reduction coefficient: 0,000, Error: 0,0000 s
abr 04, 2013 12:33:15 PM org.ros.time.RemoteUptimeClock update
INFO: Latency: 31,0000 s, Delta ratio: 0,5000, Drift: 2,000, Error reduction coefficient: 0,000, Error: 0,0000 s
abr 04, 2013 12:33:15 PM org.ros.time.RemoteUptimeClock update
INFO: Latency: 31,0000 s, Delta ratio: 0,5000, Drift: 2,000, Error reduction coefficient: 0,000, Error: 0,0000 s
abr 04, 2013 12:33:15 PM org.ros.time.RemoteUptimeClock update
INFO: Latency: 31,0000 s, Delta ratio: 0,5000, Drift: 2,000, Error reduction coefficient: 0,000, Error: 0,0000 s
abr 04, 2013 12:33:15 PM org.ros.time.RemoteUptimeClock update
INFO: Latency: 31,0000 s, Delta ratio: 0,5000, Drift: 2,000, Error reduction coefficient: 0,000, Error: 0,0000 s
abr 04, 2013 12:33:15 PM org.ros.time.RemoteUptimeClock update
INFO: Latency: 31,0000 s, Delta ratio: 0,5000, Drift: 2,000, Error reduction coefficient: 0,000, Error: 0,0000 s
abr 04, 2013 12:33:15 PM org.ros.time.RemoteUptimeClock update
INFO: Latency: 31,0000 s, Delta ratio: 0,5000, Drift: 2,000, Error reduction coefficient: 0,000, Error: 0,0000 s
abr 04, 2013 12:33:15 PM org.ros.time.RemoteUptimeClock update
INFO: Latency: 31,0000 s, Delta ratio: 0,5000, Drift: 2,000, Error reduction coefficient: 0,000, Error: 0,0000 s
abr 04, 2013 12:33:15 PM org.ros.time.RemoteUptimeClock update
INFO: Latency: 31,0000 s, Delta ratio: 0,5000, Drift: 2,000, Error reduction coefficient: 0,000, Error: 0,0000 s
abr 04, 2013 12:33:15 PM org.ros.time.RemoteUptimeClock update
INFO: Latency: 31,0000 s, Delta ratio: 0,5000, Drift: 2,000, Error reduction coefficient: 0,000, Error: 0,0000 s
abr 04, 2013 12:33:15 PM org.ros.time.RemoteUptimeClock update
INFO: Latency: 31,0000 s, Delta ratio: 0,5000, Drift: 2,000, Error reduction coefficient: 0,000, Error: 0,0000 s
abr 04, 2013 12:33:15 PM org.ros.time.RemoteUptimeClock update
INFO: Latency: 31,0000 s, Delta ratio: 0,5000, Drift: 2,000, Error reduction coefficient: 0,000, Error: 0,0000 s
abr 04, 2013 12:33:15 PM org.ros.time.RemoteUptimeClock update
INFO: Latency: 31,0000 s, Delta ratio: 0,5000, Drift: 2,000, Error reduction coefficient: 0,000, Error: 0,0000 s
abr 04, 2013 12:33:15 PM org.ros.time.RemoteUptimeClock update
INFO: Latency: 31,0000 s, Delta ratio: 0,5000, Drift: 2,000, Error reduction coefficient: 0,000, Error: 0,0000 s
abr 04, 2013 12:33:15 PM org.ros.time.RemoteUptimeClock update
INFO: Latency: 31,0000 s, Delta ratio: 0,5000, Drift: 2,000, Error reduction coefficient: 0,000, Error: 0,0000 s
abr 04, 2013 12:33:15 PM org.ros.time.RemoteUptimeClock update
INFO: Latency: 31,0000 s, Delta ratio: 0,5000, Drift: 2,000, Error reduction coefficient: 0,000, Error: 0,0000 s
abr 04, 2013 12:33:15 PM org.ros.time.RemoteUptimeClock update
INFO: Latency: 31,0000 s, Delta ratio: 0,5000, Drift: 2,000, Error reduction coefficient: 0,000, Error: 0,0000 s
abr 04, 2013 12:33:15 PM org.ros.time.RemoteUptimeClock update
INFO: Latency: 31,0000 s, Delta ratio: 0,5000, Drift: 2,000, Error reduction coefficient: 0,000, Error: 0,0000 s
abr 04, 2013 12:33:15 PM org.ros.time.RemoteUptimeClock update
INFO: Latency: 31,0000 s, Delta ratio: 0,5000, Drift: 2,000, Error reduction coefficient: 0,000, Error: 0,0000 s
abr 04, 2013 12:33:15 PM org.ros.time.RemoteUptimeClock update
INFO: Latency: 31,0000 s, Delta ratio: 0,5000, Drift: 2,000, Error reduction coefficient: 0,000, Error: 0,0000 s
abr 04, 2013 12:33:15 PM org.ros.time.RemoteUptimeClock update
INFO: Latency: 31,0000 s, Delta ratio: 0,5000, Drift: 2,000, Error reduction coefficient: 0,000, Error: 0,0000 s
abr 04, 2013 12:33:15 PM org.ros.time.RemoteUptimeClock update
INFO: Latency: 31,0000 s, Delta ratio: 0,5000, Drift: 2,000, Error reduction coefficient: 0,000, Error: 0,0000 s
abr 04, 2013 12:33:15 PM org.ros.time.RemoteUptimeClock update
INFO: Latency: 31,0000 s, Delta ratio: 0,5000, Drift: 2,000, Error reduction coefficient: 0,000, Error: 0,0000 s
abr 04, 2013 12:33:15 PM org.ros.time.RemoteUptimeClock update
INFO: Latency: 31,0000 s, Delta ratio: 0,5000, Drift: 2,000, Error reduction coefficient: 0,000, Error: 0,0000 s
abr 04, 2013 12:33:15 PM org.ros.time.RemoteUptimeClock update
INFO: Latency: 31,0000 s, Delta ratio: 0,5000, Drift: 2,000, Error reduction coefficient: 0,000, Error: 0,0000 s
abr 04, 2013 12:33:15 PM org.ros.time.RemoteUptimeClock update
INFO: Latency: 31,0000 s, Delta ratio: 0,5000, Drift: 2,000, Error reduction coefficient: 0,000, Error: 0,0000 s
abr 04, 2013 12:33:15 PM org.ros.time.RemoteUptimeClock update
INFO: Latency: 31,0000 s, Delta ratio: 0,5000, Drift: 2,000, Error reduction coefficient: 0,000, Error: 0,0000 s
abr 04, 2013 12:33:15 PM org.ros.time.RemoteUptimeClock update
INFO: Latency: 31,0000 s, Delta ratio: 0,5000, Drift: 2,000, Error reduction coefficient: 0,000, Error: 0,0000 s
abr 04, 2013 12:33:15 PM org.ros.time.RemoteUptimeClock update
INFO: Latency: 31,0000 s, Delta ratio: 0,5000, Drift: 2,000, Error reduction coefficient: 0,000, Error: 0,0000 s
abr 04, 2013 12:33:15 PM org.ros.time.RemoteUptimeClock update
INFO: Latency: 31,0000 s, Delta ratio: 0,5000, Drift: 2,000, Error reduction coefficient: 0,000, Error: 0,0000 s
abr 04, 2013 12:33:15 PM org.ros.time.RemoteUptimeClock update
INFO: Latency: 31,0000 s, Delta ratio: 0,5000, Drift: 2,000, Error reduction coefficient: 0,000, Error: 0,0000 s
abr 04, 2013 12:33:15 PM org.ros.time.RemoteUptimeClock update
INFO: Latency: 31,0000 s, Delta ratio: 0,5000, Drift: 2,000, Error reduction coefficient: 0,000, Error: 0,0000 s
abr 04, 2013 12:33:15 PM org.ros.time.RemoteUptimeClock update
INFO: Latency: 31,0000 s, Delta ratio: 0,5000, Drift: 2,000, Error reduction coefficient: 0,000, Error: 0,0000 s
abr 04, 2013 12:33:15 PM org.ros.time.RemoteUptimeClock update
INFO: Latency: 31,0000 s, Delta ratio: 0,5000, Drift: 2,000, Error reduction coefficient: 0,000, Error: 0,0000 s
abr 04, 2013 12:33:15 PM org.ros.time.RemoteUptimeClock update
INFO: Latency: 31,0000 s, Delta ratio: 0,5000, Drift: 2,000, Error reduction coefficient: 0,000, Error: 0,0000 s
abr 04, 2013 12:33:15 PM org.ros.time.RemoteUptimeClock update
INFO: Latency: 31,0000 s, Delta ratio: 0,5000, Drift: 2,000, Error reduction coefficient: 0,000, Error: 0,0000 s
abr 04, 2013 12:33:15 PM org.ros.time.RemoteUptimeClock update
INFO: Latency: 31,0000 s, Delta ratio: 0,5000, Drift: 2,000, Error reduction coefficient: 0,000, Error: 0,0000 s
abr 04, 2013 12:33:15 PM org.ros.time.RemoteUptimeClock update
INFO: Latency: 31,0000 s, Delta ratio: 0,5000, Drift: 2,000, Error reduction coefficient: 0,000, Error: 0,0000 s
abr 04, 2013 12:33:15 PM org.ros.time.RemoteUptimeClock update
INFO: Latency: 31,0000 s, Delta ratio: 0,5000, Drift: 2,000, Error reduction coefficient: 0,000, Error: 0,0000 s
abr 04, 2013 12:33:15 PM org.ros.time.RemoteUptimeClock update
INFO: Latency: 31,0000 s, Delta ratio: 0,5000, Drift: 2,000, Error reduction coefficient: 0,000, Error: 0,0000 s
abr 04, 2013 12:33:15 PM org.ros.time.RemoteUptimeClock update
INFO: Latency: 31,0000 s, Delta ratio: 0,5000, Drift: 2,000, Error reduction coefficient: 0,000, Error: 0,0000 s
abr 04, 2013 12:33:15 PM org.ros.time.RemoteUptimeClock update
INFO: Latency: 31,0000 s, Delta ratio: 0,5000, Drift: 2,000, Error reduction coefficient: 0,000, Error: 0,0000 s
abr 04, 2013 12:33:15 PM org.ros.time.RemoteUptimeClock update
INFO: Latency: 31,0000 s, Delta ratio: 0,5000, Drift: 2,000, Error reduction coefficient: 0,000, Error: 0,0000 s
abr 04, 2013 12:33:15 PM org.ros.time.RemoteUptimeClock update
INFO: Latency: 31,0000 s, Delta ratio: 0,5000, Drift: 2,000, Error reduction coefficient: 0,000, Error: 0,0000 s
abr 04, 2013 12:33:15 PM org.ros.time.RemoteUptimeClock update
INFO: Latency: 31,0000 s, Delta ratio: 0,5000, Drift: 2,000, Error reduction coefficient: 0,000, Error: 0,0000 s
abr 04, 2013 12:33:15 PM org.ros.time.RemoteUptimeClock update
INFO: Latency: 31,0000 s, Delta ratio: 0,5000, Drift: 2,000, Error reduction coefficient: 0,000, Error: 0,0000 s
abr 04, 2013 12:33:15 PM org.ros.time.RemoteUptimeClock update
INFO: Latency: 31,0000 s, Delta ratio: 0,5000, Drift: 2,000, Error reduction coefficient: 0,000, Error: 0,0000 s
abr 04, 2013 12:33:15 PM org.ros.time.RemoteUptimeClock update
INFO: Latency: 31,0000 s, Delta ratio: 0,5000, Drift: 2,000, Error reduction coefficient: 0,000, Error: 0,0000 s
abr 04, 2013 12:33:15 PM org.ros.time.RemoteUptimeClock update
INFO: Latency: 31,0000 s, Delta ratio: 0,5000, Drift: 2,000, Error reduction coefficient: 0,000, Error: 0,0000 s
abr 04, 2013 12:33:15 PM org.ros.time.RemoteUptimeClock update
INFO: Latency: 31,0000 s, Delta ratio: 0,5000, Drift: 2,000, Error reduction coefficient: 0,000, Error: 0,0000 s
abr 04, 2013 12:33:15 PM org.ros.time.RemoteUptimeClock update
INFO: Latency: 31,0000 s, Delta ratio: 0,5000, Drift: 2,000, Error reduction coefficient: 0,000, Error: 0,0000 s
abr 04, 2013 12:33:15 PM org.ros.time.RemoteUptimeClock update
INFO: Latency: 31,0000 s, Delta ratio: 0,5000, Drift: 2,000, Error reduction coefficient: 0,000, Error: 0,0000 s
abr 04, 2013 12:33:15 PM org.ros.time.RemoteUptimeClock update
INFO: Latency: 31,0000 s, Delta ratio: 0,5000, Drift: 2,000, Error reduction coefficient: 0,000, Error: 0,0000 s
abr 04, 2013 12:33:15 PM org.ros.time.RemoteUptimeClock update
INFO: Latency: 31,0000 s, Delta ratio: 0,5000, Drift: 2,000, Error reduction coefficient: 0,000, Error: 0,0000 s
abr 04, 2013 12:33:15 PM org.ros.time.RemoteUptimeClock update
INFO: Latency: 31,0000 s, Delta ratio: 0,5000, Drift: 2,000, Error reduction coefficient: 0,000, Error: 0,0000 s
abr 04, 2013 12:33:15 PM org.ros.time.RemoteUptimeClock update
INFO: Latency: 31,0000 s, Delta ratio: 0,5000, Drift: 2,000, Error reduction coefficient: 0,000, Error: 0,0000 s
abr 04, 2013 12:33:15 PM org.ros.time.RemoteUptimeClock update
INFO: Latency: 31,0000 s, Delta ratio: 0,5000, Drift: 2,000, Error reduction coefficient: 0,000, Error: 0,0000 s
abr 04, 2013 12:33:15 PM org.ros.time.RemoteUptimeClock update
INFO: Latency: 31,0000 s, Delta ratio: 0,5000, Drift: 2,000, Error reduction coefficient: 0,000, Error: 0,0000 s
abr 04, 2013 12:33:15 PM org.ros.time.RemoteUptimeClock update
INFO: Latency: 31,0000 s, Delta ratio: 0,5000, Drift: 2,000, Error reduction coefficient: 0,000, Error: 0,0000 s
abr 04, 2013 12:33:15 PM org.ros.time.RemoteUptimeClock update
INFO: Latency: 31,0000 s, Delta ratio: 0,5000, Drift: 2,000, Error reduction coefficient: 0,000, Error: 0,0000 s
abr 04, 2013 12:33:15 PM org.ros.time.RemoteUptimeClock update
INFO: Latency: 31,0000 s, Delta ratio: 0,5000, Drift: 2,000, Error reduction coefficient: 0,000, Error: 0,0000 s
abr 04, 2013 12:33:15 PM org.ros.time.RemoteUptimeClock update
INFO: Latency: 31,0000 s, Delta ratio: 0,5000, Drift: 2,000, Error reduction coefficient: 0,000, Error: 0,0000 s
abr 04, 2013 12:33:15 PM org.ros.time.RemoteUptimeClock update
INFO: Latency: 31,0000 s, Delta ratio: 0,5000, Drift: 2,000, Error reduction coefficient: 0,000, Error: 0,0000 s
abr 04, 2013 12:33:15 PM org.ros.time.RemoteUptimeClock update
INFO: Latency: 31,0000 s, Delta ratio: 0,5000, Drift: 2,000, Error reduction coefficient: 0,000, Error: 0,0000 s
abr 04, 2013 12:33:15 PM org.ros.time.RemoteUptimeClock update
INFO: Latency: 31,0000 s, Delta ratio: 0,5000, Drift: 2,000, Error reduction coefficient: 0,000, Error: 0,0000 s
abr 04, 2013 12:33:15 PM org.ros.time.RemoteUptimeClock update
INFO: Latency: 31,0000 s, Delta ratio: 0,5000, Drift: 2,000, Error reduction coefficient: 0,000, Error: 0,0000 s
abr 04, 2013 12:33:15 PM org.ros.time.RemoteUptimeClock update
INFO: Latency: 31,0000 s, Delta ratio: 0,5000, Drift: 2,000, Error reduction coefficient: 0,000, Error: 0,0000 s
abr 04, 2013 12:33:15 PM org.ros.time.RemoteUptimeClock update
INFO: Latency: 31,0000 s, Delta ratio: 0,5000, Drift: 2,000, Error reduction coefficient: 0,000, Error: 0,0000 s
abr 04, 2013 12:33:15 PM org.ros.time.RemoteUptimeClock update
INFO: Latency: 31,0000 s, Delta ratio: 0,5000, Drift: 2,000, Error reduction coefficient: 0,000, Error: 0,0000 s
abr 04, 2013 12:33:15 PM org.ros.time.RemoteUptimeClock update
INFO: Latency: 31,0000 s, Delta ratio: 0,5000, Drift: 2,000, Error reduction coefficient: 0,000, Error: 0,0000 s
abr 04, 2013 12:33:15 PM org.ros.time.RemoteUptimeClock update
INFO: Latency: 31,0000 s, Delta ratio: 0,5000, Drift: 2,000, Error reduction coefficient: 0,000, Error: 0,0000 s
abr 04, 2013 12:33:15 PM org.ros.time.RemoteUptimeClock update
INFO: Latency: 31,0000 s, Delta ratio: 0,5000, Drift: 2,000, Error reduction coefficient: 0,000, Error: 0,0000 s
abr 04, 2013 12:33:15 PM org.ros.time.RemoteUptimeClock update
INFO: Latency: 31,0000 s, Delta ratio: 0,5000, Drift: 2,000, Error reduction coefficient: 0,000, Error: 0,0000 s
abr 04, 2013 12:33:15 PM org.ros.time.RemoteUptimeClock update
INFO: Latency: 31,0000 s, Delta ratio: 0,5000, Drift: 2,000, Error reduction coefficient: 0,000, Error: 0,0000 s
abr 04, 2013 12:33:15 PM org.ros.time.RemoteUptimeClock update
INFO: Latency: 31,0000 s, Delta ratio: 0,5000, Drift: 2,000, Error reduction coefficient: 0,000, Error: 0,0000 s
abr 04, 2013 12:33:15 PM org.ros.time.RemoteUptimeClock update
INFO: Latency: 31,0000 s, Delta ratio: 0,5000, Drift: 2,000, Error reduction coefficient: 0,000, Error: 0,0000 s
abr 04, 2013 12:33:15 PM org.ros.time.RemoteUptimeClock update
INFO: Latency: 31,0000 s, Delta ratio: 0,5000, Drift: 2,000, Error reduction coefficient: 0,000, Error: 0,0000 s
abr 04, 2013 12:33:15 PM org.ros.time.RemoteUptimeClock update
INFO: Latency: 31,0000 s, Delta ratio: 0,5000, Drift: 2,000, Error reduction coefficient: 0,000, Error: 0,0000 s
abr 04, 2013 12:33:15 PM org.ros.time.RemoteUptimeClock update
INFO: Latency: 31,0000 s, Delta ratio: 0,5000, Drift: 2,000, Error reduction coefficient: 0,000, Error: 0,0000 s
abr 04, 2013 12:33:15 PM org.ros.time.RemoteUptimeClock update
INFO: Latency: 31,0000 s, Delta ratio: 0,5000, Drift: 2,000, Error reduction coefficient: 0,000, Error: 0,0000 s
abr 04, 2013 12:33:15 PM org.ros.time.RemoteUptimeClock update
INFO: Latency: 31,0000 s, Delta ratio: 0,5000, Drift: 2,000, Error reduction coefficient: 0,000, Error: 0,0000 s
abr 04, 2013 12:33:15 PM org.ros.time.RemoteUptimeClock update
INFO: Latency: 31,0000 s, Delta ratio: 0,5000, Drift: 2,000, Error reduction coefficient: 0,000, Error: 0,0000 s
abr 04, 2013 12:33:15 PM org.ros.time.RemoteUptimeClock update
INFO: Latency: 31,0000 s, Delta ratio: 0,5000, Drift: 2,000, Error reduction coefficient: 0,000, Error: 0,0000 s
abr 04, 2013 12:33:15 PM org.ros.time.RemoteUptimeClock update
INFO: Latency: 31,0000 s, Delta ratio: 0,5000, Drift: 2,000, Error reduction coefficient: 0,000, Error: 0,0000 s
abr 04, 2013 12:33:15 PM org.ros.time.RemoteUptimeClock update
INFO: Latency: 31,0000 s, Delta ratio: 0,5000, Drift: 2,000, Error reduction coefficient: 0,000, Error: 0,0000 s
abr 04, 2013 12:33:15 PM org.ros.time.RemoteUptimeClock update
INFO: Latency: 31,0000 s, Delta ratio: 0,5000, Drift: 2,000, Error reduction coefficient: 0,000, Error: 0,0000 s
abr 04, 2013 12:33:15 PM org.ros.time.RemoteUptimeClock update
INFO: Latency: 31,0000 s, Delta ratio: 0,5000, Drift: 2,000, Error reduction coefficient: 0,000, Error: 0,0000 s
abr 04, 2013 12:33:15 PM org.ros.time.RemoteUptimeClock update
INFO: Latency: 31,0000 s, Delta ratio: 0,5000, Drift: 2,000, Error reduction coefficient: 0,000, Error: 0,0000 s
abr 04, 2013 12:33:15 PM org.ros.time.RemoteUptimeClock update
INFO: Latency: 31,0000 s, Delta ratio: 0,5000, Drift: 2,000, Error reduction coefficient: 0,000, Error: 0,0000 s
abr 04, 2013 12:33:15 PM org.ros.time.RemoteUptimeClock update
INFO: Latency: 31,0000 s, Delta ratio: 0,5000, Drift: 2,000, Error reduction coefficient: 0,000, Error: 0,0000 s
abr 04, 2013 12:33:15 PM org.ros.time.RemoteUptimeClock update
INFO: Latency: 31,0000 s, Delta ratio: 0,5000, Drift: 2,000, Error reduction coefficient: 0,000, Error: 0,0000 s
abr 04, 2013 12:33:15 PM org.ros.time.RemoteUptimeClock update
INFO: Latency: 31,0000 s, Delta ratio: 0,5000, Drift: 2,000, Error reduction coefficient: 0,000, Error: 0,0000 s
abr 04, 2013 12:33:15 PM org.ros.time.RemoteUptimeClock update
INFO: Latency: 31,0000 s, Delta ratio: 0,5000, Drift: 2,000, Error reduction coefficient: 0,000, Error: 0,0000 s
abr 04, 2013 12:33:15 PM org.ros.time.RemoteUptimeClock update
INFO: Latency: 31,0000 s, Delta ratio: 0,5000, Drift: 2,000, Error reduction coefficient: 0,000, Error: 0,0000 s
abr 04, 2013 12:33:15 PM org.ros.time.RemoteUptimeClock update
INFO: Latency: 31,0000 s, Delta ratio: 0,5000, Drift: 2,000, Error reduction coefficient: 0,000, Error: 0,0000 s
abr 04, 2013 12:33:15 PM org.ros.time.RemoteUptimeClock update
INFO: Latency: 31,0000 s, Delta ratio: 0,5000, Drift: 2,000, Error reduction coefficient: 0,000, Error: 0,0000 s
abr 04, 2013 12:33:15 PM org.ros.time.RemoteUptimeClock update
INFO: Latency: 31,0000 s, Delta ratio: 0,5000, Drift: 2,000, Error reduction coefficient: 0,000, Error: 0,0000 s
abr 04, 2013 12:33:15 PM org.ros.time.RemoteUptimeClock update
INFO: Latency: 31,0000 s, Delta ratio: 0,5000, Drift: 2,000, Error reduction coefficient: 0,000, Error: 0,0000 s
abr 04, 2013 12:33:15 PM org.ros.time.RemoteUptimeClock update
INFO: Latency: 31,0000 s, Delta ratio: 0,5000, Drift: 2,000, Error reduction coefficient: 0,000, Error: 0,0000 s
abr 04, 2013 12:33:15 PM org.ros.time.RemoteUptimeClock update
INFO: Latency: 31,0000 s, Delta ratio: 0,5000, Drift: 2,000, Error reduction coefficient: 0,000, Error: 0,0000 s
abr 04, 2013 12:33:15 PM org.ros.time.RemoteUptimeClock update
INFO: Latency: 31,0000 s, Delta ratio: 0,5000, Drift: 2,000, Error reduction coefficient: 0,000, Error: 0,0000 s
abr 04, 2013 12:33:15 PM org.ros.time.RemoteUptimeClock update
INFO: Latency: 31,0000 s, Delta ratio: 0,5000, Drift: 2,000, Error reduction coefficient: 0,000, Error: 0,0000 s
abr 04, 2013 12:33:15 PM org.ros.time.RemoteUptimeClock update
INFO: Latency: 31,0000 s, Delta ratio: 0,5000, Drift: 2,000, Error reduction coefficient: 0,000, Error: 0,0000 s
abr 04, 2013 12:33:15 PM org.ros.time.RemoteUptimeClock update
INFO: Latency: 31,0000 s, Delta ratio: 0,5000, Drift: 2,000, Error reduction coefficient: 0,000, Error: 0,0000 s
abr 04, 2013 12:33:15 PM org.ros.time.RemoteUptimeClock update
INFO: Latency: 31,0000 s, Delta ratio: 0,5000, Drift: 2,000, Error reduction coefficient: 0,000, Error: 0,0000 s
abr 04, 2013 12:33:15 PM org.ros.time.RemoteUptimeClock update
INFO: Latency: 31,0000 s, Delta ratio: 0,5000, Drift: 2,000, Error reduction coefficient: 0,000, Error: 0,0000 s
abr 04, 2013 12:33:15 PM org.ros.time.RemoteUptimeClock update
INFO: Latency: 31,0000 s, Delta ratio: 0,5000, Drift: 2,000, Error reduction coefficient: 0,000, Error: 0,0000 s
abr 04, 2013 12:33:15 PM org.ros.time.RemoteUptimeClock update
INFO: Latency: 31,0000 s, Delta ratio: 0,5000, Drift: 2,000, Error reduction coefficient: 0,000, Error: 0,0000 s
abr 04, 2013 12:33:15 PM org.ros.time.RemoteUptimeClock update
INFO: Latency: 31,0000 s, Delta ratio: 0,5000, Drift: 2,000, Error reduction coefficient: 0,000, Error: 0,0000 s
abr 04, 2013 12:33:15 PM org.ros.time.RemoteUptimeClock update
INFO: Latency: 31,0000 s, Delta ratio: 0,5000, Drift: 2,000, Error reduction coefficient: 0,000, Error: 0,0000 s
abr 04, 2013 12:33:15 PM org.ros.time.RemoteUptimeClock update
INFO: Latency: 31,0000 s, Delta ratio: 0,5000, Drift: 2,000, Error reduction coefficient: 0,000, Error: 0,0000 s
abr 04, 2013 12:33:15 PM org.ros.time.RemoteUptimeClock update
INFO: Latency: 31,0000 s, Delta ratio: 0,5000, Drift: 2,000, Error reduction coefficient: 0,000, Error: 0,0000 s
abr 04, 2013 12:33:15 PM org.ros.time.RemoteUptimeClock update
INFO: Latency: 31,0000 s, Delta ratio: 0,5000, Drift: 2,000, Error reduction coefficient: 0,000, Error: 0,0000 s
abr 04, 2013 12:33:15 PM org.ros.time.RemoteUptimeClock update
INFO: Latency: 31,0000 s, Delta ratio: 0,5000, Drift: 2,000, Error reduction coefficient: 0,000, Error: 0,0000 s
abr 04, 2013 12:33:15 PM org.ros.time.RemoteUptimeClock update
INFO: Latency: 31,0000 s, Delta ratio: 0,5000, Drift: 2,000, Error reduction coefficient: 0,000, Error: 0,0000 s
abr 04, 2013 12:33:15 PM org.ros.time.RemoteUptimeClock update
INFO: Latency: 31,0000 s, Delta ratio: 0,5000, Drift: 2,000, Error reduction coefficient: 0,000, Error: 0,0000 s
abr 04, 2013 12:33:15 PM org.ros.time.RemoteUptimeClock update
INFO: Latency: 31,0000 s, Delta ratio: 0,5000, Drift: 2,000, Error reduction coefficient: 0,000, Error: 0,0000 s
abr 04, 2013 12:33:15 PM org.ros.time.RemoteUptimeClock update
INFO: Latency: 31,0000 s, Delta ratio: 0,5000, Drift: 2,000, Error reduction coefficient: 0,000, Error: 0,0000 s
abr 04, 2013 12:33:15 PM org.ros.time.RemoteUptimeClock update
INFO: Latency: 31,0000 s, Delta ratio: 0,5000, Drift: 2,000, Error reduction coefficient: 0,000, Error: 0,0000 s
abr 04, 2013 12:33:15 PM org.ros.time.RemoteUptimeClock update
INFO: Latency: 31,0000 s, Delta ratio: 0,5000, Drift: 2,000, Error reduction coefficient: 0,000, Error: 0,0000 s
abr 04, 2013 12:33:15 PM org.ros.time.RemoteUptimeClock update
INFO: Latency: 31,0000 s, Delta ratio: 0,5000, Drift: 2,000, Error reduction coefficient: 0,000, Error: 0,0000 s
abr 04, 2013 12:33:15 PM org.ros.time.RemoteUptimeClock update
INFO: Latency: 31,0000 s, Delta ratio: 0,5000, Drift: 2,000, Error reduction coefficient: 0,000, Error: 0,0000 s
abr 04, 2013 12:33:15 PM org.ros.time.RemoteUptimeClock update
INFO: Latency: 31,0000 s, Delta ratio: 0,5000, Drift: 2,000, Error reduction coefficient: 0,000, Error: 0,0000 s
abr 04, 2013 12:33:15 PM org.ros.time.RemoteUptimeClock update
INFO: Latency: 31,0000 s, Delta ratio: 0,5000, Drift: 2,000, Error reduction coefficient: 0,000, Error: 0,0000 s
abr 04, 2013 12:33:15 PM org.ros.time.RemoteUptimeClock update
INFO: Latency: 31,0000 s, Delta ratio: 0,5000, Drift: 2,000, Error reduction coefficient: 0,000, Error: 0,0000 s
abr 04, 2013 12:33:15 PM org.ros.time.RemoteUptimeClock update
INFO: Latency: 31,0000 s, Delta ratio: 0,5000, Drift: 2,000, Error reduction coefficient: 0,000, Error: 0,0000 s
abr 04, 2013 12:33:15 PM org.ros.time.RemoteUptimeClock update
INFO: Latency: 31,0000 s, Delta ratio: 0,5000, Drift: 2,000, Error reduction coefficient: 0,000, Error: 0,0000 s
abr 04, 2013 12:33:15 PM org.ros.time.RemoteUptimeClock update
INFO: Latency: 31,0000 s, Delta ratio: 0,5000, Drift: 2,000, Error reduction coefficient: 0,000, Error: 0,0000 s
abr 04, 2013 12:33:15 PM org.ros.time.RemoteUptimeClock update
INFO: Latency: 31,0000 s, Delta ratio: 0,5000, Drift: 2,000, Error reduction coefficient: 0,000, Error: 0,0000 s
abr 04, 2013 12:33:15 PM org.ros.time.RemoteUptimeClock update
INFO: Latency: 31,0000 s, Delta ratio: 0,5000, Drift: 2,000, Error reduction coefficient: 0,000, Error: 0,0000 s
abr 04, 2013 12:33:15 PM org.ros.time.RemoteUptimeClock update
INFO: Latency: 31,0000 s, Delta ratio: 0,5000, Drift: 2,000, Error reduction coefficient: 0,000, Error: 0,0000 s
abr 04, 2013 12:33:15 PM org.ros.time.RemoteUptimeClock update
INFO: Latency: 31,0000 s, Delta ratio: 0,5000, Drift: 2,000, Error reduction coefficient: 0,000, Error: 0,0000 s
abr 04, 2013 12:33:15 PM org.ros.time.RemoteUptimeClock update
INFO: Latency: 31,0000 s, Delta ratio: 0,5000, Drift: 2,000, Error reduction coefficient: 0,000, Error: 0,0000 s
abr 04, 2013 12:33:15 PM org.ros.time.RemoteUptimeClock update
INFO: Latency: 31,0000 s, Delta ratio: 0,5000, Drift: 2,000, Error reduction coefficient: 0,000, Error: 0,0000 s
abr 04, 2013 12:33:15 PM org.ros.time.RemoteUptimeClock update
INFO: Latency: 31,0000 s, Delta ratio: 0,5000, Drift: 2,000, Error reduction coefficient: 0,000, Error: 0,0000 s
abr 04, 2013 12:33:15 PM org.ros.time.RemoteUptimeClock update
INFO: Latency: 31,0000 s, Delta ratio: 0,5000, Drift: 2,000, Error reduction coefficient: 0,000, Error: 0,0000 s
abr 04, 2013 12:33:15 PM org.ros.time.RemoteUptimeClock update
INFO: Latency: 31,0000 s, Delta ratio: 0,5000, Drift: 2,000, Error reduction coefficient: 0,000, Error: 0,0000 s
abr 04, 2013 12:33:15 PM org.ros.time.RemoteUptimeClock update
INFO: Latency: 31,0000 s, Delta ratio: 0,5000, Drift: 2,000, Error reduction coefficient: 0,000, Error: 0,0000 s
abr 04, 2013 12:33:15 PM org.ros.time.RemoteUptimeClock update
INFO: Latency: 31,0000 s, Delta ratio: 0,5000, Drift: 2,000, Error reduction coefficient: 0,000, Error: 0,0000 s
abr 04, 2013 12:33:15 PM org.ros.time.RemoteUptimeClock update
INFO: Latency: 31,0000 s, Delta ratio: 0,5000, Drift: 2,000, Error reduction coefficient: 0,000, Error: 0,0000 s
abr 04, 2013 12:33:15 PM org.ros.time.RemoteUptimeClock update
INFO: Latency: 31,0000 s, Delta ratio: 0,5000, Drift: 2,000, Error reduction coefficient: 0,000, Error: 0,0000 s
abr 04, 2013 12:33:15 PM org.ros.time.RemoteUptimeClock update
INFO: Latency: 31,0000 s, Delta ratio: 0,5000, Drift: 2,000, Error reduction coefficient: 0,000, Error: 0,0000 s
abr 04, 2013 12:33:15 PM org.ros.time.RemoteUptimeClock update
INFO: Latency: 31,0000 s, Delta ratio: 0,5000, Drift: 2,000, Error reduction coefficient: 0,000, Error: 0,0000 s
abr 04, 2013 12:33:15 PM org.ros.time.RemoteUptimeClock update
INFO: Latency: 31,0000 s, Delta ratio: 0,5000, Drift: 2,000, Error reduction coefficient: 0,000, Error: 0,0000 s
abr 04, 2013 12:33:15 PM org.ros.time.RemoteUptimeClock update
INFO: Latency: 31,0000 s, Delta ratio: 0,5000, Drift: 2,000, Error reduction coefficient: 0,000, Error: 0,0000 s
abr 04, 2013 12:33:15 PM org.ros.time.RemoteUptimeClock update
INFO: Latency: 31,0000 s, Delta ratio: 0,5000, Drift: 2,000, Error reduction coefficient: 0,000, Error: 0,0000 s
abr 04, 2013 12:33:15 PM org.ros.time.RemoteUptimeClock update
INFO: Latency: 31,0000 s, Delta ratio: 0,5000, Drift: 2,000, Error reduction coefficient: 0,000, Error: 0,0000 s
abr 04, 2013 12:33:15 PM org.ros.time.RemoteUptimeClock update
INFO: Latency: 31,0000 s, Delta ratio: 0,5000, Drift: 2,000, Error reduction coefficient: 0,000, Error: 0,0000 s
abr 04, 2013 12:33:15 PM org.ros.time.RemoteUptimeClock update
INFO: Latency: 31,0000 s, Delta ratio: 0,5000, Drift: 2,000, Error reduction coefficient: 0,000, Error: 0,0000 s
abr 04, 2013 12:33:15 PM org.ros.time.RemoteUptimeClock update
INFO: Latency: 31,0000 s, Delta ratio: 0,5000, Drift: 2,000, Error reduction coefficient: 0,000, Error: 0,0000 s
abr 04, 2013 12:33:15 PM org.ros.time.RemoteUptimeClock update
INFO: Latency: 31,0000 s, Delta ratio: 0,5000, Drift: 2,000, Error reduction coefficient: 0,000, Error: 0,0000 s
abr 04, 2013 12:33:15 PM org.ros.time.RemoteUptimeClock update
INFO: Latency: 31,0000 s, Delta ratio: 0,5000, Drift: 2,000, Error reduction coefficient: 0,000, Error: 0,0000 s
abr 04, 2013 12:33:15 PM org.ros.time.RemoteUptimeClock update
INFO: Latency: 31,0000 s, Delta ratio: 0,5000, Drift: 2,000, Error reduction coefficient: 0,000, Error: 0,0000 s
abr 04, 2013 12:33:15 PM org.ros.time.RemoteUptimeClock update
INFO: Latency: 31,0000 s, Delta ratio: 0,5000, Drift: 2,000, Error reduction coefficient: 0,000, Error: 0,0000 s
abr 04, 2013 12:33:15 PM org.ros.time.RemoteUptimeClock update
INFO: Latency: 31,0000 s, Delta ratio: 0,5000, Drift: 2,000, Error reduction coefficient: 0,000, Error: 0,0000 s
abr 04, 2013 12:33:15 PM org.ros.time.RemoteUptimeClock update
INFO: Latency: 31,0000 s, Delta ratio: 0,5000, Drift: 2,000, Error reduction coefficient: 0,000, Error: 0,0000 s
abr 04, 2013 12:33:15 PM org.ros.time.RemoteUptimeClock update
INFO: Latency: 31,0000 s, Delta ratio: 0,5000, Drift: 2,000, Error reduction coefficient: 0,000, Error: 0,0000 s
abr 04, 2013 12:33:15 PM org.ros.time.RemoteUptimeClock update
INFO: Latency: 31,0000 s, Delta ratio: 0,5000, Drift: 2,000, Error reduction coefficient: 0,000, Error: 0,0000 s
abr 04, 2013 12:33:15 PM org.ros.time.RemoteUptimeClock update
INFO: Latency: 31,0000 s, Delta ratio: 0,5000, Drift: 2,000, Error reduction coefficient: 0,000, Error: 0,0000 s
abr 04, 2013 12:33:15 PM org.ros.time.RemoteUptimeClock update
INFO: Latency: 31,0000 s, Delta ratio: 0,5000, Drift: 2,000, Error reduction coefficient: 0,000, Error: 0,0000 s
abr 04, 2013 12:33:15 PM org.ros.time.RemoteUptimeClock update
INFO: Latency: 31,0000 s, Delta ratio: 0,5000, Drift: 2,000, Error reduction coefficient: 0,000, Error: 0,0000 s
abr 04, 2013 12:33:15 PM org.ros.time.RemoteUptimeClock update
INFO: Latency: 31,0000 s, Delta ratio: 0,5000, Drift: 2,000, Error reduction coefficient: 0,000, Error: 0,0000 s
abr 04, 2013 12:33:15 PM org.ros.time.RemoteUptimeClock update
INFO: Latency: 31,0000 s, Delta ratio: 0,5000, Drift: 2,000, Error reduction coefficient: 0,000, Error: 0,0000 s
abr 04, 2013 12:33:15 PM org.ros.time.RemoteUptimeClock update
INFO: Latency: 31,0000 s, Delta ratio: 0,5000, Drift: 2,000, Error reduction coefficient: 0,000, Error: 0,0000 s
abr 04, 2013 12:33:15 PM org.ros.time.RemoteUptimeClock update
INFO: Latency: 31,0000 s, Delta ratio: 0,5000, Drift: 2,000, Error reduction coefficient: 0,000, Error: 0,0000 s
abr 04, 2013 12:33:15 PM org.ros.time.RemoteUptimeClock update
INFO: Latency: 31,0000 s, Delta ratio: 0,5000, Drift: 2,000, Error reduction coefficient: 0,000, Error: 0,0000 s
abr 04, 2013 12:33:15 PM org.ros.time.RemoteUptimeClock update
INFO: Latency: 31,0000 s, Delta ratio: 0,5000, Drift: 2,000, Error reduction coefficient: 0,000, Error: 0,0000 s
abr 04, 2013 12:33:15 PM org.ros.time.RemoteUptimeClock update
INFO: Latency: 31,0000 s, Delta ratio: 0,5000, Drift: 2,000, Error reduction coefficient: 0,000, Error: 0,0000 s
abr 04, 2013 12:33:15 PM org.ros.time.RemoteUptimeClock update
INFO: Latency: 31,0000 s, Delta ratio: 0,5000, Drift: 2,000, Error reduction coefficient: 0,000, Error: 0,0000 s
abr 04, 2013 12:33:15 PM org.ros.time.RemoteUptimeClock update
INFO: Latency: 31,0000 s, Delta ratio: 0,5000, Drift: 2,000, Error reduction coefficient: 0,000, Error: 0,0000 s
abr 04, 2013 12:33:15 PM org.ros.time.RemoteUptimeClock update
INFO: Latency: 31,0000 s, Delta ratio: 0,5000, Drift: 2,000, Error reduction coefficient: 0,000, Error: 0,0000 s
abr 04, 2013 12:33:15 PM org.ros.time.RemoteUptimeClock update
INFO: Latency: 31,0000 s, Delta ratio: 0,5000, Drift: 2,000, Error reduction coefficient: 0,000, Error: 0,0000 s
abr 04, 2013 12:33:15 PM org.ros.time.RemoteUptimeClock update
INFO: Latency: 31,0000 s, Delta ratio: 0,5000, Drift: 2,000, Error reduction coefficient: 0,000, Error: 0,0000 s
abr 04, 2013 12:33:15 PM org.ros.time.RemoteUptimeClock update
INFO: Latency: 31,0000 s, Delta ratio: 0,5000, Drift: 2,000, Error reduction coefficient: 0,000, Error: 0,0000 s
abr 04, 2013 12:33:15 PM org.ros.time.RemoteUptimeClock update
INFO: Latency: 31,0000 s, Delta ratio: 0,5000, Drift: 2,000, Error reduction coefficient: 0,000, Error: 0,0000 s
abr 04, 2013 12:33:15 PM org.ros.time.RemoteUptimeClock update
INFO: Latency: 31,0000 s, Delta ratio: 0,5000, Drift: 2,000, Error reduction coefficient: 0,000, Error: 0,0000 s
abr 04, 2013 12:33:15 PM org.ros.time.RemoteUptimeClock update
INFO: Latency: 31,0000 s, Delta ratio: 0,5000, Drift: 2,000, Error reduction coefficient: 0,000, Error: 0,0000 s
abr 04, 2013 12:33:15 PM org.ros.time.RemoteUptimeClock update
INFO: Latency: 31,0000 s, Delta ratio: 0,5000, Drift: 2,000, Error reduction coefficient: 0,000, Error: 0,0000 s
abr 04, 2013 12:33:15 PM org.ros.time.RemoteUptimeClock update
INFO: Latency: 31,0000 s, Delta ratio: 0,5000, Drift: 2,000, Error reduction coefficient: 0,000, Error: 0,0000 s
abr 04, 2013 12:33:15 PM org.ros.time.RemoteUptimeClock update
INFO: Latency: 31,0000 s, Delta ratio: 0,5000, Drift: 2,000, Error reduction coefficient: 0,000, Error: 0,0000 s
abr 04, 2013 12:33:15 PM org.ros.time.RemoteUptimeClock update
INFO: Latency: 31,0000 s, Delta ratio: 0,5000, Drift: 2,000, Error reduction coefficient: 0,000, Error: 0,0000 s
abr 04, 2013 12:33:15 PM org.ros.time.RemoteUptimeClock update
INFO: Latency: 31,0000 s, Delta ratio: 0,5000, Drift: 2,000, Error reduction coefficient: 0,000, Error: 0,0000 s
abr 04, 2013 12:33:15 PM org.ros.time.RemoteUptimeClock update
INFO: Latency: 31,0000 s, Delta ratio: 0,5000, Drift: 2,000, Error reduction coefficient: 0,000, Error: 0,0000 s
abr 04, 2013 12:33:15 PM org.ros.time.RemoteUptimeClock update
INFO: Latency: 31,0000 s, Delta ratio: 0,5000, Drift: 2,000, Error reduction coefficient: 0,000, Error: 0,0000 s
abr 04, 2013 12:33:15 PM org.ros.time.RemoteUptimeClock update
INFO: Latency: 31,0000 s, Delta ratio: 0,5000, Drift: 2,000, Error reduction coefficient: 0,000, Error: 0,0000 s
abr 04, 2013 12:33:15 PM org.ros.time.RemoteUptimeClock update
INFO: Latency: 31,0000 s, Delta ratio: 0,5000, Drift: 2,000, Error reduction coefficient: 0,000, Error: 0,0000 s
abr 04, 2013 12:33:15 PM org.ros.time.RemoteUptimeClock update
INFO: Latency: 31,0000 s, Delta ratio: 0,5000, Drift: 2,000, Error reduction coefficient: 0,000, Error: 0,0000 s
abr 04, 2013 12:33:15 PM org.ros.time.RemoteUptimeClock update
INFO: Latency: 31,0000 s, Delta ratio: 0,5000, Drift: 2,000, Error reduction coefficient: 0,000, Error: 0,0000 s
abr 04, 2013 12:33:15 PM org.ros.time.RemoteUptimeClock update
INFO: Latency: 31,0000 s, Delta ratio: 0,5000, Drift: 2,000, Error reduction coefficient: 0,000, Error: 0,0000 s
abr 04, 2013 12:33:15 PM org.ros.time.RemoteUptimeClock update
INFO: Latency: 31,0000 s, Delta ratio: 0,5000, Drift: 2,000, Error reduction coefficient: 0,000, Error: 0,0000 s
abr 04, 2013 12:33:15 PM org.ros.time.RemoteUptimeClock update
INFO: Latency: 31,0000 s, Delta ratio: 0,5000, Drift: 2,000, Error reduction coefficient: 0,000, Error: 0,0000 s
abr 04, 2013 12:33:15 PM org.ros.time.RemoteUptimeClock update
INFO: Latency: 31,0000 s, Delta ratio: 0,5000, Drift: 2,000, Error reduction coefficient: 0,000, Error: 0,0000 s
abr 04, 2013 12:33:15 PM org.ros.time.RemoteUptimeClock update
INFO: Latency: 31,0000 s, Delta ratio: 0,5000, Drift: 2,000, Error reduction coefficient: 0,000, Error: 0,0000 s
abr 04, 2013 12:33:15 PM org.ros.time.RemoteUptimeClock update
INFO: Latency: 31,0000 s, Delta ratio: 0,5000, Drift: 2,000, Error reduction coefficient: 0,000, Error: 0,0000 s
abr 04, 2013 12:33:15 PM org.ros.time.RemoteUptimeClock update
INFO: Latency: 31,0000 s, Delta ratio: 0,5000, Drift: 2,000, Error reduction coefficient: 0,000, Error: 0,0000 s
abr 04, 2013 12:33:15 PM org.ros.time.RemoteUptimeClock update
INFO: Latency: 31,0000 s, Delta ratio: 0,5000, Drift: 2,000, Error reduction coefficient: 0,000, Error: 0,0000 s
abr 04, 2013 12:33:15 PM org.ros.time.RemoteUptimeClock update
INFO: Latency: 31,0000 s, Delta ratio: 0,5000, Drift: 2,000, Error reduction coefficient: 0,000, Error: 0,0000 s
abr 04, 2013 12:33:15 PM org.ros.time.RemoteUptimeClock update
INFO: Latency: 31,0000 s, Delta ratio: 0,5000, Drift: 2,000, Error reduction coefficient: 0,000, Error: 0,0000 s
abr 04, 2013 12:33:15 PM org.ros.time.RemoteUptimeClock update
INFO: Latency: 31,0000 s, Delta ratio: 0,5000, Drift: 2,000, Error reduction coefficient: 0,000, Error: 0,0000 s
abr 04, 2013 12:33:15 PM org.ros.time.RemoteUptimeClock update
INFO: Latency: 31,0000 s, Delta ratio: 0,5000, Drift: 2,000, Error reduction coefficient: 0,000, Error: 0,0000 s
abr 04, 2013 12:33:15 PM org.ros.time.RemoteUptimeClock update
INFO: Latency: 31,0000 s, Delta ratio: 0,5000, Drift: 2,000, Error reduction coefficient: 0,000, Error: 0,0000 s
abr 04, 2013 12:33:15 PM org.ros.time.RemoteUptimeClock update
INFO: Latency: 31,0000 s, Delta ratio: 0,5000, Drift: 2,000, Error reduction coefficient: 0,000, Error: 0,0000 s
abr 04, 2013 12:33:15 PM org.ros.time.RemoteUptimeClock update
INFO: Latency: 31,0000 s, Delta ratio: 0,5000, Drift: 2,000, Error reduction coefficient: 0,000, Error: 0,0000 s
abr 04, 2013 12:33:15 PM org.ros.time.RemoteUptimeClock update
INFO: Latency: 31,0000 s, Delta ratio: 0,5000, Drift: 2,000, Error reduction coefficient: 0,000, Error: 0,0000 s
abr 04, 2013 12:33:15 PM org.ros.time.RemoteUptimeClock update
INFO: Latency: 31,0000 s, Delta ratio: 0,5000, Drift: 2,000, Error reduction coefficient: 0,000, Error: 0,0000 s
abr 04, 2013 12:33:15 PM org.ros.time.RemoteUptimeClock update
INFO: Latency: 31,0000 s, Delta ratio: 0,5000, Drift: 2,000, Error reduction coefficient: 0,000, Error: 0,0000 s
abr 04, 2013 12:33:15 PM org.ros.time.RemoteUptimeClock update
INFO: Latency: 31,0000 s, Delta ratio: 0,5000, Drift: 2,000, Error reduction coefficient: 0,000, Error: 0,0000 s
abr 04, 2013 12:33:15 PM org.ros.time.RemoteUptimeClock update
INFO: Latency: 31,0000 s, Delta ratio: 0,5000, Drift: 2,000, Error reduction coefficient: 0,000, Error: 0,0000 s
abr 04, 2013 12:33:15 PM org.ros.time.RemoteUptimeClock update
INFO: Latency: 31,0000 s, Delta ratio: 0,5000, Drift: 2,000, Error reduction coefficient: 0,000, Error: 0,0000 s
abr 04, 2013 12:33:15 PM org.ros.time.RemoteUptimeClock update
INFO: Latency: 31,0000 s, Delta ratio: 0,5000, Drift: 2,000, Error reduction coefficient: 0,000, Error: 0,0000 s
abr 04, 2013 12:33:15 PM org.ros.time.RemoteUptimeClock update
INFO: Latency: 31,0000 s, Delta ratio: 0,5000, Drift: 2,000, Error reduction coefficient: 0,000, Error: 0,0000 s
abr 04, 2013 12:33:15 PM org.ros.time.RemoteUptimeClock update
INFO: Latency: 31,0000 s, Delta ratio: 0,5000, Drift: 2,000, Error reduction coefficient: 0,000, Error: 0,0000 s
abr 04, 2013 12:33:15 PM org.ros.time.RemoteUptimeClock update
INFO: Latency: 31,0000 s, Delta ratio: 0,5000, Drift: 2,000, Error reduction coefficient: 0,000, Error: 0,0000 s
abr 04, 2013 12:33:15 PM org.ros.time.RemoteUptimeClock update
INFO: Latency: 31,0000 s, Delta ratio: 0,5000, Drift: 2,000, Error reduction coefficient: 0,000, Error: 0,0000 s
abr 04, 2013 12:33:15 PM org.ros.time.RemoteUptimeClock update
INFO: Latency: 31,0000 s, Delta ratio: 0,5000, Drift: 2,000, Error reduction coefficient: 0,000, Error: 0,0000 s
abr 04, 2013 12:33:15 PM org.ros.time.RemoteUptimeClock update
INFO: Latency: 31,0000 s, Delta ratio: 0,5000, Drift: 2,000, Error reduction coefficient: 0,000, Error: 0,0000 s
abr 04, 2013 12:33:15 PM org.ros.time.RemoteUptimeClock update
INFO: Latency: 31,0000 s, Delta ratio: 0,5000, Drift: 2,000, Error reduction coefficient: 0,000, Error: 0,0000 s
abr 04, 2013 12:33:15 PM org.ros.time.RemoteUptimeClock update
INFO: Latency: 31,0000 s, Delta ratio: 0,5000, Drift: 2,000, Error reduction coefficient: 0,000, Error: 0,0000 s
abr 04, 2013 12:33:15 PM org.ros.time.RemoteUptimeClock update
INFO: Latency: 31,0000 s, Delta ratio: 0,5000, Drift: 2,000, Error reduction coefficient: 0,000, Error: 0,0000 s
abr 04, 2013 12:33:15 PM org.ros.time.RemoteUptimeClock update
INFO: Latency: 31,0000 s, Delta ratio: 0,5000, Drift: 2,000, Error reduction coefficient: 0,000, Error: 0,0000 s
abr 04, 2013 12:33:15 PM org.ros.time.RemoteUptimeClock update
INFO: Latency: 31,0000 s, Delta ratio: 0,5000, Drift: 2,000, Error reduction coefficient: 0,000, Error: 0,0000 s
abr 04, 2013 12:33:15 PM org.ros.time.RemoteUptimeClock update
INFO: Latency: 31,0000 s, Delta ratio: 0,5000, Drift: 2,000, Error reduction coefficient: 0,000, Error: 0,0000 s
abr 04, 2013 12:33:15 PM org.ros.time.RemoteUptimeClock update
INFO: Latency: 31,0000 s, Delta ratio: 0,5000, Drift: 2,000, Error reduction coefficient: 0,000, Error: 0,0000 s
abr 04, 2013 12:33:15 PM org.ros.time.RemoteUptimeClock update
INFO: Latency: 31,0000 s, Delta ratio: 0,5000, Drift: 2,000, Error reduction coefficient: 0,000, Error: 0,0000 s
abr 04, 2013 12:33:15 PM org.ros.time.RemoteUptimeClock update
INFO: Latency: 31,0000 s, Delta ratio: 0,5000, Drift: 2,000, Error reduction coefficient: 0,000, Error: 0,0000 s
abr 04, 2013 12:33:15 PM org.ros.time.RemoteUptimeClock update
INFO: Latency: 31,0000 s, Delta ratio: 0,5000, Drift: 2,000, Error reduction coefficient: 0,000, Error: 0,0000 s
abr 04, 2013 12:33:15 PM org.ros.time.RemoteUptimeClock update
INFO: Latency: 31,0000 s, Delta ratio: 0,5000, Drift: 2,000, Error reduction coefficient: 0,000, Error: 0,0000 s
abr 04, 2013 12:33:15 PM org.ros.time.RemoteUptimeClock update
INFO: Latency: 31,0000 s, Delta ratio: 0,5000, Drift: 2,000, Error reduction coefficient: 0,000, Error: 0,0000 s
abr 04, 2013 12:33:15 PM org.ros.time.RemoteUptimeClock update
INFO: Latency: 31,0000 s, Delta ratio: 0,5000, Drift: 2,000, Error reduction coefficient: 0,000, Error: 0,0000 s
abr 04, 2013 12:33:15 PM org.ros.time.RemoteUptimeClock update
INFO: Latency: 31,0000 s, Delta ratio: 0,5000, Drift: 2,000, Error reduction coefficient: 0,000, Error: 0,0000 s
abr 04, 2013 12:33:15 PM org.ros.time.RemoteUptimeClock update
INFO: Latency: 31,0000 s, Delta ratio: 0,5000, Drift: 2,000, Error reduction coefficient: 0,000, Error: 0,0000 s
abr 04, 2013 12:33:15 PM org.ros.time.RemoteUptimeClock update
INFO: Latency: 31,0000 s, Delta ratio: 0,5000, Drift: 2,000, Error reduction coefficient: 0,000, Error: 0,0000 s
abr 04, 2013 12:33:15 PM org.ros.time.RemoteUptimeClock update
INFO: Latency: 31,0000 s, Delta ratio: 0,5000, Drift: 2,000, Error reduction coefficient: 0,000, Error: 0,0000 s
abr 04, 2013 12:33:15 PM org.ros.time.RemoteUptimeClock update
INFO: Latency: 31,0000 s, Delta ratio: 0,5000, Drift: 2,000, Error reduction coefficient: 0,000, Error: 0,0000 s
abr 04, 2013 12:33:15 PM org.ros.time.RemoteUptimeClock update
INFO: Latency: 31,0000 s, Delta ratio: 0,5000, Drift: 2,000, Error reduction coefficient: 0,000, Error: 0,0000 s
abr 04, 2013 12:33:15 PM org.ros.time.RemoteUptimeClock update
INFO: Latency: 31,0000 s, Delta ratio: 0,5000, Drift: 2,000, Error reduction coefficient: 0,000, Error: 0,0000 s
abr 04, 2013 12:33:15 PM org.ros.time.RemoteUptimeClock update
INFO: Latency: 31,0000 s, Delta ratio: 0,5000, Drift: 2,000, Error reduction coefficient: 0,000, Error: 0,0000 s
abr 04, 2013 12:33:15 PM org.ros.time.RemoteUptimeClock update
INFO: Latency: 31,0000 s, Delta ratio: 0,5000, Drift: 2,000, Error reduction coefficient: 0,000, Error: 0,0000 s
abr 04, 2013 12:33:15 PM org.ros.time.RemoteUptimeClock update
INFO: Latency: 31,0000 s, Delta ratio: 0,5000, Drift: 2,000, Error reduction coefficient: 0,000, Error: 0,0000 s
abr 04, 2013 12:33:15 PM org.ros.time.RemoteUptimeClock update
INFO: Latency: 31,0000 s, Delta ratio: 0,5000, Drift: 2,000, Error reduction coefficient: 0,000, Error: 0,0000 s
abr 04, 2013 12:33:15 PM org.ros.time.RemoteUptimeClock update
INFO: Latency: 31,0000 s, Delta ratio: 0,5000, Drift: 2,000, Error reduction coefficient: 0,000, Error: 0,0000 s
abr 04, 2013 12:33:15 PM org.ros.time.RemoteUptimeClock update
INFO: Latency: 31,0000 s, Delta ratio: 0,5000, Drift: 2,000, Error reduction coefficient: 0,000, Error: 0,0000 s
abr 04, 2013 12:33:15 PM org.ros.time.RemoteUptimeClock update
INFO: Latency: 31,0000 s, Delta ratio: 0,5000, Drift: 2,000, Error reduction coefficient: 0,000, Error: 0,0000 s
abr 04, 2013 12:33:15 PM org.ros.time.RemoteUptimeClock update
INFO: Latency: 31,0000 s, Delta ratio: 0,5000, Drift: 2,000, Error reduction coefficient: 0,000, Error: 0,0000 s
abr 04, 2013 12:33:15 PM org.ros.time.RemoteUptimeClock update
INFO: Latency: 31,0000 s, Delta ratio: 0,5000, Drift: 2,000, Error reduction coefficient: 0,000, Error: 0,0000 s
abr 04, 2013 12:33:15 PM org.ros.time.RemoteUptimeClock update
INFO: Latency: 31,0000 s, Delta ratio: 0,5000, Drift: 2,000, Error reduction coefficient: 0,000, Error: 0,0000 s
abr 04, 2013 12:33:15 PM org.ros.time.RemoteUptimeClock update
INFO: Latency: 31,0000 s, Delta ratio: 0,5000, Drift: 2,000, Error reduction coefficient: 0,000, Error: 0,0000 s
abr 04, 2013 12:33:15 PM org.ros.time.RemoteUptimeClock update
INFO: Latency: 31,0000 s, Delta ratio: 0,5000, Drift: 2,000, Error reduction coefficient: 0,000, Error: 0,0000 s
abr 04, 2013 12:33:15 PM org.ros.time.RemoteUptimeClock update
INFO: Latency: 31,0000 s, Delta ratio: 0,5000, Drift: 2,000, Error reduction coefficient: 0,000, Error: 0,0000 s
abr 04, 2013 12:33:15 PM org.ros.time.RemoteUptimeClock update
INFO: Latency: 31,0000 s, Delta ratio: 0,5000, Drift: 2,000, Error reduction coefficient: 0,000, Error: 0,0000 s
abr 04, 2013 12:33:15 PM org.ros.time.RemoteUptimeClock update
INFO: Latency: 31,0000 s, Delta ratio: 0,5000, Drift: 2,000, Error reduction coefficient: 0,000, Error: 0,0000 s
abr 04, 2013 12:33:15 PM org.ros.time.RemoteUptimeClock update
INFO: Latency: 31,0000 s, Delta ratio: 0,5000, Drift: 2,000, Error reduction coefficient: 0,000, Error: 0,0000 s
abr 04, 2013 12:33:15 PM org.ros.time.RemoteUptimeClock update
INFO: Latency: 31,0000 s, Delta ratio: 0,5000, Drift: 2,000, Error reduction coefficient: 0,000, Error: 0,0000 s
abr 04, 2013 12:33:15 PM org.ros.time.RemoteUptimeClock update
INFO: Latency: 31,0000 s, Delta ratio: 0,5000, Drift: 2,000, Error reduction coefficient: 0,000, Error: 0,0000 s
abr 04, 2013 12:33:15 PM org.ros.time.RemoteUptimeClock update
INFO: Latency: 31,0000 s, Delta ratio: 0,5000, Drift: 2,000, Error reduction coefficient: 0,000, Error: 0,0000 s
abr 04, 2013 12:33:15 PM org.ros.time.RemoteUptimeClock update
INFO: Latency: 31,0000 s, Delta ratio: 0,5000, Drift: 2,000, Error reduction coefficient: 0,000, Error: 0,0000 s
abr 04, 2013 12:33:15 PM org.ros.time.RemoteUptimeClock update
INFO: Latency: 31,0000 s, Delta ratio: 0,5000, Drift: 2,000, Error reduction coefficient: 0,000, Error: 0,0000 s
abr 04, 2013 12:33:15 PM org.ros.time.RemoteUptimeClock update
INFO: Latency: 31,0000 s, Delta ratio: 0,5000, Drift: 2,000, Error reduction coefficient: 0,000, Error: 0,0000 s
abr 04, 2013 12:33:15 PM org.ros.time.RemoteUptimeClock update
INFO: Latency: 31,0000 s, Delta ratio: 0,5000, Drift: 2,000, Error reduction coefficient: 0,000, Error: 0,0000 s
abr 04, 2013 12:33:15 PM org.ros.time.RemoteUptimeClock update
INFO: Latency: 31,0000 s, Delta ratio: 0,5000, Drift: 2,000, Error reduction coefficient: 0,000, Error: 0,0000 s
abr 04, 2013 12:33:15 PM org.ros.time.RemoteUptimeClock update
INFO: Latency: 31,0000 s, Delta ratio: 0,5000, Drift: 2,000, Error reduction coefficient: 0,000, Error: 0,0000 s
abr 04, 2013 12:33:15 PM org.ros.time.RemoteUptimeClock update
INFO: Latency: 31,0000 s, Delta ratio: 0,5000, Drift: 2,000, Error reduction coefficient: 0,000, Error: 0,0000 s
abr 04, 2013 12:33:15 PM org.ros.time.RemoteUptimeClock update
INFO: Latency: 31,0000 s, Delta ratio: 0,5000, Drift: 2,000, Error reduction coefficient: 0,000, Error: 0,0000 s
abr 04, 2013 12:33:15 PM org.ros.time.RemoteUptimeClock update
INFO: Latency: 31,0000 s, Delta ratio: 0,5000, Drift: 2,000, Error reduction coefficient: 0,000, Error: 0,0000 s
abr 04, 2013 12:33:15 PM org.ros.time.RemoteUptimeClock update
INFO: Latency: 31,0000 s, Delta ratio: 0,5000, Drift: 2,000, Error reduction coefficient: 0,000, Error: 0,0000 s
abr 04, 2013 12:33:15 PM org.ros.time.RemoteUptimeClock update
INFO: Latency: 31,0000 s, Delta ratio: 0,5000, Drift: 2,000, Error reduction coefficient: 0,000, Error: 0,0000 s
abr 04, 2013 12:33:15 PM org.ros.time.RemoteUptimeClock update
INFO: Latency: 31,0000 s, Delta ratio: 0,5000, Drift: 2,000, Error reduction coefficient: 0,000, Error: 0,0000 s
abr 04, 2013 12:33:15 PM org.ros.time.RemoteUptimeClock update
INFO: Latency: 31,0000 s, Delta ratio: 0,5000, Drift: 2,000, Error reduction coefficient: 0,000, Error: 0,0000 s
abr 04, 2013 12:33:15 PM org.ros.time.RemoteUptimeClock update
INFO: Latency: 31,0000 s, Delta ratio: 0,5000, Drift: 2,000, Error reduction coefficient: 0,000, Error: 0,0000 s
abr 04, 2013 12:33:15 PM org.ros.time.RemoteUptimeClock update
INFO: Latency: 31,0000 s, Delta ratio: 0,5000, Drift: 2,000, Error reduction coefficient: 0,000, Error: 0,0000 s
abr 04, 2013 12:33:15 PM org.ros.time.RemoteUptimeClock update
INFO: Latency: 31,0000 s, Delta ratio: 0,5000, Drift: 2,000, Error reduction coefficient: 0,000, Error: 0,0000 s
abr 04, 2013 12:33:15 PM org.ros.time.RemoteUptimeClock update
INFO: Latency: 31,0000 s, Delta ratio: 0,5000, Drift: 2,000, Error reduction coefficient: 0,000, Error: 0,0000 s
abr 04, 2013 12:33:15 PM org.ros.time.RemoteUptimeClock update
INFO: Latency: 31,0000 s, Delta ratio: 0,5000, Drift: 2,000, Error reduction coefficient: 0,000, Error: 0,0000 s
abr 04, 2013 12:33:15 PM org.ros.time.RemoteUptimeClock update
INFO: Latency: 31,0000 s, Delta ratio: 0,5000, Drift: 2,000, Error reduction coefficient: 0,000, Error: 0,0000 s
abr 04, 2013 12:33:15 PM org.ros.time.RemoteUptimeClock update
INFO: Latency: 31,0000 s, Delta ratio: 0,5000, Drift: 2,000, Error reduction coefficient: 0,000, Error: 0,0000 s
abr 04, 2013 12:33:15 PM org.ros.time.RemoteUptimeClock update
INFO: Latency: 31,0000 s, Delta ratio: 0,5000, Drift: 2,000, Error reduction coefficient: 0,000, Error: 0,0000 s
abr 04, 2013 12:33:15 PM org.ros.time.RemoteUptimeClock update
INFO: Latency: 31,0000 s, Delta ratio: 0,5000, Drift: 2,000, Error reduction coefficient: 0,000, Error: 0,0000 s
abr 04, 2013 12:33:15 PM org.ros.time.RemoteUptimeClock update
INFO: Latency: 31,0000 s, Delta ratio: 0,5000, Drift: 2,000, Error reduction coefficient: 0,000, Error: 0,0000 s
abr 04, 2013 12:33:15 PM org.ros.time.RemoteUptimeClock update
INFO: Latency: 31,0000 s, Delta ratio: 0,5000, Drift: 2,000, Error reduction coefficient: 0,000, Error: 0,0000 s
abr 04, 2013 12:33:15 PM org.ros.time.RemoteUptimeClock update
INFO: Latency: 31,0000 s, Delta ratio: 0,5000, Drift: 2,000, Error reduction coefficient: 0,000, Error: 0,0000 s
abr 04, 2013 12:33:15 PM org.ros.time.RemoteUptimeClock update
INFO: Latency: 31,0000 s, Delta ratio: 0,5000, Drift: 2,000, Error reduction coefficient: 0,000, Error: 0,0000 s
abr 04, 2013 12:33:15 PM org.ros.time.RemoteUptimeClock update
INFO: Latency: 31,0000 s, Delta ratio: 0,5000, Drift: 2,000, Error reduction coefficient: 0,000, Error: 0,0000 s
abr 04, 2013 12:33:15 PM org.ros.time.RemoteUptimeClock update
INFO: Latency: 31,0000 s, Delta ratio: 0,5000, Drift: 2,000, Error reduction coefficient: 0,000, Error: 0,0000 s
abr 04, 2013 12:33:15 PM org.ros.time.RemoteUptimeClock update
INFO: Latency: 31,0000 s, Delta ratio: 0,5000, Drift: 2,000, Error reduction coefficient: 0,000, Error: 0,0000 s
abr 04, 2013 12:33:15 PM org.ros.time.RemoteUptimeClock update
INFO: Latency: 31,0000 s, Delta ratio: 0,5000, Drift: 2,000, Error reduction coefficient: 0,000, Error: 0,0000 s
abr 04, 2013 12:33:15 PM org.ros.time.RemoteUptimeClock update
INFO: Latency: 31,0000 s, Delta ratio: 0,5000, Drift: 2,000, Error reduction coefficient: 0,000, Error: 0,0000 s
abr 04, 2013 12:33:15 PM org.ros.time.RemoteUptimeClock update
INFO: Latency: 31,0000 s, Delta ratio: 0,5000, Drift: 2,000, Error reduction coefficient: 0,000, Error: 0,0000 s
abr 04, 2013 12:33:15 PM org.ros.time.RemoteUptimeClock update
INFO: Latency: 31,0000 s, Delta ratio: 0,5000, Drift: 2,000, Error reduction coefficient: 0,000, Error: 0,0000 s
abr 04, 2013 12:33:15 PM org.ros.time.RemoteUptimeClock update
INFO: Latency: 31,0000 s, Delta ratio: 0,5000, Drift: 2,000, Error reduction coefficient: 0,000, Error: 0,0000 s
abr 04, 2013 12:33:15 PM org.ros.time.RemoteUptimeClock update
INFO: Latency: 31,0000 s, Delta ratio: 0,5000, Drift: 2,000, Error reduction coefficient: 0,000, Error: 0,0000 s
abr 04, 2013 12:33:15 PM org.ros.time.RemoteUptimeClock update
INFO: Latency: 31,0000 s, Delta ratio: 0,5000, Drift: 2,000, Error reduction coefficient: 0,000, Error: 0,0000 s
abr 04, 2013 12:33:15 PM org.ros.time.RemoteUptimeClock update
INFO: Latency: 31,0000 s, Delta ratio: 0,5000, Drift: 2,000, Error reduction coefficient: 0,000, Error: 0,0000 s
abr 04, 2013 12:33:15 PM org.ros.time.RemoteUptimeClock update
INFO: Latency: 31,0000 s, Delta ratio: 0,5000, Drift: 2,000, Error reduction coefficient: 0,000, Error: 0,0000 s
abr 04, 2013 12:33:15 PM org.ros.time.RemoteUptimeClock update
INFO: Latency: 31,0000 s, Delta ratio: 0,5000, Drift: 2,000, Error reduction coefficient: 0,000, Error: 0,0000 s
abr 04, 2013 12:33:15 PM org.ros.time.RemoteUptimeClock update
INFO: Latency: 31,0000 s, Delta ratio: 0,5000, Drift: 2,000, Error reduction coefficient: 0,000, Error: 0,0000 s
abr 04, 2013 12:33:15 PM org.ros.time.RemoteUptimeClock update
INFO: Latency: 31,0000 s, Delta ratio: 0,5000, Drift: 2,000, Error reduction coefficient: 0,000, Error: 0,0000 s
abr 04, 2013 12:33:15 PM org.ros.time.RemoteUptimeClock update
INFO: Latency: 31,0000 s, Delta ratio: 0,5000, Drift: 2,000, Error reduction coefficient: 0,000, Error: 0,0000 s
abr 04, 2013 12:33:15 PM org.ros.time.RemoteUptimeClock update
INFO: Latency: 31,0000 s, Delta ratio: 0,5000, Drift: 2,000, Error reduction coefficient: 0,000, Error: 0,0000 s
abr 04, 2013 12:33:15 PM org.ros.time.RemoteUptimeClock update
INFO: Latency: 31,0000 s, Delta ratio: 0,5000, Drift: 2,000, Error reduction coefficient: 0,000, Error: 0,0000 s
abr 04, 2013 12:33:15 PM org.ros.time.RemoteUptimeClock update
INFO: Latency: 31,0000 s, Delta ratio: 0,5000, Drift: 2,000, Error reduction coefficient: 0,000, Error: 0,0000 s
abr 04, 2013 12:33:15 PM org.ros.time.RemoteUptimeClock update
INFO: Latency: 31,0000 s, Delta ratio: 0,5000, Drift: 2,000, Error reduction coefficient: 0,000, Error: 0,0000 s
abr 04, 2013 12:33:15 PM org.ros.time.RemoteUptimeClock update
INFO: Latency: 31,0000 s, Delta ratio: 0,5000, Drift: 2,000, Error reduction coefficient: 0,000, Error: 0,0000 s
abr 04, 2013 12:33:15 PM org.ros.time.RemoteUptimeClock update
INFO: Latency: 31,0000 s, Delta ratio: 0,5000, Drift: 2,000, Error reduction coefficient: 0,000, Error: 0,0000 s
abr 04, 2013 12:33:15 PM org.ros.time.RemoteUptimeClock update
INFO: Latency: 31,0000 s, Delta ratio: 0,5000, Drift: 2,000, Error reduction coefficient: 0,000, Error: 0,0000 s
abr 04, 2013 12:33:15 PM org.ros.time.RemoteUptimeClock update
INFO: Latency: 31,0000 s, Delta ratio: 0,5000, Drift: 2,000, Error reduction coefficient: 0,000, Error: 0,0000 s
abr 04, 2013 12:33:15 PM org.ros.time.RemoteUptimeClock update
INFO: Latency: 31,0000 s, Delta ratio: 0,5000, Drift: 2,000, Error reduction coefficient: 0,000, Error: 0,0000 s
abr 04, 2013 12:33:15 PM org.ros.time.RemoteUptimeClock update
INFO: Latency: 31,0000 s, Delta ratio: 0,5000, Drift: 2,000, Error reduction coefficient: 0,000, Error: 0,0000 s
abr 04, 2013 12:33:15 PM org.ros.time.RemoteUptimeClock update
INFO: Latency: 31,0000 s, Delta ratio: 0,5000, Drift: 2,000, Error reduction coefficient: 0,000, Error: 0,0000 s
abr 04, 2013 12:33:15 PM org.ros.time.RemoteUptimeClock update
INFO: Latency: 31,0000 s, Delta ratio: 0,5000, Drift: 2,000, Error reduction coefficient: 0,000, Error: 0,0000 s
abr 04, 2013 12:33:15 PM org.ros.time.RemoteUptimeClock update
INFO: Latency: 31,0000 s, Delta ratio: 0,5000, Drift: 2,000, Error reduction coefficient: 0,000, Error: 0,0000 s
abr 04, 2013 12:33:15 PM org.ros.time.RemoteUptimeClock update
INFO: Latency: 31,0000 s, Delta ratio: 0,5000, Drift: 2,000, Error reduction coefficient: 0,000, Error: 0,0000 s
abr 04, 2013 12:33:15 PM org.ros.time.RemoteUptimeClock update
INFO: Latency: 31,0000 s, Delta ratio: 0,5000, Drift: 2,000, Error reduction coefficient: 0,000, Error: 0,0000 s
abr 04, 2013 12:33:15 PM org.ros.time.RemoteUptimeClock update
INFO: Latency: 31,0000 s, Delta ratio: 0,5000, Drift: 2,000, Error reduction coefficient: 0,000, Error: 0,0000 s
abr 04, 2013 12:33:15 PM org.ros.time.RemoteUptimeClock update
INFO: Latency: 31,0000 s, Delta ratio: 0,5000, Drift: 2,000, Error reduction coefficient: 0,000, Error: 0,0000 s
abr 04, 2013 12:33:15 PM org.ros.time.RemoteUptimeClock update
INFO: Latency: 31,0000 s, Delta ratio: 0,5000, Drift: 2,000, Error reduction coefficient: 0,000, Error: 0,0000 s
abr 04, 2013 12:33:15 PM org.ros.time.RemoteUptimeClock update
INFO: Latency: 31,0000 s, Delta ratio: 0,5000, Drift: 2,000, Error reduction coefficient: 0,000, Error: 0,0000 s
abr 04, 2013 12:33:15 PM org.ros.time.RemoteUptimeClock update
INFO: Latency: 31,0000 s, Delta ratio: 0,5000, Drift: 2,000, Error reduction coefficient: 0,000, Error: 0,0000 s
abr 04, 2013 12:33:15 PM org.ros.time.RemoteUptimeClock update
INFO: Latency: 31,0000 s, Delta ratio: 0,5000, Drift: 2,000, Error reduction coefficient: 0,000, Error: 0,0000 s
abr 04, 2013 12:33:15 PM org.ros.time.RemoteUptimeClock update
INFO: Latency: 31,0000 s, Delta ratio: 0,5000, Drift: 2,000, Error reduction coefficient: 0,000, Error: 0,0000 s
abr 04, 2013 12:33:15 PM org.ros.time.RemoteUptimeClock update
INFO: Latency: 31,0000 s, Delta ratio: 0,5000, Drift: 2,000, Error reduction coefficient: 0,000, Error: 0,0000 s
abr 04, 2013 12:33:15 PM org.ros.time.RemoteUptimeClock update
INFO: Latency: 31,0000 s, Delta ratio: 0,5000, Drift: 2,000, Error reduction coefficient: 0,000, Error: 0,0000 s
abr 04, 2013 12:33:15 PM org.ros.time.RemoteUptimeClock update
INFO: Latency: 31,0000 s, Delta ratio: 0,5000, Drift: 2,000, Error reduction coefficient: 0,000, Error: 0,0000 s
abr 04, 2013 12:33:15 PM org.ros.time.RemoteUptimeClock update
INFO: Latency: 31,0000 s, Delta ratio: 0,5000, Drift: 2,000, Error reduction coefficient: 0,000, Error: 0,0000 s
abr 04, 2013 12:33:15 PM org.ros.time.RemoteUptimeClock update
INFO: Latency: 31,0000 s, Delta ratio: 0,5000, Drift: 2,000, Error reduction coefficient: 0,000, Error: 0,0000 s
abr 04, 2013 12:33:15 PM org.ros.time.RemoteUptimeClock update
INFO: Latency: 31,0000 s, Delta ratio: 0,5000, Drift: 2,000, Error reduction coefficient: 0,000, Error: 0,0000 s
abr 04, 2013 12:33:15 PM org.ros.time.RemoteUptimeClock update
INFO: Latency: 31,0000 s, Delta ratio: 0,5000, Drift: 2,000, Error reduction coefficient: 0,000, Error: 0,0000 s
abr 04, 2013 12:33:15 PM org.ros.time.RemoteUptimeClock update
INFO: Latency: 31,0000 s, Delta ratio: 0,5000, Drift: 2,000, Error reduction coefficient: 0,000, Error: 0,0000 s
abr 04, 2013 12:33:15 PM org.ros.time.RemoteUptimeClock update
INFO: Latency: 31,0000 s, Delta ratio: 0,5000, Drift: 2,000, Error reduction coefficient: 0,000, Error: 0,0000 s
abr 04, 2013 12:33:15 PM org.ros.time.RemoteUptimeClock update
INFO: Latency: 31,0000 s, Delta ratio: 0,5000, Drift: 2,000, Error reduction coefficient: 0,000, Error: 0,0000 s
abr 04, 2013 12:33:15 PM org.ros.time.RemoteUptimeClock update
INFO: Latency: 31,0000 s, Delta ratio: 0,5000, Drift: 2,000, Error reduction coefficient: 0,000, Error: 0,0000 s
abr 04, 2013 12:33:15 PM org.ros.time.RemoteUptimeClock update
INFO: Latency: 31,0000 s, Delta ratio: 0,5000, Drift: 2,000, Error reduction coefficient: 0,000, Error: 0,0000 s
abr 04, 2013 12:33:15 PM org.ros.time.RemoteUptimeClock update
INFO: Latency: 31,0000 s, Delta ratio: 0,5000, Drift: 2,000, Error reduction coefficient: 0,000, Error: 0,0000 s
abr 04, 2013 12:33:15 PM org.ros.time.RemoteUptimeClock update
INFO: Latency: 31,0000 s, Delta ratio: 0,5000, Drift: 2,000, Error reduction coefficient: 0,000, Error: 0,0000 s
abr 04, 2013 12:33:15 PM org.ros.time.RemoteUptimeClock update
INFO: Latency: 31,0000 s, Delta ratio: 0,5000, Drift: 2,000, Error reduction coefficient: 0,000, Error: 0,0000 s
abr 04, 2013 12:33:15 PM org.ros.time.RemoteUptimeClock update
INFO: Latency: 31,0000 s, Delta ratio: 0,5000, Drift: 2,000, Error reduction coefficient: 0,000, Error: 0,0000 s
abr 04, 2013 12:33:15 PM org.ros.time.RemoteUptimeClock update
INFO: Latency: 31,0000 s, Delta ratio: 0,5000, Drift: 2,000, Error reduction coefficient: 0,000, Error: 0,0000 s
abr 04, 2013 12:33:15 PM org.ros.time.RemoteUptimeClock update
INFO: Latency: 31,0000 s, Delta ratio: 0,5000, Drift: 2,000, Error reduction coefficient: 0,000, Error: 0,0000 s
abr 04, 2013 12:33:15 PM org.ros.time.RemoteUptimeClock update
INFO: Latency: 31,0000 s, Delta ratio: 0,5000, Drift: 2,000, Error reduction coefficient: 0,000, Error: 0,0000 s
abr 04, 2013 12:33:15 PM org.ros.time.RemoteUptimeClock update
INFO: Latency: 31,0000 s, Delta ratio: 0,5000, Drift: 2,000, Error reduction coefficient: 0,000, Error: 0,0000 s
abr 04, 2013 12:33:15 PM org.ros.time.RemoteUptimeClock update
INFO: Latency: 31,0000 s, Delta ratio: 0,5000, Drift: 2,000, Error reduction coefficient: 0,000, Error: 0,0000 s
abr 04, 2013 12:33:15 PM org.ros.time.RemoteUptimeClock update
INFO: Latency: 31,0000 s, Delta ratio: 0,5000, Drift: 2,000, Error reduction coefficient: 0,000, Error: 0,0000 s
abr 04, 2013 12:33:15 PM org.ros.time.RemoteUptimeClock update
INFO: Latency: 31,0000 s, Delta ratio: 0,5000, Drift: 2,000, Error reduction coefficient: 0,000, Error: 0,0000 s
abr 04, 2013 12:33:15 PM org.ros.time.RemoteUptimeClock update
INFO: Latency: 31,0000 s, Delta ratio: 0,5000, Drift: 2,000, Error reduction coefficient: 0,000, Error: 0,0000 s
abr 04, 2013 12:33:15 PM org.ros.time.RemoteUptimeClock update
INFO: Latency: 31,0000 s, Delta ratio: 0,5000, Drift: 2,000, Error reduction coefficient: 0,000, Error: 0,0000 s
abr 04, 2013 12:33:15 PM org.ros.time.RemoteUptimeClock update
INFO: Latency: 31,0000 s, Delta ratio: 0,5000, Drift: 2,000, Error reduction coefficient: 0,000, Error: 0,0000 s
abr 04, 2013 12:33:15 PM org.ros.time.RemoteUptimeClock update
INFO: Latency: 31,0000 s, Delta ratio: 0,5000, Drift: 2,000, Error reduction coefficient: 0,000, Error: 0,0000 s
abr 04, 2013 12:33:15 PM org.ros.time.RemoteUptimeClock update
INFO: Latency: 31,0000 s, Delta ratio: 0,5000, Drift: 2,000, Error reduction coefficient: 0,000, Error: 0,0000 s
abr 04, 2013 12:33:15 PM org.ros.time.RemoteUptimeClock update
INFO: Latency: 31,0000 s, Delta ratio: 0,5000, Drift: 2,000, Error reduction coefficient: 0,000, Error: 0,0000 s
abr 04, 2013 12:33:15 PM org.ros.time.RemoteUptimeClock update
INFO: Latency: 31,0000 s, Delta ratio: 0,5000, Drift: 2,000, Error reduction coefficient: 0,000, Error: 0,0000 s
abr 04, 2013 12:33:15 PM org.ros.time.RemoteUptimeClock update
INFO: Latency: 31,0000 s, Delta ratio: 0,5000, Drift: 2,000, Error reduction coefficient: 0,000, Error: 0,0000 s
abr 04, 2013 12:33:15 PM org.ros.time.RemoteUptimeClock update
INFO: Latency: 31,0000 s, Delta ratio: 0,5000, Drift: 2,000, Error reduction coefficient: 0,000, Error: 0,0000 s
abr 04, 2013 12:33:15 PM org.ros.time.RemoteUptimeClock update
INFO: Latency: 31,0000 s, Delta ratio: 0,5000, Drift: 2,000, Error reduction coefficient: 0,000, Error: 0,0000 s
abr 04, 2013 12:33:15 PM org.ros.time.RemoteUptimeClock update
INFO: Latency: 31,0000 s, Delta ratio: 0,5000, Drift: 2,000, Error reduction coefficient: 0,000, Error: 0,0000 s
abr 04, 2013 12:33:15 PM org.ros.time.RemoteUptimeClock update
INFO: Latency: 31,0000 s, Delta ratio: 0,5000, Drift: 2,000, Error reduction coefficient: 0,000, Error: 0,0000 s
abr 04, 2013 12:33:15 PM org.ros.time.RemoteUptimeClock update
INFO: Latency: 31,0000 s, Delta ratio: 0,5000, Drift: 2,000, Error reduction coefficient: 0,000, Error: 0,0000 s
abr 04, 2013 12:33:15 PM org.ros.time.RemoteUptimeClock update
INFO: Latency: 31,0000 s, Delta ratio: 0,5000, Drift: 2,000, Error reduction coefficient: 0,000, Error: 0,0000 s
abr 04, 2013 12:33:15 PM org.ros.time.RemoteUptimeClock update
INFO: Latency: 31,0000 s, Delta ratio: 0,5000, Drift: 2,000, Error reduction coefficient: 0,000, Error: 0,0000 s
abr 04, 2013 12:33:15 PM org.ros.time.RemoteUptimeClock update
INFO: Latency: 31,0000 s, Delta ratio: 0,5000, Drift: 2,000, Error reduction coefficient: 0,000, Error: 0,0000 s
abr 04, 2013 12:33:15 PM org.ros.time.RemoteUptimeClock update
INFO: Latency: 31,0000 s, Delta ratio: 0,5000, Drift: 2,000, Error reduction coefficient: 0,000, Error: 0,0000 s
abr 04, 2013 12:33:15 PM org.ros.time.RemoteUptimeClock update
INFO: Latency: 31,0000 s, Delta ratio: 0,5000, Drift: 2,000, Error reduction coefficient: 0,000, Error: 0,0000 s
abr 04, 2013 12:33:15 PM org.ros.time.RemoteUptimeClock update
INFO: Latency: 31,0000 s, Delta ratio: 0,5000, Drift: 2,000, Error reduction coefficient: 0,000, Error: 0,0000 s
abr 04, 2013 12:33:15 PM org.ros.time.RemoteUptimeClock update
INFO: Latency: 31,0000 s, Delta ratio: 0,5000, Drift: 2,000, Error reduction coefficient: 0,000, Error: 0,0000 s
abr 04, 2013 12:33:15 PM org.ros.time.RemoteUptimeClock update
INFO: Latency: 31,0000 s, Delta ratio: 0,5000, Drift: 2,000, Error reduction coefficient: 0,000, Error: 0,0000 s
abr 04, 2013 12:33:15 PM org.ros.time.RemoteUptimeClock update
INFO: Latency: 31,0000 s, Delta ratio: 0,5000, Drift: 2,000, Error reduction coefficient: 0,000, Error: 0,0000 s
abr 04, 2013 12:33:15 PM org.ros.time.RemoteUptimeClock update
INFO: Latency: 31,0000 s, Delta ratio: 0,5000, Drift: 2,000, Error reduction coefficient: 0,000, Error: 0,0000 s
abr 04, 2013 12:33:15 PM org.ros.time.RemoteUptimeClock update
INFO: Latency: 31,0000 s, Delta ratio: 0,5000, Drift: 2,000, Error reduction coefficient: 0,000, Error: 0,0000 s
abr 04, 2013 12:33:15 PM org.ros.time.RemoteUptimeClock update
INFO: Latency: 31,0000 s, Delta ratio: 0,5000, Drift: 2,000, Error reduction coefficient: 0,000, Error: 0,0000 s
abr 04, 2013 12:33:15 PM org.ros.time.RemoteUptimeClock update
INFO: Latency: 31,0000 s, Delta ratio: 0,5000, Drift: 2,000, Error reduction coefficient: 0,000, Error: 0,0000 s
abr 04, 2013 12:33:15 PM org.ros.time.RemoteUptimeClock update
INFO: Latency: 31,0000 s, Delta ratio: 0,5000, Drift: 2,000, Error reduction coefficient: 0,000, Error: 0,0000 s
abr 04, 2013 12:33:15 PM org.ros.time.RemoteUptimeClock update
INFO: Latency: 31,0000 s, Delta ratio: 0,5000, Drift: 2,000, Error reduction coefficient: 0,000, Error: 0,0000 s
abr 04, 2013 12:33:15 PM org.ros.time.RemoteUptimeClock update
INFO: Latency: 31,0000 s, Delta ratio: 0,5000, Drift: 2,000, Error reduction coefficient: 0,000, Error: 0,0000 s
abr 04, 2013 12:33:15 PM org.ros.time.RemoteUptimeClock update
INFO: Latency: 31,0000 s, Delta ratio: 0,5000, Drift: 2,000, Error reduction coefficient: 0,000, Error: 0,0000 s
abr 04, 2013 12:33:15 PM org.ros.time.RemoteUptimeClock update
INFO: Latency: 31,0000 s, Delta ratio: 0,5000, Drift: 2,000, Error reduction coefficient: 0,000, Error: 0,0000 s
abr 04, 2013 12:33:15 PM org.ros.time.RemoteUptimeClock update
INFO: Latency: 31,0000 s, Delta ratio: 0,5000, Drift: 2,000, Error reduction coefficient: 0,000, Error: 0,0000 s
abr 04, 2013 12:33:15 PM org.ros.time.RemoteUptimeClock update
INFO: Latency: 31,0000 s, Delta ratio: 0,5000, Drift: 2,000, Error reduction coefficient: 0,000, Error: 0,0000 s
abr 04, 2013 12:33:15 PM org.ros.time.RemoteUptimeClock update
INFO: Latency: 31,0000 s, Delta ratio: 0,5000, Drift: 2,000, Error reduction coefficient: 0,000, Error: 0,0000 s
abr 04, 2013 12:33:15 PM org.ros.time.RemoteUptimeClock update
INFO: Latency: 31,0000 s, Delta ratio: 0,5000, Drift: 2,000, Error reduction coefficient: 0,000, Error: 0,0000 s
abr 04, 2013 12:33:15 PM org.ros.time.RemoteUptimeClock update
INFO: Latency: 31,0000 s, Delta ratio: 0,5000, Drift: 2,000, Error reduction coefficient: 0,000, Error: 0,0000 s
abr 04, 2013 12:33:15 PM org.ros.time.RemoteUptimeClock update
INFO: Latency: 31,0000 s, Delta ratio: 0,5000, Drift: 2,000, Error reduction coefficient: 0,000, Error: 0,0000 s
abr 04, 2013 12:33:15 PM org.ros.time.RemoteUptimeClock update
INFO: Latency: 31,0000 s, Delta ratio: 0,5000, Drift: 2,000, Error reduction coefficient: 0,000, Error: 0,0000 s
abr 04, 2013 12:33:15 PM org.ros.time.RemoteUptimeClock update
INFO: Latency: 31,0000 s, Delta ratio: 0,5000, Drift: 2,000, Error reduction coefficient: 0,000, Error: 0,0000 s
abr 04, 2013 12:33:15 PM org.ros.time.RemoteUptimeClock update
INFO: Latency: 31,0000 s, Delta ratio: 0,5000, Drift: 2,000, Error reduction coefficient: 0,000, Error: 0,0000 s
abr 04, 2013 12:33:15 PM org.ros.time.RemoteUptimeClock update
INFO: Latency: 31,0000 s, Delta ratio: 0,5000, Drift: 2,000, Error reduction coefficient: 0,000, Error: 0,0000 s
abr 04, 2013 12:33:15 PM org.ros.time.RemoteUptimeClock update
INFO: Latency: 31,0000 s, Delta ratio: 0,5000, Drift: 2,000, Error reduction coefficient: 0,000, Error: 0,0000 s
abr 04, 2013 12:33:15 PM org.ros.time.RemoteUptimeClock update
INFO: Latency: 31,0000 s, Delta ratio: 0,5000, Drift: 2,000, Error reduction coefficient: 0,000, Error: 0,0000 s
abr 04, 2013 12:33:15 PM org.ros.time.RemoteUptimeClock update
INFO: Latency: 31,0000 s, Delta ratio: 0,5000, Drift: 2,000, Error reduction coefficient: 0,000, Error: 0,0000 s
abr 04, 2013 12:33:15 PM org.ros.time.RemoteUptimeClock update
INFO: Latency: 31,0000 s, Delta ratio: 0,5000, Drift: 2,000, Error reduction coefficient: 0,000, Error: 0,0000 s
abr 04, 2013 12:33:15 PM org.ros.time.RemoteUptimeClock update
INFO: Latency: 31,0000 s, Delta ratio: 0,5000, Drift: 2,000, Error reduction coefficient: 0,000, Error: 0,0000 s
abr 04, 2013 12:33:15 PM org.ros.time.RemoteUptimeClock update
INFO: Latency: 31,0000 s, Delta ratio: 0,5000, Drift: 2,000, Error reduction coefficient: 0,000, Error: 0,0000 s
abr 04, 2013 12:33:15 PM org.ros.time.RemoteUptimeClock update
INFO: Latency: 31,0000 s, Delta ratio: 0,5000, Drift: 2,000, Error reduction coefficient: 0,000, Error: 0,0000 s
abr 04, 2013 12:33:15 PM org.ros.time.RemoteUptimeClock update
INFO: Latency: 31,0000 s, Delta ratio: 0,5000, Drift: 2,000, Error reduction coefficient: 0,000, Error: 0,0000 s
abr 04, 2013 12:33:15 PM org.ros.time.RemoteUptimeClock update
INFO: Latency: 31,0000 s, Delta ratio: 0,5000, Drift: 2,000, Error reduction coefficient: 0,000, Error: 0,0000 s
abr 04, 2013 12:33:15 PM org.ros.time.RemoteUptimeClock update
INFO: Latency: 31,0000 s, Delta ratio: 0,5000, Drift: 2,000, Error reduction coefficient: 0,000, Error: 0,0000 s
abr 04, 2013 12:33:15 PM org.ros.time.RemoteUptimeClock update
INFO: Latency: 31,0000 s, Delta ratio: 0,5000, Drift: 2,000, Error reduction coefficient: 0,000, Error: 0,0000 s
abr 04, 2013 12:33:15 PM org.ros.time.RemoteUptimeClock update
INFO: Latency: 31,0000 s, Delta ratio: 0,5000, Drift: 2,000, Error reduction coefficient: 0,000, Error: 0,0000 s
abr 04, 2013 12:33:15 PM org.ros.time.RemoteUptimeClock update
INFO: Latency: 31,0000 s, Delta ratio: 0,5000, Drift: 2,000, Error reduction coefficient: 0,000, Error: 0,0000 s
abr 04, 2013 12:33:15 PM org.ros.time.RemoteUptimeClock update
INFO: Latency: 31,0000 s, Delta ratio: 0,5000, Drift: 2,000, Error reduction coefficient: 0,000, Error: 0,0000 s
abr 04, 2013 12:33:15 PM org.ros.time.RemoteUptimeClock update
INFO: Latency: 31,0000 s, Delta ratio: 0,5000, Drift: 2,000, Error reduction coefficient: 0,000, Error: 0,0000 s
abr 04, 2013 12:33:15 PM org.ros.time.RemoteUptimeClock update
INFO: Latency: 31,0000 s, Delta ratio: 0,5000, Drift: 2,000, Error reduction coefficient: 0,000, Error: 0,0000 s
abr 04, 2013 12:33:15 PM org.ros.time.RemoteUptimeClock update
INFO: Latency: 31,0000 s, Delta ratio: 0,5000, Drift: 2,000, Error reduction coefficient: 0,000, Error: 0,0000 s
abr 04, 2013 12:33:15 PM org.ros.time.RemoteUptimeClock update
INFO: Latency: 31,0000 s, Delta ratio: 0,5000, Drift: 2,000, Error reduction coefficient: 0,000, Error: 0,0000 s
abr 04, 2013 12:33:15 PM org.ros.time.RemoteUptimeClock update
INFO: Latency: 31,0000 s, Delta ratio: 0,5000, Drift: 2,000, Error reduction coefficient: 0,000, Error: 0,0000 s
abr 04, 2013 12:33:15 PM org.ros.time.RemoteUptimeClock update
INFO: Latency: 31,0000 s, Delta ratio: 0,5000, Drift: 2,000, Error reduction coefficient: 0,000, Error: 0,0000 s
abr 04, 2013 12:33:15 PM org.ros.time.RemoteUptimeClock update
INFO: Latency: 31,0000 s, Delta ratio: 0,5000, Drift: 2,000, Error reduction coefficient: 0,000, Error: 0,0000 s
abr 04, 2013 12:33:15 PM org.ros.time.RemoteUptimeClock update
INFO: Latency: 31,0000 s, Delta ratio: 0,5000, Drift: 2,000, Error reduction coefficient: 0,000, Error: 0,0000 s
abr 04, 2013 12:33:15 PM org.ros.time.RemoteUptimeClock update
INFO: Latency: 31,0000 s, Delta ratio: 0,5000, Drift: 2,000, Error reduction coefficient: 0,000, Error: 0,0000 s
abr 04, 2013 12:33:15 PM org.ros.time.RemoteUptimeClock update
INFO: Latency: 31,0000 s, Delta ratio: 0,5000, Drift: 2,000, Error reduction coefficient: 0,000, Error: 0,0000 s
abr 04, 2013 12:33:15 PM org.ros.time.RemoteUptimeClock update
INFO: Latency: 31,0000 s, Delta ratio: 0,5000, Drift: 2,000, Error reduction coefficient: 0,000, Error: 0,0000 s
abr 04, 2013 12:33:15 PM org.ros.time.RemoteUptimeClock update
INFO: Latency: 31,0000 s, Delta ratio: 0,5000, Drift: 2,000, Error reduction coefficient: 0,000, Error: 0,0000 s
abr 04, 2013 12:33:15 PM org.ros.time.RemoteUptimeClock update
INFO: Latency: 31,0000 s, Delta ratio: 0,5000, Drift: 2,000, Error reduction coefficient: 0,000, Error: 0,0000 s
abr 04, 2013 12:33:15 PM org.ros.time.RemoteUptimeClock update
INFO: Latency: 31,0000 s, Delta ratio: 0,5000, Drift: 2,000, Error reduction coefficient: 0,000, Error: 0,0000 s
abr 04, 2013 12:33:15 PM org.ros.time.RemoteUptimeClock update
INFO: Latency: 31,0000 s, Delta ratio: 0,5000, Drift: 2,000, Error reduction coefficient: 0,000, Error: 0,0000 s
abr 04, 2013 12:33:15 PM org.ros.time.RemoteUptimeClock update
INFO: Latency: 31,0000 s, Delta ratio: 0,5000, Drift: 2,000, Error reduction coefficient: 0,000, Error: 0,0000 s
abr 04, 2013 12:33:15 PM org.ros.time.RemoteUptimeClock update
INFO: Latency: 31,0000 s, Delta ratio: 0,5000, Drift: 2,000, Error reduction coefficient: 0,000, Error: 0,0000 s
abr 04, 2013 12:33:15 PM org.ros.time.RemoteUptimeClock update
INFO: Latency: 31,0000 s, Delta ratio: 0,5000, Drift: 2,000, Error reduction coefficient: 0,000, Error: 0,0000 s
abr 04, 2013 12:33:15 PM org.ros.time.RemoteUptimeClock update
INFO: Latency: 31,0000 s, Delta ratio: 0,5000, Drift: 2,000, Error reduction coefficient: 0,000, Error: 0,0000 s
abr 04, 2013 12:33:15 PM org.ros.time.RemoteUptimeClock update
INFO: Latency: 31,0000 s, Delta ratio: 0,5000, Drift: 2,000, Error reduction coefficient: 0,000, Error: 0,0000 s
abr 04, 2013 12:33:15 PM org.ros.time.RemoteUptimeClock update
INFO: Latency: 31,0000 s, Delta ratio: 0,5000, Drift: 2,000, Error reduction coefficient: 0,000, Error: 0,0000 s
abr 04, 2013 12:33:15 PM org.ros.time.RemoteUptimeClock update
INFO: Latency: 31,0000 s, Delta ratio: 0,5000, Drift: 2,000, Error reduction coefficient: 0,000, Error: 0,0000 s
abr 04, 2013 12:33:15 PM org.ros.time.RemoteUptimeClock update
INFO: Latency: 31,0000 s, Delta ratio: 0,5000, Drift: 2,000, Error reduction coefficient: 0,000, Error: 0,0000 s
abr 04, 2013 12:33:15 PM org.ros.time.RemoteUptimeClock update
INFO: Latency: 31,0000 s, Delta ratio: 0,5000, Drift: 2,000, Error reduction coefficient: 0,000, Error: 0,0000 s
abr 04, 2013 12:33:15 PM org.ros.time.RemoteUptimeClock update
INFO: Latency: 31,0000 s, Delta ratio: 0,5000, Drift: 2,000, Error reduction coefficient: 0,000, Error: 0,0000 s
abr 04, 2013 12:33:15 PM org.ros.time.RemoteUptimeClock update
INFO: Latency: 31,0000 s, Delta ratio: 0,5000, Drift: 2,000, Error reduction coefficient: 0,000, Error: 0,0000 s
abr 04, 2013 12:33:15 PM org.ros.time.RemoteUptimeClock update
INFO: Latency: 31,0000 s, Delta ratio: 0,5000, Drift: 2,000, Error reduction coefficient: 0,000, Error: 0,0000 s
abr 04, 2013 12:33:15 PM org.ros.time.RemoteUptimeClock update
INFO: Latency: 31,0000 s, Delta ratio: 0,5000, Drift: 2,000, Error reduction coefficient: 0,000, Error: 0,0000 s
abr 04, 2013 12:33:15 PM org.ros.time.RemoteUptimeClock update
INFO: Latency: 31,0000 s, Delta ratio: 0,5000, Drift: 2,000, Error reduction coefficient: 0,000, Error: 0,0000 s
abr 04, 2013 12:33:15 PM org.ros.time.RemoteUptimeClock update
INFO: Latency: 31,0000 s, Delta ratio: 0,5000, Drift: 2,000, Error reduction coefficient: 0,000, Error: 0,0000 s
abr 04, 2013 12:33:15 PM org.ros.time.RemoteUptimeClock update
INFO: Latency: 31,0000 s, Delta ratio: 0,5000, Drift: 2,000, Error reduction coefficient: 0,000, Error: 0,0000 s
abr 04, 2013 12:33:15 PM org.ros.time.RemoteUptimeClock update
INFO: Latency: 31,0000 s, Delta ratio: 0,5000, Drift: 2,000, Error reduction coefficient: 0,000, Error: 0,0000 s
abr 04, 2013 12:33:15 PM org.ros.time.RemoteUptimeClock update
INFO: Latency: 31,0000 s, Delta ratio: 0,5000, Drift: 2,000, Error reduction coefficient: 0,000, Error: 0,0000 s
abr 04, 2013 12:33:15 PM org.ros.time.RemoteUptimeClock update
INFO: Latency: 31,0000 s, Delta ratio: 0,5000, Drift: 2,000, Error reduction coefficient: 0,000, Error: 0,0000 s
abr 04, 2013 12:33:15 PM org.ros.time.RemoteUptimeClock update
INFO: Latency: 31,0000 s, Delta ratio: 0,5000, Drift: 2,000, Error reduction coefficient: 0,000, Error: 0,0000 s
abr 04, 2013 12:33:15 PM org.ros.time.RemoteUptimeClock update
INFO: Latency: 31,0000 s, Delta ratio: 0,5000, Drift: 2,000, Error reduction coefficient: 0,000, Error: 0,0000 s
abr 04, 2013 12:33:15 PM org.ros.time.RemoteUptimeClock update
INFO: Latency: 31,0000 s, Delta ratio: 0,5000, Drift: 2,000, Error reduction coefficient: 0,000, Error: 0,0000 s
abr 04, 2013 12:33:15 PM org.ros.time.RemoteUptimeClock update
INFO: Latency: 31,0000 s, Delta ratio: 0,5000, Drift: 2,000, Error reduction coefficient: 0,000, Error: 0,0000 s
abr 04, 2013 12:33:15 PM org.ros.time.RemoteUptimeClock update
INFO: Latency: 31,0000 s, Delta ratio: 0,5000, Drift: 2,000, Error reduction coefficient: 0,000, Error: 0,0000 s
abr 04, 2013 12:33:15 PM org.ros.time.RemoteUptimeClock update
INFO: Latency: 31,0000 s, Delta ratio: 0,5000, Drift: 2,000, Error reduction coefficient: 0,000, Error: 0,0000 s
abr 04, 2013 12:33:15 PM org.ros.time.RemoteUptimeClock update
INFO: Latency: 31,0000 s, Delta ratio: 0,5000, Drift: 2,000, Error reduction coefficient: 0,000, Error: 0,0000 s
abr 04, 2013 12:33:15 PM org.ros.time.RemoteUptimeClock update
INFO: Latency: 31,0000 s, Delta ratio: 0,5000, Drift: 2,000, Error reduction coefficient: 0,000, Error: 0,0000 s
abr 04, 2013 12:33:15 PM org.ros.time.RemoteUptimeClock update
INFO: Latency: 31,0000 s, Delta ratio: 0,5000, Drift: 2,000, Error reduction coefficient: 0,000, Error: 0,0000 s
abr 04, 2013 12:33:15 PM org.ros.time.RemoteUptimeClock update
INFO: Latency: 31,0000 s, Delta ratio: 0,5000, Drift: 2,000, Error reduction coefficient: 0,000, Error: 0,0000 s
abr 04, 2013 12:33:15 PM org.ros.time.RemoteUptimeClock update
INFO: Latency: 31,0000 s, Delta ratio: 0,5000, Drift: 2,000, Error reduction coefficient: 0,000, Error: 0,0000 s
abr 04, 2013 12:33:15 PM org.ros.time.RemoteUptimeClock update
INFO: Latency: 31,0000 s, Delta ratio: 0,5000, Drift: 2,000, Error reduction coefficient: 0,000, Error: 0,0000 s
abr 04, 2013 12:33:15 PM org.ros.time.RemoteUptimeClock update
INFO: Latency: 31,0000 s, Delta ratio: 0,5000, Drift: 2,000, Error reduction coefficient: 0,000, Error: 0,0000 s
abr 04, 2013 12:33:15 PM org.ros.time.RemoteUptimeClock update
INFO: Latency: 31,0000 s, Delta ratio: 0,5000, Drift: 2,000, Error reduction coefficient: 0,000, Error: 0,0000 s
abr 04, 2013 12:33:15 PM org.ros.time.RemoteUptimeClock update
INFO: Latency: 31,0000 s, Delta ratio: 0,5000, Drift: 2,000, Error reduction coefficient: 0,000, Error: 0,0000 s
abr 04, 2013 12:33:15 PM org.ros.time.RemoteUptimeClock update
INFO: Latency: 31,0000 s, Delta ratio: 0,5000, Drift: 2,000, Error reduction coefficient: 0,000, Error: 0,0000 s
abr 04, 2013 12:33:15 PM org.ros.time.RemoteUptimeClock update
INFO: Latency: 31,0000 s, Delta ratio: 0,5000, Drift: 2,000, Error reduction coefficient: 0,000, Error: 0,0000 s
abr 04, 2013 12:33:15 PM org.ros.time.RemoteUptimeClock update
INFO: Latency: 31,0000 s, Delta ratio: 0,5000, Drift: 2,000, Error reduction coefficient: 0,000, Error: 0,0000 s
abr 04, 2013 12:33:15 PM org.ros.time.RemoteUptimeClock update
INFO: Latency: 31,0000 s, Delta ratio: 0,5000, Drift: 2,000, Error reduction coefficient: 0,000, Error: 0,0000 s
abr 04, 2013 12:33:15 PM org.ros.time.RemoteUptimeClock update
INFO: Latency: 31,0000 s, Delta ratio: 0,5000, Drift: 2,000, Error reduction coefficient: 0,000, Error: 0,0000 s
abr 04, 2013 12:33:15 PM org.ros.time.RemoteUptimeClock update
INFO: Latency: 31,0000 s, Delta ratio: 0,5000, Drift: 2,000, Error reduction coefficient: 0,000, Error: 0,0000 s
abr 04, 2013 12:33:15 PM org.ros.time.RemoteUptimeClock update
INFO: Latency: 31,0000 s, Delta ratio: 0,5000, Drift: 2,000, Error reduction coefficient: 0,000, Error: 0,0000 s
abr 04, 2013 12:33:15 PM org.ros.time.RemoteUptimeClock update
INFO: Latency: 31,0000 s, Delta ratio: 0,5000, Drift: 2,000, Error reduction coefficient: 0,000, Error: 0,0000 s
abr 04, 2013 12:33:15 PM org.ros.time.RemoteUptimeClock update
INFO: Latency: 31,0000 s, Delta ratio: 0,5000, Drift: 2,000, Error reduction coefficient: 0,000, Error: 0,0000 s
abr 04, 2013 12:33:15 PM org.ros.time.RemoteUptimeClock update
INFO: Latency: 31,0000 s, Delta ratio: 0,5000, Drift: 2,000, Error reduction coefficient: 0,000, Error: 0,0000 s
abr 04, 2013 12:33:15 PM org.ros.time.RemoteUptimeClock update
INFO: Latency: 31,0000 s, Delta ratio: 0,5000, Drift: 2,000, Error reduction coefficient: 0,000, Error: 0,0000 s
abr 04, 2013 12:33:15 PM org.ros.time.RemoteUptimeClock update
INFO: Latency: 31,0000 s, Delta ratio: 0,5000, Drift: 2,000, Error reduction coefficient: 0,000, Error: 0,0000 s
abr 04, 2013 12:33:15 PM org.ros.time.RemoteUptimeClock update
INFO: Latency: 31,0000 s, Delta ratio: 0,5000, Drift: 2,000, Error reduction coefficient: 0,000, Error: 0,0000 s
abr 04, 2013 12:33:15 PM org.ros.time.RemoteUptimeClock update
INFO: Latency: 31,0000 s, Delta ratio: 0,5000, Drift: 2,000, Error reduction coefficient: 0,000, Error: 0,0000 s
abr 04, 2013 12:33:15 PM org.ros.time.RemoteUptimeClock update
INFO: Latency: 31,0000 s, Delta ratio: 0,5000, Drift: 2,000, Error reduction coefficient: 0,000, Error: 0,0000 s
abr 04, 2013 12:33:15 PM org.ros.time.RemoteUptimeClock update
INFO: Latency: 31,0000 s, Delta ratio: 0,5000, Drift: 2,000, Error reduction coefficient: 0,000, Error: 0,0000 s
abr 04, 2013 12:33:15 PM org.ros.time.RemoteUptimeClock update
INFO: Latency: 31,0000 s, Delta ratio: 0,5000, Drift: 2,000, Error reduction coefficient: 0,000, Error: 0,0000 s
abr 04, 2013 12:33:15 PM org.ros.time.RemoteUptimeClock update
INFO: Latency: 31,0000 s, Delta ratio: 0,5000, Drift: 2,000, Error reduction coefficient: 0,000, Error: 0,0000 s
abr 04, 2013 12:33:15 PM org.ros.time.RemoteUptimeClock update
INFO: Latency: 31,0000 s, Delta ratio: 0,5000, Drift: 2,000, Error reduction coefficient: 0,000, Error: 0,0000 s
abr 04, 2013 12:33:15 PM org.ros.time.RemoteUptimeClock update
INFO: Latency: 31,0000 s, Delta ratio: 0,5000, Drift: 2,000, Error reduction coefficient: 0,000, Error: 0,0000 s
abr 04, 2013 12:33:15 PM org.ros.time.RemoteUptimeClock update
INFO: Latency: 31,0000 s, Delta ratio: 0,5000, Drift: 2,000, Error reduction coefficient: 0,000, Error: 0,0000 s
abr 04, 2013 12:33:15 PM org.ros.time.RemoteUptimeClock update
INFO: Latency: 31,0000 s, Delta ratio: 0,5000, Drift: 2,000, Error reduction coefficient: 0,000, Error: 0,0000 s
abr 04, 2013 12:33:15 PM org.ros.time.RemoteUptimeClock update
INFO: Latency: 31,0000 s, Delta ratio: 0,5000, Drift: 2,000, Error reduction coefficient: 0,000, Error: 0,0000 s
abr 04, 2013 12:33:15 PM org.ros.time.RemoteUptimeClock update
INFO: Latency: 31,0000 s, Delta ratio: 0,5000, Drift: 2,000, Error reduction coefficient: 0,000, Error: 0,0000 s
abr 04, 2013 12:33:15 PM org.ros.time.RemoteUptimeClock update
INFO: Latency: 31,0000 s, Delta ratio: 0,5000, Drift: 2,000, Error reduction coefficient: 0,000, Error: 0,0000 s
abr 04, 2013 12:33:15 PM org.ros.time.RemoteUptimeClock update
INFO: Latency: 31,0000 s, Delta ratio: 0,5000, Drift: 2,000, Error reduction coefficient: 0,000, Error: 0,0000 s
abr 04, 2013 12:33:15 PM org.ros.time.RemoteUptimeClock update
INFO: Latency: 31,0000 s, Delta ratio: 0,5000, Drift: 2,000, Error reduction coefficient: 0,000, Error: 0,0000 s
abr 04, 2013 12:33:15 PM org.ros.time.RemoteUptimeClock update
INFO: Latency: 31,0000 s, Delta ratio: 0,5000, Drift: 2,000, Error reduction coefficient: 0,000, Error: 0,0000 s
abr 04, 2013 12:33:15 PM org.ros.time.RemoteUptimeClock update
INFO: Latency: 31,0000 s, Delta ratio: 0,5000, Drift: 2,000, Error reduction coefficient: 0,000, Error: 0,0000 s
abr 04, 2013 12:33:15 PM org.ros.time.RemoteUptimeClock update
INFO: Latency: 31,0000 s, Delta ratio: 0,5000, Drift: 2,000, Error reduction coefficient: 0,000, Error: 0,0000 s
abr 04, 2013 12:33:15 PM org.ros.time.RemoteUptimeClock update
INFO: Latency: 31,0000 s, Delta ratio: 0,5000, Drift: 2,000, Error reduction coefficient: 0,000, Error: 0,0000 s
abr 04, 2013 12:33:15 PM org.ros.time.RemoteUptimeClock update
INFO: Latency: 31,0000 s, Delta ratio: 0,5000, Drift: 2,000, Error reduction coefficient: 0,000, Error: 0,0000 s
abr 04, 2013 12:33:15 PM org.ros.time.RemoteUptimeClock update
INFO: Latency: 31,0000 s, Delta ratio: 0,5000, Drift: 2,000, Error reduction coefficient: 0,000, Error: 0,0000 s
abr 04, 2013 12:33:15 PM org.ros.time.RemoteUptimeClock update
INFO: Latency: 31,0000 s, Delta ratio: 0,5000, Drift: 2,000, Error reduction coefficient: 0,000, Error: 0,0000 s
abr 04, 2013 12:33:15 PM org.ros.time.RemoteUptimeClock update
INFO: Latency: 31,0000 s, Delta ratio: 0,5000, Drift: 2,000, Error reduction coefficient: 0,000, Error: 0,0000 s
abr 04, 2013 12:33:15 PM org.ros.time.RemoteUptimeClock update
INFO: Latency: 31,0000 s, Delta ratio: 0,5000, Drift: 2,000, Error reduction coefficient: 0,000, Error: 0,0000 s
abr 04, 2013 12:33:15 PM org.ros.time.RemoteUptimeClock update
INFO: Latency: 31,0000 s, Delta ratio: 0,5000, Drift: 2,000, Error reduction coefficient: 0,000, Error: 0,0000 s
abr 04, 2013 12:33:15 PM org.ros.time.RemoteUptimeClock update
INFO: Latency: 31,0000 s, Delta ratio: 0,5000, Drift: 2,000, Error reduction coefficient: 0,000, Error: 0,0000 s
abr 04, 2013 12:33:15 PM org.ros.time.RemoteUptimeClock update
INFO: Latency: 31,0000 s, Delta ratio: 0,5000, Drift: 2,000, Error reduction coefficient: 0,000, Error: 0,0000 s
abr 04, 2013 12:33:15 PM org.ros.time.RemoteUptimeClock update
INFO: Latency: 31,0000 s, Delta ratio: 0,5000, Drift: 2,000, Error reduction coefficient: 0,000, Error: 0,0000 s
abr 04, 2013 12:33:15 PM org.ros.time.RemoteUptimeClock update
INFO: Latency: 31,0000 s, Delta ratio: 0,5000, Drift: 2,000, Error reduction coefficient: 0,000, Error: 0,0000 s
abr 04, 2013 12:33:15 PM org.ros.time.RemoteUptimeClock update
INFO: Latency: 31,0000 s, Delta ratio: 0,5000, Drift: 2,000, Error reduction coefficient: 0,000, Error: 0,0000 s
abr 04, 2013 12:33:15 PM org.ros.time.RemoteUptimeClock update
INFO: Latency: 31,0000 s, Delta ratio: 0,5000, Drift: 2,000, Error reduction coefficient: 0,000, Error: 0,0000 s
abr 04, 2013 12:33:15 PM org.ros.time.RemoteUptimeClock update
INFO: Latency: 31,0000 s, Delta ratio: 0,5000, Drift: 2,000, Error reduction coefficient: 0,000, Error: 0,0000 s
abr 04, 2013 12:33:15 PM org.ros.time.RemoteUptimeClock update
INFO: Latency: 31,0000 s, Delta ratio: 0,5000, Drift: 2,000, Error reduction coefficient: 0,000, Error: 0,0000 s
abr 04, 2013 12:33:15 PM org.ros.time.RemoteUptimeClock update
INFO: Latency: 31,0000 s, Delta ratio: 0,5000, Drift: 2,000, Error reduction coefficient: 0,000, Error: 0,0000 s
abr 04, 2013 12:33:15 PM org.ros.time.RemoteUptimeClock update
INFO: Latency: 31,0000 s, Delta ratio: 0,5000, Drift: 2,000, Error reduction coefficient: 0,000, Error: 0,0000 s
abr 04, 2013 12:33:15 PM org.ros.time.RemoteUptimeClock update
INFO: Latency: 31,0000 s, Delta ratio: 0,5000, Drift: 2,000, Error reduction coefficient: 0,000, Error: 0,0000 s
abr 04, 2013 12:33:15 PM org.ros.time.RemoteUptimeClock update
INFO: Latency: 31,0000 s, Delta ratio: 0,5000, Drift: 2,000, Error reduction coefficient: 0,000, Error: 0,0000 s
abr 04, 2013 12:33:15 PM org.ros.time.RemoteUptimeClock update
INFO: Latency: 31,0000 s, Delta ratio: 0,5000, Drift: 2,000, Error reduction coefficient: 0,000, Error: 0,0000 s
abr 04, 2013 12:33:15 PM org.ros.time.RemoteUptimeClock update
INFO: Latency: 31,0000 s, Delta ratio: 0,5000, Drift: 2,000, Error reduction coefficient: 0,000, Error: 0,0000 s
abr 04, 2013 12:33:15 PM org.ros.time.RemoteUptimeClock update
INFO: Latency: 31,0000 s, Delta ratio: 0,5000, Drift: 2,000, Error reduction coefficient: 0,000, Error: 0,0000 s
abr 04, 2013 12:33:15 PM org.ros.time.RemoteUptimeClock update
INFO: Latency: 31,0000 s, Delta ratio: 0,5000, Drift: 2,000, Error reduction coefficient: 0,000, Error: 0,0000 s
abr 04, 2013 12:33:15 PM org.ros.time.RemoteUptimeClock update
INFO: Latency: 31,0000 s, Delta ratio: 0,5000, Drift: 2,000, Error reduction coefficient: 0,000, Error: 0,0000 s
abr 04, 2013 12:33:15 PM org.ros.time.RemoteUptimeClock update
INFO: Latency: 31,0000 s, Delta ratio: 0,5000, Drift: 2,000, Error reduction coefficient: 0,000, Error: 0,0000 s
abr 04, 2013 12:33:15 PM org.ros.time.RemoteUptimeClock update
INFO: Latency: 31,0000 s, Delta ratio: 0,5000, Drift: 2,000, Error reduction coefficient: 0,000, Error: 0,0000 s
abr 04, 2013 12:33:15 PM org.ros.time.RemoteUptimeClock update
INFO: Latency: 31,0000 s, Delta ratio: 0,5000, Drift: 2,000, Error reduction coefficient: 0,000, Error: 0,0000 s
abr 04, 2013 12:33:15 PM org.ros.time.RemoteUptimeClock update
INFO: Latency: 31,0000 s, Delta ratio: 0,5000, Drift: 2,000, Error reduction coefficient: 0,000, Error: 0,0000 s
abr 04, 2013 12:33:15 PM org.ros.time.RemoteUptimeClock update
INFO: Latency: 31,0000 s, Delta ratio: 0,5000, Drift: 2,000, Error reduction coefficient: 0,000, Error: 0,0000 s
abr 04, 2013 12:33:15 PM org.ros.time.RemoteUptimeClock update
INFO: Latency: 31,0000 s, Delta ratio: 0,5000, Drift: 2,000, Error reduction coefficient: 0,000, Error: 0,0000 s
abr 04, 2013 12:33:15 PM org.ros.time.RemoteUptimeClock update
INFO: Latency: 31,0000 s, Delta ratio: 0,5000, Drift: 2,000, Error reduction coefficient: 0,000, Error: 0,0000 s
abr 04, 2013 12:33:15 PM org.ros.time.RemoteUptimeClock update
INFO: Latency: 31,0000 s, Delta ratio: 0,5000, Drift: 2,000, Error reduction coefficient: 0,000, Error: 0,0000 s
abr 04, 2013 12:33:15 PM org.ros.time.RemoteUptimeClock update
INFO: Latency: 31,0000 s, Delta ratio: 0,5000, Drift: 2,000, Error reduction coefficient: 0,000, Error: 0,0000 s
abr 04, 2013 12:33:15 PM org.ros.time.RemoteUptimeClock update
INFO: Latency: 31,0000 s, Delta ratio: 0,5000, Drift: 2,000, Error reduction coefficient: 0,000, Error: 0,0000 s
abr 04, 2013 12:33:15 PM org.ros.time.RemoteUptimeClock update
INFO: Latency: 31,0000 s, Delta ratio: 0,5000, Drift: 2,000, Error reduction coefficient: 0,000, Error: 0,0000 s
abr 04, 2013 12:33:15 PM org.ros.time.RemoteUptimeClock update
INFO: Latency: 31,0000 s, Delta ratio: 0,5000, Drift: 2,000, Error reduction coefficient: 0,000, Error: 0,0000 s
abr 04, 2013 12:33:15 PM org.ros.time.RemoteUptimeClock update
INFO: Latency: 31,0000 s, Delta ratio: 0,5000, Drift: 2,000, Error reduction coefficient: 0,000, Error: 0,0000 s
abr 04, 2013 12:33:15 PM org.ros.time.RemoteUptimeClock update
INFO: Latency: 31,0000 s, Delta ratio: 0,5000, Drift: 2,000, Error reduction coefficient: 0,000, Error: 0,0000 s
abr 04, 2013 12:33:15 PM org.ros.time.RemoteUptimeClock update
INFO: Latency: 31,0000 s, Delta ratio: 0,5000, Drift: 2,000, Error reduction coefficient: 0,000, Error: 0,0000 s
abr 04, 2013 12:33:15 PM org.ros.time.RemoteUptimeClock update
INFO: Latency: 31,0000 s, Delta ratio: 0,5000, Drift: 2,000, Error reduction coefficient: 0,000, Error: 0,0000 s
abr 04, 2013 12:33:15 PM org.ros.time.RemoteUptimeClock update
INFO: Latency: 31,0000 s, Delta ratio: 0,5000, Drift: 2,000, Error reduction coefficient: 0,000, Error: 0,0000 s
abr 04, 2013 12:33:15 PM org.ros.time.RemoteUptimeClock update
INFO: Latency: 31,0000 s, Delta ratio: 0,5000, Drift: 2,000, Error reduction coefficient: 0,000, Error: 0,0000 s
abr 04, 2013 12:33:15 PM org.ros.time.RemoteUptimeClock update
INFO: Latency: 31,0000 s, Delta ratio: 0,5000, Drift: 2,000, Error reduction coefficient: 0,000, Error: 0,0000 s
abr 04, 2013 12:33:15 PM org.ros.time.RemoteUptimeClock update
INFO: Latency: 31,0000 s, Delta ratio: 0,5000, Drift: 2,000, Error reduction coefficient: 0,000, Error: 0,0000 s
abr 04, 2013 12:33:15 PM org.ros.time.RemoteUptimeClock update
INFO: Latency: 31,0000 s, Delta ratio: 0,5000, Drift: 2,000, Error reduction coefficient: 0,000, Error: 0,0000 s
abr 04, 2013 12:33:15 PM org.ros.time.RemoteUptimeClock update
INFO: Latency: 31,0000 s, Delta ratio: 0,5000, Drift: 2,000, Error reduction coefficient: 0,000, Error: 0,0000 s
abr 04, 2013 12:33:15 PM org.ros.time.RemoteUptimeClock update
INFO: Latency: 31,0000 s, Delta ratio: 0,5000, Drift: 2,000, Error reduction coefficient: 0,000, Error: 0,0000 s
abr 04, 2013 12:33:15 PM org.ros.time.RemoteUptimeClock update
INFO: Latency: 31,0000 s, Delta ratio: 0,5000, Drift: 2,000, Error reduction coefficient: 0,000, Error: 0,0000 s
abr 04, 2013 12:33:15 PM org.ros.time.RemoteUptimeClock update
INFO: Latency: 31,0000 s, Delta ratio: 0,5000, Drift: 2,000, Error reduction coefficient: 0,000, Error: 0,0000 s
abr 04, 2013 12:33:15 PM org.ros.time.RemoteUptimeClock update
INFO: Latency: 31,0000 s, Delta ratio: 0,5000, Drift: 2,000, Error reduction coefficient: 0,000, Error: 0,0000 s
abr 04, 2013 12:33:15 PM org.ros.time.RemoteUptimeClock update
INFO: Latency: 31,0000 s, Delta ratio: 0,5000, Drift: 2,000, Error reduction coefficient: 0,000, Error: 0,0000 s
abr 04, 2013 12:33:15 PM org.ros.time.RemoteUptimeClock update
INFO: Latency: 31,0000 s, Delta ratio: 0,5000, Drift: 2,000, Error reduction coefficient: 0,000, Error: 0,0000 s
abr 04, 2013 12:33:15 PM org.ros.time.RemoteUptimeClock update
INFO: Latency: 31,0000 s, Delta ratio: 0,5000, Drift: 2,000, Error reduction coefficient: 0,000, Error: 0,0000 s
abr 04, 2013 12:33:15 PM org.ros.time.RemoteUptimeClock update
INFO: Latency: 31,0000 s, Delta ratio: 0,5000, Drift: 2,000, Error reduction coefficient: 0,000, Error: 0,0000 s
abr 04, 2013 12:33:15 PM org.ros.time.RemoteUptimeClock update
INFO: Latency: 31,0000 s, Delta ratio: 0,5000, Drift: 2,000, Error reduction coefficient: 0,000, Error: 0,0000 s
abr 04, 2013 12:33:15 PM org.ros.time.RemoteUptimeClock update
INFO: Latency: 31,0000 s, Delta ratio: 0,5000, Drift: 2,000, Error reduction coefficient: 0,000, Error: 0,0000 s
abr 04, 2013 12:33:15 PM org.ros.time.RemoteUptimeClock update
INFO: Latency: 31,0000 s, Delta ratio: 0,5000, Drift: 2,000, Error reduction coefficient: 0,000, Error: 0,0000 s
abr 04, 2013 12:33:15 PM org.ros.time.RemoteUptimeClock update
INFO: Latency: 31,0000 s, Delta ratio: 0,5000, Drift: 2,000, Error reduction coefficient: 0,000, Error: 0,0000 s
abr 04, 2013 12:33:15 PM org.ros.time.RemoteUptimeClock update
INFO: Latency: 31,0000 s, Delta ratio: 0,5000, Drift: 2,000, Error reduction coefficient: 0,000, Error: 0,0000 s
abr 04, 2013 12:33:15 PM org.ros.time.RemoteUptimeClock update
INFO: Latency: 31,0000 s, Delta ratio: 0,5000, Drift: 2,000, Error reduction coefficient: 0,000, Error: 0,0000 s
abr 04, 2013 12:33:15 PM org.ros.time.RemoteUptimeClock update
INFO: Latency: 31,0000 s, Delta ratio: 0,5000, Drift: 2,000, Error reduction coefficient: 0,000, Error: 0,0000 s
abr 04, 2013 12:33:15 PM org.ros.time.RemoteUptimeClock update
INFO: Latency: 31,0000 s, Delta ratio: 0,5000, Drift: 2,000, Error reduction coefficient: 0,000, Error: 0,0000 s
abr 04, 2013 12:33:15 PM org.ros.time.RemoteUptimeClock update
INFO: Latency: 31,0000 s, Delta ratio: 0,5000, Drift: 2,000, Error reduction coefficient: 0,000, Error: 0,0000 s
abr 04, 2013 12:33:15 PM org.ros.time.RemoteUptimeClock update
INFO: Latency: 31,0000 s, Delta ratio: 0,5000, Drift: 2,000, Error reduction coefficient: 0,000, Error: 0,0000 s
abr 04, 2013 12:33:15 PM org.ros.time.RemoteUptimeClock update
INFO: Latency: 31,0000 s, Delta ratio: 0,5000, Drift: 2,000, Error reduction coefficient: 0,000, Error: 0,0000 s
abr 04, 2013 12:33:15 PM org.ros.time.RemoteUptimeClock update
INFO: Latency: 31,0000 s, Delta ratio: 0,5000, Drift: 2,000, Error reduction coefficient: 0,000, Error: 0,0000 s
abr 04, 2013 12:33:15 PM org.ros.time.RemoteUptimeClock update
INFO: Latency: 31,0000 s, Delta ratio: 0,5000, Drift: 2,000, Error reduction coefficient: 0,000, Error: 0,0000 s
abr 04, 2013 12:33:15 PM org.ros.time.RemoteUptimeClock update
INFO: Latency: 31,0000 s, Delta ratio: 0,5000, Drift: 2,000, Error reduction coefficient: 0,000, Error: 0,0000 s
abr 04, 2013 12:33:15 PM org.ros.time.RemoteUptimeClock update
INFO: Latency: 31,0000 s, Delta ratio: 0,5000, Drift: 2,000, Error reduction coefficient: 0,000, Error: 0,0000 s
abr 04, 2013 12:33:15 PM org.ros.time.RemoteUptimeClock update
INFO: Latency: 31,0000 s, Delta ratio: 0,5000, Drift: 2,000, Error reduction coefficient: 0,000, Error: 0,0000 s
abr 04, 2013 12:33:15 PM org.ros.time.RemoteUptimeClock update
INFO: Latency: 31,0000 s, Delta ratio: 0,5000, Drift: 2,000, Error reduction coefficient: 0,000, Error: 0,0000 s
abr 04, 2013 12:33:15 PM org.ros.time.RemoteUptimeClock update
INFO: Latency: 31,0000 s, Delta ratio: 0,5000, Drift: 2,000, Error reduction coefficient: 0,000, Error: 0,0000 s
abr 04, 2013 12:33:15 PM org.ros.time.RemoteUptimeClock update
INFO: Latency: 31,0000 s, Delta ratio: 0,5000, Drift: 2,000, Error reduction coefficient: 0,000, Error: 0,0000 s
abr 04, 2013 12:33:15 PM org.ros.time.RemoteUptimeClock update
INFO: Latency: 31,0000 s, Delta ratio: 0,5000, Drift: 2,000, Error reduction coefficient: 0,000, Error: 0,0000 s
abr 04, 2013 12:33:15 PM org.ros.time.RemoteUptimeClock update
INFO: Latency: 31,0000 s, Delta ratio: 0,5000, Drift: 2,000, Error reduction coefficient: 0,000, Error: 0,0000 s
abr 04, 2013 12:33:15 PM org.ros.time.RemoteUptimeClock update
INFO: Latency: 31,0000 s, Delta ratio: 0,5000, Drift: 2,000, Error reduction coefficient: 0,000, Error: 0,0000 s
abr 04, 2013 12:33:15 PM org.ros.time.RemoteUptimeClock update
INFO: Latency: 31,0000 s, Delta ratio: 0,5000, Drift: 2,000, Error reduction coefficient: 0,000, Error: 0,0000 s
abr 04, 2013 12:33:15 PM org.ros.time.RemoteUptimeClock update
INFO: Latency: 31,0000 s, Delta ratio: 0,5000, Drift: 2,000, Error reduction coefficient: 0,000, Error: 0,0000 s
abr 04, 2013 12:33:15 PM org.ros.time.RemoteUptimeClock update
INFO: Latency: 31,0000 s, Delta ratio: 0,5000, Drift: 2,000, Error reduction coefficient: 0,000, Error: 0,0000 s
abr 04, 2013 12:33:15 PM org.ros.time.RemoteUptimeClock update
INFO: Latency: 31,0000 s, Delta ratio: 0,5000, Drift: 2,000, Error reduction coefficient: 0,000, Error: 0,0000 s
abr 04, 2013 12:33:15 PM org.ros.time.RemoteUptimeClock update
INFO: Latency: 31,0000 s, Delta ratio: 0,5000, Drift: 2,000, Error reduction coefficient: 0,000, Error: 0,0000 s
abr 04, 2013 12:33:15 PM org.ros.time.RemoteUptimeClock update
INFO: Latency: 31,0000 s, Delta ratio: 0,5000, Drift: 2,000, Error reduction coefficient: 0,000, Error: 0,0000 s
abr 04, 2013 12:33:15 PM org.ros.time.RemoteUptimeClock update
INFO: Latency: 31,0000 s, Delta ratio: 0,5000, Drift: 2,000, Error reduction coefficient: 0,000, Error: 0,0000 s
abr 04, 2013 12:33:15 PM org.ros.time.RemoteUptimeClock update
INFO: Latency: 31,0000 s, Delta ratio: 0,5000, Drift: 2,000, Error reduction coefficient: 0,000, Error: 0,0000 s
abr 04, 2013 12:33:15 PM org.ros.time.RemoteUptimeClock update
INFO: Latency: 31,0000 s, Delta ratio: 0,5000, Drift: 2,000, Error reduction coefficient: 0,000, Error: 0,0000 s
abr 04, 2013 12:33:15 PM org.ros.time.RemoteUptimeClock update
INFO: Latency: 31,0000 s, Delta ratio: 0,5000, Drift: 2,000, Error reduction coefficient: 0,000, Error: 0,0000 s
abr 04, 2013 12:33:15 PM org.ros.time.RemoteUptimeClock update
INFO: Latency: 31,0000 s, Delta ratio: 0,5000, Drift: 2,000, Error reduction coefficient: 0,000, Error: 0,0000 s
abr 04, 2013 12:33:15 PM org.ros.time.RemoteUptimeClock update
INFO: Latency: 31,0000 s, Delta ratio: 0,5000, Drift: 2,000, Error reduction coefficient: 0,000, Error: 0,0000 s
abr 04, 2013 12:33:15 PM org.ros.time.RemoteUptimeClock update
INFO: Latency: 31,0000 s, Delta ratio: 0,5000, Drift: 2,000, Error reduction coefficient: 0,000, Error: 0,0000 s
abr 04, 2013 12:33:15 PM org.ros.time.RemoteUptimeClock update
INFO: Latency: 31,0000 s, Delta ratio: 0,5000, Drift: 2,000, Error reduction coefficient: 0,000, Error: 0,0000 s
abr 04, 2013 12:33:15 PM org.ros.time.RemoteUptimeClock update
INFO: Latency: 31,0000 s, Delta ratio: 0,5000, Drift: 2,000, Error reduction coefficient: 0,000, Error: 0,0000 s
abr 04, 2013 12:33:15 PM org.ros.time.RemoteUptimeClock update
INFO: Latency: 31,0000 s, Delta ratio: 0,5000, Drift: 2,000, Error reduction coefficient: 0,000, Error: 0,0000 s
abr 04, 2013 12:33:15 PM org.ros.time.RemoteUptimeClock update
INFO: Latency: 31,0000 s, Delta ratio: 0,5000, Drift: 2,000, Error reduction coefficient: 0,000, Error: 0,0000 s
abr 04, 2013 12:33:15 PM org.ros.time.RemoteUptimeClock update
INFO: Latency: 31,0000 s, Delta ratio: 0,5000, Drift: 2,000, Error reduction coefficient: 0,000, Error: 0,0000 s
abr 04, 2013 12:33:15 PM org.ros.time.RemoteUptimeClock update
INFO: Latency: 31,0000 s, Delta ratio: 0,5000, Drift: 2,000, Error reduction coefficient: 0,000, Error: 0,0000 s
abr 04, 2013 12:33:15 PM org.ros.time.RemoteUptimeClock update
INFO: Latency: 31,0000 s, Delta ratio: 0,5000, Drift: 2,000, Error reduction coefficient: 0,000, Error: 0,0000 s
abr 04, 2013 12:33:15 PM org.ros.time.RemoteUptimeClock update
INFO: Latency: 31,0000 s, Delta ratio: 0,5000, Drift: 2,000, Error reduction coefficient: 0,000, Error: 0,0000 s
abr 04, 2013 12:33:15 PM org.ros.time.RemoteUptimeClock update
INFO: Latency: 31,0000 s, Delta ratio: 0,5000, Drift: 2,000, Error reduction coefficient: 0,000, Error: 0,0000 s
abr 04, 2013 12:33:15 PM org.ros.time.RemoteUptimeClock update
INFO: Latency: 31,0000 s, Delta ratio: 0,5000, Drift: 2,000, Error reduction coefficient: 0,000, Error: 0,0000 s
abr 04, 2013 12:33:15 PM org.ros.time.RemoteUptimeClock update
INFO: Latency: 31,0000 s, Delta ratio: 0,5000, Drift: 2,000, Error reduction coefficient: 0,000, Error: 0,0000 s
abr 04, 2013 12:33:15 PM org.ros.time.RemoteUptimeClock update
INFO: Latency: 31,0000 s, Delta ratio: 0,5000, Drift: 2,000, Error reduction coefficient: 0,000, Error: 0,0000 s
abr 04, 2013 12:33:15 PM org.ros.time.RemoteUptimeClock update
INFO: Latency: 31,0000 s, Delta ratio: 0,5000, Drift: 2,000, Error reduction coefficient: 0,000, Error: 0,0000 s
abr 04, 2013 12:33:15 PM org.ros.time.RemoteUptimeClock update
INFO: Latency: 31,0000 s, Delta ratio: 0,5000, Drift: 2,000, Error reduction coefficient: 0,000, Error: 0,0000 s
abr 04, 2013 12:33:15 PM org.ros.time.RemoteUptimeClock update
INFO: Latency: 31,0000 s, Delta ratio: 0,5000, Drift: 2,000, Error reduction coefficient: 0,000, Error: 0,0000 s
abr 04, 2013 12:33:15 PM org.ros.time.RemoteUptimeClock update
INFO: Latency: 31,0000 s, Delta ratio: 0,5000, Drift: 2,000, Error reduction coefficient: 0,000, Error: 0,0000 s
abr 04, 2013 12:33:15 PM org.ros.time.RemoteUptimeClock update
INFO: Latency: 31,0000 s, Delta ratio: 0,5000, Drift: 2,000, Error reduction coefficient: 0,000, Error: 0,0000 s
abr 04, 2013 12:33:15 PM org.ros.time.RemoteUptimeClock update
INFO: Latency: 31,0000 s, Delta ratio: 0,5000, Drift: 2,000, Error reduction coefficient: 0,000, Error: 0,0000 s
abr 04, 2013 12:33:15 PM org.ros.time.RemoteUptimeClock update
INFO: Latency: 31,0000 s, Delta ratio: 0,5000, Drift: 2,000, Error reduction coefficient: 0,000, Error: 0,0000 s
abr 04, 2013 12:33:15 PM org.ros.time.RemoteUptimeClock update
INFO: Latency: 31,0000 s, Delta ratio: 0,5000, Drift: 2,000, Error reduction coefficient: 0,000, Error: 0,0000 s
abr 04, 2013 12:33:15 PM org.ros.time.RemoteUptimeClock update
INFO: Latency: 31,0000 s, Delta ratio: 0,5000, Drift: 2,000, Error reduction coefficient: 0,000, Error: 0,0000 s
abr 04, 2013 12:33:15 PM org.ros.time.RemoteUptimeClock update
INFO: Latency: 31,0000 s, Delta ratio: 0,5000, Drift: 2,000, Error reduction coefficient: 0,000, Error: 0,0000 s
abr 04, 2013 12:33:15 PM org.ros.time.RemoteUptimeClock update
INFO: Latency: 31,0000 s, Delta ratio: 0,5000, Drift: 2,000, Error reduction coefficient: 0,000, Error: 0,0000 s
abr 04, 2013 12:33:15 PM org.ros.time.RemoteUptimeClock update
INFO: Latency: 31,0000 s, Delta ratio: 0,5000, Drift: 2,000, Error reduction coefficient: 0,000, Error: 0,0000 s
abr 04, 2013 12:33:15 PM org.ros.time.RemoteUptimeClock update
INFO: Latency: 31,0000 s, Delta ratio: 0,5000, Drift: 2,000, Error reduction coefficient: 0,000, Error: 0,0000 s
abr 04, 2013 12:33:15 PM org.ros.time.RemoteUptimeClock update
INFO: Latency: 31,0000 s, Delta ratio: 0,5000, Drift: 2,000, Error reduction coefficient: 0,000, Error: 0,0000 s
abr 04, 2013 12:33:15 PM org.ros.time.RemoteUptimeClock update
INFO: Latency: 31,0000 s, Delta ratio: 0,5000, Drift: 2,000, Error reduction coefficient: 0,000, Error: 0,0000 s
abr 04, 2013 12:33:15 PM org.ros.time.RemoteUptimeClock update
INFO: Latency: 31,0000 s, Delta ratio: 0,5000, Drift: 2,000, Error reduction coefficient: 0,000, Error: 0,0000 s
abr 04, 2013 12:33:15 PM org.ros.time.RemoteUptimeClock update
INFO: Latency: 31,0000 s, Delta ratio: 0,5000, Drift: 2,000, Error reduction coefficient: 0,000, Error: 0,0000 s
abr 04, 2013 12:33:15 PM org.ros.time.RemoteUptimeClock update
INFO: Latency: 31,0000 s, Delta ratio: 0,5000, Drift: 2,000, Error reduction coefficient: 0,000, Error: 0,0000 s
abr 04, 2013 12:33:15 PM org.ros.time.RemoteUptimeClock update
INFO: Latency: 31,0000 s, Delta ratio: 0,5000, Drift: 2,000, Error reduction coefficient: 0,000, Error: 0,0000 s
abr 04, 2013 12:33:15 PM org.ros.time.RemoteUptimeClock update
INFO: Latency: 31,0000 s, Delta ratio: 0,5000, Drift: 2,000, Error reduction coefficient: 0,000, Error: 0,0000 s
abr 04, 2013 12:33:15 PM org.ros.time.RemoteUptimeClock update
INFO: Latency: 31,0000 s, Delta ratio: 0,5000, Drift: 2,000, Error reduction coefficient: 0,000, Error: 0,0000 s
abr 04, 2013 12:33:15 PM org.ros.time.RemoteUptimeClock update
INFO: Latency: 31,0000 s, Delta ratio: 0,5000, Drift: 2,000, Error reduction coefficient: 0,000, Error: 0,0000 s
abr 04, 2013 12:33:15 PM org.ros.time.RemoteUptimeClock update
INFO: Latency: 31,0000 s, Delta ratio: 0,5000, Drift: 2,000, Error reduction coefficient: 0,000, Error: 0,0000 s
abr 04, 2013 12:33:15 PM org.ros.time.RemoteUptimeClock update
INFO: Latency: 31,0000 s, Delta ratio: 0,5000, Drift: 2,000, Error reduction coefficient: 0,000, Error: 0,0000 s
abr 04, 2013 12:33:15 PM org.ros.time.RemoteUptimeClock update
INFO: Latency: 31,0000 s, Delta ratio: 0,5000, Drift: 2,000, Error reduction coefficient: 0,000, Error: 0,0000 s
abr 04, 2013 12:33:15 PM org.ros.time.RemoteUptimeClock update
INFO: Latency: 31,0000 s, Delta ratio: 0,5000, Drift: 2,000, Error reduction coefficient: 0,000, Error: 0,0000 s
abr 04, 2013 12:33:15 PM org.ros.time.RemoteUptimeClock update
INFO: Latency: 31,0000 s, Delta ratio: 0,5000, Drift: 2,000, Error reduction coefficient: 0,000, Error: 0,0000 s
abr 04, 2013 12:33:15 PM org.ros.time.RemoteUptimeClock update
INFO: Latency: 31,0000 s, Delta ratio: 0,5000, Drift: 2,000, Error reduction coefficient: 0,000, Error: 0,0000 s
abr 04, 2013 12:33:15 PM org.ros.time.RemoteUptimeClock update
INFO: Latency: 31,0000 s, Delta ratio: 0,5000, Drift: 2,000, Error reduction coefficient: 0,000, Error: 0,0000 s
abr 04, 2013 12:33:15 PM org.ros.time.RemoteUptimeClock update
INFO: Latency: 31,0000 s, Delta ratio: 0,5000, Drift: 2,000, Error reduction coefficient: 0,000, Error: 0,0000 s
abr 04, 2013 12:33:15 PM org.ros.time.RemoteUptimeClock update
INFO: Latency: 31,0000 s, Delta ratio: 0,5000, Drift: 2,000, Error reduction coefficient: 0,000, Error: 0,0000 s
abr 04, 2013 12:33:15 PM org.ros.time.RemoteUptimeClock update
INFO: Latency: 31,0000 s, Delta ratio: 0,5000, Drift: 2,000, Error reduction coefficient: 0,000, Error: 0,0000 s
abr 04, 2013 12:33:15 PM org.ros.time.RemoteUptimeClock update
INFO: Latency: 31,0000 s, Delta ratio: 0,5000, Drift: 2,000, Error reduction coefficient: 0,000, Error: 0,0000 s
abr 04, 2013 12:33:15 PM org.ros.time.RemoteUptimeClock update
INFO: Latency: 31,0000 s, Delta ratio: 0,5000, Drift: 2,000, Error reduction coefficient: 0,000, Error: 0,0000 s
abr 04, 2013 12:33:15 PM org.ros.time.RemoteUptimeClock update
INFO: Latency: 31,0000 s, Delta ratio: 0,5000, Drift: 2,000, Error reduction coefficient: 0,000, Error: 0,0000 s
abr 04, 2013 12:33:15 PM org.ros.time.RemoteUptimeClock update
INFO: Latency: 31,0000 s, Delta ratio: 0,5000, Drift: 2,000, Error reduction coefficient: 0,000, Error: 0,0000 s
abr 04, 2013 12:33:15 PM org.ros.time.RemoteUptimeClock update
INFO: Latency: 31,0000 s, Delta ratio: 0,5000, Drift: 2,000, Error reduction coefficient: 0,000, Error: 0,0000 s
abr 04, 2013 12:33:15 PM org.ros.time.RemoteUptimeClock update
INFO: Latency: 31,0000 s, Delta ratio: 0,5000, Drift: 2,000, Error reduction coefficient: 0,000, Error: 0,0000 s
abr 04, 2013 12:33:15 PM org.ros.time.RemoteUptimeClock update
INFO: Latency: 31,0000 s, Delta ratio: 0,5000, Drift: 2,000, Error reduction coefficient: 0,000, Error: 0,0000 s
abr 04, 2013 12:33:15 PM org.ros.time.RemoteUptimeClock update
INFO: Latency: 31,0000 s, Delta ratio: 0,5000, Drift: 2,000, Error reduction coefficient: 0,000, Error: 0,0000 s
abr 04, 2013 12:33:15 PM org.ros.time.RemoteUptimeClock update
INFO: Latency: 31,0000 s, Delta ratio: 0,5000, Drift: 2,000, Error reduction coefficient: 0,000, Error: 0,0000 s
abr 04, 2013 12:33:15 PM org.ros.time.RemoteUptimeClock update
INFO: Latency: 31,0000 s, Delta ratio: 0,5000, Drift: 2,000, Error reduction coefficient: 0,000, Error: 0,0000 s
abr 04, 2013 12:33:15 PM org.ros.time.RemoteUptimeClock update
INFO: Latency: 31,0000 s, Delta ratio: 0,5000, Drift: 2,000, Error reduction coefficient: 0,000, Error: 0,0000 s
abr 04, 2013 12:33:15 PM org.ros.time.RemoteUptimeClock update
INFO: Latency: 31,0000 s, Delta ratio: 0,5000, Drift: 2,000, Error reduction coefficient: 0,000, Error: 0,0000 s
abr 04, 2013 12:33:15 PM org.ros.time.RemoteUptimeClock update
INFO: Latency: 31,0000 s, Delta ratio: 0,5000, Drift: 2,000, Error reduction coefficient: 0,000, Error: 0,0000 s
abr 04, 2013 12:33:15 PM org.ros.time.RemoteUptimeClock update
INFO: Latency: 31,0000 s, Delta ratio: 0,5000, Drift: 2,000, Error reduction coefficient: 0,000, Error: 0,0000 s
abr 04, 2013 12:33:15 PM org.ros.time.RemoteUptimeClock update
INFO: Latency: 31,0000 s, Delta ratio: 0,5000, Drift: 2,000, Error reduction coefficient: 0,000, Error: 0,0000 s
abr 04, 2013 12:33:15 PM org.ros.time.RemoteUptimeClock update
INFO: Latency: 31,0000 s, Delta ratio: 0,5000, Drift: 2,000, Error reduction coefficient: 0,000, Error: 0,0000 s
abr 04, 2013 12:33:15 PM org.ros.time.RemoteUptimeClock update
INFO: Latency: 31,0000 s, Delta ratio: 0,5000, Drift: 2,000, Error reduction coefficient: 0,000, Error: 0,0000 s
abr 04, 2013 12:33:15 PM org.ros.time.RemoteUptimeClock update
INFO: Latency: 31,0000 s, Delta ratio: 0,5000, Drift: 2,000, Error reduction coefficient: 0,000, Error: 0,0000 s
abr 04, 2013 12:33:15 PM org.ros.time.RemoteUptimeClock update
INFO: Latency: 31,0000 s, Delta ratio: 0,5000, Drift: 2,000, Error reduction coefficient: 0,000, Error: 0,0000 s
abr 04, 2013 12:33:15 PM org.ros.time.RemoteUptimeClock update
INFO: Latency: 31,0000 s, Delta ratio: 0,5000, Drift: 2,000, Error reduction coefficient: 0,000, Error: 0,0000 s
abr 04, 2013 12:33:15 PM org.ros.time.RemoteUptimeClock update
INFO: Latency: 31,0000 s, Delta ratio: 0,5000, Drift: 2,000, Error reduction coefficient: 0,000, Error: 0,0000 s
abr 04, 2013 12:33:15 PM org.ros.time.RemoteUptimeClock update
INFO: Latency: 31,0000 s, Delta ratio: 0,5000, Drift: 2,000, Error reduction coefficient: 0,000, Error: 0,0000 s
abr 04, 2013 12:33:15 PM org.ros.time.RemoteUptimeClock update
INFO: Latency: 31,0000 s, Delta ratio: 0,5000, Drift: 2,000, Error reduction coefficient: 0,000, Error: 0,0000 s
abr 04, 2013 12:33:15 PM org.ros.time.RemoteUptimeClock update
INFO: Latency: 31,0000 s, Delta ratio: 0,5000, Drift: 2,000, Error reduction coefficient: 0,000, Error: 0,0000 s
abr 04, 2013 12:33:15 PM org.ros.time.RemoteUptimeClock update
INFO: Latency: 31,0000 s, Delta ratio: 0,5000, Drift: 2,000, Error reduction coefficient: 0,000, Error: 0,0000 s
abr 04, 2013 12:33:15 PM org.ros.time.RemoteUptimeClock update
INFO: Latency: 31,0000 s, Delta ratio: 0,5000, Drift: 2,000, Error reduction coefficient: 0,000, Error: 0,0000 s
abr 04, 2013 12:33:15 PM org.ros.time.RemoteUptimeClock update
INFO: Latency: 31,0000 s, Delta ratio: 0,5000, Drift: 2,000, Error reduction coefficient: 0,000, Error: 0,0000 s
abr 04, 2013 12:33:15 PM org.ros.time.RemoteUptimeClock update
INFO: Latency: 31,0000 s, Delta ratio: 0,5000, Drift: 2,000, Error reduction coefficient: 0,000, Error: 0,0000 s
abr 04, 2013 12:33:15 PM org.ros.time.RemoteUptimeClock update
INFO: Latency: 31,0000 s, Delta ratio: 0,5000, Drift: 2,000, Error reduction coefficient: 0,000, Error: 0,0000 s
abr 04, 2013 12:33:15 PM org.ros.time.RemoteUptimeClock update
INFO: Latency: 31,0000 s, Delta ratio: 0,5000, Drift: 2,000, Error reduction coefficient: 0,000, Error: 0,0000 s
abr 04, 2013 12:33:15 PM org.ros.time.RemoteUptimeClock update
INFO: Latency: 31,0000 s, Delta ratio: 0,5000, Drift: 2,000, Error reduction coefficient: 0,000, Error: 0,0000 s
abr 04, 2013 12:33:15 PM org.ros.time.RemoteUptimeClock update
INFO: Latency: 31,0000 s, Delta ratio: 0,5000, Drift: 2,000, Error reduction coefficient: 0,000, Error: 0,0000 s
abr 04, 2013 12:33:15 PM org.ros.time.RemoteUptimeClock update
INFO: Latency: 31,0000 s, Delta ratio: 0,5000, Drift: 2,000, Error reduction coefficient: 0,000, Error: 0,0000 s
abr 04, 2013 12:33:15 PM org.ros.time.RemoteUptimeClock update
INFO: Latency: 31,0000 s, Delta ratio: 0,5000, Drift: 2,000, Error reduction coefficient: 0,000, Error: 0,0000 s
abr 04, 2013 12:33:15 PM org.ros.time.RemoteUptimeClock update
INFO: Latency: 31,0000 s, Delta ratio: 0,5000, Drift: 2,000, Error reduction coefficient: 0,000, Error: 0,0000 s
abr 04, 2013 12:33:15 PM org.ros.time.RemoteUptimeClock update
INFO: Latency: 31,0000 s, Delta ratio: 0,5000, Drift: 2,000, Error reduction coefficient: 0,000, Error: 0,0000 s
abr 04, 2013 12:33:15 PM org.ros.time.RemoteUptimeClock update
INFO: Latency: 31,0000 s, Delta ratio: 0,5000, Drift: 2,000, Error reduction coefficient: 0,000, Error: 0,0000 s
abr 04, 2013 12:33:15 PM org.ros.time.RemoteUptimeClock update
INFO: Latency: 31,0000 s, Delta ratio: 0,5000, Drift: 2,000, Error reduction coefficient: 0,000, Error: 0,0000 s
abr 04, 2013 12:33:15 PM org.ros.time.RemoteUptimeClock update
INFO: Latency: 31,0000 s, Delta ratio: 0,5000, Drift: 2,000, Error reduction coefficient: 0,000, Error: 0,0000 s
abr 04, 2013 12:33:15 PM org.ros.time.RemoteUptimeClock update
INFO: Latency: 31,0000 s, Delta ratio: 0,5000, Drift: 2,000, Error reduction coefficient: 0,000, Error: 0,0000 s
abr 04, 2013 12:33:15 PM org.ros.time.RemoteUptimeClock update
INFO: Latency: 31,0000 s, Delta ratio: 0,5000, Drift: 2,000, Error reduction coefficient: 0,000, Error: 0,0000 s
abr 04, 2013 12:33:15 PM org.ros.time.RemoteUptimeClock update
INFO: Latency: 31,0000 s, Delta ratio: 0,5000, Drift: 2,000, Error reduction coefficient: 0,000, Error: 0,0000 s
abr 04, 2013 12:33:15 PM org.ros.time.RemoteUptimeClock update
INFO: Latency: 31,0000 s, Delta ratio: 0,5000, Drift: 2,000, Error reduction coefficient: 0,000, Error: 0,0000 s
abr 04, 2013 12:33:15 PM org.ros.time.RemoteUptimeClock update
INFO: Latency: 31,0000 s, Delta ratio: 0,5000, Drift: 2,000, Error reduction coefficient: 0,000, Error: 0,0000 s
abr 04, 2013 12:33:15 PM org.ros.time.RemoteUptimeClock update
INFO: Latency: 31,0000 s, Delta ratio: 0,5000, Drift: 2,000, Error reduction coefficient: 0,000, Error: 0,0000 s
abr 04, 2013 12:33:15 PM org.ros.time.RemoteUptimeClock update
INFO: Latency: 31,0000 s, Delta ratio: 0,5000, Drift: 2,000, Error reduction coefficient: 0,000, Error: 0,0000 s
abr 04, 2013 12:33:15 PM org.ros.time.RemoteUptimeClock update
INFO: Latency: 31,0000 s, Delta ratio: 0,5000, Drift: 2,000, Error reduction coefficient: 0,000, Error: 0,0000 s
abr 04, 2013 12:33:15 PM org.ros.time.RemoteUptimeClock update
INFO: Latency: 31,0000 s, Delta ratio: 0,5000, Drift: 2,000, Error reduction coefficient: 0,000, Error: 0,0000 s
abr 04, 2013 12:33:15 PM org.ros.time.RemoteUptimeClock update
INFO: Latency: 31,0000 s, Delta ratio: 0,5000, Drift: 2,000, Error reduction coefficient: 0,000, Error: 0,0000 s
abr 04, 2013 12:33:15 PM org.ros.time.RemoteUptimeClock update
INFO: Latency: 31,0000 s, Delta ratio: 0,5000, Drift: 2,000, Error reduction coefficient: 0,000, Error: 0,0000 s
abr 04, 2013 12:33:15 PM org.ros.time.RemoteUptimeClock update
INFO: Latency: 31,0000 s, Delta ratio: 0,5000, Drift: 2,000, Error reduction coefficient: 0,000, Error: 0,0000 s
abr 04, 2013 12:33:15 PM org.ros.time.RemoteUptimeClock update
INFO: Latency: 31,0000 s, Delta ratio: 0,5000, Drift: 2,000, Error reduction coefficient: 0,000, Error: 0,0000 s
abr 04, 2013 12:33:15 PM org.ros.time.RemoteUptimeClock update
INFO: Latency: 31,0000 s, Delta ratio: 0,5000, Drift: 2,000, Error reduction coefficient: 0,000, Error: 0,0000 s
abr 04, 2013 12:33:15 PM org.ros.time.RemoteUptimeClock update
INFO: Latency: 31,0000 s, Delta ratio: 0,5000, Drift: 2,000, Error reduction coefficient: 0,000, Error: 0,0000 s
abr 04, 2013 12:33:15 PM org.ros.time.RemoteUptimeClock update
INFO: Latency: 31,0000 s, Delta ratio: 0,5000, Drift: 2,000, Error reduction coefficient: 0,000, Error: 0,0000 s
abr 04, 2013 12:33:15 PM org.ros.time.RemoteUptimeClock update
INFO: Latency: 31,0000 s, Delta ratio: 0,5000, Drift: 2,000, Error reduction coefficient: 0,000, Error: 0,0000 s
abr 04, 2013 12:33:15 PM org.ros.time.RemoteUptimeClock update
INFO: Latency: 31,0000 s, Delta ratio: 0,5000, Drift: 2,000, Error reduction coefficient: 0,000, Error: 0,0000 s
abr 04, 2013 12:33:15 PM org.ros.time.RemoteUptimeClock update
INFO: Latency: 31,0000 s, Delta ratio: 0,5000, Drift: 2,000, Error reduction coefficient: 0,000, Error: 0,0000 s
abr 04, 2013 12:33:15 PM org.ros.time.RemoteUptimeClock update
INFO: Latency: 31,0000 s, Delta ratio: 0,5000, Drift: 2,000, Error reduction coefficient: 0,000, Error: 0,0000 s
abr 04, 2013 12:33:15 PM org.ros.time.RemoteUptimeClock update
INFO: Latency: 31,0000 s, Delta ratio: 0,5000, Drift: 2,000, Error reduction coefficient: 0,000, Error: 0,0000 s
abr 04, 2013 12:33:15 PM org.ros.time.RemoteUptimeClock update
INFO: Latency: 31,0000 s, Delta ratio: 0,5000, Drift: 2,000, Error reduction coefficient: 0,000, Error: 0,0000 s
abr 04, 2013 12:33:15 PM org.ros.time.RemoteUptimeClock update
INFO: Latency: 31,0000 s, Delta ratio: 0,5000, Drift: 2,000, Error reduction coefficient: 0,000, Error: 0,0000 s
abr 04, 2013 12:33:15 PM org.ros.time.RemoteUptimeClock update
INFO: Latency: 31,0000 s, Delta ratio: 0,5000, Drift: 2,000, Error reduction coefficient: 0,000, Error: 0,0000 s
abr 04, 2013 12:33:15 PM org.ros.time.RemoteUptimeClock update
INFO: Latency: 31,0000 s, Delta ratio: 0,5000, Drift: 2,000, Error reduction coefficient: 0,000, Error: 0,0000 s
abr 04, 2013 12:33:15 PM org.ros.time.RemoteUptimeClock update
INFO: Latency: 31,0000 s, Delta ratio: 0,5000, Drift: 2,000, Error reduction coefficient: 0,000, Error: 0,0000 s
abr 04, 2013 12:33:15 PM org.ros.time.RemoteUptimeClock update
INFO: Latency: 31,0000 s, Delta ratio: 0,5000, Drift: 2,000, Error reduction coefficient: 0,000, Error: 0,0000 s
abr 04, 2013 12:33:15 PM org.ros.time.RemoteUptimeClock update
INFO: Latency: 31,0000 s, Delta ratio: 0,5000, Drift: 2,000, Error reduction coefficient: 0,000, Error: 0,0000 s
abr 04, 2013 12:33:15 PM org.ros.time.RemoteUptimeClock update
INFO: Latency: 31,0000 s, Delta ratio: 0,5000, Drift: 2,000, Error reduction coefficient: 0,000, Error: 0,0000 s
abr 04, 2013 12:33:15 PM org.ros.time.RemoteUptimeClock update
INFO: Latency: 31,0000 s, Delta ratio: 0,5000, Drift: 2,000, Error reduction coefficient: 0,000, Error: 0,0000 s
abr 04, 2013 12:33:15 PM org.ros.time.RemoteUptimeClock update
INFO: Latency: 31,0000 s, Delta ratio: 0,5000, Drift: 2,000, Error reduction coefficient: 0,000, Error: 0,0000 s
abr 04, 2013 12:33:15 PM org.ros.time.RemoteUptimeClock update
INFO: Latency: 31,0000 s, Delta ratio: 0,5000, Drift: 2,000, Error reduction coefficient: 0,000, Error: 0,0000 s
abr 04, 2013 12:33:15 PM org.ros.time.RemoteUptimeClock update
INFO: Latency: 31,0000 s, Delta ratio: 0,5000, Drift: 2,000, Error reduction coefficient: 0,000, Error: 0,0000 s
abr 04, 2013 12:33:15 PM org.ros.time.RemoteUptimeClock update
INFO: Latency: 31,0000 s, Delta ratio: 0,5000, Drift: 2,000, Error reduction coefficient: 0,000, Error: 0,0000 s
abr 04, 2013 12:33:15 PM org.ros.time.RemoteUptimeClock update
INFO: Latency: 31,0000 s, Delta ratio: 0,5000, Drift: 2,000, Error reduction coefficient: 0,000, Error: 0,0000 s
abr 04, 2013 12:33:15 PM org.ros.time.RemoteUptimeClock update
INFO: Latency: 31,0000 s, Delta ratio: 0,5000, Drift: 2,000, Error reduction coefficient: 0,000, Error: 0,0000 s
abr 04, 2013 12:33:15 PM org.ros.time.RemoteUptimeClock update
INFO: Latency: 31,0000 s, Delta ratio: 0,5000, Drift: 2,000, Error reduction coefficient: 0,000, Error: 0,0000 s
abr 04, 2013 12:33:15 PM org.ros.time.RemoteUptimeClock update
INFO: Latency: 31,0000 s, Delta ratio: 0,5000, Drift: 2,000, Error reduction coefficient: 0,000, Error: 0,0000 s
abr 04, 2013 12:33:15 PM org.ros.time.RemoteUptimeClock update
INFO: Latency: 31,0000 s, Delta ratio: 0,5000, Drift: 2,000, Error reduction coefficient: 0,000, Error: 0,0000 s
abr 04, 2013 12:33:15 PM org.ros.time.RemoteUptimeClock update
INFO: Latency: 31,0000 s, Delta ratio: 0,5000, Drift: 2,000, Error reduction coefficient: 0,000, Error: 0,0000 s
abr 04, 2013 12:33:15 PM org.ros.time.RemoteUptimeClock update
INFO: Latency: 31,0000 s, Delta ratio: 0,5000, Drift: 2,000, Error reduction coefficient: 0,000, Error: 0,0000 s
abr 04, 2013 12:33:15 PM org.ros.time.RemoteUptimeClock update
INFO: Latency: 31,0000 s, Delta ratio: 0,5000, Drift: 2,000, Error reduction coefficient: 0,000, Error: 0,0000 s
abr 04, 2013 12:33:15 PM org.ros.time.RemoteUptimeClock update
INFO: Latency: 31,0000 s, Delta ratio: 0,5000, Drift: 2,000, Error reduction coefficient: 0,000, Error: 0,0000 s
abr 04, 2013 12:33:15 PM org.ros.time.RemoteUptimeClock update
INFO: Latency: 31,0000 s, Delta ratio: 0,5000, Drift: 2,000, Error reduction coefficient: 0,000, Error: 0,0000 s
abr 04, 2013 12:33:15 PM org.ros.time.RemoteUptimeClock update
INFO: Latency: 31,0000 s, Delta ratio: 0,5000, Drift: 2,000, Error reduction coefficient: 0,000, Error: 0,0000 s
abr 04, 2013 12:33:15 PM org.ros.time.RemoteUptimeClock update
INFO: Latency: 31,0000 s, Delta ratio: 0,5000, Drift: 2,000, Error reduction coefficient: 0,000, Error: 0,0000 s
abr 04, 2013 12:33:15 PM org.ros.time.RemoteUptimeClock update
INFO: Latency: 31,0000 s, Delta ratio: 0,5000, Drift: 2,000, Error reduction coefficient: 0,000, Error: 0,0000 s
abr 04, 2013 12:33:15 PM org.ros.time.RemoteUptimeClock update
INFO: Latency: 31,0000 s, Delta ratio: 0,5000, Drift: 2,000, Error reduction coefficient: 0,000, Error: 0,0000 s
abr 04, 2013 12:33:15 PM org.ros.time.RemoteUptimeClock update
INFO: Latency: 31,0000 s, Delta ratio: 0,5000, Drift: 2,000, Error reduction coefficient: 0,000, Error: 0,0000 s
abr 04, 2013 12:33:15 PM org.ros.time.RemoteUptimeClock update
INFO: Latency: 31,0000 s, Delta ratio: 0,5000, Drift: 2,000, Error reduction coefficient: 0,000, Error: 0,0000 s
abr 04, 2013 12:33:15 PM org.ros.time.RemoteUptimeClock update
INFO: Latency: 31,0000 s, Delta ratio: 0,5000, Drift: 2,000, Error reduction coefficient: 0,000, Error: 0,0000 s
abr 04, 2013 12:33:15 PM org.ros.time.RemoteUptimeClock update
INFO: Latency: 31,0000 s, Delta ratio: 0,5000, Drift: 2,000, Error reduction coefficient: 0,000, Error: 0,0000 s
abr 04, 2013 12:33:15 PM org.ros.time.RemoteUptimeClock update
INFO: Latency: 31,0000 s, Delta ratio: 0,5000, Drift: 2,000, Error reduction coefficient: 0,000, Error: 0,0000 s
abr 04, 2013 12:33:15 PM org.ros.time.RemoteUptimeClock update
INFO: Latency: 31,0000 s, Delta ratio: 0,5000, Drift: 2,000, Error reduction coefficient: 0,000, Error: 0,0000 s
abr 04, 2013 12:33:15 PM org.ros.time.RemoteUptimeClock update
INFO: Latency: 31,0000 s, Delta ratio: 0,5000, Drift: 2,000, Error reduction coefficient: 0,000, Error: 0,0000 s
abr 04, 2013 12:33:15 PM org.ros.time.RemoteUptimeClock update
INFO: Latency: 31,0000 s, Delta ratio: 0,5000, Drift: 2,000, Error reduction coefficient: 0,000, Error: 0,0000 s
abr 04, 2013 12:33:15 PM org.ros.time.RemoteUptimeClock update
INFO: Latency: 31,0000 s, Delta ratio: 0,5000, Drift: 2,000, Error reduction coefficient: 0,000, Error: 0,0000 s
abr 04, 2013 12:33:15 PM org.ros.time.RemoteUptimeClock update
INFO: Latency: 31,0000 s, Delta ratio: 0,5000, Drift: 2,000, Error reduction coefficient: 0,000, Error: 0,0000 s
abr 04, 2013 12:33:15 PM org.ros.time.RemoteUptimeClock update
INFO: Latency: 31,0000 s, Delta ratio: 0,5000, Drift: 2,000, Error reduction coefficient: 0,000, Error: 0,0000 s
abr 04, 2013 12:33:15 PM org.ros.time.RemoteUptimeClock update
INFO: Latency: 31,0000 s, Delta ratio: 0,5000, Drift: 2,000, Error reduction coefficient: 0,000, Error: 0,0000 s
abr 04, 2013 12:33:15 PM org.ros.time.RemoteUptimeClock update
INFO: Latency: 31,0000 s, Delta ratio: 0,5000, Drift: 2,000, Error reduction coefficient: 0,000, Error: 0,0000 s
abr 04, 2013 12:33:15 PM org.ros.time.RemoteUptimeClock update
INFO: Latency: 31,0000 s, Delta ratio: 0,5000, Drift: 2,000, Error reduction coefficient: 0,000, Error: 0,0000 s
abr 04, 2013 12:33:16 PM org.ros.time.RemoteUptimeClock update
INFO: Latency: 31,0000 s, Delta ratio: 0,5000, Drift: 2,000, Error reduction coefficient: 0,000, Error: 0,0000 s
abr 04, 2013 12:33:16 PM org.ros.time.RemoteUptimeClock update
INFO: Latency: 31,0000 s, Delta ratio: 0,5000, Drift: 2,000, Error reduction coefficient: 0,000, Error: 0,0000 s
abr 04, 2013 12:33:16 PM org.ros.time.RemoteUptimeClock update
INFO: Latency: 31,0000 s, Delta ratio: 0,5000, Drift: 2,000, Error reduction coefficient: 0,000, Error: 0,0000 s
abr 04, 2013 12:33:16 PM org.ros.time.RemoteUptimeClock update
INFO: Latency: 31,0000 s, Delta ratio: 0,5000, Drift: 2,000, Error reduction coefficient: 0,000, Error: 0,0000 s
abr 04, 2013 12:33:16 PM org.ros.time.RemoteUptimeClock update
INFO: Latency: 31,0000 s, Delta ratio: 0,5000, Drift: 2,000, Error reduction coefficient: 0,000, Error: 0,0000 s
abr 04, 2013 12:33:16 PM org.ros.time.RemoteUptimeClock update
INFO: Latency: 31,0000 s, Delta ratio: 0,5000, Drift: 2,000, Error reduction coefficient: 0,000, Error: 0,0000 s
abr 04, 2013 12:33:16 PM org.ros.time.RemoteUptimeClock update
INFO: Latency: 31,0000 s, Delta ratio: 0,5000, Drift: 2,000, Error reduction coefficient: 0,000, Error: 0,0000 s
abr 04, 2013 12:33:16 PM org.ros.time.RemoteUptimeClock update
INFO: Latency: 31,0000 s, Delta ratio: 0,5000, Drift: 2,000, Error reduction coefficient: 0,000, Error: 0,0000 s
abr 04, 2013 12:33:16 PM org.ros.time.RemoteUptimeClock update
INFO: Latency: 31,0000 s, Delta ratio: 0,5000, Drift: 2,000, Error reduction coefficient: 0,000, Error: 0,0000 s
abr 04, 2013 12:33:16 PM org.ros.time.RemoteUptimeClock update
INFO: Latency: 31,0000 s, Delta ratio: 0,5000, Drift: 2,000, Error reduction coefficient: 0,000, Error: 0,0000 s
abr 04, 2013 12:33:16 PM org.ros.time.RemoteUptimeClock update
INFO: Latency: 31,0000 s, Delta ratio: 0,5000, Drift: 2,000, Error reduction coefficient: 0,000, Error: 0,0000 s
abr 04, 2013 12:33:16 PM org.ros.time.RemoteUptimeClock update
INFO: Latency: 31,0000 s, Delta ratio: 0,5000, Drift: 2,000, Error reduction coefficient: 0,000, Error: 0,0000 s
abr 04, 2013 12:33:16 PM org.ros.time.RemoteUptimeClock update
INFO: Latency: 31,0000 s, Delta ratio: 0,5000, Drift: 2,000, Error reduction coefficient: 0,000, Error: 0,0000 s
abr 04, 2013 12:33:16 PM org.ros.time.RemoteUptimeClock update
INFO: Latency: 31,0000 s, Delta ratio: 0,5000, Drift: 2,000, Error reduction coefficient: 0,000, Error: 0,0000 s
abr 04, 2013 12:33:16 PM org.ros.time.RemoteUptimeClock update
INFO: Latency: 31,0000 s, Delta ratio: 0,5000, Drift: 2,000, Error reduction coefficient: 0,000, Error: 0,0000 s
abr 04, 2013 12:33:16 PM org.ros.time.RemoteUptimeClock update
INFO: Latency: 31,0000 s, Delta ratio: 0,5000, Drift: 2,000, Error reduction coefficient: 0,000, Error: 0,0000 s
abr 04, 2013 12:33:16 PM org.ros.time.RemoteUptimeClock update
INFO: Latency: 31,0000 s, Delta ratio: 0,5000, Drift: 2,000, Error reduction coefficient: 0,000, Error: 0,0000 s
abr 04, 2013 12:33:16 PM org.ros.time.RemoteUptimeClock update
INFO: Latency: 31,0000 s, Delta ratio: 0,5000, Drift: 2,000, Error reduction coefficient: 0,000, Error: 0,0000 s
abr 04, 2013 12:33:16 PM org.ros.time.RemoteUptimeClock update
INFO: Latency: 31,0000 s, Delta ratio: 0,5000, Drift: 2,000, Error reduction coefficient: 0,000, Error: 0,0000 s
abr 04, 2013 12:33:16 PM org.ros.time.RemoteUptimeClock update
INFO: Latency: 31,0000 s, Delta ratio: 0,5000, Drift: 2,000, Error reduction coefficient: 0,000, Error: 0,0000 s
abr 04, 2013 12:33:16 PM org.ros.time.RemoteUptimeClock update
INFO: Latency: 31,0000 s, Delta ratio: 0,5000, Drift: 2,000, Error reduction coefficient: 0,000, Error: 0,0000 s
abr 04, 2013 12:33:16 PM org.ros.time.RemoteUptimeClock update
INFO: Latency: 31,0000 s, Delta ratio: 0,5000, Drift: 2,000, Error reduction coefficient: 0,000, Error: 0,0000 s
abr 04, 2013 12:33:16 PM org.ros.time.RemoteUptimeClock update
INFO: Latency: 31,0000 s, Delta ratio: 0,5000, Drift: 2,000, Error reduction coefficient: 0,000, Error: 0,0000 s
abr 04, 2013 12:33:16 PM org.ros.time.RemoteUptimeClock update
INFO: Latency: 31,0000 s, Delta ratio: 0,5000, Drift: 2,000, Error reduction coefficient: 0,000, Error: 0,0000 s
abr 04, 2013 12:33:16 PM org.ros.time.RemoteUptimeClock update
INFO: Latency: 31,0000 s, Delta ratio: 0,5000, Drift: 2,000, Error reduction coefficient: 0,000, Error: 0,0000 s
abr 04, 2013 12:33:16 PM org.ros.time.RemoteUptimeClock update
INFO: Latency: 31,0000 s, Delta ratio: 0,5000, Drift: 2,000, Error reduction coefficient: 0,000, Error: 0,0000 s
abr 04, 2013 12:33:16 PM org.ros.time.RemoteUptimeClock update
INFO: Latency: 31,0000 s, Delta ratio: 0,5000, Drift: 2,000, Error reduction coefficient: 0,000, Error: 0,0000 s
abr 04, 2013 12:33:16 PM org.ros.time.RemoteUptimeClock update
INFO: Latency: 31,0000 s, Delta ratio: 0,5000, Drift: 2,000, Error reduction coefficient: 0,000, Error: 0,0000 s
abr 04, 2013 12:33:16 PM org.ros.time.RemoteUptimeClock update
INFO: Latency: 31,0000 s, Delta ratio: 0,5000, Drift: 2,000, Error reduction coefficient: 0,000, Error: 0,0000 s
abr 04, 2013 12:33:16 PM org.ros.time.RemoteUptimeClock update
INFO: Latency: 31,0000 s, Delta ratio: 0,5000, Drift: 2,000, Error reduction coefficient: 0,000, Error: 0,0000 s
abr 04, 2013 12:33:16 PM org.ros.time.RemoteUptimeClock update
INFO: Latency: 31,0000 s, Delta ratio: 0,5000, Drift: 2,000, Error reduction coefficient: 0,000, Error: 0,0000 s
abr 04, 2013 12:33:16 PM org.ros.time.RemoteUptimeClock update
INFO: Latency: 31,0000 s, Delta ratio: 0,5000, Drift: 2,000, Error reduction coefficient: 0,000, Error: 0,0000 s
abr 04, 2013 12:33:16 PM org.ros.time.RemoteUptimeClock update
INFO: Latency: 31,0000 s, Delta ratio: 0,5000, Drift: 2,000, Error reduction coefficient: 0,000, Error: 0,0000 s
abr 04, 2013 12:33:16 PM org.ros.time.RemoteUptimeClock update
INFO: Latency: 31,0000 s, Delta ratio: 0,5000, Drift: 2,000, Error reduction coefficient: 0,000, Error: 0,0000 s
abr 04, 2013 12:33:16 PM org.ros.time.RemoteUptimeClock update
INFO: Latency: 31,0000 s, Delta ratio: 0,5000, Drift: 2,000, Error reduction coefficient: 0,000, Error: 0,0000 s
abr 04, 2013 12:33:16 PM org.ros.time.RemoteUptimeClock update
INFO: Latency: 31,0000 s, Delta ratio: 0,5000, Drift: 2,000, Error reduction coefficient: 0,000, Error: 0,0000 s
abr 04, 2013 12:33:16 PM org.ros.time.RemoteUptimeClock update
INFO: Latency: 31,0000 s, Delta ratio: 0,5000, Drift: 2,000, Error reduction coefficient: 0,000, Error: 0,0000 s
abr 04, 2013 12:33:16 PM org.ros.time.RemoteUptimeClock update
INFO: Latency: 31,0000 s, Delta ratio: 0,5000, Drift: 2,000, Error reduction coefficient: 0,000, Error: 0,0000 s
abr 04, 2013 12:33:16 PM org.ros.time.RemoteUptimeClock update
INFO: Latency: 31,0000 s, Delta ratio: 0,5000, Drift: 2,000, Error reduction coefficient: 0,000, Error: 0,0000 s
abr 04, 2013 12:33:16 PM org.ros.time.RemoteUptimeClock update
INFO: Latency: 31,0000 s, Delta ratio: 0,5000, Drift: 2,000, Error reduction coefficient: 0,000, Error: 0,0000 s
abr 04, 2013 12:33:16 PM org.ros.time.RemoteUptimeClock update
INFO: Latency: 31,0000 s, Delta ratio: 0,5000, Drift: 2,000, Error reduction coefficient: 0,000, Error: 0,0000 s
abr 04, 2013 12:33:16 PM org.ros.time.RemoteUptimeClock update
INFO: Latency: 31,0000 s, Delta ratio: 0,5000, Drift: 2,000, Error reduction coefficient: 0,000, Error: 0,0000 s
abr 04, 2013 12:33:16 PM org.ros.time.RemoteUptimeClock update
INFO: Latency: 31,0000 s, Delta ratio: 0,5000, Drift: 2,000, Error reduction coefficient: 0,000, Error: 0,0000 s
abr 04, 2013 12:33:16 PM org.ros.time.RemoteUptimeClock update
INFO: Latency: 31,0000 s, Delta ratio: 0,5000, Drift: 2,000, Error reduction coefficient: 0,000, Error: 0,0000 s
abr 04, 2013 12:33:16 PM org.ros.time.RemoteUptimeClock update
INFO: Latency: 31,0000 s, Delta ratio: 0,5000, Drift: 2,000, Error reduction coefficient: 0,000, Error: 0,0000 s
abr 04, 2013 12:33:16 PM org.ros.time.RemoteUptimeClock update
INFO: Latency: 31,0000 s, Delta ratio: 0,5000, Drift: 2,000, Error reduction coefficient: 0,000, Error: 0,0000 s
abr 04, 2013 12:33:16 PM org.ros.time.RemoteUptimeClock update
INFO: Latency: 31,0000 s, Delta ratio: 0,5000, Drift: 2,000, Error reduction coefficient: 0,000, Error: 0,0000 s
abr 04, 2013 12:33:16 PM org.ros.time.RemoteUptimeClock update
INFO: Latency: 31,0000 s, Delta ratio: 0,5000, Drift: 2,000, Error reduction coefficient: 0,000, Error: 0,0000 s
abr 04, 2013 12:33:16 PM org.ros.time.RemoteUptimeClock update
INFO: Latency: 31,0000 s, Delta ratio: 0,5000, Drift: 2,000, Error reduction coefficient: 0,000, Error: 0,0000 s
abr 04, 2013 12:33:16 PM org.ros.time.RemoteUptimeClock update
INFO: Latency: 31,0000 s, Delta ratio: 0,5000, Drift: 2,000, Error reduction coefficient: 0,000, Error: 0,0000 s
abr 04, 2013 12:33:16 PM org.ros.time.RemoteUptimeClock update
INFO: Latency: 31,0000 s, Delta ratio: 0,5000, Drift: 2,000, Error reduction coefficient: 0,000, Error: 0,0000 s
abr 04, 2013 12:33:16 PM org.ros.time.RemoteUptimeClock update
INFO: Latency: 31,0000 s, Delta ratio: 0,5000, Drift: 2,000, Error reduction coefficient: 0,000, Error: 0,0000 s
abr 04, 2013 12:33:16 PM org.ros.time.RemoteUptimeClock update
INFO: Latency: 31,0000 s, Delta ratio: 0,5000, Drift: 2,000, Error reduction coefficient: 0,000, Error: 0,0000 s
abr 04, 2013 12:33:16 PM org.ros.time.RemoteUptimeClock update
INFO: Latency: 31,0000 s, Delta ratio: 0,5000, Drift: 2,000, Error reduction coefficient: 0,000, Error: 0,0000 s
abr 04, 2013 12:33:16 PM org.ros.time.RemoteUptimeClock update
INFO: Latency: 31,0000 s, Delta ratio: 0,5000, Drift: 2,000, Error reduction coefficient: 0,000, Error: 0,0000 s
abr 04, 2013 12:33:16 PM org.ros.time.RemoteUptimeClock update
INFO: Latency: 31,0000 s, Delta ratio: 0,5000, Drift: 2,000, Error reduction coefficient: 0,000, Error: 0,0000 s
abr 04, 2013 12:33:16 PM org.ros.time.RemoteUptimeClock update
INFO: Latency: 31,0000 s, Delta ratio: 0,5000, Drift: 2,000, Error reduction coefficient: 0,000, Error: 0,0000 s
abr 04, 2013 12:33:16 PM org.ros.time.RemoteUptimeClock update
INFO: Latency: 31,0000 s, Delta ratio: 0,5000, Drift: 2,000, Error reduction coefficient: 0,000, Error: 0,0000 s
abr 04, 2013 12:33:16 PM org.ros.time.RemoteUptimeClock update
INFO: Latency: 31,0000 s, Delta ratio: 0,5000, Drift: 2,000, Error reduction coefficient: 0,000, Error: 0,0000 s
abr 04, 2013 12:33:16 PM org.ros.time.RemoteUptimeClock update
INFO: Latency: 31,0000 s, Delta ratio: 0,5000, Drift: 2,000, Error reduction coefficient: 0,000, Error: 0,0000 s
abr 04, 2013 12:33:16 PM org.ros.time.RemoteUptimeClock update
INFO: Latency: 31,0000 s, Delta ratio: 0,5000, Drift: 2,000, Error reduction coefficient: 0,000, Error: 0,0000 s
abr 04, 2013 12:33:16 PM org.ros.time.RemoteUptimeClock update
INFO: Latency: 31,0000 s, Delta ratio: 0,5000, Drift: 2,000, Error reduction coefficient: 0,000, Error: 0,0000 s
abr 04, 2013 12:33:16 PM org.ros.time.RemoteUptimeClock update
INFO: Latency: 31,0000 s, Delta ratio: 0,5000, Drift: 2,000, Error reduction coefficient: 0,000, Error: 0,0000 s
abr 04, 2013 12:33:16 PM org.ros.time.RemoteUptimeClock update
INFO: Latency: 31,0000 s, Delta ratio: 0,5000, Drift: 2,000, Error reduction coefficient: 0,000, Error: 0,0000 s
abr 04, 2013 12:33:16 PM org.ros.time.RemoteUptimeClock update
INFO: Latency: 31,0000 s, Delta ratio: 0,5000, Drift: 2,000, Error reduction coefficient: 0,000, Error: 0,0000 s
abr 04, 2013 12:33:16 PM org.ros.time.RemoteUptimeClock update
INFO: Latency: 31,0000 s, Delta ratio: 0,5000, Drift: 2,000, Error reduction coefficient: 0,000, Error: 0,0000 s
abr 04, 2013 12:33:16 PM org.ros.time.RemoteUptimeClock update
INFO: Latency: 31,0000 s, Delta ratio: 0,5000, Drift: 2,000, Error reduction coefficient: 0,000, Error: 0,0000 s
abr 04, 2013 12:33:16 PM org.ros.time.RemoteUptimeClock update
INFO: Latency: 31,0000 s, Delta ratio: 0,5000, Drift: 2,000, Error reduction coefficient: 0,000, Error: 0,0000 s
abr 04, 2013 12:33:16 PM org.ros.time.RemoteUptimeClock update
INFO: Latency: 31,0000 s, Delta ratio: 0,5000, Drift: 2,000, Error reduction coefficient: 0,000, Error: 0,0000 s
abr 04, 2013 12:33:16 PM org.ros.time.RemoteUptimeClock update
INFO: Latency: 31,0000 s, Delta ratio: 0,5000, Drift: 2,000, Error reduction coefficient: 0,000, Error: 0,0000 s
abr 04, 2013 12:33:16 PM org.ros.time.RemoteUptimeClock update
INFO: Latency: 31,0000 s, Delta ratio: 0,5000, Drift: 2,000, Error reduction coefficient: 0,000, Error: 0,0000 s
abr 04, 2013 12:33:16 PM org.ros.time.RemoteUptimeClock update
INFO: Latency: 31,0000 s, Delta ratio: 0,5000, Drift: 2,000, Error reduction coefficient: 0,000, Error: 0,0000 s
abr 04, 2013 12:33:16 PM org.ros.time.RemoteUptimeClock update
INFO: Latency: 31,0000 s, Delta ratio: 0,5000, Drift: 2,000, Error reduction coefficient: 0,000, Error: 0,0000 s
abr 04, 2013 12:33:16 PM org.ros.time.RemoteUptimeClock update
INFO: Latency: 31,0000 s, Delta ratio: 0,5000, Drift: 2,000, Error reduction coefficient: 0,000, Error: 0,0000 s
abr 04, 2013 12:33:16 PM org.ros.time.RemoteUptimeClock update
INFO: Latency: 31,0000 s, Delta ratio: 0,5000, Drift: 2,000, Error reduction coefficient: 0,000, Error: 0,0000 s
abr 04, 2013 12:33:16 PM org.ros.time.RemoteUptimeClock update
INFO: Latency: 31,0000 s, Delta ratio: 0,5000, Drift: 2,000, Error reduction coefficient: 0,000, Error: 0,0000 s
abr 04, 2013 12:33:16 PM org.ros.time.RemoteUptimeClock update
INFO: Latency: 31,0000 s, Delta ratio: 0,5000, Drift: 2,000, Error reduction coefficient: 0,000, Error: 0,0000 s
abr 04, 2013 12:33:16 PM org.ros.time.RemoteUptimeClock update
INFO: Latency: 31,0000 s, Delta ratio: 0,5000, Drift: 2,000, Error reduction coefficient: 0,000, Error: 0,0000 s
abr 04, 2013 12:33:16 PM org.ros.time.RemoteUptimeClock update
INFO: Latency: 31,0000 s, Delta ratio: 0,5000, Drift: 2,000, Error reduction coefficient: 0,000, Error: 0,0000 s
abr 04, 2013 12:33:16 PM org.ros.time.RemoteUptimeClock update
INFO: Latency: 31,0000 s, Delta ratio: 0,5000, Drift: 2,000, Error reduction coefficient: 0,000, Error: 0,0000 s
abr 04, 2013 12:33:16 PM org.ros.time.RemoteUptimeClock update
INFO: Latency: 31,0000 s, Delta ratio: 0,5000, Drift: 2,000, Error reduction coefficient: 0,000, Error: 0,0000 s
abr 04, 2013 12:33:16 PM org.ros.time.RemoteUptimeClock update
INFO: Latency: 31,0000 s, Delta ratio: 0,5000, Drift: 2,000, Error reduction coefficient: 0,000, Error: 0,0000 s
abr 04, 2013 12:33:16 PM org.ros.time.RemoteUptimeClock update
INFO: Latency: 31,0000 s, Delta ratio: 0,5000, Drift: 2,000, Error reduction coefficient: 0,000, Error: 0,0000 s
abr 04, 2013 12:33:16 PM org.ros.time.RemoteUptimeClock update
INFO: Latency: 31,0000 s, Delta ratio: 0,5000, Drift: 2,000, Error reduction coefficient: 0,000, Error: 0,0000 s
abr 04, 2013 12:33:16 PM org.ros.time.RemoteUptimeClock update
INFO: Latency: 31,0000 s, Delta ratio: 0,5000, Drift: 2,000, Error reduction coefficient: 0,000, Error: 0,0000 s
abr 04, 2013 12:33:16 PM org.ros.time.RemoteUptimeClock update
INFO: Latency: 31,0000 s, Delta ratio: 0,5000, Drift: 2,000, Error reduction coefficient: 0,000, Error: 0,0000 s
abr 04, 2013 12:33:16 PM org.ros.time.RemoteUptimeClock update
INFO: Latency: 31,0000 s, Delta ratio: 0,5000, Drift: 2,000, Error reduction coefficient: 0,000, Error: 0,0000 s
abr 04, 2013 12:33:16 PM org.ros.time.RemoteUptimeClock update
INFO: Latency: 31,0000 s, Delta ratio: 0,5000, Drift: 2,000, Error reduction coefficient: 0,000, Error: 0,0000 s
abr 04, 2013 12:33:16 PM org.ros.time.RemoteUptimeClock update
INFO: Latency: 31,0000 s, Delta ratio: 0,5000, Drift: 2,000, Error reduction coefficient: 0,000, Error: 0,0000 s
abr 04, 2013 12:33:16 PM org.ros.time.RemoteUptimeClock update
INFO: Latency: 31,0000 s, Delta ratio: 0,5000, Drift: 2,000, Error reduction coefficient: 0,000, Error: 0,0000 s
abr 04, 2013 12:33:16 PM org.ros.time.RemoteUptimeClock update
INFO: Latency: 31,0000 s, Delta ratio: 0,5000, Drift: 2,000, Error reduction coefficient: 0,000, Error: 0,0000 s
abr 04, 2013 12:33:16 PM org.ros.time.RemoteUptimeClock update
INFO: Latency: 31,0000 s, Delta ratio: 0,5000, Drift: 2,000, Error reduction coefficient: 0,000, Error: 0,0000 s
abr 04, 2013 12:33:16 PM org.ros.time.RemoteUptimeClock update
INFO: Latency: 31,0000 s, Delta ratio: 0,5000, Drift: 2,000, Error reduction coefficient: 0,000, Error: 0,0000 s
abr 04, 2013 12:33:16 PM org.ros.time.RemoteUptimeClock update
INFO: Latency: 31,0000 s, Delta ratio: 0,5000, Drift: 2,000, Error reduction coefficient: 0,000, Error: 0,0000 s
abr 04, 2013 12:33:16 PM org.ros.time.RemoteUptimeClock update
INFO: Latency: 31,0000 s, Delta ratio: 0,5000, Drift: 2,000, Error reduction coefficient: 0,000, Error: 0,0000 s
abr 04, 2013 12:33:16 PM org.ros.time.RemoteUptimeClock update
INFO: Latency: 31,0000 s, Delta ratio: 0,5000, Drift: 2,000, Error reduction coefficient: 0,000, Error: 0,0000 s
abr 04, 2013 12:33:16 PM org.ros.time.RemoteUptimeClock update
INFO: Latency: 31,0000 s, Delta ratio: 0,5000, Drift: 2,000, Error reduction coefficient: 0,000, Error: 0,0000 s
abr 04, 2013 12:33:16 PM org.ros.time.RemoteUptimeClock update
INFO: Latency: 31,0000 s, Delta ratio: 0,5000, Drift: 2,000, Error reduction coefficient: 0,000, Error: 0,0000 s
abr 04, 2013 12:33:16 PM org.ros.time.RemoteUptimeClock update
INFO: Latency: 31,0000 s, Delta ratio: 0,5000, Drift: 2,000, Error reduction coefficient: 0,000, Error: 0,0000 s
abr 04, 2013 12:33:16 PM org.ros.time.RemoteUptimeClock update
INFO: Latency: 31,0000 s, Delta ratio: 0,5000, Drift: 2,000, Error reduction coefficient: 0,000, Error: 0,0000 s
abr 04, 2013 12:33:16 PM org.ros.time.RemoteUptimeClock update
INFO: Latency: 31,0000 s, Delta ratio: 0,5000, Drift: 2,000, Error reduction coefficient: 0,000, Error: 0,0000 s
abr 04, 2013 12:33:16 PM org.ros.time.RemoteUptimeClock update
INFO: Latency: 31,0000 s, Delta ratio: 0,5000, Drift: 2,000, Error reduction coefficient: 0,000, Error: 0,0000 s
abr 04, 2013 12:33:16 PM org.ros.time.RemoteUptimeClock update
INFO: Latency: 31,0000 s, Delta ratio: 0,5000, Drift: 2,000, Error reduction coefficient: 0,000, Error: 0,0000 s
abr 04, 2013 12:33:16 PM org.ros.time.RemoteUptimeClock update
INFO: Latency: 31,0000 s, Delta ratio: 0,5000, Drift: 2,000, Error reduction coefficient: 0,000, Error: 0,0000 s
abr 04, 2013 12:33:16 PM org.ros.time.RemoteUptimeClock update
INFO: Latency: 31,0000 s, Delta ratio: 0,5000, Drift: 2,000, Error reduction coefficient: 0,000, Error: 0,0000 s
abr 04, 2013 12:33:16 PM org.ros.time.RemoteUptimeClock update
INFO: Latency: 31,0000 s, Delta ratio: 0,5000, Drift: 2,000, Error reduction coefficient: 0,000, Error: 0,0000 s
abr 04, 2013 12:33:16 PM org.ros.time.RemoteUptimeClock update
INFO: Latency: 31,0000 s, Delta ratio: 0,5000, Drift: 2,000, Error reduction coefficient: 0,000, Error: 0,0000 s
abr 04, 2013 12:33:16 PM org.ros.time.RemoteUptimeClock update
INFO: Latency: 31,0000 s, Delta ratio: 0,5000, Drift: 2,000, Error reduction coefficient: 0,000, Error: 0,0000 s
abr 04, 2013 12:33:16 PM org.ros.time.RemoteUptimeClock update
INFO: Latency: 31,0000 s, Delta ratio: 0,5000, Drift: 2,000, Error reduction coefficient: 0,000, Error: 0,0000 s
abr 04, 2013 12:33:16 PM org.ros.time.RemoteUptimeClock update
INFO: Latency: 31,0000 s, Delta ratio: 0,5000, Drift: 2,000, Error reduction coefficient: 0,000, Error: 0,0000 s
abr 04, 2013 12:33:16 PM org.ros.time.RemoteUptimeClock update
INFO: Latency: 31,0000 s, Delta ratio: 0,5000, Drift: 2,000, Error reduction coefficient: 0,000, Error: 0,0000 s
abr 04, 2013 12:33:16 PM org.ros.time.RemoteUptimeClock update
INFO: Latency: 31,0000 s, Delta ratio: 0,5000, Drift: 2,000, Error reduction coefficient: 0,000, Error: 0,0000 s
abr 04, 2013 12:33:16 PM org.ros.time.RemoteUptimeClock update
INFO: Latency: 31,0000 s, Delta ratio: 0,5000, Drift: 2,000, Error reduction coefficient: 0,000, Error: 0,0000 s
abr 04, 2013 12:33:16 PM org.ros.time.RemoteUptimeClock update
INFO: Latency: 31,0000 s, Delta ratio: 0,5000, Drift: 2,000, Error reduction coefficient: 0,000, Error: 0,0000 s
abr 04, 2013 12:33:16 PM org.ros.time.RemoteUptimeClock update
INFO: Latency: 31,0000 s, Delta ratio: 0,5000, Drift: 2,000, Error reduction coefficient: 0,000, Error: 0,0000 s
abr 04, 2013 12:33:16 PM org.ros.time.RemoteUptimeClock update
INFO: Latency: 31,0000 s, Delta ratio: 0,5000, Drift: 2,000, Error reduction coefficient: 0,000, Error: 0,0000 s
abr 04, 2013 12:33:16 PM org.ros.time.RemoteUptimeClock update
INFO: Latency: 31,0000 s, Delta ratio: 0,5000, Drift: 2,000, Error reduction coefficient: 0,000, Error: 0,0000 s
abr 04, 2013 12:33:16 PM org.ros.time.RemoteUptimeClock update
INFO: Latency: 31,0000 s, Delta ratio: 0,5000, Drift: 2,000, Error reduction coefficient: 0,000, Error: 0,0000 s
abr 04, 2013 12:33:16 PM org.ros.time.RemoteUptimeClock update
INFO: Latency: 31,0000 s, Delta ratio: 0,5000, Drift: 2,000, Error reduction coefficient: 0,000, Error: 0,0000 s
abr 04, 2013 12:33:16 PM org.ros.time.RemoteUptimeClock update
INFO: Latency: 31,0000 s, Delta ratio: 0,5000, Drift: 2,000, Error reduction coefficient: 0,000, Error: 0,0000 s
abr 04, 2013 12:33:16 PM org.ros.time.RemoteUptimeClock update
INFO: Latency: 31,0000 s, Delta ratio: 0,5000, Drift: 2,000, Error reduction coefficient: 0,000, Error: 0,0000 s
abr 04, 2013 12:33:16 PM org.ros.time.RemoteUptimeClock update
INFO: Latency: 31,0000 s, Delta ratio: 0,5000, Drift: 2,000, Error reduction coefficient: 0,000, Error: 0,0000 s
abr 04, 2013 12:33:16 PM org.ros.time.RemoteUptimeClock update
INFO: Latency: 31,0000 s, Delta ratio: 0,5000, Drift: 2,000, Error reduction coefficient: 0,000, Error: 0,0000 s
abr 04, 2013 12:33:16 PM org.ros.time.RemoteUptimeClock update
INFO: Latency: 31,0000 s, Delta ratio: 0,5000, Drift: 2,000, Error reduction coefficient: 0,000, Error: 0,0000 s
abr 04, 2013 12:33:16 PM org.ros.time.RemoteUptimeClock update
INFO: Latency: 31,0000 s, Delta ratio: 0,5000, Drift: 2,000, Error reduction coefficient: 0,000, Error: 0,0000 s
abr 04, 2013 12:33:16 PM org.ros.time.RemoteUptimeClock update
INFO: Latency: 31,0000 s, Delta ratio: 0,5000, Drift: 2,000, Error reduction coefficient: 0,000, Error: 0,0000 s
abr 04, 2013 12:33:16 PM org.ros.time.RemoteUptimeClock update
INFO: Latency: 31,0000 s, Delta ratio: 0,5000, Drift: 2,000, Error reduction coefficient: 0,000, Error: 0,0000 s
abr 04, 2013 12:33:16 PM org.ros.time.RemoteUptimeClock update
INFO: Latency: 31,0000 s, Delta ratio: 0,5000, Drift: 2,000, Error reduction coefficient: 0,000, Error: 0,0000 s
abr 04, 2013 12:33:16 PM org.ros.time.RemoteUptimeClock update
INFO: Latency: 31,0000 s, Delta ratio: 0,5000, Drift: 2,000, Error reduction coefficient: 0,000, Error: 0,0000 s
abr 04, 2013 12:33:16 PM org.ros.time.RemoteUptimeClock update
INFO: Latency: 31,0000 s, Delta ratio: 0,5000, Drift: 2,000, Error reduction coefficient: 0,000, Error: 0,0000 s
abr 04, 2013 12:33:16 PM org.ros.time.RemoteUptimeClock update
INFO: Latency: 31,0000 s, Delta ratio: 0,5000, Drift: 2,000, Error reduction coefficient: 0,000, Error: 0,0000 s
abr 04, 2013 12:33:16 PM org.ros.time.RemoteUptimeClock update
INFO: Latency: 31,0000 s, Delta ratio: 0,5000, Drift: 2,000, Error reduction coefficient: 0,000, Error: 0,0000 s
abr 04, 2013 12:33:16 PM org.ros.time.RemoteUptimeClock update
INFO: Latency: 31,0000 s, Delta ratio: 0,5000, Drift: 2,000, Error reduction coefficient: 0,000, Error: 0,0000 s
abr 04, 2013 12:33:16 PM org.ros.time.RemoteUptimeClock update
INFO: Latency: 31,0000 s, Delta ratio: 0,5000, Drift: 2,000, Error reduction coefficient: 0,000, Error: 0,0000 s
abr 04, 2013 12:33:16 PM org.ros.time.RemoteUptimeClock update
INFO: Latency: 31,0000 s, Delta ratio: 0,5000, Drift: 2,000, Error reduction coefficient: 0,000, Error: 0,0000 s
abr 04, 2013 12:33:16 PM org.ros.time.RemoteUptimeClock update
INFO: Latency: 31,0000 s, Delta ratio: 0,5000, Drift: 2,000, Error reduction coefficient: 0,000, Error: 0,0000 s
abr 04, 2013 12:33:16 PM org.ros.time.RemoteUptimeClock update
INFO: Latency: 31,0000 s, Delta ratio: 0,5000, Drift: 2,000, Error reduction coefficient: 0,000, Error: 0,0000 s
abr 04, 2013 12:33:16 PM org.ros.time.RemoteUptimeClock update
INFO: Latency: 31,0000 s, Delta ratio: 0,5000, Drift: 2,000, Error reduction coefficient: 0,000, Error: 0,0000 s
abr 04, 2013 12:33:16 PM org.ros.time.RemoteUptimeClock update
INFO: Latency: 31,0000 s, Delta ratio: 0,5000, Drift: 2,000, Error reduction coefficient: 0,000, Error: 0,0000 s
abr 04, 2013 12:33:16 PM org.ros.time.RemoteUptimeClock update
INFO: Latency: 31,0000 s, Delta ratio: 0,5000, Drift: 2,000, Error reduction coefficient: 0,000, Error: 0,0000 s
abr 04, 2013 12:33:16 PM org.ros.time.RemoteUptimeClock update
INFO: Latency: 31,0000 s, Delta ratio: 0,5000, Drift: 2,000, Error reduction coefficient: 0,000, Error: 0,0000 s
abr 04, 2013 12:33:16 PM org.ros.time.RemoteUptimeClock update
INFO: Latency: 31,0000 s, Delta ratio: 0,5000, Drift: 2,000, Error reduction coefficient: 0,000, Error: 0,0000 s
abr 04, 2013 12:33:16 PM org.ros.time.RemoteUptimeClock update
INFO: Latency: 31,0000 s, Delta ratio: 0,5000, Drift: 2,000, Error reduction coefficient: 0,000, Error: 0,0000 s
abr 04, 2013 12:33:16 PM org.ros.time.RemoteUptimeClock update
INFO: Latency: 31,0000 s, Delta ratio: 0,5000, Drift: 2,000, Error reduction coefficient: 0,000, Error: 0,0000 s
abr 04, 2013 12:33:16 PM org.ros.time.RemoteUptimeClock update
INFO: Latency: 31,0000 s, Delta ratio: 0,5000, Drift: 2,000, Error reduction coefficient: 0,000, Error: 0,0000 s
abr 04, 2013 12:33:16 PM org.ros.time.RemoteUptimeClock update
INFO: Latency: 31,0000 s, Delta ratio: 0,5000, Drift: 2,000, Error reduction coefficient: 0,000, Error: 0,0000 s
abr 04, 2013 12:33:16 PM org.ros.time.RemoteUptimeClock update
INFO: Latency: 31,0000 s, Delta ratio: 0,5000, Drift: 2,000, Error reduction coefficient: 0,000, Error: 0,0000 s
abr 04, 2013 12:33:16 PM org.ros.time.RemoteUptimeClock update
INFO: Latency: 31,0000 s, Delta ratio: 0,5000, Drift: 2,000, Error reduction coefficient: 0,000, Error: 0,0000 s
abr 04, 2013 12:33:16 PM org.ros.time.RemoteUptimeClock update
INFO: Latency: 31,0000 s, Delta ratio: 0,5000, Drift: 2,000, Error reduction coefficient: 0,000, Error: 0,0000 s
abr 04, 2013 12:33:16 PM org.ros.time.RemoteUptimeClock update
INFO: Latency: 31,0000 s, Delta ratio: 0,5000, Drift: 2,000, Error reduction coefficient: 0,000, Error: 0,0000 s
abr 04, 2013 12:33:16 PM org.ros.time.RemoteUptimeClock update
INFO: Latency: 31,0000 s, Delta ratio: 0,5000, Drift: 2,000, Error reduction coefficient: 0,000, Error: 0,0000 s
abr 04, 2013 12:33:16 PM org.ros.time.RemoteUptimeClock update
INFO: Latency: 31,0000 s, Delta ratio: 0,5000, Drift: 2,000, Error reduction coefficient: 0,000, Error: 0,0000 s
abr 04, 2013 12:33:16 PM org.ros.time.RemoteUptimeClock update
INFO: Latency: 31,0000 s, Delta ratio: 0,5000, Drift: 2,000, Error reduction coefficient: 0,000, Error: 0,0000 s
abr 04, 2013 12:33:16 PM org.ros.time.RemoteUptimeClock update
INFO: Latency: 31,0000 s, Delta ratio: 0,5000, Drift: 2,000, Error reduction coefficient: 0,000, Error: 0,0000 s
abr 04, 2013 12:33:16 PM org.ros.time.RemoteUptimeClock update
INFO: Latency: 31,0000 s, Delta ratio: 0,5000, Drift: 2,000, Error reduction coefficient: 0,000, Error: 0,0000 s
abr 04, 2013 12:33:16 PM org.ros.time.RemoteUptimeClock update
INFO: Latency: 31,0000 s, Delta ratio: 0,5000, Drift: 2,000, Error reduction coefficient: 0,000, Error: 0,0000 s
abr 04, 2013 12:33:16 PM org.ros.time.RemoteUptimeClock update
INFO: Latency: 31,0000 s, Delta ratio: 0,5000, Drift: 2,000, Error reduction coefficient: 0,000, Error: 0,0000 s
abr 04, 2013 12:33:16 PM org.ros.time.RemoteUptimeClock update
INFO: Latency: 31,0000 s, Delta ratio: 0,5000, Drift: 2,000, Error reduction coefficient: 0,000, Error: 0,0000 s
abr 04, 2013 12:33:16 PM org.ros.time.RemoteUptimeClock update
INFO: Latency: 31,0000 s, Delta ratio: 0,5000, Drift: 2,000, Error reduction coefficient: 0,000, Error: 0,0000 s
abr 04, 2013 12:33:16 PM org.ros.time.RemoteUptimeClock update
INFO: Latency: 31,0000 s, Delta ratio: 0,5000, Drift: 2,000, Error reduction coefficient: 0,000, Error: 0,0000 s
abr 04, 2013 12:33:16 PM org.ros.time.RemoteUptimeClock update
INFO: Latency: 31,0000 s, Delta ratio: 0,5000, Drift: 2,000, Error reduction coefficient: 0,000, Error: 0,0000 s
abr 04, 2013 12:33:16 PM org.ros.time.RemoteUptimeClock update
INFO: Latency: 31,0000 s, Delta ratio: 0,5000, Drift: 2,000, Error reduction coefficient: 0,000, Error: 0,0000 s
abr 04, 2013 12:33:16 PM org.ros.time.RemoteUptimeClock update
INFO: Latency: 31,0000 s, Delta ratio: 0,5000, Drift: 2,000, Error reduction coefficient: 0,000, Error: 0,0000 s
abr 04, 2013 12:33:16 PM org.ros.time.RemoteUptimeClock update
INFO: Latency: 31,0000 s, Delta ratio: 0,5000, Drift: 2,000, Error reduction coefficient: 0,000, Error: 0,0000 s
abr 04, 2013 12:33:16 PM org.ros.time.RemoteUptimeClock update
INFO: Latency: 31,0000 s, Delta ratio: 0,5000, Drift: 2,000, Error reduction coefficient: 0,000, Error: 0,0000 s
abr 04, 2013 12:33:16 PM org.ros.time.RemoteUptimeClock update
INFO: Latency: 31,0000 s, Delta ratio: 0,5000, Drift: 2,000, Error reduction coefficient: 0,000, Error: 0,0000 s
abr 04, 2013 12:33:16 PM org.ros.time.RemoteUptimeClock update
INFO: Latency: 31,0000 s, Delta ratio: 0,5000, Drift: 2,000, Error reduction coefficient: 0,000, Error: 0,0000 s
abr 04, 2013 12:33:16 PM org.ros.time.RemoteUptimeClock update
INFO: Latency: 31,0000 s, Delta ratio: 0,5000, Drift: 2,000, Error reduction coefficient: 0,000, Error: 0,0000 s
abr 04, 2013 12:33:16 PM org.ros.time.RemoteUptimeClock update
INFO: Latency: 31,0000 s, Delta ratio: 0,5000, Drift: 2,000, Error reduction coefficient: 0,000, Error: 0,0000 s
abr 04, 2013 12:33:16 PM org.ros.time.RemoteUptimeClock update
INFO: Latency: 31,0000 s, Delta ratio: 0,5000, Drift: 2,000, Error reduction coefficient: 0,000, Error: 0,0000 s
abr 04, 2013 12:33:16 PM org.ros.time.RemoteUptimeClock update
INFO: Latency: 31,0000 s, Delta ratio: 0,5000, Drift: 2,000, Error reduction coefficient: 0,000, Error: 0,0000 s
abr 04, 2013 12:33:16 PM org.ros.time.RemoteUptimeClock update
INFO: Latency: 31,0000 s, Delta ratio: 0,5000, Drift: 2,000, Error reduction coefficient: 0,000, Error: 0,0000 s
abr 04, 2013 12:33:16 PM org.ros.time.RemoteUptimeClock update
INFO: Latency: 31,0000 s, Delta ratio: 0,5000, Drift: 2,000, Error reduction coefficient: 0,000, Error: 0,0000 s
abr 04, 2013 12:33:16 PM org.ros.time.RemoteUptimeClock update
INFO: Latency: 31,0000 s, Delta ratio: 0,5000, Drift: 2,000, Error reduction coefficient: 0,000, Error: 0,0000 s
abr 04, 2013 12:33:16 PM org.ros.time.RemoteUptimeClock update
INFO: Latency: 31,0000 s, Delta ratio: 0,5000, Drift: 2,000, Error reduction coefficient: 0,000, Error: 0,0000 s
abr 04, 2013 12:33:16 PM org.ros.time.RemoteUptimeClock update
INFO: Latency: 31,0000 s, Delta ratio: 0,5000, Drift: 2,000, Error reduction coefficient: 0,000, Error: 0,0000 s
abr 04, 2013 12:33:16 PM org.ros.time.RemoteUptimeClock update
INFO: Latency: 31,0000 s, Delta ratio: 0,5000, Drift: 2,000, Error reduction coefficient: 0,000, Error: 0,0000 s
abr 04, 2013 12:33:16 PM org.ros.time.RemoteUptimeClock update
INFO: Latency: 31,0000 s, Delta ratio: 0,5000, Drift: 2,000, Error reduction coefficient: 0,000, Error: 0,0000 s
abr 04, 2013 12:33:16 PM org.ros.time.RemoteUptimeClock update
INFO: Latency: 31,0000 s, Delta ratio: 0,5000, Drift: 2,000, Error reduction coefficient: 0,000, Error: 0,0000 s
abr 04, 2013 12:33:16 PM org.ros.time.RemoteUptimeClock update
INFO: Latency: 31,0000 s, Delta ratio: 0,5000, Drift: 2,000, Error reduction coefficient: 0,000, Error: 0,0000 s
abr 04, 2013 12:33:16 PM org.ros.time.RemoteUptimeClock update
INFO: Latency: 31,0000 s, Delta ratio: 0,5000, Drift: 2,000, Error reduction coefficient: 0,000, Error: 0,0000 s
abr 04, 2013 12:33:16 PM org.ros.time.RemoteUptimeClock update
INFO: Latency: 31,0000 s, Delta ratio: 0,5000, Drift: 2,000, Error reduction coefficient: 0,000, Error: 0,0000 s
abr 04, 2013 12:33:16 PM org.ros.time.RemoteUptimeClock update
INFO: Latency: 31,0000 s, Delta ratio: 0,5000, Drift: 2,000, Error reduction coefficient: 0,000, Error: 0,0000 s
abr 04, 2013 12:33:16 PM org.ros.time.RemoteUptimeClock update
INFO: Latency: 31,0000 s, Delta ratio: 0,5000, Drift: 2,000, Error reduction coefficient: 0,000, Error: 0,0000 s
abr 04, 2013 12:33:16 PM org.ros.time.RemoteUptimeClock update
INFO: Latency: 31,0000 s, Delta ratio: 0,5000, Drift: 2,000, Error reduction coefficient: 0,000, Error: 0,0000 s
abr 04, 2013 12:33:16 PM org.ros.time.RemoteUptimeClock update
INFO: Latency: 31,0000 s, Delta ratio: 0,5000, Drift: 2,000, Error reduction coefficient: 0,000, Error: 0,0000 s
abr 04, 2013 12:33:16 PM org.ros.time.RemoteUptimeClock update
INFO: Latency: 31,0000 s, Delta ratio: 0,5000, Drift: 2,000, Error reduction coefficient: 0,000, Error: 0,0000 s
abr 04, 2013 12:33:16 PM org.ros.time.RemoteUptimeClock update
INFO: Latency: 31,0000 s, Delta ratio: 0,5000, Drift: 2,000, Error reduction coefficient: 0,000, Error: 0,0000 s
abr 04, 2013 12:33:16 PM org.ros.time.RemoteUptimeClock update
INFO: Latency: 31,0000 s, Delta ratio: 0,5000, Drift: 2,000, Error reduction coefficient: 0,000, Error: 0,0000 s
abr 04, 2013 12:33:16 PM org.ros.time.RemoteUptimeClock update
INFO: Latency: 31,0000 s, Delta ratio: 0,5000, Drift: 2,000, Error reduction coefficient: 0,000, Error: 0,0000 s
abr 04, 2013 12:33:16 PM org.ros.time.RemoteUptimeClock update
INFO: Latency: 31,0000 s, Delta ratio: 0,5000, Drift: 2,000, Error reduction coefficient: 0,000, Error: 0,0000 s
abr 04, 2013 12:33:16 PM org.ros.time.RemoteUptimeClock update
INFO: Latency: 31,0000 s, Delta ratio: 0,5000, Drift: 2,000, Error reduction coefficient: 0,000, Error: 0,0000 s
abr 04, 2013 12:33:16 PM org.ros.time.RemoteUptimeClock update
INFO: Latency: 31,0000 s, Delta ratio: 0,5000, Drift: 2,000, Error reduction coefficient: 0,000, Error: 0,0000 s
abr 04, 2013 12:33:16 PM org.ros.time.RemoteUptimeClock update
INFO: Latency: 31,0000 s, Delta ratio: 0,5000, Drift: 2,000, Error reduction coefficient: 0,000, Error: 0,0000 s
abr 04, 2013 12:33:16 PM org.ros.time.RemoteUptimeClock update
INFO: Latency: 31,0000 s, Delta ratio: 0,5000, Drift: 2,000, Error reduction coefficient: 0,000, Error: 0,0000 s
abr 04, 2013 12:33:16 PM org.ros.time.RemoteUptimeClock update
INFO: Latency: 31,0000 s, Delta ratio: 0,5000, Drift: 2,000, Error reduction coefficient: 0,000, Error: 0,0000 s
abr 04, 2013 12:33:16 PM org.ros.time.RemoteUptimeClock update
INFO: Latency: 31,0000 s, Delta ratio: 0,5000, Drift: 2,000, Error reduction coefficient: 0,000, Error: 0,0000 s
abr 04, 2013 12:33:16 PM org.ros.time.RemoteUptimeClock update
INFO: Latency: 31,0000 s, Delta ratio: 0,5000, Drift: 2,000, Error reduction coefficient: 0,000, Error: 0,0000 s
abr 04, 2013 12:33:16 PM org.ros.time.RemoteUptimeClock update
INFO: Latency: 31,0000 s, Delta ratio: 0,5000, Drift: 2,000, Error reduction coefficient: 0,000, Error: 0,0000 s
abr 04, 2013 12:33:16 PM org.ros.time.RemoteUptimeClock update
INFO: Latency: 31,0000 s, Delta ratio: 0,5000, Drift: 2,000, Error reduction coefficient: 0,000, Error: 0,0000 s
abr 04, 2013 12:33:16 PM org.ros.time.RemoteUptimeClock update
INFO: Latency: 31,0000 s, Delta ratio: 0,5000, Drift: 2,000, Error reduction coefficient: 0,000, Error: 0,0000 s
abr 04, 2013 12:33:16 PM org.ros.time.RemoteUptimeClock update
INFO: Latency: 31,0000 s, Delta ratio: 0,5000, Drift: 2,000, Error reduction coefficient: 0,000, Error: 0,0000 s
abr 04, 2013 12:33:16 PM org.ros.time.RemoteUptimeClock update
INFO: Latency: 31,0000 s, Delta ratio: 0,5000, Drift: 2,000, Error reduction coefficient: 0,000, Error: 0,0000 s
abr 04, 2013 12:33:16 PM org.ros.time.RemoteUptimeClock update
INFO: Latency: 31,0000 s, Delta ratio: 0,5000, Drift: 2,000, Error reduction coefficient: 0,000, Error: 0,0000 s
abr 04, 2013 12:33:16 PM org.ros.time.RemoteUptimeClock update
INFO: Latency: 31,0000 s, Delta ratio: 0,5000, Drift: 2,000, Error reduction coefficient: 0,000, Error: 0,0000 s
abr 04, 2013 12:33:16 PM org.ros.time.RemoteUptimeClock update
INFO: Latency: 31,0000 s, Delta ratio: 0,5000, Drift: 2,000, Error reduction coefficient: 0,000, Error: 0,0000 s
abr 04, 2013 12:33:16 PM org.ros.time.RemoteUptimeClock update
INFO: Latency: 31,0000 s, Delta ratio: 0,5000, Drift: 2,000, Error reduction coefficient: 0,000, Error: 0,0000 s
abr 04, 2013 12:33:16 PM org.ros.time.RemoteUptimeClock update
INFO: Latency: 31,0000 s, Delta ratio: 0,5000, Drift: 2,000, Error reduction coefficient: 0,000, Error: 0,0000 s
abr 04, 2013 12:33:16 PM org.ros.time.RemoteUptimeClock update
INFO: Latency: 31,0000 s, Delta ratio: 0,5000, Drift: 2,000, Error reduction coefficient: 0,000, Error: 0,0000 s
abr 04, 2013 12:33:16 PM org.ros.time.RemoteUptimeClock update
INFO: Latency: 31,0000 s, Delta ratio: 0,5000, Drift: 2,000, Error reduction coefficient: 0,000, Error: 0,0000 s
abr 04, 2013 12:33:16 PM org.ros.time.RemoteUptimeClock update
INFO: Latency: 31,0000 s, Delta ratio: 0,5000, Drift: 2,000, Error reduction coefficient: 0,000, Error: 0,0000 s
abr 04, 2013 12:33:16 PM org.ros.time.RemoteUptimeClock update
INFO: Latency: 31,0000 s, Delta ratio: 0,5000, Drift: 2,000, Error reduction coefficient: 0,000, Error: 0,0000 s
abr 04, 2013 12:33:16 PM org.ros.time.RemoteUptimeClock update
INFO: Latency: 31,0000 s, Delta ratio: 0,5000, Drift: 2,000, Error reduction coefficient: 0,000, Error: 0,0000 s
abr 04, 2013 12:33:16 PM org.ros.time.RemoteUptimeClock update
INFO: Latency: 31,0000 s, Delta ratio: 0,5000, Drift: 2,000, Error reduction coefficient: 0,000, Error: 0,0000 s
abr 04, 2013 12:33:16 PM org.ros.time.RemoteUptimeClock update
INFO: Latency: 31,0000 s, Delta ratio: 0,5000, Drift: 2,000, Error reduction coefficient: 0,000, Error: 0,0000 s
abr 04, 2013 12:33:16 PM org.ros.time.RemoteUptimeClock update
INFO: Latency: 31,0000 s, Delta ratio: 0,5000, Drift: 2,000, Error reduction coefficient: 0,000, Error: 0,0000 s
abr 04, 2013 12:33:16 PM org.ros.time.RemoteUptimeClock update
INFO: Latency: 31,0000 s, Delta ratio: 0,5000, Drift: 2,000, Error reduction coefficient: 0,000, Error: 0,0000 s
abr 04, 2013 12:33:16 PM org.ros.time.RemoteUptimeClock update
INFO: Latency: 31,0000 s, Delta ratio: 0,5000, Drift: 2,000, Error reduction coefficient: 0,000, Error: 0,0000 s
abr 04, 2013 12:33:16 PM org.ros.time.RemoteUptimeClock update
INFO: Latency: 31,0000 s, Delta ratio: 0,5000, Drift: 2,000, Error reduction coefficient: 0,000, Error: 0,0000 s
abr 04, 2013 12:33:16 PM org.ros.time.RemoteUptimeClock update
INFO: Latency: 31,0000 s, Delta ratio: 0,5000, Drift: 2,000, Error reduction coefficient: 0,000, Error: 0,0000 s
abr 04, 2013 12:33:16 PM org.ros.time.RemoteUptimeClock update
INFO: Latency: 31,0000 s, Delta ratio: 0,5000, Drift: 2,000, Error reduction coefficient: 0,000, Error: 0,0000 s
abr 04, 2013 12:33:16 PM org.ros.time.RemoteUptimeClock update
INFO: Latency: 31,0000 s, Delta ratio: 0,5000, Drift: 2,000, Error reduction coefficient: 0,000, Error: 0,0000 s
abr 04, 2013 12:33:16 PM org.ros.time.RemoteUptimeClock update
INFO: Latency: 31,0000 s, Delta ratio: 0,5000, Drift: 2,000, Error reduction coefficient: 0,000, Error: 0,0000 s
abr 04, 2013 12:33:16 PM org.ros.time.RemoteUptimeClock update
INFO: Latency: 31,0000 s, Delta ratio: 0,5000, Drift: 2,000, Error reduction coefficient: 0,000, Error: 0,0000 s
abr 04, 2013 12:33:16 PM org.ros.time.RemoteUptimeClock update
INFO: Latency: 31,0000 s, Delta ratio: 0,5000, Drift: 2,000, Error reduction coefficient: 0,000, Error: 0,0000 s
abr 04, 2013 12:33:16 PM org.ros.time.RemoteUptimeClock update
INFO: Latency: 31,0000 s, Delta ratio: 0,5000, Drift: 2,000, Error reduction coefficient: 0,000, Error: 0,0000 s
abr 04, 2013 12:33:16 PM org.ros.time.RemoteUptimeClock update
INFO: Latency: 31,0000 s, Delta ratio: 0,5000, Drift: 2,000, Error reduction coefficient: 0,000, Error: 0,0000 s
abr 04, 2013 12:33:16 PM org.ros.time.RemoteUptimeClock update
INFO: Latency: 31,0000 s, Delta ratio: 0,5000, Drift: 2,000, Error reduction coefficient: 0,000, Error: 0,0000 s
abr 04, 2013 12:33:16 PM org.ros.time.RemoteUptimeClock update
INFO: Latency: 31,0000 s, Delta ratio: 0,5000, Drift: 2,000, Error reduction coefficient: 0,000, Error: 0,0000 s
abr 04, 2013 12:33:16 PM org.ros.time.RemoteUptimeClock update
INFO: Latency: 31,0000 s, Delta ratio: 0,5000, Drift: 2,000, Error reduction coefficient: 0,000, Error: 0,0000 s
abr 04, 2013 12:33:16 PM org.ros.time.RemoteUptimeClock update
INFO: Latency: 31,0000 s, Delta ratio: 0,5000, Drift: 2,000, Error reduction coefficient: 0,000, Error: 0,0000 s
abr 04, 2013 12:33:16 PM org.ros.time.RemoteUptimeClock update
INFO: Latency: 31,0000 s, Delta ratio: 0,5000, Drift: 2,000, Error reduction coefficient: 0,000, Error: 0,0000 s
abr 04, 2013 12:33:16 PM org.ros.time.RemoteUptimeClock update
INFO: Latency: 31,0000 s, Delta ratio: 0,5000, Drift: 2,000, Error reduction coefficient: 0,000, Error: 0,0000 s
abr 04, 2013 12:33:16 PM org.ros.time.RemoteUptimeClock update
INFO: Latency: 31,0000 s, Delta ratio: 0,5000, Drift: 2,000, Error reduction coefficient: 0,000, Error: 0,0000 s
abr 04, 2013 12:33:16 PM org.ros.time.RemoteUptimeClock update
INFO: Latency: 31,0000 s, Delta ratio: 0,5000, Drift: 2,000, Error reduction coefficient: 0,000, Error: 0,0000 s
abr 04, 2013 12:33:16 PM org.ros.time.RemoteUptimeClock update
INFO: Latency: 31,0000 s, Delta ratio: 0,5000, Drift: 2,000, Error reduction coefficient: 0,000, Error: 0,0000 s
abr 04, 2013 12:33:16 PM org.ros.time.RemoteUptimeClock update
INFO: Latency: 31,0000 s, Delta ratio: 0,5000, Drift: 2,000, Error reduction coefficient: 0,000, Error: 0,0000 s
abr 04, 2013 12:33:16 PM org.ros.time.RemoteUptimeClock update
INFO: Latency: 31,0000 s, Delta ratio: 0,5000, Drift: 2,000, Error reduction coefficient: 0,000, Error: 0,0000 s
abr 04, 2013 12:33:16 PM org.ros.time.RemoteUptimeClock update
INFO: Latency: 31,0000 s, Delta ratio: 0,5000, Drift: 2,000, Error reduction coefficient: 0,000, Error: 0,0000 s
abr 04, 2013 12:33:16 PM org.ros.time.RemoteUptimeClock update
INFO: Latency: 31,0000 s, Delta ratio: 0,5000, Drift: 2,000, Error reduction coefficient: 0,000, Error: 0,0000 s
abr 04, 2013 12:33:16 PM org.ros.time.RemoteUptimeClock update
INFO: Latency: 31,0000 s, Delta ratio: 0,5000, Drift: 2,000, Error reduction coefficient: 0,000, Error: 0,0000 s
abr 04, 2013 12:33:16 PM org.ros.time.RemoteUptimeClock update
INFO: Latency: 31,0000 s, Delta ratio: 0,5000, Drift: 2,000, Error reduction coefficient: 0,000, Error: 0,0000 s
abr 04, 2013 12:33:16 PM org.ros.time.RemoteUptimeClock update
INFO: Latency: 31,0000 s, Delta ratio: 0,5000, Drift: 2,000, Error reduction coefficient: 0,000, Error: 0,0000 s
abr 04, 2013 12:33:16 PM org.ros.time.RemoteUptimeClock update
INFO: Latency: 31,0000 s, Delta ratio: 0,5000, Drift: 2,000, Error reduction coefficient: 0,000, Error: 0,0000 s
abr 04, 2013 12:33:16 PM org.ros.time.RemoteUptimeClock update
INFO: Latency: 31,0000 s, Delta ratio: 0,5000, Drift: 2,000, Error reduction coefficient: 0,000, Error: 0,0000 s
abr 04, 2013 12:33:16 PM org.ros.time.RemoteUptimeClock update
INFO: Latency: 31,0000 s, Delta ratio: 0,5000, Drift: 2,000, Error reduction coefficient: 0,000, Error: 0,0000 s
abr 04, 2013 12:33:16 PM org.ros.time.RemoteUptimeClock update
INFO: Latency: 31,0000 s, Delta ratio: 0,5000, Drift: 2,000, Error reduction coefficient: 0,000, Error: 0,0000 s
abr 04, 2013 12:33:16 PM org.ros.time.RemoteUptimeClock update
INFO: Latency: 31,0000 s, Delta ratio: 0,5000, Drift: 2,000, Error reduction coefficient: 0,000, Error: 0,0000 s
abr 04, 2013 12:33:16 PM org.ros.time.RemoteUptimeClock update
INFO: Latency: 31,0000 s, Delta ratio: 0,5000, Drift: 2,000, Error reduction coefficient: 0,000, Error: 0,0000 s
abr 04, 2013 12:33:16 PM org.ros.time.RemoteUptimeClock update
INFO: Latency: 31,0000 s, Delta ratio: 0,5000, Drift: 2,000, Error reduction coefficient: 0,000, Error: 0,0000 s
abr 04, 2013 12:33:16 PM org.ros.time.RemoteUptimeClock update
INFO: Latency: 31,0000 s, Delta ratio: 0,5000, Drift: 2,000, Error reduction coefficient: 0,000, Error: 0,0000 s
abr 04, 2013 12:33:16 PM org.ros.time.RemoteUptimeClock update
INFO: Latency: 31,0000 s, Delta ratio: 0,5000, Drift: 2,000, Error reduction coefficient: 0,000, Error: 0,0000 s
abr 04, 2013 12:33:16 PM org.ros.time.RemoteUptimeClock update
INFO: Latency: 31,0000 s, Delta ratio: 0,5000, Drift: 2,000, Error reduction coefficient: 0,000, Error: 0,0000 s
abr 04, 2013 12:33:16 PM org.ros.time.RemoteUptimeClock update
INFO: Latency: 31,0000 s, Delta ratio: 0,5000, Drift: 2,000, Error reduction coefficient: 0,000, Error: 0,0000 s
abr 04, 2013 12:33:16 PM org.ros.time.RemoteUptimeClock update
INFO: Latency: 31,0000 s, Delta ratio: 0,5000, Drift: 2,000, Error reduction coefficient: 0,000, Error: 0,0000 s
abr 04, 2013 12:33:16 PM org.ros.time.RemoteUptimeClock update
INFO: Latency: 31,0000 s, Delta ratio: 0,5000, Drift: 2,000, Error reduction coefficient: 0,000, Error: 0,0000 s
abr 04, 2013 12:33:16 PM org.ros.time.RemoteUptimeClock update
INFO: Latency: 31,0000 s, Delta ratio: 0,5000, Drift: 2,000, Error reduction coefficient: 0,000, Error: 0,0000 s
abr 04, 2013 12:33:16 PM org.ros.time.RemoteUptimeClock update
INFO: Latency: 31,0000 s, Delta ratio: 0,5000, Drift: 2,000, Error reduction coefficient: 0,000, Error: 0,0000 s
abr 04, 2013 12:33:16 PM org.ros.time.RemoteUptimeClock update
INFO: Latency: 31,0000 s, Delta ratio: 0,5000, Drift: 2,000, Error reduction coefficient: 0,000, Error: 0,0000 s
abr 04, 2013 12:33:16 PM org.ros.time.RemoteUptimeClock update
INFO: Latency: 31,0000 s, Delta ratio: 0,5000, Drift: 2,000, Error reduction coefficient: 0,000, Error: 0,0000 s
abr 04, 2013 12:33:16 PM org.ros.time.RemoteUptimeClock update
INFO: Latency: 31,0000 s, Delta ratio: 0,5000, Drift: 2,000, Error reduction coefficient: 0,000, Error: 0,0000 s
abr 04, 2013 12:33:16 PM org.ros.time.RemoteUptimeClock update
INFO: Latency: 31,0000 s, Delta ratio: 0,5000, Drift: 2,000, Error reduction coefficient: 0,000, Error: 0,0000 s
abr 04, 2013 12:33:16 PM org.ros.time.RemoteUptimeClock update
INFO: Latency: 31,0000 s, Delta ratio: 0,5000, Drift: 2,000, Error reduction coefficient: 0,000, Error: 0,0000 s
abr 04, 2013 12:33:16 PM org.ros.time.RemoteUptimeClock update
INFO: Latency: 31,0000 s, Delta ratio: 0,5000, Drift: 2,000, Error reduction coefficient: 0,000, Error: 0,0000 s
abr 04, 2013 12:33:16 PM org.ros.time.RemoteUptimeClock update
INFO: Latency: 31,0000 s, Delta ratio: 0,5000, Drift: 2,000, Error reduction coefficient: 0,000, Error: 0,0000 s
abr 04, 2013 12:33:16 PM org.ros.time.RemoteUptimeClock update
INFO: Latency: 31,0000 s, Delta ratio: 0,5000, Drift: 2,000, Error reduction coefficient: 0,000, Error: 0,0000 s
abr 04, 2013 12:33:16 PM org.ros.time.RemoteUptimeClock update
INFO: Latency: 31,0000 s, Delta ratio: 0,5000, Drift: 2,000, Error reduction coefficient: 0,000, Error: 0,0000 s
abr 04, 2013 12:33:16 PM org.ros.time.RemoteUptimeClock update
INFO: Latency: 31,0000 s, Delta ratio: 0,5000, Drift: 2,000, Error reduction coefficient: 0,000, Error: 0,0000 s
abr 04, 2013 12:33:16 PM org.ros.time.RemoteUptimeClock update
INFO: Latency: 31,0000 s, Delta ratio: 0,5000, Drift: 2,000, Error reduction coefficient: 0,000, Error: 0,0000 s
abr 04, 2013 12:33:16 PM org.ros.time.RemoteUptimeClock update
INFO: Latency: 31,0000 s, Delta ratio: 0,5000, Drift: 2,000, Error reduction coefficient: 0,000, Error: 0,0000 s
abr 04, 2013 12:33:16 PM org.ros.time.RemoteUptimeClock update
INFO: Latency: 31,0000 s, Delta ratio: 0,5000, Drift: 2,000, Error reduction coefficient: 0,000, Error: 0,0000 s
abr 04, 2013 12:33:16 PM org.ros.time.RemoteUptimeClock update
INFO: Latency: 31,0000 s, Delta ratio: 0,5000, Drift: 2,000, Error reduction coefficient: 0,000, Error: 0,0000 s
abr 04, 2013 12:33:16 PM org.ros.time.RemoteUptimeClock update
INFO: Latency: 31,0000 s, Delta ratio: 0,5000, Drift: 2,000, Error reduction coefficient: 0,000, Error: 0,0000 s
abr 04, 2013 12:33:16 PM org.ros.time.RemoteUptimeClock update
INFO: Latency: 31,0000 s, Delta ratio: 0,5000, Drift: 2,000, Error reduction coefficient: 0,000, Error: 0,0000 s
abr 04, 2013 12:33:16 PM org.ros.time.RemoteUptimeClock update
INFO: Latency: 31,0000 s, Delta ratio: 0,5000, Drift: 2,000, Error reduction coefficient: 0,000, Error: 0,0000 s
abr 04, 2013 12:33:16 PM org.ros.time.RemoteUptimeClock update
INFO: Latency: 31,0000 s, Delta ratio: 0,5000, Drift: 2,000, Error reduction coefficient: 0,000, Error: 0,0000 s
abr 04, 2013 12:33:16 PM org.ros.time.RemoteUptimeClock update
INFO: Latency: 31,0000 s, Delta ratio: 0,5000, Drift: 2,000, Error reduction coefficient: 0,000, Error: 0,0000 s
abr 04, 2013 12:33:16 PM org.ros.time.RemoteUptimeClock update
INFO: Latency: 31,0000 s, Delta ratio: 0,5000, Drift: 2,000, Error reduction coefficient: 0,000, Error: 0,0000 s
abr 04, 2013 12:33:16 PM org.ros.time.RemoteUptimeClock update
INFO: Latency: 31,0000 s, Delta ratio: 0,5000, Drift: 2,000, Error reduction coefficient: 0,000, Error: 0,0000 s
abr 04, 2013 12:33:16 PM org.ros.time.RemoteUptimeClock update
INFO: Latency: 31,0000 s, Delta ratio: 0,5000, Drift: 2,000, Error reduction coefficient: 0,000, Error: 0,0000 s
abr 04, 2013 12:33:16 PM org.ros.time.RemoteUptimeClock update
INFO: Latency: 31,0000 s, Delta ratio: 0,5000, Drift: 2,000, Error reduction coefficient: 0,000, Error: 0,0000 s
abr 04, 2013 12:33:16 PM org.ros.time.RemoteUptimeClock update
INFO: Latency: 31,0000 s, Delta ratio: 0,5000, Drift: 2,000, Error reduction coefficient: 0,000, Error: 0,0000 s
abr 04, 2013 12:33:16 PM org.ros.time.RemoteUptimeClock update
INFO: Latency: 31,0000 s, Delta ratio: 0,5000, Drift: 2,000, Error reduction coefficient: 0,000, Error: 0,0000 s
abr 04, 2013 12:33:16 PM org.ros.time.RemoteUptimeClock update
INFO: Latency: 31,0000 s, Delta ratio: 0,5000, Drift: 2,000, Error reduction coefficient: 0,000, Error: 0,0000 s
abr 04, 2013 12:33:16 PM org.ros.time.RemoteUptimeClock update
INFO: Latency: 31,0000 s, Delta ratio: 0,5000, Drift: 2,000, Error reduction coefficient: 0,000, Error: 0,0000 s
abr 04, 2013 12:33:16 PM org.ros.time.RemoteUptimeClock update
INFO: Latency: 31,0000 s, Delta ratio: 0,5000, Drift: 2,000, Error reduction coefficient: 0,000, Error: 0,0000 s
abr 04, 2013 12:33:16 PM org.ros.time.RemoteUptimeClock update
INFO: Latency: 31,0000 s, Delta ratio: 0,5000, Drift: 2,000, Error reduction coefficient: 0,000, Error: 0,0000 s
abr 04, 2013 12:33:16 PM org.ros.time.RemoteUptimeClock update
INFO: Latency: 31,0000 s, Delta ratio: 0,5000, Drift: 2,000, Error reduction coefficient: 0,000, Error: 0,0000 s
abr 04, 2013 12:33:16 PM org.ros.time.RemoteUptimeClock update
INFO: Latency: 31,0000 s, Delta ratio: 0,5000, Drift: 2,000, Error reduction coefficient: 0,000, Error: 0,0000 s
abr 04, 2013 12:33:16 PM org.ros.time.RemoteUptimeClock update
INFO: Latency: 31,0000 s, Delta ratio: 0,5000, Drift: 2,000, Error reduction coefficient: 0,000, Error: 0,0000 s
abr 04, 2013 12:33:16 PM org.ros.time.RemoteUptimeClock update
INFO: Latency: 31,0000 s, Delta ratio: 0,5000, Drift: 2,000, Error reduction coefficient: 0,000, Error: 0,0000 s
abr 04, 2013 12:33:16 PM org.ros.time.RemoteUptimeClock update
INFO: Latency: 31,0000 s, Delta ratio: 0,5000, Drift: 2,000, Error reduction coefficient: 0,000, Error: 0,0000 s
abr 04, 2013 12:33:16 PM org.ros.time.RemoteUptimeClock update
INFO: Latency: 31,0000 s, Delta ratio: 0,5000, Drift: 2,000, Error reduction coefficient: 0,000, Error: 0,0000 s
abr 04, 2013 12:33:16 PM org.ros.time.RemoteUptimeClock update
INFO: Latency: 31,0000 s, Delta ratio: 0,5000, Drift: 2,000, Error reduction coefficient: 0,000, Error: 0,0000 s
abr 04, 2013 12:33:16 PM org.ros.time.RemoteUptimeClock update
INFO: Latency: 31,0000 s, Delta ratio: 0,5000, Drift: 2,000, Error reduction coefficient: 0,000, Error: 0,0000 s
abr 04, 2013 12:33:16 PM org.ros.time.RemoteUptimeClock update
INFO: Latency: 31,0000 s, Delta ratio: 0,5000, Drift: 2,000, Error reduction coefficient: 0,000, Error: 0,0000 s
abr 04, 2013 12:33:16 PM org.ros.time.RemoteUptimeClock update
INFO: Latency: 31,0000 s, Delta ratio: 0,5000, Drift: 2,000, Error reduction coefficient: 0,000, Error: 0,0000 s
abr 04, 2013 12:33:16 PM org.ros.time.RemoteUptimeClock update
INFO: Latency: 31,0000 s, Delta ratio: 0,5000, Drift: 2,000, Error reduction coefficient: 0,000, Error: 0,0000 s
abr 04, 2013 12:33:16 PM org.ros.time.RemoteUptimeClock update
INFO: Latency: 31,0000 s, Delta ratio: 0,5000, Drift: 2,000, Error reduction coefficient: 0,000, Error: 0,0000 s
abr 04, 2013 12:33:16 PM org.ros.time.RemoteUptimeClock update
INFO: Latency: 31,0000 s, Delta ratio: 0,5000, Drift: 2,000, Error reduction coefficient: 0,000, Error: 0,0000 s
abr 04, 2013 12:33:16 PM org.ros.time.RemoteUptimeClock update
INFO: Latency: 31,0000 s, Delta ratio: 0,5000, Drift: 2,000, Error reduction coefficient: 0,000, Error: 0,0000 s
abr 04, 2013 12:33:16 PM org.ros.time.RemoteUptimeClock update
INFO: Latency: 31,0000 s, Delta ratio: 0,5000, Drift: 2,000, Error reduction coefficient: 0,000, Error: 0,0000 s
abr 04, 2013 12:33:16 PM org.ros.time.RemoteUptimeClock update
INFO: Latency: 31,0000 s, Delta ratio: 0,5000, Drift: 2,000, Error reduction coefficient: 0,000, Error: 0,0000 s
abr 04, 2013 12:33:16 PM org.ros.time.RemoteUptimeClock update
INFO: Latency: 31,0000 s, Delta ratio: 0,5000, Drift: 2,000, Error reduction coefficient: 0,000, Error: 0,0000 s
abr 04, 2013 12:33:16 PM org.ros.time.RemoteUptimeClock update
INFO: Latency: 31,0000 s, Delta ratio: 0,5000, Drift: 2,000, Error reduction coefficient: 0,000, Error: 0,0000 s
abr 04, 2013 12:33:16 PM org.ros.time.RemoteUptimeClock update
INFO: Latency: 31,0000 s, Delta ratio: 0,5000, Drift: 2,000, Error reduction coefficient: 0,000, Error: 0,0000 s
abr 04, 2013 12:33:16 PM org.ros.time.RemoteUptimeClock update
INFO: Latency: 31,0000 s, Delta ratio: 0,5000, Drift: 2,000, Error reduction coefficient: 0,000, Error: 0,0000 s
abr 04, 2013 12:33:16 PM org.ros.time.RemoteUptimeClock update
INFO: Latency: 31,0000 s, Delta ratio: 0,5000, Drift: 2,000, Error reduction coefficient: 0,000, Error: 0,0000 s
abr 04, 2013 12:33:16 PM org.ros.time.RemoteUptimeClock update
INFO: Latency: 31,0000 s, Delta ratio: 0,5000, Drift: 2,000, Error reduction coefficient: 0,000, Error: 0,0000 s
abr 04, 2013 12:33:16 PM org.ros.time.RemoteUptimeClock update
INFO: Latency: 31,0000 s, Delta ratio: 0,5000, Drift: 2,000, Error reduction coefficient: 0,000, Error: 0,0000 s
abr 04, 2013 12:33:16 PM org.ros.time.RemoteUptimeClock update
INFO: Latency: 31,0000 s, Delta ratio: 0,5000, Drift: 2,000, Error reduction coefficient: 0,000, Error: 0,0000 s
abr 04, 2013 12:33:16 PM org.ros.time.RemoteUptimeClock update
INFO: Latency: 31,0000 s, Delta ratio: 0,5000, Drift: 2,000, Error reduction coefficient: 0,000, Error: 0,0000 s
abr 04, 2013 12:33:16 PM org.ros.time.RemoteUptimeClock update
INFO: Latency: 31,0000 s, Delta ratio: 0,5000, Drift: 2,000, Error reduction coefficient: 0,000, Error: 0,0000 s
abr 04, 2013 12:33:16 PM org.ros.time.RemoteUptimeClock update
INFO: Latency: 31,0000 s, Delta ratio: 0,5000, Drift: 2,000, Error reduction coefficient: 0,000, Error: 0,0000 s
abr 04, 2013 12:33:16 PM org.ros.time.RemoteUptimeClock update
INFO: Latency: 31,0000 s, Delta ratio: 0,5000, Drift: 2,000, Error reduction coefficient: 0,000, Error: 0,0000 s
abr 04, 2013 12:33:16 PM org.ros.time.RemoteUptimeClock update
INFO: Latency: 31,0000 s, Delta ratio: 0,5000, Drift: 2,000, Error reduction coefficient: 0,000, Error: 0,0000 s
abr 04, 2013 12:33:16 PM org.ros.time.RemoteUptimeClock update
INFO: Latency: 31,0000 s, Delta ratio: 0,5000, Drift: 2,000, Error reduction coefficient: 0,000, Error: 0,0000 s
abr 04, 2013 12:33:16 PM org.ros.time.RemoteUptimeClock update
INFO: Latency: 31,0000 s, Delta ratio: 0,5000, Drift: 2,000, Error reduction coefficient: 0,000, Error: 0,0000 s
abr 04, 2013 12:33:16 PM org.ros.time.RemoteUptimeClock update
INFO: Latency: 31,0000 s, Delta ratio: 0,5000, Drift: 2,000, Error reduction coefficient: 0,000, Error: 0,0000 s
abr 04, 2013 12:33:16 PM org.ros.time.RemoteUptimeClock update
INFO: Latency: 31,0000 s, Delta ratio: 0,5000, Drift: 2,000, Error reduction coefficient: 0,000, Error: 0,0000 s
abr 04, 2013 12:33:16 PM org.ros.time.RemoteUptimeClock update
INFO: Latency: 31,0000 s, Delta ratio: 0,5000, Drift: 2,000, Error reduction coefficient: 0,000, Error: 0,0000 s
abr 04, 2013 12:33:16 PM org.ros.time.RemoteUptimeClock update
INFO: Latency: 31,0000 s, Delta ratio: 0,5000, Drift: 2,000, Error reduction coefficient: 0,000, Error: 0,0000 s
abr 04, 2013 12:33:16 PM org.ros.time.RemoteUptimeClock update
INFO: Latency: 31,0000 s, Delta ratio: 0,5000, Drift: 2,000, Error reduction coefficient: 0,000, Error: 0,0000 s
abr 04, 2013 12:33:16 PM org.ros.time.RemoteUptimeClock update
INFO: Latency: 31,0000 s, Delta ratio: 0,5000, Drift: 2,000, Error reduction coefficient: 0,000, Error: 0,0000 s
abr 04, 2013 12:33:16 PM org.ros.time.RemoteUptimeClock update
INFO: Latency: 31,0000 s, Delta ratio: 0,5000, Drift: 2,000, Error reduction coefficient: 0,000, Error: 0,0000 s
abr 04, 2013 12:33:16 PM org.ros.time.RemoteUptimeClock update
INFO: Latency: 31,0000 s, Delta ratio: 0,5000, Drift: 2,000, Error reduction coefficient: 0,000, Error: 0,0000 s
abr 04, 2013 12:33:16 PM org.ros.time.RemoteUptimeClock update
INFO: Latency: 31,0000 s, Delta ratio: 0,5000, Drift: 2,000, Error reduction coefficient: 0,000, Error: 0,0000 s
abr 04, 2013 12:33:16 PM org.ros.time.RemoteUptimeClock update
INFO: Latency: 31,0000 s, Delta ratio: 0,5000, Drift: 2,000, Error reduction coefficient: 0,000, Error: 0,0000 s
abr 04, 2013 12:33:16 PM org.ros.time.RemoteUptimeClock update
INFO: Latency: 31,0000 s, Delta ratio: 0,5000, Drift: 2,000, Error reduction coefficient: 0,000, Error: 0,0000 s
abr 04, 2013 12:33:16 PM org.ros.time.RemoteUptimeClock update
INFO: Latency: 31,0000 s, Delta ratio: 0,5000, Drift: 2,000, Error reduction coefficient: 0,000, Error: 0,0000 s
abr 04, 2013 12:33:16 PM org.ros.time.RemoteUptimeClock update
INFO: Latency: 31,0000 s, Delta ratio: 0,5000, Drift: 2,000, Error reduction coefficient: 0,000, Error: 0,0000 s
abr 04, 2013 12:33:16 PM org.ros.time.RemoteUptimeClock update
INFO: Latency: 31,0000 s, Delta ratio: 0,5000, Drift: 2,000, Error reduction coefficient: 0,000, Error: 0,0000 s
abr 04, 2013 12:33:16 PM org.ros.time.RemoteUptimeClock update
INFO: Latency: 31,0000 s, Delta ratio: 0,5000, Drift: 2,000, Error reduction coefficient: 0,000, Error: 0,0000 s
abr 04, 2013 12:33:16 PM org.ros.time.RemoteUptimeClock update
INFO: Latency: 31,0000 s, Delta ratio: 0,5000, Drift: 2,000, Error reduction coefficient: 0,000, Error: 0,0000 s
abr 04, 2013 12:33:16 PM org.ros.time.RemoteUptimeClock update
INFO: Latency: 31,0000 s, Delta ratio: 0,5000, Drift: 2,000, Error reduction coefficient: 0,000, Error: 0,0000 s
abr 04, 2013 12:33:16 PM org.ros.time.RemoteUptimeClock update
INFO: Latency: 31,0000 s, Delta ratio: 0,5000, Drift: 2,000, Error reduction coefficient: 0,000, Error: 0,0000 s
abr 04, 2013 12:33:16 PM org.ros.time.RemoteUptimeClock update
INFO: Latency: 31,0000 s, Delta ratio: 0,5000, Drift: 2,000, Error reduction coefficient: 0,000, Error: 0,0000 s
abr 04, 2013 12:33:16 PM org.ros.time.RemoteUptimeClock update
INFO: Latency: 31,0000 s, Delta ratio: 0,5000, Drift: 2,000, Error reduction coefficient: 0,000, Error: 0,0000 s
abr 04, 2013 12:33:16 PM org.ros.time.RemoteUptimeClock update
INFO: Latency: 31,0000 s, Delta ratio: 0,5000, Drift: 2,000, Error reduction coefficient: 0,000, Error: 0,0000 s
abr 04, 2013 12:33:16 PM org.ros.time.RemoteUptimeClock update
INFO: Latency: 31,0000 s, Delta ratio: 0,5000, Drift: 2,000, Error reduction coefficient: 0,000, Error: 0,0000 s
abr 04, 2013 12:33:16 PM org.ros.time.RemoteUptimeClock update
INFO: Latency: 31,0000 s, Delta ratio: 0,5000, Drift: 2,000, Error reduction coefficient: 0,000, Error: 0,0000 s
abr 04, 2013 12:33:16 PM org.ros.time.RemoteUptimeClock update
INFO: Latency: 31,0000 s, Delta ratio: 0,5000, Drift: 2,000, Error reduction coefficient: 0,000, Error: 0,0000 s
abr 04, 2013 12:33:16 PM org.ros.time.RemoteUptimeClock update
INFO: Latency: 31,0000 s, Delta ratio: 0,5000, Drift: 2,000, Error reduction coefficient: 0,000, Error: 0,0000 s
abr 04, 2013 12:33:16 PM org.ros.time.RemoteUptimeClock update
INFO: Latency: 31,0000 s, Delta ratio: 0,5000, Drift: 2,000, Error reduction coefficient: 0,000, Error: 0,0000 s
abr 04, 2013 12:33:16 PM org.ros.time.RemoteUptimeClock update
INFO: Latency: 31,0000 s, Delta ratio: 0,5000, Drift: 2,000, Error reduction coefficient: 0,000, Error: 0,0000 s
abr 04, 2013 12:33:16 PM org.ros.time.RemoteUptimeClock update
INFO: Latency: 31,0000 s, Delta ratio: 0,5000, Drift: 2,000, Error reduction coefficient: 0,000, Error: 0,0000 s
abr 04, 2013 12:33:16 PM org.ros.time.RemoteUptimeClock update
INFO: Latency: 31,0000 s, Delta ratio: 0,5000, Drift: 2,000, Error reduction coefficient: 0,000, Error: 0,0000 s
abr 04, 2013 12:33:16 PM org.ros.time.RemoteUptimeClock update
INFO: Latency: 31,0000 s, Delta ratio: 0,5000, Drift: 2,000, Error reduction coefficient: 0,000, Error: 0,0000 s
abr 04, 2013 12:33:16 PM org.ros.time.RemoteUptimeClock update
INFO: Latency: 31,0000 s, Delta ratio: 0,5000, Drift: 2,000, Error reduction coefficient: 0,000, Error: 0,0000 s
abr 04, 2013 12:33:16 PM org.ros.time.RemoteUptimeClock update
INFO: Latency: 31,0000 s, Delta ratio: 0,5000, Drift: 2,000, Error reduction coefficient: 0,000, Error: 0,0000 s
abr 04, 2013 12:33:16 PM org.ros.time.RemoteUptimeClock update
INFO: Latency: 31,0000 s, Delta ratio: 0,5000, Drift: 2,000, Error reduction coefficient: 0,000, Error: 0,0000 s
abr 04, 2013 12:33:16 PM org.ros.time.RemoteUptimeClock update
INFO: Latency: 31,0000 s, Delta ratio: 0,5000, Drift: 2,000, Error reduction coefficient: 0,000, Error: 0,0000 s
abr 04, 2013 12:33:16 PM org.ros.time.RemoteUptimeClock update
INFO: Latency: 31,0000 s, Delta ratio: 0,5000, Drift: 2,000, Error reduction coefficient: 0,000, Error: 0,0000 s
abr 04, 2013 12:33:16 PM org.ros.time.RemoteUptimeClock update
INFO: Latency: 31,0000 s, Delta ratio: 0,5000, Drift: 2,000, Error reduction coefficient: 0,000, Error: 0,0000 s
abr 04, 2013 12:33:16 PM org.ros.time.RemoteUptimeClock update
INFO: Latency: 31,0000 s, Delta ratio: 0,5000, Drift: 2,000, Error reduction coefficient: 0,000, Error: 0,0000 s
abr 04, 2013 12:33:16 PM org.ros.time.RemoteUptimeClock update
INFO: Latency: 31,0000 s, Delta ratio: 0,5000, Drift: 2,000, Error reduction coefficient: 0,000, Error: 0,0000 s
abr 04, 2013 12:33:16 PM org.ros.time.RemoteUptimeClock update
INFO: Latency: 31,0000 s, Delta ratio: 0,5000, Drift: 2,000, Error reduction coefficient: 0,000, Error: 0,0000 s
abr 04, 2013 12:33:16 PM org.ros.time.RemoteUptimeClock update
INFO: Latency: 31,0000 s, Delta ratio: 0,5000, Drift: 2,000, Error reduction coefficient: 0,000, Error: 0,0000 s
abr 04, 2013 12:33:16 PM org.ros.time.RemoteUptimeClock update
INFO: Latency: 31,0000 s, Delta ratio: 0,5000, Drift: 2,000, Error reduction coefficient: 0,000, Error: 0,0000 s
abr 04, 2013 12:33:16 PM org.ros.time.RemoteUptimeClock update
INFO: Latency: 31,0000 s, Delta ratio: 0,5000, Drift: 2,000, Error reduction coefficient: 0,000, Error: 0,0000 s
abr 04, 2013 12:33:16 PM org.ros.time.RemoteUptimeClock update
INFO: Latency: 31,0000 s, Delta ratio: 0,5000, Drift: 2,000, Error reduction coefficient: 0,000, Error: 0,0000 s
abr 04, 2013 12:33:16 PM org.ros.time.RemoteUptimeClock update
INFO: Latency: 31,0000 s, Delta ratio: 0,5000, Drift: 2,000, Error reduction coefficient: 0,000, Error: 0,0000 s
abr 04, 2013 12:33:16 PM org.ros.time.RemoteUptimeClock update
INFO: Latency: 31,0000 s, Delta ratio: 0,5000, Drift: 2,000, Error reduction coefficient: 0,000, Error: 0,0000 s
abr 04, 2013 12:33:16 PM org.ros.time.RemoteUptimeClock update
INFO: Latency: 31,0000 s, Delta ratio: 0,5000, Drift: 2,000, Error reduction coefficient: 0,000, Error: 0,0000 s
abr 04, 2013 12:33:16 PM org.ros.time.RemoteUptimeClock update
INFO: Latency: 31,0000 s, Delta ratio: 0,5000, Drift: 2,000, Error reduction coefficient: 0,000, Error: 0,0000 s
abr 04, 2013 12:33:16 PM org.ros.time.RemoteUptimeClock update
INFO: Latency: 31,0000 s, Delta ratio: 0,5000, Drift: 2,000, Error reduction coefficient: 0,000, Error: 0,0000 s
abr 04, 2013 12:33:16 PM org.ros.time.RemoteUptimeClock update
INFO: Latency: 31,0000 s, Delta ratio: 0,5000, Drift: 2,000, Error reduction coefficient: 0,000, Error: 0,0000 s
abr 04, 2013 12:33:16 PM org.ros.time.RemoteUptimeClock update
INFO: Latency: 31,0000 s, Delta ratio: 0,5000, Drift: 2,000, Error reduction coefficient: 0,000, Error: 0,0000 s
abr 04, 2013 12:33:16 PM org.ros.time.RemoteUptimeClock update
INFO: Latency: 31,0000 s, Delta ratio: 0,5000, Drift: 2,000, Error reduction coefficient: 0,000, Error: 0,0000 s
abr 04, 2013 12:33:16 PM org.ros.time.RemoteUptimeClock update
INFO: Latency: 31,0000 s, Delta ratio: 0,5000, Drift: 2,000, Error reduction coefficient: 0,000, Error: 0,0000 s
abr 04, 2013 12:33:16 PM org.ros.time.RemoteUptimeClock update
INFO: Latency: 31,0000 s, Delta ratio: 0,5000, Drift: 2,000, Error reduction coefficient: 0,000, Error: 0,0000 s
abr 04, 2013 12:33:16 PM org.ros.time.RemoteUptimeClock update
INFO: Latency: 31,0000 s, Delta ratio: 0,5000, Drift: 2,000, Error reduction coefficient: 0,000, Error: 0,0000 s
abr 04, 2013 12:33:16 PM org.ros.time.RemoteUptimeClock update
INFO: Latency: 31,0000 s, Delta ratio: 0,5000, Drift: 2,000, Error reduction coefficient: 0,000, Error: 0,0000 s
abr 04, 2013 12:33:16 PM org.ros.time.RemoteUptimeClock update
INFO: Latency: 31,0000 s, Delta ratio: 0,5000, Drift: 2,000, Error reduction coefficient: 0,000, Error: 0,0000 s
abr 04, 2013 12:33:16 PM org.ros.time.RemoteUptimeClock update
INFO: Latency: 31,0000 s, Delta ratio: 0,5000, Drift: 2,000, Error reduction coefficient: 0,000, Error: 0,0000 s
abr 04, 2013 12:33:16 PM org.ros.time.RemoteUptimeClock update
INFO: Latency: 31,0000 s, Delta ratio: 0,5000, Drift: 2,000, Error reduction coefficient: 0,000, Error: 0,0000 s
abr 04, 2013 12:33:16 PM org.ros.time.RemoteUptimeClock update
INFO: Latency: 31,0000 s, Delta ratio: 0,5000, Drift: 2,000, Error reduction coefficient: 0,000, Error: 0,0000 s
abr 04, 2013 12:33:16 PM org.ros.time.RemoteUptimeClock update
INFO: Latency: 31,0000 s, Delta ratio: 0,5000, Drift: 2,000, Error reduction coefficient: 0,000, Error: 0,0000 s
abr 04, 2013 12:33:16 PM org.ros.time.RemoteUptimeClock update
INFO: Latency: 31,0000 s, Delta ratio: 0,5000, Drift: 2,000, Error reduction coefficient: 0,000, Error: 0,0000 s
abr 04, 2013 12:33:16 PM org.ros.time.RemoteUptimeClock update
INFO: Latency: 31,0000 s, Delta ratio: 0,5000, Drift: 2,000, Error reduction coefficient: 0,000, Error: 0,0000 s
abr 04, 2013 12:33:16 PM org.ros.time.RemoteUptimeClock update
INFO: Latency: 31,0000 s, Delta ratio: 0,5000, Drift: 2,000, Error reduction coefficient: 0,000, Error: 0,0000 s
abr 04, 2013 12:33:16 PM org.ros.time.RemoteUptimeClock update
INFO: Latency: 31,0000 s, Delta ratio: 0,5000, Drift: 2,000, Error reduction coefficient: 0,000, Error: 0,0000 s
abr 04, 2013 12:33:16 PM org.ros.time.RemoteUptimeClock update
INFO: Latency: 31,0000 s, Delta ratio: 0,5000, Drift: 2,000, Error reduction coefficient: 0,000, Error: 0,0000 s
abr 04, 2013 12:33:16 PM org.ros.time.RemoteUptimeClock update
INFO: Latency: 31,0000 s, Delta ratio: 0,5000, Drift: 2,000, Error reduction coefficient: 0,000, Error: 0,0000 s
abr 04, 2013 12:33:16 PM org.ros.time.RemoteUptimeClock update
INFO: Latency: 31,0000 s, Delta ratio: 0,5000, Drift: 2,000, Error reduction coefficient: 0,000, Error: 0,0000 s
abr 04, 2013 12:33:16 PM org.ros.time.RemoteUptimeClock update
INFO: Latency: 31,0000 s, Delta ratio: 0,5000, Drift: 2,000, Error reduction coefficient: 0,000, Error: 0,0000 s
abr 04, 2013 12:33:16 PM org.ros.time.RemoteUptimeClock update
INFO: Latency: 31,0000 s, Delta ratio: 0,5000, Drift: 2,000, Error reduction coefficient: 0,000, Error: 0,0000 s
abr 04, 2013 12:33:16 PM org.ros.time.RemoteUptimeClock update
INFO: Latency: 31,0000 s, Delta ratio: 0,5000, Drift: 2,000, Error reduction coefficient: 0,000, Error: 0,0000 s
abr 04, 2013 12:33:16 PM org.ros.time.RemoteUptimeClock update
INFO: Latency: 31,0000 s, Delta ratio: 0,5000, Drift: 2,000, Error reduction coefficient: 0,000, Error: 0,0000 s
abr 04, 2013 12:33:16 PM org.ros.time.RemoteUptimeClock update
INFO: Latency: 31,0000 s, Delta ratio: 0,5000, Drift: 2,000, Error reduction coefficient: 0,000, Error: 0,0000 s
abr 04, 2013 12:33:16 PM org.ros.time.RemoteUptimeClock update
INFO: Latency: 31,0000 s, Delta ratio: 0,5000, Drift: 2,000, Error reduction coefficient: 0,000, Error: 0,0000 s
abr 04, 2013 12:33:16 PM org.ros.time.RemoteUptimeClock update
INFO: Latency: 31,0000 s, Delta ratio: 0,5000, Drift: 2,000, Error reduction coefficient: 0,000, Error: 0,0000 s
abr 04, 2013 12:33:16 PM org.ros.time.RemoteUptimeClock update
INFO: Latency: 31,0000 s, Delta ratio: 0,5000, Drift: 2,000, Error reduction coefficient: 0,000, Error: 0,0000 s
abr 04, 2013 12:33:16 PM org.ros.time.RemoteUptimeClock update
INFO: Latency: 31,0000 s, Delta ratio: 0,5000, Drift: 2,000, Error reduction coefficient: 0,000, Error: 0,0000 s
abr 04, 2013 12:33:16 PM org.ros.time.RemoteUptimeClock update
INFO: Latency: 31,0000 s, Delta ratio: 0,5000, Drift: 2,000, Error reduction coefficient: 0,000, Error: 0,0000 s
abr 04, 2013 12:33:16 PM org.ros.time.RemoteUptimeClock update
INFO: Latency: 31,0000 s, Delta ratio: 0,5000, Drift: 2,000, Error reduction coefficient: 0,000, Error: 0,0000 s
abr 04, 2013 12:33:16 PM org.ros.time.RemoteUptimeClock update
INFO: Latency: 31,0000 s, Delta ratio: 0,5000, Drift: 2,000, Error reduction coefficient: 0,000, Error: 0,0000 s
abr 04, 2013 12:33:16 PM org.ros.time.RemoteUptimeClock update
INFO: Latency: 31,0000 s, Delta ratio: 0,5000, Drift: 2,000, Error reduction coefficient: 0,000, Error: 0,0000 s
abr 04, 2013 12:33:16 PM org.ros.time.RemoteUptimeClock update
INFO: Latency: 31,0000 s, Delta ratio: 0,5000, Drift: 2,000, Error reduction coefficient: 0,000, Error: 0,0000 s
abr 04, 2013 12:33:16 PM org.ros.time.RemoteUptimeClock update
INFO: Latency: 31,0000 s, Delta ratio: 0,5000, Drift: 2,000, Error reduction coefficient: 0,000, Error: 0,0000 s
abr 04, 2013 12:33:16 PM org.ros.time.RemoteUptimeClock update
INFO: Latency: 31,0000 s, Delta ratio: 0,5000, Drift: 2,000, Error reduction coefficient: 0,000, Error: 0,0000 s
abr 04, 2013 12:33:16 PM org.ros.time.RemoteUptimeClock update
INFO: Latency: 31,0000 s, Delta ratio: 0,5000, Drift: 2,000, Error reduction coefficient: 0,000, Error: 0,0000 s
abr 04, 2013 12:33:16 PM org.ros.time.RemoteUptimeClock update
INFO: Latency: 31,0000 s, Delta ratio: 0,5000, Drift: 2,000, Error reduction coefficient: 0,000, Error: 0,0000 s
abr 04, 2013 12:33:16 PM org.ros.time.RemoteUptimeClock update
INFO: Latency: 31,0000 s, Delta ratio: 0,5000, Drift: 2,000, Error reduction coefficient: 0,000, Error: 0,0000 s
abr 04, 2013 12:33:16 PM org.ros.time.RemoteUptimeClock update
INFO: Latency: 31,0000 s, Delta ratio: 0,5000, Drift: 2,000, Error reduction coefficient: 0,000, Error: 0,0000 s
abr 04, 2013 12:33:16 PM org.ros.time.RemoteUptimeClock update
INFO: Latency: 31,0000 s, Delta ratio: 0,5000, Drift: 2,000, Error reduction coefficient: 0,000, Error: 0,0000 s
abr 04, 2013 12:33:16 PM org.ros.time.RemoteUptimeClock update
INFO: Latency: 31,0000 s, Delta ratio: 0,5000, Drift: 2,000, Error reduction coefficient: 0,000, Error: 0,0000 s
abr 04, 2013 12:33:16 PM org.ros.time.RemoteUptimeClock update
INFO: Latency: 31,0000 s, Delta ratio: 0,5000, Drift: 2,000, Error reduction coefficient: 0,000, Error: 0,0000 s
abr 04, 2013 12:33:16 PM org.ros.time.RemoteUptimeClock update
INFO: Latency: 31,0000 s, Delta ratio: 0,5000, Drift: 2,000, Error reduction coefficient: 0,000, Error: 0,0000 s
abr 04, 2013 12:33:16 PM org.ros.time.RemoteUptimeClock update
INFO: Latency: 31,0000 s, Delta ratio: 0,5000, Drift: 2,000, Error reduction coefficient: 0,000, Error: 0,0000 s
abr 04, 2013 12:33:16 PM org.ros.time.RemoteUptimeClock update
INFO: Latency: 31,0000 s, Delta ratio: 0,5000, Drift: 2,000, Error reduction coefficient: 0,000, Error: 0,0000 s
abr 04, 2013 12:33:16 PM org.ros.time.RemoteUptimeClock update
INFO: Latency: 31,0000 s, Delta ratio: 0,5000, Drift: 2,000, Error reduction coefficient: 0,000, Error: 0,0000 s
abr 04, 2013 12:33:16 PM org.ros.time.RemoteUptimeClock update
INFO: Latency: 31,0000 s, Delta ratio: 0,5000, Drift: 2,000, Error reduction coefficient: 0,000, Error: 0,0000 s
abr 04, 2013 12:33:16 PM org.ros.time.RemoteUptimeClock update
INFO: Latency: 31,0000 s, Delta ratio: 0,5000, Drift: 2,000, Error reduction coefficient: 0,000, Error: 0,0000 s
abr 04, 2013 12:33:16 PM org.ros.time.RemoteUptimeClock update
INFO: Latency: 31,0000 s, Delta ratio: 0,5000, Drift: 2,000, Error reduction coefficient: 0,000, Error: 0,0000 s
abr 04, 2013 12:33:16 PM org.ros.time.RemoteUptimeClock update
INFO: Latency: 31,0000 s, Delta ratio: 0,5000, Drift: 2,000, Error reduction coefficient: 0,000, Error: 0,0000 s
abr 04, 2013 12:33:16 PM org.ros.time.RemoteUptimeClock update
INFO: Latency: 31,0000 s, Delta ratio: 0,5000, Drift: 2,000, Error reduction coefficient: 0,000, Error: 0,0000 s
abr 04, 2013 12:33:16 PM org.ros.time.RemoteUptimeClock update
INFO: Latency: 31,0000 s, Delta ratio: 0,5000, Drift: 2,000, Error reduction coefficient: 0,000, Error: 0,0000 s
abr 04, 2013 12:33:16 PM org.ros.time.RemoteUptimeClock update
INFO: Latency: 31,0000 s, Delta ratio: 0,5000, Drift: 2,000, Error reduction coefficient: 0,000, Error: 0,0000 s
abr 04, 2013 12:33:16 PM org.ros.time.RemoteUptimeClock update
INFO: Latency: 31,0000 s, Delta ratio: 0,5000, Drift: 2,000, Error reduction coefficient: 0,000, Error: 0,0000 s
abr 04, 2013 12:33:16 PM org.ros.time.RemoteUptimeClock update
INFO: Latency: 31,0000 s, Delta ratio: 0,5000, Drift: 2,000, Error reduction coefficient: 0,000, Error: 0,0000 s
abr 04, 2013 12:33:16 PM org.ros.time.RemoteUptimeClock update
INFO: Latency: 31,0000 s, Delta ratio: 0,5000, Drift: 2,000, Error reduction coefficient: 0,000, Error: 0,0000 s
abr 04, 2013 12:33:16 PM org.ros.time.RemoteUptimeClock update
INFO: Latency: 31,0000 s, Delta ratio: 0,5000, Drift: 2,000, Error reduction coefficient: 0,000, Error: 0,0000 s
abr 04, 2013 12:33:16 PM org.ros.time.RemoteUptimeClock update
INFO: Latency: 31,0000 s, Delta ratio: 0,5000, Drift: 2,000, Error reduction coefficient: 0,000, Error: 0,0000 s
abr 04, 2013 12:33:16 PM org.ros.time.RemoteUptimeClock update
INFO: Latency: 31,0000 s, Delta ratio: 0,5000, Drift: 2,000, Error reduction coefficient: 0,000, Error: 0,0000 s
abr 04, 2013 12:33:16 PM org.ros.time.RemoteUptimeClock update
INFO: Latency: 31,0000 s, Delta ratio: 0,5000, Drift: 2,000, Error reduction coefficient: 0,000, Error: 0,0000 s
abr 04, 2013 12:33:16 PM org.ros.time.RemoteUptimeClock update
INFO: Latency: 31,0000 s, Delta ratio: 0,5000, Drift: 2,000, Error reduction coefficient: 0,000, Error: 0,0000 s
abr 04, 2013 12:33:16 PM org.ros.time.RemoteUptimeClock update
INFO: Latency: 31,0000 s, Delta ratio: 0,5000, Drift: 2,000, Error reduction coefficient: 0,000, Error: 0,0000 s
abr 04, 2013 12:33:16 PM org.ros.time.RemoteUptimeClock update
INFO: Latency: 31,0000 s, Delta ratio: 0,5000, Drift: 2,000, Error reduction coefficient: 0,000, Error: 0,0000 s
abr 04, 2013 12:33:16 PM org.ros.time.RemoteUptimeClock update
INFO: Latency: 31,0000 s, Delta ratio: 0,5000, Drift: 2,000, Error reduction coefficient: 0,000, Error: 0,0000 s
abr 04, 2013 12:33:16 PM org.ros.time.RemoteUptimeClock update
INFO: Latency: 31,0000 s, Delta ratio: 0,5000, Drift: 2,000, Error reduction coefficient: 0,000, Error: 0,0000 s
abr 04, 2013 12:33:16 PM org.ros.time.RemoteUptimeClock update
INFO: Latency: 31,0000 s, Delta ratio: 0,5000, Drift: 2,000, Error reduction coefficient: 0,000, Error: 0,0000 s
abr 04, 2013 12:33:16 PM org.ros.time.RemoteUptimeClock update
INFO: Latency: 31,0000 s, Delta ratio: 0,5000, Drift: 2,000, Error reduction coefficient: 0,000, Error: 0,0000 s
abr 04, 2013 12:33:16 PM org.ros.time.RemoteUptimeClock update
INFO: Latency: 31,0000 s, Delta ratio: 0,5000, Drift: 2,000, Error reduction coefficient: 0,000, Error: 0,0000 s
abr 04, 2013 12:33:16 PM org.ros.time.RemoteUptimeClock update
INFO: Latency: 31,0000 s, Delta ratio: 0,5000, Drift: 2,000, Error reduction coefficient: 0,000, Error: 0,0000 s
abr 04, 2013 12:33:16 PM org.ros.time.RemoteUptimeClock update
INFO: Latency: 31,0000 s, Delta ratio: 0,5000, Drift: 2,000, Error reduction coefficient: 0,000, Error: 0,0000 s
abr 04, 2013 12:33:16 PM org.ros.time.RemoteUptimeClock update
INFO: Latency: 31,0000 s, Delta ratio: 0,5000, Drift: 2,000, Error reduction coefficient: 0,000, Error: 0,0000 s
abr 04, 2013 12:33:16 PM org.ros.time.RemoteUptimeClock update
INFO: Latency: 31,0000 s, Delta ratio: 0,5000, Drift: 2,000, Error reduction coefficient: 0,000, Error: 0,0000 s
abr 04, 2013 12:33:16 PM org.ros.time.RemoteUptimeClock update
INFO: Latency: 31,0000 s, Delta ratio: 0,5000, Drift: 2,000, Error reduction coefficient: 0,000, Error: 0,0000 s
abr 04, 2013 12:33:16 PM org.ros.time.RemoteUptimeClock update
INFO: Latency: 31,0000 s, Delta ratio: 0,5000, Drift: 2,000, Error reduction coefficient: 0,000, Error: 0,0000 s
abr 04, 2013 12:33:16 PM org.ros.time.RemoteUptimeClock update
INFO: Latency: 31,0000 s, Delta ratio: 0,5000, Drift: 2,000, Error reduction coefficient: 0,000, Error: 0,0000 s
abr 04, 2013 12:33:16 PM org.ros.time.RemoteUptimeClock update
INFO: Latency: 31,0000 s, Delta ratio: 0,5000, Drift: 2,000, Error reduction coefficient: 0,000, Error: 0,0000 s
abr 04, 2013 12:33:16 PM org.ros.time.RemoteUptimeClock update
INFO: Latency: 31,0000 s, Delta ratio: 0,5000, Drift: 2,000, Error reduction coefficient: 0,000, Error: 0,0000 s
abr 04, 2013 12:33:16 PM org.ros.time.RemoteUptimeClock update
INFO: Latency: 31,0000 s, Delta ratio: 0,5000, Drift: 2,000, Error reduction coefficient: 0,000, Error: 0,0000 s
abr 04, 2013 12:33:16 PM org.ros.time.RemoteUptimeClock update
INFO: Latency: 31,0000 s, Delta ratio: 0,5000, Drift: 2,000, Error reduction coefficient: 0,000, Error: 0,0000 s
abr 04, 2013 12:33:16 PM org.ros.time.RemoteUptimeClock update
INFO: Latency: 31,0000 s, Delta ratio: 0,5000, Drift: 2,000, Error reduction coefficient: 0,000, Error: 0,0000 s
abr 04, 2013 12:33:16 PM org.ros.time.RemoteUptimeClock update
INFO: Latency: 31,0000 s, Delta ratio: 0,5000, Drift: 2,000, Error reduction coefficient: 0,000, Error: 0,0000 s
abr 04, 2013 12:33:16 PM org.ros.time.RemoteUptimeClock update
INFO: Latency: 31,0000 s, Delta ratio: 0,5000, Drift: 2,000, Error reduction coefficient: 0,000, Error: 0,0000 s
abr 04, 2013 12:33:16 PM org.ros.time.RemoteUptimeClock update
INFO: Latency: 31,0000 s, Delta ratio: 0,5000, Drift: 2,000, Error reduction coefficient: 0,000, Error: 0,0000 s
abr 04, 2013 12:33:16 PM org.ros.time.RemoteUptimeClock update
INFO: Latency: 31,0000 s, Delta ratio: 0,5000, Drift: 2,000, Error reduction coefficient: 0,000, Error: 0,0000 s
abr 04, 2013 12:33:16 PM org.ros.time.RemoteUptimeClock update
INFO: Latency: 31,0000 s, Delta ratio: 0,5000, Drift: 2,000, Error reduction coefficient: 0,000, Error: 0,0000 s
abr 04, 2013 12:33:16 PM org.ros.time.RemoteUptimeClock update
INFO: Latency: 31,0000 s, Delta ratio: 0,5000, Drift: 2,000, Error reduction coefficient: 0,000, Error: 0,0000 s
abr 04, 2013 12:33:16 PM org.ros.time.RemoteUptimeClock update
INFO: Latency: 31,0000 s, Delta ratio: 0,5000, Drift: 2,000, Error reduction coefficient: 0,000, Error: 0,0000 s
abr 04, 2013 12:33:16 PM org.ros.time.RemoteUptimeClock update
INFO: Latency: 31,0000 s, Delta ratio: 0,5000, Drift: 2,000, Error reduction coefficient: 0,000, Error: 0,0000 s
abr 04, 2013 12:33:16 PM org.ros.time.RemoteUptimeClock update
INFO: Latency: 31,0000 s, Delta ratio: 0,5000, Drift: 2,000, Error reduction coefficient: 0,000, Error: 0,0000 s
abr 04, 2013 12:33:16 PM org.ros.time.RemoteUptimeClock update
INFO: Latency: 31,0000 s, Delta ratio: 0,5000, Drift: 2,000, Error reduction coefficient: 0,000, Error: 0,0000 s
abr 04, 2013 12:33:16 PM org.ros.time.RemoteUptimeClock update
INFO: Latency: 31,0000 s, Delta ratio: 0,5000, Drift: 2,000, Error reduction coefficient: 0,000, Error: 0,0000 s
abr 04, 2013 12:33:16 PM org.ros.time.RemoteUptimeClock update
INFO: Latency: 31,0000 s, Delta ratio: 0,5000, Drift: 2,000, Error reduction coefficient: 0,000, Error: 0,0000 s
abr 04, 2013 12:33:16 PM org.ros.time.RemoteUptimeClock update
INFO: Latency: 31,0000 s, Delta ratio: 0,5000, Drift: 2,000, Error reduction coefficient: 0,000, Error: 0,0000 s
abr 04, 2013 12:33:16 PM org.ros.time.RemoteUptimeClock update
INFO: Latency: 31,0000 s, Delta ratio: 0,5000, Drift: 2,000, Error reduction coefficient: 0,000, Error: 0,0000 s
abr 04, 2013 12:33:16 PM org.ros.time.RemoteUptimeClock update
INFO: Latency: 31,0000 s, Delta ratio: 0,5000, Drift: 2,000, Error reduction coefficient: 0,000, Error: 0,0000 s
abr 04, 2013 12:33:16 PM org.ros.time.RemoteUptimeClock update
INFO: Latency: 31,0000 s, Delta ratio: 0,5000, Drift: 2,000, Error reduction coefficient: 0,000, Error: 0,0000 s
abr 04, 2013 12:33:16 PM org.ros.time.RemoteUptimeClock update
INFO: Latency: 31,0000 s, Delta ratio: 0,5000, Drift: 2,000, Error reduction coefficient: 0,000, Error: 0,0000 s
abr 04, 2013 12:33:16 PM org.ros.time.RemoteUptimeClock update
INFO: Latency: 31,0000 s, Delta ratio: 0,5000, Drift: 2,000, Error reduction coefficient: 0,000, Error: 0,0000 s
abr 04, 2013 12:33:16 PM org.ros.time.RemoteUptimeClock update
INFO: Latency: 31,0000 s, Delta ratio: 0,5000, Drift: 2,000, Error reduction coefficient: 0,000, Error: 0,0000 s
abr 04, 2013 12:33:16 PM org.ros.time.RemoteUptimeClock update
INFO: Latency: 31,0000 s, Delta ratio: 0,5000, Drift: 2,000, Error reduction coefficient: 0,000, Error: 0,0000 s
abr 04, 2013 12:33:16 PM org.ros.time.RemoteUptimeClock update
INFO: Latency: 31,0000 s, Delta ratio: 0,5000, Drift: 2,000, Error reduction coefficient: 0,000, Error: 0,0000 s
abr 04, 2013 12:33:16 PM org.ros.time.RemoteUptimeClock update
INFO: Latency: 31,0000 s, Delta ratio: 0,5000, Drift: 2,000, Error reduction coefficient: 0,000, Error: 0,0000 s
abr 04, 2013 12:33:16 PM org.ros.time.RemoteUptimeClock update
INFO: Latency: 31,0000 s, Delta ratio: 0,5000, Drift: 2,000, Error reduction coefficient: 0,000, Error: 0,0000 s
abr 04, 2013 12:33:16 PM org.ros.time.RemoteUptimeClock update
INFO: Latency: 31,0000 s, Delta ratio: 0,5000, Drift: 2,000, Error reduction coefficient: 0,000, Error: 0,0000 s
abr 04, 2013 12:33:16 PM org.ros.time.RemoteUptimeClock update
INFO: Latency: 31,0000 s, Delta ratio: 0,5000, Drift: 2,000, Error reduction coefficient: 0,000, Error: 0,0000 s
abr 04, 2013 12:33:16 PM org.ros.time.RemoteUptimeClock update
INFO: Latency: 31,0000 s, Delta ratio: 0,5000, Drift: 2,000, Error reduction coefficient: 0,000, Error: 0,0000 s
abr 04, 2013 12:33:16 PM org.ros.time.RemoteUptimeClock update
INFO: Latency: 31,0000 s, Delta ratio: 0,5000, Drift: 2,000, Error reduction coefficient: 0,000, Error: 0,0000 s
abr 04, 2013 12:33:16 PM org.ros.time.RemoteUptimeClock update
INFO: Latency: 31,0000 s, Delta ratio: 0,5000, Drift: 2,000, Error reduction coefficient: 0,000, Error: 0,0000 s
abr 04, 2013 12:33:16 PM org.ros.time.RemoteUptimeClock update
INFO: Latency: 31,0000 s, Delta ratio: 0,5000, Drift: 2,000, Error reduction coefficient: 0,000, Error: 0,0000 s
abr 04, 2013 12:33:16 PM org.ros.time.RemoteUptimeClock update
INFO: Latency: 31,0000 s, Delta ratio: 0,5000, Drift: 2,000, Error reduction coefficient: 0,000, Error: 0,0000 s
abr 04, 2013 12:33:16 PM org.ros.time.RemoteUptimeClock update
INFO: Latency: 31,0000 s, Delta ratio: 0,5000, Drift: 2,000, Error reduction coefficient: 0,000, Error: 0,0000 s
abr 04, 2013 12:33:16 PM org.ros.time.RemoteUptimeClock update
INFO: Latency: 31,0000 s, Delta ratio: 0,5000, Drift: 2,000, Error reduction coefficient: 0,000, Error: 0,0000 s
abr 04, 2013 12:33:16 PM org.ros.time.RemoteUptimeClock update
INFO: Latency: 31,0000 s, Delta ratio: 0,5000, Drift: 2,000, Error reduction coefficient: 0,000, Error: 0,0000 s
abr 04, 2013 12:33:16 PM org.ros.time.RemoteUptimeClock update
INFO: Latency: 31,0000 s, Delta ratio: 0,5000, Drift: 2,000, Error reduction coefficient: 0,000, Error: 0,0000 s
abr 04, 2013 12:33:16 PM org.ros.time.RemoteUptimeClock update
INFO: Latency: 31,0000 s, Delta ratio: 0,5000, Drift: 2,000, Error reduction coefficient: 0,000, Error: 0,0000 s
abr 04, 2013 12:33:16 PM org.ros.time.RemoteUptimeClock update
INFO: Latency: 31,0000 s, Delta ratio: 0,5000, Drift: 2,000, Error reduction coefficient: 0,000, Error: 0,0000 s
abr 04, 2013 12:33:16 PM org.ros.time.RemoteUptimeClock update
INFO: Latency: 31,0000 s, Delta ratio: 0,5000, Drift: 2,000, Error reduction coefficient: 0,000, Error: 0,0000 s
abr 04, 2013 12:33:16 PM org.ros.time.RemoteUptimeClock update
INFO: Latency: 31,0000 s, Delta ratio: 0,5000, Drift: 2,000, Error reduction coefficient: 0,000, Error: 0,0000 s
abr 04, 2013 12:33:16 PM org.ros.time.RemoteUptimeClock update
INFO: Latency: 31,0000 s, Delta ratio: 0,5000, Drift: 2,000, Error reduction coefficient: 0,000, Error: 0,0000 s
abr 04, 2013 12:33:16 PM org.ros.time.RemoteUptimeClock update
INFO: Latency: 31,0000 s, Delta ratio: 0,5000, Drift: 2,000, Error reduction coefficient: 0,000, Error: 0,0000 s
abr 04, 2013 12:33:16 PM org.ros.time.RemoteUptimeClock update
INFO: Latency: 31,0000 s, Delta ratio: 0,5000, Drift: 2,000, Error reduction coefficient: 0,000, Error: 0,0000 s
abr 04, 2013 12:33:16 PM org.ros.time.RemoteUptimeClock update
INFO: Latency: 31,0000 s, Delta ratio: 0,5000, Drift: 2,000, Error reduction coefficient: 0,000, Error: 0,0000 s
abr 04, 2013 12:33:16 PM org.ros.time.RemoteUptimeClock update
INFO: Latency: 31,0000 s, Delta ratio: 0,5000, Drift: 2,000, Error reduction coefficient: 0,000, Error: 0,0000 s
abr 04, 2013 12:33:16 PM org.ros.time.RemoteUptimeClock update
INFO: Latency: 31,0000 s, Delta ratio: 0,5000, Drift: 2,000, Error reduction coefficient: 0,000, Error: 0,0000 s
abr 04, 2013 12:33:16 PM org.ros.time.RemoteUptimeClock update
INFO: Latency: 31,0000 s, Delta ratio: 0,5000, Drift: 2,000, Error reduction coefficient: 0,000, Error: 0,0000 s
abr 04, 2013 12:33:16 PM org.ros.time.RemoteUptimeClock update
INFO: Latency: 31,0000 s, Delta ratio: 0,5000, Drift: 2,000, Error reduction coefficient: 0,000, Error: 0,0000 s
abr 04, 2013 12:33:16 PM org.ros.time.RemoteUptimeClock update
INFO: Latency: 31,0000 s, Delta ratio: 0,5000, Drift: 2,000, Error reduction coefficient: 0,000, Error: 0,0000 s
abr 04, 2013 12:33:16 PM org.ros.time.RemoteUptimeClock update
INFO: Latency: 31,0000 s, Delta ratio: 0,5000, Drift: 2,000, Error reduction coefficient: 0,000, Error: 0,0000 s
abr 04, 2013 12:33:16 PM org.ros.time.RemoteUptimeClock update
INFO: Latency: 31,0000 s, Delta ratio: 0,5000, Drift: 2,000, Error reduction coefficient: 0,000, Error: 0,0000 s
abr 04, 2013 12:33:16 PM org.ros.time.RemoteUptimeClock update
INFO: Latency: 31,0000 s, Delta ratio: 0,5000, Drift: 2,000, Error reduction coefficient: 0,000, Error: 0,0000 s
abr 04, 2013 12:33:16 PM org.ros.time.RemoteUptimeClock update
INFO: Latency: 31,0000 s, Delta ratio: 0,5000, Drift: 2,000, Error reduction coefficient: 0,000, Error: 0,0000 s
abr 04, 2013 12:33:16 PM org.ros.time.RemoteUptimeClock update
INFO: Latency: 31,0000 s, Delta ratio: 0,5000, Drift: 2,000, Error reduction coefficient: 0,000, Error: 0,0000 s
abr 04, 2013 12:33:16 PM org.ros.time.RemoteUptimeClock update
INFO: Latency: 31,0000 s, Delta ratio: 0,5000, Drift: 2,000, Error reduction coefficient: 0,000, Error: 0,0000 s
abr 04, 2013 12:33:16 PM org.ros.time.RemoteUptimeClock update
INFO: Latency: 31,0000 s, Delta ratio: 0,5000, Drift: 2,000, Error reduction coefficient: 0,000, Error: 0,0000 s
abr 04, 2013 12:33:16 PM org.ros.time.RemoteUptimeClock update
INFO: Latency: 31,0000 s, Delta ratio: 0,5000, Drift: 2,000, Error reduction coefficient: 0,000, Error: 0,0000 s
abr 04, 2013 12:33:16 PM org.ros.time.RemoteUptimeClock update
INFO: Latency: 31,0000 s, Delta ratio: 0,5000, Drift: 2,000, Error reduction coefficient: 0,000, Error: 0,0000 s
abr 04, 2013 12:33:16 PM org.ros.time.RemoteUptimeClock update
INFO: Latency: 31,0000 s, Delta ratio: 0,5000, Drift: 2,000, Error reduction coefficient: 0,000, Error: 0,0000 s
abr 04, 2013 12:33:16 PM org.ros.time.RemoteUptimeClock update
INFO: Latency: 31,0000 s, Delta ratio: 0,5000, Drift: 2,000, Error reduction coefficient: 0,000, Error: 0,0000 s
abr 04, 2013 12:33:16 PM org.ros.time.RemoteUptimeClock update
INFO: Latency: 31,0000 s, Delta ratio: 0,5000, Drift: 2,000, Error reduction coefficient: 0,000, Error: 0,0000 s
abr 04, 2013 12:33:16 PM org.ros.time.RemoteUptimeClock update
INFO: Latency: 31,0000 s, Delta ratio: 0,5000, Drift: 2,000, Error reduction coefficient: 0,000, Error: 0,0000 s
abr 04, 2013 12:33:16 PM org.ros.time.RemoteUptimeClock update
INFO: Latency: 31,0000 s, Delta ratio: 0,5000, Drift: 2,000, Error reduction coefficient: 0,000, Error: 0,0000 s
abr 04, 2013 12:33:16 PM org.ros.time.RemoteUptimeClock update
INFO: Latency: 31,0000 s, Delta ratio: 0,5000, Drift: 2,000, Error reduction coefficient: 0,000, Error: 0,0000 s
abr 04, 2013 12:33:16 PM org.ros.time.RemoteUptimeClock update
INFO: Latency: 31,0000 s, Delta ratio: 0,5000, Drift: 2,000, Error reduction coefficient: 0,000, Error: 0,0000 s
abr 04, 2013 12:33:16 PM org.ros.time.RemoteUptimeClock update
INFO: Latency: 31,0000 s, Delta ratio: 0,5000, Drift: 2,000, Error reduction coefficient: 0,000, Error: 0,0000 s
abr 04, 2013 12:33:16 PM org.ros.time.RemoteUptimeClock update
INFO: Latency: 31,0000 s, Delta ratio: 0,5000, Drift: 2,000, Error reduction coefficient: 0,000, Error: 0,0000 s
abr 04, 2013 12:33:16 PM org.ros.time.RemoteUptimeClock update
INFO: Latency: 31,0000 s, Delta ratio: 0,5000, Drift: 2,000, Error reduction coefficient: 0,000, Error: 0,0000 s
abr 04, 2013 12:33:16 PM org.ros.time.RemoteUptimeClock update
INFO: Latency: 31,0000 s, Delta ratio: 0,5000, Drift: 2,000, Error reduction coefficient: 0,000, Error: 0,0000 s
abr 04, 2013 12:33:16 PM org.ros.time.RemoteUptimeClock update
INFO: Latency: 31,0000 s, Delta ratio: 0,5000, Drift: 2,000, Error reduction coefficient: 0,000, Error: 0,0000 s
abr 04, 2013 12:33:16 PM org.ros.time.RemoteUptimeClock update
INFO: Latency: 31,0000 s, Delta ratio: 0,5000, Drift: 2,000, Error reduction coefficient: 0,000, Error: 0,0000 s
abr 04, 2013 12:33:16 PM org.ros.time.RemoteUptimeClock update
INFO: Latency: 31,0000 s, Delta ratio: 0,5000, Drift: 2,000, Error reduction coefficient: 0,000, Error: 0,0000 s
abr 04, 2013 12:33:16 PM org.ros.time.RemoteUptimeClock update
INFO: Latency: 31,0000 s, Delta ratio: 0,5000, Drift: 2,000, Error reduction coefficient: 0,000, Error: 0,0000 s
abr 04, 2013 12:33:16 PM org.ros.time.RemoteUptimeClock update
INFO: Latency: 31,0000 s, Delta ratio: 0,5000, Drift: 2,000, Error reduction coefficient: 0,000, Error: 0,0000 s
abr 04, 2013 12:33:16 PM org.ros.time.RemoteUptimeClock update
INFO: Latency: 31,0000 s, Delta ratio: 0,5000, Drift: 2,000, Error reduction coefficient: 0,000, Error: 0,0000 s
abr 04, 2013 12:33:16 PM org.ros.time.RemoteUptimeClock update
INFO: Latency: 31,0000 s, Delta ratio: 0,5000, Drift: 2,000, Error reduction coefficient: 0,000, Error: 0,0000 s
abr 04, 2013 12:33:16 PM org.ros.time.RemoteUptimeClock update
INFO: Latency: 31,0000 s, Delta ratio: 0,5000, Drift: 2,000, Error reduction coefficient: 0,000, Error: 0,0000 s
abr 04, 2013 12:33:16 PM org.ros.time.RemoteUptimeClock update
INFO: Latency: 31,0000 s, Delta ratio: 0,5000, Drift: 2,000, Error reduction coefficient: 0,000, Error: 0,0000 s
abr 04, 2013 12:33:16 PM org.ros.time.RemoteUptimeClock update
INFO: Latency: 31,0000 s, Delta ratio: 0,5000, Drift: 2,000, Error reduction coefficient: 0,000, Error: 0,0000 s
abr 04, 2013 12:33:16 PM org.ros.time.RemoteUptimeClock update
INFO: Latency: 31,0000 s, Delta ratio: 0,5000, Drift: 2,000, Error reduction coefficient: 0,000, Error: 0,0000 s
abr 04, 2013 12:33:16 PM org.ros.time.RemoteUptimeClock update
INFO: Latency: 31,0000 s, Delta ratio: 0,5000, Drift: 2,000, Error reduction coefficient: 0,000, Error: 0,0000 s
abr 04, 2013 12:33:16 PM org.ros.time.RemoteUptimeClock update
INFO: Latency: 31,0000 s, Delta ratio: 0,5000, Drift: 2,000, Error reduction coefficient: 0,000, Error: 0,0000 s
abr 04, 2013 12:33:16 PM org.ros.time.RemoteUptimeClock update
INFO: Latency: 31,0000 s, Delta ratio: 0,5000, Drift: 2,000, Error reduction coefficient: 0,000, Error: 0,0000 s
abr 04, 2013 12:33:16 PM org.ros.time.RemoteUptimeClock update
INFO: Latency: 31,0000 s, Delta ratio: 0,5000, Drift: 2,000, Error reduction coefficient: 0,000, Error: 0,0000 s
abr 04, 2013 12:33:16 PM org.ros.time.RemoteUptimeClock update
INFO: Latency: 31,0000 s, Delta ratio: 0,5000, Drift: 2,000, Error reduction coefficient: 0,000, Error: 0,0000 s
abr 04, 2013 12:33:16 PM org.ros.time.RemoteUptimeClock update
INFO: Latency: 31,0000 s, Delta ratio: 0,5000, Drift: 2,000, Error reduction coefficient: 0,000, Error: 0,0000 s
abr 04, 2013 12:33:16 PM org.ros.time.RemoteUptimeClock update
INFO: Latency: 31,0000 s, Delta ratio: 0,5000, Drift: 2,000, Error reduction coefficient: 0,000, Error: 0,0000 s
abr 04, 2013 12:33:16 PM org.ros.time.RemoteUptimeClock update
INFO: Latency: 31,0000 s, Delta ratio: 0,5000, Drift: 2,000, Error reduction coefficient: 0,000, Error: 0,0000 s
abr 04, 2013 12:33:16 PM org.ros.time.RemoteUptimeClock update
INFO: Latency: 31,0000 s, Delta ratio: 0,5000, Drift: 2,000, Error reduction coefficient: 0,000, Error: 0,0000 s
abr 04, 2013 12:33:16 PM org.ros.time.RemoteUptimeClock update
INFO: Latency: 31,0000 s, Delta ratio: 0,5000, Drift: 2,000, Error reduction coefficient: 0,000, Error: 0,0000 s
abr 04, 2013 12:33:16 PM org.ros.time.RemoteUptimeClock update
INFO: Latency: 31,0000 s, Delta ratio: 0,5000, Drift: 2,000, Error reduction coefficient: 0,000, Error: 0,0000 s
abr 04, 2013 12:33:16 PM org.ros.time.RemoteUptimeClock update
INFO: Latency: 31,0000 s, Delta ratio: 0,5000, Drift: 2,000, Error reduction coefficient: 0,000, Error: 0,0000 s
abr 04, 2013 12:33:16 PM org.ros.time.RemoteUptimeClock update
INFO: Latency: 31,0000 s, Delta ratio: 0,5000, Drift: 2,000, Error reduction coefficient: 0,000, Error: 0,0000 s
abr 04, 2013 12:33:16 PM org.ros.time.RemoteUptimeClock update
INFO: Latency: 31,0000 s, Delta ratio: 0,5000, Drift: 2,000, Error reduction coefficient: 0,000, Error: 0,0000 s
abr 04, 2013 12:33:16 PM org.ros.time.RemoteUptimeClock update
INFO: Latency: 31,0000 s, Delta ratio: 0,5000, Drift: 2,000, Error reduction coefficient: 0,000, Error: 0,0000 s
abr 04, 2013 12:33:16 PM org.ros.time.RemoteUptimeClock update
INFO: Latency: 31,0000 s, Delta ratio: 0,5000, Drift: 2,000, Error reduction coefficient: 0,000, Error: 0,0000 s
abr 04, 2013 12:33:16 PM org.ros.time.RemoteUptimeClock update
INFO: Latency: 31,0000 s, Delta ratio: 0,5000, Drift: 2,000, Error reduction coefficient: 0,000, Error: 0,0000 s
abr 04, 2013 12:33:16 PM org.ros.time.RemoteUptimeClock update
INFO: Latency: 31,0000 s, Delta ratio: 0,5000, Drift: 2,000, Error reduction coefficient: 0,000, Error: 0,0000 s
abr 04, 2013 12:33:16 PM org.ros.time.RemoteUptimeClock update
INFO: Latency: 31,0000 s, Delta ratio: 0,5000, Drift: 2,000, Error reduction coefficient: 0,000, Error: 0,0000 s
abr 04, 2013 12:33:16 PM org.ros.time.RemoteUptimeClock update
INFO: Latency: 31,0000 s, Delta ratio: 0,5000, Drift: 2,000, Error reduction coefficient: 0,000, Error: 0,0000 s
abr 04, 2013 12:33:16 PM org.ros.time.RemoteUptimeClock update
INFO: Latency: 31,0000 s, Delta ratio: 0,5000, Drift: 2,000, Error reduction coefficient: 0,000, Error: 0,0000 s
abr 04, 2013 12:33:16 PM org.ros.time.RemoteUptimeClock update
INFO: Latency: 31,0000 s, Delta ratio: 0,5000, Drift: 2,000, Error reduction coefficient: 0,000, Error: 0,0000 s
abr 04, 2013 12:33:16 PM org.ros.time.RemoteUptimeClock update
INFO: Latency: 31,0000 s, Delta ratio: 0,5000, Drift: 2,000, Error reduction coefficient: 0,000, Error: 0,0000 s
abr 04, 2013 12:33:16 PM org.ros.time.RemoteUptimeClock update
INFO: Latency: 31,0000 s, Delta ratio: 0,5000, Drift: 2,000, Error reduction coefficient: 0,000, Error: 0,0000 s
abr 04, 2013 12:33:16 PM org.ros.time.RemoteUptimeClock update
INFO: Latency: 31,0000 s, Delta ratio: 0,5000, Drift: 2,000, Error reduction coefficient: 0,000, Error: 0,0000 s
abr 04, 2013 12:33:16 PM org.ros.time.RemoteUptimeClock update
INFO: Latency: 31,0000 s, Delta ratio: 0,5000, Drift: 2,000, Error reduction coefficient: 0,000, Error: 0,0000 s
abr 04, 2013 12:33:16 PM org.ros.time.RemoteUptimeClock update
INFO: Latency: 31,0000 s, Delta ratio: 0,5000, Drift: 2,000, Error reduction coefficient: 0,000, Error: 0,0000 s
abr 04, 2013 12:33:16 PM org.ros.time.RemoteUptimeClock update
INFO: Latency: 31,0000 s, Delta ratio: 0,5000, Drift: 2,000, Error reduction coefficient: 0,000, Error: 0,0000 s
abr 04, 2013 12:33:16 PM org.ros.time.RemoteUptimeClock update
INFO: Latency: 31,0000 s, Delta ratio: 0,5000, Drift: 2,000, Error reduction coefficient: 0,000, Error: 0,0000 s
abr 04, 2013 12:33:16 PM org.ros.time.RemoteUptimeClock update
INFO: Latency: 31,0000 s, Delta ratio: 0,5000, Drift: 2,000, Error reduction coefficient: 0,000, Error: 0,0000 s
abr 04, 2013 12:33:16 PM org.ros.time.RemoteUptimeClock update
INFO: Latency: 31,0000 s, Delta ratio: 0,5000, Drift: 2,000, Error reduction coefficient: 0,000, Error: 0,0000 s
abr 04, 2013 12:33:16 PM org.ros.time.RemoteUptimeClock update
INFO: Latency: 31,0000 s, Delta ratio: 0,5000, Drift: 2,000, Error reduction coefficient: 0,000, Error: 0,0000 s
abr 04, 2013 12:33:16 PM org.ros.time.RemoteUptimeClock update
INFO: Latency: 31,0000 s, Delta ratio: 0,5000, Drift: 2,000, Error reduction coefficient: 0,000, Error: 0,0000 s
abr 04, 2013 12:33:16 PM org.ros.time.RemoteUptimeClock update
INFO: Latency: 31,0000 s, Delta ratio: 0,5000, Drift: 2,000, Error reduction coefficient: 0,000, Error: 0,0000 s
abr 04, 2013 12:33:16 PM org.ros.time.RemoteUptimeClock update
INFO: Latency: 31,0000 s, Delta ratio: 0,5000, Drift: 2,000, Error reduction coefficient: 0,000, Error: 0,0000 s
abr 04, 2013 12:33:16 PM org.ros.time.RemoteUptimeClock update
INFO: Latency: 31,0000 s, Delta ratio: 0,5000, Drift: 2,000, Error reduction coefficient: 0,000, Error: 0,0000 s
abr 04, 2013 12:33:16 PM org.ros.time.RemoteUptimeClock update
INFO: Latency: 31,0000 s, Delta ratio: 0,5000, Drift: 2,000, Error reduction coefficient: 0,000, Error: 0,0000 s
abr 04, 2013 12:33:16 PM org.ros.time.RemoteUptimeClock update
INFO: Latency: 31,0000 s, Delta ratio: 0,5000, Drift: 2,000, Error reduction coefficient: 0,000, Error: 0,0000 s
abr 04, 2013 12:33:16 PM org.ros.time.RemoteUptimeClock update
INFO: Latency: 31,0000 s, Delta ratio: 0,5000, Drift: 2,000, Error reduction coefficient: 0,000, Error: 0,0000 s
abr 04, 2013 12:33:16 PM org.ros.time.RemoteUptimeClock update
INFO: Latency: 31,0000 s, Delta ratio: 0,5000, Drift: 2,000, Error reduction coefficient: 0,000, Error: 0,0000 s
abr 04, 2013 12:33:16 PM org.ros.time.RemoteUptimeClock update
INFO: Latency: 31,0000 s, Delta ratio: 0,5000, Drift: 2,000, Error reduction coefficient: 0,000, Error: 0,0000 s
abr 04, 2013 12:33:16 PM org.ros.time.RemoteUptimeClock update
INFO: Latency: 31,0000 s, Delta ratio: 0,5000, Drift: 2,000, Error reduction coefficient: 0,000, Error: 0,0000 s
abr 04, 2013 12:33:16 PM org.ros.time.RemoteUptimeClock update
INFO: Latency: 31,0000 s, Delta ratio: 0,5000, Drift: 2,000, Error reduction coefficient: 0,000, Error: 0,0000 s
abr 04, 2013 12:33:16 PM org.ros.time.RemoteUptimeClock update
INFO: Latency: 31,0000 s, Delta ratio: 0,5000, Drift: 2,000, Error reduction coefficient: 0,000, Error: 0,0000 s
abr 04, 2013 12:33:16 PM org.ros.time.RemoteUptimeClock update
INFO: Latency: 31,0000 s, Delta ratio: 0,5000, Drift: 2,000, Error reduction coefficient: 0,000, Error: 0,0000 s
abr 04, 2013 12:33:16 PM org.ros.time.RemoteUptimeClock update
INFO: Latency: 31,0000 s, Delta ratio: 0,5000, Drift: 2,000, Error reduction coefficient: 0,000, Error: 0,0000 s
abr 04, 2013 12:33:16 PM org.ros.time.RemoteUptimeClock update
INFO: Latency: 31,0000 s, Delta ratio: 0,5000, Drift: 2,000, Error reduction coefficient: 0,000, Error: 0,0000 s
abr 04, 2013 12:33:16 PM org.ros.time.RemoteUptimeClock update
INFO: Latency: 31,0000 s, Delta ratio: 0,5000, Drift: 2,000, Error reduction coefficient: 0,000, Error: 0,0000 s
abr 04, 2013 12:33:16 PM org.ros.time.RemoteUptimeClock update
INFO: Latency: 31,0000 s, Delta ratio: 0,5000, Drift: 2,000, Error reduction coefficient: 0,000, Error: 0,0000 s
abr 04, 2013 12:33:16 PM org.ros.time.RemoteUptimeClock update
INFO: Latency: 31,0000 s, Delta ratio: 0,5000, Drift: 2,000, Error reduction coefficient: 0,000, Error: 0,0000 s
abr 04, 2013 12:33:16 PM org.ros.time.RemoteUptimeClock update
INFO: Latency: 31,0000 s, Delta ratio: 0,5000, Drift: 2,000, Error reduction coefficient: 0,000, Error: 0,0000 s
abr 04, 2013 12:33:16 PM org.ros.time.RemoteUptimeClock update
INFO: Latency: 31,0000 s, Delta ratio: 0,5000, Drift: 2,000, Error reduction coefficient: 0,000, Error: 0,0000 s
abr 04, 2013 12:33:16 PM org.ros.time.RemoteUptimeClock update
INFO: Latency: 31,0000 s, Delta ratio: 0,5000, Drift: 2,000, Error reduction coefficient: 0,000, Error: 0,0000 s
abr 04, 2013 12:33:16 PM org.ros.time.RemoteUptimeClock update
INFO: Latency: 31,0000 s, Delta ratio: 0,5000, Drift: 2,000, Error reduction coefficient: 0,000, Error: 0,0000 s
abr 04, 2013 12:33:16 PM org.ros.time.RemoteUptimeClock update
INFO: Latency: 31,0000 s, Delta ratio: 0,5000, Drift: 2,000, Error reduction coefficient: 0,000, Error: 0,0000 s
abr 04, 2013 12:33:16 PM org.ros.time.RemoteUptimeClock update
INFO: Latency: 31,0000 s, Delta ratio: 0,5000, Drift: 2,000, Error reduction coefficient: 0,000, Error: 0,0000 s
abr 04, 2013 12:33:16 PM org.ros.time.RemoteUptimeClock update
INFO: Latency: 31,0000 s, Delta ratio: 0,5000, Drift: 2,000, Error reduction coefficient: 0,000, Error: 0,0000 s
abr 04, 2013 12:33:16 PM org.ros.time.RemoteUptimeClock update
INFO: Latency: 31,0000 s, Delta ratio: 0,5000, Drift: 2,000, Error reduction coefficient: 0,000, Error: 0,0000 s
abr 04, 2013 12:33:16 PM org.ros.time.RemoteUptimeClock update
INFO: Latency: 31,0000 s, Delta ratio: 0,5000, Drift: 2,000, Error reduction coefficient: 0,000, Error: 0,0000 s
abr 04, 2013 12:33:16 PM org.ros.time.RemoteUptimeClock update
INFO: Latency: 31,0000 s, Delta ratio: 0,5000, Drift: 2,000, Error reduction coefficient: 0,000, Error: 0,0000 s
abr 04, 2013 12:33:16 PM org.ros.time.RemoteUptimeClock update
INFO: Latency: 31,0000 s, Delta ratio: 0,5000, Drift: 2,000, Error reduction coefficient: 0,000, Error: 0,0000 s
abr 04, 2013 12:33:16 PM org.ros.time.RemoteUptimeClock update
INFO: Latency: 31,0000 s, Delta ratio: 0,5000, Drift: 2,000, Error reduction coefficient: 0,000, Error: 0,0000 s
abr 04, 2013 12:33:16 PM org.ros.time.RemoteUptimeClock update
INFO: Latency: 31,0000 s, Delta ratio: 0,5000, Drift: 2,000, Error reduction coefficient: 0,000, Error: 0,0000 s
abr 04, 2013 12:33:16 PM org.ros.time.RemoteUptimeClock update
INFO: Latency: 31,0000 s, Delta ratio: 0,5000, Drift: 2,000, Error reduction coefficient: 0,000, Error: 0,0000 s
abr 04, 2013 12:33:16 PM org.ros.time.RemoteUptimeClock update
INFO: Latency: 31,0000 s, Delta ratio: 0,5000, Drift: 2,000, Error reduction coefficient: 0,000, Error: 0,0000 s
abr 04, 2013 12:33:16 PM org.ros.time.RemoteUptimeClock update
INFO: Latency: 31,0000 s, Delta ratio: 0,5000, Drift: 2,000, Error reduction coefficient: 0,000, Error: 0,0000 s
abr 04, 2013 12:33:16 PM org.ros.time.RemoteUptimeClock update
INFO: Latency: 31,0000 s, Delta ratio: 0,5000, Drift: 2,000, Error reduction coefficient: 0,000, Error: 0,0000 s
abr 04, 2013 12:33:16 PM org.ros.time.RemoteUptimeClock update
INFO: Latency: 31,0000 s, Delta ratio: 0,5000, Drift: 2,000, Error reduction coefficient: 0,000, Error: 0,0000 s
abr 04, 2013 12:33:16 PM org.ros.time.RemoteUptimeClock update
INFO: Latency: 31,0000 s, Delta ratio: 0,5000, Drift: 2,000, Error reduction coefficient: 0,000, Error: 0,0000 s
abr 04, 2013 12:33:16 PM org.ros.time.RemoteUptimeClock update
INFO: Latency: 31,0000 s, Delta ratio: 0,5000, Drift: 2,000, Error reduction coefficient: 0,000, Error: 0,0000 s
abr 04, 2013 12:33:16 PM org.ros.time.RemoteUptimeClock update
INFO: Latency: 31,0000 s, Delta ratio: 0,5000, Drift: 2,000, Error reduction coefficient: 0,000, Error: 0,0000 s
abr 04, 2013 12:33:16 PM org.ros.time.RemoteUptimeClock update
INFO: Latency: 31,0000 s, Delta ratio: 0,5000, Drift: 2,000, Error reduction coefficient: 0,000, Error: 0,0000 s
abr 04, 2013 12:33:16 PM org.ros.time.RemoteUptimeClock update
INFO: Latency: 31,0000 s, Delta ratio: 0,5000, Drift: 2,000, Error reduction coefficient: 0,000, Error: 0,0000 s
abr 04, 2013 12:33:16 PM org.ros.time.RemoteUptimeClock update
INFO: Latency: 31,0000 s, Delta ratio: 0,5000, Drift: 2,000, Error reduction coefficient: 0,000, Error: 0,0000 s
abr 04, 2013 12:33:16 PM org.ros.time.RemoteUptimeClock update
INFO: Latency: 31,0000 s, Delta ratio: 0,5000, Drift: 2,000, Error reduction coefficient: 0,000, Error: 0,0000 s
abr 04, 2013 12:33:16 PM org.ros.time.RemoteUptimeClock update
INFO: Latency: 31,0000 s, Delta ratio: 0,5000, Drift: 2,000, Error reduction coefficient: 0,000, Error: 0,0000 s
abr 04, 2013 12:33:16 PM org.ros.time.RemoteUptimeClock update
INFO: Latency: 31,0000 s, Delta ratio: 0,5000, Drift: 2,000, Error reduction coefficient: 0,000, Error: 0,0000 s
abr 04, 2013 12:33:16 PM org.ros.time.RemoteUptimeClock update
INFO: Latency: 31,0000 s, Delta ratio: 0,5000, Drift: 2,000, Error reduction coefficient: 0,000, Error: 0,0000 s
abr 04, 2013 12:33:16 PM org.ros.time.RemoteUptimeClock update
INFO: Latency: 31,0000 s, Delta ratio: 0,5000, Drift: 2,000, Error reduction coefficient: 0,000, Error: 0,0000 s
abr 04, 2013 12:33:16 PM org.ros.time.RemoteUptimeClock update
INFO: Latency: 31,0000 s, Delta ratio: 0,5000, Drift: 2,000, Error reduction coefficient: 0,000, Error: 0,0000 s
abr 04, 2013 12:33:16 PM org.ros.time.RemoteUptimeClock update
INFO: Latency: 31,0000 s, Delta ratio: 0,5000, Drift: 2,000, Error reduction coefficient: 0,000, Error: 0,0000 s
abr 04, 2013 12:33:16 PM org.ros.time.RemoteUptimeClock update
INFO: Latency: 31,0000 s, Delta ratio: 0,5000, Drift: 2,000, Error reduction coefficient: 0,000, Error: 0,0000 s
abr 04, 2013 12:33:16 PM org.ros.time.RemoteUptimeClock update
INFO: Latency: 31,0000 s, Delta ratio: 0,5000, Drift: 2,000, Error reduction coefficient: 0,000, Error: 0,0000 s
abr 04, 2013 12:33:16 PM org.ros.time.RemoteUptimeClock update
INFO: Latency: 31,0000 s, Delta ratio: 0,5000, Drift: 2,000, Error reduction coefficient: 0,000, Error: 0,0000 s
abr 04, 2013 12:33:16 PM org.ros.time.RemoteUptimeClock update
INFO: Latency: 31,0000 s, Delta ratio: 0,5000, Drift: 2,000, Error reduction coefficient: 0,000, Error: 0,0000 s
abr 04, 2013 12:33:16 PM org.ros.time.RemoteUptimeClock update
INFO: Latency: 31,0000 s, Delta ratio: 0,5000, Drift: 2,000, Error reduction coefficient: 0,000, Error: 0,0000 s
abr 04, 2013 12:33:16 PM org.ros.time.RemoteUptimeClock update
INFO: Latency: 31,0000 s, Delta ratio: 0,5000, Drift: 2,000, Error reduction coefficient: 0,000, Error: 0,0000 s
abr 04, 2013 12:33:16 PM org.ros.time.RemoteUptimeClock update
INFO: Latency: 31,0000 s, Delta ratio: 0,5000, Drift: 2,000, Error reduction coefficient: 0,000, Error: 0,0000 s
abr 04, 2013 12:33:16 PM org.ros.time.RemoteUptimeClock update
INFO: Latency: 31,0000 s, Delta ratio: 0,5000, Drift: 2,000, Error reduction coefficient: 0,000, Error: 0,0000 s
abr 04, 2013 12:33:16 PM org.ros.time.RemoteUptimeClock update
INFO: Latency: 31,0000 s, Delta ratio: 0,5000, Drift: 2,000, Error reduction coefficient: 0,000, Error: 0,0000 s
abr 04, 2013 12:33:16 PM org.ros.time.RemoteUptimeClock update
INFO: Latency: 31,0000 s, Delta ratio: 0,5000, Drift: 2,000, Error reduction coefficient: 0,000, Error: 0,0000 s
abr 04, 2013 12:33:16 PM org.ros.time.RemoteUptimeClock update
INFO: Latency: 31,0000 s, Delta ratio: 0,5000, Drift: 2,000, Error reduction coefficient: 0,000, Error: 0,0000 s
abr 04, 2013 12:33:16 PM org.ros.time.RemoteUptimeClock update
INFO: Latency: 31,0000 s, Delta ratio: 0,5000, Drift: 2,000, Error reduction coefficient: 0,000, Error: 0,0000 s
abr 04, 2013 12:33:16 PM org.ros.time.RemoteUptimeClock update
INFO: Latency: 31,0000 s, Delta ratio: 0,5000, Drift: 2,000, Error reduction coefficient: 0,000, Error: 0,0000 s
abr 04, 2013 12:33:16 PM org.ros.time.RemoteUptimeClock update
INFO: Latency: 31,0000 s, Delta ratio: 0,5000, Drift: 2,000, Error reduction coefficient: 0,000, Error: 0,0000 s
abr 04, 2013 12:33:16 PM org.ros.time.RemoteUptimeClock update
INFO: Latency: 31,0000 s, Delta ratio: 0,5000, Drift: 2,000, Error reduction coefficient: 0,000, Error: 0,0000 s
abr 04, 2013 12:33:16 PM org.ros.time.RemoteUptimeClock update
INFO: Latency: 31,0000 s, Delta ratio: 0,5000, Drift: 2,000, Error reduction coefficient: 0,000, Error: 0,0000 s
abr 04, 2013 12:33:16 PM org.ros.time.RemoteUptimeClock update
INFO: Latency: 31,0000 s, Delta ratio: 0,5000, Drift: 2,000, Error reduction coefficient: 0,000, Error: 0,0000 s
abr 04, 2013 12:33:16 PM org.ros.time.RemoteUptimeClock update
INFO: Latency: 31,0000 s, Delta ratio: 0,5000, Drift: 2,000, Error reduction coefficient: 0,000, Error: 0,0000 s
abr 04, 2013 12:33:16 PM org.ros.time.RemoteUptimeClock update
INFO: Latency: 31,0000 s, Delta ratio: 0,5000, Drift: 2,000, Error reduction coefficient: 0,000, Error: 0,0000 s
abr 04, 2013 12:33:16 PM org.ros.time.RemoteUptimeClock update
INFO: Latency: 31,0000 s, Delta ratio: 0,5000, Drift: 2,000, Error reduction coefficient: 0,000, Error: 0,0000 s
abr 04, 2013 12:33:16 PM org.ros.time.RemoteUptimeClock update
INFO: Latency: 31,0000 s, Delta ratio: 0,5000, Drift: 2,000, Error reduction coefficient: 0,000, Error: 0,0000 s
abr 04, 2013 12:33:16 PM org.ros.time.RemoteUptimeClock update
INFO: Latency: 31,0000 s, Delta ratio: 0,5000, Drift: 2,000, Error reduction coefficient: 0,000, Error: 0,0000 s
abr 04, 2013 12:33:16 PM org.ros.time.RemoteUptimeClock update
INFO: Latency: 31,0000 s, Delta ratio: 0,5000, Drift: 2,000, Error reduction coefficient: 0,000, Error: 0,0000 s
abr 04, 2013 12:33:16 PM org.ros.time.RemoteUptimeClock update
INFO: Latency: 31,0000 s, Delta ratio: 0,5000, Drift: 2,000, Error reduction coefficient: 0,000, Error: 0,0000 s
abr 04, 2013 12:33:16 PM org.ros.time.RemoteUptimeClock update
INFO: Latency: 31,0000 s, Delta ratio: 0,5000, Drift: 2,000, Error reduction coefficient: 0,000, Error: 0,0000 s
abr 04, 2013 12:33:16 PM org.ros.time.RemoteUptimeClock update
INFO: Latency: 31,0000 s, Delta ratio: 0,5000, Drift: 2,000, Error reduction coefficient: 0,000, Error: 0,0000 s
abr 04, 2013 12:33:16 PM org.ros.time.RemoteUptimeClock update
INFO: Latency: 31,0000 s, Delta ratio: 0,5000, Drift: 2,000, Error reduction coefficient: 0,000, Error: 0,0000 s
abr 04, 2013 12:33:16 PM org.ros.time.RemoteUptimeClock update
INFO: Latency: 31,0000 s, Delta ratio: 0,5000, Drift: 2,000, Error reduction coefficient: 0,000, Error: 0,0000 s
abr 04, 2013 12:33:16 PM org.ros.time.RemoteUptimeClock update
INFO: Latency: 31,0000 s, Delta ratio: 0,5000, Drift: 2,000, Error reduction coefficient: 0,000, Error: 0,0000 s
abr 04, 2013 12:33:16 PM org.ros.time.RemoteUptimeClock update
INFO: Latency: 31,0000 s, Delta ratio: 0,5000, Drift: 2,000, Error reduction coefficient: 0,000, Error: 0,0000 s
abr 04, 2013 12:33:16 PM org.ros.time.RemoteUptimeClock update
INFO: Latency: 31,0000 s, Delta ratio: 0,5000, Drift: 2,000, Error reduction coefficient: 0,000, Error: 0,0000 s
abr 04, 2013 12:33:16 PM org.ros.time.RemoteUptimeClock update
INFO: Latency: 31,0000 s, Delta ratio: 0,5000, Drift: 2,000, Error reduction coefficient: 0,000, Error: 0,0000 s
abr 04, 2013 12:33:16 PM org.ros.time.RemoteUptimeClock update
INFO: Latency: 31,0000 s, Delta ratio: 0,5000, Drift: 2,000, Error reduction coefficient: 0,000, Error: 0,0000 s
abr 04, 2013 12:33:16 PM org.ros.time.RemoteUptimeClock update
INFO: Latency: 31,0000 s, Delta ratio: 0,5000, Drift: 2,000, Error reduction coefficient: 0,000, Error: 0,0000 s
abr 04, 2013 12:33:16 PM org.ros.time.RemoteUptimeClock update
INFO: Latency: 31,0000 s, Delta ratio: 0,5000, Drift: 2,000, Error reduction coefficient: 0,000, Error: 0,0000 s
abr 04, 2013 12:33:16 PM org.ros.time.RemoteUptimeClock update
INFO: Latency: 31,0000 s, Delta ratio: 0,5000, Drift: 2,000, Error reduction coefficient: 0,000, Error: 0,0000 s
abr 04, 2013 12:33:16 PM org.ros.time.RemoteUptimeClock update
INFO: Latency: 31,0000 s, Delta ratio: 0,5000, Drift: 2,000, Error reduction coefficient: 0,000, Error: 0,0000 s
abr 04, 2013 12:33:16 PM org.ros.time.RemoteUptimeClock update
INFO: Latency: 31,0000 s, Delta ratio: 0,5000, Drift: 2,000, Error reduction coefficient: 0,000, Error: 0,0000 s
abr 04, 2013 12:33:16 PM org.ros.time.RemoteUptimeClock update
INFO: Latency: 31,0000 s, Delta ratio: 0,5000, Drift: 2,000, Error reduction coefficient: 0,000, Error: 0,0000 s
abr 04, 2013 12:33:16 PM org.ros.time.RemoteUptimeClock update
INFO: Latency: 31,0000 s, Delta ratio: 0,5000, Drift: 2,000, Error reduction coefficient: 0,000, Error: 0,0000 s
abr 04, 2013 12:33:16 PM org.ros.time.RemoteUptimeClock update
INFO: Latency: 31,0000 s, Delta ratio: 0,5000, Drift: 2,000, Error reduction coefficient: 0,000, Error: 0,0000 s
abr 04, 2013 12:33:16 PM org.ros.time.RemoteUptimeClock update
INFO: Latency: 31,0000 s, Delta ratio: 0,5000, Drift: 2,000, Error reduction coefficient: 0,000, Error: 0,0000 s
abr 04, 2013 12:33:16 PM org.ros.time.RemoteUptimeClock update
INFO: Latency: 31,0000 s, Delta ratio: 0,5000, Drift: 2,000, Error reduction coefficient: 0,000, Error: 0,0000 s
abr 04, 2013 12:33:16 PM org.ros.time.RemoteUptimeClock update
INFO: Latency: 31,0000 s, Delta ratio: 0,5000, Drift: 2,000, Error reduction coefficient: 0,000, Error: 0,0000 s
abr 04, 2013 12:33:16 PM org.ros.time.RemoteUptimeClock update
INFO: Latency: 31,0000 s, Delta ratio: 0,5000, Drift: 2,000, Error reduction coefficient: 0,000, Error: 0,0000 s
abr 04, 2013 12:33:16 PM org.ros.time.RemoteUptimeClock update
INFO: Latency: 31,0000 s, Delta ratio: 0,5000, Drift: 2,000, Error reduction coefficient: 0,000, Error: 0,0000 s
abr 04, 2013 12:33:16 PM org.ros.time.RemoteUptimeClock update
INFO: Latency: 31,0000 s, Delta ratio: 0,5000, Drift: 2,000, Error reduction coefficient: 0,000, Error: 0,0000 s
abr 04, 2013 12:33:16 PM org.ros.time.RemoteUptimeClock update
INFO: Latency: 31,0000 s, Delta ratio: 0,5000, Drift: 2,000, Error reduction coefficient: 0,000, Error: 0,0000 s
abr 04, 2013 12:33:16 PM org.ros.time.RemoteUptimeClock update
INFO: Latency: 31,0000 s, Delta ratio: 0,5000, Drift: 2,000, Error reduction coefficient: 0,000, Error: 0,0000 s
abr 04, 2013 12:33:16 PM org.ros.time.RemoteUptimeClock update
INFO: Latency: 31,0000 s, Delta ratio: 0,5000, Drift: 2,000, Error reduction coefficient: 0,000, Error: 0,0000 s
abr 04, 2013 12:33:16 PM org.ros.time.RemoteUptimeClock update
INFO: Latency: 31,0000 s, Delta ratio: 0,5000, Drift: 2,000, Error reduction coefficient: 0,000, Error: 0,0000 s
abr 04, 2013 12:33:16 PM org.ros.time.RemoteUptimeClock update
INFO: Latency: 31,0000 s, Delta ratio: 0,5000, Drift: 2,000, Error reduction coefficient: 0,000, Error: 0,0000 s
abr 04, 2013 12:33:16 PM org.ros.time.RemoteUptimeClock update
INFO: Latency: 31,0000 s, Delta ratio: 0,5000, Drift: 2,000, Error reduction coefficient: 0,000, Error: 0,0000 s
abr 04, 2013 12:33:16 PM org.ros.time.RemoteUptimeClock update
INFO: Latency: 31,0000 s, Delta ratio: 0,5000, Drift: 2,000, Error reduction coefficient: 0,000, Error: 0,0000 s
abr 04, 2013 12:33:16 PM org.ros.time.RemoteUptimeClock update
INFO: Latency: 31,0000 s, Delta ratio: 0,5000, Drift: 2,000, Error reduction coefficient: 0,000, Error: 0,0000 s
abr 04, 2013 12:33:16 PM org.ros.time.RemoteUptimeClock update
INFO: Latency: 31,0000 s, Delta ratio: 0,5000, Drift: 2,000, Error reduction coefficient: 0,000, Error: 0,0000 s
abr 04, 2013 12:33:16 PM org.ros.time.RemoteUptimeClock update
INFO: Latency: 31,0000 s, Delta ratio: 0,5000, Drift: 2,000, Error reduction coefficient: 0,000, Error: 0,0000 s
abr 04, 2013 12:33:16 PM org.ros.time.RemoteUptimeClock update
INFO: Latency: 31,0000 s, Delta ratio: 0,5000, Drift: 2,000, Error reduction coefficient: 0,000, Error: 0,0000 s
abr 04, 2013 12:33:16 PM org.ros.time.RemoteUptimeClock update
INFO: Latency: 31,0000 s, Delta ratio: 0,5000, Drift: 2,000, Error reduction coefficient: 0,000, Error: 0,0000 s
abr 04, 2013 12:33:16 PM org.ros.time.RemoteUptimeClock update
INFO: Latency: 31,0000 s, Delta ratio: 0,5000, Drift: 2,000, Error reduction coefficient: 0,000, Error: 0,0000 s
abr 04, 2013 12:33:16 PM org.ros.time.RemoteUptimeClock update
INFO: Latency: 31,0000 s, Delta ratio: 0,5000, Drift: 2,000, Error reduction coefficient: 0,000, Error: 0,0000 s
abr 04, 2013 12:33:16 PM org.ros.time.RemoteUptimeClock update
INFO: Latency: 31,0000 s, Delta ratio: 0,5000, Drift: 2,000, Error reduction coefficient: 0,000, Error: 0,0000 s
abr 04, 2013 12:33:16 PM org.ros.time.RemoteUptimeClock update
INFO: Latency: 31,0000 s, Delta ratio: 0,5000, Drift: 2,000, Error reduction coefficient: 0,000, Error: 0,0000 s
abr 04, 2013 12:33:16 PM org.ros.time.RemoteUptimeClock update
INFO: Latency: 31,0000 s, Delta ratio: 0,5000, Drift: 2,000, Error reduction coefficient: 0,000, Error: 0,0000 s
abr 04, 2013 12:33:16 PM org.ros.time.RemoteUptimeClock update
INFO: Latency: 31,0000 s, Delta ratio: 0,5000, Drift: 2,000, Error reduction coefficient: 0,000, Error: 0,0000 s
abr 04, 2013 12:33:16 PM org.ros.time.RemoteUptimeClock update
INFO: Latency: 31,0000 s, Delta ratio: 0,5000, Drift: 2,000, Error reduction coefficient: 0,000, Error: 0,0000 s
abr 04, 2013 12:33:16 PM org.ros.time.RemoteUptimeClock update
INFO: Latency: 31,0000 s, Delta ratio: 0,5000, Drift: 2,000, Error reduction coefficient: 0,000, Error: 0,0000 s
abr 04, 2013 12:33:16 PM org.ros.time.RemoteUptimeClock update
INFO: Latency: 31,0000 s, Delta ratio: 0,5000, Drift: 2,000, Error reduction coefficient: 0,000, Error: 0,0000 s
abr 04, 2013 12:33:16 PM org.ros.time.RemoteUptimeClock update
INFO: Latency: 31,0000 s, Delta ratio: 0,5000, Drift: 2,000, Error reduction coefficient: 0,000, Error: 0,0000 s
abr 04, 2013 12:33:16 PM org.ros.time.RemoteUptimeClock update
INFO: Latency: 31,0000 s, Delta ratio: 0,5000, Drift: 2,000, Error reduction coefficient: 0,000, Error: 0,0000 s
abr 04, 2013 12:33:16 PM org.ros.time.RemoteUptimeClock update
INFO: Latency: 31,0000 s, Delta ratio: 0,5000, Drift: 2,000, Error reduction coefficient: 0,000, Error: 0,0000 s
abr 04, 2013 12:33:16 PM org.ros.time.RemoteUptimeClock update
INFO: Latency: 31,0000 s, Delta ratio: 0,5000, Drift: 2,000, Error reduction coefficient: 0,000, Error: 0,0000 s
abr 04, 2013 12:33:16 PM org.ros.time.RemoteUptimeClock update
INFO: Latency: 31,0000 s, Delta ratio: 0,5000, Drift: 2,000, Error reduction coefficient: 0,000, Error: 0,0000 s
abr 04, 2013 12:33:16 PM org.ros.time.RemoteUptimeClock update
INFO: Latency: 31,0000 s, Delta ratio: 0,5000, Drift: 2,000, Error reduction coefficient: 0,000, Error: 0,0000 s
abr 04, 2013 12:33:16 PM org.ros.time.RemoteUptimeClock update
INFO: Latency: 31,0000 s, Delta ratio: 0,5000, Drift: 2,000, Error reduction coefficient: 0,000, Error: 0,0000 s
abr 04, 2013 12:33:16 PM org.ros.time.RemoteUptimeClock update
INFO: Latency: 31,0000 s, Delta ratio: 0,5000, Drift: 2,000, Error reduction coefficient: 0,000, Error: 0,0000 s
abr 04, 2013 12:33:16 PM org.ros.time.RemoteUptimeClock update
INFO: Latency: 31,0000 s, Delta ratio: 0,5000, Drift: 2,000, Error reduction coefficient: 0,000, Error: 0,0000 s
abr 04, 2013 12:33:16 PM org.ros.time.RemoteUptimeClock update
INFO: Latency: 31,0000 s, Delta ratio: 0,5000, Drift: 2,000, Error reduction coefficient: 0,000, Error: 0,0000 s
abr 04, 2013 12:33:16 PM org.ros.time.RemoteUptimeClock update
INFO: Latency: 31,0000 s, Delta ratio: 0,5000, Drift: 2,000, Error reduction coefficient: 0,000, Error: 0,0000 s
abr 04, 2013 12:33:16 PM org.ros.time.RemoteUptimeClock update
INFO: Latency: 31,0000 s, Delta ratio: 0,5000, Drift: 2,000, Error reduction coefficient: 0,000, Error: 0,0000 s
abr 04, 2013 12:33:16 PM org.ros.time.RemoteUptimeClock update
INFO: Latency: 31,0000 s, Delta ratio: 0,5000, Drift: 2,000, Error reduction coefficient: 0,000, Error: 0,0000 s
abr 04, 2013 12:33:16 PM org.ros.time.RemoteUptimeClock update
INFO: Latency: 31,0000 s, Delta ratio: 0,5000, Drift: 2,000, Error reduction coefficient: 0,000, Error: 0,0000 s
abr 04, 2013 12:33:16 PM org.ros.time.RemoteUptimeClock update
INFO: Latency: 31,0000 s, Delta ratio: 0,5000, Drift: 2,000, Error reduction coefficient: 0,000, Error: 0,0000 s
abr 04, 2013 12:33:16 PM org.ros.time.RemoteUptimeClock update
INFO: Latency: 31,0000 s, Delta ratio: 0,5000, Drift: 2,000, Error reduction coefficient: 0,000, Error: 0,0000 s
abr 04, 2013 12:33:16 PM org.ros.time.RemoteUptimeClock update
INFO: Latency: 31,0000 s, Delta ratio: 0,5000, Drift: 2,000, Error reduction coefficient: 0,000, Error: 0,0000 s
abr 04, 2013 12:33:16 PM org.ros.time.RemoteUptimeClock update
INFO: Latency: 31,0000 s, Delta ratio: 0,5000, Drift: 2,000, Error reduction coefficient: 0,000, Error: 0,0000 s
abr 04, 2013 12:33:16 PM org.ros.time.RemoteUptimeClock update
INFO: Latency: 31,0000 s, Delta ratio: 0,5000, Drift: 2,000, Error reduction coefficient: 0,000, Error: 0,0000 s
abr 04, 2013 12:33:16 PM org.ros.time.RemoteUptimeClock update
INFO: Latency: 31,0000 s, Delta ratio: 0,5000, Drift: 2,000, Error reduction coefficient: 0,000, Error: 0,0000 s
abr 04, 2013 12:33:16 PM org.ros.time.RemoteUptimeClock update
INFO: Latency: 31,0000 s, Delta ratio: 0,5000, Drift: 2,000, Error reduction coefficient: 0,000, Error: 0,0000 s
abr 04, 2013 12:33:16 PM org.ros.time.RemoteUptimeClock update
INFO: Latency: 31,0000 s, Delta ratio: 0,5000, Drift: 2,000, Error reduction coefficient: 0,000, Error: 0,0000 s
abr 04, 2013 12:33:16 PM org.ros.time.RemoteUptimeClock update
INFO: Latency: 31,0000 s, Delta ratio: 0,5000, Drift: 2,000, Error reduction coefficient: 0,000, Error: 0,0000 s
abr 04, 2013 12:33:16 PM org.ros.time.RemoteUptimeClock update
INFO: Latency: 31,0000 s, Delta ratio: 0,5000, Drift: 2,000, Error reduction coefficient: 0,000, Error: 0,0000 s
abr 04, 2013 12:33:16 PM org.ros.time.RemoteUptimeClock update
INFO: Latency: 31,0000 s, Delta ratio: 0,5000, Drift: 2,000, Error reduction coefficient: 0,000, Error: 0,0000 s
abr 04, 2013 12:33:16 PM org.ros.time.RemoteUptimeClock update
INFO: Latency: 31,0000 s, Delta ratio: 0,5000, Drift: 2,000, Error reduction coefficient: 0,000, Error: 0,0000 s
abr 04, 2013 12:33:16 PM org.ros.time.RemoteUptimeClock update
INFO: Latency: 31,0000 s, Delta ratio: 0,5000, Drift: 2,000, Error reduction coefficient: 0,000, Error: 0,0000 s
abr 04, 2013 12:33:16 PM org.ros.time.RemoteUptimeClock update
INFO: Latency: 31,0000 s, Delta ratio: 0,5000, Drift: 2,000, Error reduction coefficient: 0,000, Error: 0,0000 s
abr 04, 2013 12:33:16 PM org.ros.time.RemoteUptimeClock update
INFO: Latency: 31,0000 s, Delta ratio: 0,5000, Drift: 2,000, Error reduction coefficient: 0,000, Error: 0,0000 s
abr 04, 2013 12:33:16 PM org.ros.time.RemoteUptimeClock update
INFO: Latency: 31,0000 s, Delta ratio: 0,5000, Drift: 2,000, Error reduction coefficient: 0,000, Error: 0,0000 s
abr 04, 2013 12:33:16 PM org.ros.time.RemoteUptimeClock update
INFO: Latency: 31,0000 s, Delta ratio: 0,5000, Drift: 2,000, Error reduction coefficient: 0,000, Error: 0,0000 s
abr 04, 2013 12:33:16 PM org.ros.time.RemoteUptimeClock update
INFO: Latency: 31,0000 s, Delta ratio: 0,5000, Drift: 2,000, Error reduction coefficient: 0,000, Error: 0,0000 s
abr 04, 2013 12:33:16 PM org.ros.time.RemoteUptimeClock update
INFO: Latency: 31,0000 s, Delta ratio: 0,5000, Drift: 2,000, Error reduction coefficient: 0,000, Error: 0,0000 s
abr 04, 2013 12:33:16 PM org.ros.time.RemoteUptimeClock update
INFO: Latency: 31,0000 s, Delta ratio: 0,5000, Drift: 2,000, Error reduction coefficient: 0,000, Error: 0,0000 s
abr 04, 2013 12:33:16 PM org.ros.time.RemoteUptimeClock update
INFO: Latency: 31,0000 s, Delta ratio: 0,5000, Drift: 2,000, Error reduction coefficient: 0,000, Error: 0,0000 s
abr 04, 2013 12:33:16 PM org.ros.time.RemoteUptimeClock update
INFO: Latency: 31,0000 s, Delta ratio: 0,5000, Drift: 2,000, Error reduction coefficient: 0,000, Error: 0,0000 s
abr 04, 2013 12:33:16 PM org.ros.time.RemoteUptimeClock update
INFO: Latency: 31,0000 s, Delta ratio: 0,5000, Drift: 2,000, Error reduction coefficient: 0,000, Error: 0,0000 s
abr 04, 2013 12:33:16 PM org.ros.time.RemoteUptimeClock update
INFO: Latency: 31,0000 s, Delta ratio: 0,5000, Drift: 2,000, Error reduction coefficient: 0,000, Error: 0,0000 s
abr 04, 2013 12:33:16 PM org.ros.time.RemoteUptimeClock update
INFO: Latency: 31,0000 s, Delta ratio: 0,5000, Drift: 2,000, Error reduction coefficient: 0,000, Error: 0,0000 s
abr 04, 2013 12:33:16 PM org.ros.time.RemoteUptimeClock update
INFO: Latency: 31,0000 s, Delta ratio: 0,5000, Drift: 2,000, Error reduction coefficient: 0,000, Error: 0,0000 s
abr 04, 2013 12:33:16 PM org.ros.time.RemoteUptimeClock update
INFO: Latency: 31,0000 s, Delta ratio: 0,5000, Drift: 2,000, Error reduction coefficient: 0,000, Error: 0,0000 s
abr 04, 2013 12:33:16 PM org.ros.time.RemoteUptimeClock update
INFO: Latency: 31,0000 s, Delta ratio: 0,5000, Drift: 2,000, Error reduction coefficient: 0,000, Error: 0,0000 s
abr 04, 2013 12:33:16 PM org.ros.time.RemoteUptimeClock update
INFO: Latency: 31,0000 s, Delta ratio: 0,5000, Drift: 2,000, Error reduction coefficient: 0,000, Error: 0,0000 s
abr 04, 2013 12:33:16 PM org.ros.time.RemoteUptimeClock update
INFO: Latency: 31,0000 s, Delta ratio: 0,5000, Drift: 2,000, Error reduction coefficient: 0,000, Error: 0,0000 s
abr 04, 2013 12:33:16 PM org.ros.time.RemoteUptimeClock update
INFO: Latency: 31,0000 s, Delta ratio: 0,5000, Drift: 2,000, Error reduction coefficient: 0,000, Error: 0,0000 s
abr 04, 2013 12:33:16 PM org.ros.time.RemoteUptimeClock update
INFO: Latency: 31,0000 s, Delta ratio: 0,5000, Drift: 2,000, Error reduction coefficient: 0,000, Error: 0,0000 s
abr 04, 2013 12:33:16 PM org.ros.time.RemoteUptimeClock update
INFO: Latency: 31,0000 s, Delta ratio: 0,5000, Drift: 2,000, Error reduction coefficient: 0,000, Error: 0,0000 s
abr 04, 2013 12:33:16 PM org.ros.time.RemoteUptimeClock update
INFO: Latency: 31,0000 s, Delta ratio: 0,5000, Drift: 2,000, Error reduction coefficient: 0,000, Error: 0,0000 s
abr 04, 2013 12:33:16 PM org.ros.time.RemoteUptimeClock update
INFO: Latency: 31,0000 s, Delta ratio: 0,5000, Drift: 2,000, Error reduction coefficient: 0,000, Error: 0,0000 s
abr 04, 2013 12:33:16 PM org.ros.time.RemoteUptimeClock update
INFO: Latency: 31,0000 s, Delta ratio: 0,5000, Drift: 2,000, Error reduction coefficient: 0,000, Error: 0,0000 s
abr 04, 2013 12:33:16 PM org.ros.time.RemoteUptimeClock update
INFO: Latency: 31,0000 s, Delta ratio: 0,5000, Drift: 2,000, Error reduction coefficient: 0,000, Error: 0,0000 s
abr 04, 2013 12:33:16 PM org.ros.time.RemoteUptimeClock update
INFO: Latency: 31,0000 s, Delta ratio: 0,5000, Drift: 2,000, Error reduction coefficient: 0,000, Error: 0,0000 s
abr 04, 2013 12:33:16 PM org.ros.time.RemoteUptimeClock update
INFO: Latency: 31,0000 s, Delta ratio: 0,5000, Drift: 2,000, Error reduction coefficient: 0,000, Error: 0,0000 s
abr 04, 2013 12:33:16 PM org.ros.time.RemoteUptimeClock update
INFO: Latency: 31,0000 s, Delta ratio: 0,5000, Drift: 2,000, Error reduction coefficient: 0,000, Error: 0,0000 s
abr 04, 2013 12:33:16 PM org.ros.time.RemoteUptimeClock update
INFO: Latency: 31,0000 s, Delta ratio: 0,5000, Drift: 2,000, Error reduction coefficient: 0,000, Error: 0,0000 s
abr 04, 2013 12:33:16 PM org.ros.time.RemoteUptimeClock update
INFO: Latency: 31,0000 s, Delta ratio: 0,5000, Drift: 2,000, Error reduction coefficient: 0,000, Error: 0,0000 s
abr 04, 2013 12:33:16 PM org.ros.time.RemoteUptimeClock update
INFO: Latency: 31,0000 s, Delta ratio: 0,5000, Drift: 2,000, Error reduction coefficient: 0,000, Error: 0,0000 s
abr 04, 2013 12:33:16 PM org.ros.time.RemoteUptimeClock update
INFO: Latency: 31,0000 s, Delta ratio: 0,5000, Drift: 2,000, Error reduction coefficient: 0,000, Error: 0,0000 s
abr 04, 2013 12:33:16 PM org.ros.time.RemoteUptimeClock update
INFO: Latency: 31,0000 s, Delta ratio: 0,5000, Drift: 2,000, Error reduction coefficient: 0,000, Error: 0,0000 s
abr 04, 2013 12:33:16 PM org.ros.time.RemoteUptimeClock update
INFO: Latency: 31,0000 s, Delta ratio: 0,5000, Drift: 2,000, Error reduction coefficient: 0,000, Error: 0,0000 s
abr 04, 2013 12:33:16 PM org.ros.time.RemoteUptimeClock update
INFO: Latency: 31,0000 s, Delta ratio: 0,5000, Drift: 2,000, Error reduction coefficient: 0,000, Error: 0,0000 s
abr 04, 2013 12:33:16 PM org.ros.time.RemoteUptimeClock update
INFO: Latency: 31,0000 s, Delta ratio: 0,5000, Drift: 2,000, Error reduction coefficient: 0,000, Error: 0,0000 s
abr 04, 2013 12:33:16 PM org.ros.time.RemoteUptimeClock update
INFO: Latency: 31,0000 s, Delta ratio: 0,5000, Drift: 2,000, Error reduction coefficient: 0,000, Error: 0,0000 s
abr 04, 2013 12:33:16 PM org.ros.time.RemoteUptimeClock update
INFO: Latency: 31,0000 s, Delta ratio: 0,5000, Drift: 2,000, Error reduction coefficient: 0,000, Error: 0,0000 s
abr 04, 2013 12:33:16 PM org.ros.time.RemoteUptimeClock update
INFO: Latency: 31,0000 s, Delta ratio: 0,5000, Drift: 2,000, Error reduction coefficient: 0,000, Error: 0,0000 s
abr 04, 2013 12:33:16 PM org.ros.time.RemoteUptimeClock update
INFO: Latency: 31,0000 s, Delta ratio: 0,5000, Drift: 2,000, Error reduction coefficient: 0,000, Error: 0,0000 s
abr 04, 2013 12:33:16 PM org.ros.time.RemoteUptimeClock update
INFO: Latency: 31,0000 s, Delta ratio: 0,5000, Drift: 2,000, Error reduction coefficient: 0,000, Error: 0,0000 s
abr 04, 2013 12:33:16 PM org.ros.time.RemoteUptimeClock update
INFO: Latency: 31,0000 s, Delta ratio: 0,5000, Drift: 2,000, Error reduction coefficient: 0,000, Error: 0,0000 s
abr 04, 2013 12:33:16 PM org.ros.time.RemoteUptimeClock update
INFO: Latency: 31,0000 s, Delta ratio: 0,5000, Drift: 2,000, Error reduction coefficient: 0,000, Error: 0,0000 s
abr 04, 2013 12:33:16 PM org.ros.time.RemoteUptimeClock update
INFO: Latency: 31,0000 s, Delta ratio: 0,5000, Drift: 2,000, Error reduction coefficient: 0,000, Error: 0,0000 s
abr 04, 2013 12:33:16 PM org.ros.time.RemoteUptimeClock update
INFO: Latency: 31,0000 s, Delta ratio: 0,5000, Drift: 2,000, Error reduction coefficient: 0,000, Error: 0,0000 s
abr 04, 2013 12:33:16 PM org.ros.time.RemoteUptimeClock update
INFO: Latency: 31,0000 s, Delta ratio: 0,5000, Drift: 2,000, Error reduction coefficient: 0,000, Error: 0,0000 s
abr 04, 2013 12:33:16 PM org.ros.time.RemoteUptimeClock update
INFO: Latency: 31,0000 s, Delta ratio: 0,5000, Drift: 2,000, Error reduction coefficient: 0,000, Error: 0,0000 s
abr 04, 2013 12:33:16 PM org.ros.time.RemoteUptimeClock update
INFO: Latency: 31,0000 s, Delta ratio: 0,5000, Drift: 2,000, Error reduction coefficient: 0,000, Error: 0,0000 s
abr 04, 2013 12:33:16 PM org.ros.time.RemoteUptimeClock update
INFO: Latency: 31,0000 s, Delta ratio: 0,5000, Drift: 2,000, Error reduction coefficient: 0,000, Error: 0,0000 s
abr 04, 2013 12:33:16 PM org.ros.time.RemoteUptimeClock update
INFO: Latency: 31,0000 s, Delta ratio: 0,5000, Drift: 2,000, Error reduction coefficient: 0,000, Error: 0,0000 s
abr 04, 2013 12:33:16 PM org.ros.time.RemoteUptimeClock update
INFO: Latency: 31,0000 s, Delta ratio: 0,5000, Drift: 2,000, Error reduction coefficient: 0,000, Error: 0,0000 s
abr 04, 2013 12:33:16 PM org.ros.time.RemoteUptimeClock update
INFO: Latency: 31,0000 s, Delta ratio: 0,5000, Drift: 2,000, Error reduction coefficient: 0,000, Error: 0,0000 s
abr 04, 2013 12:33:16 PM org.ros.time.RemoteUptimeClock update
INFO: Latency: 31,0000 s, Delta ratio: 0,5000, Drift: 2,000, Error reduction coefficient: 0,000, Error: 0,0000 s
abr 04, 2013 12:33:16 PM org.ros.time.RemoteUptimeClock update
INFO: Latency: 31,0000 s, Delta ratio: 0,5000, Drift: 2,000, Error reduction coefficient: 0,000, Error: 0,0000 s
abr 04, 2013 12:33:16 PM org.ros.time.RemoteUptimeClock update
INFO: Latency: 31,0000 s, Delta ratio: 0,5000, Drift: 2,000, Error reduction coefficient: 0,000, Error: 0,0000 s
abr 04, 2013 12:33:16 PM org.ros.time.RemoteUptimeClock update
INFO: Latency: 31,0000 s, Delta ratio: 0,5000, Drift: 2,000, Error reduction coefficient: 0,000, Error: 0,0000 s
abr 04, 2013 12:33:16 PM org.ros.time.RemoteUptimeClock update
INFO: Latency: 31,0000 s, Delta ratio: 0,5000, Drift: 2,000, Error reduction coefficient: 0,000, Error: 0,0000 s
abr 04, 2013 12:33:16 PM org.ros.time.RemoteUptimeClock update
INFO: Latency: 31,0000 s, Delta ratio: 0,5000, Drift: 2,000, Error reduction coefficient: 0,000, Error: 0,0000 s
abr 04, 2013 12:33:16 PM org.ros.time.RemoteUptimeClock update
INFO: Latency: 31,0000 s, Delta ratio: 0,5000, Drift: 2,000, Error reduction coefficient: 0,000, Error: 0,0000 s
abr 04, 2013 12:33:16 PM org.ros.time.RemoteUptimeClock update
INFO: Latency: 31,0000 s, Delta ratio: 0,5000, Drift: 2,000, Error reduction coefficient: 0,000, Error: 0,0000 s
abr 04, 2013 12:33:16 PM org.ros.time.RemoteUptimeClock update
INFO: Latency: 31,0000 s, Delta ratio: 0,5000, Drift: 2,000, Error reduction coefficient: 0,000, Error: 0,0000 s
abr 04, 2013 12:33:16 PM org.ros.time.RemoteUptimeClock update
INFO: Latency: 31,0000 s, Delta ratio: 0,5000, Drift: 2,000, Error reduction coefficient: 0,000, Error: 0,0000 s
abr 04, 2013 12:33:16 PM org.ros.time.RemoteUptimeClock update
INFO: Latency: 31,0000 s, Delta ratio: 0,5000, Drift: 2,000, Error reduction coefficient: 0,000, Error: 0,0000 s
abr 04, 2013 12:33:16 PM org.ros.time.RemoteUptimeClock update
INFO: Latency: 31,0000 s, Delta ratio: 0,5000, Drift: 2,000, Error reduction coefficient: 0,000, Error: 0,0000 s
abr 04, 2013 12:33:16 PM org.ros.time.RemoteUptimeClock update
INFO: Latency: 31,0000 s, Delta ratio: 0,5000, Drift: 2,000, Error reduction coefficient: 0,000, Error: 0,0000 s
abr 04, 2013 12:33:16 PM org.ros.time.RemoteUptimeClock update
INFO: Latency: 31,0000 s, Delta ratio: 0,5000, Drift: 2,000, Error reduction coefficient: 0,000, Error: 0,0000 s
abr 04, 2013 12:33:16 PM org.ros.time.RemoteUptimeClock update
INFO: Latency: 31,0000 s, Delta ratio: 0,5000, Drift: 2,000, Error reduction coefficient: 0,000, Error: 0,0000 s
abr 04, 2013 12:33:16 PM org.ros.time.RemoteUptimeClock update
INFO: Latency: 31,0000 s, Delta ratio: 0,5000, Drift: 2,000, Error reduction coefficient: 0,000, Error: 0,0000 s
abr 04, 2013 12:33:16 PM org.ros.time.RemoteUptimeClock update
INFO: Latency: 31,0000 s, Delta ratio: 0,5000, Drift: 2,000, Error reduction coefficient: 0,000, Error: 0,0000 s
abr 04, 2013 12:33:16 PM org.ros.time.RemoteUptimeClock update
INFO: Latency: 31,0000 s, Delta ratio: 0,5000, Drift: 2,000, Error reduction coefficient: 0,000, Error: 0,0000 s
abr 04, 2013 12:33:16 PM org.ros.time.RemoteUptimeClock update
INFO: Latency: 31,0000 s, Delta ratio: 0,5000, Drift: 2,000, Error reduction coefficient: 0,000, Error: 0,0000 s
abr 04, 2013 12:33:16 PM org.ros.time.RemoteUptimeClock update
INFO: Latency: 31,0000 s, Delta ratio: 0,5000, Drift: 2,000, Error reduction coefficient: 0,000, Error: 0,0000 s
abr 04, 2013 12:33:16 PM org.ros.time.RemoteUptimeClock update
INFO: Latency: 31,0000 s, Delta ratio: 0,5000, Drift: 2,000, Error reduction coefficient: 0,000, Error: 0,0000 s
abr 04, 2013 12:33:16 PM org.ros.time.RemoteUptimeClock update
INFO: Latency: 31,0000 s, Delta ratio: 0,5000, Drift: 2,000, Error reduction coefficient: 0,000, Error: 0,0000 s
abr 04, 2013 12:33:16 PM org.ros.time.RemoteUptimeClock update
INFO: Latency: 31,0000 s, Delta ratio: 0,5000, Drift: 2,000, Error reduction coefficient: 0,000, Error: 0,0000 s
abr 04, 2013 12:33:16 PM org.ros.time.RemoteUptimeClock update
INFO: Latency: 31,0000 s, Delta ratio: 0,5000, Drift: 2,000, Error reduction coefficient: 0,000, Error: 0,0000 s
abr 04, 2013 12:33:16 PM org.ros.time.RemoteUptimeClock update
INFO: Latency: 31,0000 s, Delta ratio: 0,5000, Drift: 2,000, Error reduction coefficient: 0,000, Error: 0,0000 s
abr 04, 2013 12:33:16 PM org.ros.time.RemoteUptimeClock update
INFO: Latency: 31,0000 s, Delta ratio: 0,5000, Drift: 2,000, Error reduction coefficient: 0,000, Error: 0,0000 s
abr 04, 2013 12:33:16 PM org.ros.time.RemoteUptimeClock update
INFO: Latency: 31,0000 s, Delta ratio: 0,5000, Drift: 2,000, Error reduction coefficient: 0,000, Error: 0,0000 s
abr 04, 2013 12:33:16 PM org.ros.time.RemoteUptimeClock update
INFO: Latency: 31,0000 s, Delta ratio: 0,5000, Drift: 2,000, Error reduction coefficient: 0,000, Error: 0,0000 s
abr 04, 2013 12:33:16 PM org.ros.time.RemoteUptimeClock update
INFO: Latency: 31,0000 s, Delta ratio: 0,5000, Drift: 2,000, Error reduction coefficient: 0,000, Error: 0,0000 s
abr 04, 2013 12:33:16 PM org.ros.time.RemoteUptimeClock update
INFO: Latency: 31,0000 s, Delta ratio: 0,5000, Drift: 2,000, Error reduction coefficient: 0,000, Error: 0,0000 s
abr 04, 2013 12:33:16 PM org.ros.time.RemoteUptimeClock update
INFO: Latency: 31,0000 s, Delta ratio: 0,5000, Drift: 2,000, Error reduction coefficient: 0,000, Error: 0,0000 s
abr 04, 2013 12:33:16 PM org.ros.time.RemoteUptimeClock update
INFO: Latency: 31,0000 s, Delta ratio: 0,5000, Drift: 2,000, Error reduction coefficient: 0,000, Error: 0,0000 s
abr 04, 2013 12:33:16 PM org.ros.time.RemoteUptimeClock update
INFO: Latency: 31,0000 s, Delta ratio: 0,5000, Drift: 2,000, Error reduction coefficient: 0,000, Error: 0,0000 s
abr 04, 2013 12:33:16 PM org.ros.time.RemoteUptimeClock update
INFO: Latency: 31,0000 s, Delta ratio: 0,5000, Drift: 2,000, Error reduction coefficient: 0,000, Error: 0,0000 s
abr 04, 2013 12:33:16 PM org.ros.time.RemoteUptimeClock update
INFO: Latency: 31,0000 s, Delta ratio: 0,5000, Drift: 2,000, Error reduction coefficient: 0,000, Error: 0,0000 s
abr 04, 2013 12:33:16 PM org.ros.time.RemoteUptimeClock update
INFO: Latency: 31,0000 s, Delta ratio: 0,5000, Drift: 2,000, Error reduction coefficient: 0,000, Error: 0,0000 s
abr 04, 2013 12:33:16 PM org.ros.time.RemoteUptimeClock update
INFO: Latency: 31,0000 s, Delta ratio: 0,5000, Drift: 2,000, Error reduction coefficient: 0,000, Error: 0,0000 s
abr 04, 2013 12:33:16 PM org.ros.time.RemoteUptimeClock update
INFO: Latency: 31,0000 s, Delta ratio: 0,5000, Drift: 2,000, Error reduction coefficient: 0,000, Error: 0,0000 s
abr 04, 2013 12:33:16 PM org.ros.time.RemoteUptimeClock update
INFO: Latency: 31,0000 s, Delta ratio: 0,5000, Drift: 2,000, Error reduction coefficient: 0,000, Error: 0,0000 s
abr 04, 2013 12:33:16 PM org.ros.time.RemoteUptimeClock update
INFO: Latency: 31,0000 s, Delta ratio: 0,5000, Drift: 2,000, Error reduction coefficient: 0,000, Error: 0,0000 s
abr 04, 2013 12:33:16 PM org.ros.time.RemoteUptimeClock update
INFO: Latency: 31,0000 s, Delta ratio: 0,5000, Drift: 2,000, Error reduction coefficient: 0,000, Error: 0,0000 s
abr 04, 2013 12:33:16 PM org.ros.time.RemoteUptimeClock update
INFO: Latency: 31,0000 s, Delta ratio: 0,5000, Drift: 2,000, Error reduction coefficient: 0,000, Error: 0,0000 s
abr 04, 2013 12:33:16 PM org.ros.time.RemoteUptimeClock update
INFO: Latency: 31,0000 s, Delta ratio: 0,5000, Drift: 2,000, Error reduction coefficient: 0,000, Error: 0,0000 s
abr 04, 2013 12:33:16 PM org.ros.time.RemoteUptimeClock update
INFO: Latency: 31,0000 s, Delta ratio: 0,5000, Drift: 2,000, Error reduction coefficient: 0,000, Error: 0,0000 s
abr 04, 2013 12:33:16 PM org.ros.time.RemoteUptimeClock update
INFO: Latency: 31,0000 s, Delta ratio: 0,5000, Drift: 2,000, Error reduction coefficient: 0,000, Error: 0,0000 s
abr 04, 2013 12:33:16 PM org.ros.time.RemoteUptimeClock update
INFO: Latency: 31,0000 s, Delta ratio: 0,5000, Drift: 2,000, Error reduction coefficient: 0,000, Error: 0,0000 s
abr 04, 2013 12:33:16 PM org.ros.time.RemoteUptimeClock update
INFO: Latency: 31,0000 s, Delta ratio: 0,5000, Drift: 2,000, Error reduction coefficient: 0,000, Error: 0,0000 s
abr 04, 2013 12:33:16 PM org.ros.time.RemoteUptimeClock update
INFO: Latency: 31,0000 s, Delta ratio: 0,5000, Drift: 2,000, Error reduction coefficient: 0,000, Error: 0,0000 s
abr 04, 2013 12:33:16 PM org.ros.time.RemoteUptimeClock update
INFO: Latency: 31,0000 s, Delta ratio: 0,5000, Drift: 2,000, Error reduction coefficient: 0,000, Error: 0,0000 s
abr 04, 2013 12:33:16 PM org.ros.time.RemoteUptimeClock update
INFO: Latency: 31,0000 s, Delta ratio: 0,5000, Drift: 2,000, Error reduction coefficient: 0,000, Error: 0,0000 s
abr 04, 2013 12:33:16 PM org.ros.time.RemoteUptimeClock update
INFO: Latency: 31,0000 s, Delta ratio: 0,5000, Drift: 2,000, Error reduction coefficient: 0,000, Error: 0,0000 s
abr 04, 2013 12:33:16 PM org.ros.time.RemoteUptimeClock update
INFO: Latency: 31,0000 s, Delta ratio: 0,5000, Drift: 2,000, Error reduction coefficient: 0,000, Error: 0,0000 s
abr 04, 2013 12:33:16 PM org.ros.time.RemoteUptimeClock update
INFO: Latency: 31,0000 s, Delta ratio: 0,5000, Drift: 2,000, Error reduction coefficient: 0,000, Error: 0,0000 s
abr 04, 2013 12:33:16 PM org.ros.time.RemoteUptimeClock update
INFO: Latency: 31,0000 s, Delta ratio: 0,5000, Drift: 2,000, Error reduction coefficient: 0,000, Error: 0,0000 s
abr 04, 2013 12:33:16 PM org.ros.time.RemoteUptimeClock update
INFO: Latency: 31,0000 s, Delta ratio: 0,5000, Drift: 2,000, Error reduction coefficient: 0,000, Error: 0,0000 s
abr 04, 2013 12:33:16 PM org.ros.time.RemoteUptimeClock update
INFO: Latency: 31,0000 s, Delta ratio: 0,5000, Drift: 2,000, Error reduction coefficient: 0,000, Error: 0,0000 s
abr 04, 2013 12:33:16 PM org.ros.time.RemoteUptimeClock update
INFO: Latency: 31,0000 s, Delta ratio: 0,5000, Drift: 2,000, Error reduction coefficient: 0,000, Error: 0,0000 s
abr 04, 2013 12:33:16 PM org.ros.time.RemoteUptimeClock update
INFO: Latency: 31,0000 s, Delta ratio: 0,5000, Drift: 2,000, Error reduction coefficient: 0,000, Error: 0,0000 s
abr 04, 2013 12:33:16 PM org.ros.time.RemoteUptimeClock update
INFO: Latency: 31,0000 s, Delta ratio: 0,5000, Drift: 2,000, Error reduction coefficient: 0,000, Error: 0,0000 s
abr 04, 2013 12:33:16 PM org.ros.time.RemoteUptimeClock update
INFO: Latency: 31,0000 s, Delta ratio: 0,5000, Drift: 2,000, Error reduction coefficient: 0,000, Error: 0,0000 s
abr 04, 2013 12:33:16 PM org.ros.time.RemoteUptimeClock update
INFO: Latency: 31,0000 s, Delta ratio: 0,5000, Drift: 2,000, Error reduction coefficient: 0,000, Error: 0,0000 s
abr 04, 2013 12:33:16 PM org.ros.time.RemoteUptimeClock update
INFO: Latency: 31,0000 s, Delta ratio: 0,5000, Drift: 2,000, Error reduction coefficient: 0,000, Error: 0,0000 s
abr 04, 2013 12:33:16 PM org.ros.time.RemoteUptimeClock update
INFO: Latency: 31,0000 s, Delta ratio: 0,5000, Drift: 2,000, Error reduction coefficient: 0,000, Error: 0,0000 s
abr 04, 2013 12:33:16 PM org.ros.time.RemoteUptimeClock update
INFO: Latency: 31,0000 s, Delta ratio: 0,5000, Drift: 2,000, Error reduction coefficient: 0,000, Error: 0,0000 s
abr 04, 2013 12:33:16 PM org.ros.time.RemoteUptimeClock update
INFO: Latency: 31,0000 s, Delta ratio: 0,5000, Drift: 2,000, Error reduction coefficient: 0,000, Error: 0,0000 s
abr 04, 2013 12:33:16 PM org.ros.time.RemoteUptimeClock update
INFO: Latency: 31,0000 s, Delta ratio: 0,5000, Drift: 2,000, Error reduction coefficient: 0,000, Error: 0,0000 s
abr 04, 2013 12:33:16 PM org.ros.time.RemoteUptimeClock update
INFO: Latency: 31,0000 s, Delta ratio: 0,5000, Drift: 2,000, Error reduction coefficient: 0,000, Error: 0,0000 s
abr 04, 2013 12:33:16 PM org.ros.time.RemoteUptimeClock update
INFO: Latency: 31,0000 s, Delta ratio: 0,5000, Drift: 2,000, Error reduction coefficient: 0,000, Error: 0,0000 s
abr 04, 2013 12:33:16 PM org.ros.time.RemoteUptimeClock update
INFO: Latency: 31,0000 s, Delta ratio: 0,5000, Drift: 2,000, Error reduction coefficient: 0,000, Error: 0,0000 s
abr 04, 2013 12:33:16 PM org.ros.time.RemoteUptimeClock update
INFO: Latency: 31,0000 s, Delta ratio: 0,5000, Drift: 2,000, Error reduction coefficient: 0,000, Error: 0,0000 s
abr 04, 2013 12:33:16 PM org.ros.time.RemoteUptimeClock update
INFO: Latency: 31,0000 s, Delta ratio: 0,5000, Drift: 2,000, Error reduction coefficient: 0,000, Error: 0,0000 s
abr 04, 2013 12:33:16 PM org.ros.time.RemoteUptimeClock update
INFO: Latency: 31,0000 s, Delta ratio: 0,5000, Drift: 2,000, Error reduction coefficient: 0,000, Error: 0,0000 s
abr 04, 2013 12:33:16 PM org.ros.time.RemoteUptimeClock update
INFO: Latency: 31,0000 s, Delta ratio: 0,5000, Drift: 2,000, Error reduction coefficient: 0,000, Error: 0,0000 s
abr 04, 2013 12:33:16 PM org.ros.time.RemoteUptimeClock update
INFO: Latency: 31,0000 s, Delta ratio: 0,5000, Drift: 2,000, Error reduction coefficient: 0,000, Error: 0,0000 s
abr 04, 2013 12:33:16 PM org.ros.time.RemoteUptimeClock update
INFO: Latency: 31,0000 s, Delta ratio: 0,5000, Drift: 2,000, Error reduction coefficient: 0,000, Error: 0,0000 s
abr 04, 2013 12:33:16 PM org.ros.time.RemoteUptimeClock update
INFO: Latency: 31,0000 s, Delta ratio: 0,5000, Drift: 2,000, Error reduction coefficient: 0,000, Error: 0,0000 s
abr 04, 2013 12:33:16 PM org.ros.time.RemoteUptimeClock update
INFO: Latency: 31,0000 s, Delta ratio: 0,5000, Drift: 2,000, Error reduction coefficient: 0,000, Error: 0,0000 s
abr 04, 2013 12:33:16 PM org.ros.time.RemoteUptimeClock update
INFO: Latency: 31,0000 s, Delta ratio: 0,5000, Drift: 2,000, Error reduction coefficient: 0,000, Error: 0,0000 s
abr 04, 2013 12:33:16 PM org.ros.time.RemoteUptimeClock update
INFO: Latency: 31,0000 s, Delta ratio: 0,5000, Drift: 2,000, Error reduction coefficient: 0,000, Error: 0,0000 s
abr 04, 2013 12:33:16 PM org.ros.time.RemoteUptimeClock update
INFO: Latency: 31,0000 s, Delta ratio: 0,5000, Drift: 2,000, Error reduction coefficient: 0,000, Error: 0,0000 s
abr 04, 2013 12:33:16 PM org.ros.time.RemoteUptimeClock update
INFO: Latency: 31,0000 s, Delta ratio: 0,5000, Drift: 2,000, Error reduction coefficient: 0,000, Error: 0,0000 s
abr 04, 2013 12:33:16 PM org.ros.time.RemoteUptimeClock update
INFO: Latency: 31,0000 s, Delta ratio: 0,5000, Drift: 2,000, Error reduction coefficient: 0,000, Error: 0,0000 s
abr 04, 2013 12:33:16 PM org.ros.time.RemoteUptimeClock update
INFO: Latency: 31,0000 s, Delta ratio: 0,5000, Drift: 2,000, Error reduction coefficient: 0,000, Error: 0,0000 s
abr 04, 2013 12:33:16 PM org.ros.time.RemoteUptimeClock update
INFO: Latency: 31,0000 s, Delta ratio: 0,5000, Drift: 2,000, Error reduction coefficient: 0,000, Error: 0,0000 s
abr 04, 2013 12:33:16 PM org.ros.time.RemoteUptimeClock update
INFO: Latency: 31,0000 s, Delta ratio: 0,5000, Drift: 2,000, Error reduction coefficient: 0,000, Error: 0,0000 s
abr 04, 2013 12:33:16 PM org.ros.time.RemoteUptimeClock update
INFO: Latency: 31,0000 s, Delta ratio: 0,5000, Drift: 2,000, Error reduction coefficient: 0,000, Error: 0,0000 s
abr 04, 2013 12:33:16 PM org.ros.time.RemoteUptimeClock update
INFO: Latency: 31,0000 s, Delta ratio: 0,5000, Drift: 2,000, Error reduction coefficient: 0,000, Error: 0,0000 s
abr 04, 2013 12:33:16 PM org.ros.time.RemoteUptimeClock update
INFO: Latency: 31,0000 s, Delta ratio: 0,5000, Drift: 2,000, Error reduction coefficient: 0,000, Error: 0,0000 s
abr 04, 2013 12:33:16 PM org.ros.time.RemoteUptimeClock update
INFO: Latency: 31,0000 s, Delta ratio: 0,5000, Drift: 2,000, Error reduction coefficient: 0,000, Error: 0,0000 s
abr 04, 2013 12:33:16 PM org.ros.time.RemoteUptimeClock update
INFO: Latency: 31,0000 s, Delta ratio: 0,5000, Drift: 2,000, Error reduction coefficient: 0,000, Error: 0,0000 s
abr 04, 2013 12:33:16 PM org.ros.time.RemoteUptimeClock update
INFO: Latency: 31,0000 s, Delta ratio: 0,5000, Drift: 2,000, Error reduction coefficient: 0,000, Error: 0,0000 s
abr 04, 2013 12:33:16 PM org.ros.time.RemoteUptimeClock update
INFO: Latency: 31,0000 s, Delta ratio: 0,5000, Drift: 2,000, Error reduction coefficient: 0,000, Error: 0,0000 s
abr 04, 2013 12:33:16 PM org.ros.time.RemoteUptimeClock update
INFO: Latency: 31,0000 s, Delta ratio: 0,5000, Drift: 2,000, Error reduction coefficient: 0,000, Error: 0,0000 s
abr 04, 2013 12:33:16 PM org.ros.time.RemoteUptimeClock update
INFO: Latency: 31,0000 s, Delta ratio: 0,5000, Drift: 2,000, Error reduction coefficient: 0,000, Error: 0,0000 s
abr 04, 2013 12:33:16 PM org.ros.time.RemoteUptimeClock update
INFO: Latency: 31,0000 s, Delta ratio: 0,5000, Drift: 2,000, Error reduction coefficient: 0,000, Error: 0,0000 s
abr 04, 2013 12:33:16 PM org.ros.time.RemoteUptimeClock update
INFO: Latency: 31,0000 s, Delta ratio: 0,5000, Drift: 2,000, Error reduction coefficient: 0,000, Error: 0,0000 s
abr 04, 2013 12:33:16 PM org.ros.time.RemoteUptimeClock update
INFO: Latency: 31,0000 s, Delta ratio: 0,5000, Drift: 2,000, Error reduction coefficient: 0,000, Error: 0,0000 s
abr 04, 2013 12:33:16 PM org.ros.time.RemoteUptimeClock update
INFO: Latency: 31,0000 s, Delta ratio: 0,5000, Drift: 2,000, Error reduction coefficient: 0,000, Error: 0,0000 s
abr 04, 2013 12:33:16 PM org.ros.time.RemoteUptimeClock update
INFO: Latency: 31,0000 s, Delta ratio: 0,5000, Drift: 2,000, Error reduction coefficient: 0,000, Error: 0,0000 s
abr 04, 2013 12:33:16 PM org.ros.time.RemoteUptimeClock update
INFO: Latency: 31,0000 s, Delta ratio: 0,5000, Drift: 2,000, Error reduction coefficient: 0,000, Error: 0,0000 s
abr 04, 2013 12:33:16 PM org.ros.time.RemoteUptimeClock update
INFO: Latency: 31,0000 s, Delta ratio: 0,5000, Drift: 2,000, Error reduction coefficient: 0,000, Error: 0,0000 s
abr 04, 2013 12:33:16 PM org.ros.time.RemoteUptimeClock update
INFO: Latency: 31,0000 s, Delta ratio: 0,5000, Drift: 2,000, Error reduction coefficient: 0,000, Error: 0,0000 s
abr 04, 2013 12:33:16 PM org.ros.time.RemoteUptimeClock update
INFO: Latency: 31,0000 s, Delta ratio: 0,5000, Drift: 2,000, Error reduction coefficient: 0,000, Error: 0,0000 s
abr 04, 2013 12:33:16 PM org.ros.time.RemoteUptimeClock update
INFO: Latency: 31,0000 s, Delta ratio: 0,5000, Drift: 2,000, Error reduction coefficient: 0,000, Error: 0,0000 s
abr 04, 2013 12:33:16 PM org.ros.time.RemoteUptimeClock update
INFO: Latency: 31,0000 s, Delta ratio: 0,5000, Drift: 2,000, Error reduction coefficient: 0,000, Error: 0,0000 s
abr 04, 2013 12:33:16 PM org.ros.time.RemoteUptimeClock update
INFO: Latency: 31,0000 s, Delta ratio: 0,5000, Drift: 2,000, Error reduction coefficient: 0,000, Error: 0,0000 s
abr 04, 2013 12:33:16 PM org.ros.time.RemoteUptimeClock update
INFO: Latency: 31,0000 s, Delta ratio: 0,5000, Drift: 2,000, Error reduction coefficient: 0,000, Error: 0,0000 s
abr 04, 2013 12:33:16 PM org.ros.time.RemoteUptimeClock update
INFO: Latency: 31,0000 s, Delta ratio: 0,5000, Drift: 2,000, Error reduction coefficient: 0,000, Error: 0,0000 s
abr 04, 2013 12:33:16 PM org.ros.time.RemoteUptimeClock update
INFO: Latency: 31,0000 s, Delta ratio: 0,5000, Drift: 2,000, Error reduction coefficient: 0,000, Error: 0,0000 s
abr 04, 2013 12:33:16 PM org.ros.time.RemoteUptimeClock update
INFO: Latency: 31,0000 s, Delta ratio: 0,5000, Drift: 2,000, Error reduction coefficient: 0,000, Error: 0,0000 s
abr 04, 2013 12:33:16 PM org.ros.time.RemoteUptimeClock update
INFO: Latency: 31,0000 s, Delta ratio: 0,5000, Drift: 2,000, Error reduction coefficient: 0,000, Error: 0,0000 s
abr 04, 2013 12:33:16 PM org.ros.time.RemoteUptimeClock update
INFO: Latency: 31,0000 s, Delta ratio: 0,5000, Drift: 2,000, Error reduction coefficient: 0,000, Error: 0,0000 s
abr 04, 2013 12:33:16 PM org.ros.time.RemoteUptimeClock update
INFO: Latency: 31,0000 s, Delta ratio: 0,5000, Drift: 2,000, Error reduction coefficient: 0,000, Error: 0,0000 s
abr 04, 2013 12:33:16 PM org.ros.time.RemoteUptimeClock update
INFO: Latency: 31,0000 s, Delta ratio: 0,5000, Drift: 2,000, Error reduction coefficient: 0,000, Error: 0,0000 s
abr 04, 2013 12:33:16 PM org.ros.time.RemoteUptimeClock update
INFO: Latency: 31,0000 s, Delta ratio: 0,5000, Drift: 2,000, Error reduction coefficient: 0,000, Error: 0,0000 s
abr 04, 2013 12:33:16 PM org.ros.time.RemoteUptimeClock update
INFO: Latency: 31,0000 s, Delta ratio: 0,5000, Drift: 2,000, Error reduction coefficient: 0,000, Error: 0,0000 s
abr 04, 2013 12:33:16 PM org.ros.time.RemoteUptimeClock update
INFO: Latency: 31,0000 s, Delta ratio: 0,5000, Drift: 2,000, Error reduction coefficient: 0,000, Error: 0,0000 s
abr 04, 2013 12:33:16 PM org.ros.time.RemoteUptimeClock update
INFO: Latency: 31,0000 s, Delta ratio: 0,5000, Drift: 2,000, Error reduction coefficient: 0,000, Error: 0,0000 s
abr 04, 2013 12:33:16 PM org.ros.time.RemoteUptimeClock update
INFO: Latency: 31,0000 s, Delta ratio: 0,5000, Drift: 2,000, Error reduction coefficient: 0,000, Error: 0,0000 s
abr 04, 2013 12:33:16 PM org.ros.time.RemoteUptimeClock update
INFO: Latency: 31,0000 s, Delta ratio: 0,5000, Drift: 2,000, Error reduction coefficient: 0,000, Error: 0,0000 s
abr 04, 2013 12:33:16 PM org.ros.time.RemoteUptimeClock update
INFO: Latency: 31,0000 s, Delta ratio: 0,5000, Drift: 2,000, Error reduction coefficient: 0,000, Error: 0,0000 s
abr 04, 2013 12:33:16 PM org.ros.time.RemoteUptimeClock update
INFO: Latency: 31,0000 s, Delta ratio: 0,5000, Drift: 2,000, Error reduction coefficient: 0,000, Error: 0,0000 s
abr 04, 2013 12:33:16 PM org.ros.time.RemoteUptimeClock update
INFO: Latency: 31,0000 s, Delta ratio: 0,5000, Drift: 2,000, Error reduction coefficient: 0,000, Error: 0,0000 s
abr 04, 2013 12:33:16 PM org.ros.time.RemoteUptimeClock update
INFO: Latency: 31,0000 s, Delta ratio: 0,5000, Drift: 2,000, Error reduction coefficient: 0,000, Error: 0,0000 s
abr 04, 2013 12:33:16 PM org.ros.time.RemoteUptimeClock update
INFO: Latency: 31,0000 s, Delta ratio: 0,5000, Drift: 2,000, Error reduction coefficient: 0,000, Error: 0,0000 s
abr 04, 2013 12:33:16 PM org.ros.time.RemoteUptimeClock update
INFO: Latency: 31,0000 s, Delta ratio: 0,5000, Drift: 2,000, Error reduction coefficient: 0,000, Error: 0,0000 s
abr 04, 2013 12:33:16 PM org.ros.time.RemoteUptimeClock update
INFO: Latency: 31,0000 s, Delta ratio: 0,5000, Drift: 2,000, Error reduction coefficient: 0,000, Error: 0,0000 s
abr 04, 2013 12:33:16 PM org.ros.time.RemoteUptimeClock update
INFO: Latency: 31,0000 s, Delta ratio: 0,5000, Drift: 2,000, Error reduction coefficient: 0,000, Error: 0,0000 s
abr 04, 2013 12:33:16 PM org.ros.time.RemoteUptimeClock update
INFO: Latency: 31,0000 s, Delta ratio: 0,5000, Drift: 2,000, Error reduction coefficient: 0,000, Error: 0,0000 s
abr 04, 2013 12:33:16 PM org.ros.time.RemoteUptimeClock update
INFO: Latency: 31,0000 s, Delta ratio: 0,5000, Drift: 2,000, Error reduction coefficient: 0,000, Error: 0,0000 s
abr 04, 2013 12:33:16 PM org.ros.time.RemoteUptimeClock update
INFO: Latency: 31,0000 s, Delta ratio: 0,5000, Drift: 2,000, Error reduction coefficient: 0,000, Error: 0,0000 s
abr 04, 2013 12:33:16 PM org.ros.time.RemoteUptimeClock update
INFO: Latency: 31,0000 s, Delta ratio: 0,5000, Drift: 2,000, Error reduction coefficient: 0,000, Error: 0,0000 s
abr 04, 2013 12:33:16 PM org.ros.time.RemoteUptimeClock update
INFO: Latency: 31,0000 s, Delta ratio: 0,5000, Drift: 2,000, Error reduction coefficient: 0,000, Error: 0,0000 s
abr 04, 2013 12:33:16 PM org.ros.time.RemoteUptimeClock update
INFO: Latency: 31,0000 s, Delta ratio: 0,5000, Drift: 2,000, Error reduction coefficient: 0,000, Error: 0,0000 s
abr 04, 2013 12:33:16 PM org.ros.time.RemoteUptimeClock update
INFO: Latency: 31,0000 s, Delta ratio: 0,5000, Drift: 2,000, Error reduction coefficient: 0,000, Error: 0,0000 s
abr 04, 2013 12:33:16 PM org.ros.time.RemoteUptimeClock update
INFO: Latency: 31,0000 s, Delta ratio: 0,5000, Drift: 2,000, Error reduction coefficient: 0,000, Error: 0,0000 s
abr 04, 2013 12:33:16 PM org.ros.time.RemoteUptimeClock update
INFO: Latency: 31,0000 s, Delta ratio: 0,5000, Drift: 2,000, Error reduction coefficient: 0,000, Error: 0,0000 s
abr 04, 2013 12:33:16 PM org.ros.time.RemoteUptimeClock update
INFO: Latency: 31,0000 s, Delta ratio: 0,5000, Drift: 2,000, Error reduction coefficient: 0,000, Error: 0,0000 s
abr 04, 2013 12:33:16 PM org.ros.time.RemoteUptimeClock update
INFO: Latency: 31,0000 s, Delta ratio: 0,5000, Drift: 2,000, Error reduction coefficient: 0,000, Error: 0,0000 s
abr 04, 2013 12:33:16 PM org.ros.time.RemoteUptimeClock update
INFO: Latency: 31,0000 s, Delta ratio: 0,5000, Drift: 2,000, Error reduction coefficient: 0,000, Error: 0,0000 s
abr 04, 2013 12:33:16 PM org.ros.time.RemoteUptimeClock update
INFO: Latency: 31,0000 s, Delta ratio: 0,5000, Drift: 2,000, Error reduction coefficient: 0,000, Error: 0,0000 s
abr 04, 2013 12:33:16 PM org.ros.time.RemoteUptimeClock update
INFO: Latency: 31,0000 s, Delta ratio: 0,5000, Drift: 2,000, Error reduction coefficient: 0,000, Error: 0,0000 s
abr 04, 2013 12:33:16 PM org.ros.time.RemoteUptimeClock update
INFO: Latency: 31,0000 s, Delta ratio: 0,5000, Drift: 2,000, Error reduction coefficient: 0,000, Error: 0,0000 s
abr 04, 2013 12:33:16 PM org.ros.time.RemoteUptimeClock update
INFO: Latency: 31,0000 s, Delta ratio: 0,5000, Drift: 2,000, Error reduction coefficient: 0,000, Error: 0,0000 s
abr 04, 2013 12:33:16 PM org.ros.time.RemoteUptimeClock update
INFO: Latency: 31,0000 s, Delta ratio: 0,5000, Drift: 2,000, Error reduction coefficient: 0,000, Error: 0,0000 s
abr 04, 2013 12:33:16 PM org.ros.time.RemoteUptimeClock update
INFO: Latency: 31,0000 s, Delta ratio: 0,5000, Drift: 2,000, Error reduction coefficient: 0,000, Error: 0,0000 s
abr 04, 2013 12:33:16 PM org.ros.time.RemoteUptimeClock update
INFO: Latency: 31,0000 s, Delta ratio: 0,5000, Drift: 2,000, Error reduction coefficient: 0,000, Error: 0,0000 s
abr 04, 2013 12:33:16 PM org.ros.time.RemoteUptimeClock update
INFO: Latency: 31,0000 s, Delta ratio: 0,5000, Drift: 2,000, Error reduction coefficient: 0,000, Error: 0,0000 s
abr 04, 2013 12:33:16 PM org.ros.time.RemoteUptimeClock update
INFO: Latency: 31,0000 s, Delta ratio: 0,5000, Drift: 2,000, Error reduction coefficient: 0,000, Error: 0,0000 s
abr 04, 2013 12:33:16 PM org.ros.time.RemoteUptimeClock update
INFO: Latency: 31,0000 s, Delta ratio: 0,5000, Drift: 2,000, Error reduction coefficient: 0,000, Error: 0,0000 s
abr 04, 2013 12:33:16 PM org.ros.time.RemoteUptimeClock update
INFO: Latency: 31,0000 s, Delta ratio: 0,5000, Drift: 2,000, Error reduction coefficient: 0,000, Error: 0,0000 s
abr 04, 2013 12:33:16 PM org.ros.time.RemoteUptimeClock update
INFO: Latency: 31,0000 s, Delta ratio: 0,5000, Drift: 2,000, Error reduction coefficient: 0,000, Error: 0,0000 s
abr 04, 2013 12:33:16 PM org.ros.time.RemoteUptimeClock update
INFO: Latency: 31,0000 s, Delta ratio: 0,5000, Drift: 2,000, Error reduction coefficient: 0,000, Error: 0,0000 s
abr 04, 2013 12:33:16 PM org.ros.time.RemoteUptimeClock update
INFO: Latency: 31,0000 s, Delta ratio: 0,5000, Drift: 2,000, Error reduction coefficient: 0,000, Error: 0,0000 s
abr 04, 2013 12:33:16 PM org.ros.time.RemoteUptimeClock update
INFO: Latency: 31,0000 s, Delta ratio: 0,5000, Drift: 2,000, Error reduction coefficient: 0,000, Error: 0,0000 s
abr 04, 2013 12:33:16 PM org.ros.time.RemoteUptimeClock update
INFO: Latency: 31,0000 s, Delta ratio: 0,5000, Drift: 2,000, Error reduction coefficient: 0,000, Error: 0,0000 s
abr 04, 2013 12:33:16 PM org.ros.time.RemoteUptimeClock update
INFO: Latency: 31,0000 s, Delta ratio: 0,5000, Drift: 2,000, Error reduction coefficient: 0,000, Error: 0,0000 s
abr 04, 2013 12:33:16 PM org.ros.time.RemoteUptimeClock update
INFO: Latency: 31,0000 s, Delta ratio: 0,5000, Drift: 2,000, Error reduction coefficient: 0,000, Error: 0,0000 s
abr 04, 2013 12:33:16 PM org.ros.time.RemoteUptimeClock update
INFO: Latency: 31,0000 s, Delta ratio: 0,5000, Drift: 2,000, Error reduction coefficient: 0,000, Error: 0,0000 s
abr 04, 2013 12:33:16 PM org.ros.time.RemoteUptimeClock update
INFO: Latency: 31,0000 s, Delta ratio: 0,5000, Drift: 2,000, Error reduction coefficient: 0,000, Error: 0,0000 s
abr 04, 2013 12:33:16 PM org.ros.time.RemoteUptimeClock update
INFO: Latency: 31,0000 s, Delta ratio: 0,5000, Drift: 2,000, Error reduction coefficient: 0,000, Error: 0,0000 s
abr 04, 2013 12:33:16 PM org.ros.time.RemoteUptimeClock update
INFO: Latency: 31,0000 s, Delta ratio: 0,5000, Drift: 2,000, Error reduction coefficient: 0,000, Error: 0,0000 s
abr 04, 2013 12:33:16 PM org.ros.time.RemoteUptimeClock update
INFO: Latency: 31,0000 s, Delta ratio: 0,5000, Drift: 2,000, Error reduction coefficient: 0,000, Error: 0,0000 s
abr 04, 2013 12:33:16 PM org.ros.time.RemoteUptimeClock update
INFO: Latency: 31,0000 s, Delta ratio: 0,5000, Drift: 2,000, Error reduction coefficient: 0,000, Error: 0,0000 s
abr 04, 2013 12:33:16 PM org.ros.time.RemoteUptimeClock update
INFO: Latency: 31,0000 s, Delta ratio: 0,5000, Drift: 2,000, Error reduction coefficient: 0,000, Error: 0,0000 s
abr 04, 2013 12:33:16 PM org.ros.time.RemoteUptimeClock update
INFO: Latency: 31,0000 s, Delta ratio: 0,5000, Drift: 2,000, Error reduction coefficient: 0,000, Error: 0,0000 s
abr 04, 2013 12:33:16 PM org.ros.time.RemoteUptimeClock update
INFO: Latency: 31,0000 s, Delta ratio: 0,5000, Drift: 2,000, Error reduction coefficient: 0,000, Error: 0,0000 s
abr 04, 2013 12:33:16 PM org.ros.time.RemoteUptimeClock update
INFO: Latency: 31,0000 s, Delta ratio: 0,5000, Drift: 2,000, Error reduction coefficient: 0,000, Error: 0,0000 s
abr 04, 2013 12:33:16 PM org.ros.time.RemoteUptimeClock update
INFO: Latency: 31,0000 s, Delta ratio: 0,5000, Drift: 2,000, Error reduction coefficient: 0,000, Error: 0,0000 s
abr 04, 2013 12:33:16 PM org.ros.time.RemoteUptimeClock update
INFO: Latency: 31,0000 s, Delta ratio: 0,5000, Drift: 2,000, Error reduction coefficient: 0,000, Error: 0,0000 s
abr 04, 2013 12:33:16 PM org.ros.time.RemoteUptimeClock update
INFO: Latency: 31,0000 s, Delta ratio: 0,5000, Drift: 2,000, Error reduction coefficient: 0,000, Error: 0,0000 s
abr 04, 2013 12:33:16 PM org.ros.time.RemoteUptimeClock update
INFO: Latency: 31,0000 s, Delta ratio: 0,5000, Drift: 2,000, Error reduction coefficient: 0,000, Error: 0,0000 s
abr 04, 2013 12:33:16 PM org.ros.time.RemoteUptimeClock update
INFO: Latency: 31,0000 s, Delta ratio: 0,5000, Drift: 2,000, Error reduction coefficient: 0,000, Error: 0,0000 s
abr 04, 2013 12:33:16 PM org.ros.time.RemoteUptimeClock update
INFO: Latency: 31,0000 s, Delta ratio: 0,5000, Drift: 2,000, Error reduction coefficient: 0,000, Error: 0,0000 s
abr 04, 2013 12:33:16 PM org.ros.time.RemoteUptimeClock update
INFO: Latency: 31,0000 s, Delta ratio: 0,5000, Drift: 2,000, Error reduction coefficient: 0,000, Error: 0,0000 s
abr 04, 2013 12:33:16 PM org.ros.time.RemoteUptimeClock update
INFO: Latency: 31,0000 s, Delta ratio: 0,5000, Drift: 2,000, Error reduction coefficient: 0,000, Error: 0,0000 s
abr 04, 2013 12:33:16 PM org.ros.time.RemoteUptimeClock update
INFO: Latency: 31,0000 s, Delta ratio: 0,5000, Drift: 2,000, Error reduction coefficient: 0,000, Error: 0,0000 s
abr 04, 2013 12:33:16 PM org.ros.time.RemoteUptimeClock update
INFO: Latency: 31,0000 s, Delta ratio: 0,5000, Drift: 2,000, Error reduction coefficient: 0,000, Error: 0,0000 s
abr 04, 2013 12:33:16 PM org.ros.time.RemoteUptimeClock update
INFO: Latency: 31,0000 s, Delta ratio: 0,5000, Drift: 2,000, Error reduction coefficient: 0,000, Error: 0,0000 s
abr 04, 2013 12:33:16 PM org.ros.time.RemoteUptimeClock update
INFO: Latency: 31,0000 s, Delta ratio: 0,5000, Drift: 2,000, Error reduction coefficient: 0,000, Error: 0,0000 s
abr 04, 2013 12:33:16 PM org.ros.time.RemoteUptimeClock update
INFO: Latency: 31,0000 s, Delta ratio: 0,5000, Drift: 2,000, Error reduction coefficient: 0,000, Error: 0,0000 s
abr 04, 2013 12:33:16 PM org.ros.time.RemoteUptimeClock update
INFO: Latency: 31,0000 s, Delta ratio: 0,5000, Drift: 2,000, Error reduction coefficient: 0,000, Error: 0,0000 s
abr 04, 2013 12:33:16 PM org.ros.time.RemoteUptimeClock update
INFO: Latency: 31,0000 s, Delta ratio: 0,5000, Drift: 2,000, Error reduction coefficient: 0,000, Error: 0,0000 s
abr 04, 2013 12:33:16 PM org.ros.time.RemoteUptimeClock update
INFO: Latency: 31,0000 s, Delta ratio: 0,5000, Drift: 2,000, Error reduction coefficient: 0,000, Error: 0,0000 s
abr 04, 2013 12:33:16 PM org.ros.time.RemoteUptimeClock update
INFO: Latency: 31,0000 s, Delta ratio: 0,5000, Drift: 2,000, Error reduction coefficient: 0,000, Error: 0,0000 s
abr 04, 2013 12:33:16 PM org.ros.time.RemoteUptimeClock update
INFO: Latency: 31,0000 s, Delta ratio: 0,5000, Drift: 2,000, Error reduction coefficient: 0,000, Error: 0,0000 s
abr 04, 2013 12:33:16 PM org.ros.time.RemoteUptimeClock update
INFO: Latency: 31,0000 s, Delta ratio: 0,5000, Drift: 2,000, Error reduction coefficient: 0,000, Error: 0,0000 s
abr 04, 2013 12:33:16 PM org.ros.time.RemoteUptimeClock update
INFO: Latency: 31,0000 s, Delta ratio: 0,5000, Drift: 2,000, Error reduction coefficient: 0,000, Error: 0,0000 s
abr 04, 2013 12:33:16 PM org.ros.time.RemoteUptimeClock update
INFO: Latency: 31,0000 s, Delta ratio: 0,5000, Drift: 2,000, Error reduction coefficient: 0,000, Error: 0,0000 s
abr 04, 2013 12:33:16 PM org.ros.time.RemoteUptimeClock update
INFO: Latency: 31,0000 s, Delta ratio: 0,5000, Drift: 2,000, Error reduction coefficient: 0,000, Error: 0,0000 s
abr 04, 2013 12:33:16 PM org.ros.time.RemoteUptimeClock update
INFO: Latency: 31,0000 s, Delta ratio: 0,5000, Drift: 2,000, Error reduction coefficient: 0,000, Error: 0,0000 s
abr 04, 2013 12:33:16 PM org.ros.time.RemoteUptimeClock update
INFO: Latency: 31,0000 s, Delta ratio: 0,5000, Drift: 2,000, Error reduction coefficient: 0,000, Error: 0,0000 s
abr 04, 2013 12:33:16 PM org.ros.time.RemoteUptimeClock update
INFO: Latency: 31,0000 s, Delta ratio: 0,5000, Drift: 2,000, Error reduction coefficient: 0,000, Error: 0,0000 s
abr 04, 2013 12:33:16 PM org.ros.time.RemoteUptimeClock update
INFO: Latency: 31,0000 s, Delta ratio: 0,5000, Drift: 2,000, Error reduction coefficient: 0,000, Error: 0,0000 s
abr 04, 2013 12:33:16 PM org.ros.time.RemoteUptimeClock update
INFO: Latency: 31,0000 s, Delta ratio: 0,5000, Drift: 2,000, Error reduction coefficient: 0,000, Error: 0,0000 s
abr 04, 2013 12:33:16 PM org.ros.time.RemoteUptimeClock update
INFO: Latency: 31,0000 s, Delta ratio: 0,5000, Drift: 2,000, Error reduction coefficient: 0,000, Error: 0,0000 s
abr 04, 2013 12:33:16 PM org.ros.time.RemoteUptimeClock update
INFO: Latency: 31,0000 s, Delta ratio: 0,5000, Drift: 2,000, Error reduction coefficient: 0,000, Error: 0,0000 s
abr 04, 2013 12:33:16 PM org.ros.time.RemoteUptimeClock update
INFO: Latency: 31,0000 s, Delta ratio: 0,5000, Drift: 2,000, Error reduction coefficient: 0,000, Error: 0,0000 s
abr 04, 2013 12:33:16 PM org.ros.time.RemoteUptimeClock update
INFO: Latency: 31,0000 s, Delta ratio: 0,5000, Drift: 2,000, Error reduction coefficient: 0,000, Error: 0,0000 s
abr 04, 2013 12:33:16 PM org.ros.time.RemoteUptimeClock update
INFO: Latency: 31,0000 s, Delta ratio: 0,5000, Drift: 2,000, Error reduction coefficient: 0,000, Error: 0,0000 s
abr 04, 2013 12:33:16 PM org.ros.time.RemoteUptimeClock update
INFO: Latency: 31,0000 s, Delta ratio: 0,5000, Drift: 2,000, Error reduction coefficient: 0,000, Error: 0,0000 s
abr 04, 2013 12:33:16 PM org.ros.time.RemoteUptimeClock update
INFO: Latency: 31,0000 s, Delta ratio: 0,5000, Drift: 2,000, Error reduction coefficient: 0,000, Error: 0,0000 s
abr 04, 2013 12:33:16 PM org.ros.time.RemoteUptimeClock update
INFO: Latency: 31,0000 s, Delta ratio: 0,5000, Drift: 2,000, Error reduction coefficient: 0,000, Error: 0,0000 s
abr 04, 2013 12:33:16 PM org.ros.time.RemoteUptimeClock update
INFO: Latency: 31,0000 s, Delta ratio: 0,5000, Drift: 2,000, Error reduction coefficient: 0,000, Error: 0,0000 s
abr 04, 2013 12:33:16 PM org.ros.time.RemoteUptimeClock update
INFO: Latency: 31,0000 s, Delta ratio: 0,5000, Drift: 2,000, Error reduction coefficient: 0,000, Error: 0,0000 s
abr 04, 2013 12:33:16 PM org.ros.time.RemoteUptimeClock update
INFO: Latency: 31,0000 s, Delta ratio: 0,5000, Drift: 2,000, Error reduction coefficient: 0,000, Error: 0,0000 s
abr 04, 2013 12:33:16 PM org.ros.time.RemoteUptimeClock update
INFO: Latency: 31,0000 s, Delta ratio: 0,5000, Drift: 2,000, Error reduction coefficient: 0,000, Error: 0,0000 s
abr 04, 2013 12:33:16 PM org.ros.time.RemoteUptimeClock update
INFO: Latency: 31,0000 s, Delta ratio: 0,5000, Drift: 2,000, Error reduction coefficient: 0,000, Error: 0,0000 s
abr 04, 2013 12:33:16 PM org.ros.time.RemoteUptimeClock update
INFO: Latency: 31,0000 s, Delta ratio: 0,5000, Drift: 2,000, Error reduction coefficient: 0,000, Error: 0,0000 s
abr 04, 2013 12:33:16 PM org.ros.time.RemoteUptimeClock update
INFO: Latency: 31,0000 s, Delta ratio: 0,5000, Drift: 2,000, Error reduction coefficient: 0,000, Error: 0,0000 s
abr 04, 2013 12:33:16 PM org.ros.time.RemoteUptimeClock update
INFO: Latency: 31,0000 s, Delta ratio: 0,5000, Drift: 2,000, Error reduction coefficient: 0,000, Error: 0,0000 s
abr 04, 2013 12:33:16 PM org.ros.time.RemoteUptimeClock update
INFO: Latency: 31,0000 s, Delta ratio: 0,5000, Drift: 2,000, Error reduction coefficient: 0,000, Error: 0,0000 s
abr 04, 2013 12:33:16 PM org.ros.time.RemoteUptimeClock update
INFO: Latency: 31,0000 s, Delta ratio: 0,5000, Drift: 2,000, Error reduction coefficient: 0,000, Error: 0,0000 s
abr 04, 2013 12:33:16 PM org.ros.time.RemoteUptimeClock update
INFO: Latency: 31,0000 s, Delta ratio: 0,5000, Drift: 2,000, Error reduction coefficient: 0,000, Error: 0,0000 s
abr 04, 2013 12:33:16 PM org.ros.time.RemoteUptimeClock update
INFO: Latency: 31,0000 s, Delta ratio: 0,5000, Drift: 2,000, Error reduction coefficient: 0,000, Error: 0,0000 s
abr 04, 2013 12:33:16 PM org.ros.time.RemoteUptimeClock update
INFO: Latency: 31,0000 s, Delta ratio: 0,5000, Drift: 2,000, Error reduction coefficient: 0,000, Error: 0,0000 s
abr 04, 2013 12:33:16 PM org.ros.time.RemoteUptimeClock update
INFO: Latency: 31,0000 s, Delta ratio: 0,5000, Drift: 2,000, Error reduction coefficient: 0,000, Error: 0,0000 s
abr 04, 2013 12:33:16 PM org.ros.time.RemoteUptimeClock update
INFO: Latency: 31,0000 s, Delta ratio: 0,5000, Drift: 2,000, Error reduction coefficient: 0,000, Error: 0,0000 s
abr 04, 2013 12:33:16 PM org.ros.time.RemoteUptimeClock update
INFO: Latency: 31,0000 s, Delta ratio: 0,5000, Drift: 2,000, Error reduction coefficient: 0,000, Error: 0,0000 s
abr 04, 2013 12:33:16 PM org.ros.time.RemoteUptimeClock update
INFO: Latency: 31,0000 s, Delta ratio: 0,5000, Drift: 2,000, Error reduction coefficient: 0,000, Error: 0,0000 s
abr 04, 2013 12:33:16 PM org.ros.time.RemoteUptimeClock update
INFO: Latency: 31,0000 s, Delta ratio: 0,5000, Drift: 2,000, Error reduction coefficient: 0,000, Error: 0,0000 s
abr 04, 2013 12:33:16 PM org.ros.time.RemoteUptimeClock update
INFO: Latency: 31,0000 s, Delta ratio: 0,5000, Drift: 2,000, Error reduction coefficient: 0,000, Error: 0,0000 s
abr 04, 2013 12:33:16 PM org.ros.time.RemoteUptimeClock update
INFO: Latency: 31,0000 s, Delta ratio: 0,5000, Drift: 2,000, Error reduction coefficient: 0,000, Error: 0,0000 s
abr 04, 2013 12:33:16 PM org.ros.time.RemoteUptimeClock update
INFO: Latency: 31,0000 s, Delta ratio: 0,5000, Drift: 2,000, Error reduction coefficient: 0,000, Error: 0,0000 s
abr 04, 2013 12:33:16 PM org.ros.time.RemoteUptimeClock update
INFO: Latency: 31,0000 s, Delta ratio: 0,5000, Drift: 2,000, Error reduction coefficient: 0,000, Error: 0,0000 s
abr 04, 2013 12:33:16 PM org.ros.time.RemoteUptimeClock update
INFO: Latency: 31,0000 s, Delta ratio: 0,5000, Drift: 2,000, Error reduction coefficient: 0,000, Error: 0,0000 s
abr 04, 2013 12:33:16 PM org.ros.time.RemoteUptimeClock update
INFO: Latency: 31,0000 s, Delta ratio: 0,5000, Drift: 2,000, Error reduction coefficient: 0,000, Error: 0,0000 s
abr 04, 2013 12:33:16 PM org.ros.time.RemoteUptimeClock update
INFO: Latency: 31,0000 s, Delta ratio: 0,5000, Drift: 2,000, Error reduction coefficient: 0,000, Error: 0,0000 s
abr 04, 2013 12:33:16 PM org.ros.time.RemoteUptimeClock update
INFO: Latency: 31,0000 s, Delta ratio: 0,5000, Drift: 2,000, Error reduction coefficient: 0,000, Error: 0,0000 s
abr 04, 2013 12:33:16 PM org.ros.time.RemoteUptimeClock update
INFO: Latency: 31,0000 s, Delta ratio: 0,5000, Drift: 2,000, Error reduction coefficient: 0,000, Error: 0,0000 s
abr 04, 2013 12:33:16 PM org.ros.time.RemoteUptimeClock update
INFO: Latency: 31,0000 s, Delta ratio: 0,5000, Drift: 2,000, Error reduction coefficient: 0,000, Error: 0,0000 s
abr 04, 2013 12:33:16 PM org.ros.time.RemoteUptimeClock update
INFO: Latency: 31,0000 s, Delta ratio: 0,5000, Drift: 2,000, Error reduction coefficient: 0,000, Error: 0,0000 s
abr 04, 2013 12:33:16 PM org.ros.time.RemoteUptimeClock update
INFO: Latency: 31,0000 s, Delta ratio: 0,5000, Drift: 2,000, Error reduction coefficient: 0,000, Error: 0,0000 s
abr 04, 2013 12:33:16 PM org.ros.time.RemoteUptimeClock update
INFO: Latency: 31,0000 s, Delta ratio: 0,5000, Drift: 2,000, Error reduction coefficient: 0,000, Error: 0,0000 s
abr 04, 2013 12:33:16 PM org.ros.time.RemoteUptimeClock update
INFO: Latency: 31,0000 s, Delta ratio: 0,5000, Drift: 2,000, Error reduction coefficient: 0,000, Error: 0,0000 s
abr 04, 2013 12:33:16 PM org.ros.time.RemoteUptimeClock update
INFO: Latency: 31,0000 s, Delta ratio: 0,5000, Drift: 2,000, Error reduction coefficient: 0,000, Error: 0,0000 s
abr 04, 2013 12:33:16 PM org.ros.time.RemoteUptimeClock update
INFO: Latency: 31,0000 s, Delta ratio: 0,5000, Drift: 2,000, Error reduction coefficient: 0,000, Error: 0,0000 s
abr 04, 2013 12:33:16 PM org.ros.time.RemoteUptimeClock update
INFO: Latency: 31,0000 s, Delta ratio: 0,5000, Drift: 2,000, Error reduction coefficient: 0,000, Error: 0,0000 s
abr 04, 2013 12:33:16 PM org.ros.time.RemoteUptimeClock update
INFO: Latency: 31,0000 s, Delta ratio: 0,5000, Drift: 2,000, Error reduction coefficient: 0,000, Error: 0,0000 s
abr 04, 2013 12:33:16 PM org.ros.time.RemoteUptimeClock update
INFO: Latency: 31,0000 s, Delta ratio: 0,5000, Drift: 2,000, Error reduction coefficient: 0,000, Error: 0,0000 s
abr 04, 2013 12:33:16 PM org.ros.time.RemoteUptimeClock update
INFO: Latency: 31,0000 s, Delta ratio: 0,5000, Drift: 2,000, Error reduction coefficient: 0,000, Error: 0,0000 s
abr 04, 2013 12:33:16 PM org.ros.time.RemoteUptimeClock update
INFO: Latency: 31,0000 s, Delta ratio: 0,5000, Drift: 2,000, Error reduction coefficient: 0,000, Error: 0,0000 s
abr 04, 2013 12:33:16 PM org.ros.time.RemoteUptimeClock update
INFO: Latency: 31,0000 s, Delta ratio: 0,5000, Drift: 2,000, Error reduction coefficient: 0,000, Error: 0,0000 s
abr 04, 2013 12:33:16 PM org.ros.time.RemoteUptimeClock update
INFO: Latency: 31,0000 s, Delta ratio: 0,5000, Drift: 2,000, Error reduction coefficient: 0,000, Error: 0,0000 s
abr 04, 2013 12:33:16 PM org.ros.time.RemoteUptimeClock update
INFO: Latency: 31,0000 s, Delta ratio: 0,5000, Drift: 2,000, Error reduction coefficient: 0,000, Error: 0,0000 s
abr 04, 2013 12:33:16 PM org.ros.time.RemoteUptimeClock update
INFO: Latency: 31,0000 s, Delta ratio: 0,5000, Drift: 2,000, Error reduction coefficient: 0,000, Error: 0,0000 s
abr 04, 2013 12:33:16 PM org.ros.time.RemoteUptimeClock update
INFO: Latency: 31,0000 s, Delta ratio: 0,5000, Drift: 2,000, Error reduction coefficient: 0,000, Error: 0,0000 s
abr 04, 2013 12:33:16 PM org.ros.time.RemoteUptimeClock update
INFO: Latency: 31,0000 s, Delta ratio: 0,5000, Drift: 2,000, Error reduction coefficient: 0,000, Error: 0,0000 s
abr 04, 2013 12:33:16 PM org.ros.time.RemoteUptimeClock update
INFO: Latency: 31,0000 s, Delta ratio: 0,5000, Drift: 2,000, Error reduction coefficient: 0,000, Error: 0,0000 s
abr 04, 2013 12:33:16 PM org.ros.time.RemoteUptimeClock update
INFO: Latency: 31,0000 s, Delta ratio: 0,5000, Drift: 2,000, Error reduction coefficient: 0,000, Error: 0,0000 s
abr 04, 2013 12:33:16 PM org.ros.time.RemoteUptimeClock update
INFO: Latency: 31,0000 s, Delta ratio: 0,5000, Drift: 2,000, Error reduction coefficient: 0,000, Error: 0,0000 s
abr 04, 2013 12:33:16 PM org.ros.time.RemoteUptimeClock update
INFO: Latency: 31,0000 s, Delta ratio: 0,5000, Drift: 2,000, Error reduction coefficient: 0,000, Error: 0,0000 s
abr 04, 2013 12:33:16 PM org.ros.time.RemoteUptimeClock update
INFO: Latency: 31,0000 s, Delta ratio: 0,5000, Drift: 2,000, Error reduction coefficient: 0,000, Error: 0,0000 s
abr 04, 2013 12:33:16 PM org.ros.time.RemoteUptimeClock update
INFO: Latency: 31,0000 s, Delta ratio: 0,5000, Drift: 2,000, Error reduction coefficient: 0,000, Error: 0,0000 s
abr 04, 2013 12:33:16 PM org.ros.time.RemoteUptimeClock update
INFO: Latency: 31,0000 s, Delta ratio: 0,5000, Drift: 2,000, Error reduction coefficient: 0,000, Error: 0,0000 s
abr 04, 2013 12:33:16 PM org.ros.time.RemoteUptimeClock update
INFO: Latency: 31,0000 s, Delta ratio: 0,5000, Drift: 2,000, Error reduction coefficient: 0,000, Error: 0,0000 s
abr 04, 2013 12:33:16 PM org.ros.time.RemoteUptimeClock update
INFO: Latency: 31,0000 s, Delta ratio: 0,5000, Drift: 2,000, Error reduction coefficient: 0,000, Error: 0,0000 s
abr 04, 2013 12:33:16 PM org.ros.time.RemoteUptimeClock update
INFO: Latency: 31,0000 s, Delta ratio: 0,5000, Drift: 2,000, Error reduction coefficient: 0,000, Error: 0,0000 s
abr 04, 2013 12:33:16 PM org.ros.time.RemoteUptimeClock update
INFO: Latency: 31,0000 s, Delta ratio: 0,5000, Drift: 2,000, Error reduction coefficient: 0,000, Error: 0,0000 s
abr 04, 2013 12:33:16 PM org.ros.time.RemoteUptimeClock update
INFO: Latency: 31,0000 s, Delta ratio: 0,5000, Drift: 2,000, Error reduction coefficient: 0,000, Error: 0,0000 s
abr 04, 2013 12:33:16 PM org.ros.time.RemoteUptimeClock update
INFO: Latency: 31,0000 s, Delta ratio: 0,5000, Drift: 2,000, Error reduction coefficient: 0,000, Error: 0,0000 s
abr 04, 2013 12:33:16 PM org.ros.time.RemoteUptimeClock update
INFO: Latency: 31,0000 s, Delta ratio: 0,5000, Drift: 2,000, Error reduction coefficient: 0,000, Error: 0,0000 s
abr 04, 2013 12:33:16 PM org.ros.time.RemoteUptimeClock update
INFO: Latency: 31,0000 s, Delta ratio: 0,5000, Drift: 2,000, Error reduction coefficient: 0,000, Error: 0,0000 s
abr 04, 2013 12:33:16 PM org.ros.time.RemoteUptimeClock update
INFO: Latency: 31,0000 s, Delta ratio: 0,5000, Drift: 2,000, Error reduction coefficient: 0,000, Error: 0,0000 s
abr 04, 2013 12:33:16 PM org.ros.time.RemoteUptimeClock update
INFO: Latency: 31,0000 s, Delta ratio: 0,5000, Drift: 2,000, Error reduction coefficient: 0,000, Error: 0,0000 s
abr 04, 2013 12:33:16 PM org.ros.time.RemoteUptimeClock update
INFO: Latency: 31,0000 s, Delta ratio: 0,5000, Drift: 2,000, Error reduction coefficient: 0,000, Error: 0,0000 s
abr 04, 2013 12:33:16 PM org.ros.time.RemoteUptimeClock update
INFO: Latency: 31,0000 s, Delta ratio: 0,5000, Drift: 2,000, Error reduction coefficient: 0,000, Error: 0,0000 s
abr 04, 2013 12:33:16 PM org.ros.time.RemoteUptimeClock update
INFO: Latency: 31,0000 s, Delta ratio: 0,5000, Drift: 2,000, Error reduction coefficient: 0,000, Error: 0,0000 s
abr 04, 2013 12:33:16 PM org.ros.time.RemoteUptimeClock update
INFO: Latency: 31,0000 s, Delta ratio: 0,5000, Drift: 2,000, Error reduction coefficient: 0,000, Error: 0,0000 s
abr 04, 2013 12:33:16 PM org.ros.time.RemoteUptimeClock update
INFO: Latency: 31,0000 s, Delta ratio: 0,5000, Drift: 2,000, Error reduction coefficient: 0,000, Error: 0,0000 s
abr 04, 2013 12:33:16 PM org.ros.time.RemoteUptimeClock update
INFO: Latency: 31,0000 s, Delta ratio: 0,5000, Drift: 2,000, Error reduction coefficient: 0,000, Error: 0,0000 s
abr 04, 2013 12:33:16 PM org.ros.time.RemoteUptimeClock update
INFO: Latency: 31,0000 s, Delta ratio: 0,5000, Drift: 2,000, Error reduction coefficient: 0,000, Error: 0,0000 s
abr 04, 2013 12:33:16 PM org.ros.time.RemoteUptimeClock update
INFO: Latency: 31,0000 s, Delta ratio: 0,5000, Drift: 2,000, Error reduction coefficient: 0,000, Error: 0,0000 s
abr 04, 2013 12:33:16 PM org.ros.time.RemoteUptimeClock update
INFO: Latency: 31,0000 s, Delta ratio: 0,5000, Drift: 2,000, Error reduction coefficient: 0,000, Error: 0,0000 s
abr 04, 2013 12:33:16 PM org.ros.time.RemoteUptimeClock update
INFO: Latency: 31,0000 s, Delta ratio: 0,5000, Drift: 2,000, Error reduction coefficient: 0,000, Error: 0,0000 s
abr 04, 2013 12:33:16 PM org.ros.time.RemoteUptimeClock update
INFO: Latency: 31,0000 s, Delta ratio: 0,5000, Drift: 2,000, Error reduction coefficient: 0,000, Error: 0,0000 s
abr 04, 2013 12:33:16 PM org.ros.time.RemoteUptimeClock update
INFO: Latency: 31,0000 s, Delta ratio: 0,5000, Drift: 2,000, Error reduction coefficient: 0,000, Error: 0,0000 s
abr 04, 2013 12:33:16 PM org.ros.time.RemoteUptimeClock update
INFO: Latency: 31,0000 s, Delta ratio: 0,5000, Drift: 2,000, Error reduction coefficient: 0,000, Error: 0,0000 s
abr 04, 2013 12:33:16 PM org.ros.time.RemoteUptimeClock update
INFO: Latency: 31,0000 s, Delta ratio: 0,5000, Drift: 2,000, Error reduction coefficient: 0,000, Error: 0,0000 s
abr 04, 2013 12:33:16 PM org.ros.time.RemoteUptimeClock update
INFO: Latency: 31,0000 s, Delta ratio: 0,5000, Drift: 2,000, Error reduction coefficient: 0,000, Error: 0,0000 s
abr 04, 2013 12:33:16 PM org.ros.time.RemoteUptimeClock update
INFO: Latency: 31,0000 s, Delta ratio: 0,5000, Drift: 2,000, Error reduction coefficient: 0,000, Error: 0,0000 s
abr 04, 2013 12:33:16 PM org.ros.time.RemoteUptimeClock update
INFO: Latency: 31,0000 s, Delta ratio: 0,5000, Drift: 2,000, Error reduction coefficient: 0,000, Error: 0,0000 s
abr 04, 2013 12:33:16 PM org.ros.time.RemoteUptimeClock update
INFO: Latency: 31,0000 s, Delta ratio: 0,5000, Drift: 2,000, Error reduction coefficient: 0,000, Error: 0,0000 s
abr 04, 2013 12:33:16 PM org.ros.time.RemoteUptimeClock update
INFO: Latency: 31,0000 s, Delta ratio: 0,5000, Drift: 2,000, Error reduction coefficient: 0,000, Error: 0,0000 s
abr 04, 2013 12:33:16 PM org.ros.time.RemoteUptimeClock update
INFO: Latency: 31,0000 s, Delta ratio: 0,5000, Drift: 2,000, Error reduction coefficient: 0,000, Error: 0,0000 s
abr 04, 2013 12:33:16 PM org.ros.time.RemoteUptimeClock update
INFO: Latency: 31,0000 s, Delta ratio: 0,5000, Drift: 2,000, Error reduction coefficient: 0,000, Error: 0,0000 s
abr 04, 2013 12:33:16 PM org.ros.time.RemoteUptimeClock update
INFO: Latency: 31,0000 s, Delta ratio: 0,5000, Drift: 2,000, Error reduction coefficient: 0,000, Error: 0,0000 s
abr 04, 2013 12:33:16 PM org.ros.time.RemoteUptimeClock update
INFO: Latency: 31,0000 s, Delta ratio: 0,5000, Drift: 2,000, Error reduction coefficient: 0,000, Error: 0,0000 s
abr 04, 2013 12:33:16 PM org.ros.time.RemoteUptimeClock update
INFO: Latency: 31,0000 s, Delta ratio: 0,5000, Drift: 2,000, Error reduction coefficient: 0,000, Error: 0,0000 s
abr 04, 2013 12:33:16 PM org.ros.time.RemoteUptimeClock update
INFO: Latency: 31,0000 s, Delta ratio: 0,5000, Drift: 2,000, Error reduction coefficient: 0,000, Error: 0,0000 s
abr 04, 2013 12:33:16 PM org.ros.time.RemoteUptimeClock update
INFO: Latency: 31,0000 s, Delta ratio: 0,5000, Drift: 2,000, Error reduction coefficient: 0,000, Error: 0,0000 s
abr 04, 2013 12:33:16 PM org.ros.time.RemoteUptimeClock update
INFO: Latency: 31,0000 s, Delta ratio: 0,5000, Drift: 2,000, Error reduction coefficient: 0,000, Error: 0,0000 s
abr 04, 2013 12:33:16 PM org.ros.time.RemoteUptimeClock update
INFO: Latency: 31,0000 s, Delta ratio: 0,5000, Drift: 2,000, Error reduction coefficient: 0,000, Error: 0,0000 s
abr 04, 2013 12:33:16 PM org.ros.time.RemoteUptimeClock update
INFO: Latency: 31,0000 s, Delta ratio: 0,5000, Drift: 2,000, Error reduction coefficient: 0,000, Error: 0,0000 s
abr 04, 2013 12:33:16 PM org.ros.time.RemoteUptimeClock update
INFO: Latency: 31,0000 s, Delta ratio: 0,5000, Drift: 2,000, Error reduction coefficient: 0,000, Error: 0,0000 s
abr 04, 2013 12:33:16 PM org.ros.time.RemoteUptimeClock update
INFO: Latency: 31,0000 s, Delta ratio: 0,5000, Drift: 2,000, Error reduction coefficient: 0,000, Error: 0,0000 s
abr 04, 2013 12:33:16 PM org.ros.time.RemoteUptimeClock update
INFO: Latency: 31,0000 s, Delta ratio: 0,5000, Drift: 2,000, Error reduction coefficient: 0,000, Error: 0,0000 s
abr 04, 2013 12:33:16 PM org.ros.time.RemoteUptimeClock update
INFO: Latency: 31,0000 s, Delta ratio: 0,5000, Drift: 2,000, Error reduction coefficient: 0,000, Error: 0,0000 s
abr 04, 2013 12:33:16 PM org.ros.time.RemoteUptimeClock update
INFO: Latency: 31,0000 s, Delta ratio: 0,5000, Drift: 2,000, Error reduction coefficient: 0,000, Error: 0,0000 s
abr 04, 2013 12:33:16 PM org.ros.time.RemoteUptimeClock update
INFO: Latency: 31,0000 s, Delta ratio: 0,5000, Drift: 2,000, Error reduction coefficient: 0,000, Error: 0,0000 s
abr 04, 2013 12:33:16 PM org.ros.time.RemoteUptimeClock update
INFO: Latency: 31,0000 s, Delta ratio: 0,5000, Drift: 2,000, Error reduction coefficient: 0,000, Error: 0,0000 s
abr 04, 2013 12:33:16 PM org.ros.time.RemoteUptimeClock update
INFO: Latency: 31,0000 s, Delta ratio: 0,5000, Drift: 2,000, Error reduction coefficient: 0,000, Error: 0,0000 s
abr 04, 2013 12:33:16 PM org.ros.time.RemoteUptimeClock update
INFO: Latency: 31,0000 s, Delta ratio: 0,5000, Drift: 2,000, Error reduction coefficient: 0,000, Error: 0,0000 s
abr 04, 2013 12:33:16 PM org.ros.time.RemoteUptimeClock update
INFO: Latency: 31,0000 s, Delta ratio: 0,5000, Drift: 2,000, Error reduction coefficient: 0,000, Error: 0,0000 s
abr 04, 2013 12:33:16 PM org.ros.time.RemoteUptimeClock update
INFO: Latency: 31,0000 s, Delta ratio: 0,5000, Drift: 2,000, Error reduction coefficient: 0,000, Error: 0,0000 s
abr 04, 2013 12:33:16 PM org.ros.time.RemoteUptimeClock update
INFO: Latency: 31,0000 s, Delta ratio: 0,5000, Drift: 2,000, Error reduction coefficient: 0,000, Error: 0,0000 s
abr 04, 2013 12:33:16 PM org.ros.time.RemoteUptimeClock update
INFO: Latency: 31,0000 s, Delta ratio: 0,5000, Drift: 2,000, Error reduction coefficient: 0,000, Error: 0,0000 s
abr 04, 2013 12:33:16 PM org.ros.time.RemoteUptimeClock update
INFO: Latency: 31,0000 s, Delta ratio: 0,5000, Drift: 2,000, Error reduction coefficient: 0,000, Error: 0,0000 s
abr 04, 2013 12:33:16 PM org.ros.time.RemoteUptimeClock update
INFO: Latency: 31,0000 s, Delta ratio: 0,5000, Drift: 2,000, Error reduction coefficient: 0,000, Error: 0,0000 s
abr 04, 2013 12:33:16 PM org.ros.time.RemoteUptimeClock update
INFO: Latency: 31,0000 s, Delta ratio: 0,5000, Drift: 2,000, Error reduction coefficient: 0,000, Error: 0,0000 s
abr 04, 2013 12:33:16 PM org.ros.time.RemoteUptimeClock update
INFO: Latency: 31,0000 s, Delta ratio: 0,5000, Drift: 2,000, Error reduction coefficient: 0,000, Error: 0,0000 s
abr 04, 2013 12:33:16 PM org.ros.time.RemoteUptimeClock update
INFO: Latency: 31,0000 s, Delta ratio: 0,5000, Drift: 2,000, Error reduction coefficient: 0,000, Error: 0,0000 s
abr 04, 2013 12:33:16 PM org.ros.time.RemoteUptimeClock update
INFO: Latency: 31,0000 s, Delta ratio: 0,5000, Drift: 2,000, Error reduction coefficient: 0,000, Error: 0,0000 s
abr 04, 2013 12:33:16 PM org.ros.time.RemoteUptimeClock update
INFO: Latency: 31,0000 s, Delta ratio: 0,5000, Drift: 2,000, Error reduction coefficient: 0,000, Error: 0,0000 s
abr 04, 2013 12:33:16 PM org.ros.time.RemoteUptimeClock update
INFO: Latency: 31,0000 s, Delta ratio: 0,5000, Drift: 2,000, Error reduction coefficient: 0,000, Error: 0,0000 s
abr 04, 2013 12:33:16 PM org.ros.time.RemoteUptimeClock update
INFO: Latency: 31,0000 s, Delta ratio: 0,5000, Drift: 2,000, Error reduction coefficient: 0,000, Error: 0,0000 s
abr 04, 2013 12:33:16 PM org.ros.time.RemoteUptimeClock update
INFO: Latency: 31,0000 s, Delta ratio: 0,5000, Drift: 2,000, Error reduction coefficient: 0,000, Error: 0,0000 s
abr 04, 2013 12:33:16 PM org.ros.time.RemoteUptimeClock update
INFO: Latency: 31,0000 s, Delta ratio: 0,5000, Drift: 2,000, Error reduction coefficient: 0,000, Error: 0,0000 s
abr 04, 2013 12:33:16 PM org.ros.time.RemoteUptimeClock update
INFO: Latency: 31,0000 s, Delta ratio: 0,5000, Drift: 2,000, Error reduction coefficient: 0,000, Error: 0,0000 s
abr 04, 2013 12:33:16 PM org.ros.time.RemoteUptimeClock update
INFO: Latency: 31,0000 s, Delta ratio: 0,5000, Drift: 2,000, Error reduction coefficient: 0,000, Error: 0,0000 s
abr 04, 2013 12:33:16 PM org.ros.time.RemoteUptimeClock update
INFO: Latency: 31,0000 s, Delta ratio: 0,5000, Drift: 2,000, Error reduction coefficient: 0,000, Error: 0,0000 s
abr 04, 2013 12:33:16 PM org.ros.time.RemoteUptimeClock update
INFO: Latency: 31,0000 s, Delta ratio: 0,5000, Drift: 2,000, Error reduction coefficient: 0,000, Error: 0,0000 s
abr 04, 2013 12:33:16 PM org.ros.time.RemoteUptimeClock update
INFO: Latency: 31,0000 s, Delta ratio: 0,5000, Drift: 2,000, Error reduction coefficient: 0,000, Error: 0,0000 s
abr 04, 2013 12:33:16 PM org.ros.time.RemoteUptimeClock update
INFO: Latency: 31,0000 s, Delta ratio: 0,5000, Drift: 2,000, Error reduction coefficient: 0,000, Error: 0,0000 s
abr 04, 2013 12:33:16 PM org.ros.time.RemoteUptimeClock update
INFO: Latency: 31,0000 s, Delta ratio: 0,5000, Drift: 2,000, Error reduction coefficient: 0,000, Error: 0,0000 s
abr 04, 2013 12:33:16 PM org.ros.time.RemoteUptimeClock update
INFO: Latency: 31,0000 s, Delta ratio: 0,5000, Drift: 2,000, Error reduction coefficient: 0,000, Error: 0,0000 s
abr 04, 2013 12:33:16 PM org.ros.time.RemoteUptimeClock update
INFO: Latency: 31,0000 s, Delta ratio: 0,5000, Drift: 2,000, Error reduction coefficient: 0,000, Error: 0,0000 s
abr 04, 2013 12:33:16 PM org.ros.time.RemoteUptimeClock update
INFO: Latency: 31,0000 s, Delta ratio: 0,5000, Drift: 2,000, Error reduction coefficient: 0,000, Error: 0,0000 s
abr 04, 2013 12:33:16 PM org.ros.time.RemoteUptimeClock update
INFO: Latency: 31,0000 s, Delta ratio: 0,5000, Drift: 2,000, Error reduction coefficient: 0,000, Error: 0,0000 s
abr 04, 2013 12:33:16 PM org.ros.time.RemoteUptimeClock update
INFO: Latency: 31,0000 s, Delta ratio: 0,5000, Drift: 2,000, Error reduction coefficient: 0,000, Error: 0,0000 s
abr 04, 2013 12:33:16 PM org.ros.time.RemoteUptimeClock update
INFO: Latency: 31,0000 s, Delta ratio: 0,5000, Drift: 2,000, Error reduction coefficient: 0,000, Error: 0,0000 s
abr 04, 2013 12:33:16 PM org.ros.time.RemoteUptimeClock update
INFO: Latency: 31,0000 s, Delta ratio: 0,5000, Drift: 2,000, Error reduction coefficient: 0,000, Error: 0,0000 s
abr 04, 2013 12:33:16 PM org.ros.time.RemoteUptimeClock update
INFO: Latency: 31,0000 s, Delta ratio: 0,5000, Drift: 2,000, Error reduction coefficient: 0,000, Error: 0,0000 s
abr 04, 2013 12:33:16 PM org.ros.time.RemoteUptimeClock update
INFO: Latency: 31,0000 s, Delta ratio: 0,5000, Drift: 2,000, Error reduction coefficient: 0,000, Error: 0,0000 s
abr 04, 2013 12:33:16 PM org.ros.time.RemoteUptimeClock update
INFO: Latency: 31,0000 s, Delta ratio: 0,5000, Drift: 2,000, Error reduction coefficient: 0,000, Error: 0,0000 s
abr 04, 2013 12:33:17 PM org.ros.time.RemoteUptimeClock update
INFO: Latency: 31,0000 s, Delta ratio: 0,5000, Drift: 2,000, Error reduction coefficient: 0,000, Error: 0,0000 s
abr 04, 2013 12:33:17 PM org.ros.time.RemoteUptimeClock update
INFO: Latency: 31,0000 s, Delta ratio: 0,5000, Drift: 2,000, Error reduction coefficient: 0,000, Error: 0,0000 s
abr 04, 2013 12:33:17 PM org.ros.time.RemoteUptimeClock update
INFO: Latency: 31,0000 s, Delta ratio: 0,5000, Drift: 2,000, Error reduction coefficient: 0,000, Error: 0,0000 s
abr 04, 2013 12:33:17 PM org.ros.time.RemoteUptimeClock update
INFO: Latency: 31,0000 s, Delta ratio: 0,5000, Drift: 2,000, Error reduction coefficient: 0,000, Error: 0,0000 s
abr 04, 2013 12:33:17 PM org.ros.time.RemoteUptimeClock update
INFO: Latency: 31,0000 s, Delta ratio: 0,5000, Drift: 2,000, Error reduction coefficient: 0,000, Error: 0,0000 s
abr 04, 2013 12:33:17 PM org.ros.time.RemoteUptimeClock update
INFO: Latency: 31,0000 s, Delta ratio: 0,5000, Drift: 2,000, Error reduction coefficient: 0,000, Error: 0,0000 s
abr 04, 2013 12:33:17 PM org.ros.time.RemoteUptimeClock update
INFO: Latency: 31,0000 s, Delta ratio: 0,5000, Drift: 2,000, Error reduction coefficient: 0,000, Error: 0,0000 s
abr 04, 2013 12:33:17 PM org.ros.time.RemoteUptimeClock update
INFO: Latency: 31,0000 s, Delta ratio: 0,5000, Drift: 2,000, Error reduction coefficient: 0,000, Error: 0,0000 s
abr 04, 2013 12:33:17 PM org.ros.time.RemoteUptimeClock update
INFO: Latency: 31,0000 s, Delta ratio: 0,5000, Drift: 2,000, Error reduction coefficient: 0,000, Error: 0,0000 s
abr 04, 2013 12:33:17 PM org.ros.time.RemoteUptimeClock update
INFO: Latency: 31,0000 s, Delta ratio: 0,5000, Drift: 2,000, Error reduction coefficient: 0,000, Error: 0,0000 s
abr 04, 2013 12:33:17 PM org.ros.time.RemoteUptimeClock update
INFO: Latency: 31,0000 s, Delta ratio: 0,5000, Drift: 2,000, Error reduction coefficient: 0,000, Error: 0,0000 s
abr 04, 2013 12:33:17 PM org.ros.time.RemoteUptimeClock update
INFO: Latency: 31,0000 s, Delta ratio: 0,5000, Drift: 2,000, Error reduction coefficient: 0,000, Error: 0,0000 s
abr 04, 2013 12:33:17 PM org.ros.time.RemoteUptimeClock update
INFO: Latency: 31,0000 s, Delta ratio: 0,5000, Drift: 2,000, Error reduction coefficient: 0,000, Error: 0,0000 s
abr 04, 2013 12:33:17 PM org.ros.time.RemoteUptimeClock update
INFO: Latency: 31,0000 s, Delta ratio: 0,5000, Drift: 2,000, Error reduction coefficient: 0,000, Error: 0,0000 s
abr 04, 2013 12:33:17 PM org.ros.time.RemoteUptimeClock update
INFO: Latency: 31,0000 s, Delta ratio: 0,5000, Drift: 2,000, Error reduction coefficient: 0,000, Error: 0,0000 s
abr 04, 2013 12:33:17 PM org.ros.time.RemoteUptimeClock update
INFO: Latency: 31,0000 s, Delta ratio: 0,5000, Drift: 2,000, Error reduction coefficient: 0,000, Error: 0,0000 s
abr 04, 2013 12:33:17 PM org.ros.time.RemoteUptimeClock update
INFO: Latency: 31,0000 s, Delta ratio: 0,5000, Drift: 2,000, Error reduction coefficient: 0,000, Error: 0,0000 s
abr 04, 2013 12:33:17 PM org.ros.time.RemoteUptimeClock update
INFO: Latency: 31,0000 s, Delta ratio: 0,5000, Drift: 2,000, Error reduction coefficient: 0,000, Error: 0,0000 s
abr 04, 2013 12:33:17 PM org.ros.time.RemoteUptimeClock update
INFO: Latency: 31,0000 s, Delta ratio: 0,5000, Drift: 2,000, Error reduction coefficient: 0,000, Error: 0,0000 s
abr 04, 2013 12:33:17 PM org.ros.time.RemoteUptimeClock update
INFO: Latency: 31,0000 s, Delta ratio: 0,5000, Drift: 2,000, Error reduction coefficient: 0,000, Error: 0,0000 s
abr 04, 2013 12:33:17 PM org.ros.time.RemoteUptimeClock update
INFO: Latency: 31,0000 s, Delta ratio: 0,5000, Drift: 2,000, Error reduction coefficient: 0,000, Error: 0,0000 s
abr 04, 2013 12:33:17 PM org.ros.time.RemoteUptimeClock update
INFO: Latency: 31,0000 s, Delta ratio: 0,5000, Drift: 2,000, Error reduction coefficient: 0,000, Error: 0,0000 s
abr 04, 2013 12:33:17 PM org.ros.time.RemoteUptimeClock update
INFO: Latency: 31,0000 s, Delta ratio: 0,5000, Drift: 2,000, Error reduction coefficient: 0,000, Error: 0,0000 s
abr 04, 2013 12:33:17 PM org.ros.time.RemoteUptimeClock update
INFO: Latency: 31,0000 s, Delta ratio: 0,5000, Drift: 2,000, Error reduction coefficient: 0,000, Error: 0,0000 s
abr 04, 2013 12:33:17 PM org.ros.time.RemoteUptimeClock update
INFO: Latency: 31,0000 s, Delta ratio: 0,5000, Drift: 2,000, Error reduction coefficient: 0,000, Error: 0,0000 s
abr 04, 2013 12:33:17 PM org.ros.time.RemoteUptimeClock update
INFO: Latency: 31,0000 s, Delta ratio: 0,5000, Drift: 2,000, Error reduction coefficient: 0,000, Error: 0,0000 s
abr 04, 2013 12:33:17 PM org.ros.time.RemoteUptimeClock update
INFO: Latency: 31,0000 s, Delta ratio: 0,5000, Drift: 2,000, Error reduction coefficient: 0,000, Error: 0,0000 s
abr 04, 2013 12:33:17 PM org.ros.time.RemoteUptimeClock update
INFO: Latency: 31,0000 s, Delta ratio: 0,5000, Drift: 2,000, Error reduction coefficient: 0,000, Error: 0,0000 s
abr 04, 2013 12:33:17 PM org.ros.time.RemoteUptimeClock update
INFO: Latency: 31,0000 s, Delta ratio: 0,5000, Drift: 2,000, Error reduction coefficient: 0,000, Error: 0,0000 s
abr 04, 2013 12:33:17 PM org.ros.time.RemoteUptimeClock update
INFO: Latency: 31,0000 s, Delta ratio: 0,5000, Drift: 2,000, Error reduction coefficient: 0,000, Error: 0,0000 s
abr 04, 2013 12:33:17 PM org.ros.time.RemoteUptimeClock update
INFO: Latency: 31,0000 s, Delta ratio: 0,5000, Drift: 2,000, Error reduction coefficient: 0,000, Error: 0,0000 s
abr 04, 2013 12:33:17 PM org.ros.time.RemoteUptimeClock update
INFO: Latency: 31,0000 s, Delta ratio: 0,5000, Drift: 2,000, Error reduction coefficient: 0,000, Error: 0,0000 s
abr 04, 2013 12:33:17 PM org.ros.time.RemoteUptimeClock update
INFO: Latency: 31,0000 s, Delta ratio: 0,5000, Drift: 2,000, Error reduction coefficient: 0,000, Error: 0,0000 s
abr 04, 2013 12:33:17 PM org.ros.time.RemoteUptimeClock update
INFO: Latency: 31,0000 s, Delta ratio: 0,5000, Drift: 2,000, Error reduction coefficient: 0,000, Error: 0,0000 s
abr 04, 2013 12:33:17 PM org.ros.time.RemoteUptimeClock update
INFO: Latency: 31,0000 s, Delta ratio: 0,5000, Drift: 2,000, Error reduction coefficient: 0,000, Error: 0,0000 s
abr 04, 2013 12:33:17 PM org.ros.time.RemoteUptimeClock update
INFO: Latency: 31,0000 s, Delta ratio: 0,5000, Drift: 2,000, Error reduction coefficient: 0,000, Error: 0,0000 s
abr 04, 2013 12:33:17 PM org.ros.time.RemoteUptimeClock update
INFO: Latency: 31,0000 s, Delta ratio: 0,5000, Drift: 2,000, Error reduction coefficient: 0,000, Error: 0,0000 s
abr 04, 2013 12:33:17 PM org.ros.time.RemoteUptimeClock update
INFO: Latency: 31,0000 s, Delta ratio: 0,5000, Drift: 2,000, Error reduction coefficient: 0,000, Error: 0,0000 s
abr 04, 2013 12:33:17 PM org.ros.time.RemoteUptimeClock update
INFO: Latency: 31,0000 s, Delta ratio: 0,5000, Drift: 2,000, Error reduction coefficient: 0,000, Error: 0,0000 s
abr 04, 2013 12:33:17 PM org.ros.time.RemoteUptimeClock update
INFO: Latency: 31,0000 s, Delta ratio: 0,5000, Drift: 2,000, Error reduction coefficient: 0,000, Error: 0,0000 s
abr 04, 2013 12:33:17 PM org.ros.time.RemoteUptimeClock update
INFO: Latency: 31,0000 s, Delta ratio: 0,5000, Drift: 2,000, Error reduction coefficient: 0,000, Error: 0,0000 s
abr 04, 2013 12:33:17 PM org.ros.time.RemoteUptimeClock update
INFO: Latency: 31,0000 s, Delta ratio: 0,5000, Drift: 2,000, Error reduction coefficient: 0,000, Error: 0,0000 s
abr 04, 2013 12:33:17 PM org.ros.time.RemoteUptimeClock update
INFO: Latency: 31,0000 s, Delta ratio: 0,5000, Drift: 2,000, Error reduction coefficient: 0,000, Error: 0,0000 s
abr 04, 2013 12:33:17 PM org.ros.time.RemoteUptimeClock update
INFO: Latency: 31,0000 s, Delta ratio: 0,5000, Drift: 2,000, Error reduction coefficient: 0,000, Error: 0,0000 s
abr 04, 2013 12:33:17 PM org.ros.time.RemoteUptimeClock update
INFO: Latency: 31,0000 s, Delta ratio: 0,5000, Drift: 2,000, Error reduction coefficient: 0,000, Error: 0,0000 s
abr 04, 2013 12:33:17 PM org.ros.time.RemoteUptimeClock update
INFO: Latency: 31,0000 s, Delta ratio: 0,5000, Drift: 2,000, Error reduction coefficient: 0,000, Error: 0,0000 s
abr 04, 2013 12:33:17 PM org.ros.time.RemoteUptimeClock update
INFO: Latency: 31,0000 s, Delta ratio: 0,5000, Drift: 2,000, Error reduction coefficient: 0,000, Error: 0,0000 s
abr 04, 2013 12:33:17 PM org.ros.time.RemoteUptimeClock update
INFO: Latency: 31,0000 s, Delta ratio: 0,5000, Drift: 2,000, Error reduction coefficient: 0,000, Error: 0,0000 s
abr 04, 2013 12:33:17 PM org.ros.time.RemoteUptimeClock update
INFO: Latency: 31,0000 s, Delta ratio: 0,5000, Drift: 2,000, Error reduction coefficient: 0,000, Error: 0,0000 s
abr 04, 2013 12:33:17 PM org.ros.time.RemoteUptimeClock update
INFO: Latency: 31,0000 s, Delta ratio: 0,5000, Drift: 2,000, Error reduction coefficient: 0,000, Error: 0,0000 s
abr 04, 2013 12:33:17 PM org.ros.time.RemoteUptimeClock update
INFO: Latency: 31,0000 s, Delta ratio: 0,5000, Drift: 2,000, Error reduction coefficient: 0,000, Error: 0,0000 s
abr 04, 2013 12:33:17 PM org.ros.time.RemoteUptimeClock update
INFO: Latency: 31,0000 s, Delta ratio: 0,5000, Drift: 2,000, Error reduction coefficient: 0,000, Error: 0,0000 s
abr 04, 2013 12:33:17 PM org.ros.time.RemoteUptimeClock update
INFO: Latency: 31,0000 s, Delta ratio: 0,5000, Drift: 2,000, Error reduction coefficient: 0,000, Error: 0,0000 s
abr 04, 2013 12:33:17 PM org.ros.time.RemoteUptimeClock update
INFO: Latency: 31,0000 s, Delta ratio: 0,5000, Drift: 2,000, Error reduction coefficient: 0,000, Error: 0,0000 s
abr 04, 2013 12:33:17 PM org.ros.time.RemoteUptimeClock update
INFO: Latency: 31,0000 s, Delta ratio: 0,5000, Drift: 2,000, Error reduction coefficient: 0,000, Error: 0,0000 s
abr 04, 2013 12:33:17 PM org.ros.time.RemoteUptimeClock update
INFO: Latency: 31,0000 s, Delta ratio: 0,5000, Drift: 2,000, Error reduction coefficient: 0,000, Error: 0,0000 s
abr 04, 2013 12:33:17 PM org.ros.time.RemoteUptimeClock update
INFO: Latency: 31,0000 s, Delta ratio: 0,5000, Drift: 2,000, Error reduction coefficient: 0,000, Error: 0,0000 s
abr 04, 2013 12:33:17 PM org.ros.time.RemoteUptimeClock update
INFO: Latency: 31,0000 s, Delta ratio: 0,5000, Drift: 2,000, Error reduction coefficient: 0,000, Error: 0,0000 s
abr 04, 2013 12:33:17 PM org.ros.time.RemoteUptimeClock update
INFO: Latency: 31,0000 s, Delta ratio: 0,5000, Drift: 2,000, Error reduction coefficient: 0,000, Error: 0,0000 s
abr 04, 2013 12:33:17 PM org.ros.time.RemoteUptimeClock update
INFO: Latency: 31,0000 s, Delta ratio: 0,5000, Drift: 2,000, Error reduction coefficient: 0,000, Error: 0,0000 s
abr 04, 2013 12:33:17 PM org.ros.time.RemoteUptimeClock update
INFO: Latency: 31,0000 s, Delta ratio: 0,5000, Drift: 2,000, Error reduction coefficient: 0,000, Error: 0,0000 s
abr 04, 2013 12:33:17 PM org.ros.time.RemoteUptimeClock update
INFO: Latency: 31,0000 s, Delta ratio: 0,5000, Drift: 2,000, Error reduction coefficient: 0,000, Error: 0,0000 s
abr 04, 2013 12:33:17 PM org.ros.time.RemoteUptimeClock update
INFO: Latency: 31,0000 s, Delta ratio: 0,5000, Drift: 2,000, Error reduction coefficient: 0,000, Error: 0,0000 s
abr 04, 2013 12:33:17 PM org.ros.time.RemoteUptimeClock update
INFO: Latency: 31,0000 s, Delta ratio: 0,5000, Drift: 2,000, Error reduction coefficient: 0,000, Error: 0,0000 s
abr 04, 2013 12:33:17 PM org.ros.time.RemoteUptimeClock update
INFO: Latency: 31,0000 s, Delta ratio: 0,5000, Drift: 2,000, Error reduction coefficient: 0,000, Error: 0,0000 s
abr 04, 2013 12:33:17 PM org.ros.time.RemoteUptimeClock update
INFO: Latency: 31,0000 s, Delta ratio: 0,5000, Drift: 2,000, Error reduction coefficient: 0,000, Error: 0,0000 s
abr 04, 2013 12:33:17 PM org.ros.time.RemoteUptimeClock update
INFO: Latency: 31,0000 s, Delta ratio: 0,5000, Drift: 2,000, Error reduction coefficient: 0,000, Error: 0,0000 s
abr 04, 2013 12:33:17 PM org.ros.time.RemoteUptimeClock update
INFO: Latency: 31,0000 s, Delta ratio: 0,5000, Drift: 2,000, Error reduction coefficient: 0,000, Error: 0,0000 s
abr 04, 2013 12:33:17 PM org.ros.time.RemoteUptimeClock update
INFO: Latency: 31,0000 s, Delta ratio: 0,5000, Drift: 2,000, Error reduction coefficient: 0,000, Error: 0,0000 s
abr 04, 2013 12:33:17 PM org.ros.time.RemoteUptimeClock update
INFO: Latency: 31,0000 s, Delta ratio: 0,5000, Drift: 2,000, Error reduction coefficient: 0,000, Error: 0,0000 s
abr 04, 2013 12:33:17 PM org.ros.time.RemoteUptimeClock update
INFO: Latency: 31,0000 s, Delta ratio: 0,5000, Drift: 2,000, Error reduction coefficient: 0,000, Error: 0,0000 s
abr 04, 2013 12:33:17 PM org.ros.time.RemoteUptimeClock update
INFO: Latency: 31,0000 s, Delta ratio: 0,5000, Drift: 2,000, Error reduction coefficient: 0,000, Error: 0,0000 s
abr 04, 2013 12:33:17 PM org.ros.time.RemoteUptimeClock update
INFO: Latency: 31,0000 s, Delta ratio: 0,5000, Drift: 2,000, Error reduction coefficient: 0,000, Error: 0,0000 s
abr 04, 2013 12:33:17 PM org.ros.time.RemoteUptimeClock update
INFO: Latency: 31,0000 s, Delta ratio: 0,5000, Drift: 2,000, Error reduction coefficient: 0,000, Error: 0,0000 s
abr 04, 2013 12:33:17 PM org.ros.time.RemoteUptimeClock update
INFO: Latency: 31,0000 s, Delta ratio: 0,5000, Drift: 2,000, Error reduction coefficient: 0,000, Error: 0,0000 s
abr 04, 2013 12:33:17 PM org.ros.time.RemoteUptimeClock update
INFO: Latency: 31,0000 s, Delta ratio: 0,5000, Drift: 2,000, Error reduction coefficient: 0,000, Error: 0,0000 s
abr 04, 2013 12:33:17 PM org.ros.time.RemoteUptimeClock update
INFO: Latency: 31,0000 s, Delta ratio: 0,5000, Drift: 2,000, Error reduction coefficient: 0,000, Error: 0,0000 s
abr 04, 2013 12:33:17 PM org.ros.time.RemoteUptimeClock update
INFO: Latency: 31,0000 s, Delta ratio: 0,5000, Drift: 2,000, Error reduction coefficient: 0,000, Error: 0,0000 s
abr 04, 2013 12:33:17 PM org.ros.time.RemoteUptimeClock update
INFO: Latency: 31,0000 s, Delta ratio: 0,5000, Drift: 2,000, Error reduction coefficient: 0,000, Error: 0,0000 s
abr 04, 2013 12:33:17 PM org.ros.time.RemoteUptimeClock update
INFO: Latency: 31,0000 s, Delta ratio: 0,5000, Drift: 2,000, Error reduction coefficient: 0,000, Error: 0,0000 s
abr 04, 2013 12:33:17 PM org.ros.time.RemoteUptimeClock update
INFO: Latency: 31,0000 s, Delta ratio: 0,5000, Drift: 2,000, Error reduction coefficient: 0,000, Error: 0,0000 s
abr 04, 2013 12:33:17 PM org.ros.time.RemoteUptimeClock update
INFO: Latency: 31,0000 s, Delta ratio: 0,5000, Drift: 2,000, Error reduction coefficient: 0,000, Error: 0,0000 s
abr 04, 2013 12:33:17 PM org.ros.time.RemoteUptimeClock update
INFO: Latency: 31,0000 s, Delta ratio: 0,5000, Drift: 2,000, Error reduction coefficient: 0,000, Error: 0,0000 s
abr 04, 2013 12:33:17 PM org.ros.time.RemoteUptimeClock update
INFO: Latency: 31,0000 s, Delta ratio: 0,5000, Drift: 2,000, Error reduction coefficient: 0,000, Error: 0,0000 s
abr 04, 2013 12:33:17 PM org.ros.time.RemoteUptimeClock update
INFO: Latency: 31,0000 s, Delta ratio: 0,5000, Drift: 2,000, Error reduction coefficient: 0,000, Error: 0,0000 s
abr 04, 2013 12:33:17 PM org.ros.time.RemoteUptimeClock update
INFO: Latency: 31,0000 s, Delta ratio: 0,5000, Drift: 2,000, Error reduction coefficient: 0,000, Error: 0,0000 s
abr 04, 2013 12:33:17 PM org.ros.time.RemoteUptimeClock update
INFO: Latency: 31,0000 s, Delta ratio: 0,5000, Drift: 2,000, Error reduction coefficient: 0,000, Error: 0,0000 s
abr 04, 2013 12:33:17 PM org.ros.time.RemoteUptimeClock update
INFO: Latency: 31,0000 s, Delta ratio: 0,5000, Drift: 2,000, Error reduction coefficient: 0,000, Error: 0,0000 s
abr 04, 2013 12:33:17 PM org.ros.time.RemoteUptimeClock update
INFO: Latency: 31,0000 s, Delta ratio: 0,5000, Drift: 2,000, Error reduction coefficient: 0,000, Error: 0,0000 s
abr 04, 2013 12:33:17 PM org.ros.time.RemoteUptimeClock update
INFO: Latency: 31,0000 s, Delta ratio: 0,5000, Drift: 2,000, Error reduction coefficient: 0,000, Error: 0,0000 s
abr 04, 2013 12:33:17 PM org.ros.time.RemoteUptimeClock update
INFO: Latency: 31,0000 s, Delta ratio: 0,5000, Drift: 2,000, Error reduction coefficient: 0,000, Error: 0,0000 s
abr 04, 2013 12:33:17 PM org.ros.time.RemoteUptimeClock update
INFO: Latency: 31,0000 s, Delta ratio: 0,5000, Drift: 2,000, Error reduction coefficient: 0,000, Error: 0,0000 s
abr 04, 2013 12:33:17 PM org.ros.time.RemoteUptimeClock update
INFO: Latency: 31,0000 s, Delta ratio: 0,5000, Drift: 2,000, Error reduction coefficient: 0,000, Error: 0,0000 s
abr 04, 2013 12:33:17 PM org.ros.time.RemoteUptimeClock update
INFO: Latency: 31,0000 s, Delta ratio: 0,5000, Drift: 2,000, Error reduction coefficient: 0,000, Error: 0,0000 s
abr 04, 2013 12:33:17 PM org.ros.time.RemoteUptimeClock update
INFO: Latency: 31,0000 s, Delta ratio: 0,5000, Drift: 2,000, Error reduction coefficient: 0,000, Error: 0,0000 s
abr 04, 2013 12:33:17 PM org.ros.time.RemoteUptimeClock update
INFO: Latency: 31,0000 s, Delta ratio: 0,5000, Drift: 2,000, Error reduction coefficient: 0,000, Error: 0,0000 s
abr 04, 2013 12:33:17 PM org.ros.time.RemoteUptimeClock update
INFO: Latency: 31,0000 s, Delta ratio: 0,5000, Drift: 2,000, Error reduction coefficient: 0,000, Error: 0,0000 s
abr 04, 2013 12:33:17 PM org.ros.time.RemoteUptimeClock update
INFO: Latency: 31,0000 s, Delta ratio: 0,5000, Drift: 2,000, Error reduction coefficient: 0,000, Error: 0,0000 s
abr 04, 2013 12:33:17 PM org.ros.time.RemoteUptimeClock update
INFO: Latency: 31,0000 s, Delta ratio: 0,5000, Drift: 2,000, Error reduction coefficient: 0,000, Error: 0,0000 s
abr 04, 2013 12:33:17 PM org.ros.time.RemoteUptimeClock update
INFO: Latency: 31,0000 s, Delta ratio: 0,5000, Drift: 2,000, Error reduction coefficient: 0,000, Error: 0,0000 s
abr 04, 2013 12:33:17 PM org.ros.time.RemoteUptimeClock update
INFO: Latency: 31,0000 s, Delta ratio: 0,5000, Drift: 2,000, Error reduction coefficient: 0,000, Error: 0,0000 s
abr 04, 2013 12:33:17 PM org.ros.time.RemoteUptimeClock update
INFO: Latency: 31,0000 s, Delta ratio: 0,5000, Drift: 2,000, Error reduction coefficient: 0,000, Error: 0,0000 s
abr 04, 2013 12:33:17 PM org.ros.time.RemoteUptimeClock update
INFO: Latency: 31,0000 s, Delta ratio: 0,5000, Drift: 2,000, Error reduction coefficient: 0,000, Error: 0,0000 s
abr 04, 2013 12:33:17 PM org.ros.time.RemoteUptimeClock update
INFO: Latency: 31,0000 s, Delta ratio: 0,5000, Drift: 2,000, Error reduction coefficient: 0,000, Error: 0,0000 s
abr 04, 2013 12:33:17 PM org.ros.time.RemoteUptimeClock update
INFO: Latency: 31,0000 s, Delta ratio: 0,5000, Drift: 2,000, Error reduction coefficient: 0,000, Error: 0,0000 s
abr 04, 2013 12:33:17 PM org.ros.time.RemoteUptimeClock update
INFO: Latency: 31,0000 s, Delta ratio: 0,5000, Drift: 2,000, Error reduction coefficient: 0,000, Error: 0,0000 s
abr 04, 2013 12:33:17 PM org.ros.time.RemoteUptimeClock update
INFO: Latency: 31,0000 s, Delta ratio: 0,5000, Drift: 2,000, Error reduction coefficient: 0,000, Error: 0,0000 s
abr 04, 2013 12:33:17 PM org.ros.time.RemoteUptimeClock update
INFO: Latency: 31,0000 s, Delta ratio: 0,5000, Drift: 2,000, Error reduction coefficient: 0,000, Error: 0,0000 s
abr 04, 2013 12:33:17 PM org.ros.time.RemoteUptimeClock update
INFO: Latency: 31,0000 s, Delta ratio: 0,5000, Drift: 2,000, Error reduction coefficient: 0,000, Error: 0,0000 s
abr 04, 2013 12:33:17 PM org.ros.time.RemoteUptimeClock update
INFO: Latency: 31,0000 s, Delta ratio: 0,5000, Drift: 2,000, Error reduction coefficient: 0,000, Error: 0,0000 s
abr 04, 2013 12:33:17 PM org.ros.time.RemoteUptimeClock update
INFO: Latency: 31,0000 s, Delta ratio: 0,5000, Drift: 2,000, Error reduction coefficient: 0,000, Error: 0,0000 s
abr 04, 2013 12:33:17 PM org.ros.time.RemoteUptimeClock update
INFO: Latency: 31,0000 s, Delta ratio: 0,5000, Drift: 2,000, Error reduction coefficient: 0,000, Error: 0,0000 s
abr 04, 2013 12:33:17 PM org.ros.time.RemoteUptimeClock update
INFO: Latency: 31,0000 s, Delta ratio: 0,5000, Drift: 2,000, Error reduction coefficient: 0,000, Error: 0,0000 s
abr 04, 2013 12:33:17 PM org.ros.time.RemoteUptimeClock update
INFO: Latency: 31,0000 s, Delta ratio: 0,5000, Drift: 2,000, Error reduction coefficient: 0,000, Error: 0,0000 s
abr 04, 2013 12:33:17 PM org.ros.time.RemoteUptimeClock update
INFO: Latency: 31,0000 s, Delta ratio: 0,5000, Drift: 2,000, Error reduction coefficient: 0,000, Error: 0,0000 s
abr 04, 2013 12:33:17 PM org.ros.time.RemoteUptimeClock update
INFO: Latency: 31,0000 s, Delta ratio: 0,5000, Drift: 2,000, Error reduction coefficient: 0,000, Error: 0,0000 s
abr 04, 2013 12:33:17 PM org.ros.time.RemoteUptimeClock update
INFO: Latency: 31,0000 s, Delta ratio: 0,5000, Drift: 2,000, Error reduction coefficient: 0,000, Error: 0,0000 s
abr 04, 2013 12:33:17 PM org.ros.time.RemoteUptimeClock update
INFO: Latency: 31,0000 s, Delta ratio: 0,5000, Drift: 2,000, Error reduction coefficient: 0,000, Error: 0,0000 s
abr 04, 2013 12:33:17 PM org.ros.time.RemoteUptimeClock update
INFO: Latency: 31,0000 s, Delta ratio: 0,5000, Drift: 2,000, Error reduction coefficient: 0,000, Error: 0,0000 s
abr 04, 2013 12:33:17 PM org.ros.time.RemoteUptimeClock update
INFO: Latency: 31,0000 s, Delta ratio: 0,5000, Drift: 2,000, Error reduction coefficient: 0,000, Error: 0,0000 s
abr 04, 2013 12:33:17 PM org.ros.time.RemoteUptimeClock update
INFO: Latency: 31,0000 s, Delta ratio: 0,5000, Drift: 2,000, Error reduction coefficient: 0,000, Error: 0,0000 s
abr 04, 2013 12:33:17 PM org.ros.time.RemoteUptimeClock update
INFO: Latency: 31,0000 s, Delta ratio: 0,5000, Drift: 2,000, Error reduction coefficient: 0,000, Error: 0,0000 s
abr 04, 2013 12:33:17 PM org.ros.time.RemoteUptimeClock update
INFO: Latency: 31,0000 s, Delta ratio: 0,5000, Drift: 2,000, Error reduction coefficient: 0,000, Error: 0,0000 s
abr 04, 2013 12:33:17 PM org.ros.time.RemoteUptimeClock update
INFO: Latency: 31,0000 s, Delta ratio: 0,5000, Drift: 2,000, Error reduction coefficient: 0,000, Error: 0,0000 s
abr 04, 2013 12:33:17 PM org.ros.time.RemoteUptimeClock update
INFO: Latency: 31,0000 s, Delta ratio: 0,5000, Drift: 2,000, Error reduction coefficient: 0,000, Error: 0,0000 s
abr 04, 2013 12:33:17 PM org.ros.time.RemoteUptimeClock update
INFO: Latency: 31,0000 s, Delta ratio: 0,5000, Drift: 2,000, Error reduction coefficient: 0,000, Error: 0,0000 s
abr 04, 2013 12:33:17 PM org.ros.time.RemoteUptimeClock update
INFO: Latency: 31,0000 s, Delta ratio: 0,5000, Drift: 2,000, Error reduction coefficient: 0,000, Error: 0,0000 s
abr 04, 2013 12:33:17 PM org.ros.time.RemoteUptimeClock update
INFO: Latency: 31,0000 s, Delta ratio: 0,5000, Drift: 2,000, Error reduction coefficient: 0,000, Error: 0,0000 s
abr 04, 2013 12:33:17 PM org.ros.time.RemoteUptimeClock update
INFO: Latency: 31,0000 s, Delta ratio: 0,5000, Drift: 2,000, Error reduction coefficient: 0,000, Error: 0,0000 s
abr 04, 2013 12:33:17 PM org.ros.time.RemoteUptimeClock update
INFO: Latency: 31,0000 s, Delta ratio: 0,5000, Drift: 2,000, Error reduction coefficient: 0,000, Error: 0,0000 s
abr 04, 2013 12:33:17 PM org.ros.time.RemoteUptimeClock update
INFO: Latency: 31,0000 s, Delta ratio: 0,5000, Drift: 2,000, Error reduction coefficient: 0,000, Error: 0,0000 s
abr 04, 2013 12:33:17 PM org.ros.time.RemoteUptimeClock update
INFO: Latency: 31,0000 s, Delta ratio: 0,5000, Drift: 2,000, Error reduction coefficient: 0,000, Error: 0,0000 s
abr 04, 2013 12:33:17 PM org.ros.time.RemoteUptimeClock update
INFO: Latency: 31,0000 s, Delta ratio: 0,5000, Drift: 2,000, Error reduction coefficient: 0,000, Error: 0,0000 s
abr 04, 2013 12:33:17 PM org.ros.time.RemoteUptimeClock update
INFO: Latency: 31,0000 s, Delta ratio: 0,5000, Drift: 2,000, Error reduction coefficient: 0,000, Error: 0,0000 s
abr 04, 2013 12:33:17 PM org.ros.time.RemoteUptimeClock update
INFO: Latency: 31,0000 s, Delta ratio: 0,5000, Drift: 2,000, Error reduction coefficient: 0,000, Error: 0,0000 s
abr 04, 2013 12:33:17 PM org.ros.time.RemoteUptimeClock update
INFO: Latency: 31,0000 s, Delta ratio: 0,5000, Drift: 2,000, Error reduction coefficient: 0,000, Error: 0,0000 s
abr 04, 2013 12:33:17 PM org.ros.time.RemoteUptimeClock update
INFO: Latency: 31,0000 s, Delta ratio: 0,5000, Drift: 2,000, Error reduction coefficient: 0,000, Error: 0,0000 s
abr 04, 2013 12:33:17 PM org.ros.time.RemoteUptimeClock update
INFO: Latency: 31,0000 s, Delta ratio: 0,5000, Drift: 2,000, Error reduction coefficient: 0,000, Error: 0,0000 s
abr 04, 2013 12:33:17 PM org.ros.time.RemoteUptimeClock update
INFO: Latency: 31,0000 s, Delta ratio: 0,5000, Drift: 2,000, Error reduction coefficient: 0,000, Error: 0,0000 s
abr 04, 2013 12:33:17 PM org.ros.time.RemoteUptimeClock update
INFO: Latency: 31,0000 s, Delta ratio: 0,5000, Drift: 2,000, Error reduction coefficient: 0,000, Error: 0,0000 s
abr 04, 2013 12:33:17 PM org.ros.time.RemoteUptimeClock update
INFO: Latency: 31,0000 s, Delta ratio: 0,5000, Drift: 2,000, Error reduction coefficient: 0,000, Error: 0,0000 s
abr 04, 2013 12:33:17 PM org.ros.time.RemoteUptimeClock update
INFO: Latency: 31,0000 s, Delta ratio: 0,5000, Drift: 2,000, Error reduction coefficient: 0,000, Error: 0,0000 s
abr 04, 2013 12:33:17 PM org.ros.time.RemoteUptimeClock update
INFO: Latency: 31,0000 s, Delta ratio: 0,5000, Drift: 2,000, Error reduction coefficient: 0,000, Error: 0,0000 s
abr 04, 2013 12:33:17 PM org.ros.time.RemoteUptimeClock update
INFO: Latency: 31,0000 s, Delta ratio: 0,5000, Drift: 2,000, Error reduction coefficient: 0,000, Error: 0,0000 s
abr 04, 2013 12:33:17 PM org.ros.time.RemoteUptimeClock update
INFO: Latency: 31,0000 s, Delta ratio: 0,5000, Drift: 2,000, Error reduction coefficient: 0,000, Error: 0,0000 s
abr 04, 2013 12:33:17 PM org.ros.time.RemoteUptimeClock update
INFO: Latency: 31,0000 s, Delta ratio: 0,5000, Drift: 2,000, Error reduction coefficient: 0,000, Error: 0,0000 s
abr 04, 2013 12:33:17 PM org.ros.time.RemoteUptimeClock update
INFO: Latency: 31,0000 s, Delta ratio: 0,5000, Drift: 2,000, Error reduction coefficient: 0,000, Error: 0,0000 s
abr 04, 2013 12:33:17 PM org.ros.time.RemoteUptimeClock update
INFO: Latency: 31,0000 s, Delta ratio: 0,5000, Drift: 2,000, Error reduction coefficient: 0,000, Error: 0,0000 s
abr 04, 2013 12:33:17 PM org.ros.time.RemoteUptimeClock update
INFO: Latency: 31,0000 s, Delta ratio: 0,5000, Drift: 2,000, Error reduction coefficient: 0,000, Error: 0,0000 s
abr 04, 2013 12:33:17 PM org.ros.time.RemoteUptimeClock update
INFO: Latency: 31,0000 s, Delta ratio: 0,5000, Drift: 2,000, Error reduction coefficient: 0,000, Error: 0,0000 s
abr 04, 2013 12:33:17 PM org.ros.time.RemoteUptimeClock update
INFO: Latency: 31,0000 s, Delta ratio: 0,5000, Drift: 2,000, Error reduction coefficient: 0,000, Error: 0,0000 s
abr 04, 2013 12:33:17 PM org.ros.time.RemoteUptimeClock update
INFO: Latency: 31,0000 s, Delta ratio: 0,5000, Drift: 2,000, Error reduction coefficient: 0,000, Error: 0,0000 s
abr 04, 2013 12:33:17 PM org.ros.time.RemoteUptimeClock update
INFO: Latency: 31,0000 s, Delta ratio: 0,5000, Drift: 2,000, Error reduction coefficient: 0,000, Error: 0,0000 s
abr 04, 2013 12:33:17 PM org.ros.time.RemoteUptimeClock update
INFO: Latency: 31,0000 s, Delta ratio: 0,5000, Drift: 2,000, Error reduction coefficient: 0,000, Error: 0,0000 s
abr 04, 2013 12:33:17 PM org.ros.time.RemoteUptimeClock update
INFO: Latency: 31,0000 s, Delta ratio: 0,5000, Drift: 2,000, Error reduction coefficient: 0,000, Error: 0,0000 s
abr 04, 2013 12:33:17 PM org.ros.time.RemoteUptimeClock update
INFO: Latency: 31,0000 s, Delta ratio: 0,5000, Drift: 2,000, Error reduction coefficient: 0,000, Error: 0,0000 s
abr 04, 2013 12:33:17 PM org.ros.time.RemoteUptimeClock update
INFO: Latency: 31,0000 s, Delta ratio: 0,5000, Drift: 2,000, Error reduction coefficient: 0,000, Error: 0,0000 s
abr 04, 2013 12:33:17 PM org.ros.time.RemoteUptimeClock update
INFO: Latency: 31,0000 s, Delta ratio: 0,5000, Drift: 2,000, Error reduction coefficient: 0,000, Error: 0,0000 s
abr 04, 2013 12:33:17 PM org.ros.time.RemoteUptimeClock update
INFO: Latency: 31,0000 s, Delta ratio: 0,5000, Drift: 2,000, Error reduction coefficient: 0,000, Error: 0,0000 s
abr 04, 2013 12:33:17 PM org.ros.time.RemoteUptimeClock update
INFO: Latency: 31,0000 s, Delta ratio: 0,5000, Drift: 2,000, Error reduction coefficient: 0,000, Error: 0,0000 s
abr 04, 2013 12:33:17 PM org.ros.time.RemoteUptimeClock update
INFO: Latency: 31,0000 s, Delta ratio: 0,5000, Drift: 2,000, Error reduction coefficient: 0,000, Error: 0,0000 s
abr 04, 2013 12:33:17 PM org.ros.time.RemoteUptimeClock update
INFO: Latency: 31,0000 s, Delta ratio: 0,5000, Drift: 2,000, Error reduction coefficient: 0,000, Error: 0,0000 s
abr 04, 2013 12:33:17 PM org.ros.time.RemoteUptimeClock update
INFO: Latency: 31,0000 s, Delta ratio: 0,5000, Drift: 2,000, Error reduction coefficient: 0,000, Error: 0,0000 s
abr 04, 2013 12:33:17 PM org.ros.time.RemoteUptimeClock update
INFO: Latency: 31,0000 s, Delta ratio: 0,5000, Drift: 2,000, Error reduction coefficient: 0,000, Error: 0,0000 s
abr 04, 2013 12:33:17 PM org.ros.time.RemoteUptimeClock update
INFO: Latency: 31,0000 s, Delta ratio: 0,5000, Drift: 2,000, Error reduction coefficient: 0,000, Error: 0,0000 s
abr 04, 2013 12:33:17 PM org.ros.time.RemoteUptimeClock update
INFO: Latency: 31,0000 s, Delta ratio: 0,5000, Drift: 2,000, Error reduction coefficient: 0,000, Error: 0,0000 s
abr 04, 2013 12:33:17 PM org.ros.time.RemoteUptimeClock update
INFO: Latency: 31,0000 s, Delta ratio: 0,5000, Drift: 2,000, Error reduction coefficient: 0,000, Error: 0,0000 s
abr 04, 2013 12:33:17 PM org.ros.time.RemoteUptimeClock update
INFO: Latency: 31,0000 s, Delta ratio: 0,5000, Drift: 2,000, Error reduction coefficient: 0,000, Error: 0,0000 s
abr 04, 2013 12:33:17 PM org.ros.time.RemoteUptimeClock update
INFO: Latency: 31,0000 s, Delta ratio: 0,5000, Drift: 2,000, Error reduction coefficient: 0,000, Error: 0,0000 s
abr 04, 2013 12:33:17 PM org.ros.time.RemoteUptimeClock update
INFO: Latency: 31,0000 s, Delta ratio: 0,5000, Drift: 2,000, Error reduction coefficient: 0,000, Error: 0,0000 s
abr 04, 2013 12:33:17 PM org.ros.time.RemoteUptimeClock update
INFO: Latency: 31,0000 s, Delta ratio: 0,5000, Drift: 2,000, Error reduction coefficient: 0,000, Error: 0,0000 s
abr 04, 2013 12:33:17 PM org.ros.time.RemoteUptimeClock update
INFO: Latency: 31,0000 s, Delta ratio: 0,5000, Drift: 2,000, Error reduction coefficient: 0,000, Error: 0,0000 s
abr 04, 2013 12:33:17 PM org.ros.time.RemoteUptimeClock update
INFO: Latency: 31,0000 s, Delta ratio: 0,5000, Drift: 2,000, Error reduction coefficient: 0,000, Error: 0,0000 s
abr 04, 2013 12:33:17 PM org.ros.time.RemoteUptimeClock update
INFO: Latency: 31,0000 s, Delta ratio: 0,5000, Drift: 2,000, Error reduction coefficient: 0,000, Error: 0,0000 s
abr 04, 2013 12:33:17 PM org.ros.time.RemoteUptimeClock update
INFO: Latency: 31,0000 s, Delta ratio: 0,5000, Drift: 2,000, Error reduction coefficient: 0,000, Error: 0,0000 s
abr 04, 2013 12:33:17 PM org.ros.time.RemoteUptimeClock update
INFO: Latency: 31,0000 s, Delta ratio: 0,5000, Drift: 2,000, Error reduction coefficient: 0,000, Error: 0,0000 s
abr 04, 2013 12:33:17 PM org.ros.time.RemoteUptimeClock update
INFO: Latency: 31,0000 s, Delta ratio: 0,5000, Drift: 2,000, Error reduction coefficient: 0,000, Error: 0,0000 s
abr 04, 2013 12:33:17 PM org.ros.time.RemoteUptimeClock update
INFO: Latency: 31,0000 s, Delta ratio: 0,5000, Drift: 2,000, Error reduction coefficient: 0,000, Error: 0,0000 s
abr 04, 2013 12:33:17 PM org.ros.time.RemoteUptimeClock update
INFO: Latency: 31,0000 s, Delta ratio: 0,5000, Drift: 2,000, Error reduction coefficient: 0,000, Error: 0,0000 s
abr 04, 2013 12:33:17 PM org.ros.time.RemoteUptimeClock update
INFO: Latency: 31,0000 s, Delta ratio: 0,5000, Drift: 2,000, Error reduction coefficient: 0,000, Error: 0,0000 s
abr 04, 2013 12:33:17 PM org.ros.time.RemoteUptimeClock update
INFO: Latency: 31,0000 s, Delta ratio: 0,5000, Drift: 2,000, Error reduction coefficient: 0,000, Error: 0,0000 s
abr 04, 2013 12:33:17 PM org.ros.time.RemoteUptimeClock update
INFO: Latency: 31,0000 s, Delta ratio: 0,5000, Drift: 2,000, Error reduction coefficient: 0,000, Error: 0,0000 s
abr 04, 2013 12:33:17 PM org.ros.time.RemoteUptimeClock update
INFO: Latency: 31,0000 s, Delta ratio: 0,5000, Drift: 2,000, Error reduction coefficient: 0,000, Error: 0,0000 s
abr 04, 2013 12:33:17 PM org.ros.time.RemoteUptimeClock update
INFO: Latency: 31,0000 s, Delta ratio: 0,5000, Drift: 2,000, Error reduction coefficient: 0,000, Error: 0,0000 s
abr 04, 2013 12:33:17 PM org.ros.time.RemoteUptimeClock update
INFO: Latency: 31,0000 s, Delta ratio: 0,5000, Drift: 2,000, Error reduction coefficient: 0,000, Error: 0,0000 s
abr 04, 2013 12:33:17 PM org.ros.time.RemoteUptimeClock update
INFO: Latency: 31,0000 s, Delta ratio: 0,5000, Drift: 2,000, Error reduction coefficient: 0,000, Error: 0,0000 s
abr 04, 2013 12:33:17 PM org.ros.time.RemoteUptimeClock update
INFO: Latency: 31,0000 s, Delta ratio: 0,5000, Drift: 2,000, Error reduction coefficient: 0,000, Error: 0,0000 s
abr 04, 2013 12:33:17 PM org.ros.time.RemoteUptimeClock update
INFO: Latency: 31,0000 s, Delta ratio: 0,5000, Drift: 2,000, Error reduction coefficient: 0,000, Error: 0,0000 s
abr 04, 2013 12:33:17 PM org.ros.time.RemoteUptimeClock update
INFO: Latency: 31,0000 s, Delta ratio: 0,5000, Drift: 2,000, Error reduction coefficient: 0,000, Error: 0,0000 s
abr 04, 2013 12:33:17 PM org.ros.time.RemoteUptimeClock update
INFO: Latency: 31,0000 s, Delta ratio: 0,5000, Drift: 2,000, Error reduction coefficient: 0,000, Error: 0,0000 s
abr 04, 2013 12:33:17 PM org.ros.time.RemoteUptimeClock update
INFO: Latency: 31,0000 s, Delta ratio: 0,5000, Drift: 2,000, Error reduction coefficient: 0,000, Error: 0,0000 s
abr 04, 2013 12:33:17 PM org.ros.time.RemoteUptimeClock update
INFO: Latency: 31,0000 s, Delta ratio: 0,5000, Drift: 2,000, Error reduction coefficient: 0,000, Error: 0,0000 s
abr 04, 2013 12:33:17 PM org.ros.time.RemoteUptimeClock update
INFO: Latency: 31,0000 s, Delta ratio: 0,5000, Drift: 2,000, Error reduction coefficient: 0,000, Error: 0,0000 s
abr 04, 2013 12:33:17 PM org.ros.time.RemoteUptimeClock update
INFO: Latency: 31,0000 s, Delta ratio: 0,5000, Drift: 2,000, Error reduction coefficient: 0,000, Error: 0,0000 s
abr 04, 2013 12:33:17 PM org.ros.time.RemoteUptimeClock update
INFO: Latency: 31,0000 s, Delta ratio: 0,5000, Drift: 2,000, Error reduction coefficient: 0,000, Error: 0,0000 s
abr 04, 2013 12:33:17 PM org.ros.time.RemoteUptimeClock update
INFO: Latency: 31,0000 s, Delta ratio: 0,5000, Drift: 2,000, Error reduction coefficient: 0,000, Error: 0,0000 s
abr 04, 2013 12:33:17 PM org.ros.time.RemoteUptimeClock update
INFO: Latency: 31,0000 s, Delta ratio: 0,5000, Drift: 2,000, Error reduction coefficient: 0,000, Error: 0,0000 s
abr 04, 2013 12:33:17 PM org.ros.time.RemoteUptimeClock update
INFO: Latency: 31,0000 s, Delta ratio: 0,5000, Drift: 2,000, Error reduction coefficient: 0,000, Error: 0,0000 s
abr 04, 2013 12:33:17 PM org.ros.time.RemoteUptimeClock update
INFO: Latency: 31,0000 s, Delta ratio: 0,5000, Drift: 2,000, Error reduction coefficient: 0,000, Error: 0,0000 s
abr 04, 2013 12:33:17 PM org.ros.time.RemoteUptimeClock update
INFO: Latency: 31,0000 s, Delta ratio: 0,5000, Drift: 2,000, Error reduction coefficient: 0,000, Error: 0,0000 s
abr 04, 2013 12:33:17 PM org.ros.time.RemoteUptimeClock update
INFO: Latency: 31,0000 s, Delta ratio: 0,5000, Drift: 2,000, Error reduction coefficient: 0,000, Error: 0,0000 s
abr 04, 2013 12:33:17 PM org.ros.time.RemoteUptimeClock update
INFO: Latency: 31,0000 s, Delta ratio: 0,5000, Drift: 2,000, Error reduction coefficient: 0,000, Error: 0,0000 s
abr 04, 2013 12:33:17 PM org.ros.time.RemoteUptimeClock update
INFO: Latency: 31,0000 s, Delta ratio: 0,5000, Drift: 2,000, Error reduction coefficient: 0,000, Error: 0,0000 s
abr 04, 2013 12:33:17 PM org.ros.time.RemoteUptimeClock update
INFO: Latency: 31,0000 s, Delta ratio: 0,5000, Drift: 2,000, Error reduction coefficient: 0,000, Error: 0,0000 s
abr 04, 2013 12:33:17 PM org.ros.time.RemoteUptimeClock update
INFO: Latency: 31,0000 s, Delta ratio: 0,5000, Drift: 2,000, Error reduction coefficient: 0,000, Error: 0,0000 s
abr 04, 2013 12:33:17 PM org.ros.time.RemoteUptimeClock update
INFO: Latency: 31,0000 s, Delta ratio: 0,5000, Drift: 2,000, Error reduction coefficient: 0,000, Error: 0,0000 s
abr 04, 2013 12:33:17 PM org.ros.time.RemoteUptimeClock update
INFO: Latency: 31,0000 s, Delta ratio: 0,5000, Drift: 2,000, Error reduction coefficient: 0,000, Error: 0,0000 s
abr 04, 2013 12:33:17 PM org.ros.time.RemoteUptimeClock update
INFO: Latency: 31,0000 s, Delta ratio: 0,5000, Drift: 2,000, Error reduction coefficient: 0,000, Error: 0,0000 s
abr 04, 2013 12:33:17 PM org.ros.time.RemoteUptimeClock update
INFO: Latency: 31,0000 s, Delta ratio: 0,5000, Drift: 2,000, Error reduction coefficient: 0,000, Error: 0,0000 s
abr 04, 2013 12:33:17 PM org.ros.time.RemoteUptimeClock update
INFO: Latency: 31,0000 s, Delta ratio: 0,5000, Drift: 2,000, Error reduction coefficient: 0,000, Error: 0,0000 s
abr 04, 2013 12:33:17 PM org.ros.time.RemoteUptimeClock update
INFO: Latency: 31,0000 s, Delta ratio: 0,5000, Drift: 2,000, Error reduction coefficient: 0,000, Error: 0,0000 s
abr 04, 2013 12:33:17 PM org.ros.time.RemoteUptimeClock update
INFO: Latency: 31,0000 s, Delta ratio: 0,5000, Drift: 2,000, Error reduction coefficient: 0,000, Error: 0,0000 s
abr 04, 2013 12:33:17 PM org.ros.time.RemoteUptimeClock update
INFO: Latency: 31,0000 s, Delta ratio: 0,5000, Drift: 2,000, Error reduction coefficient: 0,000, Error: 0,0000 s
abr 04, 2013 12:33:17 PM org.ros.time.RemoteUptimeClock update
INFO: Latency: 31,0000 s, Delta ratio: 0,5000, Drift: 2,000, Error reduction coefficient: 0,000, Error: 0,0000 s
abr 04, 2013 12:33:17 PM org.ros.time.RemoteUptimeClock update
INFO: Latency: 31,0000 s, Delta ratio: 0,5000, Drift: 2,000, Error reduction coefficient: 0,000, Error: 0,0000 s
abr 04, 2013 12:33:17 PM org.ros.time.RemoteUptimeClock update
INFO: Latency: 31,0000 s, Delta ratio: 0,5000, Drift: 2,000, Error reduction coefficient: 0,000, Error: 0,0000 s
abr 04, 2013 12:33:17 PM org.ros.time.RemoteUptimeClock update
INFO: Latency: 31,0000 s, Delta ratio: 0,5000, Drift: 2,000, Error reduction coefficient: 0,000, Error: 0,0000 s
abr 04, 2013 12:33:17 PM org.ros.time.RemoteUptimeClock update
INFO: Latency: 31,0000 s, Delta ratio: 0,5000, Drift: 2,000, Error reduction coefficient: 0,000, Error: 0,0000 s
abr 04, 2013 12:33:17 PM org.ros.time.RemoteUptimeClock update
INFO: Latency: 31,0000 s, Delta ratio: 0,5000, Drift: 2,000, Error reduction coefficient: 0,000, Error: 0,0000 s
abr 04, 2013 12:33:17 PM org.ros.time.RemoteUptimeClock update
INFO: Latency: 31,0000 s, Delta ratio: 0,5000, Drift: 2,000, Error reduction coefficient: 0,000, Error: 0,0000 s
abr 04, 2013 12:33:17 PM org.ros.time.RemoteUptimeClock update
INFO: Latency: 31,0000 s, Delta ratio: 0,5000, Drift: 2,000, Error reduction coefficient: 0,000, Error: 0,0000 s
abr 04, 2013 12:33:17 PM org.ros.time.RemoteUptimeClock update
INFO: Latency: 31,0000 s, Delta ratio: 0,5000, Drift: 2,000, Error reduction coefficient: 0,000, Error: 0,0000 s
abr 04, 2013 12:33:17 PM org.ros.time.RemoteUptimeClock update
INFO: Latency: 31,0000 s, Delta ratio: 0,5000, Drift: 2,000, Error reduction coefficient: 0,000, Error: 0,0000 s
abr 04, 2013 12:33:17 PM org.ros.time.RemoteUptimeClock update
INFO: Latency: 31,0000 s, Delta ratio: 0,5000, Drift: 2,000, Error reduction coefficient: 0,000, Error: 0,0000 s
abr 04, 2013 12:33:17 PM org.ros.time.RemoteUptimeClock update
INFO: Latency: 31,0000 s, Delta ratio: 0,5000, Drift: 2,000, Error reduction coefficient: 0,000, Error: 0,0000 s
abr 04, 2013 12:33:17 PM org.ros.time.RemoteUptimeClock update
INFO: Latency: 31,0000 s, Delta ratio: 0,5000, Drift: 2,000, Error reduction coefficient: 0,000, Error: 0,0000 s
abr 04, 2013 12:33:17 PM org.ros.time.RemoteUptimeClock update
INFO: Latency: 31,0000 s, Delta ratio: 0,5000, Drift: 2,000, Error reduction coefficient: 0,000, Error: 0,0000 s
abr 04, 2013 12:33:17 PM org.ros.time.RemoteUptimeClock update
INFO: Latency: 31,0000 s, Delta ratio: 0,5000, Drift: 2,000, Error reduction coefficient: 0,000, Error: 0,0000 s
abr 04, 2013 12:33:17 PM org.ros.time.RemoteUptimeClock update
INFO: Latency: 31,0000 s, Delta ratio: 0,5000, Drift: 2,000, Error reduction coefficient: 0,000, Error: 0,0000 s
abr 04, 2013 12:33:17 PM org.ros.time.RemoteUptimeClock update
INFO: Latency: 31,0000 s, Delta ratio: 0,5000, Drift: 2,000, Error reduction coefficient: 0,000, Error: 0,0000 s
abr 04, 2013 12:33:17 PM org.ros.time.RemoteUptimeClock update
INFO: Latency: 31,0000 s, Delta ratio: 0,5000, Drift: 2,000, Error reduction coefficient: 0,000, Error: 0,0000 s
abr 04, 2013 12:33:17 PM org.ros.time.RemoteUptimeClock update
INFO: Latency: 31,0000 s, Delta ratio: 0,5000, Drift: 2,000, Error reduction coefficient: 0,000, Error: 0,0000 s
abr 04, 2013 12:33:17 PM org.ros.time.RemoteUptimeClock update
INFO: Latency: 31,0000 s, Delta ratio: 0,5000, Drift: 2,000, Error reduction coefficient: 0,000, Error: 0,0000 s
abr 04, 2013 12:33:17 PM org.ros.time.RemoteUptimeClock update
INFO: Latency: 31,0000 s, Delta ratio: 0,5000, Drift: 2,000, Error reduction coefficient: 0,000, Error: 0,0000 s
abr 04, 2013 12:33:17 PM org.ros.time.RemoteUptimeClock update
INFO: Latency: 31,0000 s, Delta ratio: 0,5000, Drift: 2,000, Error reduction coefficient: 0,000, Error: 0,0000 s
abr 04, 2013 12:33:17 PM org.ros.time.RemoteUptimeClock update
INFO: Latency: 31,0000 s, Delta ratio: 0,5000, Drift: 2,000, Error reduction coefficient: 0,000, Error: 0,0000 s
abr 04, 2013 12:33:17 PM org.ros.time.RemoteUptimeClock update
INFO: Latency: 31,0000 s, Delta ratio: 0,5000, Drift: 2,000, Error reduction coefficient: 0,000, Error: 0,0000 s
abr 04, 2013 12:33:17 PM org.ros.time.RemoteUptimeClock update
INFO: Latency: 31,0000 s, Delta ratio: 0,5000, Drift: 2,000, Error reduction coefficient: 0,000, Error: 0,0000 s
abr 04, 2013 12:33:17 PM org.ros.time.RemoteUptimeClock update
INFO: Latency: 31,0000 s, Delta ratio: 0,5000, Drift: 2,000, Error reduction coefficient: 0,000, Error: 0,0000 s
abr 04, 2013 12:33:17 PM org.ros.time.RemoteUptimeClock update
INFO: Latency: 31,0000 s, Delta ratio: 0,5000, Drift: 2,000, Error reduction coefficient: 0,000, Error: 0,0000 s
abr 04, 2013 12:33:17 PM org.ros.time.RemoteUptimeClock update
INFO: Latency: 31,0000 s, Delta ratio: 0,5000, Drift: 2,000, Error reduction coefficient: 0,000, Error: 0,0000 s
abr 04, 2013 12:33:17 PM org.ros.time.RemoteUptimeClock update
INFO: Latency: 31,0000 s, Delta ratio: 0,5000, Drift: 2,000, Error reduction coefficient: 0,000, Error: 0,0000 s
abr 04, 2013 12:33:17 PM org.ros.time.RemoteUptimeClock update
INFO: Latency: 31,0000 s, Delta ratio: 0,5000, Drift: 2,000, Error reduction coefficient: 0,000, Error: 0,0000 s
abr 04, 2013 12:33:17 PM org.ros.time.RemoteUptimeClock update
INFO: Latency: 31,0000 s, Delta ratio: 0,5000, Drift: 2,000, Error reduction coefficient: 0,000, Error: 0,0000 s
abr 04, 2013 12:33:17 PM org.ros.time.RemoteUptimeClock update
INFO: Latency: 31,0000 s, Delta ratio: 0,5000, Drift: 2,000, Error reduction coefficient: 0,000, Error: 0,0000 s
abr 04, 2013 12:33:17 PM org.ros.time.RemoteUptimeClock update
INFO: Latency: 31,0000 s, Delta ratio: 0,5000, Drift: 2,000, Error reduction coefficient: 0,000, Error: 0,0000 s
abr 04, 2013 12:33:17 PM org.ros.time.RemoteUptimeClock update
INFO: Latency: 31,0000 s, Delta ratio: 0,5000, Drift: 2,000, Error reduction coefficient: 0,000, Error: 0,0000 s
abr 04, 2013 12:33:17 PM org.ros.time.RemoteUptimeClock update
INFO: Latency: 31,0000 s, Delta ratio: 0,5000, Drift: 2,000, Error reduction coefficient: 0,000, Error: 0,0000 s
abr 04, 2013 12:33:17 PM org.ros.time.RemoteUptimeClock update
INFO: Latency: 31,0000 s, Delta ratio: 0,5000, Drift: 2,000, Error reduction coefficient: 0,000, Error: 0,0000 s
abr 04, 2013 12:33:17 PM org.ros.time.RemoteUptimeClock update
INFO: Latency: 31,0000 s, Delta ratio: 0,5000, Drift: 2,000, Error reduction coefficient: 0,000, Error: 0,0000 s
abr 04, 2013 12:33:17 PM org.ros.time.RemoteUptimeClock update
INFO: Latency: 31,0000 s, Delta ratio: 0,5000, Drift: 2,000, Error reduction coefficient: 0,000, Error: 0,0000 s
abr 04, 2013 12:33:17 PM org.ros.time.RemoteUptimeClock update
INFO: Latency: 31,0000 s, Delta ratio: 0,5000, Drift: 2,000, Error reduction coefficient: 0,000, Error: 0,0000 s
abr 04, 2013 12:33:17 PM org.ros.time.RemoteUptimeClock update
INFO: Latency: 31,0000 s, Delta ratio: 0,5000, Drift: 2,000, Error reduction coefficient: 0,000, Error: 0,0000 s
abr 04, 2013 12:33:17 PM org.ros.time.RemoteUptimeClock update
INFO: Latency: 31,0000 s, Delta ratio: 0,5000, Drift: 2,000, Error reduction coefficient: 0,000, Error: 0,0000 s
abr 04, 2013 12:33:17 PM org.ros.time.RemoteUptimeClock update
INFO: Latency: 31,0000 s, Delta ratio: 0,5000, Drift: 2,000, Error reduction coefficient: 0,000, Error: 0,0000 s
abr 04, 2013 12:33:17 PM org.ros.time.RemoteUptimeClock update
INFO: Latency: 31,0000 s, Delta ratio: 0,5000, Drift: 2,000, Error reduction coefficient: 0,000, Error: 0,0000 s
abr 04, 2013 12:33:17 PM org.ros.time.RemoteUptimeClock update
INFO: Latency: 31,0000 s, Delta ratio: 0,5000, Drift: 2,000, Error reduction coefficient: 0,000, Error: 0,0000 s
abr 04, 2013 12:33:17 PM org.ros.time.RemoteUptimeClock update
INFO: Latency: 31,0000 s, Delta ratio: 0,5000, Drift: 2,000, Error reduction coefficient: 0,000, Error: 0,0000 s
abr 04, 2013 12:33:17 PM org.ros.time.RemoteUptimeClock update
INFO: Latency: 31,0000 s, Delta ratio: 0,5000, Drift: 2,000, Error reduction coefficient: 0,000, Error: 0,0000 s
abr 04, 2013 12:33:17 PM org.ros.time.RemoteUptimeClock update
INFO: Latency: 31,0000 s, Delta ratio: 0,5000, Drift: 2,000, Error reduction coefficient: 0,000, Error: 0,0000 s
abr 04, 2013 12:33:17 PM org.ros.time.RemoteUptimeClock update
INFO: Latency: 31,0000 s, Delta ratio: 0,5000, Drift: 2,000, Error reduction coefficient: 0,000, Error: 0,0000 s
abr 04, 2013 12:33:17 PM org.ros.time.RemoteUptimeClock update
INFO: Latency: 31,0000 s, Delta ratio: 0,5000, Drift: 2,000, Error reduction coefficient: 0,000, Error: 0,0000 s
abr 04, 2013 12:33:17 PM org.ros.time.RemoteUptimeClock update
INFO: Latency: 31,0000 s, Delta ratio: 0,5000, Drift: 2,000, Error reduction coefficient: 0,000, Error: 0,0000 s
abr 04, 2013 12:33:17 PM org.ros.time.RemoteUptimeClock update
INFO: Latency: 31,0000 s, Delta ratio: 0,5000, Drift: 2,000, Error reduction coefficient: 0,000, Error: 0,0000 s
abr 04, 2013 12:33:17 PM org.ros.time.RemoteUptimeClock update
INFO: Latency: 31,0000 s, Delta ratio: 0,5000, Drift: 2,000, Error reduction coefficient: 0,000, Error: 0,0000 s
abr 04, 2013 12:33:17 PM org.ros.time.RemoteUptimeClock update
INFO: Latency: 31,0000 s, Delta ratio: 0,5000, Drift: 2,000, Error reduction coefficient: 0,000, Error: 0,0000 s
abr 04, 2013 12:33:17 PM org.ros.time.RemoteUptimeClock update
INFO: Latency: 31,0000 s, Delta ratio: 0,5000, Drift: 2,000, Error reduction coefficient: 0,000, Error: 0,0000 s
abr 04, 2013 12:33:17 PM org.ros.time.RemoteUptimeClock update
INFO: Latency: 31,0000 s, Delta ratio: 0,5000, Drift: 2,000, Error reduction coefficient: 0,000, Error: 0,0000 s
abr 04, 2013 12:33:17 PM org.ros.time.RemoteUptimeClock update
INFO: Latency: 31,0000 s, Delta ratio: 0,5000, Drift: 2,000, Error reduction coefficient: 0,000, Error: 0,0000 s
abr 04, 2013 12:33:17 PM org.ros.time.RemoteUptimeClock update
INFO: Latency: 31,0000 s, Delta ratio: 0,5000, Drift: 2,000, Error reduction coefficient: 0,000, Error: 0,0000 s
abr 04, 2013 12:33:17 PM org.ros.time.RemoteUptimeClock update
INFO: Latency: 31,0000 s, Delta ratio: 0,5000, Drift: 2,000, Error reduction coefficient: 0,000, Error: 0,0000 s
abr 04, 2013 12:33:17 PM org.ros.time.RemoteUptimeClock update
INFO: Latency: 31,0000 s, Delta ratio: 0,5000, Drift: 2,000, Error reduction coefficient: 0,000, Error: 0,0000 s
abr 04, 2013 12:33:17 PM org.ros.time.RemoteUptimeClock update
INFO: Latency: 31,0000 s, Delta ratio: 0,5000, Drift: 2,000, Error reduction coefficient: 0,000, Error: 0,0000 s
abr 04, 2013 12:33:17 PM org.ros.time.RemoteUptimeClock update
INFO: Latency: 31,0000 s, Delta ratio: 0,5000, Drift: 2,000, Error reduction coefficient: 0,000, Error: 0,0000 s
abr 04, 2013 12:33:17 PM org.ros.time.RemoteUptimeClock update
INFO: Latency: 31,0000 s, Delta ratio: 0,5000, Drift: 2,000, Error reduction coefficient: 0,000, Error: 0,0000 s
abr 04, 2013 12:33:17 PM org.ros.time.RemoteUptimeClock update
INFO: Latency: 31,0000 s, Delta ratio: 0,5000, Drift: 2,000, Error reduction coefficient: 0,000, Error: 0,0000 s
abr 04, 2013 12:33:17 PM org.ros.time.RemoteUptimeClock update
INFO: Latency: 31,0000 s, Delta ratio: 0,5000, Drift: 2,000, Error reduction coefficient: 0,000, Error: 0,0000 s
abr 04, 2013 12:33:17 PM org.ros.time.RemoteUptimeClock update
INFO: Latency: 31,0000 s, Delta ratio: 0,5000, Drift: 2,000, Error reduction coefficient: 0,000, Error: 0,0000 s
abr 04, 2013 12:33:17 PM org.ros.time.RemoteUptimeClock update
INFO: Latency: 31,0000 s, Delta ratio: 0,5000, Drift: 2,000, Error reduction coefficient: 0,000, Error: 0,0000 s
abr 04, 2013 12:33:17 PM org.ros.time.RemoteUptimeClock update
INFO: Latency: 31,0000 s, Delta ratio: 0,5000, Drift: 2,000, Error reduction coefficient: 0,000, Error: 0,0000 s
abr 04, 2013 12:33:17 PM org.ros.time.RemoteUptimeClock update
INFO: Latency: 31,0000 s, Delta ratio: 0,5000, Drift: 2,000, Error reduction coefficient: 0,000, Error: 0,0000 s
abr 04, 2013 12:33:17 PM org.ros.time.RemoteUptimeClock update
INFO: Latency: 31,0000 s, Delta ratio: 0,5000, Drift: 2,000, Error reduction coefficient: 0,000, Error: 0,0000 s
abr 04, 2013 12:33:17 PM org.ros.time.RemoteUptimeClock update
INFO: Latency: 31,0000 s, Delta ratio: 0,5000, Drift: 2,000, Error reduction coefficient: 0,000, Error: 0,0000 s
abr 04, 2013 12:33:17 PM org.ros.time.RemoteUptimeClock update
INFO: Latency: 31,0000 s, Delta ratio: 0,5000, Drift: 2,000, Error reduction coefficient: 0,000, Error: 0,0000 s
abr 04, 2013 12:33:17 PM org.ros.time.RemoteUptimeClock update
INFO: Latency: 31,0000 s, Delta ratio: 0,5000, Drift: 2,000, Error reduction coefficient: 0,000, Error: 0,0000 s
abr 04, 2013 12:33:17 PM org.ros.time.RemoteUptimeClock update
INFO: Latency: 31,0000 s, Delta ratio: 0,5000, Drift: 2,000, Error reduction coefficient: 0,000, Error: 0,0000 s
abr 04, 2013 12:33:17 PM org.ros.time.RemoteUptimeClock update
INFO: Latency: 31,0000 s, Delta ratio: 0,5000, Drift: 2,000, Error reduction coefficient: 0,000, Error: 0,0000 s
abr 04, 2013 12:33:17 PM org.ros.time.RemoteUptimeClock update
INFO: Latency: 31,0000 s, Delta ratio: 0,5000, Drift: 2,000, Error reduction coefficient: 0,000, Error: 0,0000 s
abr 04, 2013 12:33:17 PM org.ros.time.RemoteUptimeClock update
INFO: Latency: 31,0000 s, Delta ratio: 0,5000, Drift: 2,000, Error reduction coefficient: 0,000, Error: 0,0000 s
abr 04, 2013 12:33:17 PM org.ros.time.RemoteUptimeClock update
INFO: Latency: 31,0000 s, Delta ratio: 0,5000, Drift: 2,000, Error reduction coefficient: 0,000, Error: 0,0000 s
abr 04, 2013 12:33:17 PM org.ros.time.RemoteUptimeClock update
INFO: Latency: 31,0000 s, Delta ratio: 0,5000, Drift: 2,000, Error reduction coefficient: 0,000, Error: 0,0000 s
abr 04, 2013 12:33:17 PM org.ros.time.RemoteUptimeClock update
INFO: Latency: 31,0000 s, Delta ratio: 0,5000, Drift: 2,000, Error reduction coefficient: 0,000, Error: 0,0000 s
abr 04, 2013 12:33:17 PM org.ros.time.RemoteUptimeClock update
INFO: Latency: 31,0000 s, Delta ratio: 0,5000, Drift: 2,000, Error reduction coefficient: 0,000, Error: 0,0000 s
abr 04, 2013 12:33:17 PM org.ros.time.RemoteUptimeClock update
INFO: Latency: 31,0000 s, Delta ratio: 0,5000, Drift: 2,000, Error reduction coefficient: 0,000, Error: 0,0000 s
abr 04, 2013 12:33:17 PM org.ros.time.RemoteUptimeClock update
INFO: Latency: 31,0000 s, Delta ratio: 0,5000, Drift: 2,000, Error reduction coefficient: 0,000, Error: 0,0000 s
abr 04, 2013 12:33:17 PM org.ros.time.RemoteUptimeClock update
INFO: Latency: 31,0000 s, Delta ratio: 0,5000, Drift: 2,000, Error reduction coefficient: 0,000, Error: 0,0000 s
abr 04, 2013 12:33:17 PM org.ros.time.RemoteUptimeClock update
INFO: Latency: 31,0000 s, Delta ratio: 0,5000, Drift: 2,000, Error reduction coefficient: 0,000, Error: 0,0000 s
abr 04, 2013 12:33:17 PM org.ros.time.RemoteUptimeClock update
INFO: Latency: 31,0000 s, Delta ratio: 0,5000, Drift: 2,000, Error reduction coefficient: 0,000, Error: 0,0000 s
abr 04, 2013 12:33:17 PM org.ros.time.RemoteUptimeClock update
INFO: Latency: 31,0000 s, Delta ratio: 0,5000, Drift: 2,000, Error reduction coefficient: 0,000, Error: 0,0000 s
abr 04, 2013 12:33:17 PM org.ros.time.RemoteUptimeClock update
INFO: Latency: 31,0000 s, Delta ratio: 0,5000, Drift: 2,000, Error reduction coefficient: 0,000, Error: 0,0000 s
abr 04, 2013 12:33:17 PM org.ros.time.RemoteUptimeClock update
INFO: Latency: 31,0000 s, Delta ratio: 0,5000, Drift: 2,000, Error reduction coefficient: 0,000, Error: 0,0000 s
abr 04, 2013 12:33:17 PM org.ros.time.RemoteUptimeClock update
INFO: Latency: 31,0000 s, Delta ratio: 0,5000, Drift: 2,000, Error reduction coefficient: 0,000, Error: 0,0000 s
abr 04, 2013 12:33:17 PM org.ros.time.RemoteUptimeClock update
INFO: Latency: 31,0000 s, Delta ratio: 0,5000, Drift: 2,000, Error reduction coefficient: 0,000, Error: 0,0000 s
abr 04, 2013 12:33:17 PM org.ros.time.RemoteUptimeClock update
INFO: Latency: 31,0000 s, Delta ratio: 0,5000, Drift: 2,000, Error reduction coefficient: 0,000, Error: 0,0000 s
abr 04, 2013 12:33:17 PM org.ros.time.RemoteUptimeClock update
INFO: Latency: 31,0000 s, Delta ratio: 0,5000, Drift: 2,000, Error reduction coefficient: 0,000, Error: 0,0000 s
abr 04, 2013 12:33:17 PM org.ros.time.RemoteUptimeClock update
INFO: Latency: 31,0000 s, Delta ratio: 0,5000, Drift: 2,000, Error reduction coefficient: 0,000, Error: 0,0000 s
abr 04, 2013 12:33:17 PM org.ros.time.RemoteUptimeClock update
INFO: Latency: 31,0000 s, Delta ratio: 0,5000, Drift: 2,000, Error reduction coefficient: 0,000, Error: 0,0000 s
abr 04, 2013 12:33:17 PM org.ros.time.RemoteUptimeClock update
INFO: Latency: 31,0000 s, Delta ratio: 0,5000, Drift: 2,000, Error reduction coefficient: 0,000, Error: 0,0000 s
abr 04, 2013 12:33:17 PM org.ros.time.RemoteUptimeClock update
INFO: Latency: 31,0000 s, Delta ratio: 0,5000, Drift: 2,000, Error reduction coefficient: 0,000, Error: 0,0000 s
abr 04, 2013 12:33:17 PM org.ros.time.RemoteUptimeClock update
INFO: Latency: 31,0000 s, Delta ratio: 0,5000, Drift: 2,000, Error reduction coefficient: 0,000, Error: 0,0000 s
abr 04, 2013 12:33:17 PM org.ros.time.RemoteUptimeClock update
INFO: Latency: 31,0000 s, Delta ratio: 0,5000, Drift: 2,000, Error reduction coefficient: 0,000, Error: 0,0000 s
abr 04, 2013 12:33:17 PM org.ros.time.RemoteUptimeClock update
INFO: Latency: 31,0000 s, Delta ratio: 0,5000, Drift: 2,000, Error reduction coefficient: 0,000, Error: 0,0000 s
abr 04, 2013 12:33:17 PM org.ros.time.RemoteUptimeClock update
INFO: Latency: 31,0000 s, Delta ratio: 0,5000, Drift: 2,000, Error reduction coefficient: 0,000, Error: 0,0000 s
abr 04, 2013 12:33:17 PM org.ros.time.RemoteUptimeClock update
INFO: Latency: 31,0000 s, Delta ratio: 0,5000, Drift: 2,000, Error reduction coefficient: 0,000, Error: 0,0000 s
abr 04, 2013 12:33:17 PM org.ros.time.RemoteUptimeClock update
INFO: Latency: 31,0000 s, Delta ratio: 0,5000, Drift: 2,000, Error reduction coefficient: 0,000, Error: 0,0000 s
abr 04, 2013 12:33:17 PM org.ros.time.RemoteUptimeClock update
INFO: Latency: 31,0000 s, Delta ratio: 0,5000, Drift: 2,000, Error reduction coefficient: 0,000, Error: 0,0000 s
abr 04, 2013 12:33:17 PM org.ros.time.RemoteUptimeClock update
INFO: Latency: 31,0000 s, Delta ratio: 0,5000, Drift: 2,000, Error reduction coefficient: 0,000, Error: 0,0000 s
abr 04, 2013 12:33:17 PM org.ros.time.RemoteUptimeClock update
INFO: Latency: 31,0000 s, Delta ratio: 0,5000, Drift: 2,000, Error reduction coefficient: 0,000, Error: 0,0000 s
abr 04, 2013 12:33:17 PM org.ros.time.RemoteUptimeClock update
INFO: Latency: 31,0000 s, Delta ratio: 0,5000, Drift: 2,000, Error reduction coefficient: 0,000, Error: 0,0000 s
abr 04, 2013 12:33:17 PM org.ros.time.RemoteUptimeClock update
INFO: Latency: 31,0000 s, Delta ratio: 0,5000, Drift: 2,000, Error reduction coefficient: 0,000, Error: 0,0000 s
abr 04, 2013 12:33:17 PM org.ros.time.RemoteUptimeClock update
INFO: Latency: 31,0000 s, Delta ratio: 0,5000, Drift: 2,000, Error reduction coefficient: 0,000, Error: 0,0000 s
abr 04, 2013 12:33:17 PM org.ros.time.RemoteUptimeClock update
INFO: Latency: 31,0000 s, Delta ratio: 0,5000, Drift: 2,000, Error reduction coefficient: 0,000, Error: 0,0000 s
abr 04, 2013 12:33:17 PM org.ros.time.RemoteUptimeClock update
INFO: Latency: 31,0000 s, Delta ratio: 0,5000, Drift: 2,000, Error reduction coefficient: 0,000, Error: 0,0000 s
abr 04, 2013 12:33:17 PM org.ros.time.RemoteUptimeClock update
INFO: Latency: 31,0000 s, Delta ratio: 0,5000, Drift: 2,000, Error reduction coefficient: 0,000, Error: 0,0000 s
abr 04, 2013 12:33:17 PM org.ros.time.RemoteUptimeClock update
INFO: Latency: 31,0000 s, Delta ratio: 0,5000, Drift: 2,000, Error reduction coefficient: 0,000, Error: 0,0000 s
abr 04, 2013 12:33:17 PM org.ros.time.RemoteUptimeClock update
INFO: Latency: 31,0000 s, Delta ratio: 0,5000, Drift: 2,000, Error reduction coefficient: 0,000, Error: 0,0000 s
abr 04, 2013 12:33:17 PM org.ros.time.RemoteUptimeClock update
INFO: Latency: 31,0000 s, Delta ratio: 0,5000, Drift: 2,000, Error reduction coefficient: 0,000, Error: 0,0000 s
abr 04, 2013 12:33:17 PM org.ros.time.RemoteUptimeClock update
INFO: Latency: 31,0000 s, Delta ratio: 0,5000, Drift: 2,000, Error reduction coefficient: 0,000, Error: 0,0000 s
abr 04, 2013 12:33:17 PM org.ros.time.RemoteUptimeClock update
INFO: Latency: 31,0000 s, Delta ratio: 0,5000, Drift: 2,000, Error reduction coefficient: 0,000, Error: 0,0000 s
abr 04, 2013 12:33:17 PM org.ros.time.RemoteUptimeClock update
INFO: Latency: 31,0000 s, Delta ratio: 0,5000, Drift: 2,000, Error reduction coefficient: 0,000, Error: 0,0000 s
abr 04, 2013 12:33:17 PM org.ros.time.RemoteUptimeClock update
INFO: Latency: 31,0000 s, Delta ratio: 0,5000, Drift: 2,000, Error reduction coefficient: 0,000, Error: 0,0000 s
abr 04, 2013 12:33:17 PM org.ros.time.RemoteUptimeClock update
INFO: Latency: 31,0000 s, Delta ratio: 0,5000, Drift: 2,000, Error reduction coefficient: 0,000, Error: 0,0000 s
abr 04, 2013 12:33:17 PM org.ros.time.RemoteUptimeClock update
INFO: Latency: 31,0000 s, Delta ratio: 0,5000, Drift: 2,000, Error reduction coefficient: 0,000, Error: 0,0000 s
abr 04, 2013 12:33:17 PM org.ros.time.RemoteUptimeClock update
INFO: Latency: 31,0000 s, Delta ratio: 0,5000, Drift: 2,000, Error reduction coefficient: 0,000, Error: 0,0000 s
abr 04, 2013 12:33:17 PM org.ros.time.RemoteUptimeClock update
INFO: Latency: 31,0000 s, Delta ratio: 0,5000, Drift: 2,000, Error reduction coefficient: 0,000, Error: 0,0000 s
abr 04, 2013 12:33:17 PM org.ros.time.RemoteUptimeClock update
INFO: Latency: 31,0000 s, Delta ratio: 0,5000, Drift: 2,000, Error reduction coefficient: 0,000, Error: 0,0000 s
abr 04, 2013 12:33:17 PM org.ros.time.RemoteUptimeClock update
INFO: Latency: 31,0000 s, Delta ratio: 0,5000, Drift: 2,000, Error reduction coefficient: 0,000, Error: 0,0000 s
abr 04, 2013 12:33:17 PM org.ros.time.RemoteUptimeClock update
INFO: Latency: 31,0000 s, Delta ratio: 0,5000, Drift: 2,000, Error reduction coefficient: 0,000, Error: 0,0000 s
abr 04, 2013 12:33:17 PM org.ros.time.RemoteUptimeClock update
INFO: Latency: 31,0000 s, Delta ratio: 0,5000, Drift: 2,000, Error reduction coefficient: 0,000, Error: 0,0000 s
abr 04, 2013 12:33:17 PM org.ros.time.RemoteUptimeClock update
INFO: Latency: 31,0000 s, Delta ratio: 0,5000, Drift: 2,000, Error reduction coefficient: 0,000, Error: 0,0000 s
abr 04, 2013 12:33:17 PM org.ros.time.RemoteUptimeClock update
INFO: Latency: 31,0000 s, Delta ratio: 0,5000, Drift: 2,000, Error reduction coefficient: 0,000, Error: 0,0000 s
abr 04, 2013 12:33:17 PM org.ros.time.RemoteUptimeClock update
INFO: Latency: 31,0000 s, Delta ratio: 0,5000, Drift: 2,000, Error reduction coefficient: 0,000, Error: 0,0000 s
abr 04, 2013 12:33:17 PM org.ros.time.RemoteUptimeClock update
INFO: Latency: 31,0000 s, Delta ratio: 0,5000, Drift: 2,000, Error reduction coefficient: 0,000, Error: 0,0000 s
abr 04, 2013 12:33:17 PM org.ros.time.RemoteUptimeClock update
INFO: Latency: 31,0000 s, Delta ratio: 0,5000, Drift: 2,000, Error reduction coefficient: 0,000, Error: 0,0000 s
abr 04, 2013 12:33:17 PM org.ros.time.RemoteUptimeClock update
INFO: Latency: 31,0000 s, Delta ratio: 0,5000, Drift: 2,000, Error reduction coefficient: 0,000, Error: 0,0000 s
abr 04, 2013 12:33:17 PM org.ros.time.RemoteUptimeClock update
INFO: Latency: 31,0000 s, Delta ratio: 0,5000, Drift: 2,000, Error reduction coefficient: 0,000, Error: 0,0000 s
abr 04, 2013 12:33:17 PM org.ros.time.RemoteUptimeClock update
INFO: Latency: 31,0000 s, Delta ratio: 0,5000, Drift: 2,000, Error reduction coefficient: 0,000, Error: 0,0000 s
abr 04, 2013 12:33:17 PM org.ros.time.RemoteUptimeClock update
INFO: Latency: 31,0000 s, Delta ratio: 0,5000, Drift: 2,000, Error reduction coefficient: 0,000, Error: 0,0000 s
abr 04, 2013 12:33:17 PM org.ros.time.RemoteUptimeClock update
INFO: Latency: 31,0000 s, Delta ratio: 0,5000, Drift: 2,000, Error reduction coefficient: 0,000, Error: 0,0000 s
abr 04, 2013 12:33:17 PM org.ros.time.RemoteUptimeClock update
INFO: Latency: 31,0000 s, Delta ratio: 0,5000, Drift: 2,000, Error reduction coefficient: 0,000, Error: 0,0000 s
abr 04, 2013 12:33:17 PM org.ros.time.RemoteUptimeClock update
INFO: Latency: 31,0000 s, Delta ratio: 0,5000, Drift: 2,000, Error reduction coefficient: 0,000, Error: 0,0000 s
abr 04, 2013 12:33:17 PM org.ros.time.RemoteUptimeClock update
INFO: Latency: 31,0000 s, Delta ratio: 0,5000, Drift: 2,000, Error reduction coefficient: 0,000, Error: 0,0000 s
abr 04, 2013 12:33:17 PM org.ros.time.RemoteUptimeClock update
INFO: Latency: 31,0000 s, Delta ratio: 0,5000, Drift: 2,000, Error reduction coefficient: 0,000, Error: 0,0000 s
abr 04, 2013 12:33:17 PM org.ros.time.RemoteUptimeClock update
INFO: Latency: 31,0000 s, Delta ratio: 0,5000, Drift: 2,000, Error reduction coefficient: 0,000, Error: 0,0000 s
abr 04, 2013 12:33:17 PM org.ros.time.RemoteUptimeClock update
INFO: Latency: 31,0000 s, Delta ratio: 0,5000, Drift: 2,000, Error reduction coefficient: 0,000, Error: 0,0000 s
abr 04, 2013 12:33:17 PM org.ros.time.RemoteUptimeClock update
INFO: Latency: 31,0000 s, Delta ratio: 0,5000, Drift: 2,000, Error reduction coefficient: 0,000, Error: 0,0000 s
abr 04, 2013 12:33:17 PM org.ros.time.RemoteUptimeClock update
INFO: Latency: 31,0000 s, Delta ratio: 0,5000, Drift: 2,000, Error reduction coefficient: 0,000, Error: 0,0000 s
abr 04, 2013 12:33:17 PM org.ros.time.RemoteUptimeClock update
INFO: Latency: 31,0000 s, Delta ratio: 0,5000, Drift: 2,000, Error reduction coefficient: 0,000, Error: 0,0000 s
abr 04, 2013 12:33:17 PM org.ros.time.RemoteUptimeClock update
INFO: Latency: 31,0000 s, Delta ratio: 0,5000, Drift: 2,000, Error reduction coefficient: 0,000, Error: 0,0000 s
abr 04, 2013 12:33:17 PM org.ros.time.RemoteUptimeClock update
INFO: Latency: 31,0000 s, Delta ratio: 0,5000, Drift: 2,000, Error reduction coefficient: 0,000, Error: 0,0000 s
abr 04, 2013 12:33:17 PM org.ros.time.RemoteUptimeClock update
INFO: Latency: 31,0000 s, Delta ratio: 0,5000, Drift: 2,000, Error reduction coefficient: 0,000, Error: 0,0000 s
abr 04, 2013 12:33:17 PM org.ros.time.RemoteUptimeClock update
INFO: Latency: 31,0000 s, Delta ratio: 0,5000, Drift: 2,000, Error reduction coefficient: 0,000, Error: 0,0000 s
abr 04, 2013 12:33:17 PM org.ros.time.RemoteUptimeClock update
INFO: Latency: 31,0000 s, Delta ratio: 0,5000, Drift: 2,000, Error reduction coefficient: 0,000, Error: 0,0000 s
abr 04, 2013 12:33:17 PM org.ros.time.RemoteUptimeClock update
INFO: Latency: 31,0000 s, Delta ratio: 0,5000, Drift: 2,000, Error reduction coefficient: 0,000, Error: 0,0000 s
abr 04, 2013 12:33:17 PM org.ros.time.RemoteUptimeClock update
INFO: Latency: 31,0000 s, Delta ratio: 0,5000, Drift: 2,000, Error reduction coefficient: 0,000, Error: 0,0000 s
abr 04, 2013 12:33:17 PM org.ros.time.RemoteUptimeClock update
INFO: Latency: 31,0000 s, Delta ratio: 0,5000, Drift: 2,000, Error reduction coefficient: 0,000, Error: 0,0000 s
abr 04, 2013 12:33:17 PM org.ros.time.RemoteUptimeClock update
INFO: Latency: 31,0000 s, Delta ratio: 0,5000, Drift: 2,000, Error reduction coefficient: 0,000, Error: 0,0000 s
abr 04, 2013 12:33:17 PM org.ros.time.RemoteUptimeClock update
INFO: Latency: 31,0000 s, Delta ratio: 0,5000, Drift: 2,000, Error reduction coefficient: 0,000, Error: 0,0000 s
abr 04, 2013 12:33:17 PM org.ros.time.RemoteUptimeClock update
INFO: Latency: 31,0000 s, Delta ratio: 0,5000, Drift: 2,000, Error reduction coefficient: 0,000, Error: 0,0000 s
abr 04, 2013 12:33:17 PM org.ros.time.RemoteUptimeClock update
INFO: Latency: 31,0000 s, Delta ratio: 0,5000, Drift: 2,000, Error reduction coefficient: 0,000, Error: 0,0000 s
abr 04, 2013 12:33:17 PM org.ros.time.RemoteUptimeClock update
INFO: Latency: 31,0000 s, Delta ratio: 0,5000, Drift: 2,000, Error reduction coefficient: 0,000, Error: 0,0000 s
abr 04, 2013 12:33:17 PM org.ros.time.RemoteUptimeClock update
INFO: Latency: 31,0000 s, Delta ratio: 0,5000, Drift: 2,000, Error reduction coefficient: 0,000, Error: 0,0000 s
abr 04, 2013 12:33:17 PM org.ros.time.RemoteUptimeClock update
INFO: Latency: 31,0000 s, Delta ratio: 0,5000, Drift: 2,000, Error reduction coefficient: 0,000, Error: 0,0000 s
abr 04, 2013 12:33:17 PM org.ros.time.RemoteUptimeClock update
INFO: Latency: 31,0000 s, Delta ratio: 0,5000, Drift: 2,000, Error reduction coefficient: 0,000, Error: 0,0000 s
abr 04, 2013 12:33:17 PM org.ros.time.RemoteUptimeClock update
INFO: Latency: 31,0000 s, Delta ratio: 0,5000, Drift: 2,000, Error reduction coefficient: 0,000, Error: 0,0000 s
abr 04, 2013 12:33:17 PM org.ros.time.RemoteUptimeClock update
INFO: Latency: 31,0000 s, Delta ratio: 0,5000, Drift: 2,000, Error reduction coefficient: 0,000, Error: 0,0000 s
abr 04, 2013 12:33:17 PM org.ros.time.RemoteUptimeClock update
INFO: Latency: 31,0000 s, Delta ratio: 0,5000, Drift: 2,000, Error reduction coefficient: 0,000, Error: 0,0000 s
abr 04, 2013 12:33:17 PM org.ros.time.RemoteUptimeClock update
INFO: Latency: 31,0000 s, Delta ratio: 0,5000, Drift: 2,000, Error reduction coefficient: 0,000, Error: 0,0000 s
abr 04, 2013 12:33:17 PM org.ros.time.RemoteUptimeClock update
INFO: Latency: 31,0000 s, Delta ratio: 0,5000, Drift: 2,000, Error reduction coefficient: 0,000, Error: 0,0000 s
abr 04, 2013 12:33:17 PM org.ros.time.RemoteUptimeClock update
INFO: Latency: 31,0000 s, Delta ratio: 0,5000, Drift: 2,000, Error reduction coefficient: 0,000, Error: 0,0000 s
abr 04, 2013 12:33:17 PM org.ros.time.RemoteUptimeClock update
INFO: Latency: 31,0000 s, Delta ratio: 0,5000, Drift: 2,000, Error reduction coefficient: 0,000, Error: 0,0000 s
abr 04, 2013 12:33:17 PM org.ros.time.RemoteUptimeClock update
INFO: Latency: 31,0000 s, Delta ratio: 0,5000, Drift: 2,000, Error reduction coefficient: 0,000, Error: 0,0000 s
abr 04, 2013 12:33:17 PM org.ros.time.RemoteUptimeClock update
INFO: Latency: 31,0000 s, Delta ratio: 0,5000, Drift: 2,000, Error reduction coefficient: 0,000, Error: 0,0000 s
abr 04, 2013 12:33:17 PM org.ros.time.RemoteUptimeClock update
INFO: Latency: 31,0000 s, Delta ratio: 0,5000, Drift: 2,000, Error reduction coefficient: 0,000, Error: 0,0000 s
abr 04, 2013 12:33:17 PM org.ros.time.RemoteUptimeClock update
INFO: Latency: 31,0000 s, Delta ratio: 0,5000, Drift: 2,000, Error reduction coefficient: 0,000, Error: 0,0000 s
abr 04, 2013 12:33:17 PM org.ros.time.RemoteUptimeClock update
INFO: Latency: 31,0000 s, Delta ratio: 0,5000, Drift: 2,000, Error reduction coefficient: 0,000, Error: 0,0000 s
abr 04, 2013 12:33:17 PM org.ros.time.RemoteUptimeClock update
INFO: Latency: 31,0000 s, Delta ratio: 0,5000, Drift: 2,000, Error reduction coefficient: 0,000, Error: 0,0000 s
abr 04, 2013 12:33:17 PM org.ros.time.RemoteUptimeClock update
INFO: Latency: 31,0000 s, Delta ratio: 0,5000, Drift: 2,000, Error reduction coefficient: 0,000, Error: 0,0000 s
abr 04, 2013 12:33:17 PM org.ros.time.RemoteUptimeClock update
INFO: Latency: 31,0000 s, Delta ratio: 0,5000, Drift: 2,000, Error reduction coefficient: 0,000, Error: 0,0000 s
abr 04, 2013 12:33:17 PM org.ros.time.RemoteUptimeClock update
INFO: Latency: 31,0000 s, Delta ratio: 0,5000, Drift: 2,000, Error reduction coefficient: 0,000, Error: 0,0000 s
abr 04, 2013 12:33:17 PM org.ros.time.RemoteUptimeClock update
INFO: Latency: 31,0000 s, Delta ratio: 0,5000, Drift: 2,000, Error reduction coefficient: 0,000, Error: 0,0000 s
abr 04, 2013 12:33:17 PM org.ros.time.RemoteUptimeClock update
INFO: Latency: 31,0000 s, Delta ratio: 0,5000, Drift: 2,000, Error reduction coefficient: 0,000, Error: 0,0000 s
abr 04, 2013 12:33:17 PM org.ros.time.RemoteUptimeClock update
INFO: Latency: 31,0000 s, Delta ratio: 0,5000, Drift: 2,000, Error reduction coefficient: 0,000, Error: 0,0000 s
abr 04, 2013 12:33:17 PM org.ros.time.RemoteUptimeClock update
INFO: Latency: 31,0000 s, Delta ratio: 0,5000, Drift: 2,000, Error reduction coefficient: 0,000, Error: 0,0000 s
abr 04, 2013 12:33:17 PM org.ros.time.RemoteUptimeClock update
INFO: Latency: 31,0000 s, Delta ratio: 0,5000, Drift: 2,000, Error reduction coefficient: 0,000, Error: 0,0000 s
abr 04, 2013 12:33:17 PM org.ros.time.RemoteUptimeClock update
INFO: Latency: 31,0000 s, Delta ratio: 0,5000, Drift: 2,000, Error reduction coefficient: 0,000, Error: 0,0000 s
abr 04, 2013 12:33:17 PM org.ros.time.RemoteUptimeClock update
INFO: Latency: 31,0000 s, Delta ratio: 0,5000, Drift: 2,000, Error reduction coefficient: 0,000, Error: 0,0000 s
abr 04, 2013 12:33:17 PM org.ros.time.RemoteUptimeClock update
INFO: Latency: 31,0000 s, Delta ratio: 0,5000, Drift: 2,000, Error reduction coefficient: 0,000, Error: 0,0000 s
abr 04, 2013 12:33:17 PM org.ros.time.RemoteUptimeClock update
INFO: Latency: 31,0000 s, Delta ratio: 0,5000, Drift: 2,000, Error reduction coefficient: 0,000, Error: 0,0000 s
abr 04, 2013 12:33:17 PM org.ros.time.RemoteUptimeClock update
INFO: Latency: 31,0000 s, Delta ratio: 0,5000, Drift: 2,000, Error reduction coefficient: 0,000, Error: 0,0000 s
abr 04, 2013 12:33:17 PM org.ros.time.RemoteUptimeClock update
INFO: Latency: 31,0000 s, Delta ratio: 0,5000, Drift: 2,000, Error reduction coefficient: 0,000, Error: 0,0000 s
abr 04, 2013 12:33:17 PM org.ros.time.RemoteUptimeClock update
INFO: Latency: 31,0000 s, Delta ratio: 0,5000, Drift: 2,000, Error reduction coefficient: 0,000, Error: 0,0000 s
abr 04, 2013 12:33:17 PM org.ros.time.RemoteUptimeClock update
INFO: Latency: 31,0000 s, Delta ratio: 0,5000, Drift: 2,000, Error reduction coefficient: 0,000, Error: 0,0000 s
abr 04, 2013 12:33:17 PM org.ros.time.RemoteUptimeClock update
INFO: Latency: 31,0000 s, Delta ratio: 0,5000, Drift: 2,000, Error reduction coefficient: 0,000, Error: 0,0000 s
abr 04, 2013 12:33:17 PM org.ros.time.RemoteUptimeClock update
INFO: Latency: 31,0000 s, Delta ratio: 0,5000, Drift: 2,000, Error reduction coefficient: 0,000, Error: 0,0000 s
abr 04, 2013 12:33:17 PM org.ros.time.RemoteUptimeClock update
INFO: Latency: 31,0000 s, Delta ratio: 0,5000, Drift: 2,000, Error reduction coefficient: 0,000, Error: 0,0000 s
abr 04, 2013 12:33:17 PM org.ros.time.RemoteUptimeClock update
INFO: Latency: 31,0000 s, Delta ratio: 0,5000, Drift: 2,000, Error reduction coefficient: 0,000, Error: 0,0000 s
abr 04, 2013 12:33:17 PM org.ros.time.RemoteUptimeClock update
INFO: Latency: 31,0000 s, Delta ratio: 0,5000, Drift: 2,000, Error reduction coefficient: 0,000, Error: 0,0000 s
abr 04, 2013 12:33:17 PM org.ros.time.RemoteUptimeClock update
INFO: Latency: 31,0000 s, Delta ratio: 0,5000, Drift: 2,000, Error reduction coefficient: 0,000, Error: 0,0000 s
abr 04, 2013 12:33:17 PM org.ros.time.RemoteUptimeClock update
INFO: Latency: 31,0000 s, Delta ratio: 0,5000, Drift: 2,000, Error reduction coefficient: 0,000, Error: 0,0000 s
abr 04, 2013 12:33:17 PM org.ros.time.RemoteUptimeClock update
INFO: Latency: 31,0000 s, Delta ratio: 0,5000, Drift: 2,000, Error reduction coefficient: 0,000, Error: 0,0000 s
abr 04, 2013 12:33:17 PM org.ros.time.RemoteUptimeClock update
INFO: Latency: 31,0000 s, Delta ratio: 0,5000, Drift: 2,000, Error reduction coefficient: 0,000, Error: 0,0000 s
abr 04, 2013 12:33:17 PM org.ros.time.RemoteUptimeClock update
INFO: Latency: 31,0000 s, Delta ratio: 0,5000, Drift: 2,000, Error reduction coefficient: 0,000, Error: 0,0000 s
abr 04, 2013 12:33:17 PM org.ros.time.RemoteUptimeClock update
INFO: Latency: 31,0000 s, Delta ratio: 0,5000, Drift: 2,000, Error reduction coefficient: 0,000, Error: 0,0000 s
abr 04, 2013 12:33:17 PM org.ros.time.RemoteUptimeClock update
INFO: Latency: 31,0000 s, Delta ratio: 0,5000, Drift: 2,000, Error reduction coefficient: 0,000, Error: 0,0000 s
abr 04, 2013 12:33:17 PM org.ros.time.RemoteUptimeClock update
INFO: Latency: 31,0000 s, Delta ratio: 0,5000, Drift: 2,000, Error reduction coefficient: 0,000, Error: 0,0000 s
abr 04, 2013 12:33:17 PM org.ros.time.RemoteUptimeClock update
INFO: Latency: 31,0000 s, Delta ratio: 0,5000, Drift: 2,000, Error reduction coefficient: 0,000, Error: 0,0000 s
abr 04, 2013 12:33:17 PM org.ros.time.RemoteUptimeClock update
INFO: Latency: 31,0000 s, Delta ratio: 0,5000, Drift: 2,000, Error reduction coefficient: 0,000, Error: 0,0000 s
abr 04, 2013 12:33:17 PM org.ros.time.RemoteUptimeClock update
INFO: Latency: 31,0000 s, Delta ratio: 0,5000, Drift: 2,000, Error reduction coefficient: 0,000, Error: 0,0000 s
abr 04, 2013 12:33:17 PM org.ros.time.RemoteUptimeClock update
INFO: Latency: 31,0000 s, Delta ratio: 0,5000, Drift: 2,000, Error reduction coefficient: 0,000, Error: 0,0000 s
abr 04, 2013 12:33:17 PM org.ros.time.RemoteUptimeClock update
INFO: Latency: 31,0000 s, Delta ratio: 0,5000, Drift: 2,000, Error reduction coefficient: 0,000, Error: 0,0000 s
abr 04, 2013 12:33:17 PM org.ros.time.RemoteUptimeClock update
INFO: Latency: 31,0000 s, Delta ratio: 0,5000, Drift: 2,000, Error reduction coefficient: 0,000, Error: 0,0000 s
abr 04, 2013 12:33:17 PM org.ros.time.RemoteUptimeClock update
INFO: Latency: 31,0000 s, Delta ratio: 0,5000, Drift: 2,000, Error reduction coefficient: 0,000, Error: 0,0000 s
abr 04, 2013 12:33:17 PM org.ros.time.RemoteUptimeClock update
INFO: Latency: 31,0000 s, Delta ratio: 0,5000, Drift: 2,000, Error reduction coefficient: 0,000, Error: 0,0000 s
abr 04, 2013 12:33:17 PM org.ros.time.RemoteUptimeClock update
INFO: Latency: 31,0000 s, Delta ratio: 0,5000, Drift: 2,000, Error reduction coefficient: 0,000, Error: 0,0000 s
abr 04, 2013 12:33:17 PM org.ros.time.RemoteUptimeClock update
INFO: Latency: 31,0000 s, Delta ratio: 0,5000, Drift: 2,000, Error reduction coefficient: 0,000, Error: 0,0000 s
abr 04, 2013 12:33:17 PM org.ros.time.RemoteUptimeClock update
INFO: Latency: 31,0000 s, Delta ratio: 0,5000, Drift: 2,000, Error reduction coefficient: 0,000, Error: 0,0000 s
abr 04, 2013 12:33:17 PM org.ros.time.RemoteUptimeClock update
INFO: Latency: 31,0000 s, Delta ratio: 0,5000, Drift: 2,000, Error reduction coefficient: 0,000, Error: 0,0000 s
abr 04, 2013 12:33:17 PM org.ros.time.RemoteUptimeClock update
INFO: Latency: 31,0000 s, Delta ratio: 0,5000, Drift: 2,000, Error reduction coefficient: 0,000, Error: 0,0000 s
abr 04, 2013 12:33:17 PM org.ros.time.RemoteUptimeClock update
INFO: Latency: 31,0000 s, Delta ratio: 0,5000, Drift: 2,000, Error reduction coefficient: 0,000, Error: 0,0000 s
abr 04, 2013 12:33:17 PM org.ros.time.RemoteUptimeClock update
INFO: Latency: 31,0000 s, Delta ratio: 0,5000, Drift: 2,000, Error reduction coefficient: 0,000, Error: 0,0000 s
abr 04, 2013 12:33:17 PM org.ros.time.RemoteUptimeClock update
INFO: Latency: 31,0000 s, Delta ratio: 0,5000, Drift: 2,000, Error reduction coefficient: 0,000, Error: 0,0000 s
abr 04, 2013 12:33:17 PM org.ros.time.RemoteUptimeClock update
INFO: Latency: 31,0000 s, Delta ratio: 0,5000, Drift: 2,000, Error reduction coefficient: 0,000, Error: 0,0000 s
abr 04, 2013 12:33:17 PM org.ros.time.RemoteUptimeClock update
INFO: Latency: 31,0000 s, Delta ratio: 0,5000, Drift: 2,000, Error reduction coefficient: 0,000, Error: 0,0000 s
abr 04, 2013 12:33:17 PM org.ros.time.RemoteUptimeClock update
INFO: Latency: 31,0000 s, Delta ratio: 0,5000, Drift: 2,000, Error reduction coefficient: 0,000, Error: 0,0000 s
abr 04, 2013 12:33:17 PM org.ros.time.RemoteUptimeClock update
INFO: Latency: 31,0000 s, Delta ratio: 0,5000, Drift: 2,000, Error reduction coefficient: 0,000, Error: 0,0000 s
abr 04, 2013 12:33:17 PM org.ros.time.RemoteUptimeClock update
INFO: Latency: 31,0000 s, Delta ratio: 0,5000, Drift: 2,000, Error reduction coefficient: 0,000, Error: 0,0000 s
abr 04, 2013 12:33:17 PM org.ros.time.RemoteUptimeClock update
INFO: Latency: 31,0000 s, Delta ratio: 0,5000, Drift: 2,000, Error reduction coefficient: 0,000, Error: 0,0000 s
abr 04, 2013 12:33:17 PM org.ros.time.RemoteUptimeClock update
INFO: Latency: 31,0000 s, Delta ratio: 0,5000, Drift: 2,000, Error reduction coefficient: 0,000, Error: 0,0000 s
abr 04, 2013 12:33:17 PM org.ros.time.RemoteUptimeClock update
INFO: Latency: 31,0000 s, Delta ratio: 0,5000, Drift: 2,000, Error reduction coefficient: 0,000, Error: 0,0000 s
abr 04, 2013 12:33:17 PM org.ros.time.RemoteUptimeClock update
INFO: Latency: 31,0000 s, Delta ratio: 0,5000, Drift: 2,000, Error reduction coefficient: 0,000, Error: 0,0000 s
abr 04, 2013 12:33:17 PM org.ros.time.RemoteUptimeClock update
INFO: Latency: 31,0000 s, Delta ratio: 0,5000, Drift: 2,000, Error reduction coefficient: 0,000, Error: 0,0000 s
abr 04, 2013 12:33:17 PM org.ros.time.RemoteUptimeClock update
INFO: Latency: 31,0000 s, Delta ratio: 0,5000, Drift: 2,000, Error reduction coefficient: 0,000, Error: 0,0000 s
abr 04, 2013 12:33:17 PM org.ros.time.RemoteUptimeClock update
INFO: Latency: 31,0000 s, Delta ratio: 0,5000, Drift: 2,000, Error reduction coefficient: 0,000, Error: 0,0000 s
abr 04, 2013 12:33:17 PM org.ros.time.RemoteUptimeClock update
INFO: Latency: 31,0000 s, Delta ratio: 0,5000, Drift: 2,000, Error reduction coefficient: 0,000, Error: 0,0000 s
abr 04, 2013 12:33:17 PM org.ros.time.RemoteUptimeClock update
INFO: Latency: 31,0000 s, Delta ratio: 0,5000, Drift: 2,000, Error reduction coefficient: 0,000, Error: 0,0000 s
abr 04, 2013 12:33:17 PM org.ros.time.RemoteUptimeClock update
INFO: Latency: 31,0000 s, Delta ratio: 0,5000, Drift: 2,000, Error reduction coefficient: 0,000, Error: 0,0000 s
abr 04, 2013 12:33:17 PM org.ros.time.RemoteUptimeClock update
INFO: Latency: 31,0000 s, Delta ratio: 0,5000, Drift: 2,000, Error reduction coefficient: 0,000, Error: 0,0000 s
abr 04, 2013 12:33:17 PM org.ros.time.RemoteUptimeClock update
INFO: Latency: 31,0000 s, Delta ratio: 0,5000, Drift: 2,000, Error reduction coefficient: 0,000, Error: 0,0000 s
abr 04, 2013 12:33:17 PM org.ros.time.RemoteUptimeClock update
INFO: Latency: 31,0000 s, Delta ratio: 0,5000, Drift: 2,000, Error reduction coefficient: 0,000, Error: 0,0000 s
abr 04, 2013 12:33:17 PM org.ros.time.RemoteUptimeClock update
INFO: Latency: 31,0000 s, Delta ratio: 0,5000, Drift: 2,000, Error reduction coefficient: 0,000, Error: 0,0000 s
abr 04, 2013 12:33:17 PM org.ros.time.RemoteUptimeClock update
INFO: Latency: 31,0000 s, Delta ratio: 0,5000, Drift: 2,000, Error reduction coefficient: 0,000, Error: 0,0000 s
abr 04, 2013 12:33:17 PM org.ros.time.RemoteUptimeClock update
INFO: Latency: 31,0000 s, Delta ratio: 0,5000, Drift: 2,000, Error reduction coefficient: 0,000, Error: 0,0000 s
abr 04, 2013 12:33:17 PM org.ros.time.RemoteUptimeClock update
INFO: Latency: 31,0000 s, Delta ratio: 0,5000, Drift: 2,000, Error reduction coefficient: 0,000, Error: 0,0000 s
abr 04, 2013 12:33:17 PM org.ros.time.RemoteUptimeClock update
INFO: Latency: 31,0000 s, Delta ratio: 0,5000, Drift: 2,000, Error reduction coefficient: 0,000, Error: 0,0000 s
abr 04, 2013 12:33:17 PM org.ros.time.RemoteUptimeClock update
INFO: Latency: 31,0000 s, Delta ratio: 0,5000, Drift: 2,000, Error reduction coefficient: 0,000, Error: 0,0000 s
abr 04, 2013 12:33:17 PM org.ros.time.RemoteUptimeClock update
INFO: Latency: 31,0000 s, Delta ratio: 0,5000, Drift: 2,000, Error reduction coefficient: 0,000, Error: 0,0000 s
abr 04, 2013 12:33:17 PM org.ros.time.RemoteUptimeClock update
INFO: Latency: 31,0000 s, Delta ratio: 0,5000, Drift: 2,000, Error reduction coefficient: 0,000, Error: 0,0000 s
abr 04, 2013 12:33:17 PM org.ros.time.RemoteUptimeClock update
INFO: Latency: 31,0000 s, Delta ratio: 0,5000, Drift: 2,000, Error reduction coefficient: 0,000, Error: 0,0000 s
abr 04, 2013 12:33:17 PM org.ros.time.RemoteUptimeClock update
INFO: Latency: 31,0000 s, Delta ratio: 0,5000, Drift: 2,000, Error reduction coefficient: 0,000, Error: 0,0000 s
abr 04, 2013 12:33:17 PM org.ros.time.RemoteUptimeClock update
INFO: Latency: 31,0000 s, Delta ratio: 0,5000, Drift: 2,000, Error reduction coefficient: 0,000, Error: 0,0000 s
abr 04, 2013 12:33:17 PM org.ros.time.RemoteUptimeClock update
INFO: Latency: 31,0000 s, Delta ratio: 0,5000, Drift: 2,000, Error reduction coefficient: 0,000, Error: 0,0000 s
abr 04, 2013 12:33:17 PM org.ros.time.RemoteUptimeClock update
INFO: Latency: 31,0000 s, Delta ratio: 0,5000, Drift: 2,000, Error reduction coefficient: 0,000, Error: 0,0000 s
abr 04, 2013 12:33:17 PM org.ros.time.RemoteUptimeClock update
INFO: Latency: 31,0000 s, Delta ratio: 0,5000, Drift: 2,000, Error reduction coefficient: 0,000, Error: 0,0000 s
abr 04, 2013 12:33:17 PM org.ros.time.RemoteUptimeClock update
INFO: Latency: 31,0000 s, Delta ratio: 0,5000, Drift: 2,000, Error reduction coefficient: 0,000, Error: 0,0000 s
abr 04, 2013 12:33:17 PM org.ros.time.RemoteUptimeClock update
INFO: Latency: 31,0000 s, Delta ratio: 0,5000, Drift: 2,000, Error reduction coefficient: 0,000, Error: 0,0000 s
abr 04, 2013 12:33:17 PM org.ros.time.RemoteUptimeClock update
INFO: Latency: 31,0000 s, Delta ratio: 0,5000, Drift: 2,000, Error reduction coefficient: 0,000, Error: 0,0000 s
abr 04, 2013 12:33:17 PM org.ros.time.RemoteUptimeClock update
INFO: Latency: 31,0000 s, Delta ratio: 0,5000, Drift: 2,000, Error reduction coefficient: 0,000, Error: 0,0000 s
abr 04, 2013 12:33:17 PM org.ros.time.RemoteUptimeClock update
INFO: Latency: 31,0000 s, Delta ratio: 0,5000, Drift: 2,000, Error reduction coefficient: 0,000, Error: 0,0000 s
abr 04, 2013 12:33:17 PM org.ros.time.RemoteUptimeClock update
INFO: Latency: 31,0000 s, Delta ratio: 0,5000, Drift: 2,000, Error reduction coefficient: 0,000, Error: 0,0000 s
abr 04, 2013 12:33:17 PM org.ros.time.RemoteUptimeClock update
INFO: Latency: 31,0000 s, Delta ratio: 0,5000, Drift: 2,000, Error reduction coefficient: 0,000, Error: 0,0000 s
abr 04, 2013 12:33:17 PM org.ros.time.RemoteUptimeClock update
INFO: Latency: 31,0000 s, Delta ratio: 0,5000, Drift: 2,000, Error reduction coefficient: 0,000, Error: 0,0000 s
abr 04, 2013 12:33:17 PM org.ros.time.RemoteUptimeClock update
INFO: Latency: 31,0000 s, Delta ratio: 0,5000, Drift: 2,000, Error reduction coefficient: 0,000, Error: 0,0000 s
abr 04, 2013 12:33:17 PM org.ros.time.RemoteUptimeClock update
INFO: Latency: 31,0000 s, Delta ratio: 0,5000, Drift: 2,000, Error reduction coefficient: 0,000, Error: 0,0000 s
abr 04, 2013 12:33:17 PM org.ros.time.RemoteUptimeClock update
INFO: Latency: 31,0000 s, Delta ratio: 0,5000, Drift: 2,000, Error reduction coefficient: 0,000, Error: 0,0000 s
abr 04, 2013 12:33:17 PM org.ros.time.RemoteUptimeClock update
INFO: Latency: 31,0000 s, Delta ratio: 0,5000, Drift: 2,000, Error reduction coefficient: 0,000, Error: 0,0000 s
abr 04, 2013 12:33:17 PM org.ros.time.RemoteUptimeClock update
INFO: Latency: 31,0000 s, Delta ratio: 0,5000, Drift: 2,000, Error reduction coefficient: 0,000, Error: 0,0000 s
abr 04, 2013 12:33:17 PM org.ros.time.RemoteUptimeClock update
INFO: Latency: 31,0000 s, Delta ratio: 0,5000, Drift: 2,000, Error reduction coefficient: 0,000, Error: 0,0000 s
abr 04, 2013 12:33:17 PM org.ros.time.RemoteUptimeClock update
INFO: Latency: 31,0000 s, Delta ratio: 0,5000, Drift: 2,000, Error reduction coefficient: 0,000, Error: 0,0000 s
abr 04, 2013 12:33:17 PM org.ros.time.RemoteUptimeClock update
INFO: Latency: 31,0000 s, Delta ratio: 0,5000, Drift: 2,000, Error reduction coefficient: 0,000, Error: 0,0000 s
abr 04, 2013 12:33:17 PM org.ros.time.RemoteUptimeClock update
INFO: Latency: 31,0000 s, Delta ratio: 0,5000, Drift: 2,000, Error reduction coefficient: 0,000, Error: 0,0000 s
abr 04, 2013 12:33:17 PM org.ros.time.RemoteUptimeClock update
INFO: Latency: 31,0000 s, Delta ratio: 0,5000, Drift: 2,000, Error reduction coefficient: 0,000, Error: 0,0000 s
abr 04, 2013 12:33:17 PM org.ros.time.RemoteUptimeClock update
INFO: Latency: 31,0000 s, Delta ratio: 0,5000, Drift: 2,000, Error reduction coefficient: 0,000, Error: 0,0000 s
abr 04, 2013 12:33:17 PM org.ros.time.RemoteUptimeClock update
INFO: Latency: 31,0000 s, Delta ratio: 0,5000, Drift: 2,000, Error reduction coefficient: 0,000, Error: 0,0000 s
abr 04, 2013 12:33:17 PM org.ros.time.RemoteUptimeClock update
INFO: Latency: 31,0000 s, Delta ratio: 0,5000, Drift: 2,000, Error reduction coefficient: 0,000, Error: 0,0000 s
abr 04, 2013 12:33:17 PM org.ros.time.RemoteUptimeClock update
INFO: Latency: 31,0000 s, Delta ratio: 0,5000, Drift: 2,000, Error reduction coefficient: 0,000, Error: 0,0000 s
abr 04, 2013 12:33:17 PM org.ros.time.RemoteUptimeClock update
INFO: Latency: 31,0000 s, Delta ratio: 0,5000, Drift: 2,000, Error reduction coefficient: 0,000, Error: 0,0000 s
abr 04, 2013 12:33:17 PM org.ros.time.RemoteUptimeClock update
INFO: Latency: 31,0000 s, Delta ratio: 0,5000, Drift: 2,000, Error reduction coefficient: 0,000, Error: 0,0000 s
abr 04, 2013 12:33:17 PM org.ros.time.RemoteUptimeClock update
INFO: Latency: 31,0000 s, Delta ratio: 0,5000, Drift: 2,000, Error reduction coefficient: 0,000, Error: 0,0000 s
abr 04, 2013 12:33:17 PM org.ros.time.RemoteUptimeClock update
INFO: Latency: 31,0000 s, Delta ratio: 0,5000, Drift: 2,000, Error reduction coefficient: 0,000, Error: 0,0000 s
abr 04, 2013 12:33:17 PM org.ros.time.RemoteUptimeClock update
INFO: Latency: 31,0000 s, Delta ratio: 0,5000, Drift: 2,000, Error reduction coefficient: 0,000, Error: 0,0000 s
abr 04, 2013 12:33:17 PM org.ros.time.RemoteUptimeClock update
INFO: Latency: 31,0000 s, Delta ratio: 0,5000, Drift: 2,000, Error reduction coefficient: 0,000, Error: 0,0000 s
abr 04, 2013 12:33:17 PM org.ros.time.RemoteUptimeClock update
INFO: Latency: 31,0000 s, Delta ratio: 0,5000, Drift: 2,000, Error reduction coefficient: 0,000, Error: 0,0000 s
abr 04, 2013 12:33:17 PM org.ros.time.RemoteUptimeClock update
INFO: Latency: 31,0000 s, Delta ratio: 0,5000, Drift: 2,000, Error reduction coefficient: 0,000, Error: 0,0000 s
abr 04, 2013 12:33:17 PM org.ros.time.RemoteUptimeClock update
INFO: Latency: 31,0000 s, Delta ratio: 0,5000, Drift: 2,000, Error reduction coefficient: 0,000, Error: 0,0000 s
abr 04, 2013 12:33:17 PM org.ros.time.RemoteUptimeClock update
INFO: Latency: 31,0000 s, Delta ratio: 0,5000, Drift: 2,000, Error reduction coefficient: 0,000, Error: 0,0000 s
abr 04, 2013 12:33:17 PM org.ros.time.RemoteUptimeClock update
INFO: Latency: 31,0000 s, Delta ratio: 0,5000, Drift: 2,000, Error reduction coefficient: 0,000, Error: 0,0000 s
abr 04, 2013 12:33:17 PM org.ros.time.RemoteUptimeClock update
INFO: Latency: 31,0000 s, Delta ratio: 0,5000, Drift: 2,000, Error reduction coefficient: 0,000, Error: 0,0000 s
abr 04, 2013 12:33:17 PM org.ros.time.RemoteUptimeClock update
INFO: Latency: 31,0000 s, Delta ratio: 0,5000, Drift: 2,000, Error reduction coefficient: 0,000, Error: 0,0000 s
abr 04, 2013 12:33:17 PM org.ros.time.RemoteUptimeClock update
INFO: Latency: 31,0000 s, Delta ratio: 0,5000, Drift: 2,000, Error reduction coefficient: 0,000, Error: 0,0000 s
abr 04, 2013 12:33:17 PM org.ros.time.RemoteUptimeClock update
INFO: Latency: 31,0000 s, Delta ratio: 0,5000, Drift: 2,000, Error reduction coefficient: 0,000, Error: 0,0000 s
abr 04, 2013 12:33:17 PM org.ros.time.RemoteUptimeClock update
INFO: Latency: 31,0000 s, Delta ratio: 0,5000, Drift: 2,000, Error reduction coefficient: 0,000, Error: 0,0000 s
abr 04, 2013 12:33:17 PM org.ros.time.RemoteUptimeClock update
INFO: Latency: 31,0000 s, Delta ratio: 0,5000, Drift: 2,000, Error reduction coefficient: 0,000, Error: 0,0000 s
abr 04, 2013 12:33:17 PM org.ros.time.RemoteUptimeClock update
INFO: Latency: 31,0000 s, Delta ratio: 0,5000, Drift: 2,000, Error reduction coefficient: 0,000, Error: 0,0000 s
abr 04, 2013 12:33:17 PM org.ros.time.RemoteUptimeClock update
INFO: Latency: 31,0000 s, Delta ratio: 0,5000, Drift: 2,000, Error reduction coefficient: 0,000, Error: 0,0000 s
abr 04, 2013 12:33:17 PM org.ros.time.RemoteUptimeClock update
INFO: Latency: 31,0000 s, Delta ratio: 0,5000, Drift: 2,000, Error reduction coefficient: 0,000, Error: 0,0000 s
abr 04, 2013 12:33:17 PM org.ros.time.RemoteUptimeClock update
INFO: Latency: 31,0000 s, Delta ratio: 0,5000, Drift: 2,000, Error reduction coefficient: 0,000, Error: 0,0000 s
abr 04, 2013 12:33:17 PM org.ros.time.RemoteUptimeClock update
INFO: Latency: 31,0000 s, Delta ratio: 0,5000, Drift: 2,000, Error reduction coefficient: 0,000, Error: 0,0000 s
abr 04, 2013 12:33:17 PM org.ros.time.RemoteUptimeClock update
INFO: Latency: 31,0000 s, Delta ratio: 0,5000, Drift: 2,000, Error reduction coefficient: 0,000, Error: 0,0000 s
abr 04, 2013 12:33:17 PM org.ros.time.RemoteUptimeClock update
INFO: Latency: 31,0000 s, Delta ratio: 0,5000, Drift: 2,000, Error reduction coefficient: 0,000, Error: 0,0000 s
abr 04, 2013 12:33:17 PM org.ros.time.RemoteUptimeClock update
INFO: Latency: 31,0000 s, Delta ratio: 0,5000, Drift: 2,000, Error reduction coefficient: 0,000, Error: 0,0000 s
abr 04, 2013 12:33:17 PM org.ros.time.RemoteUptimeClock update
INFO: Latency: 31,0000 s, Delta ratio: 0,5000, Drift: 2,000, Error reduction coefficient: 0,000, Error: 0,0000 s
abr 04, 2013 12:33:17 PM org.ros.time.RemoteUptimeClock update
INFO: Latency: 31,0000 s, Delta ratio: 0,5000, Drift: 2,000, Error reduction coefficient: 0,000, Error: 0,0000 s
abr 04, 2013 12:33:17 PM org.ros.time.RemoteUptimeClock update
INFO: Latency: 31,0000 s, Delta ratio: 0,5000, Drift: 2,000, Error reduction coefficient: 0,000, Error: 0,0000 s
abr 04, 2013 12:33:17 PM org.ros.time.RemoteUptimeClock update
INFO: Latency: 31,0000 s, Delta ratio: 0,5000, Drift: 2,000, Error reduction coefficient: 0,000, Error: 0,0000 s
abr 04, 2013 12:33:17 PM org.ros.time.RemoteUptimeClock update
INFO: Latency: 31,0000 s, Delta ratio: 0,5000, Drift: 2,000, Error reduction coefficient: 0,000, Error: 0,0000 s
abr 04, 2013 12:33:17 PM org.ros.time.RemoteUptimeClock update
INFO: Latency: 31,0000 s, Delta ratio: 0,5000, Drift: 2,000, Error reduction coefficient: 0,000, Error: 0,0000 s
abr 04, 2013 12:33:17 PM org.ros.time.RemoteUptimeClock update
INFO: Latency: 31,0000 s, Delta ratio: 0,5000, Drift: 2,000, Error reduction coefficient: 0,000, Error: 0,0000 s
abr 04, 2013 12:33:17 PM org.ros.time.RemoteUptimeClock update
INFO: Latency: 31,0000 s, Delta ratio: 0,5000, Drift: 2,000, Error reduction coefficient: 0,000, Error: 0,0000 s
abr 04, 2013 12:33:17 PM org.ros.time.RemoteUptimeClock update
INFO: Latency: 31,0000 s, Delta ratio: 0,5000, Drift: 2,000, Error reduction coefficient: 0,000, Error: 0,0000 s
abr 04, 2013 12:33:17 PM org.ros.time.RemoteUptimeClock update
INFO: Latency: 31,0000 s, Delta ratio: 0,5000, Drift: 2,000, Error reduction coefficient: 0,000, Error: 0,0000 s
abr 04, 2013 12:33:17 PM org.ros.time.RemoteUptimeClock update
INFO: Latency: 31,0000 s, Delta ratio: 0,5000, Drift: 2,000, Error reduction coefficient: 0,000, Error: 0,0000 s
abr 04, 2013 12:33:17 PM org.ros.time.RemoteUptimeClock update
INFO: Latency: 31,0000 s, Delta ratio: 0,5000, Drift: 2,000, Error reduction coefficient: 0,000, Error: 0,0000 s
abr 04, 2013 12:33:17 PM org.ros.time.RemoteUptimeClock update
INFO: Latency: 31,0000 s, Delta ratio: 0,5000, Drift: 2,000, Error reduction coefficient: 0,000, Error: 0,0000 s
abr 04, 2013 12:33:17 PM org.ros.time.RemoteUptimeClock update
INFO: Latency: 31,0000 s, Delta ratio: 0,5000, Drift: 2,000, Error reduction coefficient: 0,000, Error: 0,0000 s
abr 04, 2013 12:33:17 PM org.ros.time.RemoteUptimeClock update
INFO: Latency: 31,0000 s, Delta ratio: 0,5000, Drift: 2,000, Error reduction coefficient: 0,000, Error: 0,0000 s
abr 04, 2013 12:33:17 PM org.ros.time.RemoteUptimeClock update
INFO: Latency: 31,0000 s, Delta ratio: 0,5000, Drift: 2,000, Error reduction coefficient: 0,000, Error: 0,0000 s
abr 04, 2013 12:33:17 PM org.ros.time.RemoteUptimeClock update
INFO: Latency: 31,0000 s, Delta ratio: 0,5000, Drift: 2,000, Error reduction coefficient: 0,000, Error: 0,0000 s
abr 04, 2013 12:33:17 PM org.ros.time.RemoteUptimeClock update
INFO: Latency: 31,0000 s, Delta ratio: 0,5000, Drift: 2,000, Error reduction coefficient: 0,000, Error: 0,0000 s
abr 04, 2013 12:33:17 PM org.ros.time.RemoteUptimeClock update
INFO: Latency: 31,0000 s, Delta ratio: 0,5000, Drift: 2,000, Error reduction coefficient: 0,000, Error: 0,0000 s
abr 04, 2013 12:33:17 PM org.ros.time.RemoteUptimeClock update
INFO: Latency: 31,0000 s, Delta ratio: 0,5000, Drift: 2,000, Error reduction coefficient: 0,000, Error: 0,0000 s
abr 04, 2013 12:33:17 PM org.ros.time.RemoteUptimeClock update
INFO: Latency: 31,0000 s, Delta ratio: 0,5000, Drift: 2,000, Error reduction coefficient: 0,000, Error: 0,0000 s
abr 04, 2013 12:33:17 PM org.ros.time.RemoteUptimeClock update
INFO: Latency: 31,0000 s, Delta ratio: 0,5000, Drift: 2,000, Error reduction coefficient: 0,000, Error: 0,0000 s
abr 04, 2013 12:33:17 PM org.ros.time.RemoteUptimeClock update
INFO: Latency: 31,0000 s, Delta ratio: 0,5000, Drift: 2,000, Error reduction coefficient: 0,000, Error: 0,0000 s
abr 04, 2013 12:33:17 PM org.ros.time.RemoteUptimeClock update
INFO: Latency: 31,0000 s, Delta ratio: 0,5000, Drift: 2,000, Error reduction coefficient: 0,000, Error: 0,0000 s
abr 04, 2013 12:33:17 PM org.ros.time.RemoteUptimeClock update
INFO: Latency: 31,0000 s, Delta ratio: 0,5000, Drift: 2,000, Error reduction coefficient: 0,000, Error: 0,0000 s
abr 04, 2013 12:33:17 PM org.ros.time.RemoteUptimeClock update
INFO: Latency: 31,0000 s, Delta ratio: 0,5000, Drift: 2,000, Error reduction coefficient: 0,000, Error: 0,0000 s
abr 04, 2013 12:33:17 PM org.ros.time.RemoteUptimeClock update
INFO: Latency: 31,0000 s, Delta ratio: 0,5000, Drift: 2,000, Error reduction coefficient: 0,000, Error: 0,0000 s
abr 04, 2013 12:33:17 PM org.ros.time.RemoteUptimeClock update
INFO: Latency: 31,0000 s, Delta ratio: 0,5000, Drift: 2,000, Error reduction coefficient: 0,000, Error: 0,0000 s
abr 04, 2013 12:33:17 PM org.ros.time.RemoteUptimeClock update
INFO: Latency: 31,0000 s, Delta ratio: 0,5000, Drift: 2,000, Error reduction coefficient: 0,000, Error: 0,0000 s
abr 04, 2013 12:33:17 PM org.ros.time.RemoteUptimeClock update
INFO: Latency: 31,0000 s, Delta ratio: 0,5000, Drift: 2,000, Error reduction coefficient: 0,000, Error: 0,0000 s
abr 04, 2013 12:33:17 PM org.ros.time.RemoteUptimeClock update
INFO: Latency: 31,0000 s, Delta ratio: 0,5000, Drift: 2,000, Error reduction coefficient: 0,000, Error: 0,0000 s
abr 04, 2013 12:33:17 PM org.ros.time.RemoteUptimeClock update
INFO: Latency: 31,0000 s, Delta ratio: 0,5000, Drift: 2,000, Error reduction coefficient: 0,000, Error: 0,0000 s
abr 04, 2013 12:33:17 PM org.ros.time.RemoteUptimeClock update
INFO: Latency: 31,0000 s, Delta ratio: 0,5000, Drift: 2,000, Error reduction coefficient: 0,000, Error: 0,0000 s
abr 04, 2013 12:33:17 PM org.ros.time.RemoteUptimeClock update
INFO: Latency: 31,0000 s, Delta ratio: 0,5000, Drift: 2,000, Error reduction coefficient: 0,000, Error: 0,0000 s
abr 04, 2013 12:33:17 PM org.ros.time.RemoteUptimeClock update
INFO: Latency: 31,0000 s, Delta ratio: 0,5000, Drift: 2,000, Error reduction coefficient: 0,000, Error: 0,0000 s
abr 04, 2013 12:33:17 PM org.ros.time.RemoteUptimeClock update
INFO: Latency: 31,0000 s, Delta ratio: 0,5000, Drift: 2,000, Error reduction coefficient: 0,000, Error: 0,0000 s
abr 04, 2013 12:33:17 PM org.ros.time.RemoteUptimeClock update
INFO: Latency: 31,0000 s, Delta ratio: 0,5000, Drift: 2,000, Error reduction coefficient: 0,000, Error: 0,0000 s
abr 04, 2013 12:33:17 PM org.ros.time.RemoteUptimeClock update
INFO: Latency: 31,0000 s, Delta ratio: 0,5000, Drift: 2,000, Error reduction coefficient: 0,000, Error: 0,0000 s
abr 04, 2013 12:33:17 PM org.ros.time.RemoteUptimeClock update
INFO: Latency: 31,0000 s, Delta ratio: 0,5000, Drift: 2,000, Error reduction coefficient: 0,000, Error: 0,0000 s
abr 04, 2013 12:33:17 PM org.ros.time.RemoteUptimeClock update
INFO: Latency: 31,0000 s, Delta ratio: 0,5000, Drift: 2,000, Error reduction coefficient: 0,000, Error: 0,0000 s
abr 04, 2013 12:33:17 PM org.ros.time.RemoteUptimeClock update
INFO: Latency: 31,0000 s, Delta ratio: 0,5000, Drift: 2,000, Error reduction coefficient: 0,000, Error: 0,0000 s
abr 04, 2013 12:33:17 PM org.ros.time.RemoteUptimeClock update
INFO: Latency: 31,0000 s, Delta ratio: 0,5000, Drift: 2,000, Error reduction coefficient: 0,000, Error: 0,0000 s
abr 04, 2013 12:33:17 PM org.ros.time.RemoteUptimeClock update
INFO: Latency: 31,0000 s, Delta ratio: 0,5000, Drift: 2,000, Error reduction coefficient: 0,000, Error: 0,0000 s
abr 04, 2013 12:33:17 PM org.ros.time.RemoteUptimeClock update
INFO: Latency: 31,0000 s, Delta ratio: 0,5000, Drift: 2,000, Error reduction coefficient: 0,000, Error: 0,0000 s
abr 04, 2013 12:33:17 PM org.ros.time.RemoteUptimeClock update
INFO: Latency: 31,0000 s, Delta ratio: 0,5000, Drift: 2,000, Error reduction coefficient: 0,000, Error: 0,0000 s
abr 04, 2013 12:33:17 PM org.ros.time.RemoteUptimeClock update
INFO: Latency: 31,0000 s, Delta ratio: 0,5000, Drift: 2,000, Error reduction coefficient: 0,000, Error: 0,0000 s
abr 04, 2013 12:33:17 PM org.ros.time.RemoteUptimeClock update
INFO: Latency: 31,0000 s, Delta ratio: 0,5000, Drift: 2,000, Error reduction coefficient: 0,000, Error: 0,0000 s
abr 04, 2013 12:33:17 PM org.ros.time.RemoteUptimeClock update
INFO: Latency: 31,0000 s, Delta ratio: 0,5000, Drift: 2,000, Error reduction coefficient: 0,000, Error: 0,0000 s
abr 04, 2013 12:33:17 PM org.ros.time.RemoteUptimeClock update
INFO: Latency: 31,0000 s, Delta ratio: 0,5000, Drift: 2,000, Error reduction coefficient: 0,000, Error: 0,0000 s
abr 04, 2013 12:33:17 PM org.ros.time.RemoteUptimeClock update
INFO: Latency: 31,0000 s, Delta ratio: 0,5000, Drift: 2,000, Error reduction coefficient: 0,000, Error: 0,0000 s
abr 04, 2013 12:33:17 PM org.ros.time.RemoteUptimeClock update
INFO: Latency: 31,0000 s, Delta ratio: 0,5000, Drift: 2,000, Error reduction coefficient: 0,000, Error: 0,0000 s
abr 04, 2013 12:33:17 PM org.ros.time.RemoteUptimeClock update
INFO: Latency: 31,0000 s, Delta ratio: 0,5000, Drift: 2,000, Error reduction coefficient: 0,000, Error: 0,0000 s
abr 04, 2013 12:33:17 PM org.ros.time.RemoteUptimeClock update
INFO: Latency: 31,0000 s, Delta ratio: 0,5000, Drift: 2,000, Error reduction coefficient: 0,000, Error: 0,0000 s
abr 04, 2013 12:33:17 PM org.ros.time.RemoteUptimeClock update
INFO: Latency: 31,0000 s, Delta ratio: 0,5000, Drift: 2,000, Error reduction coefficient: 0,000, Error: 0,0000 s
abr 04, 2013 12:33:17 PM org.ros.time.RemoteUptimeClock update
INFO: Latency: 31,0000 s, Delta ratio: 0,5000, Drift: 2,000, Error reduction coefficient: 0,000, Error: 0,0000 s
abr 04, 2013 12:33:17 PM org.ros.time.RemoteUptimeClock update
INFO: Latency: 31,0000 s, Delta ratio: 0,5000, Drift: 2,000, Error reduction coefficient: 0,000, Error: 0,0000 s
abr 04, 2013 12:33:17 PM org.ros.time.RemoteUptimeClock update
INFO: Latency: 31,0000 s, Delta ratio: 0,5000, Drift: 2,000, Error reduction coefficient: 0,000, Error: 0,0000 s
abr 04, 2013 12:33:17 PM org.ros.time.RemoteUptimeClock update
INFO: Latency: 31,0000 s, Delta ratio: 0,5000, Drift: 2,000, Error reduction coefficient: 0,000, Error: 0,0000 s
abr 04, 2013 12:33:17 PM org.ros.time.RemoteUptimeClock update
INFO: Latency: 31,0000 s, Delta ratio: 0,5000, Drift: 2,000, Error reduction coefficient: 0,000, Error: 0,0000 s
abr 04, 2013 12:33:17 PM org.ros.time.RemoteUptimeClock update
INFO: Latency: 31,0000 s, Delta ratio: 0,5000, Drift: 2,000, Error reduction coefficient: 0,000, Error: 0,0000 s
abr 04, 2013 12:33:17 PM org.ros.time.RemoteUptimeClock update
INFO: Latency: 31,0000 s, Delta ratio: 0,5000, Drift: 2,000, Error reduction coefficient: 0,000, Error: 0,0000 s
abr 04, 2013 12:33:17 PM org.ros.time.RemoteUptimeClock update
INFO: Latency: 31,0000 s, Delta ratio: 0,5000, Drift: 2,000, Error reduction coefficient: 0,000, Error: 0,0000 s
abr 04, 2013 12:33:17 PM org.ros.time.RemoteUptimeClock update
INFO: Latency: 31,0000 s, Delta ratio: 0,5000, Drift: 2,000, Error reduction coefficient: 0,000, Error: 0,0000 s
abr 04, 2013 12:33:17 PM org.ros.time.RemoteUptimeClock update
INFO: Latency: 31,0000 s, Delta ratio: 0,5000, Drift: 2,000, Error reduction coefficient: 0,000, Error: 0,0000 s
abr 04, 2013 12:33:17 PM org.ros.time.RemoteUptimeClock update
INFO: Latency: 31,0000 s, Delta ratio: 0,5000, Drift: 2,000, Error reduction coefficient: 0,000, Error: 0,0000 s
abr 04, 2013 12:33:17 PM org.ros.time.RemoteUptimeClock update
INFO: Latency: 31,0000 s, Delta ratio: 0,5000, Drift: 2,000, Error reduction coefficient: 0,000, Error: 0,0000 s
abr 04, 2013 12:33:17 PM org.ros.time.RemoteUptimeClock update
INFO: Latency: 31,0000 s, Delta ratio: 0,5000, Drift: 2,000, Error reduction coefficient: 0,000, Error: 0,0000 s
abr 04, 2013 12:33:17 PM org.ros.time.RemoteUptimeClock update
INFO: Latency: 31,0000 s, Delta ratio: 0,5000, Drift: 2,000, Error reduction coefficient: 0,000, Error: 0,0000 s
abr 04, 2013 12:33:17 PM org.ros.time.RemoteUptimeClock update
INFO: Latency: 31,0000 s, Delta ratio: 0,5000, Drift: 2,000, Error reduction coefficient: 0,000, Error: 0,0000 s
abr 04, 2013 12:33:17 PM org.ros.time.RemoteUptimeClock update
INFO: Latency: 31,0000 s, Delta ratio: 0,5000, Drift: 2,000, Error reduction coefficient: 0,000, Error: 0,0000 s
abr 04, 2013 12:33:17 PM org.ros.time.RemoteUptimeClock update
INFO: Latency: 31,0000 s, Delta ratio: 0,5000, Drift: 2,000, Error reduction coefficient: 0,000, Error: 0,0000 s
abr 04, 2013 12:33:17 PM org.ros.time.RemoteUptimeClock update
INFO: Latency: 31,0000 s, Delta ratio: 0,5000, Drift: 2,000, Error reduction coefficient: 0,000, Error: 0,0000 s
abr 04, 2013 12:33:17 PM org.ros.time.RemoteUptimeClock update
INFO: Latency: 31,0000 s, Delta ratio: 0,5000, Drift: 2,000, Error reduction coefficient: 0,000, Error: 0,0000 s
abr 04, 2013 12:33:17 PM org.ros.time.RemoteUptimeClock update
INFO: Latency: 31,0000 s, Delta ratio: 0,5000, Drift: 2,000, Error reduction coefficient: 0,000, Error: 0,0000 s
abr 04, 2013 12:33:17 PM org.ros.time.RemoteUptimeClock update
INFO: Latency: 31,0000 s, Delta ratio: 0,5000, Drift: 2,000, Error reduction coefficient: 0,000, Error: 0,0000 s
abr 04, 2013 12:33:17 PM org.ros.time.RemoteUptimeClock update
INFO: Latency: 31,0000 s, Delta ratio: 0,5000, Drift: 2,000, Error reduction coefficient: 0,000, Error: 0,0000 s
abr 04, 2013 12:33:17 PM org.ros.time.RemoteUptimeClock update
INFO: Latency: 31,0000 s, Delta ratio: 0,5000, Drift: 2,000, Error reduction coefficient: 0,000, Error: 0,0000 s
abr 04, 2013 12:33:17 PM org.ros.time.RemoteUptimeClock update
INFO: Latency: 31,0000 s, Delta ratio: 0,5000, Drift: 2,000, Error reduction coefficient: 0,000, Error: 0,0000 s
abr 04, 2013 12:33:17 PM org.ros.time.RemoteUptimeClock update
INFO: Latency: 31,0000 s, Delta ratio: 0,5000, Drift: 2,000, Error reduction coefficient: 0,000, Error: 0,0000 s
abr 04, 2013 12:33:17 PM org.ros.time.RemoteUptimeClock update
INFO: Latency: 31,0000 s, Delta ratio: 0,5000, Drift: 2,000, Error reduction coefficient: 0,000, Error: 0,0000 s
abr 04, 2013 12:33:17 PM org.ros.time.RemoteUptimeClock update
INFO: Latency: 31,0000 s, Delta ratio: 0,5000, Drift: 2,000, Error reduction coefficient: 0,000, Error: 0,0000 s
abr 04, 2013 12:33:17 PM org.ros.time.RemoteUptimeClock update
INFO: Latency: 31,0000 s, Delta ratio: 0,5000, Drift: 2,000, Error reduction coefficient: 0,000, Error: 0,0000 s
abr 04, 2013 12:33:17 PM org.ros.time.RemoteUptimeClock update
INFO: Latency: 31,0000 s, Delta ratio: 0,5000, Drift: 2,000, Error reduction coefficient: 0,000, Error: 0,0000 s
abr 04, 2013 12:33:17 PM org.ros.time.RemoteUptimeClock update
INFO: Latency: 31,0000 s, Delta ratio: 0,5000, Drift: 2,000, Error reduction coefficient: 0,000, Error: 0,0000 s
abr 04, 2013 12:33:17 PM org.ros.time.RemoteUptimeClock update
INFO: Latency: 31,0000 s, Delta ratio: 0,5000, Drift: 2,000, Error reduction coefficient: 0,000, Error: 0,0000 s
abr 04, 2013 12:33:17 PM org.ros.time.RemoteUptimeClock update
INFO: Latency: 31,0000 s, Delta ratio: 0,5000, Drift: 2,000, Error reduction coefficient: 0,000, Error: 0,0000 s
abr 04, 2013 12:33:17 PM org.ros.time.RemoteUptimeClock update
INFO: Latency: 31,0000 s, Delta ratio: 0,5000, Drift: 2,000, Error reduction coefficient: 0,000, Error: 0,0000 s
abr 04, 2013 12:33:17 PM org.ros.time.RemoteUptimeClock update
INFO: Latency: 31,0000 s, Delta ratio: 0,5000, Drift: 2,000, Error reduction coefficient: 0,000, Error: 0,0000 s
abr 04, 2013 12:33:17 PM org.ros.time.RemoteUptimeClock update
INFO: Latency: 31,0000 s, Delta ratio: 0,5000, Drift: 2,000, Error reduction coefficient: 0,000, Error: 0,0000 s
abr 04, 2013 12:33:17 PM org.ros.time.RemoteUptimeClock update
INFO: Latency: 31,0000 s, Delta ratio: 0,5000, Drift: 2,000, Error reduction coefficient: 0,000, Error: 0,0000 s
abr 04, 2013 12:33:17 PM org.ros.time.RemoteUptimeClock update
INFO: Latency: 31,0000 s, Delta ratio: 0,5000, Drift: 2,000, Error reduction coefficient: 0,000, Error: 0,0000 s
abr 04, 2013 12:33:17 PM org.ros.time.RemoteUptimeClock update
INFO: Latency: 31,0000 s, Delta ratio: 0,5000, Drift: 2,000, Error reduction coefficient: 0,000, Error: 0,0000 s
abr 04, 2013 12:33:17 PM org.ros.time.RemoteUptimeClock update
INFO: Latency: 31,0000 s, Delta ratio: 0,5000, Drift: 2,000, Error reduction coefficient: 0,000, Error: 0,0000 s
abr 04, 2013 12:33:17 PM org.ros.time.RemoteUptimeClock update
INFO: Latency: 31,0000 s, Delta ratio: 0,5000, Drift: 2,000, Error reduction coefficient: 0,000, Error: 0,0000 s
abr 04, 2013 12:33:17 PM org.ros.time.RemoteUptimeClock update
INFO: Latency: 31,0000 s, Delta ratio: 0,5000, Drift: 2,000, Error reduction coefficient: 0,000, Error: 0,0000 s
abr 04, 2013 12:33:17 PM org.ros.time.RemoteUptimeClock update
INFO: Latency: 31,0000 s, Delta ratio: 0,5000, Drift: 2,000, Error reduction coefficient: 0,000, Error: 0,0000 s
abr 04, 2013 12:33:17 PM org.ros.time.RemoteUptimeClock update
INFO: Latency: 31,0000 s, Delta ratio: 0,5000, Drift: 2,000, Error reduction coefficient: 0,000, Error: 0,0000 s
abr 04, 2013 12:33:17 PM org.ros.time.RemoteUptimeClock update
INFO: Latency: 31,0000 s, Delta ratio: 0,5000, Drift: 2,000, Error reduction coefficient: 0,000, Error: 0,0000 s
abr 04, 2013 12:33:17 PM org.ros.time.RemoteUptimeClock update
INFO: Latency: 31,0000 s, Delta ratio: 0,5000, Drift: 2,000, Error reduction coefficient: 0,000, Error: 0,0000 s
abr 04, 2013 12:33:17 PM org.ros.time.RemoteUptimeClock update
INFO: Latency: 31,0000 s, Delta ratio: 0,5000, Drift: 2,000, Error reduction coefficient: 0,000, Error: 0,0000 s
abr 04, 2013 12:33:17 PM org.ros.time.RemoteUptimeClock update
INFO: Latency: 31,0000 s, Delta ratio: 0,5000, Drift: 2,000, Error reduction coefficient: 0,000, Error: 0,0000 s
abr 04, 2013 12:33:17 PM org.ros.time.RemoteUptimeClock update
INFO: Latency: 31,0000 s, Delta ratio: 0,5000, Drift: 2,000, Error reduction coefficient: 0,000, Error: 0,0000 s
abr 04, 2013 12:33:17 PM org.ros.time.RemoteUptimeClock update
INFO: Latency: 31,0000 s, Delta ratio: 0,5000, Drift: 2,000, Error reduction coefficient: 0,000, Error: 0,0000 s
abr 04, 2013 12:33:17 PM org.ros.time.RemoteUptimeClock update
INFO: Latency: 31,0000 s, Delta ratio: 0,5000, Drift: 2,000, Error reduction coefficient: 0,000, Error: 0,0000 s
abr 04, 2013 12:33:17 PM org.ros.time.RemoteUptimeClock update
INFO: Latency: 31,0000 s, Delta ratio: 0,5000, Drift: 2,000, Error reduction coefficient: 0,000, Error: 0,0000 s
abr 04, 2013 12:33:17 PM org.ros.time.RemoteUptimeClock update
INFO: Latency: 31,0000 s, Delta ratio: 0,5000, Drift: 2,000, Error reduction coefficient: 0,000, Error: 0,0000 s
abr 04, 2013 12:33:17 PM org.ros.time.RemoteUptimeClock update
INFO: Latency: 31,0000 s, Delta ratio: 0,5000, Drift: 2,000, Error reduction coefficient: 0,000, Error: 0,0000 s
abr 04, 2013 12:33:17 PM org.ros.time.RemoteUptimeClock update
INFO: Latency: 31,0000 s, Delta ratio: 0,5000, Drift: 2,000, Error reduction coefficient: 0,000, Error: 0,0000 s
abr 04, 2013 12:33:17 PM org.ros.time.RemoteUptimeClock update
INFO: Latency: 31,0000 s, Delta ratio: 0,5000, Drift: 2,000, Error reduction coefficient: 0,000, Error: 0,0000 s
abr 04, 2013 12:33:17 PM org.ros.time.RemoteUptimeClock update
INFO: Latency: 31,0000 s, Delta ratio: 0,5000, Drift: 2,000, Error reduction coefficient: 0,000, Error: 0,0000 s
abr 04, 2013 12:33:17 PM org.ros.time.RemoteUptimeClock update
INFO: Latency: 31,0000 s, Delta ratio: 0,5000, Drift: 2,000, Error reduction coefficient: 0,000, Error: 0,0000 s
abr 04, 2013 12:33:17 PM org.ros.time.RemoteUptimeClock update
INFO: Latency: 31,0000 s, Delta ratio: 0,5000, Drift: 2,000, Error reduction coefficient: 0,000, Error: 0,0000 s
abr 04, 2013 12:33:17 PM org.ros.time.RemoteUptimeClock update
INFO: Latency: 31,0000 s, Delta ratio: 0,5000, Drift: 2,000, Error reduction coefficient: 0,000, Error: 0,0000 s
abr 04, 2013 12:33:17 PM org.ros.time.RemoteUptimeClock update
INFO: Latency: 31,0000 s, Delta ratio: 0,5000, Drift: 2,000, Error reduction coefficient: 0,000, Error: 0,0000 s
abr 04, 2013 12:33:17 PM org.ros.time.RemoteUptimeClock update
INFO: Latency: 31,0000 s, Delta ratio: 0,5000, Drift: 2,000, Error reduction coefficient: 0,000, Error: 0,0000 s
abr 04, 2013 12:33:17 PM org.ros.time.RemoteUptimeClock update
INFO: Latency: 31,0000 s, Delta ratio: 0,5000, Drift: 2,000, Error reduction coefficient: 0,000, Error: 0,0000 s
abr 04, 2013 12:33:17 PM org.ros.time.RemoteUptimeClock update
INFO: Latency: 31,0000 s, Delta ratio: 0,5000, Drift: 2,000, Error reduction coefficient: 0,000, Error: 0,0000 s
abr 04, 2013 12:33:17 PM org.ros.time.RemoteUptimeClock update
INFO: Latency: 31,0000 s, Delta ratio: 0,5000, Drift: 2,000, Error reduction coefficient: 0,000, Error: 0,0000 s
abr 04, 2013 12:33:17 PM org.ros.time.RemoteUptimeClock update
INFO: Latency: 31,0000 s, Delta ratio: 0,5000, Drift: 2,000, Error reduction coefficient: 0,000, Error: 0,0000 s
abr 04, 2013 12:33:17 PM org.ros.time.RemoteUptimeClock update
INFO: Latency: 31,0000 s, Delta ratio: 0,5000, Drift: 2,000, Error reduction coefficient: 0,000, Error: 0,0000 s
abr 04, 2013 12:33:17 PM org.ros.time.RemoteUptimeClock update
INFO: Latency: 31,0000 s, Delta ratio: 0,5000, Drift: 2,000, Error reduction coefficient: 0,000, Error: 0,0000 s
abr 04, 2013 12:33:17 PM org.ros.time.RemoteUptimeClock update
INFO: Latency: 31,0000 s, Delta ratio: 0,5000, Drift: 2,000, Error reduction coefficient: 0,000, Error: 0,0000 s
abr 04, 2013 12:33:17 PM org.ros.time.RemoteUptimeClock update
INFO: Latency: 31,0000 s, Delta ratio: 0,5000, Drift: 2,000, Error reduction coefficient: 0,000, Error: 0,0000 s
abr 04, 2013 12:33:17 PM org.ros.time.RemoteUptimeClock update
INFO: Latency: 31,0000 s, Delta ratio: 0,5000, Drift: 2,000, Error reduction coefficient: 0,000, Error: 0,0000 s
abr 04, 2013 12:33:17 PM org.ros.time.RemoteUptimeClock update
INFO: Latency: 31,0000 s, Delta ratio: 0,5000, Drift: 2,000, Error reduction coefficient: 0,000, Error: 0,0000 s
abr 04, 2013 12:33:17 PM org.ros.time.RemoteUptimeClock update
INFO: Latency: 31,0000 s, Delta ratio: 0,5000, Drift: 2,000, Error reduction coefficient: 0,000, Error: 0,0000 s
abr 04, 2013 12:33:17 PM org.ros.time.RemoteUptimeClock update
INFO: Latency: 31,0000 s, Delta ratio: 0,5000, Drift: 2,000, Error reduction coefficient: 0,000, Error: 0,0000 s
abr 04, 2013 12:33:17 PM org.ros.time.RemoteUptimeClock update
INFO: Latency: 31,0000 s, Delta ratio: 0,5000, Drift: 2,000, Error reduction coefficient: 0,000, Error: 0,0000 s
abr 04, 2013 12:33:17 PM org.ros.time.RemoteUptimeClock update
INFO: Latency: 31,0000 s, Delta ratio: 0,5000, Drift: 2,000, Error reduction coefficient: 0,000, Error: 0,0000 s
abr 04, 2013 12:33:17 PM org.ros.time.RemoteUptimeClock update
INFO: Latency: 31,0000 s, Delta ratio: 0,5000, Drift: 2,000, Error reduction coefficient: 0,000, Error: 0,0000 s
abr 04, 2013 12:33:17 PM org.ros.time.RemoteUptimeClock update
INFO: Latency: 31,0000 s, Delta ratio: 0,5000, Drift: 2,000, Error reduction coefficient: 0,000, Error: 0,0000 s
abr 04, 2013 12:33:17 PM org.ros.time.RemoteUptimeClock update
INFO: Latency: 31,0000 s, Delta ratio: 0,5000, Drift: 2,000, Error reduction coefficient: 0,000, Error: 0,0000 s
abr 04, 2013 12:33:17 PM org.ros.time.RemoteUptimeClock update
INFO: Latency: 31,0000 s, Delta ratio: 0,5000, Drift: 2,000, Error reduction coefficient: 0,000, Error: 0,0000 s
abr 04, 2013 12:33:17 PM org.ros.time.RemoteUptimeClock update
INFO: Latency: 31,0000 s, Delta ratio: 0,5000, Drift: 2,000, Error reduction coefficient: 0,000, Error: 0,0000 s
abr 04, 2013 12:33:17 PM org.ros.time.RemoteUptimeClock update
INFO: Latency: 31,0000 s, Delta ratio: 0,5000, Drift: 2,000, Error reduction coefficient: 0,000, Error: 0,0000 s
abr 04, 2013 12:33:17 PM org.ros.time.RemoteUptimeClock update
INFO: Latency: 31,0000 s, Delta ratio: 0,5000, Drift: 2,000, Error reduction coefficient: 0,000, Error: 0,0000 s
abr 04, 2013 12:33:17 PM org.ros.time.RemoteUptimeClock update
INFO: Latency: 31,0000 s, Delta ratio: 0,5000, Drift: 2,000, Error reduction coefficient: 0,000, Error: 0,0000 s
abr 04, 2013 12:33:17 PM org.ros.time.RemoteUptimeClock update
INFO: Latency: 31,0000 s, Delta ratio: 0,5000, Drift: 2,000, Error reduction coefficient: 0,000, Error: 0,0000 s
abr 04, 2013 12:33:17 PM org.ros.time.RemoteUptimeClock update
INFO: Latency: 31,0000 s, Delta ratio: 0,5000, Drift: 2,000, Error reduction coefficient: 0,000, Error: 0,0000 s
abr 04, 2013 12:33:17 PM org.ros.time.RemoteUptimeClock update
INFO: Latency: 31,0000 s, Delta ratio: 0,5000, Drift: 2,000, Error reduction coefficient: 0,000, Error: 0,0000 s
abr 04, 2013 12:33:17 PM org.ros.time.RemoteUptimeClock update
INFO: Latency: 31,0000 s, Delta ratio: 0,5000, Drift: 2,000, Error reduction coefficient: 0,000, Error: 0,0000 s
abr 04, 2013 12:33:17 PM org.ros.time.RemoteUptimeClock update
INFO: Latency: 31,0000 s, Delta ratio: 0,5000, Drift: 2,000, Error reduction coefficient: 0,000, Error: 0,0000 s
abr 04, 2013 12:33:17 PM org.ros.time.RemoteUptimeClock update
INFO: Latency: 31,0000 s, Delta ratio: 0,5000, Drift: 2,000, Error reduction coefficient: 0,000, Error: 0,0000 s
abr 04, 2013 12:33:17 PM org.ros.time.RemoteUptimeClock update
INFO: Latency: 31,0000 s, Delta ratio: 0,5000, Drift: 2,000, Error reduction coefficient: 0,000, Error: 0,0000 s
abr 04, 2013 12:33:17 PM org.ros.time.RemoteUptimeClock update
INFO: Latency: 31,0000 s, Delta ratio: 0,5000, Drift: 2,000, Error reduction coefficient: 0,000, Error: 0,0000 s
abr 04, 2013 12:33:17 PM org.ros.time.RemoteUptimeClock update
INFO: Latency: 31,0000 s, Delta ratio: 0,5000, Drift: 2,000, Error reduction coefficient: 0,000, Error: 0,0000 s
abr 04, 2013 12:33:17 PM org.ros.time.RemoteUptimeClock update
INFO: Latency: 31,0000 s, Delta ratio: 0,5000, Drift: 2,000, Error reduction coefficient: 0,000, Error: 0,0000 s
abr 04, 2013 12:33:17 PM org.ros.time.RemoteUptimeClock update
INFO: Latency: 31,0000 s, Delta ratio: 0,5000, Drift: 2,000, Error reduction coefficient: 0,000, Error: 0,0000 s
abr 04, 2013 12:33:17 PM org.ros.time.RemoteUptimeClock update
INFO: Latency: 31,0000 s, Delta ratio: 0,5000, Drift: 2,000, Error reduction coefficient: 0,000, Error: 0,0000 s
abr 04, 2013 12:33:17 PM org.ros.time.RemoteUptimeClock update
INFO: Latency: 31,0000 s, Delta ratio: 0,5000, Drift: 2,000, Error reduction coefficient: 0,000, Error: 0,0000 s
abr 04, 2013 12:33:17 PM org.ros.time.RemoteUptimeClock update
INFO: Latency: 31,0000 s, Delta ratio: 0,5000, Drift: 2,000, Error reduction coefficient: 0,000, Error: 0,0000 s
abr 04, 2013 12:33:17 PM org.ros.time.RemoteUptimeClock update
INFO: Latency: 31,0000 s, Delta ratio: 0,5000, Drift: 2,000, Error reduction coefficient: 0,000, Error: 0,0000 s
abr 04, 2013 12:33:17 PM org.ros.time.RemoteUptimeClock update
INFO: Latency: 31,0000 s, Delta ratio: 0,5000, Drift: 2,000, Error reduction coefficient: 0,000, Error: 0,0000 s
abr 04, 2013 12:33:17 PM org.ros.time.RemoteUptimeClock update
INFO: Latency: 31,0000 s, Delta ratio: 0,5000, Drift: 2,000, Error reduction coefficient: 0,000, Error: 0,0000 s
abr 04, 2013 12:33:17 PM org.ros.time.RemoteUptimeClock update
INFO: Latency: 31,0000 s, Delta ratio: 0,5000, Drift: 2,000, Error reduction coefficient: 0,000, Error: 0,0000 s
abr 04, 2013 12:33:17 PM org.ros.time.RemoteUptimeClock update
INFO: Latency: 31,0000 s, Delta ratio: 0,5000, Drift: 2,000, Error reduction coefficient: 0,000, Error: 0,0000 s
abr 04, 2013 12:33:17 PM org.ros.time.RemoteUptimeClock update
INFO: Latency: 31,0000 s, Delta ratio: 0,5000, Drift: 2,000, Error reduction coefficient: 0,000, Error: 0,0000 s
abr 04, 2013 12:33:17 PM org.ros.time.RemoteUptimeClock update
INFO: Latency: 31,0000 s, Delta ratio: 0,5000, Drift: 2,000, Error reduction coefficient: 0,000, Error: 0,0000 s
abr 04, 2013 12:33:17 PM org.ros.time.RemoteUptimeClock update
INFO: Latency: 31,0000 s, Delta ratio: 0,5000, Drift: 2,000, Error reduction coefficient: 0,000, Error: 0,0000 s
abr 04, 2013 12:33:17 PM org.ros.time.RemoteUptimeClock update
INFO: Latency: 31,0000 s, Delta ratio: 0,5000, Drift: 2,000, Error reduction coefficient: 0,000, Error: 0,0000 s
abr 04, 2013 12:33:17 PM org.ros.time.RemoteUptimeClock update
INFO: Latency: 31,0000 s, Delta ratio: 0,5000, Drift: 2,000, Error reduction coefficient: 0,000, Error: 0,0000 s
abr 04, 2013 12:33:17 PM org.ros.time.RemoteUptimeClock update
INFO: Latency: 31,0000 s, Delta ratio: 0,5000, Drift: 2,000, Error reduction coefficient: 0,000, Error: 0,0000 s
abr 04, 2013 12:33:17 PM org.ros.time.RemoteUptimeClock update
INFO: Latency: 31,0000 s, Delta ratio: 0,5000, Drift: 2,000, Error reduction coefficient: 0,000, Error: 0,0000 s
abr 04, 2013 12:33:17 PM org.ros.time.RemoteUptimeClock update
INFO: Latency: 31,0000 s, Delta ratio: 0,5000, Drift: 2,000, Error reduction coefficient: 0,000, Error: 0,0000 s
abr 04, 2013 12:33:17 PM org.ros.time.RemoteUptimeClock update
INFO: Latency: 31,0000 s, Delta ratio: 0,5000, Drift: 2,000, Error reduction coefficient: 0,000, Error: 0,0000 s
abr 04, 2013 12:33:17 PM org.ros.time.RemoteUptimeClock update
INFO: Latency: 31,0000 s, Delta ratio: 0,5000, Drift: 2,000, Error reduction coefficient: 0,000, Error: 0,0000 s
abr 04, 2013 12:33:17 PM org.ros.time.RemoteUptimeClock update
INFO: Latency: 31,0000 s, Delta ratio: 0,5000, Drift: 2,000, Error reduction coefficient: 0,000, Error: 0,0000 s
abr 04, 2013 12:33:17 PM org.ros.time.RemoteUptimeClock update
INFO: Latency: 31,0000 s, Delta ratio: 0,5000, Drift: 2,000, Error reduction coefficient: 0,000, Error: 0,0000 s
abr 04, 2013 12:33:17 PM org.ros.time.RemoteUptimeClock update
INFO: Latency: 31,0000 s, Delta ratio: 0,5000, Drift: 2,000, Error reduction coefficient: 0,000, Error: 0,0000 s
abr 04, 2013 12:33:17 PM org.ros.time.RemoteUptimeClock update
INFO: Latency: 31,0000 s, Delta ratio: 0,5000, Drift: 2,000, Error reduction coefficient: 0,000, Error: 0,0000 s
abr 04, 2013 12:33:17 PM org.ros.time.RemoteUptimeClock update
INFO: Latency: 31,0000 s, Delta ratio: 0,5000, Drift: 2,000, Error reduction coefficient: 0,000, Error: 0,0000 s
abr 04, 2013 12:33:17 PM org.ros.time.RemoteUptimeClock update
INFO: Latency: 31,0000 s, Delta ratio: 0,5000, Drift: 2,000, Error reduction coefficient: 0,000, Error: 0,0000 s
abr 04, 2013 12:33:17 PM org.ros.time.RemoteUptimeClock update
INFO: Latency: 31,0000 s, Delta ratio: 0,5000, Drift: 2,000, Error reduction coefficient: 0,000, Error: 0,0000 s
abr 04, 2013 12:33:17 PM org.ros.time.RemoteUptimeClock update
INFO: Latency: 31,0000 s, Delta ratio: 0,5000, Drift: 2,000, Error reduction coefficient: 0,000, Error: 0,0000 s
abr 04, 2013 12:33:17 PM org.ros.time.RemoteUptimeClock update
INFO: Latency: 31,0000 s, Delta ratio: 0,5000, Drift: 2,000, Error reduction coefficient: 0,000, Error: 0,0000 s
abr 04, 2013 12:33:17 PM org.ros.time.RemoteUptimeClock update
INFO: Latency: 31,0000 s, Delta ratio: 0,5000, Drift: 2,000, Error reduction coefficient: 0,000, Error: 0,0000 s
abr 04, 2013 12:33:17 PM org.ros.time.RemoteUptimeClock update
INFO: Latency: 31,0000 s, Delta ratio: 0,5000, Drift: 2,000, Error reduction coefficient: 0,000, Error: 0,0000 s
abr 04, 2013 12:33:17 PM org.ros.time.RemoteUptimeClock update
INFO: Latency: 31,0000 s, Delta ratio: 0,5000, Drift: 2,000, Error reduction coefficient: 0,000, Error: 0,0000 s
abr 04, 2013 12:33:17 PM org.ros.time.RemoteUptimeClock update
INFO: Latency: 31,0000 s, Delta ratio: 0,5000, Drift: 2,000, Error reduction coefficient: 0,000, Error: 0,0000 s
abr 04, 2013 12:33:17 PM org.ros.time.RemoteUptimeClock update
INFO: Latency: 31,0000 s, Delta ratio: 0,5000, Drift: 2,000, Error reduction coefficient: 0,000, Error: 0,0000 s
abr 04, 2013 12:33:17 PM org.ros.time.RemoteUptimeClock update
INFO: Latency: 31,0000 s, Delta ratio: 0,5000, Drift: 2,000, Error reduction coefficient: 0,000, Error: 0,0000 s
abr 04, 2013 12:33:17 PM org.ros.time.RemoteUptimeClock update
INFO: Latency: 31,0000 s, Delta ratio: 0,5000, Drift: 2,000, Error reduction coefficient: 0,000, Error: 0,0000 s
abr 04, 2013 12:33:17 PM org.ros.time.RemoteUptimeClock update
INFO: Latency: 31,0000 s, Delta ratio: 0,5000, Drift: 2,000, Error reduction coefficient: 0,000, Error: 0,0000 s
abr 04, 2013 12:33:17 PM org.ros.time.RemoteUptimeClock update
INFO: Latency: 31,0000 s, Delta ratio: 0,5000, Drift: 2,000, Error reduction coefficient: 0,000, Error: 0,0000 s
abr 04, 2013 12:33:17 PM org.ros.time.RemoteUptimeClock update
INFO: Latency: 31,0000 s, Delta ratio: 0,5000, Drift: 2,000, Error reduction coefficient: 0,000, Error: 0,0000 s
abr 04, 2013 12:33:17 PM org.ros.time.RemoteUptimeClock update
INFO: Latency: 31,0000 s, Delta ratio: 0,5000, Drift: 2,000, Error reduction coefficient: 0,000, Error: 0,0000 s
abr 04, 2013 12:33:17 PM org.ros.time.RemoteUptimeClock update
INFO: Latency: 31,0000 s, Delta ratio: 0,5000, Drift: 2,000, Error reduction coefficient: 0,000, Error: 0,0000 s
abr 04, 2013 12:33:17 PM org.ros.time.RemoteUptimeClock update
INFO: Latency: 31,0000 s, Delta ratio: 0,5000, Drift: 2,000, Error reduction coefficient: 0,000, Error: 0,0000 s
abr 04, 2013 12:33:17 PM org.ros.time.RemoteUptimeClock update
INFO: Latency: 31,0000 s, Delta ratio: 0,5000, Drift: 2,000, Error reduction coefficient: 0,000, Error: 0,0000 s
abr 04, 2013 12:33:17 PM org.ros.time.RemoteUptimeClock update
INFO: Latency: 31,0000 s, Delta ratio: 0,5000, Drift: 2,000, Error reduction coefficient: 0,000, Error: 0,0000 s
abr 04, 2013 12:33:17 PM org.ros.time.RemoteUptimeClock update
INFO: Latency: 31,0000 s, Delta ratio: 0,5000, Drift: 2,000, Error reduction coefficient: 0,000, Error: 0,0000 s
abr 04, 2013 12:33:17 PM org.ros.time.RemoteUptimeClock update
INFO: Latency: 31,0000 s, Delta ratio: 0,5000, Drift: 2,000, Error reduction coefficient: 0,000, Error: 0,0000 s
abr 04, 2013 12:33:17 PM org.ros.time.RemoteUptimeClock update
INFO: Latency: 31,0000 s, Delta ratio: 0,5000, Drift: 2,000, Error reduction coefficient: 0,000, Error: 0,0000 s
abr 04, 2013 12:33:17 PM org.ros.time.RemoteUptimeClock update
INFO: Latency: 31,0000 s, Delta ratio: 0,5000, Drift: 2,000, Error reduction coefficient: 0,000, Error: 0,0000 s
abr 04, 2013 12:33:17 PM org.ros.time.RemoteUptimeClock update
INFO: Latency: 31,0000 s, Delta ratio: 0,5000, Drift: 2,000, Error reduction coefficient: 0,000, Error: 0,0000 s
abr 04, 2013 12:33:17 PM org.ros.time.RemoteUptimeClock update
INFO: Latency: 31,0000 s, Delta ratio: 0,5000, Drift: 2,000, Error reduction coefficient: 0,000, Error: 0,0000 s
abr 04, 2013 12:33:17 PM org.ros.time.RemoteUptimeClock update
INFO: Latency: 31,0000 s, Delta ratio: 0,5000, Drift: 2,000, Error reduction coefficient: 0,000, Error: 0,0000 s
abr 04, 2013 12:33:17 PM org.ros.time.RemoteUptimeClock update
INFO: Latency: 31,0000 s, Delta ratio: 0,5000, Drift: 2,000, Error reduction coefficient: 0,000, Error: 0,0000 s
abr 04, 2013 12:33:17 PM org.ros.time.RemoteUptimeClock update
INFO: Latency: 31,0000 s, Delta ratio: 0,5000, Drift: 2,000, Error reduction coefficient: 0,000, Error: 0,0000 s
abr 04, 2013 12:33:17 PM org.ros.time.RemoteUptimeClock update
INFO: Latency: 31,0000 s, Delta ratio: 0,5000, Drift: 2,000, Error reduction coefficient: 0,000, Error: 0,0000 s
abr 04, 2013 12:33:17 PM org.ros.time.RemoteUptimeClock update
INFO: Latency: 31,0000 s, Delta ratio: 0,5000, Drift: 2,000, Error reduction coefficient: 0,000, Error: 0,0000 s
abr 04, 2013 12:33:17 PM org.ros.time.RemoteUptimeClock update
INFO: Latency: 31,0000 s, Delta ratio: 0,5000, Drift: 2,000, Error reduction coefficient: 0,000, Error: 0,0000 s
abr 04, 2013 12:33:17 PM org.ros.time.RemoteUptimeClock update
INFO: Latency: 31,0000 s, Delta ratio: 0,5000, Drift: 2,000, Error reduction coefficient: 0,000, Error: 0,0000 s
abr 04, 2013 12:33:17 PM org.ros.time.RemoteUptimeClock update
INFO: Latency: 31,0000 s, Delta ratio: 0,5000, Drift: 2,000, Error reduction coefficient: 0,000, Error: 0,0000 s
abr 04, 2013 12:33:17 PM org.ros.time.RemoteUptimeClock update
INFO: Latency: 31,0000 s, Delta ratio: 0,5000, Drift: 2,000, Error reduction coefficient: 0,000, Error: 0,0000 s
abr 04, 2013 12:33:17 PM org.ros.time.RemoteUptimeClock update
INFO: Latency: 31,0000 s, Delta ratio: 0,5000, Drift: 2,000, Error reduction coefficient: 0,000, Error: 0,0000 s
abr 04, 2013 12:33:17 PM org.ros.time.RemoteUptimeClock update
INFO: Latency: 31,0000 s, Delta ratio: 0,5000, Drift: 2,000, Error reduction coefficient: 0,000, Error: 0,0000 s
abr 04, 2013 12:33:17 PM org.ros.time.RemoteUptimeClock update
INFO: Latency: 31,0000 s, Delta ratio: 0,5000, Drift: 2,000, Error reduction coefficient: 0,000, Error: 0,0000 s
abr 04, 2013 12:33:17 PM org.ros.time.RemoteUptimeClock update
INFO: Latency: 31,0000 s, Delta ratio: 0,5000, Drift: 2,000, Error reduction coefficient: 0,000, Error: 0,0000 s
abr 04, 2013 12:33:17 PM org.ros.time.RemoteUptimeClock update
INFO: Latency: 31,0000 s, Delta ratio: 0,5000, Drift: 2,000, Error reduction coefficient: 0,000, Error: 0,0000 s
abr 04, 2013 12:33:17 PM org.ros.time.RemoteUptimeClock update
INFO: Latency: 31,0000 s, Delta ratio: 0,5000, Drift: 2,000, Error reduction coefficient: 0,000, Error: 0,0000 s
abr 04, 2013 12:33:17 PM org.ros.time.RemoteUptimeClock update
INFO: Latency: 31,0000 s, Delta ratio: 0,5000, Drift: 2,000, Error reduction coefficient: 0,000, Error: 0,0000 s
abr 04, 2013 12:33:17 PM org.ros.time.RemoteUptimeClock update
INFO: Latency: 31,0000 s, Delta ratio: 0,5000, Drift: 2,000, Error reduction coefficient: 0,000, Error: 0,0000 s
abr 04, 2013 12:33:17 PM org.ros.time.RemoteUptimeClock update
INFO: Latency: 31,0000 s, Delta ratio: 0,5000, Drift: 2,000, Error reduction coefficient: 0,000, Error: 0,0000 s
abr 04, 2013 12:33:17 PM org.ros.time.RemoteUptimeClock update
INFO: Latency: 31,0000 s, Delta ratio: 0,5000, Drift: 2,000, Error reduction coefficient: 0,000, Error: 0,0000 s
abr 04, 2013 12:33:17 PM org.ros.time.RemoteUptimeClock update
INFO: Latency: 31,0000 s, Delta ratio: 0,5000, Drift: 2,000, Error reduction coefficient: 0,000, Error: 0,0000 s
abr 04, 2013 12:33:17 PM org.ros.time.RemoteUptimeClock update
INFO: Latency: 31,0000 s, Delta ratio: 0,5000, Drift: 2,000, Error reduction coefficient: 0,000, Error: 0,0000 s
abr 04, 2013 12:33:17 PM org.ros.time.RemoteUptimeClock update
INFO: Latency: 31,0000 s, Delta ratio: 0,5000, Drift: 2,000, Error reduction coefficient: 0,000, Error: 0,0000 s
abr 04, 2013 12:33:17 PM org.ros.time.RemoteUptimeClock update
INFO: Latency: 31,0000 s, Delta ratio: 0,5000, Drift: 2,000, Error reduction coefficient: 0,000, Error: 0,0000 s
abr 04, 2013 12:33:17 PM org.ros.time.RemoteUptimeClock update
INFO: Latency: 31,0000 s, Delta ratio: 0,5000, Drift: 2,000, Error reduction coefficient: 0,000, Error: 0,0000 s
abr 04, 2013 12:33:17 PM org.ros.time.RemoteUptimeClock update
INFO: Latency: 31,0000 s, Delta ratio: 0,5000, Drift: 2,000, Error reduction coefficient: 0,000, Error: 0,0000 s
abr 04, 2013 12:33:17 PM org.ros.time.RemoteUptimeClock update
INFO: Latency: 31,0000 s, Delta ratio: 0,5000, Drift: 2,000, Error reduction coefficient: 0,000, Error: 0,0000 s
abr 04, 2013 12:33:17 PM org.ros.time.RemoteUptimeClock update
INFO: Latency: 31,0000 s, Delta ratio: 0,5000, Drift: 2,000, Error reduction coefficient: 0,000, Error: 0,0000 s
abr 04, 2013 12:33:17 PM org.ros.time.RemoteUptimeClock update
INFO: Latency: 31,0000 s, Delta ratio: 0,5000, Drift: 2,000, Error reduction coefficient: 0,000, Error: 0,0000 s
abr 04, 2013 12:33:17 PM org.ros.time.RemoteUptimeClock update
INFO: Latency: 31,0000 s, Delta ratio: 0,5000, Drift: 2,000, Error reduction coefficient: 0,000, Error: 0,0000 s
abr 04, 2013 12:33:17 PM org.ros.time.RemoteUptimeClock update
INFO: Latency: 31,0000 s, Delta ratio: 0,5000, Drift: 2,000, Error reduction coefficient: 0,000, Error: 0,0000 s
abr 04, 2013 12:33:17 PM org.ros.time.RemoteUptimeClock update
INFO: Latency: 31,0000 s, Delta ratio: 0,5000, Drift: 2,000, Error reduction coefficient: 0,000, Error: 0,0000 s
abr 04, 2013 12:33:17 PM org.ros.time.RemoteUptimeClock update
INFO: Latency: 31,0000 s, Delta ratio: 0,5000, Drift: 2,000, Error reduction coefficient: 0,000, Error: 0,0000 s
abr 04, 2013 12:33:17 PM org.ros.time.RemoteUptimeClock update
INFO: Latency: 31,0000 s, Delta ratio: 0,5000, Drift: 2,000, Error reduction coefficient: 0,000, Error: 0,0000 s
abr 04, 2013 12:33:17 PM org.ros.time.RemoteUptimeClock update
INFO: Latency: 31,0000 s, Delta ratio: 0,5000, Drift: 2,000, Error reduction coefficient: 0,000, Error: 0,0000 s
abr 04, 2013 12:33:17 PM org.ros.time.RemoteUptimeClock update
INFO: Latency: 31,0000 s, Delta ratio: 0,5000, Drift: 2,000, Error reduction coefficient: 0,000, Error: 0,0000 s
abr 04, 2013 12:33:17 PM org.ros.time.RemoteUptimeClock update
INFO: Latency: 31,0000 s, Delta ratio: 0,5000, Drift: 2,000, Error reduction coefficient: 0,000, Error: 0,0000 s
abr 04, 2013 12:33:17 PM org.ros.time.RemoteUptimeClock update
INFO: Latency: 31,0000 s, Delta ratio: 0,5000, Drift: 2,000, Error reduction coefficient: 0,000, Error: 0,0000 s
abr 04, 2013 12:33:17 PM org.ros.time.RemoteUptimeClock update
INFO: Latency: 31,0000 s, Delta ratio: 0,5000, Drift: 2,000, Error reduction coefficient: 0,000, Error: 0,0000 s
abr 04, 2013 12:33:17 PM org.ros.time.RemoteUptimeClock update
INFO: Latency: 31,0000 s, Delta ratio: 0,5000, Drift: 2,000, Error reduction coefficient: 0,000, Error: 0,0000 s
abr 04, 2013 12:33:17 PM org.ros.time.RemoteUptimeClock update
INFO: Latency: 31,0000 s, Delta ratio: 0,5000, Drift: 2,000, Error reduction coefficient: 0,000, Error: 0,0000 s
abr 04, 2013 12:33:17 PM org.ros.time.RemoteUptimeClock update
INFO: Latency: 31,0000 s, Delta ratio: 0,5000, Drift: 2,000, Error reduction coefficient: 0,000, Error: 0,0000 s
abr 04, 2013 12:33:17 PM org.ros.time.RemoteUptimeClock update
INFO: Latency: 31,0000 s, Delta ratio: 0,5000, Drift: 2,000, Error reduction coefficient: 0,000, Error: 0,0000 s
abr 04, 2013 12:33:17 PM org.ros.time.RemoteUptimeClock update
INFO: Latency: 31,0000 s, Delta ratio: 0,5000, Drift: 2,000, Error reduction coefficient: 0,000, Error: 0,0000 s
abr 04, 2013 12:33:17 PM org.ros.time.RemoteUptimeClock update
INFO: Latency: 31,0000 s, Delta ratio: 0,5000, Drift: 2,000, Error reduction coefficient: 0,000, Error: 0,0000 s
abr 04, 2013 12:33:17 PM org.ros.time.RemoteUptimeClock update
INFO: Latency: 31,0000 s, Delta ratio: 0,5000, Drift: 2,000, Error reduction coefficient: 0,000, Error: 0,0000 s
abr 04, 2013 12:33:17 PM org.ros.time.RemoteUptimeClock update
INFO: Latency: 31,0000 s, Delta ratio: 0,5000, Drift: 2,000, Error reduction coefficient: 0,000, Error: 0,0000 s
abr 04, 2013 12:33:17 PM org.ros.time.RemoteUptimeClock update
INFO: Latency: 31,0000 s, Delta ratio: 0,5000, Drift: 2,000, Error reduction coefficient: 0,000, Error: 0,0000 s
abr 04, 2013 12:33:17 PM org.ros.time.RemoteUptimeClock update
INFO: Latency: 31,0000 s, Delta ratio: 0,5000, Drift: 2,000, Error reduction coefficient: 0,000, Error: 0,0000 s
abr 04, 2013 12:33:17 PM org.ros.time.RemoteUptimeClock update
INFO: Latency: 31,0000 s, Delta ratio: 0,5000, Drift: 2,000, Error reduction coefficient: 0,000, Error: 0,0000 s
abr 04, 2013 12:33:17 PM org.ros.time.RemoteUptimeClock update
INFO: Latency: 31,0000 s, Delta ratio: 0,5000, Drift: 2,000, Error reduction coefficient: 0,000, Error: 0,0000 s
abr 04, 2013 12:33:17 PM org.ros.time.RemoteUptimeClock update
INFO: Latency: 31,0000 s, Delta ratio: 0,5000, Drift: 2,000, Error reduction coefficient: 0,000, Error: 0,0000 s
abr 04, 2013 12:33:17 PM org.ros.time.RemoteUptimeClock update
INFO: Latency: 31,0000 s, Delta ratio: 0,5000, Drift: 2,000, Error reduction coefficient: 0,000, Error: 0,0000 s
abr 04, 2013 12:33:17 PM org.ros.time.RemoteUptimeClock update
INFO: Latency: 31,0000 s, Delta ratio: 0,5000, Drift: 2,000, Error reduction coefficient: 0,000, Error: 0,0000 s
abr 04, 2013 12:33:17 PM org.ros.time.RemoteUptimeClock update
INFO: Latency: 31,0000 s, Delta ratio: 0,5000, Drift: 2,000, Error reduction coefficient: 0,000, Error: 0,0000 s
abr 04, 2013 12:33:17 PM org.ros.time.RemoteUptimeClock update
INFO: Latency: 31,0000 s, Delta ratio: 0,5000, Drift: 2,000, Error reduction coefficient: 0,000, Error: 0,0000 s
abr 04, 2013 12:33:17 PM org.ros.time.RemoteUptimeClock update
INFO: Latency: 31,0000 s, Delta ratio: 0,5000, Drift: 2,000, Error reduction coefficient: 0,000, Error: 0,0000 s
abr 04, 2013 12:33:17 PM org.ros.time.RemoteUptimeClock update
INFO: Latency: 31,0000 s, Delta ratio: 0,5000, Drift: 2,000, Error reduction coefficient: 0,000, Error: 0,0000 s
abr 04, 2013 12:33:17 PM org.ros.time.RemoteUptimeClock update
INFO: Latency: 31,0000 s, Delta ratio: 0,5000, Drift: 2,000, Error reduction coefficient: 0,000, Error: 0,0000 s
abr 04, 2013 12:33:17 PM org.ros.time.RemoteUptimeClock update
INFO: Latency: 31,0000 s, Delta ratio: 0,5000, Drift: 2,000, Error reduction coefficient: 0,000, Error: 0,0000 s
abr 04, 2013 12:33:17 PM org.ros.time.RemoteUptimeClock update
INFO: Latency: 31,0000 s, Delta ratio: 0,5000, Drift: 2,000, Error reduction coefficient: 0,000, Error: 0,0000 s
abr 04, 2013 12:33:17 PM org.ros.time.RemoteUptimeClock update
INFO: Latency: 31,0000 s, Delta ratio: 0,5000, Drift: 2,000, Error reduction coefficient: 0,000, Error: 0,0000 s
abr 04, 2013 12:33:17 PM org.ros.time.RemoteUptimeClock update
INFO: Latency: 31,0000 s, Delta ratio: 0,5000, Drift: 2,000, Error reduction coefficient: 0,000, Error: 0,0000 s
abr 04, 2013 12:33:17 PM org.ros.time.RemoteUptimeClock update
INFO: Latency: 31,0000 s, Delta ratio: 0,5000, Drift: 2,000, Error reduction coefficient: 0,000, Error: 0,0000 s
abr 04, 2013 12:33:17 PM org.ros.time.RemoteUptimeClock update
INFO: Latency: 31,0000 s, Delta ratio: 0,5000, Drift: 2,000, Error reduction coefficient: 0,000, Error: 0,0000 s
abr 04, 2013 12:33:17 PM org.ros.time.RemoteUptimeClock update
INFO: Latency: 31,0000 s, Delta ratio: 0,5000, Drift: 2,000, Error reduction coefficient: 0,000, Error: 0,0000 s
abr 04, 2013 12:33:17 PM org.ros.time.RemoteUptimeClock update
INFO: Latency: 31,0000 s, Delta ratio: 0,5000, Drift: 2,000, Error reduction coefficient: 0,000, Error: 0,0000 s
abr 04, 2013 12:33:17 PM org.ros.time.RemoteUptimeClock update
INFO: Latency: 31,0000 s, Delta ratio: 0,5000, Drift: 2,000, Error reduction coefficient: 0,000, Error: 0,0000 s
abr 04, 2013 12:33:17 PM org.ros.time.RemoteUptimeClock update
INFO: Latency: 31,0000 s, Delta ratio: 0,5000, Drift: 2,000, Error reduction coefficient: 0,000, Error: 0,0000 s
abr 04, 2013 12:33:17 PM org.ros.time.RemoteUptimeClock update
INFO: Latency: 31,0000 s, Delta ratio: 0,5000, Drift: 2,000, Error reduction coefficient: 0,000, Error: 0,0000 s
abr 04, 2013 12:33:17 PM org.ros.time.RemoteUptimeClock update
INFO: Latency: 31,0000 s, Delta ratio: 0,5000, Drift: 2,000, Error reduction coefficient: 0,000, Error: 0,0000 s
abr 04, 2013 12:33:17 PM org.ros.time.RemoteUptimeClock update
INFO: Latency: 31,0000 s, Delta ratio: 0,5000, Drift: 2,000, Error reduction coefficient: 0,000, Error: 0,0000 s
abr 04, 2013 12:33:17 PM org.ros.time.RemoteUptimeClock update
INFO: Latency: 31,0000 s, Delta ratio: 0,5000, Drift: 2,000, Error reduction coefficient: 0,000, Error: 0,0000 s
abr 04, 2013 12:33:17 PM org.ros.time.RemoteUptimeClock update
INFO: Latency: 31,0000 s, Delta ratio: 0,5000, Drift: 2,000, Error reduction coefficient: 0,000, Error: 0,0000 s
abr 04, 2013 12:33:17 PM org.ros.time.RemoteUptimeClock update
INFO: Latency: 31,0000 s, Delta ratio: 0,5000, Drift: 2,000, Error reduction coefficient: 0,000, Error: 0,0000 s
abr 04, 2013 12:33:17 PM org.ros.time.RemoteUptimeClock update
INFO: Latency: 31,0000 s, Delta ratio: 0,5000, Drift: 2,000, Error reduction coefficient: 0,000, Error: 0,0000 s
abr 04, 2013 12:33:17 PM org.ros.time.RemoteUptimeClock update
INFO: Latency: 31,0000 s, Delta ratio: 0,5000, Drift: 2,000, Error reduction coefficient: 0,000, Error: 0,0000 s
abr 04, 2013 12:33:17 PM org.ros.time.RemoteUptimeClock update
INFO: Latency: 31,0000 s, Delta ratio: 0,5000, Drift: 2,000, Error reduction coefficient: 0,000, Error: 0,0000 s
abr 04, 2013 12:33:17 PM org.ros.time.RemoteUptimeClock update
INFO: Latency: 31,0000 s, Delta ratio: 0,5000, Drift: 2,000, Error reduction coefficient: 0,000, Error: 0,0000 s
abr 04, 2013 12:33:17 PM org.ros.time.RemoteUptimeClock update
INFO: Latency: 31,0000 s, Delta ratio: 0,5000, Drift: 2,000, Error reduction coefficient: 0,000, Error: 0,0000 s
abr 04, 2013 12:33:17 PM org.ros.time.RemoteUptimeClock update
INFO: Latency: 31,0000 s, Delta ratio: 0,5000, Drift: 2,000, Error reduction coefficient: 0,000, Error: 0,0000 s
abr 04, 2013 12:33:17 PM org.ros.time.RemoteUptimeClock update
INFO: Latency: 31,0000 s, Delta ratio: 0,5000, Drift: 2,000, Error reduction coefficient: 0,000, Error: 0,0000 s
abr 04, 2013 12:33:17 PM org.ros.time.RemoteUptimeClock update
INFO: Latency: 31,0000 s, Delta ratio: 0,5000, Drift: 2,000, Error reduction coefficient: 0,000, Error: 0,0000 s
abr 04, 2013 12:33:17 PM org.ros.time.RemoteUptimeClock update
INFO: Latency: 31,0000 s, Delta ratio: 0,5000, Drift: 2,000, Error reduction coefficient: 0,000, Error: 0,0000 s
abr 04, 2013 12:33:17 PM org.ros.time.RemoteUptimeClock update
INFO: Latency: 31,0000 s, Delta ratio: 0,5000, Drift: 2,000, Error reduction coefficient: 0,000, Error: 0,0000 s
abr 04, 2013 12:33:17 PM org.ros.time.RemoteUptimeClock update
INFO: Latency: 31,0000 s, Delta ratio: 0,5000, Drift: 2,000, Error reduction coefficient: 0,000, Error: 0,0000 s
abr 04, 2013 12:33:17 PM org.ros.time.RemoteUptimeClock update
INFO: Latency: 31,0000 s, Delta ratio: 0,5000, Drift: 2,000, Error reduction coefficient: 0,000, Error: 0,0000 s
abr 04, 2013 12:33:17 PM org.ros.time.RemoteUptimeClock update
INFO: Latency: 31,0000 s, Delta ratio: 0,5000, Drift: 2,000, Error reduction coefficient: 0,000, Error: 0,0000 s
abr 04, 2013 12:33:17 PM org.ros.time.RemoteUptimeClock update
INFO: Latency: 31,0000 s, Delta ratio: 0,5000, Drift: 2,000, Error reduction coefficient: 0,000, Error: 0,0000 s
abr 04, 2013 12:33:17 PM org.ros.time.RemoteUptimeClock update
INFO: Latency: 31,0000 s, Delta ratio: 0,5000, Drift: 2,000, Error reduction coefficient: 0,000, Error: 0,0000 s
abr 04, 2013 12:33:17 PM org.ros.time.RemoteUptimeClock update
INFO: Latency: 31,0000 s, Delta ratio: 0,5000, Drift: 2,000, Error reduction coefficient: 0,000, Error: 0,0000 s
abr 04, 2013 12:33:17 PM org.ros.time.RemoteUptimeClock update
INFO: Latency: 31,0000 s, Delta ratio: 0,5000, Drift: 2,000, Error reduction coefficient: 0,000, Error: 0,0000 s
abr 04, 2013 12:33:17 PM org.ros.time.RemoteUptimeClock update
INFO: Latency: 31,0000 s, Delta ratio: 0,5000, Drift: 2,000, Error reduction coefficient: 0,000, Error: 0,0000 s
abr 04, 2013 12:33:17 PM org.ros.time.RemoteUptimeClock update
INFO: Latency: 31,0000 s, Delta ratio: 0,5000, Drift: 2,000, Error reduction coefficient: 0,000, Error: 0,0000 s
abr 04, 2013 12:33:17 PM org.ros.time.RemoteUptimeClock update
INFO: Latency: 31,0000 s, Delta ratio: 0,5000, Drift: 2,000, Error reduction coefficient: 0,000, Error: 0,0000 s
abr 04, 2013 12:33:17 PM org.ros.time.RemoteUptimeClock update
INFO: Latency: 31,0000 s, Delta ratio: 0,5000, Drift: 2,000, Error reduction coefficient: 0,000, Error: 0,0000 s
abr 04, 2013 12:33:17 PM org.ros.time.RemoteUptimeClock update
INFO: Latency: 31,0000 s, Delta ratio: 0,5000, Drift: 2,000, Error reduction coefficient: 0,000, Error: 0,0000 s
abr 04, 2013 12:33:17 PM org.ros.time.RemoteUptimeClock update
INFO: Latency: 31,0000 s, Delta ratio: 0,5000, Drift: 2,000, Error reduction coefficient: 0,000, Error: 0,0000 s
abr 04, 2013 12:33:17 PM org.ros.time.RemoteUptimeClock update
INFO: Latency: 31,0000 s, Delta ratio: 0,5000, Drift: 2,000, Error reduction coefficient: 0,000, Error: 0,0000 s
abr 04, 2013 12:33:17 PM org.ros.time.RemoteUptimeClock update
INFO: Latency: 31,0000 s, Delta ratio: 0,5000, Drift: 2,000, Error reduction coefficient: 0,000, Error: 0,0000 s
abr 04, 2013 12:33:17 PM org.ros.time.RemoteUptimeClock update
INFO: Latency: 31,0000 s, Delta ratio: 0,5000, Drift: 2,000, Error reduction coefficient: 0,000, Error: 0,0000 s
abr 04, 2013 12:33:17 PM org.ros.time.RemoteUptimeClock update
INFO: Latency: 31,0000 s, Delta ratio: 0,5000, Drift: 2,000, Error reduction coefficient: 0,000, Error: 0,0000 s
abr 04, 2013 12:33:17 PM org.ros.time.RemoteUptimeClock update
INFO: Latency: 31,0000 s, Delta ratio: 0,5000, Drift: 2,000, Error reduction coefficient: 0,000, Error: 0,0000 s
abr 04, 2013 12:33:17 PM org.ros.time.RemoteUptimeClock update
INFO: Latency: 31,0000 s, Delta ratio: 0,5000, Drift: 2,000, Error reduction coefficient: 0,000, Error: 0,0000 s
abr 04, 2013 12:33:17 PM org.ros.time.RemoteUptimeClock update
INFO: Latency: 31,0000 s, Delta ratio: 0,5000, Drift: 2,000, Error reduction coefficient: 0,000, Error: 0,0000 s
abr 04, 2013 12:33:17 PM org.ros.time.RemoteUptimeClock update
INFO: Latency: 31,0000 s, Delta ratio: 0,5000, Drift: 2,000, Error reduction coefficient: 0,000, Error: 0,0000 s
abr 04, 2013 12:33:17 PM org.ros.time.RemoteUptimeClock update
INFO: Latency: 31,0000 s, Delta ratio: 0,5000, Drift: 2,000, Error reduction coefficient: 0,000, Error: 0,0000 s
abr 04, 2013 12:33:17 PM org.ros.time.RemoteUptimeClock update
INFO: Latency: 31,0000 s, Delta ratio: 0,5000, Drift: 2,000, Error reduction coefficient: 0,000, Error: 0,0000 s
abr 04, 2013 12:33:17 PM org.ros.time.RemoteUptimeClock update
INFO: Latency: 31,0000 s, Delta ratio: 0,5000, Drift: 2,000, Error reduction coefficient: 0,000, Error: 0,0000 s
abr 04, 2013 12:33:17 PM org.ros.time.RemoteUptimeClock update
INFO: Latency: 31,0000 s, Delta ratio: 0,5000, Drift: 2,000, Error reduction coefficient: 0,000, Error: 0,0000 s
abr 04, 2013 12:33:17 PM org.ros.time.RemoteUptimeClock update
INFO: Latency: 31,0000 s, Delta ratio: 0,5000, Drift: 2,000, Error reduction coefficient: 0,000, Error: 0,0000 s
abr 04, 2013 12:33:17 PM org.ros.time.RemoteUptimeClock update
INFO: Latency: 31,0000 s, Delta ratio: 0,5000, Drift: 2,000, Error reduction coefficient: 0,000, Error: 0,0000 s
abr 04, 2013 12:33:17 PM org.ros.time.RemoteUptimeClock update
INFO: Latency: 31,0000 s, Delta ratio: 0,5000, Drift: 2,000, Error reduction coefficient: 0,000, Error: 0,0000 s
abr 04, 2013 12:33:17 PM org.ros.time.RemoteUptimeClock update
INFO: Latency: 31,0000 s, Delta ratio: 0,5000, Drift: 2,000, Error reduction coefficient: 0,000, Error: 0,0000 s
abr 04, 2013 12:33:17 PM org.ros.time.RemoteUptimeClock update
INFO: Latency: 31,0000 s, Delta ratio: 0,5000, Drift: 2,000, Error reduction coefficient: 0,000, Error: 0,0000 s
abr 04, 2013 12:33:17 PM org.ros.time.RemoteUptimeClock update
INFO: Latency: 31,0000 s, Delta ratio: 0,5000, Drift: 2,000, Error reduction coefficient: 0,000, Error: 0,0000 s
abr 04, 2013 12:33:17 PM org.ros.time.RemoteUptimeClock update
INFO: Latency: 31,0000 s, Delta ratio: 0,5000, Drift: 2,000, Error reduction coefficient: 0,000, Error: 0,0000 s
abr 04, 2013 12:33:17 PM org.ros.time.RemoteUptimeClock update
INFO: Latency: 31,0000 s, Delta ratio: 0,5000, Drift: 2,000, Error reduction coefficient: 0,000, Error: 0,0000 s
abr 04, 2013 12:33:17 PM org.ros.time.RemoteUptimeClock update
INFO: Latency: 31,0000 s, Delta ratio: 0,5000, Drift: 2,000, Error reduction coefficient: 0,000, Error: 0,0000 s
abr 04, 2013 12:33:17 PM org.ros.time.RemoteUptimeClock update
INFO: Latency: 31,0000 s, Delta ratio: 0,5000, Drift: 2,000, Error reduction coefficient: 0,000, Error: 0,0000 s
abr 04, 2013 12:33:17 PM org.ros.time.RemoteUptimeClock update
INFO: Latency: 31,0000 s, Delta ratio: 0,5000, Drift: 2,000, Error reduction coefficient: 0,000, Error: 0,0000 s
abr 04, 2013 12:33:17 PM org.ros.time.RemoteUptimeClock update
INFO: Latency: 31,0000 s, Delta ratio: 0,5000, Drift: 2,000, Error reduction coefficient: 0,000, Error: 0,0000 s
abr 04, 2013 12:33:17 PM org.ros.time.RemoteUptimeClock update
INFO: Latency: 31,0000 s, Delta ratio: 0,5000, Drift: 2,000, Error reduction coefficient: 0,000, Error: 0,0000 s
abr 04, 2013 12:33:17 PM org.ros.time.RemoteUptimeClock update
INFO: Latency: 31,0000 s, Delta ratio: 0,5000, Drift: 2,000, Error reduction coefficient: 0,000, Error: 0,0000 s
abr 04, 2013 12:33:17 PM org.ros.time.RemoteUptimeClock update
INFO: Latency: 31,0000 s, Delta ratio: 0,5000, Drift: 2,000, Error reduction coefficient: 0,000, Error: 0,0000 s
abr 04, 2013 12:33:17 PM org.ros.time.RemoteUptimeClock update
INFO: Latency: 31,0000 s, Delta ratio: 0,5000, Drift: 2,000, Error reduction coefficient: 0,000, Error: 0,0000 s
abr 04, 2013 12:33:17 PM org.ros.time.RemoteUptimeClock update
INFO: Latency: 31,0000 s, Delta ratio: 0,5000, Drift: 2,000, Error reduction coefficient: 0,000, Error: 0,0000 s
abr 04, 2013 12:33:17 PM org.ros.time.RemoteUptimeClock update
INFO: Latency: 31,0000 s, Delta ratio: 0,5000, Drift: 2,000, Error reduction coefficient: 0,000, Error: 0,0000 s
abr 04, 2013 12:33:17 PM org.ros.time.RemoteUptimeClock update
INFO: Latency: 31,0000 s, Delta ratio: 0,5000, Drift: 2,000, Error reduction coefficient: 0,000, Error: 0,0000 s
abr 04, 2013 12:33:17 PM org.ros.time.RemoteUptimeClock update
INFO: Latency: 31,0000 s, Delta ratio: 0,5000, Drift: 2,000, Error reduction coefficient: 0,000, Error: 0,0000 s
abr 04, 2013 12:33:17 PM org.ros.time.RemoteUptimeClock update
INFO: Latency: 31,0000 s, Delta ratio: 0,5000, Drift: 2,000, Error reduction coefficient: 0,000, Error: 0,0000 s
abr 04, 2013 12:33:17 PM org.ros.time.RemoteUptimeClock update
INFO: Latency: 31,0000 s, Delta ratio: 0,5000, Drift: 2,000, Error reduction coefficient: 0,000, Error: 0,0000 s
abr 04, 2013 12:33:17 PM org.ros.time.RemoteUptimeClock update
INFO: Latency: 31,0000 s, Delta ratio: 0,5000, Drift: 2,000, Error reduction coefficient: 0,000, Error: 0,0000 s
abr 04, 2013 12:33:17 PM org.ros.time.RemoteUptimeClock update
INFO: Latency: 31,0000 s, Delta ratio: 0,5000, Drift: 2,000, Error reduction coefficient: 0,000, Error: 0,0000 s
abr 04, 2013 12:33:17 PM org.ros.time.RemoteUptimeClock update
INFO: Latency: 31,0000 s, Delta ratio: 0,5000, Drift: 2,000, Error reduction coefficient: 0,000, Error: 0,0000 s
abr 04, 2013 12:33:17 PM org.ros.time.RemoteUptimeClock update
INFO: Latency: 31,0000 s, Delta ratio: 0,5000, Drift: 2,000, Error reduction coefficient: 0,000, Error: 0,0000 s
abr 04, 2013 12:33:17 PM org.ros.time.RemoteUptimeClock update
INFO: Latency: 31,0000 s, Delta ratio: 0,5000, Drift: 2,000, Error reduction coefficient: 0,000, Error: 0,0000 s
abr 04, 2013 12:33:17 PM org.ros.time.RemoteUptimeClock update
INFO: Latency: 31,0000 s, Delta ratio: 0,5000, Drift: 2,000, Error reduction coefficient: 0,000, Error: 0,0000 s
abr 04, 2013 12:33:17 PM org.ros.time.RemoteUptimeClock update
INFO: Latency: 31,0000 s, Delta ratio: 0,5000, Drift: 2,000, Error reduction coefficient: 0,000, Error: 0,0000 s
abr 04, 2013 12:33:17 PM org.ros.time.RemoteUptimeClock update
INFO: Latency: 31,0000 s, Delta ratio: 0,5000, Drift: 2,000, Error reduction coefficient: 0,000, Error: 0,0000 s
abr 04, 2013 12:33:17 PM org.ros.time.RemoteUptimeClock update
INFO: Latency: 31,0000 s, Delta ratio: 0,5000, Drift: 2,000, Error reduction coefficient: 0,000, Error: 0,0000 s
abr 04, 2013 12:33:17 PM org.ros.time.RemoteUptimeClock update
INFO: Latency: 31,0000 s, Delta ratio: 0,5000, Drift: 2,000, Error reduction coefficient: 0,000, Error: 0,0000 s
abr 04, 2013 12:33:17 PM org.ros.time.RemoteUptimeClock update
INFO: Latency: 31,0000 s, Delta ratio: 0,5000, Drift: 2,000, Error reduction coefficient: 0,000, Error: 0,0000 s
abr 04, 2013 12:33:17 PM org.ros.time.RemoteUptimeClock update
INFO: Latency: 31,0000 s, Delta ratio: 0,5000, Drift: 2,000, Error reduction coefficient: 0,000, Error: 0,0000 s
abr 04, 2013 12:33:17 PM org.ros.time.RemoteUptimeClock update
INFO: Latency: 31,0000 s, Delta ratio: 0,5000, Drift: 2,000, Error reduction coefficient: 0,000, Error: 0,0000 s
abr 04, 2013 12:33:17 PM org.ros.time.RemoteUptimeClock update
INFO: Latency: 31,0000 s, Delta ratio: 0,5000, Drift: 2,000, Error reduction coefficient: 0,000, Error: 0,0000 s
abr 04, 2013 12:33:17 PM org.ros.time.RemoteUptimeClock update
INFO: Latency: 31,0000 s, Delta ratio: 0,5000, Drift: 2,000, Error reduction coefficient: 0,000, Error: 0,0000 s
abr 04, 2013 12:33:17 PM org.ros.time.RemoteUptimeClock update
INFO: Latency: 31,0000 s, Delta ratio: 0,5000, Drift: 2,000, Error reduction coefficient: 0,000, Error: 0,0000 s
abr 04, 2013 12:33:17 PM org.ros.time.RemoteUptimeClock update
INFO: Latency: 31,0000 s, Delta ratio: 0,5000, Drift: 2,000, Error reduction coefficient: 0,000, Error: 0,0000 s
abr 04, 2013 12:33:17 PM org.ros.time.RemoteUptimeClock update
INFO: Latency: 31,0000 s, Delta ratio: 0,5000, Drift: 2,000, Error reduction coefficient: 0,000, Error: 0,0000 s
abr 04, 2013 12:33:17 PM org.ros.time.RemoteUptimeClock update
INFO: Latency: 31,0000 s, Delta ratio: 0,5000, Drift: 2,000, Error reduction coefficient: 0,000, Error: 0,0000 s
abr 04, 2013 12:33:17 PM org.ros.time.RemoteUptimeClock update
INFO: Latency: 31,0000 s, Delta ratio: 0,5000, Drift: 2,000, Error reduction coefficient: 0,000, Error: 0,0000 s
abr 04, 2013 12:33:17 PM org.ros.time.RemoteUptimeClock update
INFO: Latency: 31,0000 s, Delta ratio: 0,5000, Drift: 2,000, Error reduction coefficient: 0,000, Error: 0,0000 s
abr 04, 2013 12:33:17 PM org.ros.time.RemoteUptimeClock update
INFO: Latency: 31,0000 s, Delta ratio: 0,5000, Drift: 2,000, Error reduction coefficient: 0,000, Error: 0,0000 s
abr 04, 2013 12:33:17 PM org.ros.time.RemoteUptimeClock update
INFO: Latency: 31,0000 s, Delta ratio: 0,5000, Drift: 2,000, Error reduction coefficient: 0,000, Error: 0,0000 s
abr 04, 2013 12:33:17 PM org.ros.time.RemoteUptimeClock update
INFO: Latency: 31,0000 s, Delta ratio: 0,5000, Drift: 2,000, Error reduction coefficient: 0,000, Error: 0,0000 s
abr 04, 2013 12:33:17 PM org.ros.time.RemoteUptimeClock update
INFO: Latency: 31,0000 s, Delta ratio: 0,5000, Drift: 2,000, Error reduction coefficient: 0,000, Error: 0,0000 s
abr 04, 2013 12:33:17 PM org.ros.time.RemoteUptimeClock update
INFO: Latency: 31,0000 s, Delta ratio: 0,5000, Drift: 2,000, Error reduction coefficient: 0,000, Error: 0,0000 s
abr 04, 2013 12:33:17 PM org.ros.time.RemoteUptimeClock update
INFO: Latency: 31,0000 s, Delta ratio: 0,5000, Drift: 2,000, Error reduction coefficient: 0,000, Error: 0,0000 s
abr 04, 2013 12:33:17 PM org.ros.time.RemoteUptimeClock update
INFO: Latency: 31,0000 s, Delta ratio: 0,5000, Drift: 2,000, Error reduction coefficient: 0,000, Error: 0,0000 s
abr 04, 2013 12:33:17 PM org.ros.time.RemoteUptimeClock update
INFO: Latency: 31,0000 s, Delta ratio: 0,5000, Drift: 2,000, Error reduction coefficient: 0,000, Error: 0,0000 s
abr 04, 2013 12:33:17 PM org.ros.time.RemoteUptimeClock update
INFO: Latency: 31,0000 s, Delta ratio: 0,5000, Drift: 2,000, Error reduction coefficient: 0,000, Error: 0,0000 s
abr 04, 2013 12:33:17 PM org.ros.time.RemoteUptimeClock update
INFO: Latency: 31,0000 s, Delta ratio: 0,5000, Drift: 2,000, Error reduction coefficient: 0,000, Error: 0,0000 s
abr 04, 2013 12:33:17 PM org.ros.time.RemoteUptimeClock update
INFO: Latency: 31,0000 s, Delta ratio: 0,5000, Drift: 2,000, Error reduction coefficient: 0,000, Error: 0,0000 s
abr 04, 2013 12:33:17 PM org.ros.time.RemoteUptimeClock update
INFO: Latency: 31,0000 s, Delta ratio: 0,5000, Drift: 2,000, Error reduction coefficient: 0,000, Error: 0,0000 s
abr 04, 2013 12:33:17 PM org.ros.time.RemoteUptimeClock update
INFO: Latency: 31,0000 s, Delta ratio: 0,5000, Drift: 2,000, Error reduction coefficient: 0,000, Error: 0,0000 s
abr 04, 2013 12:33:17 PM org.ros.time.RemoteUptimeClock update
INFO: Latency: 31,0000 s, Delta ratio: 0,5000, Drift: 2,000, Error reduction coefficient: 0,000, Error: 0,0000 s
abr 04, 2013 12:33:17 PM org.ros.time.RemoteUptimeClock update
INFO: Latency: 31,0000 s, Delta ratio: 0,5000, Drift: 2,000, Error reduction coefficient: 0,000, Error: 0,0000 s
abr 04, 2013 12:33:17 PM org.ros.time.RemoteUptimeClock update
INFO: Latency: 31,0000 s, Delta ratio: 0,5000, Drift: 2,000, Error reduction coefficient: 0,000, Error: 0,0000 s
abr 04, 2013 12:33:17 PM org.ros.time.RemoteUptimeClock update
INFO: Latency: 31,0000 s, Delta ratio: 0,5000, Drift: 2,000, Error reduction coefficient: 0,000, Error: 0,0000 s
abr 04, 2013 12:33:17 PM org.ros.time.RemoteUptimeClock update
INFO: Latency: 31,0000 s, Delta ratio: 0,5000, Drift: 2,000, Error reduction coefficient: 0,000, Error: 0,0000 s
abr 04, 2013 12:33:17 PM org.ros.time.RemoteUptimeClock update
INFO: Latency: 31,0000 s, Delta ratio: 0,5000, Drift: 2,000, Error reduction coefficient: 0,000, Error: 0,0000 s
abr 04, 2013 12:33:17 PM org.ros.time.RemoteUptimeClock update
INFO: Latency: 31,0000 s, Delta ratio: 0,5000, Drift: 2,000, Error reduction coefficient: 0,000, Error: 0,0000 s
abr 04, 2013 12:33:17 PM org.ros.time.RemoteUptimeClock update
INFO: Latency: 31,0000 s, Delta ratio: 0,5000, Drift: 2,000, Error reduction coefficient: 0,000, Error: 0,0000 s
abr 04, 2013 12:33:17 PM org.ros.time.RemoteUptimeClock update
INFO: Latency: 31,0000 s, Delta ratio: 0,5000, Drift: 2,000, Error reduction coefficient: 0,000, Error: 0,0000 s
abr 04, 2013 12:33:17 PM org.ros.time.RemoteUptimeClock update
INFO: Latency: 31,0000 s, Delta ratio: 0,5000, Drift: 2,000, Error reduction coefficient: 0,000, Error: 0,0000 s
abr 04, 2013 12:33:17 PM org.ros.time.RemoteUptimeClock update
INFO: Latency: 31,0000 s, Delta ratio: 0,5000, Drift: 2,000, Error reduction coefficient: 0,000, Error: 0,0000 s
abr 04, 2013 12:33:17 PM org.ros.time.RemoteUptimeClock update
INFO: Latency: 31,0000 s, Delta ratio: 0,5000, Drift: 2,000, Error reduction coefficient: 0,000, Error: 0,0000 s
abr 04, 2013 12:33:17 PM org.ros.time.RemoteUptimeClock update
INFO: Latency: 31,0000 s, Delta ratio: 0,5000, Drift: 2,000, Error reduction coefficient: 0,000, Error: 0,0000 s
abr 04, 2013 12:33:17 PM org.ros.time.RemoteUptimeClock update
INFO: Latency: 31,0000 s, Delta ratio: 0,5000, Drift: 2,000, Error reduction coefficient: 0,000, Error: 0,0000 s
abr 04, 2013 12:33:17 PM org.ros.time.RemoteUptimeClock update
INFO: Latency: 31,0000 s, Delta ratio: 0,5000, Drift: 2,000, Error reduction coefficient: 0,000, Error: 0,0000 s
abr 04, 2013 12:33:17 PM org.ros.time.RemoteUptimeClock update
INFO: Latency: 31,0000 s, Delta ratio: 0,5000, Drift: 2,000, Error reduction coefficient: 0,000, Error: 0,0000 s
abr 04, 2013 12:33:17 PM org.ros.time.RemoteUptimeClock update
INFO: Latency: 31,0000 s, Delta ratio: 0,5000, Drift: 2,000, Error reduction coefficient: 0,000, Error: 0,0000 s
abr 04, 2013 12:33:17 PM org.ros.time.RemoteUptimeClock update
INFO: Latency: 31,0000 s, Delta ratio: 0,5000, Drift: 2,000, Error reduction coefficient: 0,000, Error: 0,0000 s
abr 04, 2013 12:33:17 PM org.ros.time.RemoteUptimeClock update
INFO: Latency: 31,0000 s, Delta ratio: 0,5000, Drift: 2,000, Error reduction coefficient: 0,000, Error: 0,0000 s
abr 04, 2013 12:33:17 PM org.ros.time.RemoteUptimeClock update
INFO: Latency: 31,0000 s, Delta ratio: 0,5000, Drift: 2,000, Error reduction coefficient: 0,000, Error: 0,0000 s
abr 04, 2013 12:33:17 PM org.ros.time.RemoteUptimeClock update
INFO: Latency: 31,0000 s, Delta ratio: 0,5000, Drift: 2,000, Error reduction coefficient: 0,000, Error: 0,0000 s
abr 04, 2013 12:33:17 PM org.ros.time.RemoteUptimeClock update
INFO: Latency: 31,0000 s, Delta ratio: 0,5000, Drift: 2,000, Error reduction coefficient: 0,000, Error: 0,0000 s
abr 04, 2013 12:33:17 PM org.ros.time.RemoteUptimeClock update
INFO: Latency: 31,0000 s, Delta ratio: 0,5000, Drift: 2,000, Error reduction coefficient: 0,000, Error: 0,0000 s
abr 04, 2013 12:33:17 PM org.ros.time.RemoteUptimeClock update
INFO: Latency: 31,0000 s, Delta ratio: 0,5000, Drift: 2,000, Error reduction coefficient: 0,000, Error: 0,0000 s
abr 04, 2013 12:33:17 PM org.ros.time.RemoteUptimeClock update
INFO: Latency: 31,0000 s, Delta ratio: 0,5000, Drift: 2,000, Error reduction coefficient: 0,000, Error: 0,0000 s
abr 04, 2013 12:33:17 PM org.ros.time.RemoteUptimeClock update
INFO: Latency: 31,0000 s, Delta ratio: 0,5000, Drift: 2,000, Error reduction coefficient: 0,000, Error: 0,0000 s
abr 04, 2013 12:33:17 PM org.ros.time.RemoteUptimeClock update
INFO: Latency: 31,0000 s, Delta ratio: 0,5000, Drift: 2,000, Error reduction coefficient: 0,000, Error: 0,0000 s
abr 04, 2013 12:33:17 PM org.ros.time.RemoteUptimeClock update
INFO: Latency: 31,0000 s, Delta ratio: 0,5000, Drift: 2,000, Error reduction coefficient: 0,000, Error: 0,0000 s
abr 04, 2013 12:33:17 PM org.ros.time.RemoteUptimeClock update
INFO: Latency: 31,0000 s, Delta ratio: 0,5000, Drift: 2,000, Error reduction coefficient: 0,000, Error: 0,0000 s
abr 04, 2013 12:33:17 PM org.ros.time.RemoteUptimeClock update
INFO: Latency: 31,0000 s, Delta ratio: 0,5000, Drift: 2,000, Error reduction coefficient: 0,000, Error: 0,0000 s
abr 04, 2013 12:33:17 PM org.ros.time.RemoteUptimeClock update
INFO: Latency: 31,0000 s, Delta ratio: 0,5000, Drift: 2,000, Error reduction coefficient: 0,000, Error: 0,0000 s
abr 04, 2013 12:33:17 PM org.ros.time.RemoteUptimeClock update
INFO: Latency: 31,0000 s, Delta ratio: 0,5000, Drift: 2,000, Error reduction coefficient: 0,000, Error: 0,0000 s
abr 04, 2013 12:33:17 PM org.ros.time.RemoteUptimeClock update
INFO: Latency: 31,0000 s, Delta ratio: 0,5000, Drift: 2,000, Error reduction coefficient: 0,000, Error: 0,0000 s
abr 04, 2013 12:33:17 PM org.ros.time.RemoteUptimeClock update
INFO: Latency: 31,0000 s, Delta ratio: 0,5000, Drift: 2,000, Error reduction coefficient: 0,000, Error: 0,0000 s
abr 04, 2013 12:33:17 PM org.ros.time.RemoteUptimeClock update
INFO: Latency: 31,0000 s, Delta ratio: 0,5000, Drift: 2,000, Error reduction coefficient: 0,000, Error: 0,0000 s
abr 04, 2013 12:33:17 PM org.ros.time.RemoteUptimeClock update
INFO: Latency: 31,0000 s, Delta ratio: 0,5000, Drift: 2,000, Error reduction coefficient: 0,000, Error: 0,0000 s
abr 04, 2013 12:33:17 PM org.ros.time.RemoteUptimeClock update
INFO: Latency: 31,0000 s, Delta ratio: 0,5000, Drift: 2,000, Error reduction coefficient: 0,000, Error: 0,0000 s
abr 04, 2013 12:33:17 PM org.ros.time.RemoteUptimeClock update
INFO: Latency: 31,0000 s, Delta ratio: 0,5000, Drift: 2,000, Error reduction coefficient: 0,000, Error: 0,0000 s
abr 04, 2013 12:33:17 PM org.ros.time.RemoteUptimeClock update
INFO: Latency: 31,0000 s, Delta ratio: 0,5000, Drift: 2,000, Error reduction coefficient: 0,000, Error: 0,0000 s
abr 04, 2013 12:33:17 PM org.ros.time.RemoteUptimeClock update
INFO: Latency: 31,0000 s, Delta ratio: 0,5000, Drift: 2,000, Error reduction coefficient: 0,000, Error: 0,0000 s
abr 04, 2013 12:33:17 PM org.ros.time.RemoteUptimeClock update
INFO: Latency: 31,0000 s, Delta ratio: 0,5000, Drift: 2,000, Error reduction coefficient: 0,000, Error: 0,0000 s
abr 04, 2013 12:33:17 PM org.ros.time.RemoteUptimeClock update
INFO: Latency: 31,0000 s, Delta ratio: 0,5000, Drift: 2,000, Error reduction coefficient: 0,000, Error: 0,0000 s
abr 04, 2013 12:33:17 PM org.ros.time.RemoteUptimeClock update
INFO: Latency: 31,0000 s, Delta ratio: 0,5000, Drift: 2,000, Error reduction coefficient: 0,000, Error: 0,0000 s
abr 04, 2013 12:33:17 PM org.ros.time.RemoteUptimeClock update
INFO: Latency: 31,0000 s, Delta ratio: 0,5000, Drift: 2,000, Error reduction coefficient: 0,000, Error: 0,0000 s
abr 04, 2013 12:33:17 PM org.ros.time.RemoteUptimeClock update
INFO: Latency: 31,0000 s, Delta ratio: 0,5000, Drift: 2,000, Error reduction coefficient: 0,000, Error: 0,0000 s
abr 04, 2013 12:33:17 PM org.ros.time.RemoteUptimeClock update
INFO: Latency: 31,0000 s, Delta ratio: 0,5000, Drift: 2,000, Error reduction coefficient: 0,000, Error: 0,0000 s
abr 04, 2013 12:33:17 PM org.ros.time.RemoteUptimeClock update
INFO: Latency: 31,0000 s, Delta ratio: 0,5000, Drift: 2,000, Error reduction coefficient: 0,000, Error: 0,0000 s
abr 04, 2013 12:33:17 PM org.ros.time.RemoteUptimeClock update
INFO: Latency: 31,0000 s, Delta ratio: 0,5000, Drift: 2,000, Error reduction coefficient: 0,000, Error: 0,0000 s
abr 04, 2013 12:33:17 PM org.ros.time.RemoteUptimeClock update
INFO: Latency: 31,0000 s, Delta ratio: 0,5000, Drift: 2,000, Error reduction coefficient: 0,000, Error: 0,0000 s
abr 04, 2013 12:33:17 PM org.ros.time.RemoteUptimeClock update
INFO: Latency: 31,0000 s, Delta ratio: 0,5000, Drift: 2,000, Error reduction coefficient: 0,000, Error: 0,0000 s
abr 04, 2013 12:33:17 PM org.ros.time.RemoteUptimeClock update
INFO: Latency: 31,0000 s, Delta ratio: 0,5000, Drift: 2,000, Error reduction coefficient: 0,000, Error: 0,0000 s
abr 04, 2013 12:33:17 PM org.ros.time.RemoteUptimeClock update
INFO: Latency: 31,0000 s, Delta ratio: 0,5000, Drift: 2,000, Error reduction coefficient: 0,000, Error: 0,0000 s
abr 04, 2013 12:33:17 PM org.ros.time.RemoteUptimeClock update
INFO: Latency: 31,0000 s, Delta ratio: 0,5000, Drift: 2,000, Error reduction coefficient: 0,000, Error: 0,0000 s
abr 04, 2013 12:33:17 PM org.ros.time.RemoteUptimeClock update
INFO: Latency: 31,0000 s, Delta ratio: 0,5000, Drift: 2,000, Error reduction coefficient: 0,000, Error: 0,0000 s
abr 04, 2013 12:33:17 PM org.ros.time.RemoteUptimeClock update
INFO: Latency: 31,0000 s, Delta ratio: 0,5000, Drift: 2,000, Error reduction coefficient: 0,000, Error: 0,0000 s
abr 04, 2013 12:33:17 PM org.ros.time.RemoteUptimeClock update
INFO: Latency: 31,0000 s, Delta ratio: 0,5000, Drift: 2,000, Error reduction coefficient: 0,000, Error: 0,0000 s
abr 04, 2013 12:33:17 PM org.ros.time.RemoteUptimeClock update
INFO: Latency: 31,0000 s, Delta ratio: 0,5000, Drift: 2,000, Error reduction coefficient: 0,000, Error: 0,0000 s
abr 04, 2013 12:33:17 PM org.ros.time.RemoteUptimeClock update
INFO: Latency: 31,0000 s, Delta ratio: 0,5000, Drift: 2,000, Error reduction coefficient: 0,000, Error: 0,0000 s
abr 04, 2013 12:33:17 PM org.ros.time.RemoteUptimeClock update
INFO: Latency: 31,0000 s, Delta ratio: 0,5000, Drift: 2,000, Error reduction coefficient: 0,000, Error: 0,0000 s
abr 04, 2013 12:33:17 PM org.ros.time.RemoteUptimeClock update
INFO: Latency: 31,0000 s, Delta ratio: 0,5000, Drift: 2,000, Error reduction coefficient: 0,000, Error: 0,0000 s
abr 04, 2013 12:33:17 PM org.ros.time.RemoteUptimeClock update
INFO: Latency: 31,0000 s, Delta ratio: 0,5000, Drift: 2,000, Error reduction coefficient: 0,000, Error: 0,0000 s
abr 04, 2013 12:33:17 PM org.ros.time.RemoteUptimeClock update
INFO: Latency: 31,0000 s, Delta ratio: 0,5000, Drift: 2,000, Error reduction coefficient: 0,000, Error: 0,0000 s
abr 04, 2013 12:33:17 PM org.ros.time.RemoteUptimeClock update
INFO: Latency: 31,0000 s, Delta ratio: 0,5000, Drift: 2,000, Error reduction coefficient: 0,000, Error: 0,0000 s
abr 04, 2013 12:33:17 PM org.ros.time.RemoteUptimeClock update
INFO: Latency: 31,0000 s, Delta ratio: 0,5000, Drift: 2,000, Error reduction coefficient: 0,000, Error: 0,0000 s
abr 04, 2013 12:33:17 PM org.ros.time.RemoteUptimeClock update
INFO: Latency: 31,0000 s, Delta ratio: 0,5000, Drift: 2,000, Error reduction coefficient: 0,000, Error: 0,0000 s
abr 04, 2013 12:33:17 PM org.ros.time.RemoteUptimeClock update
INFO: Latency: 31,0000 s, Delta ratio: 0,5000, Drift: 2,000, Error reduction coefficient: 0,000, Error: 0,0000 s
abr 04, 2013 12:33:17 PM org.ros.time.RemoteUptimeClock update
INFO: Latency: 31,0000 s, Delta ratio: 0,5000, Drift: 2,000, Error reduction coefficient: 0,000, Error: 0,0000 s
abr 04, 2013 12:33:17 PM org.ros.time.RemoteUptimeClock update
INFO: Latency: 31,0000 s, Delta ratio: 0,5000, Drift: 2,000, Error reduction coefficient: 0,000, Error: 0,0000 s
abr 04, 2013 12:33:17 PM org.ros.time.RemoteUptimeClock update
INFO: Latency: 31,0000 s, Delta ratio: 0,5000, Drift: 2,000, Error reduction coefficient: 0,000, Error: 0,0000 s
abr 04, 2013 12:33:17 PM org.ros.time.RemoteUptimeClock update
INFO: Latency: 31,0000 s, Delta ratio: 0,5000, Drift: 2,000, Error reduction coefficient: 0,000, Error: 0,0000 s
abr 04, 2013 12:33:17 PM org.ros.time.RemoteUptimeClock update
INFO: Latency: 31,0000 s, Delta ratio: 0,5000, Drift: 2,000, Error reduction coefficient: 0,000, Error: 0,0000 s
abr 04, 2013 12:33:17 PM org.ros.time.RemoteUptimeClock update
INFO: Latency: 31,0000 s, Delta ratio: 0,5000, Drift: 2,000, Error reduction coefficient: 0,000, Error: 0,0000 s
abr 04, 2013 12:33:17 PM org.ros.time.RemoteUptimeClock update
INFO: Latency: 31,0000 s, Delta ratio: 0,5000, Drift: 2,000, Error reduction coefficient: 0,000, Error: 0,0000 s
abr 04, 2013 12:33:17 PM org.ros.time.RemoteUptimeClock update
INFO: Latency: 31,0000 s, Delta ratio: 0,5000, Drift: 2,000, Error reduction coefficient: 0,000, Error: 0,0000 s
abr 04, 2013 12:33:17 PM org.ros.time.RemoteUptimeClock update
INFO: Latency: 31,0000 s, Delta ratio: 0,5000, Drift: 2,000, Error reduction coefficient: 0,000, Error: 0,0000 s
abr 04, 2013 12:33:17 PM org.ros.time.RemoteUptimeClock update
INFO: Latency: 31,0000 s, Delta ratio: 0,5000, Drift: 2,000, Error reduction coefficient: 0,000, Error: 0,0000 s
abr 04, 2013 12:33:17 PM org.ros.time.RemoteUptimeClock update
INFO: Latency: 31,0000 s, Delta ratio: 0,5000, Drift: 2,000, Error reduction coefficient: 0,000, Error: 0,0000 s
abr 04, 2013 12:33:17 PM org.ros.time.RemoteUptimeClock update
INFO: Latency: 31,0000 s, Delta ratio: 0,5000, Drift: 2,000, Error reduction coefficient: 0,000, Error: 0,0000 s
abr 04, 2013 12:33:17 PM org.ros.time.RemoteUptimeClock update
INFO: Latency: 31,0000 s, Delta ratio: 0,5000, Drift: 2,000, Error reduction coefficient: 0,000, Error: 0,0000 s
abr 04, 2013 12:33:17 PM org.ros.time.RemoteUptimeClock update
INFO: Latency: 31,0000 s, Delta ratio: 0,5000, Drift: 2,000, Error reduction coefficient: 0,000, Error: 0,0000 s
abr 04, 2013 12:33:17 PM org.ros.time.RemoteUptimeClock update
INFO: Latency: 31,0000 s, Delta ratio: 0,5000, Drift: 2,000, Error reduction coefficient: 0,000, Error: 0,0000 s
abr 04, 2013 12:33:17 PM org.ros.time.RemoteUptimeClock update
INFO: Latency: 31,0000 s, Delta ratio: 0,5000, Drift: 2,000, Error reduction coefficient: 0,000, Error: 0,0000 s
abr 04, 2013 12:33:17 PM org.ros.time.RemoteUptimeClock update
INFO: Latency: 31,0000 s, Delta ratio: 0,5000, Drift: 2,000, Error reduction coefficient: 0,000, Error: 0,0000 s
abr 04, 2013 12:33:17 PM org.ros.time.RemoteUptimeClock update
INFO: Latency: 31,0000 s, Delta ratio: 0,5000, Drift: 2,000, Error reduction coefficient: 0,000, Error: 0,0000 s
abr 04, 2013 12:33:17 PM org.ros.time.RemoteUptimeClock update
INFO: Latency: 31,0000 s, Delta ratio: 0,5000, Drift: 2,000, Error reduction coefficient: 0,000, Error: 0,0000 s
abr 04, 2013 12:33:17 PM org.ros.time.RemoteUptimeClock update
INFO: Latency: 31,0000 s, Delta ratio: 0,5000, Drift: 2,000, Error reduction coefficient: 0,000, Error: 0,0000 s
abr 04, 2013 12:33:17 PM org.ros.time.RemoteUptimeClock update
INFO: Latency: 31,0000 s, Delta ratio: 0,5000, Drift: 2,000, Error reduction coefficient: 0,000, Error: 0,0000 s
abr 04, 2013 12:33:17 PM org.ros.time.RemoteUptimeClock update
INFO: Latency: 31,0000 s, Delta ratio: 0,5000, Drift: 2,000, Error reduction coefficient: 0,000, Error: 0,0000 s
abr 04, 2013 12:33:17 PM org.ros.time.RemoteUptimeClock update
INFO: Latency: 31,0000 s, Delta ratio: 0,5000, Drift: 2,000, Error reduction coefficient: 0,000, Error: 0,0000 s
abr 04, 2013 12:33:17 PM org.ros.time.RemoteUptimeClock update
INFO: Latency: 31,0000 s, Delta ratio: 0,5000, Drift: 2,000, Error reduction coefficient: 0,000, Error: 0,0000 s
abr 04, 2013 12:33:17 PM org.ros.time.RemoteUptimeClock update
INFO: Latency: 31,0000 s, Delta ratio: 0,5000, Drift: 2,000, Error reduction coefficient: 0,000, Error: 0,0000 s
abr 04, 2013 12:33:17 PM org.ros.time.RemoteUptimeClock update
INFO: Latency: 31,0000 s, Delta ratio: 0,5000, Drift: 2,000, Error reduction coefficient: 0,000, Error: 0,0000 s
abr 04, 2013 12:33:17 PM org.ros.time.RemoteUptimeClock update
INFO: Latency: 31,0000 s, Delta ratio: 0,5000, Drift: 2,000, Error reduction coefficient: 0,000, Error: 0,0000 s
abr 04, 2013 12:33:17 PM org.ros.time.RemoteUptimeClock update
INFO: Latency: 31,0000 s, Delta ratio: 0,5000, Drift: 2,000, Error reduction coefficient: 0,000, Error: 0,0000 s
abr 04, 2013 12:33:17 PM org.ros.time.RemoteUptimeClock update
INFO: Latency: 31,0000 s, Delta ratio: 0,5000, Drift: 2,000, Error reduction coefficient: 0,000, Error: 0,0000 s
abr 04, 2013 12:33:17 PM org.ros.time.RemoteUptimeClock update
INFO: Latency: 31,0000 s, Delta ratio: 0,5000, Drift: 2,000, Error reduction coefficient: 0,000, Error: 0,0000 s
abr 04, 2013 12:33:17 PM org.ros.time.RemoteUptimeClock update
INFO: Latency: 31,0000 s, Delta ratio: 0,5000, Drift: 2,000, Error reduction coefficient: 0,000, Error: 0,0000 s
abr 04, 2013 12:33:17 PM org.ros.time.RemoteUptimeClock update
INFO: Latency: 31,0000 s, Delta ratio: 0,5000, Drift: 2,000, Error reduction coefficient: 0,000, Error: 0,0000 s
abr 04, 2013 12:33:17 PM org.ros.time.RemoteUptimeClock update
INFO: Latency: 31,0000 s, Delta ratio: 0,5000, Drift: 2,000, Error reduction coefficient: 0,000, Error: 0,0000 s
abr 04, 2013 12:33:17 PM org.ros.time.RemoteUptimeClock update
INFO: Latency: 31,0000 s, Delta ratio: 0,5000, Drift: 2,000, Error reduction coefficient: 0,000, Error: 0,0000 s
abr 04, 2013 12:33:17 PM org.ros.time.RemoteUptimeClock update
INFO: Latency: 31,0000 s, Delta ratio: 0,5000, Drift: 2,000, Error reduction coefficient: 0,000, Error: 0,0000 s
abr 04, 2013 12:33:17 PM org.ros.time.RemoteUptimeClock update
INFO: Latency: 31,0000 s, Delta ratio: 0,5000, Drift: 2,000, Error reduction coefficient: 0,000, Error: 0,0000 s
abr 04, 2013 12:33:17 PM org.ros.time.RemoteUptimeClock update
INFO: Latency: 31,0000 s, Delta ratio: 0,5000, Drift: 2,000, Error reduction coefficient: 0,000, Error: 0,0000 s
abr 04, 2013 12:33:17 PM org.ros.time.RemoteUptimeClock update
INFO: Latency: 31,0000 s, Delta ratio: 0,5000, Drift: 2,000, Error reduction coefficient: 0,000, Error: 0,0000 s
abr 04, 2013 12:33:17 PM org.ros.time.RemoteUptimeClock update
INFO: Latency: 31,0000 s, Delta ratio: 0,5000, Drift: 2,000, Error reduction coefficient: 0,000, Error: 0,0000 s
abr 04, 2013 12:33:17 PM org.ros.time.RemoteUptimeClock update
INFO: Latency: 31,0000 s, Delta ratio: 0,5000, Drift: 2,000, Error reduction coefficient: 0,000, Error: 0,0000 s
abr 04, 2013 12:33:17 PM org.ros.time.RemoteUptimeClock update
INFO: Latency: 31,0000 s, Delta ratio: 0,5000, Drift: 2,000, Error reduction coefficient: 0,000, Error: 0,0000 s
abr 04, 2013 12:33:17 PM org.ros.time.RemoteUptimeClock update
INFO: Latency: 31,0000 s, Delta ratio: 0,5000, Drift: 2,000, Error reduction coefficient: 0,000, Error: 0,0000 s
abr 04, 2013 12:33:17 PM org.ros.time.RemoteUptimeClock update
INFO: Latency: 31,0000 s, Delta ratio: 0,5000, Drift: 2,000, Error reduction coefficient: 0,000, Error: 0,0000 s
abr 04, 2013 12:33:17 PM org.ros.time.RemoteUptimeClock update
INFO: Latency: 31,0000 s, Delta ratio: 0,5000, Drift: 2,000, Error reduction coefficient: 0,000, Error: 0,0000 s
abr 04, 2013 12:33:17 PM org.ros.time.RemoteUptimeClock update
INFO: Latency: 31,0000 s, Delta ratio: 0,5000, Drift: 2,000, Error reduction coefficient: 0,000, Error: 0,0000 s
abr 04, 2013 12:33:17 PM org.ros.time.RemoteUptimeClock update
INFO: Latency: 31,0000 s, Delta ratio: 0,5000, Drift: 2,000, Error reduction coefficient: 0,000, Error: 0,0000 s
abr 04, 2013 12:33:17 PM org.ros.time.RemoteUptimeClock update
INFO: Latency: 31,0000 s, Delta ratio: 0,5000, Drift: 2,000, Error reduction coefficient: 0,000, Error: 0,0000 s
abr 04, 2013 12:33:17 PM org.ros.time.RemoteUptimeClock update
INFO: Latency: 31,0000 s, Delta ratio: 0,5000, Drift: 2,000, Error reduction coefficient: 0,000, Error: 0,0000 s
abr 04, 2013 12:33:17 PM org.ros.time.RemoteUptimeClock update
INFO: Latency: 31,0000 s, Delta ratio: 0,5000, Drift: 2,000, Error reduction coefficient: 0,000, Error: 0,0000 s
abr 04, 2013 12:33:17 PM org.ros.time.RemoteUptimeClock update
INFO: Latency: 31,0000 s, Delta ratio: 0,5000, Drift: 2,000, Error reduction coefficient: 0,000, Error: 0,0000 s
abr 04, 2013 12:33:17 PM org.ros.time.RemoteUptimeClock update
INFO: Latency: 31,0000 s, Delta ratio: 0,5000, Drift: 2,000, Error reduction coefficient: 0,000, Error: 0,0000 s
abr 04, 2013 12:33:17 PM org.ros.time.RemoteUptimeClock update
INFO: Latency: 31,0000 s, Delta ratio: 0,5000, Drift: 2,000, Error reduction coefficient: 0,000, Error: 0,0000 s
abr 04, 2013 12:33:17 PM org.ros.time.RemoteUptimeClock update
INFO: Latency: 31,0000 s, Delta ratio: 0,5000, Drift: 2,000, Error reduction coefficient: 0,000, Error: 0,0000 s
abr 04, 2013 12:33:17 PM org.ros.time.RemoteUptimeClock update
INFO: Latency: 31,0000 s, Delta ratio: 0,5000, Drift: 2,000, Error reduction coefficient: 0,000, Error: 0,0000 s
abr 04, 2013 12:33:17 PM org.ros.time.RemoteUptimeClock update
INFO: Latency: 31,0000 s, Delta ratio: 0,5000, Drift: 2,000, Error reduction coefficient: 0,000, Error: 0,0000 s
abr 04, 2013 12:33:17 PM org.ros.time.RemoteUptimeClock update
INFO: Latency: 31,0000 s, Delta ratio: 0,5000, Drift: 2,000, Error reduction coefficient: 0,000, Error: 0,0000 s
abr 04, 2013 12:33:17 PM org.ros.time.RemoteUptimeClock update
INFO: Latency: 31,0000 s, Delta ratio: 0,5000, Drift: 2,000, Error reduction coefficient: 0,000, Error: 0,0000 s
abr 04, 2013 12:33:17 PM org.ros.time.RemoteUptimeClock update
INFO: Latency: 31,0000 s, Delta ratio: 0,5000, Drift: 2,000, Error reduction coefficient: 0,000, Error: 0,0000 s
abr 04, 2013 12:33:17 PM org.ros.time.RemoteUptimeClock update
INFO: Latency: 31,0000 s, Delta ratio: 0,5000, Drift: 2,000, Error reduction coefficient: 0,000, Error: 0,0000 s
abr 04, 2013 12:33:17 PM org.ros.time.RemoteUptimeClock update
INFO: Latency: 31,0000 s, Delta ratio: 0,5000, Drift: 2,000, Error reduction coefficient: 0,000, Error: 0,0000 s
abr 04, 2013 12:33:17 PM org.ros.time.RemoteUptimeClock update
INFO: Latency: 31,0000 s, Delta ratio: 0,5000, Drift: 2,000, Error reduction coefficient: 0,000, Error: 0,0000 s
abr 04, 2013 12:33:17 PM org.ros.time.RemoteUptimeClock update
INFO: Latency: 31,0000 s, Delta ratio: 0,5000, Drift: 2,000, Error reduction coefficient: 0,000, Error: 0,0000 s
abr 04, 2013 12:33:17 PM org.ros.time.RemoteUptimeClock update
INFO: Latency: 31,0000 s, Delta ratio: 0,5000, Drift: 2,000, Error reduction coefficient: 0,000, Error: 0,0000 s
abr 04, 2013 12:33:17 PM org.ros.time.RemoteUptimeClock update
INFO: Latency: 31,0000 s, Delta ratio: 0,5000, Drift: 2,000, Error reduction coefficient: 0,000, Error: 0,0000 s
abr 04, 2013 12:33:17 PM org.ros.time.RemoteUptimeClock update
INFO: Latency: 31,0000 s, Delta ratio: 0,5000, Drift: 2,000, Error reduction coefficient: 0,000, Error: 0,0000 s
abr 04, 2013 12:33:17 PM org.ros.time.RemoteUptimeClock update
INFO: Latency: 31,0000 s, Delta ratio: 0,5000, Drift: 2,000, Error reduction coefficient: 0,000, Error: 0,0000 s
abr 04, 2013 12:33:17 PM org.ros.time.RemoteUptimeClock update
INFO: Latency: 31,0000 s, Delta ratio: 0,5000, Drift: 2,000, Error reduction coefficient: 0,000, Error: 0,0000 s
abr 04, 2013 12:33:17 PM org.ros.time.RemoteUptimeClock update
INFO: Latency: 31,0000 s, Delta ratio: 0,5000, Drift: 2,000, Error reduction coefficient: 0,000, Error: 0,0000 s
abr 04, 2013 12:33:17 PM org.ros.time.RemoteUptimeClock update
INFO: Latency: 31,0000 s, Delta ratio: 0,5000, Drift: 2,000, Error reduction coefficient: 0,000, Error: 0,0000 s
abr 04, 2013 12:33:17 PM org.ros.time.RemoteUptimeClock update
INFO: Latency: 31,0000 s, Delta ratio: 0,5000, Drift: 2,000, Error reduction coefficient: 0,000, Error: 0,0000 s
abr 04, 2013 12:33:17 PM org.ros.time.RemoteUptimeClock update
INFO: Latency: 31,0000 s, Delta ratio: 0,5000, Drift: 2,000, Error reduction coefficient: 0,000, Error: 0,0000 s
abr 04, 2013 12:33:17 PM org.ros.time.RemoteUptimeClock update
INFO: Latency: 31,0000 s, Delta ratio: 0,5000, Drift: 2,000, Error reduction coefficient: 0,000, Error: 0,0000 s
abr 04, 2013 12:33:17 PM org.ros.time.RemoteUptimeClock update
INFO: Latency: 31,0000 s, Delta ratio: 0,5000, Drift: 2,000, Error reduction coefficient: 0,000, Error: 0,0000 s
abr 04, 2013 12:33:17 PM org.ros.time.RemoteUptimeClock update
INFO: Latency: 31,0000 s, Delta ratio: 0,5000, Drift: 2,000, Error reduction coefficient: 0,000, Error: 0,0000 s
abr 04, 2013 12:33:17 PM org.ros.time.RemoteUptimeClock update
INFO: Latency: 31,0000 s, Delta ratio: 0,5000, Drift: 2,000, Error reduction coefficient: 0,000, Error: 0,0000 s
abr 04, 2013 12:33:17 PM org.ros.time.RemoteUptimeClock update
INFO: Latency: 31,0000 s, Delta ratio: 0,5000, Drift: 2,000, Error reduction coefficient: 0,000, Error: 0,0000 s
abr 04, 2013 12:33:17 PM org.ros.time.RemoteUptimeClock update
INFO: Latency: 31,0000 s, Delta ratio: 0,5000, Drift: 2,000, Error reduction coefficient: 0,000, Error: 0,0000 s
abr 04, 2013 12:33:17 PM org.ros.time.RemoteUptimeClock update
INFO: Latency: 31,0000 s, Delta ratio: 0,5000, Drift: 2,000, Error reduction coefficient: 0,000, Error: 0,0000 s
abr 04, 2013 12:33:17 PM org.ros.time.RemoteUptimeClock update
INFO: Latency: 31,0000 s, Delta ratio: 0,5000, Drift: 2,000, Error reduction coefficient: 0,000, Error: 0,0000 s
abr 04, 2013 12:33:17 PM org.ros.time.RemoteUptimeClock update
INFO: Latency: 31,0000 s, Delta ratio: 0,5000, Drift: 2,000, Error reduction coefficient: 0,000, Error: 0,0000 s
abr 04, 2013 12:33:17 PM org.ros.time.RemoteUptimeClock update
INFO: Latency: 31,0000 s, Delta ratio: 0,5000, Drift: 2,000, Error reduction coefficient: 0,000, Error: 0,0000 s
abr 04, 2013 12:33:17 PM org.ros.time.RemoteUptimeClock update
INFO: Latency: 31,0000 s, Delta ratio: 0,5000, Drift: 2,000, Error reduction coefficient: 0,000, Error: 0,0000 s
abr 04, 2013 12:33:17 PM org.ros.time.RemoteUptimeClock update
INFO: Latency: 31,0000 s, Delta ratio: 0,5000, Drift: 2,000, Error reduction coefficient: 0,000, Error: 0,0000 s
abr 04, 2013 12:33:17 PM org.ros.time.RemoteUptimeClock update
INFO: Latency: 31,0000 s, Delta ratio: 0,5000, Drift: 2,000, Error reduction coefficient: 0,000, Error: 0,0000 s
abr 04, 2013 12:33:17 PM org.ros.time.RemoteUptimeClock update
INFO: Latency: 31,0000 s, Delta ratio: 0,5000, Drift: 2,000, Error reduction coefficient: 0,000, Error: 0,0000 s
abr 04, 2013 12:33:17 PM org.ros.time.RemoteUptimeClock update
INFO: Latency: 31,0000 s, Delta ratio: 0,5000, Drift: 2,000, Error reduction coefficient: 0,000, Error: 0,0000 s
abr 04, 2013 12:33:17 PM org.ros.time.RemoteUptimeClock update
INFO: Latency: 31,0000 s, Delta ratio: 0,5000, Drift: 2,000, Error reduction coefficient: 0,000, Error: 0,0000 s
abr 04, 2013 12:33:17 PM org.ros.time.RemoteUptimeClock update
INFO: Latency: 31,0000 s, Delta ratio: 0,5000, Drift: 2,000, Error reduction coefficient: 0,000, Error: 0,0000 s
abr 04, 2013 12:33:17 PM org.ros.time.RemoteUptimeClock update
INFO: Latency: 31,0000 s, Delta ratio: 0,5000, Drift: 2,000, Error reduction coefficient: 0,000, Error: 0,0000 s
abr 04, 2013 12:33:17 PM org.ros.time.RemoteUptimeClock update
INFO: Latency: 31,0000 s, Delta ratio: 0,5000, Drift: 2,000, Error reduction coefficient: 0,000, Error: 0,0000 s
abr 04, 2013 12:33:17 PM org.ros.time.RemoteUptimeClock update
INFO: Latency: 31,0000 s, Delta ratio: 0,5000, Drift: 2,000, Error reduction coefficient: 0,000, Error: 0,0000 s
abr 04, 2013 12:33:17 PM org.ros.time.RemoteUptimeClock update
INFO: Latency: 31,0000 s, Delta ratio: 0,5000, Drift: 2,000, Error reduction coefficient: 0,000, Error: 0,0000 s
abr 04, 2013 12:33:17 PM org.ros.time.RemoteUptimeClock update
INFO: Latency: 31,0000 s, Delta ratio: 0,5000, Drift: 2,000, Error reduction coefficient: 0,000, Error: 0,0000 s
abr 04, 2013 12:33:17 PM org.ros.time.RemoteUptimeClock update
INFO: Latency: 31,0000 s, Delta ratio: 0,5000, Drift: 2,000, Error reduction coefficient: 0,000, Error: 0,0000 s
abr 04, 2013 12:33:17 PM org.ros.time.RemoteUptimeClock update
INFO: Latency: 31,0000 s, Delta ratio: 0,5000, Drift: 2,000, Error reduction coefficient: 0,000, Error: 0,0000 s
abr 04, 2013 12:33:17 PM org.ros.time.RemoteUptimeClock update
INFO: Latency: 31,0000 s, Delta ratio: 0,5000, Drift: 2,000, Error reduction coefficient: 0,000, Error: 0,0000 s
abr 04, 2013 12:33:17 PM org.ros.time.RemoteUptimeClock update
INFO: Latency: 31,0000 s, Delta ratio: 0,5000, Drift: 2,000, Error reduction coefficient: 0,000, Error: 0,0000 s
abr 04, 2013 12:33:17 PM org.ros.time.RemoteUptimeClock update
INFO: Latency: 31,0000 s, Delta ratio: 0,5000, Drift: 2,000, Error reduction coefficient: 0,000, Error: 0,0000 s
abr 04, 2013 12:33:17 PM org.ros.time.RemoteUptimeClock update
INFO: Latency: 31,0000 s, Delta ratio: 0,5000, Drift: 2,000, Error reduction coefficient: 0,000, Error: 0,0000 s
abr 04, 2013 12:33:17 PM org.ros.time.RemoteUptimeClock update
INFO: Latency: 31,0000 s, Delta ratio: 0,5000, Drift: 2,000, Error reduction coefficient: 0,000, Error: 0,0000 s
abr 04, 2013 12:33:17 PM org.ros.time.RemoteUptimeClock update
INFO: Latency: 31,0000 s, Delta ratio: 0,5000, Drift: 2,000, Error reduction coefficient: 0,000, Error: 0,0000 s
abr 04, 2013 12:33:17 PM org.ros.time.RemoteUptimeClock update
INFO: Latency: 31,0000 s, Delta ratio: 0,5000, Drift: 2,000, Error reduction coefficient: 0,000, Error: 0,0000 s
abr 04, 2013 12:33:17 PM org.ros.time.RemoteUptimeClock update
INFO: Latency: 31,0000 s, Delta ratio: 0,5000, Drift: 2,000, Error reduction coefficient: 0,000, Error: 0,0000 s
abr 04, 2013 12:33:17 PM org.ros.time.RemoteUptimeClock update
INFO: Latency: 31,0000 s, Delta ratio: 0,5000, Drift: 2,000, Error reduction coefficient: 0,000, Error: 0,0000 s
abr 04, 2013 12:33:17 PM org.ros.time.RemoteUptimeClock update
INFO: Latency: 31,0000 s, Delta ratio: 0,5000, Drift: 2,000, Error reduction coefficient: 0,000, Error: 0,0000 s
abr 04, 2013 12:33:17 PM org.ros.time.RemoteUptimeClock update
INFO: Latency: 31,0000 s, Delta ratio: 0,5000, Drift: 2,000, Error reduction coefficient: 0,000, Error: 0,0000 s
abr 04, 2013 12:33:17 PM org.ros.time.RemoteUptimeClock update
INFO: Latency: 31,0000 s, Delta ratio: 0,5000, Drift: 2,000, Error reduction coefficient: 0,000, Error: 0,0000 s
abr 04, 2013 12:33:17 PM org.ros.time.RemoteUptimeClock update
INFO: Latency: 31,0000 s, Delta ratio: 0,5000, Drift: 2,000, Error reduction coefficient: 0,000, Error: 0,0000 s
abr 04, 2013 12:33:17 PM org.ros.time.RemoteUptimeClock update
INFO: Latency: 31,0000 s, Delta ratio: 0,5000, Drift: 2,000, Error reduction coefficient: 0,000, Error: 0,0000 s
abr 04, 2013 12:33:17 PM org.ros.time.RemoteUptimeClock update
INFO: Latency: 31,0000 s, Delta ratio: 0,5000, Drift: 2,000, Error reduction coefficient: 0,000, Error: 0,0000 s
abr 04, 2013 12:33:17 PM org.ros.time.RemoteUptimeClock update
INFO: Latency: 31,0000 s, Delta ratio: 0,5000, Drift: 2,000, Error reduction coefficient: 0,000, Error: 0,0000 s
abr 04, 2013 12:33:17 PM org.ros.time.RemoteUptimeClock update
INFO: Latency: 31,0000 s, Delta ratio: 0,5000, Drift: 2,000, Error reduction coefficient: 0,000, Error: 0,0000 s
abr 04, 2013 12:33:17 PM org.ros.time.RemoteUptimeClock update
INFO: Latency: 31,0000 s, Delta ratio: 0,5000, Drift: 2,000, Error reduction coefficient: 0,000, Error: 0,0000 s
abr 04, 2013 12:33:17 PM org.ros.time.RemoteUptimeClock update
INFO: Latency: 31,0000 s, Delta ratio: 0,5000, Drift: 2,000, Error reduction coefficient: 0,000, Error: 0,0000 s
abr 04, 2013 12:33:17 PM org.ros.time.RemoteUptimeClock update
INFO: Latency: 31,0000 s, Delta ratio: 0,5000, Drift: 2,000, Error reduction coefficient: 0,000, Error: 0,0000 s
abr 04, 2013 12:33:17 PM org.ros.time.RemoteUptimeClock update
INFO: Latency: 31,0000 s, Delta ratio: 0,5000, Drift: 2,000, Error reduction coefficient: 0,000, Error: 0,0000 s
abr 04, 2013 12:33:17 PM org.ros.time.RemoteUptimeClock update
INFO: Latency: 31,0000 s, Delta ratio: 0,5000, Drift: 2,000, Error reduction coefficient: 0,000, Error: 0,0000 s
abr 04, 2013 12:33:17 PM org.ros.time.RemoteUptimeClock update
INFO: Latency: 31,0000 s, Delta ratio: 0,5000, Drift: 2,000, Error reduction coefficient: 0,000, Error: 0,0000 s
abr 04, 2013 12:33:17 PM org.ros.time.RemoteUptimeClock update
INFO: Latency: 31,0000 s, Delta ratio: 0,5000, Drift: 2,000, Error reduction coefficient: 0,000, Error: 0,0000 s
abr 04, 2013 12:33:17 PM org.ros.time.RemoteUptimeClock update
INFO: Latency: 31,0000 s, Delta ratio: 0,5000, Drift: 2,000, Error reduction coefficient: 0,000, Error: 0,0000 s
abr 04, 2013 12:33:17 PM org.ros.time.RemoteUptimeClock update
INFO: Latency: 31,0000 s, Delta ratio: 0,5000, Drift: 2,000, Error reduction coefficient: 0,000, Error: 0,0000 s
abr 04, 2013 12:33:17 PM org.ros.time.RemoteUptimeClock update
INFO: Latency: 31,0000 s, Delta ratio: 0,5000, Drift: 2,000, Error reduction coefficient: 0,000, Error: 0,0000 s
abr 04, 2013 12:33:17 PM org.ros.time.RemoteUptimeClock update
INFO: Latency: 31,0000 s, Delta ratio: 0,5000, Drift: 2,000, Error reduction coefficient: 0,000, Error: 0,0000 s
abr 04, 2013 12:33:17 PM org.ros.time.RemoteUptimeClock update
INFO: Latency: 31,0000 s, Delta ratio: 0,5000, Drift: 2,000, Error reduction coefficient: 0,000, Error: 0,0000 s
abr 04, 2013 12:33:17 PM org.ros.time.RemoteUptimeClock update
INFO: Latency: 31,0000 s, Delta ratio: 0,5000, Drift: 2,000, Error reduction coefficient: 0,000, Error: 0,0000 s
abr 04, 2013 12:33:17 PM org.ros.time.RemoteUptimeClock update
INFO: Latency: 31,0000 s, Delta ratio: 0,5000, Drift: 2,000, Error reduction coefficient: 0,000, Error: 0,0000 s
abr 04, 2013 12:33:17 PM org.ros.time.RemoteUptimeClock update
INFO: Latency: 31,0000 s, Delta ratio: 0,5000, Drift: 2,000, Error reduction coefficient: 0,000, Error: 0,0000 s
abr 04, 2013 12:33:17 PM org.ros.time.RemoteUptimeClock update
INFO: Latency: 31,0000 s, Delta ratio: 0,5000, Drift: 2,000, Error reduction coefficient: 0,000, Error: 0,0000 s
abr 04, 2013 12:33:17 PM org.ros.time.RemoteUptimeClock update
INFO: Latency: 31,0000 s, Delta ratio: 0,5000, Drift: 2,000, Error reduction coefficient: 0,000, Error: 0,0000 s
abr 04, 2013 12:33:17 PM org.ros.time.RemoteUptimeClock update
INFO: Latency: 31,0000 s, Delta ratio: 0,5000, Drift: 2,000, Error reduction coefficient: 0,000, Error: 0,0000 s
abr 04, 2013 12:33:17 PM org.ros.time.RemoteUptimeClock update
INFO: Latency: 31,0000 s, Delta ratio: 0,5000, Drift: 2,000, Error reduction coefficient: 0,000, Error: 0,0000 s
abr 04, 2013 12:33:17 PM org.ros.time.RemoteUptimeClock update
INFO: Latency: 31,0000 s, Delta ratio: 0,5000, Drift: 2,000, Error reduction coefficient: 0,000, Error: 0,0000 s
abr 04, 2013 12:33:17 PM org.ros.time.RemoteUptimeClock update
INFO: Latency: 31,0000 s, Delta ratio: 0,5000, Drift: 2,000, Error reduction coefficient: 0,000, Error: 0,0000 s
abr 04, 2013 12:33:17 PM org.ros.time.RemoteUptimeClock update
INFO: Latency: 31,0000 s, Delta ratio: 0,5000, Drift: 2,000, Error reduction coefficient: 0,000, Error: 0,0000 s
abr 04, 2013 12:33:17 PM org.ros.time.RemoteUptimeClock update
INFO: Latency: 31,0000 s, Delta ratio: 0,5000, Drift: 2,000, Error reduction coefficient: 0,000, Error: 0,0000 s
abr 04, 2013 12:33:17 PM org.ros.time.RemoteUptimeClock update
INFO: Latency: 31,0000 s, Delta ratio: 0,5000, Drift: 2,000, Error reduction coefficient: 0,000, Error: 0,0000 s
abr 04, 2013 12:33:17 PM org.ros.time.RemoteUptimeClock update
INFO: Latency: 31,0000 s, Delta ratio: 0,5000, Drift: 2,000, Error reduction coefficient: 0,000, Error: 0,0000 s
abr 04, 2013 12:33:17 PM org.ros.time.RemoteUptimeClock update
INFO: Latency: 31,0000 s, Delta ratio: 0,5000, Drift: 2,000, Error reduction coefficient: 0,000, Error: 0,0000 s
abr 04, 2013 12:33:17 PM org.ros.time.RemoteUptimeClock update
INFO: Latency: 31,0000 s, Delta ratio: 0,5000, Drift: 2,000, Error reduction coefficient: 0,000, Error: 0,0000 s
abr 04, 2013 12:33:17 PM org.ros.time.RemoteUptimeClock update
INFO: Latency: 31,0000 s, Delta ratio: 0,5000, Drift: 2,000, Error reduction coefficient: 0,000, Error: 0,0000 s
abr 04, 2013 12:33:17 PM org.ros.time.RemoteUptimeClock update
INFO: Latency: 31,0000 s, Delta ratio: 0,5000, Drift: 2,000, Error reduction coefficient: 0,000, Error: 0,0000 s
abr 04, 2013 12:33:17 PM org.ros.time.RemoteUptimeClock update
INFO: Latency: 31,0000 s, Delta ratio: 0,5000, Drift: 2,000, Error reduction coefficient: 0,000, Error: 0,0000 s
abr 04, 2013 12:33:17 PM org.ros.time.RemoteUptimeClock update
INFO: Latency: 31,0000 s, Delta ratio: 0,5000, Drift: 2,000, Error reduction coefficient: 0,000, Error: 0,0000 s
abr 04, 2013 12:33:17 PM org.ros.time.RemoteUptimeClock update
INFO: Latency: 31,0000 s, Delta ratio: 0,5000, Drift: 2,000, Error reduction coefficient: 0,000, Error: 0,0000 s
abr 04, 2013 12:33:17 PM org.ros.time.RemoteUptimeClock update
INFO: Latency: 31,0000 s, Delta ratio: 0,5000, Drift: 2,000, Error reduction coefficient: 0,000, Error: 0,0000 s
abr 04, 2013 12:33:17 PM org.ros.time.RemoteUptimeClock update
INFO: Latency: 31,0000 s, Delta ratio: 0,5000, Drift: 2,000, Error reduction coefficient: 0,000, Error: 0,0000 s
abr 04, 2013 12:33:17 PM org.ros.time.RemoteUptimeClock update
INFO: Latency: 31,0000 s, Delta ratio: 0,5000, Drift: 2,000, Error reduction coefficient: 0,000, Error: 0,0000 s
abr 04, 2013 12:33:17 PM org.ros.time.RemoteUptimeClock update
INFO: Latency: 31,0000 s, Delta ratio: 0,5000, Drift: 2,000, Error reduction coefficient: 0,000, Error: 0,0000 s
abr 04, 2013 12:33:17 PM org.ros.time.RemoteUptimeClock update
INFO: Latency: 31,0000 s, Delta ratio: 0,5000, Drift: 2,000, Error reduction coefficient: 0,000, Error: 0,0000 s
abr 04, 2013 12:33:17 PM org.ros.time.RemoteUptimeClock update
INFO: Latency: 31,0000 s, Delta ratio: 0,5000, Drift: 2,000, Error reduction coefficient: 0,000, Error: 0,0000 s
abr 04, 2013 12:33:17 PM org.ros.time.RemoteUptimeClock update
INFO: Latency: 31,0000 s, Delta ratio: 0,5000, Drift: 2,000, Error reduction coefficient: 0,000, Error: 0,0000 s
abr 04, 2013 12:33:17 PM org.ros.time.RemoteUptimeClock update
INFO: Latency: 31,0000 s, Delta ratio: 0,5000, Drift: 2,000, Error reduction coefficient: 0,000, Error: 0,0000 s
abr 04, 2013 12:33:17 PM org.ros.time.RemoteUptimeClock update
INFO: Latency: 31,0000 s, Delta ratio: 0,5000, Drift: 2,000, Error reduction coefficient: 0,000, Error: 0,0000 s
abr 04, 2013 12:33:17 PM org.ros.time.RemoteUptimeClock update
INFO: Latency: 31,0000 s, Delta ratio: 0,5000, Drift: 2,000, Error reduction coefficient: 0,000, Error: 0,0000 s
abr 04, 2013 12:33:17 PM org.ros.time.RemoteUptimeClock update
INFO: Latency: 31,0000 s, Delta ratio: 0,5000, Drift: 2,000, Error reduction coefficient: 0,000, Error: 0,0000 s
abr 04, 2013 12:33:17 PM org.ros.time.RemoteUptimeClock update
INFO: Latency: 31,0000 s, Delta ratio: 0,5000, Drift: 2,000, Error reduction coefficient: 0,000, Error: 0,0000 s
abr 04, 2013 12:33:17 PM org.ros.time.RemoteUptimeClock update
INFO: Latency: 31,0000 s, Delta ratio: 0,5000, Drift: 2,000, Error reduction coefficient: 0,000, Error: 0,0000 s
abr 04, 2013 12:33:17 PM org.ros.time.RemoteUptimeClock update
INFO: Latency: 31,0000 s, Delta ratio: 0,5000, Drift: 2,000, Error reduction coefficient: 0,000, Error: 0,0000 s
abr 04, 2013 12:33:17 PM org.ros.time.RemoteUptimeClock update
INFO: Latency: 31,0000 s, Delta ratio: 0,5000, Drift: 2,000, Error reduction coefficient: 0,000, Error: 0,0000 s
abr 04, 2013 12:33:17 PM org.ros.time.RemoteUptimeClock update
INFO: Latency: 31,0000 s, Delta ratio: 0,5000, Drift: 2,000, Error reduction coefficient: 0,000, Error: 0,0000 s
abr 04, 2013 12:33:17 PM org.ros.time.RemoteUptimeClock update
INFO: Latency: 31,0000 s, Delta ratio: 0,5000, Drift: 2,000, Error reduction coefficient: 0,000, Error: 0,0000 s
abr 04, 2013 12:33:18 PM org.ros.time.RemoteUptimeClock update
INFO: Latency: 31,0000 s, Delta ratio: 0,5000, Drift: 2,000, Error reduction coefficient: 0,000, Error: 0,0000 s
abr 04, 2013 12:33:18 PM org.ros.time.RemoteUptimeClock update
INFO: Latency: 31,0000 s, Delta ratio: 0,5000, Drift: 2,000, Error reduction coefficient: 0,000, Error: 0,0000 s
abr 04, 2013 12:33:18 PM org.ros.time.RemoteUptimeClock update
INFO: Latency: 31,0000 s, Delta ratio: 0,5000, Drift: 2,000, Error reduction coefficient: 0,000, Error: 0,0000 s
abr 04, 2013 12:33:18 PM org.ros.time.RemoteUptimeClock update
INFO: Latency: 31,0000 s, Delta ratio: 0,5000, Drift: 2,000, Error reduction coefficient: 0,000, Error: 0,0000 s
abr 04, 2013 12:33:18 PM org.ros.time.RemoteUptimeClock update
INFO: Latency: 31,0000 s, Delta ratio: 0,5000, Drift: 2,000, Error reduction coefficient: 0,000, Error: 0,0000 s
abr 04, 2013 12:33:18 PM org.ros.time.RemoteUptimeClock update
INFO: Latency: 31,0000 s, Delta ratio: 0,5000, Drift: 2,000, Error reduction coefficient: 0,000, Error: 0,0000 s
abr 04, 2013 12:33:18 PM org.ros.time.RemoteUptimeClock update
INFO: Latency: 31,0000 s, Delta ratio: 0,5000, Drift: 2,000, Error reduction coefficient: 0,000, Error: 0,0000 s
abr 04, 2013 12:33:18 PM org.ros.time.RemoteUptimeClock update
INFO: Latency: 31,0000 s, Delta ratio: 0,5000, Drift: 2,000, Error reduction coefficient: 0,000, Error: 0,0000 s
abr 04, 2013 12:33:18 PM org.ros.time.RemoteUptimeClock update
INFO: Latency: 31,0000 s, Delta ratio: 0,5000, Drift: 2,000, Error reduction coefficient: 0,000, Error: 0,0000 s
abr 04, 2013 12:33:18 PM org.ros.time.RemoteUptimeClock update
INFO: Latency: 31,0000 s, Delta ratio: 0,5000, Drift: 2,000, Error reduction coefficient: 0,000, Error: 0,0000 s
abr 04, 2013 12:33:18 PM org.ros.time.RemoteUptimeClock update
INFO: Latency: 31,0000 s, Delta ratio: 0,5000, Drift: 2,000, Error reduction coefficient: 0,000, Error: 0,0000 s
abr 04, 2013 12:33:18 PM org.ros.time.RemoteUptimeClock update
INFO: Latency: 31,0000 s, Delta ratio: 0,5000, Drift: 2,000, Error reduction coefficient: 0,000, Error: 0,0000 s
abr 04, 2013 12:33:18 PM org.ros.time.RemoteUptimeClock update
INFO: Latency: 31,0000 s, Delta ratio: 0,5000, Drift: 2,000, Error reduction coefficient: 0,000, Error: 0,0000 s
abr 04, 2013 12:33:18 PM org.ros.time.RemoteUptimeClock update
INFO: Latency: 31,0000 s, Delta ratio: 0,5000, Drift: 2,000, Error reduction coefficient: 0,000, Error: 0,0000 s
abr 04, 2013 12:33:18 PM org.ros.time.RemoteUptimeClock update
INFO: Latency: 31,0000 s, Delta ratio: 0,5000, Drift: 2,000, Error reduction coefficient: 0,000, Error: 0,0000 s
abr 04, 2013 12:33:18 PM org.ros.time.RemoteUptimeClock update
INFO: Latency: 31,0000 s, Delta ratio: 0,5000, Drift: 2,000, Error reduction coefficient: 0,000, Error: 0,0000 s
abr 04, 2013 12:33:18 PM org.ros.time.RemoteUptimeClock update
INFO: Latency: 31,0000 s, Delta ratio: 0,5000, Drift: 2,000, Error reduction coefficient: 0,000, Error: 0,0000 s
abr 04, 2013 12:33:18 PM org.ros.time.RemoteUptimeClock update
INFO: Latency: 31,0000 s, Delta ratio: 0,5000, Drift: 2,000, Error reduction coefficient: 0,000, Error: 0,0000 s
abr 04, 2013 12:33:18 PM org.ros.time.RemoteUptimeClock update
INFO: Latency: 31,0000 s, Delta ratio: 0,5000, Drift: 2,000, Error reduction coefficient: 0,000, Error: 0,0000 s
abr 04, 2013 12:33:18 PM org.ros.time.RemoteUptimeClock update
INFO: Latency: 31,0000 s, Delta ratio: 0,5000, Drift: 2,000, Error reduction coefficient: 0,000, Error: 0,0000 s
abr 04, 2013 12:33:18 PM org.ros.time.RemoteUptimeClock update
INFO: Latency: 31,0000 s, Delta ratio: 0,5000, Drift: 2,000, Error reduction coefficient: 0,000, Error: 0,0000 s
abr 04, 2013 12:33:18 PM org.ros.time.RemoteUptimeClock update
INFO: Latency: 31,0000 s, Delta ratio: 0,5000, Drift: 2,000, Error reduction coefficient: 0,000, Error: 0,0000 s
abr 04, 2013 12:33:18 PM org.ros.time.RemoteUptimeClock update
INFO: Latency: 31,0000 s, Delta ratio: 0,5000, Drift: 2,000, Error reduction coefficient: 0,000, Error: 0,0000 s
abr 04, 2013 12:33:18 PM org.ros.time.RemoteUptimeClock update
INFO: Latency: 31,0000 s, Delta ratio: 0,5000, Drift: 2,000, Error reduction coefficient: 0,000, Error: 0,0000 s
abr 04, 2013 12:33:18 PM org.ros.time.RemoteUptimeClock update
INFO: Latency: 31,0000 s, Delta ratio: 0,5000, Drift: 2,000, Error reduction coefficient: 0,000, Error: 0,0000 s
abr 04, 2013 12:33:18 PM org.ros.time.RemoteUptimeClock update
INFO: Latency: 31,0000 s, Delta ratio: 0,5000, Drift: 2,000, Error reduction coefficient: 0,000, Error: 0,0000 s
abr 04, 2013 12:33:18 PM org.ros.time.RemoteUptimeClock update
INFO: Latency: 31,0000 s, Delta ratio: 0,5000, Drift: 2,000, Error reduction coefficient: 0,000, Error: 0,0000 s
abr 04, 2013 12:33:18 PM org.ros.time.RemoteUptimeClock update
INFO: Latency: 31,0000 s, Delta ratio: 0,5000, Drift: 2,000, Error reduction coefficient: 0,000, Error: 0,0000 s
abr 04, 2013 12:33:18 PM org.ros.time.RemoteUptimeClock update
INFO: Latency: 31,0000 s, Delta ratio: 0,5000, Drift: 2,000, Error reduction coefficient: 0,000, Error: 0,0000 s
abr 04, 2013 12:33:18 PM org.ros.time.RemoteUptimeClock update
INFO: Latency: 31,0000 s, Delta ratio: 0,5000, Drift: 2,000, Error reduction coefficient: 0,000, Error: 0,0000 s
abr 04, 2013 12:33:18 PM org.ros.time.RemoteUptimeClock update
INFO: Latency: 31,0000 s, Delta ratio: 0,5000, Drift: 2,000, Error reduction coefficient: 0,000, Error: 0,0000 s
abr 04, 2013 12:33:18 PM org.ros.time.RemoteUptimeClock update
INFO: Latency: 31,0000 s, Delta ratio: 0,5000, Drift: 2,000, Error reduction coefficient: 0,000, Error: 0,0000 s
abr 04, 2013 12:33:18 PM org.ros.time.RemoteUptimeClock update
INFO: Latency: 31,0000 s, Delta ratio: 0,5000, Drift: 2,000, Error reduction coefficient: 0,000, Error: 0,0000 s
abr 04, 2013 12:33:18 PM org.ros.time.RemoteUptimeClock update
INFO: Latency: 31,0000 s, Delta ratio: 0,5000, Drift: 2,000, Error reduction coefficient: 0,000, Error: 0,0000 s
abr 04, 2013 12:33:18 PM org.ros.time.RemoteUptimeClock update
INFO: Latency: 31,0000 s, Delta ratio: 0,5000, Drift: 2,000, Error reduction coefficient: 0,000, Error: 0,0000 s
abr 04, 2013 12:33:18 PM org.ros.time.RemoteUptimeClock update
INFO: Latency: 31,0000 s, Delta ratio: 0,5000, Drift: 2,000, Error reduction coefficient: 0,000, Error: 0,0000 s
abr 04, 2013 12:33:18 PM org.ros.time.RemoteUptimeClock update
INFO: Latency: 31,0000 s, Delta ratio: 0,5000, Drift: 2,000, Error reduction coefficient: 0,000, Error: 0,0000 s
abr 04, 2013 12:33:18 PM org.ros.time.RemoteUptimeClock update
INFO: Latency: 31,0000 s, Delta ratio: 0,5000, Drift: 2,000, Error reduction coefficient: 0,000, Error: 0,0000 s
abr 04, 2013 12:33:18 PM org.ros.time.RemoteUptimeClock update
INFO: Latency: 31,0000 s, Delta ratio: 0,5000, Drift: 2,000, Error reduction coefficient: 0,000, Error: 0,0000 s
abr 04, 2013 12:33:18 PM org.ros.time.RemoteUptimeClock update
INFO: Latency: 31,0000 s, Delta ratio: 0,5000, Drift: 2,000, Error reduction coefficient: 0,000, Error: 0,0000 s
abr 04, 2013 12:33:18 PM org.ros.time.RemoteUptimeClock update
INFO: Latency: 31,0000 s, Delta ratio: 0,5000, Drift: 2,000, Error reduction coefficient: 0,000, Error: 0,0000 s
abr 04, 2013 12:33:18 PM org.ros.time.RemoteUptimeClock update
INFO: Latency: 31,0000 s, Delta ratio: 0,5000, Drift: 2,000, Error reduction coefficient: 0,000, Error: 0,0000 s
abr 04, 2013 12:33:18 PM org.ros.time.RemoteUptimeClock update
INFO: Latency: 31,0000 s, Delta ratio: 0,5000, Drift: 2,000, Error reduction coefficient: 0,000, Error: 0,0000 s
abr 04, 2013 12:33:18 PM org.ros.time.RemoteUptimeClock update
INFO: Latency: 31,0000 s, Delta ratio: 0,5000, Drift: 2,000, Error reduction coefficient: 0,000, Error: 0,0000 s
abr 04, 2013 12:33:18 PM org.ros.time.RemoteUptimeClock update
INFO: Latency: 31,0000 s, Delta ratio: 0,5000, Drift: 2,000, Error reduction coefficient: 0,000, Error: 0,0000 s
abr 04, 2013 12:33:18 PM org.ros.time.RemoteUptimeClock update
INFO: Latency: 31,0000 s, Delta ratio: 0,5000, Drift: 2,000, Error reduction coefficient: 0,000, Error: 0,0000 s
abr 04, 2013 12:33:18 PM org.ros.time.RemoteUptimeClock update
INFO: Latency: 31,0000 s, Delta ratio: 0,5000, Drift: 2,000, Error reduction coefficient: 0,000, Error: 0,0000 s
abr 04, 2013 12:33:18 PM org.ros.time.RemoteUptimeClock update
INFO: Latency: 31,0000 s, Delta ratio: 0,5000, Drift: 2,000, Error reduction coefficient: 0,000, Error: 0,0000 s
abr 04, 2013 12:33:18 PM org.ros.time.RemoteUptimeClock update
INFO: Latency: 31,0000 s, Delta ratio: 0,5000, Drift: 2,000, Error reduction coefficient: 0,000, Error: 0,0000 s
abr 04, 2013 12:33:18 PM org.ros.time.RemoteUptimeClock update
INFO: Latency: 31,0000 s, Delta ratio: 0,5000, Drift: 2,000, Error reduction coefficient: 0,000, Error: 0,0000 s
abr 04, 2013 12:33:18 PM org.ros.time.RemoteUptimeClock update
INFO: Latency: 31,0000 s, Delta ratio: 0,5000, Drift: 2,000, Error reduction coefficient: 0,000, Error: 0,0000 s
abr 04, 2013 12:33:18 PM org.ros.time.RemoteUptimeClock update
INFO: Latency: 31,0000 s, Delta ratio: 0,5000, Drift: 2,000, Error reduction coefficient: 0,000, Error: 0,0000 s
abr 04, 2013 12:33:18 PM org.ros.time.RemoteUptimeClock update
INFO: Latency: 31,0000 s, Delta ratio: 0,5000, Drift: 2,000, Error reduction coefficient: 0,000, Error: 0,0000 s
abr 04, 2013 12:33:18 PM org.ros.time.RemoteUptimeClock update
INFO: Latency: 31,0000 s, Delta ratio: 0,5000, Drift: 2,000, Error reduction coefficient: 0,000, Error: 0,0000 s
abr 04, 2013 12:33:18 PM org.ros.time.RemoteUptimeClock update
INFO: Latency: 31,0000 s, Delta ratio: 0,5000, Drift: 2,000, Error reduction coefficient: 0,000, Error: 0,0000 s
abr 04, 2013 12:33:18 PM org.ros.time.RemoteUptimeClock update
INFO: Latency: 31,0000 s, Delta ratio: 0,5000, Drift: 2,000, Error reduction coefficient: 0,000, Error: 0,0000 s
abr 04, 2013 12:33:18 PM org.ros.time.RemoteUptimeClock update
INFO: Latency: 31,0000 s, Delta ratio: 0,5000, Drift: 2,000, Error reduction coefficient: 0,000, Error: 0,0000 s
abr 04, 2013 12:33:18 PM org.ros.time.RemoteUptimeClock update
INFO: Latency: 31,0000 s, Delta ratio: 0,5000, Drift: 2,000, Error reduction coefficient: 0,000, Error: 0,0000 s
abr 04, 2013 12:33:18 PM org.ros.time.RemoteUptimeClock update
INFO: Latency: 31,0000 s, Delta ratio: 0,5000, Drift: 2,000, Error reduction coefficient: 0,000, Error: 0,0000 s
abr 04, 2013 12:33:18 PM org.ros.time.RemoteUptimeClock update
INFO: Latency: 31,0000 s, Delta ratio: 0,5000, Drift: 2,000, Error reduction coefficient: 0,000, Error: 0,0000 s
abr 04, 2013 12:33:18 PM org.ros.time.RemoteUptimeClock update
INFO: Latency: 31,0000 s, Delta ratio: 0,5000, Drift: 2,000, Error reduction coefficient: 0,000, Error: 0,0000 s
abr 04, 2013 12:33:18 PM org.ros.time.RemoteUptimeClock update
INFO: Latency: 31,0000 s, Delta ratio: 0,5000, Drift: 2,000, Error reduction coefficient: 0,000, Error: 0,0000 s
abr 04, 2013 12:33:18 PM org.ros.time.RemoteUptimeClock update
INFO: Latency: 31,0000 s, Delta ratio: 0,5000, Drift: 2,000, Error reduction coefficient: 0,000, Error: 0,0000 s
abr 04, 2013 12:33:18 PM org.ros.time.RemoteUptimeClock update
INFO: Latency: 31,0000 s, Delta ratio: 0,5000, Drift: 2,000, Error reduction coefficient: 0,000, Error: 0,0000 s
abr 04, 2013 12:33:18 PM org.ros.time.RemoteUptimeClock update
INFO: Latency: 31,0000 s, Delta ratio: 0,5000, Drift: 2,000, Error reduction coefficient: 0,000, Error: 0,0000 s
abr 04, 2013 12:33:18 PM org.ros.time.RemoteUptimeClock update
INFO: Latency: 31,0000 s, Delta ratio: 0,5000, Drift: 2,000, Error reduction coefficient: 0,000, Error: 0,0000 s
abr 04, 2013 12:33:18 PM org.ros.time.RemoteUptimeClock update
INFO: Latency: 31,0000 s, Delta ratio: 0,5000, Drift: 2,000, Error reduction coefficient: 0,000, Error: 0,0000 s
abr 04, 2013 12:33:18 PM org.ros.time.RemoteUptimeClock update
INFO: Latency: 31,0000 s, Delta ratio: 0,5000, Drift: 2,000, Error reduction coefficient: 0,000, Error: 0,0000 s
abr 04, 2013 12:33:18 PM org.ros.time.RemoteUptimeClock update
INFO: Latency: 31,0000 s, Delta ratio: 0,5000, Drift: 2,000, Error reduction coefficient: 0,000, Error: 0,0000 s
abr 04, 2013 12:33:18 PM org.ros.time.RemoteUptimeClock update
INFO: Latency: 31,0000 s, Delta ratio: 0,5000, Drift: 2,000, Error reduction coefficient: 0,000, Error: 0,0000 s
abr 04, 2013 12:33:18 PM org.ros.time.RemoteUptimeClock update
INFO: Latency: 31,0000 s, Delta ratio: 0,5000, Drift: 2,000, Error reduction coefficient: 0,000, Error: 0,0000 s
abr 04, 2013 12:33:18 PM org.ros.time.RemoteUptimeClock update
INFO: Latency: 31,0000 s, Delta ratio: 0,5000, Drift: 2,000, Error reduction coefficient: 0,000, Error: 0,0000 s
abr 04, 2013 12:33:18 PM org.ros.time.RemoteUptimeClock update
INFO: Latency: 31,0000 s, Delta ratio: 0,5000, Drift: 2,000, Error reduction coefficient: 0,000, Error: 0,0000 s
abr 04, 2013 12:33:18 PM org.ros.time.RemoteUptimeClock update
INFO: Latency: 31,0000 s, Delta ratio: 0,5000, Drift: 2,000, Error reduction coefficient: 0,000, Error: 0,0000 s
abr 04, 2013 12:33:18 PM org.ros.time.RemoteUptimeClock update
INFO: Latency: 31,0000 s, Delta ratio: 0,5000, Drift: 2,000, Error reduction coefficient: 0,000, Error: 0,0000 s
abr 04, 2013 12:33:18 PM org.ros.time.RemoteUptimeClock update
INFO: Latency: 31,0000 s, Delta ratio: 0,5000, Drift: 2,000, Error reduction coefficient: 0,000, Error: 0,0000 s
abr 04, 2013 12:33:18 PM org.ros.time.RemoteUptimeClock update
INFO: Latency: 31,0000 s, Delta ratio: 0,5000, Drift: 2,000, Error reduction coefficient: 0,000, Error: 0,0000 s
abr 04, 2013 12:33:18 PM org.ros.time.RemoteUptimeClock update
INFO: Latency: 31,0000 s, Delta ratio: 0,5000, Drift: 2,000, Error reduction coefficient: 0,000, Error: 0,0000 s
abr 04, 2013 12:33:18 PM org.ros.time.RemoteUptimeClock update
INFO: Latency: 31,0000 s, Delta ratio: 0,5000, Drift: 2,000, Error reduction coefficient: 0,000, Error: 0,0000 s
abr 04, 2013 12:33:18 PM org.ros.time.RemoteUptimeClock update
INFO: Latency: 31,0000 s, Delta ratio: 0,5000, Drift: 2,000, Error reduction coefficient: 0,000, Error: 0,0000 s
abr 04, 2013 12:33:18 PM org.ros.time.RemoteUptimeClock update
INFO: Latency: 31,0000 s, Delta ratio: 0,5000, Drift: 2,000, Error reduction coefficient: 0,000, Error: 0,0000 s
abr 04, 2013 12:33:18 PM org.ros.time.RemoteUptimeClock update
INFO: Latency: 31,0000 s, Delta ratio: 0,5000, Drift: 2,000, Error reduction coefficient: 0,000, Error: 0,0000 s
abr 04, 2013 12:33:18 PM org.ros.time.RemoteUptimeClock update
INFO: Latency: 31,0000 s, Delta ratio: 0,5000, Drift: 2,000, Error reduction coefficient: 0,000, Error: 0,0000 s
abr 04, 2013 12:33:18 PM org.ros.time.RemoteUptimeClock update
INFO: Latency: 31,0000 s, Delta ratio: 0,5000, Drift: 2,000, Error reduction coefficient: 0,000, Error: 0,0000 s
abr 04, 2013 12:33:18 PM org.ros.time.RemoteUptimeClock update
INFO: Latency: 31,0000 s, Delta ratio: 0,5000, Drift: 2,000, Error reduction coefficient: 0,000, Error: 0,0000 s
abr 04, 2013 12:33:18 PM org.ros.time.RemoteUptimeClock update
INFO: Latency: 31,0000 s, Delta ratio: 0,5000, Drift: 2,000, Error reduction coefficient: 0,000, Error: 0,0000 s
abr 04, 2013 12:33:18 PM org.ros.time.RemoteUptimeClock update
INFO: Latency: 31,0000 s, Delta ratio: 0,5000, Drift: 2,000, Error reduction coefficient: 0,000, Error: 0,0000 s
abr 04, 2013 12:33:18 PM org.ros.time.RemoteUptimeClock update
INFO: Latency: 31,0000 s, Delta ratio: 0,5000, Drift: 2,000, Error reduction coefficient: 0,000, Error: 0,0000 s
abr 04, 2013 12:33:18 PM org.ros.time.RemoteUptimeClock update
INFO: Latency: 31,0000 s, Delta ratio: 0,5000, Drift: 2,000, Error reduction coefficient: 0,000, Error: 0,0000 s
abr 04, 2013 12:33:18 PM org.ros.time.RemoteUptimeClock update
INFO: Latency: 31,0000 s, Delta ratio: 0,5000, Drift: 2,000, Error reduction coefficient: 0,000, Error: 0,0000 s
abr 04, 2013 12:33:18 PM org.ros.time.RemoteUptimeClock update
INFO: Latency: 31,0000 s, Delta ratio: 0,5000, Drift: 2,000, Error reduction coefficient: 0,000, Error: 0,0000 s
abr 04, 2013 12:33:18 PM org.ros.time.RemoteUptimeClock update
INFO: Latency: 31,0000 s, Delta ratio: 0,5000, Drift: 2,000, Error reduction coefficient: 0,000, Error: 0,0000 s
abr 04, 2013 12:33:18 PM org.ros.time.RemoteUptimeClock update
INFO: Latency: 31,0000 s, Delta ratio: 0,5000, Drift: 2,000, Error reduction coefficient: 0,000, Error: 0,0000 s
abr 04, 2013 12:33:18 PM org.ros.time.RemoteUptimeClock update
INFO: Latency: 31,0000 s, Delta ratio: 0,5000, Drift: 2,000, Error reduction coefficient: 0,000, Error: 0,0000 s
abr 04, 2013 12:33:18 PM org.ros.time.RemoteUptimeClock update
INFO: Latency: 31,0000 s, Delta ratio: 0,5000, Drift: 2,000, Error reduction coefficient: 0,000, Error: 0,0000 s
abr 04, 2013 12:33:18 PM org.ros.time.RemoteUptimeClock update
INFO: Latency: 31,0000 s, Delta ratio: 0,5000, Drift: 2,000, Error reduction coefficient: 0,000, Error: 0,0000 s
abr 04, 2013 12:33:18 PM org.ros.time.RemoteUptimeClock update
INFO: Latency: 31,0000 s, Delta ratio: 0,5000, Drift: 2,000, Error reduction coefficient: 0,000, Error: 0,0000 s
abr 04, 2013 12:33:18 PM org.ros.time.RemoteUptimeClock update
INFO: Latency: 31,0000 s, Delta ratio: 0,5000, Drift: 2,000, Error reduction coefficient: 0,000, Error: 0,0000 s
abr 04, 2013 12:33:18 PM org.ros.time.RemoteUptimeClock update
INFO: Latency: 31,0000 s, Delta ratio: 0,5000, Drift: 2,000, Error reduction coefficient: 0,000, Error: 0,0000 s
abr 04, 2013 12:33:18 PM org.ros.time.RemoteUptimeClock update
INFO: Latency: 31,0000 s, Delta ratio: 0,5000, Drift: 2,000, Error reduction coefficient: 0,000, Error: 0,0000 s
abr 04, 2013 12:33:18 PM org.ros.time.RemoteUptimeClock update
INFO: Latency: 31,0000 s, Delta ratio: 0,5000, Drift: 2,000, Error reduction coefficient: 0,000, Error: 0,0000 s
abr 04, 2013 12:33:18 PM org.ros.time.RemoteUptimeClock update
INFO: Latency: 31,0000 s, Delta ratio: 0,5000, Drift: 2,000, Error reduction coefficient: 0,000, Error: 0,0000 s
abr 04, 2013 12:33:18 PM org.ros.time.RemoteUptimeClock update
INFO: Latency: 31,0000 s, Delta ratio: 0,5000, Drift: 2,000, Error reduction coefficient: 0,000, Error: 0,0000 s
abr 04, 2013 12:33:18 PM org.ros.time.RemoteUptimeClock update
INFO: Latency: 31,0000 s, Delta ratio: 0,5000, Drift: 2,000, Error reduction coefficient: 0,000, Error: 0,0000 s
abr 04, 2013 12:33:18 PM org.ros.time.RemoteUptimeClock update
INFO: Latency: 31,0000 s, Delta ratio: 0,5000, Drift: 2,000, Error reduction coefficient: 0,000, Error: 0,0000 s
abr 04, 2013 12:33:18 PM org.ros.time.RemoteUptimeClock update
INFO: Latency: 31,0000 s, Delta ratio: 0,5000, Drift: 2,000, Error reduction coefficient: 0,000, Error: 0,0000 s
abr 04, 2013 12:33:18 PM org.ros.time.RemoteUptimeClock update
INFO: Latency: 31,0000 s, Delta ratio: 0,5000, Drift: 2,000, Error reduction coefficient: 0,000, Error: 0,0000 s
abr 04, 2013 12:33:18 PM org.ros.time.RemoteUptimeClock update
INFO: Latency: 31,0000 s, Delta ratio: 0,5000, Drift: 2,000, Error reduction coefficient: 0,000, Error: 0,0000 s
abr 04, 2013 12:33:18 PM org.ros.time.RemoteUptimeClock update
INFO: Latency: 31,0000 s, Delta ratio: 0,5000, Drift: 2,000, Error reduction coefficient: 0,000, Error: 0,0000 s
abr 04, 2013 12:33:18 PM org.ros.time.RemoteUptimeClock update
INFO: Latency: 31,0000 s, Delta ratio: 0,5000, Drift: 2,000, Error reduction coefficient: 0,000, Error: 0,0000 s
abr 04, 2013 12:33:18 PM org.ros.time.RemoteUptimeClock update
INFO: Latency: 31,0000 s, Delta ratio: 0,5000, Drift: 2,000, Error reduction coefficient: 0,000, Error: 0,0000 s
abr 04, 2013 12:33:18 PM org.ros.time.RemoteUptimeClock update
INFO: Latency: 31,0000 s, Delta ratio: 0,5000, Drift: 2,000, Error reduction coefficient: 0,000, Error: 0,0000 s
abr 04, 2013 12:33:18 PM org.ros.time.RemoteUptimeClock update
INFO: Latency: 31,0000 s, Delta ratio: 0,5000, Drift: 2,000, Error reduction coefficient: 0,000, Error: 0,0000 s
abr 04, 2013 12:33:18 PM org.ros.time.RemoteUptimeClock update
INFO: Latency: 31,0000 s, Delta ratio: 0,5000, Drift: 2,000, Error reduction coefficient: 0,000, Error: 0,0000 s
abr 04, 2013 12:33:18 PM org.ros.time.RemoteUptimeClock update
INFO: Latency: 31,0000 s, Delta ratio: 0,5000, Drift: 2,000, Error reduction coefficient: 0,000, Error: 0,0000 s
abr 04, 2013 12:33:18 PM org.ros.time.RemoteUptimeClock update
INFO: Latency: 31,0000 s, Delta ratio: 0,5000, Drift: 2,000, Error reduction coefficient: 0,000, Error: 0,0000 s
abr 04, 2013 12:33:18 PM org.ros.time.RemoteUptimeClock update
INFO: Latency: 31,0000 s, Delta ratio: 0,5000, Drift: 2,000, Error reduction coefficient: 0,000, Error: 0,0000 s
abr 04, 2013 12:33:18 PM org.ros.time.RemoteUptimeClock update
INFO: Latency: 31,0000 s, Delta ratio: 0,5000, Drift: 2,000, Error reduction coefficient: 0,000, Error: 0,0000 s
abr 04, 2013 12:33:18 PM org.ros.time.RemoteUptimeClock update
INFO: Latency: 31,0000 s, Delta ratio: 0,5000, Drift: 2,000, Error reduction coefficient: 0,000, Error: 0,0000 s
abr 04, 2013 12:33:18 PM org.ros.time.RemoteUptimeClock update
INFO: Latency: 31,0000 s, Delta ratio: 0,5000, Drift: 2,000, Error reduction coefficient: 0,000, Error: 0,0000 s
abr 04, 2013 12:33:18 PM org.ros.time.RemoteUptimeClock update
INFO: Latency: 31,0000 s, Delta ratio: 0,5000, Drift: 2,000, Error reduction coefficient: 0,000, Error: 0,0000 s
abr 04, 2013 12:33:18 PM org.ros.time.RemoteUptimeClock update
INFO: Latency: 31,0000 s, Delta ratio: 0,5000, Drift: 2,000, Error reduction coefficient: 0,000, Error: 0,0000 s
abr 04, 2013 12:33:18 PM org.ros.time.RemoteUptimeClock update
INFO: Latency: 31,0000 s, Delta ratio: 0,5000, Drift: 2,000, Error reduction coefficient: 0,000, Error: 0,0000 s
abr 04, 2013 12:33:18 PM org.ros.time.RemoteUptimeClock update
INFO: Latency: 31,0000 s, Delta ratio: 0,5000, Drift: 2,000, Error reduction coefficient: 0,000, Error: 0,0000 s
abr 04, 2013 12:33:18 PM org.ros.time.RemoteUptimeClock update
INFO: Latency: 31,0000 s, Delta ratio: 0,5000, Drift: 2,000, Error reduction coefficient: 0,000, Error: 0,0000 s
abr 04, 2013 12:33:18 PM org.ros.time.RemoteUptimeClock update
INFO: Latency: 31,0000 s, Delta ratio: 0,5000, Drift: 2,000, Error reduction coefficient: 0,000, Error: 0,0000 s
abr 04, 2013 12:33:18 PM org.ros.time.RemoteUptimeClock update
INFO: Latency: 31,0000 s, Delta ratio: 0,5000, Drift: 2,000, Error reduction coefficient: 0,000, Error: 0,0000 s
abr 04, 2013 12:33:18 PM org.ros.time.RemoteUptimeClock update
INFO: Latency: 31,0000 s, Delta ratio: 0,5000, Drift: 2,000, Error reduction coefficient: 0,000, Error: 0,0000 s
abr 04, 2013 12:33:18 PM org.ros.time.RemoteUptimeClock update
INFO: Latency: 31,0000 s, Delta ratio: 0,5000, Drift: 2,000, Error reduction coefficient: 0,000, Error: 0,0000 s
abr 04, 2013 12:33:18 PM org.ros.time.RemoteUptimeClock update
INFO: Latency: 31,0000 s, Delta ratio: 0,5000, Drift: 2,000, Error reduction coefficient: 0,000, Error: 0,0000 s
abr 04, 2013 12:33:18 PM org.ros.time.RemoteUptimeClock update
INFO: Latency: 31,0000 s, Delta ratio: 0,5000, Drift: 2,000, Error reduction coefficient: 0,000, Error: 0,0000 s
abr 04, 2013 12:33:18 PM org.ros.time.RemoteUptimeClock update
INFO: Latency: 31,0000 s, Delta ratio: 0,5000, Drift: 2,000, Error reduction coefficient: 0,000, Error: 0,0000 s
abr 04, 2013 12:33:18 PM org.ros.time.RemoteUptimeClock update
INFO: Latency: 31,0000 s, Delta ratio: 0,5000, Drift: 2,000, Error reduction coefficient: 0,000, Error: 0,0000 s
abr 04, 2013 12:33:18 PM org.ros.time.RemoteUptimeClock update
INFO: Latency: 31,0000 s, Delta ratio: 0,5000, Drift: 2,000, Error reduction coefficient: 0,000, Error: 0,0000 s
abr 04, 2013 12:33:18 PM org.ros.time.RemoteUptimeClock update
INFO: Latency: 31,0000 s, Delta ratio: 0,5000, Drift: 2,000, Error reduction coefficient: 0,000, Error: 0,0000 s
abr 04, 2013 12:33:18 PM org.ros.time.RemoteUptimeClock update
INFO: Latency: 31,0000 s, Delta ratio: 0,5000, Drift: 2,000, Error reduction coefficient: 0,000, Error: 0,0000 s
abr 04, 2013 12:33:18 PM org.ros.time.RemoteUptimeClock update
INFO: Latency: 31,0000 s, Delta ratio: 0,5000, Drift: 2,000, Error reduction coefficient: 0,000, Error: 0,0000 s
abr 04, 2013 12:33:18 PM org.ros.time.RemoteUptimeClock update
INFO: Latency: 31,0000 s, Delta ratio: 0,5000, Drift: 2,000, Error reduction coefficient: 0,000, Error: 0,0000 s
abr 04, 2013 12:33:18 PM org.ros.time.RemoteUptimeClock update
INFO: Latency: 31,0000 s, Delta ratio: 0,5000, Drift: 2,000, Error reduction coefficient: 0,000, Error: 0,0000 s
abr 04, 2013 12:33:18 PM org.ros.time.RemoteUptimeClock update
INFO: Latency: 31,0000 s, Delta ratio: 0,5000, Drift: 2,000, Error reduction coefficient: 0,000, Error: 0,0000 s
abr 04, 2013 12:33:18 PM org.ros.time.RemoteUptimeClock update
INFO: Latency: 31,0000 s, Delta ratio: 0,5000, Drift: 2,000, Error reduction coefficient: 0,000, Error: 0,0000 s
abr 04, 2013 12:33:18 PM org.ros.time.RemoteUptimeClock update
INFO: Latency: 31,0000 s, Delta ratio: 0,5000, Drift: 2,000, Error reduction coefficient: 0,000, Error: 0,0000 s
abr 04, 2013 12:33:18 PM org.ros.time.RemoteUptimeClock update
INFO: Latency: 31,0000 s, Delta ratio: 0,5000, Drift: 2,000, Error reduction coefficient: 0,000, Error: 0,0000 s
abr 04, 2013 12:33:18 PM org.ros.time.RemoteUptimeClock update
INFO: Latency: 31,0000 s, Delta ratio: 0,5000, Drift: 2,000, Error reduction coefficient: 0,000, Error: 0,0000 s
abr 04, 2013 12:33:18 PM org.ros.time.RemoteUptimeClock update
INFO: Latency: 31,0000 s, Delta ratio: 0,5000, Drift: 2,000, Error reduction coefficient: 0,000, Error: 0,0000 s
abr 04, 2013 12:33:18 PM org.ros.time.RemoteUptimeClock update
INFO: Latency: 31,0000 s, Delta ratio: 0,5000, Drift: 2,000, Error reduction coefficient: 0,000, Error: 0,0000 s
abr 04, 2013 12:33:18 PM org.ros.time.RemoteUptimeClock update
INFO: Latency: 31,0000 s, Delta ratio: 0,5000, Drift: 2,000, Error reduction coefficient: 0,000, Error: 0,0000 s
abr 04, 2013 12:33:18 PM org.ros.time.RemoteUptimeClock update
INFO: Latency: 31,0000 s, Delta ratio: 0,5000, Drift: 2,000, Error reduction coefficient: 0,000, Error: 0,0000 s
abr 04, 2013 12:33:18 PM org.ros.time.RemoteUptimeClock update
INFO: Latency: 31,0000 s, Delta ratio: 0,5000, Drift: 2,000, Error reduction coefficient: 0,000, Error: 0,0000 s
abr 04, 2013 12:33:18 PM org.ros.time.RemoteUptimeClock update
INFO: Latency: 31,0000 s, Delta ratio: 0,5000, Drift: 2,000, Error reduction coefficient: 0,000, Error: 0,0000 s
abr 04, 2013 12:33:18 PM org.ros.time.RemoteUptimeClock update
INFO: Latency: 31,0000 s, Delta ratio: 0,5000, Drift: 2,000, Error reduction coefficient: 0,000, Error: 0,0000 s
abr 04, 2013 12:33:18 PM org.ros.time.RemoteUptimeClock update
INFO: Latency: 31,0000 s, Delta ratio: 0,5000, Drift: 2,000, Error reduction coefficient: 0,000, Error: 0,0000 s
abr 04, 2013 12:33:18 PM org.ros.time.RemoteUptimeClock update
INFO: Latency: 31,0000 s, Delta ratio: 0,5000, Drift: 2,000, Error reduction coefficient: 0,000, Error: 0,0000 s
abr 04, 2013 12:33:18 PM org.ros.time.RemoteUptimeClock update
INFO: Latency: 31,0000 s, Delta ratio: 0,5000, Drift: 2,000, Error reduction coefficient: 0,000, Error: 0,0000 s
abr 04, 2013 12:33:18 PM org.ros.time.RemoteUptimeClock update
INFO: Latency: 31,0000 s, Delta ratio: 0,5000, Drift: 2,000, Error reduction coefficient: 0,000, Error: 0,0000 s
abr 04, 2013 12:33:18 PM org.ros.time.RemoteUptimeClock update
INFO: Latency: 31,0000 s, Delta ratio: 0,5000, Drift: 2,000, Error reduction coefficient: 0,000, Error: 0,0000 s
abr 04, 2013 12:33:18 PM org.ros.time.RemoteUptimeClock update
INFO: Latency: 31,0000 s, Delta ratio: 0,5000, Drift: 2,000, Error reduction coefficient: 0,000, Error: 0,0000 s
abr 04, 2013 12:33:18 PM org.ros.time.RemoteUptimeClock update
INFO: Latency: 31,0000 s, Delta ratio: 0,5000, Drift: 2,000, Error reduction coefficient: 0,000, Error: 0,0000 s
abr 04, 2013 12:33:18 PM org.ros.time.RemoteUptimeClock update
INFO: Latency: 31,0000 s, Delta ratio: 0,5000, Drift: 2,000, Error reduction coefficient: 0,000, Error: 0,0000 s
abr 04, 2013 12:33:18 PM org.ros.time.RemoteUptimeClock update
INFO: Latency: 31,0000 s, Delta ratio: 0,5000, Drift: 2,000, Error reduction coefficient: 0,000, Error: 0,0000 s
abr 04, 2013 12:33:18 PM org.ros.time.RemoteUptimeClock update
INFO: Latency: 31,0000 s, Delta ratio: 0,5000, Drift: 2,000, Error reduction coefficient: 0,000, Error: 0,0000 s
abr 04, 2013 12:33:18 PM org.ros.time.RemoteUptimeClock update
INFO: Latency: 31,0000 s, Delta ratio: 0,5000, Drift: 2,000, Error reduction coefficient: 0,000, Error: 0,0000 s
abr 04, 2013 12:33:18 PM org.ros.time.RemoteUptimeClock update
INFO: Latency: 31,0000 s, Delta ratio: 0,5000, Drift: 2,000, Error reduction coefficient: 0,000, Error: 0,0000 s
abr 04, 2013 12:33:18 PM org.ros.time.RemoteUptimeClock update
INFO: Latency: 31,0000 s, Delta ratio: 0,5000, Drift: 2,000, Error reduction coefficient: 0,000, Error: 0,0000 s
abr 04, 2013 12:33:18 PM org.ros.time.RemoteUptimeClock update
INFO: Latency: 31,0000 s, Delta ratio: 0,5000, Drift: 2,000, Error reduction coefficient: 0,000, Error: 0,0000 s
abr 04, 2013 12:33:18 PM org.ros.time.RemoteUptimeClock update
INFO: Latency: 31,0000 s, Delta ratio: 0,5000, Drift: 2,000, Error reduction coefficient: 0,000, Error: 0,0000 s
abr 04, 2013 12:33:18 PM org.ros.time.RemoteUptimeClock update
INFO: Latency: 31,0000 s, Delta ratio: 0,5000, Drift: 2,000, Error reduction coefficient: 0,000, Error: 0,0000 s
abr 04, 2013 12:33:18 PM org.ros.time.RemoteUptimeClock update
INFO: Latency: 31,0000 s, Delta ratio: 0,5000, Drift: 2,000, Error reduction coefficient: 0,000, Error: 0,0000 s
abr 04, 2013 12:33:18 PM org.ros.time.RemoteUptimeClock update
INFO: Latency: 31,0000 s, Delta ratio: 0,5000, Drift: 2,000, Error reduction coefficient: 0,000, Error: 0,0000 s
abr 04, 2013 12:33:18 PM org.ros.time.RemoteUptimeClock update
INFO: Latency: 31,0000 s, Delta ratio: 0,5000, Drift: 2,000, Error reduction coefficient: 0,000, Error: 0,0000 s
abr 04, 2013 12:33:18 PM org.ros.time.RemoteUptimeClock update
INFO: Latency: 31,0000 s, Delta ratio: 0,5000, Drift: 2,000, Error reduction coefficient: 0,000, Error: 0,0000 s
abr 04, 2013 12:33:18 PM org.ros.time.RemoteUptimeClock update
INFO: Latency: 31,0000 s, Delta ratio: 0,5000, Drift: 2,000, Error reduction coefficient: 0,000, Error: 0,0000 s
abr 04, 2013 12:33:18 PM org.ros.time.RemoteUptimeClock update
INFO: Latency: 31,0000 s, Delta ratio: 0,5000, Drift: 2,000, Error reduction coefficient: 0,000, Error: 0,0000 s
abr 04, 2013 12:33:18 PM org.ros.time.RemoteUptimeClock update
INFO: Latency: 31,0000 s, Delta ratio: 0,5000, Drift: 2,000, Error reduction coefficient: 0,000, Error: 0,0000 s
abr 04, 2013 12:33:18 PM org.ros.time.RemoteUptimeClock update
INFO: Latency: 31,0000 s, Delta ratio: 0,5000, Drift: 2,000, Error reduction coefficient: 0,000, Error: 0,0000 s
abr 04, 2013 12:33:18 PM org.ros.time.RemoteUptimeClock update
INFO: Latency: 31,0000 s, Delta ratio: 0,5000, Drift: 2,000, Error reduction coefficient: 0,000, Error: 0,0000 s
abr 04, 2013 12:33:18 PM org.ros.time.RemoteUptimeClock update
INFO: Latency: 31,0000 s, Delta ratio: 0,5000, Drift: 2,000, Error reduction coefficient: 0,000, Error: 0,0000 s
abr 04, 2013 12:33:18 PM org.ros.time.RemoteUptimeClock update
INFO: Latency: 31,0000 s, Delta ratio: 0,5000, Drift: 2,000, Error reduction coefficient: 0,000, Error: 0,0000 s
abr 04, 2013 12:33:18 PM org.ros.time.RemoteUptimeClock update
INFO: Latency: 31,0000 s, Delta ratio: 0,5000, Drift: 2,000, Error reduction coefficient: 0,000, Error: 0,0000 s
abr 04, 2013 12:33:18 PM org.ros.time.RemoteUptimeClock update
INFO: Latency: 31,0000 s, Delta ratio: 0,5000, Drift: 2,000, Error reduction coefficient: 0,000, Error: 0,0000 s
abr 04, 2013 12:33:18 PM org.ros.time.RemoteUptimeClock update
INFO: Latency: 31,0000 s, Delta ratio: 0,5000, Drift: 2,000, Error reduction coefficient: 0,000, Error: 0,0000 s
abr 04, 2013 12:33:18 PM org.ros.time.RemoteUptimeClock update
INFO: Latency: 31,0000 s, Delta ratio: 0,5000, Drift: 2,000, Error reduction coefficient: 0,000, Error: 0,0000 s
abr 04, 2013 12:33:18 PM org.ros.time.RemoteUptimeClock update
INFO: Latency: 31,0000 s, Delta ratio: 0,5000, Drift: 2,000, Error reduction coefficient: 0,000, Error: 0,0000 s
abr 04, 2013 12:33:18 PM org.ros.time.RemoteUptimeClock update
INFO: Latency: 31,0000 s, Delta ratio: 0,5000, Drift: 2,000, Error reduction coefficient: 0,000, Error: 0,0000 s
abr 04, 2013 12:33:18 PM org.ros.time.RemoteUptimeClock update
INFO: Latency: 31,0000 s, Delta ratio: 0,5000, Drift: 2,000, Error reduction coefficient: 0,000, Error: 0,0000 s
abr 04, 2013 12:33:18 PM org.ros.time.RemoteUptimeClock update
INFO: Latency: 31,0000 s, Delta ratio: 0,5000, Drift: 2,000, Error reduction coefficient: 0,000, Error: 0,0000 s
abr 04, 2013 12:33:18 PM org.ros.time.RemoteUptimeClock update
INFO: Latency: 31,0000 s, Delta ratio: 0,5000, Drift: 2,000, Error reduction coefficient: 0,000, Error: 0,0000 s
abr 04, 2013 12:33:18 PM org.ros.time.RemoteUptimeClock update
INFO: Latency: 31,0000 s, Delta ratio: 0,5000, Drift: 2,000, Error reduction coefficient: 0,000, Error: 0,0000 s
abr 04, 2013 12:33:18 PM org.ros.time.RemoteUptimeClock update
INFO: Latency: 31,0000 s, Delta ratio: 0,5000, Drift: 2,000, Error reduction coefficient: 0,000, Error: 0,0000 s
abr 04, 2013 12:33:18 PM org.ros.time.RemoteUptimeClock update
INFO: Latency: 31,0000 s, Delta ratio: 0,5000, Drift: 2,000, Error reduction coefficient: 0,000, Error: 0,0000 s
abr 04, 2013 12:33:18 PM org.ros.time.RemoteUptimeClock update
INFO: Latency: 31,0000 s, Delta ratio: 0,5000, Drift: 2,000, Error reduction coefficient: 0,000, Error: 0,0000 s
abr 04, 2013 12:33:18 PM org.ros.time.RemoteUptimeClock update
INFO: Latency: 31,0000 s, Delta ratio: 0,5000, Drift: 2,000, Error reduction coefficient: 0,000, Error: 0,0000 s
abr 04, 2013 12:33:18 PM org.ros.time.RemoteUptimeClock update
INFO: Latency: 31,0000 s, Delta ratio: 0,5000, Drift: 2,000, Error reduction coefficient: 0,000, Error: 0,0000 s
abr 04, 2013 12:33:18 PM org.ros.time.RemoteUptimeClock update
INFO: Latency: 31,0000 s, Delta ratio: 0,5000, Drift: 2,000, Error reduction coefficient: 0,000, Error: 0,0000 s
abr 04, 2013 12:33:18 PM org.ros.time.RemoteUptimeClock update
INFO: Latency: 31,0000 s, Delta ratio: 0,5000, Drift: 2,000, Error reduction coefficient: 0,000, Error: 0,0000 s
abr 04, 2013 12:33:18 PM org.ros.time.RemoteUptimeClock update
INFO: Latency: 31,0000 s, Delta ratio: 0,5000, Drift: 2,000, Error reduction coefficient: 0,000, Error: 0,0000 s
abr 04, 2013 12:33:18 PM org.ros.time.RemoteUptimeClock update
INFO: Latency: 31,0000 s, Delta ratio: 0,5000, Drift: 2,000, Error reduction coefficient: 0,000, Error: 0,0000 s
abr 04, 2013 12:33:18 PM org.ros.time.RemoteUptimeClock update
INFO: Latency: 31,0000 s, Delta ratio: 0,5000, Drift: 2,000, Error reduction coefficient: 0,000, Error: 0,0000 s
abr 04, 2013 12:33:18 PM org.ros.time.RemoteUptimeClock update
INFO: Latency: 31,0000 s, Delta ratio: 0,5000, Drift: 2,000, Error reduction coefficient: 0,000, Error: 0,0000 s
abr 04, 2013 12:33:18 PM org.ros.time.RemoteUptimeClock update
INFO: Latency: 31,0000 s, Delta ratio: 0,5000, Drift: 2,000, Error reduction coefficient: 0,000, Error: 0,0000 s
abr 04, 2013 12:33:18 PM org.ros.time.RemoteUptimeClock update
INFO: Latency: 31,0000 s, Delta ratio: 0,5000, Drift: 2,000, Error reduction coefficient: 0,000, Error: 0,0000 s
abr 04, 2013 12:33:18 PM org.ros.time.RemoteUptimeClock update
INFO: Latency: 31,0000 s, Delta ratio: 0,5000, Drift: 2,000, Error reduction coefficient: 0,000, Error: 0,0000 s
abr 04, 2013 12:33:18 PM org.ros.time.RemoteUptimeClock update
INFO: Latency: 31,0000 s, Delta ratio: 0,5000, Drift: 2,000, Error reduction coefficient: 0,000, Error: 0,0000 s
abr 04, 2013 12:33:18 PM org.ros.time.RemoteUptimeClock update
INFO: Latency: 31,0000 s, Delta ratio: 0,5000, Drift: 2,000, Error reduction coefficient: 0,000, Error: 0,0000 s
abr 04, 2013 12:33:18 PM org.ros.time.RemoteUptimeClock update
INFO: Latency: 31,0000 s, Delta ratio: 0,5000, Drift: 2,000, Error reduction coefficient: 0,000, Error: 0,0000 s
abr 04, 2013 12:33:18 PM org.ros.time.RemoteUptimeClock update
INFO: Latency: 31,0000 s, Delta ratio: 0,5000, Drift: 2,000, Error reduction coefficient: 0,000, Error: 0,0000 s
abr 04, 2013 12:33:18 PM org.ros.time.RemoteUptimeClock update
INFO: Latency: 31,0000 s, Delta ratio: 0,5000, Drift: 2,000, Error reduction coefficient: 0,000, Error: 0,0000 s
abr 04, 2013 12:33:18 PM org.ros.time.RemoteUptimeClock update
INFO: Latency: 31,0000 s, Delta ratio: 0,5000, Drift: 2,000, Error reduction coefficient: 0,000, Error: 0,0000 s
abr 04, 2013 12:33:18 PM org.ros.time.RemoteUptimeClock update
INFO: Latency: 31,0000 s, Delta ratio: 0,5000, Drift: 2,000, Error reduction coefficient: 0,000, Error: 0,0000 s
abr 04, 2013 12:33:18 PM org.ros.time.RemoteUptimeClock update
INFO: Latency: 31,0000 s, Delta ratio: 0,5000, Drift: 2,000, Error reduction coefficient: 0,000, Error: 0,0000 s
abr 04, 2013 12:33:18 PM org.ros.time.RemoteUptimeClock update
INFO: Latency: 31,0000 s, Delta ratio: 0,5000, Drift: 2,000, Error reduction coefficient: 0,000, Error: 0,0000 s
abr 04, 2013 12:33:18 PM org.ros.time.RemoteUptimeClock update
INFO: Latency: 31,0000 s, Delta ratio: 0,5000, Drift: 2,000, Error reduction coefficient: 0,000, Error: 0,0000 s
abr 04, 2013 12:33:18 PM org.ros.time.RemoteUptimeClock update
INFO: Latency: 31,0000 s, Delta ratio: 0,5000, Drift: 2,000, Error reduction coefficient: 0,000, Error: 0,0000 s
abr 04, 2013 12:33:18 PM org.ros.time.RemoteUptimeClock update
INFO: Latency: 31,0000 s, Delta ratio: 0,5000, Drift: 2,000, Error reduction coefficient: 0,000, Error: 0,0000 s
abr 04, 2013 12:33:18 PM org.ros.time.RemoteUptimeClock update
INFO: Latency: 31,0000 s, Delta ratio: 0,5000, Drift: 2,000, Error reduction coefficient: 0,000, Error: 0,0000 s
abr 04, 2013 12:33:18 PM org.ros.time.RemoteUptimeClock update
INFO: Latency: 31,0000 s, Delta ratio: 0,5000, Drift: 2,000, Error reduction coefficient: 0,000, Error: 0,0000 s
abr 04, 2013 12:33:18 PM org.ros.time.RemoteUptimeClock update
INFO: Latency: 31,0000 s, Delta ratio: 0,5000, Drift: 2,000, Error reduction coefficient: 0,000, Error: 0,0000 s
abr 04, 2013 12:33:18 PM org.ros.time.RemoteUptimeClock update
INFO: Latency: 31,0000 s, Delta ratio: 0,5000, Drift: 2,000, Error reduction coefficient: 0,000, Error: 0,0000 s
abr 04, 2013 12:33:18 PM org.ros.time.RemoteUptimeClock update
INFO: Latency: 31,0000 s, Delta ratio: 0,5000, Drift: 2,000, Error reduction coefficient: 0,000, Error: 0,0000 s
abr 04, 2013 12:33:18 PM org.ros.time.RemoteUptimeClock update
INFO: Latency: 31,0000 s, Delta ratio: 0,5000, Drift: 2,000, Error reduction coefficient: 0,000, Error: 0,0000 s
abr 04, 2013 12:33:18 PM org.ros.time.RemoteUptimeClock update
INFO: Latency: 31,0000 s, Delta ratio: 0,5000, Drift: 2,000, Error reduction coefficient: 0,000, Error: 0,0000 s
abr 04, 2013 12:33:18 PM org.ros.time.RemoteUptimeClock update
INFO: Latency: 31,0000 s, Delta ratio: 0,5000, Drift: 2,000, Error reduction coefficient: 0,000, Error: 0,0000 s
abr 04, 2013 12:33:18 PM org.ros.time.RemoteUptimeClock update
INFO: Latency: 31,0000 s, Delta ratio: 0,5000, Drift: 2,000, Error reduction coefficient: 0,000, Error: 0,0000 s
abr 04, 2013 12:33:18 PM org.ros.time.RemoteUptimeClock update
INFO: Latency: 31,0000 s, Delta ratio: 0,5000, Drift: 2,000, Error reduction coefficient: 0,000, Error: 0,0000 s
abr 04, 2013 12:33:18 PM org.ros.time.RemoteUptimeClock update
INFO: Latency: 31,0000 s, Delta ratio: 0,5000, Drift: 2,000, Error reduction coefficient: 0,000, Error: 0,0000 s
abr 04, 2013 12:33:18 PM org.ros.time.RemoteUptimeClock update
INFO: Latency: 31,0000 s, Delta ratio: 0,5000, Drift: 2,000, Error reduction coefficient: 0,000, Error: 0,0000 s
abr 04, 2013 12:33:18 PM org.ros.time.RemoteUptimeClock update
INFO: Latency: 31,0000 s, Delta ratio: 0,5000, Drift: 2,000, Error reduction coefficient: 0,000, Error: 0,0000 s
abr 04, 2013 12:33:18 PM org.ros.time.RemoteUptimeClock update
INFO: Latency: 31,0000 s, Delta ratio: 0,5000, Drift: 2,000, Error reduction coefficient: 0,000, Error: 0,0000 s
abr 04, 2013 12:33:18 PM org.ros.time.RemoteUptimeClock update
INFO: Latency: 31,0000 s, Delta ratio: 0,5000, Drift: 2,000, Error reduction coefficient: 0,000, Error: 0,0000 s
abr 04, 2013 12:33:18 PM org.ros.time.RemoteUptimeClock update
INFO: Latency: 31,0000 s, Delta ratio: 0,5000, Drift: 2,000, Error reduction coefficient: 0,000, Error: 0,0000 s
abr 04, 2013 12:33:18 PM org.ros.time.RemoteUptimeClock update
INFO: Latency: 31,0000 s, Delta ratio: 0,5000, Drift: 2,000, Error reduction coefficient: 0,000, Error: 0,0000 s
abr 04, 2013 12:33:18 PM org.ros.time.RemoteUptimeClock update
INFO: Latency: 31,0000 s, Delta ratio: 0,5000, Drift: 2,000, Error reduction coefficient: 0,000, Error: 0,0000 s
abr 04, 2013 12:33:18 PM org.ros.time.RemoteUptimeClock update
INFO: Latency: 31,0000 s, Delta ratio: 0,5000, Drift: 2,000, Error reduction coefficient: 0,000, Error: 0,0000 s
abr 04, 2013 12:33:18 PM org.ros.time.RemoteUptimeClock update
INFO: Latency: 31,0000 s, Delta ratio: 0,5000, Drift: 2,000, Error reduction coefficient: 0,000, Error: 0,0000 s
abr 04, 2013 12:33:18 PM org.ros.time.RemoteUptimeClock update
INFO: Latency: 31,0000 s, Delta ratio: 0,5000, Drift: 2,000, Error reduction coefficient: 0,000, Error: 0,0000 s
abr 04, 2013 12:33:18 PM org.ros.time.RemoteUptimeClock update
INFO: Latency: 31,0000 s, Delta ratio: 0,5000, Drift: 2,000, Error reduction coefficient: 0,000, Error: 0,0000 s
abr 04, 2013 12:33:18 PM org.ros.time.RemoteUptimeClock update
INFO: Latency: 31,0000 s, Delta ratio: 0,5000, Drift: 2,000, Error reduction coefficient: 0,000, Error: 0,0000 s
abr 04, 2013 12:33:18 PM org.ros.time.RemoteUptimeClock update
INFO: Latency: 31,0000 s, Delta ratio: 0,5000, Drift: 2,000, Error reduction coefficient: 0,000, Error: 0,0000 s
abr 04, 2013 12:33:18 PM org.ros.time.RemoteUptimeClock update
INFO: Latency: 31,0000 s, Delta ratio: 0,5000, Drift: 2,000, Error reduction coefficient: 0,000, Error: 0,0000 s
abr 04, 2013 12:33:18 PM org.ros.time.RemoteUptimeClock update
INFO: Latency: 31,0000 s, Delta ratio: 0,5000, Drift: 2,000, Error reduction coefficient: 0,000, Error: 0,0000 s
abr 04, 2013 12:33:18 PM org.ros.time.RemoteUptimeClock update
INFO: Latency: 31,0000 s, Delta ratio: 0,5000, Drift: 2,000, Error reduction coefficient: 0,000, Error: 0,0000 s
abr 04, 2013 12:33:18 PM org.ros.time.RemoteUptimeClock update
INFO: Latency: 31,0000 s, Delta ratio: 0,5000, Drift: 2,000, Error reduction coefficient: 0,000, Error: 0,0000 s
abr 04, 2013 12:33:18 PM org.ros.time.RemoteUptimeClock update
INFO: Latency: 31,0000 s, Delta ratio: 0,5000, Drift: 2,000, Error reduction coefficient: 0,000, Error: 0,0000 s
abr 04, 2013 12:33:18 PM org.ros.time.RemoteUptimeClock update
INFO: Latency: 31,0000 s, Delta ratio: 0,5000, Drift: 2,000, Error reduction coefficient: 0,000, Error: 0,0000 s
abr 04, 2013 12:33:18 PM org.ros.time.RemoteUptimeClock update
INFO: Latency: 31,0000 s, Delta ratio: 0,5000, Drift: 2,000, Error reduction coefficient: 0,000, Error: 0,0000 s
abr 04, 2013 12:33:18 PM org.ros.time.RemoteUptimeClock update
INFO: Latency: 31,0000 s, Delta ratio: 0,5000, Drift: 2,000, Error reduction coefficient: 0,000, Error: 0,0000 s
abr 04, 2013 12:33:18 PM org.ros.time.RemoteUptimeClock update
INFO: Latency: 31,0000 s, Delta ratio: 0,5000, Drift: 2,000, Error reduction coefficient: 0,000, Error: 0,0000 s
abr 04, 2013 12:33:18 PM org.ros.time.RemoteUptimeClock update
INFO: Latency: 31,0000 s, Delta ratio: 0,5000, Drift: 2,000, Error reduction coefficient: 0,000, Error: 0,0000 s
abr 04, 2013 12:33:18 PM org.ros.time.RemoteUptimeClock update
INFO: Latency: 31,0000 s, Delta ratio: 0,5000, Drift: 2,000, Error reduction coefficient: 0,000, Error: 0,0000 s
abr 04, 2013 12:33:18 PM org.ros.time.RemoteUptimeClock update
INFO: Latency: 31,0000 s, Delta ratio: 0,5000, Drift: 2,000, Error reduction coefficient: 0,000, Error: 0,0000 s
abr 04, 2013 12:33:18 PM org.ros.time.RemoteUptimeClock update
INFO: Latency: 31,0000 s, Delta ratio: 0,5000, Drift: 2,000, Error reduction coefficient: 0,000, Error: 0,0000 s
abr 04, 2013 12:33:18 PM org.ros.time.RemoteUptimeClock update
INFO: Latency: 31,0000 s, Delta ratio: 0,5000, Drift: 2,000, Error reduction coefficient: 0,000, Error: 0,0000 s
abr 04, 2013 12:33:18 PM org.ros.time.RemoteUptimeClock update
INFO: Latency: 31,0000 s, Delta ratio: 0,5000, Drift: 2,000, Error reduction coefficient: 0,000, Error: 0,0000 s
abr 04, 2013 12:33:18 PM org.ros.time.RemoteUptimeClock update
INFO: Latency: 31,0000 s, Delta ratio: 0,5000, Drift: 2,000, Error reduction coefficient: 0,000, Error: 0,0000 s
abr 04, 2013 12:33:18 PM org.ros.time.RemoteUptimeClock update
INFO: Latency: 31,0000 s, Delta ratio: 0,5000, Drift: 2,000, Error reduction coefficient: 0,000, Error: 0,0000 s
abr 04, 2013 12:33:18 PM org.ros.time.RemoteUptimeClock update
INFO: Latency: 31,0000 s, Delta ratio: 0,5000, Drift: 2,000, Error reduction coefficient: 0,000, Error: 0,0000 s
abr 04, 2013 12:33:18 PM org.ros.time.RemoteUptimeClock update
INFO: Latency: 31,0000 s, Delta ratio: 0,5000, Drift: 2,000, Error reduction coefficient: 0,000, Error: 0,0000 s
abr 04, 2013 12:33:18 PM org.ros.time.RemoteUptimeClock update
INFO: Latency: 31,0000 s, Delta ratio: 0,5000, Drift: 2,000, Error reduction coefficient: 0,000, Error: 0,0000 s
abr 04, 2013 12:33:18 PM org.ros.time.RemoteUptimeClock update
INFO: Latency: 31,0000 s, Delta ratio: 0,5000, Drift: 2,000, Error reduction coefficient: 0,000, Error: 0,0000 s
abr 04, 2013 12:33:18 PM org.ros.time.RemoteUptimeClock update
INFO: Latency: 31,0000 s, Delta ratio: 0,5000, Drift: 2,000, Error reduction coefficient: 0,000, Error: 0,0000 s
abr 04, 2013 12:33:18 PM org.ros.time.RemoteUptimeClock update
INFO: Latency: 31,0000 s, Delta ratio: 0,5000, Drift: 2,000, Error reduction coefficient: 0,000, Error: 0,0000 s
abr 04, 2013 12:33:18 PM org.ros.time.RemoteUptimeClock update
INFO: Latency: 31,0000 s, Delta ratio: 0,5000, Drift: 2,000, Error reduction coefficient: 0,000, Error: 0,0000 s
abr 04, 2013 12:33:18 PM org.ros.time.RemoteUptimeClock update
INFO: Latency: 31,0000 s, Delta ratio: 0,5000, Drift: 2,000, Error reduction coefficient: 0,000, Error: 0,0000 s
abr 04, 2013 12:33:18 PM org.ros.time.RemoteUptimeClock update
INFO: Latency: 31,0000 s, Delta ratio: 0,5000, Drift: 2,000, Error reduction coefficient: 0,000, Error: 0,0000 s
abr 04, 2013 12:33:18 PM org.ros.time.RemoteUptimeClock update
INFO: Latency: 31,0000 s, Delta ratio: 0,5000, Drift: 2,000, Error reduction coefficient: 0,000, Error: 0,0000 s
abr 04, 2013 12:33:18 PM org.ros.time.RemoteUptimeClock update
INFO: Latency: 31,0000 s, Delta ratio: 0,5000, Drift: 2,000, Error reduction coefficient: 0,000, Error: 0,0000 s
abr 04, 2013 12:33:18 PM org.ros.time.RemoteUptimeClock update
INFO: Latency: 31,0000 s, Delta ratio: 0,5000, Drift: 2,000, Error reduction coefficient: 0,000, Error: 0,0000 s
abr 04, 2013 12:33:18 PM org.ros.time.RemoteUptimeClock update
INFO: Latency: 31,0000 s, Delta ratio: 0,5000, Drift: 2,000, Error reduction coefficient: 0,000, Error: 0,0000 s
abr 04, 2013 12:33:18 PM org.ros.time.RemoteUptimeClock update
INFO: Latency: 31,0000 s, Delta ratio: 0,5000, Drift: 2,000, Error reduction coefficient: 0,000, Error: 0,0000 s
abr 04, 2013 12:33:18 PM org.ros.time.RemoteUptimeClock update
INFO: Latency: 31,0000 s, Delta ratio: 0,5000, Drift: 2,000, Error reduction coefficient: 0,000, Error: 0,0000 s
abr 04, 2013 12:33:18 PM org.ros.time.RemoteUptimeClock update
INFO: Latency: 31,0000 s, Delta ratio: 0,5000, Drift: 2,000, Error reduction coefficient: 0,000, Error: 0,0000 s
abr 04, 2013 12:33:18 PM org.ros.time.RemoteUptimeClock update
INFO: Latency: 31,0000 s, Delta ratio: 0,5000, Drift: 2,000, Error reduction coefficient: 0,000, Error: 0,0000 s
abr 04, 2013 12:33:18 PM org.ros.time.RemoteUptimeClock update
INFO: Latency: 31,0000 s, Delta ratio: 0,5000, Drift: 2,000, Error reduction coefficient: 0,000, Error: 0,0000 s
abr 04, 2013 12:33:18 PM org.ros.time.RemoteUptimeClock update
INFO: Latency: 31,0000 s, Delta ratio: 0,5000, Drift: 2,000, Error reduction coefficient: 0,000, Error: 0,0000 s
abr 04, 2013 12:33:18 PM org.ros.time.RemoteUptimeClock update
INFO: Latency: 31,0000 s, Delta ratio: 0,5000, Drift: 2,000, Error reduction coefficient: 0,000, Error: 0,0000 s
abr 04, 2013 12:33:18 PM org.ros.time.RemoteUptimeClock update
INFO: Latency: 31,0000 s, Delta ratio: 0,5000, Drift: 2,000, Error reduction coefficient: 0,000, Error: 0,0000 s
abr 04, 2013 12:33:18 PM org.ros.time.RemoteUptimeClock update
INFO: Latency: 31,0000 s, Delta ratio: 0,5000, Drift: 2,000, Error reduction coefficient: 0,000, Error: 0,0000 s
abr 04, 2013 12:33:18 PM org.ros.time.RemoteUptimeClock update
INFO: Latency: 31,0000 s, Delta ratio: 0,5000, Drift: 2,000, Error reduction coefficient: 0,000, Error: 0,0000 s
abr 04, 2013 12:33:18 PM org.ros.time.RemoteUptimeClock update
INFO: Latency: 31,0000 s, Delta ratio: 0,5000, Drift: 2,000, Error reduction coefficient: 0,000, Error: 0,0000 s
abr 04, 2013 12:33:18 PM org.ros.time.RemoteUptimeClock update
INFO: Latency: 31,0000 s, Delta ratio: 0,5000, Drift: 2,000, Error reduction coefficient: 0,000, Error: 0,0000 s
abr 04, 2013 12:33:18 PM org.ros.time.RemoteUptimeClock update
INFO: Latency: 31,0000 s, Delta ratio: 0,5000, Drift: 2,000, Error reduction coefficient: 0,000, Error: 0,0000 s
abr 04, 2013 12:33:18 PM org.ros.time.RemoteUptimeClock update
INFO: Latency: 31,0000 s, Delta ratio: 0,5000, Drift: 2,000, Error reduction coefficient: 0,000, Error: 0,0000 s
abr 04, 2013 12:33:18 PM org.ros.time.RemoteUptimeClock update
INFO: Latency: 31,0000 s, Delta ratio: 0,5000, Drift: 2,000, Error reduction coefficient: 0,000, Error: 0,0000 s
abr 04, 2013 12:33:18 PM org.ros.time.RemoteUptimeClock update
INFO: Latency: 31,0000 s, Delta ratio: 0,5000, Drift: 2,000, Error reduction coefficient: 0,000, Error: 0,0000 s
abr 04, 2013 12:33:18 PM org.ros.time.RemoteUptimeClock update
INFO: Latency: 31,0000 s, Delta ratio: 0,5000, Drift: 2,000, Error reduction coefficient: 0,000, Error: 0,0000 s
abr 04, 2013 12:33:18 PM org.ros.time.RemoteUptimeClock update
INFO: Latency: 31,0000 s, Delta ratio: 0,5000, Drift: 2,000, Error reduction coefficient: 0,000, Error: 0,0000 s
abr 04, 2013 12:33:18 PM org.ros.time.RemoteUptimeClock update
INFO: Latency: 31,0000 s, Delta ratio: 0,5000, Drift: 2,000, Error reduction coefficient: 0,000, Error: 0,0000 s
abr 04, 2013 12:33:18 PM org.ros.time.RemoteUptimeClock update
INFO: Latency: 31,0000 s, Delta ratio: 0,5000, Drift: 2,000, Error reduction coefficient: 0,000, Error: 0,0000 s
abr 04, 2013 12:33:18 PM org.ros.time.RemoteUptimeClock update
INFO: Latency: 31,0000 s, Delta ratio: 0,5000, Drift: 2,000, Error reduction coefficient: 0,000, Error: 0,0000 s
abr 04, 2013 12:33:18 PM org.ros.time.RemoteUptimeClock update
INFO: Latency: 31,0000 s, Delta ratio: 0,5000, Drift: 2,000, Error reduction coefficient: 0,000, Error: 0,0000 s
abr 04, 2013 12:33:18 PM org.ros.time.RemoteUptimeClock update
INFO: Latency: 31,0000 s, Delta ratio: 0,5000, Drift: 2,000, Error reduction coefficient: 0,000, Error: 0,0000 s
abr 04, 2013 12:33:18 PM org.ros.time.RemoteUptimeClock update
INFO: Latency: 31,0000 s, Delta ratio: 0,5000, Drift: 2,000, Error reduction coefficient: 0,000, Error: 0,0000 s
abr 04, 2013 12:33:18 PM org.ros.time.RemoteUptimeClock update
INFO: Latency: 31,0000 s, Delta ratio: 0,5000, Drift: 2,000, Error reduction coefficient: 0,000, Error: 0,0000 s
abr 04, 2013 12:33:18 PM org.ros.time.RemoteUptimeClock update
INFO: Latency: 31,0000 s, Delta ratio: 0,5000, Drift: 2,000, Error reduction coefficient: 0,000, Error: 0,0000 s
abr 04, 2013 12:33:18 PM org.ros.time.RemoteUptimeClock update
INFO: Latency: 31,0000 s, Delta ratio: 0,5000, Drift: 2,000, Error reduction coefficient: 0,000, Error: 0,0000 s
abr 04, 2013 12:33:18 PM org.ros.time.RemoteUptimeClock update
INFO: Latency: 31,0000 s, Delta ratio: 0,5000, Drift: 2,000, Error reduction coefficient: 0,000, Error: 0,0000 s
abr 04, 2013 12:33:18 PM org.ros.time.RemoteUptimeClock update
INFO: Latency: 31,0000 s, Delta ratio: 0,5000, Drift: 2,000, Error reduction coefficient: 0,000, Error: 0,0000 s
abr 04, 2013 12:33:18 PM org.ros.time.RemoteUptimeClock update
INFO: Latency: 31,0000 s, Delta ratio: 0,5000, Drift: 2,000, Error reduction coefficient: 0,000, Error: 0,0000 s
abr 04, 2013 12:33:18 PM org.ros.time.RemoteUptimeClock update
INFO: Latency: 31,0000 s, Delta ratio: 0,5000, Drift: 2,000, Error reduction coefficient: 0,000, Error: 0,0000 s
abr 04, 2013 12:33:18 PM org.ros.time.RemoteUptimeClock update
INFO: Latency: 31,0000 s, Delta ratio: 0,5000, Drift: 2,000, Error reduction coefficient: 0,000, Error: 0,0000 s
abr 04, 2013 12:33:18 PM org.ros.time.RemoteUptimeClock update
INFO: Latency: 31,0000 s, Delta ratio: 0,5000, Drift: 2,000, Error reduction coefficient: 0,000, Error: 0,0000 s
abr 04, 2013 12:33:18 PM org.ros.time.RemoteUptimeClock update
INFO: Latency: 31,0000 s, Delta ratio: 0,5000, Drift: 2,000, Error reduction coefficient: 0,000, Error: 0,0000 s
abr 04, 2013 12:33:18 PM org.ros.time.RemoteUptimeClock update
INFO: Latency: 31,0000 s, Delta ratio: 0,5000, Drift: 2,000, Error reduction coefficient: 0,000, Error: 0,0000 s
abr 04, 2013 12:33:18 PM org.ros.time.RemoteUptimeClock update
INFO: Latency: 31,0000 s, Delta ratio: 0,5000, Drift: 2,000, Error reduction coefficient: 0,000, Error: 0,0000 s
abr 04, 2013 12:33:18 PM org.ros.time.RemoteUptimeClock update
INFO: Latency: 31,0000 s, Delta ratio: 0,5000, Drift: 2,000, Error reduction coefficient: 0,000, Error: 0,0000 s
abr 04, 2013 12:33:18 PM org.ros.time.RemoteUptimeClock update
INFO: Latency: 31,0000 s, Delta ratio: 0,5000, Drift: 2,000, Error reduction coefficient: 0,000, Error: 0,0000 s
abr 04, 2013 12:33:18 PM org.ros.time.RemoteUptimeClock update
INFO: Latency: 31,0000 s, Delta ratio: 0,5000, Drift: 2,000, Error reduction coefficient: 0,000, Error: 0,0000 s
abr 04, 2013 12:33:18 PM org.ros.time.RemoteUptimeClock update
INFO: Latency: 31,0000 s, Delta ratio: 0,5000, Drift: 2,000, Error reduction coefficient: 0,000, Error: 0,0000 s
abr 04, 2013 12:33:18 PM org.ros.time.RemoteUptimeClock update
INFO: Latency: 31,0000 s, Delta ratio: 0,5000, Drift: 2,000, Error reduction coefficient: 0,000, Error: 0,0000 s
abr 04, 2013 12:33:18 PM org.ros.time.RemoteUptimeClock update
INFO: Latency: 31,0000 s, Delta ratio: 0,5000, Drift: 2,000, Error reduction coefficient: 0,000, Error: 0,0000 s
abr 04, 2013 12:33:18 PM org.ros.time.RemoteUptimeClock update
INFO: Latency: 31,0000 s, Delta ratio: 0,5000, Drift: 2,000, Error reduction coefficient: 0,000, Error: 0,0000 s
abr 04, 2013 12:33:18 PM org.ros.time.RemoteUptimeClock update
INFO: Latency: 31,0000 s, Delta ratio: 0,5000, Drift: 2,000, Error reduction coefficient: 0,000, Error: 0,0000 s
abr 04, 2013 12:33:18 PM org.ros.time.RemoteUptimeClock update
INFO: Latency: 31,0000 s, Delta ratio: 0,5000, Drift: 2,000, Error reduction coefficient: 0,000, Error: 0,0000 s
abr 04, 2013 12:33:18 PM org.ros.time.RemoteUptimeClock update
INFO: Latency: 31,0000 s, Delta ratio: 0,5000, Drift: 2,000, Error reduction coefficient: 0,000, Error: 0,0000 s
abr 04, 2013 12:33:18 PM org.ros.time.RemoteUptimeClock update
INFO: Latency: 31,0000 s, Delta ratio: 0,5000, Drift: 2,000, Error reduction coefficient: 0,000, Error: 0,0000 s
abr 04, 2013 12:33:18 PM org.ros.time.RemoteUptimeClock update
INFO: Latency: 31,0000 s, Delta ratio: 0,5000, Drift: 2,000, Error reduction coefficient: 0,000, Error: 0,0000 s
abr 04, 2013 12:33:18 PM org.ros.time.RemoteUptimeClock update
INFO: Latency: 31,0000 s, Delta ratio: 0,5000, Drift: 2,000, Error reduction coefficient: 0,000, Error: 0,0000 s
abr 04, 2013 12:33:18 PM org.ros.time.RemoteUptimeClock update
INFO: Latency: 31,0000 s, Delta ratio: 0,5000, Drift: 2,000, Error reduction coefficient: 0,000, Error: 0,0000 s
abr 04, 2013 12:33:18 PM org.ros.time.RemoteUptimeClock update
INFO: Latency: 31,0000 s, Delta ratio: 0,5000, Drift: 2,000, Error reduction coefficient: 0,000, Error: 0,0000 s
abr 04, 2013 12:33:18 PM org.ros.time.RemoteUptimeClock update
INFO: Latency: 31,0000 s, Delta ratio: 0,5000, Drift: 2,000, Error reduction coefficient: 0,000, Error: 0,0000 s
abr 04, 2013 12:33:18 PM org.ros.time.RemoteUptimeClock update
INFO: Latency: 31,0000 s, Delta ratio: 0,5000, Drift: 2,000, Error reduction coefficient: 0,000, Error: 0,0000 s
abr 04, 2013 12:33:18 PM org.ros.time.RemoteUptimeClock update
INFO: Latency: 31,0000 s, Delta ratio: 0,5000, Drift: 2,000, Error reduction coefficient: 0,000, Error: 0,0000 s
abr 04, 2013 12:33:18 PM org.ros.time.RemoteUptimeClock update
INFO: Latency: 31,0000 s, Delta ratio: 0,5000, Drift: 2,000, Error reduction coefficient: 0,000, Error: 0,0000 s
abr 04, 2013 12:33:18 PM org.ros.time.RemoteUptimeClock update
INFO: Latency: 31,0000 s, Delta ratio: 0,5000, Drift: 2,000, Error reduction coefficient: 0,000, Error: 0,0000 s
abr 04, 2013 12:33:18 PM org.ros.time.RemoteUptimeClock update
INFO: Latency: 31,0000 s, Delta ratio: 0,5000, Drift: 2,000, Error reduction coefficient: 0,000, Error: 0,0000 s
abr 04, 2013 12:33:18 PM org.ros.time.RemoteUptimeClock update
INFO: Latency: 31,0000 s, Delta ratio: 0,5000, Drift: 2,000, Error reduction coefficient: 0,000, Error: 0,0000 s
abr 04, 2013 12:33:18 PM org.ros.time.RemoteUptimeClock update
INFO: Latency: 31,0000 s, Delta ratio: 0,5000, Drift: 2,000, Error reduction coefficient: 0,000, Error: 0,0000 s
abr 04, 2013 12:33:18 PM org.ros.time.RemoteUptimeClock update
INFO: Latency: 31,0000 s, Delta ratio: 0,5000, Drift: 2,000, Error reduction coefficient: 0,000, Error: 0,0000 s
abr 04, 2013 12:33:18 PM org.ros.time.RemoteUptimeClock update
INFO: Latency: 31,0000 s, Delta ratio: 0,5000, Drift: 2,000, Error reduction coefficient: 0,000, Error: 0,0000 s
abr 04, 2013 12:33:18 PM org.ros.time.RemoteUptimeClock update
INFO: Latency: 31,0000 s, Delta ratio: 0,5000, Drift: 2,000, Error reduction coefficient: 0,000, Error: 0,0000 s
abr 04, 2013 12:33:18 PM org.ros.time.RemoteUptimeClock update
INFO: Latency: 31,0000 s, Delta ratio: 0,5000, Drift: 2,000, Error reduction coefficient: 0,000, Error: 0,0000 s
abr 04, 2013 12:33:18 PM org.ros.time.RemoteUptimeClock update
INFO: Latency: 31,0000 s, Delta ratio: 0,5000, Drift: 2,000, Error reduction coefficient: 0,000, Error: 0,0000 s
abr 04, 2013 12:33:18 PM org.ros.time.RemoteUptimeClock update
INFO: Latency: 31,0000 s, Delta ratio: 0,5000, Drift: 2,000, Error reduction coefficient: 0,000, Error: 0,0000 s
abr 04, 2013 12:33:18 PM org.ros.time.RemoteUptimeClock update
INFO: Latency: 31,0000 s, Delta ratio: 0,5000, Drift: 2,000, Error reduction coefficient: 0,000, Error: 0,0000 s
abr 04, 2013 12:33:18 PM org.ros.time.RemoteUptimeClock update
INFO: Latency: 31,0000 s, Delta ratio: 0,5000, Drift: 2,000, Error reduction coefficient: 0,000, Error: 0,0000 s
abr 04, 2013 12:33:18 PM org.ros.time.RemoteUptimeClock update
INFO: Latency: 31,0000 s, Delta ratio: 0,5000, Drift: 2,000, Error reduction coefficient: 0,000, Error: 0,0000 s
abr 04, 2013 12:33:18 PM org.ros.time.RemoteUptimeClock update
INFO: Latency: 31,0000 s, Delta ratio: 0,5000, Drift: 2,000, Error reduction coefficient: 0,000, Error: 0,0000 s
abr 04, 2013 12:33:18 PM org.ros.time.RemoteUptimeClock update
INFO: Latency: 31,0000 s, Delta ratio: 0,5000, Drift: 2,000, Error reduction coefficient: 0,000, Error: 0,0000 s
abr 04, 2013 12:33:18 PM org.ros.time.RemoteUptimeClock update
INFO: Latency: 31,0000 s, Delta ratio: 0,5000, Drift: 2,000, Error reduction coefficient: 0,000, Error: 0,0000 s
abr 04, 2013 12:33:18 PM org.ros.time.RemoteUptimeClock update
INFO: Latency: 31,0000 s, Delta ratio: 0,5000, Drift: 2,000, Error reduction coefficient: 0,000, Error: 0,0000 s
abr 04, 2013 12:33:18 PM org.ros.time.RemoteUptimeClock update
INFO: Latency: 31,0000 s, Delta ratio: 0,5000, Drift: 2,000, Error reduction coefficient: 0,000, Error: 0,0000 s
abr 04, 2013 12:33:18 PM org.ros.time.RemoteUptimeClock update
INFO: Latency: 31,0000 s, Delta ratio: 0,5000, Drift: 2,000, Error reduction coefficient: 0,000, Error: 0,0000 s
abr 04, 2013 12:33:18 PM org.ros.time.RemoteUptimeClock update
INFO: Latency: 31,0000 s, Delta ratio: 0,5000, Drift: 2,000, Error reduction coefficient: 0,000, Error: 0,0000 s
abr 04, 2013 12:33:18 PM org.ros.time.RemoteUptimeClock update
INFO: Latency: 31,0000 s, Delta ratio: 0,5000, Drift: 2,000, Error reduction coefficient: 0,000, Error: 0,0000 s
abr 04, 2013 12:33:18 PM org.ros.time.RemoteUptimeClock update
INFO: Latency: 31,0000 s, Delta ratio: 0,5000, Drift: 2,000, Error reduction coefficient: 0,000, Error: 0,0000 s
abr 04, 2013 12:33:18 PM org.ros.time.RemoteUptimeClock update
INFO: Latency: 31,0000 s, Delta ratio: 0,5000, Drift: 2,000, Error reduction coefficient: 0,000, Error: 0,0000 s
abr 04, 2013 12:33:18 PM org.ros.time.RemoteUptimeClock update
INFO: Latency: 31,0000 s, Delta ratio: 0,5000, Drift: 2,000, Error reduction coefficient: 0,000, Error: 0,0000 s
abr 04, 2013 12:33:18 PM org.ros.time.RemoteUptimeClock update
INFO: Latency: 31,0000 s, Delta ratio: 0,5000, Drift: 2,000, Error reduction coefficient: 0,000, Error: 0,0000 s
abr 04, 2013 12:33:18 PM org.ros.time.RemoteUptimeClock update
INFO: Latency: 31,0000 s, Delta ratio: 0,5000, Drift: 2,000, Error reduction coefficient: 0,000, Error: 0,0000 s
abr 04, 2013 12:33:18 PM org.ros.time.RemoteUptimeClock update
INFO: Latency: 31,0000 s, Delta ratio: 0,5000, Drift: 2,000, Error reduction coefficient: 0,000, Error: 0,0000 s
abr 04, 2013 12:33:18 PM org.ros.time.RemoteUptimeClock update
INFO: Latency: 31,0000 s, Delta ratio: 0,5000, Drift: 2,000, Error reduction coefficient: 0,000, Error: 0,0000 s
abr 04, 2013 12:33:18 PM org.ros.time.RemoteUptimeClock update
INFO: Latency: 31,0000 s, Delta ratio: 0,5000, Drift: 2,000, Error reduction coefficient: 0,000, Error: 0,0000 s
abr 04, 2013 12:33:18 PM org.ros.time.RemoteUptimeClock update
INFO: Latency: 31,0000 s, Delta ratio: 0,5000, Drift: 2,000, Error reduction coefficient: 0,000, Error: 0,0000 s
abr 04, 2013 12:33:18 PM org.ros.time.RemoteUptimeClock update
INFO: Latency: 31,0000 s, Delta ratio: 0,5000, Drift: 2,000, Error reduction coefficient: 0,000, Error: 0,0000 s
abr 04, 2013 12:33:18 PM org.ros.time.RemoteUptimeClock update
INFO: Latency: 31,0000 s, Delta ratio: 0,5000, Drift: 2,000, Error reduction coefficient: 0,000, Error: 0,0000 s
abr 04, 2013 12:33:18 PM org.ros.time.RemoteUptimeClock update
INFO: Latency: 31,0000 s, Delta ratio: 0,5000, Drift: 2,000, Error reduction coefficient: 0,000, Error: 0,0000 s
abr 04, 2013 12:33:18 PM org.ros.time.RemoteUptimeClock update
INFO: Latency: 31,0000 s, Delta ratio: 0,5000, Drift: 2,000, Error reduction coefficient: 0,000, Error: 0,0000 s
abr 04, 2013 12:33:18 PM org.ros.time.RemoteUptimeClock update
INFO: Latency: 31,0000 s, Delta ratio: 0,5000, Drift: 2,000, Error reduction coefficient: 0,000, Error: 0,0000 s
abr 04, 2013 12:33:18 PM org.ros.time.RemoteUptimeClock update
INFO: Latency: 31,0000 s, Delta ratio: 0,5000, Drift: 2,000, Error reduction coefficient: 0,000, Error: 0,0000 s
abr 04, 2013 12:33:18 PM org.ros.time.RemoteUptimeClock update
INFO: Latency: 31,0000 s, Delta ratio: 0,5000, Drift: 2,000, Error reduction coefficient: 0,000, Error: 0,0000 s
abr 04, 2013 12:33:18 PM org.ros.time.RemoteUptimeClock update
INFO: Latency: 31,0000 s, Delta ratio: 0,5000, Drift: 2,000, Error reduction coefficient: 0,000, Error: 0,0000 s
abr 04, 2013 12:33:18 PM org.ros.time.RemoteUptimeClock update
INFO: Latency: 31,0000 s, Delta ratio: 0,5000, Drift: 2,000, Error reduction coefficient: 0,000, Error: 0,0000 s
abr 04, 2013 12:33:18 PM org.ros.time.RemoteUptimeClock update
INFO: Latency: 31,0000 s, Delta ratio: 0,5000, Drift: 2,000, Error reduction coefficient: 0,000, Error: 0,0000 s
abr 04, 2013 12:33:18 PM org.ros.time.RemoteUptimeClock update
INFO: Latency: 31,0000 s, Delta ratio: 0,5000, Drift: 2,000, Error reduction coefficient: 0,000, Error: 0,0000 s
abr 04, 2013 12:33:18 PM org.ros.time.RemoteUptimeClock update
INFO: Latency: 31,0000 s, Delta ratio: 0,5000, Drift: 2,000, Error reduction coefficient: 0,000, Error: 0,0000 s
abr 04, 2013 12:33:18 PM org.ros.time.RemoteUptimeClock update
INFO: Latency: 31,0000 s, Delta ratio: 0,5000, Drift: 2,000, Error reduction coefficient: 0,000, Error: 0,0000 s
abr 04, 2013 12:33:18 PM org.ros.time.RemoteUptimeClock update
INFO: Latency: 31,0000 s, Delta ratio: 0,5000, Drift: 2,000, Error reduction coefficient: 0,000, Error: 0,0000 s
abr 04, 2013 12:33:18 PM org.ros.time.RemoteUptimeClock update
INFO: Latency: 31,0000 s, Delta ratio: 0,5000, Drift: 2,000, Error reduction coefficient: 0,000, Error: 0,0000 s
abr 04, 2013 12:33:18 PM org.ros.time.RemoteUptimeClock update
INFO: Latency: 31,0000 s, Delta ratio: 0,5000, Drift: 2,000, Error reduction coefficient: 0,000, Error: 0,0000 s
abr 04, 2013 12:33:18 PM org.ros.time.RemoteUptimeClock update
INFO: Latency: 31,0000 s, Delta ratio: 0,5000, Drift: 2,000, Error reduction coefficient: 0,000, Error: 0,0000 s
abr 04, 2013 12:33:18 PM org.ros.time.RemoteUptimeClock update
INFO: Latency: 31,0000 s, Delta ratio: 0,5000, Drift: 2,000, Error reduction coefficient: 0,000, Error: 0,0000 s
abr 04, 2013 12:33:18 PM org.ros.time.RemoteUptimeClock update
INFO: Latency: 31,0000 s, Delta ratio: 0,5000, Drift: 2,000, Error reduction coefficient: 0,000, Error: 0,0000 s
abr 04, 2013 12:33:18 PM org.ros.time.RemoteUptimeClock update
INFO: Latency: 31,0000 s, Delta ratio: 0,5000, Drift: 2,000, Error reduction coefficient: 0,000, Error: 0,0000 s
abr 04, 2013 12:33:18 PM org.ros.time.RemoteUptimeClock update
INFO: Latency: 31,0000 s, Delta ratio: 0,5000, Drift: 2,000, Error reduction coefficient: 0,000, Error: 0,0000 s
abr 04, 2013 12:33:18 PM org.ros.time.RemoteUptimeClock update
INFO: Latency: 31,0000 s, Delta ratio: 0,5000, Drift: 2,000, Error reduction coefficient: 0,000, Error: 0,0000 s
abr 04, 2013 12:33:18 PM org.ros.time.RemoteUptimeClock update
INFO: Latency: 31,0000 s, Delta ratio: 0,5000, Drift: 2,000, Error reduction coefficient: 0,000, Error: 0,0000 s
abr 04, 2013 12:33:18 PM org.ros.time.RemoteUptimeClock update
INFO: Latency: 31,0000 s, Delta ratio: 0,5000, Drift: 2,000, Error reduction coefficient: 0,000, Error: 0,0000 s
abr 04, 2013 12:33:18 PM org.ros.time.RemoteUptimeClock update
INFO: Latency: 31,0000 s, Delta ratio: 0,5000, Drift: 2,000, Error reduction coefficient: 0,000, Error: 0,0000 s
abr 04, 2013 12:33:18 PM org.ros.time.RemoteUptimeClock update
INFO: Latency: 31,0000 s, Delta ratio: 0,5000, Drift: 2,000, Error reduction coefficient: 0,000, Error: 0,0000 s
abr 04, 2013 12:33:18 PM org.ros.time.RemoteUptimeClock update
INFO: Latency: 31,0000 s, Delta ratio: 0,5000, Drift: 2,000, Error reduction coefficient: 0,000, Error: 0,0000 s
abr 04, 2013 12:33:18 PM org.ros.time.RemoteUptimeClock update
INFO: Latency: 31,0000 s, Delta ratio: 0,5000, Drift: 2,000, Error reduction coefficient: 0,000, Error: 0,0000 s
abr 04, 2013 12:33:18 PM org.ros.time.RemoteUptimeClock update
INFO: Latency: 31,0000 s, Delta ratio: 0,5000, Drift: 2,000, Error reduction coefficient: 0,000, Error: 0,0000 s
abr 04, 2013 12:33:18 PM org.ros.time.RemoteUptimeClock update
INFO: Latency: 31,0000 s, Delta ratio: 0,5000, Drift: 2,000, Error reduction coefficient: 0,000, Error: 0,0000 s
abr 04, 2013 12:33:18 PM org.ros.time.RemoteUptimeClock update
INFO: Latency: 31,0000 s, Delta ratio: 0,5000, Drift: 2,000, Error reduction coefficient: 0,000, Error: 0,0000 s
abr 04, 2013 12:33:18 PM org.ros.time.RemoteUptimeClock update
INFO: Latency: 31,0000 s, Delta ratio: 0,5000, Drift: 2,000, Error reduction coefficient: 0,000, Error: 0,0000 s
abr 04, 2013 12:33:18 PM org.ros.time.RemoteUptimeClock update
INFO: Latency: 31,0000 s, Delta ratio: 0,5000, Drift: 2,000, Error reduction coefficient: 0,000, Error: 0,0000 s
abr 04, 2013 12:33:18 PM org.ros.time.RemoteUptimeClock update
INFO: Latency: 31,0000 s, Delta ratio: 0,5000, Drift: 2,000, Error reduction coefficient: 0,000, Error: 0,0000 s
abr 04, 2013 12:33:18 PM org.ros.time.RemoteUptimeClock update
INFO: Latency: 31,0000 s, Delta ratio: 0,5000, Drift: 2,000, Error reduction coefficient: 0,000, Error: 0,0000 s
abr 04, 2013 12:33:18 PM org.ros.time.RemoteUptimeClock update
INFO: Latency: 31,0000 s, Delta ratio: 0,5000, Drift: 2,000, Error reduction coefficient: 0,000, Error: 0,0000 s
abr 04, 2013 12:33:18 PM org.ros.time.RemoteUptimeClock update
INFO: Latency: 31,0000 s, Delta ratio: 0,5000, Drift: 2,000, Error reduction coefficient: 0,000, Error: 0,0000 s
abr 04, 2013 12:33:18 PM org.ros.time.RemoteUptimeClock update
INFO: Latency: 31,0000 s, Delta ratio: 0,5000, Drift: 2,000, Error reduction coefficient: 0,000, Error: 0,0000 s
abr 04, 2013 12:33:18 PM org.ros.time.RemoteUptimeClock update
INFO: Latency: 31,0000 s, Delta ratio: 0,5000, Drift: 2,000, Error reduction coefficient: 0,000, Error: 0,0000 s
abr 04, 2013 12:33:18 PM org.ros.time.RemoteUptimeClock update
INFO: Latency: 31,0000 s, Delta ratio: 0,5000, Drift: 2,000, Error reduction coefficient: 0,000, Error: 0,0000 s
abr 04, 2013 12:33:18 PM org.ros.time.RemoteUptimeClock update
INFO: Latency: 31,0000 s, Delta ratio: 0,5000, Drift: 2,000, Error reduction coefficient: 0,000, Error: 0,0000 s
abr 04, 2013 12:33:18 PM org.ros.time.RemoteUptimeClock update
INFO: Latency: 31,0000 s, Delta ratio: 0,5000, Drift: 2,000, Error reduction coefficient: 0,000, Error: 0,0000 s
abr 04, 2013 12:33:18 PM org.ros.time.RemoteUptimeClock update
INFO: Latency: 31,0000 s, Delta ratio: 0,5000, Drift: 2,000, Error reduction coefficient: 0,000, Error: 0,0000 s
abr 04, 2013 12:33:18 PM org.ros.time.RemoteUptimeClock update
INFO: Latency: 31,0000 s, Delta ratio: 0,5000, Drift: 2,000, Error reduction coefficient: 0,000, Error: 0,0000 s
abr 04, 2013 12:33:18 PM org.ros.time.RemoteUptimeClock update
INFO: Latency: 31,0000 s, Delta ratio: 0,5000, Drift: 2,000, Error reduction coefficient: 0,000, Error: 0,0000 s
abr 04, 2013 12:33:18 PM org.ros.time.RemoteUptimeClock update
INFO: Latency: 31,0000 s, Delta ratio: 0,5000, Drift: 2,000, Error reduction coefficient: 0,000, Error: 0,0000 s
abr 04, 2013 12:33:18 PM org.ros.time.RemoteUptimeClock update
INFO: Latency: 31,0000 s, Delta ratio: 0,5000, Drift: 2,000, Error reduction coefficient: 0,000, Error: 0,0000 s
abr 04, 2013 12:33:18 PM org.ros.time.RemoteUptimeClock update
INFO: Latency: 31,0000 s, Delta ratio: 0,5000, Drift: 2,000, Error reduction coefficient: 0,000, Error: 0,0000 s
abr 04, 2013 12:33:18 PM org.ros.time.RemoteUptimeClock update
INFO: Latency: 31,0000 s, Delta ratio: 0,5000, Drift: 2,000, Error reduction coefficient: 0,000, Error: 0,0000 s
abr 04, 2013 12:33:18 PM org.ros.time.RemoteUptimeClock update
INFO: Latency: 31,0000 s, Delta ratio: 0,5000, Drift: 2,000, Error reduction coefficient: 0,000, Error: 0,0000 s
abr 04, 2013 12:33:18 PM org.ros.time.RemoteUptimeClock update
INFO: Latency: 31,0000 s, Delta ratio: 0,5000, Drift: 2,000, Error reduction coefficient: 0,000, Error: 0,0000 s
abr 04, 2013 12:33:18 PM org.ros.time.RemoteUptimeClock update
INFO: Latency: 31,0000 s, Delta ratio: 0,5000, Drift: 2,000, Error reduction coefficient: 0,000, Error: 0,0000 s
abr 04, 2013 12:33:18 PM org.ros.time.RemoteUptimeClock update
INFO: Latency: 31,0000 s, Delta ratio: 0,5000, Drift: 2,000, Error reduction coefficient: 0,000, Error: 0,0000 s
abr 04, 2013 12:33:18 PM org.ros.time.RemoteUptimeClock update
INFO: Latency: 31,0000 s, Delta ratio: 0,5000, Drift: 2,000, Error reduction coefficient: 0,000, Error: 0,0000 s
abr 04, 2013 12:33:18 PM org.ros.time.RemoteUptimeClock update
INFO: Latency: 31,0000 s, Delta ratio: 0,5000, Drift: 2,000, Error reduction coefficient: 0,000, Error: 0,0000 s
abr 04, 2013 12:33:18 PM org.ros.time.RemoteUptimeClock update
INFO: Latency: 31,0000 s, Delta ratio: 0,5000, Drift: 2,000, Error reduction coefficient: 0,000, Error: 0,0000 s
abr 04, 2013 12:33:18 PM org.ros.time.RemoteUptimeClock update
INFO: Latency: 31,0000 s, Delta ratio: 0,5000, Drift: 2,000, Error reduction coefficient: 0,000, Error: 0,0000 s
abr 04, 2013 12:33:18 PM org.ros.time.RemoteUptimeClock update
INFO: Latency: 31,0000 s, Delta ratio: 0,5000, Drift: 2,000, Error reduction coefficient: 0,000, Error: 0,0000 s
abr 04, 2013 12:33:18 PM org.ros.time.RemoteUptimeClock update
INFO: Latency: 31,0000 s, Delta ratio: 0,5000, Drift: 2,000, Error reduction coefficient: 0,000, Error: 0,0000 s
abr 04, 2013 12:33:18 PM org.ros.time.RemoteUptimeClock update
INFO: Latency: 31,0000 s, Delta ratio: 0,5000, Drift: 2,000, Error reduction coefficient: 0,000, Error: 0,0000 s
abr 04, 2013 12:33:18 PM org.ros.time.RemoteUptimeClock update
INFO: Latency: 31,0000 s, Delta ratio: 0,5000, Drift: 2,000, Error reduction coefficient: 0,000, Error: 0,0000 s
abr 04, 2013 12:33:18 PM org.ros.time.RemoteUptimeClock update
INFO: Latency: 31,0000 s, Delta ratio: 0,5000, Drift: 2,000, Error reduction coefficient: 0,000, Error: 0,0000 s
abr 04, 2013 12:33:18 PM org.ros.time.RemoteUptimeClock update
INFO: Latency: 31,0000 s, Delta ratio: 0,5000, Drift: 2,000, Error reduction coefficient: 0,000, Error: 0,0000 s
abr 04, 2013 12:33:18 PM org.ros.time.RemoteUptimeClock update
INFO: Latency: 31,0000 s, Delta ratio: 0,5000, Drift: 2,000, Error reduction coefficient: 0,000, Error: 0,0000 s
abr 04, 2013 12:33:18 PM org.ros.time.RemoteUptimeClock update
INFO: Latency: 31,0000 s, Delta ratio: 0,5000, Drift: 2,000, Error reduction coefficient: 0,000, Error: 0,0000 s
abr 04, 2013 12:33:18 PM org.ros.time.RemoteUptimeClock update
INFO: Latency: 31,0000 s, Delta ratio: 0,5000, Drift: 2,000, Error reduction coefficient: 0,000, Error: 0,0000 s
abr 04, 2013 12:33:18 PM org.ros.time.RemoteUptimeClock update
INFO: Latency: 31,0000 s, Delta ratio: 0,5000, Drift: 2,000, Error reduction coefficient: 0,000, Error: 0,0000 s
abr 04, 2013 12:33:18 PM org.ros.time.RemoteUptimeClock update
INFO: Latency: 31,0000 s, Delta ratio: 0,5000, Drift: 2,000, Error reduction coefficient: 0,000, Error: 0,0000 s
abr 04, 2013 12:33:18 PM org.ros.time.RemoteUptimeClock update
INFO: Latency: 31,0000 s, Delta ratio: 0,5000, Drift: 2,000, Error reduction coefficient: 0,000, Error: 0,0000 s
abr 04, 2013 12:33:18 PM org.ros.time.RemoteUptimeClock update
INFO: Latency: 31,0000 s, Delta ratio: 0,5000, Drift: 2,000, Error reduction coefficient: 0,000, Error: 0,0000 s
abr 04, 2013 12:33:18 PM org.ros.time.RemoteUptimeClock update
INFO: Latency: 31,0000 s, Delta ratio: 0,5000, Drift: 2,000, Error reduction coefficient: 0,000, Error: 0,0000 s
abr 04, 2013 12:33:18 PM org.ros.time.RemoteUptimeClock update
INFO: Latency: 31,0000 s, Delta ratio: 0,5000, Drift: 2,000, Error reduction coefficient: 0,000, Error: 0,0000 s
abr 04, 2013 12:33:18 PM org.ros.time.RemoteUptimeClock update
INFO: Latency: 31,0000 s, Delta ratio: 0,5000, Drift: 2,000, Error reduction coefficient: 0,000, Error: 0,0000 s
abr 04, 2013 12:33:18 PM org.ros.time.RemoteUptimeClock update
INFO: Latency: 31,0000 s, Delta ratio: 0,5000, Drift: 2,000, Error reduction coefficient: 0,000, Error: 0,0000 s
abr 04, 2013 12:33:18 PM org.ros.time.RemoteUptimeClock update
INFO: Latency: 31,0000 s, Delta ratio: 0,5000, Drift: 2,000, Error reduction coefficient: 0,000, Error: 0,0000 s
abr 04, 2013 12:33:18 PM org.ros.time.RemoteUptimeClock update
INFO: Latency: 31,0000 s, Delta ratio: 0,5000, Drift: 2,000, Error reduction coefficient: 0,000, Error: 0,0000 s
abr 04, 2013 12:33:18 PM org.ros.time.RemoteUptimeClock update
INFO: Latency: 31,0000 s, Delta ratio: 0,5000, Drift: 2,000, Error reduction coefficient: 0,000, Error: 0,0000 s
abr 04, 2013 12:33:18 PM org.ros.time.RemoteUptimeClock update
INFO: Latency: 31,0000 s, Delta ratio: 0,5000, Drift: 2,000, Error reduction coefficient: 0,000, Error: 0,0000 s
abr 04, 2013 12:33:18 PM org.ros.time.RemoteUptimeClock update
INFO: Latency: 31,0000 s, Delta ratio: 0,5000, Drift: 2,000, Error reduction coefficient: 0,000, Error: 0,0000 s
abr 04, 2013 12:33:18 PM org.ros.time.RemoteUptimeClock update
INFO: Latency: 31,0000 s, Delta ratio: 0,5000, Drift: 2,000, Error reduction coefficient: 0,000, Error: 0,0000 s
abr 04, 2013 12:33:18 PM org.ros.time.RemoteUptimeClock update
INFO: Latency: 31,0000 s, Delta ratio: 0,5000, Drift: 2,000, Error reduction coefficient: 0,000, Error: 0,0000 s
abr 04, 2013 12:33:18 PM org.ros.time.RemoteUptimeClock update
INFO: Latency: 31,0000 s, Delta ratio: 0,5000, Drift: 2,000, Error reduction coefficient: 0,000, Error: 0,0000 s
abr 04, 2013 12:33:18 PM org.ros.time.RemoteUptimeClock update
INFO: Latency: 31,0000 s, Delta ratio: 0,5000, Drift: 2,000, Error reduction coefficient: 0,000, Error: 0,0000 s
abr 04, 2013 12:33:18 PM org.ros.time.RemoteUptimeClock update
INFO: Latency: 31,0000 s, Delta ratio: 0,5000, Drift: 2,000, Error reduction coefficient: 0,000, Error: 0,0000 s
abr 04, 2013 12:33:18 PM org.ros.time.RemoteUptimeClock update
INFO: Latency: 31,0000 s, Delta ratio: 0,5000, Drift: 2,000, Error reduction coefficient: 0,000, Error: 0,0000 s
abr 04, 2013 12:33:18 PM org.ros.time.RemoteUptimeClock update
INFO: Latency: 31,0000 s, Delta ratio: 0,5000, Drift: 2,000, Error reduction coefficient: 0,000, Error: 0,0000 s
abr 04, 2013 12:33:18 PM org.ros.time.RemoteUptimeClock update
INFO: Latency: 31,0000 s, Delta ratio: 0,5000, Drift: 2,000, Error reduction coefficient: 0,000, Error: 0,0000 s
abr 04, 2013 12:33:18 PM org.ros.time.RemoteUptimeClock update
INFO: Latency: 31,0000 s, Delta ratio: 0,5000, Drift: 2,000, Error reduction coefficient: 0,000, Error: 0,0000 s
abr 04, 2013 12:33:18 PM org.ros.time.RemoteUptimeClock update
INFO: Latency: 31,0000 s, Delta ratio: 0,5000, Drift: 2,000, Error reduction coefficient: 0,000, Error: 0,0000 s
abr 04, 2013 12:33:18 PM org.ros.time.RemoteUptimeClock update
INFO: Latency: 31,0000 s, Delta ratio: 0,5000, Drift: 2,000, Error reduction coefficient: 0,000, Error: 0,0000 s
abr 04, 2013 12:33:18 PM org.ros.time.RemoteUptimeClock update
INFO: Latency: 31,0000 s, Delta ratio: 0,5000, Drift: 2,000, Error reduction coefficient: 0,000, Error: 0,0000 s
abr 04, 2013 12:33:18 PM org.ros.time.RemoteUptimeClock update
INFO: Latency: 31,0000 s, Delta ratio: 0,5000, Drift: 2,000, Error reduction coefficient: 0,000, Error: 0,0000 s
abr 04, 2013 12:33:18 PM org.ros.time.RemoteUptimeClock update
INFO: Latency: 31,0000 s, Delta ratio: 0,5000, Drift: 2,000, Error reduction coefficient: 0,000, Error: 0,0000 s
abr 04, 2013 12:33:18 PM org.ros.time.RemoteUptimeClock update
INFO: Latency: 31,0000 s, Delta ratio: 0,5000, Drift: 2,000, Error reduction coefficient: 0,000, Error: 0,0000 s
abr 04, 2013 12:33:18 PM org.ros.time.RemoteUptimeClock update
INFO: Latency: 31,0000 s, Delta ratio: 0,5000, Drift: 2,000, Error reduction coefficient: 0,000, Error: 0,0000 s
abr 04, 2013 12:33:18 PM org.ros.time.RemoteUptimeClock update
INFO: Latency: 31,0000 s, Delta ratio: 0,5000, Drift: 2,000, Error reduction coefficient: 0,000, Error: 0,0000 s
abr 04, 2013 12:33:18 PM org.ros.time.RemoteUptimeClock update
INFO: Latency: 31,0000 s, Delta ratio: 0,5000, Drift: 2,000, Error reduction coefficient: 0,000, Error: 0,0000 s
abr 04, 2013 12:33:18 PM org.ros.time.RemoteUptimeClock update
INFO: Latency: 31,0000 s, Delta ratio: 0,5000, Drift: 2,000, Error reduction coefficient: 0,000, Error: 0,0000 s
abr 04, 2013 12:33:18 PM org.ros.time.RemoteUptimeClock update
INFO: Latency: 31,0000 s, Delta ratio: 0,5000, Drift: 2,000, Error reduction coefficient: 0,000, Error: 0,0000 s
abr 04, 2013 12:33:18 PM org.ros.time.RemoteUptimeClock update
INFO: Latency: 31,0000 s, Delta ratio: 0,5000, Drift: 2,000, Error reduction coefficient: 0,000, Error: 0,0000 s
abr 04, 2013 12:33:18 PM org.ros.time.RemoteUptimeClock update
INFO: Latency: 31,0000 s, Delta ratio: 0,5000, Drift: 2,000, Error reduction coefficient: 0,000, Error: 0,0000 s
abr 04, 2013 12:33:18 PM org.ros.time.RemoteUptimeClock update
INFO: Latency: 31,0000 s, Delta ratio: 0,5000, Drift: 2,000, Error reduction coefficient: 0,000, Error: 0,0000 s
abr 04, 2013 12:33:18 PM org.ros.time.RemoteUptimeClock update
INFO: Latency: 31,0000 s, Delta ratio: 0,5000, Drift: 2,000, Error reduction coefficient: 0,000, Error: 0,0000 s
abr 04, 2013 12:33:18 PM org.ros.time.RemoteUptimeClock update
INFO: Latency: 31,0000 s, Delta ratio: 0,5000, Drift: 2,000, Error reduction coefficient: 0,000, Error: 0,0000 s
abr 04, 2013 12:33:18 PM org.ros.time.RemoteUptimeClock update
INFO: Latency: 31,0000 s, Delta ratio: 0,5000, Drift: 2,000, Error reduction coefficient: 0,000, Error: 0,0000 s
abr 04, 2013 12:33:18 PM org.ros.time.RemoteUptimeClock update
INFO: Latency: 31,0000 s, Delta ratio: 0,5000, Drift: 2,000, Error reduction coefficient: 0,000, Error: 0,0000 s
abr 04, 2013 12:33:18 PM org.ros.time.RemoteUptimeClock update
INFO: Latency: 31,0000 s, Delta ratio: 0,5000, Drift: 2,000, Error reduction coefficient: 0,000, Error: 0,0000 s
abr 04, 2013 12:33:18 PM org.ros.time.RemoteUptimeClock update
INFO: Latency: 31,0000 s, Delta ratio: 0,5000, Drift: 2,000, Error reduction coefficient: 0,000, Error: 0,0000 s
abr 04, 2013 12:33:18 PM org.ros.time.RemoteUptimeClock update
INFO: Latency: 31,0000 s, Delta ratio: 0,5000, Drift: 2,000, Error reduction coefficient: 0,000, Error: 0,0000 s
abr 04, 2013 12:33:18 PM org.ros.time.RemoteUptimeClock update
INFO: Latency: 31,0000 s, Delta ratio: 0,5000, Drift: 2,000, Error reduction coefficient: 0,000, Error: 0,0000 s
abr 04, 2013 12:33:18 PM org.ros.time.RemoteUptimeClock update
INFO: Latency: 31,0000 s, Delta ratio: 0,5000, Drift: 2,000, Error reduction coefficient: 0,000, Error: 0,0000 s
abr 04, 2013 12:33:18 PM org.ros.time.RemoteUptimeClock update
INFO: Latency: 31,0000 s, Delta ratio: 0,5000, Drift: 2,000, Error reduction coefficient: 0,000, Error: 0,0000 s
abr 04, 2013 12:33:18 PM org.ros.time.RemoteUptimeClock update
INFO: Latency: 31,0000 s, Delta ratio: 0,5000, Drift: 2,000, Error reduction coefficient: 0,000, Error: 0,0000 s
abr 04, 2013 12:33:18 PM org.ros.time.RemoteUptimeClock update
INFO: Latency: 31,0000 s, Delta ratio: 0,5000, Drift: 2,000, Error reduction coefficient: 0,000, Error: 0,0000 s
abr 04, 2013 12:33:18 PM org.ros.time.RemoteUptimeClock update
INFO: Latency: 31,0000 s, Delta ratio: 0,5000, Drift: 2,000, Error reduction coefficient: 0,000, Error: 0,0000 s
abr 04, 2013 12:33:18 PM org.ros.time.RemoteUptimeClock update
INFO: Latency: 31,0000 s, Delta ratio: 0,5000, Drift: 2,000, Error reduction coefficient: 0,000, Error: 0,0000 s
abr 04, 2013 12:33:18 PM org.ros.time.RemoteUptimeClock update
INFO: Latency: 31,0000 s, Delta ratio: 0,5000, Drift: 2,000, Error reduction coefficient: 0,000, Error: 0,0000 s
abr 04, 2013 12:33:18 PM org.ros.time.RemoteUptimeClock update
INFO: Latency: 31,0000 s, Delta ratio: 0,5000, Drift: 2,000, Error reduction coefficient: 0,000, Error: 0,0000 s
abr 04, 2013 12:33:18 PM org.ros.time.RemoteUptimeClock update
INFO: Latency: 31,0000 s, Delta ratio: 0,5000, Drift: 2,000, Error reduction coefficient: 0,000, Error: 0,0000 s
abr 04, 2013 12:33:18 PM org.ros.time.RemoteUptimeClock update
INFO: Latency: 31,0000 s, Delta ratio: 0,5000, Drift: 2,000, Error reduction coefficient: 0,000, Error: 0,0000 s
abr 04, 2013 12:33:18 PM org.ros.time.RemoteUptimeClock update
INFO: Latency: 31,0000 s, Delta ratio: 0,5000, Drift: 2,000, Error reduction coefficient: 0,000, Error: 0,0000 s
abr 04, 2013 12:33:18 PM org.ros.time.RemoteUptimeClock update
INFO: Latency: 31,0000 s, Delta ratio: 0,5000, Drift: 2,000, Error reduction coefficient: 0,000, Error: 0,0000 s
abr 04, 2013 12:33:18 PM org.ros.time.RemoteUptimeClock update
INFO: Latency: 31,0000 s, Delta ratio: 0,5000, Drift: 2,000, Error reduction coefficient: 0,000, Error: 0,0000 s
abr 04, 2013 12:33:18 PM org.ros.time.RemoteUptimeClock update
INFO: Latency: 31,0000 s, Delta ratio: 0,5000, Drift: 2,000, Error reduction coefficient: 0,000, Error: 0,0000 s
abr 04, 2013 12:33:18 PM org.ros.time.RemoteUptimeClock update
INFO: Latency: 31,0000 s, Delta ratio: 0,5000, Drift: 2,000, Error reduction coefficient: 0,000, Error: 0,0000 s
abr 04, 2013 12:33:18 PM org.ros.time.RemoteUptimeClock update
INFO: Latency: 31,0000 s, Delta ratio: 0,5000, Drift: 2,000, Error reduction coefficient: 0,000, Error: 0,0000 s
abr 04, 2013 12:33:18 PM org.ros.time.RemoteUptimeClock update
INFO: Latency: 31,0000 s, Delta ratio: 0,5000, Drift: 2,000, Error reduction coefficient: 0,000, Error: 0,0000 s
abr 04, 2013 12:33:18 PM org.ros.time.RemoteUptimeClock update
INFO: Latency: 31,0000 s, Delta ratio: 0,5000, Drift: 2,000, Error reduction coefficient: 0,000, Error: 0,0000 s
abr 04, 2013 12:33:18 PM org.ros.time.RemoteUptimeClock update
INFO: Latency: 31,0000 s, Delta ratio: 0,5000, Drift: 2,000, Error reduction coefficient: 0,000, Error: 0,0000 s
abr 04, 2013 12:33:18 PM org.ros.time.RemoteUptimeClock update
INFO: Latency: 31,0000 s, Delta ratio: 0,5000, Drift: 2,000, Error reduction coefficient: 0,000, Error: 0,0000 s
abr 04, 2013 12:33:18 PM org.ros.time.RemoteUptimeClock update
INFO: Latency: 31,0000 s, Delta ratio: 0,5000, Drift: 2,000, Error reduction coefficient: 0,000, Error: 0,0000 s
abr 04, 2013 12:33:18 PM org.ros.time.RemoteUptimeClock update
INFO: Latency: 31,0000 s, Delta ratio: 0,5000, Drift: 2,000, Error reduction coefficient: 0,000, Error: 0,0000 s
abr 04, 2013 12:33:18 PM org.ros.time.RemoteUptimeClock update
INFO: Latency: 31,0000 s, Delta ratio: 0,5000, Drift: 2,000, Error reduction coefficient: 0,000, Error: 0,0000 s
abr 04, 2013 12:33:18 PM org.ros.time.RemoteUptimeClock update
INFO: Latency: 31,0000 s, Delta ratio: 0,5000, Drift: 2,000, Error reduction coefficient: 0,000, Error: 0,0000 s
abr 04, 2013 12:33:18 PM org.ros.time.RemoteUptimeClock update
INFO: Latency: 31,0000 s, Delta ratio: 0,5000, Drift: 2,000, Error reduction coefficient: 0,000, Error: 0,0000 s
abr 04, 2013 12:33:18 PM org.ros.time.RemoteUptimeClock update
INFO: Latency: 31,0000 s, Delta ratio: 0,5000, Drift: 2,000, Error reduction coefficient: 0,000, Error: 0,0000 s
abr 04, 2013 12:33:18 PM org.ros.time.RemoteUptimeClock update
INFO: Latency: 31,0000 s, Delta ratio: 0,5000, Drift: 2,000, Error reduction coefficient: 0,000, Error: 0,0000 s
abr 04, 2013 12:33:18 PM org.ros.time.RemoteUptimeClock update
INFO: Latency: 31,0000 s, Delta ratio: 0,5000, Drift: 2,000, Error reduction coefficient: 0,000, Error: 0,0000 s
abr 04, 2013 12:33:18 PM org.ros.time.RemoteUptimeClock update
INFO: Latency: 31,0000 s, Delta ratio: 0,5000, Drift: 2,000, Error reduction coefficient: 0,000, Error: 0,0000 s
abr 04, 2013 12:33:18 PM org.ros.time.RemoteUptimeClock update
INFO: Latency: 31,0000 s, Delta ratio: 0,5000, Drift: 2,000, Error reduction coefficient: 0,000, Error: 0,0000 s
abr 04, 2013 12:33:18 PM org.ros.time.RemoteUptimeClock update
INFO: Latency: 31,0000 s, Delta ratio: 0,5000, Drift: 2,000, Error reduction coefficient: 0,000, Error: 0,0000 s
abr 04, 2013 12:33:18 PM org.ros.time.RemoteUptimeClock update
INFO: Latency: 31,0000 s, Delta ratio: 0,5000, Drift: 2,000, Error reduction coefficient: 0,000, Error: 0,0000 s
abr 04, 2013 12:33:18 PM org.ros.time.RemoteUptimeClock update
INFO: Latency: 31,0000 s, Delta ratio: 0,5000, Drift: 2,000, Error reduction coefficient: 0,000, Error: 0,0000 s
abr 04, 2013 12:33:18 PM org.ros.time.RemoteUptimeClock update
INFO: Latency: 31,0000 s, Delta ratio: 0,5000, Drift: 2,000, Error reduction coefficient: 0,000, Error: 0,0000 s
abr 04, 2013 12:33:18 PM org.ros.time.RemoteUptimeClock update
INFO: Latency: 31,0000 s, Delta ratio: 0,5000, Drift: 2,000, Error reduction coefficient: 0,000, Error: 0,0000 s
abr 04, 2013 12:33:18 PM org.ros.time.RemoteUptimeClock update
INFO: Latency: 31,0000 s, Delta ratio: 0,5000, Drift: 2,000, Error reduction coefficient: 0,000, Error: 0,0000 s
abr 04, 2013 12:33:18 PM org.ros.time.RemoteUptimeClock update
INFO: Latency: 31,0000 s, Delta ratio: 0,5000, Drift: 2,000, Error reduction coefficient: 0,000, Error: 0,0000 s
abr 04, 2013 12:33:18 PM org.ros.time.RemoteUptimeClock update
INFO: Latency: 31,0000 s, Delta ratio: 0,5000, Drift: 2,000, Error reduction coefficient: 0,000, Error: 0,0000 s
abr 04, 2013 12:33:18 PM org.ros.time.RemoteUptimeClock update
INFO: Latency: 31,0000 s, Delta ratio: 0,5000, Drift: 2,000, Error reduction coefficient: 0,000, Error: 0,0000 s
abr 04, 2013 12:33:18 PM org.ros.time.RemoteUptimeClock update
INFO: Latency: 31,0000 s, Delta ratio: 0,5000, Drift: 2,000, Error reduction coefficient: 0,000, Error: 0,0000 s
abr 04, 2013 12:33:18 PM org.ros.time.RemoteUptimeClock update
INFO: Latency: 31,0000 s, Delta ratio: 0,5000, Drift: 2,000, Error reduction coefficient: 0,000, Error: 0,0000 s
abr 04, 2013 12:33:18 PM org.ros.time.RemoteUptimeClock update
INFO: Latency: 31,0000 s, Delta ratio: 0,5000, Drift: 2,000, Error reduction coefficient: 0,000, Error: 0,0000 s
abr 04, 2013 12:33:18 PM org.ros.time.RemoteUptimeClock update
INFO: Latency: 31,0000 s, Delta ratio: 0,5000, Drift: 2,000, Error reduction coefficient: 0,000, Error: 0,0000 s
abr 04, 2013 12:33:18 PM org.ros.time.RemoteUptimeClock update
INFO: Latency: 31,0000 s, Delta ratio: 0,5000, Drift: 2,000, Error reduction coefficient: 0,000, Error: 0,0000 s
abr 04, 2013 12:33:18 PM org.ros.time.RemoteUptimeClock update
INFO: Latency: 31,0000 s, Delta ratio: 0,5000, Drift: 2,000, Error reduction coefficient: 0,000, Error: 0,0000 s
abr 04, 2013 12:33:18 PM org.ros.time.RemoteUptimeClock update
INFO: Latency: 31,0000 s, Delta ratio: 0,5000, Drift: 2,000, Error reduction coefficient: 0,000, Error: 0,0000 s
abr 04, 2013 12:33:18 PM org.ros.time.RemoteUptimeClock update
INFO: Latency: 31,0000 s, Delta ratio: 0,5000, Drift: 2,000, Error reduction coefficient: 0,000, Error: 0,0000 s
abr 04, 2013 12:33:18 PM org.ros.time.RemoteUptimeClock update
INFO: Latency: 31,0000 s, Delta ratio: 0,5000, Drift: 2,000, Error reduction coefficient: 0,000, Error: 0,0000 s
abr 04, 2013 12:33:18 PM org.ros.time.RemoteUptimeClock update
INFO: Latency: 31,0000 s, Delta ratio: 0,5000, Drift: 2,000, Error reduction coefficient: 0,000, Error: 0,0000 s
abr 04, 2013 12:33:18 PM org.ros.time.RemoteUptimeClock update
INFO: Latency: 31,0000 s, Delta ratio: 0,5000, Drift: 2,000, Error reduction coefficient: 0,000, Error: 0,0000 s
abr 04, 2013 12:33:18 PM org.ros.time.RemoteUptimeClock update
INFO: Latency: 31,0000 s, Delta ratio: 0,5000, Drift: 2,000, Error reduction coefficient: 0,000, Error: 0,0000 s
abr 04, 2013 12:33:18 PM org.ros.time.RemoteUptimeClock update
INFO: Latency: 31,0000 s, Delta ratio: 0,5000, Drift: 2,000, Error reduction coefficient: 0,000, Error: 0,0000 s
abr 04, 2013 12:33:18 PM org.ros.time.RemoteUptimeClock update
INFO: Latency: 31,0000 s, Delta ratio: 0,5000, Drift: 2,000, Error reduction coefficient: 0,000, Error: 0,0000 s
abr 04, 2013 12:33:18 PM org.ros.time.RemoteUptimeClock update
INFO: Latency: 31,0000 s, Delta ratio: 0,5000, Drift: 2,000, Error reduction coefficient: 0,000, Error: 0,0000 s
abr 04, 2013 12:33:18 PM org.ros.time.RemoteUptimeClock update
INFO: Latency: 31,0000 s, Delta ratio: 0,5000, Drift: 2,000, Error reduction coefficient: 0,000, Error: 0,0000 s
abr 04, 2013 12:33:18 PM org.ros.time.RemoteUptimeClock update
INFO: Latency: 31,0000 s, Delta ratio: 0,5000, Drift: 2,000, Error reduction coefficient: 0,000, Error: 0,0000 s
abr 04, 2013 12:33:18 PM org.ros.time.RemoteUptimeClock update
INFO: Latency: 31,0000 s, Delta ratio: 0,5000, Drift: 2,000, Error reduction coefficient: 0,000, Error: 0,0000 s
abr 04, 2013 12:33:18 PM org.ros.time.RemoteUptimeClock update
INFO: Latency: 31,0000 s, Delta ratio: 0,5000, Drift: 2,000, Error reduction coefficient: 0,000, Error: 0,0000 s
abr 04, 2013 12:33:18 PM org.ros.time.RemoteUptimeClock update
INFO: Latency: 31,0000 s, Delta ratio: 0,5000, Drift: 2,000, Error reduction coefficient: 0,000, Error: 0,0000 s
abr 04, 2013 12:33:18 PM org.ros.time.RemoteUptimeClock update
INFO: Latency: 31,0000 s, Delta ratio: 0,5000, Drift: 2,000, Error reduction coefficient: 0,000, Error: 0,0000 s
abr 04, 2013 12:33:18 PM org.ros.time.RemoteUptimeClock update
INFO: Latency: 31,0000 s, Delta ratio: 0,5000, Drift: 2,000, Error reduction coefficient: 0,000, Error: 0,0000 s
abr 04, 2013 12:33:18 PM org.ros.time.RemoteUptimeClock update
INFO: Latency: 31,0000 s, Delta ratio: 0,5000, Drift: 2,000, Error reduction coefficient: 0,000, Error: 0,0000 s
abr 04, 2013 12:33:18 PM org.ros.time.RemoteUptimeClock update
INFO: Latency: 31,0000 s, Delta ratio: 0,5000, Drift: 2,000, Error reduction coefficient: 0,000, Error: 0,0000 s
abr 04, 2013 12:33:18 PM org.ros.time.RemoteUptimeClock update
INFO: Latency: 31,0000 s, Delta ratio: 0,5000, Drift: 2,000, Error reduction coefficient: 0,000, Error: 0,0000 s
abr 04, 2013 12:33:18 PM org.ros.time.RemoteUptimeClock update
INFO: Latency: 31,0000 s, Delta ratio: 0,5000, Drift: 2,000, Error reduction coefficient: 0,000, Error: 0,0000 s
abr 04, 2013 12:33:18 PM org.ros.time.RemoteUptimeClock update
INFO: Latency: 31,0000 s, Delta ratio: 0,5000, Drift: 2,000, Error reduction coefficient: 0,000, Error: 0,0000 s
abr 04, 2013 12:33:18 PM org.ros.time.RemoteUptimeClock update
INFO: Latency: 31,0000 s, Delta ratio: 0,5000, Drift: 2,000, Error reduction coefficient: 0,000, Error: 0,0000 s
abr 04, 2013 12:33:18 PM org.ros.time.RemoteUptimeClock update
INFO: Latency: 31,0000 s, Delta ratio: 0,5000, Drift: 2,000, Error reduction coefficient: 0,000, Error: 0,0000 s
abr 04, 2013 12:33:18 PM org.ros.time.RemoteUptimeClock update
INFO: Latency: 31,0000 s, Delta ratio: 0,5000, Drift: 2,000, Error reduction coefficient: 0,000, Error: 0,0000 s
abr 04, 2013 12:33:18 PM org.ros.time.RemoteUptimeClock update
INFO: Latency: 31,0000 s, Delta ratio: 0,5000, Drift: 2,000, Error reduction coefficient: 0,000, Error: 0,0000 s
abr 04, 2013 12:33:18 PM org.ros.time.RemoteUptimeClock update
INFO: Latency: 31,0000 s, Delta ratio: 0,5000, Drift: 2,000, Error reduction coefficient: 0,000, Error: 0,0000 s
abr 04, 2013 12:33:18 PM org.ros.time.RemoteUptimeClock update
INFO: Latency: 31,0000 s, Delta ratio: 0,5000, Drift: 2,000, Error reduction coefficient: 0,000, Error: 0,0000 s
abr 04, 2013 12:33:18 PM org.ros.time.RemoteUptimeClock update
INFO: Latency: 31,0000 s, Delta ratio: 0,5000, Drift: 2,000, Error reduction coefficient: 0,000, Error: 0,0000 s
abr 04, 2013 12:33:18 PM org.ros.time.RemoteUptimeClock update
INFO: Latency: 31,0000 s, Delta ratio: 0,5000, Drift: 2,000, Error reduction coefficient: 0,000, Error: 0,0000 s
abr 04, 2013 12:33:18 PM org.ros.time.RemoteUptimeClock update
INFO: Latency: 31,0000 s, Delta ratio: 0,5000, Drift: 2,000, Error reduction coefficient: 0,000, Error: 0,0000 s
abr 04, 2013 12:33:18 PM org.ros.time.RemoteUptimeClock update
INFO: Latency: 31,0000 s, Delta ratio: 0,5000, Drift: 2,000, Error reduction coefficient: 0,000, Error: 0,0000 s
abr 04, 2013 12:33:18 PM org.ros.time.RemoteUptimeClock update
INFO: Latency: 31,0000 s, Delta ratio: 0,5000, Drift: 2,000, Error reduction coefficient: 0,000, Error: 0,0000 s
abr 04, 2013 12:33:18 PM org.ros.time.RemoteUptimeClock update
INFO: Latency: 31,0000 s, Delta ratio: 0,5000, Drift: 2,000, Error reduction coefficient: 0,000, Error: 0,0000 s
abr 04, 2013 12:33:18 PM org.ros.time.RemoteUptimeClock update
INFO: Latency: 31,0000 s, Delta ratio: 0,5000, Drift: 2,000, Error reduction coefficient: 0,000, Error: 0,0000 s
abr 04, 2013 12:33:18 PM org.ros.time.RemoteUptimeClock update
INFO: Latency: 31,0000 s, Delta ratio: 0,5000, Drift: 2,000, Error reduction coefficient: 0,000, Error: 0,0000 s
abr 04, 2013 12:33:18 PM org.ros.time.RemoteUptimeClock update
INFO: Latency: 31,0000 s, Delta ratio: 0,5000, Drift: 2,000, Error reduction coefficient: 0,000, Error: 0,0000 s
abr 04, 2013 12:33:18 PM org.ros.time.RemoteUptimeClock update
INFO: Latency: 31,0000 s, Delta ratio: 0,5000, Drift: 2,000, Error reduction coefficient: 0,000, Error: 0,0000 s
abr 04, 2013 12:33:18 PM org.ros.time.RemoteUptimeClock update
INFO: Latency: 31,0000 s, Delta ratio: 0,5000, Drift: 2,000, Error reduction coefficient: 0,000, Error: 0,0000 s
abr 04, 2013 12:33:18 PM org.ros.time.RemoteUptimeClock update
INFO: Latency: 31,0000 s, Delta ratio: 0,5000, Drift: 2,000, Error reduction coefficient: 0,000, Error: 0,0000 s
abr 04, 2013 12:33:18 PM org.ros.time.RemoteUptimeClock update
INFO: Latency: 31,0000 s, Delta ratio: 0,5000, Drift: 2,000, Error reduction coefficient: 0,000, Error: 0,0000 s
abr 04, 2013 12:33:18 PM org.ros.time.RemoteUptimeClock update
INFO: Latency: 31,0000 s, Delta ratio: 0,5000, Drift: 2,000, Error reduction coefficient: 0,000, Error: 0,0000 s
abr 04, 2013 12:33:18 PM org.ros.time.RemoteUptimeClock update
INFO: Latency: 31,0000 s, Delta ratio: 0,5000, Drift: 2,000, Error reduction coefficient: 0,000, Error: 0,0000 s
abr 04, 2013 12:33:18 PM org.ros.time.RemoteUptimeClock update
INFO: Latency: 31,0000 s, Delta ratio: 0,5000, Drift: 2,000, Error reduction coefficient: 0,000, Error: 0,0000 s
abr 04, 2013 12:33:18 PM org.ros.time.RemoteUptimeClock update
INFO: Latency: 31,0000 s, Delta ratio: 0,5000, Drift: 2,000, Error reduction coefficient: 0,000, Error: 0,0000 s
abr 04, 2013 12:33:18 PM org.ros.time.RemoteUptimeClock update
INFO: Latency: 31,0000 s, Delta ratio: 0,5000, Drift: 2,000, Error reduction coefficient: 0,000, Error: 0,0000 s
abr 04, 2013 12:33:18 PM org.ros.time.RemoteUptimeClock update
INFO: Latency: 31,0000 s, Delta ratio: 0,5000, Drift: 2,000, Error reduction coefficient: 0,000, Error: 0,0000 s
abr 04, 2013 12:33:18 PM org.ros.time.RemoteUptimeClock update
INFO: Latency: 31,0000 s, Delta ratio: 0,5000, Drift: 2,000, Error reduction coefficient: 0,000, Error: 0,0000 s
abr 04, 2013 12:33:18 PM org.ros.time.RemoteUptimeClock update
INFO: Latency: 31,0000 s, Delta ratio: 0,5000, Drift: 2,000, Error reduction coefficient: 0,000, Error: 0,0000 s
abr 04, 2013 12:33:18 PM org.ros.time.RemoteUptimeClock update
INFO: Latency: 31,0000 s, Delta ratio: 0,5000, Drift: 2,000, Error reduction coefficient: 0,000, Error: 0,0000 s
abr 04, 2013 12:33:18 PM org.ros.time.RemoteUptimeClock update
INFO: Latency: 31,0000 s, Delta ratio: 0,5000, Drift: 2,000, Error reduction coefficient: 0,000, Error: 0,0000 s
abr 04, 2013 12:33:18 PM org.ros.time.RemoteUptimeClock update
INFO: Latency: 31,0000 s, Delta ratio: 0,5000, Drift: 2,000, Error reduction coefficient: 0,000, Error: 0,0000 s
abr 04, 2013 12:33:18 PM org.ros.time.RemoteUptimeClock update
INFO: Latency: 31,0000 s, Delta ratio: 0,5000, Drift: 2,000, Error reduction coefficient: 0,000, Error: 0,0000 s
abr 04, 2013 12:33:18 PM org.ros.time.RemoteUptimeClock update
INFO: Latency: 31,0000 s, Delta ratio: 0,5000, Drift: 2,000, Error reduction coefficient: 0,000, Error: 0,0000 s
abr 04, 2013 12:33:18 PM org.ros.time.RemoteUptimeClock update
INFO: Latency: 31,0000 s, Delta ratio: 0,5000, Drift: 2,000, Error reduction coefficient: 0,000, Error: 0,0000 s
abr 04, 2013 12:33:18 PM org.ros.time.RemoteUptimeClock update
INFO: Latency: 31,0000 s, Delta ratio: 0,5000, Drift: 2,000, Error reduction coefficient: 0,000, Error: 0,0000 s
abr 04, 2013 12:33:18 PM org.ros.time.RemoteUptimeClock update
INFO: Latency: 31,0000 s, Delta ratio: 0,5000, Drift: 2,000, Error reduction coefficient: 0,000, Error: 0,0000 s
abr 04, 2013 12:33:18 PM org.ros.time.RemoteUptimeClock update
INFO: Latency: 31,0000 s, Delta ratio: 0,5000, Drift: 2,000, Error reduction coefficient: 0,000, Error: 0,0000 s
abr 04, 2013 12:33:18 PM org.ros.time.RemoteUptimeClock update
INFO: Latency: 31,0000 s, Delta ratio: 0,5000, Drift: 2,000, Error reduction coefficient: 0,000, Error: 0,0000 s
abr 04, 2013 12:33:18 PM org.ros.time.RemoteUptimeClock update
INFO: Latency: 31,0000 s, Delta ratio: 0,5000, Drift: 2,000, Error reduction coefficient: 0,000, Error: 0,0000 s
abr 04, 2013 12:33:18 PM org.ros.time.RemoteUptimeClock update
INFO: Latency: 31,0000 s, Delta ratio: 0,5000, Drift: 2,000, Error reduction coefficient: 0,000, Error: 0,0000 s
abr 04, 2013 12:33:18 PM org.ros.time.RemoteUptimeClock update
INFO: Latency: 31,0000 s, Delta ratio: 0,5000, Drift: 2,000, Error reduction coefficient: 0,000, Error: 0,0000 s
abr 04, 2013 12:33:18 PM org.ros.time.RemoteUptimeClock update
INFO: Latency: 31,0000 s, Delta ratio: 0,5000, Drift: 2,000, Error reduction coefficient: 0,000, Error: 0,0000 s
abr 04, 2013 12:33:18 PM org.ros.time.RemoteUptimeClock update
INFO: Latency: 31,0000 s, Delta ratio: 0,5000, Drift: 2,000, Error reduction coefficient: 0,000, Error: 0,0000 s
abr 04, 2013 12:33:18 PM org.ros.time.RemoteUptimeClock update
INFO: Latency: 31,0000 s, Delta ratio: 0,5000, Drift: 2,000, Error reduction coefficient: 0,000, Error: 0,0000 s
abr 04, 2013 12:33:18 PM org.ros.time.RemoteUptimeClock update
INFO: Latency: 31,0000 s, Delta ratio: 0,5000, Drift: 2,000, Error reduction coefficient: 0,000, Error: 0,0000 s
abr 04, 2013 12:33:18 PM org.ros.time.RemoteUptimeClock update
INFO: Latency: 31,0000 s, Delta ratio: 0,5000, Drift: 2,000, Error reduction coefficient: 0,000, Error: 0,0000 s
abr 04, 2013 12:33:18 PM org.ros.time.RemoteUptimeClock update
INFO: Latency: 31,0000 s, Delta ratio: 0,5000, Drift: 2,000, Error reduction coefficient: 0,000, Error: 0,0000 s
abr 04, 2013 12:33:18 PM org.ros.time.RemoteUptimeClock update
INFO: Latency: 31,0000 s, Delta ratio: 0,5000, Drift: 2,000, Error reduction coefficient: 0,000, Error: 0,0000 s
abr 04, 2013 12:33:18 PM org.ros.time.RemoteUptimeClock update
INFO: Latency: 31,0000 s, Delta ratio: 0,5000, Drift: 2,000, Error reduction coefficient: 0,000, Error: 0,0000 s
abr 04, 2013 12:33:18 PM org.ros.time.RemoteUptimeClock update
INFO: Latency: 31,0000 s, Delta ratio: 0,5000, Drift: 2,000, Error reduction coefficient: 0,000, Error: 0,0000 s
abr 04, 2013 12:33:18 PM org.ros.time.RemoteUptimeClock update
INFO: Latency: 31,0000 s, Delta ratio: 0,5000, Drift: 2,000, Error reduction coefficient: 0,000, Error: 0,0000 s
abr 04, 2013 12:33:18 PM org.ros.time.RemoteUptimeClock update
INFO: Latency: 31,0000 s, Delta ratio: 0,5000, Drift: 2,000, Error reduction coefficient: 0,000, Error: 0,0000 s
abr 04, 2013 12:33:18 PM org.ros.time.RemoteUptimeClock update
INFO: Latency: 31,0000 s, Delta ratio: 0,5000, Drift: 2,000, Error reduction coefficient: 0,000, Error: 0,0000 s
abr 04, 2013 12:33:18 PM org.ros.time.RemoteUptimeClock update
INFO: Latency: 31,0000 s, Delta ratio: 0,5000, Drift: 2,000, Error reduction coefficient: 0,000, Error: 0,0000 s
abr 04, 2013 12:33:18 PM org.ros.time.RemoteUptimeClock update
INFO: Latency: 31,0000 s, Delta ratio: 0,5000, Drift: 2,000, Error reduction coefficient: 0,000, Error: 0,0000 s
abr 04, 2013 12:33:18 PM org.ros.time.RemoteUptimeClock update
INFO: Latency: 31,0000 s, Delta ratio: 0,5000, Drift: 2,000, Error reduction coefficient: 0,000, Error: 0,0000 s
abr 04, 2013 12:33:18 PM org.ros.time.RemoteUptimeClock update
INFO: Latency: 31,0000 s, Delta ratio: 0,5000, Drift: 2,000, Error reduction coefficient: 0,000, Error: 0,0000 s
abr 04, 2013 12:33:18 PM org.ros.time.RemoteUptimeClock update
INFO: Latency: 31,0000 s, Delta ratio: 0,5000, Drift: 2,000, Error reduction coefficient: 0,000, Error: 0,0000 s
abr 04, 2013 12:33:18 PM org.ros.time.RemoteUptimeClock update
INFO: Latency: 31,0000 s, Delta ratio: 0,5000, Drift: 2,000, Error reduction coefficient: 0,000, Error: 0,0000 s
abr 04, 2013 12:33:18 PM org.ros.time.RemoteUptimeClock update
INFO: Latency: 31,0000 s, Delta ratio: 0,5000, Drift: 2,000, Error reduction coefficient: 0,000, Error: 0,0000 s
abr 04, 2013 12:33:18 PM org.ros.time.RemoteUptimeClock update
INFO: Latency: 31,0000 s, Delta ratio: 0,5000, Drift: 2,000, Error reduction coefficient: 0,000, Error: 0,0000 s
abr 04, 2013 12:33:18 PM org.ros.time.RemoteUptimeClock update
INFO: Latency: 31,0000 s, Delta ratio: 0,5000, Drift: 2,000, Error reduction coefficient: 0,000, Error: 0,0000 s
abr 04, 2013 12:33:18 PM org.ros.time.RemoteUptimeClock update
INFO: Latency: 31,0000 s, Delta ratio: 0,5000, Drift: 2,000, Error reduction coefficient: 0,000, Error: 0,0000 s
abr 04, 2013 12:33:18 PM org.ros.time.RemoteUptimeClock update
INFO: Latency: 31,0000 s, Delta ratio: 0,5000, Drift: 2,000, Error reduction coefficient: 0,000, Error: 0,0000 s
abr 04, 2013 12:33:18 PM org.ros.time.RemoteUptimeClock update
INFO: Latency: 31,0000 s, Delta ratio: 0,5000, Drift: 2,000, Error reduction coefficient: 0,000, Error: 0,0000 s
abr 04, 2013 12:33:18 PM org.ros.time.RemoteUptimeClock update
INFO: Latency: 31,0000 s, Delta ratio: 0,5000, Drift: 2,000, Error reduction coefficient: 0,000, Error: 0,0000 s
abr 04, 2013 12:33:18 PM org.ros.time.RemoteUptimeClock update
INFO: Latency: 31,0000 s, Delta ratio: 0,5000, Drift: 2,000, Error reduction coefficient: 0,000, Error: 0,0000 s
abr 04, 2013 12:33:18 PM org.ros.time.RemoteUptimeClock update
INFO: Latency: 31,0000 s, Delta ratio: 0,5000, Drift: 2,000, Error reduction coefficient: 0,000, Error: 0,0000 s
abr 04, 2013 12:33:18 PM org.ros.time.RemoteUptimeClock update
INFO: Latency: 31,0000 s, Delta ratio: 0,5000, Drift: 2,000, Error reduction coefficient: 0,000, Error: 0,0000 s
abr 04, 2013 12:33:18 PM org.ros.time.RemoteUptimeClock update
INFO: Latency: 31,0000 s, Delta ratio: 0,5000, Drift: 2,000, Error reduction coefficient: 0,000, Error: 0,0000 s
abr 04, 2013 12:33:18 PM org.ros.time.RemoteUptimeClock update
INFO: Latency: 31,0000 s, Delta ratio: 0,5000, Drift: 2,000, Error reduction coefficient: 0,000, Error: 0,0000 s
abr 04, 2013 12:33:18 PM org.ros.time.RemoteUptimeClock update
INFO: Latency: 31,0000 s, Delta ratio: 0,5000, Drift: 2,000, Error reduction coefficient: 0,000, Error: 0,0000 s
abr 04, 2013 12:33:18 PM org.ros.time.RemoteUptimeClock update
INFO: Latency: 31,0000 s, Delta ratio: 0,5000, Drift: 2,000, Error reduction coefficient: 0,000, Error: 0,0000 s
abr 04, 2013 12:33:18 PM org.ros.time.RemoteUptimeClock update
INFO: Latency: 31,0000 s, Delta ratio: 0,5000, Drift: 2,000, Error reduction coefficient: 0,000, Error: 0,0000 s
abr 04, 2013 12:33:18 PM org.ros.time.RemoteUptimeClock update
INFO: Latency: 31,0000 s, Delta ratio: 0,5000, Drift: 2,000, Error reduction coefficient: 0,000, Error: 0,0000 s
abr 04, 2013 12:33:18 PM org.ros.time.RemoteUptimeClock update
INFO: Latency: 31,0000 s, Delta ratio: 0,5000, Drift: 2,000, Error reduction coefficient: 0,000, Error: 0,0000 s
abr 04, 2013 12:33:18 PM org.ros.time.RemoteUptimeClock update
INFO: Latency: 31,0000 s, Delta ratio: 0,5000, Drift: 2,000, Error reduction coefficient: 0,000, Error: 0,0000 s
abr 04, 2013 12:33:18 PM org.ros.time.RemoteUptimeClock update
INFO: Latency: 31,0000 s, Delta ratio: 0,5000, Drift: 2,000, Error reduction coefficient: 0,000, Error: 0,0000 s
abr 04, 2013 12:33:18 PM org.ros.time.RemoteUptimeClock update
INFO: Latency: 31,0000 s, Delta ratio: 0,5000, Drift: 2,000, Error reduction coefficient: 0,000, Error: 0,0000 s
abr 04, 2013 12:33:18 PM org.ros.time.RemoteUptimeClock update
INFO: Latency: 31,0000 s, Delta ratio: 0,5000, Drift: 2,000, Error reduction coefficient: 0,000, Error: 0,0000 s
abr 04, 2013 12:33:18 PM org.ros.time.RemoteUptimeClock update
INFO: Latency: 31,0000 s, Delta ratio: 0,5000, Drift: 2,000, Error reduction coefficient: 0,000, Error: 0,0000 s
abr 04, 2013 12:33:18 PM org.ros.time.RemoteUptimeClock update
INFO: Latency: 31,0000 s, Delta ratio: 0,5000, Drift: 2,000, Error reduction coefficient: 0,000, Error: 0,0000 s
abr 04, 2013 12:33:18 PM org.ros.time.RemoteUptimeClock update
INFO: Latency: 31,0000 s, Delta ratio: 0,5000, Drift: 2,000, Error reduction coefficient: 0,000, Error: 0,0000 s
abr 04, 2013 12:33:18 PM org.ros.time.RemoteUptimeClock update
INFO: Latency: 31,0000 s, Delta ratio: 0,5000, Drift: 2,000, Error reduction coefficient: 0,000, Error: 0,0000 s
abr 04, 2013 12:33:18 PM org.ros.time.RemoteUptimeClock update
INFO: Latency: 31,0000 s, Delta ratio: 0,5000, Drift: 2,000, Error reduction coefficient: 0,000, Error: 0,0000 s
abr 04, 2013 12:33:18 PM org.ros.time.RemoteUptimeClock update
INFO: Latency: 31,0000 s, Delta ratio: 0,5000, Drift: 2,000, Error reduction coefficient: 0,000, Error: 0,0000 s
abr 04, 2013 12:33:18 PM org.ros.time.RemoteUptimeClock update
INFO: Latency: 31,0000 s, Delta ratio: 0,5000, Drift: 2,000, Error reduction coefficient: 0,000, Error: 0,0000 s
abr 04, 2013 12:33:18 PM org.ros.time.RemoteUptimeClock update
INFO: Latency: 31,0000 s, Delta ratio: 0,5000, Drift: 2,000, Error reduction coefficient: 0,000, Error: 0,0000 s
abr 04, 2013 12:33:18 PM org.ros.time.RemoteUptimeClock update
INFO: Latency: 31,0000 s, Delta ratio: 0,5000, Drift: 2,000, Error reduction coefficient: 0,000, Error: 0,0000 s
abr 04, 2013 12:33:18 PM org.ros.time.RemoteUptimeClock update
INFO: Latency: 31,0000 s, Delta ratio: 0,5000, Drift: 2,000, Error reduction coefficient: 0,000, Error: 0,0000 s
abr 04, 2013 12:33:18 PM org.ros.time.RemoteUptimeClock update
INFO: Latency: 31,0000 s, Delta ratio: 0,5000, Drift: 2,000, Error reduction coefficient: 0,000, Error: 0,0000 s
abr 04, 2013 12:33:18 PM org.ros.time.RemoteUptimeClock update
INFO: Latency: 31,0000 s, Delta ratio: 0,5000, Drift: 2,000, Error reduction coefficient: 0,000, Error: 0,0000 s
abr 04, 2013 12:33:18 PM org.ros.time.RemoteUptimeClock update
INFO: Latency: 31,0000 s, Delta ratio: 0,5000, Drift: 2,000, Error reduction coefficient: 0,000, Error: 0,0000 s
abr 04, 2013 12:33:18 PM org.ros.time.RemoteUptimeClock update
INFO: Latency: 31,0000 s, Delta ratio: 0,5000, Drift: 2,000, Error reduction coefficient: 0,000, Error: 0,0000 s
abr 04, 2013 12:33:18 PM org.ros.time.RemoteUptimeClock update
INFO: Latency: 31,0000 s, Delta ratio: 0,5000, Drift: 2,000, Error reduction coefficient: 0,000, Error: 0,0000 s
abr 04, 2013 12:33:18 PM org.ros.time.RemoteUptimeClock update
INFO: Latency: 31,0000 s, Delta ratio: 0,5000, Drift: 2,000, Error reduction coefficient: 0,000, Error: 0,0000 s
abr 04, 2013 12:33:18 PM org.ros.time.RemoteUptimeClock update
INFO: Latency: 31,0000 s, Delta ratio: 0,5000, Drift: 2,000, Error reduction coefficient: 0,000, Error: 0,0000 s
abr 04, 2013 12:33:18 PM org.ros.time.RemoteUptimeClock update
INFO: Latency: 31,0000 s, Delta ratio: 0,5000, Drift: 2,000, Error reduction coefficient: 0,000, Error: 0,0000 s
abr 04, 2013 12:33:18 PM org.ros.time.RemoteUptimeClock update
INFO: Latency: 31,0000 s, Delta ratio: 0,5000, Drift: 2,000, Error reduction coefficient: 0,000, Error: 0,0000 s
abr 04, 2013 12:33:18 PM org.ros.time.RemoteUptimeClock update
INFO: Latency: 31,0000 s, Delta ratio: 0,5000, Drift: 2,000, Error reduction coefficient: 0,000, Error: 0,0000 s
abr 04, 2013 12:33:18 PM org.ros.time.RemoteUptimeClock update
INFO: Latency: 31,0000 s, Delta ratio: 0,5000, Drift: 2,000, Error reduction coefficient: 0,000, Error: 0,0000 s
abr 04, 2013 12:33:18 PM org.ros.time.RemoteUptimeClock update
INFO: Latency: 31,0000 s, Delta ratio: 0,5000, Drift: 2,000, Error reduction coefficient: 0,000, Error: 0,0000 s
abr 04, 2013 12:33:18 PM org.ros.time.RemoteUptimeClock update
INFO: Latency: 31,0000 s, Delta ratio: 0,5000, Drift: 2,000, Error reduction coefficient: 0,000, Error: 0,0000 s
abr 04, 2013 12:33:18 PM org.ros.time.RemoteUptimeClock update
INFO: Latency: 31,0000 s, Delta ratio: 0,5000, Drift: 2,000, Error reduction coefficient: 0,000, Error: 0,0000 s
abr 04, 2013 12:33:18 PM org.ros.time.RemoteUptimeClock update
INFO: Latency: 31,0000 s, Delta ratio: 0,5000, Drift: 2,000, Error reduction coefficient: 0,000, Error: 0,0000 s
abr 04, 2013 12:33:18 PM org.ros.time.RemoteUptimeClock update
INFO: Latency: 31,0000 s, Delta ratio: 0,5000, Drift: 2,000, Error reduction coefficient: 0,000, Error: 0,0000 s
abr 04, 2013 12:33:18 PM org.ros.time.RemoteUptimeClock update
INFO: Latency: 31,0000 s, Delta ratio: 0,5000, Drift: 2,000, Error reduction coefficient: 0,000, Error: 0,0000 s
abr 04, 2013 12:33:18 PM org.ros.time.RemoteUptimeClock update
INFO: Latency: 31,0000 s, Delta ratio: 0,5000, Drift: 2,000, Error reduction coefficient: 0,000, Error: 0,0000 s
abr 04, 2013 12:33:18 PM org.ros.time.RemoteUptimeClock update
INFO: Latency: 31,0000 s, Delta ratio: 0,5000, Drift: 2,000, Error reduction coefficient: 0,000, Error: 0,0000 s
abr 04, 2013 12:33:18 PM org.ros.time.RemoteUptimeClock update
INFO: Latency: 31,0000 s, Delta ratio: 0,5000, Drift: 2,000, Error reduction coefficient: 0,000, Error: 0,0000 s
abr 04, 2013 12:33:18 PM org.ros.time.RemoteUptimeClock update
INFO: Latency: 31,0000 s, Delta ratio: 0,5000, Drift: 2,000, Error reduction coefficient: 0,000, Error: 0,0000 s
abr 04, 2013 12:33:18 PM org.ros.time.RemoteUptimeClock update
INFO: Latency: 31,0000 s, Delta ratio: 0,5000, Drift: 2,000, Error reduction coefficient: 0,000, Error: 0,0000 s
abr 04, 2013 12:33:18 PM org.ros.time.RemoteUptimeClock update
INFO: Latency: 31,0000 s, Delta ratio: 0,5000, Drift: 2,000, Error reduction coefficient: 0,000, Error: 0,0000 s
abr 04, 2013 12:33:18 PM org.ros.time.RemoteUptimeClock update
INFO: Latency: 31,0000 s, Delta ratio: 0,5000, Drift: 2,000, Error reduction coefficient: 0,000, Error: 0,0000 s
abr 04, 2013 12:33:18 PM org.ros.time.RemoteUptimeClock update
INFO: Latency: 31,0000 s, Delta ratio: 0,5000, Drift: 2,000, Error reduction coefficient: 0,000, Error: 0,0000 s
abr 04, 2013 12:33:18 PM org.ros.time.RemoteUptimeClock update
INFO: Latency: 31,0000 s, Delta ratio: 0,5000, Drift: 2,000, Error reduction coefficient: 0,000, Error: 0,0000 s
abr 04, 2013 12:33:18 PM org.ros.time.RemoteUptimeClock update
INFO: Latency: 31,0000 s, Delta ratio: 0,5000, Drift: 2,000, Error reduction coefficient: 0,000, Error: 0,0000 s
abr 04, 2013 12:33:18 PM org.ros.time.RemoteUptimeClock update
INFO: Latency: 31,0000 s, Delta ratio: 0,5000, Drift: 2,000, Error reduction coefficient: 0,000, Error: 0,0000 s
abr 04, 2013 12:33:18 PM org.ros.time.RemoteUptimeClock update
INFO: Latency: 31,0000 s, Delta ratio: 0,5000, Drift: 2,000, Error reduction coefficient: 0,000, Error: 0,0000 s
abr 04, 2013 12:33:18 PM org.ros.time.RemoteUptimeClock update
INFO: Latency: 31,0000 s, Delta ratio: 0,5000, Drift: 2,000, Error reduction coefficient: 0,000, Error: 0,0000 s
abr 04, 2013 12:33:18 PM org.ros.time.RemoteUptimeClock update
INFO: Latency: 31,0000 s, Delta ratio: 0,5000, Drift: 2,000, Error reduction coefficient: 0,000, Error: 0,0000 s
abr 04, 2013 12:33:18 PM org.ros.time.RemoteUptimeClock update
INFO: Latency: 31,0000 s, Delta ratio: 0,5000, Drift: 2,000, Error reduction coefficient: 0,000, Error: 0,0000 s
abr 04, 2013 12:33:18 PM org.ros.time.RemoteUptimeClock update
INFO: Latency: 31,0000 s, Delta ratio: 0,5000, Drift: 2,000, Error reduction coefficient: 0,000, Error: 0,0000 s
abr 04, 2013 12:33:18 PM org.ros.time.RemoteUptimeClock update
INFO: Latency: 31,0000 s, Delta ratio: 0,5000, Drift: 2,000, Error reduction coefficient: 0,000, Error: 0,0000 s
abr 04, 2013 12:33:18 PM org.ros.time.RemoteUptimeClock update
INFO: Latency: 31,0000 s, Delta ratio: 0,5000, Drift: 2,000, Error reduction coefficient: 0,000, Error: 0,0000 s
abr 04, 2013 12:33:18 PM org.ros.time.RemoteUptimeClock update
INFO: Latency: 31,0000 s, Delta ratio: 0,5000, Drift: 2,000, Error reduction coefficient: 0,000, Error: 0,0000 s
abr 04, 2013 12:33:18 PM org.ros.time.RemoteUptimeClock update
INFO: Latency: 31,0000 s, Delta ratio: 0,5000, Drift: 2,000, Error reduction coefficient: 0,000, Error: 0,0000 s
abr 04, 2013 12:33:18 PM org.ros.time.RemoteUptimeClock update
INFO: Latency: 31,0000 s, Delta ratio: 0,5000, Drift: 2,000, Error reduction coefficient: 0,000, Error: 0,0000 s
abr 04, 2013 12:33:18 PM org.ros.time.RemoteUptimeClock update
INFO: Latency: 31,0000 s, Delta ratio: 0,5000, Drift: 2,000, Error reduction coefficient: 0,000, Error: 0,0000 s
abr 04, 2013 12:33:18 PM org.ros.time.RemoteUptimeClock update
INFO: Latency: 31,0000 s, Delta ratio: 0,5000, Drift: 2,000, Error reduction coefficient: 0,000, Error: 0,0000 s
abr 04, 2013 12:33:18 PM org.ros.time.RemoteUptimeClock update
INFO: Latency: 31,0000 s, Delta ratio: 0,5000, Drift: 2,000, Error reduction coefficient: 0,000, Error: 0,0000 s
abr 04, 2013 12:33:18 PM org.ros.time.RemoteUptimeClock update
INFO: Latency: 31,0000 s, Delta ratio: 0,5000, Drift: 2,000, Error reduction coefficient: 0,000, Error: 0,0000 s
abr 04, 2013 12:33:18 PM org.ros.time.RemoteUptimeClock update
INFO: Latency: 31,0000 s, Delta ratio: 0,5000, Drift: 2,000, Error reduction coefficient: 0,000, Error: 0,0000 s
abr 04, 2013 12:33:18 PM org.ros.time.RemoteUptimeClock update
INFO: Latency: 31,0000 s, Delta ratio: 0,5000, Drift: 2,000, Error reduction coefficient: 0,000, Error: 0,0000 s
abr 04, 2013 12:33:18 PM org.ros.time.RemoteUptimeClock update
INFO: Latency: 31,0000 s, Delta ratio: 0,5000, Drift: 2,000, Error reduction coefficient: 0,000, Error: 0,0000 s
abr 04, 2013 12:33:18 PM org.ros.time.RemoteUptimeClock update
INFO: Latency: 31,0000 s, Delta ratio: 0,5000, Drift: 2,000, Error reduction coefficient: 0,000, Error: 0,0000 s
abr 04, 2013 12:33:18 PM org.ros.time.RemoteUptimeClock update
INFO: Latency: 31,0000 s, Delta ratio: 0,5000, Drift: 2,000, Error reduction coefficient: 0,000, Error: 0,0000 s
abr 04, 2013 12:33:18 PM org.ros.time.RemoteUptimeClock update
INFO: Latency: 31,0000 s, Delta ratio: 0,5000, Drift: 2,000, Error reduction coefficient: 0,000, Error: 0,0000 s
abr 04, 2013 12:33:18 PM org.ros.time.RemoteUptimeClock update
INFO: Latency: 31,0000 s, Delta ratio: 0,5000, Drift: 2,000, Error reduction coefficient: 0,000, Error: 0,0000 s
abr 04, 2013 12:33:18 PM org.ros.time.RemoteUptimeClock update
INFO: Latency: 31,0000 s, Delta ratio: 0,5000, Drift: 2,000, Error reduction coefficient: 0,000, Error: 0,0000 s
abr 04, 2013 12:33:18 PM org.ros.time.RemoteUptimeClock update
INFO: Latency: 31,0000 s, Delta ratio: 0,5000, Drift: 2,000, Error reduction coefficient: 0,000, Error: 0,0000 s
abr 04, 2013 12:33:18 PM org.ros.time.RemoteUptimeClock update
INFO: Latency: 31,0000 s, Delta ratio: 0,5000, Drift: 2,000, Error reduction coefficient: 0,000, Error: 0,0000 s
abr 04, 2013 12:33:18 PM org.ros.time.RemoteUptimeClock update
INFO: Latency: 31,0000 s, Delta ratio: 0,5000, Drift: 2,000, Error reduction coefficient: 0,000, Error: 0,0000 s
abr 04, 2013 12:33:18 PM org.ros.time.RemoteUptimeClock update
INFO: Latency: 31,0000 s, Delta ratio: 0,5000, Drift: 2,000, Error reduction coefficient: 0,000, Error: 0,0000 s
abr 04, 2013 12:33:18 PM org.ros.time.RemoteUptimeClock update
INFO: Latency: 31,0000 s, Delta ratio: 0,5000, Drift: 2,000, Error reduction coefficient: 0,000, Error: 0,0000 s
abr 04, 2013 12:33:18 PM org.ros.time.RemoteUptimeClock update
INFO: Latency: 31,0000 s, Delta ratio: 0,5000, Drift: 2,000, Error reduction coefficient: 0,000, Error: 0,0000 s
abr 04, 2013 12:33:18 PM org.ros.time.RemoteUptimeClock update
INFO: Latency: 31,0000 s, Delta ratio: 0,5000, Drift: 2,000, Error reduction coefficient: 0,000, Error: 0,0000 s
abr 04, 2013 12:33:18 PM org.ros.time.RemoteUptimeClock update
INFO: Latency: 31,0000 s, Delta ratio: 0,5000, Drift: 2,000, Error reduction coefficient: 0,000, Error: 0,0000 s
abr 04, 2013 12:33:18 PM org.ros.time.RemoteUptimeClock update
INFO: Latency: 31,0000 s, Delta ratio: 0,5000, Drift: 2,000, Error reduction coefficient: 0,000, Error: 0,0000 s
abr 04, 2013 12:33:18 PM org.ros.time.RemoteUptimeClock update
INFO: Latency: 31,0000 s, Delta ratio: 0,5000, Drift: 2,000, Error reduction coefficient: 0,000, Error: 0,0000 s
abr 04, 2013 12:33:18 PM org.ros.time.RemoteUptimeClock update
INFO: Latency: 31,0000 s, Delta ratio: 0,5000, Drift: 2,000, Error reduction coefficient: 0,000, Error: 0,0000 s
abr 04, 2013 12:33:18 PM org.ros.time.RemoteUptimeClock update
INFO: Latency: 31,0000 s, Delta ratio: 0,5000, Drift: 2,000, Error reduction coefficient: 0,000, Error: 0,0000 s
abr 04, 2013 12:33:18 PM org.ros.time.RemoteUptimeClock update
INFO: Latency: 31,0000 s, Delta ratio: 0,5000, Drift: 2,000, Error reduction coefficient: 0,000, Error: 0,0000 s
abr 04, 2013 12:33:18 PM org.ros.time.RemoteUptimeClock update
INFO: Latency: 31,0000 s, Delta ratio: 0,5000, Drift: 2,000, Error reduction coefficient: 0,000, Error: 0,0000 s
abr 04, 2013 12:33:18 PM org.ros.time.RemoteUptimeClock update
INFO: Latency: 31,0000 s, Delta ratio: 0,5000, Drift: 2,000, Error reduction coefficient: 0,000, Error: 0,0000 s
abr 04, 2013 12:33:18 PM org.ros.time.RemoteUptimeClock update
INFO: Latency: 31,0000 s, Delta ratio: 0,5000, Drift: 2,000, Error reduction coefficient: 0,000, Error: 0,0000 s
abr 04, 2013 12:33:18 PM org.ros.time.RemoteUptimeClock update
INFO: Latency: 31,0000 s, Delta ratio: 0,5000, Drift: 2,000, Error reduction coefficient: 0,000, Error: 0,0000 s
abr 04, 2013 12:33:18 PM org.ros.time.RemoteUptimeClock update
INFO: Latency: 31,0000 s, Delta ratio: 0,5000, Drift: 2,000, Error reduction coefficient: 0,000, Error: 0,0000 s
abr 04, 2013 12:33:18 PM org.ros.time.RemoteUptimeClock update
INFO: Latency: 31,0000 s, Delta ratio: 0,5000, Drift: 2,000, Error reduction coefficient: 0,000, Error: 0,0000 s
abr 04, 2013 12:33:18 PM org.ros.time.RemoteUptimeClock update
INFO: Latency: 31,0000 s, Delta ratio: 0,5000, Drift: 2,000, Error reduction coefficient: 0,000, Error: 0,0000 s
abr 04, 2013 12:33:18 PM org.ros.time.RemoteUptimeClock update
INFO: Latency: 31,0000 s, Delta ratio: 0,5000, Drift: 2,000, Error reduction coefficient: 0,000, Error: 0,0000 s
abr 04, 2013 12:33:18 PM org.ros.time.RemoteUptimeClock update
INFO: Latency: 31,0000 s, Delta ratio: 0,5000, Drift: 2,000, Error reduction coefficient: 0,000, Error: 0,0000 s
abr 04, 2013 12:33:18 PM org.ros.time.RemoteUptimeClock update
INFO: Latency: 31,0000 s, Delta ratio: 0,5000, Drift: 2,000, Error reduction coefficient: 0,000, Error: 0,0000 s
abr 04, 2013 12:33:18 PM org.ros.time.RemoteUptimeClock update
INFO: Latency: 31,0000 s, Delta ratio: 0,5000, Drift: 2,000, Error reduction coefficient: 0,000, Error: 0,0000 s
abr 04, 2013 12:33:18 PM org.ros.time.RemoteUptimeClock update
INFO: Latency: 31,0000 s, Delta ratio: 0,5000, Drift: 2,000, Error reduction coefficient: 0,000, Error: 0,0000 s
abr 04, 2013 12:33:18 PM org.ros.time.RemoteUptimeClock update
INFO: Latency: 31,0000 s, Delta ratio: 0,5000, Drift: 2,000, Error reduction coefficient: 0,000, Error: 0,0000 s
abr 04, 2013 12:33:18 PM org.ros.time.RemoteUptimeClock update
INFO: Latency: 31,0000 s, Delta ratio: 0,5000, Drift: 2,000, Error reduction coefficient: 0,000, Error: 0,0000 s
abr 04, 2013 12:33:18 PM org.ros.time.RemoteUptimeClock update
INFO: Latency: 31,0000 s, Delta ratio: 0,5000, Drift: 2,000, Error reduction coefficient: 0,000, Error: 0,0000 s
abr 04, 2013 12:33:18 PM org.ros.time.RemoteUptimeClock update
INFO: Latency: 31,0000 s, Delta ratio: 0,5000, Drift: 2,000, Error reduction coefficient: 0,000, Error: 0,0000 s
abr 04, 2013 12:33:18 PM org.ros.time.RemoteUptimeClock update
INFO: Latency: 31,0000 s, Delta ratio: 0,5000, Drift: 2,000, Error reduction coefficient: 0,000, Error: 0,0000 s
abr 04, 2013 12:33:18 PM org.ros.time.RemoteUptimeClock update
INFO: Latency: 31,0000 s, Delta ratio: 0,5000, Drift: 2,000, Error reduction coefficient: 0,000, Error: 0,0000 s
abr 04, 2013 12:33:18 PM org.ros.time.RemoteUptimeClock update
INFO: Latency: 31,0000 s, Delta ratio: 0,5000, Drift: 2,000, Error reduction coefficient: 0,000, Error: 0,0000 s
abr 04, 2013 12:33:18 PM org.ros.time.RemoteUptimeClock update
INFO: Latency: 31,0000 s, Delta ratio: 0,5000, Drift: 2,000, Error reduction coefficient: 0,000, Error: 0,0000 s
abr 04, 2013 12:33:18 PM org.ros.time.RemoteUptimeClock update
INFO: Latency: 31,0000 s, Delta ratio: 0,5000, Drift: 2,000, Error reduction coefficient: 0,000, Error: 0,0000 s
abr 04, 2013 12:33:18 PM org.ros.time.RemoteUptimeClock update
INFO: Latency: 31,0000 s, Delta ratio: 0,5000, Drift: 2,000, Error reduction coefficient: 0,000, Error: 0,0000 s
abr 04, 2013 12:33:18 PM org.ros.time.RemoteUptimeClock update
INFO: Latency: 31,0000 s, Delta ratio: 0,5000, Drift: 2,000, Error reduction coefficient: 0,000, Error: 0,0000 s
abr 04, 2013 12:33:18 PM org.ros.time.RemoteUptimeClock update
INFO: Latency: 31,0000 s, Delta ratio: 0,5000, Drift: 2,000, Error reduction coefficient: 0,000, Error: 0,0000 s
abr 04, 2013 12:33:18 PM org.ros.time.RemoteUptimeClock update
INFO: Latency: 31,0000 s, Delta ratio: 0,5000, Drift: 2,000, Error reduction coefficient: 0,000, Error: 0,0000 s
abr 04, 2013 12:33:18 PM org.ros.time.RemoteUptimeClock update
INFO: Latency: 31,0000 s, Delta ratio: 0,5000, Drift: 2,000, Error reduction coefficient: 0,000, Error: 0,0000 s
abr 04, 2013 12:33:18 PM org.ros.time.RemoteUptimeClock update
INFO: Latency: 31,0000 s, Delta ratio: 0,5000, Drift: 2,000, Error reduction coefficient: 0,000, Error: 0,0000 s
abr 04, 2013 12:33:18 PM org.ros.time.RemoteUptimeClock update
INFO: Latency: 31,0000 s, Delta ratio: 0,5000, Drift: 2,000, Error reduction coefficient: 0,000, Error: 0,0000 s
abr 04, 2013 12:33:18 PM org.ros.time.RemoteUptimeClock update
INFO: Latency: 31,0000 s, Delta ratio: 0,5000, Drift: 2,000, Error reduction coefficient: 0,000, Error: 0,0000 s
abr 04, 2013 12:33:18 PM org.ros.time.RemoteUptimeClock update
INFO: Latency: 31,0000 s, Delta ratio: 0,5000, Drift: 2,000, Error reduction coefficient: 0,000, Error: 0,0000 s
abr 04, 2013 12:33:18 PM org.ros.time.RemoteUptimeClock update
INFO: Latency: 31,0000 s, Delta ratio: 0,5000, Drift: 2,000, Error reduction coefficient: 0,000, Error: 0,0000 s
abr 04, 2013 12:33:18 PM org.ros.time.RemoteUptimeClock update
INFO: Latency: 31,0000 s, Delta ratio: 0,5000, Drift: 2,000, Error reduction coefficient: 0,000, Error: 0,0000 s
abr 04, 2013 12:33:18 PM org.ros.time.RemoteUptimeClock update
INFO: Latency: 31,0000 s, Delta ratio: 0,5000, Drift: 2,000, Error reduction coefficient: 0,000, Error: 0,0000 s
abr 04, 2013 12:33:18 PM org.ros.time.RemoteUptimeClock update
INFO: Latency: 31,0000 s, Delta ratio: 0,5000, Drift: 2,000, Error reduction coefficient: 0,000, Error: 0,0000 s
abr 04, 2013 12:33:18 PM org.ros.time.RemoteUptimeClock update
INFO: Latency: 31,0000 s, Delta ratio: 0,5000, Drift: 2,000, Error reduction coefficient: 0,000, Error: 0,0000 s
abr 04, 2013 12:33:18 PM org.ros.time.RemoteUptimeClock update
INFO: Latency: 31,0000 s, Delta ratio: 0,5000, Drift: 2,000, Error reduction coefficient: 0,000, Error: 0,0000 s
abr 04, 2013 12:33:18 PM org.ros.time.RemoteUptimeClock update
INFO: Latency: 31,0000 s, Delta ratio: 0,5000, Drift: 2,000, Error reduction coefficient: 0,000, Error: 0,0000 s
abr 04, 2013 12:33:18 PM org.ros.time.RemoteUptimeClock update
INFO: Latency: 31,0000 s, Delta ratio: 0,5000, Drift: 2,000, Error reduction coefficient: 0,000, Error: 0,0000 s
abr 04, 2013 12:33:18 PM org.ros.time.RemoteUptimeClock update
INFO: Latency: 31,0000 s, Delta ratio: 0,5000, Drift: 2,000, Error reduction coefficient: 0,000, Error: 0,0000 s
abr 04, 2013 12:33:18 PM org.ros.time.RemoteUptimeClock update
INFO: Latency: 31,0000 s, Delta ratio: 0,5000, Drift: 2,000, Error reduction coefficient: 0,000, Error: 0,0000 s
abr 04, 2013 12:33:18 PM org.ros.time.RemoteUptimeClock update
INFO: Latency: 31,0000 s, Delta ratio: 0,5000, Drift: 2,000, Error reduction coefficient: 0,000, Error: 0,0000 s
abr 04, 2013 12:33:18 PM org.ros.time.RemoteUptimeClock update
INFO: Latency: 31,0000 s, Delta ratio: 0,5000, Drift: 2,000, Error reduction coefficient: 0,000, Error: 0,0000 s
abr 04, 2013 12:33:18 PM org.ros.time.RemoteUptimeClock update
INFO: Latency: 31,0000 s, Delta ratio: 0,5000, Drift: 2,000, Error reduction coefficient: 0,000, Error: 0,0000 s
abr 04, 2013 12:33:18 PM org.ros.time.RemoteUptimeClock update
INFO: Latency: 31,0000 s, Delta ratio: 0,5000, Drift: 2,000, Error reduction coefficient: 0,000, Error: 0,0000 s
abr 04, 2013 12:33:18 PM org.ros.time.RemoteUptimeClock update
INFO: Latency: 31,0000 s, Delta ratio: 0,5000, Drift: 2,000, Error reduction coefficient: 0,000, Error: 0,0000 s
abr 04, 2013 12:33:18 PM org.ros.time.RemoteUptimeClock update
INFO: Latency: 31,0000 s, Delta ratio: 0,5000, Drift: 2,000, Error reduction coefficient: 0,000, Error: 0,0000 s
abr 04, 2013 12:33:18 PM org.ros.time.RemoteUptimeClock update
INFO: Latency: 31,0000 s, Delta ratio: 0,5000, Drift: 2,000, Error reduction coefficient: 0,000, Error: 0,0000 s
abr 04, 2013 12:33:18 PM org.ros.time.RemoteUptimeClock update
INFO: Latency: 31,0000 s, Delta ratio: 0,5000, Drift: 2,000, Error reduction coefficient: 0,000, Error: 0,0000 s
abr 04, 2013 12:33:18 PM org.ros.time.RemoteUptimeClock update
INFO: Latency: 31,0000 s, Delta ratio: 0,5000, Drift: 2,000, Error reduction coefficient: 0,000, Error: 0,0000 s
abr 04, 2013 12:33:18 PM org.ros.time.RemoteUptimeClock update
INFO: Latency: 31,0000 s, Delta ratio: 0,5000, Drift: 2,000, Error reduction coefficient: 0,000, Error: 0,0000 s
abr 04, 2013 12:33:18 PM org.ros.time.RemoteUptimeClock update
INFO: Latency: 31,0000 s, Delta ratio: 0,5000, Drift: 2,000, Error reduction coefficient: 0,000, Error: 0,0000 s
abr 04, 2013 12:33:18 PM org.ros.time.RemoteUptimeClock update
INFO: Latency: 31,0000 s, Delta ratio: 0,5000, Drift: 2,000, Error reduction coefficient: 0,000, Error: 0,0000 s
abr 04, 2013 12:33:18 PM org.ros.time.RemoteUptimeClock update
INFO: Latency: 31,0000 s, Delta ratio: 0,5000, Drift: 2,000, Error reduction coefficient: 0,000, Error: 0,0000 s
abr 04, 2013 12:33:18 PM org.ros.time.RemoteUptimeClock update
INFO: Latency: 31,0000 s, Delta ratio: 0,5000, Drift: 2,000, Error reduction coefficient: 0,000, Error: 0,0000 s
abr 04, 2013 12:33:18 PM org.ros.time.RemoteUptimeClock update
INFO: Latency: 31,0000 s, Delta ratio: 0,5000, Drift: 2,000, Error reduction coefficient: 0,000, Error: 0,0000 s
abr 04, 2013 12:33:18 PM org.ros.time.RemoteUptimeClock update
INFO: Latency: 31,0000 s, Delta ratio: 0,5000, Drift: 2,000, Error reduction coefficient: 0,000, Error: 0,0000 s
abr 04, 2013 12:33:18 PM org.ros.time.RemoteUptimeClock update
INFO: Latency: 31,0000 s, Delta ratio: 0,5000, Drift: 2,000, Error reduction coefficient: 0,000, Error: 0,0000 s
abr 04, 2013 12:33:18 PM org.ros.time.RemoteUptimeClock update
INFO: Latency: 31,0000 s, Delta ratio: 0,5000, Drift: 2,000, Error reduction coefficient: 0,000, Error: 0,0000 s
abr 04, 2013 12:33:18 PM org.ros.time.RemoteUptimeClock update
INFO: Latency: 31,0000 s, Delta ratio: 0,5000, Drift: 2,000, Error reduction coefficient: 0,000, Error: 0,0000 s
abr 04, 2013 12:33:18 PM org.ros.time.RemoteUptimeClock update
INFO: Latency: 31,0000 s, Delta ratio: 0,5000, Drift: 2,000, Error reduction coefficient: 0,000, Error: 0,0000 s
abr 04, 2013 12:33:18 PM org.ros.time.RemoteUptimeClock update
INFO: Latency: 31,0000 s, Delta ratio: 0,5000, Drift: 2,000, Error reduction coefficient: 0,000, Error: 0,0000 s
abr 04, 2013 12:33:18 PM org.ros.time.RemoteUptimeClock update
INFO: Latency: 31,0000 s, Delta ratio: 0,5000, Drift: 2,000, Error reduction coefficient: 0,000, Error: 0,0000 s
abr 04, 2013 12:33:18 PM org.ros.time.RemoteUptimeClock update
INFO: Latency: 31,0000 s, Delta ratio: 0,5000, Drift: 2,000, Error reduction coefficient: 0,000, Error: 0,0000 s
abr 04, 2013 12:33:18 PM org.ros.time.RemoteUptimeClock update
INFO: Latency: 31,0000 s, Delta ratio: 0,5000, Drift: 2,000, Error reduction coefficient: 0,000, Error: 0,0000 s
abr 04, 2013 12:33:18 PM org.ros.time.RemoteUptimeClock update
INFO: Latency: 31,0000 s, Delta ratio: 0,5000, Drift: 2,000, Error reduction coefficient: 0,000, Error: 0,0000 s
abr 04, 2013 12:33:18 PM org.ros.time.RemoteUptimeClock update
INFO: Latency: 31,0000 s, Delta ratio: 0,5000, Drift: 2,000, Error reduction coefficient: 0,000, Error: 0,0000 s
abr 04, 2013 12:33:18 PM org.ros.time.RemoteUptimeClock update
INFO: Latency: 31,0000 s, Delta ratio: 0,5000, Drift: 2,000, Error reduction coefficient: 0,000, Error: 0,0000 s
abr 04, 2013 12:33:18 PM org.ros.time.RemoteUptimeClock update
INFO: Latency: 31,0000 s, Delta ratio: 0,5000, Drift: 2,000, Error reduction coefficient: 0,000, Error: 0,0000 s
abr 04, 2013 12:33:18 PM org.ros.time.RemoteUptimeClock update
INFO: Latency: 31,0000 s, Delta ratio: 0,5000, Drift: 2,000, Error reduction coefficient: 0,000, Error: 0,0000 s
abr 04, 2013 12:33:18 PM org.ros.time.RemoteUptimeClock update
INFO: Latency: 31,0000 s, Delta ratio: 0,5000, Drift: 2,000, Error reduction coefficient: 0,000, Error: 0,0000 s
abr 04, 2013 12:33:18 PM org.ros.time.RemoteUptimeClock update
INFO: Latency: 31,0000 s, Delta ratio: 0,5000, Drift: 2,000, Error reduction coefficient: 0,000, Error: 0,0000 s
abr 04, 2013 12:33:18 PM org.ros.time.RemoteUptimeClock update
INFO: Latency: 31,0000 s, Delta ratio: 0,5000, Drift: 2,000, Error reduction coefficient: 0,000, Error: 0,0000 s
abr 04, 2013 12:33:18 PM org.ros.time.RemoteUptimeClock update
INFO: Latency: 31,0000 s, Delta ratio: 0,5000, Drift: 2,000, Error reduction coefficient: 0,000, Error: 0,0000 s
abr 04, 2013 12:33:18 PM org.ros.time.RemoteUptimeClock update
INFO: Latency: 31,0000 s, Delta ratio: 0,5000, Drift: 2,000, Error reduction coefficient: 0,000, Error: 0,0000 s
abr 04, 2013 12:33:18 PM org.ros.time.RemoteUptimeClock update
INFO: Latency: 31,0000 s, Delta ratio: 0,5000, Drift: 2,000, Error reduction coefficient: 0,000, Error: 0,0000 s
abr 04, 2013 12:33:18 PM org.ros.time.RemoteUptimeClock update
INFO: Latency: 31,0000 s, Delta ratio: 0,5000, Drift: 2,000, Error reduction coefficient: 0,000, Error: 0,0000 s
abr 04, 2013 12:33:18 PM org.ros.time.RemoteUptimeClock update
INFO: Latency: 31,0000 s, Delta ratio: 0,5000, Drift: 2,000, Error reduction coefficient: 0,000, Error: 0,0000 s
abr 04, 2013 12:33:18 PM org.ros.time.RemoteUptimeClock update
INFO: Latency: 31,0000 s, Delta ratio: 0,5000, Drift: 2,000, Error reduction coefficient: 0,000, Error: 0,0000 s
abr 04, 2013 12:33:18 PM org.ros.time.RemoteUptimeClock update
INFO: Latency: 31,0000 s, Delta ratio: 0,5000, Drift: 2,000, Error reduction coefficient: 0,000, Error: 0,0000 s
abr 04, 2013 12:33:18 PM org.ros.time.RemoteUptimeClock update
INFO: Latency: 31,0000 s, Delta ratio: 0,5000, Drift: 2,000, Error reduction coefficient: 0,000, Error: 0,0000 s
abr 04, 2013 12:33:18 PM org.ros.time.RemoteUptimeClock update
INFO: Latency: 31,0000 s, Delta ratio: 0,5000, Drift: 2,000, Error reduction coefficient: 0,000, Error: 0,0000 s
abr 04, 2013 12:33:18 PM org.ros.time.RemoteUptimeClock update
INFO: Latency: 31,0000 s, Delta ratio: 0,5000, Drift: 2,000, Error reduction coefficient: 0,000, Error: 0,0000 s
abr 04, 2013 12:33:18 PM org.ros.time.RemoteUptimeClock update
INFO: Latency: 31,0000 s, Delta ratio: 0,5000, Drift: 2,000, Error reduction coefficient: 0,000, Error: 0,0000 s
abr 04, 2013 12:33:18 PM org.ros.time.RemoteUptimeClock update
INFO: Latency: 31,0000 s, Delta ratio: 0,5000, Drift: 2,000, Error reduction coefficient: 0,000, Error: 0,0000 s
abr 04, 2013 12:33:18 PM org.ros.time.RemoteUptimeClock update
INFO: Latency: 31,0000 s, Delta ratio: 0,5000, Drift: 2,000, Error reduction coefficient: 0,000, Error: 0,0000 s
abr 04, 2013 12:33:18 PM org.ros.time.RemoteUptimeClock update
INFO: Latency: 31,0000 s, Delta ratio: 0,5000, Drift: 2,000, Error reduction coefficient: 0,000, Error: 0,0000 s
abr 04, 2013 12:33:18 PM org.ros.time.RemoteUptimeClock update
INFO: Latency: 31,0000 s, Delta ratio: 0,5000, Drift: 2,000, Error reduction coefficient: 0,000, Error: 0,0000 s
abr 04, 2013 12:33:18 PM org.ros.time.RemoteUptimeClock update
INFO: Latency: 31,0000 s, Delta ratio: 0,5000, Drift: 2,000, Error reduction coefficient: 0,000, Error: 0,0000 s
abr 04, 2013 12:33:18 PM org.ros.time.RemoteUptimeClock update
INFO: Latency: 31,0000 s, Delta ratio: 0,5000, Drift: 2,000, Error reduction coefficient: 0,000, Error: 0,0000 s
abr 04, 2013 12:33:18 PM org.ros.time.RemoteUptimeClock update
INFO: Latency: 31,0000 s, Delta ratio: 0,5000, Drift: 2,000, Error reduction coefficient: 0,000, Error: 0,0000 s
abr 04, 2013 12:33:18 PM org.ros.time.RemoteUptimeClock update
INFO: Latency: 31,0000 s, Delta ratio: 0,5000, Drift: 2,000, Error reduction coefficient: 0,000, Error: 0,0000 s
abr 04, 2013 12:33:18 PM org.ros.time.RemoteUptimeClock update
INFO: Latency: 31,0000 s, Delta ratio: 0,5000, Drift: 2,000, Error reduction coefficient: 0,000, Error: 0,0000 s
abr 04, 2013 12:33:18 PM org.ros.time.RemoteUptimeClock update
INFO: Latency: 31,0000 s, Delta ratio: 0,5000, Drift: 2,000, Error reduction coefficient: 0,000, Error: 0,0000 s
abr 04, 2013 12:33:18 PM org.ros.time.RemoteUptimeClock update
INFO: Latency: 31,0000 s, Delta ratio: 0,5000, Drift: 2,000, Error reduction coefficient: 0,000, Error: 0,0000 s
abr 04, 2013 12:33:18 PM org.ros.time.RemoteUptimeClock update
INFO: Latency: 31,0000 s, Delta ratio: 0,5000, Drift: 2,000, Error reduction coefficient: 0,000, Error: 0,0000 s
abr 04, 2013 12:33:18 PM org.ros.time.RemoteUptimeClock update
INFO: Latency: 31,0000 s, Delta ratio: 0,5000, Drift: 2,000, Error reduction coefficient: 0,000, Error: 0,0000 s
abr 04, 2013 12:33:18 PM org.ros.time.RemoteUptimeClock update
INFO: Latency: 31,0000 s, Delta ratio: 0,5000, Drift: 2,000, Error reduction coefficient: 0,000, Error: 0,0000 s
abr 04, 2013 12:33:18 PM org.ros.time.RemoteUptimeClock update
INFO: Latency: 31,0000 s, Delta ratio: 0,5000, Drift: 2,000, Error reduction coefficient: 0,000, Error: 0,0000 s
abr 04, 2013 12:33:18 PM org.ros.time.RemoteUptimeClock update
INFO: Latency: 31,0000 s, Delta ratio: 0,5000, Drift: 2,000, Error reduction coefficient: 0,000, Error: 0,0000 s
abr 04, 2013 12:33:18 PM org.ros.time.RemoteUptimeClock update
INFO: Latency: 31,0000 s, Delta ratio: 0,5000, Drift: 2,000, Error reduction coefficient: 0,000, Error: 0,0000 s
abr 04, 2013 12:33:18 PM org.ros.time.RemoteUptimeClock update
INFO: Latency: 31,0000 s, Delta ratio: 0,5000, Drift: 2,000, Error reduction coefficient: 0,000, Error: 0,0000 s
abr 04, 2013 12:33:18 PM org.ros.time.RemoteUptimeClock update
INFO: Latency: 31,0000 s, Delta ratio: 0,5000, Drift: 2,000, Error reduction coefficient: 0,000, Error: 0,0000 s
abr 04, 2013 12:33:18 PM org.ros.time.RemoteUptimeClock update
INFO: Latency: 31,0000 s, Delta ratio: 0,5000, Drift: 2,000, Error reduction coefficient: 0,000, Error: 0,0000 s
abr 04, 2013 12:33:18 PM org.ros.time.RemoteUptimeClock update
INFO: Latency: 31,0000 s, Delta ratio: 0,5000, Drift: 2,000, Error reduction coefficient: 0,000, Error: 0,0000 s
abr 04, 2013 12:33:18 PM org.ros.time.RemoteUptimeClock update
INFO: Latency: 31,0000 s, Delta ratio: 0,5000, Drift: 2,000, Error reduction coefficient: 0,000, Error: 0,0000 s
abr 04, 2013 12:33:18 PM org.ros.time.RemoteUptimeClock update
INFO: Latency: 31,0000 s, Delta ratio: 0,5000, Drift: 2,000, Error reduction coefficient: 0,000, Error: 0,0000 s
abr 04, 2013 12:33:18 PM org.ros.time.RemoteUptimeClock update
INFO: Latency: 31,0000 s, Delta ratio: 0,5000, Drift: 2,000, Error reduction coefficient: 0,000, Error: 0,0000 s
abr 04, 2013 12:33:18 PM org.ros.time.RemoteUptimeClock update
INFO: Latency: 31,0000 s, Delta ratio: 0,5000, Drift: 2,000, Error reduction coefficient: 0,000, Error: 0,0000 s
abr 04, 2013 12:33:18 PM org.ros.time.RemoteUptimeClock update
INFO: Latency: 31,0000 s, Delta ratio: 0,5000, Drift: 2,000, Error reduction coefficient: 0,000, Error: 0,0000 s
abr 04, 2013 12:33:18 PM org.ros.time.RemoteUptimeClock update
INFO: Latency: 31,0000 s, Delta ratio: 0,5000, Drift: 2,000, Error reduction coefficient: 0,000, Error: 0,0000 s
abr 04, 2013 12:33:18 PM org.ros.time.RemoteUptimeClock update
INFO: Latency: 31,0000 s, Delta ratio: 0,5000, Drift: 2,000, Error reduction coefficient: 0,000, Error: 0,0000 s
abr 04, 2013 12:33:18 PM org.ros.time.RemoteUptimeClock update
INFO: Latency: 31,0000 s, Delta ratio: 0,5000, Drift: 2,000, Error reduction coefficient: 0,000, Error: 0,0000 s
abr 04, 2013 12:33:18 PM org.ros.time.RemoteUptimeClock update
INFO: Latency: 31,0000 s, Delta ratio: 0,5000, Drift: 2,000, Error reduction coefficient: 0,000, Error: 0,0000 s
abr 04, 2013 12:33:18 PM org.ros.time.RemoteUptimeClock update
INFO: Latency: 31,0000 s, Delta ratio: 0,5000, Drift: 2,000, Error reduction coefficient: 0,000, Error: 0,0000 s
abr 04, 2013 12:33:18 PM org.ros.time.RemoteUptimeClock update
INFO: Latency: 31,0000 s, Delta ratio: 0,5000, Drift: 2,000, Error reduction coefficient: 0,000, Error: 0,0000 s
abr 04, 2013 12:33:18 PM org.ros.time.RemoteUptimeClock update
INFO: Latency: 31,0000 s, Delta ratio: 0,5000, Drift: 2,000, Error reduction coefficient: 0,000, Error: 0,0000 s
abr 04, 2013 12:33:18 PM org.ros.time.RemoteUptimeClock update
INFO: Latency: 31,0000 s, Delta ratio: 0,5000, Drift: 2,000, Error reduction coefficient: 0,000, Error: 0,0000 s
abr 04, 2013 12:33:18 PM org.ros.time.RemoteUptimeClock update
INFO: Latency: 31,0000 s, Delta ratio: 0,5000, Drift: 2,000, Error reduction coefficient: 0,000, Error: 0,0000 s
abr 04, 2013 12:33:18 PM org.ros.time.RemoteUptimeClock update
INFO: Latency: 31,0000 s, Delta ratio: 0,5000, Drift: 2,000, Error reduction coefficient: 0,000, Error: 0,0000 s
abr 04, 2013 12:33:18 PM org.ros.time.RemoteUptimeClock update
INFO: Latency: 31,0000 s, Delta ratio: 0,5000, Drift: 2,000, Error reduction coefficient: 0,000, Error: 0,0000 s
abr 04, 2013 12:33:18 PM org.ros.time.RemoteUptimeClock update
INFO: Latency: 31,0000 s, Delta ratio: 0,5000, Drift: 2,000, Error reduction coefficient: 0,000, Error: 0,0000 s
abr 04, 2013 12:33:18 PM org.ros.time.RemoteUptimeClock update
INFO: Latency: 31,0000 s, Delta ratio: 0,5000, Drift: 2,000, Error reduction coefficient: 0,000, Error: 0,0000 s
abr 04, 2013 12:33:18 PM org.ros.time.RemoteUptimeClock update
INFO: Latency: 31,0000 s, Delta ratio: 0,5000, Drift: 2,000, Error reduction coefficient: 0,000, Error: 0,0000 s
abr 04, 2013 12:33:18 PM org.ros.time.RemoteUptimeClock update
INFO: Latency: 31,0000 s, Delta ratio: 0,5000, Drift: 2,000, Error reduction coefficient: 0,000, Error: 0,0000 s
abr 04, 2013 12:33:18 PM org.ros.time.RemoteUptimeClock update
INFO: Latency: 31,0000 s, Delta ratio: 0,5000, Drift: 2,000, Error reduction coefficient: 0,000, Error: 0,0000 s
abr 04, 2013 12:33:18 PM org.ros.time.RemoteUptimeClock update
INFO: Latency: 31,0000 s, Delta ratio: 0,5000, Drift: 2,000, Error reduction coefficient: 0,000, Error: 0,0000 s
abr 04, 2013 12:33:18 PM org.ros.time.RemoteUptimeClock update
INFO: Latency: 31,0000 s, Delta ratio: 0,5000, Drift: 2,000, Error reduction coefficient: 0,000, Error: 0,0000 s
abr 04, 2013 12:33:18 PM org.ros.time.RemoteUptimeClock update
INFO: Latency: 31,0000 s, Delta ratio: 0,5000, Drift: 2,000, Error reduction coefficient: 0,000, Error: 0,0000 s
abr 04, 2013 12:33:18 PM org.ros.time.RemoteUptimeClock update
INFO: Latency: 31,0000 s, Delta ratio: 0,5000, Drift: 2,000, Error reduction coefficient: 0,000, Error: 0,0000 s
abr 04, 2013 12:33:18 PM org.ros.time.RemoteUptimeClock update
INFO: Latency: 31,0000 s, Delta ratio: 0,5000, Drift: 2,000, Error reduction coefficient: 0,000, Error: 0,0000 s
abr 04, 2013 12:33:18 PM org.ros.time.RemoteUptimeClock update
INFO: Latency: 31,0000 s, Delta ratio: 0,5000, Drift: 2,000, Error reduction coefficient: 0,000, Error: 0,0000 s
abr 04, 2013 12:33:18 PM org.ros.time.RemoteUptimeClock update
INFO: Latency: 31,0000 s, Delta ratio: 0,5000, Drift: 2,000, Error reduction coefficient: 0,000, Error: 0,0000 s
abr 04, 2013 12:33:18 PM org.ros.time.RemoteUptimeClock update
INFO: Latency: 31,0000 s, Delta ratio: 0,5000, Drift: 2,000, Error reduction coefficient: 0,000, Error: 0,0000 s
abr 04, 2013 12:33:18 PM org.ros.time.RemoteUptimeClock update
INFO: Latency: 31,0000 s, Delta ratio: 0,5000, Drift: 2,000, Error reduction coefficient: 0,000, Error: 0,0000 s
abr 04, 2013 12:33:18 PM org.ros.time.RemoteUptimeClock update
INFO: Latency: 31,0000 s, Delta ratio: 0,5000, Drift: 2,000, Error reduction coefficient: 0,000, Error: 0,0000 s
abr 04, 2013 12:33:18 PM org.ros.time.RemoteUptimeClock update
INFO: Latency: 31,0000 s, Delta ratio: 0,5000, Drift: 2,000, Error reduction coefficient: 0,000, Error: 0,0000 s
abr 04, 2013 12:33:18 PM org.ros.time.RemoteUptimeClock update
INFO: Latency: 31,0000 s, Delta ratio: 0,5000, Drift: 2,000, Error reduction coefficient: 0,000, Error: 0,0000 s
abr 04, 2013 12:33:18 PM org.ros.time.RemoteUptimeClock update
INFO: Latency: 31,0000 s, Delta ratio: 0,5000, Drift: 2,000, Error reduction coefficient: 0,000, Error: 0,0000 s
abr 04, 2013 12:33:18 PM org.ros.time.RemoteUptimeClock update
INFO: Latency: 31,0000 s, Delta ratio: 0,5000, Drift: 2,000, Error reduction coefficient: 0,000, Error: 0,0000 s
abr 04, 2013 12:33:18 PM org.ros.time.RemoteUptimeClock update
INFO: Latency: 31,0000 s, Delta ratio: 0,5000, Drift: 2,000, Error reduction coefficient: 0,000, Error: 0,0000 s
abr 04, 2013 12:33:18 PM org.ros.time.RemoteUptimeClock update
INFO: Latency: 31,0000 s, Delta ratio: 0,5000, Drift: 2,000, Error reduction coefficient: 0,000, Error: 0,0000 s
abr 04, 2013 12:33:18 PM org.ros.time.RemoteUptimeClock update
INFO: Latency: 31,0000 s, Delta ratio: 0,5000, Drift: 2,000, Error reduction coefficient: 0,000, Error: 0,0000 s
abr 04, 2013 12:33:18 PM org.ros.time.RemoteUptimeClock update
INFO: Latency: 31,0000 s, Delta ratio: 0,5000, Drift: 2,000, Error reduction coefficient: 0,000, Error: 0,0000 s
abr 04, 2013 12:33:18 PM org.ros.time.RemoteUptimeClock update
INFO: Latency: 31,0000 s, Delta ratio: 0,5000, Drift: 2,000, Error reduction coefficient: 0,000, Error: 0,0000 s
abr 04, 2013 12:33:18 PM org.ros.time.RemoteUptimeClock update
INFO: Latency: 31,0000 s, Delta ratio: 0,5000, Drift: 2,000, Error reduction coefficient: 0,000, Error: 0,0000 s
abr 04, 2013 12:33:18 PM org.ros.time.RemoteUptimeClock update
INFO: Latency: 31,0000 s, Delta ratio: 0,5000, Drift: 2,000, Error reduction coefficient: 0,000, Error: 0,0000 s
abr 04, 2013 12:33:18 PM org.ros.time.RemoteUptimeClock update
INFO: Latency: 31,0000 s, Delta ratio: 0,5000, Drift: 2,000, Error reduction coefficient: 0,000, Error: 0,0000 s
abr 04, 2013 12:33:18 PM org.ros.time.RemoteUptimeClock update
INFO: Latency: 31,0000 s, Delta ratio: 0,5000, Drift: 2,000, Error reduction coefficient: 0,000, Error: 0,0000 s
abr 04, 2013 12:33:18 PM org.ros.time.RemoteUptimeClock update
INFO: Latency: 31,0000 s, Delta ratio: 0,5000, Drift: 2,000, Error reduction coefficient: 0,000, Error: 0,0000 s
abr 04, 2013 12:33:18 PM org.ros.time.RemoteUptimeClock update
INFO: Latency: 31,0000 s, Delta ratio: 0,5000, Drift: 2,000, Error reduction coefficient: 0,000, Error: 0,0000 s
abr 04, 2013 12:33:18 PM org.ros.time.RemoteUptimeClock update
INFO: Latency: 31,0000 s, Delta ratio: 0,5000, Drift: 2,000, Error reduction coefficient: 0,000, Error: 0,0000 s
abr 04, 2013 12:33:18 PM org.ros.time.RemoteUptimeClock update
INFO: Latency: 31,0000 s, Delta ratio: 0,5000, Drift: 2,000, Error reduction coefficient: 0,000, Error: 0,0000 s
abr 04, 2013 12:33:18 PM org.ros.time.RemoteUptimeClock update
INFO: Latency: 31,0000 s, Delta ratio: 0,5000, Drift: 2,000, Error reduction coefficient: 0,000, Error: 0,0000 s
abr 04, 2013 12:33:18 PM org.ros.time.RemoteUptimeClock update
INFO: Latency: 31,0000 s, Delta ratio: 0,5000, Drift: 2,000, Error reduction coefficient: 0,000, Error: 0,0000 s
abr 04, 2013 12:33:18 PM org.ros.time.RemoteUptimeClock update
INFO: Latency: 31,0000 s, Delta ratio: 0,5000, Drift: 2,000, Error reduction coefficient: 0,000, Error: 0,0000 s
abr 04, 2013 12:33:18 PM org.ros.time.RemoteUptimeClock update
INFO: Latency: 31,0000 s, Delta ratio: 0,5000, Drift: 2,000, Error reduction coefficient: 0,000, Error: 0,0000 s
abr 04, 2013 12:33:18 PM org.ros.time.RemoteUptimeClock update
INFO: Latency: 31,0000 s, Delta ratio: 0,5000, Drift: 2,000, Error reduction coefficient: 0,000, Error: 0,0000 s
abr 04, 2013 12:33:18 PM org.ros.time.RemoteUptimeClock update
INFO: Latency: 31,0000 s, Delta ratio: 0,5000, Drift: 2,000, Error reduction coefficient: 0,000, Error: 0,0000 s
abr 04, 2013 12:33:18 PM org.ros.time.RemoteUptimeClock update
INFO: Latency: 31,0000 s, Delta ratio: 0,5000, Drift: 2,000, Error reduction coefficient: 0,000, Error: 0,0000 s
abr 04, 2013 12:33:18 PM org.ros.time.RemoteUptimeClock update
INFO: Latency: 31,0000 s, Delta ratio: 0,5000, Drift: 2,000, Error reduction coefficient: 0,000, Error: 0,0000 s
abr 04, 2013 12:33:18 PM org.ros.time.RemoteUptimeClock update
INFO: Latency: 31,0000 s, Delta ratio: 0,5000, Drift: 2,000, Error reduction coefficient: 0,000, Error: 0,0000 s
abr 04, 2013 12:33:18 PM org.ros.time.RemoteUptimeClock update
INFO: Latency: 31,0000 s, Delta ratio: 0,5000, Drift: 2,000, Error reduction coefficient: 0,000, Error: 0,0000 s
abr 04, 2013 12:33:18 PM org.ros.time.RemoteUptimeClock update
INFO: Latency: 31,0000 s, Delta ratio: 0,5000, Drift: 2,000, Error reduction coefficient: 0,000, Error: 0,0000 s
abr 04, 2013 12:33:18 PM org.ros.time.RemoteUptimeClock update
INFO: Latency: 31,0000 s, Delta ratio: 0,5000, Drift: 2,000, Error reduction coefficient: 0,000, Error: 0,0000 s
abr 04, 2013 12:33:18 PM org.ros.time.RemoteUptimeClock update
INFO: Latency: 31,0000 s, Delta ratio: 0,5000, Drift: 2,000, Error reduction coefficient: 0,000, Error: 0,0000 s
abr 04, 2013 12:33:18 PM org.ros.time.RemoteUptimeClock update
INFO: Latency: 31,0000 s, Delta ratio: 0,5000, Drift: 2,000, Error reduction coefficient: 0,000, Error: 0,0000 s
abr 04, 2013 12:33:18 PM org.ros.time.RemoteUptimeClock update
INFO: Latency: 31,0000 s, Delta ratio: 0,5000, Drift: 2,000, Error reduction coefficient: 0,000, Error: 0,0000 s
abr 04, 2013 12:33:18 PM org.ros.time.RemoteUptimeClock update
INFO: Latency: 31,0000 s, Delta ratio: 0,5000, Drift: 2,000, Error reduction coefficient: 0,000, Error: 0,0000 s
abr 04, 2013 12:33:18 PM org.ros.time.RemoteUptimeClock update
INFO: Latency: 31,0000 s, Delta ratio: 0,5000, Drift: 2,000, Error reduction coefficient: 0,000, Error: 0,0000 s
abr 04, 2013 12:33:18 PM org.ros.time.RemoteUptimeClock update
INFO: Latency: 31,0000 s, Delta ratio: 0,5000, Drift: 2,000, Error reduction coefficient: 0,000, Error: 0,0000 s
abr 04, 2013 12:33:18 PM org.ros.time.RemoteUptimeClock update
INFO: Latency: 31,0000 s, Delta ratio: 0,5000, Drift: 2,000, Error reduction coefficient: 0,000, Error: 0,0000 s
abr 04, 2013 12:33:18 PM org.ros.time.RemoteUptimeClock update
INFO: Latency: 31,0000 s, Delta ratio: 0,5000, Drift: 2,000, Error reduction coefficient: 0,000, Error: 0,0000 s
abr 04, 2013 12:33:18 PM org.ros.time.RemoteUptimeClock update
INFO: Latency: 31,0000 s, Delta ratio: 0,5000, Drift: 2,000, Error reduction coefficient: 0,000, Error: 0,0000 s
abr 04, 2013 12:33:18 PM org.ros.time.RemoteUptimeClock update
INFO: Latency: 31,0000 s, Delta ratio: 0,5000, Drift: 2,000, Error reduction coefficient: 0,000, Error: 0,0000 s
abr 04, 2013 12:33:18 PM org.ros.time.RemoteUptimeClock update
INFO: Latency: 31,0000 s, Delta ratio: 0,5000, Drift: 2,000, Error reduction coefficient: 0,000, Error: 0,0000 s
abr 04, 2013 12:33:18 PM org.ros.time.RemoteUptimeClock update
INFO: Latency: 31,0000 s, Delta ratio: 0,5000, Drift: 2,000, Error reduction coefficient: 0,000, Error: 0,0000 s
abr 04, 2013 12:33:18 PM org.ros.time.RemoteUptimeClock update
INFO: Latency: 31,0000 s, Delta ratio: 0,5000, Drift: 2,000, Error reduction coefficient: 0,000, Error: 0,0000 s
abr 04, 2013 12:33:18 PM org.ros.time.RemoteUptimeClock update
INFO: Latency: 31,0000 s, Delta ratio: 0,5000, Drift: 2,000, Error reduction coefficient: 0,000, Error: 0,0000 s
abr 04, 2013 12:33:18 PM org.ros.time.RemoteUptimeClock update
INFO: Latency: 31,0000 s, Delta ratio: 0,5000, Drift: 2,000, Error reduction coefficient: 0,000, Error: 0,0000 s
abr 04, 2013 12:33:18 PM org.ros.time.RemoteUptimeClock update
INFO: Latency: 31,0000 s, Delta ratio: 0,5000, Drift: 2,000, Error reduction coefficient: 0,000, Error: 0,0000 s
abr 04, 2013 12:33:18 PM org.ros.time.RemoteUptimeClock update
INFO: Latency: 31,0000 s, Delta ratio: 0,5000, Drift: 2,000, Error reduction coefficient: 0,000, Error: 0,0000 s
abr 04, 2013 12:33:18 PM org.ros.time.RemoteUptimeClock update
INFO: Latency: 31,0000 s, Delta ratio: 0,5000, Drift: 2,000, Error reduction coefficient: 0,000, Error: 0,0000 s
abr 04, 2013 12:33:18 PM org.ros.time.RemoteUptimeClock update
INFO: Latency: 31,0000 s, Delta ratio: 0,5000, Drift: 2,000, Error reduction coefficient: 0,000, Error: 0,0000 s
abr 04, 2013 12:33:18 PM org.ros.time.RemoteUptimeClock update
INFO: Latency: 31,0000 s, Delta ratio: 0,5000, Drift: 2,000, Error reduction coefficient: 0,000, Error: 0,0000 s
abr 04, 2013 12:33:18 PM org.ros.time.RemoteUptimeClock update
INFO: Latency: 31,0000 s, Delta ratio: 0,5000, Drift: 2,000, Error reduction coefficient: 0,000, Error: 0,0000 s
abr 04, 2013 12:33:18 PM org.ros.time.RemoteUptimeClock update
INFO: Latency: 31,0000 s, Delta ratio: 0,5000, Drift: 2,000, Error reduction coefficient: 0,000, Error: 0,0000 s
abr 04, 2013 12:33:18 PM org.ros.time.RemoteUptimeClock update
INFO: Latency: 31,0000 s, Delta ratio: 0,5000, Drift: 2,000, Error reduction coefficient: 0,000, Error: 0,0000 s
abr 04, 2013 12:33:18 PM org.ros.time.RemoteUptimeClock update
INFO: Latency: 31,0000 s, Delta ratio: 0,5000, Drift: 2,000, Error reduction coefficient: 0,000, Error: 0,0000 s
abr 04, 2013 12:33:18 PM org.ros.time.RemoteUptimeClock update
INFO: Latency: 31,0000 s, Delta ratio: 0,5000, Drift: 2,000, Error reduction coefficient: 0,000, Error: 0,0000 s
abr 04, 2013 12:33:18 PM org.ros.time.RemoteUptimeClock update
INFO: Latency: 31,0000 s, Delta ratio: 0,5000, Drift: 2,000, Error reduction coefficient: 0,000, Error: 0,0000 s
abr 04, 2013 12:33:18 PM org.ros.time.RemoteUptimeClock update
INFO: Latency: 31,0000 s, Delta ratio: 0,5000, Drift: 2,000, Error reduction coefficient: 0,000, Error: 0,0000 s
abr 04, 2013 12:33:18 PM org.ros.time.RemoteUptimeClock update
INFO: Latency: 31,0000 s, Delta ratio: 0,5000, Drift: 2,000, Error reduction coefficient: 0,000, Error: 0,0000 s
abr 04, 2013 12:33:18 PM org.ros.time.RemoteUptimeClock update
INFO: Latency: 31,0000 s, Delta ratio: 0,5000, Drift: 2,000, Error reduction coefficient: 0,000, Error: 0,0000 s
abr 04, 2013 12:33:18 PM org.ros.time.RemoteUptimeClock update
INFO: Latency: 31,0000 s, Delta ratio: 0,5000, Drift: 2,000, Error reduction coefficient: 0,000, Error: 0,0000 s
abr 04, 2013 12:33:18 PM org.ros.time.RemoteUptimeClock update
INFO: Latency: 31,0000 s, Delta ratio: 0,5000, Drift: 2,000, Error reduction coefficient: 0,000, Error: 0,0000 s
abr 04, 2013 12:33:18 PM org.ros.time.RemoteUptimeClock update
INFO: Latency: 31,0000 s, Delta ratio: 0,5000, Drift: 2,000, Error reduction coefficient: 0,000, Error: 0,0000 s
abr 04, 2013 12:33:18 PM org.ros.time.RemoteUptimeClock update
INFO: Latency: 31,0000 s, Delta ratio: 0,5000, Drift: 2,000, Error reduction coefficient: 0,000, Error: 0,0000 s
abr 04, 2013 12:33:18 PM org.ros.time.RemoteUptimeClock update
INFO: Latency: 31,0000 s, Delta ratio: 0,5000, Drift: 2,000, Error reduction coefficient: 0,000, Error: 0,0000 s
abr 04, 2013 12:33:18 PM org.ros.time.RemoteUptimeClock update
INFO: Latency: 31,0000 s, Delta ratio: 0,5000, Drift: 2,000, Error reduction coefficient: 0,000, Error: 0,0000 s
abr 04, 2013 12:33:18 PM org.ros.time.RemoteUptimeClock update
INFO: Latency: 31,0000 s, Delta ratio: 0,5000, Drift: 2,000, Error reduction coefficient: 0,000, Error: 0,0000 s
abr 04, 2013 12:33:18 PM org.ros.time.RemoteUptimeClock update
INFO: Latency: 31,0000 s, Delta ratio: 0,5000, Drift: 2,000, Error reduction coefficient: 0,000, Error: 0,0000 s
abr 04, 2013 12:33:18 PM org.ros.time.RemoteUptimeClock update
INFO: Latency: 31,0000 s, Delta ratio: 0,5000, Drift: 2,000, Error reduction coefficient: 0,000, Error: 0,0000 s
abr 04, 2013 12:33:18 PM org.ros.time.RemoteUptimeClock update
INFO: Latency: 31,0000 s, Delta ratio: 0,5000, Drift: 2,000, Error reduction coefficient: 0,000, Error: 0,0000 s
abr 04, 2013 12:33:18 PM org.ros.time.RemoteUptimeClock update
INFO: Latency: 31,0000 s, Delta ratio: 0,5000, Drift: 2,000, Error reduction coefficient: 0,000, Error: 0,0000 s
abr 04, 2013 12:33:18 PM org.ros.time.RemoteUptimeClock update
INFO: Latency: 31,0000 s, Delta ratio: 0,5000, Drift: 2,000, Error reduction coefficient: 0,000, Error: 0,0000 s
abr 04, 2013 12:33:18 PM org.ros.time.RemoteUptimeClock update
INFO: Latency: 31,0000 s, Delta ratio: 0,5000, Drift: 2,000, Error reduction coefficient: 0,000, Error: 0,0000 s
abr 04, 2013 12:33:18 PM org.ros.time.RemoteUptimeClock update
INFO: Latency: 31,0000 s, Delta ratio: 0,5000, Drift: 2,000, Error reduction coefficient: 0,000, Error: 0,0000 s
abr 04, 2013 12:33:18 PM org.ros.time.RemoteUptimeClock update
INFO: Latency: 31,0000 s, Delta ratio: 0,5000, Drift: 2,000, Error reduction coefficient: 0,000, Error: 0,0000 s
abr 04, 2013 12:33:18 PM org.ros.time.RemoteUptimeClock update
INFO: Latency: 31,0000 s, Delta ratio: 0,5000, Drift: 2,000, Error reduction coefficient: 0,000, Error: 0,0000 s
abr 04, 2013 12:33:18 PM org.ros.time.RemoteUptimeClock update
INFO: Latency: 31,0000 s, Delta ratio: 0,5000, Drift: 2,000, Error reduction coefficient: 0,000, Error: 0,0000 s
abr 04, 2013 12:33:18 PM org.ros.time.RemoteUptimeClock update
INFO: Latency: 31,0000 s, Delta ratio: 0,5000, Drift: 2,000, Error reduction coefficient: 0,000, Error: 0,0000 s
abr 04, 2013 12:33:18 PM org.ros.time.RemoteUptimeClock update
INFO: Latency: 31,0000 s, Delta ratio: 0,5000, Drift: 2,000, Error reduction coefficient: 0,000, Error: 0,0000 s
abr 04, 2013 12:33:18 PM org.ros.time.RemoteUptimeClock update
INFO: Latency: 31,0000 s, Delta ratio: 0,5000, Drift: 2,000, Error reduction coefficient: 0,000, Error: 0,0000 s
abr 04, 2013 12:33:18 PM org.ros.time.RemoteUptimeClock update
INFO: Latency: 31,0000 s, Delta ratio: 0,5000, Drift: 2,000, Error reduction coefficient: 0,000, Error: 0,0000 s
abr 04, 2013 12:33:18 PM org.ros.time.RemoteUptimeClock update
INFO: Latency: 31,0000 s, Delta ratio: 0,5000, Drift: 2,000, Error reduction coefficient: 0,000, Error: 0,0000 s
abr 04, 2013 12:33:18 PM org.ros.time.RemoteUptimeClock update
INFO: Latency: 31,0000 s, Delta ratio: 0,5000, Drift: 2,000, Error reduction coefficient: 0,000, Error: 0,0000 s
abr 04, 2013 12:33:18 PM org.ros.time.RemoteUptimeClock update
INFO: Latency: 31,0000 s, Delta ratio: 0,5000, Drift: 2,000, Error reduction coefficient: 0,000, Error: 0,0000 s
abr 04, 2013 12:33:18 PM org.ros.time.RemoteUptimeClock update
INFO: Latency: 31,0000 s, Delta ratio: 0,5000, Drift: 2,000, Error reduction coefficient: 0,000, Error: 0,0000 s
abr 04, 2013 12:33:18 PM org.ros.time.RemoteUptimeClock update
INFO: Latency: 31,0000 s, Delta ratio: 0,5000, Drift: 2,000, Error reduction coefficient: 0,000, Error: 0,0000 s
abr 04, 2013 12:33:18 PM org.ros.time.RemoteUptimeClock update
INFO: Latency: 31,0000 s, Delta ratio: 0,5000, Drift: 2,000, Error reduction coefficient: 0,000, Error: 0,0000 s
abr 04, 2013 12:33:18 PM org.ros.time.RemoteUptimeClock update
INFO: Latency: 31,0000 s, Delta ratio: 0,5000, Drift: 2,000, Error reduction coefficient: 0,000, Error: 0,0000 s
abr 04, 2013 12:33:18 PM org.ros.time.RemoteUptimeClock update
INFO: Latency: 31,0000 s, Delta ratio: 0,5000, Drift: 2,000, Error reduction coefficient: 0,000, Error: 0,0000 s
abr 04, 2013 12:33:18 PM org.ros.time.RemoteUptimeClock update
INFO: Latency: 31,0000 s, Delta ratio: 0,5000, Drift: 2,000, Error reduction coefficient: 0,000, Error: 0,0000 s
abr 04, 2013 12:33:18 PM org.ros.time.RemoteUptimeClock update
INFO: Latency: 31,0000 s, Delta ratio: 0,5000, Drift: 2,000, Error reduction coefficient: 0,000, Error: 0,0000 s
abr 04, 2013 12:33:18 PM org.ros.time.RemoteUptimeClock update
INFO: Latency: 31,0000 s, Delta ratio: 0,5000, Drift: 2,000, Error reduction coefficient: 0,000, Error: 0,0000 s
abr 04, 2013 12:33:18 PM org.ros.time.RemoteUptimeClock update
INFO: Latency: 31,0000 s, Delta ratio: 0,5000, Drift: 2,000, Error reduction coefficient: 0,000, Error: 0,0000 s
abr 04, 2013 12:33:18 PM org.ros.time.RemoteUptimeClock update
INFO: Latency: 31,0000 s, Delta ratio: 0,5000, Drift: 2,000, Error reduction coefficient: 0,000, Error: 0,0000 s
abr 04, 2013 12:33:18 PM org.ros.time.RemoteUptimeClock update
INFO: Latency: 31,0000 s, Delta ratio: 0,5000, Drift: 2,000, Error reduction coefficient: 0,000, Error: 0,0000 s
abr 04, 2013 12:33:18 PM org.ros.time.RemoteUptimeClock update
INFO: Latency: 31,0000 s, Delta ratio: 0,5000, Drift: 2,000, Error reduction coefficient: 0,000, Error: 0,0000 s
abr 04, 2013 12:33:18 PM org.ros.time.RemoteUptimeClock update
INFO: Latency: 31,0000 s, Delta ratio: 0,5000, Drift: 2,000, Error reduction coefficient: 0,000, Error: 0,0000 s
abr 04, 2013 12:33:18 PM org.ros.time.RemoteUptimeClock update
INFO: Latency: 31,0000 s, Delta ratio: 0,5000, Drift: 2,000, Error reduction coefficient: 0,000, Error: 0,0000 s
abr 04, 2013 12:33:18 PM org.ros.time.RemoteUptimeClock update
INFO: Latency: 31,0000 s, Delta ratio: 0,5000, Drift: 2,000, Error reduction coefficient: 0,000, Error: 0,0000 s
abr 04, 2013 12:33:18 PM org.ros.time.RemoteUptimeClock update
INFO: Latency: 31,0000 s, Delta ratio: 0,5000, Drift: 2,000, Error reduction coefficient: 0,000, Error: 0,0000 s
abr 04, 2013 12:33:18 PM org.ros.time.RemoteUptimeClock update
INFO: Latency: 31,0000 s, Delta ratio: 0,5000, Drift: 2,000, Error reduction coefficient: 0,000, Error: 0,0000 s
abr 04, 2013 12:33:18 PM org.ros.time.RemoteUptimeClock update
INFO: Latency: 31,0000 s, Delta ratio: 0,5000, Drift: 2,000, Error reduction coefficient: 0,000, Error: 0,0000 s
abr 04, 2013 12:33:18 PM org.ros.time.RemoteUptimeClock update
INFO: Latency: 31,0000 s, Delta ratio: 0,5000, Drift: 2,000, Error reduction coefficient: 0,000, Error: 0,0000 s
abr 04, 2013 12:33:18 PM org.ros.time.RemoteUptimeClock update
INFO: Latency: 31,0000 s, Delta ratio: 0,5000, Drift: 2,000, Error reduction coefficient: 0,000, Error: 0,0000 s
abr 04, 2013 12:33:18 PM org.ros.time.RemoteUptimeClock update
INFO: Latency: 31,0000 s, Delta ratio: 0,5000, Drift: 2,000, Error reduction coefficient: 0,000, Error: 0,0000 s
abr 04, 2013 12:33:18 PM org.ros.time.RemoteUptimeClock update
INFO: Latency: 31,0000 s, Delta ratio: 0,5000, Drift: 2,000, Error reduction coefficient: 0,000, Error: 0,0000 s
abr 04, 2013 12:33:18 PM org.ros.time.RemoteUptimeClock update
INFO: Latency: 31,0000 s, Delta ratio: 0,5000, Drift: 2,000, Error reduction coefficient: 0,000, Error: 0,0000 s
abr 04, 2013 12:33:18 PM org.ros.time.RemoteUptimeClock update
INFO: Latency: 31,0000 s, Delta ratio: 0,5000, Drift: 2,000, Error reduction coefficient: 0,000, Error: 0,0000 s
abr 04, 2013 12:33:18 PM org.ros.time.RemoteUptimeClock update
INFO: Latency: 31,0000 s, Delta ratio: 0,5000, Drift: 2,000, Error reduction coefficient: 0,000, Error: 0,0000 s
abr 04, 2013 12:33:18 PM org.ros.time.RemoteUptimeClock update
INFO: Latency: 31,0000 s, Delta ratio: 0,5000, Drift: 2,000, Error reduction coefficient: 0,000, Error: 0,0000 s
abr 04, 2013 12:33:18 PM org.ros.time.RemoteUptimeClock update
INFO: Latency: 31,0000 s, Delta ratio: 0,5000, Drift: 2,000, Error reduction coefficient: 0,000, Error: 0,0000 s
abr 04, 2013 12:33:18 PM org.ros.time.RemoteUptimeClock update
INFO: Latency: 31,0000 s, Delta ratio: 0,5000, Drift: 2,000, Error reduction coefficient: 0,000, Error: 0,0000 s
abr 04, 2013 12:33:18 PM org.ros.time.RemoteUptimeClock update
INFO: Latency: 31,0000 s, Delta ratio: 0,5000, Drift: 2,000, Error reduction coefficient: 0,000, Error: 0,0000 s
abr 04, 2013 12:33:18 PM org.ros.time.RemoteUptimeClock update
INFO: Latency: 31,0000 s, Delta ratio: 0,5000, Drift: 2,000, Error reduction coefficient: 0,000, Error: 0,0000 s
abr 04, 2013 12:33:18 PM org.ros.time.RemoteUptimeClock update
INFO: Latency: 31,0000 s, Delta ratio: 0,5000, Drift: 2,000, Error reduction coefficient: 0,000, Error: 0,0000 s
abr 04, 2013 12:33:18 PM org.ros.time.RemoteUptimeClock update
INFO: Latency: 31,0000 s, Delta ratio: 0,5000, Drift: 2,000, Error reduction coefficient: 0,000, Error: 0,0000 s
abr 04, 2013 12:33:18 PM org.ros.time.RemoteUptimeClock update
INFO: Latency: 31,0000 s, Delta ratio: 0,5000, Drift: 2,000, Error reduction coefficient: 0,000, Error: 0,0000 s
abr 04, 2013 12:33:18 PM org.ros.time.RemoteUptimeClock update
INFO: Latency: 31,0000 s, Delta ratio: 0,5000, Drift: 2,000, Error reduction coefficient: 0,000, Error: 0,0000 s
abr 04, 2013 12:33:18 PM org.ros.time.RemoteUptimeClock update
INFO: Latency: 31,0000 s, Delta ratio: 0,5000, Drift: 2,000, Error reduction coefficient: 0,000, Error: 0,0000 s
abr 04, 2013 12:33:18 PM org.ros.time.RemoteUptimeClock update
INFO: Latency: 31,0000 s, Delta ratio: 0,5000, Drift: 2,000, Error reduction coefficient: 0,000, Error: 0,0000 s
abr 04, 2013 12:33:18 PM org.ros.time.RemoteUptimeClock update
INFO: Latency: 31,0000 s, Delta ratio: 0,5000, Drift: 2,000, Error reduction coefficient: 0,000, Error: 0,0000 s
abr 04, 2013 12:33:18 PM org.ros.time.RemoteUptimeClock update
INFO: Latency: 31,0000 s, Delta ratio: 0,5000, Drift: 2,000, Error reduction coefficient: 0,000, Error: 0,0000 s
abr 04, 2013 12:33:18 PM org.ros.time.RemoteUptimeClock update
INFO: Latency: 31,0000 s, Delta ratio: 0,5000, Drift: 2,000, Error reduction coefficient: 0,000, Error: 0,0000 s
abr 04, 2013 12:33:18 PM org.ros.time.RemoteUptimeClock update
INFO: Latency: 31,0000 s, Delta ratio: 0,5000, Drift: 2,000, Error reduction coefficient: 0,000, Error: 0,0000 s
abr 04, 2013 12:33:18 PM org.ros.time.RemoteUptimeClock update
INFO: Latency: 31,0000 s, Delta ratio: 0,5000, Drift: 2,000, Error reduction coefficient: 0,000, Error: 0,0000 s
abr 04, 2013 12:33:18 PM org.ros.time.RemoteUptimeClock update
INFO: Latency: 31,0000 s, Delta ratio: 0,5000, Drift: 2,000, Error reduction coefficient: 0,000, Error: 0,0000 s
abr 04, 2013 12:33:18 PM org.ros.time.RemoteUptimeClock update
INFO: Latency: 31,0000 s, Delta ratio: 0,5000, Drift: 2,000, Error reduction coefficient: 0,000, Error: 0,0000 s
abr 04, 2013 12:33:18 PM org.ros.time.RemoteUptimeClock update
INFO: Latency: 31,0000 s, Delta ratio: 0,5000, Drift: 2,000, Error reduction coefficient: 0,000, Error: 0,0000 s
abr 04, 2013 12:33:18 PM org.ros.time.RemoteUptimeClock update
INFO: Latency: 31,0000 s, Delta ratio: 0,5000, Drift: 2,000, Error reduction coefficient: 0,000, Error: 0,0000 s
abr 04, 2013 12:33:18 PM org.ros.time.RemoteUptimeClock update
INFO: Latency: 31,0000 s, Delta ratio: 0,5000, Drift: 2,000, Error reduction coefficient: 0,000, Error: 0,0000 s
abr 04, 2013 12:33:18 PM org.ros.time.RemoteUptimeClock update
INFO: Latency: 31,0000 s, Delta ratio: 0,5000, Drift: 2,000, Error reduction coefficient: 0,000, Error: 0,0000 s
abr 04, 2013 12:33:18 PM org.ros.time.RemoteUptimeClock update
INFO: Latency: 31,0000 s, Delta ratio: 0,5000, Drift: 2,000, Error reduction coefficient: 0,000, Error: 0,0000 s
abr 04, 2013 12:33:18 PM org.ros.time.RemoteUptimeClock update
INFO: Latency: 31,0000 s, Delta ratio: 0,5000, Drift: 2,000, Error reduction coefficient: 0,000, Error: 0,0000 s
abr 04, 2013 12:33:18 PM org.ros.time.RemoteUptimeClock update
INFO: Latency: 31,0000 s, Delta ratio: 0,5000, Drift: 2,000, Error reduction coefficient: 0,000, Error: 0,0000 s
abr 04, 2013 12:33:18 PM org.ros.time.RemoteUptimeClock update
INFO: Latency: 31,0000 s, Delta ratio: 0,5000, Drift: 2,000, Error reduction coefficient: 0,000, Error: 0,0000 s
abr 04, 2013 12:33:18 PM org.ros.time.RemoteUptimeClock update
INFO: Latency: 31,0000 s, Delta ratio: 0,5000, Drift: 2,000, Error reduction coefficient: 0,000, Error: 0,0000 s
abr 04, 2013 12:33:18 PM org.ros.time.RemoteUptimeClock update
INFO: Latency: 31,0000 s, Delta ratio: 0,5000, Drift: 2,000, Error reduction coefficient: 0,000, Error: 0,0000 s
abr 04, 2013 12:33:18 PM org.ros.time.RemoteUptimeClock update
INFO: Latency: 31,0000 s, Delta ratio: 0,5000, Drift: 2,000, Error reduction coefficient: 0,000, Error: 0,0000 s
abr 04, 2013 12:33:18 PM org.ros.time.RemoteUptimeClock update
INFO: Latency: 31,0000 s, Delta ratio: 0,5000, Drift: 2,000, Error reduction coefficient: 0,000, Error: 0,0000 s
abr 04, 2013 12:33:18 PM org.ros.time.RemoteUptimeClock update
INFO: Latency: 31,0000 s, Delta ratio: 0,5000, Drift: 2,000, Error reduction coefficient: 0,000, Error: 0,0000 s
abr 04, 2013 12:33:18 PM org.ros.time.RemoteUptimeClock update
INFO: Latency: 31,0000 s, Delta ratio: 0,5000, Drift: 2,000, Error reduction coefficient: 0,000, Error: 0,0000 s
abr 04, 2013 12:33:18 PM org.ros.time.RemoteUptimeClock update
INFO: Latency: 31,0000 s, Delta ratio: 0,5000, Drift: 2,000, Error reduction coefficient: 0,000, Error: 0,0000 s
abr 04, 2013 12:33:18 PM org.ros.time.RemoteUptimeClock update
INFO: Latency: 31,0000 s, Delta ratio: 0,5000, Drift: 2,000, Error reduction coefficient: 0,000, Error: 0,0000 s
abr 04, 2013 12:33:18 PM org.ros.time.RemoteUptimeClock update
INFO: Latency: 31,0000 s, Delta ratio: 0,5000, Drift: 2,000, Error reduction coefficient: 0,000, Error: 0,0000 s
abr 04, 2013 12:33:18 PM org.ros.time.RemoteUptimeClock update
INFO: Latency: 31,0000 s, Delta ratio: 0,5000, Drift: 2,000, Error reduction coefficient: 0,000, Error: 0,0000 s
abr 04, 2013 12:33:18 PM org.ros.time.RemoteUptimeClock update
INFO: Latency: 31,0000 s, Delta ratio: 0,5000, Drift: 2,000, Error reduction coefficient: 0,000, Error: 0,0000 s
abr 04, 2013 12:33:18 PM org.ros.time.RemoteUptimeClock update
INFO: Latency: 31,0000 s, Delta ratio: 0,5000, Drift: 2,000, Error reduction coefficient: 0,000, Error: 0,0000 s
abr 04, 2013 12:33:18 PM org.ros.time.RemoteUptimeClock update
INFO: Latency: 31,0000 s, Delta ratio: 0,5000, Drift: 2,000, Error reduction coefficient: 0,000, Error: 0,0000 s
abr 04, 2013 12:33:18 PM org.ros.time.RemoteUptimeClock update
INFO: Latency: 31,0000 s, Delta ratio: 0,5000, Drift: 2,000, Error reduction coefficient: 0,000, Error: 0,0000 s
abr 04, 2013 12:33:18 PM org.ros.time.RemoteUptimeClock update
INFO: Latency: 31,0000 s, Delta ratio: 0,5000, Drift: 2,000, Error reduction coefficient: 0,000, Error: 0,0000 s
abr 04, 2013 12:33:18 PM org.ros.time.RemoteUptimeClock update
INFO: Latency: 31,0000 s, Delta ratio: 0,5000, Drift: 2,000, Error reduction coefficient: 0,000, Error: 0,0000 s
abr 04, 2013 12:33:18 PM org.ros.time.RemoteUptimeClock update
INFO: Latency: 31,0000 s, Delta ratio: 0,5000, Drift: 2,000, Error reduction coefficient: 0,000, Error: 0,0000 s
abr 04, 2013 12:33:18 PM org.ros.time.RemoteUptimeClock update
INFO: Latency: 31,0000 s, Delta ratio: 0,5000, Drift: 2,000, Error reduction coefficient: 0,000, Error: 0,0000 s
abr 04, 2013 12:33:18 PM org.ros.time.RemoteUptimeClock update
INFO: Latency: 31,0000 s, Delta ratio: 0,5000, Drift: 2,000, Error reduction coefficient: 0,000, Error: 0,0000 s
abr 04, 2013 12:33:18 PM org.ros.time.RemoteUptimeClock update
INFO: Latency: 31,0000 s, Delta ratio: 0,5000, Drift: 2,000, Error reduction coefficient: 0,000, Error: 0,0000 s
abr 04, 2013 12:33:18 PM org.ros.time.RemoteUptimeClock update
INFO: Latency: 31,0000 s, Delta ratio: 0,5000, Drift: 2,000, Error reduction coefficient: 0,000, Error: 0,0000 s
abr 04, 2013 12:33:18 PM org.ros.time.RemoteUptimeClock update
INFO: Latency: 31,0000 s, Delta ratio: 0,5000, Drift: 2,000, Error reduction coefficient: 0,000, Error: 0,0000 s
abr 04, 2013 12:33:18 PM org.ros.time.RemoteUptimeClock update
INFO: Latency: 31,0000 s, Delta ratio: 0,5000, Drift: 2,000, Error reduction coefficient: 0,000, Error: 0,0000 s
abr 04, 2013 12:33:18 PM org.ros.time.RemoteUptimeClock update
INFO: Latency: 31,0000 s, Delta ratio: 0,5000, Drift: 2,000, Error reduction coefficient: 0,000, Error: 0,0000 s
abr 04, 2013 12:33:18 PM org.ros.time.RemoteUptimeClock update
INFO: Latency: 31,0000 s, Delta ratio: 0,5000, Drift: 2,000, Error reduction coefficient: 0,000, Error: 0,0000 s
abr 04, 2013 12:33:18 PM org.ros.time.RemoteUptimeClock update
INFO: Latency: 31,0000 s, Delta ratio: 0,5000, Drift: 2,000, Error reduction coefficient: 0,000, Error: 0,0000 s
abr 04, 2013 12:33:18 PM org.ros.time.RemoteUptimeClock update
INFO: Latency: 31,0000 s, Delta ratio: 0,5000, Drift: 2,000, Error reduction coefficient: 0,000, Error: 0,0000 s
abr 04, 2013 12:33:18 PM org.ros.time.RemoteUptimeClock update
INFO: Latency: 31,0000 s, Delta ratio: 0,5000, Drift: 2,000, Error reduction coefficient: 0,000, Error: 0,0000 s
abr 04, 2013 12:33:18 PM org.ros.time.RemoteUptimeClock update
INFO: Latency: 31,0000 s, Delta ratio: 0,5000, Drift: 2,000, Error reduction coefficient: 0,000, Error: 0,0000 s
abr 04, 2013 12:33:18 PM org.ros.time.RemoteUptimeClock update
INFO: Latency: 31,0000 s, Delta ratio: 0,5000, Drift: 2,000, Error reduction coefficient: 0,000, Error: 0,0000 s
abr 04, 2013 12:33:18 PM org.ros.time.RemoteUptimeClock update
INFO: Latency: 31,0000 s, Delta ratio: 0,5000, Drift: 2,000, Error reduction coefficient: 0,000, Error: 0,0000 s
abr 04, 2013 12:33:18 PM org.ros.time.RemoteUptimeClock update
INFO: Latency: 31,0000 s, Delta ratio: 0,5000, Drift: 2,000, Error reduction coefficient: 0,000, Error: 0,0000 s
abr 04, 2013 12:33:18 PM org.ros.time.RemoteUptimeClock update
INFO: Latency: 31,0000 s, Delta ratio: 0,5000, Drift: 2,000, Error reduction coefficient: 0,000, Error: 0,0000 s
abr 04, 2013 12:33:18 PM org.ros.time.RemoteUptimeClock update
INFO: Latency: 31,0000 s, Delta ratio: 0,5000, Drift: 2,000, Error reduction coefficient: 0,000, Error: 0,0000 s
abr 04, 2013 12:33:18 PM org.ros.time.RemoteUptimeClock update
INFO: Latency: 31,0000 s, Delta ratio: 0,5000, Drift: 2,000, Error reduction coefficient: 0,000, Error: 0,0000 s
abr 04, 2013 12:33:18 PM org.ros.time.RemoteUptimeClock update
INFO: Latency: 31,0000 s, Delta ratio: 0,5000, Drift: 2,000, Error reduction coefficient: 0,000, Error: 0,0000 s
abr 04, 2013 12:33:18 PM org.ros.time.RemoteUptimeClock update
INFO: Latency: 31,0000 s, Delta ratio: 0,5000, Drift: 2,000, Error reduction coefficient: 0,000, Error: 0,0000 s
abr 04, 2013 12:33:18 PM org.ros.time.RemoteUptimeClock update
INFO: Latency: 31,0000 s, Delta ratio: 0,5000, Drift: 2,000, Error reduction coefficient: 0,000, Error: 0,0000 s
abr 04, 2013 12:33:18 PM org.ros.time.RemoteUptimeClock update
INFO: Latency: 31,0000 s, Delta ratio: 0,5000, Drift: 2,000, Error reduction coefficient: 0,000, Error: 0,0000 s
abr 04, 2013 12:33:18 PM org.ros.time.RemoteUptimeClock update
INFO: Latency: 31,0000 s, Delta ratio: 0,5000, Drift: 2,000, Error reduction coefficient: 0,000, Error: 0,0000 s
abr 04, 2013 12:33:18 PM org.ros.time.RemoteUptimeClock update
INFO: Latency: 31,0000 s, Delta ratio: 0,5000, Drift: 2,000, Error reduction coefficient: 0,000, Error: 0,0000 s
abr 04, 2013 12:33:18 PM org.ros.time.RemoteUptimeClock update
INFO: Latency: 31,0000 s, Delta ratio: 0,5000, Drift: 2,000, Error reduction coefficient: 0,000, Error: 0,0000 s
abr 04, 2013 12:33:18 PM org.ros.time.RemoteUptimeClock update
INFO: Latency: 31,0000 s, Delta ratio: 0,5000, Drift: 2,000, Error reduction coefficient: 0,000, Error: 0,0000 s
abr 04, 2013 12:33:18 PM org.ros.time.RemoteUptimeClock update
INFO: Latency: 31,0000 s, Delta ratio: 0,5000, Drift: 2,000, Error reduction coefficient: 0,000, Error: 0,0000 s
abr 04, 2013 12:33:18 PM org.ros.time.RemoteUptimeClock update
INFO: Latency: 31,0000 s, Delta ratio: 0,5000, Drift: 2,000, Error reduction coefficient: 0,000, Error: 0,0000 s
abr 04, 2013 12:33:18 PM org.ros.time.RemoteUptimeClock update
INFO: Latency: 31,0000 s, Delta ratio: 0,5000, Drift: 2,000, Error reduction coefficient: 0,000, Error: 0,0000 s
abr 04, 2013 12:33:18 PM org.ros.time.RemoteUptimeClock update
INFO: Latency: 31,0000 s, Delta ratio: 0,5000, Drift: 2,000, Error reduction coefficient: 0,000, Error: 0,0000 s
abr 04, 2013 12:33:18 PM org.ros.time.RemoteUptimeClock update
INFO: Latency: 31,0000 s, Delta ratio: 0,5000, Drift: 2,000, Error reduction coefficient: 0,000, Error: 0,0000 s
abr 04, 2013 12:33:18 PM org.ros.time.RemoteUptimeClock update
INFO: Latency: 31,0000 s, Delta ratio: 0,5000, Drift: 2,000, Error reduction coefficient: 0,000, Error: 0,0000 s
abr 04, 2013 12:33:18 PM org.ros.time.RemoteUptimeClock update
INFO: Latency: 31,0000 s, Delta ratio: 0,5000, Drift: 2,000, Error reduction coefficient: 0,000, Error: 0,0000 s
abr 04, 2013 12:33:18 PM org.ros.time.RemoteUptimeClock update
INFO: Latency: 31,0000 s, Delta ratio: 0,5000, Drift: 2,000, Error reduction coefficient: 0,000, Error: 0,0000 s
abr 04, 2013 12:33:18 PM org.ros.time.RemoteUptimeClock update
INFO: Latency: 31,0000 s, Delta ratio: 0,5000, Drift: 2,000, Error reduction coefficient: 0,000, Error: 0,0000 s
abr 04, 2013 12:33:18 PM org.ros.time.RemoteUptimeClock update
INFO: Latency: 31,0000 s, Delta ratio: 0,5000, Drift: 2,000, Error reduction coefficient: 0,000, Error: 0,0000 s
abr 04, 2013 12:33:18 PM org.ros.time.RemoteUptimeClock update
INFO: Latency: 31,0000 s, Delta ratio: 0,5000, Drift: 2,000, Error reduction coefficient: 0,000, Error: 0,0000 s
abr 04, 2013 12:33:18 PM org.ros.time.RemoteUptimeClock update
INFO: Latency: 31,0000 s, Delta ratio: 0,5000, Drift: 2,000, Error reduction coefficient: 0,000, Error: 0,0000 s
abr 04, 2013 12:33:18 PM org.ros.time.RemoteUptimeClock update
INFO: Latency: 31,0000 s, Delta ratio: 0,5000, Drift: 2,000, Error reduction coefficient: 0,000, Error: 0,0000 s
abr 04, 2013 12:33:18 PM org.ros.time.RemoteUptimeClock update
INFO: Latency: 31,0000 s, Delta ratio: 0,5000, Drift: 2,000, Error reduction coefficient: 0,000, Error: 0,0000 s
abr 04, 2013 12:33:18 PM org.ros.time.RemoteUptimeClock update
INFO: Latency: 31,0000 s, Delta ratio: 0,5000, Drift: 2,000, Error reduction coefficient: 0,000, Error: 0,0000 s
abr 04, 2013 12:33:18 PM org.ros.time.RemoteUptimeClock update
INFO: Latency: 31,0000 s, Delta ratio: 0,5000, Drift: 2,000, Error reduction coefficient: 0,000, Error: 0,0000 s
abr 04, 2013 12:33:18 PM org.ros.time.RemoteUptimeClock update
INFO: Latency: 31,0000 s, Delta ratio: 0,5000, Drift: 2,000, Error reduction coefficient: 0,000, Error: 0,0000 s
abr 04, 2013 12:33:18 PM org.ros.time.RemoteUptimeClock update
INFO: Latency: 31,0000 s, Delta ratio: 0,5000, Drift: 2,000, Error reduction coefficient: 0,000, Error: 0,0000 s
abr 04, 2013 12:33:18 PM org.ros.time.RemoteUptimeClock update
INFO: Latency: 31,0000 s, Delta ratio: 0,5000, Drift: 2,000, Error reduction coefficient: 0,000, Error: 0,0000 s
abr 04, 2013 12:33:18 PM org.ros.time.RemoteUptimeClock update
INFO: Latency: 31,0000 s, Delta ratio: 0,5000, Drift: 2,000, Error reduction coefficient: 0,000, Error: 0,0000 s
abr 04, 2013 12:33:18 PM org.ros.time.RemoteUptimeClock update
INFO: Latency: 31,0000 s, Delta ratio: 0,5000, Drift: 2,000, Error reduction coefficient: 0,000, Error: 0,0000 s
abr 04, 2013 12:33:18 PM org.ros.time.RemoteUptimeClock update
INFO: Latency: 31,0000 s, Delta ratio: 0,5000, Drift: 2,000, Error reduction coefficient: 0,000, Error: 0,0000 s
abr 04, 2013 12:33:18 PM org.ros.time.RemoteUptimeClock update
INFO: Latency: 31,0000 s, Delta ratio: 0,5000, Drift: 2,000, Error reduction coefficient: 0,000, Error: 0,0000 s
abr 04, 2013 12:33:18 PM org.ros.time.RemoteUptimeClock update
INFO: Latency: 31,0000 s, Delta ratio: 0,5000, Drift: 2,000, Error reduction coefficient: 0,000, Error: 0,0000 s
abr 04, 2013 12:33:18 PM org.ros.time.RemoteUptimeClock update
INFO: Latency: 31,0000 s, Delta ratio: 0,5000, Drift: 2,000, Error reduction coefficient: 0,000, Error: 0,0000 s
abr 04, 2013 12:33:18 PM org.ros.time.RemoteUptimeClock update
INFO: Latency: 31,0000 s, Delta ratio: 0,5000, Drift: 2,000, Error reduction coefficient: 0,000, Error: 0,0000 s
abr 04, 2013 12:33:18 PM org.ros.time.RemoteUptimeClock update
INFO: Latency: 31,0000 s, Delta ratio: 0,5000, Drift: 2,000, Error reduction coefficient: 0,000, Error: 0,0000 s
abr 04, 2013 12:33:18 PM org.ros.time.RemoteUptimeClock update
INFO: Latency: 31,0000 s, Delta ratio: 0,5000, Drift: 2,000, Error reduction coefficient: 0,000, Error: 0,0000 s
abr 04, 2013 12:33:18 PM org.ros.time.RemoteUptimeClock update
INFO: Latency: 31,0000 s, Delta ratio: 0,5000, Drift: 2,000, Error reduction coefficient: 0,000, Error: 0,0000 s
abr 04, 2013 12:33:18 PM org.ros.time.RemoteUptimeClock update
INFO: Latency: 31,0000 s, Delta ratio: 0,5000, Drift: 2,000, Error reduction coefficient: 0,000, Error: 0,0000 s
abr 04, 2013 12:33:18 PM org.ros.time.RemoteUptimeClock update
INFO: Latency: 31,0000 s, Delta ratio: 0,5000, Drift: 2,000, Error reduction coefficient: 0,000, Error: 0,0000 s
abr 04, 2013 12:33:18 PM org.ros.time.RemoteUptimeClock update
INFO: Latency: 31,0000 s, Delta ratio: 0,5000, Drift: 2,000, Error reduction coefficient: 0,000, Error: 0,0000 s
abr 04, 2013 12:33:18 PM org.ros.time.RemoteUptimeClock update
INFO: Latency: 31,0000 s, Delta ratio: 0,5000, Drift: 2,000, Error reduction coefficient: 0,000, Error: 0,0000 s
abr 04, 2013 12:33:18 PM org.ros.time.RemoteUptimeClock update
INFO: Latency: 31,0000 s, Delta ratio: 0,5000, Drift: 2,000, Error reduction coefficient: 0,000, Error: 0,0000 s
abr 04, 2013 12:33:18 PM org.ros.time.RemoteUptimeClock update
INFO: Latency: 31,0000 s, Delta ratio: 0,5000, Drift: 2,000, Error reduction coefficient: 0,000, Error: 0,0000 s
abr 04, 2013 12:33:18 PM org.ros.time.RemoteUptimeClock update
INFO: Latency: 31,0000 s, Delta ratio: 0,5000, Drift: 2,000, Error reduction coefficient: 0,000, Error: 0,0000 s
abr 04, 2013 12:33:18 PM org.ros.time.RemoteUptimeClock update
INFO: Latency: 31,0000 s, Delta ratio: 0,5000, Drift: 2,000, Error reduction coefficient: 0,000, Error: 0,0000 s
abr 04, 2013 12:33:18 PM org.ros.time.RemoteUptimeClock update
INFO: Latency: 31,0000 s, Delta ratio: 0,5000, Drift: 2,000, Error reduction coefficient: 0,000, Error: 0,0000 s
abr 04, 2013 12:33:18 PM org.ros.time.RemoteUptimeClock update
INFO: Latency: 31,0000 s, Delta ratio: 0,5000, Drift: 2,000, Error reduction coefficient: 0,000, Error: 0,0000 s
abr 04, 2013 12:33:18 PM org.ros.time.RemoteUptimeClock update
INFO: Latency: 31,0000 s, Delta ratio: 0,5000, Drift: 2,000, Error reduction coefficient: 0,000, Error: 0,0000 s
abr 04, 2013 12:33:18 PM org.ros.time.RemoteUptimeClock update
INFO: Latency: 31,0000 s, Delta ratio: 0,5000, Drift: 2,000, Error reduction coefficient: 0,000, Error: 0,0000 s
abr 04, 2013 12:33:18 PM org.ros.time.RemoteUptimeClock update
INFO: Latency: 31,0000 s, Delta ratio: 0,5000, Drift: 2,000, Error reduction coefficient: 0,000, Error: 0,0000 s
abr 04, 2013 12:33:18 PM org.ros.time.RemoteUptimeClock update
INFO: Latency: 31,0000 s, Delta ratio: 0,5000, Drift: 2,000, Error reduction coefficient: 0,000, Error: 0,0000 s
abr 04, 2013 12:33:18 PM org.ros.time.RemoteUptimeClock update
INFO: Latency: 31,0000 s, Delta ratio: 0,5000, Drift: 2,000, Error reduction coefficient: 0,000, Error: 0,0000 s
abr 04, 2013 12:33:18 PM org.ros.time.RemoteUptimeClock update
INFO: Latency: 31,0000 s, Delta ratio: 0,5000, Drift: 2,000, Error reduction coefficient: 0,000, Error: 0,0000 s
abr 04, 2013 12:33:18 PM org.ros.time.RemoteUptimeClock update
INFO: Latency: 31,0000 s, Delta ratio: 0,5000, Drift: 2,000, Error reduction coefficient: 0,000, Error: 0,0000 s
abr 04, 2013 12:33:18 PM org.ros.time.RemoteUptimeClock update
INFO: Latency: 31,0000 s, Delta ratio: 0,5000, Drift: 2,000, Error reduction coefficient: 0,000, Error: 0,0000 s
abr 04, 2013 12:33:18 PM org.ros.time.RemoteUptimeClock update
INFO: Latency: 31,0000 s, Delta ratio: 0,5000, Drift: 2,000, Error reduction coefficient: 0,000, Error: 0,0000 s
abr 04, 2013 12:33:18 PM org.ros.time.RemoteUptimeClock update
INFO: Latency: 31,0000 s, Delta ratio: 0,5000, Drift: 2,000, Error reduction coefficient: 0,000, Error: 0,0000 s
abr 04, 2013 12:33:18 PM org.ros.time.RemoteUptimeClock update
INFO: Latency: 31,0000 s, Delta ratio: 0,5000, Drift: 2,000, Error reduction coefficient: 0,000, Error: 0,0000 s
abr 04, 2013 12:33:18 PM org.ros.time.RemoteUptimeClock update
INFO: Latency: 31,0000 s, Delta ratio: 0,5000, Drift: 2,000, Error reduction coefficient: 0,000, Error: 0,0000 s
abr 04, 2013 12:33:18 PM org.ros.time.RemoteUptimeClock update
INFO: Latency: 31,0000 s, Delta ratio: 0,5000, Drift: 2,000, Error reduction coefficient: 0,000, Error: 0,0000 s
abr 04, 2013 12:33:18 PM org.ros.time.RemoteUptimeClock update
INFO: Latency: 31,0000 s, Delta ratio: 0,5000, Drift: 2,000, Error reduction coefficient: 0,000, Error: 0,0000 s
abr 04, 2013 12:33:18 PM org.ros.time.RemoteUptimeClock update
INFO: Latency: 31,0000 s, Delta ratio: 0,5000, Drift: 2,000, Error reduction coefficient: 0,000, Error: 0,0000 s
abr 04, 2013 12:33:18 PM org.ros.time.RemoteUptimeClock update
INFO: Latency: 31,0000 s, Delta ratio: 0,5000, Drift: 2,000, Error reduction coefficient: 0,000, Error: 0,0000 s
abr 04, 2013 12:33:18 PM org.ros.time.RemoteUptimeClock update
INFO: Latency: 31,0000 s, Delta ratio: 0,5000, Drift: 2,000, Error reduction coefficient: 0,000, Error: 0,0000 s
abr 04, 2013 12:33:18 PM org.ros.time.RemoteUptimeClock update
INFO: Latency: 31,0000 s, Delta ratio: 0,5000, Drift: 2,000, Error reduction coefficient: 0,000, Error: 0,0000 s
abr 04, 2013 12:33:18 PM org.ros.time.RemoteUptimeClock update
INFO: Latency: 31,0000 s, Delta ratio: 0,5000, Drift: 2,000, Error reduction coefficient: 0,000, Error: 0,0000 s
abr 04, 2013 12:33:18 PM org.ros.time.RemoteUptimeClock update
INFO: Latency: 31,0000 s, Delta ratio: 0,5000, Drift: 2,000, Error reduction coefficient: 0,000, Error: 0,0000 s
abr 04, 2013 12:33:18 PM org.ros.time.RemoteUptimeClock update
INFO: Latency: 31,0000 s, Delta ratio: 0,5000, Drift: 2,000, Error reduction coefficient: 0,000, Error: 0,0000 s
abr 04, 2013 12:33:18 PM org.ros.time.RemoteUptimeClock update
INFO: Latency: 31,0000 s, Delta ratio: 0,5000, Drift: 2,000, Error reduction coefficient: 0,000, Error: 0,0000 s
abr 04, 2013 12:33:18 PM org.ros.time.RemoteUptimeClock update
INFO: Latency: 31,0000 s, Delta ratio: 0,5000, Drift: 2,000, Error reduction coefficient: 0,000, Error: 0,0000 s
abr 04, 2013 12:33:18 PM org.ros.time.RemoteUptimeClock update
INFO: Latency: 31,0000 s, Delta ratio: 0,5000, Drift: 2,000, Error reduction coefficient: 0,000, Error: 0,0000 s
abr 04, 2013 12:33:18 PM org.ros.time.RemoteUptimeClock update
INFO: Latency: 31,0000 s, Delta ratio: 0,5000, Drift: 2,000, Error reduction coefficient: 0,000, Error: 0,0000 s
abr 04, 2013 12:33:18 PM org.ros.time.RemoteUptimeClock update
INFO: Latency: 31,0000 s, Delta ratio: 0,5000, Drift: 2,000, Error reduction coefficient: 0,000, Error: 0,0000 s
abr 04, 2013 12:33:18 PM org.ros.time.RemoteUptimeClock update
INFO: Latency: 31,0000 s, Delta ratio: 0,5000, Drift: 2,000, Error reduction coefficient: 0,000, Error: 0,0000 s
abr 04, 2013 12:33:18 PM org.ros.time.RemoteUptimeClock update
INFO: Latency: 31,0000 s, Delta ratio: 0,5000, Drift: 2,000, Error reduction coefficient: 0,000, Error: 0,0000 s
abr 04, 2013 12:33:18 PM org.ros.time.RemoteUptimeClock update
INFO: Latency: 31,0000 s, Delta ratio: 0,5000, Drift: 2,000, Error reduction coefficient: 0,000, Error: 0,0000 s
abr 04, 2013 12:33:18 PM org.ros.time.RemoteUptimeClock update
INFO: Latency: 31,0000 s, Delta ratio: 0,5000, Drift: 2,000, Error reduction coefficient: 0,000, Error: 0,0000 s
abr 04, 2013 12:33:18 PM org.ros.time.RemoteUptimeClock update
INFO: Latency: 31,0000 s, Delta ratio: 0,5000, Drift: 2,000, Error reduction coefficient: 0,000, Error: 0,0000 s
abr 04, 2013 12:33:18 PM org.ros.time.RemoteUptimeClock update
INFO: Latency: 31,0000 s, Delta ratio: 0,5000, Drift: 2,000, Error reduction coefficient: 0,000, Error: 0,0000 s
abr 04, 2013 12:33:18 PM org.ros.time.RemoteUptimeClock update
INFO: Latency: 31,0000 s, Delta ratio: 0,5000, Drift: 2,000, Error reduction coefficient: 0,000, Error: 0,0000 s
abr 04, 2013 12:33:18 PM org.ros.time.RemoteUptimeClock update
INFO: Latency: 31,0000 s, Delta ratio: 0,5000, Drift: 2,000, Error reduction coefficient: 0,000, Error: 0,0000 s
abr 04, 2013 12:33:18 PM org.ros.time.RemoteUptimeClock update
INFO: Latency: 31,0000 s, Delta ratio: 0,5000, Drift: 2,000, Error reduction coefficient: 0,000, Error: 0,0000 s
abr 04, 2013 12:33:18 PM org.ros.time.RemoteUptimeClock update
INFO: Latency: 31,0000 s, Delta ratio: 0,5000, Drift: 2,000, Error reduction coefficient: 0,000, Error: 0,0000 s
abr 04, 2013 12:33:18 PM org.ros.time.RemoteUptimeClock update
INFO: Latency: 31,0000 s, Delta ratio: 0,5000, Drift: 2,000, Error reduction coefficient: 0,000, Error: 0,0000 s
abr 04, 2013 12:33:18 PM org.ros.time.RemoteUptimeClock update
INFO: Latency: 31,0000 s, Delta ratio: 0,5000, Drift: 2,000, Error reduction coefficient: 0,000, Error: 0,0000 s
abr 04, 2013 12:33:18 PM org.ros.time.RemoteUptimeClock update
INFO: Latency: 31,0000 s, Delta ratio: 0,5000, Drift: 2,000, Error reduction coefficient: 0,000, Error: 0,0000 s
abr 04, 2013 12:33:18 PM org.ros.time.RemoteUptimeClock update
INFO: Latency: 31,0000 s, Delta ratio: 0,5000, Drift: 2,000, Error reduction coefficient: 0,000, Error: 0,0000 s
abr 04, 2013 12:33:18 PM org.ros.time.RemoteUptimeClock update
INFO: Latency: 31,0000 s, Delta ratio: 0,5000, Drift: 2,000, Error reduction coefficient: 0,000, Error: 0,0000 s
abr 04, 2013 12:33:18 PM org.ros.time.RemoteUptimeClock update
INFO: Latency: 31,0000 s, Delta ratio: 0,5000, Drift: 2,000, Error reduction coefficient: 0,000, Error: 0,0000 s
abr 04, 2013 12:33:18 PM org.ros.time.RemoteUptimeClock update
INFO: Latency: 31,0000 s, Delta ratio: 0,5000, Drift: 2,000, Error reduction coefficient: 0,000, Error: 0,0000 s
abr 04, 2013 12:33:19 PM org.ros.time.RemoteUptimeClock update
INFO: Latency: 31,0000 s, Delta ratio: 0,5000, Drift: 2,000, Error reduction coefficient: 0,000, Error: 0,0000 s
abr 04, 2013 12:33:19 PM org.ros.time.RemoteUptimeClock update
INFO: Latency: 31,0000 s, Delta ratio: 0,5000, Drift: 2,000, Error reduction coefficient: 0,000, Error: 0,0000 s
abr 04, 2013 12:33:19 PM org.ros.time.RemoteUptimeClock update
INFO: Latency: 31,0000 s, Delta ratio: 0,5000, Drift: 2,000, Error reduction coefficient: 0,000, Error: 0,0000 s
abr 04, 2013 12:33:19 PM org.ros.time.RemoteUptimeClock update
INFO: Latency: 31,0000 s, Delta ratio: 0,5000, Drift: 2,000, Error reduction coefficient: 0,000, Error: 0,0000 s
abr 04, 2013 12:33:19 PM org.ros.time.RemoteUptimeClock update
INFO: Latency: 31,0000 s, Delta ratio: 0,5000, Drift: 2,000, Error reduction coefficient: 0,000, Error: 0,0000 s
abr 04, 2013 12:33:19 PM org.ros.time.RemoteUptimeClock update
INFO: Latency: 31,0000 s, Delta ratio: 0,5000, Drift: 2,000, Error reduction coefficient: 0,000, Error: 0,0000 s
abr 04, 2013 12:33:19 PM org.ros.time.RemoteUptimeClock update
INFO: Latency: 31,0000 s, Delta ratio: 0,5000, Drift: 2,000, Error reduction coefficient: 0,000, Error: 0,0000 s
abr 04, 2013 12:33:19 PM org.ros.time.RemoteUptimeClock update
INFO: Latency: 31,0000 s, Delta ratio: 0,5000, Drift: 2,000, Error reduction coefficient: 0,000, Error: 0,0000 s
abr 04, 2013 12:33:19 PM org.ros.time.RemoteUptimeClock update
INFO: Latency: 31,0000 s, Delta ratio: 0,5000, Drift: 2,000, Error reduction coefficient: 0,000, Error: 0,0000 s
abr 04, 2013 12:33:19 PM org.ros.time.RemoteUptimeClock update
INFO: Latency: 31,0000 s, Delta ratio: 0,5000, Drift: 2,000, Error reduction coefficient: 0,000, Error: 0,0000 s
abr 04, 2013 12:33:19 PM org.ros.time.RemoteUptimeClock update
INFO: Latency: 31,0000 s, Delta ratio: 0,5000, Drift: 2,000, Error reduction coefficient: 0,000, Error: 0,0000 s
abr 04, 2013 12:33:19 PM org.ros.time.RemoteUptimeClock update
INFO: Latency: 31,0000 s, Delta ratio: 0,5000, Drift: 2,000, Error reduction coefficient: 0,000, Error: 0,0000 s
abr 04, 2013 12:33:19 PM org.ros.time.RemoteUptimeClock update
INFO: Latency: 31,0000 s, Delta ratio: 0,5000, Drift: 2,000, Error reduction coefficient: 0,000, Error: 0,0000 s
abr 04, 2013 12:33:19 PM org.ros.time.RemoteUptimeClock update
INFO: Latency: 31,0000 s, Delta ratio: 0,5000, Drift: 2,000, Error reduction coefficient: 0,000, Error: 0,0000 s
abr 04, 2013 12:33:19 PM org.ros.time.RemoteUptimeClock update
INFO: Latency: 31,0000 s, Delta ratio: 0,5000, Drift: 2,000, Error reduction coefficient: 0,000, Error: 0,0000 s
abr 04, 2013 12:33:19 PM org.ros.time.RemoteUptimeClock update
INFO: Latency: 31,0000 s, Delta ratio: 0,5000, Drift: 2,000, Error reduction coefficient: 0,000, Error: 0,0000 s
abr 04, 2013 12:33:19 PM org.ros.time.RemoteUptimeClock update
INFO: Latency: 31,0000 s, Delta ratio: 0,5000, Drift: 2,000, Error reduction coefficient: 0,000, Error: 0,0000 s
abr 04, 2013 12:33:19 PM org.ros.time.RemoteUptimeClock update
INFO: Latency: 31,0000 s, Delta ratio: 0,5000, Drift: 2,000, Error reduction coefficient: 0,000, Error: 0,0000 s
abr 04, 2013 12:33:19 PM org.ros.time.RemoteUptimeClock update
INFO: Latency: 31,0000 s, Delta ratio: 0,5000, Drift: 2,000, Error reduction coefficient: 0,000, Error: 0,0000 s
abr 04, 2013 12:33:19 PM org.ros.time.RemoteUptimeClock update
INFO: Latency: 31,0000 s, Delta ratio: 0,5000, Drift: 2,000, Error reduction coefficient: 0,000, Error: 0,0000 s
abr 04, 2013 12:33:19 PM org.ros.time.RemoteUptimeClock update
INFO: Latency: 31,0000 s, Delta ratio: 0,5000, Drift: 2,000, Error reduction coefficient: 0,000, Error: 0,0000 s
abr 04, 2013 12:33:19 PM org.ros.time.RemoteUptimeClock update
INFO: Latency: 31,0000 s, Delta ratio: 0,5000, Drift: 2,000, Error reduction coefficient: 0,000, Error: 0,0000 s
abr 04, 2013 12:33:19 PM org.ros.time.RemoteUptimeClock update
INFO: Latency: 31,0000 s, Delta ratio: 0,5000, Drift: 2,000, Error reduction coefficient: 0,000, Error: 0,0000 s
abr 04, 2013 12:33:19 PM org.ros.time.RemoteUptimeClock update
INFO: Latency: 31,0000 s, Delta ratio: 0,5000, Drift: 2,000, Error reduction coefficient: 0,000, Error: 0,0000 s
abr 04, 2013 12:33:19 PM org.ros.time.RemoteUptimeClock update
INFO: Latency: 31,0000 s, Delta ratio: 0,5000, Drift: 2,000, Error reduction coefficient: 0,000, Error: 0,0000 s
abr 04, 2013 12:33:19 PM org.ros.time.RemoteUptimeClock update
INFO: Latency: 31,0000 s, Delta ratio: 0,5000, Drift: 2,000, Error reduction coefficient: 0,000, Error: 0,0000 s
abr 04, 2013 12:33:19 PM org.ros.time.RemoteUptimeClock update
INFO: Latency: 31,0000 s, Delta ratio: 0,5000, Drift: 2,000, Error reduction coefficient: 0,000, Error: 0,0000 s
abr 04, 2013 12:33:19 PM org.ros.time.RemoteUptimeClock update
INFO: Latency: 31,0000 s, Delta ratio: 0,5000, Drift: 2,000, Error reduction coefficient: 0,000, Error: 0,0000 s
abr 04, 2013 12:33:19 PM org.ros.time.RemoteUptimeClock update
INFO: Latency: 31,0000 s, Delta ratio: 0,5000, Drift: 2,000, Error reduction coefficient: 0,000, Error: 0,0000 s
abr 04, 2013 12:33:19 PM org.ros.time.RemoteUptimeClock update
INFO: Latency: 31,0000 s, Delta ratio: 0,5000, Drift: 2,000, Error reduction coefficient: 0,000, Error: 0,0000 s
abr 04, 2013 12:33:19 PM org.ros.time.RemoteUptimeClock update
INFO: Latency: 31,0000 s, Delta ratio: 0,5000, Drift: 2,000, Error reduction coefficient: 0,000, Error: 0,0000 s
abr 04, 2013 12:33:19 PM org.ros.time.RemoteUptimeClock update
INFO: Latency: 31,0000 s, Delta ratio: 0,5000, Drift: 2,000, Error reduction coefficient: 0,000, Error: 0,0000 s
abr 04, 2013 12:33:19 PM org.ros.time.RemoteUptimeClock update
INFO: Latency: 31,0000 s, Delta ratio: 0,5000, Drift: 2,000, Error reduction coefficient: 0,000, Error: 0,0000 s
abr 04, 2013 12:33:19 PM org.ros.time.RemoteUptimeClock update
INFO: Latency: 31,0000 s, Delta ratio: 0,5000, Drift: 2,000, Error reduction coefficient: 0,000, Error: 0,0000 s
abr 04, 2013 12:33:19 PM org.ros.time.RemoteUptimeClock update
INFO: Latency: 31,0000 s, Delta ratio: 0,5000, Drift: 2,000, Error reduction coefficient: 0,000, Error: 0,0000 s
abr 04, 2013 12:33:19 PM org.ros.time.RemoteUptimeClock update
INFO: Latency: 31,0000 s, Delta ratio: 0,5000, Drift: 2,000, Error reduction coefficient: 0,000, Error: 0,0000 s
abr 04, 2013 12:33:19 PM org.ros.time.RemoteUptimeClock update
INFO: Latency: 31,0000 s, Delta ratio: 0,5000, Drift: 2,000, Error reduction coefficient: 0,000, Error: 0,0000 s
abr 04, 2013 12:33:19 PM org.ros.time.RemoteUptimeClock update
INFO: Latency: 31,0000 s, Delta ratio: 0,5000, Drift: 2,000, Error reduction coefficient: 0,000, Error: 0,0000 s
abr 04, 2013 12:33:19 PM org.ros.time.RemoteUptimeClock update
INFO: Latency: 31,0000 s, Delta ratio: 0,5000, Drift: 2,000, Error reduction coefficient: 0,000, Error: 0,0000 s
abr 04, 2013 12:33:19 PM org.ros.time.RemoteUptimeClock update
INFO: Latency: 31,0000 s, Delta ratio: 0,5000, Drift: 2,000, Error reduction coefficient: 0,000, Error: 0,0000 s
abr 04, 2013 12:33:19 PM org.ros.time.RemoteUptimeClock update
INFO: Latency: 31,0000 s, Delta ratio: 0,5000, Drift: 2,000, Error reduction coefficient: 0,000, Error: 0,0000 s
abr 04, 2013 12:33:19 PM org.ros.time.RemoteUptimeClock update
INFO: Latency: 31,0000 s, Delta ratio: 0,5000, Drift: 2,000, Error reduction coefficient: 0,000, Error: 0,0000 s
abr 04, 2013 12:33:19 PM org.ros.time.RemoteUptimeClock update
INFO: Latency: 31,0000 s, Delta ratio: 0,5000, Drift: 2,000, Error reduction coefficient: 0,000, Error: 0,0000 s
abr 04, 2013 12:33:19 PM org.ros.time.RemoteUptimeClock update
INFO: Latency: 31,0000 s, Delta ratio: 0,5000, Drift: 2,000, Error reduction coefficient: 0,000, Error: 0,0000 s
abr 04, 2013 12:33:19 PM org.ros.time.RemoteUptimeClock update
INFO: Latency: 31,0000 s, Delta ratio: 0,5000, Drift: 2,000, Error reduction coefficient: 0,000, Error: 0,0000 s
abr 04, 2013 12:33:19 PM org.ros.time.RemoteUptimeClock update
INFO: Latency: 31,0000 s, Delta ratio: 0,5000, Drift: 2,000, Error reduction coefficient: 0,000, Error: 0,0000 s
abr 04, 2013 12:33:19 PM org.ros.time.RemoteUptimeClock update
INFO: Latency: 31,0000 s, Delta ratio: 0,5000, Drift: 2,000, Error reduction coefficient: 0,000, Error: 0,0000 s
abr 04, 2013 12:33:19 PM org.ros.time.RemoteUptimeClock update
INFO: Latency: 31,0000 s, Delta ratio: 0,5000, Drift: 2,000, Error reduction coefficient: 0,000, Error: 0,0000 s
abr 04, 2013 12:33:19 PM org.ros.time.RemoteUptimeClock update
INFO: Latency: 31,0000 s, Delta ratio: 0,5000, Drift: 2,000, Error reduction coefficient: 0,000, Error: 0,0000 s
abr 04, 2013 12:33:19 PM org.ros.time.RemoteUptimeClock update
INFO: Latency: 31,0000 s, Delta ratio: 0,5000, Drift: 2,000, Error reduction coefficient: 0,000, Error: 0,0000 s
abr 04, 2013 12:33:19 PM org.ros.time.RemoteUptimeClock update
INFO: Latency: 31,0000 s, Delta ratio: 0,5000, Drift: 2,000, Error reduction coefficient: 0,000, Error: 0,0000 s
abr 04, 2013 12:33:19 PM org.ros.time.RemoteUptimeClock update
INFO: Latency: 31,0000 s, Delta ratio: 0,5000, Drift: 2,000, Error reduction coefficient: 0,000, Error: 0,0000 s
abr 04, 2013 12:33:19 PM org.ros.time.RemoteUptimeClock update
INFO: Latency: 31,0000 s, Delta ratio: 0,5000, Drift: 2,000, Error reduction coefficient: 0,000, Error: 0,0000 s
abr 04, 2013 12:33:19 PM org.ros.time.RemoteUptimeClock update
INFO: Latency: 31,0000 s, Delta ratio: 0,5000, Drift: 2,000, Error reduction coefficient: 0,000, Error: 0,0000 s
abr 04, 2013 12:33:19 PM org.ros.time.RemoteUptimeClock update
INFO: Latency: 31,0000 s, Delta ratio: 0,5000, Drift: 2,000, Error reduction coefficient: 0,000, Error: 0,0000 s
abr 04, 2013 12:33:19 PM org.ros.time.RemoteUptimeClock update
INFO: Latency: 31,0000 s, Delta ratio: 0,5000, Drift: 2,000, Error reduction coefficient: 0,000, Error: 0,0000 s
abr 04, 2013 12:33:19 PM org.ros.time.RemoteUptimeClock update
INFO: Latency: 31,0000 s, Delta ratio: 0,5000, Drift: 2,000, Error reduction coefficient: 0,000, Error: 0,0000 s
abr 04, 2013 12:33:19 PM org.ros.time.RemoteUptimeClock update
INFO: Latency: 31,0000 s, Delta ratio: 0,5000, Drift: 2,000, Error reduction coefficient: 0,000, Error: 0,0000 s
abr 04, 2013 12:33:19 PM org.ros.time.RemoteUptimeClock update
INFO: Latency: 31,0000 s, Delta ratio: 0,5000, Drift: 2,000, Error reduction coefficient: 0,000, Error: 0,0000 s
abr 04, 2013 12:33:19 PM org.ros.time.RemoteUptimeClock update
INFO: Latency: 31,0000 s, Delta ratio: 0,5000, Drift: 2,000, Error reduction coefficient: 0,000, Error: 0,0000 s
abr 04, 2013 12:33:19 PM org.ros.time.RemoteUptimeClock update
INFO: Latency: 31,0000 s, Delta ratio: 0,5000, Drift: 2,000, Error reduction coefficient: 0,000, Error: 0,0000 s
abr 04, 2013 12:33:19 PM org.ros.time.RemoteUptimeClock update
INFO: Latency: 31,0000 s, Delta ratio: 0,5000, Drift: 2,000, Error reduction coefficient: 0,000, Error: 0,0000 s
abr 04, 2013 12:33:19 PM org.ros.time.RemoteUptimeClock update
INFO: Latency: 31,0000 s, Delta ratio: 0,5000, Drift: 2,000, Error reduction coefficient: 0,000, Error: 0,0000 s
abr 04, 2013 12:33:19 PM org.ros.time.RemoteUptimeClock update
INFO: Latency: 31,0000 s, Delta ratio: 0,5000, Drift: 2,000, Error reduction coefficient: 0,000, Error: 0,0000 s
abr 04, 2013 12:33:19 PM org.ros.time.RemoteUptimeClock update
INFO: Latency: 31,0000 s, Delta ratio: 0,5000, Drift: 2,000, Error reduction coefficient: 0,000, Error: 0,0000 s
abr 04, 2013 12:33:19 PM org.ros.time.RemoteUptimeClock update
INFO: Latency: 31,0000 s, Delta ratio: 0,5000, Drift: 2,000, Error reduction coefficient: 0,000, Error: 0,0000 s
abr 04, 2013 12:33:19 PM org.ros.time.RemoteUptimeClock update
INFO: Latency: 31,0000 s, Delta ratio: 0,5000, Drift: 2,000, Error reduction coefficient: 0,000, Error: 0,0000 s
abr 04, 2013 12:33:19 PM org.ros.time.RemoteUptimeClock update
INFO: Latency: 31,0000 s, Delta ratio: 0,5000, Drift: 2,000, Error reduction coefficient: 0,000, Error: 0,0000 s
abr 04, 2013 12:33:19 PM org.ros.time.RemoteUptimeClock update
INFO: Latency: 31,0000 s, Delta ratio: 0,5000, Drift: 2,000, Error reduction coefficient: 0,000, Error: 0,0000 s
abr 04, 2013 12:33:19 PM org.ros.time.RemoteUptimeClock update
INFO: Latency: 31,0000 s, Delta ratio: 0,5000, Drift: 2,000, Error reduction coefficient: 0,000, Error: 0,0000 s
abr 04, 2013 12:33:19 PM org.ros.time.RemoteUptimeClock update
INFO: Latency: 31,0000 s, Delta ratio: 0,5000, Drift: 2,000, Error reduction coefficient: 0,000, Error: 0,0000 s
abr 04, 2013 12:33:19 PM org.ros.time.RemoteUptimeClock update
INFO: Latency: 31,0000 s, Delta ratio: 0,5000, Drift: 2,000, Error reduction coefficient: 0,000, Error: 0,0000 s
abr 04, 2013 12:33:19 PM org.ros.time.RemoteUptimeClock update
INFO: Latency: 31,0000 s, Delta ratio: 0,5000, Drift: 2,000, Error reduction coefficient: 0,000, Error: 0,0000 s
abr 04, 2013 12:33:19 PM org.ros.time.RemoteUptimeClock update
INFO: Latency: 31,0000 s, Delta ratio: 0,5000, Drift: 2,000, Error reduction coefficient: 0,000, Error: 0,0000 s
abr 04, 2013 12:33:19 PM org.ros.time.RemoteUptimeClock update
INFO: Latency: 31,0000 s, Delta ratio: 0,5000, Drift: 2,000, Error reduction coefficient: 0,000, Error: 0,0000 s
abr 04, 2013 12:33:19 PM org.ros.time.RemoteUptimeClock update
INFO: Latency: 31,0000 s, Delta ratio: 0,5000, Drift: 2,000, Error reduction coefficient: 0,000, Error: 0,0000 s
abr 04, 2013 12:33:19 PM org.ros.time.RemoteUptimeClock update
INFO: Latency: 31,0000 s, Delta ratio: 0,5000, Drift: 2,000, Error reduction coefficient: 0,000, Error: 0,0000 s
abr 04, 2013 12:33:19 PM org.ros.time.RemoteUptimeClock update
INFO: Latency: 31,0000 s, Delta ratio: 0,5000, Drift: 2,000, Error reduction coefficient: 0,000, Error: 0,0000 s
abr 04, 2013 12:33:19 PM org.ros.time.RemoteUptimeClock update
INFO: Latency: 31,0000 s, Delta ratio: 0,5000, Drift: 2,000, Error reduction coefficient: 0,000, Error: 0,0000 s
abr 04, 2013 12:33:19 PM org.ros.time.RemoteUptimeClock update
INFO: Latency: 31,0000 s, Delta ratio: 0,5000, Drift: 2,000, Error reduction coefficient: 0,000, Error: 0,0000 s
abr 04, 2013 12:33:19 PM org.ros.time.RemoteUptimeClock update
INFO: Latency: 31,0000 s, Delta ratio: 0,5000, Drift: 2,000, Error reduction coefficient: 0,000, Error: 0,0000 s
abr 04, 2013 12:33:19 PM org.ros.time.RemoteUptimeClock update
INFO: Latency: 31,0000 s, Delta ratio: 0,5000, Drift: 2,000, Error reduction coefficient: 0,000, Error: 0,0000 s
abr 04, 2013 12:33:19 PM org.ros.time.RemoteUptimeClock update
INFO: Latency: 31,0000 s, Delta ratio: 0,5000, Drift: 2,000, Error reduction coefficient: 0,000, Error: 0,0000 s
abr 04, 2013 12:33:19 PM org.ros.time.RemoteUptimeClock update
INFO: Latency: 31,0000 s, Delta ratio: 0,5000, Drift: 2,000, Error reduction coefficient: 0,000, Error: 0,0000 s
abr 04, 2013 12:33:19 PM org.ros.time.RemoteUptimeClock update
INFO: Latency: 31,0000 s, Delta ratio: 0,5000, Drift: 2,000, Error reduction coefficient: 0,000, Error: 0,0000 s
abr 04, 2013 12:33:19 PM org.ros.time.RemoteUptimeClock update
INFO: Latency: 31,0000 s, Delta ratio: 0,5000, Drift: 2,000, Error reduction coefficient: 0,000, Error: 0,0000 s
abr 04, 2013 12:33:19 PM org.ros.time.RemoteUptimeClock update
INFO: Latency: 31,0000 s, Delta ratio: 0,5000, Drift: 2,000, Error reduction coefficient: 0,000, Error: 0,0000 s
abr 04, 2013 12:33:19 PM org.ros.time.RemoteUptimeClock update
INFO: Latency: 31,0000 s, Delta ratio: 0,5000, Drift: 2,000, Error reduction coefficient: 0,000, Error: 0,0000 s
abr 04, 2013 12:33:19 PM org.ros.time.RemoteUptimeClock update
INFO: Latency: 31,0000 s, Delta ratio: 0,5000, Drift: 2,000, Error reduction coefficient: 0,000, Error: 0,0000 s
abr 04, 2013 12:33:19 PM org.ros.time.RemoteUptimeClock update
INFO: Latency: 31,0000 s, Delta ratio: 0,5000, Drift: 2,000, Error reduction coefficient: 0,000, Error: 0,0000 s
abr 04, 2013 12:33:19 PM org.ros.time.RemoteUptimeClock update
INFO: Latency: 31,0000 s, Delta ratio: 0,5000, Drift: 2,000, Error reduction coefficient: 0,000, Error: 0,0000 s
abr 04, 2013 12:33:19 PM org.ros.time.RemoteUptimeClock update
INFO: Latency: 31,0000 s, Delta ratio: 0,5000, Drift: 2,000, Error reduction coefficient: 0,000, Error: 0,0000 s
abr 04, 2013 12:33:19 PM org.ros.time.RemoteUptimeClock update
INFO: Latency: 31,0000 s, Delta ratio: 0,5000, Drift: 2,000, Error reduction coefficient: 0,000, Error: 0,0000 s
abr 04, 2013 12:33:19 PM org.ros.time.RemoteUptimeClock update
INFO: Latency: 31,0000 s, Delta ratio: 0,5000, Drift: 2,000, Error reduction coefficient: 0,000, Error: 0,0000 s
abr 04, 2013 12:33:19 PM org.ros.time.RemoteUptimeClock update
INFO: Latency: 31,0000 s, Delta ratio: 0,5000, Drift: 2,000, Error reduction coefficient: 0,000, Error: 0,0000 s
abr 04, 2013 12:33:19 PM org.ros.time.RemoteUptimeClock update
INFO: Latency: 31,0000 s, Delta ratio: 0,5000, Drift: 2,000, Error reduction coefficient: 0,000, Error: 0,0000 s
abr 04, 2013 12:33:19 PM org.ros.time.RemoteUptimeClock update
INFO: Latency: 31,0000 s, Delta ratio: 0,5000, Drift: 2,000, Error reduction coefficient: 0,000, Error: 0,0000 s
abr 04, 2013 12:33:19 PM org.ros.time.RemoteUptimeClock update
INFO: Latency: 31,0000 s, Delta ratio: 0,5000, Drift: 2,000, Error reduction coefficient: 0,000, Error: 0,0000 s
abr 04, 2013 12:33:19 PM org.ros.time.RemoteUptimeClock update
INFO: Latency: 31,0000 s, Delta ratio: 0,5000, Drift: 2,000, Error reduction coefficient: 0,000, Error: 0,0000 s
abr 04, 2013 12:33:19 PM org.ros.time.RemoteUptimeClock update
INFO: Latency: 31,0000 s, Delta ratio: 0,5000, Drift: 2,000, Error reduction coefficient: 0,000, Error: 0,0000 s
abr 04, 2013 12:33:19 PM org.ros.time.RemoteUptimeClock update
INFO: Latency: 31,0000 s, Delta ratio: 0,5000, Drift: 2,000, Error reduction coefficient: 0,000, Error: 0,0000 s
abr 04, 2013 12:33:19 PM org.ros.time.RemoteUptimeClock update
INFO: Latency: 31,0000 s, Delta ratio: 0,5000, Drift: 2,000, Error reduction coefficient: 0,000, Error: 0,0000 s
abr 04, 2013 12:33:19 PM org.ros.time.RemoteUptimeClock update
INFO: Latency: 31,0000 s, Delta ratio: 0,5000, Drift: 2,000, Error reduction coefficient: 0,000, Error: 0,0000 s
abr 04, 2013 12:33:19 PM org.ros.time.RemoteUptimeClock update
INFO: Latency: 31,0000 s, Delta ratio: 0,5000, Drift: 2,000, Error reduction coefficient: 0,000, Error: 0,0000 s
abr 04, 2013 12:33:19 PM org.ros.time.RemoteUptimeClock update
INFO: Latency: 31,0000 s, Delta ratio: 0,5000, Drift: 2,000, Error reduction coefficient: 0,000, Error: 0,0000 s
abr 04, 2013 12:33:19 PM org.ros.time.RemoteUptimeClock update
INFO: Latency: 31,0000 s, Delta ratio: 0,5000, Drift: 2,000, Error reduction coefficient: 0,000, Error: 0,0000 s
abr 04, 2013 12:33:19 PM org.ros.time.RemoteUptimeClock update
INFO: Latency: 31,0000 s, Delta ratio: 0,5000, Drift: 2,000, Error reduction coefficient: 0,000, Error: 0,0000 s
abr 04, 2013 12:33:19 PM org.ros.time.RemoteUptimeClock update
INFO: Latency: 31,0000 s, Delta ratio: 0,5000, Drift: 2,000, Error reduction coefficient: 0,000, Error: 0,0000 s
abr 04, 2013 12:33:19 PM org.ros.time.RemoteUptimeClock update
INFO: Latency: 31,0000 s, Delta ratio: 0,5000, Drift: 2,000, Error reduction coefficient: 0,000, Error: 0,0000 s
abr 04, 2013 12:33:19 PM org.ros.time.RemoteUptimeClock update
INFO: Latency: 31,0000 s, Delta ratio: 0,5000, Drift: 2,000, Error reduction coefficient: 0,000, Error: 0,0000 s
abr 04, 2013 12:33:19 PM org.ros.time.RemoteUptimeClock update
INFO: Latency: 31,0000 s, Delta ratio: 0,5000, Drift: 2,000, Error reduction coefficient: 0,000, Error: 0,0000 s
abr 04, 2013 12:33:19 PM org.ros.time.RemoteUptimeClock update
INFO: Latency: 31,0000 s, Delta ratio: 0,5000, Drift: 2,000, Error reduction coefficient: 0,000, Error: 0,0000 s
abr 04, 2013 12:33:19 PM org.ros.time.RemoteUptimeClock update
INFO: Latency: 31,0000 s, Delta ratio: 0,5000, Drift: 2,000, Error reduction coefficient: 0,000, Error: 0,0000 s
abr 04, 2013 12:33:19 PM org.ros.time.RemoteUptimeClock update
INFO: Latency: 31,0000 s, Delta ratio: 0,5000, Drift: 2,000, Error reduction coefficient: 0,000, Error: 0,0000 s
abr 04, 2013 12:33:19 PM org.ros.time.RemoteUptimeClock update
INFO: Latency: 31,0000 s, Delta ratio: 0,5000, Drift: 2,000, Error reduction coefficient: 0,000, Error: 0,0000 s
abr 04, 2013 12:33:19 PM org.ros.time.RemoteUptimeClock update
INFO: Latency: 31,0000 s, Delta ratio: 0,5000, Drift: 2,000, Error reduction coefficient: 0,000, Error: 0,0000 s
abr 04, 2013 12:33:19 PM org.ros.time.RemoteUptimeClock update
INFO: Latency: 31,0000 s, Delta ratio: 0,5000, Drift: 2,000, Error reduction coefficient: 0,000, Error: 0,0000 s
abr 04, 2013 12:33:19 PM org.ros.time.RemoteUptimeClock update
INFO: Latency: 31,0000 s, Delta ratio: 0,5000, Drift: 2,000, Error reduction coefficient: 0,000, Error: 0,0000 s
abr 04, 2013 12:33:19 PM org.ros.time.RemoteUptimeClock update
INFO: Latency: 31,0000 s, Delta ratio: 0,5000, Drift: 2,000, Error reduction coefficient: 0,000, Error: 0,0000 s
abr 04, 2013 12:33:19 PM org.ros.time.RemoteUptimeClock update
INFO: Latency: 31,0000 s, Delta ratio: 0,5000, Drift: 2,000, Error reduction coefficient: 0,000, Error: 0,0000 s
abr 04, 2013 12:33:19 PM org.ros.time.RemoteUptimeClock update
INFO: Latency: 31,0000 s, Delta ratio: 0,5000, Drift: 2,000, Error reduction coefficient: 0,000, Error: 0,0000 s
abr 04, 2013 12:33:19 PM org.ros.time.RemoteUptimeClock update
INFO: Latency: 31,0000 s, Delta ratio: 0,5000, Drift: 2,000, Error reduction coefficient: 0,000, Error: 0,0000 s
abr 04, 2013 12:33:19 PM org.ros.time.RemoteUptimeClock update
INFO: Latency: 31,0000 s, Delta ratio: 0,5000, Drift: 2,000, Error reduction coefficient: 0,000, Error: 0,0000 s
abr 04, 2013 12:33:19 PM org.ros.time.RemoteUptimeClock update
INFO: Latency: 31,0000 s, Delta ratio: 0,5000, Drift: 2,000, Error reduction coefficient: 0,000, Error: 0,0000 s
abr 04, 2013 12:33:19 PM org.ros.time.RemoteUptimeClock update
INFO: Latency: 31,0000 s, Delta ratio: 0,5000, Drift: 2,000, Error reduction coefficient: 0,000, Error: 0,0000 s
abr 04, 2013 12:33:19 PM org.ros.time.RemoteUptimeClock update
INFO: Latency: 31,0000 s, Delta ratio: 0,5000, Drift: 2,000, Error reduction coefficient: 0,000, Error: 0,0000 s
abr 04, 2013 12:33:19 PM org.ros.time.RemoteUptimeClock update
INFO: Latency: 31,0000 s, Delta ratio: 0,5000, Drift: 2,000, Error reduction coefficient: 0,000, Error: 0,0000 s
abr 04, 2013 12:33:19 PM org.ros.time.RemoteUptimeClock update
INFO: Latency: 31,0000 s, Delta ratio: 0,5000, Drift: 2,000, Error reduction coefficient: 0,000, Error: 0,0000 s
abr 04, 2013 12:33:19 PM org.ros.time.RemoteUptimeClock update
INFO: Latency: 31,0000 s, Delta ratio: 0,5000, Drift: 2,000, Error reduction coefficient: 0,000, Error: 0,0000 s
abr 04, 2013 12:33:19 PM org.ros.time.RemoteUptimeClock update
INFO: Latency: 31,0000 s, Delta ratio: 0,5000, Drift: 2,000, Error reduction coefficient: 0,000, Error: 0,0000 s
abr 04, 2013 12:33:19 PM org.ros.time.RemoteUptimeClock update
INFO: Latency: 31,0000 s, Delta ratio: 0,5000, Drift: 2,000, Error reduction coefficient: 0,000, Error: 0,0000 s
abr 04, 2013 12:33:19 PM org.ros.time.RemoteUptimeClock update
INFO: Latency: 31,0000 s, Delta ratio: 0,5000, Drift: 2,000, Error reduction coefficient: 0,000, Error: 0,0000 s
abr 04, 2013 12:33:19 PM org.ros.time.RemoteUptimeClock update
INFO: Latency: 31,0000 s, Delta ratio: 0,5000, Drift: 2,000, Error reduction coefficient: 0,000, Error: 0,0000 s
abr 04, 2013 12:33:19 PM org.ros.time.RemoteUptimeClock update
INFO: Latency: 31,0000 s, Delta ratio: 0,5000, Drift: 2,000, Error reduction coefficient: 0,000, Error: 0,0000 s
abr 04, 2013 12:33:19 PM org.ros.time.RemoteUptimeClock update
INFO: Latency: 31,0000 s, Delta ratio: 0,5000, Drift: 2,000, Error reduction coefficient: 0,000, Error: 0,0000 s
abr 04, 2013 12:33:19 PM org.ros.time.RemoteUptimeClock update
INFO: Latency: 31,0000 s, Delta ratio: 0,5000, Drift: 2,000, Error reduction coefficient: 0,000, Error: 0,0000 s
abr 04, 2013 12:33:19 PM org.ros.time.RemoteUptimeClock update
INFO: Latency: 31,0000 s, Delta ratio: 0,5000, Drift: 2,000, Error reduction coefficient: 0,000, Error: 0,0000 s
abr 04, 2013 12:33:19 PM org.ros.time.RemoteUptimeClock update
INFO: Latency: 31,0000 s, Delta ratio: 0,5000, Drift: 2,000, Error reduction coefficient: 0,000, Error: 0,0000 s
abr 04, 2013 12:33:19 PM org.ros.time.RemoteUptimeClock update
INFO: Latency: 31,0000 s, Delta ratio: 0,5000, Drift: 2,000, Error reduction coefficient: 0,000, Error: 0,0000 s
abr 04, 2013 12:33:19 PM org.ros.time.RemoteUptimeClock update
INFO: Latency: 31,0000 s, Delta ratio: 0,5000, Drift: 2,000, Error reduction coefficient: 0,000, Error: 0,0000 s
abr 04, 2013 12:33:19 PM org.ros.time.RemoteUptimeClock update
INFO: Latency: 31,0000 s, Delta ratio: 0,5000, Drift: 2,000, Error reduction coefficient: 0,000, Error: 0,0000 s
abr 04, 2013 12:33:19 PM org.ros.time.RemoteUptimeClock update
INFO: Latency: 31,0000 s, Delta ratio: 0,5000, Drift: 2,000, Error reduction coefficient: 0,000, Error: 0,0000 s
abr 04, 2013 12:33:19 PM org.ros.time.RemoteUptimeClock update
INFO: Latency: 31,0000 s, Delta ratio: 0,5000, Drift: 2,000, Error reduction coefficient: 0,000, Error: 0,0000 s
abr 04, 2013 12:33:19 PM org.ros.time.RemoteUptimeClock update
INFO: Latency: 31,0000 s, Delta ratio: 0,5000, Drift: 2,000, Error reduction coefficient: 0,000, Error: 0,0000 s
abr 04, 2013 12:33:19 PM org.ros.time.RemoteUptimeClock update
INFO: Latency: 31,0000 s, Delta ratio: 0,5000, Drift: 2,000, Error reduction coefficient: 0,000, Error: 0,0000 s
abr 04, 2013 12:33:19 PM org.ros.time.RemoteUptimeClock update
INFO: Latency: 31,0000 s, Delta ratio: 0,5000, Drift: 2,000, Error reduction coefficient: 0,000, Error: 0,0000 s
abr 04, 2013 12:33:19 PM org.ros.time.RemoteUptimeClock update
INFO: Latency: 31,0000 s, Delta ratio: 0,5000, Drift: 2,000, Error reduction coefficient: 0,000, Error: 0,0000 s
abr 04, 2013 12:33:19 PM org.ros.time.RemoteUptimeClock update
INFO: Latency: 31,0000 s, Delta ratio: 0,5000, Drift: 2,000, Error reduction coefficient: 0,000, Error: 0,0000 s
abr 04, 2013 12:33:19 PM org.ros.time.RemoteUptimeClock update
INFO: Latency: 31,0000 s, Delta ratio: 0,5000, Drift: 2,000, Error reduction coefficient: 0,000, Error: 0,0000 s
abr 04, 2013 12:33:19 PM org.ros.time.RemoteUptimeClock update
INFO: Latency: 31,0000 s, Delta ratio: 0,5000, Drift: 2,000, Error reduction coefficient: 0,000, Error: 0,0000 s
abr 04, 2013 12:33:19 PM org.ros.time.RemoteUptimeClock update
INFO: Latency: 31,0000 s, Delta ratio: 0,5000, Drift: 2,000, Error reduction coefficient: 0,000, Error: 0,0000 s
abr 04, 2013 12:33:19 PM org.ros.time.RemoteUptimeClock update
INFO: Latency: 31,0000 s, Delta ratio: 0,5000, Drift: 2,000, Error reduction coefficient: 0,000, Error: 0,0000 s
abr 04, 2013 12:33:19 PM org.ros.time.RemoteUptimeClock update
INFO: Latency: 31,0000 s, Delta ratio: 0,5000, Drift: 2,000, Error reduction coefficient: 0,000, Error: 0,0000 s
abr 04, 2013 12:33:19 PM org.ros.time.RemoteUptimeClock update
INFO: Latency: 31,0000 s, Delta ratio: 0,5000, Drift: 2,000, Error reduction coefficient: 0,000, Error: 0,0000 s
abr 04, 2013 12:33:19 PM org.ros.time.RemoteUptimeClock update
INFO: Latency: 31,0000 s, Delta ratio: 0,5000, Drift: 2,000, Error reduction coefficient: 0,000, Error: 0,0000 s
abr 04, 2013 12:33:19 PM org.ros.time.RemoteUptimeClock update
INFO: Latency: 31,0000 s, Delta ratio: 0,5000, Drift: 2,000, Error reduction coefficient: 0,000, Error: 0,0000 s
abr 04, 2013 12:33:19 PM org.ros.time.RemoteUptimeClock update
INFO: Latency: 31,0000 s, Delta ratio: 0,5000, Drift: 2,000, Error reduction coefficient: 0,000, Error: 0,0000 s
abr 04, 2013 12:33:19 PM org.ros.time.RemoteUptimeClock update
INFO: Latency: 31,0000 s, Delta ratio: 0,5000, Drift: 2,000, Error reduction coefficient: 0,000, Error: 0,0000 s
abr 04, 2013 12:33:19 PM org.ros.time.RemoteUptimeClock update
INFO: Latency: 31,0000 s, Delta ratio: 0,5000, Drift: 2,000, Error reduction coefficient: 0,000, Error: 0,0000 s
abr 04, 2013 12:33:19 PM org.ros.time.RemoteUptimeClock update
INFO: Latency: 31,0000 s, Delta ratio: 0,5000, Drift: 2,000, Error reduction coefficient: 0,000, Error: 0,0000 s
abr 04, 2013 12:33:19 PM org.ros.time.RemoteUptimeClock update
INFO: Latency: 31,0000 s, Delta ratio: 0,5000, Drift: 2,000, Error reduction coefficient: 0,000, Error: 0,0000 s
abr 04, 2013 12:33:19 PM org.ros.time.RemoteUptimeClock update
INFO: Latency: 31,0000 s, Delta ratio: 0,5000, Drift: 2,000, Error reduction coefficient: 0,000, Error: 0,0000 s
abr 04, 2013 12:33:19 PM org.ros.time.RemoteUptimeClock update
INFO: Latency: 31,0000 s, Delta ratio: 0,5000, Drift: 2,000, Error reduction coefficient: 0,000, Error: 0,0000 s
abr 04, 2013 12:33:19 PM org.ros.time.RemoteUptimeClock update
INFO: Latency: 31,0000 s, Delta ratio: 0,5000, Drift: 2,000, Error reduction coefficient: 0,000, Error: 0,0000 s
abr 04, 2013 12:33:19 PM org.ros.time.RemoteUptimeClock update
INFO: Latency: 31,0000 s, Delta ratio: 0,5000, Drift: 2,000, Error reduction coefficient: 0,000, Error: 0,0000 s
abr 04, 2013 12:33:19 PM org.ros.time.RemoteUptimeClock update
INFO: Latency: 31,0000 s, Delta ratio: 0,5000, Drift: 2,000, Error reduction coefficient: 0,000, Error: 0,0000 s
abr 04, 2013 12:33:19 PM org.ros.time.RemoteUptimeClock update
INFO: Latency: 31,0000 s, Delta ratio: 0,5000, Drift: 2,000, Error reduction coefficient: 0,000, Error: 0,0000 s
abr 04, 2013 12:33:19 PM org.ros.time.RemoteUptimeClock update
INFO: Latency: 31,0000 s, Delta ratio: 0,5000, Drift: 2,000, Error reduction coefficient: 0,000, Error: 0,0000 s
abr 04, 2013 12:33:19 PM org.ros.time.RemoteUptimeClock update
INFO: Latency: 31,0000 s, Delta ratio: 0,5000, Drift: 2,000, Error reduction coefficient: 0,000, Error: 0,0000 s
abr 04, 2013 12:33:19 PM org.ros.time.RemoteUptimeClock update
INFO: Latency: 31,0000 s, Delta ratio: 0,5000, Drift: 2,000, Error reduction coefficient: 0,000, Error: 0,0000 s
abr 04, 2013 12:33:19 PM org.ros.time.RemoteUptimeClock update
INFO: Latency: 31,0000 s, Delta ratio: 0,5000, Drift: 2,000, Error reduction coefficient: 0,000, Error: 0,0000 s
abr 04, 2013 12:33:19 PM org.ros.time.RemoteUptimeClock update
INFO: Latency: 31,0000 s, Delta ratio: 0,5000, Drift: 2,000, Error reduction coefficient: 0,000, Error: 0,0000 s
abr 04, 2013 12:33:19 PM org.ros.time.RemoteUptimeClock update
INFO: Latency: 31,0000 s, Delta ratio: 0,5000, Drift: 2,000, Error reduction coefficient: 0,000, Error: 0,0000 s
abr 04, 2013 12:33:19 PM org.ros.time.RemoteUptimeClock update
INFO: Latency: 31,0000 s, Delta ratio: 0,5000, Drift: 2,000, Error reduction coefficient: 0,000, Error: 0,0000 s
abr 04, 2013 12:33:19 PM org.ros.time.RemoteUptimeClock update
INFO: Latency: 31,0000 s, Delta ratio: 0,5000, Drift: 2,000, Error reduction coefficient: 0,000, Error: 0,0000 s
abr 04, 2013 12:33:19 PM org.ros.time.RemoteUptimeClock update
INFO: Latency: 31,0000 s, Delta ratio: 0,5000, Drift: 2,000, Error reduction coefficient: 0,000, Error: 0,0000 s
abr 04, 2013 12:33:19 PM org.ros.time.RemoteUptimeClock update
INFO: Latency: 31,0000 s, Delta ratio: 0,5000, Drift: 2,000, Error reduction coefficient: 0,000, Error: 0,0000 s
abr 04, 2013 12:33:19 PM org.ros.time.RemoteUptimeClock update
INFO: Latency: 31,0000 s, Delta ratio: 0,5000, Drift: 2,000, Error reduction coefficient: 0,000, Error: 0,0000 s
abr 04, 2013 12:33:19 PM org.ros.time.RemoteUptimeClock update
INFO: Latency: 31,0000 s, Delta ratio: 0,5000, Drift: 2,000, Error reduction coefficient: 0,000, Error: 0,0000 s
abr 04, 2013 12:33:19 PM org.ros.time.RemoteUptimeClock update
INFO: Latency: 31,0000 s, Delta ratio: 0,5000, Drift: 2,000, Error reduction coefficient: 0,000, Error: 0,0000 s
abr 04, 2013 12:33:19 PM org.ros.time.RemoteUptimeClock update
INFO: Latency: 31,0000 s, Delta ratio: 0,5000, Drift: 2,000, Error reduction coefficient: 0,000, Error: 0,0000 s
abr 04, 2013 12:33:19 PM org.ros.time.RemoteUptimeClock update
INFO: Latency: 31,0000 s, Delta ratio: 0,5000, Drift: 2,000, Error reduction coefficient: 0,000, Error: 0,0000 s
abr 04, 2013 12:33:19 PM org.ros.time.RemoteUptimeClock update
INFO: Latency: 31,0000 s, Delta ratio: 0,5000, Drift: 2,000, Error reduction coefficient: 0,000, Error: 0,0000 s
abr 04, 2013 12:33:19 PM org.ros.time.RemoteUptimeClock update
INFO: Latency: 31,0000 s, Delta ratio: 0,5000, Drift: 2,000, Error reduction coefficient: 0,000, Error: 0,0000 s
abr 04, 2013 12:33:19 PM org.ros.time.RemoteUptimeClock update
INFO: Latency: 31,0000 s, Delta ratio: 0,5000, Drift: 2,000, Error reduction coefficient: 0,000, Error: 0,0000 s
abr 04, 2013 12:33:19 PM org.ros.time.RemoteUptimeClock update
INFO: Latency: 31,0000 s, Delta ratio: 0,5000, Drift: 2,000, Error reduction coefficient: 0,000, Error: 0,0000 s
abr 04, 2013 12:33:19 PM org.ros.time.RemoteUptimeClock update
INFO: Latency: 31,0000 s, Delta ratio: 0,5000, Drift: 2,000, Error reduction coefficient: 0,000, Error: 0,0000 s
abr 04, 2013 12:33:19 PM org.ros.time.RemoteUptimeClock update
INFO: Latency: 31,0000 s, Delta ratio: 0,5000, Drift: 2,000, Error reduction coefficient: 0,000, Error: 0,0000 s
abr 04, 2013 12:33:19 PM org.ros.time.RemoteUptimeClock update
INFO: Latency: 31,0000 s, Delta ratio: 0,5000, Drift: 2,000, Error reduction coefficient: 0,000, Error: 0,0000 s
abr 04, 2013 12:33:19 PM org.ros.time.RemoteUptimeClock update
INFO: Latency: 31,0000 s, Delta ratio: 0,5000, Drift: 2,000, Error reduction coefficient: 0,000, Error: 0,0000 s
abr 04, 2013 12:33:19 PM org.ros.time.RemoteUptimeClock update
INFO: Latency: 31,0000 s, Delta ratio: 0,5000, Drift: 2,000, Error reduction coefficient: 0,000, Error: 0,0000 s
abr 04, 2013 12:33:19 PM org.ros.time.RemoteUptimeClock update
INFO: Latency: 31,0000 s, Delta ratio: 0,5000, Drift: 2,000, Error reduction coefficient: 0,000, Error: 0,0000 s
abr 04, 2013 12:33:19 PM org.ros.time.RemoteUptimeClock update
INFO: Latency: 31,0000 s, Delta ratio: 0,5000, Drift: 2,000, Error reduction coefficient: 0,000, Error: 0,0000 s
abr 04, 2013 12:33:19 PM org.ros.time.RemoteUptimeClock update
INFO: Latency: 31,0000 s, Delta ratio: 0,5000, Drift: 2,000, Error reduction coefficient: 0,000, Error: 0,0000 s
abr 04, 2013 12:33:19 PM org.ros.time.RemoteUptimeClock update
INFO: Latency: 31,0000 s, Delta ratio: 0,5000, Drift: 2,000, Error reduction coefficient: 0,000, Error: 0,0000 s
abr 04, 2013 12:33:19 PM org.ros.time.RemoteUptimeClock update
INFO: Latency: 31,0000 s, Delta ratio: 0,5000, Drift: 2,000, Error reduction coefficient: 0,000, Error: 0,0000 s
abr 04, 2013 12:33:19 PM org.ros.time.RemoteUptimeClock update
INFO: Latency: 31,0000 s, Delta ratio: 0,5000, Drift: 2,000, Error reduction coefficient: 0,000, Error: 0,0000 s
abr 04, 2013 12:33:19 PM org.ros.time.RemoteUptimeClock update
INFO: Latency: 31,0000 s, Delta ratio: 0,5000, Drift: 2,000, Error reduction coefficient: 0,000, Error: 0,0000 s
abr 04, 2013 12:33:19 PM org.ros.time.RemoteUptimeClock update
INFO: Latency: 31,0000 s, Delta ratio: 0,5000, Drift: 2,000, Error reduction coefficient: 0,000, Error: 0,0000 s
abr 04, 2013 12:33:19 PM org.ros.time.RemoteUptimeClock update
INFO: Latency: 31,0000 s, Delta ratio: 0,5000, Drift: 2,000, Error reduction coefficient: 0,000, Error: 0,0000 s
abr 04, 2013 12:33:19 PM org.ros.time.RemoteUptimeClock update
INFO: Latency: 31,0000 s, Delta ratio: 0,5000, Drift: 2,000, Error reduction coefficient: 0,000, Error: 0,0000 s
abr 04, 2013 12:33:19 PM org.ros.time.RemoteUptimeClock update
INFO: Latency: 31,0000 s, Delta ratio: 0,5000, Drift: 2,000, Error reduction coefficient: 0,000, Error: 0,0000 s
abr 04, 2013 12:33:19 PM org.ros.time.RemoteUptimeClock update
INFO: Latency: 31,0000 s, Delta ratio: 0,5000, Drift: 2,000, Error reduction coefficient: 0,000, Error: 0,0000 s
abr 04, 2013 12:33:19 PM org.ros.time.RemoteUptimeClock update
INFO: Latency: 31,0000 s, Delta ratio: 0,5000, Drift: 2,000, Error reduction coefficient: 0,000, Error: 0,0000 s
abr 04, 2013 12:33:19 PM org.ros.time.RemoteUptimeClock update
INFO: Latency: 31,0000 s, Delta ratio: 0,5000, Drift: 2,000, Error reduction coefficient: 0,000, Error: 0,0000 s
abr 04, 2013 12:33:19 PM org.ros.time.RemoteUptimeClock update
INFO: Latency: 31,0000 s, Delta ratio: 0,5000, Drift: 2,000, Error reduction coefficient: 0,000, Error: 0,0000 s
abr 04, 2013 12:33:19 PM org.ros.time.RemoteUptimeClock update
INFO: Latency: 31,0000 s, Delta ratio: 0,5000, Drift: 2,000, Error reduction coefficient: 0,000, Error: 0,0000 s
abr 04, 2013 12:33:19 PM org.ros.time.RemoteUptimeClock update
INFO: Latency: 31,0000 s, Delta ratio: 0,5000, Drift: 2,000, Error reduction coefficient: 0,000, Error: 0,0000 s
abr 04, 2013 12:33:19 PM org.ros.time.RemoteUptimeClock update
INFO: Latency: 31,0000 s, Delta ratio: 0,5000, Drift: 2,000, Error reduction coefficient: 0,000, Error: 0,0000 s
abr 04, 2013 12:33:19 PM org.ros.time.RemoteUptimeClock update
INFO: Latency: 31,0000 s, Delta ratio: 0,5000, Drift: 2,000, Error reduction coefficient: 0,000, Error: 0,0000 s
abr 04, 2013 12:33:19 PM org.ros.time.RemoteUptimeClock update
INFO: Latency: 31,0000 s, Delta ratio: 0,5000, Drift: 2,000, Error reduction coefficient: 0,000, Error: 0,0000 s
abr 04, 2013 12:33:19 PM org.ros.time.RemoteUptimeClock update
INFO: Latency: 31,0000 s, Delta ratio: 0,5000, Drift: 2,000, Error reduction coefficient: 0,000, Error: 0,0000 s
abr 04, 2013 12:33:19 PM org.ros.time.RemoteUptimeClock update
INFO: Latency: 31,0000 s, Delta ratio: 0,5000, Drift: 2,000, Error reduction coefficient: 0,000, Error: 0,0000 s
abr 04, 2013 12:33:19 PM org.ros.time.RemoteUptimeClock update
INFO: Latency: 31,0000 s, Delta ratio: 0,5000, Drift: 2,000, Error reduction coefficient: 0,000, Error: 0,0000 s
abr 04, 2013 12:33:19 PM org.ros.time.RemoteUptimeClock update
INFO: Latency: 31,0000 s, Delta ratio: 0,5000, Drift: 2,000, Error reduction coefficient: 0,000, Error: 0,0000 s
abr 04, 2013 12:33:19 PM org.ros.time.RemoteUptimeClock update
INFO: Latency: 31,0000 s, Delta ratio: 0,5000, Drift: 2,000, Error reduction coefficient: 0,000, Error: 0,0000 s
abr 04, 2013 12:33:19 PM org.ros.time.RemoteUptimeClock update
INFO: Latency: 31,0000 s, Delta ratio: 0,5000, Drift: 2,000, Error reduction coefficient: 0,000, Error: 0,0000 s
abr 04, 2013 12:33:19 PM org.ros.time.RemoteUptimeClock update
INFO: Latency: 31,0000 s, Delta ratio: 0,5000, Drift: 2,000, Error reduction coefficient: 0,000, Error: 0,0000 s
abr 04, 2013 12:33:19 PM org.ros.time.RemoteUptimeClock update
INFO: Latency: 31,0000 s, Delta ratio: 0,5000, Drift: 2,000, Error reduction coefficient: 0,000, Error: 0,0000 s
abr 04, 2013 12:33:19 PM org.ros.time.RemoteUptimeClock update
INFO: Latency: 31,0000 s, Delta ratio: 0,5000, Drift: 2,000, Error reduction coefficient: 0,000, Error: 0,0000 s
abr 04, 2013 12:33:19 PM org.ros.time.RemoteUptimeClock update
INFO: Latency: 31,0000 s, Delta ratio: 0,5000, Drift: 2,000, Error reduction coefficient: 0,000, Error: 0,0000 s
abr 04, 2013 12:33:19 PM org.ros.time.RemoteUptimeClock update
INFO: Latency: 31,0000 s, Delta ratio: 0,5000, Drift: 2,000, Error reduction coefficient: 0,000, Error: 0,0000 s
abr 04, 2013 12:33:19 PM org.ros.time.RemoteUptimeClock update
INFO: Latency: 31,0000 s, Delta ratio: 0,5000, Drift: 2,000, Error reduction coefficient: 0,000, Error: 0,0000 s
abr 04, 2013 12:33:19 PM org.ros.time.RemoteUptimeClock update
INFO: Latency: 31,0000 s, Delta ratio: 0,5000, Drift: 2,000, Error reduction coefficient: 0,000, Error: 0,0000 s
abr 04, 2013 12:33:19 PM org.ros.time.RemoteUptimeClock update
INFO: Latency: 31,0000 s, Delta ratio: 0,5000, Drift: 2,000, Error reduction coefficient: 0,000, Error: 0,0000 s
abr 04, 2013 12:33:19 PM org.ros.time.RemoteUptimeClock update
INFO: Latency: 31,0000 s, Delta ratio: 0,5000, Drift: 2,000, Error reduction coefficient: 0,000, Error: 0,0000 s
abr 04, 2013 12:33:19 PM org.ros.time.RemoteUptimeClock update
INFO: Latency: 31,0000 s, Delta ratio: 0,5000, Drift: 2,000, Error reduction coefficient: 0,000, Error: 0,0000 s
abr 04, 2013 12:33:19 PM org.ros.time.RemoteUptimeClock update
INFO: Latency: 31,0000 s, Delta ratio: 0,5000, Drift: 2,000, Error reduction coefficient: 0,000, Error: 0,0000 s
abr 04, 2013 12:33:19 PM org.ros.time.RemoteUptimeClock update
INFO: Latency: 31,0000 s, Delta ratio: 0,5000, Drift: 2,000, Error reduction coefficient: 0,000, Error: 0,0000 s
abr 04, 2013 12:33:19 PM org.ros.time.RemoteUptimeClock update
INFO: Latency: 31,0000 s, Delta ratio: 0,5000, Drift: 2,000, Error reduction coefficient: 0,000, Error: 0,0000 s
abr 04, 2013 12:33:19 PM org.ros.time.RemoteUptimeClock update
INFO: Latency: 31,0000 s, Delta ratio: 0,5000, Drift: 2,000, Error reduction coefficient: 0,000, Error: 0,0000 s
abr 04, 2013 12:33:19 PM org.ros.time.RemoteUptimeClock update
INFO: Latency: 31,0000 s, Delta ratio: 0,5000, Drift: 2,000, Error reduction coefficient: 0,000, Error: 0,0000 s
abr 04, 2013 12:33:19 PM org.ros.time.RemoteUptimeClock update
INFO: Latency: 31,0000 s, Delta ratio: 0,5000, Drift: 2,000, Error reduction coefficient: 0,000, Error: 0,0000 s
abr 04, 2013 12:33:19 PM org.ros.time.RemoteUptimeClock update
INFO: Latency: 31,0000 s, Delta ratio: 0,5000, Drift: 2,000, Error reduction coefficient: 0,000, Error: 0,0000 s
abr 04, 2013 12:33:19 PM org.ros.time.RemoteUptimeClock update
INFO: Latency: 31,0000 s, Delta ratio: 0,5000, Drift: 2,000, Error reduction coefficient: 0,000, Error: 0,0000 s
abr 04, 2013 12:33:19 PM org.ros.time.RemoteUptimeClock update
INFO: Latency: 31,0000 s, Delta ratio: 0,5000, Drift: 2,000, Error reduction coefficient: 0,000, Error: 0,0000 s
abr 04, 2013 12:33:19 PM org.ros.time.RemoteUptimeClock update
INFO: Latency: 31,0000 s, Delta ratio: 0,5000, Drift: 2,000, Error reduction coefficient: 0,000, Error: 0,0000 s
abr 04, 2013 12:33:19 PM org.ros.time.RemoteUptimeClock update
INFO: Latency: 31,0000 s, Delta ratio: 0,5000, Drift: 2,000, Error reduction coefficient: 0,000, Error: 0,0000 s
abr 04, 2013 12:33:19 PM org.ros.time.RemoteUptimeClock update
INFO: Latency: 31,0000 s, Delta ratio: 0,5000, Drift: 2,000, Error reduction coefficient: 0,000, Error: 0,0000 s
abr 04, 2013 12:33:19 PM org.ros.time.RemoteUptimeClock update
INFO: Latency: 31,0000 s, Delta ratio: 0,5000, Drift: 2,000, Error reduction coefficient: 0,000, Error: 0,0000 s
abr 04, 2013 12:33:19 PM org.ros.time.RemoteUptimeClock update
INFO: Latency: 31,0000 s, Delta ratio: 0,5000, Drift: 2,000, Error reduction coefficient: 0,000, Error: 0,0000 s
abr 04, 2013 12:33:19 PM org.ros.time.RemoteUptimeClock update
INFO: Latency: 31,0000 s, Delta ratio: 0,5000, Drift: 2,000, Error reduction coefficient: 0,000, Error: 0,0000 s
abr 04, 2013 12:33:19 PM org.ros.time.RemoteUptimeClock update
INFO: Latency: 31,0000 s, Delta ratio: 0,5000, Drift: 2,000, Error reduction coefficient: 0,000, Error: 0,0000 s
abr 04, 2013 12:33:19 PM org.ros.time.RemoteUptimeClock update
INFO: Latency: 31,0000 s, Delta ratio: 0,5000, Drift: 2,000, Error reduction coefficient: 0,000, Error: 0,0000 s
abr 04, 2013 12:33:19 PM org.ros.time.RemoteUptimeClock update
INFO: Latency: 31,0000 s, Delta ratio: 0,5000, Drift: 2,000, Error reduction coefficient: 0,000, Error: 0,0000 s
abr 04, 2013 12:33:19 PM org.ros.time.RemoteUptimeClock update
INFO: Latency: 31,0000 s, Delta ratio: 0,5000, Drift: 2,000, Error reduction coefficient: 0,000, Error: 0,0000 s
abr 04, 2013 12:33:19 PM org.ros.time.RemoteUptimeClock update
INFO: Latency: 31,0000 s, Delta ratio: 0,5000, Drift: 2,000, Error reduction coefficient: 0,000, Error: 0,0000 s
abr 04, 2013 12:33:19 PM org.ros.time.RemoteUptimeClock update
INFO: Latency: 31,0000 s, Delta ratio: 0,5000, Drift: 2,000, Error reduction coefficient: 0,000, Error: 0,0000 s
abr 04, 2013 12:33:19 PM org.ros.time.RemoteUptimeClock update
INFO: Latency: 31,0000 s, Delta ratio: 0,5000, Drift: 2,000, Error reduction coefficient: 0,000, Error: 0,0000 s
abr 04, 2013 12:33:19 PM org.ros.time.RemoteUptimeClock update
INFO: Latency: 31,0000 s, Delta ratio: 0,5000, Drift: 2,000, Error reduction coefficient: 0,000, Error: 0,0000 s
abr 04, 2013 12:33:19 PM org.ros.time.RemoteUptimeClock update
INFO: Latency: 31,0000 s, Delta ratio: 0,5000, Drift: 2,000, Error reduction coefficient: 0,000, Error: 0,0000 s
abr 04, 2013 12:33:19 PM org.ros.time.RemoteUptimeClock update
INFO: Latency: 31,0000 s, Delta ratio: 0,5000, Drift: 2,000, Error reduction coefficient: 0,000, Error: 0,0000 s
abr 04, 2013 12:33:19 PM org.ros.time.RemoteUptimeClock update
INFO: Latency: 31,0000 s, Delta ratio: 0,5000, Drift: 2,000, Error reduction coefficient: 0,000, Error: 0,0000 s
abr 04, 2013 12:33:19 PM org.ros.time.RemoteUptimeClock update
INFO: Latency: 31,0000 s, Delta ratio: 0,5000, Drift: 2,000, Error reduction coefficient: 0,000, Error: 0,0000 s
abr 04, 2013 12:33:19 PM org.ros.time.RemoteUptimeClock update
INFO: Latency: 31,0000 s, Delta ratio: 0,5000, Drift: 2,000, Error reduction coefficient: 0,000, Error: 0,0000 s
abr 04, 2013 12:33:19 PM org.ros.time.RemoteUptimeClock update
INFO: Latency: 31,0000 s, Delta ratio: 0,5000, Drift: 2,000, Error reduction coefficient: 0,000, Error: 0,0000 s
abr 04, 2013 12:33:19 PM org.ros.time.RemoteUptimeClock update
INFO: Latency: 31,0000 s, Delta ratio: 0,5000, Drift: 2,000, Error reduction coefficient: 0,000, Error: 0,0000 s
abr 04, 2013 12:33:19 PM org.ros.time.RemoteUptimeClock update
INFO: Latency: 31,0000 s, Delta ratio: 0,5000, Drift: 2,000, Error reduction coefficient: 0,000, Error: 0,0000 s
abr 04, 2013 12:33:19 PM org.ros.time.RemoteUptimeClock update
INFO: Latency: 31,0000 s, Delta ratio: 0,5000, Drift: 2,000, Error reduction coefficient: 0,000, Error: 0,0000 s
abr 04, 2013 12:33:19 PM org.ros.time.RemoteUptimeClock update
INFO: Latency: 31,0000 s, Delta ratio: 0,5000, Drift: 2,000, Error reduction coefficient: 0,000, Error: 0,0000 s
abr 04, 2013 12:33:19 PM org.ros.time.RemoteUptimeClock update
INFO: Latency: 31,0000 s, Delta ratio: 0,5000, Drift: 2,000, Error reduction coefficient: 0,000, Error: 0,0000 s
abr 04, 2013 12:33:19 PM org.ros.time.RemoteUptimeClock update
INFO: Latency: 31,0000 s, Delta ratio: 0,5000, Drift: 2,000, Error reduction coefficient: 0,000, Error: 0,0000 s
abr 04, 2013 12:33:19 PM org.ros.time.RemoteUptimeClock update
INFO: Latency: 31,0000 s, Delta ratio: 0,5000, Drift: 2,000, Error reduction coefficient: 0,000, Error: 0,0000 s
abr 04, 2013 12:33:19 PM org.ros.time.RemoteUptimeClock update
INFO: Latency: 31,0000 s, Delta ratio: 0,5000, Drift: 2,000, Error reduction coefficient: 0,000, Error: 0,0000 s
abr 04, 2013 12:33:19 PM org.ros.time.RemoteUptimeClock update
INFO: Latency: 31,0000 s, Delta ratio: 0,5000, Drift: 2,000, Error reduction coefficient: 0,000, Error: 0,0000 s
abr 04, 2013 12:33:19 PM org.ros.time.RemoteUptimeClock update
INFO: Latency: 31,0000 s, Delta ratio: 0,5000, Drift: 2,000, Error reduction coefficient: 0,000, Error: 0,0000 s
abr 04, 2013 12:33:19 PM org.ros.time.RemoteUptimeClock update
INFO: Latency: 31,0000 s, Delta ratio: 0,5000, Drift: 2,000, Error reduction coefficient: 0,000, Error: 0,0000 s
abr 04, 2013 12:33:19 PM org.ros.time.RemoteUptimeClock update
INFO: Latency: 31,0000 s, Delta ratio: 0,5000, Drift: 2,000, Error reduction coefficient: 0,000, Error: 0,0000 s
abr 04, 2013 12:33:19 PM org.ros.time.RemoteUptimeClock update
INFO: Latency: 31,0000 s, Delta ratio: 0,5000, Drift: 2,000, Error reduction coefficient: 0,000, Error: 0,0000 s
abr 04, 2013 12:33:19 PM org.ros.time.RemoteUptimeClock update
INFO: Latency: 31,0000 s, Delta ratio: 0,5000, Drift: 2,000, Error reduction coefficient: 0,000, Error: 0,0000 s
abr 04, 2013 12:33:19 PM org.ros.time.RemoteUptimeClock update
INFO: Latency: 31,0000 s, Delta ratio: 0,5000, Drift: 2,000, Error reduction coefficient: 0,000, Error: 0,0000 s
abr 04, 2013 12:33:19 PM org.ros.time.RemoteUptimeClock update
INFO: Latency: 31,0000 s, Delta ratio: 0,5000, Drift: 2,000, Error reduction coefficient: 0,000, Error: 0,0000 s
abr 04, 2013 12:33:19 PM org.ros.time.RemoteUptimeClock update
INFO: Latency: 31,0000 s, Delta ratio: 0,5000, Drift: 2,000, Error reduction coefficient: 0,000, Error: 0,0000 s
abr 04, 2013 12:33:19 PM org.ros.time.RemoteUptimeClock update
INFO: Latency: 31,0000 s, Delta ratio: 0,5000, Drift: 2,000, Error reduction coefficient: 0,000, Error: 0,0000 s
abr 04, 2013 12:33:19 PM org.ros.time.RemoteUptimeClock update
INFO: Latency: 31,0000 s, Delta ratio: 0,5000, Drift: 2,000, Error reduction coefficient: 0,000, Error: 0,0000 s
abr 04, 2013 12:33:19 PM org.ros.time.RemoteUptimeClock update
INFO: Latency: 31,0000 s, Delta ratio: 0,5000, Drift: 2,000, Error reduction coefficient: 0,000, Error: 0,0000 s
abr 04, 2013 12:33:19 PM org.ros.time.RemoteUptimeClock update
INFO: Latency: 31,0000 s, Delta ratio: 0,5000, Drift: 2,000, Error reduction coefficient: 0,000, Error: 0,0000 s
abr 04, 2013 12:33:19 PM org.ros.time.RemoteUptimeClock update
INFO: Latency: 31,0000 s, Delta ratio: 0,5000, Drift: 2,000, Error reduction coefficient: 0,000, Error: 0,0000 s
abr 04, 2013 12:33:19 PM org.ros.time.RemoteUptimeClock update
INFO: Latency: 31,0000 s, Delta ratio: 0,5000, Drift: 2,000, Error reduction coefficient: 0,000, Error: 0,0000 s
abr 04, 2013 12:33:19 PM org.ros.time.RemoteUptimeClock update
INFO: Latency: 31,0000 s, Delta ratio: 0,5000, Drift: 2,000, Error reduction coefficient: 0,000, Error: 0,0000 s
abr 04, 2013 12:33:19 PM org.ros.time.RemoteUptimeClock update
INFO: Latency: 31,0000 s, Delta ratio: 0,5000, Drift: 2,000, Error reduction coefficient: 0,000, Error: 0,0000 s
abr 04, 2013 12:33:19 PM org.ros.time.RemoteUptimeClock update
INFO: Latency: 31,0000 s, Delta ratio: 0,5000, Drift: 2,000, Error reduction coefficient: 0,000, Error: 0,0000 s
abr 04, 2013 12:33:19 PM org.ros.time.RemoteUptimeClock update
INFO: Latency: 31,0000 s, Delta ratio: 0,5000, Drift: 2,000, Error reduction coefficient: 0,000, Error: 0,0000 s
abr 04, 2013 12:33:19 PM org.ros.time.RemoteUptimeClock update
INFO: Latency: 31,0000 s, Delta ratio: 0,5000, Drift: 2,000, Error reduction coefficient: 0,000, Error: 0,0000 s
abr 04, 2013 12:33:19 PM org.ros.time.RemoteUptimeClock update
INFO: Latency: 31,0000 s, Delta ratio: 0,5000, Drift: 2,000, Error reduction coefficient: 0,000, Error: 0,0000 s
abr 04, 2013 12:33:19 PM org.ros.time.RemoteUptimeClock update
INFO: Latency: 31,0000 s, Delta ratio: 0,5000, Drift: 2,000, Error reduction coefficient: 0,000, Error: 0,0000 s
abr 04, 2013 12:33:19 PM org.ros.time.RemoteUptimeClock update
INFO: Latency: 31,0000 s, Delta ratio: 0,5000, Drift: 2,000, Error reduction coefficient: 0,000, Error: 0,0000 s
abr 04, 2013 12:33:19 PM org.ros.time.RemoteUptimeClock update
INFO: Latency: 31,0000 s, Delta ratio: 0,5000, Drift: 2,000, Error reduction coefficient: 0,000, Error: 0,0000 s
abr 04, 2013 12:33:19 PM org.ros.time.RemoteUptimeClock update
INFO: Latency: 31,0000 s, Delta ratio: 0,5000, Drift: 2,000, Error reduction coefficient: 0,000, Error: 0,0000 s
abr 04, 2013 12:33:19 PM org.ros.time.RemoteUptimeClock update
INFO: Latency: 31,0000 s, Delta ratio: 0,5000, Drift: 2,000, Error reduction coefficient: 0,000, Error: 0,0000 s
abr 04, 2013 12:33:19 PM org.ros.time.RemoteUptimeClock update
INFO: Latency: 31,0000 s, Delta ratio: 0,5000, Drift: 2,000, Error reduction coefficient: 0,000, Error: 0,0000 s
abr 04, 2013 12:33:19 PM org.ros.time.RemoteUptimeClock update
INFO: Latency: 31,0000 s, Delta ratio: 0,5000, Drift: 2,000, Error reduction coefficient: 0,000, Error: 0,0000 s
abr 04, 2013 12:33:19 PM org.ros.time.RemoteUptimeClock update
INFO: Latency: 31,0000 s, Delta ratio: 0,5000, Drift: 2,000, Error reduction coefficient: 0,000, Error: 0,0000 s
abr 04, 2013 12:33:19 PM org.ros.time.RemoteUptimeClock update
INFO: Latency: 31,0000 s, Delta ratio: 0,5000, Drift: 2,000, Error reduction coefficient: 0,000, Error: 0,0000 s
abr 04, 2013 12:33:19 PM org.ros.time.RemoteUptimeClock update
INFO: Latency: 31,0000 s, Delta ratio: 0,5000, Drift: 2,000, Error reduction coefficient: 0,000, Error: 0,0000 s
abr 04, 2013 12:33:19 PM org.ros.time.RemoteUptimeClock update
INFO: Latency: 31,0000 s, Delta ratio: 0,5000, Drift: 2,000, Error reduction coefficient: 0,000, Error: 0,0000 s
abr 04, 2013 12:33:19 PM org.ros.time.RemoteUptimeClock update
INFO: Latency: 31,0000 s, Delta ratio: 0,5000, Drift: 2,000, Error reduction coefficient: 0,000, Error: 0,0000 s
abr 04, 2013 12:33:19 PM org.ros.time.RemoteUptimeClock update
INFO: Latency: 31,0000 s, Delta ratio: 0,5000, Drift: 2,000, Error reduction coefficient: 0,000, Error: 0,0000 s
abr 04, 2013 12:33:19 PM org.ros.time.RemoteUptimeClock update
INFO: Latency: 31,0000 s, Delta ratio: 0,5000, Drift: 2,000, Error reduction coefficient: 0,000, Error: 0,0000 s
abr 04, 2013 12:33:19 PM org.ros.time.RemoteUptimeClock update
INFO: Latency: 31,0000 s, Delta ratio: 0,5000, Drift: 2,000, Error reduction coefficient: 0,000, Error: 0,0000 s
abr 04, 2013 12:33:19 PM org.ros.time.RemoteUptimeClock update
INFO: Latency: 31,0000 s, Delta ratio: 0,5000, Drift: 2,000, Error reduction coefficient: 0,000, Error: 0,0000 s
abr 04, 2013 12:33:19 PM org.ros.time.RemoteUptimeClock update
INFO: Latency: 31,0000 s, Delta ratio: 0,5000, Drift: 2,000, Error reduction coefficient: 0,000, Error: 0,0000 s
abr 04, 2013 12:33:19 PM org.ros.time.RemoteUptimeClock update
INFO: Latency: 31,0000 s, Delta ratio: 0,5000, Drift: 2,000, Error reduction coefficient: 0,000, Error: 0,0000 s
abr 04, 2013 12:33:19 PM org.ros.time.RemoteUptimeClock update
INFO: Latency: 31,0000 s, Delta ratio: 0,5000, Drift: 2,000, Error reduction coefficient: 0,000, Error: 0,0000 s
abr 04, 2013 12:33:19 PM org.ros.time.RemoteUptimeClock update
INFO: Latency: 31,0000 s, Delta ratio: 0,5000, Drift: 2,000, Error reduction coefficient: 0,000, Error: 0,0000 s
abr 04, 2013 12:33:19 PM org.ros.time.RemoteUptimeClock update
INFO: Latency: 31,0000 s, Delta ratio: 0,5000, Drift: 2,000, Error reduction coefficient: 0,000, Error: 0,0000 s
abr 04, 2013 12:33:19 PM org.ros.time.RemoteUptimeClock update
INFO: Latency: 31,0000 s, Delta ratio: 0,5000, Drift: 2,000, Error reduction coefficient: 0,000, Error: 0,0000 s
abr 04, 2013 12:33:19 PM org.ros.time.RemoteUptimeClock update
INFO: Latency: 31,0000 s, Delta ratio: 0,5000, Drift: 2,000, Error reduction coefficient: 0,000, Error: 0,0000 s
abr 04, 2013 12:33:19 PM org.ros.time.RemoteUptimeClock update
INFO: Latency: 31,0000 s, Delta ratio: 0,5000, Drift: 2,000, Error reduction coefficient: 0,000, Error: 0,0000 s
abr 04, 2013 12:33:19 PM org.ros.time.RemoteUptimeClock update
INFO: Latency: 31,0000 s, Delta ratio: 0,5000, Drift: 2,000, Error reduction coefficient: 0,000, Error: 0,0000 s
abr 04, 2013 12:33:19 PM org.ros.time.RemoteUptimeClock update
INFO: Latency: 31,0000 s, Delta ratio: 0,5000, Drift: 2,000, Error reduction coefficient: 0,000, Error: 0,0000 s
abr 04, 2013 12:33:19 PM org.ros.time.RemoteUptimeClock update
INFO: Latency: 31,0000 s, Delta ratio: 0,5000, Drift: 2,000, Error reduction coefficient: 0,000, Error: 0,0000 s
abr 04, 2013 12:33:19 PM org.ros.time.RemoteUptimeClock update
INFO: Latency: 31,0000 s, Delta ratio: 0,5000, Drift: 2,000, Error reduction coefficient: 0,000, Error: 0,0000 s
abr 04, 2013 12:33:19 PM org.ros.time.RemoteUptimeClock update
INFO: Latency: 31,0000 s, Delta ratio: 0,5000, Drift: 2,000, Error reduction coefficient: 0,000, Error: 0,0000 s
abr 04, 2013 12:33:19 PM org.ros.time.RemoteUptimeClock update
INFO: Latency: 31,0000 s, Delta ratio: 0,5000, Drift: 2,000, Error reduction coefficient: 0,000, Error: 0,0000 s
abr 04, 2013 12:33:19 PM org.ros.time.RemoteUptimeClock update
INFO: Latency: 31,0000 s, Delta ratio: 0,5000, Drift: 2,000, Error reduction coefficient: 0,000, Error: 0,0000 s
abr 04, 2013 12:33:19 PM org.ros.time.RemoteUptimeClock update
INFO: Latency: 31,0000 s, Delta ratio: 0,5000, Drift: 2,000, Error reduction coefficient: 0,000, Error: 0,0000 s
abr 04, 2013 12:33:19 PM org.ros.time.RemoteUptimeClock update
INFO: Latency: 31,0000 s, Delta ratio: 0,5000, Drift: 2,000, Error reduction coefficient: 0,000, Error: 0,0000 s
abr 04, 2013 12:33:19 PM org.ros.time.RemoteUptimeClock update
INFO: Latency: 31,0000 s, Delta ratio: 0,5000, Drift: 2,000, Error reduction coefficient: 0,000, Error: 0,0000 s
abr 04, 2013 12:33:19 PM org.ros.time.RemoteUptimeClock update
INFO: Latency: 31,0000 s, Delta ratio: 0,5000, Drift: 2,000, Error reduction coefficient: 0,000, Error: 0,0000 s
abr 04, 2013 12:33:19 PM org.ros.time.RemoteUptimeClock update
INFO: Latency: 31,0000 s, Delta ratio: 0,5000, Drift: 2,000, Error reduction coefficient: 0,000, Error: 0,0000 s
abr 04, 2013 12:33:19 PM org.ros.time.RemoteUptimeClock update
INFO: Latency: 31,0000 s, Delta ratio: 0,5000, Drift: 2,000, Error reduction coefficient: 0,000, Error: 0,0000 s
abr 04, 2013 12:33:19 PM org.ros.time.RemoteUptimeClock update
INFO: Latency: 31,0000 s, Delta ratio: 0,5000, Drift: 2,000, Error reduction coefficient: 0,000, Error: 0,0000 s
abr 04, 2013 12:33:19 PM org.ros.time.RemoteUptimeClock update
INFO: Latency: 31,0000 s, Delta ratio: 0,5000, Drift: 2,000, Error reduction coefficient: 0,000, Error: 0,0000 s
abr 04, 2013 12:33:19 PM org.ros.time.RemoteUptimeClock update
INFO: Latency: 31,0000 s, Delta ratio: 0,5000, Drift: 2,000, Error reduction coefficient: 0,000, Error: 0,0000 s
abr 04, 2013 12:33:19 PM org.ros.time.RemoteUptimeClock update
INFO: Latency: 31,0000 s, Delta ratio: 0,5000, Drift: 2,000, Error reduction coefficient: 0,000, Error: 0,0000 s
abr 04, 2013 12:33:19 PM org.ros.time.RemoteUptimeClock update
INFO: Latency: 31,0000 s, Delta ratio: 0,5000, Drift: 2,000, Error reduction coefficient: 0,000, Error: 0,0000 s
abr 04, 2013 12:33:19 PM org.ros.time.RemoteUptimeClock update
INFO: Latency: 31,0000 s, Delta ratio: 0,5000, Drift: 2,000, Error reduction coefficient: 0,000, Error: 0,0000 s
abr 04, 2013 12:33:19 PM org.ros.time.RemoteUptimeClock update
INFO: Latency: 31,0000 s, Delta ratio: 0,5000, Drift: 2,000, Error reduction coefficient: 0,000, Error: 0,0000 s
abr 04, 2013 12:33:19 PM org.ros.time.RemoteUptimeClock update
INFO: Latency: 31,0000 s, Delta ratio: 0,5000, Drift: 2,000, Error reduction coefficient: 0,000, Error: 0,0000 s
abr 04, 2013 12:33:19 PM org.ros.time.RemoteUptimeClock update
INFO: Latency: 31,0000 s, Delta ratio: 0,5000, Drift: 2,000, Error reduction coefficient: 0,000, Error: 0,0000 s
abr 04, 2013 12:33:19 PM org.ros.time.RemoteUptimeClock update
INFO: Latency: 31,0000 s, Delta ratio: 0,5000, Drift: 2,000, Error reduction coefficient: 0,000, Error: 0,0000 s
abr 04, 2013 12:33:19 PM org.ros.time.RemoteUptimeClock update
INFO: Latency: 31,0000 s, Delta ratio: 0,5000, Drift: 2,000, Error reduction coefficient: 0,000, Error: 0,0000 s
abr 04, 2013 12:33:19 PM org.ros.time.RemoteUptimeClock update
INFO: Latency: 31,0000 s, Delta ratio: 0,5000, Drift: 2,000, Error reduction coefficient: 0,000, Error: 0,0000 s
abr 04, 2013 12:33:19 PM org.ros.time.RemoteUptimeClock update
INFO: Latency: 31,0000 s, Delta ratio: 0,5000, Drift: 2,000, Error reduction coefficient: 0,000, Error: 0,0000 s
abr 04, 2013 12:33:19 PM org.ros.time.RemoteUptimeClock update
INFO: Latency: 31,0000 s, Delta ratio: 0,5000, Drift: 2,000, Error reduction coefficient: 0,000, Error: 0,0000 s
abr 04, 2013 12:33:19 PM org.ros.time.RemoteUptimeClock update
INFO: Latency: 31,0000 s, Delta ratio: 0,5000, Drift: 2,000, Error reduction coefficient: 0,000, Error: 0,0000 s
abr 04, 2013 12:33:19 PM org.ros.time.RemoteUptimeClock update
INFO: Latency: 31,0000 s, Delta ratio: 0,5000, Drift: 2,000, Error reduction coefficient: 0,000, Error: 0,0000 s
abr 04, 2013 12:33:19 PM org.ros.time.RemoteUptimeClock update
INFO: Latency: 31,0000 s, Delta ratio: 0,5000, Drift: 2,000, Error reduction coefficient: 0,000, Error: 0,0000 s
abr 04, 2013 12:33:19 PM org.ros.time.RemoteUptimeClock update
INFO: Latency: 31,0000 s, Delta ratio: 0,5000, Drift: 2,000, Error reduction coefficient: 0,000, Error: 0,0000 s
abr 04, 2013 12:33:19 PM org.ros.time.RemoteUptimeClock update
INFO: Latency: 31,0000 s, Delta ratio: 0,5000, Drift: 2,000, Error reduction coefficient: 0,000, Error: 0,0000 s
abr 04, 2013 12:33:19 PM org.ros.time.RemoteUptimeClock update
INFO: Latency: 31,0000 s, Delta ratio: 0,5000, Drift: 2,000, Error reduction coefficient: 0,000, Error: 0,0000 s
abr 04, 2013 12:33:19 PM org.ros.time.RemoteUptimeClock update
INFO: Latency: 31,0000 s, Delta ratio: 0,5000, Drift: 2,000, Error reduction coefficient: 0,000, Error: 0,0000 s
abr 04, 2013 12:33:19 PM org.ros.time.RemoteUptimeClock update
INFO: Latency: 31,0000 s, Delta ratio: 0,5000, Drift: 2,000, Error reduction coefficient: 0,000, Error: 0,0000 s
abr 04, 2013 12:33:19 PM org.ros.time.RemoteUptimeClock update
INFO: Latency: 31,0000 s, Delta ratio: 0,5000, Drift: 2,000, Error reduction coefficient: 0,000, Error: 0,0000 s
abr 04, 2013 12:33:19 PM org.ros.time.RemoteUptimeClock update
INFO: Latency: 31,0000 s, Delta ratio: 0,5000, Drift: 2,000, Error reduction coefficient: 0,000, Error: 0,0000 s
abr 04, 2013 12:33:19 PM org.ros.time.RemoteUptimeClock update
INFO: Latency: 31,0000 s, Delta ratio: 0,5000, Drift: 2,000, Error reduction coefficient: 0,000, Error: 0,0000 s
abr 04, 2013 12:33:19 PM org.ros.time.RemoteUptimeClock update
INFO: Latency: 31,0000 s, Delta ratio: 0,5000, Drift: 2,000, Error reduction coefficient: 0,000, Error: 0,0000 s
abr 04, 2013 12:33:19 PM org.ros.time.RemoteUptimeClock update
INFO: Latency: 31,0000 s, Delta ratio: 0,5000, Drift: 2,000, Error reduction coefficient: 0,000, Error: 0,0000 s
abr 04, 2013 12:33:19 PM org.ros.time.RemoteUptimeClock update
INFO: Latency: 31,0000 s, Delta ratio: 0,5000, Drift: 2,000, Error reduction coefficient: 0,000, Error: 0,0000 s
abr 04, 2013 12:33:19 PM org.ros.time.RemoteUptimeClock update
INFO: Latency: 31,0000 s, Delta ratio: 0,5000, Drift: 2,000, Error reduction coefficient: 0,000, Error: 0,0000 s
abr 04, 2013 12:33:19 PM org.ros.time.RemoteUptimeClock update
INFO: Latency: 31,0000 s, Delta ratio: 0,5000, Drift: 2,000, Error reduction coefficient: 0,000, Error: 0,0000 s
abr 04, 2013 12:33:19 PM org.ros.time.RemoteUptimeClock update
INFO: Latency: 31,0000 s, Delta ratio: 0,5000, Drift: 2,000, Error reduction coefficient: 0,000, Error: 0,0000 s
abr 04, 2013 12:33:19 PM org.ros.time.RemoteUptimeClock update
INFO: Latency: 31,0000 s, Delta ratio: 0,5000, Drift: 2,000, Error reduction coefficient: 0,000, Error: 0,0000 s
abr 04, 2013 12:33:19 PM org.ros.time.RemoteUptimeClock update
INFO: Latency: 31,0000 s, Delta ratio: 0,5000, Drift: 2,000, Error reduction coefficient: 0,000, Error: 0,0000 s
abr 04, 2013 12:33:19 PM org.ros.time.RemoteUptimeClock update
INFO: Latency: 31,0000 s, Delta ratio: 0,5000, Drift: 2,000, Error reduction coefficient: 0,000, Error: 0,0000 s
abr 04, 2013 12:33:19 PM org.ros.time.RemoteUptimeClock update
INFO: Latency: 31,0000 s, Delta ratio: 0,5000, Drift: 2,000, Error reduction coefficient: 0,000, Error: 0,0000 s
abr 04, 2013 12:33:19 PM org.ros.time.RemoteUptimeClock update
INFO: Latency: 31,0000 s, Delta ratio: 0,5000, Drift: 2,000, Error reduction coefficient: 0,000, Error: 0,0000 s
abr 04, 2013 12:33:19 PM org.ros.time.RemoteUptimeClock update
INFO: Latency: 31,0000 s, Delta ratio: 0,5000, Drift: 2,000, Error reduction coefficient: 0,000, Error: 0,0000 s
abr 04, 2013 12:33:19 PM org.ros.time.RemoteUptimeClock update
INFO: Latency: 31,0000 s, Delta ratio: 0,5000, Drift: 2,000, Error reduction coefficient: 0,000, Error: 0,0000 s
abr 04, 2013 12:33:19 PM org.ros.time.RemoteUptimeClock update
INFO: Latency: 31,0000 s, Delta ratio: 0,5000, Drift: 2,000, Error reduction coefficient: 0,000, Error: 0,0000 s
abr 04, 2013 12:33:19 PM org.ros.time.RemoteUptimeClock update
INFO: Latency: 31,0000 s, Delta ratio: 0,5000, Drift: 2,000, Error reduction coefficient: 0,000, Error: 0,0000 s
abr 04, 2013 12:33:19 PM org.ros.time.RemoteUptimeClock update
INFO: Latency: 31,0000 s, Delta ratio: 0,5000, Drift: 2,000, Error reduction coefficient: 0,000, Error: 0,0000 s
abr 04, 2013 12:33:19 PM org.ros.time.RemoteUptimeClock update
INFO: Latency: 31,0000 s, Delta ratio: 0,5000, Drift: 2,000, Error reduction coefficient: 0,000, Error: 0,0000 s
abr 04, 2013 12:33:19 PM org.ros.time.RemoteUptimeClock update
INFO: Latency: 31,0000 s, Delta ratio: 0,5000, Drift: 2,000, Error reduction coefficient: 0,000, Error: 0,0000 s
abr 04, 2013 12:33:19 PM org.ros.time.RemoteUptimeClock update
INFO: Latency: 31,0000 s, Delta ratio: 0,5000, Drift: 2,000, Error reduction coefficient: 0,000, Error: 0,0000 s
abr 04, 2013 12:33:19 PM org.ros.time.RemoteUptimeClock update
INFO: Latency: 31,0000 s, Delta ratio: 0,5000, Drift: 2,000, Error reduction coefficient: 0,000, Error: 0,0000 s
abr 04, 2013 12:33:19 PM org.ros.time.RemoteUptimeClock update
INFO: Latency: 31,0000 s, Delta ratio: 0,5000, Drift: 2,000, Error reduction coefficient: 0,000, Error: 0,0000 s
abr 04, 2013 12:33:19 PM org.ros.time.RemoteUptimeClock update
INFO: Latency: 31,0000 s, Delta ratio: 0,5000, Drift: 2,000, Error reduction coefficient: 0,000, Error: 0,0000 s
abr 04, 2013 12:33:19 PM org.ros.time.RemoteUptimeClock update
INFO: Latency: 31,0000 s, Delta ratio: 0,5000, Drift: 2,000, Error reduction coefficient: 0,000, Error: 0,0000 s
abr 04, 2013 12:33:19 PM org.ros.time.RemoteUptimeClock update
INFO: Latency: 31,0000 s, Delta ratio: 0,5000, Drift: 2,000, Error reduction coefficient: 0,000, Error: 0,0000 s
abr 04, 2013 12:33:19 PM org.ros.time.RemoteUptimeClock update
INFO: Latency: 31,0000 s, Delta ratio: 0,5000, Drift: 2,000, Error reduction coefficient: 0,000, Error: 0,0000 s
abr 04, 2013 12:33:19 PM org.ros.time.RemoteUptimeClock update
INFO: Latency: 31,0000 s, Delta ratio: 0,5000, Drift: 2,000, Error reduction coefficient: 0,000, Error: 0,0000 s
abr 04, 2013 12:33:19 PM org.ros.time.RemoteUptimeClock update
INFO: Latency: 31,0000 s, Delta ratio: 0,5000, Drift: 2,000, Error reduction coefficient: 0,000, Error: 0,0000 s
abr 04, 2013 12:33:19 PM org.ros.time.RemoteUptimeClock update
INFO: Latency: 31,0000 s, Delta ratio: 0,5000, Drift: 2,000, Error reduction coefficient: 0,000, Error: 0,0000 s
abr 04, 2013 12:33:19 PM org.ros.time.RemoteUptimeClock update
INFO: Latency: 31,0000 s, Delta ratio: 0,5000, Drift: 2,000, Error reduction coefficient: 0,000, Error: 0,0000 s
abr 04, 2013 12:33:19 PM org.ros.time.RemoteUptimeClock update
INFO: Latency: 31,0000 s, Delta ratio: 0,5000, Drift: 2,000, Error reduction coefficient: 0,000, Error: 0,0000 s
abr 04, 2013 12:33:19 PM org.ros.time.RemoteUptimeClock update
INFO: Latency: 31,0000 s, Delta ratio: 0,5000, Drift: 2,000, Error reduction coefficient: 0,000, Error: 0,0000 s
abr 04, 2013 12:33:19 PM org.ros.time.RemoteUptimeClock update
INFO: Latency: 31,0000 s, Delta ratio: 0,5000, Drift: 2,000, Error reduction coefficient: 0,000, Error: 0,0000 s
abr 04, 2013 12:33:19 PM org.ros.time.RemoteUptimeClock update
INFO: Latency: 31,0000 s, Delta ratio: 0,5000, Drift: 2,000, Error reduction coefficient: 0,000, Error: 0,0000 s
abr 04, 2013 12:33:19 PM org.ros.time.RemoteUptimeClock update
INFO: Latency: 31,0000 s, Delta ratio: 0,5000, Drift: 2,000, Error reduction coefficient: 0,000, Error: 0,0000 s
abr 04, 2013 12:33:19 PM org.ros.time.RemoteUptimeClock update
INFO: Latency: 31,0000 s, Delta ratio: 0,5000, Drift: 2,000, Error reduction coefficient: 0,000, Error: 0,0000 s
abr 04, 2013 12:33:19 PM org.ros.time.RemoteUptimeClock update
INFO: Latency: 31,0000 s, Delta ratio: 0,5000, Drift: 2,000, Error reduction coefficient: 0,000, Error: 0,0000 s
abr 04, 2013 12:33:19 PM org.ros.time.RemoteUptimeClock update
INFO: Latency: 31,0000 s, Delta ratio: 0,5000, Drift: 2,000, Error reduction coefficient: 0,000, Error: 0,0000 s
abr 04, 2013 12:33:19 PM org.ros.time.RemoteUptimeClock update
INFO: Latency: 31,0000 s, Delta ratio: 0,5000, Drift: 2,000, Error reduction coefficient: 0,000, Error: 0,0000 s
abr 04, 2013 12:33:19 PM org.ros.time.RemoteUptimeClock update
INFO: Latency: 31,0000 s, Delta ratio: 0,5000, Drift: 2,000, Error reduction coefficient: 0,000, Error: 0,0000 s
abr 04, 2013 12:33:19 PM org.ros.time.RemoteUptimeClock update
INFO: Latency: 31,0000 s, Delta ratio: 0,5000, Drift: 2,000, Error reduction coefficient: 0,000, Error: 0,0000 s
abr 04, 2013 12:33:19 PM org.ros.time.RemoteUptimeClock update
INFO: Latency: 31,0000 s, Delta ratio: 0,5000, Drift: 2,000, Error reduction coefficient: 0,000, Error: 0,0000 s
abr 04, 2013 12:33:19 PM org.ros.time.RemoteUptimeClock update
INFO: Latency: 31,0000 s, Delta ratio: 0,5000, Drift: 2,000, Error reduction coefficient: 0,000, Error: 0,0000 s
abr 04, 2013 12:33:19 PM org.ros.time.RemoteUptimeClock update
INFO: Latency: 31,0000 s, Delta ratio: 0,5000, Drift: 2,000, Error reduction coefficient: 0,000, Error: 0,0000 s
abr 04, 2013 12:33:19 PM org.ros.time.RemoteUptimeClock update
INFO: Latency: 31,0000 s, Delta ratio: 0,5000, Drift: 2,000, Error reduction coefficient: 0,000, Error: 0,0000 s
abr 04, 2013 12:33:19 PM org.ros.time.RemoteUptimeClock update
INFO: Latency: 31,0000 s, Delta ratio: 0,5000, Drift: 2,000, Error reduction coefficient: 0,000, Error: 0,0000 s
abr 04, 2013 12:33:19 PM org.ros.time.RemoteUptimeClock update
INFO: Latency: 31,0000 s, Delta ratio: 0,5000, Drift: 2,000, Error reduction coefficient: 0,000, Error: 0,0000 s
abr 04, 2013 12:33:19 PM org.ros.time.RemoteUptimeClock update
INFO: Latency: 31,0000 s, Delta ratio: 0,5000, Drift: 2,000, Error reduction coefficient: 0,000, Error: 0,0000 s
abr 04, 2013 12:33:19 PM org.ros.time.RemoteUptimeClock update
INFO: Latency: 31,0000 s, Delta ratio: 0,5000, Drift: 2,000, Error reduction coefficient: 0,000, Error: 0,0000 s
abr 04, 2013 12:33:19 PM org.ros.time.RemoteUptimeClock update
INFO: Latency: 31,0000 s, Delta ratio: 0,5000, Drift: 2,000, Error reduction coefficient: 0,000, Error: 0,0000 s
abr 04, 2013 12:33:19 PM org.ros.time.RemoteUptimeClock update
INFO: Latency: 31,0000 s, Delta ratio: 0,5000, Drift: 2,000, Error reduction coefficient: 0,000, Error: 0,0000 s
abr 04, 2013 12:33:19 PM org.ros.time.RemoteUptimeClock update
INFO: Latency: 31,0000 s, Delta ratio: 0,5000, Drift: 2,000, Error reduction coefficient: 0,000, Error: 0,0000 s
abr 04, 2013 12:33:19 PM org.ros.time.RemoteUptimeClock update
INFO: Latency: 31,0000 s, Delta ratio: 0,5000, Drift: 2,000, Error reduction coefficient: 0,000, Error: 0,0000 s
abr 04, 2013 12:33:19 PM org.ros.time.RemoteUptimeClock update
INFO: Latency: 31,0000 s, Delta ratio: 0,5000, Drift: 2,000, Error reduction coefficient: 0,000, Error: 0,0000 s
abr 04, 2013 12:33:19 PM org.ros.time.RemoteUptimeClock update
INFO: Latency: 31,0000 s, Delta ratio: 0,5000, Drift: 2,000, Error reduction coefficient: 0,000, Error: 0,0000 s
abr 04, 2013 12:33:19 PM org.ros.time.RemoteUptimeClock update
INFO: Latency: 31,0000 s, Delta ratio: 0,5000, Drift: 2,000, Error reduction coefficient: 0,000, Error: 0,0000 s
abr 04, 2013 12:33:19 PM org.ros.time.RemoteUptimeClock update
INFO: Latency: 31,0000 s, Delta ratio: 0,5000, Drift: 2,000, Error reduction coefficient: 0,000, Error: 0,0000 s
abr 04, 2013 12:33:19 PM org.ros.time.RemoteUptimeClock update
INFO: Latency: 31,0000 s, Delta ratio: 0,5000, Drift: 2,000, Error reduction coefficient: 0,000, Error: 0,0000 s
abr 04, 2013 12:33:19 PM org.ros.time.RemoteUptimeClock update
INFO: Latency: 31,0000 s, Delta ratio: 0,5000, Drift: 2,000, Error reduction coefficient: 0,000, Error: 0,0000 s
abr 04, 2013 12:33:19 PM org.ros.time.RemoteUptimeClock update
INFO: Latency: 31,0000 s, Delta ratio: 0,5000, Drift: 2,000, Error reduction coefficient: 0,000, Error: 0,0000 s
abr 04, 2013 12:33:19 PM org.ros.time.RemoteUptimeClock update
INFO: Latency: 31,0000 s, Delta ratio: 0,5000, Drift: 2,000, Error reduction coefficient: 0,000, Error: 0,0000 s
abr 04, 2013 12:33:19 PM org.ros.time.RemoteUptimeClock update
INFO: Latency: 31,0000 s, Delta ratio: 0,5000, Drift: 2,000, Error reduction coefficient: 0,000, Error: 0,0000 s
abr 04, 2013 12:33:19 PM org.ros.time.RemoteUptimeClock update
INFO: Latency: 31,0000 s, Delta ratio: 0,5000, Drift: 2,000, Error reduction coefficient: 0,000, Error: 0,0000 s
abr 04, 2013 12:33:19 PM org.ros.time.RemoteUptimeClock update
INFO: Latency: 31,0000 s, Delta ratio: 0,5000, Drift: 2,000, Error reduction coefficient: 0,000, Error: 0,0000 s
abr 04, 2013 12:33:19 PM org.ros.time.RemoteUptimeClock update
INFO: Latency: 31,0000 s, Delta ratio: 0,5000, Drift: 2,000, Error reduction coefficient: 0,000, Error: 0,0000 s
abr 04, 2013 12:33:19 PM org.ros.time.RemoteUptimeClock update
INFO: Latency: 31,0000 s, Delta ratio: 0,5000, Drift: 2,000, Error reduction coefficient: 0,000, Error: 0,0000 s
abr 04, 2013 12:33:19 PM org.ros.time.RemoteUptimeClock update
INFO: Latency: 31,0000 s, Delta ratio: 0,5000, Drift: 2,000, Error reduction coefficient: 0,000, Error: 0,0000 s
abr 04, 2013 12:33:19 PM org.ros.time.RemoteUptimeClock update
INFO: Latency: 31,0000 s, Delta ratio: 0,5000, Drift: 2,000, Error reduction coefficient: 0,000, Error: 0,0000 s
abr 04, 2013 12:33:19 PM org.ros.time.RemoteUptimeClock update
INFO: Latency: 31,0000 s, Delta ratio: 0,5000, Drift: 2,000, Error reduction coefficient: 0,000, Error: 0,0000 s
abr 04, 2013 12:33:19 PM org.ros.time.RemoteUptimeClock update
INFO: Latency: 31,0000 s, Delta ratio: 0,5000, Drift: 2,000, Error reduction coefficient: 0,000, Error: 0,0000 s
abr 04, 2013 12:33:19 PM org.ros.time.RemoteUptimeClock update
INFO: Latency: 31,0000 s, Delta ratio: 0,5000, Drift: 2,000, Error reduction coefficient: 0,000, Error: 0,0000 s
abr 04, 2013 12:33:19 PM org.ros.time.RemoteUptimeClock update
INFO: Latency: 31,0000 s, Delta ratio: 0,5000, Drift: 2,000, Error reduction coefficient: 0,000, Error: 0,0000 s
abr 04, 2013 12:33:19 PM org.ros.time.RemoteUptimeClock update
INFO: Latency: 31,0000 s, Delta ratio: 0,5000, Drift: 2,000, Error reduction coefficient: 0,000, Error: 0,0000 s
abr 04, 2013 12:33:19 PM org.ros.time.RemoteUptimeClock update
INFO: Latency: 31,0000 s, Delta ratio: 0,5000, Drift: 2,000, Error reduction coefficient: 0,000, Error: 0,0000 s
abr 04, 2013 12:33:19 PM org.ros.time.RemoteUptimeClock update
INFO: Latency: 31,0000 s, Delta ratio: 0,5000, Drift: 2,000, Error reduction coefficient: 0,000, Error: 0,0000 s
abr 04, 2013 12:33:19 PM org.ros.time.RemoteUptimeClock update
INFO: Latency: 31,0000 s, Delta ratio: 0,5000, Drift: 2,000, Error reduction coefficient: 0,000, Error: 0,0000 s
abr 04, 2013 12:33:19 PM org.ros.time.RemoteUptimeClock update
INFO: Latency: 31,0000 s, Delta ratio: 0,5000, Drift: 2,000, Error reduction coefficient: 0,000, Error: 0,0000 s
abr 04, 2013 12:33:19 PM org.ros.time.RemoteUptimeClock update
INFO: Latency: 31,0000 s, Delta ratio: 0,5000, Drift: 2,000, Error reduction coefficient: 0,000, Error: 0,0000 s
abr 04, 2013 12:33:19 PM org.ros.time.RemoteUptimeClock update
INFO: Latency: 31,0000 s, Delta ratio: 0,5000, Drift: 2,000, Error reduction coefficient: 0,000, Error: 0,0000 s
abr 04, 2013 12:33:19 PM org.ros.time.RemoteUptimeClock update
INFO: Latency: 31,0000 s, Delta ratio: 0,5000, Drift: 2,000, Error reduction coefficient: 0,000, Error: 0,0000 s
abr 04, 2013 12:33:19 PM org.ros.time.RemoteUptimeClock update
INFO: Latency: 31,0000 s, Delta ratio: 0,5000, Drift: 2,000, Error reduction coefficient: 0,000, Error: 0,0000 s
abr 04, 2013 12:33:19 PM org.ros.time.RemoteUptimeClock update
INFO: Latency: 31,0000 s, Delta ratio: 0,5000, Drift: 2,000, Error reduction coefficient: 0,000, Error: 0,0000 s
abr 04, 2013 12:33:19 PM org.ros.time.RemoteUptimeClock update
INFO: Latency: 31,0000 s, Delta ratio: 0,5000, Drift: 2,000, Error reduction coefficient: 0,000, Error: 0,0000 s
abr 04, 2013 12:33:19 PM org.ros.time.RemoteUptimeClock update
INFO: Latency: 31,0000 s, Delta ratio: 0,5000, Drift: 2,000, Error reduction coefficient: 0,000, Error: 0,0000 s
abr 04, 2013 12:33:19 PM org.ros.time.RemoteUptimeClock update
INFO: Latency: 31,0000 s, Delta ratio: 0,5000, Drift: 2,000, Error reduction coefficient: 0,000, Error: 0,0000 s
abr 04, 2013 12:33:19 PM org.ros.time.RemoteUptimeClock update
INFO: Latency: 31,0000 s, Delta ratio: 0,5000, Drift: 2,000, Error reduction coefficient: 0,000, Error: 0,0000 s
abr 04, 2013 12:33:19 PM org.ros.time.RemoteUptimeClock update
INFO: Latency: 31,0000 s, Delta ratio: 0,5000, Drift: 2,000, Error reduction coefficient: 0,000, Error: 0,0000 s
abr 04, 2013 12:33:19 PM org.ros.time.RemoteUptimeClock update
INFO: Latency: 31,0000 s, Delta ratio: 0,5000, Drift: 2,000, Error reduction coefficient: 0,000, Error: 0,0000 s
abr 04, 2013 12:33:19 PM org.ros.time.RemoteUptimeClock update
INFO: Latency: 31,0000 s, Delta ratio: 0,5000, Drift: 2,000, Error reduction coefficient: 0,000, Error: 0,0000 s
abr 04, 2013 12:33:19 PM org.ros.time.RemoteUptimeClock update
INFO: Latency: 31,0000 s, Delta ratio: 0,5000, Drift: 2,000, Error reduction coefficient: 0,000, Error: 0,0000 s
abr 04, 2013 12:33:19 PM org.ros.time.RemoteUptimeClock update
INFO: Latency: 31,0000 s, Delta ratio: 0,5000, Drift: 2,000, Error reduction coefficient: 0,000, Error: 0,0000 s
abr 04, 2013 12:33:19 PM org.ros.time.RemoteUptimeClock update
INFO: Latency: 31,0000 s, Delta ratio: 0,5000, Drift: 2,000, Error reduction coefficient: 0,000, Error: 0,0000 s
abr 04, 2013 12:33:19 PM org.ros.time.RemoteUptimeClock update
INFO: Latency: 31,0000 s, Delta ratio: 0,5000, Drift: 2,000, Error reduction coefficient: 0,000, Error: 0,0000 s
abr 04, 2013 12:33:19 PM org.ros.time.RemoteUptimeClock update
INFO: Latency: 31,0000 s, Delta ratio: 0,5000, Drift: 2,000, Error reduction coefficient: 0,000, Error: 0,0000 s
abr 04, 2013 12:33:19 PM org.ros.time.RemoteUptimeClock update
INFO: Latency: 31,0000 s, Delta ratio: 0,5000, Drift: 2,000, Error reduction coefficient: 0,000, Error: 0,0000 s
abr 04, 2013 12:33:19 PM org.ros.time.RemoteUptimeClock update
INFO: Latency: 31,0000 s, Delta ratio: 0,5000, Drift: 2,000, Error reduction coefficient: 0,000, Error: 0,0000 s
abr 04, 2013 12:33:19 PM org.ros.time.RemoteUptimeClock update
INFO: Latency: 31,0000 s, Delta ratio: 0,5000, Drift: 2,000, Error reduction coefficient: 0,000, Error: 0,0000 s
abr 04, 2013 12:33:19 PM org.ros.time.RemoteUptimeClock update
INFO: Latency: 31,0000 s, Delta ratio: 0,5000, Drift: 2,000, Error reduction coefficient: 0,000, Error: 0,0000 s
abr 04, 2013 12:33:19 PM org.ros.time.RemoteUptimeClock update
INFO: Latency: 31,0000 s, Delta ratio: 0,5000, Drift: 2,000, Error reduction coefficient: 0,000, Error: 0,0000 s
abr 04, 2013 12:33:19 PM org.ros.time.RemoteUptimeClock update
INFO: Latency: 31,0000 s, Delta ratio: 0,5000, Drift: 2,000, Error reduction coefficient: 0,000, Error: 0,0000 s
abr 04, 2013 12:33:19 PM org.ros.time.RemoteUptimeClock update
INFO: Latency: 31,0000 s, Delta ratio: 0,5000, Drift: 2,000, Error reduction coefficient: 0,000, Error: 0,0000 s
abr 04, 2013 12:33:19 PM org.ros.time.RemoteUptimeClock update
INFO: Latency: 31,0000 s, Delta ratio: 0,5000, Drift: 2,000, Error reduction coefficient: 0,000, Error: 0,0000 s
abr 04, 2013 12:33:19 PM org.ros.time.RemoteUptimeClock update
INFO: Latency: 31,0000 s, Delta ratio: 0,5000, Drift: 2,000, Error reduction coefficient: 0,000, Error: 0,0000 s
abr 04, 2013 12:33:19 PM org.ros.time.RemoteUptimeClock update
INFO: Latency: 31,0000 s, Delta ratio: 0,5000, Drift: 2,000, Error reduction coefficient: 0,000, Error: 0,0000 s
abr 04, 2013 12:33:19 PM org.ros.time.RemoteUptimeClock update
INFO: Latency: 31,0000 s, Delta ratio: 0,5000, Drift: 2,000, Error reduction coefficient: 0,000, Error: 0,0000 s
abr 04, 2013 12:33:19 PM org.ros.time.RemoteUptimeClock update
INFO: Latency: 31,0000 s, Delta ratio: 0,5000, Drift: 2,000, Error reduction coefficient: 0,000, Error: 0,0000 s
abr 04, 2013 12:33:19 PM org.ros.time.RemoteUptimeClock update
INFO: Latency: 31,0000 s, Delta ratio: 0,5000, Drift: 2,000, Error reduction coefficient: 0,000, Error: 0,0000 s
abr 04, 2013 12:33:19 PM org.ros.time.RemoteUptimeClock update
INFO: Latency: 31,0000 s, Delta ratio: 0,5000, Drift: 2,000, Error reduction coefficient: 0,000, Error: 0,0000 s
abr 04, 2013 12:33:19 PM org.ros.time.RemoteUptimeClock update
INFO: Latency: 31,0000 s, Delta ratio: 0,5000, Drift: 2,000, Error reduction coefficient: 0,000, Error: 0,0000 s
abr 04, 2013 12:33:19 PM org.ros.time.RemoteUptimeClock update
INFO: Latency: 31,0000 s, Delta ratio: 0,5000, Drift: 2,000, Error reduction coefficient: 0,000, Error: 0,0000 s
abr 04, 2013 12:33:19 PM org.ros.time.RemoteUptimeClock update
INFO: Latency: 31,0000 s, Delta ratio: 0,5000, Drift: 2,000, Error reduction coefficient: 0,000, Error: 0,0000 s
abr 04, 2013 12:33:19 PM org.ros.time.RemoteUptimeClock update
INFO: Latency: 31,0000 s, Delta ratio: 0,5000, Drift: 2,000, Error reduction coefficient: 0,000, Error: 0,0000 s
abr 04, 2013 12:33:19 PM org.ros.time.RemoteUptimeClock update
INFO: Latency: 31,0000 s, Delta ratio: 0,5000, Drift: 2,000, Error reduction coefficient: 0,000, Error: 0,0000 s
abr 04, 2013 12:33:19 PM org.ros.time.RemoteUptimeClock update
INFO: Latency: 31,0000 s, Delta ratio: 0,5000, Drift: 2,000, Error reduction coefficient: 0,000, Error: 0,0000 s
abr 04, 2013 12:33:19 PM org.ros.time.RemoteUptimeClock update
INFO: Latency: 31,0000 s, Delta ratio: 0,5000, Drift: 2,000, Error reduction coefficient: 0,000, Error: 0,0000 s
abr 04, 2013 12:33:19 PM org.ros.time.RemoteUptimeClock update
INFO: Latency: 31,0000 s, Delta ratio: 0,5000, Drift: 2,000, Error reduction coefficient: 0,000, Error: 0,0000 s
abr 04, 2013 12:33:19 PM org.ros.time.RemoteUptimeClock update
INFO: Latency: 31,0000 s, Delta ratio: 0,5000, Drift: 2,000, Error reduction coefficient: 0,000, Error: 0,0000 s
abr 04, 2013 12:33:19 PM org.ros.time.RemoteUptimeClock update
INFO: Latency: 31,0000 s, Delta ratio: 0,5000, Drift: 2,000, Error reduction coefficient: 0,000, Error: 0,0000 s
abr 04, 2013 12:33:19 PM org.ros.time.RemoteUptimeClock update
INFO: Latency: 31,0000 s, Delta ratio: 0,5000, Drift: 2,000, Error reduction coefficient: 0,000, Error: 0,0000 s
abr 04, 2013 12:33:19 PM org.ros.time.RemoteUptimeClock update
INFO: Latency: 31,0000 s, Delta ratio: 0,5000, Drift: 2,000, Error reduction coefficient: 0,000, Error: 0,0000 s
abr 04, 2013 12:33:19 PM org.ros.time.RemoteUptimeClock update
INFO: Latency: 31,0000 s, Delta ratio: 0,5000, Drift: 2,000, Error reduction coefficient: 0,000, Error: 0,0000 s
abr 04, 2013 12:33:19 PM org.ros.time.RemoteUptimeClock update
INFO: Latency: 31,0000 s, Delta ratio: 0,5000, Drift: 2,000, Error reduction coefficient: 0,000, Error: 0,0000 s
abr 04, 2013 12:33:19 PM org.ros.time.RemoteUptimeClock update
INFO: Latency: 31,0000 s, Delta ratio: 0,5000, Drift: 2,000, Error reduction coefficient: 0,000, Error: 0,0000 s
abr 04, 2013 12:33:19 PM org.ros.time.RemoteUptimeClock update
INFO: Latency: 31,0000 s, Delta ratio: 0,5000, Drift: 2,000, Error reduction coefficient: 0,000, Error: 0,0000 s
abr 04, 2013 12:33:19 PM org.ros.time.RemoteUptimeClock update
INFO: Latency: 31,0000 s, Delta ratio: 0,5000, Drift: 2,000, Error reduction coefficient: 0,000, Error: 0,0000 s
abr 04, 2013 12:33:19 PM org.ros.time.RemoteUptimeClock update
INFO: Latency: 31,0000 s, Delta ratio: 0,5000, Drift: 2,000, Error reduction coefficient: 0,000, Error: 0,0000 s
abr 04, 2013 12:33:19 PM org.ros.time.RemoteUptimeClock update
INFO: Latency: 31,0000 s, Delta ratio: 0,5000, Drift: 2,000, Error reduction coefficient: 0,000, Error: 0,0000 s
abr 04, 2013 12:33:19 PM org.ros.time.RemoteUptimeClock update
INFO: Latency: 31,0000 s, Delta ratio: 0,5000, Drift: 2,000, Error reduction coefficient: 0,000, Error: 0,0000 s
abr 04, 2013 12:33:19 PM org.ros.time.RemoteUptimeClock update
INFO: Latency: 31,0000 s, Delta ratio: 0,5000, Drift: 2,000, Error reduction coefficient: 0,000, Error: 0,0000 s
abr 04, 2013 12:33:19 PM org.ros.time.RemoteUptimeClock update
INFO: Latency: 31,0000 s, Delta ratio: 0,5000, Drift: 2,000, Error reduction coefficient: 0,000, Error: 0,0000 s
abr 04, 2013 12:33:19 PM org.ros.time.RemoteUptimeClock update
INFO: Latency: 31,0000 s, Delta ratio: 0,5000, Drift: 2,000, Error reduction coefficient: 0,000, Error: 0,0000 s
abr 04, 2013 12:33:19 PM org.ros.time.RemoteUptimeClock update
INFO: Latency: 31,0000 s, Delta ratio: 0,5000, Drift: 2,000, Error reduction coefficient: 0,000, Error: 0,0000 s
abr 04, 2013 12:33:19 PM org.ros.time.RemoteUptimeClock update
INFO: Latency: 31,0000 s, Delta ratio: 0,5000, Drift: 2,000, Error reduction coefficient: 0,000, Error: 0,0000 s
abr 04, 2013 12:33:19 PM org.ros.time.RemoteUptimeClock update
INFO: Latency: 31,0000 s, Delta ratio: 0,5000, Drift: 2,000, Error reduction coefficient: 0,000, Error: 0,0000 s
abr 04, 2013 12:33:19 PM org.ros.time.RemoteUptimeClock update
INFO: Latency: 31,0000 s, Delta ratio: 0,5000, Drift: 2,000, Error reduction coefficient: 0,000, Error: 0,0000 s
abr 04, 2013 12:33:19 PM org.ros.time.RemoteUptimeClock update
INFO: Latency: 31,0000 s, Delta ratio: 0,5000, Drift: 2,000, Error reduction coefficient: 0,000, Error: 0,0000 s
abr 04, 2013 12:33:19 PM org.ros.time.RemoteUptimeClock update
INFO: Latency: 31,0000 s, Delta ratio: 0,5000, Drift: 2,000, Error reduction coefficient: 0,000, Error: 0,0000 s
abr 04, 2013 12:33:19 PM org.ros.time.RemoteUptimeClock update
INFO: Latency: 31,0000 s, Delta ratio: 0,5000, Drift: 2,000, Error reduction coefficient: 0,000, Error: 0,0000 s
abr 04, 2013 12:33:19 PM org.ros.time.RemoteUptimeClock update
INFO: Latency: 31,0000 s, Delta ratio: 0,5000, Drift: 2,000, Error reduction coefficient: 0,000, Error: 0,0000 s
abr 04, 2013 12:33:19 PM org.ros.time.RemoteUptimeClock update
INFO: Latency: 31,0000 s, Delta ratio: 0,5000, Drift: 2,000, Error reduction coefficient: 0,000, Error: 0,0000 s
abr 04, 2013 12:33:19 PM org.ros.time.RemoteUptimeClock update
INFO: Latency: 31,0000 s, Delta ratio: 0,5000, Drift: 2,000, Error reduction coefficient: 0,000, Error: 0,0000 s
abr 04, 2013 12:33:19 PM org.ros.time.RemoteUptimeClock update
INFO: Latency: 31,0000 s, Delta ratio: 0,5000, Drift: 2,000, Error reduction coefficient: 0,000, Error: 0,0000 s
abr 04, 2013 12:33:19 PM org.ros.time.RemoteUptimeClock update
INFO: Latency: 31,0000 s, Delta ratio: 0,5000, Drift: 2,000, Error reduction coefficient: 0,000, Error: 0,0000 s
abr 04, 2013 12:33:19 PM org.ros.time.RemoteUptimeClock update
INFO: Latency: 31,0000 s, Delta ratio: 0,5000, Drift: 2,000, Error reduction coefficient: 0,000, Error: 0,0000 s
abr 04, 2013 12:33:19 PM org.ros.time.RemoteUptimeClock update
INFO: Latency: 31,0000 s, Delta ratio: 0,5000, Drift: 2,000, Error reduction coefficient: 0,000, Error: 0,0000 s
abr 04, 2013 12:33:19 PM org.ros.time.RemoteUptimeClock update
INFO: Latency: 31,0000 s, Delta ratio: 0,5000, Drift: 2,000, Error reduction coefficient: 0,000, Error: 0,0000 s
abr 04, 2013 12:33:19 PM org.ros.time.RemoteUptimeClock update
INFO: Latency: 31,0000 s, Delta ratio: 0,5000, Drift: 2,000, Error reduction coefficient: 0,000, Error: 0,0000 s
abr 04, 2013 12:33:19 PM org.ros.time.RemoteUptimeClock update
INFO: Latency: 31,0000 s, Delta ratio: 0,5000, Drift: 2,000, Error reduction coefficient: 0,000, Error: 0,0000 s
abr 04, 2013 12:33:19 PM org.ros.time.RemoteUptimeClock update
INFO: Latency: 31,0000 s, Delta ratio: 0,5000, Drift: 2,000, Error reduction coefficient: 0,000, Error: 0,0000 s
abr 04, 2013 12:33:19 PM org.ros.time.RemoteUptimeClock update
INFO: Latency: 31,0000 s, Delta ratio: 0,5000, Drift: 2,000, Error reduction coefficient: 0,000, Error: 0,0000 s
abr 04, 2013 12:33:19 PM org.ros.time.RemoteUptimeClock update
INFO: Latency: 31,0000 s, Delta ratio: 0,5000, Drift: 2,000, Error reduction coefficient: 0,000, Error: 0,0000 s
abr 04, 2013 12:33:19 PM org.ros.time.RemoteUptimeClock update
INFO: Latency: 31,0000 s, Delta ratio: 0,5000, Drift: 2,000, Error reduction coefficient: 0,000, Error: 0,0000 s
abr 04, 2013 12:33:19 PM org.ros.time.RemoteUptimeClock update
INFO: Latency: 31,0000 s, Delta ratio: 0,5000, Drift: 2,000, Error reduction coefficient: 0,000, Error: 0,0000 s
abr 04, 2013 12:33:19 PM org.ros.time.RemoteUptimeClock update
INFO: Latency: 31,0000 s, Delta ratio: 0,5000, Drift: 2,000, Error reduction coefficient: 0,000, Error: 0,0000 s
abr 04, 2013 12:33:19 PM org.ros.time.RemoteUptimeClock update
INFO: Latency: 31,0000 s, Delta ratio: 0,5000, Drift: 2,000, Error reduction coefficient: 0,000, Error: 0,0000 s
abr 04, 2013 12:33:19 PM org.ros.time.RemoteUptimeClock update
INFO: Latency: 31,0000 s, Delta ratio: 0,5000, Drift: 2,000, Error reduction coefficient: 0,000, Error: 0,0000 s
abr 04, 2013 12:33:19 PM org.ros.time.RemoteUptimeClock update
INFO: Latency: 31,0000 s, Delta ratio: 0,5000, Drift: 2,000, Error reduction coefficient: 0,000, Error: 0,0000 s
abr 04, 2013 12:33:19 PM org.ros.time.RemoteUptimeClock update
INFO: Latency: 31,0000 s, Delta ratio: 0,5000, Drift: 2,000, Error reduction coefficient: 0,000, Error: 0,0000 s
abr 04, 2013 12:33:19 PM org.ros.time.RemoteUptimeClock update
INFO: Latency: 31,0000 s, Delta ratio: 0,5000, Drift: 2,000, Error reduction coefficient: 0,000, Error: 0,0000 s
abr 04, 2013 12:33:19 PM org.ros.time.RemoteUptimeClock update
INFO: Latency: 31,0000 s, Delta ratio: 0,5000, Drift: 2,000, Error reduction coefficient: 0,000, Error: 0,0000 s
abr 04, 2013 12:33:19 PM org.ros.time.RemoteUptimeClock update
INFO: Latency: 31,0000 s, Delta ratio: 0,5000, Drift: 2,000, Error reduction coefficient: 0,000, Error: 0,0000 s
abr 04, 2013 12:33:19 PM org.ros.time.RemoteUptimeClock update
INFO: Latency: 31,0000 s, Delta ratio: 0,5000, Drift: 2,000, Error reduction coefficient: 0,000, Error: 0,0000 s
abr 04, 2013 12:33:19 PM org.ros.time.RemoteUptimeClock update
INFO: Latency: 31,0000 s, Delta ratio: 0,5000, Drift: 2,000, Error reduction coefficient: 0,000, Error: 0,0000 s
abr 04, 2013 12:33:19 PM org.ros.time.RemoteUptimeClock update
INFO: Latency: 31,0000 s, Delta ratio: 0,5000, Drift: 2,000, Error reduction coefficient: 0,000, Error: 0,0000 s
abr 04, 2013 12:33:19 PM org.ros.time.RemoteUptimeClock update
INFO: Latency: 31,0000 s, Delta ratio: 0,5000, Drift: 2,000, Error reduction coefficient: 0,000, Error: 0,0000 s
abr 04, 2013 12:33:19 PM org.ros.time.RemoteUptimeClock update
INFO: Latency: 31,0000 s, Delta ratio: 0,5000, Drift: 2,000, Error reduction coefficient: 0,000, Error: 0,0000 s
abr 04, 2013 12:33:19 PM org.ros.time.RemoteUptimeClock update
INFO: Latency: 31,0000 s, Delta ratio: 0,5000, Drift: 2,000, Error reduction coefficient: 0,000, Error: 0,0000 s
abr 04, 2013 12:33:19 PM org.ros.time.RemoteUptimeClock update
INFO: Latency: 31,0000 s, Delta ratio: 0,5000, Drift: 2,000, Error reduction coefficient: 0,000, Error: 0,0000 s
abr 04, 2013 12:33:19 PM org.ros.time.RemoteUptimeClock update
INFO: Latency: 31,0000 s, Delta ratio: 0,5000, Drift: 2,000, Error reduction coefficient: 0,000, Error: 0,0000 s
abr 04, 2013 12:33:19 PM org.ros.time.RemoteUptimeClock update
INFO: Latency: 31,0000 s, Delta ratio: 0,5000, Drift: 2,000, Error reduction coefficient: 0,000, Error: 0,0000 s
abr 04, 2013 12:33:19 PM org.ros.time.RemoteUptimeClock update
INFO: Latency: 31,0000 s, Delta ratio: 0,5000, Drift: 2,000, Error reduction coefficient: 0,000, Error: 0,0000 s
abr 04, 2013 12:33:19 PM org.ros.time.RemoteUptimeClock update
INFO: Latency: 31,0000 s, Delta ratio: 0,5000, Drift: 2,000, Error reduction coefficient: 0,000, Error: 0,0000 s
abr 04, 2013 12:33:19 PM org.ros.time.RemoteUptimeClock update
INFO: Latency: 31,0000 s, Delta ratio: 0,5000, Drift: 2,000, Error reduction coefficient: 0,000, Error: 0,0000 s
abr 04, 2013 12:33:19 PM org.ros.time.RemoteUptimeClock update
INFO: Latency: 31,0000 s, Delta ratio: 0,5000, Drift: 2,000, Error reduction coefficient: 0,000, Error: 0,0000 s
abr 04, 2013 12:33:19 PM org.ros.time.RemoteUptimeClock update
INFO: Latency: 31,0000 s, Delta ratio: 0,5000, Drift: 2,000, Error reduction coefficient: 0,000, Error: 0,0000 s
abr 04, 2013 12:33:19 PM org.ros.time.RemoteUptimeClock update
INFO: Latency: 31,0000 s, Delta ratio: 0,5000, Drift: 2,000, Error reduction coefficient: 0,000, Error: 0,0000 s
abr 04, 2013 12:33:19 PM org.ros.time.RemoteUptimeClock update
INFO: Latency: 31,0000 s, Delta ratio: 0,5000, Drift: 2,000, Error reduction coefficient: 0,000, Error: 0,0000 s
abr 04, 2013 12:33:19 PM org.ros.time.RemoteUptimeClock update
INFO: Latency: 31,0000 s, Delta ratio: 0,5000, Drift: 2,000, Error reduction coefficient: 0,000, Error: 0,0000 s
abr 04, 2013 12:33:19 PM org.ros.time.RemoteUptimeClock update
INFO: Latency: 31,0000 s, Delta ratio: 0,5000, Drift: 2,000, Error reduction coefficient: 0,000, Error: 0,0000 s
abr 04, 2013 12:33:19 PM org.ros.time.RemoteUptimeClock update
INFO: Latency: 31,0000 s, Delta ratio: 0,5000, Drift: 2,000, Error reduction coefficient: 0,000, Error: 0,0000 s
abr 04, 2013 12:33:19 PM org.ros.time.RemoteUptimeClock update
INFO: Latency: 31,0000 s, Delta ratio: 0,5000, Drift: 2,000, Error reduction coefficient: 0,000, Error: 0,0000 s
abr 04, 2013 12:33:19 PM org.ros.time.RemoteUptimeClock update
INFO: Latency: 31,0000 s, Delta ratio: 0,5000, Drift: 2,000, Error reduction coefficient: 0,000, Error: 0,0000 s
abr 04, 2013 12:33:19 PM org.ros.time.RemoteUptimeClock update
INFO: Latency: 31,0000 s, Delta ratio: 0,5000, Drift: 2,000, Error reduction coefficient: 0,000, Error: 0,0000 s
abr 04, 2013 12:33:19 PM org.ros.time.RemoteUptimeClock update
INFO: Latency: 31,0000 s, Delta ratio: 0,5000, Drift: 2,000, Error reduction coefficient: 0,000, Error: 0,0000 s
abr 04, 2013 12:33:19 PM org.ros.time.RemoteUptimeClock update
INFO: Latency: 31,0000 s, Delta ratio: 0,5000, Drift: 2,000, Error reduction coefficient: 0,000, Error: 0,0000 s
abr 04, 2013 12:33:19 PM org.ros.time.RemoteUptimeClock update
INFO: Latency: 31,0000 s, Delta ratio: 0,5000, Drift: 2,000, Error reduction coefficient: 0,000, Error: 0,0000 s
abr 04, 2013 12:33:19 PM org.ros.time.RemoteUptimeClock update
INFO: Latency: 31,0000 s, Delta ratio: 0,5000, Drift: 2,000, Error reduction coefficient: 0,000, Error: 0,0000 s
abr 04, 2013 12:33:19 PM org.ros.time.RemoteUptimeClock update
INFO: Latency: 31,0000 s, Delta ratio: 0,5000, Drift: 2,000, Error reduction coefficient: 0,000, Error: 0,0000 s
abr 04, 2013 12:33:19 PM org.ros.time.RemoteUptimeClock update
INFO: Latency: 31,0000 s, Delta ratio: 0,5000, Drift: 2,000, Error reduction coefficient: 0,000, Error: 0,0000 s
abr 04, 2013 12:33:19 PM org.ros.time.RemoteUptimeClock update
INFO: Latency: 31,0000 s, Delta ratio: 0,5000, Drift: 2,000, Error reduction coefficient: 0,000, Error: 0,0000 s
abr 04, 2013 12:33:19 PM org.ros.time.RemoteUptimeClock update
INFO: Latency: 31,0000 s, Delta ratio: 0,5000, Drift: 2,000, Error reduction coefficient: 0,000, Error: 0,0000 s
abr 04, 2013 12:33:19 PM org.ros.time.RemoteUptimeClock update
INFO: Latency: 31,0000 s, Delta ratio: 0,5000, Drift: 2,000, Error reduction coefficient: 0,000, Error: 0,0000 s
abr 04, 2013 12:33:19 PM org.ros.time.RemoteUptimeClock update
INFO: Latency: 31,0000 s, Delta ratio: 0,5000, Drift: 2,000, Error reduction coefficient: 0,000, Error: 0,0000 s
abr 04, 2013 12:33:19 PM org.ros.time.RemoteUptimeClock update
INFO: Latency: 31,0000 s, Delta ratio: 0,5000, Drift: 2,000, Error reduction coefficient: 0,000, Error: 0,0000 s
abr 04, 2013 12:33:19 PM org.ros.time.RemoteUptimeClock update
INFO: Latency: 31,0000 s, Delta ratio: 0,5000, Drift: 2,000, Error reduction coefficient: 0,000, Error: 0,0000 s
abr 04, 2013 12:33:19 PM org.ros.time.RemoteUptimeClock update
INFO: Latency: 31,0000 s, Delta ratio: 0,5000, Drift: 2,000, Error reduction coefficient: 0,000, Error: 0,0000 s
abr 04, 2013 12:33:19 PM org.ros.time.RemoteUptimeClock update
INFO: Latency: 31,0000 s, Delta ratio: 0,5000, Drift: 2,000, Error reduction coefficient: 0,000, Error: 0,0000 s
abr 04, 2013 12:33:19 PM org.ros.time.RemoteUptimeClock update
INFO: Latency: 31,0000 s, Delta ratio: 0,5000, Drift: 2,000, Error reduction coefficient: 0,000, Error: 0,0000 s
abr 04, 2013 12:33:19 PM org.ros.time.RemoteUptimeClock update
INFO: Latency: 31,0000 s, Delta ratio: 0,5000, Drift: 2,000, Error reduction coefficient: 0,000, Error: 0,0000 s
abr 04, 2013 12:33:19 PM org.ros.time.RemoteUptimeClock update
INFO: Latency: 31,0000 s, Delta ratio: 0,5000, Drift: 2,000, Error reduction coefficient: 0,000, Error: 0,0000 s
abr 04, 2013 12:33:19 PM org.ros.time.RemoteUptimeClock update
INFO: Latency: 31,0000 s, Delta ratio: 0,5000, Drift: 2,000, Error reduction coefficient: 0,000, Error: 0,0000 s
abr 04, 2013 12:33:19 PM org.ros.time.RemoteUptimeClock update
INFO: Latency: 31,0000 s, Delta ratio: 0,5000, Drift: 2,000, Error reduction coefficient: 0,000, Error: 0,0000 s
abr 04, 2013 12:33:19 PM org.ros.time.RemoteUptimeClock update
INFO: Latency: 31,0000 s, Delta ratio: 0,5000, Drift: 2,000, Error reduction coefficient: 0,000, Error: 0,0000 s
abr 04, 2013 12:33:19 PM org.ros.time.RemoteUptimeClock update
INFO: Latency: 31,0000 s, Delta ratio: 0,5000, Drift: 2,000, Error reduction coefficient: 0,000, Error: 0,0000 s
abr 04, 2013 12:33:19 PM org.ros.time.RemoteUptimeClock update
INFO: Latency: 31,0000 s, Delta ratio: 0,5000, Drift: 2,000, Error reduction coefficient: 0,000, Error: 0,0000 s
abr 04, 2013 12:33:19 PM org.ros.time.RemoteUptimeClock update
INFO: Latency: 31,0000 s, Delta ratio: 0,5000, Drift: 2,000, Error reduction coefficient: 0,000, Error: 0,0000 s
abr 04, 2013 12:33:19 PM org.ros.time.RemoteUptimeClock update
INFO: Latency: 31,0000 s, Delta ratio: 0,5000, Drift: 2,000, Error reduction coefficient: 0,000, Error: 0,0000 s
abr 04, 2013 12:33:19 PM org.ros.time.RemoteUptimeClock update
INFO: Latency: 31,0000 s, Delta ratio: 0,5000, Drift: 2,000, Error reduction coefficient: 0,000, Error: 0,0000 s
abr 04, 2013 12:33:19 PM org.ros.time.RemoteUptimeClock update
INFO: Latency: 31,0000 s, Delta ratio: 0,5000, Drift: 2,000, Error reduction coefficient: 0,000, Error: 0,0000 s
abr 04, 2013 12:33:19 PM org.ros.time.RemoteUptimeClock update
INFO: Latency: 31,0000 s, Delta ratio: 0,5000, Drift: 2,000, Error reduction coefficient: 0,000, Error: 0,0000 s
abr 04, 2013 12:33:19 PM org.ros.time.RemoteUptimeClock update
INFO: Latency: 31,0000 s, Delta ratio: 0,5000, Drift: 2,000, Error reduction coefficient: 0,000, Error: 0,0000 s
abr 04, 2013 12:33:19 PM org.ros.time.RemoteUptimeClock update
INFO: Latency: 31,0000 s, Delta ratio: 0,5000, Drift: 2,000, Error reduction coefficient: 0,000, Error: 0,0000 s
abr 04, 2013 12:33:19 PM org.ros.time.RemoteUptimeClock update
INFO: Latency: 31,0000 s, Delta ratio: 0,5000, Drift: 2,000, Error reduction coefficient: 0,000, Error: 0,0000 s
abr 04, 2013 12:33:19 PM org.ros.time.RemoteUptimeClock update
INFO: Latency: 31,0000 s, Delta ratio: 0,5000, Drift: 2,000, Error reduction coefficient: 0,000, Error: 0,0000 s
abr 04, 2013 12:33:19 PM org.ros.time.RemoteUptimeClock update
INFO: Latency: 31,0000 s, Delta ratio: 0,5000, Drift: 2,000, Error reduction coefficient: 0,000, Error: 0,0000 s
abr 04, 2013 12:33:19 PM org.ros.time.RemoteUptimeClock update
INFO: Latency: 31,0000 s, Delta ratio: 0,5000, Drift: 2,000, Error reduction coefficient: 0,000, Error: 0,0000 s
abr 04, 2013 12:33:19 PM org.ros.time.RemoteUptimeClock update
INFO: Latency: 31,0000 s, Delta ratio: 0,5000, Drift: 2,000, Error reduction coefficient: 0,000, Error: 0,0000 s
abr 04, 2013 12:33:19 PM org.ros.time.RemoteUptimeClock update
INFO: Latency: 31,0000 s, Delta ratio: 0,5000, Drift: 2,000, Error reduction coefficient: 0,000, Error: 0,0000 s
abr 04, 2013 12:33:19 PM org.ros.time.RemoteUptimeClock update
INFO: Latency: 31,0000 s, Delta ratio: 0,5000, Drift: 2,000, Error reduction coefficient: 0,000, Error: 0,0000 s
abr 04, 2013 12:33:19 PM org.ros.time.RemoteUptimeClock update
INFO: Latency: 31,0000 s, Delta ratio: 0,5000, Drift: 2,000, Error reduction coefficient: 0,000, Error: 0,0000 s
abr 04, 2013 12:33:19 PM org.ros.time.RemoteUptimeClock update
INFO: Latency: 31,0000 s, Delta ratio: 0,5000, Drift: 2,000, Error reduction coefficient: 0,000, Error: 0,0000 s
abr 04, 2013 12:33:19 PM org.ros.time.RemoteUptimeClock update
INFO: Latency: 31,0000 s, Delta ratio: 0,5000, Drift: 2,000, Error reduction coefficient: 0,000, Error: 0,0000 s
abr 04, 2013 12:33:19 PM org.ros.time.RemoteUptimeClock update
INFO: Latency: 31,0000 s, Delta ratio: 0,5000, Drift: 2,000, Error reduction coefficient: 0,000, Error: 0,0000 s
abr 04, 2013 12:33:19 PM org.ros.time.RemoteUptimeClock update
INFO: Latency: 31,0000 s, Delta ratio: 0,5000, Drift: 2,000, Error reduction coefficient: 0,000, Error: 0,0000 s
abr 04, 2013 12:33:19 PM org.ros.time.RemoteUptimeClock update
INFO: Latency: 31,0000 s, Delta ratio: 0,5000, Drift: 2,000, Error reduction coefficient: 0,000, Error: 0,0000 s
abr 04, 2013 12:33:19 PM org.ros.time.RemoteUptimeClock update
INFO: Latency: 31,0000 s, Delta ratio: 0,5000, Drift: 2,000, Error reduction coefficient: 0,000, Error: 0,0000 s
abr 04, 2013 12:33:19 PM org.ros.time.RemoteUptimeClock update
INFO: Latency: 31,0000 s, Delta ratio: 0,5000, Drift: 2,000, Error reduction coefficient: 0,000, Error: 0,0000 s
abr 04, 2013 12:33:19 PM org.ros.time.RemoteUptimeClock update
INFO: Latency: 31,0000 s, Delta ratio: 0,5000, Drift: 2,000, Error reduction coefficient: 0,000, Error: 0,0000 s
abr 04, 2013 12:33:19 PM org.ros.time.RemoteUptimeClock update
INFO: Latency: 31,0000 s, Delta ratio: 0,5000, Drift: 2,000, Error reduction coefficient: 0,000, Error: 0,0000 s
abr 04, 2013 12:33:19 PM org.ros.time.RemoteUptimeClock update
INFO: Latency: 31,0000 s, Delta ratio: 0,5000, Drift: 2,000, Error reduction coefficient: 0,000, Error: 0,0000 s
abr 04, 2013 12:33:19 PM org.ros.time.RemoteUptimeClock update
INFO: Latency: 31,0000 s, Delta ratio: 0,5000, Drift: 2,000, Error reduction coefficient: 0,000, Error: 0,0000 s
abr 04, 2013 12:33:19 PM org.ros.time.RemoteUptimeClock update
INFO: Latency: 31,0000 s, Delta ratio: 0,5000, Drift: 2,000, Error reduction coefficient: 0,000, Error: 0,0000 s
abr 04, 2013 12:33:19 PM org.ros.time.RemoteUptimeClock update
INFO: Latency: 31,0000 s, Delta ratio: 0,5000, Drift: 2,000, Error reduction coefficient: 0,000, Error: 0,0000 s
abr 04, 2013 12:33:19 PM org.ros.time.RemoteUptimeClock update
INFO: Latency: 31,0000 s, Delta ratio: 0,5000, Drift: 2,000, Error reduction coefficient: 0,000, Error: 0,0000 s
abr 04, 2013 12:33:19 PM org.ros.time.RemoteUptimeClock update
INFO: Latency: 31,0000 s, Delta ratio: 0,5000, Drift: 2,000, Error reduction coefficient: 0,000, Error: 0,0000 s
abr 04, 2013 12:33:19 PM org.ros.time.RemoteUptimeClock update
INFO: Latency: 31,0000 s, Delta ratio: 0,5000, Drift: 2,000, Error reduction coefficient: 0,000, Error: 0,0000 s
abr 04, 2013 12:33:19 PM org.ros.time.RemoteUptimeClock update
INFO: Latency: 31,0000 s, Delta ratio: 0,5000, Drift: 2,000, Error reduction coefficient: 0,000, Error: 0,0000 s
abr 04, 2013 12:33:19 PM org.ros.time.RemoteUptimeClock update
INFO: Latency: 31,0000 s, Delta ratio: 0,5000, Drift: 2,000, Error reduction coefficient: 0,000, Error: 0,0000 s
abr 04, 2013 12:33:19 PM org.ros.time.RemoteUptimeClock update
INFO: Latency: 31,0000 s, Delta ratio: 0,5000, Drift: 2,000, Error reduction coefficient: 0,000, Error: 0,0000 s
abr 04, 2013 12:33:19 PM org.ros.time.RemoteUptimeClock update
INFO: Latency: 31,0000 s, Delta ratio: 0,5000, Drift: 2,000, Error reduction coefficient: 0,000, Error: 0,0000 s
abr 04, 2013 12:33:19 PM org.ros.time.RemoteUptimeClock update
INFO: Latency: 31,0000 s, Delta ratio: 0,5000, Drift: 2,000, Error reduction coefficient: 0,000, Error: 0,0000 s
abr 04, 2013 12:33:19 PM org.ros.time.RemoteUptimeClock update
INFO: Latency: 31,0000 s, Delta ratio: 0,5000, Drift: 2,000, Error reduction coefficient: 0,000, Error: 0,0000 s
abr 04, 2013 12:33:19 PM org.ros.time.RemoteUptimeClock update
INFO: Latency: 31,0000 s, Delta ratio: 0,5000, Drift: 2,000, Error reduction coefficient: 0,000, Error: 0,0000 s
abr 04, 2013 12:33:19 PM org.ros.time.RemoteUptimeClock update
INFO: Latency: 31,0000 s, Delta ratio: 0,5000, Drift: 2,000, Error reduction coefficient: 0,000, Error: 0,0000 s
abr 04, 2013 12:33:19 PM org.ros.time.RemoteUptimeClock update
INFO: Latency: 31,0000 s, Delta ratio: 0,5000, Drift: 2,000, Error reduction coefficient: 0,000, Error: 0,0000 s
abr 04, 2013 12:33:19 PM org.ros.time.RemoteUptimeClock update
INFO: Latency: 31,0000 s, Delta ratio: 0,5000, Drift: 2,000, Error reduction coefficient: 0,000, Error: 0,0000 s
abr 04, 2013 12:33:19 PM org.ros.time.RemoteUptimeClock update
INFO: Latency: 31,0000 s, Delta ratio: 0,5000, Drift: 2,000, Error reduction coefficient: 0,000, Error: 0,0000 s
abr 04, 2013 12:33:19 PM org.ros.time.RemoteUptimeClock update
INFO: Latency: 31,0000 s, Delta ratio: 0,5000, Drift: 2,000, Error reduction coefficient: 0,000, Error: 0,0000 s
abr 04, 2013 12:33:19 PM org.ros.time.RemoteUptimeClock update
INFO: Latency: 31,0000 s, Delta ratio: 0,5000, Drift: 2,000, Error reduction coefficient: 0,000, Error: 0,0000 s
abr 04, 2013 12:33:19 PM org.ros.time.RemoteUptimeClock update
INFO: Latency: 31,0000 s, Delta ratio: 0,5000, Drift: 2,000, Error reduction coefficient: 0,000, Error: 0,0000 s
abr 04, 2013 12:33:19 PM org.ros.time.RemoteUptimeClock update
INFO: Latency: 31,0000 s, Delta ratio: 0,5000, Drift: 2,000, Error reduction coefficient: 0,000, Error: 0,0000 s
abr 04, 2013 12:33:19 PM org.ros.time.RemoteUptimeClock update
INFO: Latency: 31,0000 s, Delta ratio: 0,5000, Drift: 2,000, Error reduction coefficient: 0,000, Error: 0,0000 s
abr 04, 2013 12:33:19 PM org.ros.time.RemoteUptimeClock update
INFO: Latency: 31,0000 s, Delta ratio: 0,5000, Drift: 2,000, Error reduction coefficient: 0,000, Error: 0,0000 s
abr 04, 2013 12:33:19 PM org.ros.time.RemoteUptimeClock update
INFO: Latency: 31,0000 s, Delta ratio: 0,5000, Drift: 2,000, Error reduction coefficient: 0,000, Error: 0,0000 s
abr 04, 2013 12:33:19 PM org.ros.time.RemoteUptimeClock update
INFO: Latency: 31,0000 s, Delta ratio: 0,5000, Drift: 2,000, Error reduction coefficient: 0,000, Error: 0,0000 s
abr 04, 2013 12:33:19 PM org.ros.time.RemoteUptimeClock update
INFO: Latency: 31,0000 s, Delta ratio: 0,5000, Drift: 2,000, Error reduction coefficient: 0,000, Error: 0,0000 s
abr 04, 2013 12:33:19 PM org.ros.time.RemoteUptimeClock update
INFO: Latency: 31,0000 s, Delta ratio: 0,5000, Drift: 2,000, Error reduction coefficient: 0,000, Error: 0,0000 s
abr 04, 2013 12:33:19 PM org.ros.time.RemoteUptimeClock update
INFO: Latency: 31,0000 s, Delta ratio: 0,5000, Drift: 2,000, Error reduction coefficient: 0,000, Error: 0,0000 s
abr 04, 2013 12:33:19 PM org.ros.time.RemoteUptimeClock update
INFO: Latency: 31,0000 s, Delta ratio: 0,5000, Drift: 2,000, Error reduction coefficient: 0,000, Error: 0,0000 s
abr 04, 2013 12:33:19 PM org.ros.time.RemoteUptimeClock update
INFO: Latency: 31,0000 s, Delta ratio: 0,5000, Drift: 2,000, Error reduction coefficient: 0,000, Error: 0,0000 s
abr 04, 2013 12:33:19 PM org.ros.time.RemoteUptimeClock update
INFO: Latency: 31,0000 s, Delta ratio: 0,5000, Drift: 2,000, Error reduction coefficient: 0,000, Error: 0,0000 s
abr 04, 2013 12:33:19 PM org.ros.time.RemoteUptimeClock update
INFO: Latency: 31,0000 s, Delta ratio: 0,5000, Drift: 2,000, Error reduction coefficient: 0,000, Error: 0,0000 s
abr 04, 2013 12:33:19 PM org.ros.time.RemoteUptimeClock update
INFO: Latency: 31,0000 s, Delta ratio: 0,5000, Drift: 2,000, Error reduction coefficient: 0,000, Error: 0,0000 s
abr 04, 2013 12:33:19 PM org.ros.time.RemoteUptimeClock update
INFO: Latency: 31,0000 s, Delta ratio: 0,5000, Drift: 2,000, Error reduction coefficient: 0,000, Error: 0,0000 s
abr 04, 2013 12:33:19 PM org.ros.time.RemoteUptimeClock update
INFO: Latency: 31,0000 s, Delta ratio: 0,5000, Drift: 2,000, Error reduction coefficient: 0,000, Error: 0,0000 s
abr 04, 2013 12:33:19 PM org.ros.time.RemoteUptimeClock update
INFO: Latency: 31,0000 s, Delta ratio: 0,5000, Drift: 2,000, Error reduction coefficient: 0,000, Error: 0,0000 s
abr 04, 2013 12:33:19 PM org.ros.time.RemoteUptimeClock update
INFO: Latency: 31,0000 s, Delta ratio: 0,5000, Drift: 2,000, Error reduction coefficient: 0,000, Error: 0,0000 s
abr 04, 2013 12:33:19 PM org.ros.time.RemoteUptimeClock update
INFO: Latency: 31,0000 s, Delta ratio: 0,5000, Drift: 2,000, Error reduction coefficient: 0,000, Error: 0,0000 s
abr 04, 2013 12:33:19 PM org.ros.time.RemoteUptimeClock update
INFO: Latency: 31,0000 s, Delta ratio: 0,5000, Drift: 2,000, Error reduction coefficient: 0,000, Error: 0,0000 s
abr 04, 2013 12:33:19 PM org.ros.time.RemoteUptimeClock update
INFO: Latency: 31,0000 s, Delta ratio: 0,5000, Drift: 2,000, Error reduction coefficient: 0,000, Error: 0,0000 s
abr 04, 2013 12:33:19 PM org.ros.time.RemoteUptimeClock update
INFO: Latency: 31,0000 s, Delta ratio: 0,5000, Drift: 2,000, Error reduction coefficient: 0,000, Error: 0,0000 s
abr 04, 2013 12:33:19 PM org.ros.time.RemoteUptimeClock update
INFO: Latency: 31,0000 s, Delta ratio: 0,5000, Drift: 2,000, Error reduction coefficient: 0,000, Error: 0,0000 s
abr 04, 2013 12:33:19 PM org.ros.time.RemoteUptimeClock update
INFO: Latency: 31,0000 s, Delta ratio: 0,5000, Drift: 2,000, Error reduction coefficient: 0,000, Error: 0,0000 s
abr 04, 2013 12:33:19 PM org.ros.time.RemoteUptimeClock update
INFO: Latency: 31,0000 s, Delta ratio: 0,5000, Drift: 2,000, Error reduction coefficient: 0,000, Error: 0,0000 s
abr 04, 2013 12:33:19 PM org.ros.time.RemoteUptimeClock update
INFO: Latency: 31,0000 s, Delta ratio: 0,5000, Drift: 2,000, Error reduction coefficient: 0,000, Error: 0,0000 s
abr 04, 2013 12:33:19 PM org.ros.time.RemoteUptimeClock update
INFO: Latency: 31,0000 s, Delta ratio: 0,5000, Drift: 2,000, Error reduction coefficient: 0,000, Error: 0,0000 s
abr 04, 2013 12:33:19 PM org.ros.time.RemoteUptimeClock update
INFO: Latency: 31,0000 s, Delta ratio: 0,5000, Drift: 2,000, Error reduction coefficient: 0,000, Error: 0,0000 s
abr 04, 2013 12:33:19 PM org.ros.time.RemoteUptimeClock update
INFO: Latency: 31,0000 s, Delta ratio: 0,5000, Drift: 2,000, Error reduction coefficient: 0,000, Error: 0,0000 s
abr 04, 2013 12:33:19 PM org.ros.time.RemoteUptimeClock update
INFO: Latency: 31,0000 s, Delta ratio: 0,5000, Drift: 2,000, Error reduction coefficient: 0,000, Error: 0,0000 s
abr 04, 2013 12:33:19 PM org.ros.time.RemoteUptimeClock update
INFO: Latency: 31,0000 s, Delta ratio: 0,5000, Drift: 2,000, Error reduction coefficient: 0,000, Error: 0,0000 s
abr 04, 2013 12:33:19 PM org.ros.time.RemoteUptimeClock update
INFO: Latency: 31,0000 s, Delta ratio: 0,5000, Drift: 2,000, Error reduction coefficient: 0,000, Error: 0,0000 s
abr 04, 2013 12:33:19 PM org.ros.time.RemoteUptimeClock update
INFO: Latency: 31,0000 s, Delta ratio: 0,5000, Drift: 2,000, Error reduction coefficient: 0,000, Error: 0,0000 s
abr 04, 2013 12:33:19 PM org.ros.time.RemoteUptimeClock update
INFO: Latency: 31,0000 s, Delta ratio: 0,5000, Drift: 2,000, Error reduction coefficient: 0,000, Error: 0,0000 s
abr 04, 2013 12:33:19 PM org.ros.time.RemoteUptimeClock update
INFO: Latency: 31,0000 s, Delta ratio: 0,5000, Drift: 2,000, Error reduction coefficient: 0,000, Error: 0,0000 s
abr 04, 2013 12:33:19 PM org.ros.time.RemoteUptimeClock update
INFO: Latency: 31,0000 s, Delta ratio: 0,5000, Drift: 2,000, Error reduction coefficient: 0,000, Error: 0,0000 s
abr 04, 2013 12:33:19 PM org.ros.time.RemoteUptimeClock update
INFO: Latency: 31,0000 s, Delta ratio: 0,5000, Drift: 2,000, Error reduction coefficient: 0,000, Error: 0,0000 s
abr 04, 2013 12:33:19 PM org.ros.time.RemoteUptimeClock update
INFO: Latency: 31,0000 s, Delta ratio: 0,5000, Drift: 2,000, Error reduction coefficient: 0,000, Error: 0,0000 s
abr 04, 2013 12:33:19 PM org.ros.time.RemoteUptimeClock update
INFO: Latency: 31,0000 s, Delta ratio: 0,5000, Drift: 2,000, Error reduction coefficient: 0,000, Error: 0,0000 s
abr 04, 2013 12:33:19 PM org.ros.time.RemoteUptimeClock update
INFO: Latency: 31,0000 s, Delta ratio: 0,5000, Drift: 2,000, Error reduction coefficient: 0,000, Error: 0,0000 s
abr 04, 2013 12:33:19 PM org.ros.time.RemoteUptimeClock update
INFO: Latency: 31,0000 s, Delta ratio: 0,5000, Drift: 2,000, Error reduction coefficient: 0,000, Error: 0,0000 s
abr 04, 2013 12:33:19 PM org.ros.time.RemoteUptimeClock update
INFO: Latency: 31,0000 s, Delta ratio: 0,5000, Drift: 2,000, Error reduction coefficient: 0,000, Error: 0,0000 s
abr 04, 2013 12:33:19 PM org.ros.time.RemoteUptimeClock update
INFO: Latency: 31,0000 s, Delta ratio: 0,5000, Drift: 2,000, Error reduction coefficient: 0,000, Error: 0,0000 s
abr 04, 2013 12:33:19 PM org.ros.time.RemoteUptimeClock update
INFO: Latency: 31,0000 s, Delta ratio: 0,5000, Drift: 2,000, Error reduction coefficient: 0,000, Error: 0,0000 s
abr 04, 2013 12:33:19 PM org.ros.time.RemoteUptimeClock update
INFO: Latency: 31,0000 s, Delta ratio: 0,5000, Drift: 2,000, Error reduction coefficient: 0,000, Error: 0,0000 s
abr 04, 2013 12:33:19 PM org.ros.time.RemoteUptimeClock update
INFO: Latency: 31,0000 s, Delta ratio: 0,5000, Drift: 2,000, Error reduction coefficient: 0,000, Error: 0,0000 s
abr 04, 2013 12:33:19 PM org.ros.time.RemoteUptimeClock update
INFO: Latency: 31,0000 s, Delta ratio: 0,5000, Drift: 2,000, Error reduction coefficient: 0,000, Error: 0,0000 s
abr 04, 2013 12:33:19 PM org.ros.time.RemoteUptimeClock update
INFO: Latency: 31,0000 s, Delta ratio: 0,5000, Drift: 2,000, Error reduction coefficient: 0,000, Error: 0,0000 s
abr 04, 2013 12:33:19 PM org.ros.time.RemoteUptimeClock update
INFO: Latency: 31,0000 s, Delta ratio: 0,5000, Drift: 2,000, Error reduction coefficient: 0,000, Error: 0,0000 s
abr 04, 2013 12:33:19 PM org.ros.time.RemoteUptimeClock update
INFO: Latency: 31,0000 s, Delta ratio: 0,5000, Drift: 2,000, Error reduction coefficient: 0,000, Error: 0,0000 s
abr 04, 2013 12:33:19 PM org.ros.time.RemoteUptimeClock update
INFO: Latency: 31,0000 s, Delta ratio: 0,5000, Drift: 2,000, Error reduction coefficient: 0,000, Error: 0,0000 s
abr 04, 2013 12:33:19 PM org.ros.time.RemoteUptimeClock update
INFO: Latency: 31,0000 s, Delta ratio: 0,5000, Drift: 2,000, Error reduction coefficient: 0,000, Error: 0,0000 s
abr 04, 2013 12:33:19 PM org.ros.time.RemoteUptimeClock update
INFO: Latency: 31,0000 s, Delta ratio: 0,5000, Drift: 2,000, Error reduction coefficient: 0,000, Error: 0,0000 s
abr 04, 2013 12:33:19 PM org.ros.time.RemoteUptimeClock update
INFO: Latency: 31,0000 s, Delta ratio: 0,5000, Drift: 2,000, Error reduction coefficient: 0,000, Error: 0,0000 s
abr 04, 2013 12:33:19 PM org.ros.time.RemoteUptimeClock update
INFO: Latency: 31,0000 s, Delta ratio: 0,5000, Drift: 2,000, Error reduction coefficient: 0,000, Error: 0,0000 s
abr 04, 2013 12:33:19 PM org.ros.time.RemoteUptimeClock update
INFO: Latency: 31,0000 s, Delta ratio: 0,5000, Drift: 2,000, Error reduction coefficient: 0,000, Error: 0,0000 s
abr 04, 2013 12:33:19 PM org.ros.time.RemoteUptimeClock update
INFO: Latency: 31,0000 s, Delta ratio: 0,5000, Drift: 2,000, Error reduction coefficient: 0,000, Error: 0,0000 s
abr 04, 2013 12:33:19 PM org.ros.time.RemoteUptimeClock update
INFO: Latency: 31,0000 s, Delta ratio: 0,5000, Drift: 2,000, Error reduction coefficient: 0,000, Error: 0,0000 s
abr 04, 2013 12:33:19 PM org.ros.time.RemoteUptimeClock update
INFO: Latency: 31,0000 s, Delta ratio: 0,5000, Drift: 2,000, Error reduction coefficient: 0,000, Error: 0,0000 s
abr 04, 2013 12:33:19 PM org.ros.time.RemoteUptimeClock update
INFO: Latency: 31,0000 s, Delta ratio: 0,5000, Drift: 2,000, Error reduction coefficient: 0,000, Error: 0,0000 s
abr 04, 2013 12:33:19 PM org.ros.time.RemoteUptimeClock update
INFO: Latency: 31,0000 s, Delta ratio: 0,5000, Drift: 2,000, Error reduction coefficient: 0,000, Error: 0,0000 s
abr 04, 2013 12:33:19 PM org.ros.time.RemoteUptimeClock update
INFO: Latency: 31,0000 s, Delta ratio: 0,5000, Drift: 2,000, Error reduction coefficient: 0,000, Error: 0,0000 s
abr 04, 2013 12:33:19 PM org.ros.time.RemoteUptimeClock update
INFO: Latency: 31,0000 s, Delta ratio: 0,5000, Drift: 2,000, Error reduction coefficient: 0,000, Error: 0,0000 s
abr 04, 2013 12:33:19 PM org.ros.time.RemoteUptimeClock update
INFO: Latency: 31,0000 s, Delta ratio: 0,5000, Drift: 2,000, Error reduction coefficient: 0,000, Error: 0,0000 s
abr 04, 2013 12:33:19 PM org.ros.time.RemoteUptimeClock update
INFO: Latency: 31,0000 s, Delta ratio: 0,5000, Drift: 2,000, Error reduction coefficient: 0,000, Error: 0,0000 s
abr 04, 2013 12:33:19 PM org.ros.time.RemoteUptimeClock update
INFO: Latency: 31,0000 s, Delta ratio: 0,5000, Drift: 2,000, Error reduction coefficient: 0,000, Error: 0,0000 s
abr 04, 2013 12:33:19 PM org.ros.time.RemoteUptimeClock update
INFO: Latency: 31,0000 s, Delta ratio: 0,5000, Drift: 2,000, Error reduction coefficient: 0,000, Error: 0,0000 s
abr 04, 2013 12:33:19 PM org.ros.time.RemoteUptimeClock update
INFO: Latency: 31,0000 s, Delta ratio: 0,5000, Drift: 2,000, Error reduction coefficient: 0,000, Error: 0,0000 s
abr 04, 2013 12:33:19 PM org.ros.time.RemoteUptimeClock update
INFO: Latency: 31,0000 s, Delta ratio: 0,5000, Drift: 2,000, Error reduction coefficient: 0,000, Error: 0,0000 s
abr 04, 2013 12:33:19 PM org.ros.time.RemoteUptimeClock update
INFO: Latency: 31,0000 s, Delta ratio: 0,5000, Drift: 2,000, Error reduction coefficient: 0,000, Error: 0,0000 s
abr 04, 2013 12:33:19 PM org.ros.time.RemoteUptimeClock update
INFO: Latency: 31,0000 s, Delta ratio: 0,5000, Drift: 2,000, Error reduction coefficient: 0,000, Error: 0,0000 s
abr 04, 2013 12:33:19 PM org.ros.time.RemoteUptimeClock update
INFO: Latency: 31,0000 s, Delta ratio: 0,5000, Drift: 2,000, Error reduction coefficient: 0,000, Error: 0,0000 s
abr 04, 2013 12:33:19 PM org.ros.time.RemoteUptimeClock update
INFO: Latency: 31,0000 s, Delta ratio: 0,5000, Drift: 2,000, Error reduction coefficient: 0,000, Error: 0,0000 s
abr 04, 2013 12:33:19 PM org.ros.time.RemoteUptimeClock update
INFO: Latency: 31,0000 s, Delta ratio: 0,5000, Drift: 2,000, Error reduction coefficient: 0,000, Error: 0,0000 s
abr 04, 2013 12:33:19 PM org.ros.time.RemoteUptimeClock update
INFO: Latency: 31,0000 s, Delta ratio: 0,5000, Drift: 2,000, Error reduction coefficient: 0,000, Error: 0,0000 s
abr 04, 2013 12:33:19 PM org.ros.time.RemoteUptimeClock update
INFO: Latency: 31,0000 s, Delta ratio: 0,5000, Drift: 2,000, Error reduction coefficient: 0,000, Error: 0,0000 s
abr 04, 2013 12:33:19 PM org.ros.time.RemoteUptimeClock update
INFO: Latency: 31,0000 s, Delta ratio: 0,5000, Drift: 2,000, Error reduction coefficient: 0,000, Error: 0,0000 s
abr 04, 2013 12:33:19 PM org.ros.time.RemoteUptimeClock update
INFO: Latency: 31,0000 s, Delta ratio: 0,5000, Drift: 2,000, Error reduction coefficient: 0,000, Error: 0,0000 s
abr 04, 2013 12:33:19 PM org.ros.time.RemoteUptimeClock update
INFO: Latency: 31,0000 s, Delta ratio: 0,5000, Drift: 2,000, Error reduction coefficient: 0,000, Error: 0,0000 s
abr 04, 2013 12:33:19 PM org.ros.time.RemoteUptimeClock update
INFO: Latency: 31,0000 s, Delta ratio: 0,5000, Drift: 2,000, Error reduction coefficient: 0,000, Error: 0,0000 s
abr 04, 2013 12:33:19 PM org.ros.time.RemoteUptimeClock update
INFO: Latency: 31,0000 s, Delta ratio: 0,5000, Drift: 2,000, Error reduction coefficient: 0,000, Error: 0,0000 s
abr 04, 2013 12:33:19 PM org.ros.time.RemoteUptimeClock update
INFO: Latency: 31,0000 s, Delta ratio: 0,5000, Drift: 2,000, Error reduction coefficient: 0,000, Error: 0,0000 s
abr 04, 2013 12:33:19 PM org.ros.time.RemoteUptimeClock update
INFO: Latency: 31,0000 s, Delta ratio: 0,5000, Drift: 2,000, Error reduction coefficient: 0,000, Error: 0,0000 s
abr 04, 2013 12:33:19 PM org.ros.time.RemoteUptimeClock update
INFO: Latency: 31,0000 s, Delta ratio: 0,5000, Drift: 2,000, Error reduction coefficient: 0,000, Error: 0,0000 s
abr 04, 2013 12:33:19 PM org.ros.time.RemoteUptimeClock update
INFO: Latency: 31,0000 s, Delta ratio: 0,5000, Drift: 2,000, Error reduction coefficient: 0,000, Error: 0,0000 s
abr 04, 2013 12:33:19 PM org.ros.time.RemoteUptimeClock update
INFO: Latency: 31,0000 s, Delta ratio: 0,5000, Drift: 2,000, Error reduction coefficient: 0,000, Error: 0,0000 s
abr 04, 2013 12:33:19 PM org.ros.time.RemoteUptimeClock update
INFO: Latency: 31,0000 s, Delta ratio: 0,5000, Drift: 2,000, Error reduction coefficient: 0,000, Error: 0,0000 s
abr 04, 2013 12:33:19 PM org.ros.time.RemoteUptimeClock update
INFO: Latency: 31,0000 s, Delta ratio: 0,5000, Drift: 2,000, Error reduction coefficient: 0,000, Error: 0,0000 s
abr 04, 2013 12:33:19 PM org.ros.time.RemoteUptimeClock update
INFO: Latency: 31,0000 s, Delta ratio: 0,5000, Drift: 2,000, Error reduction coefficient: 0,000, Error: 0,0000 s
abr 04, 2013 12:33:19 PM org.ros.time.RemoteUptimeClock update
INFO: Latency: 31,0000 s, Delta ratio: 0,5000, Drift: 2,000, Error reduction coefficient: 0,000, Error: 0,0000 s
abr 04, 2013 12:33:19 PM org.ros.time.RemoteUptimeClock update
INFO: Latency: 31,0000 s, Delta ratio: 0,5000, Drift: 2,000, Error reduction coefficient: 0,000, Error: 0,0000 s
abr 04, 2013 12:33:19 PM org.ros.time.RemoteUptimeClock update
INFO: Latency: 31,0000 s, Delta ratio: 0,5000, Drift: 2,000, Error reduction coefficient: 0,000, Error: 0,0000 s
abr 04, 2013 12:33:19 PM org.ros.time.RemoteUptimeClock update
INFO: Latency: 31,0000 s, Delta ratio: 0,5000, Drift: 2,000, Error reduction coefficient: 0,000, Error: 0,0000 s
abr 04, 2013 12:33:19 PM org.ros.time.RemoteUptimeClock update
INFO: Latency: 31,0000 s, Delta ratio: 0,5000, Drift: 2,000, Error reduction coefficient: 0,000, Error: 0,0000 s
abr 04, 2013 12:33:19 PM org.ros.time.RemoteUptimeClock update
INFO: Latency: 31,0000 s, Delta ratio: 0,5000, Drift: 2,000, Error reduction coefficient: 0,000, Error: 0,0000 s
abr 04, 2013 12:33:19 PM org.ros.time.RemoteUptimeClock update
INFO: Latency: 31,0000 s, Delta ratio: 0,5000, Drift: 2,000, Error reduction coefficient: 0,000, Error: 0,0000 s
abr 04, 2013 12:33:19 PM org.ros.time.RemoteUptimeClock update
INFO: Latency: 31,0000 s, Delta ratio: 0,5000, Drift: 2,000, Error reduction coefficient: 0,000, Error: 0,0000 s
abr 04, 2013 12:33:19 PM org.ros.time.RemoteUptimeClock update
INFO: Latency: 31,0000 s, Delta ratio: 0,5000, Drift: 2,000, Error reduction coefficient: 0,000, Error: 0,0000 s
abr 04, 2013 12:33:19 PM org.ros.time.RemoteUptimeClock update
INFO: Latency: 31,0000 s, Delta ratio: 0,5000, Drift: 2,000, Error reduction coefficient: 0,000, Error: 0,0000 s
abr 04, 2013 12:33:19 PM org.ros.time.RemoteUptimeClock update
INFO: Latency: 31,0000 s, Delta ratio: 0,5000, Drift: 2,000, Error reduction coefficient: 0,000, Error: 0,0000 s
abr 04, 2013 12:33:19 PM org.ros.time.RemoteUptimeClock update
INFO: Latency: 31,0000 s, Delta ratio: 0,5000, Drift: 2,000, Error reduction coefficient: 0,000, Error: 0,0000 s
abr 04, 2013 12:33:19 PM org.ros.time.RemoteUptimeClock update
INFO: Latency: 31,0000 s, Delta ratio: 0,5000, Drift: 2,000, Error reduction coefficient: 0,000, Error: 0,0000 s
abr 04, 2013 12:33:19 PM org.ros.time.RemoteUptimeClock update
INFO: Latency: 31,0000 s, Delta ratio: 0,5000, Drift: 2,000, Error reduction coefficient: 0,000, Error: 0,0000 s
abr 04, 2013 12:33:19 PM org.ros.time.RemoteUptimeClock update
INFO: Latency: 31,0000 s, Delta ratio: 0,5000, Drift: 2,000, Error reduction coefficient: 0,000, Error: 0,0000 s
abr 04, 2013 12:33:19 PM org.ros.time.RemoteUptimeClock update
INFO: Latency: 31,0000 s, Delta ratio: 0,5000, Drift: 2,000, Error reduction coefficient: 0,000, Error: 0,0000 s
abr 04, 2013 12:33:19 PM org.ros.time.RemoteUptimeClock update
INFO: Latency: 31,0000 s, Delta ratio: 0,5000, Drift: 2,000, Error reduction coefficient: 0,000, Error: 0,0000 s
abr 04, 2013 12:33:19 PM org.ros.time.RemoteUptimeClock update
INFO: Latency: 31,0000 s, Delta ratio: 0,5000, Drift: 2,000, Error reduction coefficient: 0,000, Error: 0,0000 s
abr 04, 2013 12:33:19 PM org.ros.time.RemoteUptimeClock update
INFO: Latency: 31,0000 s, Delta ratio: 0,5000, Drift: 2,000, Error reduction coefficient: 0,000, Error: 0,0000 s
abr 04, 2013 12:33:19 PM org.ros.time.RemoteUptimeClock update
INFO: Latency: 31,0000 s, Delta ratio: 0,5000, Drift: 2,000, Error reduction coefficient: 0,000, Error: 0,0000 s
abr 04, 2013 12:33:19 PM org.ros.time.RemoteUptimeClock update
INFO: Latency: 31,0000 s, Delta ratio: 0,5000, Drift: 2,000, Error reduction coefficient: 0,000, Error: 0,0000 s
abr 04, 2013 12:33:19 PM org.ros.time.RemoteUptimeClock update
INFO: Latency: 31,0000 s, Delta ratio: 0,5000, Drift: 2,000, Error reduction coefficient: 0,000, Error: 0,0000 s
abr 04, 2013 12:33:19 PM org.ros.time.RemoteUptimeClock update
INFO: Latency: 31,0000 s, Delta ratio: 0,5000, Drift: 2,000, Error reduction coefficient: 0,000, Error: 0,0000 s
abr 04, 2013 12:33:19 PM org.ros.time.RemoteUptimeClock update
INFO: Latency: 31,0000 s, Delta ratio: 0,5000, Drift: 2,000, Error reduction coefficient: 0,000, Error: 0,0000 s
abr 04, 2013 12:33:19 PM org.ros.time.RemoteUptimeClock update
INFO: Latency: 31,0000 s, Delta ratio: 0,5000, Drift: 2,000, Error reduction coefficient: 0,000, Error: 0,0000 s
abr 04, 2013 12:33:19 PM org.ros.time.RemoteUptimeClock update
INFO: Latency: 31,0000 s, Delta ratio: 0,5000, Drift: 2,000, Error reduction coefficient: 0,000, Error: 0,0000 s
abr 04, 2013 12:33:19 PM org.ros.time.RemoteUptimeClock update
INFO: Latency: 31,0000 s, Delta ratio: 0,5000, Drift: 2,000, Error reduction coefficient: 0,000, Error: 0,0000 s
abr 04, 2013 12:33:19 PM org.ros.time.RemoteUptimeClock update
INFO: Latency: 31,0000 s, Delta ratio: 0,5000, Drift: 2,000, Error reduction coefficient: 0,000, Error: 0,0000 s
abr 04, 2013 12:33:19 PM org.ros.time.RemoteUptimeClock update
INFO: Latency: 31,0000 s, Delta ratio: 0,5000, Drift: 2,000, Error reduction coefficient: 0,000, Error: 0,0000 s
abr 04, 2013 12:33:19 PM org.ros.time.RemoteUptimeClock update
INFO: Latency: 31,0000 s, Delta ratio: 0,5000, Drift: 2,000, Error reduction coefficient: 0,000, Error: 0,0000 s
abr 04, 2013 12:33:19 PM org.ros.time.RemoteUptimeClock update
INFO: Latency: 31,0000 s, Delta ratio: 0,5000, Drift: 2,000, Error reduction coefficient: 0,000, Error: 0,0000 s
abr 04, 2013 12:33:19 PM org.ros.time.RemoteUptimeClock update
INFO: Latency: 31,0000 s, Delta ratio: 0,5000, Drift: 2,000, Error reduction coefficient: 0,000, Error: 0,0000 s
abr 04, 2013 12:33:19 PM org.ros.time.RemoteUptimeClock update
INFO: Latency: 31,0000 s, Delta ratio: 0,5000, Drift: 2,000, Error reduction coefficient: 0,000, Error: 0,0000 s
abr 04, 2013 12:33:19 PM org.ros.time.RemoteUptimeClock update
INFO: Latency: 31,0000 s, Delta ratio: 0,5000, Drift: 2,000, Error reduction coefficient: 0,000, Error: 0,0000 s
abr 04, 2013 12:33:19 PM org.ros.time.RemoteUptimeClock update
INFO: Latency: 31,0000 s, Delta ratio: 0,5000, Drift: 2,000, Error reduction coefficient: 0,000, Error: 0,0000 s
abr 04, 2013 12:33:19 PM org.ros.time.RemoteUptimeClock update
INFO: Latency: 31,0000 s, Delta ratio: 0,5000, Drift: 2,000, Error reduction coefficient: 0,000, Error: 0,0000 s
abr 04, 2013 12:33:19 PM org.ros.time.RemoteUptimeClock update
INFO: Latency: 31,0000 s, Delta ratio: 0,5000, Drift: 2,000, Error reduction coefficient: 0,000, Error: 0,0000 s
abr 04, 2013 12:33:19 PM org.ros.time.RemoteUptimeClock update
INFO: Latency: 31,0000 s, Delta ratio: 0,5000, Drift: 2,000, Error reduction coefficient: 0,000, Error: 0,0000 s
abr 04, 2013 12:33:19 PM org.ros.time.RemoteUptimeClock update
INFO: Latency: 31,0000 s, Delta ratio: 0,5000, Drift: 2,000, Error reduction coefficient: 0,000, Error: 0,0000 s
abr 04, 2013 12:33:19 PM org.ros.time.RemoteUptimeClock update
INFO: Latency: 31,0000 s, Delta ratio: 0,5000, Drift: 2,000, Error reduction coefficient: 0,000, Error: 0,0000 s
abr 04, 2013 12:33:19 PM org.ros.time.RemoteUptimeClock update
INFO: Latency: 31,0000 s, Delta ratio: 0,5000, Drift: 2,000, Error reduction coefficient: 0,000, Error: 0,0000 s
abr 04, 2013 12:33:19 PM org.ros.time.RemoteUptimeClock update
INFO: Latency: 31,0000 s, Delta ratio: 0,5000, Drift: 2,000, Error reduction coefficient: 0,000, Error: 0,0000 s
abr 04, 2013 12:33:19 PM org.ros.time.RemoteUptimeClock update
INFO: Latency: 31,0000 s, Delta ratio: 0,5000, Drift: 2,000, Error reduction coefficient: 0,000, Error: 0,0000 s
abr 04, 2013 12:33:19 PM org.ros.time.RemoteUptimeClock update
INFO: Latency: 31,0000 s, Delta ratio: 0,5000, Drift: 2,000, Error reduction coefficient: 0,000, Error: 0,0000 s
abr 04, 2013 12:33:19 PM org.ros.time.RemoteUptimeClock update
INFO: Latency: 31,0000 s, Delta ratio: 0,5000, Drift: 2,000, Error reduction coefficient: 0,000, Error: 0,0000 s
abr 04, 2013 12:33:19 PM org.ros.time.RemoteUptimeClock update
INFO: Latency: 31,0000 s, Delta ratio: 0,5000, Drift: 2,000, Error reduction coefficient: 0,000, Error: 0,0000 s
abr 04, 2013 12:33:19 PM org.ros.time.RemoteUptimeClock update
INFO: Latency: 31,0000 s, Delta ratio: 0,5000, Drift: 2,000, Error reduction coefficient: 0,000, Error: 0,0000 s
abr 04, 2013 12:33:19 PM org.ros.time.RemoteUptimeClock update
INFO: Latency: 31,0000 s, Delta ratio: 0,5000, Drift: 2,000, Error reduction coefficient: 0,000, Error: 0,0000 s
abr 04, 2013 12:33:19 PM org.ros.time.RemoteUptimeClock update
INFO: Latency: 31,0000 s, Delta ratio: 0,5000, Drift: 2,000, Error reduction coefficient: 0,000, Error: 0,0000 s
abr 04, 2013 12:33:19 PM org.ros.time.RemoteUptimeClock update
INFO: Latency: 31,0000 s, Delta ratio: 0,5000, Drift: 2,000, Error reduction coefficient: 0,000, Error: 0,0000 s
abr 04, 2013 12:33:19 PM org.ros.time.RemoteUptimeClock update
INFO: Latency: 31,0000 s, Delta ratio: 0,5000, Drift: 2,000, Error reduction coefficient: 0,000, Error: 0,0000 s
abr 04, 2013 12:33:19 PM org.ros.time.RemoteUptimeClock update
INFO: Latency: 31,0000 s, Delta ratio: 0,5000, Drift: 2,000, Error reduction coefficient: 0,000, Error: 0,0000 s
abr 04, 2013 12:33:19 PM org.ros.time.RemoteUptimeClock update
INFO: Latency: 31,0000 s, Delta ratio: 0,5000, Drift: 2,000, Error reduction coefficient: 0,000, Error: 0,0000 s
abr 04, 2013 12:33:19 PM org.ros.time.RemoteUptimeClock update
INFO: Latency: 31,0000 s, Delta ratio: 0,5000, Drift: 2,000, Error reduction coefficient: 0,000, Error: 0,0000 s
abr 04, 2013 12:33:19 PM org.ros.time.RemoteUptimeClock update
INFO: Latency: 31,0000 s, Delta ratio: 0,5000, Drift: 2,000, Error reduction coefficient: 0,000, Error: 0,0000 s
abr 04, 2013 12:33:19 PM org.ros.time.RemoteUptimeClock update
INFO: Latency: 31,0000 s, Delta ratio: 0,5000, Drift: 2,000, Error reduction coefficient: 0,000, Error: 0,0000 s
abr 04, 2013 12:33:19 PM org.ros.time.RemoteUptimeClock update
INFO: Latency: 31,0000 s, Delta ratio: 0,5000, Drift: 2,000, Error reduction coefficient: 0,000, Error: 0,0000 s
abr 04, 2013 12:33:19 PM org.ros.time.RemoteUptimeClock update
INFO: Latency: 31,0000 s, Delta ratio: 0,5000, Drift: 2,000, Error reduction coefficient: 0,000, Error: 0,0000 s
abr 04, 2013 12:33:19 PM org.ros.time.RemoteUptimeClock update
INFO: Latency: 31,0000 s, Delta ratio: 0,5000, Drift: 2,000, Error reduction coefficient: 0,000, Error: 0,0000 s
abr 04, 2013 12:33:19 PM org.ros.time.RemoteUptimeClock update
INFO: Latency: 31,0000 s, Delta ratio: 0,5000, Drift: 2,000, Error reduction coefficient: 0,000, Error: 0,0000 s
abr 04, 2013 12:33:19 PM org.ros.time.RemoteUptimeClock update
INFO: Latency: 31,0000 s, Delta ratio: 0,5000, Drift: 2,000, Error reduction coefficient: 0,000, Error: 0,0000 s
abr 04, 2013 12:33:19 PM org.ros.time.RemoteUptimeClock update
INFO: Latency: 31,0000 s, Delta ratio: 0,5000, Drift: 2,000, Error reduction coefficient: 0,000, Error: 0,0000 s
abr 04, 2013 12:33:19 PM org.ros.time.RemoteUptimeClock update
INFO: Latency: 31,0000 s, Delta ratio: 0,5000, Drift: 2,000, Error reduction coefficient: 0,000, Error: 0,0000 s
abr 04, 2013 12:33:19 PM org.ros.time.RemoteUptimeClock update
INFO: Latency: 31,0000 s, Delta ratio: 0,5000, Drift: 2,000, Error reduction coefficient: 0,000, Error: 0,0000 s
abr 04, 2013 12:33:19 PM org.ros.time.RemoteUptimeClock update
INFO: Latency: 31,0000 s, Delta ratio: 0,5000, Drift: 2,000, Error reduction coefficient: 0,000, Error: 0,0000 s
abr 04, 2013 12:33:19 PM org.ros.time.RemoteUptimeClock update
INFO: Latency: 31,0000 s, Delta ratio: 0,5000, Drift: 2,000, Error reduction coefficient: 0,000, Error: 0,0000 s
abr 04, 2013 12:33:19 PM org.ros.time.RemoteUptimeClock update
INFO: Latency: 31,0000 s, Delta ratio: 0,5000, Drift: 2,000, Error reduction coefficient: 0,000, Error: 0,0000 s
abr 04, 2013 12:33:19 PM org.ros.time.RemoteUptimeClock update
INFO: Latency: 31,0000 s, Delta ratio: 0,5000, Drift: 2,000, Error reduction coefficient: 0,000, Error: 0,0000 s
abr 04, 2013 12:33:19 PM org.ros.time.RemoteUptimeClock update
INFO: Latency: 31,0000 s, Delta ratio: 0,5000, Drift: 2,000, Error reduction coefficient: 0,000, Error: 0,0000 s
abr 04, 2013 12:33:19 PM org.ros.time.RemoteUptimeClock update
INFO: Latency: 31,0000 s, Delta ratio: 0,5000, Drift: 2,000, Error reduction coefficient: 0,000, Error: 0,0000 s
abr 04, 2013 12:33:19 PM org.ros.time.RemoteUptimeClock update
INFO: Latency: 31,0000 s, Delta ratio: 0,5000, Drift: 2,000, Error reduction coefficient: 0,000, Error: 0,0000 s
abr 04, 2013 12:33:19 PM org.ros.time.RemoteUptimeClock update
INFO: Latency: 31,0000 s, Delta ratio: 0,5000, Drift: 2,000, Error reduction coefficient: 0,000, Error: 0,0000 s
abr 04, 2013 12:33:19 PM org.ros.time.RemoteUptimeClock update
INFO: Latency: 31,0000 s, Delta ratio: 0,5000, Drift: 2,000, Error reduction coefficient: 0,000, Error: 0,0000 s
abr 04, 2013 12:33:19 PM org.ros.time.RemoteUptimeClock update
INFO: Latency: 31,0000 s, Delta ratio: 0,5000, Drift: 2,000, Error reduction coefficient: 0,000, Error: 0,0000 s
abr 04, 2013 12:33:19 PM org.ros.time.RemoteUptimeClock update
INFO: Latency: 31,0000 s, Delta ratio: 0,5000, Drift: 2,000, Error reduction coefficient: 0,000, Error: 0,0000 s
abr 04, 2013 12:33:19 PM org.ros.time.RemoteUptimeClock update
INFO: Latency: 31,0000 s, Delta ratio: 0,5000, Drift: 2,000, Error reduction coefficient: 0,000, Error: 0,0000 s
abr 04, 2013 12:33:19 PM org.ros.time.RemoteUptimeClock update
INFO: Latency: 31,0000 s, Delta ratio: 0,5000, Drift: 2,000, Error reduction coefficient: 0,000, Error: 0,0000 s
abr 04, 2013 12:33:19 PM org.ros.time.RemoteUptimeClock update
INFO: Latency: 31,0000 s, Delta ratio: 0,5000, Drift: 2,000, Error reduction coefficient: 0,000, Error: 0,0000 s
abr 04, 2013 12:33:19 PM org.ros.time.RemoteUptimeClock update
INFO: Latency: 31,0000 s, Delta ratio: 0,5000, Drift: 2,000, Error reduction coefficient: 0,000, Error: 0,0000 s
abr 04, 2013 12:33:19 PM org.ros.time.RemoteUptimeClock update
INFO: Latency: 31,0000 s, Delta ratio: 0,5000, Drift: 2,000, Error reduction coefficient: 0,000, Error: 0,0000 s
abr 04, 2013 12:33:19 PM org.ros.time.RemoteUptimeClock update
INFO: Latency: 31,0000 s, Delta ratio: 0,5000, Drift: 2,000, Error reduction coefficient: 0,000, Error: 0,0000 s
abr 04, 2013 12:33:19 PM org.ros.time.RemoteUptimeClock update
INFO: Latency: 31,0000 s, Delta ratio: 0,5000, Drift: 2,000, Error reduction coefficient: 0,000, Error: 0,0000 s
abr 04, 2013 12:33:19 PM org.ros.time.RemoteUptimeClock update
INFO: Latency: 31,0000 s, Delta ratio: 0,5000, Drift: 2,000, Error reduction coefficient: 0,000, Error: 0,0000 s
abr 04, 2013 12:33:19 PM org.ros.time.RemoteUptimeClock update
INFO: Latency: 31,0000 s, Delta ratio: 0,5000, Drift: 2,000, Error reduction coefficient: 0,000, Error: 0,0000 s
abr 04, 2013 12:33:19 PM org.ros.time.RemoteUptimeClock update
INFO: Latency: 31,0000 s, Delta ratio: 0,5000, Drift: 2,000, Error reduction coefficient: 0,000, Error: 0,0000 s
abr 04, 2013 12:33:19 PM org.ros.time.RemoteUptimeClock update
INFO: Latency: 31,0000 s, Delta ratio: 0,5000, Drift: 2,000, Error reduction coefficient: 0,000, Error: 0,0000 s
abr 04, 2013 12:33:19 PM org.ros.time.RemoteUptimeClock update
INFO: Latency: 31,0000 s, Delta ratio: 0,5000, Drift: 2,000, Error reduction coefficient: 0,000, Error: 0,0000 s
abr 04, 2013 12:33:19 PM org.ros.time.RemoteUptimeClock update
INFO: Latency: 31,0000 s, Delta ratio: 0,5000, Drift: 2,000, Error reduction coefficient: 0,000, Error: 0,0000 s
abr 04, 2013 12:33:19 PM org.ros.time.RemoteUptimeClock update
INFO: Latency: 31,0000 s, Delta ratio: 0,5000, Drift: 2,000, Error reduction coefficient: 0,000, Error: 0,0000 s
abr 04, 2013 12:33:19 PM org.ros.time.RemoteUptimeClock update
INFO: Latency: 31,0000 s, Delta ratio: 0,5000, Drift: 2,000, Error reduction coefficient: 0,000, Error: 0,0000 s
abr 04, 2013 12:33:19 PM org.ros.time.RemoteUptimeClock update
INFO: Latency: 31,0000 s, Delta ratio: 0,5000, Drift: 2,000, Error reduction coefficient: 0,000, Error: 0,0000 s
abr 04, 2013 12:33:19 PM org.ros.time.RemoteUptimeClock update
INFO: Latency: 31,0000 s, Delta ratio: 0,5000, Drift: 2,000, Error reduction coefficient: 0,000, Error: 0,0000 s
abr 04, 2013 12:33:19 PM org.ros.time.RemoteUptimeClock update
INFO: Latency: 31,0000 s, Delta ratio: 0,5000, Drift: 2,000, Error reduction coefficient: 0,000, Error: 0,0000 s
abr 04, 2013 12:33:19 PM org.ros.time.RemoteUptimeClock update
INFO: Latency: 31,0000 s, Delta ratio: 0,5000, Drift: 2,000, Error reduction coefficient: 0,000, Error: 0,0000 s
abr 04, 2013 12:33:19 PM org.ros.time.RemoteUptimeClock update
INFO: Latency: 31,0000 s, Delta ratio: 0,5000, Drift: 2,000, Error reduction coefficient: 0,000, Error: 0,0000 s
abr 04, 2013 12:33:19 PM org.ros.time.RemoteUptimeClock update
INFO: Latency: 31,0000 s, Delta ratio: 0,5000, Drift: 2,000, Error reduction coefficient: 0,000, Error: 0,0000 s
abr 04, 2013 12:33:19 PM org.ros.time.RemoteUptimeClock update
INFO: Latency: 31,0000 s, Delta ratio: 0,5000, Drift: 2,000, Error reduction coefficient: 0,000, Error: 0,0000 s
abr 04, 2013 12:33:19 PM org.ros.time.RemoteUptimeClock update
INFO: Latency: 31,0000 s, Delta ratio: 0,5000, Drift: 2,000, Error reduction coefficient: 0,000, Error: 0,0000 s
abr 04, 2013 12:33:19 PM org.ros.time.RemoteUptimeClock update
INFO: Latency: 31,0000 s, Delta ratio: 0,5000, Drift: 2,000, Error reduction coefficient: 0,000, Error: 0,0000 s
abr 04, 2013 12:33:19 PM org.ros.time.RemoteUptimeClock update
INFO: Latency: 31,0000 s, Delta ratio: 0,5000, Drift: 2,000, Error reduction coefficient: 0,000, Error: 0,0000 s
abr 04, 2013 12:33:19 PM org.ros.time.RemoteUptimeClock update
INFO: Latency: 31,0000 s, Delta ratio: 0,5000, Drift: 2,000, Error reduction coefficient: 0,000, Error: 0,0000 s
abr 04, 2013 12:33:19 PM org.ros.time.RemoteUptimeClock update
INFO: Latency: 31,0000 s, Delta ratio: 0,5000, Drift: 2,000, Error reduction coefficient: 0,000, Error: 0,0000 s
abr 04, 2013 12:33:19 PM org.ros.time.RemoteUptimeClock update
INFO: Latency: 31,0000 s, Delta ratio: 0,5000, Drift: 2,000, Error reduction coefficient: 0,000, Error: 0,0000 s
abr 04, 2013 12:33:19 PM org.ros.time.RemoteUptimeClock update
INFO: Latency: 31,0000 s, Delta ratio: 0,5000, Drift: 2,000, Error reduction coefficient: 0,000, Error: 0,0000 s
abr 04, 2013 12:33:19 PM org.ros.time.RemoteUptimeClock update
INFO: Latency: 31,0000 s, Delta ratio: 0,5000, Drift: 2,000, Error reduction coefficient: 0,000, Error: 0,0000 s
abr 04, 2013 12:33:19 PM org.ros.time.RemoteUptimeClock update
INFO: Latency: 31,0000 s, Delta ratio: 0,5000, Drift: 2,000, Error reduction coefficient: 0,000, Error: 0,0000 s
abr 04, 2013 12:33:19 PM org.ros.time.RemoteUptimeClock update
INFO: Latency: 31,0000 s, Delta ratio: 0,5000, Drift: 2,000, Error reduction coefficient: 0,000, Error: 0,0000 s
abr 04, 2013 12:33:19 PM org.ros.time.RemoteUptimeClock update
INFO: Latency: 31,0000 s, Delta ratio: 0,5000, Drift: 2,000, Error reduction coefficient: 0,000, Error: 0,0000 s
abr 04, 2013 12:33:19 PM org.ros.time.RemoteUptimeClock update
INFO: Latency: 31,0000 s, Delta ratio: 0,5000, Drift: 2,000, Error reduction coefficient: 0,000, Error: 0,0000 s
abr 04, 2013 12:33:19 PM org.ros.time.RemoteUptimeClock update
INFO: Latency: 31,0000 s, Delta ratio: 0,5000, Drift: 2,000, Error reduction coefficient: 0,000, Error: 0,0000 s
abr 04, 2013 12:33:19 PM org.ros.time.RemoteUptimeClock update
INFO: Latency: 31,0000 s, Delta ratio: 0,5000, Drift: 2,000, Error reduction coefficient: 0,000, Error: 0,0000 s
abr 04, 2013 12:33:19 PM org.ros.time.RemoteUptimeClock update
INFO: Latency: 31,0000 s, Delta ratio: 0,5000, Drift: 2,000, Error reduction coefficient: 0,000, Error: 0,0000 s
abr 04, 2013 12:33:19 PM org.ros.time.RemoteUptimeClock update
INFO: Latency: 31,0000 s, Delta ratio: 0,5000, Drift: 2,000, Error reduction coefficient: 0,000, Error: 0,0000 s
abr 04, 2013 12:33:19 PM org.ros.time.RemoteUptimeClock update
INFO: Latency: 31,0000 s, Delta ratio: 0,5000, Drift: 2,000, Error reduction coefficient: 0,000, Error: 0,0000 s
abr 04, 2013 12:33:19 PM org.ros.time.RemoteUptimeClock update
INFO: Latency: 31,0000 s, Delta ratio: 0,5000, Drift: 2,000, Error reduction coefficient: 0,000, Error: 0,0000 s
abr 04, 2013 12:33:19 PM org.ros.time.RemoteUptimeClock update
INFO: Latency: 31,0000 s, Delta ratio: 0,5000, Drift: 2,000, Error reduction coefficient: 0,000, Error: 0,0000 s
abr 04, 2013 12:33:19 PM org.ros.time.RemoteUptimeClock update
INFO: Latency: 31,0000 s, Delta ratio: 0,5000, Drift: 2,000, Error reduction coefficient: 0,000, Error: 0,0000 s
abr 04, 2013 12:33:19 PM org.ros.time.RemoteUptimeClock update
INFO: Latency: 31,0000 s, Delta ratio: 0,5000, Drift: 2,000, Error reduction coefficient: 0,000, Error: 0,0000 s
abr 04, 2013 12:33:19 PM org.ros.time.RemoteUptimeClock update
INFO: Latency: 31,0000 s, Delta ratio: 0,5000, Drift: 2,000, Error reduction coefficient: 0,000, Error: 0,0000 s
abr 04, 2013 12:33:19 PM org.ros.time.RemoteUptimeClock update
INFO: Latency: 31,0000 s, Delta ratio: 0,5000, Drift: 2,000, Error reduction coefficient: 0,000, Error: 0,0000 s
abr 04, 2013 12:33:19 PM org.ros.time.RemoteUptimeClock update
INFO: Latency: 31,0000 s, Delta ratio: 0,5000, Drift: 2,000, Error reduction coefficient: 0,000, Error: 0,0000 s
abr 04, 2013 12:33:19 PM org.ros.time.RemoteUptimeClock update
INFO: Latency: 31,0000 s, Delta ratio: 0,5000, Drift: 2,000, Error reduction coefficient: 0,000, Error: 0,0000 s
abr 04, 2013 12:33:19 PM org.ros.time.RemoteUptimeClock update
INFO: Latency: 31,0000 s, Delta ratio: 0,5000, Drift: 2,000, Error reduction coefficient: 0,000, Error: 0,0000 s
abr 04, 2013 12:33:19 PM org.ros.time.RemoteUptimeClock update
INFO: Latency: 31,0000 s, Delta ratio: 0,5000, Drift: 2,000, Error reduction coefficient: 0,000, Error: 0,0000 s
abr 04, 2013 12:33:19 PM org.ros.time.RemoteUptimeClock update
INFO: Latency: 31,0000 s, Delta ratio: 0,5000, Drift: 2,000, Error reduction coefficient: 0,000, Error: 0,0000 s
abr 04, 2013 12:33:19 PM org.ros.time.RemoteUptimeClock update
INFO: Latency: 31,0000 s, Delta ratio: 0,5000, Drift: 2,000, Error reduction coefficient: 0,000, Error: 0,0000 s
abr 04, 2013 12:33:19 PM org.ros.time.RemoteUptimeClock update
INFO: Latency: 31,0000 s, Delta ratio: 0,5000, Drift: 2,000, Error reduction coefficient: 0,000, Error: 0,0000 s
abr 04, 2013 12:33:19 PM org.ros.time.RemoteUptimeClock update
INFO: Latency: 31,0000 s, Delta ratio: 0,5000, Drift: 2,000, Error reduction coefficient: 0,000, Error: 0,0000 s
abr 04, 2013 12:33:19 PM org.ros.time.RemoteUptimeClock update
INFO: Latency: 31,0000 s, Delta ratio: 0,5000, Drift: 2,000, Error reduction coefficient: 0,000, Error: 0,0000 s
abr 04, 2013 12:33:19 PM org.ros.time.RemoteUptimeClock update
INFO: Latency: 31,0000 s, Delta ratio: 0,5000, Drift: 2,000, Error reduction coefficient: 0,000, Error: 0,0000 s
abr 04, 2013 12:33:19 PM org.ros.time.RemoteUptimeClock update
INFO: Latency: 31,0000 s, Delta ratio: 0,5000, Drift: 2,000, Error reduction coefficient: 0,000, Error: 0,0000 s
abr 04, 2013 12:33:19 PM org.ros.time.RemoteUptimeClock update
INFO: Latency: 31,0000 s, Delta ratio: 0,5000, Drift: 2,000, Error reduction coefficient: 0,000, Error: 0,0000 s
abr 04, 2013 12:33:19 PM org.ros.time.RemoteUptimeClock update
INFO: Latency: 31,0000 s, Delta ratio: 0,5000, Drift: 2,000, Error reduction coefficient: 0,000, Error: 0,0000 s
abr 04, 2013 12:33:19 PM org.ros.time.RemoteUptimeClock update
INFO: Latency: 31,0000 s, Delta ratio: 0,5000, Drift: 2,000, Error reduction coefficient: 0,000, Error: 0,0000 s
abr 04, 2013 12:33:19 PM org.ros.time.RemoteUptimeClock update
INFO: Latency: 31,0000 s, Delta ratio: 0,5000, Drift: 2,000, Error reduction coefficient: 0,000, Error: 0,0000 s
abr 04, 2013 12:33:19 PM org.ros.time.RemoteUptimeClock update
INFO: Latency: 31,0000 s, Delta ratio: 0,5000, Drift: 2,000, Error reduction coefficient: 0,000, Error: 0,0000 s
abr 04, 2013 12:33:19 PM org.ros.time.RemoteUptimeClock update
INFO: Latency: 31,0000 s, Delta ratio: 0,5000, Drift: 2,000, Error reduction coefficient: 0,000, Error: 0,0000 s
abr 04, 2013 12:33:19 PM org.ros.time.RemoteUptimeClock update
INFO: Latency: 31,0000 s, Delta ratio: 0,5000, Drift: 2,000, Error reduction coefficient: 0,000, Error: 0,0000 s
abr 04, 2013 12:33:19 PM org.ros.time.RemoteUptimeClock update
INFO: Latency: 31,0000 s, Delta ratio: 0,5000, Drift: 2,000, Error reduction coefficient: 0,000, Error: 0,0000 s
abr 04, 2013 12:33:19 PM org.ros.time.RemoteUptimeClock update
INFO: Latency: 31,0000 s, Delta ratio: 0,5000, Drift: 2,000, Error reduction coefficient: 0,000, Error: 0,0000 s
abr 04, 2013 12:33:19 PM org.ros.time.RemoteUptimeClock update
INFO: Latency: 31,0000 s, Delta ratio: 0,5000, Drift: 2,000, Error reduction coefficient: 0,000, Error: 0,0000 s
abr 04, 2013 12:33:19 PM org.ros.time.RemoteUptimeClock update
INFO: Latency: 31,0000 s, Delta ratio: 0,5000, Drift: 2,000, Error reduction coefficient: 0,000, Error: 0,0000 s
abr 04, 2013 12:33:19 PM org.ros.time.RemoteUptimeClock update
INFO: Latency: 31,0000 s, Delta ratio: 0,5000, Drift: 2,000, Error reduction coefficient: 0,000, Error: 0,0000 s
abr 04, 2013 12:33:19 PM org.ros.time.RemoteUptimeClock update
INFO: Latency: 31,0000 s, Delta ratio: 0,5000, Drift: 2,000, Error reduction coefficient: 0,000, Error: 0,0000 s
abr 04, 2013 12:33:19 PM org.ros.time.RemoteUptimeClock update
INFO: Latency: 31,0000 s, Delta ratio: 0,5000, Drift: 2,000, Error reduction coefficient: 0,000, Error: 0,0000 s
abr 04, 2013 12:33:19 PM org.ros.time.RemoteUptimeClock update
INFO: Latency: 31,0000 s, Delta ratio: 0,5000, Drift: 2,000, Error reduction coefficient: 0,000, Error: 0,0000 s
abr 04, 2013 12:33:19 PM org.ros.time.RemoteUptimeClock update
INFO: Latency: 31,0000 s, Delta ratio: 0,5000, Drift: 2,000, Error reduction coefficient: 0,000, Error: 0,0000 s
abr 04, 2013 12:33:19 PM org.ros.time.RemoteUptimeClock update
INFO: Latency: 31,0000 s, Delta ratio: 0,5000, Drift: 2,000, Error reduction coefficient: 0,000, Error: 0,0000 s
abr 04, 2013 12:33:19 PM org.ros.time.RemoteUptimeClock update
INFO: Latency: 31,0000 s, Delta ratio: 0,5000, Drift: 2,000, Error reduction coefficient: 0,000, Error: 0,0000 s
abr 04, 2013 12:33:19 PM org.ros.time.RemoteUptimeClock update
INFO: Latency: 31,0000 s, Delta ratio: 0,5000, Drift: 2,000, Error reduction coefficient: 0,000, Error: 0,0000 s
abr 04, 2013 12:33:19 PM org.ros.time.RemoteUptimeClock update
INFO: Latency: 31,0000 s, Delta ratio: 0,5000, Drift: 2,000, Error reduction coefficient: 0,000, Error: 0,0000 s
abr 04, 2013 12:33:19 PM org.ros.time.RemoteUptimeClock update
INFO: Latency: 31,0000 s, Delta ratio: 0,5000, Drift: 2,000, Error reduction coefficient: 0,000, Error: 0,0000 s
abr 04, 2013 12:33:19 PM org.ros.time.RemoteUptimeClock update
INFO: Latency: 31,0000 s, Delta ratio: 0,5000, Drift: 2,000, Error reduction coefficient: 0,000, Error: 0,0000 s
abr 04, 2013 12:33:19 PM org.ros.time.RemoteUptimeClock update
INFO: Latency: 31,0000 s, Delta ratio: 0,5000, Drift: 2,000, Error reduction coefficient: 0,000, Error: 0,0000 s
abr 04, 2013 12:33:19 PM org.ros.time.RemoteUptimeClock update
INFO: Latency: 31,0000 s, Delta ratio: 0,5000, Drift: 2,000, Error reduction coefficient: 0,000, Error: 0,0000 s
abr 04, 2013 12:33:19 PM org.ros.time.RemoteUptimeClock update
INFO: Latency: 31,0000 s, Delta ratio: 0,5000, Drift: 2,000, Error reduction coefficient: 0,000, Error: 0,0000 s
abr 04, 2013 12:33:19 PM org.ros.time.RemoteUptimeClock update
INFO: Latency: 31,0000 s, Delta ratio: 0,5000, Drift: 2,000, Error reduction coefficient: 0,000, Error: 0,0000 s
abr 04, 2013 12:33:19 PM org.ros.time.RemoteUptimeClock update
INFO: Latency: 31,0000 s, Delta ratio: 0,5000, Drift: 2,000, Error reduction coefficient: 0,000, Error: 0,0000 s
abr 04, 2013 12:33:19 PM org.ros.time.RemoteUptimeClock update
INFO: Latency: 31,0000 s, Delta ratio: 0,5000, Drift: 2,000, Error reduction coefficient: 0,000, Error: 0,0000 s
abr 04, 2013 12:33:19 PM org.ros.time.RemoteUptimeClock update
INFO: Latency: 31,0000 s, Delta ratio: 0,5000, Drift: 2,000, Error reduction coefficient: 0,000, Error: 0,0000 s
abr 04, 2013 12:33:19 PM org.ros.time.RemoteUptimeClock update
INFO: Latency: 31,0000 s, Delta ratio: 0,5000, Drift: 2,000, Error reduction coefficient: 0,000, Error: 0,0000 s
abr 04, 2013 12:33:19 PM org.ros.time.RemoteUptimeClock update
INFO: Latency: 31,0000 s, Delta ratio: 0,5000, Drift: 2,000, Error reduction coefficient: 0,000, Error: 0,0000 s
abr 04, 2013 12:33:19 PM org.ros.time.RemoteUptimeClock update
INFO: Latency: 31,0000 s, Delta ratio: 0,5000, Drift: 2,000, Error reduction coefficient: 0,000, Error: 0,0000 s
abr 04, 2013 12:33:19 PM org.ros.time.RemoteUptimeClock update
INFO: Latency: 31,0000 s, Delta ratio: 0,5000, Drift: 2,000, Error reduction coefficient: 0,000, Error: 0,0000 s
abr 04, 2013 12:33:19 PM org.ros.time.RemoteUptimeClock update
INFO: Latency: 31,0000 s, Delta ratio: 0,5000, Drift: 2,000, Error reduction coefficient: 0,000, Error: 0,0000 s
abr 04, 2013 12:33:19 PM org.ros.time.RemoteUptimeClock update
INFO: Latency: 31,0000 s, Delta ratio: 0,5000, Drift: 2,000, Error reduction coefficient: 0,000, Error: 0,0000 s
abr 04, 2013 12:33:19 PM org.ros.time.RemoteUptimeClock update
INFO: Latency: 31,0000 s, Delta ratio: 0,5000, Drift: 2,000, Error reduction coefficient: 0,000, Error: 0,0000 s
abr 04, 2013 12:33:19 PM org.ros.time.RemoteUptimeClock update
INFO: Latency: 31,0000 s, Delta ratio: 0,5000, Drift: 2,000, Error reduction coefficient: 0,000, Error: 0,0000 s
abr 04, 2013 12:33:19 PM org.ros.time.RemoteUptimeClock update
INFO: Latency: 31,0000 s, Delta ratio: 0,5000, Drift: 2,000, Error reduction coefficient: 0,000, Error: 0,0000 s
abr 04, 2013 12:33:19 PM org.ros.time.RemoteUptimeClock update
INFO: Latency: 31,0000 s, Delta ratio: 0,5000, Drift: 2,000, Error reduction coefficient: 0,000, Error: 0,0000 s
abr 04, 2013 12:33:19 PM org.ros.time.RemoteUptimeClock update
INFO: Latency: 31,0000 s, Delta ratio: 0,5000, Drift: 2,000, Error reduction coefficient: 0,000, Error: 0,0000 s
abr 04, 2013 12:33:19 PM org.ros.time.RemoteUptimeClock update
INFO: Latency: 31,0000 s, Delta ratio: 0,5000, Drift: 2,000, Error reduction coefficient: 0,000, Error: 0,0000 s
abr 04, 2013 12:33:19 PM org.ros.time.RemoteUptimeClock update
INFO: Latency: 31,0000 s, Delta ratio: 0,5000, Drift: 2,000, Error reduction coefficient: 0,000, Error: 0,0000 s
abr 04, 2013 12:33:19 PM org.ros.time.RemoteUptimeClock update
INFO: Latency: 31,0000 s, Delta ratio: 0,5000, Drift: 2,000, Error reduction coefficient: 0,000, Error: 0,0000 s
abr 04, 2013 12:33:19 PM org.ros.time.RemoteUptimeClock update
INFO: Latency: 31,0000 s, Delta ratio: 0,5000, Drift: 2,000, Error reduction coefficient: 0,000, Error: 0,0000 s
abr 04, 2013 12:33:19 PM org.ros.time.RemoteUptimeClock update
INFO: Latency: 31,0000 s, Delta ratio: 0,5000, Drift: 2,000, Error reduction coefficient: 0,000, Error: 0,0000 s
abr 04, 2013 12:33:19 PM org.ros.time.RemoteUptimeClock update
INFO: Latency: 31,0000 s, Delta ratio: 0,5000, Drift: 2,000, Error reduction coefficient: 0,000, Error: 0,0000 s
abr 04, 2013 12:33:19 PM org.ros.time.RemoteUptimeClock update
INFO: Latency: 31,0000 s, Delta ratio: 0,5000, Drift: 2,000, Error reduction coefficient: 0,000, Error: 0,0000 s
abr 04, 2013 12:33:19 PM org.ros.time.RemoteUptimeClock update
INFO: Latency: 31,0000 s, Delta ratio: 0,5000, Drift: 2,000, Error reduction coefficient: 0,000, Error: 0,0000 s
abr 04, 2013 12:33:19 PM org.ros.time.RemoteUptimeClock update
INFO: Latency: 31,0000 s, Delta ratio: 0,5000, Drift: 2,000, Error reduction coefficient: 0,000, Error: 0,0000 s
abr 04, 2013 12:33:19 PM org.ros.time.RemoteUptimeClock update
INFO: Latency: 31,0000 s, Delta ratio: 0,5000, Drift: 2,000, Error reduction coefficient: 0,000, Error: 0,0000 s
abr 04, 2013 12:33:19 PM org.ros.time.RemoteUptimeClock update
INFO: Latency: 31,0000 s, Delta ratio: 0,5000, Drift: 2,000, Error reduction coefficient: 0,000, Error: 0,0000 s
abr 04, 2013 12:33:19 PM org.ros.time.RemoteUptimeClock update
INFO: Latency: 31,0000 s, Delta ratio: 0,5000, Drift: 2,000, Error reduction coefficient: 0,000, Error: 0,0000 s
abr 04, 2013 12:33:19 PM org.ros.time.RemoteUptimeClock update
INFO: Latency: 31,0000 s, Delta ratio: 0,5000, Drift: 2,000, Error reduction coefficient: 0,000, Error: 0,0000 s
abr 04, 2013 12:33:19 PM org.ros.time.RemoteUptimeClock update
INFO: Latency: 31,0000 s, Delta ratio: 0,5000, Drift: 2,000, Error reduction coefficient: 0,000, Error: 0,0000 s
abr 04, 2013 12:33:19 PM org.ros.time.RemoteUptimeClock update
INFO: Latency: 31,0000 s, Delta ratio: 0,5000, Drift: 2,000, Error reduction coefficient: 0,000, Error: 0,0000 s
abr 04, 2013 12:33:19 PM org.ros.time.RemoteUptimeClock update
INFO: Latency: 31,0000 s, Delta ratio: 0,5000, Drift: 2,000, Error reduction coefficient: 0,000, Error: 0,0000 s
abr 04, 2013 12:33:19 PM org.ros.time.RemoteUptimeClock update
INFO: Latency: 31,0000 s, Delta ratio: 0,5000, Drift: 2,000, Error reduction coefficient: 0,000, Error: 0,0000 s
abr 04, 2013 12:33:19 PM org.ros.time.RemoteUptimeClock update
INFO: Latency: 31,0000 s, Delta ratio: 0,5000, Drift: 2,000, Error reduction coefficient: 0,000, Error: 0,0000 s
abr 04, 2013 12:33:19 PM org.ros.time.RemoteUptimeClock update
INFO: Latency: 31,0000 s, Delta ratio: 0,5000, Drift: 2,000, Error reduction coefficient: 0,000, Error: 0,0000 s
abr 04, 2013 12:33:19 PM org.ros.time.RemoteUptimeClock update
INFO: Latency: 31,0000 s, Delta ratio: 0,5000, Drift: 2,000, Error reduction coefficient: 0,000, Error: 0,0000 s
abr 04, 2013 12:33:19 PM org.ros.time.RemoteUptimeClock update
INFO: Latency: 31,0000 s, Delta ratio: 0,5000, Drift: 2,000, Error reduction coefficient: 0,000, Error: 0,0000 s
abr 04, 2013 12:33:19 PM org.ros.time.RemoteUptimeClock update
INFO: Latency: 31,0000 s, Delta ratio: 0,5000, Drift: 2,000, Error reduction coefficient: 0,000, Error: 0,0000 s
abr 04, 2013 12:33:19 PM org.ros.time.RemoteUptimeClock update
INFO: Latency: 31,0000 s, Delta ratio: 0,5000, Drift: 2,000, Error reduction coefficient: 0,000, Error: 0,0000 s
abr 04, 2013 12:33:19 PM org.ros.time.RemoteUptimeClock update
INFO: Latency: 31,0000 s, Delta ratio: 0,5000, Drift: 2,000, Error reduction coefficient: 0,000, Error: 0,0000 s
abr 04, 2013 12:33:19 PM org.ros.time.RemoteUptimeClock update
INFO: Latency: 31,0000 s, Delta ratio: 0,5000, Drift: 2,000, Error reduction coefficient: 0,000, Error: 0,0000 s
abr 04, 2013 12:33:19 PM org.ros.time.RemoteUptimeClock update
INFO: Latency: 31,0000 s, Delta ratio: 0,5000, Drift: 2,000, Error reduction coefficient: 0,000, Error: 0,0000 s
abr 04, 2013 12:33:19 PM org.ros.time.RemoteUptimeClock update
INFO: Latency: 31,0000 s, Delta ratio: 0,5000, Drift: 2,000, Error reduction coefficient: 0,000, Error: 0,0000 s
abr 04, 2013 12:33:19 PM org.ros.time.RemoteUptimeClock update
INFO: Latency: 31,0000 s, Delta ratio: 0,5000, Drift: 2,000, Error reduction coefficient: 0,000, Error: 0,0000 s
abr 04, 2013 12:33:19 PM org.ros.time.RemoteUptimeClock update
INFO: Latency: 31,0000 s, Delta ratio: 0,5000, Drift: 2,000, Error reduction coefficient: 0,000, Error: 0,0000 s
abr 04, 2013 12:33:19 PM org.ros.time.RemoteUptimeClock update
INFO: Latency: 31,0000 s, Delta ratio: 0,5000, Drift: 2,000, Error reduction coefficient: 0,000, Error: 0,0000 s
abr 04, 2013 12:33:19 PM org.ros.time.RemoteUptimeClock update
INFO: Latency: 31,0000 s, Delta ratio: 0,5000, Drift: 2,000, Error reduction coefficient: 0,000, Error: 0,0000 s
abr 04, 2013 12:33:19 PM org.ros.time.RemoteUptimeClock update
INFO: Latency: 31,0000 s, Delta ratio: 0,5000, Drift: 2,000, Error reduction coefficient: 0,000, Error: 0,0000 s
abr 04, 2013 12:33:19 PM org.ros.time.RemoteUptimeClock update
INFO: Latency: 31,0000 s, Delta ratio: 0,5000, Drift: 2,000, Error reduction coefficient: 0,000, Error: 0,0000 s
abr 04, 2013 12:33:19 PM org.ros.time.RemoteUptimeClock update
INFO: Latency: 31,0000 s, Delta ratio: 0,5000, Drift: 2,000, Error reduction coefficient: 0,000, Error: 0,0000 s
abr 04, 2013 12:33:19 PM org.ros.time.RemoteUptimeClock update
INFO: Latency: 31,0000 s, Delta ratio: 0,5000, Drift: 2,000, Error reduction coefficient: 0,000, Error: 0,0000 s
abr 04, 2013 12:33:19 PM org.ros.time.RemoteUptimeClock update
INFO: Latency: 31,0000 s, Delta ratio: 0,5000, Drift: 2,000, Error reduction coefficient: 0,000, Error: 0,0000 s
abr 04, 2013 12:33:19 PM org.ros.time.RemoteUptimeClock update
INFO: Latency: 31,0000 s, Delta ratio: 0,5000, Drift: 2,000, Error reduction coefficient: 0,000, Error: 0,0000 s
abr 04, 2013 12:33:19 PM org.ros.time.RemoteUptimeClock update
INFO: Latency: 31,0000 s, Delta ratio: 0,5000, Drift: 2,000, Error reduction coefficient: 0,000, Error: 0,0000 s
abr 04, 2013 12:33:19 PM org.ros.time.RemoteUptimeClock update
INFO: Latency: 31,0000 s, Delta ratio: 0,5000, Drift: 2,000, Error reduction coefficient: 0,000, Error: 0,0000 s
abr 04, 2013 12:33:19 PM org.ros.time.RemoteUptimeClock update
INFO: Latency: 31,0000 s, Delta ratio: 0,5000, Drift: 2,000, Error reduction coefficient: 0,000, Error: 0,0000 s
abr 04, 2013 12:33:19 PM org.ros.time.RemoteUptimeClock update
INFO: Latency: 31,0000 s, Delta ratio: 0,5000, Drift: 2,000, Error reduction coefficient: 0,000, Error: 0,0000 s
abr 04, 2013 12:33:19 PM org.ros.time.RemoteUptimeClock update
INFO: Latency: 31,0000 s, Delta ratio: 0,5000, Drift: 2,000, Error reduction coefficient: 0,000, Error: 0,0000 s
abr 04, 2013 12:33:19 PM org.ros.time.RemoteUptimeClock update
INFO: Latency: 31,0000 s, Delta ratio: 0,5000, Drift: 2,000, Error reduction coefficient: 0,000, Error: 0,0000 s
abr 04, 2013 12:33:19 PM org.ros.time.RemoteUptimeClock update
INFO: Latency: 31,0000 s, Delta ratio: 0,5000, Drift: 2,000, Error reduction coefficient: 0,000, Error: 0,0000 s
abr 04, 2013 12:33:19 PM org.ros.time.RemoteUptimeClock update
INFO: Latency: 31,0000 s, Delta ratio: 0,5000, Drift: 2,000, Error reduction coefficient: 0,000, Error: 0,0000 s
abr 04, 2013 12:33:19 PM org.ros.time.RemoteUptimeClock update
INFO: Latency: 31,0000 s, Delta ratio: 0,5000, Drift: 2,000, Error reduction coefficient: 0,000, Error: 0,0000 s
abr 04, 2013 12:33:19 PM org.ros.time.RemoteUptimeClock update
INFO: Latency: 31,0000 s, Delta ratio: 0,5000, Drift: 2,000, Error reduction coefficient: 0,000, Error: 0,0000 s
abr 04, 2013 12:33:19 PM org.ros.time.RemoteUptimeClock update
INFO: Latency: 31,0000 s, Delta ratio: 0,5000, Drift: 2,000, Error reduction coefficient: 0,000, Error: 0,0000 s
abr 04, 2013 12:33:19 PM org.ros.time.RemoteUptimeClock update
INFO: Latency: 31,0000 s, Delta ratio: 0,5000, Drift: 2,000, Error reduction coefficient: 0,000, Error: 0,0000 s
abr 04, 2013 12:33:19 PM org.ros.time.RemoteUptimeClock update
INFO: Latency: 31,0000 s, Delta ratio: 0,5000, Drift: 2,000, Error reduction coefficient: 0,000, Error: 0,0000 s
abr 04, 2013 12:33:19 PM org.ros.time.RemoteUptimeClock update
INFO: Latency: 31,0000 s, Delta ratio: 0,5000, Drift: 2,000, Error reduction coefficient: 0,000, Error: 0,0000 s
abr 04, 2013 12:33:19 PM org.ros.time.RemoteUptimeClock update
INFO: Latency: 31,0000 s, Delta ratio: 0,5000, Drift: 2,000, Error reduction coefficient: 0,000, Error: 0,0000 s
abr 04, 2013 12:33:19 PM org.ros.time.RemoteUptimeClock update
INFO: Latency: 31,0000 s, Delta ratio: 0,5000, Drift: 2,000, Error reduction coefficient: 0,000, Error: 0,0000 s
abr 04, 2013 12:33:19 PM org.ros.time.RemoteUptimeClock update
INFO: Latency: 31,0000 s, Delta ratio: 0,5000, Drift: 2,000, Error reduction coefficient: 0,000, Error: 0,0000 s
abr 04, 2013 12:33:19 PM org.ros.time.RemoteUptimeClock update
INFO: Latency: 31,0000 s, Delta ratio: 0,5000, Drift: 2,000, Error reduction coefficient: 0,000, Error: 0,0000 s
abr 04, 2013 12:33:19 PM org.ros.time.RemoteUptimeClock update
INFO: Latency: 31,0000 s, Delta ratio: 0,5000, Drift: 2,000, Error reduction coefficient: 0,000, Error: 0,0000 s
abr 04, 2013 12:33:19 PM org.ros.time.RemoteUptimeClock update
INFO: Latency: 31,0000 s, Delta ratio: 0,5000, Drift: 2,000, Error reduction coefficient: 0,000, Error: 0,0000 s
abr 04, 2013 12:33:19 PM org.ros.time.RemoteUptimeClock update
INFO: Latency: 31,0000 s, Delta ratio: 0,5000, Drift: 2,000, Error reduction coefficient: 0,000, Error: 0,0000 s
abr 04, 2013 12:33:19 PM org.ros.time.RemoteUptimeClock update
INFO: Latency: 31,0000 s, Delta ratio: 0,5000, Drift: 2,000, Error reduction coefficient: 0,000, Error: 0,0000 s
abr 04, 2013 12:33:19 PM org.ros.time.RemoteUptimeClock update
INFO: Latency: 31,0000 s, Delta ratio: 0,5000, Drift: 2,000, Error reduction coefficient: 0,000, Error: 0,0000 s
abr 04, 2013 12:33:19 PM org.ros.time.RemoteUptimeClock update
INFO: Latency: 31,0000 s, Delta ratio: 0,5000, Drift: 2,000, Error reduction coefficient: 0,000, Error: 0,0000 s
abr 04, 2013 12:33:19 PM org.ros.time.RemoteUptimeClock update
INFO: Latency: 31,0000 s, Delta ratio: 0,5000, Drift: 2,000, Error reduction coefficient: 0,000, Error: 0,0000 s
abr 04, 2013 12:33:19 PM org.ros.time.RemoteUptimeClock update
INFO: Latency: 31,0000 s, Delta ratio: 0,5000, Drift: 2,000, Error reduction coefficient: 0,000, Error: 0,0000 s
abr 04, 2013 12:33:19 PM org.ros.time.RemoteUptimeClock update
INFO: Latency: 31,0000 s, Delta ratio: 0,5000, Drift: 2,000, Error reduction coefficient: 0,000, Error: 0,0000 s
abr 04, 2013 12:33:19 PM org.ros.time.RemoteUptimeClock update
INFO: Latency: 31,0000 s, Delta ratio: 0,5000, Drift: 2,000, Error reduction coefficient: 0,000, Error: 0,0000 s
abr 04, 2013 12:33:19 PM org.ros.time.RemoteUptimeClock update
INFO: Latency: 31,0000 s, Delta ratio: 0,5000, Drift: 2,000, Error reduction coefficient: 0,000, Error: 0,0000 s
abr 04, 2013 12:33:19 PM org.ros.time.RemoteUptimeClock update
INFO: Latency: 31,0000 s, Delta ratio: 0,5000, Drift: 2,000, Error reduction coefficient: 0,000, Error: 0,0000 s
abr 04, 2013 12:33:19 PM org.ros.time.RemoteUptimeClock update
INFO: Latency: 31,0000 s, Delta ratio: 0,5000, Drift: 2,000, Error reduction coefficient: 0,000, Error: 0,0000 s
abr 04, 2013 12:33:19 PM org.ros.time.RemoteUptimeClock update
INFO: Latency: 31,0000 s, Delta ratio: 0,5000, Drift: 2,000, Error reduction coefficient: 0,000, Error: 0,0000 s
abr 04, 2013 12:33:19 PM org.ros.time.RemoteUptimeClock update
INFO: Latency: 31,0000 s, Delta ratio: 0,5000, Drift: 2,000, Error reduction coefficient: 0,000, Error: 0,0000 s
abr 04, 2013 12:33:19 PM org.ros.time.RemoteUptimeClock update
INFO: Latency: 31,0000 s, Delta ratio: 0,5000, Drift: 2,000, Error reduction coefficient: 0,000, Error: 0,0000 s
abr 04, 2013 12:33:19 PM org.ros.time.RemoteUptimeClock update
INFO: Latency: 31,0000 s, Delta ratio: 0,5000, Drift: 2,000, Error reduction coefficient: 0,000, Error: 0,0000 s
abr 04, 2013 12:33:19 PM org.ros.time.RemoteUptimeClock update
INFO: Latency: 31,0000 s, Delta ratio: 0,5000, Drift: 2,000, Error reduction coefficient: 0,000, Error: 0,0000 s
abr 04, 2013 12:33:19 PM org.ros.time.RemoteUptimeClock update
INFO: Latency: 31,0000 s, Delta ratio: 0,5000, Drift: 2,000, Error reduction coefficient: 0,000, Error: 0,0000 s
abr 04, 2013 12:33:19 PM org.ros.time.RemoteUptimeClock update
INFO: Latency: 31,0000 s, Delta ratio: 0,5000, Drift: 2,000, Error reduction coefficient: 0,000, Error: 0,0000 s
abr 04, 2013 12:33:19 PM org.ros.time.RemoteUptimeClock update
INFO: Latency: 31,0000 s, Delta ratio: 0,5000, Drift: 2,000, Error reduction coefficient: 0,000, Error: 0,0000 s
abr 04, 2013 12:33:19 PM org.ros.time.RemoteUptimeClock update
INFO: Latency: 31,0000 s, Delta ratio: 0,5000, Drift: 2,000, Error reduction coefficient: 0,000, Error: 0,0000 s
abr 04, 2013 12:33:19 PM org.ros.time.RemoteUptimeClock update
INFO: Latency: 31,0000 s, Delta ratio: 0,5000, Drift: 2,000, Error reduction coefficient: 0,000, Error: 0,0000 s
abr 04, 2013 12:33:19 PM org.ros.time.RemoteUptimeClock update
INFO: Latency: 31,0000 s, Delta ratio: 0,5000, Drift: 2,000, Error reduction coefficient: 0,000, Error: 0,0000 s
abr 04, 2013 12:33:19 PM org.ros.time.RemoteUptimeClock update
INFO: Latency: 31,0000 s, Delta ratio: 0,5000, Drift: 2,000, Error reduction coefficient: 0,000, Error: 0,0000 s
abr 04, 2013 12:33:19 PM org.ros.time.RemoteUptimeClock update
INFO: Latency: 31,0000 s, Delta ratio: 0,5000, Drift: 2,000, Error reduction coefficient: 0,000, Error: 0,0000 s
abr 04, 2013 12:33:19 PM org.ros.time.RemoteUptimeClock update
INFO: Latency: 31,0000 s, Delta ratio: 0,5000, Drift: 2,000, Error reduction coefficient: 0,000, Error: 0,0000 s
abr 04, 2013 12:33:19 PM org.ros.time.RemoteUptimeClock update
INFO: Latency: 31,0000 s, Delta ratio: 0,5000, Drift: 2,000, Error reduction coefficient: 0,000, Error: 0,0000 s
abr 04, 2013 12:33:19 PM org.ros.time.RemoteUptimeClock update
INFO: Latency: 31,0000 s, Delta ratio: 0,5000, Drift: 2,000, Error reduction coefficient: 0,000, Error: 0,0000 s
abr 04, 2013 12:33:19 PM org.ros.time.RemoteUptimeClock update
INFO: Latency: 31,0000 s, Delta ratio: 0,5000, Drift: 2,000, Error reduction coefficient: 0,000, Error: 0,0000 s
abr 04, 2013 12:33:19 PM org.ros.time.RemoteUptimeClock update
INFO: Latency: 31,0000 s, Delta ratio: 0,5000, Drift: 2,000, Error reduction coefficient: 0,000, Error: 0,0000 s
abr 04, 2013 12:33:19 PM org.ros.time.RemoteUptimeClock update
INFO: Latency: 31,0000 s, Delta ratio: 0,5000, Drift: 2,000, Error reduction coefficient: 0,000, Error: 0,0000 s
abr 04, 2013 12:33:19 PM org.ros.time.RemoteUptimeClock update
INFO: Latency: 31,0000 s, Delta ratio: 0,5000, Drift: 2,000, Error reduction coefficient: 0,000, Error: 0,0000 s
abr 04, 2013 12:33:19 PM org.ros.time.RemoteUptimeClock update
INFO: Latency: 31,0000 s, Delta ratio: 0,5000, Drift: 2,000, Error reduction coefficient: 0,000, Error: 0,0000 s
abr 04, 2013 12:33:19 PM org.ros.time.RemoteUptimeClock update
INFO: Latency: 31,0000 s, Delta ratio: 0,5000, Drift: 2,000, Error reduction coefficient: 0,000, Error: 0,0000 s
abr 04, 2013 12:33:19 PM org.ros.time.RemoteUptimeClock update
INFO: Latency: 31,0000 s, Delta ratio: 0,5000, Drift: 2,000, Error reduction coefficient: 0,000, Error: 0,0000 s
abr 04, 2013 12:33:19 PM org.ros.time.RemoteUptimeClock update
INFO: Latency: 31,0000 s, Delta ratio: 0,5000, Drift: 2,000, Error reduction coefficient: 0,000, Error: 0,0000 s
abr 04, 2013 12:33:19 PM org.ros.time.RemoteUptimeClock update
INFO: Latency: 31,0000 s, Delta ratio: 0,5000, Drift: 2,000, Error reduction coefficient: 0,000, Error: 0,0000 s
abr 04, 2013 12:33:19 PM org.ros.time.RemoteUptimeClock update
INFO: Latency: 31,0000 s, Delta ratio: 0,5000, Drift: 2,000, Error reduction coefficient: 0,000, Error: 0,0000 s
abr 04, 2013 12:33:19 PM org.ros.time.RemoteUptimeClock update
INFO: Latency: 31,0000 s, Delta ratio: 0,5000, Drift: 2,000, Error reduction coefficient: 0,000, Error: 0,0000 s
abr 04, 2013 12:33:19 PM org.ros.time.RemoteUptimeClock update
INFO: Latency: 31,0000 s, Delta ratio: 0,5000, Drift: 2,000, Error reduction coefficient: 0,000, Error: 0,0000 s
abr 04, 2013 12:33:19 PM org.ros.time.RemoteUptimeClock update
INFO: Latency: 31,0000 s, Delta ratio: 0,5000, Drift: 2,000, Error reduction coefficient: 0,000, Error: 0,0000 s
abr 04, 2013 12:33:19 PM org.ros.time.RemoteUptimeClock update
INFO: Latency: 31,0000 s, Delta ratio: 0,5000, Drift: 2,000, Error reduction coefficient: 0,000, Error: 0,0000 s
abr 04, 2013 12:33:19 PM org.ros.time.RemoteUptimeClock update
INFO: Latency: 31,0000 s, Delta ratio: 0,5000, Drift: 2,000, Error reduction coefficient: 0,000, Error: 0,0000 s
abr 04, 2013 12:33:19 PM org.ros.time.RemoteUptimeClock update
INFO: Latency: 31,0000 s, Delta ratio: 0,5000, Drift: 2,000, Error reduction coefficient: 0,000, Error: 0,0000 s
abr 04, 2013 12:33:19 PM org.ros.time.RemoteUptimeClock update
INFO: Latency: 31,0000 s, Delta ratio: 0,5000, Drift: 2,000, Error reduction coefficient: 0,000, Error: 0,0000 s
abr 04, 2013 12:33:19 PM org.ros.time.RemoteUptimeClock update
INFO: Latency: 31,0000 s, Delta ratio: 0,5000, Drift: 2,000, Error reduction coefficient: 0,000, Error: 0,0000 s
abr 04, 2013 12:33:19 PM org.ros.time.RemoteUptimeClock update
INFO: Latency: 31,0000 s, Delta ratio: 0,5000, Drift: 2,000, Error reduction coefficient: 0,000, Error: 0,0000 s
abr 04, 2013 12:33:19 PM org.ros.time.RemoteUptimeClock update
INFO: Latency: 31,0000 s, Delta ratio: 0,5000, Drift: 2,000, Error reduction coefficient: 0,000, Error: 0,0000 s
abr 04, 2013 12:33:19 PM org.ros.time.RemoteUptimeClock update
INFO: Latency: 31,0000 s, Delta ratio: 0,5000, Drift: 2,000, Error reduction coefficient: 0,000, Error: 0,0000 s
abr 04, 2013 12:33:19 PM org.ros.time.RemoteUptimeClock update
INFO: Latency: 31,0000 s, Delta ratio: 0,5000, Drift: 2,000, Error reduction coefficient: 0,000, Error: 0,0000 s
abr 04, 2013 12:33:19 PM org.ros.time.RemoteUptimeClock update
INFO: Latency: 31,0000 s, Delta ratio: 0,5000, Drift: 2,000, Error reduction coefficient: 0,000, Error: 0,0000 s
abr 04, 2013 12:33:19 PM org.ros.time.RemoteUptimeClock update
INFO: Latency: 31,0000 s, Delta ratio: 0,5000, Drift: 2,000, Error reduction coefficient: 0,000, Error: 0,0000 s
abr 04, 2013 12:33:19 PM org.ros.time.RemoteUptimeClock update
INFO: Latency: 31,0000 s, Delta ratio: 0,5000, Drift: 2,000, Error reduction coefficient: 0,000, Error: 0,0000 s
abr 04, 2013 12:33:19 PM org.ros.time.RemoteUptimeClock update
INFO: Latency: 31,0000 s, Delta ratio: 0,5000, Drift: 2,000, Error reduction coefficient: 0,000, Error: 0,0000 s
abr 04, 2013 12:33:19 PM org.ros.time.RemoteUptimeClock update
INFO: Latency: 31,0000 s, Delta ratio: 0,5000, Drift: 2,000, Error reduction coefficient: 0,000, Error: 0,0000 s
abr 04, 2013 12:33:19 PM org.ros.time.RemoteUptimeClock update
INFO: Latency: 31,0000 s, Delta ratio: 0,5000, Drift: 2,000, Error reduction coefficient: 0,000, Error: 0,0000 s
abr 04, 2013 12:33:19 PM org.ros.time.RemoteUptimeClock update
INFO: Latency: 31,0000 s, Delta ratio: 0,5000, Drift: 2,000, Error reduction coefficient: 0,000, Error: 0,0000 s
abr 04, 2013 12:33:19 PM org.ros.time.RemoteUptimeClock update
INFO: Latency: 31,0000 s, Delta ratio: 0,5000, Drift: 2,000, Error reduction coefficient: 0,000, Error: 0,0000 s
abr 04, 2013 12:33:19 PM org.ros.time.RemoteUptimeClock update
INFO: Latency: 31,0000 s, Delta ratio: 0,5000, Drift: 2,000, Error reduction coefficient: 0,000, Error: 0,0000 s
abr 04, 2013 12:33:19 PM org.ros.time.RemoteUptimeClock update
INFO: Latency: 31,0000 s, Delta ratio: 0,5000, Drift: 2,000, Error reduction coefficient: 0,000, Error: 0,0000 s
abr 04, 2013 12:33:19 PM org.ros.time.RemoteUptimeClock update
INFO: Latency: 31,0000 s, Delta ratio: 0,5000, Drift: 2,000, Error reduction coefficient: 0,000, Error: 0,0000 s
abr 04, 2013 12:33:19 PM org.ros.time.RemoteUptimeClock update
INFO: Latency: 31,0000 s, Delta ratio: 0,5000, Drift: 2,000, Error reduction coefficient: 0,000, Error: 0,0000 s
abr 04, 2013 12:33:19 PM org.ros.time.RemoteUptimeClock update
INFO: Latency: 31,0000 s, Delta ratio: 0,5000, Drift: 2,000, Error reduction coefficient: 0,000, Error: 0,0000 s
abr 04, 2013 12:33:19 PM org.ros.time.RemoteUptimeClock update
INFO: Latency: 31,0000 s, Delta ratio: 0,5000, Drift: 2,000, Error reduction coefficient: 0,000, Error: 0,0000 s
abr 04, 2013 12:33:19 PM org.ros.time.RemoteUptimeClock update
INFO: Latency: 31,0000 s, Delta ratio: 0,5000, Drift: 2,000, Error reduction coefficient: 0,000, Error: 0,0000 s
abr 04, 2013 12:33:19 PM org.ros.time.RemoteUptimeClock update
INFO: Latency: 31,0000 s, Delta ratio: 0,5000, Drift: 2,000, Error reduction coefficient: 0,000, Error: 0,0000 s
abr 04, 2013 12:33:20 PM org.ros.time.RemoteUptimeClock update
INFO: Latency: 31,0000 s, Delta ratio: 0,5000, Drift: 2,000, Error reduction coefficient: 0,000, Error: 0,0000 s
abr 04, 2013 12:33:20 PM org.ros.time.RemoteUptimeClock update
INFO: Latency: 31,0000 s, Delta ratio: 0,5000, Drift: 2,000, Error reduction coefficient: 0,000, Error: 0,0000 s
abr 04, 2013 12:33:20 PM org.ros.time.RemoteUptimeClock update
INFO: Latency: 31,0000 s, Delta ratio: 0,5000, Drift: 2,000, Error reduction coefficient: 0,000, Error: 0,0000 s
abr 04, 2013 12:33:20 PM org.ros.time.RemoteUptimeClock update
INFO: Latency: 31,0000 s, Delta ratio: 0,5000, Drift: 2,000, Error reduction coefficient: 0,000, Error: 0,0000 s
abr 04, 2013 12:33:20 PM org.ros.time.RemoteUptimeClock update
INFO: Latency: 31,0000 s, Delta ratio: 0,5000, Drift: 2,000, Error reduction coefficient: 0,000, Error: 0,0000 s
abr 04, 2013 12:33:20 PM org.ros.time.RemoteUptimeClock update
INFO: Latency: 31,0000 s, Delta ratio: 0,5000, Drift: 2,000, Error reduction coefficient: 0,000, Error: 0,0000 s
abr 04, 2013 12:33:20 PM org.ros.time.RemoteUptimeClock update
INFO: Latency: 31,0000 s, Delta ratio: 0,5000, Drift: 2,000, Error reduction coefficient: 0,000, Error: 0,0000 s
abr 04, 2013 12:33:20 PM org.ros.time.RemoteUptimeClock update
INFO: Latency: 31,0000 s, Delta ratio: 0,5000, Drift: 2,000, Error reduction coefficient: 0,000, Error: 0,0000 s
abr 04, 2013 12:33:20 PM org.ros.time.RemoteUptimeClock update
INFO: Latency: 31,0000 s, Delta ratio: 0,5000, Drift: 2,000, Error reduction coefficient: 0,000, Error: 0,0000 s
abr 04, 2013 12:33:20 PM org.ros.time.RemoteUptimeClock update
INFO: Latency: 31,0000 s, Delta ratio: 0,5000, Drift: 2,000, Error reduction coefficient: 0,000, Error: 0,0000 s
abr 04, 2013 12:33:20 PM org.ros.time.RemoteUptimeClock update
INFO: Latency: 31,0000 s, Delta ratio: 0,5000, Drift: 2,000, Error reduction coefficient: 0,000, Error: 0,0000 s
abr 04, 2013 12:33:20 PM org.ros.time.RemoteUptimeClock update
INFO: Latency: 31,0000 s, Delta ratio: 0,5000, Drift: 2,000, Error reduction coefficient: 0,000, Error: 0,0000 s
abr 04, 2013 12:33:20 PM org.ros.time.RemoteUptimeClock update
INFO: Latency: 31,0000 s, Delta ratio: 0,5000, Drift: 2,000, Error reduction coefficient: 0,000, Error: 0,0000 s
abr 04, 2013 12:33:20 PM org.ros.time.RemoteUptimeClock update
INFO: Latency: 31,0000 s, Delta ratio: 0,5000, Drift: 2,000, Error reduction coefficient: 0,000, Error: 0,0000 s
abr 04, 2013 12:33:20 PM org.ros.time.RemoteUptimeClock update
INFO: Latency: 31,0000 s, Delta ratio: 0,5000, Drift: 2,000, Error reduction coefficient: 0,000, Error: 0,0000 s
abr 04, 2013 12:33:20 PM org.ros.time.RemoteUptimeClock update
INFO: Latency: 31,0000 s, Delta ratio: 0,5000, Drift: 2,000, Error reduction coefficient: 0,000, Error: 0,0000 s
abr 04, 2013 12:33:20 PM org.ros.time.RemoteUptimeClock update
INFO: Latency: 31,0000 s, Delta ratio: 0,5000, Drift: 2,000, Error reduction coefficient: 0,000, Error: 0,0000 s
abr 04, 2013 12:33:20 PM org.ros.time.RemoteUptimeClock update
INFO: Latency: 31,0000 s, Delta ratio: 0,5000, Drift: 2,000, Error reduction coefficient: 0,000, Error: 0,0000 s
abr 04, 2013 12:33:20 PM org.ros.time.RemoteUptimeClock update
INFO: Latency: 31,0000 s, Delta ratio: 0,5000, Drift: 2,000, Error reduction coefficient: 0,000, Error: 0,0000 s
abr 04, 2013 12:33:20 PM org.ros.time.RemoteUptimeClock update
INFO: Latency: 31,0000 s, Delta ratio: 0,5000, Drift: 2,000, Error reduction coefficient: 0,000, Error: 0,0000 s
abr 04, 2013 12:33:20 PM org.ros.time.RemoteUptimeClock update
INFO: Latency: 31,0000 s, Delta ratio: 0,5000, Drift: 2,000, Error reduction coefficient: 0,000, Error: 0,0000 s
abr 04, 2013 12:33:20 PM org.ros.time.RemoteUptimeClock update
INFO: Latency: 31,0000 s, Delta ratio: 0,5000, Drift: 2,000, Error reduction coefficient: 0,000, Error: 0,0000 s
abr 04, 2013 12:33:20 PM org.ros.time.RemoteUptimeClock update
INFO: Latency: 31,0000 s, Delta ratio: 0,5000, Drift: 2,000, Error reduction coefficient: 0,000, Error: 0,0000 s
abr 04, 2013 12:33:20 PM org.ros.time.RemoteUptimeClock update
INFO: Latency: 31,0000 s, Delta ratio: 0,5000, Drift: 2,000, Error reduction coefficient: 0,000, Error: 0,0000 s
abr 04, 2013 12:33:20 PM org.ros.time.RemoteUptimeClock update
INFO: Latency: 31,0000 s, Delta ratio: 0,5000, Drift: 2,000, Error reduction coefficient: 0,000, Error: 0,0000 s
abr 04, 2013 12:33:20 PM org.ros.time.RemoteUptimeClock update
INFO: Latency: 31,0000 s, Delta ratio: 0,5000, Drift: 2,000, Error reduction coefficient: 0,000, Error: 0,0000 s
abr 04, 2013 12:33:20 PM org.ros.time.RemoteUptimeClock update
INFO: Latency: 31,0000 s, Delta ratio: 0,5000, Drift: 2,000, Error reduction coefficient: 0,000, Error: 0,0000 s
abr 04, 2013 12:33:20 PM org.ros.time.RemoteUptimeClock update
INFO: Latency: 31,0000 s, Delta ratio: 0,5000, Drift: 2,000, Error reduction coefficient: 0,000, Error: 0,0000 s
abr 04, 2013 12:33:20 PM org.ros.time.RemoteUptimeClock update
INFO: Latency: 31,0000 s, Delta ratio: 0,5000, Drift: 2,000, Error reduction coefficient: 0,000, Error: 0,0000 s
abr 04, 2013 12:33:20 PM org.ros.time.RemoteUptimeClock update
INFO: Latency: 31,0000 s, Delta ratio: 0,5000, Drift: 2,000, Error reduction coefficient: 0,000, Error: 0,0000 s
abr 04, 2013 12:33:20 PM org.ros.time.RemoteUptimeClock update
INFO: Latency: 31,0000 s, Delta ratio: 0,5000, Drift: 2,000, Error reduction coefficient: 0,000, Error: 0,0000 s
abr 04, 2013 12:33:20 PM org.ros.time.RemoteUptimeClock update
INFO: Latency: 31,0000 s, Delta ratio: 0,5000, Drift: 2,000, Error reduction coefficient: 0,000, Error: 0,0000 s
abr 04, 2013 12:33:20 PM org.ros.time.RemoteUptimeClock update
INFO: Latency: 31,0000 s, Delta ratio: 0,5000, Drift: 2,000, Error reduction coefficient: 0,000, Error: 0,0000 s
abr 04, 2013 12:33:20 PM org.ros.time.RemoteUptimeClock update
INFO: Latency: 31,0000 s, Delta ratio: 0,5000, Drift: 2,000, Error reduction coefficient: 0,000, Error: 0,0000 s
abr 04, 2013 12:33:20 PM org.ros.time.RemoteUptimeClock update
INFO: Latency: 31,0000 s, Delta ratio: 0,5000, Drift: 2,000, Error reduction coefficient: 0,000, Error: 0,0000 s
abr 04, 2013 12:33:20 PM org.ros.time.RemoteUptimeClock update
INFO: Latency: 31,0000 s, Delta ratio: 0,5000, Drift: 2,000, Error reduction coefficient: 0,000, Error: 0,0000 s
abr 04, 2013 12:33:20 PM org.ros.time.RemoteUptimeClock update
INFO: Latency: 31,0000 s, Delta ratio: 0,5000, Drift: 2,000, Error reduction coefficient: 0,000, Error: 0,0000 s
abr 04, 2013 12:33:20 PM org.ros.time.RemoteUptimeClock update
INFO: Latency: 31,0000 s, Delta ratio: 0,5000, Drift: 2,000, Error reduction coefficient: 0,000, Error: 0,0000 s
abr 04, 2013 12:33:20 PM org.ros.time.RemoteUptimeClock update
INFO: Latency: 31,0000 s, Delta ratio: 0,5000, Drift: 2,000, Error reduction coefficient: 0,000, Error: 0,0000 s
abr 04, 2013 12:33:20 PM org.ros.time.RemoteUptimeClock update
INFO: Latency: 31,0000 s, Delta ratio: 0,5000, Drift: 2,000, Error reduction coefficient: 0,000, Error: 0,0000 s
abr 04, 2013 12:33:20 PM org.ros.time.RemoteUptimeClock update
INFO: Latency: 31,0000 s, Delta ratio: 0,5000, Drift: 2,000, Error reduction coefficient: 0,000, Error: 0,0000 s
abr 04, 2013 12:33:20 PM org.ros.time.RemoteUptimeClock update
INFO: Latency: 31,0000 s, Delta ratio: 0,5000, Drift: 2,000, Error reduction coefficient: 0,000, Error: 0,0000 s
abr 04, 2013 12:33:20 PM org.ros.time.RemoteUptimeClock update
INFO: Latency: 31,0000 s, Delta ratio: 0,5000, Drift: 2,000, Error reduction coefficient: 0,000, Error: 0,0000 s
abr 04, 2013 12:33:20 PM org.ros.time.RemoteUptimeClock update
INFO: Latency: 31,0000 s, Delta ratio: 0,5000, Drift: 2,000, Error reduction coefficient: 0,000, Error: 0,0000 s
abr 04, 2013 12:33:20 PM org.ros.time.RemoteUptimeClock update
INFO: Latency: 31,0000 s, Delta ratio: 0,5000, Drift: 2,000, Error reduction coefficient: 0,000, Error: 0,0000 s
abr 04, 2013 12:33:20 PM org.ros.time.RemoteUptimeClock update
INFO: Latency: 31,0000 s, Delta ratio: 0,5000, Drift: 2,000, Error reduction coefficient: 0,000, Error: 0,0000 s
abr 04, 2013 12:33:20 PM org.ros.time.RemoteUptimeClock update
INFO: Latency: 31,0000 s, Delta ratio: 0,5000, Drift: 2,000, Error reduction coefficient: 0,000, Error: 0,0000 s
abr 04, 2013 12:33:20 PM org.ros.time.RemoteUptimeClock update
INFO: Latency: 31,0000 s, Delta ratio: 0,5000, Drift: 2,000, Error reduction coefficient: 0,000, Error: 0,0000 s
abr 04, 2013 12:33:20 PM org.ros.time.RemoteUptimeClock update
INFO: Latency: 31,0000 s, Delta ratio: 0,5000, Drift: 2,000, Error reduction coefficient: 0,000, Error: 0,0000 s
abr 04, 2013 12:33:20 PM org.ros.time.RemoteUptimeClock update
INFO: Latency: 31,0000 s, Delta ratio: 0,5000, Drift: 2,000, Error reduction coefficient: 0,000, Error: 0,0000 s
abr 04, 2013 12:33:20 PM org.ros.time.RemoteUptimeClock update
INFO: Latency: 31,0000 s, Delta ratio: 0,5000, Drift: 2,000, Error reduction coefficient: 0,000, Error: 0,0000 s
abr 04, 2013 12:33:20 PM org.ros.time.RemoteUptimeClock update
INFO: Latency: 31,0000 s, Delta ratio: 0,5000, Drift: 2,000, Error reduction coefficient: 0,000, Error: 0,0000 s
abr 04, 2013 12:33:20 PM org.ros.time.RemoteUptimeClock update
INFO: Latency: 31,0000 s, Delta ratio: 0,5000, Drift: 2,000, Error reduction coefficient: 0,000, Error: 0,0000 s
abr 04, 2013 12:33:20 PM org.ros.time.RemoteUptimeClock update
INFO: Latency: 31,0000 s, Delta ratio: 0,5000, Drift: 2,000, Error reduction coefficient: 0,000, Error: 0,0000 s
abr 04, 2013 12:33:20 PM org.ros.time.RemoteUptimeClock update
INFO: Latency: 31,0000 s, Delta ratio: 0,5000, Drift: 2,000, Error reduction coefficient: 0,000, Error: 0,0000 s
abr 04, 2013 12:33:20 PM org.ros.time.RemoteUptimeClock update
INFO: Latency: 31,0000 s, Delta ratio: 0,5000, Drift: 2,000, Error reduction coefficient: 0,000, Error: 0,0000 s
abr 04, 2013 12:33:20 PM org.ros.time.RemoteUptimeClock update
INFO: Latency: 31,0000 s, Delta ratio: 0,5000, Drift: 2,000, Error reduction coefficient: 0,000, Error: 0,0000 s
abr 04, 2013 12:33:20 PM org.ros.time.RemoteUptimeClock update
INFO: Latency: 31,0000 s, Delta ratio: 0,5000, Drift: 2,000, Error reduction coefficient: 0,000, Error: 0,0000 s
abr 04, 2013 12:33:20 PM org.ros.time.RemoteUptimeClock update
INFO: Latency: 31,0000 s, Delta ratio: 0,5000, Drift: 2,000, Error reduction coefficient: 0,000, Error: 0,0000 s
abr 04, 2013 12:33:20 PM org.ros.time.RemoteUptimeClock update
INFO: Latency: 31,0000 s, Delta ratio: 0,5000, Drift: 2,000, Error reduction coefficient: 0,000, Error: 0,0000 s
abr 04, 2013 12:33:20 PM org.ros.time.RemoteUptimeClock update
INFO: Latency: 31,0000 s, Delta ratio: 0,5000, Drift: 2,000, Error reduction coefficient: 0,000, Error: 0,0000 s
abr 04, 2013 12:33:20 PM org.ros.time.RemoteUptimeClock update
INFO: Latency: 31,0000 s, Delta ratio: 0,5000, Drift: 2,000, Error reduction coefficient: 0,000, Error: 0,0000 s
abr 04, 2013 12:33:20 PM org.ros.time.RemoteUptimeClock update
INFO: Latency: 31,0000 s, Delta ratio: 0,5000, Drift: 2,000, Error reduction coefficient: 0,000, Error: 0,0000 s
abr 04, 2013 12:33:20 PM org.ros.time.RemoteUptimeClock update
INFO: Latency: 31,0000 s, Delta ratio: 0,5000, Drift: 2,000, Error reduction coefficient: 0,000, Error: 0,0000 s
abr 04, 2013 12:33:20 PM org.ros.time.RemoteUptimeClock update
INFO: Latency: 31,0000 s, Delta ratio: 0,5000, Drift: 2,000, Error reduction coefficient: 0,000, Error: 0,0000 s
abr 04, 2013 12:33:20 PM org.ros.time.RemoteUptimeClock update
INFO: Latency: 31,0000 s, Delta ratio: 0,5000, Drift: 2,000, Error reduction coefficient: 0,000, Error: 0,0000 s
abr 04, 2013 12:33:20 PM org.ros.time.RemoteUptimeClock update
INFO: Latency: 31,0000 s, Delta ratio: 0,5000, Drift: 2,000, Error reduction coefficient: 0,000, Error: 0,0000 s
abr 04, 2013 12:33:20 PM org.ros.time.RemoteUptimeClock update
INFO: Latency: 31,0000 s, Delta ratio: 0,5000, Drift: 2,000, Error reduction coefficient: 0,000, Error: 0,0000 s
abr 04, 2013 12:33:20 PM org.ros.time.RemoteUptimeClock update
INFO: Latency: 31,0000 s, Delta ratio: 0,5000, Drift: 2,000, Error reduction coefficient: 0,000, Error: 0,0000 s
abr 04, 2013 12:33:20 PM org.ros.time.RemoteUptimeClock update
INFO: Latency: 31,0000 s, Delta ratio: 0,5000, Drift: 2,000, Error reduction coefficient: 0,000, Error: 0,0000 s
abr 04, 2013 12:33:20 PM org.ros.time.RemoteUptimeClock update
INFO: Latency: 31,0000 s, Delta ratio: 0,5000, Drift: 2,000, Error reduction coefficient: 0,000, Error: 0,0000 s
abr 04, 2013 12:33:20 PM org.ros.time.RemoteUptimeClock update
INFO: Latency: 31,0000 s, Delta ratio: 0,5000, Drift: 2,000, Error reduction coefficient: 0,000, Error: 0,0000 s
abr 04, 2013 12:33:20 PM org.ros.time.RemoteUptimeClock update
INFO: Latency: 31,0000 s, Delta ratio: 0,5000, Drift: 2,000, Error reduction coefficient: 0,000, Error: 0,0000 s
abr 04, 2013 12:33:20 PM org.ros.time.RemoteUptimeClock update
INFO: Latency: 31,0000 s, Delta ratio: 0,5000, Drift: 2,000, Error reduction coefficient: 0,000, Error: 0,0000 s
abr 04, 2013 12:33:20 PM org.ros.time.RemoteUptimeClock update
INFO: Latency: 31,0000 s, Delta ratio: 0,5000, Drift: 2,000, Error reduction coefficient: 0,000, Error: 0,0000 s
abr 04, 2013 12:33:20 PM org.ros.time.RemoteUptimeClock update
INFO: Latency: 31,0000 s, Delta ratio: 0,5000, Drift: 2,000, Error reduction coefficient: 0,000, Error: 0,0000 s
abr 04, 2013 12:33:20 PM org.ros.time.RemoteUptimeClock update
INFO: Latency: 31,0000 s, Delta ratio: 0,5000, Drift: 2,000, Error reduction coefficient: 0,000, Error: 0,0000 s
abr 04, 2013 12:33:20 PM org.ros.time.RemoteUptimeClock update
INFO: Latency: 31,0000 s, Delta ratio: 0,5000, Drift: 2,000, Error reduction coefficient: 0,000, Error: 0,0000 s
abr 04, 2013 12:33:20 PM org.ros.time.RemoteUptimeClock update
INFO: Latency: 31,0000 s, Delta ratio: 0,5000, Drift: 2,000, Error reduction coefficient: 0,000, Error: 0,0000 s
abr 04, 2013 12:33:20 PM org.ros.time.RemoteUptimeClock update
INFO: Latency: 31,0000 s, Delta ratio: 0,5000, Drift: 2,000, Error reduction coefficient: 0,000, Error: 0,0000 s
abr 04, 2013 12:33:20 PM org.ros.time.RemoteUptimeClock update
INFO: Latency: 31,0000 s, Delta ratio: 0,5000, Drift: 2,000, Error reduction coefficient: 0,000, Error: 0,0000 s
abr 04, 2013 12:33:20 PM org.ros.time.RemoteUptimeClock update
INFO: Latency: 31,0000 s, Delta ratio: 0,5000, Drift: 2,000, Error reduction coefficient: 0,000, Error: 0,0000 s
abr 04, 2013 12:33:20 PM org.ros.time.RemoteUptimeClock update
INFO: Latency: 31,0000 s, Delta ratio: 0,5000, Drift: 2,000, Error reduction coefficient: 0,000, Error: 0,0000 s
abr 04, 2013 12:33:20 PM org.ros.time.RemoteUptimeClock update
INFO: Latency: 31,0000 s, Delta ratio: 0,5000, Drift: 2,000, Error reduction coefficient: 0,000, Error: 0,0000 s
abr 04, 2013 12:33:20 PM org.ros.time.RemoteUptimeClock update
INFO: Latency: 31,0000 s, Delta ratio: 0,5000, Drift: 2,000, Error reduction coefficient: 0,000, Error: 0,0000 s
abr 04, 2013 12:33:20 PM org.ros.time.RemoteUptimeClock update
INFO: Latency: 31,0000 s, Delta ratio: 0,5000, Drift: 2,000, Error reduction coefficient: 0,000, Error: 0,0000 s
abr 04, 2013 12:33:20 PM org.ros.time.RemoteUptimeClock update
INFO: Latency: 31,0000 s, Delta ratio: 0,5000, Drift: 2,000, Error reduction coefficient: 0,000, Error: 0,0000 s
abr 04, 2013 12:33:20 PM org.ros.time.RemoteUptimeClock update
INFO: Latency: 31,0000 s, Delta ratio: 0,5000, Drift: 2,000, Error reduction coefficient: 0,000, Error: 0,0000 s
abr 04, 2013 12:33:20 PM org.ros.time.RemoteUptimeClock update
INFO: Latency: 31,0000 s, Delta ratio: 0,5000, Drift: 2,000, Error reduction coefficient: 0,000, Error: 0,0000 s
abr 04, 2013 12:33:20 PM org.ros.time.RemoteUptimeClock update
INFO: Latency: 31,0000 s, Delta ratio: 0,5000, Drift: 2,000, Error reduction coefficient: 0,000, Error: 0,0000 s
abr 04, 2013 12:33:20 PM org.ros.time.RemoteUptimeClock update
INFO: Latency: 31,0000 s, Delta ratio: 0,5000, Drift: 2,000, Error reduction coefficient: 0,000, Error: 0,0000 s
abr 04, 2013 12:33:20 PM org.ros.time.RemoteUptimeClock update
INFO: Latency: 31,0000 s, Delta ratio: 0,5000, Drift: 2,000, Error reduction coefficient: 0,000, Error: 0,0000 s
abr 04, 2013 12:33:20 PM org.ros.time.RemoteUptimeClock update
INFO: Latency: 31,0000 s, Delta ratio: 0,5000, Drift: 2,000, Error reduction coefficient: 0,000, Error: 0,0000 s
abr 04, 2013 12:33:20 PM org.ros.time.RemoteUptimeClock update
INFO: Latency: 31,0000 s, Delta ratio: 0,5000, Drift: 2,000, Error reduction coefficient: 0,000, Error: 0,0000 s
abr 04, 2013 12:33:20 PM org.ros.time.RemoteUptimeClock update
INFO: Latency: 31,0000 s, Delta ratio: 0,5000, Drift: 2,000, Error reduction coefficient: 0,000, Error: 0,0000 s
abr 04, 2013 12:33:20 PM org.ros.time.RemoteUptimeClock update
INFO: Latency: 31,0000 s, Delta ratio: 0,5000, Drift: 2,000, Error reduction coefficient: 0,000, Error: 0,0000 s
abr 04, 2013 12:33:20 PM org.ros.time.RemoteUptimeClock update
INFO: Latency: 31,0000 s, Delta ratio: 0,5000, Drift: 2,000, Error reduction coefficient: 0,000, Error: 0,0000 s
abr 04, 2013 12:33:20 PM org.ros.time.RemoteUptimeClock update
INFO: Latency: 31,0000 s, Delta ratio: 0,5000, Drift: 2,000, Error reduction coefficient: 0,000, Error: 0,0000 s
abr 04, 2013 12:33:20 PM org.ros.time.RemoteUptimeClock update
INFO: Latency: 31,0000 s, Delta ratio: 0,5000, Drift: 2,000, Error reduction coefficient: 0,000, Error: 0,0000 s
abr 04, 2013 12:33:20 PM org.ros.time.RemoteUptimeClock update
INFO: Latency: 31,0000 s, Delta ratio: 0,5000, Drift: 2,000, Error reduction coefficient: 0,000, Error: 0,0000 s
abr 04, 2013 12:33:20 PM org.ros.time.RemoteUptimeClock update
INFO: Latency: 31,0000 s, Delta ratio: 0,5000, Drift: 2,000, Error reduction coefficient: 0,000, Error: 0,0000 s
abr 04, 2013 12:33:20 PM org.ros.time.RemoteUptimeClock update
INFO: Latency: 31,0000 s, Delta ratio: 0,5000, Drift: 2,000, Error reduction coefficient: 0,000, Error: 0,0000 s
abr 04, 2013 12:33:20 PM org.ros.time.RemoteUptimeClock update
INFO: Latency: 31,0000 s, Delta ratio: 0,5000, Drift: 2,000, Error reduction coefficient: 0,000, Error: 0,0000 s
abr 04, 2013 12:33:20 PM org.ros.time.RemoteUptimeClock update
INFO: Latency: 31,0000 s, Delta ratio: 0,5000, Drift: 2,000, Error reduction coefficient: 0,000, Error: 0,0000 s
abr 04, 2013 12:33:20 PM org.ros.time.RemoteUptimeClock update
INFO: Latency: 31,0000 s, Delta ratio: 0,5000, Drift: 2,000, Error reduction coefficient: 0,000, Error: 0,0000 s
abr 04, 2013 12:33:20 PM org.ros.time.RemoteUptimeClock update
INFO: Latency: 31,0000 s, Delta ratio: 0,5000, Drift: 2,000, Error reduction coefficient: 0,000, Error: 0,0000 s
abr 04, 2013 12:33:20 PM org.ros.time.RemoteUptimeClock update
INFO: Latency: 31,0000 s, Delta ratio: 0,5000, Drift: 2,000, Error reduction coefficient: 0,000, Error: 0,0000 s
abr 04, 2013 12:33:20 PM org.ros.time.RemoteUptimeClock update
INFO: Latency: 31,0000 s, Delta ratio: 0,5000, Drift: 2,000, Error reduction coefficient: 0,000, Error: 0,0000 s
abr 04, 2013 12:33:20 PM org.ros.time.RemoteUptimeClock update
INFO: Latency: 31,0000 s, Delta ratio: 0,5000, Drift: 2,000, Error reduction coefficient: 0,000, Error: 0,0000 s
abr 04, 2013 12:33:20 PM org.ros.time.RemoteUptimeClock update
INFO: Latency: 31,0000 s, Delta ratio: 0,5000, Drift: 2,000, Error reduction coefficient: 0,000, Error: 0,0000 s
abr 04, 2013 12:33:20 PM org.ros.time.RemoteUptimeClock update
INFO: Latency: 31,0000 s, Delta ratio: 0,5000, Drift: 2,000, Error reduction coefficient: 0,000, Error: 0,0000 s
abr 04, 2013 12:33:20 PM org.ros.time.RemoteUptimeClock update
INFO: Latency: 31,0000 s, Delta ratio: 0,5000, Drift: 2,000, Error reduction coefficient: 0,000, Error: 0,0000 s
abr 04, 2013 12:33:20 PM org.ros.time.RemoteUptimeClock update
INFO: Latency: 31,0000 s, Delta ratio: 0,5000, Drift: 2,000, Error reduction coefficient: 0,000, Error: 0,0000 s
abr 04, 2013 12:33:20 PM org.ros.time.RemoteUptimeClock update
INFO: Latency: 31,0000 s, Delta ratio: 0,5000, Drift: 2,000, Error reduction coefficient: 0,000, Error: 0,0000 s
abr 04, 2013 12:33:20 PM org.ros.time.RemoteUptimeClock update
INFO: Latency: 31,0000 s, Delta ratio: 0,5000, Drift: 2,000, Error reduction coefficient: 0,000, Error: 0,0000 s
abr 04, 2013 12:33:20 PM org.ros.time.RemoteUptimeClock update
INFO: Latency: 31,0000 s, Delta ratio: 0,5000, Drift: 2,000, Error reduction coefficient: 0,000, Error: 0,0000 s
abr 04, 2013 12:33:20 PM org.ros.time.RemoteUptimeClock update
INFO: Latency: 31,0000 s, Delta ratio: 0,5000, Drift: 2,000, Error reduction coefficient: 0,000, Error: 0,0000 s
abr 04, 2013 12:33:20 PM org.ros.time.RemoteUptimeClock update
INFO: Latency: 31,0000 s, Delta ratio: 0,5000, Drift: 2,000, Error reduction coefficient: 0,000, Error: 0,0000 s
abr 04, 2013 12:33:20 PM org.ros.time.RemoteUptimeClock update
INFO: Latency: 31,0000 s, Delta ratio: 0,5000, Drift: 2,000, Error reduction coefficient: 0,000, Error: 0,0000 s
abr 04, 2013 12:33:20 PM org.ros.time.RemoteUptimeClock update
INFO: Latency: 31,0000 s, Delta ratio: 0,5000, Drift: 2,000, Error reduction coefficient: 0,000, Error: 0,0000 s
abr 04, 2013 12:33:20 PM org.ros.time.RemoteUptimeClock update
INFO: Latency: 31,0000 s, Delta ratio: 0,5000, Drift: 2,000, Error reduction coefficient: 0,000, Error: 0,0000 s
abr 04, 2013 12:33:20 PM org.ros.time.RemoteUptimeClock update
INFO: Latency: 31,0000 s, Delta ratio: 0,5000, Drift: 2,000, Error reduction coefficient: 0,000, Error: 0,0000 s
abr 04, 2013 12:33:20 PM org.ros.time.RemoteUptimeClock update
INFO: Latency: 31,0000 s, Delta ratio: 0,5000, Drift: 2,000, Error reduction coefficient: 0,000, Error: 0,0000 s
abr 04, 2013 12:33:20 PM org.ros.time.RemoteUptimeClock update
INFO: Latency: 31,0000 s, Delta ratio: 0,5000, Drift: 2,000, Error reduction coefficient: 0,000, Error: 0,0000 s
abr 04, 2013 12:33:20 PM org.ros.time.RemoteUptimeClock update
INFO: Latency: 31,0000 s, Delta ratio: 0,5000, Drift: 2,000, Error reduction coefficient: 0,000, Error: 0,0000 s
abr 04, 2013 12:33:20 PM org.ros.time.RemoteUptimeClock update
INFO: Latency: 31,0000 s, Delta ratio: 0,5000, Drift: 2,000, Error reduction coefficient: 0,000, Error: 0,0000 s
abr 04, 2013 12:33:20 PM org.ros.time.RemoteUptimeClock update
INFO: Latency: 31,0000 s, Delta ratio: 0,5000, Drift: 2,000, Error reduction coefficient: 0,000, Error: 0,0000 s
abr 04, 2013 12:33:20 PM org.ros.time.RemoteUptimeClock update
INFO: Latency: 31,0000 s, Delta ratio: 0,5000, Drift: 2,000, Error reduction coefficient: 0,000, Error: 0,0000 s
abr 04, 2013 12:33:20 PM org.ros.time.RemoteUptimeClock update
INFO: Latency: 31,0000 s, Delta ratio: 0,5000, Drift: 2,000, Error reduction coefficient: 0,000, Error: 0,0000 s
abr 04, 2013 12:33:20 PM org.ros.time.RemoteUptimeClock update
INFO: Latency: 31,0000 s, Delta ratio: 0,5000, Drift: 2,000, Error reduction coefficient: 0,000, Error: 0,0000 s
abr 04, 2013 12:33:20 PM org.ros.time.RemoteUptimeClock update
INFO: Latency: 31,0000 s, Delta ratio: 0,5000, Drift: 2,000, Error reduction coefficient: 0,000, Error: 0,0000 s
abr 04, 2013 12:33:20 PM org.ros.time.RemoteUptimeClock update
INFO: Latency: 31,0000 s, Delta ratio: 0,5000, Drift: 2,000, Error reduction coefficient: 0,000, Error: 0,0000 s
abr 04, 2013 12:33:20 PM org.ros.time.RemoteUptimeClock update
INFO: Latency: 31,0000 s, Delta ratio: 0,5000, Drift: 2,000, Error reduction coefficient: 0,000, Error: 0,0000 s
abr 04, 2013 12:33:20 PM org.ros.time.RemoteUptimeClock update
INFO: Latency: 31,0000 s, Delta ratio: 0,5000, Drift: 2,000, Error reduction coefficient: 0,000, Error: 0,0000 s
abr 04, 2013 12:33:20 PM org.ros.time.RemoteUptimeClock update
INFO: Latency: 31,0000 s, Delta ratio: 0,5000, Drift: 2,000, Error reduction coefficient: 0,000, Error: 0,0000 s
abr 04, 2013 12:33:20 PM org.ros.time.RemoteUptimeClock update
INFO: Latency: 31,0000 s, Delta ratio: 0,5000, Drift: 2,000, Error reduction coefficient: 0,000, Error: 0,0000 s
abr 04, 2013 12:33:20 PM org.ros.time.RemoteUptimeClock update
INFO: Latency: 31,0000 s, Delta ratio: 0,5000, Drift: 2,000, Error reduction coefficient: 0,000, Error: 0,0000 s
abr 04, 2013 12:33:20 PM org.ros.time.RemoteUptimeClock update
INFO: Latency: 31,0000 s, Delta ratio: 0,5000, Drift: 2,000, Error reduction coefficient: 0,000, Error: 0,0000 s
abr 04, 2013 12:33:20 PM org.ros.time.RemoteUptimeClock update
INFO: Latency: 31,0000 s, Delta ratio: 0,5000, Drift: 2,000, Error reduction coefficient: 0,000, Error: 0,0000 s
abr 04, 2013 12:33:20 PM org.ros.time.RemoteUptimeClock update
INFO: Latency: 31,0000 s, Delta ratio: 0,5000, Drift: 2,000, Error reduction coefficient: 0,000, Error: 0,0000 s
abr 04, 2013 12:33:20 PM org.ros.time.RemoteUptimeClock update
INFO: Latency: 31,0000 s, Delta ratio: 0,5000, Drift: 2,000, Error reduction coefficient: 0,000, Error: 0,0000 s
abr 04, 2013 12:33:20 PM org.ros.time.RemoteUptimeClock update
INFO: Latency: 31,0000 s, Delta ratio: 0,5000, Drift: 2,000, Error reduction coefficient: 0,000, Error: 0,0000 s
abr 04, 2013 12:33:20 PM org.ros.time.RemoteUptimeClock update
INFO: Latency: 31,0000 s, Delta ratio: 0,5000, Drift: 2,000, Error reduction coefficient: 0,000, Error: 0,0000 s
abr 04, 2013 12:33:20 PM org.ros.time.RemoteUptimeClock update
INFO: Latency: 31,0000 s, Delta ratio: 0,5000, Drift: 2,000, Error reduction coefficient: 0,000, Error: 0,0000 s
abr 04, 2013 12:33:20 PM org.ros.time.RemoteUptimeClock update
INFO: Latency: 31,0000 s, Delta ratio: 0,5000, Drift: 2,000, Error reduction coefficient: 0,000, Error: 0,0000 s
abr 04, 2013 12:33:20 PM org.ros.time.RemoteUptimeClock update
INFO: Latency: 31,0000 s, Delta ratio: 0,5000, Drift: 2,000, Error reduction coefficient: 0,000, Error: 0,0000 s
abr 04, 2013 12:33:20 PM org.ros.time.RemoteUptimeClock update
INFO: Latency: 31,0000 s, Delta ratio: 0,5000, Drift: 2,000, Error reduction coefficient: 0,000, Error: 0,0000 s
abr 04, 2013 12:33:20 PM org.ros.time.RemoteUptimeClock update
INFO: Latency: 31,0000 s, Delta ratio: 0,5000, Drift: 2,000, Error reduction coefficient: 0,000, Error: 0,0000 s
abr 04, 2013 12:33:20 PM org.ros.time.RemoteUptimeClock update
INFO: Latency: 31,0000 s, Delta ratio: 0,5000, Drift: 2,000, Error reduction coefficient: 0,000, Error: 0,0000 s
abr 04, 2013 12:33:20 PM org.ros.time.RemoteUptimeClock update
INFO: Latency: 31,0000 s, Delta ratio: 0,5000, Drift: 2,000, Error reduction coefficient: 0,000, Error: 0,0000 s
abr 04, 2013 12:33:20 PM org.ros.time.RemoteUptimeClock update
INFO: Latency: 31,0000 s, Delta ratio: 0,5000, Drift: 2,000, Error reduction coefficient: 0,000, Error: 0,0000 s
abr 04, 2013 12:33:20 PM org.ros.time.RemoteUptimeClock update
INFO: Latency: 31,0000 s, Delta ratio: 0,5000, Drift: 2,000, Error reduction coefficient: 0,000, Error: 0,0000 s
abr 04, 2013 12:33:20 PM org.ros.time.RemoteUptimeClock update
INFO: Latency: 31,0000 s, Delta ratio: 0,5000, Drift: 2,000, Error reduction coefficient: 0,000, Error: 0,0000 s
abr 04, 2013 12:33:20 PM org.ros.time.RemoteUptimeClock update
INFO: Latency: 31,0000 s, Delta ratio: 0,5000, Drift: 2,000, Error reduction coefficient: 0,000, Error: 0,0000 s
abr 04, 2013 12:33:20 PM org.ros.time.RemoteUptimeClock update
INFO: Latency: 31,0000 s, Delta ratio: 0,5000, Drift: 2,000, Error reduction coefficient: 0,000, Error: 0,0000 s
abr 04, 2013 12:33:20 PM org.ros.time.RemoteUptimeClock update
INFO: Latency: 31,0000 s, Delta ratio: 0,5000, Drift: 2,000, Error reduction coefficient: 0,000, Error: 0,0000 s
abr 04, 2013 12:33:20 PM org.ros.time.RemoteUptimeClock update
INFO: Latency: 31,0000 s, Delta ratio: 0,5000, Drift: 2,000, Error reduction coefficient: 0,000, Error: 0,0000 s
abr 04, 2013 12:33:20 PM org.ros.time.RemoteUptimeClock update
INFO: Latency: 31,0000 s, Delta ratio: 0,5000, Drift: 2,000, Error reduction coefficient: 0,000, Error: 0,0000 s
abr 04, 2013 12:33:20 PM org.ros.time.RemoteUptimeClock update
INFO: Latency: 31,0000 s, Delta ratio: 0,5000, Drift: 2,000, Error reduction coefficient: 0,000, Error: 0,0000 s
abr 04, 2013 12:33:20 PM org.ros.time.RemoteUptimeClock update
INFO: Latency: 31,0000 s, Delta ratio: 0,5000, Drift: 2,000, Error reduction coefficient: 0,000, Error: 0,0000 s
abr 04, 2013 12:33:20 PM org.ros.time.RemoteUptimeClock update
INFO: Latency: 31,0000 s, Delta ratio: 0,5000, Drift: 2,000, Error reduction coefficient: 0,000, Error: 0,0000 s
abr 04, 2013 12:33:20 PM org.ros.time.RemoteUptimeClock update
INFO: Latency: 31,0000 s, Delta ratio: 0,5000, Drift: 2,000, Error reduction coefficient: 0,000, Error: 0,0000 s
abr 04, 2013 12:33:20 PM org.ros.time.RemoteUptimeClock update
INFO: Latency: 31,0000 s, Delta ratio: 0,5000, Drift: 2,000, Error reduction coefficient: 0,000, Error: 0,0000 s
abr 04, 2013 12:33:20 PM org.ros.time.RemoteUptimeClock update
INFO: Latency: 31,0000 s, Delta ratio: 0,5000, Drift: 2,000, Error reduction coefficient: 0,000, Error: 0,0000 s
abr 04, 2013 12:33:20 PM org.ros.time.RemoteUptimeClock update
INFO: Latency: 31,0000 s, Delta ratio: 0,5000, Drift: 2,000, Error reduction coefficient: 0,000, Error: 0,0000 s
abr 04, 2013 12:33:20 PM org.ros.time.RemoteUptimeClock update
INFO: Latency: 31,0000 s, Delta ratio: 0,5000, Drift: 2,000, Error reduction coefficient: 0,000, Error: 0,0000 s
abr 04, 2013 12:33:20 PM org.ros.time.RemoteUptimeClock update
INFO: Latency: 31,0000 s, Delta ratio: 0,5000, Drift: 2,000, Error reduction coefficient: 0,000, Error: 0,0000 s
abr 04, 2013 12:33:20 PM org.ros.time.RemoteUptimeClock update
INFO: Latency: 31,0000 s, Delta ratio: 0,5000, Drift: 2,000, Error reduction coefficient: 0,000, Error: 0,0000 s
abr 04, 2013 12:33:20 PM org.ros.time.RemoteUptimeClock update
INFO: Latency: 31,0000 s, Delta ratio: 0,5000, Drift: 2,000, Error reduction coefficient: 0,000, Error: 0,0000 s
abr 04, 2013 12:33:20 PM org.ros.time.RemoteUptimeClock update
INFO: Latency: 31,0000 s, Delta ratio: 0,5000, Drift: 2,000, Error reduction coefficient: 0,000, Error: 0,0000 s
abr 04, 2013 12:33:20 PM org.ros.time.RemoteUptimeClock update
INFO: Latency: 31,0000 s, Delta ratio: 0,5000, Drift: 2,000, Error reduction coefficient: 0,000, Error: 0,0000 s
abr 04, 2013 12:33:20 PM org.ros.time.RemoteUptimeClock update
INFO: Latency: 31,0000 s, Delta ratio: 0,5000, Drift: 2,000, Error reduction coefficient: 0,000, Error: 0,0000 s
abr 04, 2013 12:33:20 PM org.ros.time.RemoteUptimeClock update
INFO: Latency: 31,0000 s, Delta ratio: 0,5000, Drift: 2,000, Error reduction coefficient: 0,000, Error: 0,0000 s
abr 04, 2013 12:33:20 PM org.ros.time.RemoteUptimeClock update
INFO: Latency: 31,0000 s, Delta ratio: 0,5000, Drift: 2,000, Error reduction coefficient: 0,000, Error: 0,0000 s
abr 04, 2013 12:33:20 PM org.ros.time.RemoteUptimeClock update
INFO: Latency: 31,0000 s, Delta ratio: 0,5000, Drift: 2,000, Error reduction coefficient: 0,000, Error: 0,0000 s
abr 04, 2013 12:33:20 PM org.ros.time.RemoteUptimeClock update
INFO: Latency: 31,0000 s, Delta ratio: 0,5000, Drift: 2,000, Error reduction coefficient: 0,000, Error: 0,0000 s
abr 04, 2013 12:33:20 PM org.ros.time.RemoteUptimeClock update
INFO: Latency: 31,0000 s, Delta ratio: 0,5000, Drift: 2,000, Error reduction coefficient: 0,000, Error: 0,0000 s
abr 04, 2013 12:33:20 PM org.ros.time.RemoteUptimeClock update
INFO: Latency: 31,0000 s, Delta ratio: 0,5000, Drift: 2,000, Error reduction coefficient: 0,000, Error: 0,0000 s
abr 04, 2013 12:33:20 PM org.ros.time.RemoteUptimeClock update
INFO: Latency: 31,0000 s, Delta ratio: 0,5000, Drift: 2,000, Error reduction coefficient: 0,000, Error: 0,0000 s
abr 04, 2013 12:33:20 PM org.ros.time.RemoteUptimeClock update
INFO: Latency: 31,0000 s, Delta ratio: 0,5000, Drift: 2,000, Error reduction coefficient: 0,000, Error: 0,0000 s
abr 04, 2013 12:33:20 PM org.ros.time.RemoteUptimeClock update
INFO: Latency: 31,0000 s, Delta ratio: 0,5000, Drift: 2,000, Error reduction coefficient: 0,000, Error: 0,0000 s
abr 04, 2013 12:33:20 PM org.ros.time.RemoteUptimeClock update
INFO: Latency: 31,0000 s, Delta ratio: 0,5000, Drift: 2,000, Error reduction coefficient: 0,000, Error: 0,0000 s
abr 04, 2013 12:33:20 PM org.ros.time.RemoteUptimeClock update
INFO: Latency: 31,0000 s, Delta ratio: 0,5000, Drift: 2,000, Error reduction coefficient: 0,000, Error: 0,0000 s
abr 04, 2013 12:33:20 PM org.ros.time.RemoteUptimeClock update
INFO: Latency: 31,0000 s, Delta ratio: 0,5000, Drift: 2,000, Error reduction coefficient: 0,000, Error: 0,0000 s
abr 04, 2013 12:33:20 PM org.ros.time.RemoteUptimeClock update
INFO: Latency: 31,0000 s, Delta ratio: 0,5000, Drift: 2,000, Error reduction coefficient: 0,000, Error: 0,0000 s
abr 04, 2013 12:33:20 PM org.ros.time.RemoteUptimeClock update
INFO: Latency: 31,0000 s, Delta ratio: 0,5000, Drift: 2,000, Error reduction coefficient: 0,000, Error: 0,0000 s
abr 04, 2013 12:33:20 PM org.ros.time.RemoteUptimeClock update
INFO: Latency: 31,0000 s, Delta ratio: 0,5000, Drift: 2,000, Error reduction coefficient: 0,000, Error: 0,0000 s
abr 04, 2013 12:33:20 PM org.ros.time.RemoteUptimeClock update
INFO: Latency: 31,0000 s, Delta ratio: 0,5000, Drift: 2,000, Error reduction coefficient: 0,000, Error: 0,0000 s
abr 04, 2013 12:33:20 PM org.ros.time.RemoteUptimeClock update
INFO: Latency: 31,0000 s, Delta ratio: 0,5000, Drift: 2,000, Error reduction coefficient: 0,000, Error: 0,0000 s
abr 04, 2013 12:33:20 PM org.ros.time.RemoteUptimeClock update
INFO: Latency: 31,0000 s, Delta ratio: 0,5000, Drift: 2,000, Error reduction coefficient: 0,000, Error: 0,0000 s
abr 04, 2013 12:33:20 PM org.ros.time.RemoteUptimeClock update
INFO: Latency: 31,0000 s, Delta ratio: 0,5000, Drift: 2,000, Error reduction coefficient: 0,000, Error: 0,0000 s
abr 04, 2013 12:33:20 PM org.ros.time.RemoteUptimeClock update
INFO: Latency: 31,0000 s, Delta ratio: 0,5000, Drift: 2,000, Error reduction coefficient: 0,000, Error: 0,0000 s
abr 04, 2013 12:33:20 PM org.ros.time.RemoteUptimeClock update
INFO: Latency: 31,0000 s, Delta ratio: 0,5000, Drift: 2,000, Error reduction coefficient: 0,000, Error: 0,0000 s
abr 04, 2013 12:33:20 PM org.ros.time.RemoteUptimeClock update
INFO: Latency: 31,0000 s, Delta ratio: 0,5000, Drift: 2,000, Error reduction coefficient: 0,000, Error: 0,0000 s
abr 04, 2013 12:33:20 PM org.ros.time.RemoteUptimeClock update
INFO: Latency: 31,0000 s, Delta ratio: 0,5000, Drift: 2,000, Error reduction coefficient: 0,000, Error: 0,0000 s
abr 04, 2013 12:33:20 PM org.ros.time.RemoteUptimeClock update
INFO: Latency: 31,0000 s, Delta ratio: 0,5000, Drift: 2,000, Error reduction coefficient: 0,000, Error: 0,0000 s
abr 04, 2013 12:33:20 PM org.ros.time.RemoteUptimeClock update
INFO: Latency: 31,0000 s, Delta ratio: 0,5000, Drift: 2,000, Error reduction coefficient: 0,000, Error: 0,0000 s
abr 04, 2013 12:33:20 PM org.ros.time.RemoteUptimeClock update
INFO: Latency: 31,0000 s, Delta ratio: 0,5000, Drift: 2,000, Error reduction coefficient: 0,000, Error: 0,0000 s
abr 04, 2013 12:33:20 PM org.ros.time.RemoteUptimeClock update
INFO: Latency: 31,0000 s, Delta ratio: 0,5000, Drift: 2,000, Error reduction coefficient: 0,000, Error: 0,0000 s
abr 04, 2013 12:33:20 PM org.ros.time.RemoteUptimeClock update
INFO: Latency: 31,0000 s, Delta ratio: 0,5000, Drift: 2,000, Error reduction coefficient: 0,000, Error: 0,0000 s
abr 04, 2013 12:33:20 PM org.ros.time.RemoteUptimeClock update
INFO: Latency: 31,0000 s, Delta ratio: 0,5000, Drift: 2,000, Error reduction coefficient: 0,000, Error: 0,0000 s
abr 04, 2013 12:33:20 PM org.ros.time.RemoteUptimeClock update
INFO: Latency: 31,0000 s, Delta ratio: 0,5000, Drift: 2,000, Error reduction coefficient: 0,000, Error: 0,0000 s
abr 04, 2013 12:33:20 PM org.ros.time.RemoteUptimeClock update
INFO: Latency: 31,0000 s, Delta ratio: 0,5000, Drift: 2,000, Error reduction coefficient: 0,000, Error: 0,0000 s
abr 04, 2013 12:33:20 PM org.ros.time.RemoteUptimeClock update
INFO: Latency: 31,0000 s, Delta ratio: 0,5000, Drift: 2,000, Error reduction coefficient: 0,000, Error: 0,0000 s
abr 04, 2013 12:33:20 PM org.ros.time.RemoteUptimeClock update
INFO: Latency: 31,0000 s, Delta ratio: 0,5000, Drift: 2,000, Error reduction coefficient: 0,000, Error: 0,0000 s
abr 04, 2013 12:33:20 PM org.ros.time.RemoteUptimeClock update
INFO: Latency: 31,0000 s, Delta ratio: 0,5000, Drift: 2,000, Error reduction coefficient: 0,000, Error: 0,0000 s
abr 04, 2013 12:33:20 PM org.ros.time.RemoteUptimeClock update
INFO: Latency: 31,0000 s, Delta ratio: 0,5000, Drift: 2,000, Error reduction coefficient: 0,000, Error: 0,0000 s
abr 04, 2013 12:33:20 PM org.ros.time.RemoteUptimeClock update
INFO: Latency: 31,0000 s, Delta ratio: 0,5000, Drift: 2,000, Error reduction coefficient: 0,000, Error: 0,0000 s
abr 04, 2013 12:33:20 PM org.ros.time.RemoteUptimeClock update
INFO: Latency: 31,0000 s, Delta ratio: 0,5000, Drift: 2,000, Error reduction coefficient: 0,000, Error: 0,0000 s
abr 04, 2013 12:33:20 PM org.ros.time.RemoteUptimeClock update
INFO: Latency: 31,0000 s, Delta ratio: 0,5000, Drift: 2,000, Error reduction coefficient: 0,000, Error: 0,0000 s
abr 04, 2013 12:33:20 PM org.ros.time.RemoteUptimeClock update
INFO: Latency: 31,0000 s, Delta ratio: 0,5000, Drift: 2,000, Error reduction coefficient: 0,000, Error: 0,0000 s
abr 04, 2013 12:33:20 PM org.ros.time.RemoteUptimeClock update
INFO: Latency: 31,0000 s, Delta ratio: 0,5000, Drift: 2,000, Error reduction coefficient: 0,000, Error: 0,0000 s
abr 04, 2013 12:33:20 PM org.ros.time.RemoteUptimeClock update
INFO: Latency: 31,0000 s, Delta ratio: 0,5000, Drift: 2,000, Error reduction coefficient: 0,000, Error: 0,0000 s
abr 04, 2013 12:33:20 PM org.ros.time.RemoteUptimeClock update
INFO: Latency: 31,0000 s, Delta ratio: 0,5000, Drift: 2,000, Error reduction coefficient: 0,000, Error: 0,0000 s
abr 04, 2013 12:33:20 PM org.ros.time.RemoteUptimeClock update
INFO: Latency: 31,0000 s, Delta ratio: 0,5000, Drift: 2,000, Error reduction coefficient: 0,000, Error: 0,0000 s
abr 04, 2013 12:33:20 PM org.ros.time.RemoteUptimeClock update
INFO: Latency: 31,0000 s, Delta ratio: 0,5000, Drift: 2,000, Error reduction coefficient: 0,000, Error: 0,0000 s
abr 04, 2013 12:33:20 PM org.ros.time.RemoteUptimeClock update
INFO: Latency: 31,0000 s, Delta ratio: 0,5000, Drift: 2,000, Error reduction coefficient: 0,000, Error: 0,0000 s
abr 04, 2013 12:33:20 PM org.ros.time.RemoteUptimeClock update
INFO: Latency: 31,0000 s, Delta ratio: 0,5000, Drift: 2,000, Error reduction coefficient: 0,000, Error: 0,0000 s
abr 04, 2013 12:33:20 PM org.ros.time.RemoteUptimeClock update
INFO: Latency: 31,0000 s, Delta ratio: 0,5000, Drift: 2,000, Error reduction coefficient: 0,000, Error: 0,0000 s
abr 04, 2013 12:33:20 PM org.ros.time.RemoteUptimeClock update
INFO: Latency: 31,0000 s, Delta ratio: 0,5000, Drift: 2,000, Error reduction coefficient: 0,000, Error: 0,0000 s
abr 04, 2013 12:33:20 PM org.ros.time.RemoteUptimeClock update
INFO: Latency: 31,0000 s, Delta ratio: 0,5000, Drift: 2,000, Error reduction coefficient: 0,000, Error: 0,0000 s
abr 04, 2013 12:33:20 PM org.ros.time.RemoteUptimeClock update
INFO: Latency: 31,0000 s, Delta ratio: 0,5000, Drift: 2,000, Error reduction coefficient: 0,000, Error: 0,0000 s
abr 04, 2013 12:33:20 PM org.ros.time.RemoteUptimeClock update
INFO: Latency: 31,0000 s, Delta ratio: 0,5000, Drift: 2,000, Error reduction coefficient: 0,000, Error: 0,0000 s
abr 04, 2013 12:33:20 PM org.ros.time.RemoteUptimeClock update
INFO: Latency: 31,0000 s, Delta ratio: 0,5000, Drift: 2,000, Error reduction coefficient: 0,000, Error: 0,0000 s
abr 04, 2013 12:33:20 PM org.ros.time.RemoteUptimeClock update
INFO: Latency: 31,0000 s, Delta ratio: 0,5000, Drift: 2,000, Error reduction coefficient: 0,000, Error: 0,0000 s
abr 04, 2013 12:33:20 PM org.ros.time.RemoteUptimeClock update
INFO: Latency: 31,0000 s, Delta ratio: 0,5000, Drift: 2,000, Error reduction coefficient: 0,000, Error: 0,0000 s
abr 04, 2013 12:33:20 PM org.ros.time.RemoteUptimeClock update
INFO: Latency: 31,0000 s, Delta ratio: 0,5000, Drift: 2,000, Error reduction coefficient: 0,000, Error: 0,0000 s
abr 04, 2013 12:33:20 PM org.ros.time.RemoteUptimeClock update
INFO: Latency: 31,0000 s, Delta ratio: 0,5000, Drift: 2,000, Error reduction coefficient: 0,000, Error: 0,0000 s
abr 04, 2013 12:33:20 PM org.ros.time.RemoteUptimeClock update
INFO: Latency: 31,0000 s, Delta ratio: 0,5000, Drift: 2,000, Error reduction coefficient: 0,000, Error: 0,0000 s
abr 04, 2013 12:33:20 PM org.ros.time.RemoteUptimeClock update
INFO: Latency: 31,0000 s, Delta ratio: 0,5000, Drift: 2,000, Error reduction coefficient: 0,000, Error: 0,0000 s
abr 04, 2013 12:33:20 PM org.ros.time.RemoteUptimeClock update
INFO: Latency: 31,0000 s, Delta ratio: 0,5000, Drift: 2,000, Error reduction coefficient: 0,000, Error: 0,0000 s
abr 04, 2013 12:33:20 PM org.ros.time.RemoteUptimeClock update
INFO: Latency: 31,0000 s, Delta ratio: 0,5000, Drift: 2,000, Error reduction coefficient: 0,000, Error: 0,0000 s
abr 04, 2013 12:33:20 PM org.ros.time.RemoteUptimeClock update
INFO: Latency: 31,0000 s, Delta ratio: 0,5000, Drift: 2,000, Error reduction coefficient: 0,000, Error: 0,0000 s
abr 04, 2013 12:33:20 PM org.ros.time.RemoteUptimeClock update
INFO: Latency: 31,0000 s, Delta ratio: 0,5000, Drift: 2,000, Error reduction coefficient: 0,000, Error: 0,0000 s
abr 04, 2013 12:33:20 PM org.ros.time.RemoteUptimeClock update
INFO: Latency: 31,0000 s, Delta ratio: 0,5000, Drift: 2,000, Error reduction coefficient: 0,000, Error: 0,0000 s
abr 04, 2013 12:33:20 PM org.ros.time.RemoteUptimeClock update
INFO: Latency: 31,0000 s, Delta ratio: 0,5000, Drift: 2,000, Error reduction coefficient: 0,000, Error: 0,0000 s
abr 04, 2013 12:33:20 PM org.ros.time.RemoteUptimeClock update
INFO: Latency: 31,0000 s, Delta ratio: 0,5000, Drift: 2,000, Error reduction coefficient: 0,000, Error: 0,0000 s
abr 04, 2013 12:33:20 PM org.ros.time.RemoteUptimeClock update
INFO: Latency: 31,0000 s, Delta ratio: 0,5000, Drift: 2,000, Error reduction coefficient: 0,000, Error: 0,0000 s
abr 04, 2013 12:33:20 PM org.ros.time.RemoteUptimeClock update
INFO: Latency: 31,0000 s, Delta ratio: 0,5000, Drift: 2,000, Error reduction coefficient: 0,000, Error: 0,0000 s
abr 04, 2013 12:33:20 PM org.ros.time.RemoteUptimeClock update
INFO: Latency: 31,0000 s, Delta ratio: 0,5000, Drift: 2,000, Error reduction coefficient: 0,000, Error: 0,0000 s
abr 04, 2013 12:33:20 PM org.ros.time.RemoteUptimeClock update
INFO: Latency: 31,0000 s, Delta ratio: 0,5000, Drift: 2,000, Error reduction coefficient: 0,000, Error: 0,0000 s
abr 04, 2013 12:33:20 PM org.ros.time.RemoteUptimeClock update
INFO: Latency: 31,0000 s, Delta ratio: 0,5000, Drift: 2,000, Error reduction coefficient: 0,000, Error: 0,0000 s
abr 04, 2013 12:33:20 PM org.ros.time.RemoteUptimeClock update
INFO: Latency: 31,0000 s, Delta ratio: 0,5000, Drift: 2,000, Error reduction coefficient: 0,000, Error: 0,0000 s
abr 04, 2013 12:33:20 PM org.ros.time.RemoteUptimeClock update
INFO: Latency: 31,0000 s, Delta ratio: 0,5000, Drift: 2,000, Error reduction coefficient: 0,000, Error: 0,0000 s
abr 04, 2013 12:33:20 PM org.ros.time.RemoteUptimeClock update
INFO: Latency: 31,0000 s, Delta ratio: 0,5000, Drift: 2,000, Error reduction coefficient: 0,000, Error: 0,0000 s
abr 04, 2013 12:33:20 PM org.ros.time.RemoteUptimeClock update
INFO: Latency: 31,0000 s, Delta ratio: 0,5000, Drift: 2,000, Error reduction coefficient: 0,000, Error: 0,0000 s
abr 04, 2013 12:33:20 PM org.ros.time.RemoteUptimeClock update
INFO: Latency: 31,0000 s, Delta ratio: 0,5000, Drift: 2,000, Error reduction coefficient: 0,000, Error: 0,0000 s
abr 04, 2013 12:33:20 PM org.ros.time.RemoteUptimeClock update
INFO: Latency: 31,0000 s, Delta ratio: 0,5000, Drift: 2,000, Error reduction coefficient: 0,000, Error: 0,0000 s
abr 04, 2013 12:33:20 PM org.ros.time.RemoteUptimeClock update
INFO: Latency: 31,0000 s, Delta ratio: 0,5000, Drift: 2,000, Error reduction coefficient: 0,000, Error: 0,0000 s
abr 04, 2013 12:33:20 PM org.ros.time.RemoteUptimeClock update
INFO: Latency: 31,0000 s, Delta ratio: 0,5000, Drift: 2,000, Error reduction coefficient: 0,000, Error: 0,0000 s
abr 04, 2013 12:33:20 PM org.ros.time.RemoteUptimeClock update
INFO: Latency: 31,0000 s, Delta ratio: 0,5000, Drift: 2,000, Error reduction coefficient: 0,000, Error: 0,0000 s
abr 04, 2013 12:33:20 PM org.ros.time.RemoteUptimeClock update
INFO: Latency: 31,0000 s, Delta ratio: 0,5000, Drift: 2,000, Error reduction coefficient: 0,000, Error: 0,0000 s
abr 04, 2013 12:33:20 PM org.ros.time.RemoteUptimeClock update
INFO: Latency: 31,0000 s, Delta ratio: 0,5000, Drift: 2,000, Error reduction coefficient: 0,000, Error: 0,0000 s
abr 04, 2013 12:33:20 PM org.ros.time.RemoteUptimeClock update
INFO: Latency: 31,0000 s, Delta ratio: 0,5000, Drift: 2,000, Error reduction coefficient: 0,000, Error: 0,0000 s
abr 04, 2013 12:33:20 PM org.ros.time.RemoteUptimeClock update
INFO: Latency: 31,0000 s, Delta ratio: 0,5000, Drift: 2,000, Error reduction coefficient: 0,000, Error: 0,0000 s
abr 04, 2013 12:33:20 PM org.ros.time.RemoteUptimeClock update
INFO: Latency: 31,0000 s, Delta ratio: 0,5000, Drift: 2,000, Error reduction coefficient: 0,000, Error: 0,0000 s
abr 04, 2013 12:33:20 PM org.ros.time.RemoteUptimeClock update
INFO: Latency: 31,0000 s, Delta ratio: 0,5000, Drift: 2,000, Error reduction coefficient: 0,000, Error: 0,0000 s
abr 04, 2013 12:33:20 PM org.ros.time.RemoteUptimeClock update
INFO: Latency: 31,0000 s, Delta ratio: 0,5000, Drift: 2,000, Error reduction coefficient: 0,000, Error: 0,0000 s
abr 04, 2013 12:33:20 PM org.ros.time.RemoteUptimeClock update
INFO: Latency: 31,0000 s, Delta ratio: 0,5000, Drift: 2,000, Error reduction coefficient: 0,000, Error: 0,0000 s
abr 04, 2013 12:33:20 PM org.ros.time.RemoteUptimeClock update
INFO: Latency: 31,0000 s, Delta ratio: 0,5000, Drift: 2,000, Error reduction coefficient: 0,000, Error: 0,0000 s
abr 04, 2013 12:33:20 PM org.ros.time.RemoteUptimeClock update
INFO: Latency: 31,0000 s, Delta ratio: 0,5000, Drift: 2,000, Error reduction coefficient: 0,000, Error: 0,0000 s
abr 04, 2013 12:33:20 PM org.ros.time.RemoteUptimeClock update
INFO: Latency: 31,0000 s, Delta ratio: 0,5000, Drift: 2,000, Error reduction coefficient: 0,000, Error: 0,0000 s
abr 04, 2013 12:33:20 PM org.ros.time.RemoteUptimeClock update
INFO: Latency: 31,0000 s, Delta ratio: 0,5000, Drift: 2,000, Error reduction coefficient: 0,000, Error: 0,0000 s
abr 04, 2013 12:33:20 PM org.ros.time.RemoteUptimeClock update
INFO: Latency: 31,0000 s, Delta ratio: 0,5000, Drift: 2,000, Error reduction coefficient: 0,000, Error: 0,0000 s
abr 04, 2013 12:33:20 PM org.ros.time.RemoteUptimeClock update
INFO: Latency: 31,0000 s, Delta ratio: 0,5000, Drift: 2,000, Error reduction coefficient: 0,000, Error: 0,0000 s
abr 04, 2013 12:33:20 PM org.ros.time.RemoteUptimeClock update
INFO: Latency: 31,0000 s, Delta ratio: 0,5000, Drift: 2,000, Error reduction coefficient: 0,000, Error: 0,0000 s
abr 04, 2013 12:33:20 PM org.ros.time.RemoteUptimeClock update
INFO: Latency: 31,0000 s, Delta ratio: 0,5000, Drift: 2,000, Error reduction coefficient: 0,000, Error: 0,0000 s
abr 04, 2013 12:33:20 PM org.ros.time.RemoteUptimeClock update
INFO: Latency: 31,0000 s, Delta ratio: 0,5000, Drift: 2,000, Error reduction coefficient: 0,000, Error: 0,0000 s
abr 04, 2013 12:33:20 PM org.ros.time.RemoteUptimeClock update
INFO: Latency: 31,0000 s, Delta ratio: 0,5000, Drift: 2,000, Error reduction coefficient: 0,000, Error: 0,0000 s
abr 04, 2013 12:33:20 PM org.ros.time.RemoteUptimeClock update
INFO: Latency: 31,0000 s, Delta ratio: 0,5000, Drift: 2,000, Error reduction coefficient: 0,000, Error: 0,0000 s
abr 04, 2013 12:33:20 PM org.ros.time.RemoteUptimeClock update
INFO: Latency: 31,0000 s, Delta ratio: 0,5000, Drift: 2,000, Error reduction coefficient: 0,000, Error: 0,0000 s
abr 04, 2013 12:33:20 PM org.ros.time.RemoteUptimeClock update
INFO: Latency: 31,0000 s, Delta ratio: 0,5000, Drift: 2,000, Error reduction coefficient: 0,000, Error: 0,0000 s
abr 04, 2013 12:33:20 PM org.ros.time.RemoteUptimeClock update
INFO: Latency: 31,0000 s, Delta ratio: 0,5000, Drift: 2,000, Error reduction coefficient: 0,000, Error: 0,0000 s
abr 04, 2013 12:33:20 PM org.ros.time.RemoteUptimeClock update
INFO: Latency: 31,0000 s, Delta ratio: 0,5000, Drift: 2,000, Error reduction coefficient: 0,000, Error: 0,0000 s
abr 04, 2013 12:33:20 PM org.ros.time.RemoteUptimeClock update
INFO: Latency: 31,0000 s, Delta ratio: 0,5000, Drift: 2,000, Error reduction coefficient: 0,000, Error: 0,0000 s
abr 04, 2013 12:33:20 PM org.ros.time.RemoteUptimeClock update
INFO: Latency: 31,0000 s, Delta ratio: 0,5000, Drift: 2,000, Error reduction coefficient: 0,000, Error: 0,0000 s
abr 04, 2013 12:33:20 PM org.ros.time.RemoteUptimeClock update
INFO: Latency: 31,0000 s, Delta ratio: 0,5000, Drift: 2,000, Error reduction coefficient: 0,000, Error: 0,0000 s
abr 04, 2013 12:33:20 PM org.ros.time.RemoteUptimeClock update
INFO: Latency: 31,0000 s, Delta ratio: 0,5000, Drift: 2,000, Error reduction coefficient: 0,000, Error: 0,0000 s
abr 04, 2013 12:33:20 PM org.ros.time.RemoteUptimeClock update
INFO: Latency: 31,0000 s, Delta ratio: 0,5000, Drift: 2,000, Error reduction coefficient: 0,000, Error: 0,0000 s
abr 04, 2013 12:33:20 PM org.ros.time.RemoteUptimeClock update
INFO: Latency: 31,0000 s, Delta ratio: 0,5000, Drift: 2,000, Error reduction coefficient: 0,000, Error: 0,0000 s
abr 04, 2013 12:33:20 PM org.ros.time.RemoteUptimeClock update
INFO: Latency: 31,0000 s, Delta ratio: 0,5000, Drift: 2,000, Error reduction coefficient: 0,000, Error: 0,0000 s
abr 04, 2013 12:33:20 PM org.ros.time.RemoteUptimeClock update
INFO: Latency: 31,0000 s, Delta ratio: 0,5000, Drift: 2,000, Error reduction coefficient: 0,000, Error: 0,0000 s
abr 04, 2013 12:33:20 PM org.ros.time.RemoteUptimeClock update
INFO: Latency: 31,0000 s, Delta ratio: 0,5000, Drift: 2,000, Error reduction coefficient: 0,000, Error: 0,0000 s
abr 04, 2013 12:33:20 PM org.ros.time.RemoteUptimeClock update
INFO: Latency: 31,0000 s, Delta ratio: 0,5000, Drift: 2,000, Error reduction coefficient: 0,000, Error: 0,0000 s
abr 04, 2013 12:33:20 PM org.ros.time.RemoteUptimeClock update
INFO: Latency: 31,0000 s, Delta ratio: 0,5000, Drift: 2,000, Error reduction coefficient: 0,000, Error: 0,0000 s
abr 04, 2013 12:33:20 PM org.ros.time.RemoteUptimeClock update
INFO: Latency: 31,0000 s, Delta ratio: 0,5000, Drift: 2,000, Error reduction coefficient: 0,000, Error: 0,0000 s
abr 04, 2013 12:33:20 PM org.ros.time.RemoteUptimeClock update
INFO: Latency: 31,0000 s, Delta ratio: 0,5000, Drift: 2,000, Error reduction coefficient: 0,000, Error: 0,0000 s
abr 04, 2013 12:33:20 PM org.ros.time.RemoteUptimeClock update
INFO: Latency: 31,0000 s, Delta ratio: 0,5000, Drift: 2,000, Error reduction coefficient: 0,000, Error: 0,0000 s
abr 04, 2013 12:33:20 PM org.ros.time.RemoteUptimeClock update
INFO: Latency: 31,0000 s, Delta ratio: 0,5000, Drift: 2,000, Error reduction coefficient: 0,000, Error: 0,0000 s
abr 04, 2013 12:33:20 PM org.ros.time.RemoteUptimeClock update
INFO: Latency: 31,0000 s, Delta ratio: 0,5000, Drift: 2,000, Error reduction coefficient: 0,000, Error: 0,0000 s
abr 04, 2013 12:33:20 PM org.ros.time.RemoteUptimeClock update
INFO: Latency: 31,0000 s, Delta ratio: 0,5000, Drift: 2,000, Error reduction coefficient: 0,000, Error: 0,0000 s
abr 04, 2013 12:33:20 PM org.ros.time.RemoteUptimeClock update
INFO: Latency: 31,0000 s, Delta ratio: 0,5000, Drift: 2,000, Error reduction coefficient: 0,000, Error: 0,0000 s
abr 04, 2013 12:33:20 PM org.ros.time.RemoteUptimeClock update
INFO: Latency: 31,0000 s, Delta ratio: 0,5000, Drift: 2,000, Error reduction coefficient: 0,000, Error: 0,0000 s
abr 04, 2013 12:33:20 PM org.ros.time.RemoteUptimeClock update
INFO: Latency: 31,0000 s, Delta ratio: 0,5000, Drift: 2,000, Error reduction coefficient: 0,000, Error: 0,0000 s
abr 04, 2013 12:33:20 PM org.ros.time.RemoteUptimeClock update
INFO: Latency: 31,0000 s, Delta ratio: 0,5000, Drift: 2,000, Error reduction coefficient: 0,000, Error: 0,0000 s
abr 04, 2013 12:33:20 PM org.ros.time.RemoteUptimeClock update
INFO: Latency: 31,0000 s, Delta ratio: 0,5000, Drift: 2,000, Error reduction coefficient: 0,000, Error: 0,0000 s
abr 04, 2013 12:33:20 PM org.ros.time.RemoteUptimeClock update
INFO: Latency: 31,0000 s, Delta ratio: 0,5000, Drift: 2,000, Error reduction coefficient: 0,000, Error: 0,0000 s
abr 04, 2013 12:33:20 PM org.ros.time.RemoteUptimeClock update
INFO: Latency: 31,0000 s, Delta ratio: 0,5000, Drift: 2,000, Error reduction coefficient: 0,000, Error: 0,0000 s
abr 04, 2013 12:33:20 PM org.ros.time.RemoteUptimeClock update
INFO: Latency: 31,0000 s, Delta ratio: 0,5000, Drift: 2,000, Error reduction coefficient: 0,000, Error: 0,0000 s
abr 04, 2013 12:33:20 PM org.ros.time.RemoteUptimeClock update
INFO: Latency: 31,0000 s, Delta ratio: 0,5000, Drift: 2,000, Error reduction coefficient: 0,000, Error: 0,0000 s
abr 04, 2013 12:33:20 PM org.ros.time.RemoteUptimeClock update
INFO: Latency: 31,0000 s, Delta ratio: 0,5000, Drift: 2,000, Error reduction coefficient: 0,000, Error: 0,0000 s
abr 04, 2013 12:33:20 PM org.ros.time.RemoteUptimeClock update
INFO: Latency: 31,0000 s, Delta ratio: 0,5000, Drift: 2,000, Error reduction coefficient: 0,000, Error: 0,0000 s
abr 04, 2013 12:33:20 PM org.ros.time.RemoteUptimeClock update
INFO: Latency: 31,0000 s, Delta ratio: 0,5000, Drift: 2,000, Error reduction coefficient: 0,000, Error: 0,0000 s
abr 04, 2013 12:33:20 PM org.ros.time.RemoteUptimeClock update
INFO: Latency: 31,0000 s, Delta ratio: 0,5000, Drift: 2,000, Error reduction coefficient: 0,000, Error: 0,0000 s
abr 04, 2013 12:33:20 PM org.ros.time.RemoteUptimeClock update
INFO: Latency: 31,0000 s, Delta ratio: 0,5000, Drift: 2,000, Error reduction coefficient: 0,000, Error: 0,0000 s
abr 04, 2013 12:33:20 PM org.ros.time.RemoteUptimeClock update
INFO: Latency: 31,0000 s, Delta ratio: 0,5000, Drift: 2,000, Error reduction coefficient: 0,000, Error: 0,0000 s
abr 04, 2013 12:33:20 PM org.ros.time.RemoteUptimeClock update
INFO: Latency: 31,0000 s, Delta ratio: 0,5000, Drift: 2,000, Error reduction coefficient: 0,000, Error: 0,0000 s
abr 04, 2013 12:33:20 PM org.ros.time.RemoteUptimeClock update
INFO: Latency: 31,0000 s, Delta ratio: 0,5000, Drift: 2,000, Error reduction coefficient: 0,000, Error: 0,0000 s
abr 04, 2013 12:33:20 PM org.ros.time.RemoteUptimeClock update
INFO: Latency: 31,0000 s, Delta ratio: 0,5000, Drift: 2,000, Error reduction coefficient: 0,000, Error: 0,0000 s
abr 04, 2013 12:33:20 PM org.ros.time.RemoteUptimeClock update
INFO: Latency: 31,0000 s, Delta ratio: 0,5000, Drift: 2,000, Error reduction coefficient: 0,000, Error: 0,0000 s
abr 04, 2013 12:33:20 PM org.ros.time.RemoteUptimeClock update
INFO: Latency: 31,0000 s, Delta ratio: 0,5000, Drift: 2,000, Error reduction coefficient: 0,000, Error: 0,0000 s
abr 04, 2013 12:33:20 PM org.ros.time.RemoteUptimeClock update
INFO: Latency: 31,0000 s, Delta ratio: 0,5000, Drift: 2,000, Error reduction coefficient: 0,000, Error: 0,0000 s
abr 04, 2013 12:33:20 PM org.ros.time.RemoteUptimeClock update
INFO: Latency: 31,0000 s, Delta ratio: 0,5000, Drift: 2,000, Error reduction coefficient: 0,000, Error: 0,0000 s
abr 04, 2013 12:33:20 PM org.ros.time.RemoteUptimeClock update
INFO: Latency: 31,0000 s, Delta ratio: 0,5000, Drift: 2,000, Error reduction coefficient: 0,000, Error: 0,0000 s
abr 04, 2013 12:33:20 PM org.ros.time.RemoteUptimeClock update
INFO: Latency: 31,0000 s, Delta ratio: 0,5000, Drift: 2,000, Error reduction coefficient: 0,000, Error: 0,0000 s
abr 04, 2013 12:33:20 PM org.ros.time.RemoteUptimeClock update
INFO: Latency: 31,0000 s, Delta ratio: 0,5000, Drift: 2,000, Error reduction coefficient: 0,000, Error: 0,0000 s
abr 04, 2013 12:33:20 PM org.ros.time.RemoteUptimeClock update
INFO: Latency: 31,0000 s, Delta ratio: 0,5000, Drift: 2,000, Error reduction coefficient: 0,000, Error: 0,0000 s
abr 04, 2013 12:33:20 PM org.ros.time.RemoteUptimeClock update
INFO: Latency: 31,0000 s, Delta ratio: 0,5000, Drift: 2,000, Error reduction coefficient: 0,000, Error: 0,0000 s
abr 04, 2013 12:33:20 PM org.ros.time.RemoteUptimeClock update
INFO: Latency: 31,0000 s, Delta ratio: 0,5000, Drift: 2,000, Error reduction coefficient: 0,000, Error: 0,0000 s
abr 04, 2013 12:33:20 PM org.ros.time.RemoteUptimeClock update
INFO: Latency: 31,0000 s, Delta ratio: 0,5000, Drift: 2,000, Error reduction coefficient: 0,000, Error: 0,0000 s
abr 04, 2013 12:33:20 PM org.ros.time.RemoteUptimeClock update
INFO: Latency: 31,0000 s, Delta ratio: 0,5000, Drift: 2,000, Error reduction coefficient: 0,000, Error: 0,0000 s
abr 04, 2013 12:33:20 PM org.ros.time.RemoteUptimeClock update
INFO: Latency: 31,0000 s, Delta ratio: 0,5000, Drift: 2,000, Error reduction coefficient: 0,000, Error: 0,0000 s
abr 04, 2013 12:33:20 PM org.ros.time.RemoteUptimeClock update
INFO: Latency: 31,0000 s, Delta ratio: 0,5000, Drift: 2,000, Error reduction coefficient: 0,000, Error: 0,0000 s
abr 04, 2013 12:33:20 PM org.ros.time.RemoteUptimeClock update
INFO: Latency: 31,0000 s, Delta ratio: 0,5000, Drift: 2,000, Error reduction coefficient: 0,000, Error: 0,0000 s
abr 04, 2013 12:33:20 PM org.ros.time.RemoteUptimeClock calibrate
INFO: Starting calibration...
abr 04, 2013 12:33:20 PM org.ros.time.RemoteUptimeClock calibrate
INFO: Calibration complete. Drift: 2,000, Offset: -3,5000 s
abr 04, 2013 12:33:20 PM org.ros.time.RemoteUptimeClock update
INFO: Latency: 31,0000 s, Delta ratio: 1,5933, Drift: 0,6276, Error reduction coefficient: -0,2554, Error: -109,3333 s
abr 04, 2013 12:33:20 PM org.ros.time.RemoteUptimeClock update
INFO: Latency: 31,0000 s, Delta ratio: 0,1667, Drift: 6,000, Error reduction coefficient: -6,680, Error: 37,8065 s
abr 04, 2013 12:33:20 PM org.ros.time.RemoteUptimeClock update
INFO: Latency: 31,0000 s, Delta ratio: 0,1667, Drift: 6,000, Error reduction coefficient: 1,688e-14, Error: 0,0000 s
abr 04, 2013 12:33:20 PM org.ros.time.RemoteUptimeClock update
INFO: Latency: 31,0000 s, Delta ratio: 0,1667, Drift: 6,000, Error reduction coefficient: 0,000, Error: 0,0000 s
abr 04, 2013 12:33:20 PM org.ros.time.RemoteUptimeClock update
INFO: Latency: 31,0000 s, Delta ratio: 0,1667, Drift: 6,000, Error reduction coefficient: 0,000, Error: 0,0000 s
abr 04, 2013 12:33:20 PM org.ros.time.RemoteUptimeClock update
INFO: Latency: 31,0000 s, Delta ratio: 0,1667, Drift: 6,000, Error reduction coefficient: 0,000, Error: 0,0000 s
abr 04, 2013 12:33:20 PM org.ros.time.RemoteUptimeClock update
INFO: Latency: 31,0000 s, Delta ratio: 0,1667, Drift: 6,000, Error reduction coefficient: 0,000, Error: 0,0000 s
abr 04, 2013 12:33:20 PM org.ros.time.RemoteUptimeClock update
INFO: Latency: 31,0000 s, Delta ratio: 0,1667, Drift: 6,000, Error reduction coefficient: 0,000, Error: 0,0000 s
abr 04, 2013 12:33:20 PM org.ros.time.RemoteUptimeClock update
INFO: Latency: 31,0000 s, Delta ratio: 0,1667, Drift: 6,000, Error reduction coefficient: 0,000, Error: 0,0000 s
abr 04, 2013 12:33:20 PM org.ros.time.RemoteUptimeClock update
INFO: Latency: 31,0000 s, Delta ratio: 0,1667, Drift: 6,000, Error reduction coefficient: 0,000, Error: 0,0000 s
abr 04, 2013 12:33:20 PM org.ros.time.RemoteUptimeClock update
INFO: Latency: 31,0000 s, Delta ratio: 0,1667, Drift: 6,000, Error reduction coefficient: -1,599e-14, Error: 0,0000 s
abr 04, 2013 12:33:20 PM org.ros.time.RemoteUptimeClock update
INFO: Latency: 31,0000 s, Delta ratio: 0,1667, Drift: 6,000, Error reduction coefficient: -1,688e-14, Error: 0,0000 s
abr 04, 2013 12:33:20 PM org.ros.time.RemoteUptimeClock update
INFO: Latency: 31,0000 s, Delta ratio: 0,1667, Drift: 6,000, Error reduction coefficient: 0,000, Error: 0,0000 s
abr 04, 2013 12:33:20 PM org.ros.time.RemoteUptimeClock update
INFO: Latency: 31,0000 s, Delta ratio: 0,1667, Drift: 6,000, Error reduction coefficient: 0,000, Error: 0,0000 s
abr 04, 2013 12:33:20 PM org.ros.time.RemoteUptimeClock calibrate
INFO: Starting calibration...
abr 04, 2013 12:33:20 PM org.ros.time.RemoteUptimeClock calibrate
INFO: Calibration complete. Drift: 2,000, Offset: -3,5000 s
abr 04, 2013 12:33:20 PM org.ros.time.RemoteUptimeClock update
INFO: Latency: 7,0000 s, Delta ratio: 0,4881, Drift: 2,024, Error reduction coefficient: 0,03780, Error: 0,3333 s
abr 04, 2013 12:33:20 PM org.ros.time.RemoteUptimeClock update
INFO: Latency: 7,0000 s, Delta ratio: 0,4762, Drift: 2,062, Error reduction coefficient: 0,06646, Error: 0,5957 s
abr 04, 2013 12:33:20 PM org.ros.time.RemoteUptimeClock update
INFO: Latency: 7,0000 s, Delta ratio: 0,4762, Drift: 2,081, Error reduction coefficient: 0,04178, Error: 0,4239 s
abr 04, 2013 12:33:20 PM org.ros.time.RemoteUptimeClock update
INFO: Latency: 7,0000 s, Delta ratio: 0,4762, Drift: 2,091, Error reduction coefficient: 0,02516, Error: 0,2702 s
abr 04, 2013 12:33:20 PM org.ros.time.RemoteUptimeClock update
INFO: Latency: 7,0000 s, Delta ratio: 0,4762, Drift: 2,095, Error reduction coefficient: 0,01476, Error: 0,1646 s
abr 04, 2013 12:33:20 PM org.ros.time.RemoteUptimeClock update
INFO: Latency: 7,0000 s, Delta ratio: 0,4762, Drift: 2,098, Error reduction coefficient: 0,008490, Error: 0,0972 s
abr 04, 2013 12:33:20 PM org.ros.time.RemoteUptimeClock update
INFO: Latency: 7,0000 s, Delta ratio: 0,4762, Drift: 2,099, Error reduction coefficient: 0,004811, Error: 0,0562 s
abr 04, 2013 12:33:20 PM org.ros.time.RemoteUptimeClock update
INFO: Latency: 7,0000 s, Delta ratio: 0,4762, Drift: 2,099, Error reduction coefficient: 0,002692, Error: 0,0319 s
abr 04, 2013 12:33:20 PM org.ros.time.RemoteUptimeClock update
INFO: Latency: 7,0000 s, Delta ratio: 0,4762, Drift: 2,100, Error reduction coefficient: 0,001491, Error: 0,0179 s
abr 04, 2013 12:33:20 PM org.ros.time.RemoteUptimeClock update
INFO: Latency: 7,0000 s, Delta ratio: 0,4762, Drift: 2,100, Error reduction coefficient: 0,0008186, Error: 0,0099 s
abr 04, 2013 12:33:20 PM org.ros.time.RemoteUptimeClock update
INFO: Latency: 7,0000 s, Delta ratio: 0,4762, Drift: 2,100, Error reduction coefficient: 0,0004460, Error: 0,0055 s
]]></system-err>
</testsuite>
