<?xml version="1.0" encoding="UTF-8"?>
<testsuite errors="0" failures="0" hostname="ubuntu-pc" name="org.ros.math.UnsignedTest" tests="3" time="0.003" timestamp="2013-04-04T10:33:30">
  <properties />
  <testcase classname="org.ros.math.UnsignedTest" name="testIntToLong" time="0.001" />
  <testcase classname="org.ros.math.UnsignedTest" name="testShortToInt" time="0.001" />
  <testcase classname="org.ros.math.UnsignedTest" name="testByteToShort" time="0.0" />
  <system-out><![CDATA[]]></system-out>
  <system-err><![CDATA[]]></system-err>
</testsuite>
