<?xml version="1.0" encoding="UTF-8"?>
<testsuite errors="0" failures="0" hostname="ubuntu-pc" name="org.ros.concurrent.CircularBlockingDequeTest" tests="5" time="0.011" timestamp="2013-04-04T10:33:30">
  <properties />
  <testcase classname="org.ros.concurrent.CircularBlockingDequeTest" name="testAddAndTake" time="0.001" />
  <testcase classname="org.ros.concurrent.CircularBlockingDequeTest" name="testAddFirstAndTakeLast" time="0.0" />
  <testcase classname="org.ros.concurrent.CircularBlockingDequeTest" name="testOverwrite" time="0.0" />
  <testcase classname="org.ros.concurrent.CircularBlockingDequeTest" name="testIterator" time="0.001" />
  <testcase classname="org.ros.concurrent.CircularBlockingDequeTest" name="testBlockingTake" time="0.008" />
  <system-out><![CDATA[]]></system-out>
  <system-err><![CDATA[]]></system-err>
</testsuite>
