<?xml version="1.0" encoding="UTF-8"?>
<testsuite errors="0" failures="0" hostname="ubuntu-pc" name="org.ros.namespace.NameResolverTest" tests="3" time="0.007" timestamp="2013-04-04T10:33:30">
  <properties />
  <testcase classname="org.ros.namespace.NameResolverTest" name="testResolveNameOneArg" time="0.0" />
  <testcase classname="org.ros.namespace.NameResolverTest" name="testResolveNameTwoArg" time="0.0" />
  <testcase classname="org.ros.namespace.NameResolverTest" name="testResolveNameRemapping" time="0.003" />
  <system-out><![CDATA[]]></system-out>
  <system-err><![CDATA[]]></system-err>
</testsuite>
