<?xml version="1.0" encoding="UTF-8"?>
<testsuite errors="0" failures="0" hostname="ubuntu-pc" name="org.ros.internal.node.DefaultNodeTest" tests="7" time="5.992" timestamp="2013-04-04T10:33:22">
  <properties />
  <testcase classname="org.ros.internal.node.DefaultNodeTest" name="testCreatePublic" time="0.235" />
  <testcase classname="org.ros.internal.node.DefaultNodeTest" name="testCreatePublicWithIpv4" time="0.045" />
  <testcase classname="org.ros.internal.node.DefaultNodeTest" name="testCreatePublicWithIpv6" time="0.05" />
  <testcase classname="org.ros.internal.node.DefaultNodeTest" name="testCreatePrivate" time="0.029" />
  <testcase classname="org.ros.internal.node.DefaultNodeTest" name="testRegistration" time="0.082" />
  <testcase classname="org.ros.internal.node.DefaultNodeTest" name="testResolveName" time="0.079" />
  <testcase classname="org.ros.internal.node.DefaultNodeTest" name="testPublicAddresses" time="5.468" />
  <system-out><![CDATA[]]></system-out>
  <system-err><![CDATA[abr 04, 2013 12:33:22 PM org.ros.internal.node.client.Registrar <init>
INFO: MasterXmlRpcEndpoint URI: http://127.0.0.1:56549/
abr 04, 2013 12:33:22 PM org.ros.internal.node.client.Registrar onPublisherAdded
INFO: Registering publisher: Publisher<PublisherDefinition<PublisherIdentifier<NodeIdentifier</node, http://ubuntu-pc:49721/>, TopicIdentifier</rosout>>, Topic<TopicIdentifier</rosout>, TopicDescription<rosgraph_msgs/Log, acffd30cd6b6de30f120938c17c593fb>>>>
abr 04, 2013 12:33:22 PM org.ros.internal.node.client.Registrar callMaster
INFO: Response<Success, Success, []>
abr 04, 2013 12:33:22 PM org.ros.internal.node.topic.DefaultPublisher$1 onMasterRegistrationSuccess
INFO: Publisher registered: Publisher<PublisherDefinition<PublisherIdentifier<NodeIdentifier</node, http://ubuntu-pc:49721/>, TopicIdentifier</rosout>>, Topic<TopicIdentifier</rosout>, TopicDescription<rosgraph_msgs/Log, acffd30cd6b6de30f120938c17c593fb>>>>
abr 04, 2013 12:33:22 PM org.ros.internal.node.client.Registrar onPublisherRemoved
INFO: Unregistering publisher: Publisher<PublisherDefinition<PublisherIdentifier<NodeIdentifier</node, http://ubuntu-pc:49721/>, TopicIdentifier</rosout>>, Topic<TopicIdentifier</rosout>, TopicDescription<rosgraph_msgs/Log, acffd30cd6b6de30f120938c17c593fb>>>>
abr 04, 2013 12:33:22 PM org.ros.internal.node.client.Registrar callMaster
INFO: Response<Success, Success, 1>
abr 04, 2013 12:33:22 PM org.ros.internal.node.topic.DefaultPublisher$1 onMasterUnregistrationSuccess
INFO: Publisher unregistered: Publisher<PublisherDefinition<PublisherIdentifier<NodeIdentifier</node, http://ubuntu-pc:49721/>, TopicIdentifier</rosout>>, Topic<TopicIdentifier</rosout>, TopicDescription<rosgraph_msgs/Log, acffd30cd6b6de30f120938c17c593fb>>>>
abr 04, 2013 12:33:22 PM org.ros.node.DefaultNodeMainExecutor safelyShutdownNode
INFO: Shutdown successful.
abr 04, 2013 12:33:22 PM org.ros.internal.node.client.Registrar <init>
INFO: MasterXmlRpcEndpoint URI: http://127.0.0.1:34787/
abr 04, 2013 12:33:22 PM org.ros.internal.node.client.Registrar onPublisherAdded
INFO: Registering publisher: Publisher<PublisherDefinition<PublisherIdentifier<NodeIdentifier</node, http://1.2.3.4:36023/>, TopicIdentifier</rosout>>, Topic<TopicIdentifier</rosout>, TopicDescription<rosgraph_msgs/Log, acffd30cd6b6de30f120938c17c593fb>>>>
abr 04, 2013 12:33:22 PM org.ros.internal.node.client.Registrar callMaster
INFO: Response<Success, Success, []>
abr 04, 2013 12:33:22 PM org.ros.internal.node.topic.DefaultPublisher$1 onMasterRegistrationSuccess
INFO: Publisher registered: Publisher<PublisherDefinition<PublisherIdentifier<NodeIdentifier</node, http://1.2.3.4:36023/>, TopicIdentifier</rosout>>, Topic<TopicIdentifier</rosout>, TopicDescription<rosgraph_msgs/Log, acffd30cd6b6de30f120938c17c593fb>>>>
abr 04, 2013 12:33:22 PM org.ros.internal.node.client.Registrar onPublisherRemoved
INFO: Unregistering publisher: Publisher<PublisherDefinition<PublisherIdentifier<NodeIdentifier</node, http://1.2.3.4:36023/>, TopicIdentifier</rosout>>, Topic<TopicIdentifier</rosout>, TopicDescription<rosgraph_msgs/Log, acffd30cd6b6de30f120938c17c593fb>>>>
abr 04, 2013 12:33:22 PM org.ros.internal.node.client.Registrar callMaster
INFO: Response<Success, Success, 1>
abr 04, 2013 12:33:22 PM org.ros.internal.node.topic.DefaultPublisher$1 onMasterUnregistrationSuccess
INFO: Publisher unregistered: Publisher<PublisherDefinition<PublisherIdentifier<NodeIdentifier</node, http://1.2.3.4:36023/>, TopicIdentifier</rosout>>, Topic<TopicIdentifier</rosout>, TopicDescription<rosgraph_msgs/Log, acffd30cd6b6de30f120938c17c593fb>>>>
abr 04, 2013 12:33:22 PM org.ros.node.DefaultNodeMainExecutor safelyShutdownNode
INFO: Shutdown successful.
abr 04, 2013 12:33:22 PM org.ros.internal.node.client.Registrar <init>
INFO: MasterXmlRpcEndpoint URI: http://127.0.0.1:33678/
abr 04, 2013 12:33:22 PM org.ros.internal.node.client.Registrar onPublisherAdded
INFO: Registering publisher: Publisher<PublisherDefinition<PublisherIdentifier<NodeIdentifier</node, http://[2001:0db8:85a3:0000:0000:8a2e:0370:7334]:59524/>, TopicIdentifier</rosout>>, Topic<TopicIdentifier</rosout>, TopicDescription<rosgraph_msgs/Log, acffd30cd6b6de30f120938c17c593fb>>>>
abr 04, 2013 12:33:22 PM org.ros.internal.node.client.Registrar callMaster
INFO: Response<Success, Success, []>
abr 04, 2013 12:33:22 PM org.ros.internal.node.topic.DefaultPublisher$1 onMasterRegistrationSuccess
INFO: Publisher registered: Publisher<PublisherDefinition<PublisherIdentifier<NodeIdentifier</node, http://[2001:0db8:85a3:0000:0000:8a2e:0370:7334]:59524/>, TopicIdentifier</rosout>>, Topic<TopicIdentifier</rosout>, TopicDescription<rosgraph_msgs/Log, acffd30cd6b6de30f120938c17c593fb>>>>
abr 04, 2013 12:33:22 PM org.ros.internal.node.client.Registrar onPublisherRemoved
INFO: Unregistering publisher: Publisher<PublisherDefinition<PublisherIdentifier<NodeIdentifier</node, http://[2001:0db8:85a3:0000:0000:8a2e:0370:7334]:59524/>, TopicIdentifier</rosout>>, Topic<TopicIdentifier</rosout>, TopicDescription<rosgraph_msgs/Log, acffd30cd6b6de30f120938c17c593fb>>>>
abr 04, 2013 12:33:22 PM org.ros.internal.node.client.Registrar callMaster
INFO: Response<Success, Success, 1>
abr 04, 2013 12:33:22 PM org.ros.internal.node.topic.DefaultPublisher$1 onMasterUnregistrationSuccess
INFO: Publisher unregistered: Publisher<PublisherDefinition<PublisherIdentifier<NodeIdentifier</node, http://[2001:0db8:85a3:0000:0000:8a2e:0370:7334]:59524/>, TopicIdentifier</rosout>>, Topic<TopicIdentifier</rosout>, TopicDescription<rosgraph_msgs/Log, acffd30cd6b6de30f120938c17c593fb>>>>
abr 04, 2013 12:33:22 PM org.ros.node.DefaultNodeMainExecutor safelyShutdownNode
INFO: Shutdown successful.
abr 04, 2013 12:33:22 PM org.ros.internal.node.client.Registrar <init>
INFO: MasterXmlRpcEndpoint URI: http://127.0.0.1:59541/
abr 04, 2013 12:33:22 PM org.ros.internal.node.client.Registrar onPublisherAdded
INFO: Registering publisher: Publisher<PublisherDefinition<PublisherIdentifier<NodeIdentifier</node, http://127.0.0.1:38617/>, TopicIdentifier</rosout>>, Topic<TopicIdentifier</rosout>, TopicDescription<rosgraph_msgs/Log, acffd30cd6b6de30f120938c17c593fb>>>>
abr 04, 2013 12:33:22 PM org.ros.internal.node.client.Registrar callMaster
INFO: Response<Success, Success, []>
abr 04, 2013 12:33:22 PM org.ros.internal.node.topic.DefaultPublisher$1 onMasterRegistrationSuccess
INFO: Publisher registered: Publisher<PublisherDefinition<PublisherIdentifier<NodeIdentifier</node, http://127.0.0.1:38617/>, TopicIdentifier</rosout>>, Topic<TopicIdentifier</rosout>, TopicDescription<rosgraph_msgs/Log, acffd30cd6b6de30f120938c17c593fb>>>>
abr 04, 2013 12:33:22 PM org.ros.internal.node.client.Registrar <init>
INFO: MasterXmlRpcEndpoint URI: http://127.0.0.1:60399/
abr 04, 2013 12:33:22 PM org.ros.internal.node.client.Registrar onPublisherAdded
INFO: Registering publisher: Publisher<PublisherDefinition<PublisherIdentifier<NodeIdentifier</node, http://127.0.0.1:48929/>, TopicIdentifier</rosout>>, Topic<TopicIdentifier</rosout>, TopicDescription<rosgraph_msgs/Log, acffd30cd6b6de30f120938c17c593fb>>>>
abr 04, 2013 12:33:22 PM org.ros.internal.node.client.Registrar callMaster
INFO: Response<Success, Success, []>
abr 04, 2013 12:33:22 PM org.ros.internal.node.topic.DefaultPublisher$1 onMasterRegistrationSuccess
INFO: Publisher registered: Publisher<PublisherDefinition<PublisherIdentifier<NodeIdentifier</node, http://127.0.0.1:48929/>, TopicIdentifier</rosout>>, Topic<TopicIdentifier</rosout>, TopicDescription<rosgraph_msgs/Log, acffd30cd6b6de30f120938c17c593fb>>>>
abr 04, 2013 12:33:22 PM org.ros.internal.node.client.Registrar onPublisherAdded
INFO: Registering publisher: Publisher<PublisherDefinition<PublisherIdentifier<NodeIdentifier</node, http://127.0.0.1:48929/>, TopicIdentifier</foo>>, Topic<TopicIdentifier</foo>, TopicDescription<std_msgs/String, 992ce8a1687cec8c8bd883ec73ca41d1>>>>
abr 04, 2013 12:33:22 PM org.ros.internal.node.client.Registrar onSubscriberAdded
INFO: Registering subscriber: Subscriber<Topic<TopicIdentifier</foo>, TopicDescription<std_msgs/String, 992ce8a1687cec8c8bd883ec73ca41d1>>>
abr 04, 2013 12:33:22 PM org.ros.internal.node.client.Registrar callMaster
INFO: Response<Success, Success, []>
abr 04, 2013 12:33:22 PM org.ros.internal.node.topic.DefaultSubscriber$1 onMasterRegistrationSuccess
INFO: Subscriber registered: Subscriber<Topic<TopicIdentifier</foo>, TopicDescription<std_msgs/String, 992ce8a1687cec8c8bd883ec73ca41d1>>>
abr 04, 2013 12:33:22 PM org.ros.internal.node.client.Registrar callMaster
INFO: Response<Success, Success, [http://127.0.0.1:48929/]>
abr 04, 2013 12:33:22 PM org.ros.internal.node.topic.DefaultPublisher$1 onMasterRegistrationSuccess
INFO: Publisher registered: Publisher<PublisherDefinition<PublisherIdentifier<NodeIdentifier</node, http://127.0.0.1:48929/>, TopicIdentifier</foo>>, Topic<TopicIdentifier</foo>, TopicDescription<std_msgs/String, 992ce8a1687cec8c8bd883ec73ca41d1>>>>
abr 04, 2013 12:33:22 PM org.ros.internal.node.client.Registrar onPublisherRemoved
INFO: Unregistering publisher: Publisher<PublisherDefinition<PublisherIdentifier<NodeIdentifier</node, http://127.0.0.1:48929/>, TopicIdentifier</rosout>>, Topic<TopicIdentifier</rosout>, TopicDescription<rosgraph_msgs/Log, acffd30cd6b6de30f120938c17c593fb>>>>
abr 04, 2013 12:33:22 PM org.ros.internal.node.client.Registrar onPublisherRemoved
INFO: Unregistering publisher: Publisher<PublisherDefinition<PublisherIdentifier<NodeIdentifier</node, http://127.0.0.1:48929/>, TopicIdentifier</foo>>, Topic<TopicIdentifier</foo>, TopicDescription<std_msgs/String, 992ce8a1687cec8c8bd883ec73ca41d1>>>>
abr 04, 2013 12:33:22 PM org.ros.internal.node.client.Registrar onSubscriberRemoved
INFO: Unregistering subscriber: Subscriber<Topic<TopicIdentifier</foo>, TopicDescription<std_msgs/String, 992ce8a1687cec8c8bd883ec73ca41d1>>>
abr 04, 2013 12:33:22 PM org.ros.internal.node.topic.UpdatePublisherRunnable run
SEVERE: org.ros.exception.RemoteException: No publishers for topic: /foo
abr 04, 2013 12:33:22 PM org.ros.internal.node.client.Registrar callMaster
INFO: Response<Success, Success, 1>
abr 04, 2013 12:33:22 PM org.ros.internal.node.topic.DefaultPublisher$1 onMasterUnregistrationSuccess
INFO: Publisher unregistered: Publisher<PublisherDefinition<PublisherIdentifier<NodeIdentifier</node, http://127.0.0.1:48929/>, TopicIdentifier</rosout>>, Topic<TopicIdentifier</rosout>, TopicDescription<rosgraph_msgs/Log, acffd30cd6b6de30f120938c17c593fb>>>>
abr 04, 2013 12:33:22 PM org.ros.internal.node.client.Registrar callMaster
INFO: Response<Success, Success, 1>
abr 04, 2013 12:33:22 PM org.ros.internal.node.client.Registrar callMaster
INFO: Response<Success, Success, 1>
abr 04, 2013 12:33:22 PM org.ros.internal.node.topic.DefaultPublisher$1 onMasterUnregistrationSuccess
INFO: Publisher unregistered: Publisher<PublisherDefinition<PublisherIdentifier<NodeIdentifier</node, http://127.0.0.1:48929/>, TopicIdentifier</foo>>, Topic<TopicIdentifier</foo>, TopicDescription<std_msgs/String, 992ce8a1687cec8c8bd883ec73ca41d1>>>>
abr 04, 2013 12:33:22 PM org.ros.node.DefaultNodeMainExecutor safelyShutdownNode
INFO: Shutdown successful.
abr 04, 2013 12:33:22 PM org.ros.internal.node.client.Registrar <init>
INFO: MasterXmlRpcEndpoint URI: http://127.0.0.1:48589/
abr 04, 2013 12:33:22 PM org.ros.internal.node.client.Registrar onPublisherAdded
INFO: Registering publisher: Publisher<PublisherDefinition<PublisherIdentifier<NodeIdentifier</ns1/test_resolver, http://127.0.0.1:49254/>, TopicIdentifier</rosout>>, Topic<TopicIdentifier</rosout>, TopicDescription<rosgraph_msgs/Log, acffd30cd6b6de30f120938c17c593fb>>>>
abr 04, 2013 12:33:22 PM org.ros.internal.node.client.Registrar callMaster
INFO: Response<Success, Success, []>
abr 04, 2013 12:33:22 PM org.ros.internal.node.topic.DefaultPublisher$1 onMasterRegistrationSuccess
INFO: Publisher registered: Publisher<PublisherDefinition<PublisherIdentifier<NodeIdentifier</ns1/test_resolver, http://127.0.0.1:49254/>, TopicIdentifier</rosout>>, Topic<TopicIdentifier</rosout>, TopicDescription<rosgraph_msgs/Log, acffd30cd6b6de30f120938c17c593fb>>>>
abr 04, 2013 12:33:22 PM org.ros.internal.node.client.Registrar onPublisherAdded
INFO: Registering publisher: Publisher<PublisherDefinition<PublisherIdentifier<NodeIdentifier</ns1/test_resolver, http://127.0.0.1:49254/>, TopicIdentifier</ns1/pub>>, Topic<TopicIdentifier</ns1/pub>, TopicDescription<std_msgs/Int64, 34add168574510e6e17f5d23ecc077ef>>>>
abr 04, 2013 12:33:22 PM org.ros.internal.node.client.Registrar onPublisherAdded
INFO: Registering publisher: Publisher<PublisherDefinition<PublisherIdentifier<NodeIdentifier</ns1/test_resolver, http://127.0.0.1:49254/>, TopicIdentifier</pub>>, Topic<TopicIdentifier</pub>, TopicDescription<std_msgs/Int64, 34add168574510e6e17f5d23ecc077ef>>>>
abr 04, 2013 12:33:22 PM org.ros.internal.node.client.Registrar onPublisherAdded
INFO: Registering publisher: Publisher<PublisherDefinition<PublisherIdentifier<NodeIdentifier</ns1/test_resolver, http://127.0.0.1:49254/>, TopicIdentifier</ns1/test_resolver/pub>>, Topic<TopicIdentifier</ns1/test_resolver/pub>, TopicDescription<std_msgs/Int64, 34add168574510e6e17f5d23ecc077ef>>>>
abr 04, 2013 12:33:22 PM org.ros.internal.node.client.Registrar callMaster
INFO: Response<Success, Success, []>
abr 04, 2013 12:33:22 PM org.ros.internal.node.topic.DefaultPublisher$1 onMasterRegistrationSuccess
INFO: Publisher registered: Publisher<PublisherDefinition<PublisherIdentifier<NodeIdentifier</ns1/test_resolver, http://127.0.0.1:49254/>, TopicIdentifier</pub>>, Topic<TopicIdentifier</pub>, TopicDescription<std_msgs/Int64, 34add168574510e6e17f5d23ecc077ef>>>>
abr 04, 2013 12:33:22 PM org.ros.internal.node.client.Registrar onSubscriberAdded
INFO: Registering subscriber: Subscriber<Topic<TopicIdentifier</ns1/sub>, TopicDescription<std_msgs/Int64, 34add168574510e6e17f5d23ecc077ef>>>
abr 04, 2013 12:33:22 PM org.ros.internal.node.client.Registrar onSubscriberAdded
INFO: Registering subscriber: Subscriber<Topic<TopicIdentifier</sub>, TopicDescription<std_msgs/Int64, 34add168574510e6e17f5d23ecc077ef>>>
abr 04, 2013 12:33:22 PM org.ros.internal.node.client.Registrar onSubscriberAdded
INFO: Registering subscriber: Subscriber<Topic<TopicIdentifier</ns1/test_resolver/sub>, TopicDescription<std_msgs/Int64, 34add168574510e6e17f5d23ecc077ef>>>
abr 04, 2013 12:33:22 PM org.ros.internal.node.client.Registrar onPublisherRemoved
INFO: Unregistering publisher: Publisher<PublisherDefinition<PublisherIdentifier<NodeIdentifier</ns1/test_resolver, http://127.0.0.1:49254/>, TopicIdentifier</ns1/test_resolver/pub>>, Topic<TopicIdentifier</ns1/test_resolver/pub>, TopicDescription<std_msgs/Int64, 34add168574510e6e17f5d23ecc077ef>>>>
abr 04, 2013 12:33:22 PM org.ros.internal.node.client.Registrar callMaster
INFO: Response<Success, Success, []>
abr 04, 2013 12:33:22 PM org.ros.internal.node.topic.DefaultSubscriber$1 onMasterRegistrationSuccess
INFO: Subscriber registered: Subscriber<Topic<TopicIdentifier</ns1/sub>, TopicDescription<std_msgs/Int64, 34add168574510e6e17f5d23ecc077ef>>>
abr 04, 2013 12:33:22 PM org.ros.internal.node.client.Registrar callMaster
INFO: Response<Success, Success, []>
abr 04, 2013 12:33:22 PM org.ros.internal.node.topic.DefaultPublisher$1 onMasterRegistrationSuccess
INFO: Publisher registered: Publisher<PublisherDefinition<PublisherIdentifier<NodeIdentifier</ns1/test_resolver, http://127.0.0.1:49254/>, TopicIdentifier</ns1/pub>>, Topic<TopicIdentifier</ns1/pub>, TopicDescription<std_msgs/Int64, 34add168574510e6e17f5d23ecc077ef>>>>
abr 04, 2013 12:33:22 PM org.ros.internal.node.client.Registrar callMaster
INFO: Response<Success, Success, []>
abr 04, 2013 12:33:22 PM org.ros.internal.node.topic.DefaultPublisher$1 onMasterRegistrationSuccess
INFO: Publisher registered: Publisher<PublisherDefinition<PublisherIdentifier<NodeIdentifier</ns1/test_resolver, http://127.0.0.1:49254/>, TopicIdentifier</ns1/test_resolver/pub>>, Topic<TopicIdentifier</ns1/test_resolver/pub>, TopicDescription<std_msgs/Int64, 34add168574510e6e17f5d23ecc077ef>>>>
abr 04, 2013 12:33:22 PM org.ros.internal.node.client.Registrar callMaster
INFO: Response<Success, Success, []>
abr 04, 2013 12:33:22 PM org.ros.internal.node.client.Registrar callMaster
INFO: Response<Success, Success, []>
abr 04, 2013 12:33:22 PM org.ros.internal.node.topic.DefaultSubscriber$1 onMasterRegistrationSuccess
INFO: Subscriber registered: Subscriber<Topic<TopicIdentifier</sub>, TopicDescription<std_msgs/Int64, 34add168574510e6e17f5d23ecc077ef>>>
abr 04, 2013 12:33:22 PM org.ros.internal.node.client.Registrar onPublisherRemoved
INFO: Unregistering publisher: Publisher<PublisherDefinition<PublisherIdentifier<NodeIdentifier</ns1/test_resolver, http://127.0.0.1:49254/>, TopicIdentifier</ns1/pub>>, Topic<TopicIdentifier</ns1/pub>, TopicDescription<std_msgs/Int64, 34add168574510e6e17f5d23ecc077ef>>>>
abr 04, 2013 12:33:22 PM org.ros.internal.node.topic.DefaultSubscriber$1 onMasterRegistrationSuccess
INFO: Subscriber registered: Subscriber<Topic<TopicIdentifier</ns1/test_resolver/sub>, TopicDescription<std_msgs/Int64, 34add168574510e6e17f5d23ecc077ef>>>
abr 04, 2013 12:33:22 PM org.ros.internal.node.client.Registrar onPublisherRemoved
INFO: Unregistering publisher: Publisher<PublisherDefinition<PublisherIdentifier<NodeIdentifier</ns1/test_resolver, http://127.0.0.1:49254/>, TopicIdentifier</rosout>>, Topic<TopicIdentifier</rosout>, TopicDescription<rosgraph_msgs/Log, acffd30cd6b6de30f120938c17c593fb>>>>
abr 04, 2013 12:33:22 PM org.ros.internal.node.client.Registrar onPublisherRemoved
INFO: Unregistering publisher: Publisher<PublisherDefinition<PublisherIdentifier<NodeIdentifier</ns1/test_resolver, http://127.0.0.1:49254/>, TopicIdentifier</pub>>, Topic<TopicIdentifier</pub>, TopicDescription<std_msgs/Int64, 34add168574510e6e17f5d23ecc077ef>>>>
abr 04, 2013 12:33:22 PM org.ros.internal.node.client.Registrar callMaster
INFO: Response<Success, Success, 1>
abr 04, 2013 12:33:22 PM org.ros.internal.node.topic.DefaultPublisher$1 onMasterUnregistrationSuccess
INFO: Publisher unregistered: Publisher<PublisherDefinition<PublisherIdentifier<NodeIdentifier</ns1/test_resolver, http://127.0.0.1:49254/>, TopicIdentifier</ns1/pub>>, Topic<TopicIdentifier</ns1/pub>, TopicDescription<std_msgs/Int64, 34add168574510e6e17f5d23ecc077ef>>>>
abr 04, 2013 12:33:22 PM org.ros.internal.node.client.Registrar callMaster
INFO: Response<Success, Success, 1>
abr 04, 2013 12:33:22 PM org.ros.internal.node.topic.DefaultPublisher$1 onMasterUnregistrationSuccess
INFO: Publisher unregistered: Publisher<PublisherDefinition<PublisherIdentifier<NodeIdentifier</ns1/test_resolver, http://127.0.0.1:49254/>, TopicIdentifier</pub>>, Topic<TopicIdentifier</pub>, TopicDescription<std_msgs/Int64, 34add168574510e6e17f5d23ecc077ef>>>>
abr 04, 2013 12:33:22 PM org.ros.internal.node.client.Registrar callMaster
INFO: Response<Success, Success, 1>
abr 04, 2013 12:33:22 PM org.ros.internal.node.topic.DefaultPublisher$1 onMasterUnregistrationSuccess
INFO: Publisher unregistered: Publisher<PublisherDefinition<PublisherIdentifier<NodeIdentifier</ns1/test_resolver, http://127.0.0.1:49254/>, TopicIdentifier</rosout>>, Topic<TopicIdentifier</rosout>, TopicDescription<rosgraph_msgs/Log, acffd30cd6b6de30f120938c17c593fb>>>>
abr 04, 2013 12:33:22 PM org.ros.internal.node.client.Registrar onSubscriberRemoved
INFO: Unregistering subscriber: Subscriber<Topic<TopicIdentifier</sub>, TopicDescription<std_msgs/Int64, 34add168574510e6e17f5d23ecc077ef>>>
abr 04, 2013 12:33:22 PM org.ros.internal.node.client.Registrar onSubscriberRemoved
INFO: Unregistering subscriber: Subscriber<Topic<TopicIdentifier</ns1/sub>, TopicDescription<std_msgs/Int64, 34add168574510e6e17f5d23ecc077ef>>>
abr 04, 2013 12:33:22 PM org.ros.internal.node.client.Registrar callMaster
INFO: Response<Success, Success, 1>
abr 04, 2013 12:33:22 PM org.ros.internal.node.topic.DefaultPublisher$1 onMasterUnregistrationSuccess
INFO: Publisher unregistered: Publisher<PublisherDefinition<PublisherIdentifier<NodeIdentifier</ns1/test_resolver, http://127.0.0.1:49254/>, TopicIdentifier</ns1/test_resolver/pub>>, Topic<TopicIdentifier</ns1/test_resolver/pub>, TopicDescription<std_msgs/Int64, 34add168574510e6e17f5d23ecc077ef>>>>
abr 04, 2013 12:33:22 PM org.ros.internal.node.client.Registrar callMaster
INFO: Response<Success, Success, 1>
abr 04, 2013 12:33:22 PM org.ros.internal.node.client.Registrar onSubscriberRemoved
INFO: Unregistering subscriber: Subscriber<Topic<TopicIdentifier</ns1/test_resolver/sub>, TopicDescription<std_msgs/Int64, 34add168574510e6e17f5d23ecc077ef>>>
abr 04, 2013 12:33:22 PM org.ros.internal.node.client.Registrar callMaster
INFO: Response<Success, Success, 1>
abr 04, 2013 12:33:22 PM org.ros.internal.node.client.Registrar callMaster
INFO: Response<Success, Success, 1>
abr 04, 2013 12:33:22 PM org.ros.node.DefaultNodeMainExecutor safelyShutdownNode
INFO: Shutdown successful.
abr 04, 2013 12:33:22 PM org.ros.internal.node.client.Registrar <init>
INFO: MasterXmlRpcEndpoint URI: http://ubuntu-pc.local:42301/
abr 04, 2013 12:33:22 PM org.ros.internal.node.client.Registrar onPublisherAdded
INFO: Registering publisher: Publisher<PublisherDefinition<PublisherIdentifier<NodeIdentifier</test_addresses, http://ubuntu-pc.local:60332/>, TopicIdentifier</rosout>>, Topic<TopicIdentifier</rosout>, TopicDescription<rosgraph_msgs/Log, acffd30cd6b6de30f120938c17c593fb>>>>
abr 04, 2013 12:33:22 PM org.ros.internal.node.client.Registrar callMaster
INFO: Response<Success, Success, []>
abr 04, 2013 12:33:22 PM org.ros.internal.node.topic.DefaultPublisher$1 onMasterRegistrationSuccess
INFO: Publisher registered: Publisher<PublisherDefinition<PublisherIdentifier<NodeIdentifier</test_addresses, http://ubuntu-pc.local:60332/>, TopicIdentifier</rosout>>, Topic<TopicIdentifier</rosout>, TopicDescription<rosgraph_msgs/Log, acffd30cd6b6de30f120938c17c593fb>>>>
abr 04, 2013 12:33:22 PM org.ros.internal.node.client.Registrar onPublisherAdded
INFO: Registering publisher: Publisher<PublisherDefinition<PublisherIdentifier<NodeIdentifier</test_addresses, http://ubuntu-pc.local:60332/>, TopicIdentifier</test_addresses_pub>>, Topic<TopicIdentifier</test_addresses_pub>, TopicDescription<std_msgs/Int64, 34add168574510e6e17f5d23ecc077ef>>>>
abr 04, 2013 12:33:22 PM org.ros.internal.node.client.Registrar callMaster
INFO: Response<Success, Success, []>
abr 04, 2013 12:33:22 PM org.ros.internal.node.topic.DefaultPublisher$1 onMasterRegistrationSuccess
INFO: Publisher registered: Publisher<PublisherDefinition<PublisherIdentifier<NodeIdentifier</test_addresses, http://ubuntu-pc.local:60332/>, TopicIdentifier</test_addresses_pub>>, Topic<TopicIdentifier</test_addresses_pub>, TopicDescription<std_msgs/Int64, 34add168574510e6e17f5d23ecc077ef>>>>
abr 04, 2013 12:33:26 PM org.apache.commons.httpclient.HttpMethodDirector executeWithRetry
INFO: I/O exception (java.net.ConnectException) caught when processing request: Conexión rehusada
abr 04, 2013 12:33:26 PM org.apache.commons.httpclient.HttpMethodDirector executeWithRetry
INFO: Retrying request
abr 04, 2013 12:33:26 PM org.apache.commons.httpclient.HttpMethodDirector executeWithRetry
INFO: I/O exception (java.net.ConnectException) caught when processing request: Conexión rehusada
abr 04, 2013 12:33:26 PM org.apache.commons.httpclient.HttpMethodDirector executeWithRetry
INFO: Retrying request
abr 04, 2013 12:33:26 PM org.apache.commons.httpclient.HttpMethodDirector executeWithRetry
INFO: I/O exception (java.net.ConnectException) caught when processing request: Conexión rehusada
abr 04, 2013 12:33:26 PM org.apache.commons.httpclient.HttpMethodDirector executeWithRetry
INFO: Retrying request
abr 04, 2013 12:33:26 PM org.ros.internal.node.client.Registrar callMaster
SEVERE: Exception caught while communicating with master.
java.lang.RuntimeException: java.net.ConnectException: Conexión rehusada
	at org.ros.internal.node.xmlrpc.XmlRpcClientFactory$1.invoke(XmlRpcClientFactory.java:157)
	at sun.proxy.$Proxy11.registerPublisher(Unknown Source)
	at org.ros.internal.node.client.MasterClient.registerPublisher(MasterClient.java:144)
	at org.ros.internal.node.client.Registrar$1$1.call(Registrar.java:138)
	at org.ros.internal.node.client.Registrar$1$1.call(Registrar.java:135)
	at org.ros.internal.node.client.Registrar.callMaster(Registrar.java:111)
	at org.ros.internal.node.client.Registrar.access$100(Registrar.java:51)
	at org.ros.internal.node.client.Registrar$1.call(Registrar.java:135)
	at org.ros.internal.node.client.Registrar$1.call(Registrar.java:132)
	at java.util.concurrent.FutureTask$Sync.innerRun(FutureTask.java:334)
	at java.util.concurrent.FutureTask.run(FutureTask.java:166)
	at java.util.concurrent.Executors$RunnableAdapter.call(Executors.java:471)
	at java.util.concurrent.FutureTask$Sync.innerRun(FutureTask.java:334)
	at java.util.concurrent.FutureTask.run(FutureTask.java:166)
	at java.util.concurrent.ThreadPoolExecutor.runWorker(ThreadPoolExecutor.java:1145)
	at java.util.concurrent.ThreadPoolExecutor$Worker.run(ThreadPoolExecutor.java:615)
	at java.lang.Thread.run(Thread.java:722)
Caused by: java.net.ConnectException: Conexión rehusada
	at java.net.PlainSocketImpl.socketConnect(Native Method)
	at java.net.AbstractPlainSocketImpl.doConnect(AbstractPlainSocketImpl.java:339)
	at java.net.AbstractPlainSocketImpl.connectToAddress(AbstractPlainSocketImpl.java:200)
	at java.net.AbstractPlainSocketImpl.connect(AbstractPlainSocketImpl.java:182)
	at java.net.SocksSocketImpl.connect(SocksSocketImpl.java:391)
	at java.net.Socket.connect(Socket.java:579)
	at sun.reflect.GeneratedMethodAccessor12.invoke(Unknown Source)
	at sun.reflect.DelegatingMethodAccessorImpl.invoke(DelegatingMethodAccessorImpl.java:43)
	at java.lang.reflect.Method.invoke(Method.java:601)
	at org.apache.commons.httpclient.protocol.ReflectionSocketFactory.createSocket(ReflectionSocketFactory.java:140)
	at org.apache.commons.httpclient.protocol.DefaultProtocolSocketFactory.createSocket(DefaultProtocolSocketFactory.java:125)
	at org.apache.commons.httpclient.HttpConnection.open(HttpConnection.java:707)
	at org.apache.commons.httpclient.HttpMethodDirector.executeWithRetry(HttpMethodDirector.java:387)
	at org.apache.commons.httpclient.HttpMethodDirector.executeMethod(HttpMethodDirector.java:171)
	at org.apache.commons.httpclient.HttpClient.executeMethod(HttpClient.java:397)
	at org.apache.commons.httpclient.HttpClient.executeMethod(HttpClient.java:323)
	at org.apache.xmlrpc.client.XmlRpcCommonsTransport.writeRequest(XmlRpcCommonsTransport.java:227)
	at org.apache.xmlrpc.client.XmlRpcStreamTransport.sendRequest(XmlRpcStreamTransport.java:151)
	at org.apache.xmlrpc.client.XmlRpcHttpTransport.sendRequest(XmlRpcHttpTransport.java:143)
	at org.apache.xmlrpc.client.XmlRpcClientWorker$1.run(XmlRpcClientWorker.java:80)
	... 1 more

abr 04, 2013 12:33:26 PM org.ros.internal.node.topic.DefaultPublisher$1 onMasterRegistrationFailure
INFO: Publisher registration failed: Publisher<PublisherDefinition<PublisherIdentifier<NodeIdentifier</subscriber, http://127.0.0.1:53728/>, TopicIdentifier</rosout>>, Topic<TopicIdentifier</rosout>, TopicDescription<rosgraph_msgs/Log, acffd30cd6b6de30f120938c17c593fb>>>>
abr 04, 2013 12:33:28 PM org.ros.internal.node.client.Registrar onPublisherRemoved
INFO: Unregistering publisher: Publisher<PublisherDefinition<PublisherIdentifier<NodeIdentifier</test_addresses, http://ubuntu-pc.local:60332/>, TopicIdentifier</test_addresses_pub>>, Topic<TopicIdentifier</test_addresses_pub>, TopicDescription<std_msgs/Int64, 34add168574510e6e17f5d23ecc077ef>>>>
abr 04, 2013 12:33:28 PM org.ros.internal.node.client.Registrar onPublisherRemoved
INFO: Unregistering publisher: Publisher<PublisherDefinition<PublisherIdentifier<NodeIdentifier</test_addresses, http://ubuntu-pc.local:60332/>, TopicIdentifier</rosout>>, Topic<TopicIdentifier</rosout>, TopicDescription<rosgraph_msgs/Log, acffd30cd6b6de30f120938c17c593fb>>>>
abr 04, 2013 12:33:28 PM org.ros.internal.node.client.Registrar callMaster
INFO: Response<Success, Success, 1>
abr 04, 2013 12:33:28 PM org.ros.internal.node.topic.DefaultPublisher$1 onMasterUnregistrationSuccess
INFO: Publisher unregistered: Publisher<PublisherDefinition<PublisherIdentifier<NodeIdentifier</test_addresses, http://ubuntu-pc.local:60332/>, TopicIdentifier</test_addresses_pub>>, Topic<TopicIdentifier</test_addresses_pub>, TopicDescription<std_msgs/Int64, 34add168574510e6e17f5d23ecc077ef>>>>
abr 04, 2013 12:33:28 PM org.ros.internal.node.client.Registrar callMaster
INFO: Response<Success, Success, 1>
abr 04, 2013 12:33:28 PM org.ros.internal.node.topic.DefaultPublisher$1 onMasterUnregistrationSuccess
INFO: Publisher unregistered: Publisher<PublisherDefinition<PublisherIdentifier<NodeIdentifier</test_addresses, http://ubuntu-pc.local:60332/>, TopicIdentifier</rosout>>, Topic<TopicIdentifier</rosout>, TopicDescription<rosgraph_msgs/Log, acffd30cd6b6de30f120938c17c593fb>>>>
abr 04, 2013 12:33:28 PM org.ros.node.DefaultNodeMainExecutor safelyShutdownNode
INFO: Shutdown successful.
]]></system-err>
</testsuite>
