<?xml version="1.0" encoding="UTF-8"?>
<testsuite errors="0" failures="0" hostname="ubuntu-pc" name="org.ros.internal.message.MessageInterfaceBuilderTest" tests="1" time="0.018" timestamp="2013-04-04T10:33:38">
  <properties />
  <testcase classname="org.ros.internal.message.MessageInterfaceBuilderTest" name="testDuplicateFieldNames" time="0.016" />
  <system-out><![CDATA[]]></system-out>
  <system-err><![CDATA[]]></system-err>
</testsuite>
