<?xml version="1.0" encoding="UTF-8"?>
<testsuite errors="0" failures="0" hostname="ubuntu-pc" name="org.ros.message.TimeTest" tests="5" time="0.01" timestamp="2013-04-04T10:33:38">
  <properties />
  <testcase classname="org.ros.message.TimeTest" name="testConstructor" time="0.002" />
  <testcase classname="org.ros.message.TimeTest" name="testIsZero" time="0.001" />
  <testcase classname="org.ros.message.TimeTest" name="testComparable" time="0.0" />
  <testcase classname="org.ros.message.TimeTest" name="testFromMillis" time="0.001" />
  <testcase classname="org.ros.message.TimeTest" name="testNormalize" time="0.0" />
  <system-out><![CDATA[]]></system-out>
  <system-err><![CDATA[]]></system-err>
</testsuite>
