<?xml version="1.0" encoding="UTF-8"?>
<testsuite errors="0" failures="0" hostname="ubuntu-pc" name="org.ros.message.DurationTest" tests="4" time="0.004" timestamp="2013-04-04T10:33:38">
  <properties />
  <testcase classname="org.ros.message.DurationTest" name="testConstructor" time="0.0" />
  <testcase classname="org.ros.message.DurationTest" name="testIsZero" time="0.0" />
  <testcase classname="org.ros.message.DurationTest" name="testComparable" time="0.0" />
  <testcase classname="org.ros.message.DurationTest" name="testNormalize" time="0.0" />
  <system-out><![CDATA[]]></system-out>
  <system-err><![CDATA[]]></system-err>
</testsuite>
